Changed value of parameter MIPGap to 0.05
   Prev: 0.0001  Min: 0.0  Max: 1e+100  Default: 0.0001
Changed value of parameter TimeLimit to 1800.0
   Prev: 1e+100  Min: 0.0  Max: 1e+100  Default: 1e+100
Changed value of parameter Method to 2
   Prev: -1  Min: -1  Max: 4  Default: -1
Changed value of parameter MIPFocus to 1
   Prev: 0  Min: 0  Max: 3  Default: 0
Optimize a model with 10206 rows, 53383 columns and 106766 nonzeros
Variable types: 0 continuous, 53383 integer (53383 binary)
Coefficient statistics:
  Matrix range     [1e+00, 2e+01]
  Objective range  [1e+00, 1e+00]
  Bounds range     [1e+00, 1e+00]
  RHS range        [8e+01, 8e+01]
Found heuristic solution: objective 0
Presolve time: 0.22s
Presolved: 10206 rows, 53383 columns, 106766 nonzeros
Variable types: 0 continuous, 53383 integer (53383 binary)
Presolved: 10206 rows, 53383 columns, 106766 nonzeros

Root barrier log...

Ordering time: 0.01s

Barrier statistics:
 AA' NZ     : 5.338e+04
 Factor NZ  : 2.304e+05 (roughly 30 MBytes of memory)
 Factor Ops : 3.800e+07 (less than 1 second per iteration)
 Threads    : 1

                  Objective                Residual
Iter       Primal          Dual         Primal    Dual     Compl     Time
   0  -2.70846609e+04 -4.12847897e+04  1.45e+02 0.00e+00  3.59e+00     0s
   1  -9.47611108e+03 -3.20090862e+04  3.36e+01 6.66e-16  8.79e-01     0s
   2  -4.58822853e+03 -1.47544570e+04  5.99e+00 1.55e-15  1.71e-01     0s
   3  -3.47564140e+03 -5.75511574e+03  5.60e-02 1.33e-15  2.16e-02     0s
   4  -3.55613071e+03 -3.94293908e+03  1.15e-02 1.33e-15  3.65e-03     0s
   5  -3.58072022e+03 -3.75456167e+03  6.46e-03 6.66e-16  1.64e-03     0s
   6  -3.59104707e+03 -3.68108855e+03  4.67e-03 5.77e-16  8.55e-04     1s
   7  -3.59842800e+03 -3.64841913e+03  3.52e-03 6.66e-16  4.78e-04     1s
   8  -3.60407417e+03 -3.63614542e+03  2.57e-03 4.44e-16  3.07e-04     1s
   9  -3.60701413e+03 -3.62761511e+03  2.09e-03 5.99e-16  1.99e-04     1s
  10  -3.61226010e+03 -3.62244637e+03  1.26e-03 6.66e-16  9.90e-05     1s
  11  -3.61563955e+03 -3.62079131e+03  7.13e-04 6.66e-16  5.03e-05     1s
  12  -3.61708190e+03 -3.62020561e+03  4.54e-04 6.66e-16  3.06e-05     1s
  13  -3.61895433e+03 -3.61987270e+03  1.24e-04 5.45e-16  8.96e-06     1s
  14  -3.61959090e+03 -3.61976681e+03  1.06e-05 4.74e-16  1.67e-06     1s
  15  -3.61965452e+03 -3.61965803e+03  1.61e-08 6.66e-16  3.28e-08     1s
  16  -3.61965501e+03 -3.61965502e+03  4.10e-14 8.88e-16  3.28e-11     1s

Barrier solved model in 16 iterations and 0.78 seconds
Optimal objective -3.61965501e+03


Root relaxation: objective -3.619655e+03, 37786 iterations, 0.80 seconds

    Nodes    |    Current Node    |     Objective Bounds      |     Work
 Expl Unexpl |  Obj  Depth IntInf | Incumbent    BestBd   Gap | It/Node Time

     0     0 -3619.6550    0  523    0.00000 -3619.6550      -     -    1s
H    0     0                    -3566.000000 -3619.6550  1.50%     -    1s

Explored 0 nodes (48132 simplex iterations) in 1.95 seconds
Thread count was 20 (of 20 available processors)

Solution count 2: -3566 0 
Pool objective bound -3619

Optimal solution found (tolerance 5.00e-02)
Best objective -3.566000000000e+03, best bound -3.619000000000e+03, gap 1.4863%
Changed value of parameter MIPGap to 0.05
   Prev: 0.0001  Min: 0.0  Max: 1e+100  Default: 0.0001
Changed value of parameter TimeLimit to 1800.0
   Prev: 1e+100  Min: 0.0  Max: 1e+100  Default: 1e+100
Changed value of parameter Method to 2
   Prev: -1  Min: -1  Max: 4  Default: -1
Changed value of parameter MIPFocus to 1
   Prev: 0  Min: 0  Max: 3  Default: 0
Optimize a model with 10206 rows, 53383 columns and 106766 nonzeros
Variable types: 0 continuous, 53383 integer (53383 binary)
Coefficient statistics:
  Matrix range     [1e+00, 2e+01]
  Objective range  [1e+00, 1e+00]
  Bounds range     [1e+00, 1e+00]
  RHS range        [8e+01, 8e+01]
Found heuristic solution: objective 0
Presolve time: 0.24s
Presolved: 10206 rows, 53383 columns, 106766 nonzeros
Variable types: 0 continuous, 53383 integer (53383 binary)
Presolved: 10206 rows, 53383 columns, 106766 nonzeros

Root barrier log...

Ordering time: 0.01s

Barrier statistics:
 AA' NZ     : 5.338e+04
 Factor NZ  : 2.304e+05 (roughly 30 MBytes of memory)
 Factor Ops : 3.800e+07 (less than 1 second per iteration)
 Threads    : 1

                  Objective                Residual
Iter       Primal          Dual         Primal    Dual     Compl     Time
   0  -2.71209924e+04 -4.13076181e+04  1.45e+02 2.22e-16  3.59e+00     0s
   1  -9.48776833e+03 -3.20280604e+04  3.36e+01 8.88e-16  8.79e-01     0s
   2  -4.59371224e+03 -1.47639979e+04  5.99e+00 1.11e-15  1.71e-01     0s
   3  -3.47932543e+03 -5.76022720e+03  5.67e-02 1.33e-15  2.16e-02     0s
   4  -3.55962275e+03 -3.94819024e+03  1.17e-02 7.63e-16  3.67e-03     0s
   5  -3.58429560e+03 -3.75880685e+03  6.55e-03 6.66e-16  1.65e-03     0s
   6  -3.59463450e+03 -3.68491388e+03  4.73e-03 6.66e-16  8.57e-04     1s
   7  -3.60200288e+03 -3.65197698e+03  3.57e-03 6.66e-16  4.78e-04     1s
   8  -3.60750727e+03 -3.63985217e+03  2.63e-03 6.66e-16  3.10e-04     1s
   9  -3.61062142e+03 -3.63115264e+03  2.11e-03 6.66e-16  1.98e-04     1s
  10  -3.61580888e+03 -3.62600849e+03  1.29e-03 6.66e-16  9.92e-05     1s
  11  -3.61986303e+03 -3.62420011e+03  6.28e-04 6.66e-16  4.25e-05     1s
  12  -3.62217995e+03 -3.62373839e+03  1.89e-04 6.66e-16  1.51e-05     1s
  13  -3.62264357e+03 -3.62342858e+03  1.04e-04 6.66e-16  7.66e-06     1s
  14  -3.62289284e+03 -3.62332964e+03  5.90e-05 6.66e-16  4.26e-06     1s
  15  -3.62302675e+03 -3.62329166e+03  3.60e-05 6.66e-16  2.59e-06     1s
  16  -3.62309412e+03 -3.62325859e+03  2.36e-05 6.66e-16  1.61e-06     1s
  17  -3.62310581e+03 -3.62325209e+03  2.16e-05 7.29e-16  1.43e-06     1s
  18  -3.62313123e+03 -3.62324306e+03  1.70e-05 6.66e-16  1.10e-06     1s
  19  -3.62317412e+03 -3.62323654e+03  9.75e-06 4.64e-16  6.14e-07     1s
  20  -3.62319163e+03 -3.62323293e+03  6.57e-06 6.32e-16  4.06e-07     1s
  21  -3.62320361e+03 -3.62323134e+03  4.43e-06 7.60e-16  2.73e-07     1s
  22  -3.62320929e+03 -3.62322836e+03  3.18e-06 6.78e-16  1.88e-07     1s
  23  -3.62321524e+03 -3.62322636e+03  1.88e-06 6.66e-16  1.10e-07     1s
  24  -3.62322249e+03 -3.62322505e+03  3.20e-07 4.44e-16  2.50e-08     1s
  25  -3.62322395e+03 -3.62322409e+03  1.45e-08 6.66e-16  1.30e-09     1s
  26  -3.62322403e+03 -3.62322403e+03  4.68e-12 6.76e-16  1.19e-12     1s

Barrier solved model in 26 iterations and 1.05 seconds
Optimal objective -3.62322403e+03


Root relaxation: objective -3.623224e+03, 36396 iterations, 1.03 seconds

    Nodes    |    Current Node    |     Objective Bounds      |     Work
 Expl Unexpl |  Obj  Depth IntInf | Incumbent    BestBd   Gap | It/Node Time

     0     0 -3623.2240    0  448    0.00000 -3623.2240      -     -    2s
H    0     0                    -3577.510805 -3623.2240  1.28%     -    2s

Explored 0 nodes (50615 simplex iterations) in 2.13 seconds
Thread count was 20 (of 20 available processors)

Solution count 2: -3577.51 0 
Pool objective bound -3623.22

Optimal solution found (tolerance 5.00e-02)
Best objective -3.577510805000e+03, best bound -3.623224031076e+03, gap 1.2778%
Changed value of parameter MIPGap to 0.05
   Prev: 0.0001  Min: 0.0  Max: 1e+100  Default: 0.0001
Changed value of parameter TimeLimit to 1800.0
   Prev: 1e+100  Min: 0.0  Max: 1e+100  Default: 1e+100
Changed value of parameter Method to 2
   Prev: -1  Min: -1  Max: 4  Default: -1
Changed value of parameter MIPFocus to 1
   Prev: 0  Min: 0  Max: 3  Default: 0
Optimize a model with 10206 rows, 53383 columns and 106766 nonzeros
Variable types: 0 continuous, 53383 integer (53383 binary)
Coefficient statistics:
  Matrix range     [1e+00, 2e+01]
  Objective range  [1e+00, 1e+00]
  Bounds range     [1e+00, 1e+00]
  RHS range        [8e+01, 8e+01]
Found heuristic solution: objective 0
Presolve time: 0.23s
Presolved: 10206 rows, 53383 columns, 106766 nonzeros
Variable types: 0 continuous, 53383 integer (53383 binary)
Presolved: 10206 rows, 53383 columns, 106766 nonzeros

Root barrier log...

Ordering time: 0.01s

Barrier statistics:
 AA' NZ     : 5.338e+04
 Factor NZ  : 2.304e+05 (roughly 30 MBytes of memory)
 Factor Ops : 3.800e+07 (less than 1 second per iteration)
 Threads    : 1

                  Objective                Residual
Iter       Primal          Dual         Primal    Dual     Compl     Time
   0  -2.71573239e+04 -4.13304465e+04  1.45e+02 2.22e-16  3.59e+00     0s
   1  -9.49943085e+03 -3.20470347e+04  3.36e+01 8.88e-16  8.80e-01     0s
   2  -4.59919772e+03 -1.47735443e+04  5.99e+00 9.99e-16  1.71e-01     0s
   3  -3.48296547e+03 -5.76534726e+03  5.73e-02 1.11e-15  2.16e-02     0s
   4  -3.56311286e+03 -3.95336703e+03  1.19e-02 7.63e-16  3.68e-03     0s
   5  -3.58786898e+03 -3.76281949e+03  6.61e-03 6.66e-16  1.65e-03     0s
   6  -3.59820154e+03 -3.68868399e+03  4.78e-03 6.66e-16  8.59e-04     1s
   7  -3.60553811e+03 -3.65551601e+03  3.60e-03 6.66e-16  4.78e-04     1s
   8  -3.61092383e+03 -3.64355060e+03  2.68e-03 4.44e-16  3.13e-04     1s
   9  -3.61422993e+03 -3.63465281e+03  2.12e-03 5.70e-16  1.97e-04     1s
  10  -3.61930200e+03 -3.62941407e+03  1.31e-03 5.98e-16  9.85e-05     1s
  11  -3.62339489e+03 -3.62825340e+03  5.97e-04 6.66e-16  4.72e-05     1s
  12  -3.62522385e+03 -3.62761386e+03  2.70e-04 7.23e-16  2.32e-05     1s
  13  -3.62589025e+03 -3.62712326e+03  1.55e-04 4.79e-16  1.20e-05     1s
  14  -3.62627015e+03 -3.62700121e+03  8.86e-05 5.04e-16  7.10e-06     1s
  15  -3.62650016e+03 -3.62690045e+03  5.02e-05 7.50e-16  3.89e-06     1s
  16  -3.62662572e+03 -3.62684927e+03  3.09e-05 7.09e-16  2.18e-06     1s
  17  -3.62670213e+03 -3.62682621e+03  1.70e-05 6.66e-16  1.21e-06     1s
  18  -3.62672573e+03 -3.62681636e+03  1.25e-05 8.88e-16  8.86e-07     1s
  19  -3.62673166e+03 -3.62681260e+03  1.14e-05 6.66e-16  7.92e-07     1s
  20  -3.62675901e+03 -3.62680459e+03  6.28e-06 4.44e-16  4.45e-07     1s
  21  -3.62676757e+03 -3.62680082e+03  4.70e-06 5.25e-16  3.25e-07     1s
  22  -3.62677767e+03 -3.62679581e+03  2.90e-06 7.56e-16  1.79e-07     1s
  23  -3.62679213e+03 -3.62679385e+03  1.62e-07 5.66e-16  1.66e-08     1s
  24  -3.62679296e+03 -3.62679309e+03  1.62e-08 7.30e-16  1.32e-09     1s
  25  -3.62679305e+03 -3.62679305e+03  1.60e-13 6.66e-16  4.15e-12     1s

Barrier solved model in 25 iterations and 1.01 seconds
Optimal objective -3.62679305e+03


Root relaxation: objective -3.626793e+03, 36470 iterations, 1.00 seconds

    Nodes    |    Current Node    |     Objective Bounds      |     Work
 Expl Unexpl |  Obj  Depth IntInf | Incumbent    BestBd   Gap | It/Node Time

     0     0 -3626.7930    0  416    0.00000 -3626.7930      -     -    1s
H    0     0                    -3584.037560 -3626.7930  1.19%     -    1s

Explored 0 nodes (54571 simplex iterations) in 1.92 seconds
Thread count was 20 (of 20 available processors)

Solution count 2: -3584.04 0 
Pool objective bound -3626.79

Optimal solution found (tolerance 5.00e-02)
Best objective -3.584037560000e+03, best bound -3.626793049620e+03, gap 1.1929%
Changed value of parameter MIPGap to 0.05
   Prev: 0.0001  Min: 0.0  Max: 1e+100  Default: 0.0001
Changed value of parameter TimeLimit to 1800.0
   Prev: 1e+100  Min: 0.0  Max: 1e+100  Default: 1e+100
Changed value of parameter Method to 2
   Prev: -1  Min: -1  Max: 4  Default: -1
Changed value of parameter MIPFocus to 1
   Prev: 0  Min: 0  Max: 3  Default: 0
Optimize a model with 10206 rows, 53383 columns and 106766 nonzeros
Variable types: 0 continuous, 53383 integer (53383 binary)
Coefficient statistics:
  Matrix range     [1e+00, 2e+01]
  Objective range  [1e+00, 1e+00]
  Bounds range     [1e+00, 1e+00]
  RHS range        [8e+01, 8e+01]
Found heuristic solution: objective 0
Presolve time: 0.22s
Presolved: 10206 rows, 53383 columns, 106766 nonzeros
Variable types: 0 continuous, 53383 integer (53383 binary)
Presolved: 10206 rows, 53383 columns, 106766 nonzeros

Root barrier log...

Ordering time: 0.01s

Barrier statistics:
 AA' NZ     : 5.338e+04
 Factor NZ  : 2.304e+05 (roughly 30 MBytes of memory)
 Factor Ops : 3.800e+07 (less than 1 second per iteration)
 Threads    : 1

                  Objective                Residual
Iter       Primal          Dual         Primal    Dual     Compl     Time
   0  -2.72299868e+04 -4.13761034e+04  1.45e+02 2.22e-16  3.60e+00     0s
   1  -9.52277169e+03 -3.20849832e+04  3.36e+01 7.77e-16  8.81e-01     0s
   2  -4.61017324e+03 -1.47926539e+04  6.00e+00 1.22e-15  1.71e-01     0s
   3  -3.49023306e+03 -5.77588991e+03  5.82e-02 1.55e-15  2.17e-02     0s
   4  -3.57009445e+03 -3.96335795e+03  1.21e-02 7.23e-16  3.71e-03     0s
   5  -3.59500810e+03 -3.77024382e+03  6.72e-03 8.88e-16  1.66e-03     0s
   6  -3.60528537e+03 -3.69607671e+03  4.87e-03 6.66e-16  8.63e-04     0s
   7  -3.61258945e+03 -3.66252749e+03  3.68e-03 6.66e-16  4.78e-04     1s
   8  -3.61775599e+03 -3.65083473e+03  2.78e-03 5.48e-16  3.17e-04     1s
   9  -3.62144174e+03 -3.64159161e+03  2.14e-03 4.83e-16  1.95e-04     1s
  10  -3.62654999e+03 -3.63671605e+03  1.31e-03 6.66e-16  9.90e-05     1s
  11  -3.63039849e+03 -3.63555274e+03  6.32e-04 6.66e-16  5.01e-05     1s
  12  -3.63177566e+03 -3.63478096e+03  3.83e-04 6.66e-16  2.93e-05     1s
  13  -3.63252377e+03 -3.63438090e+03  2.49e-04 5.17e-16  1.81e-05     1s
  14  -3.63292069e+03 -3.63416062e+03  1.79e-04 6.66e-16  1.21e-05     1s
  15  -3.63325942e+03 -3.63406853e+03  1.21e-04 5.43e-16  7.93e-06     1s
  16  -3.63353756e+03 -3.63399433e+03  7.67e-05 5.12e-16  4.51e-06     1s
  17  -3.63368805e+03 -3.63396509e+03  4.71e-05 6.66e-16  2.74e-06     1s
  18  -3.63374109e+03 -3.63396115e+03  3.67e-05 5.14e-16  2.17e-06     1s
  19  -3.63375957e+03 -3.63395882e+03  3.31e-05 6.66e-16  1.97e-06     1s
  20  -3.63383918e+03 -3.63394923e+03  1.76e-05 6.66e-16  1.08e-06     1s
  21  -3.63387954e+03 -3.63394061e+03  1.06e-05 6.66e-16  6.04e-07     1s
  22  -3.63392506e+03 -3.63393326e+03  1.18e-06 6.66e-16  8.03e-08     1s
  23  -3.63393060e+03 -3.63393126e+03  8.98e-08 8.88e-16  6.46e-09     1s
  24  -3.63393108e+03 -3.63393109e+03  4.52e-10 5.11e-16  2.67e-11     1s

Barrier solved model in 24 iterations and 0.97 seconds
Optimal objective -3.63393108e+03


Root relaxation: objective -3.633931e+03, 36630 iterations, 0.98 seconds

    Nodes    |    Current Node    |     Objective Bounds      |     Work
 Expl Unexpl |  Obj  Depth IntInf | Incumbent    BestBd   Gap | It/Node Time

     0     0 -3633.9311    0  416    0.00000 -3633.9311      -     -    1s
H    0     0                    -3589.040100 -3633.9311  1.25%     -    1s

Explored 0 nodes (53442 simplex iterations) in 1.96 seconds
Thread count was 20 (of 20 available processors)

Solution count 2: -3589.04 0 
Pool objective bound -3633.93

Optimal solution found (tolerance 5.00e-02)
Best objective -3.589040100000e+03, best bound -3.633931086709e+03, gap 1.2508%
Changed value of parameter MIPGap to 0.05
   Prev: 0.0001  Min: 0.0  Max: 1e+100  Default: 0.0001
Changed value of parameter TimeLimit to 1800.0
   Prev: 1e+100  Min: 0.0  Max: 1e+100  Default: 1e+100
Changed value of parameter Method to 2
   Prev: -1  Min: -1  Max: 4  Default: -1
Changed value of parameter MIPFocus to 1
   Prev: 0  Min: 0  Max: 3  Default: 0
Optimize a model with 10206 rows, 53383 columns and 106766 nonzeros
Variable types: 0 continuous, 53383 integer (53383 binary)
Coefficient statistics:
  Matrix range     [1e+00, 2e+01]
  Objective range  [1e+00, 1e+00]
  Bounds range     [1e+00, 1e+00]
  RHS range        [8e+01, 8e+01]
Found heuristic solution: objective 0
Presolve time: 0.20s
Presolved: 10206 rows, 53383 columns, 106766 nonzeros
Variable types: 0 continuous, 53383 integer (53383 binary)
Presolved: 10206 rows, 53383 columns, 106766 nonzeros

Root barrier log...

Ordering time: 0.01s

Barrier statistics:
 AA' NZ     : 5.338e+04
 Factor NZ  : 2.304e+05 (roughly 30 MBytes of memory)
 Factor Ops : 3.800e+07 (less than 1 second per iteration)
 Threads    : 1

                  Objective                Residual
Iter       Primal          Dual         Primal    Dual     Compl     Time
   0  -2.73753123e+04 -4.14674171e+04  1.45e+02 0.00e+00  3.60e+00     0s
   1  -9.56951648e+03 -3.21608807e+04  3.36e+01 7.77e-16  8.82e-01     0s
   2  -4.63214241e+03 -1.48309394e+04  6.01e+00 1.11e-15  1.71e-01     0s
   3  -3.50473725e+03 -5.73887000e+03  5.99e-02 1.11e-15  2.12e-02     0s
   4  -3.58440272e+03 -3.99871856e+03  1.36e-02 8.88e-16  3.91e-03     0s
   5  -3.60671482e+03 -3.78771728e+03  8.17e-03 6.66e-16  1.72e-03     0s
   6  -3.61768126e+03 -3.71186466e+03  5.91e-03 6.96e-16  8.98e-04     0s
   7  -3.62537668e+03 -3.67668632e+03  4.49e-03 8.88e-16  4.93e-04     0s
   8  -3.63047962e+03 -3.66588555e+03  3.48e-03 6.66e-16  3.41e-04     1s
   9  -3.63507763e+03 -3.65617910e+03  2.57e-03 6.66e-16  2.05e-04     1s
  10  -3.64072631e+03 -3.65167670e+03  1.52e-03 5.33e-16  1.07e-04     1s
  11  -3.64315885e+03 -3.64947240e+03  1.05e-03 5.79e-16  6.23e-05     1s
  12  -3.64479394e+03 -3.64896364e+03  7.07e-04 8.88e-16  4.12e-05     1s
  13  -3.64577888e+03 -3.64870187e+03  5.03e-04 4.44e-16  2.89e-05     1s
  14  -3.64654617e+03 -3.64854405e+03  3.43e-04 5.77e-16  1.97e-05     1s
  15  -3.64714559e+03 -3.64840871e+03  2.30e-04 6.66e-16  1.25e-05     1s
  16  -3.64750450e+03 -3.64834426e+03  1.57e-04 6.66e-16  8.34e-06     1s
  17  -3.64774193e+03 -3.64827008e+03  1.05e-04 6.66e-16  5.27e-06     1s
  18  -3.64784600e+03 -3.64826054e+03  8.15e-05 4.54e-16  4.13e-06     1s
  19  -3.64793740e+03 -3.64824944e+03  6.07e-05 4.71e-16  3.11e-06     1s
  20  -3.64802474e+03 -3.64823197e+03  4.08e-05 6.51e-16  2.06e-06     1s
  21  -3.64808061e+03 -3.64822174e+03  2.82e-05 4.44e-16  1.41e-06     1s
  22  -3.64819096e+03 -3.64820978e+03  3.53e-06 5.13e-16  1.87e-07     1s
  23  -3.64820678e+03 -3.64820786e+03  6.52e-08 6.72e-16  1.03e-08     1s
  24  -3.64820716e+03 -3.64820716e+03  8.05e-11 6.66e-16  6.25e-12     1s

Barrier solved model in 24 iterations and 0.93 seconds
Optimal objective -3.64820716e+03


Root relaxation: objective -3.648207e+03, 36439 iterations, 0.92 seconds

    Nodes    |    Current Node    |     Objective Bounds      |     Work
 Expl Unexpl |  Obj  Depth IntInf | Incumbent    BestBd   Gap | It/Node Time

     0     0 -3648.2072    0  506    0.00000 -3648.2072      -     -    1s
H    0     0                    -3601.060880 -3648.2072  1.31%     -    1s

Explored 0 nodes (48120 simplex iterations) in 1.88 seconds
Thread count was 20 (of 20 available processors)

Solution count 2: -3601.06 0 
Pool objective bound -3648.21

Optimal solution found (tolerance 5.00e-02)
Best objective -3.601060880000e+03, best bound -3.648207160887e+03, gap 1.3092%
Changed value of parameter MIPGap to 0.05
   Prev: 0.0001  Min: 0.0  Max: 1e+100  Default: 0.0001
Changed value of parameter TimeLimit to 1800.0
   Prev: 1e+100  Min: 0.0  Max: 1e+100  Default: 1e+100
Changed value of parameter Method to 2
   Prev: -1  Min: -1  Max: 4  Default: -1
Changed value of parameter MIPFocus to 1
   Prev: 0  Min: 0  Max: 3  Default: 0
Optimize a model with 10206 rows, 53383 columns and 106766 nonzeros
Variable types: 0 continuous, 53383 integer (53383 binary)
Coefficient statistics:
  Matrix range     [1e+00, 2e+01]
  Objective range  [1e+00, 1e+00]
  Bounds range     [1e+00, 1e+00]
  RHS range        [8e+01, 8e+01]
Found heuristic solution: objective 0
Presolve time: 0.20s
Presolved: 10206 rows, 53383 columns, 106766 nonzeros
Variable types: 0 continuous, 53383 integer (53383 binary)
Presolved: 10206 rows, 53383 columns, 106766 nonzeros

Root barrier log...

Ordering time: 0.01s

Barrier statistics:
 AA' NZ     : 5.338e+04
 Factor NZ  : 2.304e+05 (roughly 30 MBytes of memory)
 Factor Ops : 3.800e+07 (less than 1 second per iteration)
 Threads    : 1

                  Objective                Residual
Iter       Primal          Dual         Primal    Dual     Compl     Time
   0  -2.74479749e+04 -4.15130740e+04  1.45e+02 0.00e+00  3.61e+00     0s
   1  -9.59292036e+03 -3.21988296e+04  3.36e+01 7.77e-16  8.83e-01     0s
   2  -4.64313955e+03 -1.48501150e+04  6.01e+00 1.39e-15  1.72e-01     0s
   3  -3.51200734e+03 -5.74999940e+03  6.08e-02 1.11e-15  2.12e-02     0s
   4  -3.59143793e+03 -4.00761640e+03  1.39e-02 8.88e-16  3.93e-03     0s
   5  -3.61394078e+03 -3.79384483e+03  8.27e-03 6.66e-16  1.71e-03     0s
   6  -3.62471361e+03 -3.71899816e+03  6.02e-03 8.88e-16  8.99e-04     0s
   7  -3.63241592e+03 -3.68352721e+03  4.58e-03 6.66e-16  4.91e-04     0s
   8  -3.63732637e+03 -3.67301281e+03  3.59e-03 6.66e-16  3.44e-04     1s
   9  -3.64229257e+03 -3.66323219e+03  2.59e-03 6.66e-16  2.04e-04     1s
  10  -3.64779892e+03 -3.65886568e+03  1.56e-03 6.66e-16  1.08e-04     1s
  11  -3.65019203e+03 -3.65669951e+03  1.09e-03 5.52e-16  6.42e-05     1s
  12  -3.65180052e+03 -3.65626965e+03  7.47e-04 5.27e-16  4.41e-05     1s
  13  -3.65267914e+03 -3.65584714e+03  5.62e-04 6.66e-16  3.14e-05     1s
  14  -3.65329522e+03 -3.65568372e+03  4.31e-04 6.66e-16  2.37e-05     1s
  15  -3.65352565e+03 -3.65562092e+03  3.88e-04 8.88e-16  2.08e-05     1s
  16  -3.65425084e+03 -3.65554287e+03  2.55e-04 6.66e-16  1.29e-05     1s
  17  -3.65479908e+03 -3.65546466e+03  1.30e-04 4.44e-16  6.63e-06     1s
  18  -3.65493010e+03 -3.65541306e+03  9.87e-05 6.66e-16  4.82e-06     1s
  19  -3.65500501e+03 -3.65540159e+03  8.05e-05 6.66e-16  3.96e-06     1s
  20  -3.65514482e+03 -3.65538254e+03  4.72e-05 6.14e-16  2.37e-06     1s
  21  -3.65524694e+03 -3.65536017e+03  2.47e-05 5.57e-16  1.14e-06     1s
  22  -3.65533918e+03 -3.65535035e+03  1.15e-06 6.66e-16  1.08e-07     1s
  23  -3.65534476e+03 -3.65534549e+03  7.02e-08 8.88e-16  7.01e-09     1s
  24  -3.65534520e+03 -3.65534520e+03  1.88e-10 1.11e-15  1.77e-11     1s

Barrier solved model in 24 iterations and 0.91 seconds
Optimal objective -3.65534520e+03


Root relaxation: objective -3.655345e+03, 36487 iterations, 0.90 seconds

    Nodes    |    Current Node    |     Objective Bounds      |     Work
 Expl Unexpl |  Obj  Depth IntInf | Incumbent    BestBd   Gap | It/Node Time

     0     0 -3655.3452    0  681    0.00000 -3655.3452      -     -    1s
H    0     0                    -3585.774250 -3655.3452  1.94%     -    1s

Explored 0 nodes (42971 simplex iterations) in 1.80 seconds
Thread count was 20 (of 20 available processors)

Solution count 2: -3585.77 0 
Pool objective bound -3655.35

Optimal solution found (tolerance 5.00e-02)
Best objective -3.585774250000e+03, best bound -3.655345197976e+03, gap 1.9402%
Changed value of parameter MIPGap to 0.05
   Prev: 0.0001  Min: 0.0  Max: 1e+100  Default: 0.0001
Changed value of parameter TimeLimit to 1800.0
   Prev: 1e+100  Min: 0.0  Max: 1e+100  Default: 1e+100
Changed value of parameter Method to 2
   Prev: -1  Min: -1  Max: 4  Default: -1
Changed value of parameter MIPFocus to 1
   Prev: 0  Min: 0  Max: 3  Default: 0
Optimize a model with 10206 rows, 53383 columns and 106766 nonzeros
Variable types: 0 continuous, 53383 integer (53383 binary)
Coefficient statistics:
  Matrix range     [1e+00, 2e+01]
  Objective range  [1e+00, 1e+00]
  Bounds range     [1e+00, 1e+00]
  RHS range        [8e+01, 8e+01]
Found heuristic solution: objective 0
Presolve time: 0.19s
Presolved: 10206 rows, 53383 columns, 106766 nonzeros
Variable types: 0 continuous, 53383 integer (53383 binary)
Presolved: 10206 rows, 53383 columns, 106766 nonzeros

Root barrier log...

Ordering time: 0.01s

Barrier statistics:
 AA' NZ     : 5.338e+04
 Factor NZ  : 2.304e+05 (roughly 30 MBytes of memory)
 Factor Ops : 3.800e+07 (less than 1 second per iteration)
 Threads    : 1

                  Objective                Residual
Iter       Primal          Dual         Primal    Dual     Compl     Time
   0  -2.78112864e+04 -4.17413583e+04  1.45e+02 0.00e+00  3.62e+00     0s
   1  -9.71025340e+03 -3.23885744e+04  3.36e+01 6.66e-16  8.87e-01     0s
   2  -4.69821128e+03 -1.49463150e+04  6.04e+00 1.28e-15  1.73e-01     0s
   3  -3.54913773e+03 -5.82612707e+03  6.93e-02 1.11e-15  2.16e-02     0s
   4  -3.62662720e+03 -4.04117943e+03  1.60e-02 1.11e-15  3.92e-03     0s
   5  -3.64990473e+03 -3.88272368e+03  9.38e-03 6.66e-16  2.20e-03     0s
   6  -3.66507037e+03 -3.77605813e+03  5.60e-03 6.66e-16  1.05e-03     0s
   7  -3.67223774e+03 -3.72895728e+03  4.08e-03 6.66e-16  5.42e-04     0s
   8  -3.67678210e+03 -3.71223860e+03  3.07e-03 5.94e-16  3.41e-04     1s
   9  -3.68025297e+03 -3.69995486e+03  2.31e-03 5.50e-16  1.91e-04     1s
  10  -3.68448035e+03 -3.69357120e+03  1.49e-03 6.66e-16  8.96e-05     1s
  11  -3.68652017e+03 -3.69224251e+03  1.07e-03 5.23e-16  5.68e-05     1s
  12  -3.68742020e+03 -3.69167830e+03  8.53e-04 8.88e-16  4.25e-05     1s
  13  -3.68850819e+03 -3.69150081e+03  5.97e-04 6.66e-16  2.98e-05     1s
  14  -3.68901418e+03 -3.69136480e+03  4.76e-04 5.47e-16  2.35e-05     1s
  15  -3.68981774e+03 -3.69126523e+03  3.02e-04 4.89e-16  1.45e-05     1s
  16  -3.69032216e+03 -3.69114914e+03  1.78e-04 7.43e-16  8.29e-06     1s
  17  -3.69053981e+03 -3.69111669e+03  1.26e-04 6.66e-16  5.79e-06     1s
  18  -3.69073344e+03 -3.69109069e+03  7.62e-05 4.91e-16  3.58e-06     1s
  19  -3.69081885e+03 -3.69106903e+03  5.44e-05 5.17e-16  2.51e-06     1s
  20  -3.69095268e+03 -3.69105290e+03  2.05e-05 6.66e-16  1.00e-06     1s
  21  -3.69102793e+03 -3.69104129e+03  1.60e-06 7.17e-16  1.30e-07     1s
  22  -3.69103536e+03 -3.69103541e+03  2.84e-09 6.66e-16  4.69e-10     1s
  23  -3.69103538e+03 -3.69103538e+03  5.64e-13 5.92e-16  4.70e-13     1s

Barrier solved model in 23 iterations and 0.89 seconds
Optimal objective -3.69103538e+03


Root relaxation: objective -3.691035e+03, 36381 iterations, 0.90 seconds

    Nodes    |    Current Node    |     Objective Bounds      |     Work
 Expl Unexpl |  Obj  Depth IntInf | Incumbent    BestBd   Gap | It/Node Time

     0     0 -3691.0354    0  407    0.00000 -3691.0354      -     -    1s
H    0     0                    -3646.401800 -3691.0354  1.22%     -    1s

Explored 0 nodes (54457 simplex iterations) in 1.70 seconds
Thread count was 20 (of 20 available processors)

Solution count 2: -3646.4 0 
Pool objective bound -3691.04

Optimal solution found (tolerance 5.00e-02)
Best objective -3.646401800000e+03, best bound -3.691035383421e+03, gap 1.2240%
Changed value of parameter MIPGap to 0.05
   Prev: 0.0001  Min: 0.0  Max: 1e+100  Default: 0.0001
Changed value of parameter TimeLimit to 1800.0
   Prev: 1e+100  Min: 0.0  Max: 1e+100  Default: 1e+100
Changed value of parameter Method to 2
   Prev: -1  Min: -1  Max: 4  Default: -1
Changed value of parameter MIPFocus to 1
   Prev: 0  Min: 0  Max: 3  Default: 0
Optimize a model with 10206 rows, 53383 columns and 106766 nonzeros
Variable types: 0 continuous, 53383 integer (53383 binary)
Coefficient statistics:
  Matrix range     [1e+00, 2e+01]
  Objective range  [1e+00, 1e+00]
  Bounds range     [1e+00, 1e+00]
  RHS range        [8e+01, 8e+01]
Found heuristic solution: objective 0
Presolve time: 0.22s
Presolved: 10206 rows, 53383 columns, 106766 nonzeros
Variable types: 0 continuous, 53383 integer (53383 binary)
Presolved: 10206 rows, 53383 columns, 106766 nonzeros

Root barrier log...

Ordering time: 0.01s

Barrier statistics:
 AA' NZ     : 5.338e+04
 Factor NZ  : 2.304e+05 (roughly 30 MBytes of memory)
 Factor Ops : 3.800e+07 (less than 1 second per iteration)
 Threads    : 1

                  Objective                Residual
Iter       Primal          Dual         Primal    Dual     Compl     Time
   0  -2.85379020e+04 -4.21979270e+04  1.45e+02 0.00e+00  3.66e+00     0s
   1  -9.94647429e+03 -3.27680574e+04  3.36e+01 7.77e-16  8.96e-01     0s
   2  -4.80884133e+03 -1.51402577e+04  6.08e+00 1.11e-15  1.75e-01     0s
   3  -3.62471912e+03 -5.98598772e+03  1.01e-01 2.22e-15  2.26e-02     0s
   4  -3.69572136e+03 -4.09570870e+03  2.36e-02 8.88e-16  3.82e-03     0s
   5  -3.72107316e+03 -3.90631016e+03  1.33e-02 6.66e-16  1.77e-03     0s
   6  -3.73401350e+03 -3.82598533e+03  8.92e-03 6.66e-16  8.87e-04     0s
   7  -3.74092034e+03 -3.79631113e+03  6.84e-03 8.88e-16  5.39e-04     1s
   8  -3.74450838e+03 -3.77987719e+03  5.67e-03 6.66e-16  3.48e-04     1s
   9  -3.75131915e+03 -3.77250906e+03  3.63e-03 6.66e-16  2.09e-04     1s
  10  -3.75401466e+03 -3.76728784e+03  2.82e-03 5.92e-16  1.33e-04     1s
  11  -3.75659894e+03 -3.76473638e+03  1.99e-03 6.66e-16  8.23e-05     1s
  12  -3.75750772e+03 -3.76393783e+03  1.67e-03 8.88e-16  6.54e-05     1s
  13  -3.75868346e+03 -3.76337073e+03  1.27e-03 6.66e-16  4.78e-05     1s
  14  -3.75945880e+03 -3.76293646e+03  1.01e-03 6.66e-16  3.57e-05     1s
  15  -3.76051103e+03 -3.76267744e+03  6.82e-04 5.78e-16  2.24e-05     1s
  16  -3.76145210e+03 -3.76259004e+03  3.45e-04 5.04e-16  1.17e-05     1s
  17  -3.76174030e+03 -3.76253599e+03  2.46e-04 6.32e-16  8.21e-06     1s
  18  -3.76197543e+03 -3.76248807e+03  1.59e-04 6.66e-16  5.30e-06     1s
  19  -3.76224037e+03 -3.76246780e+03  6.26e-05 6.66e-16  2.32e-06     1s
  20  -3.76240832e+03 -3.76242744e+03  2.29e-06 6.66e-16  1.86e-07     1s
  21  -3.76241572e+03 -3.76241577e+03  6.77e-09 6.66e-16  4.68e-10     1s
  22  -3.76241575e+03 -3.76241575e+03  9.07e-14 5.20e-16  4.68e-13     1s

Barrier solved model in 22 iterations and 0.92 seconds
Optimal objective -3.76241575e+03


Root relaxation: objective -3.762416e+03, 36417 iterations, 1.01 seconds

    Nodes    |    Current Node    |     Objective Bounds      |     Work
 Expl Unexpl |  Obj  Depth IntInf | Incumbent    BestBd   Gap | It/Node Time

     0     0 -3762.4158    0  416    0.00000 -3762.4158      -     -    1s
H    0     0                    -3709.240200 -3762.4158  1.43%     -    2s

Explored 0 nodes (50708 simplex iterations) in 2.03 seconds
Thread count was 20 (of 20 available processors)

Solution count 2: -3709.24 0 
Pool objective bound -3762.42

Optimal solution found (tolerance 5.00e-02)
Best objective -3.709240200000e+03, best bound -3.762415754311e+03, gap 1.4336%
Changed value of parameter MIPGap to 0.05
   Prev: 0.0001  Min: 0.0  Max: 1e+100  Default: 0.0001
Changed value of parameter TimeLimit to 1800.0
   Prev: 1e+100  Min: 0.0  Max: 1e+100  Default: 1e+100
Changed value of parameter Method to 2
   Prev: -1  Min: -1  Max: 4  Default: -1
Changed value of parameter MIPFocus to 1
   Prev: 0  Min: 0  Max: 3  Default: 0
Optimize a model with 10206 rows, 53383 columns and 106766 nonzeros
Variable types: 0 continuous, 53383 integer (53383 binary)
Coefficient statistics:
  Matrix range     [1e+00, 2e+01]
  Objective range  [1e+00, 1e+00]
  Bounds range     [1e+00, 1e+00]
  RHS range        [8e+01, 8e+01]
Found heuristic solution: objective 0
Presolve time: 0.22s
Presolved: 10206 rows, 53383 columns, 106766 nonzeros
Variable types: 0 continuous, 53383 integer (53383 binary)
Presolved: 10206 rows, 53383 columns, 106766 nonzeros

Root barrier log...

Ordering time: 0.01s

Barrier statistics:
 AA' NZ     : 5.338e+04
 Factor NZ  : 2.304e+05 (roughly 30 MBytes of memory)
 Factor Ops : 3.800e+07 (less than 1 second per iteration)
 Threads    : 1

                  Objective                Residual
Iter       Primal          Dual         Primal    Dual     Compl     Time
   0  -2.99911184e+04 -4.31563886e+04  1.45e+02 0.00e+00  3.73e+00     0s
   1  -1.03295673e+04 -3.35598850e+04  3.30e+01 7.77e-16  9.03e-01     0s
   2  -5.01068484e+03 -1.53499473e+04  6.06e+00 1.28e-15  1.76e-01     0s
   3  -3.77674652e+03 -6.33048332e+03  1.22e-01 1.33e-15  2.46e-02     0s
   4  -3.83963653e+03 -4.31370691e+03  2.55e-02 1.11e-15  4.52e-03     0s
   5  -3.86699504e+03 -4.09745767e+03  1.35e-02 6.66e-16  2.20e-03     0s
   6  -3.87808628e+03 -3.98364280e+03  9.20e-03 6.66e-16  1.02e-03     0s
   7  -3.88536635e+03 -3.94177029e+03  6.77e-03 6.66e-16  5.49e-04     1s
   8  -3.88984069e+03 -3.92495633e+03  5.21e-03 8.88e-16  3.45e-04     1s
   9  -3.89504379e+03 -3.91675148e+03  3.52e-03 6.66e-16  2.14e-04     1s
  10  -3.89745186e+03 -3.91020979e+03  2.75e-03 6.66e-16  1.28e-04     1s
  11  -3.90031995e+03 -3.90807782e+03  1.79e-03 6.66e-16  7.83e-05     1s
  12  -3.90114422e+03 -3.90708613e+03  1.49e-03 6.66e-16  6.03e-05     1s
  13  -3.90193535e+03 -3.90657181e+03  1.20e-03 6.66e-16  4.72e-05     1s
  14  -3.90262670e+03 -3.90600099e+03  9.46e-04 4.83e-16  3.46e-05     1s
  15  -3.90346085e+03 -3.90571727e+03  6.57e-04 6.66e-16  2.32e-05     1s
  16  -3.90430739e+03 -3.90547039e+03  3.42e-04 5.87e-16  1.20e-05     1s
  17  -3.90450441e+03 -3.90536743e+03  2.69e-04 5.52e-16  8.94e-06     1s
  18  -3.90478548e+03 -3.90530626e+03  1.66e-04 5.96e-16  5.41e-06     1s
  19  -3.90496106e+03 -3.90528511e+03  1.02e-04 8.88e-16  3.36e-06     1s
  20  -3.90517680e+03 -3.90526090e+03  2.35e-05 7.43e-16  8.62e-07     1s
  21  -3.90524335e+03 -3.90524404e+03  1.36e-07 6.66e-16  6.83e-09     1s
  22  -3.90524383e+03 -3.90524383e+03  1.49e-13 6.66e-16  6.82e-12     1s

Barrier solved model in 22 iterations and 0.92 seconds
Optimal objective -3.90524383e+03


Root relaxation: objective -3.905244e+03, 36416 iterations, 1.00 seconds

    Nodes    |    Current Node    |     Objective Bounds      |     Work
 Expl Unexpl |  Obj  Depth IntInf | Incumbent    BestBd   Gap | It/Node Time

     0     0 -3905.2438    0  386    0.00000 -3905.2438      -     -    1s
H    0     0                    -3863.317600 -3905.2438  1.09%     -    1s

Explored 0 nodes (55489 simplex iterations) in 1.93 seconds
Thread count was 20 (of 20 available processors)

Solution count 2: -3863.32 0 
Pool objective bound -3905.24

Optimal solution found (tolerance 5.00e-02)
Best objective -3.863317600000e+03, best bound -3.905243828521e+03, gap 1.0852%
Changed value of parameter MIPGap to 0.05
   Prev: 0.0001  Min: 0.0  Max: 1e+100  Default: 0.0001
Changed value of parameter TimeLimit to 1800.0
   Prev: 1e+100  Min: 0.0  Max: 1e+100  Default: 1e+100
Changed value of parameter Method to 2
   Prev: -1  Min: -1  Max: 4  Default: -1
Changed value of parameter MIPFocus to 1
   Prev: 0  Min: 0  Max: 3  Default: 0
Optimize a model with 10206 rows, 53383 columns and 106766 nonzeros
Variable types: 0 continuous, 53383 integer (53383 binary)
Coefficient statistics:
  Matrix range     [1e+00, 2e+01]
  Objective range  [1e+00, 1e+00]
  Bounds range     [1e+00, 1e+00]
  RHS range        [8e+01, 8e+01]
Found heuristic solution: objective 0
Presolve time: 0.18s
Presolved: 10206 rows, 53383 columns, 106766 nonzeros
Variable types: 0 continuous, 53383 integer (53383 binary)
Presolved: 10206 rows, 53383 columns, 106766 nonzeros

Root barrier log...

Ordering time: 0.01s

Barrier statistics:
 AA' NZ     : 5.338e+04
 Factor NZ  : 2.304e+05 (roughly 30 MBytes of memory)
 Factor Ops : 3.800e+07 (less than 1 second per iteration)
 Threads    : 1

                  Objective                Residual
Iter       Primal          Dual         Primal    Dual     Compl     Time
   0  -3.07177261e+04 -4.36755855e+04  1.45e+02 0.00e+00  3.77e+00     0s
   1  -1.04861219e+04 -3.39849391e+04  3.26e+01 8.88e-16  9.06e-01     0s
   2  -5.26288040e+03 -1.54684179e+04  6.81e+00 1.11e-15  1.86e-01     0s
   3  -3.82954327e+03 -6.28075720e+03  6.43e-02 1.78e-15  2.33e-02     0s
   4  -3.90717432e+03 -4.54694064e+03  1.46e-02 8.88e-16  6.03e-03     0s
   5  -3.93640796e+03 -4.18596051e+03  7.38e-03 8.88e-16  2.35e-03     0s
   6  -3.94798518e+03 -4.05706900e+03  5.05e-03 6.66e-16  1.03e-03     0s
   7  -3.95491847e+03 -4.01709618e+03  3.80e-03 6.66e-16  5.93e-04     0s
   8  -3.96061036e+03 -4.00068825e+03  2.79e-03 7.95e-16  3.83e-04     0s
   9  -3.96400619e+03 -3.99103473e+03  2.23e-03 6.66e-16  2.60e-04     1s
  10  -3.96675675e+03 -3.98339497e+03  1.78e-03 6.66e-16  1.61e-04     1s
  11  -3.96910999e+03 -3.97993568e+03  1.36e-03 6.66e-16  1.06e-04     1s
  12  -3.97100622e+03 -3.97874679e+03  1.02e-03 5.58e-16  7.57e-05     1s
  13  -3.97253321e+03 -3.97818474e+03  7.46e-04 5.32e-16  5.52e-05     1s
  14  -3.97368852e+03 -3.97755248e+03  5.42e-04 5.28e-16  3.79e-05     1s
  15  -3.97459348e+03 -3.97706438e+03  3.97e-04 6.85e-16  2.44e-05     1s
  16  -3.97563715e+03 -3.97692755e+03  2.11e-04 6.66e-16  1.28e-05     1s
  17  -3.97614713e+03 -3.97686696e+03  1.20e-04 6.66e-16  7.12e-06     1s
  18  -3.97629977e+03 -3.97684670e+03  9.16e-05 6.66e-16  5.41e-06     1s
  19  -3.97645574e+03 -3.97683283e+03  6.23e-05 8.42e-16  3.73e-06     1s
  20  -3.97655696e+03 -3.97681382e+03  4.35e-05 6.67e-16  2.54e-06     1s
  21  -3.97671757e+03 -3.97679761e+03  1.37e-05 6.90e-16  7.93e-07     1s
  22  -3.97679225e+03 -3.97679440e+03  1.72e-07 6.66e-16  2.06e-08     1s
  23  -3.97679342e+03 -3.97679342e+03  2.76e-10 7.10e-16  4.42e-11     1s

Barrier solved model in 23 iterations and 0.88 seconds
Optimal objective -3.97679342e+03


Root relaxation: objective -3.976793e+03, 36444 iterations, 1.03 seconds

    Nodes    |    Current Node    |     Objective Bounds      |     Work
 Expl Unexpl |  Obj  Depth IntInf | Incumbent    BestBd   Gap | It/Node Time

     0     0 -3976.7934    0  391    0.00000 -3976.7934      -     -    1s
H    0     0                    -3929.333500 -3976.7934  1.21%     -    1s

Explored 0 nodes (53294 simplex iterations) in 2.01 seconds
Thread count was 20 (of 20 available processors)

Solution count 2: -3929.33 0 
Pool objective bound -3976.79

Optimal solution found (tolerance 5.00e-02)
Best objective -3.929333500000e+03, best bound -3.976793418755e+03, gap 1.2078%
Changed value of parameter MIPGap to 0.05
   Prev: 0.0001  Min: 0.0  Max: 1e+100  Default: 0.0001
Changed value of parameter TimeLimit to 1800.0
   Prev: 1e+100  Min: 0.0  Max: 1e+100  Default: 1e+100
Changed value of parameter Method to 2
   Prev: -1  Min: -1  Max: 4  Default: -1
Changed value of parameter MIPFocus to 1
   Prev: 0  Min: 0  Max: 3  Default: 0
Optimize a model with 10206 rows, 53383 columns and 106766 nonzeros
Variable types: 0 continuous, 53383 integer (53383 binary)
Coefficient statistics:
  Matrix range     [1e+00, 2e+01]
  Objective range  [1e+00, 2e+00]
  Bounds range     [1e+00, 1e+00]
  RHS range        [8e+01, 8e+01]
Found heuristic solution: objective 0
Presolve time: 0.19s
Presolved: 10206 rows, 53383 columns, 106766 nonzeros
Variable types: 0 continuous, 53383 integer (53383 binary)
Presolved: 10206 rows, 53383 columns, 106766 nonzeros

Root barrier log...

Ordering time: 0.01s

Barrier statistics:
 AA' NZ     : 5.338e+04
 Factor NZ  : 2.304e+05 (roughly 30 MBytes of memory)
 Factor Ops : 3.800e+07 (less than 1 second per iteration)
 Threads    : 1

                  Objective                Residual
Iter       Primal          Dual         Primal    Dual     Compl     Time
   0  -3.43506587e+04 -4.62715700e+04  1.45e+02 0.00e+00  3.97e+00     0s
   1  -1.11678054e+04 -3.61074846e+04  3.05e+01 8.88e-16  9.13e-01     0s
   2  -6.07330948e+03 -1.78544554e+04  7.86e+00 1.33e-15  2.25e-01     0s
   3  -4.24038611e+03 -7.56712440e+03  2.50e-01 1.33e-15  3.30e-02     0s
   4  -4.27754486e+03 -5.27401451e+03  5.95e-02 1.11e-15  9.58e-03     0s
   5  -4.29822243e+03 -4.62585780e+03  2.66e-02 8.18e-16  3.16e-03     0s
   6  -4.31103571e+03 -4.46657668e+03  1.65e-02 6.66e-16  1.51e-03     0s
   7  -4.32146866e+03 -4.39761772e+03  9.62e-03 6.66e-16  7.46e-04     0s
   8  -4.32448354e+03 -4.38136726e+03  7.78e-03 6.66e-16  5.59e-04     1s
   9  -4.32705629e+03 -4.36315236e+03  6.35e-03 6.66e-16  3.60e-04     1s
  10  -4.33050754e+03 -4.34970672e+03  4.65e-03 6.66e-16  1.96e-04     1s
  11  -4.33240597e+03 -4.34551326e+03  3.58e-03 6.66e-16  1.35e-04     1s
  12  -4.33350932e+03 -4.34287121e+03  2.90e-03 7.42e-16  9.78e-05     1s
  13  -4.33457485e+03 -4.34137980e+03  2.23e-03 6.66e-16  7.15e-05     1s
  14  -4.33519748e+03 -4.34057909e+03  1.84e-03 6.66e-16  5.68e-05     1s
  15  -4.33595552e+03 -4.33987974e+03  1.44e-03 6.66e-16  4.18e-05     1s
  16  -4.33669610e+03 -4.33875653e+03  9.70e-04 6.66e-16  2.27e-05     1s
  17  -4.33720100e+03 -4.33848552e+03  6.79e-04 6.67e-16  1.44e-05     1s
  18  -4.33762477e+03 -4.33835771e+03  3.88e-04 5.60e-16  8.23e-06     1s
  19  -4.33768696e+03 -4.33830620e+03  3.45e-04 6.66e-16  7.02e-06     1s
  20  -4.33785272e+03 -4.33827081e+03  2.34e-04 7.14e-16  4.74e-06     1s
  21  -4.33810718e+03 -4.33823028e+03  6.42e-05 6.66e-16  1.38e-06     1s
  22  -4.33816388e+03 -4.33821296e+03  3.20e-05 8.88e-16  5.73e-07     1s
  23  -4.33820360e+03 -4.33820707e+03  2.18e-06 8.60e-16  4.03e-08     1s
  24  -4.33820650e+03 -4.33820662e+03  3.01e-08 6.66e-16  1.27e-09     1s
  25  -4.33820655e+03 -4.33820655e+03  2.66e-13 6.73e-16  1.09e-14     1s

Barrier solved model in 25 iterations and 0.93 seconds
Optimal objective -4.33820655e+03


Root relaxation: objective -4.338207e+03, 35245 iterations, 0.95 seconds

    Nodes    |    Current Node    |     Objective Bounds      |     Work
 Expl Unexpl |  Obj  Depth IntInf | Incumbent    BestBd   Gap | It/Node Time

     0     0 -4338.2065    0  499    0.00000 -4338.2065      -     -    1s
H    0     0                    -4274.306000 -4338.2065  1.49%     -    1s

Explored 0 nodes (48244 simplex iterations) in 1.87 seconds
Thread count was 20 (of 20 available processors)

Solution count 2: -4274.31 0 
Pool objective bound -4338.21

Optimal solution found (tolerance 5.00e-02)
Best objective -4.274306000000e+03, best bound -4.338206545363e+03, gap 1.4950%
Changed value of parameter MIPGap to 0.05
   Prev: 0.0001  Min: 0.0  Max: 1e+100  Default: 0.0001
Changed value of parameter TimeLimit to 1800.0
   Prev: 1e+100  Min: 0.0  Max: 1e+100  Default: 1e+100
Changed value of parameter Method to 2
   Prev: -1  Min: -1  Max: 4  Default: -1
Changed value of parameter MIPFocus to 1
   Prev: 0  Min: 0  Max: 3  Default: 0
Optimize a model with 10206 rows, 53383 columns and 106766 nonzeros
Variable types: 0 continuous, 53383 integer (53383 binary)
Coefficient statistics:
  Matrix range     [1e+00, 2e+01]
  Objective range  [1e+00, 3e+00]
  Bounds range     [1e+00, 1e+00]
  RHS range        [8e+01, 8e+01]
Found heuristic solution: objective 0
Presolve time: 0.23s
Presolved: 10206 rows, 53383 columns, 106766 nonzeros
Variable types: 0 continuous, 53383 integer (53383 binary)
Presolved: 10206 rows, 53383 columns, 106766 nonzeros

Root barrier log...

Ordering time: 0.01s

Barrier statistics:
 AA' NZ     : 5.338e+04
 Factor NZ  : 2.304e+05 (roughly 30 MBytes of memory)
 Factor Ops : 3.800e+07 (less than 1 second per iteration)
 Threads    : 1

                  Objective                Residual
Iter       Primal          Dual         Primal    Dual     Compl     Time
   0  -4.16228139e+04 -7.23438873e+04  1.45e+02 0.00e+00  6.40e+00     0s
   1  -1.39345724e+04 -5.56535884e+04  3.31e+01 1.78e-15  1.55e+00     0s
   2  -6.48788286e+03 -2.47382818e+04  5.70e+00 1.78e-15  2.95e-01     0s
   3  -4.90090099e+03 -9.09262193e+03  1.19e-01 1.33e-15  4.03e-02     0s
   4  -4.96955588e+03 -6.57404908e+03  2.37e-02 1.01e-15  1.51e-02     0s
   5  -5.01246763e+03 -5.53774038e+03  8.78e-03 1.33e-15  4.94e-03     0s
   6  -5.02791152e+03 -5.37382614e+03  6.09e-03 9.98e-16  3.25e-03     0s
   7  -5.04337605e+03 -5.21336024e+03  3.70e-03 8.88e-16  1.60e-03     1s
   8  -5.04986980e+03 -5.13902716e+03  2.79e-03 8.88e-16  8.43e-04     1s
   9  -5.05596610e+03 -5.10780227e+03  2.01e-03 8.88e-16  4.92e-04     1s
  10  -5.06077783e+03 -5.09094025e+03  1.42e-03 8.88e-16  2.87e-04     1s
  11  -5.06372055e+03 -5.08258104e+03  1.06e-03 8.88e-16  1.80e-04     1s
  12  -5.06540445e+03 -5.07895689e+03  8.42e-04 8.88e-16  1.30e-04     1s
  13  -5.06658931e+03 -5.07661045e+03  6.91e-04 8.88e-16  9.63e-05     1s
  14  -5.06740709e+03 -5.07465949e+03  5.88e-04 8.88e-16  7.01e-05     1s
  15  -5.06848149e+03 -5.07322551e+03  4.52e-04 8.88e-16  4.61e-05     1s
  16  -5.06951602e+03 -5.07267189e+03  3.30e-04 8.88e-16  3.08e-05     1s
  17  -5.06983234e+03 -5.07257341e+03  2.89e-04 8.88e-16  2.68e-05     1s
  18  -5.07023560e+03 -5.07240583e+03  2.38e-04 8.88e-16  2.12e-05     1s
  19  -5.07048910e+03 -5.07231995e+03  2.05e-04 8.88e-16  1.79e-05     1s
  20  -5.07097318e+03 -5.07223601e+03  1.43e-04 8.88e-16  1.24e-05     1s
  21  -5.07140489e+03 -5.07217955e+03  8.72e-05 8.88e-16  7.59e-06     1s
  22  -5.07161245e+03 -5.07213745e+03  6.32e-05 8.88e-16  5.16e-06     1s
  23  -5.07179161e+03 -5.07211311e+03  3.96e-05 7.20e-16  3.16e-06     1s
  24  -5.07201984e+03 -5.07211024e+03  9.48e-06 8.88e-16  8.83e-07     1s
  25  -5.07207455e+03 -5.07210113e+03  2.57e-06 8.88e-16  2.59e-07     1s
  26  -5.07209422e+03 -5.07209698e+03  1.81e-07 8.88e-16  2.65e-08     1s
  27  -5.07209583e+03 -5.07209583e+03  1.44e-13 1.33e-15  2.66e-11     1s

Barrier solved model in 27 iterations and 1.04 seconds
Optimal objective -5.07209583e+03


Root relaxation: objective -5.072096e+03, 36249 iterations, 1.04 seconds

    Nodes    |    Current Node    |     Objective Bounds      |     Work
 Expl Unexpl |  Obj  Depth IntInf | Incumbent    BestBd   Gap | It/Node Time

     0     0 -5072.0958    0  453    0.00000 -5072.0958      -     -    2s
H    0     0                    -5004.708000 -5072.0958  1.35%     -    2s

Explored 0 nodes (53172 simplex iterations) in 2.12 seconds
Thread count was 20 (of 20 available processors)

Solution count 2: -5004.71 0 
Pool objective bound -5072.1

Optimal solution found (tolerance 5.00e-02)
Best objective -5.004708000000e+03, best bound -5.072095832999e+03, gap 1.3465%
Changed value of parameter MIPGap to 0.05
   Prev: 0.0001  Min: 0.0  Max: 1e+100  Default: 0.0001
Changed value of parameter TimeLimit to 1800.0
   Prev: 1e+100  Min: 0.0  Max: 1e+100  Default: 1e+100
Changed value of parameter Method to 2
   Prev: -1  Min: -1  Max: 4  Default: -1
Changed value of parameter MIPFocus to 1
   Prev: 0  Min: 0  Max: 3  Default: 0
Optimize a model with 10206 rows, 53383 columns and 106766 nonzeros
Variable types: 0 continuous, 53383 integer (53383 binary)
Coefficient statistics:
  Matrix range     [1e+00, 2e+01]
  Objective range  [1e+00, 5e+00]
  Bounds range     [1e+00, 1e+00]
  RHS range        [8e+01, 8e+01]
Found heuristic solution: objective 0
Presolve time: 0.23s
Presolved: 10206 rows, 53383 columns, 106766 nonzeros
Variable types: 0 continuous, 53383 integer (53383 binary)
Presolved: 10206 rows, 53383 columns, 106766 nonzeros

Root barrier log...

Ordering time: 0.01s

Barrier statistics:
 AA' NZ     : 5.338e+04
 Factor NZ  : 2.304e+05 (roughly 30 MBytes of memory)
 Factor Ops : 3.800e+07 (less than 1 second per iteration)
 Threads    : 1

                  Objective                Residual
Iter       Primal          Dual         Primal    Dual     Compl     Time
   0  -5.61649727e+04 -1.27198579e+05  1.45e+02 0.00e+00  1.15e+01     0s
   1  -1.81641357e+04 -9.69593663e+04  3.22e+01 2.66e-15  2.72e+00     0s
   2  -8.20439217e+03 -4.12679766e+04  5.06e+00 2.44e-15  5.00e-01     0s
   3  -6.30599181e+03 -1.40363209e+04  1.11e-02 2.55e-15  7.23e-02     0s
   4  -6.38932730e+03 -9.13771277e+03  2.32e-03 1.78e-15  2.57e-02     0s
   5  -6.40675185e+03 -7.86674617e+03  1.88e-03 1.78e-15  1.36e-02     0s
   6  -6.47278468e+03 -7.10148987e+03  6.61e-04 1.78e-15  5.87e-03     1s
   7  -6.51071816e+03 -6.74761651e+03  2.51e-04 1.78e-15  2.21e-03     1s
   8  -6.51983034e+03 -6.64097034e+03  1.85e-04 1.78e-15  1.13e-03     1s
   9  -6.53095932e+03 -6.59477808e+03  1.13e-04 1.78e-15  5.96e-04     1s
  10  -6.53654599e+03 -6.57144887e+03  7.90e-05 1.78e-15  3.26e-04     1s
  11  -6.53957205e+03 -6.56214910e+03  6.23e-05 1.78e-15  2.11e-04     1s
  12  -6.54148036e+03 -6.55745605e+03  5.04e-05 1.78e-15  1.49e-04     1s
  13  -6.54297905e+03 -6.55514465e+03  4.10e-05 1.78e-15  1.14e-04     1s
  14  -6.54442365e+03 -6.55333033e+03  3.21e-05 9.68e-16  8.33e-05     1s
  15  -6.54606328e+03 -6.55146765e+03  2.18e-05 1.78e-15  5.06e-05     1s
  16  -6.54716118e+03 -6.55061092e+03  1.52e-05 1.78e-15  3.23e-05     1s
  17  -6.54805609e+03 -6.55026864e+03  1.04e-05 1.78e-15  2.07e-05     1s
  18  -6.54869120e+03 -6.55003578e+03  6.52e-06 8.88e-16  1.26e-05     1s
  19  -6.54907777e+03 -6.54994441e+03  4.22e-06 1.78e-15  8.12e-06     1s
  20  -6.54937587e+03 -6.54990778e+03  2.51e-06 1.78e-15  4.98e-06     1s
  21  -6.54964309e+03 -6.54986637e+03  9.75e-07 1.78e-15  2.09e-06     1s
  22  -6.54976088e+03 -6.54984518e+03  3.66e-07 1.78e-15  7.89e-07     1s
  23  -6.54981284e+03 -6.54983671e+03  1.01e-07 1.78e-15  2.23e-07     1s
  24  -6.54982725e+03 -6.54983252e+03  2.51e-08 1.78e-15  4.94e-08     1s
  25  -6.54983207e+03 -6.54983216e+03  8.98e-13 1.78e-15  7.97e-10     1s
  26  -6.54983208e+03 -6.54983208e+03  5.13e-13 1.78e-15  1.24e-15     1s

Barrier solved model in 26 iterations and 1.04 seconds
Optimal objective -6.54983208e+03


Root relaxation: objective -6.549832e+03, 32753 iterations, 1.06 seconds

    Nodes    |    Current Node    |     Objective Bounds      |     Work
 Expl Unexpl |  Obj  Depth IntInf | Incumbent    BestBd   Gap | It/Node Time

     0     0 -6549.8321    0  416    0.00000 -6549.8321      -     -    1s
H    0     0                    -6463.104000 -6549.8321  1.34%     -    1s

Explored 0 nodes (53489 simplex iterations) in 1.98 seconds
Thread count was 20 (of 20 available processors)

Solution count 2: -6463.1 0 
Pool objective bound -6549.83

Optimal solution found (tolerance 5.00e-02)
Best objective -6.463104000000e+03, best bound -6.549832084211e+03, gap 1.3419%
Changed value of parameter MIPGap to 0.05
   Prev: 0.0001  Min: 0.0  Max: 1e+100  Default: 0.0001
Changed value of parameter TimeLimit to 1800.0
   Prev: 1e+100  Min: 0.0  Max: 1e+100  Default: 1e+100
Changed value of parameter Method to 2
   Prev: -1  Min: -1  Max: 4  Default: -1
Changed value of parameter MIPFocus to 1
   Prev: 0  Min: 0  Max: 3  Default: 0
Optimize a model with 10206 rows, 53383 columns and 106766 nonzeros
Variable types: 0 continuous, 53383 integer (53383 binary)
Coefficient statistics:
  Matrix range     [1e+00, 2e+01]
  Objective range  [2e+00, 6e+00]
  Bounds range     [1e+00, 1e+00]
  RHS range        [8e+01, 8e+01]
Found heuristic solution: objective 0
Presolve time: 0.20s
Presolved: 10206 rows, 53383 columns, 106766 nonzeros
Variable types: 0 continuous, 53383 integer (53383 binary)
Presolved: 10206 rows, 53383 columns, 106766 nonzeros

Root barrier log...

Ordering time: 0.01s

Barrier statistics:
 AA' NZ     : 5.338e+04
 Factor NZ  : 2.304e+05 (roughly 30 MBytes of memory)
 Factor Ops : 3.800e+07 (less than 1 second per iteration)
 Threads    : 1

                  Objective                Residual
Iter       Primal          Dual         Primal    Dual     Compl     Time
   0  -6.34357063e+04 -1.55386245e+05  1.45e+02 2.22e-16  1.42e+01     0s
   1  -2.01029069e+04 -1.18242450e+05  3.14e+01 3.55e-15  3.29e+00     0s
   2  -9.04668211e+03 -4.93059900e+04  4.79e+00 2.66e-15  5.95e-01     0s
   3  -7.03522837e+03 -1.78508707e+04  5.42e-03 2.44e-15  1.01e-01     0s
   4  -7.10944761e+03 -1.07531530e+04  1.18e-03 2.12e-15  3.40e-02     0s
   5  -7.12648856e+03 -8.96374758e+03  9.57e-04 1.78e-15  1.71e-02     0s
   6  -7.20951129e+03 -7.68084817e+03  2.07e-04 1.78e-15  4.40e-03     0s
   7  -7.24161065e+03 -7.45758954e+03  1.11e-04 1.16e-15  2.02e-03     1s
   8  -7.25182570e+03 -7.37219776e+03  8.57e-05 1.78e-15  1.12e-03     1s
   9  -7.26623879e+03 -7.33174384e+03  5.35e-05 1.78e-15  6.11e-04     1s
  10  -7.27284467e+03 -7.31642022e+03  3.95e-05 1.78e-15  4.07e-04     1s
  11  -7.27568189e+03 -7.30633818e+03  3.31e-05 1.78e-15  2.86e-04     1s
  12  -7.27854057e+03 -7.30120161e+03  2.65e-05 1.78e-15  2.12e-04     1s
  13  -7.28045691e+03 -7.29754902e+03  2.21e-05 1.78e-15  1.60e-04     1s
  14  -7.28166739e+03 -7.29645320e+03  1.94e-05 1.78e-15  1.38e-04     1s
  15  -7.28388533e+03 -7.29419247e+03  1.48e-05 1.78e-15  9.63e-05     1s
  16  -7.28598724e+03 -7.29285280e+03  1.07e-05 1.78e-15  6.42e-05     1s
  17  -7.28768912e+03 -7.29188406e+03  7.04e-06 1.78e-15  3.92e-05     1s
  18  -7.28834690e+03 -7.29161690e+03  5.54e-06 1.78e-15  3.06e-05     1s
  19  -7.28872739e+03 -7.29145466e+03  4.69e-06 1.78e-15  2.55e-05     1s
  20  -7.28959692e+03 -7.29124893e+03  2.77e-06 1.05e-15  1.54e-05     1s
  21  -7.29007030e+03 -7.29108009e+03  1.75e-06 1.78e-15  9.45e-06     1s
  22  -7.29058378e+03 -7.29102087e+03  6.61e-07 1.78e-15  4.09e-06     1s
  23  -7.29061209e+03 -7.29101110e+03  6.05e-07 1.78e-15  3.73e-06     1s
  24  -7.29067167e+03 -7.29098745e+03  4.89e-07 1.78e-15  2.95e-06     1s
  25  -7.29072450e+03 -7.29097563e+03  3.83e-07 1.78e-15  2.35e-06     1s
  26  -7.29092009e+03 -7.29095087e+03  3.14e-08 1.78e-15  2.88e-07     1s
  27  -7.29094132e+03 -7.29094152e+03  3.55e-11 1.78e-15  1.84e-09     1s
  28  -7.29094139e+03 -7.29094139e+03  6.28e-14 1.78e-15  1.84e-12     1s

Barrier solved model in 28 iterations and 1.05 seconds
Optimal objective -7.29094139e+03


Root relaxation: objective -7.290941e+03, 36123 iterations, 1.05 seconds

    Nodes    |    Current Node    |     Objective Bounds      |     Work
 Expl Unexpl |  Obj  Depth IntInf | Incumbent    BestBd   Gap | It/Node Time

     0     0 -7290.9414    0  443    0.00000 -7290.9414      -     -    1s
H    0     0                    -7188.135000 -7290.9414  1.43%     -    1s

Explored 0 nodes (55571 simplex iterations) in 1.94 seconds
Thread count was 20 (of 20 available processors)

Solution count 2: -7188.14 0 
Pool objective bound -7290.94

Optimal solution found (tolerance 5.00e-02)
Best objective -7.188135000000e+03, best bound -7.290940000000e+03, gap 1.4302%
Changed value of parameter MIPGap to 0.05
   Prev: 0.0001  Min: 0.0  Max: 1e+100  Default: 0.0001
Changed value of parameter TimeLimit to 1800.0
   Prev: 1e+100  Min: 0.0  Max: 1e+100  Default: 1e+100
Changed value of parameter Method to 2
   Prev: -1  Min: -1  Max: 4  Default: -1
Changed value of parameter MIPFocus to 1
   Prev: 0  Min: 0  Max: 3  Default: 0
Optimize a model with 10206 rows, 53383 columns and 106766 nonzeros
Variable types: 0 continuous, 53383 integer (53383 binary)
Coefficient statistics:
  Matrix range     [1e+00, 2e+01]
  Objective range  [2e+00, 1e+01]
  Bounds range     [1e+00, 1e+00]
  RHS range        [8e+01, 8e+01]
Found heuristic solution: objective 0
Presolve time: 0.21s
Presolved: 10206 rows, 53383 columns, 106766 nonzeros
Variable types: 0 continuous, 53383 integer (53383 binary)
Presolved: 10206 rows, 53383 columns, 106766 nonzeros

Root barrier log...

Ordering time: 0.01s

Barrier statistics:
 AA' NZ     : 5.338e+04
 Factor NZ  : 2.304e+05 (roughly 30 MBytes of memory)
 Factor Ops : 3.800e+07 (less than 1 second per iteration)
 Threads    : 1

                  Objective                Residual
Iter       Primal          Dual         Primal    Dual     Compl     Time
   0  -9.97884941e+04 -3.00115899e+05  1.45e+02 8.88e-16  2.77e+01     0s
   1  -2.97080042e+04 -2.27494446e+05  2.91e+01 6.22e-15  6.12e+00     0s
   2  -1.33407030e+04 -8.91804636e+04  4.08e+00 6.66e-15  1.06e+00     0s
   3  -1.07625540e+04 -4.01488122e+04  3.42e-02 4.00e-15  2.76e-01     0s
   4  -1.08316228e+04 -2.05129255e+04  1.42e-02 3.89e-15  9.06e-02     0s
   5  -1.08726551e+04 -1.43618654e+04  4.20e-03 3.55e-15  3.26e-02     0s
   6  -1.09376133e+04 -1.19763774e+04  6.21e-04 3.55e-15  9.69e-03     0s
   7  -1.09821015e+04 -1.13453437e+04  2.20e-04 3.55e-15  3.39e-03     1s
   8  -1.09983806e+04 -1.11975936e+04  1.50e-04 3.55e-15  1.86e-03     1s
   9  -1.10110646e+04 -1.11201894e+04  1.03e-04 3.55e-15  1.02e-03     1s
  10  -1.10195403e+04 -1.10757723e+04  7.38e-05 3.55e-15  5.25e-04     1s
  11  -1.10252269e+04 -1.10628174e+04  5.63e-05 1.78e-15  3.51e-04     1s
  12  -1.10286637e+04 -1.10544376e+04  4.47e-05 3.55e-15  2.41e-04     1s
  13  -1.10315573e+04 -1.10502952e+04  3.51e-05 3.55e-15  1.75e-04     1s
  14  -1.10339597e+04 -1.10475415e+04  2.71e-05 3.55e-15  1.27e-04     1s
  15  -1.10362872e+04 -1.10455033e+04  1.96e-05 3.55e-15  8.62e-05     1s
  16  -1.10380169e+04 -1.10445540e+04  1.41e-05 3.55e-15  6.11e-05     1s
  17  -1.10393839e+04 -1.10437970e+04  1.02e-05 3.55e-15  4.13e-05     1s
  18  -1.10398983e+04 -1.10434401e+04  8.48e-06 3.55e-15  3.31e-05     1s
  19  -1.10407704e+04 -1.10431398e+04  5.62e-06 3.55e-15  2.22e-05     1s
  20  -1.10409268e+04 -1.10429878e+04  5.11e-06 1.90e-15  1.93e-05     1s
  21  -1.10414879e+04 -1.10428560e+04  3.41e-06 3.55e-15  1.28e-05     1s
  22  -1.10419317e+04 -1.10427484e+04  2.23e-06 3.55e-15  7.65e-06     1s
  23  -1.10421797e+04 -1.10426187e+04  1.33e-06 3.55e-15  4.11e-06     1s
  24  -1.10422724e+04 -1.10426060e+04  9.87e-07 3.55e-15  3.13e-06     1s
  25  -1.10423596e+04 -1.10425855e+04  6.81e-07 1.78e-15  2.12e-06     1s
  26  -1.10424197e+04 -1.10425815e+04  4.77e-07 3.55e-15  1.52e-06     1s
  27  -1.10425362e+04 -1.10425688e+04  7.31e-08 3.55e-15  3.05e-07     1s
  28  -1.10425551e+04 -1.10425630e+04  1.41e-08 3.55e-15  7.34e-08     1s
  29  -1.10425606e+04 -1.10425607e+04  5.35e-13 3.55e-15  1.10e-09     1s
  30  -1.10425606e+04 -1.10425606e+04  1.46e-12 3.55e-15  1.51e-14     1s

Barrier solved model in 30 iterations and 1.09 seconds
Optimal objective -1.10425606e+04


Root relaxation: objective -1.104256e+04, 31588 iterations, 1.08 seconds

    Nodes    |    Current Node    |     Objective Bounds      |     Work
 Expl Unexpl |  Obj  Depth IntInf | Incumbent    BestBd   Gap | It/Node Time

     0     0 -11042.561    0  670    0.00000 -11042.561      -     -    1s
H    0     0                    -10808.12000 -11042.561  2.17%     -    1s

Explored 0 nodes (40733 simplex iterations) in 1.97 seconds
Thread count was 20 (of 20 available processors)

Solution count 2: -10808.1 0 
Pool objective bound -11042.6

Optimal solution found (tolerance 5.00e-02)
Best objective -1.080812000000e+04, best bound -1.104256000000e+04, gap 2.1691%
Changed value of parameter MIPGap to 0.05
   Prev: 0.0001  Min: 0.0  Max: 1e+100  Default: 0.0001
Changed value of parameter TimeLimit to 1800.0
   Prev: 1e+100  Min: 0.0  Max: 1e+100  Default: 1e+100
Changed value of parameter Method to 2
   Prev: -1  Min: -1  Max: 4  Default: -1
Changed value of parameter MIPFocus to 1
   Prev: 0  Min: 0  Max: 3  Default: 0
Optimize a model with 10206 rows, 53383 columns and 106766 nonzeros
Variable types: 0 continuous, 53383 integer (53383 binary)
Coefficient statistics:
  Matrix range     [1e+00, 2e+01]
  Objective range  [3e+00, 2e+01]
  Bounds range     [1e+00, 1e+00]
  RHS range        [8e+01, 8e+01]
Found heuristic solution: objective 0
Presolve time: 0.27s
Presolved: 10206 rows, 53383 columns, 106766 nonzeros
Variable types: 0 continuous, 53383 integer (53383 binary)
Presolved: 10206 rows, 53383 columns, 106766 nonzeros

Root barrier log...

Ordering time: 0.01s

Barrier statistics:
 AA' NZ     : 5.338e+04
 Factor NZ  : 2.304e+05 (roughly 30 MBytes of memory)
 Factor Ops : 3.800e+07 (less than 1 second per iteration)
 Threads    : 1

                  Objective                Residual
Iter       Primal          Dual         Primal    Dual     Compl     Time
   0  -1.72492615e+05 -5.89575206e+05  1.45e+02 2.22e-15  5.48e+01     1s
   1  -5.05674452e+04 -4.46017940e+05  2.89e+01 1.24e-14  1.21e+01     1s
   2  -2.23078743e+04 -1.72914508e+05  3.84e+00 1.15e-14  2.06e+00     1s
   3  -1.82908254e+04 -8.55453648e+04  4.75e-02 7.99e-15  6.32e-01     1s
   4  -1.84096327e+04 -3.30938211e+04  1.45e-02 8.44e-15  1.37e-01     1s
   5  -1.85816140e+04 -2.28246028e+04  2.00e-03 7.11e-15  3.96e-02     1s
   6  -1.87266230e+04 -2.15880179e+04  8.82e-04 7.11e-15  2.67e-02     1s
   7  -1.87682711e+04 -2.08100772e+04  7.46e-04 7.11e-15  1.91e-02     1s
   8  -1.87968983e+04 -2.05029799e+04  6.72e-04 7.11e-15  1.59e-02     1s
   9  -1.88678460e+04 -2.01383382e+04  5.02e-04 7.11e-15  1.19e-02     1s
  10  -1.89151917e+04 -1.98536228e+04  4.06e-04 7.11e-15  8.76e-03     1s
  11  -1.89378941e+04 -1.96989116e+04  3.63e-04 7.11e-15  7.10e-03     1s
  12  -1.89991234e+04 -1.96309150e+04  2.55e-04 7.11e-15  5.90e-03     1s
  13  -1.90289262e+04 -1.95072058e+04  2.06e-04 7.11e-15  4.46e-03     1s
  14  -1.90575287e+04 -1.94104594e+04  1.62e-04 7.11e-15  3.29e-03     1s
  15  -1.90761617e+04 -1.93606636e+04  1.35e-04 7.11e-15  2.66e-03     1s
  16  -1.90953987e+04 -1.93016802e+04  1.08e-04 7.11e-15  1.93e-03     1s
  17  -1.91039577e+04 -1.92451983e+04  9.63e-05 7.11e-15  1.32e-03     1s
  18  -1.91146996e+04 -1.92226750e+04  8.26e-05 7.11e-15  1.01e-03     1s
  19  -1.91244732e+04 -1.92105928e+04  6.91e-05 7.11e-15  8.05e-04     1s
  20  -1.91320617e+04 -1.92002047e+04  5.91e-05 7.11e-15  6.37e-04     1s
  21  -1.91405347e+04 -1.91929691e+04  4.78e-05 7.11e-15  4.90e-04     1s
  22  -1.91474421e+04 -1.91891698e+04  3.92e-05 7.11e-15  3.90e-04     1s
  23  -1.91553647e+04 -1.91838404e+04  3.14e-05 7.11e-15  2.66e-04     1s
  24  -1.91606357e+04 -1.91827568e+04  2.41e-05 7.11e-15  2.07e-04     1s
  25  -1.91633911e+04 -1.91813922e+04  2.01e-05 7.11e-15  1.68e-04     1s
  26  -1.91648064e+04 -1.91804991e+04  1.78e-05 7.11e-15  1.47e-04     1s
  27  -1.91659289e+04 -1.91801533e+04  1.62e-05 7.11e-15  1.33e-04     2s
  28  -1.91677381e+04 -1.91790801e+04  1.37e-05 7.11e-15  1.06e-04     2s
  29  -1.91728394e+04 -1.91785659e+04  6.61e-06 7.11e-15  5.36e-05     2s
  30  -1.91736855e+04 -1.91782288e+04  5.52e-06 7.11e-15  4.25e-05     2s
  31  -1.91741024e+04 -1.91781351e+04  4.91e-06 3.81e-15  3.77e-05     2s
  32  -1.91744777e+04 -1.91780323e+04  4.36e-06 7.11e-15  3.33e-05     2s
  33  -1.91750949e+04 -1.91778369e+04  3.47e-06 7.11e-15  2.57e-05     2s
  34  -1.91761770e+04 -1.91777552e+04  2.26e-06 7.11e-15  1.48e-05     2s
  35  -1.91767121e+04 -1.91776523e+04  1.41e-06 7.11e-15  8.80e-06     2s
  36  -1.91771220e+04 -1.91776108e+04  7.32e-07 7.11e-15  4.58e-06     2s
  37  -1.91773580e+04 -1.91776025e+04  3.51e-07 7.11e-15  2.29e-06     2s
  38  -1.91775842e+04 -1.91775867e+04  2.73e-09 7.11e-15  2.33e-08     2s
  39  -1.91775862e+04 -1.91775862e+04  2.24e-12 7.11e-15  1.55e-11     2s

Barrier solved model in 39 iterations and 1.82 seconds
Optimal objective -1.91775862e+04


Root relaxation: objective -1.917759e+04, 27480 iterations, 1.71 seconds

    Nodes    |    Current Node    |     Objective Bounds      |     Work
 Expl Unexpl |  Obj  Depth IntInf | Incumbent    BestBd   Gap | It/Node Time

     0     0 -19177.586    0  577    0.00000 -19177.586      -     -    2s
H    0     0                    -18854.88000 -19177.586  1.71%     -    2s

Explored 0 nodes (45932 simplex iterations) in 2.85 seconds
Thread count was 20 (of 20 available processors)

Solution count 2: -18854.9 0 
Pool objective bound -19177.6

Optimal solution found (tolerance 5.00e-02)
Best objective -1.885488000000e+04, best bound -1.917758000000e+04, gap 1.7115%
Changed value of parameter MIPGap to 0.05
   Prev: 0.0001  Min: 0.0  Max: 1e+100  Default: 0.0001
Changed value of parameter TimeLimit to 1800.0
   Prev: 1e+100  Min: 0.0  Max: 1e+100  Default: 1e+100
Changed value of parameter Method to 2
   Prev: -1  Min: -1  Max: 4  Default: -1
Changed value of parameter MIPFocus to 1
   Prev: 0  Min: 0  Max: 3  Default: 0
Optimize a model with 10206 rows, 53383 columns and 106766 nonzeros
Variable types: 0 continuous, 53383 integer (53383 binary)
Coefficient statistics:
  Matrix range     [1e+00, 2e+01]
  Objective range  [5e+00, 4e+01]
  Bounds range     [1e+00, 1e+00]
  RHS range        [8e+01, 8e+01]
Found heuristic solution: objective 0
Presolve time: 0.18s
Presolved: 10206 rows, 53383 columns, 106766 nonzeros
Variable types: 0 continuous, 53383 integer (53383 binary)
Presolved: 10206 rows, 53383 columns, 106766 nonzeros

Root barrier log...

Ordering time: 0.01s

Barrier statistics:
 AA' NZ     : 5.338e+04
 Factor NZ  : 2.304e+05 (roughly 30 MBytes of memory)
 Factor Ops : 3.800e+07 (less than 1 second per iteration)
 Threads    : 1

                  Objective                Residual
Iter       Primal          Dual         Primal    Dual     Compl     Time
   0  -3.17900099e+05 -1.16849382e+06  1.45e+02 5.33e-15  1.09e+02     0s
   1  -9.26155029e+04 -8.83040799e+05  2.90e+01 2.31e-14  2.40e+01     0s
   2  -4.03741455e+04 -3.41007863e+05  3.74e+00 2.49e-14  4.06e+00     0s
   3  -3.33588726e+04 -1.75980468e+05  3.71e-02 1.87e-14  1.34e+00     0s
   4  -3.36617720e+04 -6.56164633e+04  7.76e-03 2.13e-14  2.99e-01     0s
   5  -3.41453784e+04 -4.66439845e+04  2.13e-03 1.42e-14  1.17e-01     0s
   6  -3.44573877e+04 -4.35998987e+04  1.23e-03 7.80e-15  8.53e-02     0s
   7  -3.45588597e+04 -4.19939941e+04  1.13e-03 1.42e-14  6.94e-02     0s
   8  -3.48098856e+04 -4.03878196e+04  7.78e-04 1.42e-14  5.21e-02     1s
   9  -3.50508104e+04 -3.89856593e+04  5.50e-04 1.42e-14  3.67e-02     1s
  10  -3.51431737e+04 -3.83660745e+04  4.84e-04 1.42e-14  3.01e-02     1s
  11  -3.52943371e+04 -3.76121061e+04  3.79e-04 1.42e-14  2.16e-02     1s
  12  -3.53839938e+04 -3.71480920e+04  3.22e-04 1.42e-14  1.65e-02     1s
  13  -3.54660285e+04 -3.67915182e+04  2.72e-04 1.42e-14  1.24e-02     1s
  14  -3.55273337e+04 -3.65258230e+04  2.36e-04 1.42e-14  9.32e-03     1s
  15  -3.55850176e+04 -3.63922217e+04  2.03e-04 1.42e-14  7.54e-03     1s
  16  -3.56475110e+04 -3.62596924e+04  1.68e-04 7.11e-15  5.72e-03     1s
  17  -3.57059984e+04 -3.61462616e+04  1.39e-04 7.11e-15  4.11e-03     1s
  18  -3.57293043e+04 -3.60989424e+04  1.25e-04 7.11e-15  3.45e-03     1s
  19  -3.57532617e+04 -3.60614506e+04  1.11e-04 1.42e-14  2.88e-03     1s
  20  -3.57748535e+04 -3.60479923e+04  9.88e-05 1.42e-14  2.55e-03     1s
  21  -3.57875193e+04 -3.60354833e+04  9.19e-05 1.42e-14  2.32e-03     1s
  22  -3.58064270e+04 -3.60173680e+04  8.18e-05 1.42e-14  1.97e-03     1s
  23  -3.58316431e+04 -3.59944479e+04  6.91e-05 1.42e-14  1.52e-03     1s
  24  -3.58453713e+04 -3.59864102e+04  6.21e-05 1.42e-14  1.32e-03     1s
  25  -3.58585979e+04 -3.59812300e+04  5.47e-05 1.42e-14  1.15e-03     1s
  26  -3.58763572e+04 -3.59760841e+04  4.47e-05 1.42e-14  9.32e-04     1s
  27  -3.58852996e+04 -3.59723187e+04  3.96e-05 1.42e-14  8.14e-04     1s
  28  -3.58944736e+04 -3.59668987e+04  3.51e-05 1.42e-14  6.77e-04     1s
  29  -3.59088803e+04 -3.59640093e+04  2.95e-05 7.11e-15  5.16e-04     1s
  30  -3.59125616e+04 -3.59629395e+04  2.81e-05 7.11e-15  4.71e-04     1s
  31  -3.59225541e+04 -3.59617869e+04  2.14e-05 1.42e-14  3.67e-04     1s
  32  -3.59263774e+04 -3.59609291e+04  1.89e-05 1.42e-14  3.23e-04     1s
  33  -3.59302349e+04 -3.59596002e+04  1.64e-05 1.42e-14  2.75e-04     1s
  34  -3.59356805e+04 -3.59585939e+04  1.37e-05 1.42e-14  2.14e-04     1s
  35  -3.59425161e+04 -3.59577876e+04  9.75e-06 1.42e-14  1.43e-04     1s
  36  -3.59457746e+04 -3.59571816e+04  8.19e-06 7.11e-15  1.07e-04     1s
  37  -3.59461351e+04 -3.59570516e+04  7.89e-06 1.42e-14  1.02e-04     1s
  38  -3.59474883e+04 -3.59568318e+04  6.84e-06 1.42e-14  8.75e-05     1s
  39  -3.59495843e+04 -3.59567668e+04  5.16e-06 1.42e-14  6.72e-05     1s
  40  -3.59506716e+04 -3.59565617e+04  4.55e-06 7.11e-15  5.51e-05     1s
  41  -3.59525498e+04 -3.59564818e+04  2.97e-06 1.42e-14  3.68e-05     1s
  42  -3.59547261e+04 -3.59563622e+04  1.12e-06 1.42e-14  1.53e-05     1s
  43  -3.59555745e+04 -3.59563232e+04  5.82e-07 1.42e-14  7.01e-06     1s
  44  -3.59556383e+04 -3.59563082e+04  5.48e-07 7.11e-15  6.27e-06     1s
  45  -3.59559041e+04 -3.59562994e+04  3.19e-07 1.42e-14  3.70e-06     1s
  46  -3.59562221e+04 -3.59562887e+04  3.80e-08 1.42e-14  6.23e-07     1s
  47  -3.59562358e+04 -3.59562748e+04  2.76e-08 1.42e-14  3.65e-07     1s
  48  -3.59562715e+04 -3.59562748e+04  7.15e-11 1.42e-14  3.04e-08     2s
  49  -3.59562727e+04 -3.59562727e+04  4.97e-13 1.42e-14  3.05e-11     2s

Barrier solved model in 49 iterations and 1.54 seconds
Optimal objective -3.59562727e+04


Root relaxation: objective -3.595627e+04, 26107 iterations, 1.48 seconds

    Nodes    |    Current Node    |     Objective Bounds      |     Work
 Expl Unexpl |  Obj  Depth IntInf | Incumbent    BestBd   Gap | It/Node Time

     0     0 -35956.273    0  630    0.00000 -35956.273      -     -    2s
H    0     0                    -35233.84000 -35956.273  2.05%     -    2s

Explored 0 nodes (40605 simplex iterations) in 2.31 seconds
Thread count was 20 (of 20 available processors)

Solution count 2: -35233.8 0 
Pool objective bound -35956.2

Optimal solution found (tolerance 5.00e-02)
Best objective -3.523384000000e+04, best bound -3.595624000000e+04, gap 2.0503%
Changed value of parameter MIPGap to 0.05
   Prev: 0.0001  Min: 0.0  Max: 1e+100  Default: 0.0001
Changed value of parameter TimeLimit to 1800.0
   Prev: 1e+100  Min: 0.0  Max: 1e+100  Default: 1e+100
Changed value of parameter Method to 2
   Prev: -1  Min: -1  Max: 4  Default: -1
Changed value of parameter MIPFocus to 1
   Prev: 0  Min: 0  Max: 3  Default: 0
Optimize a model with 10206 rows, 53383 columns and 106766 nonzeros
Variable types: 0 continuous, 53383 integer (53383 binary)
Coefficient statistics:
  Matrix range     [1e+00, 2e+01]
  Objective range  [6e+00, 5e+01]
  Bounds range     [1e+00, 1e+00]
  RHS range        [8e+01, 8e+01]
Found heuristic solution: objective 0
Presolve time: 0.18s
Presolved: 10206 rows, 53383 columns, 106766 nonzeros
Variable types: 0 continuous, 53383 integer (53383 binary)
Presolved: 10206 rows, 53383 columns, 106766 nonzeros

Root barrier log...

Ordering time: 0.01s

Barrier statistics:
 AA' NZ     : 5.338e+04
 Factor NZ  : 2.304e+05 (roughly 30 MBytes of memory)
 Factor Ops : 3.800e+07 (less than 1 second per iteration)
 Threads    : 1

                  Objective                Residual
Iter       Primal          Dual         Primal    Dual     Compl     Time
   0  -3.90603764e+05 -1.45795313e+06  1.45e+02 5.33e-15  1.36e+02     0s
   1  -1.13685736e+05 -1.10153925e+06  2.90e+01 2.49e-14  3.00e+01     0s
   2  -4.94869504e+04 -4.25232355e+05  3.75e+00 3.73e-14  5.08e+00     0s
   3  -4.08943042e+04 -2.19371431e+05  3.35e-02 2.93e-14  1.67e+00     0s
   4  -4.12926329e+04 -8.04050592e+04  7.05e-03 2.13e-14  3.65e-01     0s
   5  -4.19271480e+04 -5.88604266e+04  2.57e-03 1.42e-14  1.58e-01     0s
   6  -4.21998552e+04 -5.47806874e+04  1.86e-03 1.42e-14  1.17e-01     0s
   7  -4.24535620e+04 -5.26278692e+04  1.45e-03 1.42e-14  9.50e-02     0s
   8  -4.27358146e+04 -5.00226503e+04  1.08e-03 1.42e-14  6.80e-02     0s
   9  -4.29930410e+04 -4.82355739e+04  8.23e-04 1.42e-14  4.89e-02     1s
  10  -4.31777803e+04 -4.76586773e+04  6.95e-04 1.42e-14  4.18e-02     1s
  11  -4.33907035e+04 -4.65814161e+04  5.43e-04 1.42e-14  2.98e-02     1s
  12  -4.35423906e+04 -4.58666174e+04  4.43e-04 1.42e-14  2.17e-02     1s
  13  -4.37126595e+04 -4.56792472e+04  3.37e-04 1.42e-14  1.84e-02     1s
  14  -4.38090990e+04 -4.51413913e+04  2.84e-04 1.42e-14  1.24e-02     1s
  15  -4.38505455e+04 -4.50351602e+04  2.61e-04 1.42e-14  1.11e-02     1s
  16  -4.39077150e+04 -4.48840239e+04  2.31e-04 1.42e-14  9.12e-03     1s
  17  -4.39990644e+04 -4.46996029e+04  1.87e-04 1.42e-14  6.54e-03     1s
  18  -4.40512140e+04 -4.46201992e+04  1.60e-04 1.42e-14  5.32e-03     1s
  19  -4.40918383e+04 -4.45571471e+04  1.38e-04 1.42e-14  4.35e-03     1s
  20  -4.41172377e+04 -4.45199798e+04  1.24e-04 1.42e-14  3.76e-03     1s
  21  -4.41523184e+04 -4.44758710e+04  1.06e-04 1.42e-14  3.02e-03     1s
  22  -4.41811711e+04 -4.44494166e+04  9.17e-05 1.42e-14  2.51e-03     1s
  23  -4.42214258e+04 -4.44194865e+04  7.38e-05 1.42e-14  1.85e-03     1s
  24  -4.42395240e+04 -4.44042324e+04  6.48e-05 1.42e-14  1.54e-03     1s
  25  -4.42546419e+04 -4.43963771e+04  5.66e-05 1.42e-14  1.33e-03     1s
  26  -4.42638613e+04 -4.43885073e+04  5.18e-05 1.42e-14  1.17e-03     1s
  27  -4.42842841e+04 -4.43832626e+04  4.08e-05 1.03e-14  9.26e-04     1s
  28  -4.43021581e+04 -4.43763785e+04  3.20e-05 1.42e-14  6.94e-04     1s
  29  -4.43105071e+04 -4.43740983e+04  2.95e-05 1.42e-14  5.95e-04     1s
  30  -4.43139261e+04 -4.43732115e+04  2.75e-05 1.42e-14  5.55e-04     1s
  31  -4.43184038e+04 -4.43726165e+04  2.49e-05 1.42e-14  5.07e-04     1s
  32  -4.43243837e+04 -4.43713024e+04  2.14e-05 1.42e-14  4.39e-04     1s
  33  -4.43312557e+04 -4.43688469e+04  1.75e-05 1.42e-14  3.52e-04     1s
  34  -4.43359519e+04 -4.43670840e+04  1.47e-05 1.42e-14  2.91e-04     1s
  35  -4.43440710e+04 -4.43655393e+04  1.04e-05 1.42e-14  2.01e-04     1s
  36  -4.43484789e+04 -4.43648399e+04  7.90e-06 1.42e-14  1.53e-04     1s
  37  -4.43508681e+04 -4.43646455e+04  6.64e-06 1.42e-14  1.29e-04     1s
  38  -4.43541763e+04 -4.43644088e+04  4.79e-06 1.42e-14  9.57e-05     1s
  39  -4.43562842e+04 -4.43641687e+04  3.65e-06 1.42e-14  7.38e-05     1s
  40  -4.43592264e+04 -4.43639946e+04  2.02e-06 1.42e-14  4.46e-05     1s
  41  -4.43605407e+04 -4.43637844e+04  1.36e-06 1.42e-14  3.03e-05     1s
  42  -4.43620102e+04 -4.43635761e+04  6.31e-07 1.42e-14  1.46e-05     1s
  43  -4.43627819e+04 -4.43634899e+04  2.69e-07 7.11e-15  6.62e-06     1s
  44  -4.43632539e+04 -4.43634381e+04  5.48e-08 1.42e-14  1.72e-06     1s
  45  -4.43633486e+04 -4.43633965e+04  1.70e-08 1.42e-14  4.48e-07     1s
  46  -4.43633898e+04 -4.43633941e+04  2.41e-10 1.42e-14  3.96e-08     1s
  47  -4.43633920e+04 -4.43633921e+04  5.84e-12 1.42e-14  5.88e-10     1s

Barrier solved model in 47 iterations and 1.39 seconds
Optimal objective -4.43633920e+04


Root relaxation: objective -4.436339e+04, 26041 iterations, 1.34 seconds

    Nodes    |    Current Node    |     Objective Bounds      |     Work
 Expl Unexpl |  Obj  Depth IntInf | Incumbent    BestBd   Gap | It/Node Time

     0     0 -44363.392    0  723    0.00000 -44363.392      -     -    2s
H    0     0                    -43292.25000 -44363.392  2.47%     -    2s

Explored 0 nodes (37987 simplex iterations) in 2.12 seconds
Thread count was 20 (of 20 available processors)

Solution count 2: -43292.2 0 
Pool objective bound -44363.4

Optimal solution found (tolerance 5.00e-02)
Best objective -4.329225000000e+04, best bound -4.436335000000e+04, gap 2.4741%
Changed value of parameter MIPGap to 0.05
   Prev: 0.0001  Min: 0.0  Max: 1e+100  Default: 0.0001
Changed value of parameter TimeLimit to 1800.0
   Prev: 1e+100  Min: 0.0  Max: 1e+100  Default: 1e+100
Changed value of parameter Method to 2
   Prev: -1  Min: -1  Max: 4  Default: -1
Changed value of parameter MIPFocus to 1
   Prev: 0  Min: 0  Max: 3  Default: 0
Optimize a model with 10206 rows, 53383 columns and 106766 nonzeros
Variable types: 0 continuous, 53383 integer (53383 binary)
Coefficient statistics:
  Matrix range     [1e+00, 2e+01]
  Objective range  [1e+01, 1e+02]
  Bounds range     [1e+00, 1e+00]
  RHS range        [8e+01, 8e+01]
Found heuristic solution: objective 0
Presolve time: 0.21s
Presolved: 10206 rows, 53383 columns, 106766 nonzeros
Variable types: 0 continuous, 53383 integer (53383 binary)
Presolved: 10206 rows, 53383 columns, 106766 nonzeros

Root barrier log...

Ordering time: 0.01s

Barrier statistics:
 AA' NZ     : 5.338e+04
 Factor NZ  : 2.304e+05 (roughly 30 MBytes of memory)
 Factor Ops : 3.800e+07 (less than 1 second per iteration)
 Threads    : 1

                  Objective                Residual
Iter       Primal          Dual         Primal    Dual     Compl     Time
   0  -7.54121933e+05 -2.90524967e+06  1.45e+02 1.07e-14  2.71e+02     0s
   1  -2.19035964e+05 -2.19404044e+06  2.90e+01 5.68e-14  5.99e+01     0s
   2  -9.50337147e+04 -8.46334142e+05  3.76e+00 6.75e-14  1.02e+01     0s
   3  -7.85938752e+04 -4.36735370e+05  2.82e-02 4.53e-14  3.36e+00     0s
   4  -7.94308882e+04 -1.56658903e+05  6.18e-03 3.82e-14  7.22e-01     0s
   5  -8.08324864e+04 -1.19329099e+05  2.26e-03 2.84e-14  3.59e-01     0s
   6  -8.13982708e+04 -1.09348756e+05  1.84e-03 2.84e-14  2.61e-01     0s
   7  -8.19863456e+04 -1.04908597e+05  1.49e-03 2.84e-14  2.14e-01     1s
   8  -8.26160917e+04 -1.00874738e+05  1.17e-03 2.84e-14  1.70e-01     1s
   9  -8.33862043e+04 -9.70015092e+04  8.64e-04 2.84e-14  1.27e-01     1s
  10  -8.37511457e+04 -9.32341358e+04  7.29e-04 2.84e-14  8.85e-02     1s
  11  -8.40965935e+04 -9.07681993e+04  6.24e-04 2.84e-14  6.23e-02     1s
  12  -8.44541640e+04 -9.05174299e+04  5.21e-04 2.84e-14  5.66e-02     1s
  13  -8.46487751e+04 -8.95581596e+04  4.65e-04 2.84e-14  4.58e-02     1s
  14  -8.50641980e+04 -8.88881071e+04  3.56e-04 2.84e-14  3.57e-02     1s
  15  -8.51962629e+04 -8.84336805e+04  3.17e-04 2.84e-14  3.02e-02     1s
  16  -8.53167112e+04 -8.78656260e+04  2.85e-04 2.84e-14  2.38e-02     1s
  17  -8.54942456e+04 -8.72997019e+04  2.40e-04 2.84e-14  1.69e-02     1s
  18  -8.55703331e+04 -8.72022193e+04  2.18e-04 2.84e-14  1.52e-02     1s
  19  -8.56494734e+04 -8.70499092e+04  1.96e-04 2.84e-14  1.31e-02     1s
  20  -8.57379606e+04 -8.69294001e+04  1.72e-04 2.84e-14  1.11e-02     1s
  21  -8.58216779e+04 -8.68037474e+04  1.50e-04 2.84e-14  9.18e-03     1s
  22  -8.58768973e+04 -8.67018302e+04  1.36e-04 2.84e-14  7.71e-03     1s
  23  -8.59975285e+04 -8.66283323e+04  1.07e-04 2.84e-14  5.90e-03     1s
  24  -8.60644622e+04 -8.65693681e+04  9.11e-05 2.84e-14  4.72e-03     1s
  25  -8.61126397e+04 -8.65336789e+04  7.82e-05 2.84e-14  3.94e-03     1s
  26  -8.61579026e+04 -8.65116175e+04  6.60e-05 1.65e-14  3.31e-03     1s
  27  -8.61780046e+04 -8.64923483e+04  6.07e-05 2.84e-14  2.94e-03     1s
  28  -8.62278122e+04 -8.64695812e+04  4.91e-05 2.84e-14  2.26e-03     1s
  29  -8.62683387e+04 -8.64540708e+04  3.97e-05 2.84e-14  1.74e-03     1s
  30  -8.62968812e+04 -8.64377761e+04  3.23e-05 2.84e-14  1.32e-03     1s
  31  -8.63120062e+04 -8.64353699e+04  2.79e-05 2.84e-14  1.15e-03     1s
  32  -8.63255387e+04 -8.64330058e+04  2.42e-05 2.84e-14  1.01e-03     1s
  33  -8.63313475e+04 -8.64308024e+04  2.26e-05 2.84e-14  9.30e-04     1s
  34  -8.63443904e+04 -8.64256223e+04  1.91e-05 2.84e-14  7.60e-04     1s
  35  -8.63653730e+04 -8.64230006e+04  1.38e-05 2.84e-14  5.39e-04     1s
  36  -8.63778459e+04 -8.64217031e+04  1.05e-05 2.84e-14  4.10e-04     1s
  37  -8.63802475e+04 -8.64212254e+04  9.79e-06 2.84e-14  3.83e-04     1s
  38  -8.63839099e+04 -8.64209629e+04  8.82e-06 2.84e-14  3.47e-04     1s
  39  -8.63919481e+04 -8.64205454e+04  6.78e-06 2.84e-14  2.68e-04     1s
  40  -8.63961703e+04 -8.64200948e+04  5.82e-06 2.84e-14  2.24e-04     1s
  41  -8.64000108e+04 -8.64199956e+04  4.79e-06 2.84e-14  1.87e-04     1s
  42  -8.64044346e+04 -8.64198664e+04  3.75e-06 2.84e-14  1.44e-04     1s
  43  -8.64072605e+04 -8.64194112e+04  3.04e-06 1.68e-14  1.14e-04     1s
  44  -8.64100619e+04 -8.64191471e+04  2.28e-06 2.84e-14  8.50e-05     1s
  45  -8.64123578e+04 -8.64190752e+04  1.66e-06 2.84e-14  6.29e-05     1s
  46  -8.64162539e+04 -8.64189729e+04  6.29e-07 2.84e-14  2.54e-05     1s
  47  -8.64186741e+04 -8.64189272e+04  3.63e-08 2.84e-14  2.37e-06     2s
  48  -8.64188716e+04 -8.64188742e+04  1.78e-10 2.84e-14  2.48e-08     2s
  49  -8.64188730e+04 -8.64188730e+04  6.39e-12 2.84e-14  2.60e-11     2s

Barrier solved model in 49 iterations and 1.56 seconds
Optimal objective -8.64188730e+04


Root relaxation: objective -8.641887e+04, 25899 iterations, 1.47 seconds

    Nodes    |    Current Node    |     Objective Bounds      |     Work
 Expl Unexpl |  Obj  Depth IntInf | Incumbent    BestBd   Gap | It/Node Time

     0     0 -86418.873    0  631    0.00000 -86418.873      -     -    2s
H    0     0                    -84241.20000 -86418.873  2.59%     -    2s

Explored 0 nodes (45501 simplex iterations) in 2.29 seconds
Thread count was 20 (of 20 available processors)

Solution count 2: -84241.2 0 
Pool objective bound -86418.8

Optimal solution found (tolerance 5.00e-02)
Best objective -8.424120000000e+04, best bound -8.641880000000e+04, gap 2.5850%
Changed value of parameter MIPGap to 0.05
   Prev: 0.0001  Min: 0.0  Max: 1e+100  Default: 0.0001
Changed value of parameter TimeLimit to 1800.0
   Prev: 1e+100  Min: 0.0  Max: 1e+100  Default: 1e+100
Changed value of parameter Method to 2
   Prev: -1  Min: -1  Max: 4  Default: -1
Changed value of parameter MIPFocus to 1
   Prev: 0  Min: 0  Max: 3  Default: 0
Optimize a model with 10206 rows, 53383 columns and 106766 nonzeros
Variable types: 0 continuous, 53383 integer (53383 binary)
Coefficient statistics:
  Matrix range     [1e+00, 2e+01]
  Objective range  [2e+01, 2e+02]
  Bounds range     [1e+00, 1e+00]
  RHS range        [8e+01, 8e+01]
Found heuristic solution: objective 0
Presolve time: 0.20s
Presolved: 10206 rows, 53383 columns, 106766 nonzeros
Variable types: 0 continuous, 53383 integer (53383 binary)
Presolved: 10206 rows, 53383 columns, 106766 nonzeros

Root barrier log...

Ordering time: 0.01s

Barrier statistics:
 AA' NZ     : 5.338e+04
 Factor NZ  : 2.304e+05 (roughly 30 MBytes of memory)
 Factor Ops : 3.800e+07 (less than 1 second per iteration)
 Threads    : 1

                  Objective                Residual
Iter       Primal          Dual         Primal    Dual     Compl     Time
   0  -1.48115811e+06 -5.79984274e+06  1.45e+02 2.13e-14  5.42e+02     0s
   1  -4.29733468e+05 -4.37904869e+06  2.90e+01 9.95e-14  1.20e+02     0s
   2  -1.86112989e+05 -1.68851836e+06  3.76e+00 1.14e-13  2.03e+01     0s
   3  -1.54013378e+05 -8.71761110e+05  2.61e-02 8.53e-14  6.72e+00     0s
   4  -1.55803347e+05 -3.07915707e+05  5.31e-03 7.02e-14  1.42e+00     1s
   5  -1.58662492e+05 -2.40697458e+05  2.32e-03 5.68e-14  7.66e-01     1s
   6  -1.60550553e+05 -2.16977132e+05  1.65e-03 5.68e-14  5.27e-01     1s
   7  -1.61741558e+05 -2.06406719e+05  1.39e-03 5.68e-14  4.17e-01     1s
   8  -1.62918737e+05 -1.96332650e+05  1.16e-03 5.68e-14  3.12e-01     1s
   9  -1.64303781e+05 -1.89800803e+05  9.10e-04 5.68e-14  2.38e-01     1s
  10  -1.65202679e+05 -1.85224114e+05  7.60e-04 5.68e-14  1.87e-01     1s
  11  -1.66059792e+05 -1.83113504e+05  6.12e-04 5.68e-14  1.59e-01     1s
  12  -1.66701399e+05 -1.78697838e+05  5.09e-04 5.68e-14  1.12e-01     1s
  13  -1.67304142e+05 -1.76345574e+05  4.24e-04 2.84e-14  8.44e-02     1s
  14  -1.68025154e+05 -1.75179695e+05  3.24e-04 5.68e-14  6.68e-02     1s
  15  -1.68206551e+05 -1.74302873e+05  2.97e-04 5.68e-14  5.69e-02     1s
  16  -1.68427864e+05 -1.73631292e+05  2.68e-04 5.68e-14  4.86e-02     1s
  17  -1.68845584e+05 -1.73257816e+05  2.12e-04 5.68e-14  4.12e-02     1s
  18  -1.69144712e+05 -1.72271018e+05  1.72e-04 5.68e-14  2.92e-02     1s
  19  -1.69257576e+05 -1.71987809e+05  1.56e-04 5.68e-14  2.55e-02     1s
  20  -1.69387224e+05 -1.71670128e+05  1.40e-04 5.68e-14  2.13e-02     1s
  21  -1.69549277e+05 -1.71293457e+05  1.20e-04 5.68e-14  1.63e-02     1s
  22  -1.69765787e+05 -1.71103486e+05  9.44e-05 5.68e-14  1.25e-02     1s
  23  -1.69899830e+05 -1.70927122e+05  7.88e-05 5.68e-14  9.60e-03     1s
  24  -1.69995288e+05 -1.70825269e+05  6.65e-05 2.84e-14  7.76e-03     1s
  25  -1.70060646e+05 -1.70791293e+05  5.82e-05 5.68e-14  6.83e-03     1s
  26  -1.70068906e+05 -1.70759359e+05  5.72e-05 5.68e-14  6.45e-03     1s
  27  -1.70099892e+05 -1.70719469e+05  5.35e-05 5.68e-14  5.79e-03     1s
  28  -1.70161623e+05 -1.70690453e+05  4.64e-05 5.68e-14  4.94e-03     1s
  29  -1.70201536e+05 -1.70653764e+05  4.14e-05 5.68e-14  4.23e-03     1s
  30  -1.70230995e+05 -1.70621792e+05  3.75e-05 5.68e-14  3.65e-03     1s
  31  -1.70267292e+05 -1.70612808e+05  3.29e-05 5.68e-14  3.23e-03     1s
  32  -1.70297060e+05 -1.70599327e+05  2.92e-05 5.68e-14  2.83e-03     1s
  33  -1.70327834e+05 -1.70589141e+05  2.54e-05 5.68e-14  2.44e-03     1s
  34  -1.70360136e+05 -1.70577891e+05  2.18e-05 2.85e-14  2.04e-03     1s
  35  -1.70418694e+05 -1.70566114e+05  1.54e-05 5.68e-14  1.38e-03     1s
  36  -1.70433348e+05 -1.70563750e+05  1.38e-05 5.68e-14  1.22e-03     1s
  37  -1.70444703e+05 -1.70560383e+05  1.23e-05 5.68e-14  1.08e-03     1s
  38  -1.70454642e+05 -1.70557042e+05  1.10e-05 5.68e-14  9.58e-04     1s
  39  -1.70469381e+05 -1.70555040e+05  9.11e-06 5.68e-14  8.01e-04     1s
  40  -1.70484372e+05 -1.70551347e+05  7.36e-06 5.68e-14  6.27e-04     1s
  41  -1.70497416e+05 -1.70549646e+05  5.70e-06 5.68e-14  4.89e-04     1s
  42  -1.70510577e+05 -1.70546994e+05  4.06e-06 5.68e-14  3.41e-04     1s
  43  -1.70518996e+05 -1.70546050e+05  3.15e-06 5.68e-14  2.53e-04     1s
  44  -1.70528922e+05 -1.70545857e+05  1.89e-06 5.68e-14  1.58e-04     2s
  45  -1.70534553e+05 -1.70545631e+05  1.19e-06 8.53e-14  1.04e-04     2s
  46  -1.70543423e+05 -1.70545044e+05  1.60e-07 5.68e-14  1.52e-05     2s
  47  -1.70544861e+05 -1.70544878e+05  1.07e-09 5.68e-14  1.60e-07     2s
  48  -1.70544874e+05 -1.70544874e+05  3.06e-13 5.68e-14  1.60e-10     2s

Barrier solved model in 48 iterations and 1.60 seconds
Optimal objective -1.70544874e+05


Root relaxation: objective -1.705449e+05, 25775 iterations, 1.53 seconds

    Nodes    |    Current Node    |     Objective Bounds      |     Work
 Expl Unexpl |  Obj  Depth IntInf | Incumbent    BestBd   Gap | It/Node Time

     0     0 -170544.87    0  670    0.00000 -170544.87      -     -    2s
H    0     0                    -166017.8000 -170544.87  2.73%     -    2s

Explored 0 nodes (40189 simplex iterations) in 2.33 seconds
Thread count was 20 (of 20 available processors)

Solution count 2: -166018 0 
Pool objective bound -170545

Optimal solution found (tolerance 5.00e-02)
Best objective -1.660178000000e+05, best bound -1.705448000000e+05, gap 2.7268%
Changed value of parameter MIPGap to 0.05
   Prev: 0.0001  Min: 0.0  Max: 1e+100  Default: 0.0001
Changed value of parameter TimeLimit to 1800.0
   Prev: 1e+100  Min: 0.0  Max: 1e+100  Default: 1e+100
Changed value of parameter Method to 2
   Prev: -1  Min: -1  Max: 4  Default: -1
Changed value of parameter MIPFocus to 1
   Prev: 0  Min: 0  Max: 3  Default: 0
Optimize a model with 10206 rows, 53383 columns and 106766 nonzeros
Variable types: 0 continuous, 53383 integer (53383 binary)
Coefficient statistics:
  Matrix range     [1e+00, 2e+01]
  Objective range  [5e+01, 5e+02]
  Bounds range     [1e+00, 1e+00]
  RHS range        [8e+01, 8e+01]
Found heuristic solution: objective 0
Presolve time: 0.19s
Presolved: 10206 rows, 53383 columns, 106766 nonzeros
Variable types: 0 continuous, 53383 integer (53383 binary)
Presolved: 10206 rows, 53383 columns, 106766 nonzeros

Root barrier log...

Ordering time: 0.01s

Barrier statistics:
 AA' NZ     : 5.338e+04
 Factor NZ  : 2.304e+05 (roughly 30 MBytes of memory)
 Factor Ops : 3.800e+07 (less than 1 second per iteration)
 Threads    : 1

                  Objective                Residual
Iter       Primal          Dual         Primal    Dual     Compl     Time
   0  -3.66226653e+06 -1.44836220e+07  1.45e+02 5.68e-14  1.35e+03     0s
   1  -1.06182247e+06 -1.09340811e+07  2.90e+01 2.56e-13  2.99e+02     0s
   2  -4.59339924e+05 -4.21504464e+06  3.77e+00 2.84e-13  5.08e+01     0s
   3  -3.80287601e+05 -2.17704104e+06  2.49e-02 2.27e-13  1.68e+01     0s
   4  -3.85005210e+05 -8.36799293e+05  4.40e-03 2.24e-13  4.22e+00     0s
   5  -3.90768167e+05 -6.03820725e+05  2.55e-03 1.36e-13  1.99e+00     0s
   6  -3.94417857e+05 -5.43829818e+05  2.01e-03 1.14e-13  1.39e+00     0s
   7  -3.99773567e+05 -5.23746485e+05  1.42e-03 1.14e-13  1.16e+00     0s
   8  -4.02726100e+05 -4.95996046e+05  1.17e-03 1.14e-13  8.71e-01     1s
   9  -4.06437429e+05 -4.72562175e+05  8.86e-04 1.14e-13  6.17e-01     1s
  10  -4.08535837e+05 -4.56415226e+05  7.56e-04 1.14e-13  4.47e-01     1s
  11  -4.10695544e+05 -4.48511316e+05  6.32e-04 1.14e-13  3.53e-01     1s
  12  -4.12677011e+05 -4.41907133e+05  5.15e-04 1.14e-13  2.73e-01     1s
  13  -4.14322732e+05 -4.36086763e+05  4.23e-04 1.14e-13  2.03e-01     1s
  14  -4.16162383e+05 -4.32234997e+05  3.29e-04 1.14e-13  1.50e-01     1s
  15  -4.16820295e+05 -4.30669497e+05  2.95e-04 1.14e-13  1.29e-01     1s
  16  -4.17524288e+05 -4.27886308e+05  2.59e-04 1.14e-13  9.68e-02     1s
  17  -4.18614459e+05 -4.26782368e+05  2.08e-04 1.14e-13  7.63e-02     1s
  18  -4.19121861e+05 -4.26365386e+05  1.85e-04 1.14e-13  6.77e-02     1s
  19  -4.19537298e+05 -4.25802002e+05  1.64e-04 1.14e-13  5.85e-02     1s
  20  -4.19778436e+05 -4.25121160e+05  1.51e-04 1.14e-13  4.99e-02     1s
  21  -4.19910859e+05 -4.24951522e+05  1.45e-04 1.14e-13  4.71e-02     1s
  22  -4.20104806e+05 -4.24691815e+05  1.35e-04 1.14e-13  4.29e-02     1s
  23  -4.20519464e+05 -4.24000781e+05  1.14e-04 1.14e-13  3.25e-02     1s
  24  -4.20928794e+05 -4.23831181e+05  9.63e-05 1.14e-13  2.71e-02     1s
  25  -4.21105537e+05 -4.23670250e+05  8.75e-05 1.14e-13  2.40e-02     1s
  26  -4.21230560e+05 -4.23551842e+05  8.16e-05 1.14e-13  2.17e-02     1s
  27  -4.21430112e+05 -4.23445854e+05  7.17e-05 1.14e-13  1.88e-02     1s
  28  -4.21586247e+05 -4.23331346e+05  6.50e-05 1.14e-13  1.63e-02     1s
  29  -4.21768213e+05 -4.23248156e+05  5.72e-05 1.14e-13  1.38e-02     1s
  30  -4.21880739e+05 -4.23162556e+05  5.20e-05 1.14e-13  1.20e-02     1s
  31  -4.21990897e+05 -4.23121117e+05  4.64e-05 1.14e-13  1.06e-02     1s
  32  -4.22024301e+05 -4.23085428e+05  4.46e-05 1.14e-13  9.92e-03     1s
  33  -4.22128227e+05 -4.23063197e+05  3.93e-05 1.14e-13  8.74e-03     1s
  34  -4.22240223e+05 -4.23041252e+05  3.40e-05 1.14e-13  7.49e-03     1s
  35  -4.22328864e+05 -4.23021147e+05  2.98e-05 1.14e-13  6.47e-03     1s
  36  -4.22404308e+05 -4.22999806e+05  2.65e-05 1.14e-13  5.57e-03     1s
  37  -4.22469877e+05 -4.22996514e+05  2.31e-05 1.14e-13  4.93e-03     1s
  38  -4.22515520e+05 -4.22979592e+05  2.07e-05 1.14e-13  4.34e-03     1s
  39  -4.22533371e+05 -4.22971254e+05  1.98e-05 1.14e-13  4.10e-03     1s
  40  -4.22626393e+05 -4.22960255e+05  1.53e-05 1.14e-13  3.12e-03     1s
  41  -4.22642889e+05 -4.22953926e+05  1.44e-05 1.14e-13  2.91e-03     1s
  42  -4.22703349e+05 -4.22950987e+05  1.13e-05 1.14e-13  2.32e-03     1s
  43  -4.22748841e+05 -4.22945428e+05  9.37e-06 1.14e-13  1.84e-03     1s
  44  -4.22762603e+05 -4.22942384e+05  8.75e-06 1.14e-13  1.68e-03     1s
  45  -4.22807011e+05 -4.22942055e+05  6.35e-06 1.14e-13  1.26e-03     1s
  46  -4.22829429e+05 -4.22941124e+05  5.21e-06 1.14e-13  1.05e-03     1s
  47  -4.22862378e+05 -4.22939441e+05  3.48e-06 1.14e-13  7.21e-04     1s
  48  -4.22876431e+05 -4.22937879e+05  2.89e-06 1.14e-13  5.75e-04     1s
  49  -4.22895896e+05 -4.22937710e+05  1.97e-06 1.14e-13  3.91e-04     1s
  50  -4.22917559e+05 -4.22936790e+05  8.64e-07 1.14e-13  1.80e-04     2s
  51  -4.22929625e+05 -4.22936452e+05  2.99e-07 1.14e-13  6.39e-05     2s
  52  -4.22935381e+05 -4.22936102e+05  3.03e-08 1.14e-13  6.75e-06     2s
  53  -4.22936042e+05 -4.22936046e+05  6.09e-12 1.14e-13  3.17e-08     2s
  54  -4.22936043e+05 -4.22936043e+05  8.25e-14 1.14e-13  3.17e-11     2s

Barrier solved model in 54 iterations and 1.61 seconds
Optimal objective -4.22936043e+05


Root relaxation: objective -4.229360e+05, 25710 iterations, 1.55 seconds

    Nodes    |    Current Node    |     Objective Bounds      |     Work
 Expl Unexpl |  Obj  Depth IntInf | Incumbent    BestBd   Gap | It/Node Time

     0     0 -422936.04    0  606    0.00000 -422936.04      -     -    2s
H    0     0                    -414511.5000 -422936.04  2.03%     -    2s

Explored 0 nodes (45420 simplex iterations) in 2.44 seconds
Thread count was 20 (of 20 available processors)

Solution count 2: -414512 0 
Pool objective bound -422936

Optimal solution found (tolerance 5.00e-02)
Best objective -4.145115000000e+05, best bound -4.229360000000e+05, gap 2.0324%
Changed value of parameter MIPGap to 0.05
   Prev: 0.0001  Min: 0.0  Max: 1e+100  Default: 0.0001
Changed value of parameter TimeLimit to 1800.0
   Prev: 1e+100  Min: 0.0  Max: 1e+100  Default: 1e+100
Changed value of parameter Method to 2
   Prev: -1  Min: -1  Max: 4  Default: -1
Changed value of parameter MIPFocus to 1
   Prev: 0  Min: 0  Max: 3  Default: 0
Optimize a model with 10206 rows, 53383 columns and 106766 nonzeros
Variable types: 0 continuous, 53383 integer (53383 binary)
Coefficient statistics:
  Matrix range     [1e+00, 2e+01]
  Objective range  [5e+02, 5e+03]
  Bounds range     [1e+00, 1e+00]
  RHS range        [8e+01, 8e+01]
Found heuristic solution: objective 0
Presolve time: 0.17s
Presolved: 10206 rows, 53383 columns, 106766 nonzeros
Variable types: 0 continuous, 53383 integer (53383 binary)
Presolved: 10206 rows, 53383 columns, 106766 nonzeros

Root barrier log...

Ordering time: 0.01s

Barrier statistics:
 AA' NZ     : 5.338e+04
 Factor NZ  : 2.304e+05 (roughly 30 MBytes of memory)
 Factor Ops : 3.800e+07 (less than 1 second per iteration)
 Threads    : 1

                  Objective                Residual
Iter       Primal          Dual         Primal    Dual     Compl     Time
   0  -3.63788924e+07 -1.44740310e+08  1.45e+02 4.55e-13  1.35e+04     0s
   1  -1.05431674e+07 -1.09259610e+08  2.91e+01 2.73e-12  2.99e+03     0s
   2  -4.55770714e+06 -4.21128590e+07  3.77e+00 2.73e-12  5.08e+02     0s
   3  -3.77445680e+06 -2.17569710e+07  2.42e-02 2.50e-12  1.68e+02     0s
   4  -3.82264255e+06 -8.32294184e+06  4.18e-03 2.19e-12  4.20e+01     0s
   5  -3.88781013e+06 -6.08191216e+06  2.24e-03 1.82e-12  2.05e+01     0s
   6  -3.92119605e+06 -5.48596692e+06  1.81e-03 1.82e-12  1.46e+01     0s
   7  -3.95407116e+06 -5.19539889e+06  1.49e-03 1.82e-12  1.16e+01     0s
   8  -4.00712985e+06 -4.91780308e+06  1.07e-03 1.82e-12  8.50e+00     0s
   9  -4.03736525e+06 -4.74218081e+06  8.86e-04 9.09e-13  6.58e+00     1s
  10  -4.06522016e+06 -4.60696004e+06  7.19e-04 1.82e-12  5.06e+00     1s
  11  -4.08655502e+06 -4.50065607e+06  5.91e-04 9.09e-13  3.87e+00     1s
  12  -4.10591106e+06 -4.40190313e+06  4.80e-04 1.82e-12  2.76e+00     1s
  13  -4.12067284e+06 -4.35148405e+06  4.08e-04 1.82e-12  2.15e+00     1s
  14  -4.14128344e+06 -4.31806712e+06  3.08e-04 1.82e-12  1.65e+00     1s
  15  -4.14837451e+06 -4.28879928e+06  2.75e-04 9.09e-13  1.31e+00     1s
  16  -4.15865455e+06 -4.26529747e+06  2.29e-04 9.09e-13  9.96e-01     1s
  17  -4.16586869e+06 -4.24608008e+06  1.97e-04 9.09e-13  7.49e-01     1s
  18  -4.17388390e+06 -4.24027204e+06  1.62e-04 9.09e-13  6.20e-01     1s
  19  -4.17735826e+06 -4.23405831e+06  1.45e-04 9.09e-13  5.30e-01     1s
  20  -4.17826236e+06 -4.23116297e+06  1.41e-04 1.01e-12  4.94e-01     1s
  21  -4.18033351e+06 -4.22663109e+06  1.30e-04 9.09e-13  4.33e-01     1s
  22  -4.18429062e+06 -4.22189871e+06  1.12e-04 9.09e-13  3.51e-01     1s
  23  -4.18852043e+06 -4.21778776e+06  9.50e-05 1.82e-12  2.73e-01     1s
  24  -4.19001571e+06 -4.21575423e+06  8.78e-05 9.09e-13  2.41e-01     1s
  25  -4.19220124e+06 -4.21419144e+06  7.72e-05 1.82e-12  2.06e-01     1s
  26  -4.19424320e+06 -4.21340641e+06  6.74e-05 9.09e-13  1.79e-01     1s
  27  -4.19492962e+06 -4.21261017e+06  6.40e-05 1.82e-12  1.65e-01     1s
  28  -4.19693097e+06 -4.21182839e+06  5.58e-05 1.05e-12  1.39e-01     1s
  29  -4.19835722e+06 -4.21120448e+06  5.03e-05 9.09e-13  1.20e-01     1s
  30  -4.19994953e+06 -4.21070134e+06  4.36e-05 9.09e-13  1.01e-01     1s
  31  -4.20056749e+06 -4.21043992e+06  4.04e-05 9.09e-13  9.23e-02     1s
  32  -4.20180684e+06 -4.21014730e+06  3.40e-05 9.09e-13  7.80e-02     1s
  33  -4.20248539e+06 -4.20988780e+06  3.06e-05 9.52e-13  6.92e-02     1s
  34  -4.20304851e+06 -4.20961498e+06  2.81e-05 9.09e-13  6.14e-02     1s
  35  -4.20399258e+06 -4.20941720e+06  2.42e-05 9.09e-13  5.07e-02     1s
  36  -4.20465804e+06 -4.20922310e+06  2.12e-05 1.02e-12  4.27e-02     1s
  37  -4.20477455e+06 -4.20919513e+06  2.06e-05 1.82e-12  4.14e-02     1s
  38  -4.20529658e+06 -4.20913790e+06  1.77e-05 9.09e-13  3.59e-02     1s
  39  -4.20548503e+06 -4.20910221e+06  1.67e-05 1.82e-12  3.38e-02     1s
  40  -4.20568188e+06 -4.20903820e+06  1.57e-05 9.09e-13  3.14e-02     1s
  41  -4.20583023e+06 -4.20900779e+06  1.49e-05 1.82e-12  2.97e-02     1s
  42  -4.20637809e+06 -4.20897686e+06  1.25e-05 9.09e-13  2.43e-02     1s
  43  -4.20712157e+06 -4.20895045e+06  8.99e-06 9.09e-13  1.71e-02     1s
  44  -4.20741708e+06 -4.20892944e+06  7.38e-06 9.09e-13  1.42e-02     1s
  45  -4.20775855e+06 -4.20891303e+06  5.54e-06 9.09e-13  1.08e-02     1s
  46  -4.20800688e+06 -4.20890402e+06  4.21e-06 9.09e-13  8.39e-03     1s
  47  -4.20821132e+06 -4.20889420e+06  3.13e-06 9.09e-13  6.39e-03     1s
  48  -4.20834102e+06 -4.20887293e+06  2.54e-06 9.09e-13  4.98e-03     1s
  49  -4.20859196e+06 -4.20885855e+06  1.43e-06 9.09e-13  2.50e-03     1s
  50  -4.20875451e+06 -4.20884952e+06  4.66e-07 1.82e-12  8.89e-04     1s
  51  -4.20881184e+06 -4.20884409e+06  1.36e-07 9.09e-13  3.02e-04     1s
  52  -4.20881381e+06 -4.20884247e+06  1.26e-07 9.09e-13  2.68e-04     2s
  53  -4.20882677e+06 -4.20884064e+06  6.00e-08 9.09e-13  1.30e-04     2s
  54  -4.20883827e+06 -4.20883908e+06  3.53e-09 1.82e-12  7.52e-06     2s
  55  -4.20883902e+06 -4.20883903e+06  1.61e-13 1.82e-12  7.52e-09     2s

Barrier solved model in 55 iterations and 1.58 seconds
Optimal objective -4.20883902e+06


Root relaxation: objective -4.208839e+06, 25737 iterations, 1.52 seconds

    Nodes    |    Current Node    |     Objective Bounds      |     Work
 Expl Unexpl |  Obj  Depth IntInf | Incumbent    BestBd   Gap | It/Node Time

     0     0 -4208839.0    0  627    0.00000 -4208839.0      -     -    2s
H    0     0                    -4092744.000 -4208839.0  2.84%     -    2s

Explored 0 nodes (44135 simplex iterations) in 2.41 seconds
Thread count was 20 (of 20 available processors)

Solution count 2: -4.09274e+06 0 
Pool objective bound -4.20884e+06

Optimal solution found (tolerance 5.00e-02)
Best objective -4.092744000000e+06, best bound -4.208839000000e+06, gap 2.8366%
