Changed value of parameter MIPGap to 0.05
   Prev: 0.0001  Min: 0.0  Max: 1e+100  Default: 0.0001
Changed value of parameter TimeLimit to 1800.0
   Prev: 1e+100  Min: 0.0  Max: 1e+100  Default: 1e+100
Changed value of parameter Method to 2
   Prev: -1  Min: -1  Max: 4  Default: -1
Changed value of parameter MIPFocus to 1
   Prev: 0  Min: 0  Max: 3  Default: 0
Optimize a model with 4102 rows, 6003 columns and 12006 nonzeros
Variable types: 0 continuous, 6003 integer (6003 binary)
Coefficient statistics:
  Matrix range     [1e+00, 6e+00]
  Objective range  [1e+00, 1e+00]
  Bounds range     [1e+00, 1e+00]
  RHS range        [8e+01, 8e+01]
Found heuristic solution: objective 0
Presolve removed 4021 rows and 4378 columns
Presolve time: 0.01s
Presolved: 81 rows, 1625 columns, 3089 nonzeros
Found heuristic solution: objective -1351.000000
Variable types: 0 continuous, 1625 integer (1442 binary)
Presolved: 81 rows, 1625 columns, 3089 nonzeros

Root barrier log...

Ordering time: 0.00s

Barrier statistics:
 AA' NZ     : 1.347e+03
 Factor NZ  : 3.211e+03 (roughly 1 MByte of memory)
 Factor Ops : 1.688e+05 (less than 1 second per iteration)
 Threads    : 1

                  Objective                Residual
Iter       Primal          Dual         Primal    Dual     Compl     Time
   0  -5.01674211e+03 -4.11456192e+03  3.71e+01 4.44e-16  3.40e+00     0s
   1  -1.76623391e+03 -3.22556645e+03  3.73e+00 4.36e-01  7.71e-01     0s
   2  -1.45905770e+03 -1.76750235e+03  0.00e+00 2.38e-02  9.29e-02     0s
   3  -1.54651338e+03 -1.59809955e+03  0.00e+00 1.07e-04  1.55e-02     0s
   4  -1.56267081e+03 -1.58004831e+03  0.00e+00 1.78e-15  5.22e-03     0s
   5  -1.56677814e+03 -1.57757854e+03  0.00e+00 8.88e-16  3.24e-03     0s
   6  -1.56805923e+03 -1.57571242e+03  0.00e+00 8.88e-16  2.30e-03     0s
   7  -1.56966289e+03 -1.57460754e+03  0.00e+00 8.88e-16  1.49e-03     0s
   8  -1.57115571e+03 -1.57330066e+03  0.00e+00 8.88e-16  6.44e-04     0s
   9  -1.57279097e+03 -1.57285784e+03  0.00e+00 8.88e-16  2.01e-05     0s
  10  -1.57281666e+03 -1.57281669e+03  0.00e+00 1.78e-15  8.14e-09     0s
  11  -1.57281667e+03 -1.57281667e+03  0.00e+00 1.78e-15  8.14e-12     0s

Barrier solved model in 11 iterations and 0.03 seconds
Optimal objective -1.57281667e+03


Root relaxation: objective -1.572817e+03, 373 iterations, 0.02 seconds

    Nodes    |    Current Node    |     Objective Bounds      |     Work
 Expl Unexpl |  Obj  Depth IntInf | Incumbent    BestBd   Gap | It/Node Time

     0     0 -1572.8167    0   45 -1351.0000 -1572.8167  16.4%     -    0s
H    0     0                    -1560.000000 -1572.8167  0.82%     -    0s

Explored 0 nodes (546 simplex iterations) in 0.06 seconds
Thread count was 20 (of 20 available processors)

Solution count 3: -1560 -1351 -42 
Pool objective bound -1572

Optimal solution found (tolerance 5.00e-02)
Best objective -1.560000000000e+03, best bound -1.572000000000e+03, gap 0.7692%
Changed value of parameter MIPGap to 0.05
   Prev: 0.0001  Min: 0.0  Max: 1e+100  Default: 0.0001
Changed value of parameter TimeLimit to 1800.0
   Prev: 1e+100  Min: 0.0  Max: 1e+100  Default: 1e+100
Changed value of parameter Method to 2
   Prev: -1  Min: -1  Max: 4  Default: -1
Changed value of parameter MIPFocus to 1
   Prev: 0  Min: 0  Max: 3  Default: 0
Optimize a model with 4102 rows, 6003 columns and 12006 nonzeros
Variable types: 0 continuous, 6003 integer (6003 binary)
Coefficient statistics:
  Matrix range     [1e+00, 6e+00]
  Objective range  [1e+00, 1e+00]
  Bounds range     [1e+00, 1e+00]
  RHS range        [8e+01, 8e+01]
Found heuristic solution: objective 0
Presolve removed 4021 rows and 4066 columns
Presolve time: 0.01s
Presolved: 81 rows, 1937 columns, 3464 nonzeros
Found heuristic solution: objective -1385.132522
Variable types: 0 continuous, 1937 integer (1909 binary)
Presolved: 81 rows, 1937 columns, 3464 nonzeros

Root barrier log...

Ordering time: 0.00s

Barrier statistics:
 AA' NZ     : 1.347e+03
 Factor NZ  : 3.211e+03 (roughly 1 MByte of memory)
 Factor Ops : 1.688e+05 (less than 1 second per iteration)
 Threads    : 1

                  Objective                Residual
Iter       Primal          Dual         Primal    Dual     Compl     Time
   0  -5.50789590e+03 -4.06826142e+03  3.99e+01 8.88e-16  2.99e+00     0s
   1  -1.84291790e+03 -3.27513216e+03  4.23e+00 4.20e-01  6.80e-01     0s
   2  -1.46180970e+03 -1.76576680e+03  0.00e+00 1.99e-02  7.70e-02     0s
   3  -1.54332398e+03 -1.59976615e+03  0.00e+00 1.35e-04  1.43e-02     0s
   4  -1.56591315e+03 -1.58526079e+03  0.00e+00 1.78e-15  4.89e-03     0s
   5  -1.56969144e+03 -1.58050259e+03  0.00e+00 8.88e-16  2.73e-03     0s
   6  -1.57050779e+03 -1.57926018e+03  0.00e+00 8.88e-16  2.21e-03     0s
   7  -1.57177512e+03 -1.57818620e+03  0.00e+00 8.88e-16  1.62e-03     0s
   8  -1.57272798e+03 -1.57687628e+03  0.00e+00 8.88e-16  1.05e-03     0s
   9  -1.57435472e+03 -1.57545671e+03  0.00e+00 1.78e-15  2.79e-04     0s
  10  -1.57482721e+03 -1.57505049e+03  0.00e+00 1.78e-15  5.65e-05     0s
  11  -1.57485507e+03 -1.57496997e+03  0.00e+00 8.88e-16  2.91e-05     0s
  12  -1.57486286e+03 -1.57494523e+03  0.00e+00 8.88e-16  2.08e-05     0s
  13  -1.57486748e+03 -1.57493510e+03  0.00e+00 8.88e-16  1.71e-05     0s
  14  -1.57487443e+03 -1.57490690e+03  0.00e+00 1.78e-15  8.21e-06     0s
  15  -1.57488153e+03 -1.57489652e+03  0.00e+00 8.88e-16  3.79e-06     0s
  16  -1.57488328e+03 -1.57489171e+03  0.00e+00 8.88e-16  2.13e-06     0s
  17  -1.57488449e+03 -1.57488954e+03  0.00e+00 8.88e-16  1.28e-06     0s
  18  -1.57488530e+03 -1.57488842e+03  0.00e+00 8.88e-16  7.90e-07     0s
  19  -1.57488617e+03 -1.57488764e+03  0.00e+00 8.88e-16  3.72e-07     0s
  20  -1.57488639e+03 -1.57488722e+03  0.00e+00 8.88e-16  2.10e-07     0s
  21  -1.57488679e+03 -1.57488690e+03  0.00e+00 1.78e-15  2.74e-08     0s
  22  -1.57488685e+03 -1.57488685e+03  0.00e+00 1.78e-15  4.46e-10     0s

Barrier solved model in 22 iterations and 0.03 seconds
Optimal objective -1.57488685e+03


Root relaxation: objective -1.574887e+03, 150 iterations, 0.02 seconds

    Nodes    |    Current Node    |     Objective Bounds      |     Work
 Expl Unexpl |  Obj  Depth IntInf | Incumbent    BestBd   Gap | It/Node Time

     0     0 -1574.8868    0   59 -1385.1325 -1574.8868  13.7%     -    0s
H    0     0                    -1561.037087 -1574.8868  0.89%     -    0s

Explored 0 nodes (153 simplex iterations) in 0.04 seconds
Thread count was 20 (of 20 available processors)

Solution count 3: -1561.04 -1385.13 -36.0475 
Pool objective bound -1574.89

Optimal solution found (tolerance 5.00e-02)
Best objective -1.561037087500e+03, best bound -1.574886846750e+03, gap 0.8872%
Changed value of parameter MIPGap to 0.05
   Prev: 0.0001  Min: 0.0  Max: 1e+100  Default: 0.0001
Changed value of parameter TimeLimit to 1800.0
   Prev: 1e+100  Min: 0.0  Max: 1e+100  Default: 1e+100
Changed value of parameter Method to 2
   Prev: -1  Min: -1  Max: 4  Default: -1
Changed value of parameter MIPFocus to 1
   Prev: 0  Min: 0  Max: 3  Default: 0
Optimize a model with 4102 rows, 6003 columns and 12006 nonzeros
Variable types: 0 continuous, 6003 integer (6003 binary)
Coefficient statistics:
  Matrix range     [1e+00, 6e+00]
  Objective range  [1e+00, 1e+00]
  Bounds range     [1e+00, 1e+00]
  RHS range        [8e+01, 8e+01]
Found heuristic solution: objective 0
Presolve removed 4021 rows and 4066 columns
Presolve time: 0.01s
Presolved: 81 rows, 1937 columns, 3464 nonzeros
Found heuristic solution: objective -1387.265045
Variable types: 0 continuous, 1937 integer (1909 binary)
Presolved: 81 rows, 1937 columns, 3464 nonzeros

Root barrier log...

Ordering time: 0.00s

Barrier statistics:
 AA' NZ     : 1.347e+03
 Factor NZ  : 3.211e+03 (roughly 1 MByte of memory)
 Factor Ops : 1.688e+05 (less than 1 second per iteration)
 Threads    : 1

                  Objective                Residual
Iter       Primal          Dual         Primal    Dual     Compl     Time
   0  -5.51530578e+03 -4.07296215e+03  3.99e+01 8.88e-16  2.99e+00     0s
   1  -1.84542371e+03 -3.27894972e+03  4.23e+00 4.20e-01  6.80e-01     0s
   2  -1.46378251e+03 -1.76722819e+03  0.00e+00 1.97e-02  7.69e-02     0s
   3  -1.54520153e+03 -1.60187554e+03  0.00e+00 1.07e-04  1.43e-02     0s
   4  -1.56800628e+03 -1.58770069e+03  0.00e+00 8.88e-16  4.98e-03     0s
   5  -1.57177498e+03 -1.58276641e+03  0.00e+00 8.88e-16  2.78e-03     0s
   6  -1.57306712e+03 -1.58046730e+03  0.00e+00 8.88e-16  1.87e-03     0s
   7  -1.57420499e+03 -1.57884488e+03  0.00e+00 8.88e-16  1.17e-03     0s
   8  -1.57497290e+03 -1.57836570e+03  0.00e+00 8.88e-16  8.58e-04     0s
   9  -1.57684970e+03 -1.57720709e+03  0.00e+00 8.88e-16  9.04e-05     0s
  10  -1.57688882e+03 -1.57709952e+03  0.00e+00 8.88e-16  5.33e-05     0s
  11  -1.57691028e+03 -1.57705484e+03  0.00e+00 8.88e-16  3.65e-05     0s
  12  -1.57692634e+03 -1.57700494e+03  0.00e+00 8.88e-16  1.99e-05     0s
  13  -1.57694029e+03 -1.57697546e+03  0.00e+00 1.78e-15  8.89e-06     0s
  14  -1.57694649e+03 -1.57696678e+03  0.00e+00 8.88e-16  5.13e-06     0s
  15  -1.57695070e+03 -1.57696324e+03  0.00e+00 8.88e-16  3.17e-06     0s
  16  -1.57695316e+03 -1.57696049e+03  0.00e+00 8.88e-16  1.85e-06     0s
  17  -1.57695464e+03 -1.57695893e+03  0.00e+00 8.88e-16  1.08e-06     0s
  18  -1.57695538e+03 -1.57695793e+03  0.00e+00 8.88e-16  6.47e-07     0s
  19  -1.57695657e+03 -1.57695734e+03  0.00e+00 1.78e-15  1.93e-07     0s
  20  -1.57695700e+03 -1.57695704e+03  0.00e+00 1.78e-15  9.44e-09     0s
  21  -1.57695703e+03 -1.57695703e+03  0.00e+00 1.78e-15  9.53e-12     0s

Barrier solved model in 21 iterations and 0.03 seconds
Optimal objective -1.57695703e+03


Root relaxation: objective -1.576957e+03, 31 iterations, 0.01 seconds

    Nodes    |    Current Node    |     Objective Bounds      |     Work
 Expl Unexpl |  Obj  Depth IntInf | Incumbent    BestBd   Gap | It/Node Time

     0     0 -1576.9570    0   59 -1387.2650 -1576.9570  13.7%     -    0s
H    0     0                    -1563.074175 -1576.9570  0.89%     -    0s

Explored 0 nodes (34 simplex iterations) in 0.04 seconds
Thread count was 20 (of 20 available processors)

Solution count 3: -1563.07 -1387.27 -36.095 
Pool objective bound -1576.96

Optimal solution found (tolerance 5.00e-02)
Best objective -1.563074175000e+03, best bound -1.576957026833e+03, gap 0.8882%
Changed value of parameter MIPGap to 0.05
   Prev: 0.0001  Min: 0.0  Max: 1e+100  Default: 0.0001
Changed value of parameter TimeLimit to 1800.0
   Prev: 1e+100  Min: 0.0  Max: 1e+100  Default: 1e+100
Changed value of parameter Method to 2
   Prev: -1  Min: -1  Max: 4  Default: -1
Changed value of parameter MIPFocus to 1
   Prev: 0  Min: 0  Max: 3  Default: 0
Optimize a model with 4102 rows, 6003 columns and 12006 nonzeros
Variable types: 0 continuous, 6003 integer (6003 binary)
Coefficient statistics:
  Matrix range     [1e+00, 6e+00]
  Objective range  [1e+00, 1e+00]
  Bounds range     [1e+00, 1e+00]
  RHS range        [8e+01, 8e+01]
Found heuristic solution: objective 0
Presolve removed 4021 rows and 4066 columns
Presolve time: 0.01s
Presolved: 81 rows, 1937 columns, 3464 nonzeros
Found heuristic solution: objective -1391.530090
Variable types: 0 continuous, 1937 integer (1909 binary)
Presolved: 81 rows, 1937 columns, 3464 nonzeros

Root barrier log...

Ordering time: 0.00s

Barrier statistics:
 AA' NZ     : 1.347e+03
 Factor NZ  : 3.211e+03 (roughly 1 MByte of memory)
 Factor Ops : 1.688e+05 (less than 1 second per iteration)
 Threads    : 1

                  Objective                Residual
Iter       Primal          Dual         Primal    Dual     Compl     Time
   0  -5.53012553e+03 -4.08236361e+03  3.99e+01 8.88e-16  3.00e+00     0s
   1  -1.85043629e+03 -3.28658517e+03  4.23e+00 4.20e-01  6.82e-01     0s
   2  -1.46769549e+03 -1.77059693e+03  0.00e+00 1.94e-02  7.67e-02     0s
   3  -1.54900646e+03 -1.60613074e+03  0.00e+00 6.15e-05  1.44e-02     0s
   4  -1.56913929e+03 -1.58853702e+03  0.00e+00 8.88e-16  4.91e-03     0s
   5  -1.57337572e+03 -1.58586471e+03  0.00e+00 8.88e-16  3.16e-03     0s
   6  -1.57509456e+03 -1.58403699e+03  0.00e+00 8.88e-16  2.26e-03     0s
   7  -1.57694634e+03 -1.58285497e+03  0.00e+00 8.88e-16  1.49e-03     0s
   8  -1.57883540e+03 -1.58159393e+03  0.00e+00 8.88e-16  6.97e-04     0s
   9  -1.58025809e+03 -1.58137642e+03  0.00e+00 8.88e-16  2.83e-04     0s
  10  -1.58048068e+03 -1.58133689e+03  0.00e+00 8.88e-16  2.16e-04     0s
  11  -1.58091458e+03 -1.58118262e+03  0.00e+00 8.88e-16  6.78e-05     0s
  12  -1.58099372e+03 -1.58113324e+03  0.00e+00 8.88e-16  3.53e-05     0s
  13  -1.58105335e+03 -1.58111782e+03  0.00e+00 8.88e-16  1.63e-05     0s
  14  -1.58106419e+03 -1.58111219e+03  0.00e+00 8.88e-16  1.21e-05     0s
  15  -1.58108385e+03 -1.58110519e+03  0.00e+00 8.88e-16  5.40e-06     0s
  16  -1.58108806e+03 -1.58110271e+03  0.00e+00 8.88e-16  3.70e-06     0s
  17  -1.58109108e+03 -1.58110045e+03  0.00e+00 8.88e-16  2.37e-06     0s
  18  -1.58109352e+03 -1.58109875e+03  0.00e+00 8.88e-16  1.32e-06     0s
  19  -1.58109717e+03 -1.58109752e+03  0.00e+00 1.78e-15  8.82e-08     0s
  20  -1.58109739e+03 -1.58109739e+03  0.00e+00 8.88e-16  6.38e-10     0s

Barrier solved model in 20 iterations and 0.03 seconds
Optimal objective -1.58109739e+03


Root relaxation: objective -1.581097e+03, 89 iterations, 0.01 seconds

    Nodes    |    Current Node    |     Objective Bounds      |     Work
 Expl Unexpl |  Obj  Depth IntInf | Incumbent    BestBd   Gap | It/Node Time

     0     0 -1581.0974    0   60 -1391.5301 -1581.0974  13.6%     -    0s
H    0     0                    -1567.146390 -1581.0974  0.89%     -    0s

Explored 0 nodes (90 simplex iterations) in 0.04 seconds
Thread count was 20 (of 20 available processors)

Solution count 3: -1567.15 -1391.53 -36.19 
Pool objective bound -1581.1

Optimal solution found (tolerance 5.00e-02)
Best objective -1.567146390000e+03, best bound -1.581097387000e+03, gap 0.8902%
Changed value of parameter MIPGap to 0.05
   Prev: 0.0001  Min: 0.0  Max: 1e+100  Default: 0.0001
Changed value of parameter TimeLimit to 1800.0
   Prev: 1e+100  Min: 0.0  Max: 1e+100  Default: 1e+100
Changed value of parameter Method to 2
   Prev: -1  Min: -1  Max: 4  Default: -1
Changed value of parameter MIPFocus to 1
   Prev: 0  Min: 0  Max: 3  Default: 0
Optimize a model with 4102 rows, 6003 columns and 12006 nonzeros
Variable types: 0 continuous, 6003 integer (6003 binary)
Coefficient statistics:
  Matrix range     [1e+00, 6e+00]
  Objective range  [1e+00, 1e+00]
  Bounds range     [1e+00, 1e+00]
  RHS range        [8e+01, 8e+01]
Found heuristic solution: objective 0
Presolve removed 4021 rows and 4066 columns
Presolve time: 0.01s
Presolved: 81 rows, 1937 columns, 3464 nonzeros
Found heuristic solution: objective -1400.060180
Variable types: 0 continuous, 1937 integer (1909 binary)
Presolved: 81 rows, 1937 columns, 3464 nonzeros

Root barrier log...

Ordering time: 0.00s

Barrier statistics:
 AA' NZ     : 1.347e+03
 Factor NZ  : 3.211e+03 (roughly 1 MByte of memory)
 Factor Ops : 1.688e+05 (less than 1 second per iteration)
 Threads    : 1

                  Objective                Residual
Iter       Primal          Dual         Primal    Dual     Compl     Time
   0  -5.55976501e+03 -4.10116653e+03  3.99e+01 8.88e-16  3.01e+00     0s
   1  -1.86046538e+03 -3.30185739e+03  4.22e+00 4.21e-01  6.84e-01     0s
   2  -1.47559879e+03 -1.77919887e+03  0.00e+00 1.94e-02  7.69e-02     0s
   3  -1.56303337e+03 -1.61804000e+03  0.00e+00 2.96e-04  1.39e-02     0s
   4  -1.58092541e+03 -1.60081275e+03  0.00e+00 8.88e-16  5.03e-03     0s
   5  -1.58301797e+03 -1.59702317e+03  0.00e+00 8.88e-16  3.54e-03     0s
   6  -1.58516030e+03 -1.59312416e+03  0.00e+00 8.88e-16  2.01e-03     0s
   7  -1.58659040e+03 -1.59104662e+03  0.00e+00 8.88e-16  1.13e-03     0s
   8  -1.58786856e+03 -1.59032886e+03  0.00e+00 8.88e-16  6.22e-04     0s
   9  -1.58863116e+03 -1.59004274e+03  0.00e+00 8.88e-16  3.57e-04     0s
  10  -1.58879199e+03 -1.58968922e+03  0.00e+00 8.88e-16  2.27e-04     0s
  11  -1.58905029e+03 -1.58946890e+03  0.00e+00 8.88e-16  1.06e-04     0s
  12  -1.58915656e+03 -1.58945408e+03  0.00e+00 8.88e-16  7.52e-05     0s
  13  -1.58926267e+03 -1.58941676e+03  0.00e+00 8.88e-16  3.90e-05     0s
  14  -1.58931221e+03 -1.58940108e+03  0.00e+00 8.88e-16  2.25e-05     0s
  15  -1.58934570e+03 -1.58938566e+03  0.00e+00 8.88e-16  1.01e-05     0s
  16  -1.58935381e+03 -1.58938288e+03  0.00e+00 8.88e-16  7.35e-06     0s
  17  -1.58936998e+03 -1.58937978e+03  0.00e+00 1.78e-15  2.48e-06     0s
  18  -1.58937733e+03 -1.58937822e+03  0.00e+00 8.88e-16  2.25e-07     0s
  19  -1.58937811e+03 -1.58937811e+03  0.00e+00 1.78e-15  2.29e-10     0s

Barrier solved model in 19 iterations and 0.03 seconds
Optimal objective -1.58937811e+03


Root relaxation: objective -1.589378e+03, 27 iterations, 0.01 seconds

    Nodes    |    Current Node    |     Objective Bounds      |     Work
 Expl Unexpl |  Obj  Depth IntInf | Incumbent    BestBd   Gap | It/Node Time

     0     0 -1589.3781    0   59 -1400.0602 -1589.3781  13.5%     -    0s
H    0     0                    -1575.296700 -1589.3781  0.89%     -    0s

Explored 0 nodes (29 simplex iterations) in 0.04 seconds
Thread count was 20 (of 20 available processors)

Solution count 3: -1575.3 -1400.06 -36.3799 
Pool objective bound -1589.38

Optimal solution found (tolerance 5.00e-02)
Best objective -1.575296700000e+03, best bound -1.589378107333e+03, gap 0.8939%
Changed value of parameter MIPGap to 0.05
   Prev: 0.0001  Min: 0.0  Max: 1e+100  Default: 0.0001
Changed value of parameter TimeLimit to 1800.0
   Prev: 1e+100  Min: 0.0  Max: 1e+100  Default: 1e+100
Changed value of parameter Method to 2
   Prev: -1  Min: -1  Max: 4  Default: -1
Changed value of parameter MIPFocus to 1
   Prev: 0  Min: 0  Max: 3  Default: 0
Optimize a model with 4102 rows, 6003 columns and 12006 nonzeros
Variable types: 0 continuous, 6003 integer (6003 binary)
Coefficient statistics:
  Matrix range     [1e+00, 6e+00]
  Objective range  [1e+00, 1e+00]
  Bounds range     [1e+00, 1e+00]
  RHS range        [8e+01, 8e+01]
Found heuristic solution: objective 0
Presolve removed 4021 rows and 4066 columns
Presolve time: 0.01s
Presolved: 81 rows, 1937 columns, 3464 nonzeros
Found heuristic solution: objective -1404.325225
Variable types: 0 continuous, 1937 integer (1909 binary)
Presolved: 81 rows, 1937 columns, 3464 nonzeros

Root barrier log...

Ordering time: 0.00s

Barrier statistics:
 AA' NZ     : 1.347e+03
 Factor NZ  : 3.211e+03 (roughly 1 MByte of memory)
 Factor Ops : 1.688e+05 (less than 1 second per iteration)
 Threads    : 1

                  Objective                Residual
Iter       Primal          Dual         Primal    Dual     Compl     Time
   0  -5.57458474e+03 -4.11056799e+03  3.99e+01 8.88e-16  3.02e+00     0s
   1  -1.86548186e+03 -3.30949417e+03  4.22e+00 4.22e-01  6.85e-01     0s
   2  -1.47955449e+03 -1.78350970e+03  0.00e+00 1.94e-02  7.70e-02     0s
   3  -1.56653548e+03 -1.62206506e+03  0.00e+00 2.14e-04  1.40e-02     0s
   4  -1.58549159e+03 -1.60472866e+03  0.00e+00 2.66e-15  4.86e-03     0s
   5  -1.58699002e+03 -1.60135372e+03  0.00e+00 2.66e-15  3.63e-03     0s
   6  -1.58975019e+03 -1.59739088e+03  0.00e+00 8.88e-16  1.93e-03     0s
   7  -1.59080835e+03 -1.59522348e+03  0.00e+00 8.88e-16  1.12e-03     0s
   8  -1.59201275e+03 -1.59452368e+03  0.00e+00 8.88e-16  6.35e-04     0s
   9  -1.59263784e+03 -1.59424258e+03  0.00e+00 8.88e-16  4.06e-04     0s
  10  -1.59333049e+03 -1.59379051e+03  0.00e+00 1.78e-15  1.16e-04     0s
  11  -1.59342620e+03 -1.59360787e+03  0.00e+00 8.88e-16  4.59e-05     0s
  12  -1.59345493e+03 -1.59356528e+03  0.00e+00 8.88e-16  2.79e-05     0s
  13  -1.59349032e+03 -1.59354317e+03  0.00e+00 8.88e-16  1.34e-05     0s
  14  -1.59350369e+03 -1.59353360e+03  0.00e+00 8.88e-16  7.56e-06     0s
  15  -1.59350948e+03 -1.59352444e+03  0.00e+00 8.88e-16  3.78e-06     0s
  16  -1.59351406e+03 -1.59352007e+03  0.00e+00 8.88e-16  1.52e-06     0s
  17  -1.59351832e+03 -1.59351854e+03  0.00e+00 8.88e-16  5.50e-08     0s
  18  -1.59351847e+03 -1.59351847e+03  0.00e+00 1.78e-15  7.10e-11     0s

Barrier solved model in 18 iterations and 0.03 seconds
Optimal objective -1.59351847e+03


Root relaxation: objective -1.593518e+03, 22 iterations, 0.01 seconds

    Nodes    |    Current Node    |     Objective Bounds      |     Work
 Expl Unexpl |  Obj  Depth IntInf | Incumbent    BestBd   Gap | It/Node Time

     0     0 -1593.5185    0   60 -1404.3252 -1593.5185  13.5%     -    0s
H    0     0                    -1579.365975 -1593.5185  0.90%     -    0s

Explored 0 nodes (23 simplex iterations) in 0.04 seconds
Thread count was 20 (of 20 available processors)

Solution count 3: -1579.37 -1404.33 -36.4749 
Pool objective bound -1593.52

Optimal solution found (tolerance 5.00e-02)
Best objective -1.579365975000e+03, best bound -1.593518467500e+03, gap 0.8961%
Changed value of parameter MIPGap to 0.05
   Prev: 0.0001  Min: 0.0  Max: 1e+100  Default: 0.0001
Changed value of parameter TimeLimit to 1800.0
   Prev: 1e+100  Min: 0.0  Max: 1e+100  Default: 1e+100
Changed value of parameter Method to 2
   Prev: -1  Min: -1  Max: 4  Default: -1
Changed value of parameter MIPFocus to 1
   Prev: 0  Min: 0  Max: 3  Default: 0
Optimize a model with 4102 rows, 6003 columns and 12006 nonzeros
Variable types: 0 continuous, 6003 integer (6003 binary)
Coefficient statistics:
  Matrix range     [1e+00, 6e+00]
  Objective range  [1e+00, 1e+00]
  Bounds range     [1e+00, 1e+00]
  RHS range        [8e+01, 8e+01]
Found heuristic solution: objective 0
Presolve removed 4021 rows and 4066 columns
Presolve time: 0.01s
Presolved: 81 rows, 1937 columns, 3464 nonzeros
Found heuristic solution: objective -1425.650450
Variable types: 0 continuous, 1937 integer (1909 binary)
Presolved: 81 rows, 1937 columns, 3464 nonzeros

Root barrier log...

Ordering time: 0.00s

Barrier statistics:
 AA' NZ     : 1.347e+03
 Factor NZ  : 3.211e+03 (roughly 1 MByte of memory)
 Factor Ops : 1.688e+05 (less than 1 second per iteration)
 Threads    : 1

                  Objective                Residual
Iter       Primal          Dual         Primal    Dual     Compl     Time
   0  -5.64868328e+03 -4.15757529e+03  3.99e+01 8.88e-16  3.05e+00     0s
   1  -1.89058339e+03 -3.34768452e+03  4.22e+00 4.24e-01  6.92e-01     0s
   2  -1.49937063e+03 -1.80508581e+03  0.00e+00 1.93e-02  7.74e-02     0s
   3  -1.58121063e+03 -1.63905812e+03  0.00e+00 3.55e-15  1.46e-02     0s
   4  -1.60072230e+03 -1.62201337e+03  0.00e+00 8.88e-16  5.38e-03     0s
   5  -1.60474507e+03 -1.61902334e+03  0.00e+00 8.88e-16  3.61e-03     0s
   6  -1.60952105e+03 -1.61675448e+03  0.00e+00 8.88e-16  1.83e-03     0s
   7  -1.61153286e+03 -1.61562130e+03  0.00e+00 8.88e-16  1.03e-03     0s
   8  -1.61247387e+03 -1.61530429e+03  0.00e+00 8.88e-16  7.16e-04     0s
   9  -1.61318457e+03 -1.61472227e+03  0.00e+00 8.88e-16  3.89e-04     0s
  10  -1.61371396e+03 -1.61443917e+03  0.00e+00 8.88e-16  1.83e-04     0s
  11  -1.61397620e+03 -1.61435483e+03  0.00e+00 8.88e-16  9.57e-05     0s
  12  -1.61404036e+03 -1.61429358e+03  0.00e+00 8.88e-16  6.40e-05     0s
  13  -1.61410961e+03 -1.61426349e+03  0.00e+00 8.88e-16  3.89e-05     0s
  14  -1.61413611e+03 -1.61424842e+03  0.00e+00 8.88e-16  2.84e-05     0s
  15  -1.61415970e+03 -1.61423100e+03  0.00e+00 8.88e-16  1.80e-05     0s
  16  -1.61417699e+03 -1.61422671e+03  0.00e+00 8.88e-16  1.26e-05     0s
  17  -1.61419052e+03 -1.61422414e+03  0.00e+00 8.88e-16  8.50e-06     0s
  18  -1.61420755e+03 -1.61422240e+03  0.00e+00 8.88e-16  3.76e-06     0s
  19  -1.61421981e+03 -1.61422038e+03  0.00e+00 1.78e-15  1.43e-07     0s
  20  -1.61422027e+03 -1.61422027e+03  0.00e+00 1.78e-15  2.56e-10     0s

Barrier solved model in 20 iterations and 0.03 seconds
Optimal objective -1.61422027e+03


Root relaxation: objective -1.614220e+03, 24 iterations, 0.01 seconds

    Nodes    |    Current Node    |     Objective Bounds      |     Work
 Expl Unexpl |  Obj  Depth IntInf | Incumbent    BestBd   Gap | It/Node Time

     0     0 -1614.2203    0   60 -1425.6505 -1614.2203  13.2%     -    0s
H    0     0                    -1599.731950 -1614.2203  0.91%     -    0s

Explored 0 nodes (26 simplex iterations) in 0.04 seconds
Thread count was 20 (of 20 available processors)

Solution count 3: -1599.73 -1425.65 -36.9498 
Pool objective bound -1614.22

Optimal solution found (tolerance 5.00e-02)
Best objective -1.599731950000e+03, best bound -1.614220268333e+03, gap 0.9057%
Changed value of parameter MIPGap to 0.05
   Prev: 0.0001  Min: 0.0  Max: 1e+100  Default: 0.0001
Changed value of parameter TimeLimit to 1800.0
   Prev: 1e+100  Min: 0.0  Max: 1e+100  Default: 1e+100
Changed value of parameter Method to 2
   Prev: -1  Min: -1  Max: 4  Default: -1
Changed value of parameter MIPFocus to 1
   Prev: 0  Min: 0  Max: 3  Default: 0
Optimize a model with 4102 rows, 6003 columns and 12006 nonzeros
Variable types: 0 continuous, 6003 integer (6003 binary)
Coefficient statistics:
  Matrix range     [1e+00, 6e+00]
  Objective range  [1e+00, 1e+00]
  Bounds range     [1e+00, 1e+00]
  RHS range        [8e+01, 8e+01]
Found heuristic solution: objective 0
Presolve removed 4021 rows and 4066 columns
Presolve time: 0.01s
Presolved: 81 rows, 1937 columns, 3464 nonzeros
Found heuristic solution: objective -1468.300900
Variable types: 0 continuous, 1937 integer (1909 binary)
Presolved: 81 rows, 1937 columns, 3464 nonzeros

Root barrier log...

Ordering time: 0.00s

Barrier statistics:
 AA' NZ     : 1.347e+03
 Factor NZ  : 3.211e+03 (roughly 1 MByte of memory)
 Factor Ops : 1.688e+05 (less than 1 second per iteration)
 Threads    : 1

                  Objective                Residual
Iter       Primal          Dual         Primal    Dual     Compl     Time
   0  -5.79687985e+03 -4.25158988e+03  3.99e+01 8.88e-16  3.11e+00     0s
   1  -1.94087939e+03 -3.42409681e+03  4.21e+00 4.29e-01  7.05e-01     0s
   2  -1.53919224e+03 -1.84831245e+03  0.00e+00 1.94e-02  7.83e-02     0s
   3  -1.62359736e+03 -1.68166625e+03  0.00e+00 1.78e-15  1.47e-02     0s
   4  -1.63495875e+03 -1.66500395e+03  0.00e+00 8.88e-16  7.60e-03     0s
   5  -1.64328017e+03 -1.66097857e+03  0.00e+00 8.88e-16  4.48e-03     0s
   6  -1.64819769e+03 -1.65924808e+03  0.00e+00 8.88e-16  2.79e-03     0s
   7  -1.65015015e+03 -1.65829558e+03  0.00e+00 8.88e-16  2.06e-03     0s
   8  -1.65196702e+03 -1.65701741e+03  0.00e+00 8.88e-16  1.28e-03     0s
   9  -1.65457626e+03 -1.65619921e+03  0.00e+00 8.88e-16  4.10e-04     0s
  10  -1.65511392e+03 -1.65596838e+03  0.00e+00 8.88e-16  2.16e-04     0s
  11  -1.65536660e+03 -1.65579335e+03  0.00e+00 8.88e-16  1.08e-04     0s
  12  -1.65545797e+03 -1.65574214e+03  0.00e+00 8.88e-16  7.19e-05     0s
  13  -1.65553084e+03 -1.65569554e+03  0.00e+00 1.78e-15  4.16e-05     0s
  14  -1.65557006e+03 -1.65568210e+03  0.00e+00 8.88e-16  2.83e-05     0s
  15  -1.65563473e+03 -1.65566791e+03  0.00e+00 8.88e-16  8.39e-06     0s
  16  -1.65564703e+03 -1.65565353e+03  0.00e+00 8.88e-16  1.64e-06     0s
  17  -1.65564975e+03 -1.65565047e+03  0.00e+00 1.78e-15  1.82e-07     0s
  18  -1.65565037e+03 -1.65565039e+03  0.00e+00 8.88e-16  5.40e-09     0s
  19  -1.65565038e+03 -1.65565038e+03  0.00e+00 1.78e-15  5.40e-12     0s

Barrier solved model in 19 iterations and 0.03 seconds
Optimal objective -1.65565038e+03


Root relaxation: objective -1.655650e+03, 20 iterations, 0.01 seconds

    Nodes    |    Current Node    |     Objective Bounds      |     Work
 Expl Unexpl |  Obj  Depth IntInf | Incumbent    BestBd   Gap | It/Node Time

     0     0 -1655.6504    0   59 -1468.3009 -1655.6504  12.8%     -    0s
H    0     0                    -1640.554600 -1655.6504  0.92%     -    0s

Explored 0 nodes (22 simplex iterations) in 0.04 seconds
Thread count was 20 (of 20 available processors)

Solution count 3: -1640.55 -1468.3 -37.8995 
Pool objective bound -1655.65

Optimal solution found (tolerance 5.00e-02)
Best objective -1.640554600000e+03, best bound -1.655650384667e+03, gap 0.9202%
Changed value of parameter MIPGap to 0.05
   Prev: 0.0001  Min: 0.0  Max: 1e+100  Default: 0.0001
Changed value of parameter TimeLimit to 1800.0
   Prev: 1e+100  Min: 0.0  Max: 1e+100  Default: 1e+100
Changed value of parameter Method to 2
   Prev: -1  Min: -1  Max: 4  Default: -1
Changed value of parameter MIPFocus to 1
   Prev: 0  Min: 0  Max: 3  Default: 0
Optimize a model with 4102 rows, 6003 columns and 12006 nonzeros
Variable types: 0 continuous, 6003 integer (6003 binary)
Coefficient statistics:
  Matrix range     [1e+00, 6e+00]
  Objective range  [1e+00, 1e+00]
  Bounds range     [1e+00, 1e+00]
  RHS range        [8e+01, 8e+01]
Found heuristic solution: objective 0
Presolve removed 4021 rows and 4066 columns
Presolve time: 0.01s
Presolved: 81 rows, 1937 columns, 3464 nonzeros
Found heuristic solution: objective -1553.601800
Variable types: 0 continuous, 1937 integer (1909 binary)
Presolved: 81 rows, 1937 columns, 3464 nonzeros

Root barrier log...

Ordering time: 0.00s

Barrier statistics:
 AA' NZ     : 1.347e+03
 Factor NZ  : 3.211e+03 (roughly 1 MByte of memory)
 Factor Ops : 1.688e+05 (less than 1 second per iteration)
 Threads    : 1

                  Objective                Residual
Iter       Primal          Dual         Primal    Dual     Compl     Time
   0  -6.09327110e+03 -4.43961906e+03  3.99e+01 8.88e-16  3.23e+00     0s
   1  -2.04182061e+03 -3.57704023e+03  4.20e+00 4.38e-01  7.31e-01     0s
   2  -1.62014365e+03 -1.94349117e+03  0.00e+00 2.15e-02  8.22e-02     0s
   3  -1.70377126e+03 -1.77490112e+03  0.00e+00 1.78e-15  1.80e-02     0s
   4  -1.71541080e+03 -1.74937785e+03  0.00e+00 8.88e-16  8.62e-03     0s
   5  -1.72527510e+03 -1.74449965e+03  0.00e+00 8.88e-16  4.88e-03     0s
   6  -1.73058281e+03 -1.74257612e+03  0.00e+00 8.88e-16  3.04e-03     0s
   7  -1.73302623e+03 -1.74046114e+03  0.00e+00 1.78e-15  1.89e-03     0s
   8  -1.73453058e+03 -1.73962287e+03  0.00e+00 8.88e-16  1.29e-03     0s
   9  -1.73704795e+03 -1.73914021e+03  0.00e+00 8.88e-16  5.31e-04     0s
  10  -1.73753210e+03 -1.73894205e+03  0.00e+00 8.88e-16  3.58e-04     0s
  11  -1.73799855e+03 -1.73883285e+03  0.00e+00 8.88e-16  2.12e-04     0s
  12  -1.73811840e+03 -1.73878389e+03  0.00e+00 8.88e-16  1.69e-04     0s
  13  -1.73836376e+03 -1.73875683e+03  0.00e+00 8.88e-16  9.98e-05     0s
  14  -1.73849820e+03 -1.73872536e+03  0.00e+00 8.88e-16  5.77e-05     0s
  15  -1.73858706e+03 -1.73870003e+03  0.00e+00 8.88e-16  2.87e-05     0s
  16  -1.73866287e+03 -1.73868953e+03  0.00e+00 8.88e-16  6.77e-06     0s
  17  -1.73867794e+03 -1.73868528e+03  0.00e+00 1.78e-15  1.86e-06     0s
  18  -1.73868365e+03 -1.73868520e+03  0.00e+00 1.78e-15  3.94e-07     0s
  19  -1.73868502e+03 -1.73868502e+03  0.00e+00 8.88e-16  6.33e-10     0s

Barrier solved model in 19 iterations and 0.03 seconds
Optimal objective -1.73868502e+03


Root relaxation: objective -1.738685e+03, 30 iterations, 0.01 seconds

    Nodes    |    Current Node    |     Objective Bounds      |     Work
 Expl Unexpl |  Obj  Depth IntInf | Incumbent    BestBd   Gap | It/Node Time

     0     0 -1738.6850    0   59 -1553.6018 -1738.6850  11.9%     -    0s
H    0     0                    -1721.066600 -1738.6850  1.02%     -    0s

Explored 0 nodes (34 simplex iterations) in 0.04 seconds
Thread count was 20 (of 20 available processors)

Solution count 3: -1721.07 -1553.6 -39.799 
Pool objective bound -1738.69

Optimal solution found (tolerance 5.00e-02)
Best objective -1.721066600000e+03, best bound -1.738685022000e+03, gap 1.0237%
Changed value of parameter MIPGap to 0.05
   Prev: 0.0001  Min: 0.0  Max: 1e+100  Default: 0.0001
Changed value of parameter TimeLimit to 1800.0
   Prev: 1e+100  Min: 0.0  Max: 1e+100  Default: 1e+100
Changed value of parameter Method to 2
   Prev: -1  Min: -1  Max: 4  Default: -1
Changed value of parameter MIPFocus to 1
   Prev: 0  Min: 0  Max: 3  Default: 0
Optimize a model with 4102 rows, 6003 columns and 12006 nonzeros
Variable types: 0 continuous, 6003 integer (6003 binary)
Coefficient statistics:
  Matrix range     [1e+00, 6e+00]
  Objective range  [1e+00, 2e+00]
  Bounds range     [1e+00, 1e+00]
  RHS range        [8e+01, 8e+01]
Found heuristic solution: objective 0
Presolve removed 4021 rows and 4066 columns
Presolve time: 0.01s
Presolved: 81 rows, 1937 columns, 3464 nonzeros
Found heuristic solution: objective -1596.252250
Variable types: 0 continuous, 1937 integer (1909 binary)
Presolved: 81 rows, 1937 columns, 3464 nonzeros

Root barrier log...

Ordering time: 0.00s

Barrier statistics:
 AA' NZ     : 1.347e+03
 Factor NZ  : 3.211e+03 (roughly 1 MByte of memory)
 Factor Ops : 1.688e+05 (less than 1 second per iteration)
 Threads    : 1

                  Objective                Residual
Iter       Primal          Dual         Primal    Dual     Compl     Time
   0  -6.24146584e+03 -4.53363365e+03  3.99e+01 8.88e-16  3.29e+00     0s
   1  -2.09245392e+03 -3.65356743e+03  4.20e+00 4.43e-01  7.43e-01     0s
   2  -1.66065790e+03 -1.99179511e+03  0.00e+00 2.26e-02  8.42e-02     0s
   3  -1.74330706e+03 -1.82390259e+03  0.00e+00 2.66e-15  2.04e-02     0s
   4  -1.75546576e+03 -1.79305542e+03  0.00e+00 1.78e-15  9.54e-03     0s
   5  -1.76755468e+03 -1.78632014e+03  0.00e+00 8.88e-16  4.76e-03     0s
   6  -1.77247373e+03 -1.78452397e+03  5.15e-05 1.78e-15  3.06e-03     0s
   7  -1.77518892e+03 -1.78236385e+03  5.22e-05 8.88e-16  1.82e-03     0s
   8  -1.77649006e+03 -1.78176406e+03  4.33e-05 8.88e-16  1.34e-03     0s
   9  -1.77844513e+03 -1.78094768e+03  0.00e+00 8.88e-16  6.35e-04     0s
  10  -1.77910575e+03 -1.78070778e+03  0.00e+00 8.88e-16  4.07e-04     0s
  11  -1.77949713e+03 -1.78037923e+03  0.00e+00 8.88e-16  2.24e-04     0s
  12  -1.77977750e+03 -1.78032333e+03  0.00e+00 8.88e-16  1.39e-04     0s
  13  -1.78004766e+03 -1.78028462e+03  0.00e+00 8.88e-16  6.02e-05     0s
  14  -1.78010371e+03 -1.78025975e+03  0.00e+00 8.88e-16  3.96e-05     0s
  15  -1.78023645e+03 -1.78025255e+03  0.00e+00 8.88e-16  4.08e-06     0s
  16  -1.78024566e+03 -1.78024619e+03  0.00e+00 1.78e-15  1.34e-07     0s
  17  -1.78024597e+03 -1.78024598e+03  0.00e+00 1.78e-15  1.35e-10     0s

Barrier solved model in 17 iterations and 0.03 seconds
Optimal objective -1.78024597e+03


Root relaxation: objective -1.780246e+03, 23 iterations, 0.01 seconds

    Nodes    |    Current Node    |     Objective Bounds      |     Work
 Expl Unexpl |  Obj  Depth IntInf | Incumbent    BestBd   Gap | It/Node Time

     0     0 -1780.2460    0   62 -1596.2523 -1780.2460  11.5%     -    0s
H    0     0                    -1761.647750 -1780.2460  1.06%     -    0s

Explored 0 nodes (27 simplex iterations) in 0.04 seconds
Thread count was 20 (of 20 available processors)

Solution count 3: -1761.65 -1596.25 -40.7488 
Pool objective bound -1780.25

Optimal solution found (tolerance 5.00e-02)
Best objective -1.761647750000e+03, best bound -1.780245975000e+03, gap 1.0557%
Changed value of parameter MIPGap to 0.05
   Prev: 0.0001  Min: 0.0  Max: 1e+100  Default: 0.0001
Changed value of parameter TimeLimit to 1800.0
   Prev: 1e+100  Min: 0.0  Max: 1e+100  Default: 1e+100
Changed value of parameter Method to 2
   Prev: -1  Min: -1  Max: 4  Default: -1
Changed value of parameter MIPFocus to 1
   Prev: 0  Min: 0  Max: 3  Default: 0
Optimize a model with 4102 rows, 6003 columns and 12006 nonzeros
Variable types: 0 continuous, 6003 integer (6003 binary)
Coefficient statistics:
  Matrix range     [1e+00, 6e+00]
  Objective range  [1e+00, 2e+00]
  Bounds range     [1e+00, 1e+00]
  RHS range        [8e+01, 8e+01]
Found heuristic solution: objective 0
Presolve removed 4021 rows and 4066 columns
Presolve time: 0.01s
Presolved: 81 rows, 1937 columns, 3464 nonzeros
Found heuristic solution: objective -1809.504500
Variable types: 0 continuous, 1937 integer (1909 binary)
Presolved: 81 rows, 1937 columns, 3464 nonzeros

Root barrier log...

Ordering time: 0.00s

Barrier statistics:
 AA' NZ     : 1.347e+03
 Factor NZ  : 3.211e+03 (roughly 1 MByte of memory)
 Factor Ops : 1.688e+05 (less than 1 second per iteration)
 Threads    : 1

                  Objective                Residual
Iter       Primal          Dual         Primal    Dual     Compl     Time
   0  -6.98256700e+03 -5.03502926e+03  3.99e+01 6.66e-16  3.62e+00     0s
   1  -2.34345680e+03 -4.06027267e+03  4.16e+00 4.74e-01  8.15e-01     0s
   2  -1.86504775e+03 -2.23770558e+03  0.00e+00 2.84e-02  9.47e-02     0s
   3  -1.94795104e+03 -2.03063668e+03  0.00e+00 1.78e-15  2.10e-02     0s
   4  -1.96920623e+03 -2.00481566e+03  0.00e+00 1.78e-15  9.03e-03     0s
   5  -1.97581032e+03 -1.99726736e+03  0.00e+00 8.88e-16  5.44e-03     0s
   6  -1.97974529e+03 -1.99352505e+03  0.00e+00 8.88e-16  3.50e-03     0s
   7  -1.98131034e+03 -1.99250198e+03  0.00e+00 8.88e-16  2.84e-03     0s
   8  -1.98317962e+03 -1.99192180e+03  0.00e+00 1.78e-15  2.22e-03     0s
   9  -1.98613281e+03 -1.99072418e+03  0.00e+00 8.88e-16  1.16e-03     0s
  10  -1.98749318e+03 -1.98993491e+03  0.00e+00 8.88e-16  6.19e-04     0s
  11  -1.98818902e+03 -1.98957518e+03  0.00e+00 8.88e-16  3.52e-04     0s
  12  -1.98878064e+03 -1.98936576e+03  0.00e+00 8.88e-16  1.48e-04     0s
  13  -1.98905703e+03 -1.98923527e+03  0.00e+00 8.88e-16  4.52e-05     0s
  14  -1.98917440e+03 -1.98921111e+03  0.00e+00 8.88e-16  9.30e-06     0s
  15  -1.98918928e+03 -1.98919257e+03  0.00e+00 1.78e-15  8.32e-07     0s
  16  -1.98919048e+03 -1.98919054e+03  0.00e+00 1.78e-15  1.66e-08     0s
  17  -1.98919049e+03 -1.98919049e+03  0.00e+00 1.78e-15  1.66e-11     0s

Barrier solved model in 17 iterations and 0.03 seconds
Optimal objective -1.98919049e+03


Root relaxation: objective -1.989190e+03, 28 iterations, 0.01 seconds

    Nodes    |    Current Node    |     Objective Bounds      |     Work
 Expl Unexpl |  Obj  Depth IntInf | Incumbent    BestBd   Gap | It/Node Time

     0     0 -1989.1905    0   55 -1809.5045 -1989.1905  9.93%     -    0s
H    0     0                    -1968.116500 -1989.1905  1.07%     -    0s

Explored 0 nodes (31 simplex iterations) in 0.04 seconds
Thread count was 20 (of 20 available processors)

Solution count 3: -1968.12 -1809.5 -45.4975 
Pool objective bound -1989.19

Optimal solution found (tolerance 5.00e-02)
Best objective -1.968116500000e+03, best bound -1.989190493333e+03, gap 1.0708%
Changed value of parameter MIPGap to 0.05
   Prev: 0.0001  Min: 0.0  Max: 1e+100  Default: 0.0001
Changed value of parameter TimeLimit to 1800.0
   Prev: 1e+100  Min: 0.0  Max: 1e+100  Default: 1e+100
Changed value of parameter Method to 2
   Prev: -1  Min: -1  Max: 4  Default: -1
Changed value of parameter MIPFocus to 1
   Prev: 0  Min: 0  Max: 3  Default: 0
Optimize a model with 4102 rows, 6003 columns and 12006 nonzeros
Variable types: 0 continuous, 6003 integer (6003 binary)
Coefficient statistics:
  Matrix range     [1e+00, 6e+00]
  Objective range  [1e+00, 3e+00]
  Bounds range     [1e+00, 1e+00]
  RHS range        [8e+01, 8e+01]
Found heuristic solution: objective 0
Presolve removed 4021 rows and 4066 columns
Presolve time: 0.01s
Presolved: 81 rows, 1937 columns, 3464 nonzeros
Found heuristic solution: objective -2236.009000
Variable types: 0 continuous, 1937 integer (1909 binary)
Presolved: 81 rows, 1937 columns, 3464 nonzeros

Root barrier log...

Ordering time: 0.00s

Barrier statistics:
 AA' NZ     : 1.347e+03
 Factor NZ  : 3.211e+03 (roughly 1 MByte of memory)
 Factor Ops : 1.688e+05 (less than 1 second per iteration)
 Threads    : 1

                  Objective                Residual
Iter       Primal          Dual         Primal    Dual     Compl     Time
   0  -8.46486938e+03 -6.06254257e+03  3.99e+01 8.88e-16  4.31e+00     0s
   1  -2.84841774e+03 -4.89432473e+03  4.08e+00 5.45e-01  9.65e-01     0s
   2  -2.27345301e+03 -2.72751325e+03  0.00e+00 3.60e-02  1.15e-01     0s
   3  -2.37390677e+03 -2.47932495e+03  0.00e+00 1.60e-14  2.67e-02     0s
   4  -2.40080326e+03 -2.44413831e+03  0.00e+00 6.22e-15  1.10e-02     0s
   5  -2.41051456e+03 -2.43282949e+03  0.00e+00 2.66e-15  5.66e-03     0s
   6  -2.41693884e+03 -2.42836552e+03  0.00e+00 1.78e-15  2.90e-03     0s
   7  -2.42075599e+03 -2.42596433e+03  0.00e+00 1.78e-15  1.32e-03     0s
   8  -2.42238565e+03 -2.42501230e+03  0.00e+00 1.78e-15  6.66e-04     0s
   9  -2.42396156e+03 -2.42455788e+03  0.00e+00 1.78e-15  1.51e-04     0s
  10  -2.42429284e+03 -2.42445787e+03  0.00e+00 1.78e-15  4.18e-05     0s
  11  -2.42438509e+03 -2.42441685e+03  0.00e+00 1.78e-15  8.04e-06     0s
  12  -2.42438954e+03 -2.42440697e+03  0.00e+00 1.78e-15  4.41e-06     0s
  13  -2.42440176e+03 -2.42440220e+03  0.00e+00 1.78e-15  1.13e-07     0s
  14  -2.42440186e+03 -2.42440186e+03  0.00e+00 1.78e-15  9.27e-10     0s

Barrier solved model in 14 iterations and 0.02 seconds
Optimal objective -2.42440186e+03


Root relaxation: objective -2.424402e+03, 27 iterations, 0.01 seconds

    Nodes    |    Current Node    |     Objective Bounds      |     Work
 Expl Unexpl |  Obj  Depth IntInf | Incumbent    BestBd   Gap | It/Node Time

     0     0 -2424.4019    0   60 -2236.0090 -2424.4019  8.43%     -    0s
H    0     0                    -2395.512000 -2424.4019  1.21%     -    0s

Explored 0 nodes (29 simplex iterations) in 0.04 seconds
Thread count was 20 (of 20 available processors)

Solution count 3: -2395.51 -2236.01 -54.995 
Pool objective bound -2424.4

Optimal solution found (tolerance 5.00e-02)
Best objective -2.395512000000e+03, best bound -2.424401858333e+03, gap 1.2060%
Changed value of parameter MIPGap to 0.05
   Prev: 0.0001  Min: 0.0  Max: 1e+100  Default: 0.0001
Changed value of parameter TimeLimit to 1800.0
   Prev: 1e+100  Min: 0.0  Max: 1e+100  Default: 1e+100
Changed value of parameter Method to 2
   Prev: -1  Min: -1  Max: 4  Default: -1
Changed value of parameter MIPFocus to 1
   Prev: 0  Min: 0  Max: 3  Default: 0
Optimize a model with 4102 rows, 6003 columns and 12006 nonzeros
Variable types: 0 continuous, 6003 integer (6003 binary)
Coefficient statistics:
  Matrix range     [1e+00, 6e+00]
  Objective range  [2e+00, 5e+00]
  Bounds range     [1e+00, 1e+00]
  RHS range        [8e+01, 8e+01]
Found heuristic solution: objective 0
Presolve removed 4021 rows and 4066 columns
Presolve time: 0.01s
Presolved: 81 rows, 1937 columns, 3464 nonzeros
Found heuristic solution: objective -3094.478000
Variable types: 0 continuous, 1937 integer (1909 binary)
Presolved: 81 rows, 1937 columns, 3464 nonzeros

Root barrier log...

Ordering time: 0.00s

Barrier statistics:
 AA' NZ     : 1.347e+03
 Factor NZ  : 3.211e+03 (roughly 1 MByte of memory)
 Factor Ops : 1.688e+05 (less than 1 second per iteration)
 Threads    : 1

                  Objective                Residual
Iter       Primal          Dual         Primal    Dual     Compl     Time
   0  -1.14294661e+04 -8.11756918e+03  3.99e+01 8.88e-16  5.70e+00     0s
   1  -3.87184103e+03 -6.56717833e+03  3.99e+00 6.98e-01  1.26e+00     0s
   2  -3.12610414e+03 -3.69863923e+03  0.00e+00 4.19e-02  1.46e-01     0s
   3  -3.26995174e+03 -3.40311013e+03  0.00e+00 2.66e-15  3.38e-02     0s
   4  -3.31115666e+03 -3.35777217e+03  0.00e+00 1.78e-15  1.18e-02     0s
   5  -3.32720534e+03 -3.34664608e+03  0.00e+00 1.78e-15  4.93e-03     0s
   6  -3.33420379e+03 -3.34260350e+03  0.00e+00 1.78e-15  2.13e-03     0s
   7  -3.33682878e+03 -3.33971386e+03  0.00e+00 1.78e-15  7.31e-04     0s
   8  -3.33805547e+03 -3.33901778e+03  0.00e+00 1.78e-15  2.44e-04     0s
   9  -3.33848401e+03 -3.33859726e+03  0.00e+00 1.78e-15  2.87e-05     0s
  10  -3.33851743e+03 -3.33853341e+03  0.00e+00 1.78e-15  4.04e-06     0s
  11  -3.33851982e+03 -3.33851992e+03  0.00e+00 1.78e-15  2.55e-08     0s
  12  -3.33851987e+03 -3.33851987e+03  0.00e+00 1.78e-15  1.28e-12     0s

Barrier solved model in 12 iterations and 0.02 seconds
Optimal objective -3.33851987e+03


Root relaxation: objective -3.338520e+03, 30 iterations, 0.01 seconds

    Nodes    |    Current Node    |     Objective Bounds      |     Work
 Expl Unexpl |  Obj  Depth IntInf | Incumbent    BestBd   Gap | It/Node Time

     0     0 -3338.5199    0   51 -3094.4780 -3338.5199  7.89%     -    0s
H    0     0                    -3305.496000 -3338.5199  1.00%     -    0s

Explored 0 nodes (31 simplex iterations) in 0.04 seconds
Thread count was 20 (of 20 available processors)

Solution count 3: -3305.5 -3094.48 -73.99 
Pool objective bound -3338.52

Optimal solution found (tolerance 5.00e-02)
Best objective -3.305496000000e+03, best bound -3.338519866667e+03, gap 0.9991%
Changed value of parameter MIPGap to 0.05
   Prev: 0.0001  Min: 0.0  Max: 1e+100  Default: 0.0001
Changed value of parameter TimeLimit to 1800.0
   Prev: 1e+100  Min: 0.0  Max: 1e+100  Default: 1e+100
Changed value of parameter Method to 2
   Prev: -1  Min: -1  Max: 4  Default: -1
Changed value of parameter MIPFocus to 1
   Prev: 0  Min: 0  Max: 3  Default: 0
Optimize a model with 4102 rows, 6003 columns and 12006 nonzeros
Variable types: 0 continuous, 6003 integer (6003 binary)
Coefficient statistics:
  Matrix range     [1e+00, 6e+00]
  Objective range  [2e+00, 6e+00]
  Bounds range     [1e+00, 1e+00]
  RHS range        [8e+01, 8e+01]
Found heuristic solution: objective 0
Presolve removed 4021 rows and 4066 columns
Presolve time: 0.01s
Presolved: 81 rows, 1937 columns, 3464 nonzeros
Found heuristic solution: objective -3522.847500
Variable types: 0 continuous, 1937 integer (1909 binary)
Presolve removed 0 rows and 1 columns
Presolved: 81 rows, 1936 columns, 3463 nonzeros

Root barrier log...

Ordering time: 0.00s

Barrier statistics:
 AA' NZ     : 1.347e+03
 Factor NZ  : 3.211e+03 (roughly 1 MByte of memory)
 Factor Ops : 1.688e+05 (less than 1 second per iteration)
 Threads    : 1

                  Objective                Residual
Iter       Primal          Dual         Primal    Dual     Compl     Time
   0  -1.29047923e+04 -9.14694521e+03  3.99e+01 1.78e-15  6.39e+00     0s
   1  -4.38724180e+03 -7.40510334e+03  3.96e+00 7.74e-01  1.41e+00     0s
   2  -3.56113459e+03 -4.18439233e+03  2.45e-03 4.30e-02  1.59e-01     0s
   3  -3.72694625e+03 -3.87420904e+03  0.00e+00 7.11e-15  3.74e-02     0s
   4  -3.77076024e+03 -3.83162078e+03  0.00e+00 3.55e-15  1.54e-02     0s
   5  -3.78723975e+03 -3.81766827e+03  0.00e+00 1.78e-15  7.72e-03     0s
   6  -3.79635902e+03 -3.81028321e+03  0.00e+00 1.78e-15  3.53e-03     0s
   7  -3.80079492e+03 -3.80586982e+03  0.00e+00 1.78e-15  1.29e-03     0s
   8  -3.80252247e+03 -3.80422925e+03  0.00e+00 3.55e-15  4.33e-04     0s
   9  -3.80313495e+03 -3.80341759e+03  0.00e+00 1.78e-15  7.16e-05     0s
  10  -3.80323365e+03 -3.80331666e+03  0.00e+00 3.55e-15  2.10e-05     0s
  11  -3.80325659e+03 -3.80328359e+03  0.00e+00 3.55e-15  6.85e-06     0s
  12  -3.80328035e+03 -3.80328300e+03  0.00e+00 2.66e-15  6.70e-07     0s
  13  -3.80328192e+03 -3.80328193e+03  0.00e+00 3.55e-15  2.40e-09     0s

Barrier solved model in 13 iterations and 0.02 seconds
Optimal objective -3.80328192e+03


Root relaxation: objective -3.803282e+03, 31 iterations, 0.01 seconds

    Nodes    |    Current Node    |     Objective Bounds      |     Work
 Expl Unexpl |  Obj  Depth IntInf | Incumbent    BestBd   Gap | It/Node Time

     0     0 -3803.2819    0   61 -3522.8475 -3803.2819  7.96%     -    0s
H    0     0                    -3771.210000 -3803.2819  0.85%     -    0s

Explored 0 nodes (31 simplex iterations) in 0.04 seconds
Thread count was 20 (of 20 available processors)

Solution count 3: -3771.21 -3522.85 -83.4875 
Pool objective bound -3803.28

Optimal solution found (tolerance 5.00e-02)
Best objective -3.771210000000e+03, best bound -3.803281930556e+03, gap 0.8504%
Changed value of parameter MIPGap to 0.05
   Prev: 0.0001  Min: 0.0  Max: 1e+100  Default: 0.0001
Changed value of parameter TimeLimit to 1800.0
   Prev: 1e+100  Min: 0.0  Max: 1e+100  Default: 1e+100
Changed value of parameter Method to 2
   Prev: -1  Min: -1  Max: 4  Default: -1
Changed value of parameter MIPFocus to 1
   Prev: 0  Min: 0  Max: 3  Default: 0
Optimize a model with 4102 rows, 6003 columns and 12006 nonzeros
Variable types: 0 continuous, 6003 integer (6003 binary)
Coefficient statistics:
  Matrix range     [1e+00, 6e+00]
  Objective range  [3e+00, 1e+01]
  Bounds range     [1e+00, 1e+00]
  RHS range        [8e+01, 8e+01]
Found heuristic solution: objective 0
Presolve removed 4021 rows and 4066 columns
Presolve time: 0.01s
Presolved: 81 rows, 1937 columns, 3464 nonzeros
Found heuristic solution: objective -5661.620000
Variable types: 0 continuous, 1937 integer (1909 binary)
Presolve removed 0 rows and 1 columns
Presolved: 81 rows, 1936 columns, 3463 nonzeros

Root barrier log...

Ordering time: 0.00s

Barrier statistics:
 AA' NZ     : 1.347e+03
 Factor NZ  : 3.211e+03 (roughly 1 MByte of memory)
 Factor Ops : 1.688e+05 (less than 1 second per iteration)
 Threads    : 1

                  Objective                Residual
Iter       Primal          Dual         Primal    Dual     Compl     Time
   0  -2.03144221e+04 -1.42843844e+04  3.99e+01 1.78e-15  9.86e+00     0s
   1  -6.98114929e+03 -1.15996970e+04  3.88e+00 1.16e+00  2.15e+00     0s
   2  -5.73824228e+03 -6.66362370e+03  2.47e-03 5.54e-02  2.35e-01     0s
   3  -6.02585262e+03 -6.26114808e+03  0.00e+00 2.31e-14  5.97e-02     0s
   4  -6.09504195e+03 -6.18452697e+03  0.00e+00 8.88e-15  2.27e-02     0s
   5  -6.11747198e+03 -6.15881836e+03  0.00e+00 5.33e-15  1.05e-02     0s
   6  -6.12776396e+03 -6.15010198e+03  0.00e+00 3.55e-15  5.66e-03     0s
   7  -6.13582805e+03 -6.14599491e+03  0.00e+00 3.55e-15  2.58e-03     0s
   8  -6.13932620e+03 -6.14354483e+03  0.00e+00 3.55e-15  1.07e-03     0s
   9  -6.14130812e+03 -6.14245127e+03  0.00e+00 3.55e-15  2.90e-04     0s
  10  -6.14188754e+03 -6.14200448e+03  0.00e+00 3.55e-15  2.96e-05     0s
  11  -6.14193612e+03 -6.14193746e+03  0.00e+00 5.33e-15  3.39e-07     0s
  12  -6.14193667e+03 -6.14193667e+03  0.00e+00 5.33e-15  9.48e-12     0s

Barrier solved model in 12 iterations and 0.02 seconds
Optimal objective -6.14193667e+03


Root relaxation: objective -6.141937e+03, 38 iterations, 0.01 seconds

    Nodes    |    Current Node    |     Objective Bounds      |     Work
 Expl Unexpl |  Obj  Depth IntInf | Incumbent    BestBd   Gap | It/Node Time

     0     0 -6141.9367    0   42 -5661.6200 -6141.9367  8.48%     -    0s
H    0     0                    -6102.620000 -6141.9367  0.64%     -    0s

Explored 0 nodes (46 simplex iterations) in 0.03 seconds
Thread count was 20 (of 20 available processors)

Solution count 3: -6102.62 -5661.62 -130.975 
Pool objective bound -6141.94

Optimal solution found (tolerance 5.00e-02)
Best objective -6.102620000000e+03, best bound -6.141935000000e+03, gap 0.6442%
Changed value of parameter MIPGap to 0.05
   Prev: 0.0001  Min: 0.0  Max: 1e+100  Default: 0.0001
Changed value of parameter TimeLimit to 1800.0
   Prev: 1e+100  Min: 0.0  Max: 1e+100  Default: 1e+100
Changed value of parameter Method to 2
   Prev: -1  Min: -1  Max: 4  Default: -1
Changed value of parameter MIPFocus to 1
   Prev: 0  Min: 0  Max: 3  Default: 0
Optimize a model with 4102 rows, 6003 columns and 12006 nonzeros
Variable types: 0 continuous, 6003 integer (6003 binary)
Coefficient statistics:
  Matrix range     [1e+00, 6e+00]
  Objective range  [4e+00, 2e+01]
  Bounds range     [1e+00, 1e+00]
  RHS range        [8e+01, 8e+01]
Found heuristic solution: objective 0
Presolve removed 4021 rows and 4066 columns
Presolve time: 0.01s
Presolved: 81 rows, 1937 columns, 3464 nonzeros
Found heuristic solution: objective -9938.440000
Variable types: 0 continuous, 1937 integer (1909 binary)
Presolved: 81 rows, 1937 columns, 3464 nonzeros

Root barrier log...

Ordering time: 0.00s

Barrier statistics:
 AA' NZ     : 1.347e+03
 Factor NZ  : 3.211e+03 (roughly 1 MByte of memory)
 Factor Ops : 1.688e+05 (less than 1 second per iteration)
 Threads    : 1

                  Objective                Residual
Iter       Primal          Dual         Primal    Dual     Compl     Time
   0  -3.51494766e+04 -2.52891871e+04  3.99e+01 3.55e-15  1.76e+01     0s
   1  -1.21138545e+04 -2.05474518e+04  3.74e+00 2.10e+00  3.81e+00     0s
   2  -1.01167620e+04 -1.17424483e+04  0.00e+00 1.03e-01  4.12e-01     0s
   3  -1.06253865e+04 -1.10438145e+04  0.00e+00 2.13e-14  1.06e-01     0s
   4  -1.07399317e+04 -1.08974077e+04  0.00e+00 7.11e-15  3.98e-02     0s
   5  -1.07787588e+04 -1.08600479e+04  0.00e+00 7.11e-15  2.06e-02     0s
   6  -1.08079720e+04 -1.08443153e+04  0.00e+00 7.11e-15  9.19e-03     0s
   7  -1.08200890e+04 -1.08385040e+04  0.00e+00 5.33e-15  4.66e-03     0s
   8  -1.08267083e+04 -1.08344184e+04  0.00e+00 7.11e-15  1.95e-03     0s
   9  -1.08298107e+04 -1.08324572e+04  0.00e+00 7.11e-15  6.70e-04     0s
  10  -1.08312403e+04 -1.08322132e+04  0.00e+00 7.11e-15  2.46e-04     0s
  11  -1.08317934e+04 -1.08318978e+04  0.00e+00 7.11e-15  2.64e-05     0s
  12  -1.08318424e+04 -1.08318464e+04  0.00e+00 7.11e-15  1.01e-06     0s
  13  -1.08318427e+04 -1.08318427e+04  0.00e+00 7.11e-15  1.02e-09     0s

Barrier solved model in 13 iterations and 0.02 seconds
Optimal objective -1.08318427e+04


Root relaxation: objective -1.083184e+04, 33 iterations, 0.01 seconds

    Nodes    |    Current Node    |     Objective Bounds      |     Work
 Expl Unexpl |  Obj  Depth IntInf | Incumbent    BestBd   Gap | It/Node Time

     0     0 -10831.843    0   50 -9938.4400 -10831.843  8.99%     -    0s
H    0     0                    -10766.42000 -10831.843  0.61%     -    0s

Explored 0 nodes (33 simplex iterations) in 0.03 seconds
Thread count was 20 (of 20 available processors)

Solution count 3: -10766.4 -9938.44 -225.95 
Pool objective bound -10831.8

Optimal solution found (tolerance 5.00e-02)
Best objective -1.076642000000e+04, best bound -1.083184000000e+04, gap 0.6076%
Changed value of parameter MIPGap to 0.05
   Prev: 0.0001  Min: 0.0  Max: 1e+100  Default: 0.0001
Changed value of parameter TimeLimit to 1800.0
   Prev: 1e+100  Min: 0.0  Max: 1e+100  Default: 1e+100
Changed value of parameter Method to 2
   Prev: -1  Min: -1  Max: 4  Default: -1
Changed value of parameter MIPFocus to 1
   Prev: 0  Min: 0  Max: 3  Default: 0
Optimize a model with 4102 rows, 6003 columns and 12006 nonzeros
Variable types: 0 continuous, 6003 integer (6003 binary)
Coefficient statistics:
  Matrix range     [1e+00, 6e+00]
  Objective range  [7e+00, 4e+01]
  Bounds range     [1e+00, 1e+00]
  RHS range        [8e+01, 8e+01]
Found heuristic solution: objective 0
Presolve removed 4021 rows and 4066 columns
Presolve time: 0.01s
Presolved: 81 rows, 1937 columns, 3464 nonzeros
Found heuristic solution: objective -18501.88000
Variable types: 0 continuous, 1937 integer (1909 binary)
Presolved: 81 rows, 1937 columns, 3464 nonzeros

Root barrier log...

Ordering time: 0.00s

Barrier statistics:
 AA' NZ     : 1.347e+03
 Factor NZ  : 3.211e+03 (roughly 1 MByte of memory)
 Factor Ops : 1.688e+05 (less than 1 second per iteration)
 Threads    : 1

                  Objective                Residual
Iter       Primal          Dual         Primal    Dual     Compl     Time
   0  -6.48092019e+04 -4.92043356e+04  3.99e+01 7.11e-15  3.52e+01     0s
   1  -2.21950379e+04 -3.98755764e+04  3.52e+00 4.45e+00  7.59e+00     0s
   2  -1.89066013e+04 -2.20412683e+04  0.00e+00 2.38e-01  7.94e-01     0s
   3  -1.98436859e+04 -2.06395188e+04  0.00e+00 6.40e-03  2.01e-01     0s
   4  -2.00605353e+04 -2.04203902e+04  0.00e+00 2.13e-14  9.10e-02     0s
   5  -2.01444913e+04 -2.02885828e+04  0.00e+00 1.42e-14  3.64e-02     0s
   6  -2.01885673e+04 -2.02473399e+04  0.00e+00 1.42e-14  1.49e-02     0s
   7  -2.02069057e+04 -2.02303021e+04  0.00e+00 1.42e-14  5.92e-03     0s
   8  -2.02164278e+04 -2.02230212e+04  0.00e+00 1.42e-14  1.67e-03     0s
   9  -2.02198271e+04 -2.02205202e+04  0.00e+00 1.42e-14  1.75e-04     0s
  10  -2.02199946e+04 -2.02200829e+04  0.00e+00 1.42e-14  2.23e-05     0s
  11  -2.02200010e+04 -2.02200013e+04  0.00e+00 1.42e-14  7.64e-08     0s
  12  -2.02200011e+04 -2.02200011e+04  0.00e+00 1.42e-14  8.67e-13     0s

Barrier solved model in 12 iterations and 0.02 seconds
Optimal objective -2.02200011e+04


Root relaxation: objective -2.022000e+04, 26 iterations, 0.01 seconds

    Nodes    |    Current Node    |     Objective Bounds      |     Work
 Expl Unexpl |  Obj  Depth IntInf | Incumbent    BestBd   Gap | It/Node Time

     0     0 -20220.001    0   59 -18501.880 -20220.001  9.29%     -    0s
H    0     0                    -20096.84000 -20220.001  0.61%     -    0s

Explored 0 nodes (27 simplex iterations) in 0.03 seconds
Thread count was 20 (of 20 available processors)

Solution count 3: -20096.8 -18501.9 -415.9 
Pool objective bound -20220

Optimal solution found (tolerance 5.00e-02)
Best objective -2.009684000000e+04, best bound -2.022000000000e+04, gap 0.6128%
Changed value of parameter MIPGap to 0.05
   Prev: 0.0001  Min: 0.0  Max: 1e+100  Default: 0.0001
Changed value of parameter TimeLimit to 1800.0
   Prev: 1e+100  Min: 0.0  Max: 1e+100  Default: 1e+100
Changed value of parameter Method to 2
   Prev: -1  Min: -1  Max: 4  Default: -1
Changed value of parameter MIPFocus to 1
   Prev: 0  Min: 0  Max: 3  Default: 0
Optimize a model with 4102 rows, 6003 columns and 12006 nonzeros
Variable types: 0 continuous, 6003 integer (6003 binary)
Coefficient statistics:
  Matrix range     [1e+00, 6e+00]
  Objective range  [9e+00, 5e+01]
  Bounds range     [1e+00, 1e+00]
  RHS range        [8e+01, 8e+01]
Found heuristic solution: objective 0
Presolve removed 4021 rows and 4066 columns
Presolve time: 0.01s
Presolved: 81 rows, 1937 columns, 3464 nonzeros
Found heuristic solution: objective -22783.60000
Variable types: 0 continuous, 1937 integer (1909 binary)
Presolved: 81 rows, 1937 columns, 3464 nonzeros

Root barrier log...

Ordering time: 0.00s

Barrier statistics:
 AA' NZ     : 1.347e+03
 Factor NZ  : 3.211e+03 (roughly 1 MByte of memory)
 Factor Ops : 1.688e+05 (less than 1 second per iteration)
 Threads    : 1

                  Objective                Residual
Iter       Primal          Dual         Primal    Dual     Compl     Time
   0  -7.96387963e+04 -6.11619098e+04  3.99e+01 7.11e-15  4.40e+01     0s
   1  -2.72404287e+04 -4.95397385e+04  3.48e+00 5.62e+00  9.48e+00     0s
   2  -2.33820849e+04 -2.71864873e+04  0.00e+00 3.06e-01  9.64e-01     0s
   3  -2.44629869e+04 -2.54114355e+04  0.00e+00 5.98e-03  2.40e-01     0s
   4  -2.46551398e+04 -2.50980725e+04  0.00e+00 4.26e-14  1.12e-01     0s
   5  -2.47835275e+04 -2.49891168e+04  0.00e+00 1.42e-14  5.20e-02     0s
   6  -2.48693731e+04 -2.49409963e+04  0.00e+00 1.42e-14  1.81e-02     0s
   7  -2.48989255e+04 -2.49244132e+04  0.00e+00 1.42e-14  6.45e-03     0s
   8  -2.49093501e+04 -2.49182929e+04  0.00e+00 1.42e-14  2.26e-03     0s
   9  -2.49140613e+04 -2.49158057e+04  0.00e+00 1.42e-14  4.41e-04     0s
  10  -2.49149258e+04 -2.49150350e+04  0.00e+00 1.42e-14  2.76e-05     0s
  11  -2.49149833e+04 -2.49149834e+04  0.00e+00 2.13e-14  2.79e-08     0s
  12  -2.49149833e+04 -2.49149833e+04  5.98e-15 1.42e-14  3.07e-14     0s

Barrier solved model in 12 iterations and 0.02 seconds
Optimal objective -2.49149833e+04


Root relaxation: objective -2.491498e+04, 23 iterations, 0.01 seconds

    Nodes    |    Current Node    |     Objective Bounds      |     Work
 Expl Unexpl |  Obj  Depth IntInf | Incumbent    BestBd   Gap | It/Node Time

     0     0 -24914.983    0   55 -22783.600 -24914.983  9.35%     -    0s
H    0     0                    -24737.22500 -24914.983  0.72%     -    0s

Explored 0 nodes (23 simplex iterations) in 0.03 seconds
Thread count was 20 (of 20 available processors)

Solution count 3: -24737.2 -22783.6 -510.875 
Pool objective bound -24915

Optimal solution found (tolerance 5.00e-02)
Best objective -2.473722500000e+04, best bound -2.491497500000e+04, gap 0.7186%
Changed value of parameter MIPGap to 0.05
   Prev: 0.0001  Min: 0.0  Max: 1e+100  Default: 0.0001
Changed value of parameter TimeLimit to 1800.0
   Prev: 1e+100  Min: 0.0  Max: 1e+100  Default: 1e+100
Changed value of parameter Method to 2
   Prev: -1  Min: -1  Max: 4  Default: -1
Changed value of parameter MIPFocus to 1
   Prev: 0  Min: 0  Max: 3  Default: 0
Optimize a model with 4102 rows, 6003 columns and 12006 nonzeros
Variable types: 0 continuous, 6003 integer (6003 binary)
Coefficient statistics:
  Matrix range     [1e+00, 6e+00]
  Objective range  [2e+01, 1e+02]
  Bounds range     [1e+00, 1e+00]
  RHS range        [8e+01, 8e+01]
Found heuristic solution: objective 0
Presolve removed 4021 rows and 4066 columns
Presolve time: 0.01s
Presolved: 81 rows, 1937 columns, 3464 nonzeros
Found heuristic solution: objective -44192.20000
Variable types: 0 continuous, 1937 integer (1909 binary)
Presolved: 81 rows, 1937 columns, 3464 nonzeros

Root barrier log...

Ordering time: 0.00s

Barrier statistics:
 AA' NZ     : 1.347e+03
 Factor NZ  : 3.211e+03 (roughly 1 MByte of memory)
 Factor Ops : 1.688e+05 (less than 1 second per iteration)
 Threads    : 1

                  Objective                Residual
Iter       Primal          Dual         Primal    Dual     Compl     Time
   0  -1.53786231e+05 -1.20949781e+05  3.99e+01 1.78e-14  8.81e+01     0s
   1  -5.24778649e+04 -9.78601246e+04  3.38e+00 1.15e+01  1.89e+01     0s
   2  -4.50980206e+04 -5.28656239e+04  0.00e+00 6.30e-01  1.97e+00     0s
   3  -4.74355435e+04 -4.93062825e+04  0.00e+00 5.68e-14  4.73e-01     0s
   4  -4.79597781e+04 -4.87820275e+04  0.00e+00 2.84e-14  2.08e-01     0s
   5  -4.81556064e+04 -4.85557495e+04  0.00e+00 2.84e-14  1.01e-01     0s
   6  -4.82840358e+04 -4.84528461e+04  0.00e+00 2.84e-14  4.27e-02     0s
   7  -4.83538192e+04 -4.84158676e+04  0.00e+00 2.84e-14  1.57e-02     0s
   8  -4.83768817e+04 -4.83992975e+04  0.00e+00 2.84e-14  5.67e-03     0s
   9  -4.83864954e+04 -4.83937379e+04  0.00e+00 2.84e-14  1.83e-03     0s
  10  -4.83903231e+04 -4.83922039e+04  0.00e+00 2.84e-14  4.76e-04     0s
  11  -4.83914898e+04 -4.83916234e+04  0.00e+00 2.84e-14  3.38e-05     0s
  12  -4.83915414e+04 -4.83915420e+04  0.00e+00 2.84e-14  1.61e-07     0s
  13  -4.83915417e+04 -4.83915417e+04  0.00e+00 2.84e-14  1.61e-10     0s

Barrier solved model in 13 iterations and 0.02 seconds
Optimal objective -4.83915417e+04


Root relaxation: objective -4.839154e+04, 29 iterations, 0.01 seconds

    Nodes    |    Current Node    |     Objective Bounds      |     Work
 Expl Unexpl |  Obj  Depth IntInf | Incumbent    BestBd   Gap | It/Node Time

     0     0 -48391.542    0   49 -44192.200 -48391.542  9.50%     -    0s
H    0     0                    -48099.10000 -48391.542  0.61%     -    0s

Explored 0 nodes (30 simplex iterations) in 0.04 seconds
Thread count was 20 (of 20 available processors)

Solution count 3: -48099.1 -44192.2 -985.75 
Pool objective bound -48391.5

Optimal solution found (tolerance 5.00e-02)
Best objective -4.809910000000e+04, best bound -4.839150000000e+04, gap 0.6079%
Changed value of parameter MIPGap to 0.05
   Prev: 0.0001  Min: 0.0  Max: 1e+100  Default: 0.0001
Changed value of parameter TimeLimit to 1800.0
   Prev: 1e+100  Min: 0.0  Max: 1e+100  Default: 1e+100
Changed value of parameter Method to 2
   Prev: -1  Min: -1  Max: 4  Default: -1
Changed value of parameter MIPFocus to 1
   Prev: 0  Min: 0  Max: 3  Default: 0
Optimize a model with 4102 rows, 6003 columns and 12006 nonzeros
Variable types: 0 continuous, 6003 integer (6003 binary)
Coefficient statistics:
  Matrix range     [1e+00, 6e+00]
  Objective range  [3e+01, 2e+02]
  Bounds range     [1e+00, 1e+00]
  RHS range        [8e+01, 8e+01]
Found heuristic solution: objective 0
Presolve removed 4021 rows and 4066 columns
Presolve time: 0.01s
Presolved: 81 rows, 1937 columns, 3464 nonzeros
Found heuristic solution: objective -87009.40000
Variable types: 0 continuous, 1937 integer (1909 binary)
Presolved: 81 rows, 1937 columns, 3464 nonzeros

Root barrier log...

Ordering time: 0.00s

Barrier statistics:
 AA' NZ     : 1.347e+03
 Factor NZ  : 3.211e+03 (roughly 1 MByte of memory)
 Factor Ops : 1.688e+05 (less than 1 second per iteration)
 Threads    : 1

                  Objective                Residual
Iter       Primal          Dual         Primal    Dual     Compl     Time
   0  -3.02080562e+05 -2.40525523e+05  3.99e+01 4.26e-14  1.76e+02     0s
   1  -1.02963799e+05 -1.94500475e+05  3.34e+00 2.32e+01  3.78e+01     0s
   2  -8.88001654e+04 -1.04266688e+05  0.00e+00 1.29e+00  3.92e+00     0s
   3  -9.35706252e+04 -9.73568259e+04  0.00e+00 6.02e-02  9.58e-01     0s
   4  -9.43200826e+04 -9.61730748e+04  0.00e+00 4.55e-13  4.69e-01     0s
   5  -9.48067938e+04 -9.57718571e+04  0.00e+00 2.27e-13  2.44e-01     0s
   6  -9.51007014e+04 -9.55046723e+04  0.00e+00 8.53e-14  1.02e-01     0s
   7  -9.52595167e+04 -9.54070426e+04  0.00e+00 5.68e-14  3.73e-02     0s
   8  -9.53133081e+04 -9.53712982e+04  0.00e+00 5.68e-14  1.47e-02     0s
   9  -9.53414914e+04 -9.53543444e+04  0.00e+00 5.68e-14  3.25e-03     0s
  10  -9.53464616e+04 -9.53483324e+04  0.00e+00 5.68e-14  4.73e-04     0s
  11  -9.53469925e+04 -9.53470327e+04  0.00e+00 5.68e-14  1.02e-05     0s
  12  -9.53470000e+04 -9.53470000e+04  0.00e+00 5.68e-14  2.03e-09     0s

Barrier solved model in 12 iterations and 0.02 seconds
Optimal objective -9.53470000e+04


Root relaxation: objective -9.534700e+04, 35 iterations, 0.01 seconds

    Nodes    |    Current Node    |     Objective Bounds      |     Work
 Expl Unexpl |  Obj  Depth IntInf | Incumbent    BestBd   Gap | It/Node Time

     0     0 -95347.000    0   38 -87009.400 -95347.000  9.58%     -    0s
H    0     0                    -94877.80000 -95347.000  0.49%     -    0s

Explored 0 nodes (46 simplex iterations) in 0.05 seconds
Thread count was 20 (of 20 available processors)

Solution count 3: -94877.8 -87009.4 -1935.5 
Pool objective bound -95347

Optimal solution found (tolerance 5.00e-02)
Best objective -9.487780000000e+04, best bound -9.534700000000e+04, gap 0.4945%
Changed value of parameter MIPGap to 0.05
   Prev: 0.0001  Min: 0.0  Max: 1e+100  Default: 0.0001
Changed value of parameter TimeLimit to 1800.0
   Prev: 1e+100  Min: 0.0  Max: 1e+100  Default: 1e+100
Changed value of parameter Method to 2
   Prev: -1  Min: -1  Max: 4  Default: -1
Changed value of parameter MIPFocus to 1
   Prev: 0  Min: 0  Max: 3  Default: 0
Optimize a model with 4102 rows, 6003 columns and 12006 nonzeros
Variable types: 0 continuous, 6003 integer (6003 binary)
Coefficient statistics:
  Matrix range     [1e+00, 6e+00]
  Objective range  [8e+01, 5e+02]
  Bounds range     [1e+00, 1e+00]
  RHS range        [8e+01, 8e+01]
Found heuristic solution: objective 0
Presolve removed 4021 rows and 4066 columns
Presolve time: 0.01s
Presolved: 81 rows, 1937 columns, 3464 nonzeros
Found heuristic solution: objective -215461.0000
Variable types: 0 continuous, 1937 integer (1909 binary)
Presolve removed 0 rows and 3 columns
Presolved: 81 rows, 1934 columns, 3460 nonzeros

Root barrier log...

Ordering time: 0.00s

Barrier statistics:
 AA' NZ     : 1.347e+03
 Factor NZ  : 3.211e+03 (roughly 1 MByte of memory)
 Factor Ops : 1.688e+05 (less than 1 second per iteration)
 Threads    : 1

                  Objective                Residual
Iter       Primal          Dual         Primal    Dual     Compl     Time
   0  -7.45879333e+05 -5.99394887e+05  3.91e+01 5.68e-14  4.40e+02     0s
   1  -2.54340212e+05 -4.84324142e+05  3.23e+00 5.84e+01  9.44e+01     0s
   2  -2.19912635e+05 -2.58466677e+05  0.00e+00 3.29e+00  9.79e+00     0s
   3  -2.31824735e+05 -2.41320161e+05  0.00e+00 1.87e-01  2.41e+00     0s
   4  -2.33686869e+05 -2.38179907e+05  0.00e+00 3.41e-13  1.14e+00     0s
   5  -2.35037488e+05 -2.37113910e+05  0.00e+00 2.27e-13  5.26e-01     0s
   6  -2.35678112e+05 -2.36554220e+05  0.00e+00 1.14e-13  2.22e-01     0s
   7  -2.36008404e+05 -2.36338915e+05  0.00e+00 1.14e-13  8.37e-02     0s
   8  -2.36144239e+05 -2.36270862e+05  0.00e+00 1.14e-13  3.21e-02     0s
   9  -2.36192026e+05 -2.36235578e+05  0.00e+00 1.14e-13  1.10e-02     0s
  10  -2.36209851e+05 -2.36220218e+05  0.00e+00 1.14e-13  2.63e-03     0s
  11  -2.36215139e+05 -2.36215379e+05  0.00e+00 1.14e-13  6.07e-05     0s
  12  -2.36215271e+05 -2.36215271e+05  0.00e+00 2.27e-13  4.23e-09     0s

Barrier solved model in 12 iterations and 0.02 seconds
Optimal objective -2.36215271e+05


Root relaxation: objective -2.362153e+05, 36 iterations, 0.01 seconds

    Nodes    |    Current Node    |     Objective Bounds      |     Work
 Expl Unexpl |  Obj  Depth IntInf | Incumbent    BestBd   Gap | It/Node Time

     0     0 -236215.27    0   44 -215461.00 -236215.27  9.63%     -    0s
H    0     0                    -235017.2500 -236215.27  0.51%     -    0s

Explored 0 nodes (45 simplex iterations) in 0.04 seconds
Thread count was 20 (of 20 available processors)

Solution count 3: -235017 -215461 -4784.75 
Pool objective bound -236215

Optimal solution found (tolerance 5.00e-02)
Best objective -2.350172500000e+05, best bound -2.362152500000e+05, gap 0.5097%
Changed value of parameter MIPGap to 0.05
   Prev: 0.0001  Min: 0.0  Max: 1e+100  Default: 0.0001
Changed value of parameter TimeLimit to 1800.0
   Prev: 1e+100  Min: 0.0  Max: 1e+100  Default: 1e+100
Changed value of parameter Method to 2
   Prev: -1  Min: -1  Max: 4  Default: -1
Changed value of parameter MIPFocus to 1
   Prev: 0  Min: 0  Max: 3  Default: 0
Optimize a model with 4102 rows, 6003 columns and 12006 nonzeros
Variable types: 0 continuous, 6003 integer (6003 binary)
Coefficient statistics:
  Matrix range     [1e+00, 6e+00]
  Objective range  [8e+02, 5e+03]
  Bounds range     [1e+00, 1e+00]
  RHS range        [8e+01, 8e+01]
Found heuristic solution: objective 0
Presolve removed 4021 rows and 4066 columns
Presolve time: 0.01s
Presolved: 81 rows, 1937 columns, 3464 nonzeros
Found heuristic solution: objective -2142235.000
Variable types: 0 continuous, 1937 integer (1909 binary)
Presolved: 81 rows, 1937 columns, 3464 nonzeros

Root barrier log...

Ordering time: 0.00s

Barrier statistics:
 AA' NZ     : 1.347e+03
 Factor NZ  : 3.211e+03 (roughly 1 MByte of memory)
 Factor Ops : 1.688e+05 (less than 1 second per iteration)
 Threads    : 1

                  Objective                Residual
Iter       Primal          Dual         Primal    Dual     Compl     Time
   0  -7.42020001e+06 -5.98016116e+06  3.99e+01 9.09e-13  4.40e+03     0s
   1  -2.52647108e+06 -4.83323069e+06  3.29e+00 5.86e+02  9.43e+02     0s
   2  -2.18657415e+06 -2.57143295e+06  0.00e+00 3.32e+01  9.76e+01     0s
   3  -2.30561066e+06 -2.40087128e+06  0.00e+00 2.12e+00  2.41e+01     0s
   4  -2.32423897e+06 -2.36839564e+06  0.00e+00 1.82e-12  1.12e+01     0s
   5  -2.33680532e+06 -2.35791835e+06  0.00e+00 1.82e-12  5.34e+00     0s
   6  -2.34379406e+06 -2.35265202e+06  0.00e+00 1.82e-12  2.24e+00     0s
   7  -2.34691185e+06 -2.35054602e+06  0.00e+00 9.09e-13  9.19e-01     0s
   8  -2.34853872e+06 -2.34978442e+06  0.00e+00 9.09e-13  3.15e-01     0s
   9  -2.34906396e+06 -2.34939028e+06  0.00e+00 1.82e-12  8.25e-02     0s
  10  -2.34918884e+06 -2.34930081e+06  0.00e+00 1.82e-12  2.83e-02     0s
  11  -2.34924494e+06 -2.34924739e+06  0.00e+00 1.82e-12  6.21e-04     0s
  12  -2.34924596e+06 -2.34924596e+06  0.00e+00 1.82e-12  2.27e-07     0s
  13  -2.34924596e+06 -2.34924596e+06  0.00e+00 1.82e-12  2.27e-10     0s

Barrier solved model in 13 iterations and 0.02 seconds
Optimal objective -2.34924596e+06


Root relaxation: objective -2.349246e+06, 36 iterations, 0.01 seconds

    Nodes    |    Current Node    |     Objective Bounds      |     Work
 Expl Unexpl |  Obj  Depth IntInf | Incumbent    BestBd   Gap | It/Node Time

     0     0 -2349246.0    0   46 -2142235.0 -2349246.0  9.66%     -    0s
H    0     0                    -2336218.500 -2349246.0  0.56%     -    0s

Explored 0 nodes (36 simplex iterations) in 0.04 seconds
Thread count was 20 (of 20 available processors)

Solution count 3: -2.33622e+06 -2.14224e+06 -47523.5 
Pool objective bound -2.34925e+06

Optimal solution found (tolerance 5.00e-02)
Best objective -2.336218500000e+06, best bound -2.349245958333e+06, gap 0.5576%
