Changed value of parameter MIPGap to 0.05
   Prev: 0.0001  Min: 0.0  Max: 1e+100  Default: 0.0001
Changed value of parameter TimeLimit to 1800.0
   Prev: 1e+100  Min: 0.0  Max: 1e+100  Default: 1e+100
Changed value of parameter Method to 2
   Prev: -1  Min: -1  Max: 4  Default: -1
Changed value of parameter MIPFocus to 1
   Prev: 0  Min: 0  Max: 3  Default: 0
Optimize a model with 10862 rows, 56991 columns and 113982 nonzeros
Variable types: 0 continuous, 56991 integer (56991 binary)
Coefficient statistics:
  Matrix range     [1e+00, 2e+01]
  Objective range  [1e+00, 1e+00]
  Bounds range     [1e+00, 1e+00]
  RHS range        [8e+01, 8e+01]
Found heuristic solution: objective 0
Presolve time: 0.17s
Presolved: 10862 rows, 56991 columns, 113982 nonzeros
Variable types: 0 continuous, 56991 integer (56991 binary)
Presolved: 10862 rows, 56991 columns, 113982 nonzeros

Root barrier log...

Ordering time: 0.01s

Barrier statistics:
 AA' NZ     : 5.699e+04
 Factor NZ  : 2.381e+05 (roughly 30 MBytes of memory)
 Factor Ops : 3.820e+07 (less than 1 second per iteration)
 Threads    : 1

                  Objective                Residual
Iter       Primal          Dual         Primal    Dual     Compl     Time
   0  -2.74705541e+04 -4.63035016e+04  1.22e+02 0.00e+00  3.53e+00     0s
   1  -1.02801112e+04 -3.55159568e+04  2.94e+01 8.88e-16  8.89e-01     0s
   2  -5.27808531e+03 -1.64582248e+04  5.45e+00 1.11e-15  1.75e-01     0s
   3  -4.08289099e+03 -6.81161342e+03  5.54e-02 1.78e-15  2.42e-02     0s
   4  -4.18006517e+03 -4.78683420e+03  6.91e-03 1.33e-15  5.33e-03     0s
   5  -4.20770031e+03 -4.41604057e+03  2.89e-03 8.88e-16  1.83e-03     0s
   6  -4.21638267e+03 -4.32630899e+03  1.95e-03 6.66e-16  9.67e-04     1s
   7  -4.22210935e+03 -4.28241921e+03  1.35e-03 6.66e-16  5.32e-04     1s
   8  -4.22605879e+03 -4.26240087e+03  9.44e-04 5.42e-16  3.21e-04     1s
   9  -4.22977655e+03 -4.24887813e+03  5.76e-04 6.66e-16  1.69e-04     1s
  10  -4.23222392e+03 -4.24024291e+03  3.55e-04 4.77e-16  7.13e-05     1s
  11  -4.23339221e+03 -4.23830233e+03  2.40e-04 6.66e-16  4.37e-05     1s
  12  -4.23406217e+03 -4.23719030e+03  1.62e-04 4.81e-16  2.79e-05     1s
  13  -4.23495025e+03 -4.23598691e+03  5.67e-05 6.66e-16  9.26e-06     1s
  14  -4.23543342e+03 -4.23552841e+03  2.49e-07 8.08e-16  8.31e-07     1s
  15  -4.23544170e+03 -4.23544180e+03  4.54e-14 6.66e-16  8.31e-10     1s
  16  -4.23544171e+03 -4.23544171e+03  8.12e-14 7.90e-16  8.31e-13     1s

Barrier solved model in 16 iterations and 0.73 seconds
Optimal objective -4.23544171e+03


Root relaxation: objective -4.235442e+03, 42700 iterations, 0.81 seconds

    Nodes    |    Current Node    |     Objective Bounds      |     Work
 Expl Unexpl |  Obj  Depth IntInf | Incumbent    BestBd   Gap | It/Node Time

     0     0 -4235.4417    0  558    0.00000 -4235.4417      -     -    1s
H    0     0                    -4172.000000 -4235.4417  1.52%     -    1s

Explored 0 nodes (49474 simplex iterations) in 1.58 seconds
Thread count was 20 (of 20 available processors)

Solution count 2: -4172 0 
Pool objective bound -4235

Optimal solution found (tolerance 5.00e-02)
Best objective -4.172000000000e+03, best bound -4.235000000000e+03, gap 1.5101%
Changed value of parameter MIPGap to 0.05
   Prev: 0.0001  Min: 0.0  Max: 1e+100  Default: 0.0001
Changed value of parameter TimeLimit to 1800.0
   Prev: 1e+100  Min: 0.0  Max: 1e+100  Default: 1e+100
Changed value of parameter Method to 2
   Prev: -1  Min: -1  Max: 4  Default: -1
Changed value of parameter MIPFocus to 1
   Prev: 0  Min: 0  Max: 3  Default: 0
Optimize a model with 10862 rows, 56991 columns and 113982 nonzeros
Variable types: 0 continuous, 56991 integer (56991 binary)
Coefficient statistics:
  Matrix range     [1e+00, 2e+01]
  Objective range  [1e+00, 1e+00]
  Bounds range     [1e+00, 1e+00]
  RHS range        [8e+01, 8e+01]
Found heuristic solution: objective 0
Presolve time: 0.24s
Presolved: 10862 rows, 56991 columns, 113982 nonzeros
Variable types: 0 continuous, 56991 integer (56991 binary)
Presolved: 10862 rows, 56991 columns, 113982 nonzeros

Root barrier log...

Ordering time: 0.01s

Barrier statistics:
 AA' NZ     : 5.699e+04
 Factor NZ  : 2.381e+05 (roughly 30 MBytes of memory)
 Factor Ops : 3.820e+07 (less than 1 second per iteration)
 Threads    : 1

                  Objective                Residual
Iter       Primal          Dual         Primal    Dual     Compl     Time
   0  -2.74998202e+04 -4.63159050e+04  1.22e+02 2.22e-16  3.53e+00     0s
   1  -1.02907128e+04 -3.55269049e+04  2.94e+01 8.88e-16  8.90e-01     0s
   2  -5.28357932e+03 -1.64647425e+04  5.45e+00 1.11e-15  1.75e-01     0s
   3  -4.08645105e+03 -6.81771224e+03  5.67e-02 1.11e-15  2.42e-02     0s
   4  -4.18326922e+03 -4.78371023e+03  7.07e-03 1.11e-15  5.28e-03     0s
   5  -4.21088590e+03 -4.41837959e+03  2.97e-03 6.66e-16  1.82e-03     1s
   6  -4.21953817e+03 -4.32928297e+03  2.01e-03 6.66e-16  9.66e-04     1s
   7  -4.22560541e+03 -4.28067951e+03  1.38e-03 5.33e-16  4.86e-04     1s
   8  -4.22891438e+03 -4.26620161e+03  1.01e-03 6.66e-16  3.29e-04     1s
   9  -4.23206415e+03 -4.25015339e+03  6.96e-04 5.36e-16  1.60e-04     1s
  10  -4.23500073e+03 -4.24198330e+03  4.10e-04 4.84e-16  6.25e-05     1s
  11  -4.23697834e+03 -4.24032300e+03  1.89e-04 6.66e-16  2.99e-05     1s
  12  -4.23842843e+03 -4.23956161e+03  2.62e-05 5.51e-16  9.99e-06     1s
  13  -4.23866962e+03 -4.23893111e+03  5.40e-07 6.66e-16  2.29e-06     1s
  14  -4.23867367e+03 -4.23877460e+03  3.18e-07 6.66e-16  8.83e-07     1s
  15  -4.23867697e+03 -4.23872646e+03  1.53e-07 6.77e-16  4.33e-07     1s
  16  -4.23867880e+03 -4.23869721e+03  6.40e-08 6.42e-16  1.61e-07     1s
  17  -4.23867926e+03 -4.23869256e+03  4.84e-08 5.16e-16  1.16e-07     1s
  18  -4.23867961e+03 -4.23868900e+03  3.68e-08 5.90e-16  8.22e-08     1s
  19  -4.23867975e+03 -4.23868815e+03  3.27e-08 5.84e-16  7.35e-08     1s
  20  -4.23867980e+03 -4.23868763e+03  3.12e-08 6.93e-16  6.85e-08     1s
  21  -4.23867983e+03 -4.23868429e+03  3.01e-08 4.84e-16  3.91e-08     1s
  22  -4.23868007e+03 -4.23868306e+03  2.32e-08 6.64e-16  2.62e-08     1s
  23  -4.23868025e+03 -4.23868180e+03  1.82e-08 5.88e-16  1.37e-08     1s
  24  -4.23868052e+03 -4.23868138e+03  1.03e-08 6.72e-16  7.56e-09     1s
  25  -4.23868061e+03 -4.23868119e+03  7.70e-09 6.03e-16  5.09e-09     1s
  26  -4.23868076e+03 -4.23868103e+03  3.64e-09 4.81e-16  2.38e-09     1s
  27  -4.23868081e+03 -4.23868091e+03  2.21e-09 6.49e-16  8.58e-10     1s
  28  -4.23868088e+03 -4.23868089e+03  2.38e-10 6.52e-16  1.14e-10     1s

Barrier solved model in 28 iterations and 1.09 seconds
Optimal objective -4.23868088e+03


Root relaxation: objective -4.238681e+03, 42874 iterations, 1.22 seconds

    Nodes    |    Current Node    |     Objective Bounds      |     Work
 Expl Unexpl |  Obj  Depth IntInf | Incumbent    BestBd   Gap | It/Node Time

     0     0 -4238.6809    0  533    0.00000 -4238.6809      -     -    2s
H    0     0                    -4182.171765 -4238.6809  1.35%     -    2s

Explored 0 nodes (49668 simplex iterations) in 2.07 seconds
Thread count was 20 (of 20 available processors)

Solution count 2: -4182.17 0 
Pool objective bound -4238.68

Optimal solution found (tolerance 5.00e-02)
Best objective -4.182171765000e+03, best bound -4.238680890238e+03, gap 1.3512%
Changed value of parameter MIPGap to 0.05
   Prev: 0.0001  Min: 0.0  Max: 1e+100  Default: 0.0001
Changed value of parameter TimeLimit to 1800.0
   Prev: 1e+100  Min: 0.0  Max: 1e+100  Default: 1e+100
Changed value of parameter Method to 2
   Prev: -1  Min: -1  Max: 4  Default: -1
Changed value of parameter MIPFocus to 1
   Prev: 0  Min: 0  Max: 3  Default: 0
Optimize a model with 10862 rows, 56991 columns and 113982 nonzeros
Variable types: 0 continuous, 56991 integer (56991 binary)
Coefficient statistics:
  Matrix range     [1e+00, 2e+01]
  Objective range  [1e+00, 1e+00]
  Bounds range     [1e+00, 1e+00]
  RHS range        [8e+01, 8e+01]
Found heuristic solution: objective 0
Presolve time: 0.16s
Presolved: 10862 rows, 56991 columns, 113982 nonzeros
Variable types: 0 continuous, 56991 integer (56991 binary)
Presolved: 10862 rows, 56991 columns, 113982 nonzeros

Root barrier log...

Ordering time: 0.01s

Barrier statistics:
 AA' NZ     : 5.699e+04
 Factor NZ  : 2.381e+05 (roughly 30 MBytes of memory)
 Factor Ops : 3.820e+07 (less than 1 second per iteration)
 Threads    : 1

                  Objective                Residual
Iter       Primal          Dual         Primal    Dual     Compl     Time
   0  -2.75290863e+04 -4.63283085e+04  1.22e+02 2.22e-16  3.53e+00     0s
   1  -1.03013188e+04 -3.55378531e+04  2.94e+01 8.88e-16  8.90e-01     0s
   2  -5.27507625e+03 -1.81379358e+04  5.35e+00 1.11e-15  1.92e-01     0s
   3  -4.09554196e+03 -7.05294280e+03  8.06e-02 1.55e-15  2.64e-02     0s
   4  -4.18141764e+03 -5.01346325e+03  1.41e-02 1.11e-15  7.33e-03     0s
   5  -4.21307941e+03 -4.44693848e+03  5.07e-03 8.88e-16  2.06e-03     0s
   6  -4.22171576e+03 -4.34429203e+03  3.50e-03 6.77e-16  1.08e-03     0s
   7  -4.22863076e+03 -4.30181133e+03  2.29e-03 7.24e-16  6.47e-04     0s
   8  -4.23095626e+03 -4.27529138e+03  1.88e-03 6.41e-16  3.94e-04     0s
   9  -4.23494631e+03 -4.25759981e+03  1.23e-03 5.86e-16  2.02e-04     0s
  10  -4.23823164e+03 -4.24800866e+03  7.21e-04 6.66e-16  8.79e-05     0s
  11  -4.23975058e+03 -4.24454766e+03  4.29e-04 7.40e-16  4.34e-05     0s
  12  -4.24137700e+03 -4.24349817e+03  1.05e-04 7.07e-16  1.89e-05     1s
  13  -4.24167505e+03 -4.24249013e+03  4.66e-05 6.66e-16  7.28e-06     1s
  14  -4.24180564e+03 -4.24215446e+03  2.14e-05 6.33e-16  3.12e-06     1s
  15  -4.24185775e+03 -4.24201702e+03  1.22e-05 6.66e-16  1.43e-06     1s
  16  -4.24189833e+03 -4.24194993e+03  4.04e-06 6.66e-16  4.65e-07     1s
  17  -4.24189956e+03 -4.24194177e+03  3.79e-06 6.66e-16  3.82e-07     1s
  18  -4.24190628e+03 -4.24193754e+03  2.53e-06 5.55e-16  2.82e-07     1s
  19  -4.24190784e+03 -4.24193492e+03  2.24e-06 5.85e-16  2.44e-07     1s
  20  -4.24191266e+03 -4.24192952e+03  1.35e-06 7.05e-16  1.52e-07     1s
  21  -4.24191477e+03 -4.24192603e+03  9.57e-07 5.59e-16  1.02e-07     1s
  22  -4.24191563e+03 -4.24192442e+03  8.26e-07 5.49e-16  7.98e-08     1s
  23  -4.24191731e+03 -4.24192164e+03  5.10e-07 6.94e-16  3.97e-08     1s
  24  -4.24191818e+03 -4.24192082e+03  3.47e-07 6.56e-16  2.44e-08     1s
  25  -4.24191924e+03 -4.24192054e+03  1.50e-07 6.83e-16  1.18e-08     1s
  26  -4.24191949e+03 -4.24192051e+03  1.05e-07 6.87e-16  9.31e-09     1s
  27  -4.24191950e+03 -4.24192035e+03  1.03e-07 7.47e-16  7.76e-09     1s
  28  -4.24191978e+03 -4.24192010e+03  5.24e-08 6.48e-16  3.03e-09     1s
  29  -4.24192007e+03 -4.24192007e+03  1.19e-12 6.49e-16  2.14e-11     1s

Barrier solved model in 29 iterations and 0.89 seconds
Optimal objective -4.24192007e+03


Root relaxation: objective -4.241920e+03, 42107 iterations, 1.05 seconds

    Nodes    |    Current Node    |     Objective Bounds      |     Work
 Expl Unexpl |  Obj  Depth IntInf | Incumbent    BestBd   Gap | It/Node Time

     0     0 -4241.9201    0  553    0.00000 -4241.9201      -     -    1s
H    0     0                    -4184.335010 -4241.9201  1.38%     -    1s

Explored 0 nodes (48890 simplex iterations) in 1.82 seconds
Thread count was 20 (of 20 available processors)

Solution count 2: -4184.34 0 
Pool objective bound -4241.92

Optimal solution found (tolerance 5.00e-02)
Best objective -4.184335010000e+03, best bound -4.241920070810e+03, gap 1.3762%
Changed value of parameter MIPGap to 0.05
   Prev: 0.0001  Min: 0.0  Max: 1e+100  Default: 0.0001
Changed value of parameter TimeLimit to 1800.0
   Prev: 1e+100  Min: 0.0  Max: 1e+100  Default: 1e+100
Changed value of parameter Method to 2
   Prev: -1  Min: -1  Max: 4  Default: -1
Changed value of parameter MIPFocus to 1
   Prev: 0  Min: 0  Max: 3  Default: 0
Optimize a model with 10862 rows, 56991 columns and 113982 nonzeros
Variable types: 0 continuous, 56991 integer (56991 binary)
Coefficient statistics:
  Matrix range     [1e+00, 2e+01]
  Objective range  [1e+00, 1e+00]
  Bounds range     [1e+00, 1e+00]
  RHS range        [8e+01, 8e+01]
Found heuristic solution: objective 0
Presolve time: 0.22s
Presolved: 10862 rows, 56991 columns, 113982 nonzeros
Variable types: 0 continuous, 56991 integer (56991 binary)
Presolved: 10862 rows, 56991 columns, 113982 nonzeros

Root barrier log...

Ordering time: 0.01s

Barrier statistics:
 AA' NZ     : 5.699e+04
 Factor NZ  : 2.381e+05 (roughly 30 MBytes of memory)
 Factor Ops : 3.820e+07 (less than 1 second per iteration)
 Threads    : 1

                  Objective                Residual
Iter       Primal          Dual         Primal    Dual     Compl     Time
   0  -2.75876184e+04 -4.63531154e+04  1.22e+02 2.22e-16  3.53e+00     0s
   1  -1.03225444e+04 -3.55597497e+04  2.94e+01 8.88e-16  8.90e-01     0s
   2  -5.28619388e+03 -1.81488917e+04  5.36e+00 1.11e-15  1.93e-01     0s
   3  -4.10401444e+03 -7.06352655e+03  8.90e-02 1.11e-15  2.65e-02     0s
   4  -4.18818939e+03 -4.95935391e+03  1.54e-02 1.11e-15  6.80e-03     0s
   5  -4.21957188e+03 -4.44494663e+03  5.75e-03 6.66e-16  1.99e-03     0s
   6  -4.22797551e+03 -4.34942739e+03  4.02e-03 7.83e-16  1.08e-03     1s
   7  -4.23550394e+03 -4.30613338e+03  2.53e-03 6.66e-16  6.26e-04     1s
   8  -4.23752490e+03 -4.28182778e+03  2.12e-03 5.43e-16  3.95e-04     1s
   9  -4.24176516e+03 -4.26384913e+03  1.35e-03 7.13e-16  1.98e-04     1s
  10  -4.24432975e+03 -4.25519622e+03  8.54e-04 6.66e-16  9.79e-05     1s
  11  -4.24592802e+03 -4.25171671e+03  5.29e-04 5.93e-16  5.24e-05     1s
  12  -4.24749097e+03 -4.25039121e+03  1.92e-04 6.27e-16  2.60e-05     1s
  13  -4.24800953e+03 -4.24929069e+03  8.08e-05 5.53e-16  1.15e-05     1s
  14  -4.24813503e+03 -4.24879539e+03  5.44e-05 4.44e-16  5.96e-06     1s
  15  -4.24823261e+03 -4.24868933e+03  3.40e-05 5.97e-16  4.11e-06     1s
  16  -4.24833745e+03 -4.24848831e+03  1.19e-05 6.66e-16  1.36e-06     1s
  17  -4.24834735e+03 -4.24845409e+03  9.90e-06 6.66e-16  9.67e-07     1s
  18  -4.24836210e+03 -4.24843669e+03  7.02e-06 4.44e-16  6.76e-07     1s
  19  -4.24837223e+03 -4.24843022e+03  5.02e-06 6.66e-16  5.24e-07     1s
  20  -4.24837847e+03 -4.24841798e+03  3.81e-06 7.09e-16  3.59e-07     1s
  21  -4.24838270e+03 -4.24840835e+03  2.99e-06 6.21e-16  2.35e-07     1s
  22  -4.24839043e+03 -4.24840205e+03  1.51e-06 5.75e-16  1.07e-07     1s
  23  -4.24839383e+03 -4.24839984e+03  9.05e-07 6.66e-16  5.58e-08     1s
  24  -4.24839609e+03 -4.24839925e+03  4.57e-07 4.94e-16  2.93e-08     1s
  25  -4.24839642e+03 -4.24839905e+03  3.91e-07 6.70e-16  2.43e-08     1s
  26  -4.24839663e+03 -4.24839891e+03  3.50e-07 5.62e-16  2.11e-08     1s
  27  -4.24839787e+03 -4.24839865e+03  1.26e-07 7.32e-16  7.30e-09     1s
  28  -4.24839843e+03 -4.24839844e+03  1.76e-10 6.65e-16  6.96e-11     1s

Barrier solved model in 28 iterations and 1.09 seconds
Optimal objective -4.24839843e+03


Root relaxation: objective -4.248398e+03, 42095 iterations, 1.19 seconds

    Nodes    |    Current Node    |     Objective Bounds      |     Work
 Expl Unexpl |  Obj  Depth IntInf | Incumbent    BestBd   Gap | It/Node Time

     0     0 -4248.3984    0  573    0.00000 -4248.3984      -     -    2s
H    0     0                    -4185.633720 -4248.3984  1.50%     -    2s

Explored 0 nodes (48877 simplex iterations) in 2.12 seconds
Thread count was 20 (of 20 available processors)

Solution count 2: -4185.63 0 
Pool objective bound -4248.4

Optimal solution found (tolerance 5.00e-02)
Best objective -4.185633720000e+03, best bound -4.248398431953e+03, gap 1.4995%
Changed value of parameter MIPGap to 0.05
   Prev: 0.0001  Min: 0.0  Max: 1e+100  Default: 0.0001
Changed value of parameter TimeLimit to 1800.0
   Prev: 1e+100  Min: 0.0  Max: 1e+100  Default: 1e+100
Changed value of parameter Method to 2
   Prev: -1  Min: -1  Max: 4  Default: -1
Changed value of parameter MIPFocus to 1
   Prev: 0  Min: 0  Max: 3  Default: 0
Optimize a model with 10862 rows, 56991 columns and 113982 nonzeros
Variable types: 0 continuous, 56991 integer (56991 binary)
Coefficient statistics:
  Matrix range     [1e+00, 2e+01]
  Objective range  [1e+00, 1e+00]
  Bounds range     [1e+00, 1e+00]
  RHS range        [8e+01, 8e+01]
Found heuristic solution: objective 0
Presolve time: 0.17s
Presolved: 10862 rows, 56991 columns, 113982 nonzeros
Variable types: 0 continuous, 56991 integer (56991 binary)
Presolved: 10862 rows, 56991 columns, 113982 nonzeros

Root barrier log...

Ordering time: 0.01s

Barrier statistics:
 AA' NZ     : 5.699e+04
 Factor NZ  : 2.381e+05 (roughly 30 MBytes of memory)
 Factor Ops : 3.820e+07 (less than 1 second per iteration)
 Threads    : 1

                  Objective                Residual
Iter       Primal          Dual         Primal    Dual     Compl     Time
   0  -2.77046823e+04 -4.64027293e+04  1.22e+02 2.22e-16  3.53e+00     0s
   1  -1.03650491e+04 -3.56035436e+04  2.95e+01 8.88e-16  8.91e-01     0s
   2  -5.30845603e+03 -1.81706871e+04  5.38e+00 9.99e-16  1.93e-01     0s
   3  -4.12294884e+03 -7.08334568e+03  1.05e-01 1.11e-15  2.66e-02     0s
   4  -4.20630975e+03 -4.80407192e+03  1.37e-02 1.11e-15  5.28e-03     0s
   5  -4.23408738e+03 -4.44440971e+03  5.72e-03 8.88e-16  1.86e-03     0s
   6  -4.24171851e+03 -4.36051412e+03  4.07e-03 7.70e-16  1.05e-03     0s
   7  -4.24880349e+03 -4.31569016e+03  2.59e-03 6.66e-16  5.94e-04     0s
   8  -4.25042104e+03 -4.29637459e+03  2.25e-03 6.19e-16  4.09e-04     0s
   9  -4.25315600e+03 -4.27685611e+03  1.71e-03 5.65e-16  2.13e-04     0s
  10  -4.25657231e+03 -4.26761029e+03  1.02e-03 6.24e-16  1.00e-04     0s
  11  -4.25794593e+03 -4.26477886e+03  7.40e-04 5.10e-16  6.23e-05     1s
  12  -4.25941529e+03 -4.26322747e+03  4.19e-04 5.18e-16  3.48e-05     1s
  13  -4.26022338e+03 -4.26256764e+03  2.42e-04 6.02e-16  2.13e-05     1s
  14  -4.26065452e+03 -4.26188331e+03  1.49e-04 4.70e-16  1.13e-05     1s
  15  -4.26083843e+03 -4.26170248e+03  1.09e-04 6.91e-16  7.93e-06     1s
  16  -4.26106925e+03 -4.26154668e+03  5.97e-05 7.23e-16  4.38e-06     1s
  17  -4.26112852e+03 -4.26144053e+03  4.71e-05 7.68e-16  2.89e-06     1s
  18  -4.26117347e+03 -4.26141499e+03  3.77e-05 6.01e-16  2.24e-06     1s
  19  -4.26122692e+03 -4.26140358e+03  2.71e-05 6.76e-16  1.64e-06     1s
  20  -4.26127034e+03 -4.26137767e+03  1.79e-05 5.24e-16  1.00e-06     1s
  21  -4.26129632e+03 -4.26136812e+03  1.29e-05 5.70e-16  6.73e-07     1s
  22  -4.26132610e+03 -4.26135961e+03  6.35e-06 6.66e-16  3.15e-07     1s
  23  -4.26133549e+03 -4.26135714e+03  4.28e-06 5.46e-16  2.04e-07     1s
  24  -4.26134359e+03 -4.26135588e+03  2.50e-06 6.66e-16  1.16e-07     1s
  25  -4.26134656e+03 -4.26135577e+03  1.86e-06 8.88e-16  8.71e-08     1s
  26  -4.26135499e+03 -4.26135556e+03  1.86e-08 6.66e-16  5.02e-09     1s
  27  -4.26135515e+03 -4.26135515e+03  9.36e-14 7.27e-16  5.10e-12     1s

Barrier solved model in 27 iterations and 0.88 seconds
Optimal objective -4.26135515e+03


Root relaxation: objective -4.261355e+03, 41875 iterations, 1.00 seconds

    Nodes    |    Current Node    |     Objective Bounds      |     Work
 Expl Unexpl |  Obj  Depth IntInf | Incumbent    BestBd   Gap | It/Node Time

     0     0 -4261.3552    0  581    0.00000 -4261.3552      -     -    1s
H    0     0                    -4195.221740 -4261.3552  1.58%     -    1s

Explored 0 nodes (48663 simplex iterations) in 1.71 seconds
Thread count was 20 (of 20 available processors)

Solution count 2: -4195.22 0 
Pool objective bound -4261.36

Optimal solution found (tolerance 5.00e-02)
Best objective -4.195221740000e+03, best bound -4.261355154240e+03, gap 1.5764%
Changed value of parameter MIPGap to 0.05
   Prev: 0.0001  Min: 0.0  Max: 1e+100  Default: 0.0001
Changed value of parameter TimeLimit to 1800.0
   Prev: 1e+100  Min: 0.0  Max: 1e+100  Default: 1e+100
Changed value of parameter Method to 2
   Prev: -1  Min: -1  Max: 4  Default: -1
Changed value of parameter MIPFocus to 1
   Prev: 0  Min: 0  Max: 3  Default: 0
Optimize a model with 10862 rows, 56991 columns and 113982 nonzeros
Variable types: 0 continuous, 56991 integer (56991 binary)
Coefficient statistics:
  Matrix range     [1e+00, 2e+01]
  Objective range  [1e+00, 1e+00]
  Bounds range     [1e+00, 1e+00]
  RHS range        [8e+01, 8e+01]
Found heuristic solution: objective 0
Presolve time: 0.23s
Presolved: 10862 rows, 56991 columns, 113982 nonzeros
Variable types: 0 continuous, 56991 integer (56991 binary)
Presolved: 10862 rows, 56991 columns, 113982 nonzeros

Root barrier log...

Ordering time: 0.01s

Barrier statistics:
 AA' NZ     : 5.699e+04
 Factor NZ  : 2.381e+05 (roughly 30 MBytes of memory)
 Factor Ops : 3.820e+07 (less than 1 second per iteration)
 Threads    : 1

                  Objective                Residual
Iter       Primal          Dual         Primal    Dual     Compl     Time
   0  -2.77632141e+04 -4.64275362e+04  1.22e+02 2.22e-16  3.54e+00     0s
   1  -1.03863283e+04 -3.56254408e+04  2.95e+01 8.88e-16  8.92e-01     0s
   2  -5.31961082e+03 -1.81815295e+04  5.39e+00 1.22e-15  1.93e-01     0s
   3  -4.13063476e+03 -7.09342742e+03  1.10e-01 1.33e-15  2.66e-02     0s
   4  -4.21273864e+03 -4.80540557e+03  1.44e-02 1.55e-15  5.24e-03     0s
   5  -4.24060733e+03 -4.44959985e+03  6.01e-03 7.68e-16  1.85e-03     0s
   6  -4.24814108e+03 -4.36717540e+03  4.29e-03 6.78e-16  1.06e-03     1s
   7  -4.25501664e+03 -4.32229561e+03  2.79e-03 7.18e-16  5.98e-04     1s
   8  -4.25687865e+03 -4.30310915e+03  2.37e-03 5.64e-16  4.12e-04     1s
   9  -4.25967984e+03 -4.28475397e+03  1.79e-03 5.43e-16  2.25e-04     1s
  10  -4.26312127e+03 -4.27528269e+03  1.06e-03 6.66e-16  1.10e-04     1s
  11  -4.26461471e+03 -4.27087900e+03  7.43e-04 5.48e-16  5.73e-05     1s
  12  -4.26584412e+03 -4.26972045e+03  4.56e-04 5.88e-16  3.55e-05     1s
  13  -4.26663684e+03 -4.26902995e+03  2.72e-04 7.17e-16  2.19e-05     1s
  14  -4.26692135e+03 -4.26846884e+03  2.07e-04 5.21e-16  1.42e-05     1s
  15  -4.26723794e+03 -4.26822458e+03  1.38e-04 4.44e-16  9.10e-06     1s
  16  -4.26756926e+03 -4.26801815e+03  5.97e-05 6.66e-16  4.13e-06     1s
  17  -4.26758491e+03 -4.26797926e+03  5.65e-05 6.66e-16  3.64e-06     1s
  18  -4.26766149e+03 -4.26793997e+03  3.90e-05 6.34e-16  2.57e-06     1s
  19  -4.26767480e+03 -4.26793140e+03  3.59e-05 5.23e-16  2.37e-06     1s
  20  -4.26771479e+03 -4.26790695e+03  2.67e-05 5.36e-16  1.77e-06     1s
  21  -4.26775848e+03 -4.26786485e+03  1.72e-05 6.22e-16  9.90e-07     1s
  22  -4.26778372e+03 -4.26784395e+03  1.17e-05 8.24e-16  5.68e-07     1s
  23  -4.26780595e+03 -4.26783874e+03  6.47e-06 5.89e-16  3.09e-07     1s
  24  -4.26781138e+03 -4.26783645e+03  5.18e-06 5.18e-16  2.37e-07     1s
  25  -4.26782494e+03 -4.26783527e+03  1.98e-06 6.26e-16  9.72e-08     1s
  26  -4.26782608e+03 -4.26783429e+03  1.72e-06 8.90e-16  7.78e-08     1s
  27  -4.26783338e+03 -4.26783360e+03  2.20e-08 8.88e-16  2.03e-09     1s
  28  -4.26783351e+03 -4.26783352e+03  2.70e-11 6.66e-16  3.98e-11     1s

Barrier solved model in 28 iterations and 1.09 seconds
Optimal objective -4.26783351e+03


Root relaxation: objective -4.267834e+03, 41549 iterations, 1.25 seconds

    Nodes    |    Current Node    |     Objective Bounds      |     Work
 Expl Unexpl |  Obj  Depth IntInf | Incumbent    BestBd   Gap | It/Node Time

     0     0 -4267.8335    0  407    0.00000 -4267.8335      -     -    2s
H    0     0                    -4219.733400 -4267.8335  1.14%     -    2s

Explored 0 nodes (53782 simplex iterations) in 2.16 seconds
Thread count was 20 (of 20 available processors)

Solution count 2: -4219.73 0 
Pool objective bound -4267.83

Optimal solution found (tolerance 5.00e-02)
Best objective -4.219733400000e+03, best bound -4.267833515384e+03, gap 1.1399%
Changed value of parameter MIPGap to 0.05
   Prev: 0.0001  Min: 0.0  Max: 1e+100  Default: 0.0001
Changed value of parameter TimeLimit to 1800.0
   Prev: 1e+100  Min: 0.0  Max: 1e+100  Default: 1e+100
Changed value of parameter Method to 2
   Prev: -1  Min: -1  Max: 4  Default: -1
Changed value of parameter MIPFocus to 1
   Prev: 0  Min: 0  Max: 3  Default: 0
Optimize a model with 10862 rows, 56991 columns and 113982 nonzeros
Variable types: 0 continuous, 56991 integer (56991 binary)
Coefficient statistics:
  Matrix range     [1e+00, 2e+01]
  Objective range  [1e+00, 1e+00]
  Bounds range     [1e+00, 1e+00]
  RHS range        [8e+01, 8e+01]
Found heuristic solution: objective 0
Presolve time: 0.16s
Presolved: 10862 rows, 56991 columns, 113982 nonzeros
Variable types: 0 continuous, 56991 integer (56991 binary)
Presolved: 10862 rows, 56991 columns, 113982 nonzeros

Root barrier log...

Ordering time: 0.01s

Barrier statistics:
 AA' NZ     : 5.699e+04
 Factor NZ  : 2.381e+05 (roughly 30 MBytes of memory)
 Factor Ops : 3.820e+07 (less than 1 second per iteration)
 Threads    : 1

                  Objective                Residual
Iter       Primal          Dual         Primal    Dual     Compl     Time
   0  -2.80558716e+04 -4.65515708e+04  1.22e+02 0.00e+00  3.54e+00     0s
   1  -1.04929925e+04 -3.57349288e+04  2.95e+01 8.88e-16  8.94e-01     0s
   2  -5.37529560e+03 -1.82353782e+04  5.43e+00 1.11e-15  1.94e-01     0s
   3  -4.16897881e+03 -7.14275807e+03  1.34e-01 1.55e-15  2.69e-02     0s
   4  -4.24499912e+03 -4.73373918e+03  1.78e-02 8.88e-16  4.34e-03     0s
   5  -4.27145160e+03 -4.45327481e+03  8.36e-03 6.69e-16  1.62e-03     0s
   6  -4.27797899e+03 -4.39040525e+03  6.46e-03 6.66e-16  1.01e-03     0s
   7  -4.28380067e+03 -4.34911460e+03  4.84e-03 6.66e-16  5.88e-04     0s
   8  -4.28715436e+03 -4.32951606e+03  3.86e-03 6.66e-16  3.84e-04     0s
   9  -4.29108321e+03 -4.31716318e+03  2.77e-03 1.07e-15  2.38e-04     0s
  10  -4.29407179e+03 -4.30792527e+03  1.87e-03 6.66e-16  1.28e-04     0s
  11  -4.29606912e+03 -4.30472861e+03  1.32e-03 6.66e-16  8.03e-05     1s
  12  -4.29693110e+03 -4.30305729e+03  1.04e-03 6.03e-16  5.71e-05     1s
  13  -4.29767726e+03 -4.30271023e+03  8.00e-04 6.77e-16  4.68e-05     1s
  14  -4.29812009e+03 -4.30186955e+03  6.57e-04 6.66e-16  3.50e-05     1s
  15  -4.29862391e+03 -4.30103522e+03  5.06e-04 6.44e-16  2.28e-05     1s
  16  -4.29932602e+03 -4.30055414e+03  2.84e-04 4.71e-16  1.17e-05     1s
  17  -4.29951206e+03 -4.30042016e+03  2.31e-04 6.44e-16  8.74e-06     1s
  18  -4.29963743e+03 -4.30035788e+03  1.90e-04 4.54e-16  6.96e-06     1s
  19  -4.29971361e+03 -4.30032305e+03  1.65e-04 6.66e-16  5.90e-06     1s
  20  -4.29983594e+03 -4.30031272e+03  1.25e-04 6.44e-16  4.60e-06     1s
  21  -4.29993871e+03 -4.30028567e+03  9.54e-05 6.66e-16  3.36e-06     1s
  22  -4.30000481e+03 -4.30025868e+03  7.46e-05 5.20e-16  2.48e-06     1s
  23  -4.30013708e+03 -4.30024326e+03  2.96e-05 6.66e-16  1.03e-06     1s
  24  -4.30016548e+03 -4.30023547e+03  2.00e-05 6.66e-16  6.81e-07     1s
  25  -4.30018848e+03 -4.30023075e+03  1.23e-05 8.88e-16  4.12e-07     1s
  26  -4.30019050e+03 -4.30022777e+03  1.16e-05 8.88e-16  3.66e-07     1s
  27  -4.30022523e+03 -4.30022536e+03  1.60e-08 6.66e-16  1.16e-09     1s
  28  -4.30022532e+03 -4.30022532e+03  1.29e-11 5.42e-16  1.77e-13     1s

Barrier solved model in 28 iterations and 0.89 seconds
Optimal objective -4.30022532e+03


Root relaxation: objective -4.300225e+03, 41341 iterations, 1.02 seconds

    Nodes    |    Current Node    |     Objective Bounds      |     Work
 Expl Unexpl |  Obj  Depth IntInf | Incumbent    BestBd   Gap | It/Node Time

     0     0 -4300.2253    0  327    0.00000 -4300.2253      -     -    1s
H    0     0                    -4258.985350 -4300.2253  0.97%     -    1s

Explored 0 nodes (56306 simplex iterations) in 1.77 seconds
Thread count was 20 (of 20 available processors)

Solution count 2: -4258.99 0 
Pool objective bound -4300.23

Optimal solution found (tolerance 5.00e-02)
Best objective -4.258985350000e+03, best bound -4.300225321101e+03, gap 0.9683%
Changed value of parameter MIPGap to 0.05
   Prev: 0.0001  Min: 0.0  Max: 1e+100  Default: 0.0001
Changed value of parameter TimeLimit to 1800.0
   Prev: 1e+100  Min: 0.0  Max: 1e+100  Default: 1e+100
Changed value of parameter Method to 2
   Prev: -1  Min: -1  Max: 4  Default: -1
Changed value of parameter MIPFocus to 1
   Prev: 0  Min: 0  Max: 3  Default: 0
Optimize a model with 10862 rows, 56991 columns and 113982 nonzeros
Variable types: 0 continuous, 56991 integer (56991 binary)
Coefficient statistics:
  Matrix range     [1e+00, 2e+01]
  Objective range  [1e+00, 1e+00]
  Bounds range     [1e+00, 1e+00]
  RHS range        [8e+01, 8e+01]
Found heuristic solution: objective 0
Presolve time: 0.23s
Presolved: 10862 rows, 56991 columns, 113982 nonzeros
Variable types: 0 continuous, 56991 integer (56991 binary)
Presolved: 10862 rows, 56991 columns, 113982 nonzeros

Root barrier log...

Ordering time: 0.01s

Barrier statistics:
 AA' NZ     : 5.699e+04
 Factor NZ  : 2.381e+05 (roughly 30 MBytes of memory)
 Factor Ops : 3.820e+07 (less than 1 second per iteration)
 Threads    : 1

                  Objective                Residual
Iter       Primal          Dual         Primal    Dual     Compl     Time
   0  -2.86411821e+04 -4.68125279e+04  1.22e+02 0.00e+00  3.56e+00     0s
   1  -1.07072338e+04 -3.59632315e+04  2.95e+01 8.88e-16  8.99e-01     0s
   2  -5.47259960e+03 -1.84144582e+04  5.46e+00 9.99e-16  1.96e-01     0s
   3  -4.23530139e+03 -7.37639730e+03  1.06e-01 1.55e-15  2.82e-02     0s
   4  -4.30943291e+03 -4.95969028e+03  1.57e-02 8.88e-16  5.75e-03     0s
   5  -4.33759319e+03 -4.55037313e+03  6.43e-03 7.21e-16  1.88e-03     0s
   6  -4.34445171e+03 -4.46703189e+03  4.80e-03 6.66e-16  1.09e-03     1s
   7  -4.34950844e+03 -4.40929943e+03  3.60e-03 6.18e-16  5.35e-04     1s
   8  -4.35382539e+03 -4.39599770e+03  2.60e-03 6.66e-16  3.78e-04     1s
   9  -4.35581335e+03 -4.38632759e+03  2.13e-03 6.47e-16  2.74e-04     1s
  10  -4.35896420e+03 -4.37456515e+03  1.44e-03 6.97e-16  1.41e-04     1s
  11  -4.36057502e+03 -4.36979225e+03  1.05e-03 6.66e-16  8.42e-05     1s
  12  -4.36123056e+03 -4.36862184e+03  8.98e-04 7.32e-16  6.77e-05     1s
  13  -4.36165157e+03 -4.36772231e+03  7.96e-04 6.50e-16  5.58e-05     1s
  14  -4.36229815e+03 -4.36684760e+03  6.40e-04 5.35e-16  4.20e-05     1s
  15  -4.36265528e+03 -4.36625310e+03  5.54e-04 5.95e-16  3.34e-05     1s
  16  -4.36358828e+03 -4.36573474e+03  3.50e-04 4.66e-16  2.00e-05     1s
  17  -4.36373908e+03 -4.36549678e+03  3.17e-04 7.84e-16  1.65e-05     1s
  18  -4.36400421e+03 -4.36539585e+03  2.50e-04 6.66e-16  1.30e-05     1s
  19  -4.36416543e+03 -4.36528284e+03  2.09e-04 6.95e-16  1.05e-05     1s
  20  -4.36433515e+03 -4.36519409e+03  1.66e-04 7.78e-16  8.09e-06     1s
  21  -4.36453310e+03 -4.36508672e+03  1.17e-04 6.28e-16  5.25e-06     1s
  22  -4.36470011e+03 -4.36504636e+03  7.90e-05 5.93e-16  3.30e-06     1s
  23  -4.36473584e+03 -4.36503180e+03  6.97e-05 5.10e-16  2.83e-06     1s
  24  -4.36483688e+03 -4.36503103e+03  4.38e-05 5.58e-16  1.85e-06     1s
  25  -4.36488414e+03 -4.36501854e+03  3.16e-05 5.49e-16  1.29e-06     1s
  26  -4.36490801e+03 -4.36501421e+03  2.55e-05 5.45e-16  1.02e-06     1s
  27  -4.36496868e+03 -4.36501237e+03  1.02e-05 5.86e-16  4.18e-07     1s
  28  -4.36497028e+03 -4.36501048e+03  9.74e-06 5.38e-16  3.86e-07     1s
  29  -4.36500560e+03 -4.36500926e+03  8.26e-07 7.77e-16  3.49e-08     1s
  30  -4.36500893e+03 -4.36500893e+03  3.43e-14 8.49e-16  3.49e-11     1s

Barrier solved model in 30 iterations and 1.17 seconds
Optimal objective -4.36500893e+03


Root relaxation: objective -4.365009e+03, 41902 iterations, 1.30 seconds

    Nodes    |    Current Node    |     Objective Bounds      |     Work
 Expl Unexpl |  Obj  Depth IntInf | Incumbent    BestBd   Gap | It/Node Time

     0     0 -4365.0089    0  444    0.00000 -4365.0089      -     -    2s
H    0     0                    -4312.513000 -4365.0089  1.22%     -    2s

Explored 0 nodes (52779 simplex iterations) in 2.18 seconds
Thread count was 20 (of 20 available processors)

Solution count 2: -4312.51 0 
Pool objective bound -4365.01

Optimal solution found (tolerance 5.00e-02)
Best objective -4.312513000000e+03, best bound -4.365008932535e+03, gap 1.2173%
Changed value of parameter MIPGap to 0.05
   Prev: 0.0001  Min: 0.0  Max: 1e+100  Default: 0.0001
Changed value of parameter TimeLimit to 1800.0
   Prev: 1e+100  Min: 0.0  Max: 1e+100  Default: 1e+100
Changed value of parameter Method to 2
   Prev: -1  Min: -1  Max: 4  Default: -1
Changed value of parameter MIPFocus to 1
   Prev: 0  Min: 0  Max: 3  Default: 0
Optimize a model with 10862 rows, 56991 columns and 113982 nonzeros
Variable types: 0 continuous, 56991 integer (56991 binary)
Coefficient statistics:
  Matrix range     [1e+00, 2e+01]
  Objective range  [1e+00, 1e+00]
  Bounds range     [1e+00, 1e+00]
  RHS range        [8e+01, 8e+01]
Found heuristic solution: objective 0
Presolve time: 0.20s
Presolved: 10862 rows, 56991 columns, 113982 nonzeros
Variable types: 0 continuous, 56991 integer (56991 binary)
Presolved: 10862 rows, 56991 columns, 113982 nonzeros

Root barrier log...

Ordering time: 0.01s

Barrier statistics:
 AA' NZ     : 5.699e+04
 Factor NZ  : 2.381e+05 (roughly 30 MBytes of memory)
 Factor Ops : 3.820e+07 (less than 1 second per iteration)
 Threads    : 1

                  Objective                Residual
Iter       Primal          Dual         Primal    Dual     Compl     Time
   0  -2.98118485e+04 -4.76302021e+04  1.22e+02 0.00e+00  3.61e+00     0s
   1  -1.10995901e+04 -3.66336911e+04  2.94e+01 8.88e-16  9.08e-01     0s
   2  -5.68719180e+03 -1.87820790e+04  5.59e+00 1.28e-15  2.01e-01     0s
   3  -4.38111126e+03 -7.67014010e+03  1.68e-01 1.11e-15  3.00e-02     0s
   4  -4.43925849e+03 -5.15179457e+03  2.32e-02 1.11e-15  6.33e-03     0s
   5  -4.46728361e+03 -4.67208856e+03  9.10e-03 7.54e-16  1.82e-03     0s
   6  -4.47452421e+03 -4.59679900e+03  6.72e-03 6.66e-16  1.09e-03     0s
   7  -4.47980762e+03 -4.53997868e+03  5.07e-03 5.76e-16  5.44e-04     0s
   8  -4.48405117e+03 -4.52201531e+03  3.64e-03 7.31e-16  3.45e-04     1s
   9  -4.48673472e+03 -4.51052116e+03  2.81e-03 7.15e-16  2.18e-04     1s
  10  -4.48966167e+03 -4.50256828e+03  1.85e-03 6.06e-16  1.19e-04     1s
  11  -4.49088192e+03 -4.49943091e+03  1.46e-03 5.75e-16  7.99e-05     1s
  12  -4.49180734e+03 -4.49825628e+03  1.11e-03 7.45e-16  6.03e-05     1s
  13  -4.49226325e+03 -4.49727886e+03  9.31e-04 7.98e-16  4.72e-05     1s
  14  -4.49285430e+03 -4.49650605e+03  7.06e-04 6.95e-16  3.44e-05     1s
  15  -4.49309916e+03 -4.49568015e+03  6.15e-04 6.66e-16  2.48e-05     1s
  16  -4.49350153e+03 -4.49550687e+03  4.66e-04 5.63e-16  1.92e-05     1s
  17  -4.49352916e+03 -4.49537470e+03  4.57e-04 7.10e-16  1.78e-05     1s
  18  -4.49392352e+03 -4.49520120e+03  3.12e-04 5.98e-16  1.23e-05     1s
  19  -4.49397855e+03 -4.49504619e+03  2.92e-04 6.66e-16  1.04e-05     1s
  20  -4.49426434e+03 -4.49498085e+03  1.86e-04 6.66e-16  6.93e-06     1s
  21  -4.49445851e+03 -4.49487949e+03  1.18e-04 5.81e-16  4.10e-06     1s
  22  -4.49462245e+03 -4.49482880e+03  5.81e-05 8.27e-16  2.01e-06     1s
  23  -4.49466610e+03 -4.49480249e+03  4.28e-05 5.47e-16  1.35e-06     1s
  24  -4.49467235e+03 -4.49480041e+03  4.05e-05 6.66e-16  1.26e-06     1s
  25  -4.49467627e+03 -4.49479855e+03  3.91e-05 5.86e-16  1.21e-06     1s
  26  -4.49472090e+03 -4.49479556e+03  2.26e-05 6.61e-16  7.33e-07     1s
  27  -4.49475579e+03 -4.49478897e+03  1.02e-05 6.49e-16  3.27e-07     1s
  28  -4.49478313e+03 -4.49478430e+03  6.18e-13 6.66e-16  1.02e-08     1s
  29  -4.49478324e+03 -4.49478324e+03  5.34e-14 6.66e-16  1.02e-11     1s

Barrier solved model in 29 iterations and 1.08 seconds
Optimal objective -4.49478324e+03


Root relaxation: objective -4.494783e+03, 41879 iterations, 1.24 seconds

    Nodes    |    Current Node    |     Objective Bounds      |     Work
 Expl Unexpl |  Obj  Depth IntInf | Incumbent    BestBd   Gap | It/Node Time

     0     0 -4494.7832    0  591    0.00000 -4494.7832      -     -    2s
H    0     0                    -4426.597800 -4494.7832  1.54%     -    2s

Explored 0 nodes (48686 simplex iterations) in 2.10 seconds
Thread count was 20 (of 20 available processors)

Solution count 2: -4426.6 0 
Pool objective bound -4494.78

Optimal solution found (tolerance 5.00e-02)
Best objective -4.426597800000e+03, best bound -4.494783243172e+03, gap 1.5404%
Changed value of parameter MIPGap to 0.05
   Prev: 0.0001  Min: 0.0  Max: 1e+100  Default: 0.0001
Changed value of parameter TimeLimit to 1800.0
   Prev: 1e+100  Min: 0.0  Max: 1e+100  Default: 1e+100
Changed value of parameter Method to 2
   Prev: -1  Min: -1  Max: 4  Default: -1
Changed value of parameter MIPFocus to 1
   Prev: 0  Min: 0  Max: 3  Default: 0
Optimize a model with 10862 rows, 56991 columns and 113982 nonzeros
Variable types: 0 continuous, 56991 integer (56991 binary)
Coefficient statistics:
  Matrix range     [1e+00, 2e+01]
  Objective range  [1e+00, 1e+00]
  Bounds range     [1e+00, 1e+00]
  RHS range        [8e+01, 8e+01]
Found heuristic solution: objective 0
Presolve time: 0.23s
Presolved: 10862 rows, 56991 columns, 113982 nonzeros
Variable types: 0 continuous, 56991 integer (56991 binary)
Presolved: 10862 rows, 56991 columns, 113982 nonzeros

Root barrier log...

Ordering time: 0.01s

Barrier statistics:
 AA' NZ     : 5.699e+04
 Factor NZ  : 2.381e+05 (roughly 30 MBytes of memory)
 Factor Ops : 3.820e+07 (less than 1 second per iteration)
 Threads    : 1

                  Objective                Residual
Iter       Primal          Dual         Primal    Dual     Compl     Time
   0  -3.03971720e+04 -4.80390393e+04  1.22e+02 0.00e+00  3.64e+00     0s
   1  -1.12532704e+04 -3.69688781e+04  2.91e+01 7.77e-16  9.11e-01     0s
   2  -5.80774677e+03 -1.89300936e+04  5.72e+00 1.11e-15  2.03e-01     0s
   3  -4.45633154e+03 -7.78347293e+03  2.09e-01 1.33e-15  3.07e-02     0s
   4  -4.50445249e+03 -5.28693541e+03  2.96e-02 1.11e-15  6.97e-03     0s
   5  -4.53034785e+03 -4.97928900e+03  1.24e-02 8.88e-16  3.97e-03     0s
   6  -4.54109527e+03 -4.73528479e+03  7.23e-03 8.04e-16  1.72e-03     1s
   7  -4.54795309e+03 -4.63981209e+03  4.46e-03 7.59e-16  8.19e-04     1s
   8  -4.55080300e+03 -4.60918920e+03  3.40e-03 7.14e-16  5.23e-04     1s
   9  -4.55290388e+03 -4.58278666e+03  2.60e-03 5.96e-16  2.71e-04     1s
  10  -4.55523571e+03 -4.57061299e+03  1.89e-03 6.50e-16  1.41e-04     1s
  11  -4.55689259e+03 -4.56611265e+03  1.24e-03 7.68e-16  8.50e-05     1s
  12  -4.55741825e+03 -4.56463782e+03  1.03e-03 5.10e-16  6.68e-05     1s
  13  -4.55763193e+03 -4.56369315e+03  9.45e-04 7.19e-16  5.64e-05     1s
  14  -4.55787002e+03 -4.56318401e+03  8.53e-04 6.78e-16  4.95e-05     1s
  15  -4.55796263e+03 -4.56195924e+03  8.16e-04 7.12e-16  3.79e-05     1s
  16  -4.55863904e+03 -4.56151126e+03  5.57e-04 7.26e-16  2.71e-05     1s
  17  -4.55875716e+03 -4.56129107e+03  5.11e-04 1.06e-15  2.40e-05     1s
  18  -4.55904916e+03 -4.56082731e+03  3.96e-04 6.66e-16  1.70e-05     1s
  19  -4.55925007e+03 -4.56042267e+03  3.18e-04 5.72e-16  1.14e-05     1s
  20  -4.55927450e+03 -4.56033340e+03  3.09e-04 6.66e-16  1.04e-05     1s
  21  -4.55957800e+03 -4.56019931e+03  1.95e-04 5.31e-16  6.13e-06     1s
  22  -4.55983470e+03 -4.56013793e+03  9.93e-05 7.85e-16  3.01e-06     1s
  23  -4.55988937e+03 -4.56010501e+03  7.73e-05 6.66e-16  2.16e-06     1s
  24  -4.55996118e+03 -4.56009231e+03  4.75e-05 6.90e-16  1.32e-06     1s
  25  -4.56003679e+03 -4.56008521e+03  1.62e-05 7.44e-16  4.82e-07     1s
  26  -4.56005345e+03 -4.56008207e+03  9.38e-06 7.91e-16  2.84e-07     1s
  27  -4.56007662e+03 -4.56007731e+03  5.79e-08 9.14e-16  6.23e-09     1s
  28  -4.56007680e+03 -4.56007681e+03  5.53e-12 7.01e-16  2.17e-12     1s

Barrier solved model in 28 iterations and 1.09 seconds
Optimal objective -4.56007680e+03


Root relaxation: objective -4.560077e+03, 41819 iterations, 1.27 seconds

    Nodes    |    Current Node    |     Objective Bounds      |     Work
 Expl Unexpl |  Obj  Depth IntInf | Incumbent    BestBd   Gap | It/Node Time

     0     0 -4560.0768    0  594    0.00000 -4560.0768      -     -    2s
H    0     0                    -4479.574750 -4560.0768  1.80%     -    2s

Explored 0 nodes (48634 simplex iterations) in 2.10 seconds
Thread count was 20 (of 20 available processors)

Solution count 2: -4479.57 0 
Pool objective bound -4560.08

Optimal solution found (tolerance 5.00e-02)
Best objective -4.479574750000e+03, best bound -4.560076804919e+03, gap 1.7971%
Changed value of parameter MIPGap to 0.05
   Prev: 0.0001  Min: 0.0  Max: 1e+100  Default: 0.0001
Changed value of parameter TimeLimit to 1800.0
   Prev: 1e+100  Min: 0.0  Max: 1e+100  Default: 1e+100
Changed value of parameter Method to 2
   Prev: -1  Min: -1  Max: 4  Default: -1
Changed value of parameter MIPFocus to 1
   Prev: 0  Min: 0  Max: 3  Default: 0
Optimize a model with 10862 rows, 56991 columns and 113982 nonzeros
Variable types: 0 continuous, 56991 integer (56991 binary)
Coefficient statistics:
  Matrix range     [1e+00, 2e+01]
  Objective range  [1e+00, 2e+00]
  Bounds range     [1e+00, 1e+00]
  RHS range        [8e+01, 8e+01]
Found heuristic solution: objective 0
Presolve time: 0.16s
Presolved: 10862 rows, 56991 columns, 113982 nonzeros
Variable types: 0 continuous, 56991 integer (56991 binary)
Presolved: 10862 rows, 56991 columns, 113982 nonzeros

Root barrier log...

Ordering time: 0.01s

Barrier statistics:
 AA' NZ     : 5.699e+04
 Factor NZ  : 2.381e+05 (roughly 30 MBytes of memory)
 Factor Ops : 3.820e+07 (less than 1 second per iteration)
 Threads    : 1

                  Objective                Residual
Iter       Primal          Dual         Primal    Dual     Compl     Time
   0  -3.33242770e+04 -5.20662974e+04  1.22e+02 0.00e+00  3.94e+00     0s
   1  -1.20887307e+04 -4.00807414e+04  2.85e+01 8.88e-16  9.73e-01     0s
   2  -6.39730369e+03 -2.03780595e+04  6.24e+00 1.55e-15  2.27e-01     0s
   3  -4.79766863e+03 -8.18579760e+03  2.67e-01 1.11e-15  3.18e-02     0s
   4  -4.82948540e+03 -5.56183202e+03  4.16e-02 9.82e-16  6.59e-03     0s
   5  -4.85452893e+03 -5.29197336e+03  1.98e-02 8.88e-16  3.91e-03     0s
   6  -4.86370712e+03 -5.05991494e+03  1.35e-02 9.51e-16  1.77e-03     0s
   7  -4.86945123e+03 -4.97037885e+03  1.02e-02 7.93e-16  9.21e-04     0s
   8  -4.87278413e+03 -4.93383043e+03  8.40e-03 8.45e-16  5.65e-04     0s
   9  -4.87651324e+03 -4.91185561e+03  6.54e-03 6.66e-16  3.33e-04     0s
  10  -4.88004743e+03 -4.90023665e+03  4.67e-03 6.66e-16  1.94e-04     0s
  11  -4.88236297e+03 -4.89547144e+03  3.44e-03 6.66e-16  1.27e-04     1s
  12  -4.88273965e+03 -4.89435268e+03  3.23e-03 6.66e-16  1.14e-04     1s
  13  -4.88372918e+03 -4.89214617e+03  2.67e-03 6.83e-16  8.35e-05     1s
  14  -4.88467154e+03 -4.89122185e+03  2.12e-03 6.66e-16  6.52e-05     1s
  15  -4.88551275e+03 -4.89018788e+03  1.70e-03 6.88e-16  4.72e-05     1s
  16  -4.88662676e+03 -4.88912427e+03  1.07e-03 6.66e-16  2.58e-05     1s
  17  -4.88707940e+03 -4.88889016e+03  8.24e-04 6.73e-16  1.89e-05     1s
  18  -4.88752058e+03 -4.88865001e+03  5.51e-04 6.76e-16  1.19e-05     1s
  19  -4.88763534e+03 -4.88856539e+03  4.80e-04 6.66e-16  9.92e-06     1s
  20  -4.88773900e+03 -4.88852814e+03  4.16e-04 6.66e-16  8.45e-06     1s
  21  -4.88803885e+03 -4.88847470e+03  2.40e-04 6.66e-16  4.70e-06     1s
  22  -4.88823342e+03 -4.88843069e+03  1.16e-04 7.20e-16  2.16e-06     1s
  23  -4.88834153e+03 -4.88843183e+03  4.93e-05 7.31e-16  9.73e-07     1s
  24  -4.88842240e+03 -4.88842256e+03  8.50e-08 6.66e-16  1.78e-09     1s
  25  -4.88842254e+03 -4.88842254e+03  1.14e-13 6.66e-16  1.83e-15     1s

Barrier solved model in 25 iterations and 0.85 seconds
Optimal objective -4.88842254e+03


Root relaxation: objective -4.888423e+03, 41485 iterations, 0.98 seconds

    Nodes    |    Current Node    |     Objective Bounds      |     Work
 Expl Unexpl |  Obj  Depth IntInf | Incumbent    BestBd   Gap | It/Node Time

     0     0 -4888.4225    0  604    0.00000 -4888.4225      -     -    1s
H    0     0                    -4809.038500 -4888.4225  1.65%     -    1s

Explored 0 nodes (48289 simplex iterations) in 1.71 seconds
Thread count was 20 (of 20 available processors)

Solution count 2: -4809.04 0 
Pool objective bound -4888.42

Optimal solution found (tolerance 5.00e-02)
Best objective -4.809038500000e+03, best bound -4.888422537152e+03, gap 1.6507%
Changed value of parameter MIPGap to 0.05
   Prev: 0.0001  Min: 0.0  Max: 1e+100  Default: 0.0001
Changed value of parameter TimeLimit to 1800.0
   Prev: 1e+100  Min: 0.0  Max: 1e+100  Default: 1e+100
Changed value of parameter Method to 2
   Prev: -1  Min: -1  Max: 4  Default: -1
Changed value of parameter MIPFocus to 1
   Prev: 0  Min: 0  Max: 3  Default: 0
Optimize a model with 10862 rows, 56991 columns and 113982 nonzeros
Variable types: 0 continuous, 56991 integer (56991 binary)
Coefficient statistics:
  Matrix range     [1e+00, 2e+01]
  Objective range  [1e+00, 3e+00]
  Bounds range     [1e+00, 1e+00]
  RHS range        [8e+01, 8e+01]
Found heuristic solution: objective 0
Presolve time: 0.21s
Presolved: 10862 rows, 56991 columns, 113982 nonzeros
Variable types: 0 continuous, 56991 integer (56991 binary)
Presolved: 10862 rows, 56991 columns, 113982 nonzeros

Root barrier log...

Ordering time: 0.01s

Barrier statistics:
 AA' NZ     : 5.699e+04
 Factor NZ  : 2.381e+05 (roughly 30 MBytes of memory)
 Factor Ops : 3.820e+07 (less than 1 second per iteration)
 Threads    : 1

                  Objective                Residual
Iter       Primal          Dual         Primal    Dual     Compl     Time
   0  -3.91838138e+04 -8.53324327e+04  1.22e+02 0.00e+00  6.69e+00     0s
   1  -1.38624479e+04 -6.45803617e+04  2.84e+01 1.55e-15  1.64e+00     0s
   2  -6.97227560e+03 -3.13112230e+04  5.23e+00 2.22e-15  3.54e-01     0s
   3  -5.33599223e+03 -1.05880305e+04  3.02e-02 1.44e-15  4.62e-02     0s
   4  -5.44438660e+03 -7.26680378e+03  6.73e-03 1.33e-15  1.60e-02     0s
   5  -5.50561994e+03 -6.75549762e+03  1.74e-03 9.80e-16  1.09e-02     0s
   6  -5.52626226e+03 -6.17274676e+03  8.31e-04 8.88e-16  5.65e-03     0s
   7  -5.53747799e+03 -5.75091288e+03  4.93e-04 8.88e-16  1.87e-03     1s
   8  -5.54399352e+03 -5.65501074e+03  3.46e-04 8.88e-16  9.72e-04     1s
   9  -5.54761616e+03 -5.61163084e+03  2.68e-04 8.88e-16  5.61e-04     1s
  10  -5.55122383e+03 -5.57925171e+03  2.00e-04 8.88e-16  2.46e-04     1s
  11  -5.55403997e+03 -5.57217471e+03  1.49e-04 9.29e-16  1.59e-04     1s
  12  -5.55519684e+03 -5.56902781e+03  1.25e-04 8.88e-16  1.22e-04     1s
  13  -5.55654755e+03 -5.56561141e+03  9.78e-05 8.88e-16  7.98e-05     1s
  14  -5.55762809e+03 -5.56407857e+03  7.60e-05 8.88e-16  5.68e-05     1s
  15  -5.55845428e+03 -5.56317555e+03  6.14e-05 7.21e-16  4.16e-05     1s
  16  -5.55913401e+03 -5.56238476e+03  4.75e-05 8.88e-16  2.87e-05     1s
  17  -5.55984272e+03 -5.56195058e+03  3.40e-05 8.88e-16  1.86e-05     1s
  18  -5.56019298e+03 -5.56175232e+03  2.66e-05 8.88e-16  1.38e-05     1s
  19  -5.56062017e+03 -5.56168551e+03  1.77e-05 8.88e-16  9.41e-06     1s
  20  -5.56087206e+03 -5.56163941e+03  1.25e-05 9.16e-16  6.78e-06     1s
  21  -5.56113385e+03 -5.56153030e+03  7.07e-06 8.88e-16  3.50e-06     1s
  22  -5.56140106e+03 -5.56150600e+03  1.67e-06 8.88e-16  9.27e-07     1s
  23  -5.56148568e+03 -5.56148850e+03  6.33e-10 8.88e-16  2.46e-08     1s
  24  -5.56148604e+03 -5.56148606e+03  2.81e-11 8.88e-16  1.78e-10     1s

Barrier solved model in 24 iterations and 0.98 seconds
Optimal objective -5.56148604e+03


Root relaxation: objective -5.561486e+03, 41622 iterations, 1.02 seconds

    Nodes    |    Current Node    |     Objective Bounds      |     Work
 Expl Unexpl |  Obj  Depth IntInf | Incumbent    BestBd   Gap | It/Node Time

     0     0 -5561.4861    0  717    0.00000 -5561.4861      -     -    1s
H    0     0                    -5442.042000 -5561.4861  2.19%     -    1s

Explored 0 nodes (48522 simplex iterations) in 1.84 seconds
Thread count was 20 (of 20 available processors)

Solution count 2: -5442.04 0 
Pool objective bound -5561.49

Optimal solution found (tolerance 5.00e-02)
Best objective -5.442042000000e+03, best bound -5.561486057413e+03, gap 2.1948%
Changed value of parameter MIPGap to 0.05
   Prev: 0.0001  Min: 0.0  Max: 1e+100  Default: 0.0001
Changed value of parameter TimeLimit to 1800.0
   Prev: 1e+100  Min: 0.0  Max: 1e+100  Default: 1e+100
Changed value of parameter Method to 2
   Prev: -1  Min: -1  Max: 4  Default: -1
Changed value of parameter MIPFocus to 1
   Prev: 0  Min: 0  Max: 3  Default: 0
Optimize a model with 10862 rows, 56991 columns and 113982 nonzeros
Variable types: 0 continuous, 56991 integer (56991 binary)
Coefficient statistics:
  Matrix range     [1e+00, 2e+01]
  Objective range  [1e+00, 5e+00]
  Bounds range     [1e+00, 1e+00]
  RHS range        [8e+01, 8e+01]
Found heuristic solution: objective 0
Presolve time: 0.22s
Presolved: 10862 rows, 56991 columns, 113982 nonzeros
Variable types: 0 continuous, 56991 integer (56991 binary)
Presolved: 10862 rows, 56991 columns, 113982 nonzeros

Root barrier log...

Ordering time: 0.01s

Barrier statistics:
 AA' NZ     : 5.699e+04
 Factor NZ  : 2.381e+05 (roughly 30 MBytes of memory)
 Factor Ops : 3.820e+07 (less than 1 second per iteration)
 Threads    : 1

                  Objective                Residual
Iter       Primal          Dual         Primal    Dual     Compl     Time
   0  -5.08995753e+04 -1.51864703e+05  1.22e+02 2.22e-16  1.22e+01     0s
   1  -1.69497074e+04 -1.13970276e+05  2.64e+01 3.11e-15  2.84e+00     0s
   2  -8.27458462e+03 -5.22785272e+04  4.07e+00 2.66e-15  5.76e-01     0s
   3  -6.65448567e+03 -1.78744692e+04  3.51e-03 2.66e-15  9.81e-02     0s
   4  -6.74895232e+03 -9.65424536e+03  1.01e-03 1.78e-15  2.54e-02     0s
   5  -6.78807012e+03 -8.38718189e+03  7.15e-04 1.78e-15  1.40e-02     0s
   6  -6.83566765e+03 -7.72677836e+03  3.68e-04 1.78e-15  7.79e-03     1s
   7  -6.88838194e+03 -7.33522322e+03  1.38e-04 1.78e-15  3.91e-03     1s
   8  -6.90522353e+03 -7.09731785e+03  8.65e-05 1.78e-15  1.68e-03     1s
   9  -6.91696282e+03 -7.01514383e+03  5.67e-05 1.78e-15  8.58e-04     1s
  10  -6.92611062e+03 -6.98255233e+03  3.55e-05 1.78e-15  4.94e-04     1s
  11  -6.93134833e+03 -6.96693456e+03  2.40e-05 1.78e-15  3.11e-04     1s
  12  -6.93295722e+03 -6.96004047e+03  1.96e-05 1.78e-15  2.37e-04     1s
  13  -6.93490194e+03 -6.95351641e+03  1.44e-05 1.78e-15  1.63e-04     1s
  14  -6.93620339e+03 -6.94947137e+03  1.13e-05 1.78e-15  1.16e-04     1s
  15  -6.93773077e+03 -6.94669496e+03  8.28e-06 9.06e-16  7.84e-05     1s
  16  -6.93886753e+03 -6.94372869e+03  5.88e-06 1.78e-15  4.26e-05     1s
  17  -6.93977487e+03 -6.94279572e+03  4.14e-06 1.78e-15  2.65e-05     1s
  18  -6.94030798e+03 -6.94244177e+03  2.99e-06 1.78e-15  1.87e-05     1s
  19  -6.94056888e+03 -6.94222679e+03  2.43e-06 1.78e-15  1.45e-05     1s
  20  -6.94102416e+03 -6.94212433e+03  1.44e-06 8.88e-16  9.64e-06     1s
  21  -6.94131268e+03 -6.94192699e+03  9.10e-07 1.78e-15  5.39e-06     1s
  22  -6.94154118e+03 -6.94189704e+03  5.12e-07 1.78e-15  3.12e-06     1s
  23  -6.94181997e+03 -6.94188426e+03  4.28e-08 1.78e-15  5.63e-07     1s
  24  -6.94186361e+03 -6.94186836e+03  1.99e-09 1.78e-15  4.16e-08     1s
  25  -6.94186576e+03 -6.94186580e+03  1.58e-11 1.78e-15  3.67e-10     1s

Barrier solved model in 25 iterations and 1.01 seconds
Optimal objective -6.94186576e+03


Root relaxation: objective -6.941866e+03, 41453 iterations, 1.02 seconds

    Nodes    |    Current Node    |     Objective Bounds      |     Work
 Expl Unexpl |  Obj  Depth IntInf | Incumbent    BestBd   Gap | It/Node Time

     0     0 -6941.8658    0  700    0.00000 -6941.8658      -     -    1s
H    0     0                    -6772.972000 -6941.8658  2.49%     -    1s

Explored 0 nodes (48415 simplex iterations) in 1.85 seconds
Thread count was 20 (of 20 available processors)

Solution count 2: -6772.97 0 
Pool objective bound -6941.87

Optimal solution found (tolerance 5.00e-02)
Best objective -6.772972000000e+03, best bound -6.941865779291e+03, gap 2.4936%
Changed value of parameter MIPGap to 0.05
   Prev: 0.0001  Min: 0.0  Max: 1e+100  Default: 0.0001
Changed value of parameter TimeLimit to 1800.0
   Prev: 1e+100  Min: 0.0  Max: 1e+100  Default: 1e+100
Changed value of parameter Method to 2
   Prev: -1  Min: -1  Max: 4  Default: -1
Changed value of parameter MIPFocus to 1
   Prev: 0  Min: 0  Max: 3  Default: 0
Optimize a model with 10862 rows, 56991 columns and 113982 nonzeros
Variable types: 0 continuous, 56991 integer (56991 binary)
Coefficient statistics:
  Matrix range     [1e+00, 2e+01]
  Objective range  [1e+00, 6e+00]
  Bounds range     [1e+00, 1e+00]
  RHS range        [8e+01, 8e+01]
Found heuristic solution: objective 0
Presolve time: 0.23s
Presolved: 10862 rows, 56991 columns, 113982 nonzeros
Variable types: 0 continuous, 56991 integer (56991 binary)
Presolved: 10862 rows, 56991 columns, 113982 nonzeros

Root barrier log...

Ordering time: 0.01s

Barrier statistics:
 AA' NZ     : 5.699e+04
 Factor NZ  : 2.381e+05 (roughly 30 MBytes of memory)
 Factor Ops : 3.820e+07 (less than 1 second per iteration)
 Threads    : 1

                  Objective                Residual
Iter       Primal          Dual         Primal    Dual     Compl     Time
   0  -5.67570188e+04 -1.85130839e+05  1.22e+02 6.66e-16  1.49e+01     0s
   1  -1.84982327e+04 -1.38706606e+05  2.58e+01 3.55e-15  3.42e+00     0s
   2  -9.00333432e+03 -6.24046667e+04  3.81e+00 2.89e-15  6.83e-01     0s
   3  -7.33015395e+03 -2.16458729e+04  2.31e-03 2.66e-15  1.25e-01     0s
   4  -7.42732574e+03 -1.16955637e+04  7.78e-04 2.68e-15  3.73e-02     0s
   5  -7.46493265e+03 -9.59083384e+03  5.51e-04 1.78e-15  1.86e-02     0s
   6  -7.52561211e+03 -8.28462676e+03  2.53e-04 1.78e-15  6.63e-03     1s
   7  -7.58593827e+03 -8.05211240e+03  7.89e-05 1.78e-15  4.07e-03     1s
   8  -7.59752921e+03 -7.91240040e+03  4.54e-05 1.78e-15  2.75e-03     1s
   9  -7.61373155e+03 -7.76183044e+03  2.13e-05 1.78e-15  1.29e-03     1s
  10  -7.62218705e+03 -7.70900216e+03  1.08e-05 1.78e-15  7.59e-04     1s
  11  -7.62641640e+03 -7.67376172e+03  6.42e-06 1.78e-15  4.14e-04     1s
  12  -7.62779814e+03 -7.65623816e+03  4.54e-06 1.78e-15  2.49e-04     1s
  13  -7.62941086e+03 -7.64656396e+03  2.62e-06 8.88e-16  1.50e-04     1s
  14  -7.63041038e+03 -7.64257091e+03  1.70e-06 1.78e-15  1.06e-04     1s
  15  -7.63122609e+03 -7.63932615e+03  1.19e-06 1.78e-15  7.08e-05     1s
  16  -7.63237493e+03 -7.63657361e+03  7.44e-07 8.98e-16  3.67e-05     1s
  17  -7.63292812e+03 -7.63546238e+03  4.88e-07 8.88e-16  2.22e-05     1s
  18  -7.63321419e+03 -7.63493758e+03  3.43e-07 1.78e-15  1.51e-05     1s
  19  -7.63338032e+03 -7.63443603e+03  2.62e-07 1.78e-15  9.23e-06     1s
  20  -7.63352858e+03 -7.63419815e+03  1.90e-07 1.78e-15  5.86e-06     1s
  21  -7.63375231e+03 -7.63404501e+03  8.11e-08 1.78e-15  2.56e-06     1s
  22  -7.63390182e+03 -7.63393105e+03  1.11e-08 1.78e-15  2.56e-07     1s
  23  -7.63392644e+03 -7.63392769e+03  1.39e-13 1.78e-15  1.10e-08     1s
  24  -7.63392654e+03 -7.63392654e+03  2.28e-14 1.78e-15  3.68e-12     1s

Barrier solved model in 24 iterations and 0.99 seconds
Optimal objective -7.63392654e+03


Root relaxation: objective -7.633927e+03, 41351 iterations, 0.98 seconds

    Nodes    |    Current Node    |     Objective Bounds      |     Work
 Expl Unexpl |  Obj  Depth IntInf | Incumbent    BestBd   Gap | It/Node Time

     0     0 -7633.9265    0  714    0.00000 -7633.9265      -     -    1s
H    0     0                    -7444.742500 -7633.9265  2.54%     -    1s

Explored 0 nodes (48283 simplex iterations) in 1.83 seconds
Thread count was 20 (of 20 available processors)

Solution count 2: -7444.74 0 
Pool objective bound -7633.93

Optimal solution found (tolerance 5.00e-02)
Best objective -7.444742500000e+03, best bound -7.633926537603e+03, gap 2.5412%
Changed value of parameter MIPGap to 0.05
   Prev: 0.0001  Min: 0.0  Max: 1e+100  Default: 0.0001
Changed value of parameter TimeLimit to 1800.0
   Prev: 1e+100  Min: 0.0  Max: 1e+100  Default: 1e+100
Changed value of parameter Method to 2
   Prev: -1  Min: -1  Max: 4  Default: -1
Changed value of parameter MIPFocus to 1
   Prev: 0  Min: 0  Max: 3  Default: 0
Optimize a model with 10862 rows, 56991 columns and 113982 nonzeros
Variable types: 0 continuous, 56991 integer (56991 binary)
Coefficient statistics:
  Matrix range     [1e+00, 2e+01]
  Objective range  [2e+00, 1e+01]
  Bounds range     [1e+00, 1e+00]
  RHS range        [8e+01, 8e+01]
Found heuristic solution: objective 0
Presolve time: 0.21s
Presolved: 10862 rows, 56991 columns, 113982 nonzeros
Variable types: 0 continuous, 56991 integer (56991 binary)
Presolved: 10862 rows, 56991 columns, 113982 nonzeros

Root barrier log...

Ordering time: 0.01s

Barrier statistics:
 AA' NZ     : 5.699e+04
 Factor NZ  : 2.381e+05 (roughly 30 MBytes of memory)
 Factor Ops : 3.820e+07 (less than 1 second per iteration)
 Threads    : 1

                  Objective                Residual
Iter       Primal          Dual         Primal    Dual     Compl     Time
   0  -8.60432155e+04 -3.51461516e+05  1.22e+02 1.33e-15  2.87e+01     0s
   1  -2.76578018e+04 -2.62319366e+05  2.60e+01 6.22e-15  6.61e+00     0s
   2  -1.30031558e+04 -1.03155632e+05  3.51e+00 9.77e-15  1.14e+00     0s
   3  -1.07859290e+04 -4.67115674e+04  2.13e-02 4.44e-15  3.15e-01     0s
   4  -1.08952930e+04 -2.10064906e+04  5.87e-03 3.55e-15  8.85e-02     0s
   5  -1.09261225e+04 -1.41765332e+04  3.96e-03 3.55e-15  2.85e-02     0s
   6  -1.10209405e+04 -1.22157223e+04  1.11e-03 3.55e-15  1.05e-02     0s
   7  -1.10756899e+04 -1.15294791e+04  3.72e-04 3.55e-15  3.97e-03     0s
   8  -1.10919232e+04 -1.13346488e+04  2.52e-04 3.55e-15  2.12e-03     0s
   9  -1.11049516e+04 -1.12442880e+04  1.73e-04 1.83e-15  1.22e-03     1s
  10  -1.11132486e+04 -1.11942798e+04  1.26e-04 3.55e-15  7.10e-04     1s
  11  -1.11189762e+04 -1.11651646e+04  9.50e-05 3.55e-15  4.05e-04     1s
  12  -1.11237188e+04 -1.11550823e+04  7.03e-05 3.55e-15  2.75e-04     1s
  13  -1.11262452e+04 -1.11495003e+04  5.72e-05 3.55e-15  2.04e-04     1s
  14  -1.11278629e+04 -1.11466664e+04  4.91e-05 1.78e-15  1.65e-04     1s
  15  -1.11310201e+04 -1.11433889e+04  3.73e-05 3.55e-15  1.09e-04     1s
  16  -1.11326439e+04 -1.11411064e+04  2.91e-05 3.55e-15  7.43e-05     1s
  17  -1.11337746e+04 -1.11397396e+04  2.34e-05 3.55e-15  5.24e-05     1s
  18  -1.11345387e+04 -1.11393420e+04  1.88e-05 3.55e-15  4.22e-05     1s
  19  -1.11351341e+04 -1.11386598e+04  1.52e-05 3.55e-15  3.10e-05     1s
  20  -1.11354817e+04 -1.11384824e+04  1.31e-05 3.55e-15  2.64e-05     1s
  21  -1.11362937e+04 -1.11380772e+04  8.27e-06 3.55e-15  1.57e-05     1s
  22  -1.11370949e+04 -1.11378856e+04  3.59e-06 3.55e-15  6.96e-06     1s
  23  -1.11375990e+04 -1.11378006e+04  6.17e-07 3.55e-15  1.77e-06     1s
  24  -1.11376447e+04 -1.11377615e+04  3.83e-07 1.78e-15  1.03e-06     1s
  25  -1.11376907e+04 -1.11377290e+04  1.54e-07 3.55e-15  3.37e-07     1s
  26  -1.11377213e+04 -1.11377226e+04  2.56e-09 3.55e-15  1.08e-08     1s
  27  -1.11377219e+04 -1.11377219e+04  7.19e-14 3.55e-15  1.08e-11     1s

Barrier solved model in 27 iterations and 0.89 seconds
Optimal objective -1.11377219e+04


Root relaxation: objective -1.113772e+04, 39654 iterations, 0.85 seconds

    Nodes    |    Current Node    |     Objective Bounds      |     Work
 Expl Unexpl |  Obj  Depth IntInf | Incumbent    BestBd   Gap | It/Node Time

     0     0 -11137.722    0  736    0.00000 -11137.722      -     -    1s
H    0     0                    -10786.42000 -11137.722  3.26%     -    1s

Explored 0 nodes (46640 simplex iterations) in 1.61 seconds
Thread count was 20 (of 20 available processors)

Solution count 2: -10786.4 0 
Pool objective bound -11137.7

Optimal solution found (tolerance 5.00e-02)
Best objective -1.078642000000e+04, best bound -1.113772000000e+04, gap 3.2569%
Changed value of parameter MIPGap to 0.05
   Prev: 0.0001  Min: 0.0  Max: 1e+100  Default: 0.0001
Changed value of parameter TimeLimit to 1800.0
   Prev: 1e+100  Min: 0.0  Max: 1e+100  Default: 1e+100
Changed value of parameter Method to 2
   Prev: -1  Min: -1  Max: 4  Default: -1
Changed value of parameter MIPFocus to 1
   Prev: 0  Min: 0  Max: 3  Default: 0
Optimize a model with 10862 rows, 56991 columns and 113982 nonzeros
Variable types: 0 continuous, 56991 integer (56991 binary)
Coefficient statistics:
  Matrix range     [1e+00, 2e+01]
  Objective range  [2e+00, 2e+01]
  Bounds range     [1e+00, 1e+00]
  RHS range        [8e+01, 8e+01]
Found heuristic solution: objective 0
Presolve time: 0.23s
Presolved: 10862 rows, 56991 columns, 113982 nonzeros
Variable types: 0 continuous, 56991 integer (56991 binary)
Presolved: 10862 rows, 56991 columns, 113982 nonzeros

Root barrier log...

Ordering time: 0.01s

Barrier statistics:
 AA' NZ     : 5.699e+04
 Factor NZ  : 2.381e+05 (roughly 30 MBytes of memory)
 Factor Ops : 3.820e+07 (less than 1 second per iteration)
 Threads    : 1

                  Objective                Residual
Iter       Primal          Dual         Primal    Dual     Compl     Time
   0  -1.44614501e+05 -6.84122869e+05  1.22e+02 2.66e-15  5.62e+01     0s
   1  -4.60383981e+04 -5.09611169e+05  2.61e+01 1.33e-14  1.30e+01     0s
   2  -2.12514835e+04 -1.99310521e+05  3.44e+00 1.07e-14  2.24e+00     0s
   3  -1.77335415e+04 -9.29016767e+04  2.14e-02 7.33e-15  6.59e-01     0s
   4  -1.79939998e+04 -3.32783565e+04  3.29e-03 7.83e-15  1.34e-01     0s
   5  -1.81869512e+04 -2.30580588e+04  6.70e-04 7.11e-15  4.26e-02     1s
   6  -1.83200955e+04 -2.16139562e+04  3.01e-04 7.11e-15  2.88e-02     1s
   7  -1.83704080e+04 -2.08108347e+04  2.42e-04 7.11e-15  2.13e-02     1s
   8  -1.84594667e+04 -2.02053662e+04  1.68e-04 7.11e-15  1.53e-02     1s
   9  -1.85254484e+04 -1.97200671e+04  1.25e-04 7.11e-15  1.04e-02     1s
  10  -1.85836985e+04 -1.95313829e+04  9.49e-05 7.11e-15  8.28e-03     1s
  11  -1.86271223e+04 -1.93355443e+04  7.55e-05 3.55e-15  6.19e-03     1s
  12  -1.86597366e+04 -1.92087822e+04  6.06e-05 7.11e-15  4.80e-03     1s
  13  -1.86850142e+04 -1.91389167e+04  4.94e-05 7.11e-15  3.97e-03     1s
  14  -1.87007867e+04 -1.90566856e+04  4.21e-05 7.11e-15  3.11e-03     1s
  15  -1.87199028e+04 -1.89915559e+04  3.57e-05 3.55e-15  2.38e-03     1s
  16  -1.87397881e+04 -1.89603355e+04  2.91e-05 7.11e-15  1.93e-03     1s
  17  -1.87618746e+04 -1.89193259e+04  2.26e-05 7.11e-15  1.38e-03     1s
  18  -1.87778965e+04 -1.89060171e+04  1.81e-05 7.11e-15  1.12e-03     1s
  19  -1.87882094e+04 -1.88860014e+04  1.46e-05 7.11e-15  8.55e-04     1s
  20  -1.87948786e+04 -1.88747797e+04  1.25e-05 3.55e-15  6.99e-04     1s
  21  -1.88001090e+04 -1.88674405e+04  1.11e-05 7.11e-15  5.89e-04     1s
  22  -1.88119867e+04 -1.88603820e+04  8.42e-06 3.55e-15  4.23e-04     1s
  23  -1.88184682e+04 -1.88532177e+04  6.78e-06 7.11e-15  3.04e-04     1s
  24  -1.88241281e+04 -1.88502498e+04  5.44e-06 7.11e-15  2.29e-04     1s
  25  -1.88261610e+04 -1.88486624e+04  4.82e-06 3.55e-15  1.97e-04     1s
  26  -1.88308314e+04 -1.88470555e+04  3.52e-06 7.11e-15  1.42e-04     1s
  27  -1.88329145e+04 -1.88456540e+04  2.94e-06 7.11e-15  1.12e-04     1s
  28  -1.88356333e+04 -1.88450935e+04  2.23e-06 7.11e-15  8.28e-05     1s
  29  -1.88363144e+04 -1.88448448e+04  2.04e-06 3.55e-15  7.47e-05     1s
  30  -1.88384996e+04 -1.88443432e+04  1.51e-06 7.11e-15  5.12e-05     1s
  31  -1.88403975e+04 -1.88440716e+04  1.05e-06 7.11e-15  3.22e-05     1s
  32  -1.88416354e+04 -1.88439157e+04  6.27e-07 7.11e-15  2.00e-05     1s
  33  -1.88418256e+04 -1.88438605e+04  5.62e-07 7.11e-15  1.78e-05     1s
  34  -1.88428235e+04 -1.88437917e+04  2.55e-07 7.11e-15  8.48e-06     1s
  35  -1.88434246e+04 -1.88437606e+04  7.85e-08 3.55e-15  2.94e-06     1s
  36  -1.88436769e+04 -1.88437029e+04  3.42e-09 7.11e-15  2.27e-07     1s
  37  -1.88436917e+04 -1.88436918e+04  6.90e-13 7.11e-15  3.80e-10     1s

Barrier solved model in 37 iterations and 1.35 seconds
Optimal objective -1.88436917e+04


Root relaxation: objective -1.884369e+04, 32013 iterations, 1.29 seconds

    Nodes    |    Current Node    |     Objective Bounds      |     Work
 Expl Unexpl |  Obj  Depth IntInf | Incumbent    BestBd   Gap | It/Node Time

     0     0 -18843.692    0  670    0.00000 -18843.692      -     -    2s
H    0     0                    -18514.50000 -18843.692  1.78%     -    2s

Explored 0 nodes (44641 simplex iterations) in 2.15 seconds
Thread count was 20 (of 20 available processors)

Solution count 2: -18514.5 0 
Pool objective bound -18843.7

Optimal solution found (tolerance 5.00e-02)
Best objective -1.851450000000e+04, best bound -1.884369000000e+04, gap 1.7780%
Changed value of parameter MIPGap to 0.05
   Prev: 0.0001  Min: 0.0  Max: 1e+100  Default: 0.0001
Changed value of parameter TimeLimit to 1800.0
   Prev: 1e+100  Min: 0.0  Max: 1e+100  Default: 1e+100
Changed value of parameter Method to 2
   Prev: -1  Min: -1  Max: 4  Default: -1
Changed value of parameter MIPFocus to 1
   Prev: 0  Min: 0  Max: 3  Default: 0
Optimize a model with 10862 rows, 56991 columns and 113982 nonzeros
Variable types: 0 continuous, 56991 integer (56991 binary)
Coefficient statistics:
  Matrix range     [1e+00, 2e+01]
  Objective range  [3e+00, 4e+01]
  Bounds range     [1e+00, 1e+00]
  RHS range        [8e+01, 8e+01]
Found heuristic solution: objective 0
Presolve time: 0.23s
Presolved: 10862 rows, 56991 columns, 113982 nonzeros
Variable types: 0 continuous, 56991 integer (56991 binary)
Presolved: 10862 rows, 56991 columns, 113982 nonzeros

Root barrier log...

Ordering time: 0.01s

Barrier statistics:
 AA' NZ     : 5.699e+04
 Factor NZ  : 2.381e+05 (roughly 30 MBytes of memory)
 Factor Ops : 3.820e+07 (less than 1 second per iteration)
 Threads    : 1

                  Objective                Residual
Iter       Primal          Dual         Primal    Dual     Compl     Time
   0  -2.61756478e+05 -1.34944558e+06  1.22e+02 5.33e-15  1.11e+02     0s
   1  -8.28543910e+04 -1.00423378e+06  2.61e+01 2.49e-14  2.57e+01     0s
   2  -3.78114935e+04 -3.91593411e+05  3.41e+00 2.13e-14  4.42e+00     0s
   3  -3.17171028e+04 -1.86993444e+05  1.60e-02 1.69e-14  1.36e+00     0s
   4  -3.22860555e+04 -6.75294812e+04  1.56e-03 1.42e-14  3.08e-01     0s
   5  -3.27632874e+04 -4.78622641e+04  5.66e-04 1.42e-14  1.32e-01     1s
   6  -3.31891973e+04 -4.33734930e+04  3.12e-04 1.42e-14  8.90e-02     1s
   7  -3.33727470e+04 -4.10382932e+04  2.52e-04 1.42e-14  6.70e-02     1s
   8  -3.35516425e+04 -3.92020939e+04  2.06e-04 1.42e-14  4.94e-02     1s
   9  -3.37522970e+04 -3.80767570e+04  1.60e-04 1.42e-14  3.78e-02     1s
  10  -3.39135638e+04 -3.69742672e+04  1.30e-04 1.42e-14  2.68e-02     1s
  11  -3.40607755e+04 -3.63799071e+04  1.01e-04 7.46e-15  2.03e-02     1s
  12  -3.41965483e+04 -3.59162882e+04  7.63e-05 1.42e-14  1.50e-02     1s
  13  -3.42776291e+04 -3.55916098e+04  6.33e-05 7.11e-15  1.15e-02     1s
  14  -3.43951119e+04 -3.53766812e+04  4.66e-05 1.42e-14  8.58e-03     1s
  15  -3.44330351e+04 -3.52224929e+04  4.14e-05 7.11e-15  6.90e-03     1s
  16  -3.44639256e+04 -3.51271099e+04  3.76e-05 7.11e-15  5.80e-03     1s
  17  -3.44936288e+04 -3.50611662e+04  3.36e-05 1.42e-14  4.96e-03     1s
  18  -3.45300363e+04 -3.50069378e+04  2.85e-05 1.42e-14  4.17e-03     1s
  19  -3.45606391e+04 -3.49525652e+04  2.51e-05 7.11e-15  3.43e-03     1s
  20  -3.45892618e+04 -3.49115203e+04  2.16e-05 1.42e-14  2.82e-03     1s
  21  -3.46002523e+04 -3.48930216e+04  2.04e-05 7.11e-15  2.56e-03     1s
  22  -3.46388132e+04 -3.48710218e+04  1.66e-05 1.42e-14  2.03e-03     1s
  23  -3.46533098e+04 -3.48529822e+04  1.51e-05 1.42e-14  1.75e-03     1s
  24  -3.46669287e+04 -3.48375974e+04  1.37e-05 7.11e-15  1.49e-03     1s
  25  -3.46801460e+04 -3.48296185e+04  1.23e-05 7.11e-15  1.31e-03     1s
  26  -3.46923756e+04 -3.48234850e+04  1.10e-05 7.11e-15  1.15e-03     1s
  27  -3.47037561e+04 -3.48201380e+04  9.79e-06 7.11e-15  1.02e-03     1s
  28  -3.47173539e+04 -3.48134452e+04  8.36e-06 7.11e-15  8.41e-04     1s
  29  -3.47305337e+04 -3.48082745e+04  7.18e-06 1.42e-14  6.80e-04     1s
  30  -3.47377644e+04 -3.48055156e+04  6.53e-06 7.11e-15  5.93e-04     1s
  31  -3.47429537e+04 -3.48043755e+04  5.94e-06 7.11e-15  5.38e-04     1s
  32  -3.47477698e+04 -3.48032838e+04  5.41e-06 1.42e-14  4.86e-04     1s
  33  -3.47539725e+04 -3.48017643e+04  4.74e-06 1.42e-14  4.18e-04     1s
  34  -3.47633165e+04 -3.48008239e+04  3.78e-06 7.11e-15  3.28e-04     1s
  35  -3.47658888e+04 -3.48002921e+04  3.49e-06 1.42e-14  3.01e-04     1s
  36  -3.47717877e+04 -3.48001459e+04  2.94e-06 1.42e-14  2.48e-04     1s
  37  -3.47798551e+04 -3.47992057e+04  2.08e-06 7.11e-15  1.69e-04     1s
  38  -3.47811004e+04 -3.47987315e+04  1.93e-06 7.11e-15  1.54e-04     1s
  39  -3.47839336e+04 -3.47984904e+04  1.60e-06 7.11e-15  1.27e-04     1s
  40  -3.47872849e+04 -3.47983593e+04  1.20e-06 7.11e-15  9.69e-05     1s
  41  -3.47895377e+04 -3.47983016e+04  9.32e-07 1.42e-14  7.67e-05     1s
  42  -3.47918864e+04 -3.47979796e+04  6.63e-07 7.11e-15  5.33e-05     1s
  43  -3.47935960e+04 -3.47977628e+04  4.64e-07 1.42e-14  3.65e-05     1s
  44  -3.47955223e+04 -3.47977165e+04  2.37e-07 7.11e-15  1.92e-05     2s
  45  -3.47965326e+04 -3.47976928e+04  1.19e-07 7.11e-15  1.02e-05     2s
  46  -3.47970425e+04 -3.47976176e+04  6.04e-08 1.42e-14  5.03e-06     2s
  47  -3.47975501e+04 -3.47976015e+04  2.81e-09 1.42e-14  4.50e-07     2s
  48  -3.47975777e+04 -3.47975778e+04  5.15e-12 1.42e-14  1.02e-09     2s

Barrier solved model in 48 iterations and 1.63 seconds
Optimal objective -3.47975777e+04


Root relaxation: objective -3.479758e+04, 30616 iterations, 1.55 seconds

    Nodes    |    Current Node    |     Objective Bounds      |     Work
 Expl Unexpl |  Obj  Depth IntInf | Incumbent    BestBd   Gap | It/Node Time

     0     0 -34797.578    0  749    0.00000 -34797.578      -     -    2s
H    0     0                    -33840.48000 -34797.578  2.83%     -    2s

Explored 0 nodes (41773 simplex iterations) in 2.38 seconds
Thread count was 20 (of 20 available processors)

Solution count 2: -33840.5 0 
Pool objective bound -34797.6

Optimal solution found (tolerance 5.00e-02)
Best objective -3.384048000000e+04, best bound -3.479757778741e+04, gap 2.8283%
Changed value of parameter MIPGap to 0.05
   Prev: 0.0001  Min: 0.0  Max: 1e+100  Default: 0.0001
Changed value of parameter TimeLimit to 1800.0
   Prev: 1e+100  Min: 0.0  Max: 1e+100  Default: 1e+100
Changed value of parameter Method to 2
   Prev: -1  Min: -1  Max: 4  Default: -1
Changed value of parameter MIPFocus to 1
   Prev: 0  Min: 0  Max: 3  Default: 0
Optimize a model with 10862 rows, 56991 columns and 113982 nonzeros
Variable types: 0 continuous, 56991 integer (56991 binary)
Coefficient statistics:
  Matrix range     [1e+00, 2e+01]
  Objective range  [4e+00, 5e+01]
  Bounds range     [1e+00, 1e+00]
  RHS range        [8e+01, 8e+01]
Found heuristic solution: objective 0
Presolve time: 0.23s
Presolved: 10862 rows, 56991 columns, 113982 nonzeros
Variable types: 0 continuous, 56991 integer (56991 binary)
Presolved: 10862 rows, 56991 columns, 113982 nonzeros

Root barrier log...

Ordering time: 0.01s

Barrier statistics:
 AA' NZ     : 5.699e+04
 Factor NZ  : 2.381e+05 (roughly 30 MBytes of memory)
 Factor Ops : 3.820e+07 (less than 1 second per iteration)
 Threads    : 1

                  Objective                Residual
Iter       Primal          Dual         Primal    Dual     Compl     Time
   0  -3.20327404e+05 -1.68210693e+06  1.22e+02 5.33e-15  1.39e+02     0s
   1  -1.01292105e+05 -1.25153446e+06  2.61e+01 2.84e-14  3.21e+01     0s
   2  -4.61138745e+04 -4.87870099e+05  3.41e+00 3.20e-14  5.52e+00     0s
   3  -3.87162158e+04 -2.33501647e+05  1.49e-02 2.13e-14  1.71e+00     0s
   4  -3.94430863e+04 -8.76899110e+04  1.23e-03 1.98e-14  4.22e-01     0s
   5  -4.00442012e+04 -6.31751843e+04  4.27e-04 1.42e-14  2.02e-01     0s
   6  -4.05608312e+04 -5.84740866e+04  2.40e-04 1.42e-14  1.57e-01     1s
   7  -4.07059165e+04 -5.41368604e+04  2.12e-04 1.42e-14  1.17e-01     1s
   8  -4.10180014e+04 -5.05441308e+04  1.63e-04 1.42e-14  8.32e-02     1s
   9  -4.12774645e+04 -4.84593237e+04  1.33e-04 1.42e-14  6.28e-02     1s
  10  -4.14981763e+04 -4.67378750e+04  1.09e-04 1.42e-14  4.58e-02     1s
  11  -4.16988648e+04 -4.55317086e+04  8.78e-05 1.42e-14  3.35e-02     1s
  12  -4.18983640e+04 -4.47159093e+04  6.65e-05 1.42e-14  2.46e-02     1s
  13  -4.20004111e+04 -4.42161457e+04  5.69e-05 1.42e-14  1.94e-02     1s
  14  -4.22065377e+04 -4.38609178e+04  3.94e-05 1.42e-14  1.45e-02     1s
  15  -4.22847060e+04 -4.36374062e+04  3.12e-05 1.42e-14  1.18e-02     1s
  16  -4.23624985e+04 -4.33938511e+04  2.60e-05 1.42e-14  9.01e-03     1s
  17  -4.23915893e+04 -4.32421431e+04  2.41e-05 7.11e-15  7.43e-03     1s
  18  -4.24848217e+04 -4.31542457e+04  1.82e-05 1.42e-14  5.85e-03     1s
  19  -4.25115645e+04 -4.31122011e+04  1.65e-05 1.42e-14  5.25e-03     1s
  20  -4.25548232e+04 -4.30390824e+04  1.38e-05 1.42e-14  4.23e-03     1s
  21  -4.25698009e+04 -4.29773205e+04  1.26e-05 1.42e-14  3.56e-03     1s
  22  -4.26043238e+04 -4.29443065e+04  1.06e-05 7.55e-15  2.97e-03     1s
  23  -4.26343612e+04 -4.28931534e+04  8.55e-06 1.42e-14  2.26e-03     1s
  24  -4.26491922e+04 -4.28781947e+04  7.77e-06 1.42e-14  2.00e-03     1s
  25  -4.26622798e+04 -4.28554021e+04  6.80e-06 7.71e-15  1.69e-03     1s
  26  -4.26785502e+04 -4.28417798e+04  5.96e-06 1.42e-14  1.43e-03     1s
  27  -4.26974701e+04 -4.28283532e+04  4.97e-06 1.42e-14  1.14e-03     1s
  28  -4.27174459e+04 -4.28186126e+04  4.08e-06 1.42e-14  8.85e-04     1s
  29  -4.27350519e+04 -4.28090739e+04  3.27e-06 1.42e-14  6.47e-04     1s
  30  -4.27425514e+04 -4.28029323e+04  2.84e-06 7.11e-15  5.28e-04     1s
  31  -4.27526208e+04 -4.28006365e+04  2.27e-06 1.42e-14  4.20e-04     1s
  32  -4.27568769e+04 -4.27987163e+04  2.02e-06 1.42e-14  3.66e-04     1s
  33  -4.27612545e+04 -4.27975031e+04  1.77e-06 7.11e-15  3.17e-04     1s
  34  -4.27651471e+04 -4.27959742e+04  1.59e-06 1.42e-14  2.70e-04     1s
  35  -4.27711251e+04 -4.27953663e+04  1.24e-06 1.42e-14  2.12e-04     1s
  36  -4.27755478e+04 -4.27947279e+04  9.84e-07 7.11e-15  1.68e-04     1s
  37  -4.27798945e+04 -4.27939011e+04  7.66e-07 1.42e-14  1.23e-04     1s
  38  -4.27844608e+04 -4.27933941e+04  4.94e-07 1.42e-14  7.81e-05     1s
  39  -4.27885453e+04 -4.27932193e+04  2.45e-07 1.42e-14  4.09e-05     1s
  40  -4.27891857e+04 -4.27930136e+04  2.07e-07 1.42e-14  3.35e-05     1s
  41  -4.27904568e+04 -4.27928174e+04  1.30e-07 1.42e-14  2.06e-05     1s
  42  -4.27916826e+04 -4.27927203e+04  5.75e-08 1.42e-14  9.08e-06     1s
  43  -4.27926434e+04 -4.27926890e+04  1.49e-09 1.42e-14  3.99e-07     1s
  44  -4.27926750e+04 -4.27926763e+04  2.57e-11 2.13e-14  1.10e-08     2s
  45  -4.27926756e+04 -4.27926756e+04  1.31e-11 1.42e-14  1.32e-11     2s

Barrier solved model in 45 iterations and 1.55 seconds
Optimal objective -4.27926756e+04


Root relaxation: objective -4.279268e+04, 29867 iterations, 1.50 seconds

    Nodes    |    Current Node    |     Objective Bounds      |     Work
 Expl Unexpl |  Obj  Depth IntInf | Incumbent    BestBd   Gap | It/Node Time

     0     0 -42792.676    0  622    0.00000 -42792.676      -     -    2s
H    0     0                    -41858.55000 -42792.676  2.23%     -    2s

Explored 0 nodes (45155 simplex iterations) in 2.43 seconds
Thread count was 20 (of 20 available processors)

Solution count 2: -41858.6 0 
Pool objective bound -42792.7

Optimal solution found (tolerance 5.00e-02)
Best objective -4.185855000000e+04, best bound -4.279267500000e+04, gap 2.2316%
Changed value of parameter MIPGap to 0.05
   Prev: 0.0001  Min: 0.0  Max: 1e+100  Default: 0.0001
Changed value of parameter TimeLimit to 1800.0
   Prev: 1e+100  Min: 0.0  Max: 1e+100  Default: 1e+100
Changed value of parameter Method to 2
   Prev: -1  Min: -1  Max: 4  Default: -1
Changed value of parameter MIPFocus to 1
   Prev: 0  Min: 0  Max: 3  Default: 0
Optimize a model with 10862 rows, 56991 columns and 113982 nonzeros
Variable types: 0 continuous, 56991 integer (56991 binary)
Coefficient statistics:
  Matrix range     [1e+00, 2e+01]
  Objective range  [6e+00, 1e+02]
  Bounds range     [1e+00, 1e+00]
  RHS range        [8e+01, 8e+01]
Found heuristic solution: objective 0
Presolve time: 0.23s
Presolved: 10862 rows, 56991 columns, 113982 nonzeros
Variable types: 0 continuous, 56991 integer (56991 binary)
Presolved: 10862 rows, 56991 columns, 113982 nonzeros

Root barrier log...

Ordering time: 0.01s

Barrier statistics:
 AA' NZ     : 5.699e+04
 Factor NZ  : 2.381e+05 (roughly 30 MBytes of memory)
 Factor Ops : 3.820e+07 (less than 1 second per iteration)
 Threads    : 1

                  Objective                Residual
Iter       Primal          Dual         Primal    Dual     Compl     Time
   0  -6.13181912e+05 -3.34541370e+06  1.22e+02 1.07e-14  2.76e+02     0s
   1  -1.93479417e+05 -2.48805018e+06  2.62e+01 5.68e-14  6.40e+01     0s
   2  -8.76247595e+04 -9.69230519e+05  3.40e+00 7.11e-14  1.10e+01     0s
   3  -7.37298081e+04 -4.65911281e+05  1.32e-02 4.26e-14  3.44e+00     0s
   4  -7.51908870e+04 -1.53348920e+05  1.70e-03 3.20e-14  6.84e-01     0s
   5  -7.63552518e+04 -1.27155445e+05  5.56e-04 2.84e-14  4.44e-01     0s
   6  -7.73981751e+04 -1.15611044e+05  3.42e-04 2.84e-14  3.34e-01     1s
   7  -7.79173505e+04 -1.05555918e+05  2.82e-04 2.18e-14  2.42e-01     1s
   8  -7.85861420e+04 -9.92328609e+04  2.24e-04 2.84e-14  1.80e-01     1s
   9  -7.91554804e+04 -9.35265709e+04  1.83e-04 2.84e-14  1.26e-01     1s
  10  -7.96784816e+04 -9.05586198e+04  1.53e-04 2.84e-14  9.51e-02     1s
  11  -8.01071571e+04 -8.85253687e+04  1.30e-04 2.84e-14  7.36e-02     1s
  12  -8.05469499e+04 -8.65948360e+04  1.07e-04 2.84e-14  5.29e-02     1s
  13  -8.09872818e+04 -8.58610771e+04  8.50e-05 1.89e-14  4.26e-02     1s
  14  -8.11966715e+04 -8.51636533e+04  7.46e-05 2.84e-14  3.47e-02     1s
  15  -8.13468842e+04 -8.46850531e+04  6.72e-05 1.78e-14  2.92e-02     1s
  16  -8.15787473e+04 -8.42646732e+04  5.63e-05 2.84e-14  2.35e-02     1s
  17  -8.17823394e+04 -8.37286961e+04  4.70e-05 2.84e-14  1.70e-02     1s
  18  -8.18788029e+04 -8.36346046e+04  4.28e-05 2.84e-14  1.54e-02     1s
  19  -8.19505892e+04 -8.35242608e+04  3.94e-05 2.84e-14  1.38e-02     1s
  20  -8.20310014e+04 -8.33859079e+04  3.56e-05 2.84e-14  1.18e-02     1s
  21  -8.21040362e+04 -8.32781430e+04  3.21e-05 2.84e-14  1.03e-02     1s
  22  -8.21738707e+04 -8.31473026e+04  2.91e-05 2.84e-14  8.51e-03     1s
  23  -8.22844095e+04 -8.30608284e+04  2.44e-05 2.84e-14  6.79e-03     1s
  24  -8.23629965e+04 -8.29877510e+04  2.09e-05 2.84e-14  5.47e-03     1s
  25  -8.24166434e+04 -8.29400914e+04  1.83e-05 2.84e-14  4.58e-03     1s
  26  -8.24620545e+04 -8.29059526e+04  1.60e-05 2.84e-14  3.88e-03     1s
  27  -8.24962807e+04 -8.28955380e+04  1.44e-05 2.84e-14  3.49e-03     1s
  28  -8.25334973e+04 -8.28707402e+04  1.27e-05 1.67e-14  2.95e-03     1s
  29  -8.25571235e+04 -8.28510674e+04  1.15e-05 2.84e-14  2.57e-03     1s
  30  -8.25852279e+04 -8.28325443e+04  1.01e-05 2.84e-14  2.16e-03     1s
  31  -8.26242486e+04 -8.28210505e+04  8.51e-06 2.84e-14  1.72e-03     1s
  32  -8.26504542e+04 -8.28127576e+04  7.15e-06 2.84e-14  1.42e-03     1s
  33  -8.26705534e+04 -8.28095852e+04  6.10e-06 2.84e-14  1.22e-03     1s
  34  -8.26898504e+04 -8.28034614e+04  5.11e-06 2.84e-14  9.94e-04     1s
  35  -8.26920271e+04 -8.28003557e+04  4.99e-06 2.84e-14  9.48e-04     1s
  36  -8.27035984e+04 -8.27973487e+04  4.45e-06 1.49e-14  8.21e-04     1s
  37  -8.27188032e+04 -8.27954268e+04  3.74e-06 1.60e-14  6.71e-04     1s
  38  -8.27355561e+04 -8.27943252e+04  2.90e-06 2.84e-14  5.15e-04     1s
  39  -8.27367734e+04 -8.27936616e+04  2.84e-06 2.84e-14  4.98e-04     1s
  40  -8.27478272e+04 -8.27929501e+04  2.23e-06 2.84e-14  3.95e-04     1s
  41  -8.27546854e+04 -8.27920013e+04  1.85e-06 2.84e-14  3.27e-04     1s
  42  -8.27623363e+04 -8.27910818e+04  1.50e-06 2.84e-14  2.52e-04     1s
  43  -8.27668757e+04 -8.27900209e+04  1.28e-06 1.42e-14  2.03e-04     1s
  44  -8.27741984e+04 -8.27899801e+04  8.72e-07 2.84e-14  1.38e-04     2s
  45  -8.27766806e+04 -8.27897815e+04  7.26e-07 2.84e-14  1.15e-04     2s
  46  -8.27778156e+04 -8.27896162e+04  6.60e-07 2.84e-14  1.03e-04     2s
  47  -8.27836721e+04 -8.27895622e+04  3.19e-07 1.42e-14  5.16e-05     2s
  48  -8.27863323e+04 -8.27896105e+04  1.67e-07 2.84e-14  2.87e-05     2s
  49  -8.27879361e+04 -8.27894934e+04  7.49e-08 2.84e-14  1.36e-05     2s
  50  -8.27892418e+04 -8.27892729e+04  1.66e-11 2.84e-14  2.72e-07     2s
  51  -8.27892462e+04 -8.27892463e+04  1.93e-13 2.84e-14  3.66e-10     2s

Barrier solved model in 51 iterations and 1.70 seconds
Optimal objective -8.27892462e+04


Root relaxation: objective -8.278925e+04, 30274 iterations, 1.63 seconds

    Nodes    |    Current Node    |     Objective Bounds      |     Work
 Expl Unexpl |  Obj  Depth IntInf | Incumbent    BestBd   Gap | It/Node Time

     0     0 -82789.246    0  689    0.00000 -82789.246      -     -    2s
H    0     0                    -80676.40000 -82789.246  2.62%     -    2s

Explored 0 nodes (41383 simplex iterations) in 2.48 seconds
Thread count was 20 (of 20 available processors)

Solution count 2: -80676.4 0 
Pool objective bound -82789.2

Optimal solution found (tolerance 5.00e-02)
Best objective -8.067640000000e+04, best bound -8.278924625000e+04, gap 2.6189%
Changed value of parameter MIPGap to 0.05
   Prev: 0.0001  Min: 0.0  Max: 1e+100  Default: 0.0001
Changed value of parameter TimeLimit to 1800.0
   Prev: 1e+100  Min: 0.0  Max: 1e+100  Default: 1e+100
Changed value of parameter Method to 2
   Prev: -1  Min: -1  Max: 4  Default: -1
Changed value of parameter MIPFocus to 1
   Prev: 0  Min: 0  Max: 3  Default: 0
Optimize a model with 10862 rows, 56991 columns and 113982 nonzeros
Variable types: 0 continuous, 56991 integer (56991 binary)
Coefficient statistics:
  Matrix range     [1e+00, 2e+01]
  Objective range  [1e+01, 2e+02]
  Bounds range     [1e+00, 1e+00]
  RHS range        [8e+01, 8e+01]
Found heuristic solution: objective 0
Presolve time: 0.23s
Presolved: 10862 rows, 56991 columns, 113982 nonzeros
Variable types: 0 continuous, 56991 integer (56991 binary)
Presolved: 10862 rows, 56991 columns, 113982 nonzeros

Root barrier log...

Ordering time: 0.01s

Barrier statistics:
 AA' NZ     : 5.699e+04
 Factor NZ  : 2.381e+05 (roughly 30 MBytes of memory)
 Factor Ops : 3.820e+07 (less than 1 second per iteration)
 Threads    : 1

                  Objective                Residual
Iter       Primal          Dual         Primal    Dual     Compl     Time
   0  -1.19889080e+06 -6.67202723e+06  1.22e+02 2.13e-14  5.52e+02     0s
   1  -3.77852220e+05 -4.96108777e+06  2.62e+01 1.42e-13  1.28e+02     0s
   2  -1.70642305e+05 -1.93194002e+06  3.40e+00 1.14e-13  2.20e+01     0s
   3  -1.43776172e+05 -9.30834607e+05  1.24e-02 8.53e-14  6.89e+00     0s
   4  -1.46762272e+05 -3.08680678e+05  1.43e-03 9.15e-14  1.42e+00     0s
   5  -1.49151216e+05 -2.57270033e+05  5.03e-04 7.21e-14  9.45e-01     0s
   6  -1.51385758e+05 -2.33069097e+05  3.32e-04 5.68e-14  7.14e-01     0s
   7  -1.52485230e+05 -2.11717999e+05  2.81e-04 5.68e-14  5.18e-01     1s
   8  -1.53913341e+05 -1.96438081e+05  2.24e-04 3.67e-14  3.72e-01     1s
   9  -1.55119499e+05 -1.84568138e+05  1.88e-04 5.68e-14  2.57e-01     1s
  10  -1.55977744e+05 -1.79592295e+05  1.65e-04 5.68e-14  2.06e-01     1s
  11  -1.57268883e+05 -1.75476523e+05  1.30e-04 5.68e-14  1.59e-01     1s
  12  -1.58282805e+05 -1.71678292e+05  1.03e-04 2.89e-14  1.17e-01     1s
  13  -1.58942113e+05 -1.70068655e+05  8.66e-05 5.68e-14  9.73e-02     1s
  14  -1.59517316e+05 -1.68381099e+05  7.28e-05 5.68e-14  7.75e-02     1s
  15  -1.59838102e+05 -1.67259226e+05  6.51e-05 5.68e-14  6.49e-02     1s
  16  -1.60422163e+05 -1.66228411e+05  5.22e-05 5.68e-14  5.08e-02     1s
  17  -1.60742382e+05 -1.65029579e+05  4.55e-05 5.68e-14  3.75e-02     1s
  18  -1.61161003e+05 -1.64708998e+05  3.66e-05 3.15e-14  3.10e-02     1s
  19  -1.61297382e+05 -1.64365708e+05  3.36e-05 4.22e-14  2.68e-02     1s
  20  -1.61451617e+05 -1.63972737e+05  3.01e-05 5.68e-14  2.20e-02     1s
  21  -1.61588720e+05 -1.63752167e+05  2.70e-05 5.68e-14  1.89e-02     1s
  22  -1.61817767e+05 -1.63579423e+05  2.22e-05 5.68e-14  1.54e-02     1s
  23  -1.61945770e+05 -1.63422859e+05  1.92e-05 2.84e-14  1.29e-02     1s
  24  -1.62046178e+05 -1.63310066e+05  1.71e-05 5.68e-14  1.11e-02     1s
  25  -1.62121112e+05 -1.63209952e+05  1.54e-05 5.68e-14  9.52e-03     1s
  26  -1.62197315e+05 -1.63115225e+05  1.37e-05 5.68e-14  8.03e-03     1s
  27  -1.62299338e+05 -1.63045896e+05  1.14e-05 2.92e-14  6.53e-03     1s
  28  -1.62384916e+05 -1.63004954e+05  9.54e-06 5.68e-14  5.42e-03     1s
  29  -1.62426821e+05 -1.62980887e+05  8.57e-06 5.68e-14  4.85e-03     1s
  30  -1.62475860e+05 -1.62948312e+05  7.53e-06 5.68e-14  4.13e-03     1s
  31  -1.62531121e+05 -1.62890441e+05  6.43e-06 2.84e-14  3.14e-03     1s
  32  -1.62563006e+05 -1.62865333e+05  5.66e-06 5.68e-14  2.65e-03     1s
  33  -1.62605765e+05 -1.62847112e+05  4.64e-06 5.68e-14  2.11e-03     1s
  34  -1.62621445e+05 -1.62836456e+05  4.27e-06 5.68e-14  1.88e-03     1s
  35  -1.62666279e+05 -1.62827001e+05  3.20e-06 5.68e-14  1.41e-03     1s
  36  -1.62690253e+05 -1.62816397e+05  2.67e-06 5.68e-14  1.10e-03     1s
  37  -1.62707130e+05 -1.62811234e+05  2.32e-06 5.68e-14  9.11e-04     1s
  38  -1.62732350e+05 -1.62809333e+05  1.72e-06 5.68e-14  6.74e-04     1s
  39  -1.62755949e+05 -1.62807707e+05  1.12e-06 5.68e-14  4.53e-04     1s
  40  -1.62764997e+05 -1.62806775e+05  8.91e-07 5.68e-14  3.66e-04     1s
  41  -1.62767066e+05 -1.62806004e+05  8.39e-07 5.68e-14  3.41e-04     1s
  42  -1.62771550e+05 -1.62805158e+05  7.44e-07 5.68e-14  2.94e-04     1s
  43  -1.62783646e+05 -1.62803754e+05  4.35e-07 5.68e-14  1.76e-04     1s
  44  -1.62787662e+05 -1.62802792e+05  3.33e-07 5.68e-14  1.32e-04     1s
  45  -1.62792856e+05 -1.62802432e+05  2.01e-07 5.68e-14  8.38e-05     1s
  46  -1.62793687e+05 -1.62801975e+05  1.80e-07 2.97e-14  7.25e-05     2s
  47  -1.62798322e+05 -1.62801296e+05  6.61e-08 5.68e-14  2.60e-05     2s
  48  -1.62800978e+05 -1.62801059e+05  6.01e-10 5.68e-14  7.07e-07     2s
  49  -1.62801009e+05 -1.62801012e+05  2.61e-11 5.68e-14  2.95e-08     2s
  50  -1.62801011e+05 -1.62801011e+05  3.68e-13 5.68e-14  2.95e-11     2s

Barrier solved model in 50 iterations and 1.61 seconds
Optimal objective -1.62801011e+05


Root relaxation: objective -1.628010e+05, 30023 iterations, 1.54 seconds

    Nodes    |    Current Node    |     Objective Bounds      |     Work
 Expl Unexpl |  Obj  Depth IntInf | Incumbent    BestBd   Gap | It/Node Time

     0     0 -162801.01    0  540    0.00000 -162801.01      -     -    2s
H    0     0                    -159433.7000 -162801.01  2.11%     -    2s

Explored 0 nodes (50598 simplex iterations) in 2.49 seconds
Thread count was 20 (of 20 available processors)

Solution count 2: -159434 0 
Pool objective bound -162801

Optimal solution found (tolerance 5.00e-02)
Best objective -1.594337000000e+05, best bound -1.628010000000e+05, gap 2.1120%
Changed value of parameter MIPGap to 0.05
   Prev: 0.0001  Min: 0.0  Max: 1e+100  Default: 0.0001
Changed value of parameter TimeLimit to 1800.0
   Prev: 1e+100  Min: 0.0  Max: 1e+100  Default: 1e+100
Changed value of parameter Method to 2
   Prev: -1  Min: -1  Max: 4  Default: -1
Changed value of parameter MIPFocus to 1
   Prev: 0  Min: 0  Max: 3  Default: 0
Optimize a model with 10862 rows, 56991 columns and 113982 nonzeros
Variable types: 0 continuous, 56991 integer (56991 binary)
Coefficient statistics:
  Matrix range     [1e+00, 2e+01]
  Objective range  [3e+01, 5e+02]
  Bounds range     [1e+00, 1e+00]
  RHS range        [8e+01, 8e+01]
Found heuristic solution: objective 0
Presolve time: 0.20s
Presolved: 10862 rows, 56991 columns, 113982 nonzeros
Variable types: 0 continuous, 56991 integer (56991 binary)
Presolved: 10862 rows, 56991 columns, 113982 nonzeros

Root barrier log...

Ordering time: 0.01s

Barrier statistics:
 AA' NZ     : 5.699e+04
 Factor NZ  : 2.381e+05 (roughly 30 MBytes of memory)
 Factor Ops : 3.820e+07 (less than 1 second per iteration)
 Threads    : 1

                  Objective                Residual
Iter       Primal          Dual         Primal    Dual     Compl     Time
   0  -2.95601736e+06 -1.66518678e+07  1.22e+02 5.68e-14  1.38e+03     0s
   1  -9.30972992e+05 -1.23802095e+07  2.62e+01 3.41e-13  3.19e+02     0s
   2  -4.19692593e+05 -4.82006217e+06  3.40e+00 3.41e-13  5.49e+01     0s
   3  -3.53931138e+05 -2.32567347e+06  1.19e-02 2.52e-13  1.73e+01     0s
   4  -3.61559968e+05 -7.73836652e+05  1.24e-03 2.38e-13  3.61e+00     0s
   5  -3.67926772e+05 -6.43218546e+05  4.86e-04 1.78e-13  2.41e+00     0s
   6  -3.72799350e+05 -5.79362985e+05  3.52e-04 1.59e-13  1.81e+00     0s
   7  -3.75490590e+05 -5.24349249e+05  3.02e-04 1.14e-13  1.30e+00     1s
   8  -3.79439205e+05 -4.85757422e+05  2.40e-04 1.14e-13  9.29e-01     1s
   9  -3.82117566e+05 -4.64374464e+05  2.07e-04 7.28e-14  7.19e-01     1s
  10  -3.85535526e+05 -4.50664275e+05  1.69e-04 1.14e-13  5.69e-01     1s
  11  -3.87386004e+05 -4.35424012e+05  1.48e-04 1.14e-13  4.20e-01     1s
  12  -3.89877412e+05 -4.28600716e+05  1.23e-04 1.14e-13  3.39e-01     1s
  13  -3.91609243e+05 -4.22315932e+05  1.06e-04 1.14e-13  2.68e-01     1s
  14  -3.94278330e+05 -4.18419170e+05  7.96e-05 1.14e-13  2.11e-01     1s
  15  -3.95224366e+05 -4.15604109e+05  7.03e-05 1.14e-13  1.78e-01     1s
  16  -3.96335842e+05 -4.11079485e+05  6.09e-05 1.14e-13  1.29e-01     1s
  17  -3.97335236e+05 -4.09000199e+05  5.19e-05 1.14e-13  1.02e-01     1s
  18  -3.97965752e+05 -4.07074922e+05  4.64e-05 1.14e-13  7.97e-02     1s
  19  -3.98430975e+05 -4.06259051e+05  4.19e-05 1.14e-13  6.85e-02     1s
  20  -3.98829701e+05 -4.05362742e+05  3.81e-05 1.14e-13  5.71e-02     1s
  21  -3.99259164e+05 -4.04945154e+05  3.40e-05 1.14e-13  4.97e-02     1s
  22  -3.99891428e+05 -4.04699080e+05  2.88e-05 1.14e-13  4.21e-02     1s
  23  -4.00489455e+05 -4.04033807e+05  2.39e-05 1.14e-13  3.10e-02     1s
  24  -4.00718993e+05 -4.03744032e+05  2.15e-05 1.14e-13  2.65e-02     1s
  25  -4.00944588e+05 -4.03587796e+05  1.92e-05 1.14e-13  2.31e-02     1s
  26  -4.01219302e+05 -4.03464431e+05  1.65e-05 1.14e-13  1.96e-02     1s
  27  -4.01424066e+05 -4.03341426e+05  1.44e-05 1.14e-13  1.68e-02     1s
  28  -4.01558042e+05 -4.03223645e+05  1.31e-05 1.14e-13  1.46e-02     1s
  29  -4.01653343e+05 -4.03136283e+05  1.22e-05 1.14e-13  1.30e-02     1s
  30  -4.01908645e+05 -4.03066274e+05  9.78e-06 1.14e-13  1.01e-02     1s
  31  -4.01974357e+05 -4.03019430e+05  9.25e-06 1.14e-13  9.15e-03     1s
  32  -4.02070832e+05 -4.02982194e+05  8.30e-06 1.14e-13  7.98e-03     1s
  33  -4.02175690e+05 -4.02952031e+05  7.15e-06 1.14e-13  6.80e-03     1s
  34  -4.02261993e+05 -4.02925977e+05  6.22e-06 1.14e-13  5.81e-03     1s
  35  -4.02291359e+05 -4.02906311e+05  5.90e-06 1.14e-13  5.38e-03     1s
  36  -4.02388254e+05 -4.02894666e+05  4.95e-06 1.14e-13  4.43e-03     1s
  37  -4.02473680e+05 -4.02882351e+05  4.20e-06 1.14e-13  3.58e-03     1s
  38  -4.02521337e+05 -4.02876949e+05  3.67e-06 1.14e-13  3.11e-03     1s
  39  -4.02567132e+05 -4.02870396e+05  3.15e-06 1.14e-13  2.66e-03     1s
  40  -4.02615301e+05 -4.02865942e+05  2.60e-06 1.14e-13  2.19e-03     1s
  41  -4.02647497e+05 -4.02863300e+05  2.23e-06 1.14e-13  1.89e-03     1s
  42  -4.02703448e+05 -4.02856946e+05  1.63e-06 1.14e-13  1.34e-03     1s
  43  -4.02760653e+05 -4.02853021e+05  9.80e-07 1.14e-13  8.09e-04     1s
  44  -4.02764496e+05 -4.02852607e+05  9.39e-07 1.14e-13  7.71e-04     1s
  45  -4.02782676e+05 -4.02851926e+05  7.36e-07 1.14e-13  6.06e-04     2s
  46  -4.02794701e+05 -4.02851602e+05  6.00e-07 1.14e-13  4.98e-04     2s
  47  -4.02826562e+05 -4.02850844e+05  2.41e-07 1.14e-13  2.13e-04     2s
  48  -4.02841093e+05 -4.02849646e+05  7.99e-08 1.14e-13  7.49e-05     2s
  49  -4.02847330e+05 -4.02848751e+05  1.22e-08 1.14e-13  1.24e-05     2s
  50  -4.02848477e+05 -4.02848485e+05  2.77e-11 1.14e-13  7.02e-08     2s
  51  -4.02848481e+05 -4.02848481e+05  4.48e-13 1.14e-13  7.03e-11     2s

Barrier solved model in 51 iterations and 1.66 seconds
Optimal objective -4.02848481e+05


Root relaxation: objective -4.028485e+05, 30084 iterations, 1.62 seconds

    Nodes    |    Current Node    |     Objective Bounds      |     Work
 Expl Unexpl |  Obj  Depth IntInf | Incumbent    BestBd   Gap | It/Node Time

     0     0 -402848.48    0  651    0.00000 -402848.48      -     -    2s
H    0     0                    -392239.5000 -402848.48  2.70%     -    2s

Explored 0 nodes (45313 simplex iterations) in 2.38 seconds
Thread count was 20 (of 20 available processors)

Solution count 2: -392240 0 
Pool objective bound -402848

Optimal solution found (tolerance 5.00e-02)
Best objective -3.922395000000e+05, best bound -4.028484812500e+05, gap 2.7047%
Changed value of parameter MIPGap to 0.05
   Prev: 0.0001  Min: 0.0  Max: 1e+100  Default: 0.0001
Changed value of parameter TimeLimit to 1800.0
   Prev: 1e+100  Min: 0.0  Max: 1e+100  Default: 1e+100
Changed value of parameter Method to 2
   Prev: -1  Min: -1  Max: 4  Default: -1
Changed value of parameter MIPFocus to 1
   Prev: 0  Min: 0  Max: 3  Default: 0
Optimize a model with 10862 rows, 56991 columns and 113982 nonzeros
Variable types: 0 continuous, 56991 integer (56991 binary)
Coefficient statistics:
  Matrix range     [1e+00, 2e+01]
  Objective range  [3e+02, 5e+03]
  Bounds range     [1e+00, 1e+00]
  RHS range        [8e+01, 8e+01]
Found heuristic solution: objective 0
Presolve time: 0.18s
Presolved: 10862 rows, 56991 columns, 113982 nonzeros
Variable types: 0 continuous, 56991 integer (56991 binary)
Presolved: 10862 rows, 56991 columns, 113982 nonzeros

Root barrier log...

Ordering time: 0.01s

Barrier statistics:
 AA' NZ     : 5.699e+04
 Factor NZ  : 2.381e+05 (roughly 30 MBytes of memory)
 Factor Ops : 3.820e+07 (less than 1 second per iteration)
 Threads    : 1

                  Objective                Residual
Iter       Primal          Dual         Primal    Dual     Compl     Time
   0  -2.93129154e+07 -1.66349477e+08  1.22e+02 4.55e-13  1.38e+04     0s
   1  -9.22778288e+06 -1.23667053e+08  2.62e+01 2.73e-12  3.19e+03     0s
   2  -4.15544056e+06 -4.81418913e+07  3.40e+00 2.73e-12  5.48e+02     0s
   3  -3.50631383e+06 -2.32483686e+07  1.17e-02 2.10e-12  1.73e+02     0s
   4  -3.58350735e+06 -7.74722816e+06  1.14e-03 2.16e-12  3.64e+01     0s
   5  -3.64841019e+06 -6.44579268e+06  4.83e-04 1.69e-12  2.45e+01     0s
   6  -3.70922327e+06 -5.76957055e+06  3.69e-04 1.23e-12  1.80e+01     0s
   7  -3.74779907e+06 -5.20951404e+06  3.07e-04 1.82e-12  1.28e+01     0s
   8  -3.77683437e+06 -4.87010561e+06  2.65e-04 1.82e-12  9.56e+00     1s
   9  -3.81085785e+06 -4.63963289e+06  2.18e-04 1.82e-12  7.25e+00     1s
  10  -3.84032864e+06 -4.46291844e+06  1.82e-04 1.11e-12  5.44e+00     1s
  11  -3.86686568e+06 -4.33343889e+06  1.49e-04 1.82e-12  4.08e+00     1s
  12  -3.89213558e+06 -4.26311362e+06  1.18e-04 9.09e-13  3.24e+00     1s
  13  -3.90411786e+06 -4.22736150e+06  1.06e-04 9.67e-13  2.83e+00     1s
  14  -3.91618469e+06 -4.17858583e+06  9.17e-05 9.09e-13  2.29e+00     1s
  15  -3.92561979e+06 -4.11600195e+06  8.18e-05 1.82e-12  1.66e+00     1s
  16  -3.93936840e+06 -4.09424803e+06  6.85e-05 1.82e-12  1.35e+00     1s
  17  -3.95180495e+06 -4.05555035e+06  5.59e-05 9.09e-13  9.07e-01     1s
  18  -3.95885367e+06 -4.04381414e+06  4.89e-05 9.09e-13  7.43e-01     1s
  19  -3.96197324e+06 -4.03375848e+06  4.55e-05 9.09e-13  6.28e-01     1s
  20  -3.96561098e+06 -4.02874960e+06  4.14e-05 9.09e-13  5.52e-01     1s
  21  -3.96629373e+06 -4.02749121e+06  4.06e-05 9.40e-13  5.35e-01     1s
  22  -3.97106443e+06 -4.02480142e+06  3.58e-05 9.09e-13  4.70e-01     1s
  23  -3.97438448e+06 -4.01580243e+06  3.22e-05 9.09e-13  3.62e-01     1s
  24  -3.98081423e+06 -4.01283640e+06  2.57e-05 9.09e-13  2.80e-01     1s
  25  -3.98216221e+06 -4.01177778e+06  2.41e-05 9.09e-13  2.59e-01     1s
  26  -3.98357534e+06 -4.01052570e+06  2.25e-05 1.82e-12  2.36e-01     1s
  27  -3.98496090e+06 -4.00984761e+06  2.10e-05 9.09e-13  2.18e-01     1s
  28  -3.98744860e+06 -4.00799916e+06  1.81e-05 9.09e-13  1.80e-01     1s
  29  -3.98788056e+06 -4.00748863e+06  1.76e-05 9.09e-13  1.72e-01     1s
  30  -3.98939061e+06 -4.00665737e+06  1.59e-05 9.09e-13  1.51e-01     1s
  31  -3.99270881e+06 -4.00575567e+06  1.28e-05 9.09e-13  1.14e-01     1s
  32  -3.99345242e+06 -4.00516611e+06  1.20e-05 9.09e-13  1.03e-01     1s
  33  -3.99443062e+06 -4.00486487e+06  1.08e-05 9.09e-13  9.14e-02     1s
  34  -3.99591974e+06 -4.00465653e+06  9.04e-06 9.09e-13  7.65e-02     1s
  35  -3.99701885e+06 -4.00441818e+06  7.74e-06 9.09e-13  6.48e-02     1s
  36  -3.99828844e+06 -4.00425970e+06  6.32e-06 9.09e-13  5.23e-02     1s
  37  -3.99925059e+06 -4.00410540e+06  5.22e-06 9.09e-13  4.25e-02     1s
  38  -3.99996407e+06 -4.00397852e+06  4.48e-06 9.09e-13  3.52e-02     1s
  39  -4.00047015e+06 -4.00389955e+06  3.85e-06 9.09e-13  3.00e-02     1s
  40  -4.00122824e+06 -4.00383994e+06  2.89e-06 9.09e-13  2.29e-02     1s
  41  -4.00179461e+06 -4.00378933e+06  2.19e-06 9.09e-13  1.75e-02     1s
  42  -4.00187434e+06 -4.00373686e+06  2.09e-06 9.09e-13  1.63e-02     1s
  43  -4.00228096e+06 -4.00371726e+06  1.59e-06 9.09e-13  1.26e-02     1s
  44  -4.00249534e+06 -4.00368025e+06  1.33e-06 9.09e-13  1.04e-02     1s
  45  -4.00281192e+06 -4.00366197e+06  9.38e-07 9.09e-13  7.44e-03     1s
  46  -4.00308967e+06 -4.00364526e+06  5.99e-07 9.09e-13  4.86e-03     1s
  47  -4.00330216e+06 -4.00362482e+06  3.41e-07 9.09e-13  2.83e-03     2s
  48  -4.00354158e+06 -4.00360267e+06  5.60e-08 9.09e-13  5.35e-04     2s
  49  -4.00357461e+06 -4.00359370e+06  1.66e-08 9.09e-13  1.67e-04     2s
  50  -4.00358903e+06 -4.00358920e+06  8.27e-11 1.82e-12  1.51e-06     2s
  51  -4.00358912e+06 -4.00358912e+06  1.47e-13 1.82e-12  1.51e-09     2s

Barrier solved model in 51 iterations and 1.61 seconds
Optimal objective -4.00358912e+06


Root relaxation: objective -4.003589e+06, 30036 iterations, 1.58 seconds

    Nodes    |    Current Node    |     Objective Bounds      |     Work
 Expl Unexpl |  Obj  Depth IntInf | Incumbent    BestBd   Gap | It/Node Time

     0     0 -4003589.1    0  781    0.00000 -4003589.1      -     -    2s
H    0     0                    -3856489.000 -4003589.1  3.81%     -    2s

Explored 0 nodes (38416 simplex iterations) in 2.31 seconds
Thread count was 20 (of 20 available processors)

Solution count 2: -3.85649e+06 0 
Pool objective bound -4.00359e+06

Optimal solution found (tolerance 5.00e-02)
Best objective -3.856489000000e+06, best bound -4.003589120833e+06, gap 3.8144%
