Changed value of parameter MIPGap to 0.05
   Prev: 0.0001  Min: 0.0  Max: 1e+100  Default: 0.0001
Changed value of parameter TimeLimit to 1800.0
   Prev: 1e+100  Min: 0.0  Max: 1e+100  Default: 1e+100
Changed value of parameter Method to 2
   Prev: -1  Min: -1  Max: 4  Default: -1
Changed value of parameter MIPFocus to 1
   Prev: 0  Min: 0  Max: 3  Default: 0
Optimize a model with 4048 rows, 5922 columns and 11844 nonzeros
Variable types: 0 continuous, 5922 integer (5922 binary)
Coefficient statistics:
  Matrix range     [1e+00, 5e+00]
  Objective range  [1e+00, 1e+00]
  Bounds range     [1e+00, 1e+00]
  RHS range        [8e+01, 8e+01]
Found heuristic solution: objective 0
Presolve removed 3984 rows and 4847 columns
Presolve time: 0.02s
Presolved: 64 rows, 1075 columns, 2046 nonzeros
Found heuristic solution: objective -1549.000000
Variable types: 0 continuous, 1075 integer (891 binary)
Presolved: 64 rows, 1075 columns, 2046 nonzeros

Root barrier log...

Ordering time: 0.00s

Barrier statistics:
 AA' NZ     : 9.340e+02
 Factor NZ  : 2.080e+03
 Factor Ops : 8.944e+04 (less than 1 second per iteration)
 Threads    : 1

                  Objective                Residual
Iter       Primal          Dual         Primal    Dual     Compl     Time
   0  -3.40665686e+03 -3.16562729e+03  2.16e+01 4.44e-16  2.26e+00     0s
   1  -1.79232163e+03 -2.40067282e+03  2.26e+00 2.84e-01  4.90e-01     0s
   2  -1.68452952e+03 -1.82764239e+03  8.61e-02 2.79e-02  7.10e-02     0s
   3  -1.70661143e+03 -1.73717752e+03  1.55e-02 2.81e-04  1.49e-02     0s
   4  -1.71410141e+03 -1.72291137e+03  3.56e-03 1.41e-03  4.24e-03     0s
   5  -1.71584222e+03 -1.71908876e+03  1.23e-03 1.72e-04  1.56e-03     0s
   6  -1.71676805e+03 -1.71709534e+03  9.31e-05 8.88e-16  1.56e-04     0s
   7  -1.71689991e+03 -1.71690009e+03  5.52e-08 8.88e-16  8.96e-08     0s
   8  -1.71690000e+03 -1.71690000e+03  5.86e-14 8.88e-16  9.27e-14     0s

Barrier solved model in 8 iterations and 0.15 seconds
Optimal objective -1.71690000e+03


Root relaxation: objective -1.716900e+03, 271 iterations, 0.31 seconds

    Nodes    |    Current Node    |     Objective Bounds      |     Work
 Expl Unexpl |  Obj  Depth IntInf | Incumbent    BestBd   Gap | It/Node Time

     0     0 -1716.9000    0    8 -1549.0000 -1716.9000  10.8%     -    0s
H    0     0                    -1713.000000 -1716.9000  0.23%     -    0s

Explored 0 nodes (448 simplex iterations) in 0.38 seconds
Thread count was 20 (of 20 available processors)

Solution count 3: -1713 -1549 -161 
Pool objective bound -1716

Optimal solution found (tolerance 5.00e-02)
Best objective -1.713000000000e+03, best bound -1.716000000000e+03, gap 0.1751%
Changed value of parameter MIPGap to 0.05
   Prev: 0.0001  Min: 0.0  Max: 1e+100  Default: 0.0001
Changed value of parameter TimeLimit to 1800.0
   Prev: 1e+100  Min: 0.0  Max: 1e+100  Default: 1e+100
Changed value of parameter Method to 2
   Prev: -1  Min: -1  Max: 4  Default: -1
Changed value of parameter MIPFocus to 1
   Prev: 0  Min: 0  Max: 3  Default: 0
Optimize a model with 4048 rows, 5922 columns and 11844 nonzeros
Variable types: 0 continuous, 5922 integer (5922 binary)
Coefficient statistics:
  Matrix range     [1e+00, 5e+00]
  Objective range  [1e+00, 1e+00]
  Bounds range     [1e+00, 1e+00]
  RHS range        [8e+01, 8e+01]
Found heuristic solution: objective 0
Presolve removed 3984 rows and 4594 columns
Presolve time: 0.01s
Presolved: 64 rows, 1328 columns, 2379 nonzeros
Found heuristic solution: objective -1549.385000
Variable types: 0 continuous, 1328 integer (1114 binary)
Presolved: 64 rows, 1328 columns, 2379 nonzeros

Root barrier log...

Ordering time: 0.00s

Barrier statistics:
 AA' NZ     : 9.340e+02
 Factor NZ  : 2.080e+03 (roughly 1 MByte of memory)
 Factor Ops : 8.944e+04 (less than 1 second per iteration)
 Threads    : 1

                  Objective                Residual
Iter       Primal          Dual         Primal    Dual     Compl     Time
   0  -3.57252636e+03 -3.13293607e+03  2.15e+01 4.44e-16  1.81e+00     0s
   1  -1.83495595e+03 -2.40873677e+03  2.50e+00 2.45e-01  4.07e-01     0s
   2  -1.68090221e+03 -1.83337520e+03  1.06e-01 2.48e-02  6.29e-02     0s
   3  -1.70726959e+03 -1.74006591e+03  1.70e-02 3.64e-04  1.31e-02     0s
   4  -1.71483244e+03 -1.72371868e+03  4.23e-03 1.20e-03  3.53e-03     0s
   5  -1.71688606e+03 -1.71994919e+03  1.38e-03 2.06e-04  1.22e-03     0s
   6  -1.71788727e+03 -1.71845979e+03  5.74e-06 8.88e-16  2.12e-04     0s
   7  -1.71791599e+03 -1.71813171e+03  1.97e-06 1.78e-15  8.01e-05     0s
   8  -1.71794572e+03 -1.71804118e+03  0.00e+00 1.78e-15  3.53e-05     0s
   9  -1.71795776e+03 -1.71798547e+03  0.00e+00 1.78e-15  1.02e-05     0s
  10  -1.71796112e+03 -1.71797578e+03  0.00e+00 8.88e-16  5.40e-06     0s
  11  -1.71796256e+03 -1.71796680e+03  0.00e+00 1.78e-15  1.56e-06     0s
  12  -1.71796320e+03 -1.71796399e+03  0.00e+00 1.78e-15  2.90e-07     0s
  13  -1.71796338e+03 -1.71796339e+03  0.00e+00 1.78e-15  4.03e-09     0s

Barrier solved model in 13 iterations and 0.02 seconds
Optimal objective -1.71796338e+03


Root relaxation: objective -1.717963e+03, 228 iterations, 0.01 seconds

    Nodes    |    Current Node    |     Objective Bounds      |     Work
 Expl Unexpl |  Obj  Depth IntInf | Incumbent    BestBd   Gap | It/Node Time

     0     0 -1717.9634    0    9 -1549.3850 -1717.9634  10.9%     -    0s
H    0     0                    -1714.062200 -1717.9634  0.23%     -    0s

Explored 0 nodes (302 simplex iterations) in 0.02 seconds
Thread count was 20 (of 20 available processors)

Solution count 3: -1714.06 -1549.39 -172.151 
Pool objective bound -1717.96

Optimal solution found (tolerance 5.00e-02)
Best objective -1.714062200000e+03, best bound -1.717963380000e+03, gap 0.2276%
Changed value of parameter MIPGap to 0.05
   Prev: 0.0001  Min: 0.0  Max: 1e+100  Default: 0.0001
Changed value of parameter TimeLimit to 1800.0
   Prev: 1e+100  Min: 0.0  Max: 1e+100  Default: 1e+100
Changed value of parameter Method to 2
   Prev: -1  Min: -1  Max: 4  Default: -1
Changed value of parameter MIPFocus to 1
   Prev: 0  Min: 0  Max: 3  Default: 0
Optimize a model with 4048 rows, 5922 columns and 11844 nonzeros
Variable types: 0 continuous, 5922 integer (5922 binary)
Coefficient statistics:
  Matrix range     [1e+00, 5e+00]
  Objective range  [1e+00, 1e+00]
  Bounds range     [1e+00, 1e+00]
  RHS range        [8e+01, 8e+01]
Found heuristic solution: objective 0
Presolve removed 3984 rows and 4594 columns
Presolve time: 0.01s
Presolved: 64 rows, 1328 columns, 2379 nonzeros
Found heuristic solution: objective -1550.770000
Variable types: 0 continuous, 1328 integer (1114 binary)
Presolved: 64 rows, 1328 columns, 2379 nonzeros

Root barrier log...

Ordering time: 0.00s

Barrier statistics:
 AA' NZ     : 9.340e+02
 Factor NZ  : 2.080e+03 (roughly 1 MByte of memory)
 Factor Ops : 8.944e+04 (less than 1 second per iteration)
 Threads    : 1

                  Objective                Residual
Iter       Primal          Dual         Primal    Dual     Compl     Time
   0  -3.57507148e+03 -3.13530808e+03  2.15e+01 8.88e-16  1.81e+00     0s
   1  -1.83596515e+03 -2.41053086e+03  2.50e+00 2.45e-01  4.07e-01     0s
   2  -1.68190599e+03 -1.83447996e+03  1.05e-01 2.49e-02  6.28e-02     0s
   3  -1.70815836e+03 -1.74070266e+03  1.73e-02 3.12e-04  1.30e-02     0s
   4  -1.71583345e+03 -1.72477929e+03  4.29e-03 1.20e-03  3.56e-03     0s
   5  -1.71791121e+03 -1.72098904e+03  1.39e-03 2.00e-04  1.22e-03     0s
   6  -1.71873441e+03 -1.71968088e+03  2.93e-04 8.88e-16  3.68e-04     0s
   7  -1.71882793e+03 -1.71920836e+03  1.82e-04 8.88e-16  1.52e-04     0s
   8  -1.71893789e+03 -1.71911587e+03  7.49e-05 1.78e-15  7.06e-05     0s
   9  -1.71897963e+03 -1.71906433e+03  3.80e-05 8.88e-16  3.38e-05     0s
  10  -1.71901141e+03 -1.71904382e+03  1.08e-05 1.78e-15  1.27e-05     0s
  11  -1.71902193e+03 -1.71903120e+03  2.72e-06 1.78e-15  3.62e-06     0s
  12  -1.71902599e+03 -1.71902750e+03  3.64e-07 1.78e-15  5.87e-07     0s
  13  -1.71902675e+03 -1.71902677e+03  6.88e-11 1.78e-15  5.24e-09     0s

Barrier solved model in 13 iterations and 0.02 seconds
Optimal objective -1.71902675e+03


Root relaxation: objective -1.719027e+03, 243 iterations, 0.01 seconds

    Nodes    |    Current Node    |     Objective Bounds      |     Work
 Expl Unexpl |  Obj  Depth IntInf | Incumbent    BestBd   Gap | It/Node Time

     0     0 -1719.0268    0    9 -1550.7700 -1719.0268  10.8%     -    0s
H    0     0                    -1715.124400 -1719.0268  0.23%     -    0s

Explored 0 nodes (282 simplex iterations) in 0.02 seconds
Thread count was 20 (of 20 available processors)

Solution count 3: -1715.12 -1550.77 -172.301 
Pool objective bound -1719.03

Optimal solution found (tolerance 5.00e-02)
Best objective -1.715124400000e+03, best bound -1.719026760000e+03, gap 0.2275%
Changed value of parameter MIPGap to 0.05
   Prev: 0.0001  Min: 0.0  Max: 1e+100  Default: 0.0001
Changed value of parameter TimeLimit to 1800.0
   Prev: 1e+100  Min: 0.0  Max: 1e+100  Default: 1e+100
Changed value of parameter Method to 2
   Prev: -1  Min: -1  Max: 4  Default: -1
Changed value of parameter MIPFocus to 1
   Prev: 0  Min: 0  Max: 3  Default: 0
Optimize a model with 4048 rows, 5922 columns and 11844 nonzeros
Variable types: 0 continuous, 5922 integer (5922 binary)
Coefficient statistics:
  Matrix range     [1e+00, 5e+00]
  Objective range  [1e+00, 1e+00]
  Bounds range     [1e+00, 1e+00]
  RHS range        [8e+01, 8e+01]
Found heuristic solution: objective 0
Presolve removed 3984 rows and 4594 columns
Presolve time: 0.01s
Presolved: 64 rows, 1328 columns, 2379 nonzeros
Found heuristic solution: objective -1553.540000
Variable types: 0 continuous, 1328 integer (1114 binary)
Presolved: 64 rows, 1328 columns, 2379 nonzeros

Root barrier log...

Ordering time: 0.00s

Barrier statistics:
 AA' NZ     : 9.340e+02
 Factor NZ  : 2.080e+03 (roughly 1 MByte of memory)
 Factor Ops : 8.944e+04 (less than 1 second per iteration)
 Threads    : 1

                  Objective                Residual
Iter       Primal          Dual         Primal    Dual     Compl     Time
   0  -3.58016174e+03 -3.14005209e+03  2.15e+01 8.88e-16  1.81e+00     0s
   1  -1.83798541e+03 -2.41412017e+03  2.50e+00 2.46e-01  4.08e-01     0s
   2  -1.68391751e+03 -1.83669651e+03  1.02e-01 2.49e-02  6.27e-02     0s
   3  -1.70995000e+03 -1.74194354e+03  1.77e-02 1.96e-04  1.29e-02     0s
   4  -1.71784934e+03 -1.72678837e+03  4.40e-03 1.18e-03  3.56e-03     0s
   5  -1.71998183e+03 -1.72304494e+03  1.42e-03 1.82e-04  1.22e-03     0s
   6  -1.72055667e+03 -1.72183805e+03  6.77e-04 8.88e-16  5.15e-04     0s
   7  -1.72100009e+03 -1.72145240e+03  1.17e-04 8.88e-16  1.74e-04     0s
   8  -1.72108420e+03 -1.72126199e+03  4.57e-05 1.78e-15  6.85e-05     0s
   9  -1.72111990e+03 -1.72119141e+03  2.00e-05 1.78e-15  2.77e-05     0s
  10  -1.72113941e+03 -1.72116970e+03  7.61e-06 1.78e-15  1.17e-05     0s
  11  -1.72114942e+03 -1.72115710e+03  1.94e-06 1.78e-15  2.97e-06     0s
  12  -1.72115318e+03 -1.72115426e+03  1.14e-07 1.78e-15  4.06e-07     0s
  13  -1.72115352e+03 -1.72115352e+03  0.00e+00 1.78e-15  5.36e-10     0s

Barrier solved model in 13 iterations and 0.02 seconds
Optimal objective -1.72115352e+03


Root relaxation: objective -1.721154e+03, 81 iterations, 0.01 seconds

    Nodes    |    Current Node    |     Objective Bounds      |     Work
 Expl Unexpl |  Obj  Depth IntInf | Incumbent    BestBd   Gap | It/Node Time

     0     0 -1721.1535    0    8 -1553.5400 -1721.1535  10.8%     -    0s
H    0     0                    -1717.248800 -1721.1535  0.23%     -    0s

Explored 0 nodes (111 simplex iterations) in 0.02 seconds
Thread count was 20 (of 20 available processors)

Solution count 3: -1717.25 -1553.54 -172.602 
Pool objective bound -1721.15

Optimal solution found (tolerance 5.00e-02)
Best objective -1.717248800000e+03, best bound -1.721153520000e+03, gap 0.2274%
Changed value of parameter MIPGap to 0.05
   Prev: 0.0001  Min: 0.0  Max: 1e+100  Default: 0.0001
Changed value of parameter TimeLimit to 1800.0
   Prev: 1e+100  Min: 0.0  Max: 1e+100  Default: 1e+100
Changed value of parameter Method to 2
   Prev: -1  Min: -1  Max: 4  Default: -1
Changed value of parameter MIPFocus to 1
   Prev: 0  Min: 0  Max: 3  Default: 0
Optimize a model with 4048 rows, 5922 columns and 11844 nonzeros
Variable types: 0 continuous, 5922 integer (5922 binary)
Coefficient statistics:
  Matrix range     [1e+00, 5e+00]
  Objective range  [1e+00, 1e+00]
  Bounds range     [1e+00, 1e+00]
  RHS range        [8e+01, 8e+01]
Found heuristic solution: objective 0
Presolve removed 3984 rows and 4594 columns
Presolve time: 0.01s
Presolved: 64 rows, 1328 columns, 2379 nonzeros
Found heuristic solution: objective -1559.080000
Variable types: 0 continuous, 1328 integer (1114 binary)
Presolved: 64 rows, 1328 columns, 2379 nonzeros

Root barrier log...

Ordering time: 0.00s

Barrier statistics:
 AA' NZ     : 9.340e+02
 Factor NZ  : 2.080e+03 (roughly 1 MByte of memory)
 Factor Ops : 8.944e+04 (less than 1 second per iteration)
 Threads    : 1

                  Objective                Residual
Iter       Primal          Dual         Primal    Dual     Compl     Time
   0  -3.59034224e+03 -3.14954011e+03  2.15e+01 8.88e-16  1.82e+00     0s
   1  -1.84203329e+03 -2.42130330e+03  2.49e+00 2.46e-01  4.09e-01     0s
   2  -1.68795329e+03 -1.84110630e+03  9.69e-02 2.50e-02  6.26e-02     0s
   3  -1.71363870e+03 -1.74592702e+03  1.83e-02 5.33e-15  1.30e-02     0s
   4  -1.72149368e+03 -1.73235279e+03  5.20e-03 9.46e-04  4.32e-03     0s
   5  -1.72371923e+03 -1.72761671e+03  2.06e-03 1.78e-15  1.56e-03     0s
   6  -1.72490438e+03 -1.72611178e+03  4.33e-04 8.88e-16  4.73e-04     0s
   7  -1.72517764e+03 -1.72575738e+03  1.71e-04 1.78e-15  2.25e-04     0s
   8  -1.72530079e+03 -1.72555045e+03  7.21e-05 1.78e-15  9.68e-05     0s
   9  -1.72535748e+03 -1.72544713e+03  3.16e-05 1.78e-15  3.52e-05     0s
  10  -1.72538217e+03 -1.72542706e+03  1.56e-05 1.78e-15  1.76e-05     0s
  11  -1.72540094e+03 -1.72541152e+03  3.48e-06 1.78e-15  4.14e-06     0s
  12  -1.72540677e+03 -1.72540762e+03  1.01e-07 1.78e-15  3.22e-07     0s
  13  -1.72540704e+03 -1.72540704e+03  0.00e+00 1.78e-15  3.23e-10     0s

Barrier solved model in 13 iterations and 0.02 seconds
Optimal objective -1.72540704e+03


Root relaxation: objective -1.725407e+03, 72 iterations, 0.01 seconds

    Nodes    |    Current Node    |     Objective Bounds      |     Work
 Expl Unexpl |  Obj  Depth IntInf | Incumbent    BestBd   Gap | It/Node Time

     0     0 -1725.4070    0    9 -1559.0800 -1725.4070  10.7%     -    0s
H    0     0                    -1721.497600 -1725.4070  0.23%     -    0s

Explored 0 nodes (117 simplex iterations) in 0.02 seconds
Thread count was 20 (of 20 available processors)

Solution count 3: -1721.5 -1559.08 -173.205 
Pool objective bound -1725.41

Optimal solution found (tolerance 5.00e-02)
Best objective -1.721497600000e+03, best bound -1.725407040000e+03, gap 0.2271%
Changed value of parameter MIPGap to 0.05
   Prev: 0.0001  Min: 0.0  Max: 1e+100  Default: 0.0001
Changed value of parameter TimeLimit to 1800.0
   Prev: 1e+100  Min: 0.0  Max: 1e+100  Default: 1e+100
Changed value of parameter Method to 2
   Prev: -1  Min: -1  Max: 4  Default: -1
Changed value of parameter MIPFocus to 1
   Prev: 0  Min: 0  Max: 3  Default: 0
Optimize a model with 4048 rows, 5922 columns and 11844 nonzeros
Variable types: 0 continuous, 5922 integer (5922 binary)
Coefficient statistics:
  Matrix range     [1e+00, 5e+00]
  Objective range  [1e+00, 1e+00]
  Bounds range     [1e+00, 1e+00]
  RHS range        [8e+01, 8e+01]
Found heuristic solution: objective 0
Presolve removed 3984 rows and 4594 columns
Presolve time: 0.01s
Presolved: 64 rows, 1328 columns, 2379 nonzeros
Found heuristic solution: objective -1561.850000
Variable types: 0 continuous, 1328 integer (1114 binary)
Presolved: 64 rows, 1328 columns, 2379 nonzeros

Root barrier log...

Ordering time: 0.00s

Barrier statistics:
 AA' NZ     : 9.340e+02
 Factor NZ  : 2.080e+03 (roughly 1 MByte of memory)
 Factor Ops : 8.944e+04 (less than 1 second per iteration)
 Threads    : 1

                  Objective                Residual
Iter       Primal          Dual         Primal    Dual     Compl     Time
   0  -3.59543250e+03 -3.15428412e+03  2.15e+01 8.88e-16  1.82e+00     0s
   1  -1.84406090e+03 -2.42489710e+03  2.48e+00 2.47e-01  4.09e-01     0s
   2  -1.68997534e+03 -1.84329300e+03  9.43e-02 2.50e-02  6.25e-02     0s
   3  -1.71551533e+03 -1.74792395e+03  1.85e-02 6.22e-15  1.31e-02     0s
   4  -1.72375015e+03 -1.73267414e+03  4.86e-03 1.02e-03  3.59e-03     0s
   5  -1.72595409e+03 -1.72917203e+03  1.88e-03 1.78e-15  1.30e-03     0s
   6  -1.72708330e+03 -1.72814406e+03  3.66e-04 1.78e-15  4.15e-04     0s
   7  -1.72729150e+03 -1.72789685e+03  1.83e-04 8.88e-16  2.35e-04     0s
   8  -1.72738087e+03 -1.72767105e+03  1.11e-04 1.78e-15  1.14e-04     0s
   9  -1.72748157e+03 -1.72755736e+03  3.18e-05 1.78e-15  3.02e-05     0s
  10  -1.72751094e+03 -1.72754548e+03  1.35e-05 1.78e-15  1.37e-05     0s
  11  -1.72753180e+03 -1.72753573e+03  7.17e-07 1.78e-15  1.51e-06     0s
  12  -1.72753379e+03 -1.72753382e+03  1.64e-09 1.78e-15  1.30e-08     0s
  13  -1.72753380e+03 -1.72753380e+03  0.00e+00 1.78e-15  1.30e-11     0s

Barrier solved model in 13 iterations and 0.02 seconds
Optimal objective -1.72753380e+03


Root relaxation: objective -1.727534e+03, 73 iterations, 0.01 seconds

    Nodes    |    Current Node    |     Objective Bounds      |     Work
 Expl Unexpl |  Obj  Depth IntInf | Incumbent    BestBd   Gap | It/Node Time

     0     0 -1727.5338    0    9 -1561.8500 -1727.5338  10.6%     -    0s
H    0     0                    -1723.622000 -1727.5338  0.23%     -    0s

Explored 0 nodes (101 simplex iterations) in 0.02 seconds
Thread count was 20 (of 20 available processors)

Solution count 3: -1723.62 -1561.85 -173.506 
Pool objective bound -1727.53

Optimal solution found (tolerance 5.00e-02)
Best objective -1.723622000000e+03, best bound -1.727533800000e+03, gap 0.2270%
Changed value of parameter MIPGap to 0.05
   Prev: 0.0001  Min: 0.0  Max: 1e+100  Default: 0.0001
Changed value of parameter TimeLimit to 1800.0
   Prev: 1e+100  Min: 0.0  Max: 1e+100  Default: 1e+100
Changed value of parameter Method to 2
   Prev: -1  Min: -1  Max: 4  Default: -1
Changed value of parameter MIPFocus to 1
   Prev: 0  Min: 0  Max: 3  Default: 0
Optimize a model with 4048 rows, 5922 columns and 11844 nonzeros
Variable types: 0 continuous, 5922 integer (5922 binary)
Coefficient statistics:
  Matrix range     [1e+00, 5e+00]
  Objective range  [1e+00, 1e+00]
  Bounds range     [1e+00, 1e+00]
  RHS range        [8e+01, 8e+01]
Found heuristic solution: objective 0
Presolve removed 3984 rows and 4594 columns
Presolve time: 0.01s
Presolved: 64 rows, 1328 columns, 2379 nonzeros
Found heuristic solution: objective -1575.700000
Variable types: 0 continuous, 1328 integer (1114 binary)
Presolved: 64 rows, 1328 columns, 2379 nonzeros

Root barrier log...

Ordering time: 0.00s

Barrier statistics:
 AA' NZ     : 9.340e+02
 Factor NZ  : 2.080e+03 (roughly 1 MByte of memory)
 Factor Ops : 8.944e+04 (less than 1 second per iteration)
 Threads    : 1

                  Objective                Residual
Iter       Primal          Dual         Primal    Dual     Compl     Time
   0  -3.62088374e+03 -3.17800417e+03  2.15e+01 4.44e-16  1.84e+00     0s
   1  -1.85423545e+03 -2.44288820e+03  2.46e+00 2.48e-01  4.11e-01     0s
   2  -1.70028990e+03 -1.85397109e+03  8.35e-02 2.52e-02  6.20e-02     0s
   3  -1.72496684e+03 -1.75553995e+03  1.88e-02 8.88e-15  1.24e-02     0s
   4  -1.73449494e+03 -1.74754635e+03  3.69e-03 2.35e-03  5.04e-03     0s
   5  -1.73611909e+03 -1.74196787e+03  1.78e-03 7.99e-04  2.27e-03     0s
   6  -1.73758672e+03 -1.73986779e+03  3.36e-04 3.76e-04  8.63e-04     0s
   7  -1.73788815e+03 -1.73865218e+03  1.41e-04 8.88e-05  2.91e-04     0s
   8  -1.73807466e+03 -1.73843874e+03  3.30e-05 4.42e-05  1.37e-04     0s
   9  -1.73814060e+03 -1.73824655e+03  3.85e-06 3.42e-06  3.95e-05     0s
  10  -1.73816263e+03 -1.73817998e+03  4.94e-07 3.74e-07  6.48e-06     0s
  11  -1.73816755e+03 -1.73816767e+03  0.00e+00 1.78e-15  4.38e-08     0s
  12  -1.73816760e+03 -1.73816760e+03  0.00e+00 1.78e-15  8.54e-14     0s

Barrier solved model in 12 iterations and 0.02 seconds
Optimal objective -1.73816760e+03


Root relaxation: objective -1.738168e+03, 72 iterations, 0.01 seconds

    Nodes    |    Current Node    |     Objective Bounds      |     Work
 Expl Unexpl |  Obj  Depth IntInf | Incumbent    BestBd   Gap | It/Node Time

     0     0 -1738.1676    0    9 -1575.7000 -1738.1676  10.3%     -    0s
H    0     0                    -1734.244000 -1738.1676  0.23%     -    0s

Explored 0 nodes (104 simplex iterations) in 0.02 seconds
Thread count was 20 (of 20 available processors)

Solution count 3: -1734.24 -1575.7 -175.012 
Pool objective bound -1738.17

Optimal solution found (tolerance 5.00e-02)
Best objective -1.734244000000e+03, best bound -1.738167600000e+03, gap 0.2262%
Changed value of parameter MIPGap to 0.05
   Prev: 0.0001  Min: 0.0  Max: 1e+100  Default: 0.0001
Changed value of parameter TimeLimit to 1800.0
   Prev: 1e+100  Min: 0.0  Max: 1e+100  Default: 1e+100
Changed value of parameter Method to 2
   Prev: -1  Min: -1  Max: 4  Default: -1
Changed value of parameter MIPFocus to 1
   Prev: 0  Min: 0  Max: 3  Default: 0
Optimize a model with 4048 rows, 5922 columns and 11844 nonzeros
Variable types: 0 continuous, 5922 integer (5922 binary)
Coefficient statistics:
  Matrix range     [1e+00, 5e+00]
  Objective range  [1e+00, 1e+00]
  Bounds range     [1e+00, 1e+00]
  RHS range        [8e+01, 8e+01]
Found heuristic solution: objective 0
Presolve removed 3984 rows and 4594 columns
Presolve time: 0.01s
Presolved: 64 rows, 1328 columns, 2379 nonzeros
Found heuristic solution: objective -1603.400000
Variable types: 0 continuous, 1328 integer (1114 binary)
Presolved: 64 rows, 1328 columns, 2379 nonzeros

Root barrier log...

Ordering time: 0.00s

Barrier statistics:
 AA' NZ     : 9.340e+02
 Factor NZ  : 2.080e+03 (roughly 1 MByte of memory)
 Factor Ops : 8.944e+04 (less than 1 second per iteration)
 Threads    : 1

                  Objective                Residual
Iter       Primal          Dual         Primal    Dual     Compl     Time
   0  -3.67178618e+03 -3.22544428e+03  2.15e+01 4.44e-16  1.86e+00     0s
   1  -1.87475254e+03 -2.47901425e+03  2.41e+00 2.52e-01  4.16e-01     0s
   2  -1.72259817e+03 -1.87579534e+03  8.53e-02 2.52e-02  6.20e-02     0s
   3  -1.74607708e+03 -1.77176701e+03  1.96e-02 4.44e-15  1.07e-02     0s
   4  -1.75341452e+03 -1.76452523e+03  7.84e-03 4.56e-04  4.57e-03     0s
   5  -1.75601404e+03 -1.76125886e+03  4.15e-03 6.30e-05  2.19e-03     0s
   6  -1.75785656e+03 -1.76028335e+03  1.81e-03 1.78e-15  1.01e-03     0s
   7  -1.75893614e+03 -1.75979771e+03  5.22e-04 1.78e-15  3.50e-04     0s
   8  -1.75921284e+03 -1.75953182e+03  2.28e-04 1.78e-15  1.32e-04     0s
   9  -1.75940530e+03 -1.75945993e+03  2.42e-05 1.78e-15  2.18e-05     0s
  10  -1.75941503e+03 -1.75944885e+03  1.66e-05 1.78e-15  1.36e-05     0s
  11  -1.75943612e+03 -1.75943886e+03  1.53e-06 1.78e-15  1.11e-06     0s
  12  -1.75943838e+03 -1.75943841e+03  1.34e-09 1.78e-15  1.28e-08     0s
  13  -1.75943840e+03 -1.75943840e+03  0.00e+00 1.78e-15  1.28e-11     0s

Barrier solved model in 13 iterations and 0.02 seconds
Optimal objective -1.75943840e+03


Root relaxation: objective -1.759438e+03, 37 iterations, 0.01 seconds

    Nodes    |    Current Node    |     Objective Bounds      |     Work
 Expl Unexpl |  Obj  Depth IntInf | Incumbent    BestBd   Gap | It/Node Time

     0     0 -1759.4384    0    9 -1603.4000 -1759.4384  9.73%     -    0s
H    0     0                    -1754.712000 -1759.4384  0.27%     -    0s

Explored 0 nodes (83 simplex iterations) in 0.02 seconds
Thread count was 20 (of 20 available processors)

Solution count 3: -1754.71 -1603.4 -178.024 
Pool objective bound -1759.44

Optimal solution found (tolerance 5.00e-02)
Best objective -1.754712000000e+03, best bound -1.759438400000e+03, gap 0.2694%
Changed value of parameter MIPGap to 0.05
   Prev: 0.0001  Min: 0.0  Max: 1e+100  Default: 0.0001
Changed value of parameter TimeLimit to 1800.0
   Prev: 1e+100  Min: 0.0  Max: 1e+100  Default: 1e+100
Changed value of parameter Method to 2
   Prev: -1  Min: -1  Max: 4  Default: -1
Changed value of parameter MIPFocus to 1
   Prev: 0  Min: 0  Max: 3  Default: 0
Optimize a model with 4048 rows, 5922 columns and 11844 nonzeros
Variable types: 0 continuous, 5922 integer (5922 binary)
Coefficient statistics:
  Matrix range     [1e+00, 5e+00]
  Objective range  [1e+00, 1e+00]
  Bounds range     [1e+00, 1e+00]
  RHS range        [8e+01, 8e+01]
Found heuristic solution: objective 0
Presolve removed 3984 rows and 4594 columns
Presolve time: 0.01s
Presolved: 64 rows, 1328 columns, 2379 nonzeros
Found heuristic solution: objective -1658.800000
Variable types: 0 continuous, 1328 integer (1114 binary)
Presolved: 64 rows, 1328 columns, 2379 nonzeros

Root barrier log...

Ordering time: 0.00s

Barrier statistics:
 AA' NZ     : 9.340e+02
 Factor NZ  : 2.080e+03 (roughly 1 MByte of memory)
 Factor Ops : 8.944e+04 (less than 1 second per iteration)
 Threads    : 1

                  Objective                Residual
Iter       Primal          Dual         Primal    Dual     Compl     Time
   0  -3.77359082e+03 -3.32032450e+03  2.15e+01 4.44e-16  1.91e+00     0s
   1  -1.91648316e+03 -2.55169296e+03  2.31e+00 2.59e-01  4.25e-01     0s
   2  -1.76940503e+03 -1.92557695e+03  5.49e-02 2.64e-02  6.13e-02     0s
   3  -1.79119724e+03 -1.81793381e+03  1.47e-02 5.33e-15  1.08e-02     0s
   4  -1.79756327e+03 -1.81086330e+03  6.11e-03 2.66e-15  5.30e-03     0s
   5  -1.80142059e+03 -1.80718581e+03  2.51e-03 1.78e-15  2.29e-03     0s
   6  -1.80239738e+03 -1.80607211e+03  1.69e-03 1.78e-15  1.47e-03     0s
   7  -1.80340589e+03 -1.80546309e+03  8.92e-04 1.78e-15  8.18e-04     0s
   8  -1.80389997e+03 -1.80505013e+03  5.20e-04 1.78e-15  4.60e-04     0s
   9  -1.80447521e+03 -1.80484388e+03  1.29e-04 1.78e-15  1.45e-04     0s
  10  -1.80464591e+03 -1.80475203e+03  2.67e-05 1.78e-15  4.11e-05     0s
  11  -1.80469325e+03 -1.80471719e+03  3.67e-06 1.78e-15  9.11e-06     0s
  12  -1.80470025e+03 -1.80470711e+03  7.29e-07 1.78e-15  2.59e-06     0s
  13  -1.80470238e+03 -1.80470243e+03  0.00e+00 1.78e-15  1.78e-08     0s
  14  -1.80470240e+03 -1.80470240e+03  0.00e+00 1.78e-15  5.06e-13     0s

Barrier solved model in 14 iterations and 0.02 seconds
Optimal objective -1.80470240e+03


Root relaxation: objective -1.804702e+03, 33 iterations, 0.01 seconds

    Nodes    |    Current Node    |     Objective Bounds      |     Work
 Expl Unexpl |  Obj  Depth IntInf | Incumbent    BestBd   Gap | It/Node Time

     0     0 -1804.7024    0   33 -1658.8000 -1804.7024  8.80%     -    0s
H    0     0                    -1797.176000 -1804.7024  0.42%     -    0s

Explored 0 nodes (47 simplex iterations) in 0.03 seconds
Thread count was 20 (of 20 available processors)

Solution count 3: -1797.18 -1658.8 -184.048 
Pool objective bound -1804.7

Optimal solution found (tolerance 5.00e-02)
Best objective -1.797176000000e+03, best bound -1.804702400000e+03, gap 0.4188%
Changed value of parameter MIPGap to 0.05
   Prev: 0.0001  Min: 0.0  Max: 1e+100  Default: 0.0001
Changed value of parameter TimeLimit to 1800.0
   Prev: 1e+100  Min: 0.0  Max: 1e+100  Default: 1e+100
Changed value of parameter Method to 2
   Prev: -1  Min: -1  Max: 4  Default: -1
Changed value of parameter MIPFocus to 1
   Prev: 0  Min: 0  Max: 3  Default: 0
Optimize a model with 4048 rows, 5922 columns and 11844 nonzeros
Variable types: 0 continuous, 5922 integer (5922 binary)
Coefficient statistics:
  Matrix range     [1e+00, 5e+00]
  Objective range  [1e+00, 1e+00]
  Bounds range     [1e+00, 1e+00]
  RHS range        [8e+01, 8e+01]
Found heuristic solution: objective 0
Presolve removed 3984 rows and 4594 columns
Presolve time: 0.01s
Presolved: 64 rows, 1328 columns, 2379 nonzeros
Found heuristic solution: objective -1686.500000
Variable types: 0 continuous, 1328 integer (1114 binary)
Presolved: 64 rows, 1328 columns, 2379 nonzeros

Root barrier log...

Ordering time: 0.00s

Barrier statistics:
 AA' NZ     : 9.340e+02
 Factor NZ  : 2.080e+03 (roughly 1 MByte of memory)
 Factor Ops : 8.944e+04 (less than 1 second per iteration)
 Threads    : 1

                  Objective                Residual
Iter       Primal          Dual         Primal    Dual     Compl     Time
   0  -3.82449304e+03 -3.36776461e+03  2.16e+01 4.44e-16  1.94e+00     0s
   1  -1.93768864e+03 -2.58822510e+03  2.27e+00 2.63e-01  4.29e-01     0s
   2  -1.79260607e+03 -1.95138297e+03  5.62e-02 2.71e-02  6.24e-02     0s
   3  -1.81526391e+03 -1.84487503e+03  1.36e-02 1.78e-15  1.18e-02     0s
   4  -1.82161050e+03 -1.83660463e+03  6.04e-03 8.88e-16  5.92e-03     0s
   5  -1.82521433e+03 -1.83291064e+03  3.22e-03 1.78e-15  3.05e-03     0s
   6  -1.82669141e+03 -1.83157016e+03  2.13e-03 1.78e-15  1.94e-03     0s
   7  -1.82834981e+03 -1.83073156e+03  9.67e-04 1.78e-15  9.42e-04     0s
   8  -1.82919772e+03 -1.83028397e+03  3.94e-04 1.78e-15  4.27e-04     0s
   9  -1.82964208e+03 -1.82996037e+03  1.28e-04 1.78e-15  1.26e-04     0s
  10  -1.82985654e+03 -1.82990940e+03  1.42e-05 1.78e-15  2.05e-05     0s
  11  -1.82988592e+03 -1.82988621e+03  0.00e+00 1.78e-15  1.09e-07     0s
  12  -1.82988600e+03 -1.82988600e+03  0.00e+00 1.78e-15  6.53e-13     0s

Barrier solved model in 12 iterations and 0.02 seconds
Optimal objective -1.82988600e+03


Root relaxation: objective -1.829886e+03, 113 iterations, 0.01 seconds

    Nodes    |    Current Node    |     Objective Bounds      |     Work
 Expl Unexpl |  Obj  Depth IntInf | Incumbent    BestBd   Gap | It/Node Time

     0     0 -1829.8860    0   31 -1686.5000 -1829.8860  8.50%     -    0s
H    0     0                    -1821.760000 -1829.8860  0.45%     -    0s

Explored 0 nodes (197 simplex iterations) in 0.03 seconds
Thread count was 20 (of 20 available processors)

Solution count 3: -1821.76 -1686.5 -187.06 
Pool objective bound -1829.88

Optimal solution found (tolerance 5.00e-02)
Best objective -1.821760000000e+03, best bound -1.829880000000e+03, gap 0.4457%
Changed value of parameter MIPGap to 0.05
   Prev: 0.0001  Min: 0.0  Max: 1e+100  Default: 0.0001
Changed value of parameter TimeLimit to 1800.0
   Prev: 1e+100  Min: 0.0  Max: 1e+100  Default: 1e+100
Changed value of parameter Method to 2
   Prev: -1  Min: -1  Max: 4  Default: -1
Changed value of parameter MIPFocus to 1
   Prev: 0  Min: 0  Max: 3  Default: 0
Optimize a model with 4048 rows, 5922 columns and 11844 nonzeros
Variable types: 0 continuous, 5922 integer (5922 binary)
Coefficient statistics:
  Matrix range     [1e+00, 5e+00]
  Objective range  [1e+00, 2e+00]
  Bounds range     [1e+00, 1e+00]
  RHS range        [8e+01, 8e+01]
Found heuristic solution: objective 0
Presolve removed 3984 rows and 4594 columns
Presolve time: 0.01s
Presolved: 64 rows, 1328 columns, 2379 nonzeros
Found heuristic solution: objective -1825.000000
Variable types: 0 continuous, 1328 integer (1114 binary)
Presolved: 64 rows, 1328 columns, 2379 nonzeros

Root barrier log...

Ordering time: 0.00s

Barrier statistics:
 AA' NZ     : 9.340e+02
 Factor NZ  : 2.080e+03 (roughly 1 MByte of memory)
 Factor Ops : 8.944e+04 (less than 1 second per iteration)
 Threads    : 1

                  Objective                Residual
Iter       Primal          Dual         Primal    Dual     Compl     Time
   0  -4.07916556e+03 -3.62570334e+03  2.16e+01 8.88e-16  2.09e+00     0s
   1  -2.04407071e+03 -2.78422910e+03  2.04e+00 2.86e-01  4.57e-01     0s
   2  -1.91324116e+03 -2.06605379e+03  6.42e-02 2.83e-02  6.08e-02     0s
   3  -1.93827541e+03 -1.97960609e+03  1.86e-02 1.78e-15  1.65e-02     0s
   4  -1.94854396e+03 -1.96333036e+03  5.98e-03 1.78e-15  5.85e-03     0s
   5  -1.95294387e+03 -1.95963541e+03  2.66e-03 1.78e-15  2.64e-03     0s
   6  -1.95501293e+03 -1.95798377e+03  1.17e-03 8.88e-16  1.17e-03     0s
   7  -1.95591052e+03 -1.95727111e+03  5.45e-04 1.78e-15  5.39e-04     0s
   8  -1.95646740e+03 -1.95696010e+03  2.03e-04 1.78e-15  1.96e-04     0s
   9  -1.95678240e+03 -1.95682132e+03  4.11e-06 1.78e-15  1.47e-05     0s
  10  -1.95679939e+03 -1.95680035e+03  7.33e-08 1.78e-15  3.66e-07     0s
  11  -1.95680000e+03 -1.95680000e+03  0.00e+00 1.78e-15  3.66e-10     0s

Barrier solved model in 11 iterations and 0.02 seconds
Optimal objective -1.95680000e+03


Root relaxation: objective -1.956800e+03, 113 iterations, 0.01 seconds

    Nodes    |    Current Node    |     Objective Bounds      |     Work
 Expl Unexpl |  Obj  Depth IntInf | Incumbent    BestBd   Gap | It/Node Time

     0     0 -1956.8000    0   34 -1825.0000 -1956.8000  7.22%     -    0s
H    0     0                    -1946.960000 -1956.8000  0.51%     -    0s

Explored 0 nodes (183 simplex iterations) in 0.03 seconds
Thread count was 20 (of 20 available processors)

Solution count 3: -1946.96 -1825 -202.12 
Pool objective bound -1956.8

Optimal solution found (tolerance 5.00e-02)
Best objective -1.946960000000e+03, best bound -1.956800000000e+03, gap 0.5054%
Changed value of parameter MIPGap to 0.05
   Prev: 0.0001  Min: 0.0  Max: 1e+100  Default: 0.0001
Changed value of parameter TimeLimit to 1800.0
   Prev: 1e+100  Min: 0.0  Max: 1e+100  Default: 1e+100
Changed value of parameter Method to 2
   Prev: -1  Min: -1  Max: 4  Default: -1
Changed value of parameter MIPFocus to 1
   Prev: 0  Min: 0  Max: 3  Default: 0
Optimize a model with 4048 rows, 5922 columns and 11844 nonzeros
Variable types: 0 continuous, 5922 integer (5922 binary)
Coefficient statistics:
  Matrix range     [1e+00, 5e+00]
  Objective range  [1e+00, 3e+00]
  Bounds range     [1e+00, 1e+00]
  RHS range        [8e+01, 8e+01]
Found heuristic solution: objective 0
Presolve removed 3984 rows and 4594 columns
Presolve time: 0.01s
Presolved: 64 rows, 1328 columns, 2379 nonzeros
Found heuristic solution: objective -2098.560000
Variable types: 0 continuous, 1328 integer (1114 binary)
Presolved: 64 rows, 1328 columns, 2379 nonzeros

Root barrier log...

Ordering time: 0.00s

Barrier statistics:
 AA' NZ     : 9.340e+02
 Factor NZ  : 2.080e+03 (roughly 1 MByte of memory)
 Factor Ops : 8.944e+04 (less than 1 second per iteration)
 Threads    : 1

                  Objective                Residual
Iter       Primal          Dual         Primal    Dual     Compl     Time
   0  -4.58873256e+03 -4.17583429e+03  2.16e+01 8.88e-16  2.44e+00     0s
   1  -2.28490648e+03 -3.20289578e+03  1.80e+00 3.43e-01  5.26e-01     0s
   2  -2.17334199e+03 -2.31302937e+03  6.34e-02 2.17e-02  5.62e-02     0s
   3  -2.19523114e+03 -2.22795996e+03  2.24e-02 1.78e-15  1.36e-02     0s
   4  -2.20729181e+03 -2.22240097e+03  6.55e-03 8.88e-16  6.03e-03     0s
   5  -2.21131498e+03 -2.21813330e+03  3.07e-03 1.78e-15  2.73e-03     0s
   6  -2.21378141e+03 -2.21638392e+03  1.15e-03 1.78e-15  1.04e-03     0s
   7  -2.21481318e+03 -2.21585998e+03  4.24e-04 1.78e-15  4.16e-04     0s
   8  -2.21509623e+03 -2.21556664e+03  2.28e-04 1.78e-15  1.90e-04     0s
   9  -2.21524663e+03 -2.21549830e+03  1.23e-04 1.78e-15  1.02e-04     0s
  10  -2.21532657e+03 -2.21544912e+03  6.83e-05 1.78e-15  5.02e-05     0s
  11  -2.21539263e+03 -2.21543746e+03  2.40e-05 1.78e-15  1.83e-05     0s
  12  -2.21541505e+03 -2.21543221e+03  9.10e-06 1.78e-15  7.01e-06     0s
  13  -2.21542965e+03 -2.21543094e+03  0.00e+00 1.78e-15  4.78e-07     0s
  14  -2.21542998e+03 -2.21543002e+03  0.00e+00 1.78e-15  1.42e-08     0s
  15  -2.21543000e+03 -2.21543000e+03  0.00e+00 1.78e-15  1.42e-11     0s

Barrier solved model in 15 iterations and 0.02 seconds
Optimal objective -2.21543000e+03


Root relaxation: objective -2.215430e+03, 59 iterations, 0.01 seconds

    Nodes    |    Current Node    |     Objective Bounds      |     Work
 Expl Unexpl |  Obj  Depth IntInf | Incumbent    BestBd   Gap | It/Node Time

     0     0 -2215.4300    0   29 -2098.5600 -2215.4300  5.57%     -    0s
H    0     0                    -2201.600000 -2215.4300  0.63%     -    0s

Explored 0 nodes (97 simplex iterations) in 0.03 seconds
Thread count was 20 (of 20 available processors)

Solution count 3: -2201.6 -2098.56 -232.24 
Pool objective bound -2215.4

Optimal solution found (tolerance 5.00e-02)
Best objective -2.201600000000e+03, best bound -2.215400000000e+03, gap 0.6268%
Changed value of parameter MIPGap to 0.05
   Prev: 0.0001  Min: 0.0  Max: 1e+100  Default: 0.0001
Changed value of parameter TimeLimit to 1800.0
   Prev: 1e+100  Min: 0.0  Max: 1e+100  Default: 1e+100
Changed value of parameter Method to 2
   Prev: -1  Min: -1  Max: 4  Default: -1
Changed value of parameter MIPFocus to 1
   Prev: 0  Min: 0  Max: 3  Default: 0
Optimize a model with 4048 rows, 5922 columns and 11844 nonzeros
Variable types: 0 continuous, 5922 integer (5922 binary)
Coefficient statistics:
  Matrix range     [1e+00, 5e+00]
  Objective range  [1e+00, 5e+00]
  Bounds range     [1e+00, 1e+00]
  RHS range        [8e+01, 8e+01]
Found heuristic solution: objective 0
Presolve removed 3984 rows and 4594 columns
Presolve time: 0.01s
Presolved: 64 rows, 1328 columns, 2379 nonzeros
Found heuristic solution: objective -2654.800000
Variable types: 0 continuous, 1328 integer (1114 binary)
Presolved: 64 rows, 1328 columns, 2379 nonzeros

Root barrier log...

Ordering time: 0.00s

Barrier statistics:
 AA' NZ     : 9.340e+02
 Factor NZ  : 2.080e+03 (roughly 1 MByte of memory)
 Factor Ops : 8.944e+04 (less than 1 second per iteration)
 Threads    : 1

                  Objective                Residual
Iter       Primal          Dual         Primal    Dual     Compl     Time
   0  -5.61123239e+03 -5.97577585e+03  2.16e+01 1.11e-15  3.91e+00     0s
   1  -2.74233752e+03 -4.45567050e+03  1.26e+00 6.56e-01  8.35e-01     0s
   2  -2.71281509e+03 -3.00379724e+03  5.28e-03 7.25e-02  1.08e-01     0s
   3  -2.77895065e+03 -2.85954395e+03  0.00e+00 1.34e-02  2.98e-02     0s
   4  -2.80199103e+03 -2.82399040e+03  0.00e+00 2.66e-15  8.10e-03     0s
   5  -2.80644537e+03 -2.81385073e+03  0.00e+00 1.78e-15  2.73e-03     0s
   6  -2.80794281e+03 -2.81068148e+03  0.00e+00 1.78e-15  1.01e-03     0s
   7  -2.80848791e+03 -2.80891766e+03  0.00e+00 1.78e-15  1.58e-04     0s
   8  -2.80867075e+03 -2.80870030e+03  0.00e+00 1.78e-15  1.09e-05     0s
   9  -2.80867799e+03 -2.80867802e+03  0.00e+00 1.78e-15  1.09e-08     0s
  10  -2.80867800e+03 -2.80867800e+03  7.55e-15 1.78e-15  1.09e-14     0s

Barrier solved model in 10 iterations and 0.02 seconds
Optimal objective -2.80867800e+03


Root relaxation: objective -2.808678e+03, 122 iterations, 0.01 seconds

    Nodes    |    Current Node    |     Objective Bounds      |     Work
 Expl Unexpl |  Obj  Depth IntInf | Incumbent    BestBd   Gap | It/Node Time

     0     0 -2808.6780    0   23 -2654.8000 -2808.6780  5.80%     -    0s
H    0     0                    -2795.920000 -2808.6780  0.46%     -    0s

Explored 0 nodes (239 simplex iterations) in 0.03 seconds
Thread count was 20 (of 20 available processors)

Solution count 3: -2795.92 -2654.8 -292.48 
Pool objective bound -2808.64

Optimal solution found (tolerance 5.00e-02)
Best objective -2.795920000000e+03, best bound -2.808640000000e+03, gap 0.4549%
Changed value of parameter MIPGap to 0.05
   Prev: 0.0001  Min: 0.0  Max: 1e+100  Default: 0.0001
Changed value of parameter TimeLimit to 1800.0
   Prev: 1e+100  Min: 0.0  Max: 1e+100  Default: 1e+100
Changed value of parameter Method to 2
   Prev: -1  Min: -1  Max: 4  Default: -1
Changed value of parameter MIPFocus to 1
   Prev: 0  Min: 0  Max: 3  Default: 0
Optimize a model with 4048 rows, 5922 columns and 11844 nonzeros
Variable types: 0 continuous, 5922 integer (5922 binary)
Coefficient statistics:
  Matrix range     [1e+00, 5e+00]
  Objective range  [1e+00, 6e+00]
  Bounds range     [1e+00, 1e+00]
  RHS range        [8e+01, 8e+01]
Found heuristic solution: objective 0
Presolve removed 3984 rows and 4594 columns
Presolve time: 0.01s
Presolved: 64 rows, 1328 columns, 2379 nonzeros
Found heuristic solution: objective -2936.400000
Variable types: 0 continuous, 1328 integer (1114 binary)
Presolved: 64 rows, 1328 columns, 2379 nonzeros

Root barrier log...

Ordering time: 0.00s

Barrier statistics:
 AA' NZ     : 9.340e+02
 Factor NZ  : 2.080e+03 (roughly 1 MByte of memory)
 Factor Ops : 8.944e+04 (less than 1 second per iteration)
 Threads    : 1

                  Objective                Residual
Iter       Primal          Dual         Primal    Dual     Compl     Time
   0  -6.12258038e+03 -7.09577012e+03  2.16e+01 1.33e-15  4.88e+00     0s
   1  -2.97402994e+03 -5.21149372e+03  1.06e+00 8.75e-01  1.04e+00     0s
   2  -2.98785696e+03 -3.38250491e+03  0.00e+00 1.09e-01  1.46e-01     0s
   3  -3.08924437e+03 -3.19413279e+03  0.00e+00 2.50e-02  3.86e-02     0s
   4  -3.10128943e+03 -3.13330962e+03  0.00e+00 1.78e-15  1.18e-02     0s
   5  -3.11311280e+03 -3.12241151e+03  0.00e+00 2.66e-15  3.42e-03     0s
   6  -3.11586251e+03 -3.11916110e+03  0.00e+00 1.78e-15  1.21e-03     0s
   7  -3.11666031e+03 -3.11826533e+03  0.00e+00 1.78e-15  5.90e-04     0s
   8  -3.11686566e+03 -3.11729805e+03  0.00e+00 2.66e-15  1.59e-04     0s
   9  -3.11704201e+03 -3.11722924e+03  0.00e+00 2.66e-15  6.89e-05     0s
  10  -3.11717259e+03 -3.11718526e+03  0.00e+00 1.78e-15  4.66e-06     0s
  11  -3.11717999e+03 -3.11718001e+03  0.00e+00 2.66e-15  4.74e-09     0s

Barrier solved model in 11 iterations and 0.02 seconds
Optimal objective -3.11717999e+03


Root relaxation: objective -3.117180e+03, 111 iterations, 0.01 seconds

    Nodes    |    Current Node    |     Objective Bounds      |     Work
 Expl Unexpl |  Obj  Depth IntInf | Incumbent    BestBd   Gap | It/Node Time

     0     0 -3117.1800    0   18 -2936.4000 -3117.1800  6.16%     -    0s
H    0     0                    -3108.400000 -3117.1800  0.28%     -    0s

Explored 0 nodes (201 simplex iterations) in 0.03 seconds
Thread count was 20 (of 20 available processors)

Solution count 3: -3108.4 -2936.4 -322.6 
Pool objective bound -3117

Optimal solution found (tolerance 5.00e-02)
Best objective -3.108400000000e+03, best bound -3.117000000000e+03, gap 0.2767%
Changed value of parameter MIPGap to 0.05
   Prev: 0.0001  Min: 0.0  Max: 1e+100  Default: 0.0001
Changed value of parameter TimeLimit to 1800.0
   Prev: 1e+100  Min: 0.0  Max: 1e+100  Default: 1e+100
Changed value of parameter Method to 2
   Prev: -1  Min: -1  Max: 4  Default: -1
Changed value of parameter MIPFocus to 1
   Prev: 0  Min: 0  Max: 3  Default: 0
Optimize a model with 4048 rows, 5922 columns and 11844 nonzeros
Variable types: 0 continuous, 5922 integer (5922 binary)
Coefficient statistics:
  Matrix range     [1e+00, 5e+00]
  Objective range  [1e+00, 1e+01]
  Bounds range     [1e+00, 1e+00]
  RHS range        [8e+01, 8e+01]
Found heuristic solution: objective 0
Presolve removed 3984 rows and 4594 columns
Presolve time: 0.01s
Presolved: 64 rows, 1328 columns, 2379 nonzeros
Found heuristic solution: objective -4355.800000
Variable types: 0 continuous, 1328 integer (1114 binary)
Presolved: 64 rows, 1328 columns, 2379 nonzeros

Root barrier log...

Ordering time: 0.00s

Barrier statistics:
 AA' NZ     : 9.340e+02
 Factor NZ  : 2.080e+03 (roughly 1 MByte of memory)
 Factor Ops : 8.944e+04 (less than 1 second per iteration)
 Threads    : 1

                  Objective                Residual
Iter       Primal          Dual         Primal    Dual     Compl     Time
   0  -8.67558055e+03 -1.26957415e+04  2.16e+01 2.66e-15  9.77e+00     0s
   1  -4.21679534e+03 -8.99885778e+03  6.16e-01 1.98e+00  2.05e+00     0s
   2  -4.40483217e+03 -5.23738738e+03  0.00e+00 2.72e-01  3.08e-01     0s
   3  -4.61238721e+03 -4.75283990e+03  0.00e+00 3.10e-02  5.17e-02     0s
   4  -4.65129945e+03 -4.68680295e+03  0.00e+00 3.55e-15  1.31e-02     0s
   5  -4.65929560e+03 -4.67339030e+03  0.00e+00 3.55e-15  5.18e-03     0s
   6  -4.66498008e+03 -4.66975575e+03  0.00e+00 1.78e-15  1.76e-03     0s
   7  -4.66658590e+03 -4.66783398e+03  0.00e+00 3.55e-15  4.59e-04     0s
   8  -4.66726905e+03 -4.66733691e+03  0.00e+00 3.55e-15  2.49e-05     0s
   9  -4.66729997e+03 -4.66730004e+03  0.00e+00 3.55e-15  2.50e-08     0s
  10  -4.66730000e+03 -4.66730000e+03  3.64e-15 3.55e-15  2.51e-14     0s

Barrier solved model in 10 iterations and 0.02 seconds
Optimal objective -4.66730000e+03


Root relaxation: objective -4.667300e+03, 104 iterations, 0.01 seconds

    Nodes    |    Current Node    |     Objective Bounds      |     Work
 Expl Unexpl |  Obj  Depth IntInf | Incumbent    BestBd   Gap | It/Node Time

     0     0 -4667.3000    0   17 -4355.8000 -4667.3000  7.15%     -    0s
H    0     0                    -4656.600000 -4667.3000  0.23%     -    0s

Explored 0 nodes (175 simplex iterations) in 0.03 seconds
Thread count was 20 (of 20 available processors)

Solution count 3: -4656.6 -4355.8 -473.2 
Pool objective bound -4667.2

Optimal solution found (tolerance 5.00e-02)
Best objective -4.656600000000e+03, best bound -4.667200000000e+03, gap 0.2276%
Changed value of parameter MIPGap to 0.05
   Prev: 0.0001  Min: 0.0  Max: 1e+100  Default: 0.0001
Changed value of parameter TimeLimit to 1800.0
   Prev: 1e+100  Min: 0.0  Max: 1e+100  Default: 1e+100
Changed value of parameter Method to 2
   Prev: -1  Min: -1  Max: 4  Default: -1
Changed value of parameter MIPFocus to 1
   Prev: 0  Min: 0  Max: 3  Default: 0
Optimize a model with 4048 rows, 5922 columns and 11844 nonzeros
Variable types: 0 continuous, 5922 integer (5922 binary)
Coefficient statistics:
  Matrix range     [1e+00, 5e+00]
  Objective range  [2e+00, 2e+01]
  Bounds range     [1e+00, 1e+00]
  RHS range        [8e+01, 8e+01]
Found heuristic solution: objective 0
Presolve removed 3984 rows and 4594 columns
Presolve time: 0.01s
Presolved: 64 rows, 1328 columns, 2379 nonzeros
Found heuristic solution: objective -7238.400000
Variable types: 0 continuous, 1328 integer (1114 binary)
Presolved: 64 rows, 1328 columns, 2379 nonzeros

Root barrier log...

Ordering time: 0.00s

Barrier statistics:
 AA' NZ     : 9.340e+02
 Factor NZ  : 2.080e+03 (roughly 1 MByte of memory)
 Factor Ops : 8.944e+04 (less than 1 second per iteration)
 Threads    : 1

                  Objective                Residual
Iter       Primal          Dual         Primal    Dual     Compl     Time
   0  -1.37778067e+04 -2.38956843e+04  2.16e+01 5.33e-15  1.95e+01     0s
   1  -6.81418217e+03 -1.65852856e+04  4.18e-01 4.19e+00  4.07e+00     0s
   2  -7.28803943e+03 -8.89840950e+03  0.00e+00 5.62e-01  5.98e-01     0s
   3  -7.67915941e+03 -7.91692080e+03  0.00e+00 5.41e-02  8.76e-02     0s
   4  -7.76100521e+03 -7.81308894e+03  0.00e+00 9.75e-03  1.92e-02     0s
   5  -7.77137535e+03 -7.78931390e+03  0.00e+00 1.99e-03  6.60e-03     0s
   6  -7.77863669e+03 -7.78322062e+03  0.00e+00 3.22e-04  1.69e-03     0s
   7  -7.78043075e+03 -7.78132392e+03  0.00e+00 7.90e-07  3.28e-04     0s
   8  -7.78089803e+03 -7.78090205e+03  0.00e+00 7.11e-15  1.48e-06     0s
   9  -7.78090000e+03 -7.78090000e+03  0.00e+00 7.11e-15  1.48e-09     0s

Barrier solved model in 9 iterations and 0.02 seconds
Optimal objective -7.78090000e+03


Root relaxation: objective -7.780900e+03, 61 iterations, 0.01 seconds

    Nodes    |    Current Node    |     Objective Bounds      |     Work
 Expl Unexpl |  Obj  Depth IntInf | Incumbent    BestBd   Gap | It/Node Time

     0     0 -7780.9000    0   25 -7238.4000 -7780.9000  7.49%     -    0s
H    0     0                    -7765.800000 -7780.9000  0.19%     -    0s

Explored 0 nodes (106 simplex iterations) in 0.03 seconds
Thread count was 20 (of 20 available processors)

Solution count 3: -7765.8 -7238.4 -774.4 
Pool objective bound -7780.8

Optimal solution found (tolerance 5.00e-02)
Best objective -7.765800000000e+03, best bound -7.780800000000e+03, gap 0.1932%
Changed value of parameter MIPGap to 0.05
   Prev: 0.0001  Min: 0.0  Max: 1e+100  Default: 0.0001
Changed value of parameter TimeLimit to 1800.0
   Prev: 1e+100  Min: 0.0  Max: 1e+100  Default: 1e+100
Changed value of parameter Method to 2
   Prev: -1  Min: -1  Max: 4  Default: -1
Changed value of parameter MIPFocus to 1
   Prev: 0  Min: 0  Max: 3  Default: 0
Optimize a model with 4048 rows, 5922 columns and 11844 nonzeros
Variable types: 0 continuous, 5922 integer (5922 binary)
Coefficient statistics:
  Matrix range     [1e+00, 5e+00]
  Objective range  [3e+00, 4e+01]
  Bounds range     [1e+00, 1e+00]
  RHS range        [8e+01, 8e+01]
Found heuristic solution: objective 0
Presolve removed 3984 rows and 4594 columns
Presolve time: 0.01s
Presolved: 64 rows, 1328 columns, 2379 nonzeros
Found heuristic solution: objective -13079.60000
Variable types: 0 continuous, 1328 integer (1114 binary)
Presolved: 64 rows, 1328 columns, 2379 nonzeros

Root barrier log...

Ordering time: 0.00s

Barrier statistics:
 AA' NZ     : 9.340e+02
 Factor NZ  : 2.080e+03 (roughly 1 MByte of memory)
 Factor Ops : 8.944e+04 (less than 1 second per iteration)
 Threads    : 1

                  Objective                Residual
Iter       Primal          Dual         Primal    Dual     Compl     Time
   0  -2.39803565e+04 -4.62955698e+04  2.17e+01 1.07e-14  3.91e+01     0s
   1  -1.20550707e+04 -3.17632526e+04  3.13e-01 8.62e+00  8.11e+00     0s
   2  -1.30595987e+04 -1.62009197e+04  0.00e+00 1.12e+00  1.17e+00     0s
   3  -1.38281022e+04 -1.42995252e+04  0.00e+00 1.23e-01  1.74e-01     0s
   4  -1.39732617e+04 -1.40844072e+04  0.00e+00 2.49e-02  4.09e-02     0s
   5  -1.39995813e+04 -1.40366806e+04  0.00e+00 6.08e-03  1.37e-02     0s
   6  -1.40125767e+04 -1.40267148e+04  0.00e+00 2.53e-03  5.20e-03     0s
   7  -1.40173604e+04 -1.40198415e+04  0.00e+00 2.91e-04  9.13e-04     0s
   8  -1.40185862e+04 -1.40186294e+04  0.00e+00 2.01e-06  1.59e-05     0s
   9  -1.40186000e+04 -1.40186000e+04  0.00e+00 1.42e-14  1.59e-08     0s
  10  -1.40186000e+04 -1.40186000e+04  6.17e-15 1.42e-14  1.64e-14     0s

Barrier solved model in 10 iterations and 0.02 seconds
Optimal objective -1.40186000e+04


Root relaxation: objective -1.401860e+04, 60 iterations, 0.01 seconds

    Nodes    |    Current Node    |     Objective Bounds      |     Work
 Expl Unexpl |  Obj  Depth IntInf | Incumbent    BestBd   Gap | It/Node Time

     0     0 -14018.600    0   26 -13079.600 -14018.600  7.18%     -    0s
H    0     0                    -13991.00000 -14018.600  0.20%     -    0s

Explored 0 nodes (146 simplex iterations) in 0.03 seconds
Thread count was 20 (of 20 available processors)

Solution count 3: -13991 -13079.6 -1376.8 
Pool objective bound -14018.6

Optimal solution found (tolerance 5.00e-02)
Best objective -1.399100000000e+04, best bound -1.401860000000e+04, gap 0.1973%
Changed value of parameter MIPGap to 0.05
   Prev: 0.0001  Min: 0.0  Max: 1e+100  Default: 0.0001
Changed value of parameter TimeLimit to 1800.0
   Prev: 1e+100  Min: 0.0  Max: 1e+100  Default: 1e+100
Changed value of parameter Method to 2
   Prev: -1  Min: -1  Max: 4  Default: -1
Changed value of parameter MIPFocus to 1
   Prev: 0  Min: 0  Max: 3  Default: 0
Optimize a model with 4048 rows, 5922 columns and 11844 nonzeros
Variable types: 0 continuous, 5922 integer (5922 binary)
Coefficient statistics:
  Matrix range     [1e+00, 5e+00]
  Objective range  [3e+00, 5e+01]
  Bounds range     [1e+00, 1e+00]
  RHS range        [8e+01, 8e+01]
Found heuristic solution: objective 0
Presolve removed 3984 rows and 4594 columns
Presolve time: 0.01s
Presolved: 64 rows, 1328 columns, 2379 nonzeros
Found heuristic solution: objective -15998.00000
Variable types: 0 continuous, 1328 integer (1114 binary)
Presolved: 64 rows, 1328 columns, 2379 nonzeros

Root barrier log...

Ordering time: 0.00s

Barrier statistics:
 AA' NZ     : 9.340e+02
 Factor NZ  : 2.080e+03 (roughly 1 MByte of memory)
 Factor Ops : 8.944e+04 (less than 1 second per iteration)
 Threads    : 1

                  Objective                Residual
Iter       Primal          Dual         Primal    Dual     Compl     Time
   0  -2.90814405e+04 -5.74955126e+04  2.17e+01 1.42e-14  4.88e+01     0s
   1  -1.46803626e+04 -3.93527552e+04  2.92e-01 1.08e+01  1.01e+01     0s
   2  -1.59488689e+04 -1.98497421e+04  0.00e+00 1.40e+00  1.45e+00     0s
   3  -1.69028932e+04 -1.75057226e+04  0.00e+00 1.64e-01  2.22e-01     0s
   4  -1.70791049e+04 -1.72219085e+04  0.00e+00 3.26e-02  5.26e-02     0s
   5  -1.71104338e+04 -1.71640088e+04  0.00e+00 9.04e-03  1.97e-02     0s
   6  -1.71258160e+04 -1.71469380e+04  0.00e+00 2.75e-03  7.77e-03     0s
   7  -1.71342477e+04 -1.71403071e+04  0.00e+00 5.42e-04  2.23e-03     0s
   8  -1.71374434e+04 -1.71382865e+04  0.00e+00 1.61e-05  3.10e-04     0s
   9  -1.71379994e+04 -1.71380003e+04  0.00e+00 2.13e-14  3.13e-07     0s
  10  -1.71380000e+04 -1.71380000e+04  0.00e+00 2.84e-14  3.14e-13     0s

Barrier solved model in 10 iterations and 0.02 seconds
Optimal objective -1.71380000e+04


Root relaxation: objective -1.713800e+04, 60 iterations, 0.01 seconds

    Nodes    |    Current Node    |     Objective Bounds      |     Work
 Expl Unexpl |  Obj  Depth IntInf | Incumbent    BestBd   Gap | It/Node Time

     0     0 -17138.000    0   26 -15998.000 -17138.000  7.13%     -    0s
H    0     0                    -17107.00000 -17138.000  0.18%     -    0s

Explored 0 nodes (138 simplex iterations) in 0.03 seconds
Thread count was 20 (of 20 available processors)

Solution count 3: -17107 -15998 -1678 
Pool objective bound -17138

Optimal solution found (tolerance 5.00e-02)
Best objective -1.710700000000e+04, best bound -1.713800000000e+04, gap 0.1812%
Changed value of parameter MIPGap to 0.05
   Prev: 0.0001  Min: 0.0  Max: 1e+100  Default: 0.0001
Changed value of parameter TimeLimit to 1800.0
   Prev: 1e+100  Min: 0.0  Max: 1e+100  Default: 1e+100
Changed value of parameter Method to 2
   Prev: -1  Min: -1  Max: 4  Default: -1
Changed value of parameter MIPFocus to 1
   Prev: 0  Min: 0  Max: 3  Default: 0
Optimize a model with 4048 rows, 5922 columns and 11844 nonzeros
Variable types: 0 continuous, 5922 integer (5922 binary)
Coefficient statistics:
  Matrix range     [1e+00, 5e+00]
  Objective range  [5e+00, 9e+01]
  Bounds range     [1e+00, 1e+00]
  RHS range        [8e+01, 8e+01]
Found heuristic solution: objective 0
Presolve removed 3984 rows and 4594 columns
Presolve time: 0.01s
Presolved: 64 rows, 1328 columns, 2379 nonzeros
Found heuristic solution: objective -30554.00000
Variable types: 0 continuous, 1328 integer (1114 binary)
Presolved: 64 rows, 1328 columns, 2379 nonzeros

Root barrier log...

Ordering time: 0.00s

Barrier statistics:
 AA' NZ     : 9.340e+02
 Factor NZ  : 2.080e+03 (roughly 1 MByte of memory)
 Factor Ops : 8.944e+04 (less than 1 second per iteration)
 Threads    : 1

                  Objective                Residual
Iter       Primal          Dual         Primal    Dual     Compl     Time
   0  -5.45864778e+04 -1.13495226e+05  2.17e+01 2.84e-14  9.77e+01     0s
   1  -2.78167709e+04 -7.73012933e+04  2.48e-01 2.19e+01  2.02e+01     0s
   2  -3.04029453e+04 -3.81063018e+04  0.00e+00 2.80e+00  2.87e+00     0s
   3  -3.22727244e+04 -3.35212159e+04  0.00e+00 4.07e-01  4.61e-01     0s
   4  -3.26241928e+04 -3.29440445e+04  0.00e+00 9.21e-02  1.18e-01     0s
   5  -3.26813262e+04 -3.28137690e+04  0.00e+00 3.09e-02  4.88e-02     0s
   6  -3.27166943e+04 -3.27627144e+04  0.00e+00 9.71e-03  1.69e-02     0s
   7  -3.27272222e+04 -3.27430243e+04  0.00e+00 2.38e-03  5.81e-03     0s
   8  -3.27315573e+04 -3.27361440e+04  0.00e+00 2.78e-05  1.69e-03     0s
   9  -3.27349799e+04 -3.27350135e+04  0.00e+00 2.84e-14  1.24e-05     0s
  10  -3.27350000e+04 -3.27350000e+04  0.00e+00 5.68e-14  1.08e-10     0s

Barrier solved model in 10 iterations and 0.08 seconds
Optimal objective -3.27350000e+04


Root relaxation: objective -3.273500e+04, 60 iterations, 0.01 seconds

    Nodes    |    Current Node    |     Objective Bounds      |     Work
 Expl Unexpl |  Obj  Depth IntInf | Incumbent    BestBd   Gap | It/Node Time

     0     0 -32735.000    0   26 -30554.000 -32735.000  7.14%     -    0s
H    0     0                    -32678.00000 -32735.000  0.17%     -    0s

Explored 0 nodes (94 simplex iterations) in 0.08 seconds
Thread count was 20 (of 20 available processors)

Solution count 3: -32678 -30554 -3184 
Pool objective bound -32735

Optimal solution found (tolerance 5.00e-02)
Best objective -3.267800000000e+04, best bound -3.273500000000e+04, gap 0.1744%
Changed value of parameter MIPGap to 0.05
   Prev: 0.0001  Min: 0.0  Max: 1e+100  Default: 0.0001
Changed value of parameter TimeLimit to 1800.0
   Prev: 1e+100  Min: 0.0  Max: 1e+100  Default: 1e+100
Changed value of parameter Method to 2
   Prev: -1  Min: -1  Max: 4  Default: -1
Changed value of parameter MIPFocus to 1
   Prev: 0  Min: 0  Max: 3  Default: 0
Optimize a model with 4048 rows, 5922 columns and 11844 nonzeros
Variable types: 0 continuous, 5922 integer (5922 binary)
Coefficient statistics:
  Matrix range     [1e+00, 5e+00]
  Objective range  [9e+00, 2e+02]
  Bounds range     [1e+00, 1e+00]
  RHS range        [8e+01, 8e+01]
Found heuristic solution: objective 0
Presolve removed 3984 rows and 4594 columns
Presolve time: 0.01s
Presolved: 64 rows, 1328 columns, 2379 nonzeros
Found heuristic solution: objective -59669.00000
Variable types: 0 continuous, 1328 integer (1114 binary)
Presolved: 64 rows, 1328 columns, 2379 nonzeros

Root barrier log...

Ordering time: 0.00s

Barrier statistics:
 AA' NZ     : 9.340e+02
 Factor NZ  : 2.080e+03 (roughly 1 MByte of memory)
 Factor Ops : 8.944e+04 (less than 1 second per iteration)
 Threads    : 1

                  Objective                Residual
Iter       Primal          Dual         Primal    Dual     Compl     Time
   0  -1.05596169e+05 -2.25494654e+05  2.17e+01 5.68e-14  1.95e+02     0s
   1  -5.40996251e+04 -1.53199421e+05  2.26e-01 4.41e+01  4.04e+01     0s
   2  -5.93190392e+04 -7.46292970e+04  0.00e+00 5.60e+00  5.71e+00     0s
   3  -6.30163256e+04 -6.55432117e+04  0.00e+00 9.24e-01  9.33e-01     0s
   4  -6.37133445e+04 -6.43793995e+04  0.00e+00 2.21e-01  2.45e-01     0s
   5  -6.38258227e+04 -6.40556490e+04  0.00e+00 5.36e-02  8.46e-02     0s
   6  -6.38987369e+04 -6.39732988e+04  0.00e+00 1.47e-02  2.74e-02     0s
   7  -6.39201682e+04 -6.39473068e+04  0.00e+00 5.30e-03  9.99e-03     0s
   8  -6.39243130e+04 -6.39360578e+04  0.00e+00 1.83e-03  4.32e-03     0s
   9  -6.39286578e+04 -6.39298291e+04  0.00e+00 4.87e-05  4.31e-04     0s
  10  -6.39289824e+04 -6.39290190e+04  0.00e+00 5.68e-14  1.35e-05     0s
  11  -6.39290000e+04 -6.39290000e+04  0.00e+00 5.68e-14  1.35e-08     0s
  12  -6.39290000e+04 -6.39290000e+04  6.63e-15 5.68e-14  1.63e-14     0s

Barrier solved model in 12 iterations and 0.02 seconds
Optimal objective -6.39290000e+04


Root relaxation: objective -6.392900e+04, 60 iterations, 0.01 seconds

    Nodes    |    Current Node    |     Objective Bounds      |     Work
 Expl Unexpl |  Obj  Depth IntInf | Incumbent    BestBd   Gap | It/Node Time

     0     0 -63929.000    0   22 -59669.000 -63929.000  7.14%     -    0s
H    0     0                    -63823.00000 -63929.000  0.17%     -    0s

Explored 0 nodes (121 simplex iterations) in 0.03 seconds
Thread count was 20 (of 20 available processors)

Solution count 3: -63823 -59669 -6196 
Pool objective bound -63929

Optimal solution found (tolerance 5.00e-02)
Best objective -6.382300000000e+04, best bound -6.392900000000e+04, gap 0.1661%
Changed value of parameter MIPGap to 0.05
   Prev: 0.0001  Min: 0.0  Max: 1e+100  Default: 0.0001
Changed value of parameter TimeLimit to 1800.0
   Prev: 1e+100  Min: 0.0  Max: 1e+100  Default: 1e+100
Changed value of parameter Method to 2
   Prev: -1  Min: -1  Max: 4  Default: -1
Changed value of parameter MIPFocus to 1
   Prev: 0  Min: 0  Max: 3  Default: 0
Optimize a model with 4048 rows, 5922 columns and 11844 nonzeros
Variable types: 0 continuous, 5922 integer (5922 binary)
Coefficient statistics:
  Matrix range     [1e+00, 5e+00]
  Objective range  [2e+01, 5e+02]
  Bounds range     [1e+00, 1e+00]
  RHS range        [8e+01, 8e+01]
Found heuristic solution: objective 0
Presolve removed 3984 rows and 4594 columns
Presolve time: 0.01s
Presolved: 64 rows, 1328 columns, 2379 nonzeros
Found heuristic solution: objective -147017.0000
Variable types: 0 continuous, 1328 integer (1114 binary)
Presolved: 64 rows, 1328 columns, 2379 nonzeros

Root barrier log...

Ordering time: 0.00s

Barrier statistics:
 AA' NZ     : 9.340e+02
 Factor NZ  : 2.080e+03 (roughly 1 MByte of memory)
 Factor Ops : 8.944e+04 (less than 1 second per iteration)
 Threads    : 1

                  Objective                Residual
Iter       Primal          Dual         Primal    Dual     Compl     Time
   0  -2.58624938e+05 -5.61492937e+05  2.17e+01 1.14e-13  4.88e+02     0s
   1  -1.32956318e+05 -3.80894656e+05  2.13e-01 1.10e+02  1.01e+02     0s
   2  -1.46073987e+05 -1.84198776e+05  0.00e+00 1.40e+01  1.42e+01     0s
   3  -1.55252141e+05 -1.61605251e+05  0.00e+00 2.38e+00  2.35e+00     0s
   4  -1.56991055e+05 -1.58673440e+05  0.00e+00 5.73e-01  6.20e-01     0s
   5  -1.57275901e+05 -1.57877794e+05  0.00e+00 1.58e-01  2.22e-01     0s
   6  -1.57437107e+05 -1.57616498e+05  0.00e+00 3.55e-02  6.60e-02     0s
   7  -1.57491538e+05 -1.57544843e+05  0.00e+00 8.71e-03  1.96e-02     0s
   8  -1.57504959e+05 -1.57524440e+05  0.00e+00 2.96e-03  7.17e-03     0s
   9  -1.57508025e+05 -1.57513510e+05  0.00e+00 1.90e-04  2.02e-03     0s
  10  -1.57510458e+05 -1.57511248e+05  0.00e+00 1.71e-13  2.91e-04     0s
  11  -1.57510999e+05 -1.57511000e+05  0.00e+00 2.27e-13  3.10e-07     0s
  12  -1.57511000e+05 -1.57511000e+05  2.89e-15 2.27e-13  3.14e-13     0s

Barrier solved model in 12 iterations and 0.02 seconds
Optimal objective -1.57511000e+05


Root relaxation: objective -1.575110e+05, 60 iterations, 0.01 seconds

    Nodes    |    Current Node    |     Objective Bounds      |     Work
 Expl Unexpl |  Obj  Depth IntInf | Incumbent    BestBd   Gap | It/Node Time

     0     0 -157511.00    0   24 -147017.00 -157511.00  7.14%     -    0s
H    0     0                    -157237.0000 -157511.00  0.17%     -    0s

Explored 0 nodes (119 simplex iterations) in 0.03 seconds
Thread count was 20 (of 20 available processors)

Solution count 3: -157237 -147017 -15232 
Pool objective bound -157511

Optimal solution found (tolerance 5.00e-02)
Best objective -1.572370000000e+05, best bound -1.575110000000e+05, gap 0.1743%
Changed value of parameter MIPGap to 0.05
   Prev: 0.0001  Min: 0.0  Max: 1e+100  Default: 0.0001
Changed value of parameter TimeLimit to 1800.0
   Prev: 1e+100  Min: 0.0  Max: 1e+100  Default: 1e+100
Changed value of parameter Method to 2
   Prev: -1  Min: -1  Max: 4  Default: -1
Changed value of parameter MIPFocus to 1
   Prev: 0  Min: 0  Max: 3  Default: 0
Optimize a model with 4048 rows, 5922 columns and 11844 nonzeros
Variable types: 0 continuous, 5922 integer (5922 binary)
Coefficient statistics:
  Matrix range     [1e+00, 5e+00]
  Objective range  [2e+02, 5e+03]
  Bounds range     [1e+00, 1e+00]
  RHS range        [8e+01, 8e+01]
Found heuristic solution: objective 0
Presolve removed 3984 rows and 4594 columns
Presolve time: 0.01s
Presolved: 64 rows, 1328 columns, 2379 nonzeros
Found heuristic solution: objective -1457237.000
Variable types: 0 continuous, 1328 integer (1114 binary)
Presolved: 64 rows, 1328 columns, 2379 nonzeros

Root barrier log...

Ordering time: 0.00s

Barrier statistics:
 AA' NZ     : 9.340e+02
 Factor NZ  : 2.080e+03 (roughly 1 MByte of memory)
 Factor Ops : 8.944e+04 (less than 1 second per iteration)
 Threads    : 1

                  Objective                Residual
Iter       Primal          Dual         Primal    Dual     Compl     Time
   0  -2.55405536e+06 -5.60146719e+06  2.17e+01 9.09e-13  4.88e+03     0s
   1  -1.31583620e+06 -3.79632624e+06  2.05e-01 1.11e+03  1.01e+03     0s
   2  -1.44742285e+06 -1.82773946e+06  0.00e+00 1.40e+02  1.42e+02     0s
   3  -1.53879416e+06 -1.60251080e+06  0.00e+00 2.42e+01  2.35e+01     0s
   4  -1.55629188e+06 -1.57301619e+06  0.00e+00 5.82e+00  6.17e+00     0s
   5  -1.55906664e+06 -1.56514074e+06  0.00e+00 1.68e+00  2.24e+00     0s
   6  -1.56060105e+06 -1.56237427e+06  0.00e+00 3.80e-01  6.53e-01     0s
   7  -1.56119727e+06 -1.56144263e+06  0.00e+00 6.29e-02  9.04e-02     0s
   8  -1.56122523e+06 -1.56131367e+06  0.00e+00 2.00e-02  3.26e-02     0s
   9  -1.56123691e+06 -1.56125809e+06  0.00e+00 3.52e-03  7.80e-03     0s
  10  -1.56123892e+06 -1.56124632e+06  0.00e+00 8.84e-04  2.72e-03     0s
  11  -1.56124066e+06 -1.56124188e+06  0.00e+00 1.82e-12  4.49e-04     0s
  12  -1.56124091e+06 -1.56124103e+06  0.00e+00 1.82e-12  4.51e-05     0s
  13  -1.56124100e+06 -1.56124100e+06  0.00e+00 1.82e-12  4.69e-08     0s
  14  -1.56124100e+06 -1.56124100e+06  5.31e-15 1.82e-12  8.68e-14     0s

Barrier solved model in 14 iterations and 0.02 seconds
Optimal objective -1.56124100e+06


Root relaxation: objective -1.561241e+06, 60 iterations, 0.01 seconds

    Nodes    |    Current Node    |     Objective Bounds      |     Work
 Expl Unexpl |  Obj  Depth IntInf | Incumbent    BestBd   Gap | It/Node Time

     0     0 -1561241.0    0   22 -1457237.0 -1561241.0  7.14%     -    0s
H    0     0                    -1558736.000 -1561241.0  0.16%     -    0s

Explored 0 nodes (148 simplex iterations) in 0.03 seconds
Thread count was 20 (of 20 available processors)

Solution count 3: -1.55874e+06 -1.45724e+06 -150772 
Pool objective bound -1.56124e+06

Optimal solution found (tolerance 5.00e-02)
Best objective -1.558736000000e+06, best bound -1.561241000000e+06, gap 0.1607%
