Changed value of parameter MIPGap to 0.05
   Prev: 0.0001  Min: 0.0  Max: 1e+100  Default: 0.0001
Changed value of parameter TimeLimit to 1800.0
   Prev: 1e+100  Min: 0.0  Max: 1e+100  Default: 1e+100
Changed value of parameter Method to 2
   Prev: -1  Min: -1  Max: 4  Default: -1
Changed value of parameter MIPFocus to 1
   Prev: 0  Min: 0  Max: 3  Default: 0
Optimize a model with 4380 rows, 6420 columns and 12840 nonzeros
Variable types: 0 continuous, 6420 integer (6420 binary)
Coefficient statistics:
  Matrix range     [1e+00, 5e+00]
  Objective range  [1e+00, 1e+00]
  Bounds range     [1e+00, 1e+00]
  RHS range        [8e+01, 8e+01]
Found heuristic solution: objective 0
Presolve removed 4308 rows and 5118 columns
Presolve time: 0.01s
Presolved: 72 rows, 1302 columns, 2492 nonzeros
Found heuristic solution: objective -1623.000000
Variable types: 0 continuous, 1302 integer (1080 binary)
Presolved: 72 rows, 1302 columns, 2492 nonzeros

Root barrier log...

Ordering time: 0.00s

Barrier statistics:
 AA' NZ     : 1.162e+03
 Factor NZ  : 2.581e+03 (roughly 1 MByte of memory)
 Factor Ops : 1.225e+05 (less than 1 second per iteration)
 Threads    : 1

                  Objective                Residual
Iter       Primal          Dual         Primal    Dual     Compl     Time
   0  -3.81909025e+03 -3.43709466e+03  2.29e+01 4.44e-16  2.07e+00     0s
   1  -1.93490092e+03 -2.61485946e+03  2.69e+00 2.90e-01  4.79e-01     0s
   2  -1.77693418e+03 -1.93706922e+03  1.07e-01 2.56e-02  6.65e-02     0s
   3  -1.79815205e+03 -1.83102615e+03  2.40e-02 3.66e-03  1.37e-02     0s
   4  -1.80600801e+03 -1.81416525e+03  3.94e-03 8.88e-16  3.28e-03     0s
   5  -1.80806036e+03 -1.81053699e+03  7.19e-04 1.78e-15  9.70e-04     0s
   6  -1.80858788e+03 -1.80866029e+03  6.11e-06 8.88e-16  2.76e-05     0s
   7  -1.80860000e+03 -1.80860000e+03  2.48e-10 1.78e-15  5.44e-10     0s

Barrier solved model in 7 iterations and 0.02 seconds
Optimal objective -1.80860000e+03


Root relaxation: objective -1.808600e+03, 445 iterations, 0.01 seconds

    Nodes    |    Current Node    |     Objective Bounds      |     Work
 Expl Unexpl |  Obj  Depth IntInf | Incumbent    BestBd   Gap | It/Node Time

     0     0 -1808.6000    0    8 -1623.0000 -1808.6000  11.4%     -    0s
H    0     0                    -1804.000000 -1808.6000  0.25%     -    0s

Explored 0 nodes (637 simplex iterations) in 0.03 seconds
Thread count was 20 (of 20 available processors)

Solution count 3: -1804 -1623 -109 
Pool objective bound -1808

Optimal solution found (tolerance 5.00e-02)
Best objective -1.804000000000e+03, best bound -1.808000000000e+03, gap 0.2217%
Changed value of parameter MIPGap to 0.05
   Prev: 0.0001  Min: 0.0  Max: 1e+100  Default: 0.0001
Changed value of parameter TimeLimit to 1800.0
   Prev: 1e+100  Min: 0.0  Max: 1e+100  Default: 1e+100
Changed value of parameter Method to 2
   Prev: -1  Min: -1  Max: 4  Default: -1
Changed value of parameter MIPFocus to 1
   Prev: 0  Min: 0  Max: 3  Default: 0
Optimize a model with 4380 rows, 6420 columns and 12840 nonzeros
Variable types: 0 continuous, 6420 integer (6420 binary)
Coefficient statistics:
  Matrix range     [1e+00, 5e+00]
  Objective range  [1e+00, 1e+00]
  Bounds range     [1e+00, 1e+00]
  RHS range        [8e+01, 8e+01]
Found heuristic solution: objective 0
Presolve removed 4308 rows and 5116 columns
Presolve time: 0.01s
Presolved: 72 rows, 1304 columns, 2494 nonzeros
Found heuristic solution: objective -1624.693250
Variable types: 0 continuous, 1304 integer (1080 binary)
Presolved: 72 rows, 1304 columns, 2494 nonzeros

Root barrier log...

Ordering time: 0.00s

Barrier statistics:
 AA' NZ     : 1.162e+03
 Factor NZ  : 2.581e+03 (roughly 1 MByte of memory)
 Factor Ops : 1.225e+05 (less than 1 second per iteration)
 Threads    : 1

                  Objective                Residual
Iter       Primal          Dual         Primal    Dual     Compl     Time
   0  -3.82486485e+03 -3.44433214e+03  2.29e+01 4.44e-16  2.07e+00     0s
   1  -1.93715320e+03 -2.67291927e+03  2.69e+00 2.91e-01  5.04e-01     0s
   2  -1.77616746e+03 -1.94076022e+03  1.05e-01 2.41e-02  6.80e-02     0s
   3  -1.80055116e+03 -1.83631830e+03  1.39e-02 3.26e-03  1.42e-02     0s
   4  -1.80794216e+03 -1.81634414e+03  1.73e-03 7.35e-04  3.25e-03     0s
   5  -1.80943282e+03 -1.81150866e+03  3.94e-04 1.78e-15  8.04e-04     0s
   6  -1.81003850e+03 -1.81010425e+03  0.00e+00 1.78e-15  2.46e-05     0s
   7  -1.81004950e+03 -1.81004967e+03  0.00e+00 1.78e-15  6.50e-08     0s
   8  -1.81004955e+03 -1.81004955e+03  0.00e+00 1.78e-15  7.16e-14     0s

Barrier solved model in 8 iterations and 0.02 seconds
Optimal objective -1.81004955e+03


Root relaxation: objective -1.810050e+03, 438 iterations, 0.01 seconds

    Nodes    |    Current Node    |     Objective Bounds      |     Work
 Expl Unexpl |  Obj  Depth IntInf | Incumbent    BestBd   Gap | It/Node Time

     0     0 -1810.0495    0    8 -1624.6933 -1810.0495  11.4%     -    0s
H    0     0                    -1805.444000 -1810.0495  0.26%     -    0s

Explored 0 nodes (545 simplex iterations) in 0.02 seconds
Thread count was 20 (of 20 available processors)

Solution count 3: -1805.44 -1624.69 -89.0737 
Pool objective bound -1810.05

Optimal solution found (tolerance 5.00e-02)
Best objective -1.805444000000e+03, best bound -1.810049550000e+03, gap 0.2551%
Changed value of parameter MIPGap to 0.05
   Prev: 0.0001  Min: 0.0  Max: 1e+100  Default: 0.0001
Changed value of parameter TimeLimit to 1800.0
   Prev: 1e+100  Min: 0.0  Max: 1e+100  Default: 1e+100
Changed value of parameter Method to 2
   Prev: -1  Min: -1  Max: 4  Default: -1
Changed value of parameter MIPFocus to 1
   Prev: 0  Min: 0  Max: 3  Default: 0
Optimize a model with 4380 rows, 6420 columns and 12840 nonzeros
Variable types: 0 continuous, 6420 integer (6420 binary)
Coefficient statistics:
  Matrix range     [1e+00, 5e+00]
  Objective range  [1e+00, 1e+00]
  Bounds range     [1e+00, 1e+00]
  RHS range        [8e+01, 8e+01]
Found heuristic solution: objective 0
Presolve removed 4308 rows and 5116 columns
Presolve time: 0.01s
Presolved: 72 rows, 1304 columns, 2494 nonzeros
Found heuristic solution: objective -1626.386500
Variable types: 0 continuous, 1304 integer (1080 binary)
Presolved: 72 rows, 1304 columns, 2494 nonzeros

Root barrier log...

Ordering time: 0.00s

Barrier statistics:
 AA' NZ     : 1.162e+03
 Factor NZ  : 2.581e+03 (roughly 1 MByte of memory)
 Factor Ops : 1.225e+05 (less than 1 second per iteration)
 Threads    : 1

                  Objective                Residual
Iter       Primal          Dual         Primal    Dual     Compl     Time
   0  -3.82847137e+03 -3.44694792e+03  2.29e+01 4.44e-16  2.07e+00     0s
   1  -1.93878887e+03 -2.67502080e+03  2.69e+00 2.91e-01  5.04e-01     0s
   2  -1.77767743e+03 -1.94225794e+03  1.05e-01 2.41e-02  6.80e-02     0s
   3  -1.80200898e+03 -1.83772586e+03  1.39e-02 3.91e-03  1.42e-02     0s
   4  -1.80939962e+03 -1.81779907e+03  1.71e-03 7.36e-04  3.25e-03     0s
   5  -1.81088276e+03 -1.81295839e+03  3.89e-04 1.78e-15  8.03e-04     0s
   6  -1.81148774e+03 -1.81155849e+03  0.00e+00 1.78e-15  2.64e-05     0s
   7  -1.81149908e+03 -1.81149913e+03  0.00e+00 1.78e-15  1.76e-08     0s
   8  -1.81149910e+03 -1.81149910e+03  0.00e+00 1.78e-15  1.77e-14     0s

Barrier solved model in 8 iterations and 0.02 seconds
Optimal objective -1.81149910e+03


Root relaxation: objective -1.811499e+03, 438 iterations, 0.01 seconds

    Nodes    |    Current Node    |     Objective Bounds      |     Work
 Expl Unexpl |  Obj  Depth IntInf | Incumbent    BestBd   Gap | It/Node Time

     0     0 -1811.4991    0    8 -1626.3865 -1811.4991  11.4%     -    0s
H    0     0                    -1806.888000 -1811.4991  0.26%     -    0s

Explored 0 nodes (622 simplex iterations) in 0.02 seconds
Thread count was 20 (of 20 available processors)

Solution count 3: -1806.89 -1626.39 -89.1475 
Pool objective bound -1811.5

Optimal solution found (tolerance 5.00e-02)
Best objective -1.806888000000e+03, best bound -1.811499100000e+03, gap 0.2552%
Changed value of parameter MIPGap to 0.05
   Prev: 0.0001  Min: 0.0  Max: 1e+100  Default: 0.0001
Changed value of parameter TimeLimit to 1800.0
   Prev: 1e+100  Min: 0.0  Max: 1e+100  Default: 1e+100
Changed value of parameter Method to 2
   Prev: -1  Min: -1  Max: 4  Default: -1
Changed value of parameter MIPFocus to 1
   Prev: 0  Min: 0  Max: 3  Default: 0
Optimize a model with 4380 rows, 6420 columns and 12840 nonzeros
Variable types: 0 continuous, 6420 integer (6420 binary)
Coefficient statistics:
  Matrix range     [1e+00, 5e+00]
  Objective range  [1e+00, 1e+00]
  Bounds range     [1e+00, 1e+00]
  RHS range        [8e+01, 8e+01]
Found heuristic solution: objective 0
Presolve removed 4308 rows and 5116 columns
Presolve time: 0.01s
Presolved: 72 rows, 1304 columns, 2494 nonzeros
Found heuristic solution: objective -1629.773000
Variable types: 0 continuous, 1304 integer (1080 binary)
Presolved: 72 rows, 1304 columns, 2494 nonzeros

Root barrier log...

Ordering time: 0.00s

Barrier statistics:
 AA' NZ     : 1.162e+03
 Factor NZ  : 2.581e+03 (roughly 1 MByte of memory)
 Factor Ops : 1.225e+05 (less than 1 second per iteration)
 Threads    : 1

                  Objective                Residual
Iter       Primal          Dual         Primal    Dual     Compl     Time
   0  -3.83568440e+03 -3.45217950e+03  2.29e+01 8.88e-16  2.08e+00     0s
   1  -1.94206100e+03 -2.67922455e+03  2.69e+00 2.91e-01  5.05e-01     0s
   2  -1.78069991e+03 -1.94524196e+03  1.04e-01 2.40e-02  6.79e-02     0s
   3  -1.80495241e+03 -1.84081487e+03  1.37e-02 4.34e-03  1.42e-02     0s
   4  -1.81235889e+03 -1.82059961e+03  1.57e-03 7.46e-04  3.18e-03     0s
   5  -1.81380923e+03 -1.81582983e+03  3.82e-04 8.88e-16  7.82e-04     0s
   6  -1.81438402e+03 -1.81445261e+03  0.00e+00 1.78e-15  2.56e-05     0s
   7  -1.81439820e+03 -1.81439821e+03  0.00e+00 1.78e-15  5.04e-09     0s

Barrier solved model in 7 iterations and 0.01 seconds
Optimal objective -1.81439820e+03


Root relaxation: objective -1.814398e+03, 441 iterations, 0.01 seconds

    Nodes    |    Current Node    |     Objective Bounds      |     Work
 Expl Unexpl |  Obj  Depth IntInf | Incumbent    BestBd   Gap | It/Node Time

     0     0 -1814.3982    0    8 -1629.7730 -1814.3982  11.3%     -    0s
H    0     0                    -1809.776000 -1814.3982  0.26%     -    0s

Explored 0 nodes (545 simplex iterations) in 0.02 seconds
Thread count was 20 (of 20 available processors)

Solution count 3: -1809.78 -1629.77 -89.295 
Pool objective bound -1814.4

Optimal solution found (tolerance 5.00e-02)
Best objective -1.809776000000e+03, best bound -1.814398200000e+03, gap 0.2554%
Changed value of parameter MIPGap to 0.05
   Prev: 0.0001  Min: 0.0  Max: 1e+100  Default: 0.0001
Changed value of parameter TimeLimit to 1800.0
   Prev: 1e+100  Min: 0.0  Max: 1e+100  Default: 1e+100
Changed value of parameter Method to 2
   Prev: -1  Min: -1  Max: 4  Default: -1
Changed value of parameter MIPFocus to 1
   Prev: 0  Min: 0  Max: 3  Default: 0
Optimize a model with 4380 rows, 6420 columns and 12840 nonzeros
Variable types: 0 continuous, 6420 integer (6420 binary)
Coefficient statistics:
  Matrix range     [1e+00, 5e+00]
  Objective range  [1e+00, 1e+00]
  Bounds range     [1e+00, 1e+00]
  RHS range        [8e+01, 8e+01]
Found heuristic solution: objective 0
Presolve removed 4308 rows and 5116 columns
Presolve time: 0.01s
Presolved: 72 rows, 1304 columns, 2494 nonzeros
Found heuristic solution: objective -1636.546000
Variable types: 0 continuous, 1304 integer (1080 binary)
Presolved: 72 rows, 1304 columns, 2494 nonzeros

Root barrier log...

Ordering time: 0.00s

Barrier statistics:
 AA' NZ     : 1.162e+03
 Factor NZ  : 2.581e+03 (roughly 1 MByte of memory)
 Factor Ops : 1.225e+05 (less than 1 second per iteration)
 Threads    : 1

                  Objective                Residual
Iter       Primal          Dual         Primal    Dual     Compl     Time
   0  -3.85011040e+03 -3.46264265e+03  2.29e+01 8.88e-16  2.08e+00     0s
   1  -1.94860848e+03 -2.68763481e+03  2.68e+00 2.91e-01  5.05e-01     0s
   2  -1.78675339e+03 -1.95118074e+03  1.04e-01 2.39e-02  6.79e-02     0s
   3  -1.81056119e+03 -1.85001970e+03  1.42e-02 1.95e-03  1.56e-02     0s
   4  -1.81872034e+03 -1.82708167e+03  5.60e-04 8.88e-16  3.17e-03     0s
   5  -1.81979118e+03 -1.82178341e+03  9.73e-05 1.78e-15  7.54e-04     0s
   6  -1.82018475e+03 -1.82021895e+03  0.00e+00 1.78e-15  1.28e-05     0s
   7  -1.82019640e+03 -1.82019640e+03  0.00e+00 1.78e-15  2.07e-10     0s

Barrier solved model in 7 iterations and 0.01 seconds
Optimal objective -1.82019640e+03


Root relaxation: objective -1.820196e+03, 438 iterations, 0.01 seconds

    Nodes    |    Current Node    |     Objective Bounds      |     Work
 Expl Unexpl |  Obj  Depth IntInf | Incumbent    BestBd   Gap | It/Node Time

     0     0 -1820.1964    0    8 -1636.5460 -1820.1964  11.2%     -    0s
H    0     0                    -1815.552000 -1820.1964  0.26%     -    0s

Explored 0 nodes (576 simplex iterations) in 0.02 seconds
Thread count was 20 (of 20 available processors)

Solution count 3: -1815.55 -1636.55 -89.59 
Pool objective bound -1820.2

Optimal solution found (tolerance 5.00e-02)
Best objective -1.815552000000e+03, best bound -1.820196400000e+03, gap 0.2558%
Changed value of parameter MIPGap to 0.05
   Prev: 0.0001  Min: 0.0  Max: 1e+100  Default: 0.0001
Changed value of parameter TimeLimit to 1800.0
   Prev: 1e+100  Min: 0.0  Max: 1e+100  Default: 1e+100
Changed value of parameter Method to 2
   Prev: -1  Min: -1  Max: 4  Default: -1
Changed value of parameter MIPFocus to 1
   Prev: 0  Min: 0  Max: 3  Default: 0
Optimize a model with 4380 rows, 6420 columns and 12840 nonzeros
Variable types: 0 continuous, 6420 integer (6420 binary)
Coefficient statistics:
  Matrix range     [1e+00, 5e+00]
  Objective range  [1e+00, 1e+00]
  Bounds range     [1e+00, 1e+00]
  RHS range        [8e+01, 8e+01]
Found heuristic solution: objective 0
Presolve removed 4308 rows and 5116 columns
Presolve time: 0.01s
Presolved: 72 rows, 1304 columns, 2494 nonzeros
Found heuristic solution: objective -1639.932500
Variable types: 0 continuous, 1304 integer (1080 binary)
Presolved: 72 rows, 1304 columns, 2494 nonzeros

Root barrier log...

Ordering time: 0.00s

Barrier statistics:
 AA' NZ     : 1.162e+03
 Factor NZ  : 2.581e+03 (roughly 1 MByte of memory)
 Factor Ops : 1.225e+05 (less than 1 second per iteration)
 Threads    : 1

                  Objective                Residual
Iter       Primal          Dual         Primal    Dual     Compl     Time
   0  -3.85732339e+03 -3.46787423e+03  2.29e+01 8.88e-16  2.08e+00     0s
   1  -1.95188382e+03 -2.69184132e+03  2.68e+00 2.91e-01  5.06e-01     0s
   2  -1.78978437e+03 -1.95413855e+03  1.04e-01 2.38e-02  6.78e-02     0s
   3  -1.81348603e+03 -1.85274951e+03  1.41e-02 1.71e-03  1.55e-02     0s
   4  -1.82156108e+03 -1.83023802e+03  6.25e-04 1.78e-15  3.29e-03     0s
   5  -1.82275287e+03 -1.82478493e+03  4.27e-05 1.78e-15  7.67e-04     0s
   6  -1.82308625e+03 -1.82311751e+03  0.00e+00 1.78e-15  1.17e-05     0s
   7  -1.82309550e+03 -1.82309550e+03  0.00e+00 1.78e-15  6.98e-11     0s

Barrier solved model in 7 iterations and 0.01 seconds
Optimal objective -1.82309550e+03


Root relaxation: objective -1.823095e+03, 438 iterations, 0.01 seconds

    Nodes    |    Current Node    |     Objective Bounds      |     Work
 Expl Unexpl |  Obj  Depth IntInf | Incumbent    BestBd   Gap | It/Node Time

     0     0 -1823.0955    0    8 -1639.9325 -1823.0955  11.2%     -    0s
H    0     0                    -1818.440000 -1823.0955  0.26%     -    0s

Explored 0 nodes (555 simplex iterations) in 0.02 seconds
Thread count was 20 (of 20 available processors)

Solution count 3: -1818.44 -1639.93 -89.7375 
Pool objective bound -1823.1

Optimal solution found (tolerance 5.00e-02)
Best objective -1.818440000000e+03, best bound -1.823095500000e+03, gap 0.2560%
Changed value of parameter MIPGap to 0.05
   Prev: 0.0001  Min: 0.0  Max: 1e+100  Default: 0.0001
Changed value of parameter TimeLimit to 1800.0
   Prev: 1e+100  Min: 0.0  Max: 1e+100  Default: 1e+100
Changed value of parameter Method to 2
   Prev: -1  Min: -1  Max: 4  Default: -1
Changed value of parameter MIPFocus to 1
   Prev: 0  Min: 0  Max: 3  Default: 0
Optimize a model with 4380 rows, 6420 columns and 12840 nonzeros
Variable types: 0 continuous, 6420 integer (6420 binary)
Coefficient statistics:
  Matrix range     [1e+00, 5e+00]
  Objective range  [1e+00, 1e+00]
  Bounds range     [1e+00, 1e+00]
  RHS range        [8e+01, 8e+01]
Found heuristic solution: objective 0
Presolve removed 4308 rows and 5116 columns
Presolve time: 0.01s
Presolved: 72 rows, 1304 columns, 2494 nonzeros
Found heuristic solution: objective -1656.865000
Variable types: 0 continuous, 1304 integer (1080 binary)
Presolved: 72 rows, 1304 columns, 2494 nonzeros

Root barrier log...

Ordering time: 0.00s

Barrier statistics:
 AA' NZ     : 1.162e+03
 Factor NZ  : 2.581e+03 (roughly 1 MByte of memory)
 Factor Ops : 1.225e+05 (less than 1 second per iteration)
 Threads    : 1

                  Objective                Residual
Iter       Primal          Dual         Primal    Dual     Compl     Time
   0  -3.89338812e+03 -3.49403211e+03  2.29e+01 8.88e-16  2.09e+00     0s
   1  -1.96827665e+03 -2.71288749e+03  2.66e+00 2.92e-01  5.08e-01     0s
   2  -1.80498062e+03 -1.96860866e+03  1.02e-01 2.34e-02  6.75e-02     0s
   3  -1.82860746e+03 -1.86301652e+03  1.29e-02 9.18e-04  1.36e-02     0s
   4  -1.83599122e+03 -1.84457058e+03  7.50e-04 1.01e-03  3.26e-03     0s
   5  -1.83722395e+03 -1.83974262e+03  8.56e-05 1.78e-15  9.50e-04     0s
   6  -1.83757373e+03 -1.83762524e+03  0.00e+00 1.78e-15  1.95e-05     0s
   7  -1.83759100e+03 -1.83759101e+03  0.00e+00 1.78e-15  2.71e-09     0s

Barrier solved model in 7 iterations and 0.01 seconds
Optimal objective -1.83759100e+03


Root relaxation: objective -1.837591e+03, 438 iterations, 0.01 seconds

    Nodes    |    Current Node    |     Objective Bounds      |     Work
 Expl Unexpl |  Obj  Depth IntInf | Incumbent    BestBd   Gap | It/Node Time

     0     0 -1837.5910    0    8 -1656.8650 -1837.5910  10.9%     -    0s
H    0     0                    -1832.880000 -1837.5910  0.26%     -    0s

Explored 0 nodes (604 simplex iterations) in 0.02 seconds
Thread count was 20 (of 20 available processors)

Solution count 3: -1832.88 -1656.86 -90.475 
Pool objective bound -1837.57

Optimal solution found (tolerance 5.00e-02)
Best objective -1.832880000000e+03, best bound -1.837570000000e+03, gap 0.2559%
Changed value of parameter MIPGap to 0.05
   Prev: 0.0001  Min: 0.0  Max: 1e+100  Default: 0.0001
Changed value of parameter TimeLimit to 1800.0
   Prev: 1e+100  Min: 0.0  Max: 1e+100  Default: 1e+100
Changed value of parameter Method to 2
   Prev: -1  Min: -1  Max: 4  Default: -1
Changed value of parameter MIPFocus to 1
   Prev: 0  Min: 0  Max: 3  Default: 0
Optimize a model with 4380 rows, 6420 columns and 12840 nonzeros
Variable types: 0 continuous, 6420 integer (6420 binary)
Coefficient statistics:
  Matrix range     [1e+00, 5e+00]
  Objective range  [1e+00, 1e+00]
  Bounds range     [1e+00, 1e+00]
  RHS range        [8e+01, 8e+01]
Found heuristic solution: objective 0
Presolve removed 4308 rows and 5116 columns
Presolve time: 0.01s
Presolved: 72 rows, 1304 columns, 2494 nonzeros
Found heuristic solution: objective -1690.730000
Variable types: 0 continuous, 1304 integer (1080 binary)
Presolved: 72 rows, 1304 columns, 2494 nonzeros

Root barrier log...

Ordering time: 0.00s

Barrier statistics:
 AA' NZ     : 1.162e+03
 Factor NZ  : 2.581e+03 (roughly 1 MByte of memory)
 Factor Ops : 1.225e+05 (less than 1 second per iteration)
 Threads    : 1

                  Objective                Residual
Iter       Primal          Dual         Primal    Dual     Compl     Time
   0  -3.96551664e+03 -3.54634788e+03  2.29e+01 8.88e-16  2.12e+00     0s
   1  -2.00114240e+03 -2.75504706e+03  2.63e+00 2.92e-01  5.11e-01     0s
   2  -1.83822269e+03 -1.99756599e+03  9.45e-02 2.24e-02  6.56e-02     0s
   3  -1.85642281e+03 -1.89271251e+03  2.21e-02 4.56e-05  1.49e-02     0s
   4  -1.86382480e+03 -1.87330694e+03  4.08e-03 1.06e-03  3.79e-03     0s
   5  -1.86557173e+03 -1.86839987e+03  1.35e-03 1.78e-15  1.14e-03     0s
   6  -1.86647979e+03 -1.86690323e+03  4.53e-05 5.00e-06  1.63e-04     0s
   7  -1.86658067e+03 -1.86658677e+03  0.00e+00 1.78e-15  2.28e-06     0s
   8  -1.86658200e+03 -1.86658200e+03  0.00e+00 1.78e-15  3.06e-12     0s

Barrier solved model in 8 iterations and 0.01 seconds
Optimal objective -1.86658200e+03


Root relaxation: objective -1.866582e+03, 438 iterations, 0.01 seconds

    Nodes    |    Current Node    |     Objective Bounds      |     Work
 Expl Unexpl |  Obj  Depth IntInf | Incumbent    BestBd   Gap | It/Node Time

     0     0 -1866.5820    0    8 -1690.7300 -1866.5820  10.4%     -    0s
H    0     0                    -1861.760000 -1866.5820  0.26%     -    0s

Explored 0 nodes (715 simplex iterations) in 0.02 seconds
Thread count was 20 (of 20 available processors)

Solution count 3: -1861.76 -1690.73 -91.95 
Pool objective bound -1866.58

Optimal solution found (tolerance 5.00e-02)
Best objective -1.861760000000e+03, best bound -1.866580000000e+03, gap 0.2589%
Changed value of parameter MIPGap to 0.05
   Prev: 0.0001  Min: 0.0  Max: 1e+100  Default: 0.0001
Changed value of parameter TimeLimit to 1800.0
   Prev: 1e+100  Min: 0.0  Max: 1e+100  Default: 1e+100
Changed value of parameter Method to 2
   Prev: -1  Min: -1  Max: 4  Default: -1
Changed value of parameter MIPFocus to 1
   Prev: 0  Min: 0  Max: 3  Default: 0
Optimize a model with 4380 rows, 6420 columns and 12840 nonzeros
Variable types: 0 continuous, 6420 integer (6420 binary)
Coefficient statistics:
  Matrix range     [1e+00, 5e+00]
  Objective range  [1e+00, 1e+00]
  Bounds range     [1e+00, 1e+00]
  RHS range        [8e+01, 8e+01]
Found heuristic solution: objective 0
Presolve removed 4308 rows and 5116 columns
Presolve time: 0.01s
Presolved: 72 rows, 1304 columns, 2494 nonzeros
Found heuristic solution: objective -1758.460000
Variable types: 0 continuous, 1304 integer (1080 binary)
Presolved: 72 rows, 1304 columns, 2494 nonzeros

Root barrier log...

Ordering time: 0.00s

Barrier statistics:
 AA' NZ     : 1.162e+03
 Factor NZ  : 2.581e+03 (roughly 1 MByte of memory)
 Factor Ops : 1.225e+05 (less than 1 second per iteration)
 Threads    : 1

                  Objective                Residual
Iter       Primal          Dual         Primal    Dual     Compl     Time
   0  -4.10977004e+03 -3.65097940e+03  2.29e+01 4.44e-16  2.16e+00     0s
   1  -2.06718332e+03 -2.83962551e+03  2.57e+00 2.94e-01  5.19e-01     0s
   2  -1.89327988e+03 -2.05766439e+03  4.46e-02 2.14e-02  6.48e-02     0s
   3  -1.91762055e+03 -1.95149834e+03  7.22e-03 1.78e-15  1.32e-02     0s
   4  -1.92174261e+03 -1.94342216e+03  3.21e-03 8.88e-16  8.34e-03     0s
   5  -1.92499213e+03 -1.92953915e+03  1.62e-04 1.78e-15  1.71e-03     0s
   6  -1.92525625e+03 -1.92574873e+03  5.81e-05 1.78e-15  1.91e-04     0s
   7  -1.92549265e+03 -1.92549870e+03  1.26e-07 1.78e-15  2.29e-06     0s
   8  -1.92549400e+03 -1.92549400e+03  0.00e+00 1.78e-15  3.02e-10     0s

Barrier solved model in 8 iterations and 0.02 seconds
Optimal objective -1.92549400e+03


Root relaxation: objective -1.925494e+03, 676 iterations, 0.01 seconds

    Nodes    |    Current Node    |     Objective Bounds      |     Work
 Expl Unexpl |  Obj  Depth IntInf | Incumbent    BestBd   Gap | It/Node Time

     0     0 -1925.4940    0   26 -1758.4600 -1925.4940  9.50%     -    0s
H    0     0                    -1916.960000 -1925.4940  0.45%     -    0s

Explored 0 nodes (979 simplex iterations) in 0.04 seconds
Thread count was 20 (of 20 available processors)

Solution count 3: -1916.96 -1758.46 -94.9 
Pool objective bound -1925.48

Optimal solution found (tolerance 5.00e-02)
Best objective -1.916960000000e+03, best bound -1.925480000000e+03, gap 0.4445%
Changed value of parameter MIPGap to 0.05
   Prev: 0.0001  Min: 0.0  Max: 1e+100  Default: 0.0001
Changed value of parameter TimeLimit to 1800.0
   Prev: 1e+100  Min: 0.0  Max: 1e+100  Default: 1e+100
Changed value of parameter Method to 2
   Prev: -1  Min: -1  Max: 4  Default: -1
Changed value of parameter MIPFocus to 1
   Prev: 0  Min: 0  Max: 3  Default: 0
Optimize a model with 4380 rows, 6420 columns and 12840 nonzeros
Variable types: 0 continuous, 6420 integer (6420 binary)
Coefficient statistics:
  Matrix range     [1e+00, 5e+00]
  Objective range  [1e+00, 1e+00]
  Bounds range     [1e+00, 1e+00]
  RHS range        [8e+01, 8e+01]
Found heuristic solution: objective 0
Presolve removed 4308 rows and 5116 columns
Presolve time: 0.01s
Presolved: 72 rows, 1304 columns, 2494 nonzeros
Found heuristic solution: objective -1792.325000
Variable types: 0 continuous, 1304 integer (1080 binary)
Presolved: 72 rows, 1304 columns, 2494 nonzeros

Root barrier log...

Ordering time: 0.00s

Barrier statistics:
 AA' NZ     : 1.162e+03
 Factor NZ  : 2.581e+03 (roughly 1 MByte of memory)
 Factor Ops : 1.225e+05 (less than 1 second per iteration)
 Threads    : 1

                  Objective                Residual
Iter       Primal          Dual         Primal    Dual     Compl     Time
   0  -4.18189499e+03 -3.70329517e+03  2.29e+01 8.88e-16  2.19e+00     0s
   1  -2.10035495e+03 -2.88203938e+03  2.54e+00 2.94e-01  5.22e-01     0s
   2  -1.92484495e+03 -2.08923595e+03  4.30e-02 2.12e-02  6.47e-02     0s
   3  -1.94928336e+03 -1.97396499e+03  8.46e-03 1.78e-15  9.83e-03     0s
   4  -1.95281552e+03 -1.96982557e+03  4.88e-03 8.88e-16  6.71e-03     0s
   5  -1.95725435e+03 -1.96199512e+03  6.91e-04 1.78e-15  1.83e-03     0s
   6  -1.95853927e+03 -1.95874447e+03  1.04e-05 1.78e-15  7.80e-05     0s
   7  -1.95859249e+03 -1.95859285e+03  2.80e-11 1.78e-15  1.37e-07     0s
   8  -1.95859250e+03 -1.95859250e+03  5.42e-15 1.78e-15  2.98e-12     0s

Barrier solved model in 8 iterations and 0.01 seconds
Optimal objective -1.95859250e+03


Root relaxation: objective -1.958593e+03, 677 iterations, 0.01 seconds

    Nodes    |    Current Node    |     Objective Bounds      |     Work
 Expl Unexpl |  Obj  Depth IntInf | Incumbent    BestBd   Gap | It/Node Time

     0     0 -1958.5925    0   22 -1792.3250 -1958.5925  9.28%     -    0s
H    0     0                    -1948.625000 -1958.5925  0.51%     -    0s

Explored 0 nodes (908 simplex iterations) in 0.03 seconds
Thread count was 20 (of 20 available processors)

Solution count 3: -1948.62 -1792.32 -96.375 
Pool objective bound -1958.58

Optimal solution found (tolerance 5.00e-02)
Best objective -1.948625000000e+03, best bound -1.958575000000e+03, gap 0.5106%
Changed value of parameter MIPGap to 0.05
   Prev: 0.0001  Min: 0.0  Max: 1e+100  Default: 0.0001
Changed value of parameter TimeLimit to 1800.0
   Prev: 1e+100  Min: 0.0  Max: 1e+100  Default: 1e+100
Changed value of parameter Method to 2
   Prev: -1  Min: -1  Max: 4  Default: -1
Changed value of parameter MIPFocus to 1
   Prev: 0  Min: 0  Max: 3  Default: 0
Optimize a model with 4380 rows, 6420 columns and 12840 nonzeros
Variable types: 0 continuous, 6420 integer (6420 binary)
Coefficient statistics:
  Matrix range     [1e+00, 5e+00]
  Objective range  [1e+00, 2e+00]
  Bounds range     [1e+00, 1e+00]
  RHS range        [8e+01, 8e+01]
Found heuristic solution: objective 0
Presolve removed 4308 rows and 5116 columns
Presolve time: 0.01s
Presolved: 72 rows, 1304 columns, 2494 nonzeros
Found heuristic solution: objective -1961.650000
Variable types: 0 continuous, 1304 integer (1080 binary)
Presolved: 72 rows, 1304 columns, 2494 nonzeros

Root barrier log...

Ordering time: 0.00s

Barrier statistics:
 AA' NZ     : 1.162e+03
 Factor NZ  : 2.581e+03 (roughly 1 MByte of memory)
 Factor Ops : 1.225e+05 (less than 1 second per iteration)
 Threads    : 1

                  Objective                Residual
Iter       Primal          Dual         Primal    Dual     Compl     Time
   0  -4.54250372e+03 -3.96487399e+03  2.29e+01 4.44e-16  2.30e+00     0s
   1  -2.26817131e+03 -3.14739146e+03  2.40e+00 2.96e-01  5.64e-01     0s
   2  -2.08021936e+03 -2.24914521e+03  2.55e-02 1.75e-02  6.52e-02     0s
   3  -2.10972030e+03 -2.16420138e+03  7.05e-03 1.78e-15  2.09e-02     0s
   4  -2.11677567e+03 -2.14087056e+03  2.94e-03 1.78e-15  9.23e-03     0s
   5  -2.12107089e+03 -2.13023355e+03  1.03e-03 1.78e-15  3.51e-03     0s
   6  -2.12355782e+03 -2.12654821e+03  0.00e+00 1.78e-15  1.12e-03     0s
   7  -2.12403402e+03 -2.12433887e+03  0.00e+00 1.78e-15  1.14e-04     0s
   8  -2.12408483e+03 -2.12408583e+03  0.00e+00 1.78e-15  3.73e-07     0s
   9  -2.12408500e+03 -2.12408500e+03  0.00e+00 1.78e-15  3.73e-10     0s

Barrier solved model in 9 iterations and 0.02 seconds
Optimal objective -2.12408500e+03


Root relaxation: objective -2.124085e+03, 676 iterations, 0.01 seconds

    Nodes    |    Current Node    |     Objective Bounds      |     Work
 Expl Unexpl |  Obj  Depth IntInf | Incumbent    BestBd   Gap | It/Node Time

     0     0 -2124.0850    0   30 -1961.6500 -2124.0850  8.28%     -    0s
H    0     0                    -2110.400000 -2124.0850  0.65%     -    0s

Explored 0 nodes (900 simplex iterations) in 0.03 seconds
Thread count was 20 (of 20 available processors)

Solution count 3: -2110.4 -1961.65 -103.75 
Pool objective bound -2124.05

Optimal solution found (tolerance 5.00e-02)
Best objective -2.110400000000e+03, best bound -2.124050000000e+03, gap 0.6468%
Changed value of parameter MIPGap to 0.05
   Prev: 0.0001  Min: 0.0  Max: 1e+100  Default: 0.0001
Changed value of parameter TimeLimit to 1800.0
   Prev: 1e+100  Min: 0.0  Max: 1e+100  Default: 1e+100
Changed value of parameter Method to 2
   Prev: -1  Min: -1  Max: 4  Default: -1
Changed value of parameter MIPFocus to 1
   Prev: 0  Min: 0  Max: 3  Default: 0
Optimize a model with 4380 rows, 6420 columns and 12840 nonzeros
Variable types: 0 continuous, 6420 integer (6420 binary)
Coefficient statistics:
  Matrix range     [1e+00, 5e+00]
  Objective range  [1e+00, 3e+00]
  Bounds range     [1e+00, 1e+00]
  RHS range        [8e+01, 8e+01]
Found heuristic solution: objective 0
Presolve removed 4308 rows and 5116 columns
Presolve time: 0.01s
Presolved: 72 rows, 1304 columns, 2494 nonzeros
Found heuristic solution: objective -2318.500000
Variable types: 0 continuous, 1304 integer (1080 binary)
Presolved: 72 rows, 1304 columns, 2494 nonzeros

Root barrier log...

Ordering time: 0.00s

Barrier statistics:
 AA' NZ     : 1.162e+03
 Factor NZ  : 2.581e+03 (roughly 1 MByte of memory)
 Factor Ops : 1.225e+05 (less than 1 second per iteration)
 Threads    : 1

                  Objective                Residual
Iter       Primal          Dual         Primal    Dual     Compl     Time
   0  -5.26365266e+03 -4.48803163e+03  2.29e+01 8.88e-16  2.53e+00     0s
   1  -2.60927446e+03 -3.57985692e+03  2.14e+00 3.02e-01  5.98e-01     0s
   2  -2.42118743e+03 -2.56334911e+03  3.25e-02 1.58e-02  5.59e-02     0s
   3  -2.44285451e+03 -2.48140313e+03  1.05e-02 1.78e-15  1.52e-02     0s
   4  -2.45185444e+03 -2.46780858e+03  2.07e-03 1.78e-15  6.13e-03     0s
   5  -2.45489699e+03 -2.45997848e+03  5.69e-04 1.78e-15  1.95e-03     0s
   6  -2.45561720e+03 -2.45667562e+03  2.74e-04 1.78e-15  4.21e-04     0s
   7  -2.45634280e+03 -2.45634586e+03  8.78e-07 1.78e-15  1.23e-06     0s
   8  -2.45634500e+03 -2.45634500e+03  1.02e-12 1.78e-15  1.52e-12     0s

Barrier solved model in 8 iterations and 0.01 seconds
Optimal objective -2.45634500e+03


Root relaxation: objective -2.456345e+03, 731 iterations, 0.01 seconds

    Nodes    |    Current Node    |     Objective Bounds      |     Work
 Expl Unexpl |  Obj  Depth IntInf | Incumbent    BestBd   Gap | It/Node Time

     0     0 -2456.3450    0   30 -2318.5000 -2456.3450  5.95%     -    0s
H    0     0                    -2441.300000 -2456.3450  0.62%     -    0s

Explored 0 nodes (882 simplex iterations) in 0.03 seconds
Thread count was 20 (of 20 available processors)

Solution count 3: -2441.3 -2318.5 -118.5 
Pool objective bound -2456.3

Optimal solution found (tolerance 5.00e-02)
Best objective -2.441300000000e+03, best bound -2.456300000000e+03, gap 0.6144%
Changed value of parameter MIPGap to 0.05
   Prev: 0.0001  Min: 0.0  Max: 1e+100  Default: 0.0001
Changed value of parameter TimeLimit to 1800.0
   Prev: 1e+100  Min: 0.0  Max: 1e+100  Default: 1e+100
Changed value of parameter Method to 2
   Prev: -1  Min: -1  Max: 4  Default: -1
Changed value of parameter MIPFocus to 1
   Prev: 0  Min: 0  Max: 3  Default: 0
Optimize a model with 4380 rows, 6420 columns and 12840 nonzeros
Variable types: 0 continuous, 6420 integer (6420 binary)
Coefficient statistics:
  Matrix range     [1e+00, 5e+00]
  Objective range  [2e+00, 4e+00]
  Bounds range     [1e+00, 1e+00]
  RHS range        [8e+01, 8e+01]
Found heuristic solution: objective 0
Presolve removed 4308 rows and 5116 columns
Presolve time: 0.01s
Presolved: 72 rows, 1304 columns, 2494 nonzeros
Found heuristic solution: objective -3014.000000
Variable types: 0 continuous, 1304 integer (1080 binary)
Presolved: 72 rows, 1304 columns, 2494 nonzeros

Root barrier log...

Ordering time: 0.00s

Barrier statistics:
 AA' NZ     : 1.162e+03
 Factor NZ  : 2.581e+03 (roughly 1 MByte of memory)
 Factor Ops : 1.225e+05 (less than 1 second per iteration)
 Threads    : 1

                  Objective                Residual
Iter       Primal          Dual         Primal    Dual     Compl     Time
   0  -6.70631212e+03 -5.58284068e+03  2.29e+01 4.44e-16  3.03e+00     0s
   1  -3.30519139e+03 -4.50151772e+03  1.72e+00 3.30e-01  6.82e-01     0s
   2  -3.14544373e+03 -3.28008790e+03  8.16e-02 1.23e-02  5.76e-02     0s
   3  -3.15921090e+03 -3.19947570e+03  2.76e-02 1.78e-15  1.74e-02     0s
   4  -3.16161815e+03 -3.18464319e+03  1.14e-02 1.78e-15  9.56e-03     0s
   5  -3.16510269e+03 -3.17388196e+03  4.72e-03 1.78e-15  3.68e-03     0s
   6  -3.16691087e+03 -3.16820817e+03  1.36e-03 1.78e-15  6.01e-04     0s
   7  -3.16755471e+03 -3.16762377e+03  9.01e-05 1.78e-15  3.37e-05     0s
   8  -3.16759999e+03 -3.16760000e+03  1.53e-08 1.78e-15  5.91e-09     0s

Barrier solved model in 8 iterations and 0.01 seconds
Optimal objective -3.16759999e+03


Root relaxation: objective -3.167600e+03, 1001 iterations, 0.01 seconds

    Nodes    |    Current Node    |     Objective Bounds      |     Work
 Expl Unexpl |  Obj  Depth IntInf | Incumbent    BestBd   Gap | It/Node Time

     0     0 -3167.6000    0   28 -3014.0000 -3167.6000  5.10%     -    0s
H    0     0                    -3150.000000 -3167.6000  0.56%     -    0s

Explored 0 nodes (1266 simplex iterations) in 0.03 seconds
Thread count was 20 (of 20 available processors)

Solution count 3: -3150 -3014 -148 
Pool objective bound -3167.6

Optimal solution found (tolerance 5.00e-02)
Best objective -3.150000000000e+03, best bound -3.167600000000e+03, gap 0.5587%
Changed value of parameter MIPGap to 0.05
   Prev: 0.0001  Min: 0.0  Max: 1e+100  Default: 0.0001
Changed value of parameter TimeLimit to 1800.0
   Prev: 1e+100  Min: 0.0  Max: 1e+100  Default: 1e+100
Changed value of parameter Method to 2
   Prev: -1  Min: -1  Max: 4  Default: -1
Changed value of parameter MIPFocus to 1
   Prev: 0  Min: 0  Max: 3  Default: 0
Optimize a model with 4380 rows, 6420 columns and 12840 nonzeros
Variable types: 0 continuous, 6420 integer (6420 binary)
Coefficient statistics:
  Matrix range     [1e+00, 5e+00]
  Objective range  [2e+00, 5e+00]
  Bounds range     [1e+00, 1e+00]
  RHS range        [8e+01, 8e+01]
Found heuristic solution: objective 0
Presolve removed 4308 rows and 5116 columns
Presolve time: 0.01s
Presolved: 72 rows, 1304 columns, 2494 nonzeros
Found heuristic solution: objective -3361.750000
Variable types: 0 continuous, 1304 integer (1080 binary)
Presolved: 72 rows, 1304 columns, 2494 nonzeros

Root barrier log...

Ordering time: 0.00s

Barrier statistics:
 AA' NZ     : 1.162e+03
 Factor NZ  : 2.581e+03 (roughly 1 MByte of memory)
 Factor Ops : 1.225e+05 (less than 1 second per iteration)
 Threads    : 1

                  Objective                Residual
Iter       Primal          Dual         Primal    Dual     Compl     Time
   0  -7.42790204e+03 -6.15565202e+03  2.29e+01 8.88e-16  3.32e+00     0s
   1  -3.65852938e+03 -4.98249126e+03  1.56e+00 3.51e-01  7.30e-01     0s
   2  -3.52354186e+03 -3.68226619e+03  8.74e-02 1.74e-02  6.80e-02     0s
   3  -3.54176669e+03 -3.59879010e+03  3.13e-02 1.78e-15  2.43e-02     0s
   4  -3.54391034e+03 -3.56687828e+03  1.15e-02 1.78e-15  9.67e-03     0s
   5  -3.55145100e+03 -3.56057127e+03  1.62e-03 1.78e-15  3.56e-03     0s
   6  -3.55227080e+03 -3.55337227e+03  3.94e-04 1.78e-15  4.51e-04     0s
   7  -3.55244050e+03 -3.55252389e+03  7.36e-05 1.78e-15  3.87e-05     0s
   8  -3.55249981e+03 -3.55250016e+03  3.74e-07 1.42e-14  1.68e-07     0s
   9  -3.55250000e+03 -3.55250000e+03  0.00e+00 3.55e-15  1.68e-10     0s

Barrier solved model in 9 iterations and 0.01 seconds
Optimal objective -3.55250000e+03


Root relaxation: objective -3.552500e+03, 1000 iterations, 0.01 seconds

    Nodes    |    Current Node    |     Objective Bounds      |     Work
 Expl Unexpl |  Obj  Depth IntInf | Incumbent    BestBd   Gap | It/Node Time

     0     0 -3552.5000    0   32 -3361.7500 -3552.5000  5.67%     -    0s
H    0     0                    -3531.500000 -3552.5000  0.59%     -    0s

Explored 0 nodes (1128 simplex iterations) in 0.03 seconds
Thread count was 20 (of 20 available processors)

Solution count 3: -3531.5 -3361.75 -162.75 
Pool objective bound -3552.5

Optimal solution found (tolerance 5.00e-02)
Best objective -3.531500000000e+03, best bound -3.552500000000e+03, gap 0.5946%
Changed value of parameter MIPGap to 0.05
   Prev: 0.0001  Min: 0.0  Max: 1e+100  Default: 0.0001
Changed value of parameter TimeLimit to 1800.0
   Prev: 1e+100  Min: 0.0  Max: 1e+100  Default: 1e+100
Changed value of parameter Method to 2
   Prev: -1  Min: -1  Max: 4  Default: -1
Changed value of parameter MIPFocus to 1
   Prev: 0  Min: 0  Max: 3  Default: 0
Optimize a model with 4380 rows, 6420 columns and 12840 nonzeros
Variable types: 0 continuous, 6420 integer (6420 binary)
Coefficient statistics:
  Matrix range     [1e+00, 5e+00]
  Objective range  [2e+00, 1e+01]
  Bounds range     [1e+00, 1e+00]
  RHS range        [8e+01, 8e+01]
Found heuristic solution: objective 0
Presolve removed 4308 rows and 5116 columns
Presolve time: 0.01s
Presolved: 72 rows, 1304 columns, 2494 nonzeros
Found heuristic solution: objective -5137.500000
Variable types: 0 continuous, 1304 integer (1080 binary)
Presolved: 72 rows, 1304 columns, 2494 nonzeros

Root barrier log...

Ordering time: 0.00s

Barrier statistics:
 AA' NZ     : 1.162e+03
 Factor NZ  : 2.581e+03 (roughly 1 MByte of memory)
 Factor Ops : 1.225e+05 (less than 1 second per iteration)
 Threads    : 1

                  Objective                Residual
Iter       Primal          Dual         Primal    Dual     Compl     Time
   0  -1.10490200e+04 -1.04491472e+04  2.29e+01 8.88e-16  6.31e+00     0s
   1  -5.34408100e+03 -8.29564065e+03  9.91e-01 8.45e-01  1.39e+00     0s
   2  -5.35823108e+03 -5.76727717e+03  3.81e-02 6.63e-02  1.60e-01     0s
   3  -5.45752392e+03 -5.60669209e+03  6.01e-03 1.69e-02  5.68e-02     0s
   4  -5.45835318e+03 -5.51785151e+03  0.00e+00 3.55e-15  2.23e-02     0s
   5  -5.47571433e+03 -5.48139678e+03  0.00e+00 3.55e-15  2.13e-03     0s
   6  -5.47683213e+03 -5.47779826e+03  0.00e+00 3.55e-15  3.62e-04     0s
   7  -5.47699862e+03 -5.47700236e+03  0.00e+00 3.55e-15  1.40e-06     0s
   8  -5.47700000e+03 -5.47700000e+03  0.00e+00 3.55e-15  2.27e-12     0s

Barrier solved model in 8 iterations and 0.02 seconds
Optimal objective -5.47700000e+03


Root relaxation: objective -5.477000e+03, 999 iterations, 0.01 seconds

    Nodes    |    Current Node    |     Objective Bounds      |     Work
 Expl Unexpl |  Obj  Depth IntInf | Incumbent    BestBd   Gap | It/Node Time

     0     0 -5477.0000    0   24 -5137.5000 -5477.0000  6.61%     -    0s
H    0     0                    -5452.000000 -5477.0000  0.46%     -    0s

Explored 0 nodes (1264 simplex iterations) in 0.04 seconds
Thread count was 20 (of 20 available processors)

Solution count 3: -5452 -5137.5 -236.5 
Pool objective bound -5477

Optimal solution found (tolerance 5.00e-02)
Best objective -5.452000000000e+03, best bound -5.477000000000e+03, gap 0.4585%
Changed value of parameter MIPGap to 0.05
   Prev: 0.0001  Min: 0.0  Max: 1e+100  Default: 0.0001
Changed value of parameter TimeLimit to 1800.0
   Prev: 1e+100  Min: 0.0  Max: 1e+100  Default: 1e+100
Changed value of parameter Method to 2
   Prev: -1  Min: -1  Max: 4  Default: -1
Changed value of parameter MIPFocus to 1
   Prev: 0  Min: 0  Max: 3  Default: 0
Optimize a model with 4380 rows, 6420 columns and 12840 nonzeros
Variable types: 0 continuous, 6420 integer (6420 binary)
Coefficient statistics:
  Matrix range     [1e+00, 5e+00]
  Objective range  [4e+00, 2e+01]
  Bounds range     [1e+00, 1e+00]
  RHS range        [8e+01, 8e+01]
Found heuristic solution: objective 0
Presolve removed 4308 rows and 5116 columns
Presolve time: 0.01s
Presolved: 72 rows, 1304 columns, 2494 nonzeros
Found heuristic solution: objective -8702.000000
Variable types: 0 continuous, 1304 integer (1080 binary)
Presolved: 72 rows, 1304 columns, 2494 nonzeros

Root barrier log...

Ordering time: 0.00s

Barrier statistics:
 AA' NZ     : 1.162e+03
 Factor NZ  : 2.581e+03 (roughly 1 MByte of memory)
 Factor Ops : 1.225e+05 (less than 1 second per iteration)
 Threads    : 1

                  Objective                Residual
Iter       Primal          Dual         Primal    Dual     Compl     Time
   0  -1.82870860e+04 -1.93169129e+04  2.29e+01 1.78e-15  1.26e+01     0s
   1  -8.78995887e+03 -1.51152471e+04  6.32e-01 1.92e+00  2.76e+00     0s
   2  -9.06585520e+03 -9.90939217e+03  0.00e+00 1.60e-01  3.16e-01     0s
   3  -9.29817990e+03 -9.51520570e+03  0.00e+00 2.89e-02  8.10e-02     0s
   4  -9.31556406e+03 -9.34332214e+03  0.00e+00 7.11e-15  1.04e-02     0s
   5  -9.32457557e+03 -9.33371750e+03  0.00e+00 7.11e-15  3.41e-03     0s
   6  -9.32537177e+03 -9.32685064e+03  0.00e+00 7.11e-15  5.52e-04     0s
   7  -9.32598600e+03 -9.32600668e+03  0.00e+00 7.11e-15  7.72e-06     0s
   8  -9.32600000e+03 -9.32600000e+03  0.00e+00 7.11e-15  3.61e-11     0s

Barrier solved model in 8 iterations and 0.02 seconds
Optimal objective -9.32600000e+03


Root relaxation: objective -9.326000e+03, 997 iterations, 0.01 seconds

    Nodes    |    Current Node    |     Objective Bounds      |     Work
 Expl Unexpl |  Obj  Depth IntInf | Incumbent    BestBd   Gap | It/Node Time

     0     0 -9326.0000    0   24 -8702.0000 -9326.0000  7.17%     -    0s
H    0     0                    -9290.000000 -9326.0000  0.39%     -    0s

Explored 0 nodes (1329 simplex iterations) in 0.05 seconds
Thread count was 20 (of 20 available processors)

Solution count 3: -9290 -8702 -384 
Pool objective bound -9326

Optimal solution found (tolerance 5.00e-02)
Best objective -9.290000000000e+03, best bound -9.326000000000e+03, gap 0.3875%
Changed value of parameter MIPGap to 0.05
   Prev: 0.0001  Min: 0.0  Max: 1e+100  Default: 0.0001
Changed value of parameter TimeLimit to 1800.0
   Prev: 1e+100  Min: 0.0  Max: 1e+100  Default: 1e+100
Changed value of parameter Method to 2
   Prev: -1  Min: -1  Max: 4  Default: -1
Changed value of parameter MIPFocus to 1
   Prev: 0  Min: 0  Max: 3  Default: 0
Optimize a model with 4380 rows, 6420 columns and 12840 nonzeros
Variable types: 0 continuous, 6420 integer (6420 binary)
Coefficient statistics:
  Matrix range     [1e+00, 5e+00]
  Objective range  [7e+00, 4e+01]
  Bounds range     [1e+00, 1e+00]
  RHS range        [8e+01, 8e+01]
Found heuristic solution: objective 0
Presolve removed 4308 rows and 5116 columns
Presolve time: 0.01s
Presolved: 72 rows, 1304 columns, 2494 nonzeros
Found heuristic solution: objective -15834.00000
Variable types: 0 continuous, 1304 integer (1080 binary)
Presolved: 72 rows, 1304 columns, 2494 nonzeros

Root barrier log...

Ordering time: 0.00s

Barrier statistics:
 AA' NZ     : 1.162e+03
 Factor NZ  : 2.581e+03 (roughly 1 MByte of memory)
 Factor Ops : 1.225e+05 (less than 1 second per iteration)
 Threads    : 1

                  Objective                Residual
Iter       Primal          Dual         Primal    Dual     Compl     Time
   0  -3.27593525e+04 -3.70524444e+04  2.29e+01 3.55e-15  2.52e+01     0s
   1  -1.57499662e+04 -2.87630865e+04  4.29e-01 4.09e+00  5.48e+00     0s
   2  -1.65249904e+04 -1.81679515e+04  0.00e+00 3.38e-01  6.15e-01     0s
   3  -1.69544992e+04 -1.71747045e+04  0.00e+00 1.42e-14  8.22e-02     0s
   4  -1.69699741e+04 -1.70602620e+04  0.00e+00 7.11e-15  3.37e-02     0s
   5  -1.70145747e+04 -1.70307140e+04  0.00e+00 1.42e-14  6.03e-03     0s
   6  -1.70221207e+04 -1.70246817e+04  0.00e+00 1.42e-14  9.57e-04     0s
   7  -1.70239840e+04 -1.70240232e+04  0.00e+00 1.42e-14  1.46e-05     0s
   8  -1.70240000e+04 -1.70240000e+04  0.00e+00 1.42e-14  1.02e-10     0s

Barrier solved model in 8 iterations and 0.02 seconds
Optimal objective -1.70240000e+04


Root relaxation: objective -1.702400e+04, 1000 iterations, 0.01 seconds

    Nodes    |    Current Node    |     Objective Bounds      |     Work
 Expl Unexpl |  Obj  Depth IntInf | Incumbent    BestBd   Gap | It/Node Time

     0     0 -17024.000    0   22 -15834.000 -17024.000  7.52%     -    0s
H    0     0                    -16954.00000 -17024.000  0.41%     -    0s

Explored 0 nodes (1172 simplex iterations) in 0.03 seconds
Thread count was 20 (of 20 available processors)

Solution count 3: -16954 -15834 -679 
Pool objective bound -17024

Optimal solution found (tolerance 5.00e-02)
Best objective -1.695400000000e+04, best bound -1.702400000000e+04, gap 0.4129%
Changed value of parameter MIPGap to 0.05
   Prev: 0.0001  Min: 0.0  Max: 1e+100  Default: 0.0001
Changed value of parameter TimeLimit to 1800.0
   Prev: 1e+100  Min: 0.0  Max: 1e+100  Default: 1e+100
Changed value of parameter Method to 2
   Prev: -1  Min: -1  Max: 4  Default: -1
Changed value of parameter MIPFocus to 1
   Prev: 0  Min: 0  Max: 3  Default: 0
Optimize a model with 4380 rows, 6420 columns and 12840 nonzeros
Variable types: 0 continuous, 6420 integer (6420 binary)
Coefficient statistics:
  Matrix range     [1e+00, 5e+00]
  Objective range  [8e+00, 4e+01]
  Bounds range     [1e+00, 1e+00]
  RHS range        [8e+01, 8e+01]
Found heuristic solution: objective 0
Presolve removed 4308 rows and 5116 columns
Presolve time: 0.01s
Presolved: 72 rows, 1304 columns, 2494 nonzeros
Found heuristic solution: objective -19497.00000
Variable types: 0 continuous, 1304 integer (1080 binary)
Presolved: 72 rows, 1304 columns, 2494 nonzeros

Root barrier log...

Ordering time: 0.00s

Barrier statistics:
 AA' NZ     : 1.162e+03
 Factor NZ  : 2.581e+03 (roughly 1 MByte of memory)
 Factor Ops : 1.225e+05 (less than 1 second per iteration)
 Threads    : 1

                  Objective                Residual
Iter       Primal          Dual         Primal    Dual     Compl     Time
   0  -3.99950956e+04 -4.59202102e+04  2.29e+01 7.11e-15  3.15e+01     0s
   1  -1.92122283e+04 -3.55687764e+04  3.59e-01 5.20e+00  6.81e+00     0s
   2  -2.03181334e+04 -2.23089908e+04  0.00e+00 4.42e-01  7.46e-01     0s
   3  -2.07959187e+04 -2.10443217e+04  0.00e+00 1.32e-03  9.28e-02     0s
   4  -2.08111977e+04 -2.09072636e+04  0.00e+00 1.42e-14  3.59e-02     0s
   5  -2.08621695e+04 -2.08781667e+04  0.00e+00 1.42e-14  5.98e-03     0s
   6  -2.08707962e+04 -2.08734691e+04  0.00e+00 1.42e-14  9.98e-04     0s
   7  -2.08729867e+04 -2.08730039e+04  0.00e+00 1.42e-14  6.42e-06     0s
   8  -2.08730000e+04 -2.08730000e+04  0.00e+00 1.42e-14  6.78e-12     0s

Barrier solved model in 8 iterations and 0.02 seconds
Optimal objective -2.08730000e+04


Root relaxation: objective -2.087300e+04, 999 iterations, 0.01 seconds

    Nodes    |    Current Node    |     Objective Bounds      |     Work
 Expl Unexpl |  Obj  Depth IntInf | Incumbent    BestBd   Gap | It/Node Time

     0     0 -20873.000    0   26 -19497.000 -20873.000  7.06%     -    0s
H    0     0                    -20788.00000 -20873.000  0.41%     -    0s

Explored 0 nodes (1246 simplex iterations) in 0.03 seconds
Thread count was 20 (of 20 available processors)

Solution count 3: -20788 -19497 -826.5 
Pool objective bound -20873

Optimal solution found (tolerance 5.00e-02)
Best objective -2.078800000000e+04, best bound -2.087300000000e+04, gap 0.4089%
Changed value of parameter MIPGap to 0.05
   Prev: 0.0001  Min: 0.0  Max: 1e+100  Default: 0.0001
Changed value of parameter TimeLimit to 1800.0
   Prev: 1e+100  Min: 0.0  Max: 1e+100  Default: 1e+100
Changed value of parameter Method to 2
   Prev: -1  Min: -1  Max: 4  Default: -1
Changed value of parameter MIPFocus to 1
   Prev: 0  Min: 0  Max: 3  Default: 0
Optimize a model with 4380 rows, 6420 columns and 12840 nonzeros
Variable types: 0 continuous, 6420 integer (6420 binary)
Coefficient statistics:
  Matrix range     [1e+00, 5e+00]
  Objective range  [2e+01, 9e+01]
  Bounds range     [1e+00, 1e+00]
  RHS range        [8e+01, 8e+01]
Found heuristic solution: objective 0
Presolve removed 4308 rows and 5116 columns
Presolve time: 0.01s
Presolved: 72 rows, 1304 columns, 2494 nonzeros
Found heuristic solution: objective -37462.00000
Variable types: 0 continuous, 1304 integer (1080 binary)
Presolved: 72 rows, 1304 columns, 2494 nonzeros

Root barrier log...

Ordering time: 0.00s

Barrier statistics:
 AA' NZ     : 1.162e+03
 Factor NZ  : 2.581e+03 (roughly 1 MByte of memory)
 Factor Ops : 1.225e+05 (less than 1 second per iteration)
 Threads    : 1

                  Objective                Residual
Iter       Primal          Dual         Primal    Dual     Compl     Time
   0  -7.61730271e+04 -9.02590390e+04  2.29e+01 1.42e-14  6.30e+01     0s
   1  -3.67424376e+04 -6.65185232e+04  3.28e-01 1.06e+01  1.24e+01     0s
   2  -3.91185529e+04 -4.27888750e+04  0.00e+00 9.25e-01  1.38e+00     0s
   3  -3.98981917e+04 -4.03848827e+04  0.00e+00 2.84e-14  1.82e-01     0s
   4  -3.99636960e+04 -4.01977432e+04  0.00e+00 2.84e-14  8.74e-02     0s
   5  -4.00915893e+04 -4.01415186e+04  0.00e+00 2.84e-14  1.86e-02     0s
   6  -4.01112038e+04 -4.01190405e+04  0.00e+00 2.84e-14  2.93e-03     0s
   7  -4.01179973e+04 -4.01180099e+04  0.00e+00 2.84e-14  4.72e-06     0s
   8  -4.01180000e+04 -4.01180000e+04  0.00e+00 2.84e-14  5.12e-12     0s

Barrier solved model in 8 iterations and 0.02 seconds
Optimal objective -4.01180000e+04


Root relaxation: objective -4.011800e+04, 1000 iterations, 0.01 seconds

    Nodes    |    Current Node    |     Objective Bounds      |     Work
 Expl Unexpl |  Obj  Depth IntInf | Incumbent    BestBd   Gap | It/Node Time

     0     0 -40118.000    0   24 -37462.000 -40118.000  7.09%     -    0s
H    0     0                    -39958.00000 -40118.000  0.40%     -    0s

Explored 0 nodes (1292 simplex iterations) in 0.04 seconds
Thread count was 20 (of 20 available processors)

Solution count 3: -39958 -37462 -1564 
Pool objective bound -40118

Optimal solution found (tolerance 5.00e-02)
Best objective -3.995800000000e+04, best bound -4.011800000000e+04, gap 0.4004%
Changed value of parameter MIPGap to 0.05
   Prev: 0.0001  Min: 0.0  Max: 1e+100  Default: 0.0001
Changed value of parameter TimeLimit to 1800.0
   Prev: 1e+100  Min: 0.0  Max: 1e+100  Default: 1e+100
Changed value of parameter Method to 2
   Prev: -1  Min: -1  Max: 4  Default: -1
Changed value of parameter MIPFocus to 1
   Prev: 0  Min: 0  Max: 3  Default: 0
Optimize a model with 4380 rows, 6420 columns and 12840 nonzeros
Variable types: 0 continuous, 6420 integer (6420 binary)
Coefficient statistics:
  Matrix range     [1e+00, 5e+00]
  Objective range  [3e+01, 2e+02]
  Bounds range     [1e+00, 1e+00]
  RHS range        [8e+01, 8e+01]
Found heuristic solution: objective 0
Presolve removed 4308 rows and 5116 columns
Presolve time: 0.01s
Presolved: 72 rows, 1304 columns, 2494 nonzeros
Found heuristic solution: objective -73392.00000
Variable types: 0 continuous, 1304 integer (1080 binary)
Presolved: 72 rows, 1304 columns, 2494 nonzeros

Root barrier log...

Ordering time: 0.00s

Barrier statistics:
 AA' NZ     : 1.162e+03
 Factor NZ  : 2.581e+03 (roughly 1 MByte of memory)
 Factor Ops : 1.225e+05 (less than 1 second per iteration)
 Threads    : 1

                  Objective                Residual
Iter       Primal          Dual         Primal    Dual     Compl     Time
   0  -1.48528104e+05 -1.78936697e+05  2.30e+01 2.84e-14  1.26e+02     0s
   1  -7.18227272e+04 -1.31542840e+05  3.15e-01 2.15e+01  2.49e+01     0s
   2  -7.68709866e+04 -8.38904605e+04  0.00e+00 1.85e+00  2.63e+00     0s
   3  -7.82244233e+04 -7.90912026e+04  0.00e+00 5.68e-14  3.24e-01     0s
   4  -7.83362087e+04 -7.87508152e+04  0.00e+00 5.68e-14  1.55e-01     0s
   5  -7.85637786e+04 -7.86598313e+04  0.00e+00 5.68e-14  3.59e-02     0s
   6  -7.85975812e+04 -7.86108690e+04  0.00e+00 5.68e-14  4.96e-03     0s
   7  -7.86078092e+04 -7.86080769e+04  0.00e+00 5.68e-14  1.00e-04     0s
   8  -7.86080000e+04 -7.86080000e+04  0.00e+00 5.68e-14  1.99e-10     0s

Barrier solved model in 8 iterations and 0.02 seconds
Optimal objective -7.86080000e+04


Root relaxation: objective -7.860800e+04, 1000 iterations, 0.01 seconds

    Nodes    |    Current Node    |     Objective Bounds      |     Work
 Expl Unexpl |  Obj  Depth IntInf | Incumbent    BestBd   Gap | It/Node Time

     0     0 -78608.000    0   30 -73392.000 -78608.000  7.11%     -    0s
H    0     0                    -78267.00000 -78608.000  0.44%     -    0s

Explored 0 nodes (1227 simplex iterations) in 0.04 seconds
Thread count was 20 (of 20 available processors)

Solution count 3: -78267 -73392 -3039 
Pool objective bound -78608

Optimal solution found (tolerance 5.00e-02)
Best objective -7.826700000000e+04, best bound -7.860800000000e+04, gap 0.4357%
Changed value of parameter MIPGap to 0.05
   Prev: 0.0001  Min: 0.0  Max: 1e+100  Default: 0.0001
Changed value of parameter TimeLimit to 1800.0
   Prev: 1e+100  Min: 0.0  Max: 1e+100  Default: 1e+100
Changed value of parameter Method to 2
   Prev: -1  Min: -1  Max: 4  Default: -1
Changed value of parameter MIPFocus to 1
   Prev: 0  Min: 0  Max: 3  Default: 0
Optimize a model with 4380 rows, 6420 columns and 12840 nonzeros
Variable types: 0 continuous, 6420 integer (6420 binary)
Coefficient statistics:
  Matrix range     [1e+00, 5e+00]
  Objective range  [8e+01, 4e+02]
  Bounds range     [1e+00, 1e+00]
  RHS range        [8e+01, 8e+01]
Found heuristic solution: objective 0
Presolve removed 4308 rows and 5116 columns
Presolve time: 0.01s
Presolved: 72 rows, 1304 columns, 2494 nonzeros
Found heuristic solution: objective -181182.0000
Variable types: 0 continuous, 1304 integer (1080 binary)
Presolved: 72 rows, 1304 columns, 2494 nonzeros

Root barrier log...

Ordering time: 0.00s

Barrier statistics:
 AA' NZ     : 1.162e+03
 Factor NZ  : 2.581e+03 (roughly 1 MByte of memory)
 Factor Ops : 1.225e+05 (less than 1 second per iteration)
 Threads    : 1

                  Objective                Residual
Iter       Primal          Dual         Primal    Dual     Compl     Time
   0  -3.65592707e+05 -4.44969669e+05  2.30e+01 5.68e-14  3.15e+02     0s
   1  -1.77072315e+05 -3.26617573e+05  3.07e-01 5.41e+01  6.22e+01     0s
   2  -1.89707474e+05 -2.07201192e+05  0.00e+00 4.63e+00  6.56e+00     0s
   3  -1.93144593e+05 -1.95279851e+05  0.00e+00 1.71e-13  7.97e-01     0s
   4  -1.93412837e+05 -1.94435877e+05  0.00e+00 1.14e-13  3.82e-01     0s
   5  -1.93971795e+05 -1.94207489e+05  0.00e+00 1.14e-13  8.80e-02     0s
   6  -1.94054936e+05 -1.94084217e+05  0.00e+00 1.14e-13  1.09e-02     0s
   7  -1.94077627e+05 -1.94078162e+05  0.00e+00 2.27e-13  2.00e-04     0s
   8  -1.94078000e+05 -1.94078000e+05  0.00e+00 1.14e-13  3.39e-10     0s

Barrier solved model in 8 iterations and 0.02 seconds
Optimal objective -1.94078000e+05


Root relaxation: objective -1.940780e+05, 999 iterations, 0.01 seconds

    Nodes    |    Current Node    |     Objective Bounds      |     Work
 Expl Unexpl |  Obj  Depth IntInf | Incumbent    BestBd   Gap | It/Node Time

     0     0 -194078.00    0   30 -181182.00 -194078.00  7.12%     -    0s
H    0     0                    -193242.0000 -194078.00  0.43%     -    0s

Explored 0 nodes (1100 simplex iterations) in 0.03 seconds
Thread count was 20 (of 20 available processors)

Solution count 3: -193242 -181182 -7464 
Pool objective bound -194078

Optimal solution found (tolerance 5.00e-02)
Best objective -1.932420000000e+05, best bound -1.940780000000e+05, gap 0.4326%
Changed value of parameter MIPGap to 0.05
   Prev: 0.0001  Min: 0.0  Max: 1e+100  Default: 0.0001
Changed value of parameter TimeLimit to 1800.0
   Prev: 1e+100  Min: 0.0  Max: 1e+100  Default: 1e+100
Changed value of parameter Method to 2
   Prev: -1  Min: -1  Max: 4  Default: -1
Changed value of parameter MIPFocus to 1
   Prev: 0  Min: 0  Max: 3  Default: 0
Optimize a model with 4380 rows, 6420 columns and 12840 nonzeros
Variable types: 0 continuous, 6420 integer (6420 binary)
Coefficient statistics:
  Matrix range     [1e+00, 5e+00]
  Objective range  [8e+02, 4e+03]
  Bounds range     [1e+00, 1e+00]
  RHS range        [8e+01, 8e+01]
Found heuristic solution: objective 0
Presolve removed 4308 rows and 5116 columns
Presolve time: 0.01s
Presolved: 72 rows, 1304 columns, 2494 nonzeros
Found heuristic solution: objective -1798032.000
Variable types: 0 continuous, 1304 integer (1080 binary)
Presolved: 72 rows, 1304 columns, 2494 nonzeros

Root barrier log...

Ordering time: 0.00s

Barrier statistics:
 AA' NZ     : 1.162e+03
 Factor NZ  : 2.581e+03 (roughly 1 MByte of memory)
 Factor Ops : 1.225e+05 (less than 1 second per iteration)
 Threads    : 1

                  Objective                Residual
Iter       Primal          Dual         Primal    Dual     Compl     Time
   0  -3.62155947e+06 -4.43546426e+06  2.30e+01 4.55e-13  3.15e+03     0s
   1  -1.75584824e+06 -3.25274372e+06  3.03e-01 5.43e+02  6.23e+02     0s
   2  -1.87334625e+06 -2.05730373e+06  0.00e+00 4.62e+01  6.90e+01     0s
   3  -1.91686676e+06 -1.93955989e+06  0.00e+00 1.82e-12  8.47e+00     0s
   4  -1.91941123e+06 -1.93016974e+06  0.00e+00 1.82e-12  4.02e+00     0s
   5  -1.92505073e+06 -1.92757808e+06  0.00e+00 9.09e-13  9.44e-01     0s
   6  -1.92587442e+06 -1.92619913e+06  0.00e+00 1.82e-12  1.21e-01     0s
   7  -1.92612331e+06 -1.92613087e+06  0.00e+00 9.09e-13  2.83e-03     0s
   8  -1.92612800e+06 -1.92612800e+06  0.00e+00 1.82e-12  9.15e-09     0s

Barrier solved model in 8 iterations and 0.02 seconds
Optimal objective -1.92612800e+06


Root relaxation: objective -1.926128e+06, 1001 iterations, 0.01 seconds

    Nodes    |    Current Node    |     Objective Bounds      |     Work
 Expl Unexpl |  Obj  Depth IntInf | Incumbent    BestBd   Gap | It/Node Time

     0     0 -1926128.0    0   32 -1798032.0 -1926128.0  7.12%     -    0s
H    0     0                    -1917867.000 -1926128.0  0.43%     -    0s

Explored 0 nodes (1227 simplex iterations) in 0.03 seconds
Thread count was 20 (of 20 available processors)

Solution count 3: -1.91787e+06 -1.79803e+06 -73839 
Pool objective bound -1.92613e+06

Optimal solution found (tolerance 5.00e-02)
Best objective -1.917867000000e+06, best bound -1.926128000000e+06, gap 0.4307%
