Changed value of parameter MIPGap to 0.05
   Prev: 0.0001  Min: 0.0  Max: 1e+100  Default: 0.0001
Changed value of parameter TimeLimit to 1800.0
   Prev: 1e+100  Min: 0.0  Max: 1e+100  Default: 1e+100
Changed value of parameter Method to 2
   Prev: -1  Min: -1  Max: 4  Default: -1
Changed value of parameter MIPFocus to 1
   Prev: 0  Min: 0  Max: 3  Default: 0
Optimize a model with 4162 rows, 6093 columns and 12186 nonzeros
Variable types: 0 continuous, 6093 integer (6093 binary)
Coefficient statistics:
  Matrix range     [1e+00, 5e+00]
  Objective range  [1e+00, 1e+00]
  Bounds range     [1e+00, 1e+00]
  RHS range        [8e+01, 8e+01]
Found heuristic solution: objective 0
Presolve removed 4099 rows and 5047 columns
Presolve time: 0.01s
Presolved: 63 rows, 1046 columns, 1991 nonzeros
Found heuristic solution: objective -1596.000000
Variable types: 0 continuous, 1046 integer (858 binary)
Presolved: 63 rows, 1046 columns, 1991 nonzeros

Root barrier log...

Ordering time: 0.00s

Barrier statistics:
 AA' NZ     : 9.100e+02
 Factor NZ  : 1.973e+03
 Factor Ops : 8.178e+04 (less than 1 second per iteration)
 Threads    : 1

                  Objective                Residual
Iter       Primal          Dual         Primal    Dual     Compl     Time
   0  -3.20845469e+03 -3.17246381e+03  1.90e+01 4.44e-16  2.11e+00     0s
   1  -1.75239147e+03 -2.46061171e+03  1.39e+00 3.16e-01  4.71e-01     0s
   2  -1.72087508e+03 -1.83660134e+03  4.20e-02 2.54e-02  5.67e-02     0s
   3  -1.75003492e+03 -1.77034872e+03  1.24e-03 1.84e-03  9.54e-03     0s
   4  -1.75374788e+03 -1.75914269e+03  2.32e-04 1.31e-04  2.53e-03     0s
   5  -1.75488638e+03 -1.75520534e+03  0.00e+00 8.88e-16  1.50e-04     0s
   6  -1.75499998e+03 -1.75500004e+03  0.00e+00 1.78e-15  2.96e-08     0s
   7  -1.75500000e+03 -1.75500000e+03  7.31e-16 1.78e-15  3.01e-14     0s

Barrier solved model in 7 iterations and 0.02 seconds
Optimal objective -1.75500000e+03


Root relaxation: objective -1.755000e+03, 353 iterations, 0.01 seconds

    Nodes    |    Current Node    |     Objective Bounds      |     Work
 Expl Unexpl |  Obj  Depth IntInf | Incumbent    BestBd   Gap | It/Node Time

     0     0 -1755.0000    0    9 -1596.0000 -1755.0000  10.0%     -    0s
H    0     0                    -1751.000000 -1755.0000  0.23%     -    0s

Explored 0 nodes (415 simplex iterations) in 0.02 seconds
Thread count was 20 (of 20 available processors)

Solution count 3: -1751 -1596 -167 
Pool objective bound -1755

Optimal solution found (tolerance 5.00e-02)
Best objective -1.751000000000e+03, best bound -1.755000000000e+03, gap 0.2284%
Changed value of parameter MIPGap to 0.05
   Prev: 0.0001  Min: 0.0  Max: 1e+100  Default: 0.0001
Changed value of parameter TimeLimit to 1800.0
   Prev: 1e+100  Min: 0.0  Max: 1e+100  Default: 1e+100
Changed value of parameter Method to 2
   Prev: -1  Min: -1  Max: 4  Default: -1
Changed value of parameter MIPFocus to 1
   Prev: 0  Min: 0  Max: 3  Default: 0
Optimize a model with 4162 rows, 6093 columns and 12186 nonzeros
Variable types: 0 continuous, 6093 integer (6093 binary)
Coefficient statistics:
  Matrix range     [1e+00, 5e+00]
  Objective range  [1e+00, 1e+00]
  Bounds range     [1e+00, 1e+00]
  RHS range        [8e+01, 8e+01]
Found heuristic solution: objective 0
Presolve removed 4099 rows and 4793 columns
Presolve time: 0.01s
Presolved: 63 rows, 1300 columns, 2322 nonzeros
Found heuristic solution: objective -1605.004750
Variable types: 0 continuous, 1300 integer (1099 binary)
Presolved: 63 rows, 1300 columns, 2322 nonzeros

Root barrier log...

Ordering time: 0.00s

Barrier statistics:
 AA' NZ     : 9.100e+02
 Factor NZ  : 1.973e+03 (roughly 1 MByte of memory)
 Factor Ops : 8.178e+04 (less than 1 second per iteration)
 Threads    : 1

                  Objective                Residual
Iter       Primal          Dual         Primal    Dual     Compl     Time
   0  -3.41155082e+03 -3.11909143e+03  2.07e+01 8.88e-16  1.70e+00     0s
   1  -1.78546444e+03 -2.38917609e+03  1.70e+00 2.59e-01  3.55e-01     0s
   2  -1.72707779e+03 -1.83384081e+03  7.03e-02 2.11e-02  4.39e-02     0s
   3  -1.75088066e+03 -1.77285468e+03  2.05e-03 2.05e-03  8.38e-03     0s
   4  -1.75427154e+03 -1.75965309e+03  4.38e-04 3.58e-04  2.05e-03     0s
   5  -1.75546732e+03 -1.75594350e+03  1.32e-05 8.88e-16  1.81e-04     0s
   6  -1.75560108e+03 -1.75568742e+03  0.00e+00 1.78e-15  3.25e-05     0s
   7  -1.75560512e+03 -1.75563322e+03  0.00e+00 1.78e-15  1.06e-05     0s
   8  -1.75560786e+03 -1.75561914e+03  0.00e+00 1.78e-15  4.24e-06     0s
   9  -1.75560957e+03 -1.75561296e+03  0.00e+00 1.78e-15  1.27e-06     0s
  10  -1.75561055e+03 -1.75561111e+03  0.00e+00 1.78e-15  2.12e-07     0s
  11  -1.75561075e+03 -1.75561078e+03  0.00e+00 1.78e-15  1.21e-08     0s
  12  -1.75561075e+03 -1.75561075e+03  0.00e+00 1.78e-15  1.24e-11     0s

Barrier solved model in 12 iterations and 0.02 seconds
Optimal objective -1.75561075e+03


Root relaxation: objective -1.755611e+03, 98 iterations, 0.01 seconds

    Nodes    |    Current Node    |     Objective Bounds      |     Work
 Expl Unexpl |  Obj  Depth IntInf | Incumbent    BestBd   Gap | It/Node Time

     0     0 -1755.6108    0    9 -1605.0048 -1755.6108  9.38%     -    0s
H    0     0                    -1751.609560 -1755.6108  0.23%     -    0s

Explored 0 nodes (137 simplex iterations) in 0.02 seconds
Thread count was 20 (of 20 available processors)

Solution count 3: -1751.61 -1605 -203.114 
Pool objective bound -1755.61

Optimal solution found (tolerance 5.00e-02)
Best objective -1.751609560000e+03, best bound -1.755610754000e+03, gap 0.2284%
Changed value of parameter MIPGap to 0.05
   Prev: 0.0001  Min: 0.0  Max: 1e+100  Default: 0.0001
Changed value of parameter TimeLimit to 1800.0
   Prev: 1e+100  Min: 0.0  Max: 1e+100  Default: 1e+100
Changed value of parameter Method to 2
   Prev: -1  Min: -1  Max: 4  Default: -1
Changed value of parameter MIPFocus to 1
   Prev: 0  Min: 0  Max: 3  Default: 0
Optimize a model with 4162 rows, 6093 columns and 12186 nonzeros
Variable types: 0 continuous, 6093 integer (6093 binary)
Coefficient statistics:
  Matrix range     [1e+00, 5e+00]
  Objective range  [1e+00, 1e+00]
  Bounds range     [1e+00, 1e+00]
  RHS range        [8e+01, 8e+01]
Found heuristic solution: objective 0
Presolve removed 4099 rows and 4793 columns
Presolve time: 0.01s
Presolved: 63 rows, 1300 columns, 2322 nonzeros
Found heuristic solution: objective -1606.009500
Variable types: 0 continuous, 1300 integer (1099 binary)
Presolved: 63 rows, 1300 columns, 2322 nonzeros

Root barrier log...

Ordering time: 0.00s

Barrier statistics:
 AA' NZ     : 9.100e+02
 Factor NZ  : 1.973e+03 (roughly 1 MByte of memory)
 Factor Ops : 8.178e+04 (less than 1 second per iteration)
 Threads    : 1

                  Objective                Residual
Iter       Primal          Dual         Primal    Dual     Compl     Time
   0  -3.41324060e+03 -3.12005568e+03  2.07e+01 8.88e-16  1.70e+00     0s
   1  -1.78606456e+03 -2.38995358e+03  1.70e+00 2.59e-01  3.55e-01     0s
   2  -1.72779360e+03 -1.83463750e+03  7.10e-02 2.12e-02  4.39e-02     0s
   3  -1.75148309e+03 -1.77347621e+03  2.10e-03 2.07e-03  8.39e-03     0s
   4  -1.75487536e+03 -1.76029053e+03  4.46e-04 3.67e-04  2.06e-03     0s
   5  -1.75606584e+03 -1.75655863e+03  1.33e-05 1.78e-15  1.87e-04     0s
   6  -1.75617313e+03 -1.75632014e+03  2.67e-06 1.78e-15  5.58e-05     0s
   7  -1.75620825e+03 -1.75626121e+03  2.29e-07 1.78e-15  2.00e-05     0s
   8  -1.75621570e+03 -1.75623733e+03  0.00e+00 1.78e-15  8.16e-06     0s
   9  -1.75621948e+03 -1.75622619e+03  0.00e+00 1.78e-15  2.53e-06     0s
  10  -1.75622130e+03 -1.75622191e+03  0.00e+00 1.78e-15  2.28e-07     0s
  11  -1.75622150e+03 -1.75622153e+03  0.00e+00 1.78e-15  8.61e-09     0s
  12  -1.75622151e+03 -1.75622151e+03  0.00e+00 1.78e-15  8.62e-12     0s

Barrier solved model in 12 iterations and 0.02 seconds
Optimal objective -1.75622151e+03


Root relaxation: objective -1.756222e+03, 98 iterations, 0.01 seconds

    Nodes    |    Current Node    |     Objective Bounds      |     Work
 Expl Unexpl |  Obj  Depth IntInf | Incumbent    BestBd   Gap | It/Node Time

     0     0 -1756.2215    0    9 -1606.0095 -1756.2215  9.35%     -    0s
H    0     0                    -1752.219120 -1756.2215  0.23%     -    0s

Explored 0 nodes (134 simplex iterations) in 0.02 seconds
Thread count was 20 (of 20 available processors)

Solution count 3: -1752.22 -1606.01 -203.227 
Pool objective bound -1756.22

Optimal solution found (tolerance 5.00e-02)
Best objective -1.752219120000e+03, best bound -1.756221508000e+03, gap 0.2284%
Changed value of parameter MIPGap to 0.05
   Prev: 0.0001  Min: 0.0  Max: 1e+100  Default: 0.0001
Changed value of parameter TimeLimit to 1800.0
   Prev: 1e+100  Min: 0.0  Max: 1e+100  Default: 1e+100
Changed value of parameter Method to 2
   Prev: -1  Min: -1  Max: 4  Default: -1
Changed value of parameter MIPFocus to 1
   Prev: 0  Min: 0  Max: 3  Default: 0
Optimize a model with 4162 rows, 6093 columns and 12186 nonzeros
Variable types: 0 continuous, 6093 integer (6093 binary)
Coefficient statistics:
  Matrix range     [1e+00, 5e+00]
  Objective range  [1e+00, 1e+00]
  Bounds range     [1e+00, 1e+00]
  RHS range        [8e+01, 8e+01]
Found heuristic solution: objective 0
Presolve removed 4099 rows and 4793 columns
Presolve time: 0.01s
Presolved: 63 rows, 1300 columns, 2322 nonzeros
Found heuristic solution: objective -1608.019000
Variable types: 0 continuous, 1300 integer (1099 binary)
Presolved: 63 rows, 1300 columns, 2322 nonzeros

Root barrier log...

Ordering time: 0.00s

Barrier statistics:
 AA' NZ     : 9.100e+02
 Factor NZ  : 1.973e+03 (roughly 1 MByte of memory)
 Factor Ops : 8.178e+04 (less than 1 second per iteration)
 Threads    : 1

                  Objective                Residual
Iter       Primal          Dual         Primal    Dual     Compl     Time
   0  -3.41662015e+03 -3.12198419e+03  2.07e+01 8.88e-16  1.70e+00     0s
   1  -1.78726587e+03 -2.39150985e+03  1.69e+00 2.59e-01  3.55e-01     0s
   2  -1.72922765e+03 -1.83618782e+03  7.25e-02 2.12e-02  4.41e-02     0s
   3  -1.75269998e+03 -1.77470615e+03  2.17e-03 2.08e-03  8.40e-03     0s
   4  -1.75609746e+03 -1.76154534e+03  4.51e-04 3.75e-04  2.08e-03     0s
   5  -1.75727070e+03 -1.75780208e+03  1.09e-05 1.78e-15  2.02e-04     0s
   6  -1.75737735e+03 -1.75755458e+03  2.58e-06 1.78e-15  6.72e-05     0s
   7  -1.75742097e+03 -1.75747977e+03  4.57e-07 1.78e-15  2.22e-05     0s
   8  -1.75743347e+03 -1.75745304e+03  2.48e-08 1.78e-15  7.41e-06     0s
   9  -1.75744093e+03 -1.75744665e+03  0.00e+00 1.78e-15  2.16e-06     0s
  10  -1.75744282e+03 -1.75744324e+03  0.00e+00 1.78e-15  1.59e-07     0s
  11  -1.75744302e+03 -1.75744302e+03  0.00e+00 1.78e-15  5.88e-10     0s

Barrier solved model in 11 iterations and 0.02 seconds
Optimal objective -1.75744302e+03


Root relaxation: objective -1.757443e+03, 125 iterations, 0.01 seconds

    Nodes    |    Current Node    |     Objective Bounds      |     Work
 Expl Unexpl |  Obj  Depth IntInf | Incumbent    BestBd   Gap | It/Node Time

     0     0 -1757.4430    0    9 -1608.0190 -1757.4430  9.29%     -    0s
H    0     0                    -1753.438240 -1757.4430  0.23%     -    0s

Explored 0 nodes (168 simplex iterations) in 0.02 seconds
Thread count was 20 (of 20 available processors)

Solution count 3: -1753.44 -1608.02 -203.455 
Pool objective bound -1757.44

Optimal solution found (tolerance 5.00e-02)
Best objective -1.753438240000e+03, best bound -1.757443016000e+03, gap 0.2284%
Changed value of parameter MIPGap to 0.05
   Prev: 0.0001  Min: 0.0  Max: 1e+100  Default: 0.0001
Changed value of parameter TimeLimit to 1800.0
   Prev: 1e+100  Min: 0.0  Max: 1e+100  Default: 1e+100
Changed value of parameter Method to 2
   Prev: -1  Min: -1  Max: 4  Default: -1
Changed value of parameter MIPFocus to 1
   Prev: 0  Min: 0  Max: 3  Default: 0
Optimize a model with 4162 rows, 6093 columns and 12186 nonzeros
Variable types: 0 continuous, 6093 integer (6093 binary)
Coefficient statistics:
  Matrix range     [1e+00, 5e+00]
  Objective range  [1e+00, 1e+00]
  Bounds range     [1e+00, 1e+00]
  RHS range        [8e+01, 8e+01]
Found heuristic solution: objective 0
Presolve removed 4099 rows and 4793 columns
Presolve time: 0.01s
Presolved: 63 rows, 1300 columns, 2322 nonzeros
Found heuristic solution: objective -1612.038000
Variable types: 0 continuous, 1300 integer (1099 binary)
Presolved: 63 rows, 1300 columns, 2322 nonzeros

Root barrier log...

Ordering time: 0.00s

Barrier statistics:
 AA' NZ     : 9.100e+02
 Factor NZ  : 1.973e+03 (roughly 1 MByte of memory)
 Factor Ops : 8.178e+04 (less than 1 second per iteration)
 Threads    : 1

                  Objective                Residual
Iter       Primal          Dual         Primal    Dual     Compl     Time
   0  -3.42337921e+03 -3.12584121e+03  2.07e+01 8.88e-16  1.70e+00     0s
   1  -1.78967276e+03 -2.39462757e+03  1.68e+00 2.58e-01  3.54e-01     0s
   2  -1.73210575e+03 -1.83924842e+03  7.53e-02 2.13e-02  4.43e-02     0s
   3  -1.75507396e+03 -1.77721495e+03  2.33e-03 1.97e-03  8.46e-03     0s
   4  -1.75856359e+03 -1.76407127e+03  4.40e-04 1.99e-04  2.10e-03     0s
   5  -1.75969658e+03 -1.76052989e+03  0.00e+00 1.78e-15  3.15e-04     0s
   6  -1.75981382e+03 -1.76007059e+03  0.00e+00 8.88e-16  9.69e-05     0s
   7  -1.75985487e+03 -1.75994693e+03  0.00e+00 1.78e-15  3.47e-05     0s
   8  -1.75987158e+03 -1.75990204e+03  0.00e+00 1.78e-15  1.15e-05     0s
   9  -1.75988243e+03 -1.75989221e+03  0.00e+00 8.88e-16  3.68e-06     0s
  10  -1.75988562e+03 -1.75988654e+03  0.00e+00 1.78e-15  3.49e-07     0s
  11  -1.75988603e+03 -1.75988604e+03  0.00e+00 1.78e-15  2.50e-09     0s

Barrier solved model in 11 iterations and 0.02 seconds
Optimal objective -1.75988603e+03


Root relaxation: objective -1.759886e+03, 135 iterations, 0.01 seconds

    Nodes    |    Current Node    |     Objective Bounds      |     Work
 Expl Unexpl |  Obj  Depth IntInf | Incumbent    BestBd   Gap | It/Node Time

     0     0 -1759.8860    0    9 -1612.0380 -1759.8860  9.17%     -    0s
H    0     0                    -1755.876480 -1759.8860  0.23%     -    0s

Explored 0 nodes (192 simplex iterations) in 0.02 seconds
Thread count was 20 (of 20 available processors)

Solution count 3: -1755.88 -1612.04 -203.909 
Pool objective bound -1759.89

Optimal solution found (tolerance 5.00e-02)
Best objective -1.755876480000e+03, best bound -1.759886032000e+03, gap 0.2284%
Changed value of parameter MIPGap to 0.05
   Prev: 0.0001  Min: 0.0  Max: 1e+100  Default: 0.0001
Changed value of parameter TimeLimit to 1800.0
   Prev: 1e+100  Min: 0.0  Max: 1e+100  Default: 1e+100
Changed value of parameter Method to 2
   Prev: -1  Min: -1  Max: 4  Default: -1
Changed value of parameter MIPFocus to 1
   Prev: 0  Min: 0  Max: 3  Default: 0
Optimize a model with 4162 rows, 6093 columns and 12186 nonzeros
Variable types: 0 continuous, 6093 integer (6093 binary)
Coefficient statistics:
  Matrix range     [1e+00, 5e+00]
  Objective range  [1e+00, 1e+00]
  Bounds range     [1e+00, 1e+00]
  RHS range        [8e+01, 8e+01]
Found heuristic solution: objective 0
Presolve removed 4099 rows and 4793 columns
Presolve time: 0.01s
Presolved: 63 rows, 1300 columns, 2322 nonzeros
Found heuristic solution: objective -1614.047500
Variable types: 0 continuous, 1300 integer (1099 binary)
Presolved: 63 rows, 1300 columns, 2322 nonzeros

Root barrier log...

Ordering time: 0.00s

Barrier statistics:
 AA' NZ     : 9.100e+02
 Factor NZ  : 1.973e+03 (roughly 1 MByte of memory)
 Factor Ops : 8.178e+04 (less than 1 second per iteration)
 Threads    : 1

                  Objective                Residual
Iter       Primal          Dual         Primal    Dual     Compl     Time
   0  -3.42675873e+03 -3.12776972e+03  2.07e+01 8.88e-16  1.70e+00     0s
   1  -1.79087835e+03 -2.39618902e+03  1.68e+00 2.58e-01  3.54e-01     0s
   2  -1.73354956e+03 -1.84076208e+03  7.66e-02 2.14e-02  4.44e-02     0s
   3  -1.75624500e+03 -1.77834070e+03  2.40e-03 1.85e-03  8.45e-03     0s
   4  -1.75972229e+03 -1.76480057e+03  4.93e-04 3.45e-04  1.94e-03     0s
   5  -1.76087605e+03 -1.76182707e+03  5.94e-06 1.78e-15  3.60e-04     0s
   6  -1.76101182e+03 -1.76130567e+03  3.88e-07 1.55e-06  1.11e-04     0s
   7  -1.76106445e+03 -1.76119268e+03  0.00e+00 1.78e-15  4.84e-05     0s
   8  -1.76108929e+03 -1.76113194e+03  0.00e+00 1.78e-15  1.61e-05     0s
   9  -1.76110068e+03 -1.76111667e+03  0.00e+00 1.78e-15  6.04e-06     0s
  10  -1.76110699e+03 -1.76110840e+03  0.00e+00 1.78e-15  5.32e-07     0s
  11  -1.76110754e+03 -1.76110756e+03  0.00e+00 1.78e-15  7.53e-09     0s
  12  -1.76110754e+03 -1.76110754e+03  0.00e+00 1.78e-15  7.53e-12     0s

Barrier solved model in 12 iterations and 0.02 seconds
Optimal objective -1.76110754e+03


Root relaxation: objective -1.761108e+03, 97 iterations, 0.01 seconds

    Nodes    |    Current Node    |     Objective Bounds      |     Work
 Expl Unexpl |  Obj  Depth IntInf | Incumbent    BestBd   Gap | It/Node Time

     0     0 -1761.1075    0    9 -1614.0475 -1761.1075  9.11%     -    0s
H    0     0                    -1757.095600 -1761.1075  0.23%     -    0s

Explored 0 nodes (138 simplex iterations) in 0.02 seconds
Thread count was 20 (of 20 available processors)

Solution count 3: -1757.1 -1614.05 -204.136 
Pool objective bound -1761.11

Optimal solution found (tolerance 5.00e-02)
Best objective -1.757095600000e+03, best bound -1.761107540000e+03, gap 0.2283%
Changed value of parameter MIPGap to 0.05
   Prev: 0.0001  Min: 0.0  Max: 1e+100  Default: 0.0001
Changed value of parameter TimeLimit to 1800.0
   Prev: 1e+100  Min: 0.0  Max: 1e+100  Default: 1e+100
Changed value of parameter Method to 2
   Prev: -1  Min: -1  Max: 4  Default: -1
Changed value of parameter MIPFocus to 1
   Prev: 0  Min: 0  Max: 3  Default: 0
Optimize a model with 4162 rows, 6093 columns and 12186 nonzeros
Variable types: 0 continuous, 6093 integer (6093 binary)
Coefficient statistics:
  Matrix range     [1e+00, 5e+00]
  Objective range  [1e+00, 1e+00]
  Bounds range     [1e+00, 1e+00]
  RHS range        [8e+01, 8e+01]
Found heuristic solution: objective 0
Presolve removed 4099 rows and 4793 columns
Presolve time: 0.01s
Presolved: 63 rows, 1300 columns, 2322 nonzeros
Found heuristic solution: objective -1624.095000
Variable types: 0 continuous, 1300 integer (1099 binary)
Presolved: 63 rows, 1300 columns, 2322 nonzeros

Root barrier log...

Ordering time: 0.00s

Barrier statistics:
 AA' NZ     : 9.100e+02
 Factor NZ  : 1.973e+03 (roughly 1 MByte of memory)
 Factor Ops : 8.178e+04 (less than 1 second per iteration)
 Threads    : 1

                  Objective                Residual
Iter       Primal          Dual         Primal    Dual     Compl     Time
   0  -3.44365609e+03 -3.13741226e+03  2.07e+01 8.88e-16  1.70e+00     0s
   1  -1.79692795e+03 -2.40402217e+03  1.65e+00 2.55e-01  3.53e-01     0s
   2  -1.74081743e+03 -1.84817309e+03  8.28e-02 2.15e-02  4.48e-02     0s
   3  -1.76221743e+03 -1.78845612e+03  2.62e-03 2.59e-03  1.00e-02     0s
   4  -1.76581959e+03 -1.77307484e+03  3.31e-04 8.88e-16  2.75e-03     0s
   5  -1.76682046e+03 -1.76845908e+03  7.48e-06 8.88e-16  6.19e-04     0s
   6  -1.76706316e+03 -1.76762816e+03  0.00e+00 8.88e-16  2.13e-04     0s
   7  -1.76714236e+03 -1.76739867e+03  0.00e+00 8.88e-16  9.66e-05     0s
   8  -1.76718701e+03 -1.76726041e+03  0.00e+00 1.78e-15  2.77e-05     0s
   9  -1.76720911e+03 -1.76722831e+03  0.00e+00 1.78e-15  7.23e-06     0s
  10  -1.76721441e+03 -1.76721597e+03  0.00e+00 1.78e-15  5.90e-07     0s
  11  -1.76721508e+03 -1.76721508e+03  0.00e+00 1.78e-15  2.60e-09     0s

Barrier solved model in 11 iterations and 0.02 seconds
Optimal objective -1.76721508e+03


Root relaxation: objective -1.767215e+03, 112 iterations, 0.01 seconds

    Nodes    |    Current Node    |     Objective Bounds      |     Work
 Expl Unexpl |  Obj  Depth IntInf | Incumbent    BestBd   Gap | It/Node Time

     0     0 -1767.2151    0    9 -1624.0950 -1767.2151  8.81%     -    0s
H    0     0                    -1763.191200 -1767.2151  0.23%     -    0s

Explored 0 nodes (167 simplex iterations) in 0.02 seconds
Thread count was 20 (of 20 available processors)

Solution count 3: -1763.19 -1624.1 -205.273 
Pool objective bound -1767.22

Optimal solution found (tolerance 5.00e-02)
Best objective -1.763191200000e+03, best bound -1.767215080000e+03, gap 0.2282%
Changed value of parameter MIPGap to 0.05
   Prev: 0.0001  Min: 0.0  Max: 1e+100  Default: 0.0001
Changed value of parameter TimeLimit to 1800.0
   Prev: 1e+100  Min: 0.0  Max: 1e+100  Default: 1e+100
Changed value of parameter Method to 2
   Prev: -1  Min: -1  Max: 4  Default: -1
Changed value of parameter MIPFocus to 1
   Prev: 0  Min: 0  Max: 3  Default: 0
Optimize a model with 4162 rows, 6093 columns and 12186 nonzeros
Variable types: 0 continuous, 6093 integer (6093 binary)
Coefficient statistics:
  Matrix range     [1e+00, 5e+00]
  Objective range  [1e+00, 1e+00]
  Bounds range     [1e+00, 1e+00]
  RHS range        [8e+01, 8e+01]
Found heuristic solution: objective 0
Presolve removed 4099 rows and 4793 columns
Presolve time: 0.01s
Presolved: 63 rows, 1300 columns, 2322 nonzeros
Found heuristic solution: objective -1644.190000
Variable types: 0 continuous, 1300 integer (1099 binary)
Presolved: 63 rows, 1300 columns, 2322 nonzeros

Root barrier log...

Ordering time: 0.00s

Barrier statistics:
 AA' NZ     : 9.100e+02
 Factor NZ  : 1.973e+03 (roughly 1 MByte of memory)
 Factor Ops : 8.178e+04 (less than 1 second per iteration)
 Threads    : 1

                  Objective                Residual
Iter       Primal          Dual         Primal    Dual     Compl     Time
   0  -3.47745452e+03 -3.15722567e+03  2.07e+01 8.88e-16  1.71e+00     0s
   1  -1.80905185e+03 -2.42009638e+03  1.59e+00 2.51e-01  3.51e-01     0s
   2  -1.75238259e+03 -1.86231818e+03  7.67e-02 2.12e-02  4.54e-02     0s
   3  -1.77335120e+03 -1.80306801e+03  7.81e-03 1.27e-03  1.16e-02     0s
   4  -1.77723381e+03 -1.78779945e+03  1.58e-03 1.37e-03  4.06e-03     0s
   5  -1.77821744e+03 -1.78197484e+03  6.97e-04 2.17e-04  1.45e-03     0s
   6  -1.77892645e+03 -1.78024490e+03  1.99e-04 6.99e-05  5.08e-04     0s
   7  -1.77916437e+03 -1.77972291e+03  9.34e-05 1.72e-05  2.16e-04     0s
   8  -1.77932372e+03 -1.77951647e+03  3.43e-05 1.66e-06  7.47e-05     0s
   9  -1.77940433e+03 -1.77946536e+03  7.01e-06 2.91e-08  2.35e-05     0s
  10  -1.77942860e+03 -1.77943267e+03  2.85e-07 1.78e-15  1.56e-06     0s
  11  -1.77943015e+03 -1.77943017e+03  0.00e+00 1.78e-15  5.25e-09     0s

Barrier solved model in 11 iterations and 0.02 seconds
Optimal objective -1.77943015e+03


Root relaxation: objective -1.779430e+03, 122 iterations, 0.01 seconds

    Nodes    |    Current Node    |     Objective Bounds      |     Work
 Expl Unexpl |  Obj  Depth IntInf | Incumbent    BestBd   Gap | It/Node Time

     0     0 -1779.4302    0    9 -1644.1900 -1779.4302  8.23%     -    0s
H    0     0                    -1775.382400 -1779.4302  0.23%     -    0s

Explored 0 nodes (156 simplex iterations) in 0.02 seconds
Thread count was 20 (of 20 available processors)

Solution count 3: -1775.38 -1644.19 -207.545 
Pool objective bound -1779.43

Optimal solution found (tolerance 5.00e-02)
Best objective -1.775382400000e+03, best bound -1.779430160000e+03, gap 0.2280%
Changed value of parameter MIPGap to 0.05
   Prev: 0.0001  Min: 0.0  Max: 1e+100  Default: 0.0001
Changed value of parameter TimeLimit to 1800.0
   Prev: 1e+100  Min: 0.0  Max: 1e+100  Default: 1e+100
Changed value of parameter Method to 2
   Prev: -1  Min: -1  Max: 4  Default: -1
Changed value of parameter MIPFocus to 1
   Prev: 0  Min: 0  Max: 3  Default: 0
Optimize a model with 4162 rows, 6093 columns and 12186 nonzeros
Variable types: 0 continuous, 6093 integer (6093 binary)
Coefficient statistics:
  Matrix range     [1e+00, 5e+00]
  Objective range  [1e+00, 1e+00]
  Bounds range     [1e+00, 1e+00]
  RHS range        [8e+01, 8e+01]
Found heuristic solution: objective 0
Presolve removed 4099 rows and 4793 columns
Presolve time: 0.01s
Presolved: 63 rows, 1300 columns, 2322 nonzeros
Found heuristic solution: objective -1684.380000
Variable types: 0 continuous, 1300 integer (1099 binary)
Presolved: 63 rows, 1300 columns, 2322 nonzeros

Root barrier log...

Ordering time: 0.00s

Barrier statistics:
 AA' NZ     : 9.100e+02
 Factor NZ  : 1.973e+03 (roughly 1 MByte of memory)
 Factor Ops : 8.178e+04 (less than 1 second per iteration)
 Threads    : 1

                  Objective                Residual
Iter       Primal          Dual         Primal    Dual     Compl     Time
   0  -3.54513798e+03 -3.20687223e+03  2.07e+01 8.88e-16  1.72e+00     0s
   1  -1.83223876e+03 -2.45807178e+03  1.47e+00 2.46e-01  3.49e-01     0s
   2  -1.78004919e+03 -1.90175153e+03  4.35e-02 2.49e-02  4.83e-02     0s
   3  -1.79776882e+03 -1.83273167e+03  1.29e-02 3.55e-15  1.39e-02     0s
   4  -1.80637664e+03 -1.81784826e+03  1.79e-03 1.78e-15  4.42e-03     0s
   5  -1.80818228e+03 -1.81199023e+03  5.05e-04 1.78e-15  1.46e-03     0s
   6  -1.80883546e+03 -1.81050394e+03  2.05e-04 1.78e-15  6.40e-04     0s
   7  -1.80918750e+03 -1.81013197e+03  9.01e-05 1.78e-15  3.61e-04     0s
   8  -1.80936369e+03 -1.80979930e+03  3.95e-05 1.78e-15  1.66e-04     0s
   9  -1.80944994e+03 -1.80965984e+03  1.94e-05 1.78e-15  8.03e-05     0s
  10  -1.80953393e+03 -1.80958119e+03  1.22e-06 1.78e-15  1.79e-05     0s
  11  -1.80954685e+03 -1.80955258e+03  0.00e+00 1.78e-15  2.17e-06     0s
  12  -1.80954831e+03 -1.80955103e+03  0.00e+00 1.78e-15  1.03e-06     0s
  13  -1.80954925e+03 -1.80954972e+03  0.00e+00 1.78e-15  1.76e-07     0s
  14  -1.80954936e+03 -1.80954937e+03  0.00e+00 1.78e-15  3.40e-09     0s

Barrier solved model in 14 iterations and 0.02 seconds
Optimal objective -1.80954936e+03


Root relaxation: objective -1.809549e+03, 92 iterations, 0.01 seconds

    Nodes    |    Current Node    |     Objective Bounds      |     Work
 Expl Unexpl |  Obj  Depth IntInf | Incumbent    BestBd   Gap | It/Node Time

     0     0 -1809.5494    0   30 -1684.3800 -1809.5494  7.43%     -    0s
H    0     0                    -1802.548800 -1809.5494  0.39%     -    0s

Explored 0 nodes (160 simplex iterations) in 0.03 seconds
Thread count was 20 (of 20 available processors)

Solution count 3: -1802.55 -1684.38 -212.09 
Pool objective bound -1809.55

Optimal solution found (tolerance 5.00e-02)
Best objective -1.802548800000e+03, best bound -1.809549360000e+03, gap 0.3884%
Changed value of parameter MIPGap to 0.05
   Prev: 0.0001  Min: 0.0  Max: 1e+100  Default: 0.0001
Changed value of parameter TimeLimit to 1800.0
   Prev: 1e+100  Min: 0.0  Max: 1e+100  Default: 1e+100
Changed value of parameter Method to 2
   Prev: -1  Min: -1  Max: 4  Default: -1
Changed value of parameter MIPFocus to 1
   Prev: 0  Min: 0  Max: 3  Default: 0
Optimize a model with 4162 rows, 6093 columns and 12186 nonzeros
Variable types: 0 continuous, 6093 integer (6093 binary)
Coefficient statistics:
  Matrix range     [1e+00, 5e+00]
  Objective range  [1e+00, 1e+00]
  Bounds range     [1e+00, 1e+00]
  RHS range        [8e+01, 8e+01]
Found heuristic solution: objective 0
Presolve removed 4099 rows and 4793 columns
Presolve time: 0.01s
Presolved: 63 rows, 1300 columns, 2322 nonzeros
Found heuristic solution: objective -1704.475000
Variable types: 0 continuous, 1300 integer (1099 binary)
Presolved: 63 rows, 1300 columns, 2322 nonzeros

Root barrier log...

Ordering time: 0.00s

Barrier statistics:
 AA' NZ     : 9.100e+02
 Factor NZ  : 1.973e+03 (roughly 1 MByte of memory)
 Factor Ops : 8.178e+04 (less than 1 second per iteration)
 Threads    : 1

                  Objective                Residual
Iter       Primal          Dual         Primal    Dual     Compl     Time
   0  -3.57897925e+03 -3.23169551e+03  2.07e+01 8.88e-16  1.73e+00     0s
   1  -1.84528123e+03 -2.47734810e+03  1.42e+00 2.44e-01  3.49e-01     0s
   2  -1.79587817e+03 -1.91697238e+03  5.03e-02 2.65e-02  4.85e-02     0s
   3  -1.81448023e+03 -1.84919396e+03  1.45e-02 1.78e-15  1.38e-02     0s
   4  -1.82291055e+03 -1.83372938e+03  3.12e-03 1.78e-15  4.24e-03     0s
   5  -1.82515817e+03 -1.82934054e+03  1.17e-03 8.88e-16  1.64e-03     0s
   6  -1.82596878e+03 -1.82826138e+03  6.13e-04 1.78e-15  8.97e-04     0s
   7  -1.82643169e+03 -1.82771365e+03  3.39e-04 1.78e-15  5.01e-04     0s
   8  -1.82687010e+03 -1.82735166e+03  9.90e-05 1.78e-15  1.87e-04     0s
   9  -1.82697773e+03 -1.82721867e+03  5.20e-05 1.78e-15  9.36e-05     0s
  10  -1.82708960e+03 -1.82715619e+03  4.91e-06 1.78e-15  2.54e-05     0s
  11  -1.82710660e+03 -1.82711916e+03  8.45e-07 1.78e-15  4.79e-06     0s
  12  -1.82711023e+03 -1.82711361e+03  2.18e-07 1.78e-15  1.29e-06     0s
  13  -1.82711158e+03 -1.82711197e+03  0.00e+00 1.78e-15  1.46e-07     0s
  14  -1.82711170e+03 -1.82711170e+03  0.00e+00 1.78e-15  6.22e-10     0s

Barrier solved model in 14 iterations and 0.03 seconds
Optimal objective -1.82711170e+03


Root relaxation: objective -1.827112e+03, 72 iterations, 0.01 seconds

    Nodes    |    Current Node    |     Objective Bounds      |     Work
 Expl Unexpl |  Obj  Depth IntInf | Incumbent    BestBd   Gap | It/Node Time

     0     0 -1827.1117    0   29 -1704.4750 -1827.1117  7.19%     -    0s
H    0     0                    -1820.672000 -1827.1117  0.35%     -    0s

Explored 0 nodes (88 simplex iterations) in 0.04 seconds
Thread count was 20 (of 20 available processors)

Solution count 3: -1820.67 -1704.48 -214.363 
Pool objective bound -1827.11

Optimal solution found (tolerance 5.00e-02)
Best objective -1.820672000000e+03, best bound -1.827111700000e+03, gap 0.3537%
Changed value of parameter MIPGap to 0.05
   Prev: 0.0001  Min: 0.0  Max: 1e+100  Default: 0.0001
Changed value of parameter TimeLimit to 1800.0
   Prev: 1e+100  Min: 0.0  Max: 1e+100  Default: 1e+100
Changed value of parameter Method to 2
   Prev: -1  Min: -1  Max: 4  Default: -1
Changed value of parameter MIPFocus to 1
   Prev: 0  Min: 0  Max: 3  Default: 0
Optimize a model with 4162 rows, 6093 columns and 12186 nonzeros
Variable types: 0 continuous, 6093 integer (6093 binary)
Coefficient statistics:
  Matrix range     [1e+00, 5e+00]
  Objective range  [1e+00, 2e+00]
  Bounds range     [1e+00, 1e+00]
  RHS range        [8e+01, 8e+01]
Found heuristic solution: objective 0
Presolve removed 4099 rows and 4793 columns
Presolve time: 0.01s
Presolved: 63 rows, 1300 columns, 2322 nonzeros
Found heuristic solution: objective -1804.950000
Variable types: 0 continuous, 1300 integer (1099 binary)
Presolved: 63 rows, 1300 columns, 2322 nonzeros

Root barrier log...

Ordering time: 0.00s

Barrier statistics:
 AA' NZ     : 9.100e+02
 Factor NZ  : 1.973e+03 (roughly 1 MByte of memory)
 Factor Ops : 8.178e+04 (less than 1 second per iteration)
 Threads    : 1

                  Objective                Residual
Iter       Primal          Dual         Primal    Dual     Compl     Time
   0  -3.74822276e+03 -3.36030377e+03  2.07e+01 4.44e-16  1.77e+00     0s
   1  -1.91759394e+03 -2.57878344e+03  1.23e+00 2.34e-01  3.49e-01     0s
   2  -1.88228481e+03 -1.98467841e+03  7.17e-02 1.81e-02  4.27e-02     0s
   3  -1.89899989e+03 -1.93352976e+03  2.98e-02 1.78e-15  1.46e-02     0s
   4  -1.90633190e+03 -1.92200282e+03  1.11e-02 1.78e-15  6.51e-03     0s
   5  -1.91055964e+03 -1.91857057e+03  5.58e-03 1.78e-15  3.32e-03     0s
   6  -1.91293464e+03 -1.91720526e+03  2.63e-03 1.78e-15  1.75e-03     0s
   7  -1.91390889e+03 -1.91613726e+03  1.44e-03 1.78e-15  9.18e-04     0s
   8  -1.91448185e+03 -1.91564034e+03  7.73e-04 1.78e-15  4.79e-04     0s
   9  -1.91479884e+03 -1.91544624e+03  4.24e-04 1.78e-15  2.67e-04     0s
  10  -1.91502909e+03 -1.91530313e+03  1.85e-04 1.78e-15  1.14e-04     0s
  11  -1.91519779e+03 -1.91523596e+03  1.49e-05 1.78e-15  1.52e-05     0s
  12  -1.91521687e+03 -1.91521752e+03  0.00e+00 1.78e-15  2.44e-07     0s
  13  -1.91521720e+03 -1.91521720e+03  0.00e+00 1.78e-15  8.20e-12     0s

Barrier solved model in 13 iterations and 0.02 seconds
Optimal objective -1.91521720e+03


Root relaxation: objective -1.915217e+03, 154 iterations, 0.01 seconds

    Nodes    |    Current Node    |     Objective Bounds      |     Work
 Expl Unexpl |  Obj  Depth IntInf | Incumbent    BestBd   Gap | It/Node Time

     0     0 -1915.2172    0   31 -1804.9500 -1915.2172  6.11%     -    0s
H    0     0                    -1907.986000 -1915.2172  0.38%     -    0s

Explored 0 nodes (259 simplex iterations) in 0.02 seconds
Thread count was 20 (of 20 available processors)

Solution count 3: -1907.99 -1804.95 -225.726 
Pool objective bound -1915.22

Optimal solution found (tolerance 5.00e-02)
Best objective -1.907986000000e+03, best bound -1.915217200000e+03, gap 0.3790%
Changed value of parameter MIPGap to 0.05
   Prev: 0.0001  Min: 0.0  Max: 1e+100  Default: 0.0001
Changed value of parameter TimeLimit to 1800.0
   Prev: 1e+100  Min: 0.0  Max: 1e+100  Default: 1e+100
Changed value of parameter Method to 2
   Prev: -1  Min: -1  Max: 4  Default: -1
Changed value of parameter MIPFocus to 1
   Prev: 0  Min: 0  Max: 3  Default: 0
Optimize a model with 4162 rows, 6093 columns and 12186 nonzeros
Variable types: 0 continuous, 6093 integer (6093 binary)
Coefficient statistics:
  Matrix range     [1e+00, 5e+00]
  Objective range  [1e+00, 3e+00]
  Bounds range     [1e+00, 1e+00]
  RHS range        [8e+01, 8e+01]
Found heuristic solution: objective 0
Presolve removed 4099 rows and 4793 columns
Presolve time: 0.01s
Presolved: 63 rows, 1300 columns, 2322 nonzeros
Found heuristic solution: objective -2009.672000
Variable types: 0 continuous, 1300 integer (1099 binary)
Presolved: 63 rows, 1300 columns, 2322 nonzeros

Root barrier log...

Ordering time: 0.00s

Barrier statistics:
 AA' NZ     : 9.100e+02
 Factor NZ  : 1.973e+03 (roughly 1 MByte of memory)
 Factor Ops : 8.178e+04 (less than 1 second per iteration)
 Threads    : 1

                  Objective                Residual
Iter       Primal          Dual         Primal    Dual     Compl     Time
   0  -4.08744628e+03 -3.69857533e+03  2.07e+01 4.44e-16  1.94e+00     0s
   1  -2.07264278e+03 -2.92474938e+03  8.47e-01 2.36e-01  4.01e-01     0s
   2  -2.07366645e+03 -2.19553766e+03  4.77e-02 1.95e-02  4.92e-02     0s
   3  -2.08643471e+03 -2.12094620e+03  1.90e-02 1.78e-15  1.42e-02     0s
   4  -2.09547234e+03 -2.10919217e+03  4.72e-03 1.78e-15  5.47e-03     0s
   5  -2.09916063e+03 -2.10511685e+03  1.62e-03 1.78e-15  2.35e-03     0s
   6  -2.10038559e+03 -2.10316890e+03  7.58e-04 1.78e-15  1.10e-03     0s
   7  -2.10105312e+03 -2.10240917e+03  3.43e-04 1.78e-15  5.34e-04     0s
   8  -2.10140102e+03 -2.10194806e+03  1.36e-04 1.78e-15  2.16e-04     0s
   9  -2.10158465e+03 -2.10176535e+03  4.34e-05 1.78e-15  7.13e-05     0s
  10  -2.10166802e+03 -2.10170128e+03  5.90e-06 1.78e-15  1.30e-05     0s
  11  -2.10168469e+03 -2.10168851e+03  8.61e-07 1.78e-15  1.52e-06     0s
  12  -2.10168789e+03 -2.10168792e+03  0.00e+00 1.78e-15  1.04e-08     0s
  13  -2.10168790e+03 -2.10168790e+03  0.00e+00 1.78e-15  8.37e-13     0s

Barrier solved model in 13 iterations and 0.02 seconds
Optimal objective -2.10168790e+03


Root relaxation: objective -2.101688e+03, 43 iterations, 0.01 seconds

    Nodes    |    Current Node    |     Objective Bounds      |     Work
 Expl Unexpl |  Obj  Depth IntInf | Incumbent    BestBd   Gap | It/Node Time

     0     0 -2101.6879    0   36 -2009.6720 -2101.6879  4.58%     -    0s

Explored 0 nodes (61 simplex iterations) in 0.02 seconds
Thread count was 20 (of 20 available processors)

Solution count 2: -2009.67 -248.452 
Pool objective bound -2101.69

Optimal solution found (tolerance 5.00e-02)
Best objective -2.009672000000e+03, best bound -2.101687900000e+03, gap 4.5787%
Changed value of parameter MIPGap to 0.05
   Prev: 0.0001  Min: 0.0  Max: 1e+100  Default: 0.0001
Changed value of parameter TimeLimit to 1800.0
   Prev: 1e+100  Min: 0.0  Max: 1e+100  Default: 1e+100
Changed value of parameter Method to 2
   Prev: -1  Min: -1  Max: 4  Default: -1
Changed value of parameter MIPFocus to 1
   Prev: 0  Min: 0  Max: 3  Default: 0
Optimize a model with 4162 rows, 6093 columns and 12186 nonzeros
Variable types: 0 continuous, 6093 integer (6093 binary)
Coefficient statistics:
  Matrix range     [1e+00, 5e+00]
  Objective range  [1e+00, 5e+00]
  Bounds range     [1e+00, 1e+00]
  RHS range        [8e+01, 8e+01]
Found heuristic solution: objective 0
Presolve removed 4099 rows and 4793 columns
Presolve time: 0.01s
Presolved: 63 rows, 1300 columns, 2322 nonzeros
Found heuristic solution: objective -2422.712000
Variable types: 0 continuous, 1300 integer (1099 binary)
Presolved: 63 rows, 1300 columns, 2322 nonzeros

Root barrier log...

Ordering time: 0.00s

Barrier statistics:
 AA' NZ     : 9.100e+02
 Factor NZ  : 1.973e+03 (roughly 1 MByte of memory)
 Factor Ops : 8.178e+04 (less than 1 second per iteration)
 Threads    : 1

                  Objective                Residual
Iter       Primal          Dual         Primal    Dual     Compl     Time
   0  -4.76864142e+03 -4.76989349e+03  2.07e+01 8.88e-16  2.71e+00     0s
   1  -2.42774452e+03 -3.71558516e+03  3.96e-01 3.56e-01  5.44e-01     0s
   2  -2.52947931e+03 -2.78939037e+03  1.03e-02 6.01e-02  9.90e-02     0s
   3  -2.56782133e+03 -2.66300469e+03  2.90e-03 1.24e-02  3.61e-02     0s
   4  -2.58455347e+03 -2.60654995e+03  4.95e-04 1.78e-15  8.34e-03     0s
   5  -2.58948303e+03 -2.59951094e+03  1.88e-04 1.78e-15  3.80e-03     0s
   6  -2.59143500e+03 -2.59718664e+03  8.73e-05 1.78e-15  2.18e-03     0s
   7  -2.59307100e+03 -2.59507046e+03  9.59e-06 1.78e-15  7.56e-04     0s
   8  -2.59361633e+03 -2.59421703e+03  1.93e-06 1.78e-15  2.27e-04     0s
   9  -2.59381342e+03 -2.59387534e+03  0.00e+00 1.78e-15  2.33e-05     0s
  10  -2.59383198e+03 -2.59383204e+03  0.00e+00 1.78e-15  2.34e-08     0s
  11  -2.59383200e+03 -2.59383200e+03  0.00e+00 1.78e-15  2.34e-11     0s

Barrier solved model in 11 iterations and 0.02 seconds
Optimal objective -2.59383200e+03


Root relaxation: objective -2.593832e+03, 88 iterations, 0.01 seconds

    Nodes    |    Current Node    |     Objective Bounds      |     Work
 Expl Unexpl |  Obj  Depth IntInf | Incumbent    BestBd   Gap | It/Node Time

     0     0 -2593.8320    0   23 -2422.7120 -2593.8320  7.06%     -    0s
H    0     0                    -2584.160000 -2593.8320  0.37%     -    0s

Explored 0 nodes (176 simplex iterations) in 0.03 seconds
Thread count was 20 (of 20 available processors)

Solution count 3: -2584.16 -2422.71 -293.904 
Pool objective bound -2593.83

Optimal solution found (tolerance 5.00e-02)
Best objective -2.584160000000e+03, best bound -2.593832000000e+03, gap 0.3743%
Changed value of parameter MIPGap to 0.05
   Prev: 0.0001  Min: 0.0  Max: 1e+100  Default: 0.0001
Changed value of parameter TimeLimit to 1800.0
   Prev: 1e+100  Min: 0.0  Max: 1e+100  Default: 1e+100
Changed value of parameter Method to 2
   Prev: -1  Min: -1  Max: 4  Default: -1
Changed value of parameter MIPFocus to 1
   Prev: 0  Min: 0  Max: 3  Default: 0
Optimize a model with 4162 rows, 6093 columns and 12186 nonzeros
Variable types: 0 continuous, 6093 integer (6093 binary)
Coefficient statistics:
  Matrix range     [1e+00, 5e+00]
  Objective range  [1e+00, 6e+00]
  Bounds range     [1e+00, 1e+00]
  RHS range        [8e+01, 8e+01]
Found heuristic solution: objective 0
Presolve removed 4099 rows and 4793 columns
Presolve time: 0.01s
Presolved: 63 rows, 1300 columns, 2322 nonzeros
Found heuristic solution: objective -2638.210000
Variable types: 0 continuous, 1300 integer (1099 binary)
Presolved: 63 rows, 1300 columns, 2322 nonzeros

Root barrier log...

Ordering time: 0.00s

Barrier statistics:
 AA' NZ     : 9.100e+02
 Factor NZ  : 1.973e+03 (roughly 1 MByte of memory)
 Factor Ops : 8.178e+04 (less than 1 second per iteration)
 Threads    : 1

                  Objective                Residual
Iter       Primal          Dual         Primal    Dual     Compl     Time
   0  -5.11018340e+03 -5.57832332e+03  2.07e+01 8.88e-16  3.38e+00     0s
   1  -2.60635416e+03 -4.28589007e+03  3.34e-01 4.94e-01  7.00e-01     0s
   2  -2.75366530e+03 -3.11795888e+03  8.07e-03 9.35e-02  1.38e-01     0s
   3  -2.82072668e+03 -2.90381133e+03  0.00e+00 1.33e-02  3.13e-02     0s
   4  -2.83351978e+03 -2.86086584e+03  0.00e+00 1.78e-15  1.03e-02     0s
   5  -2.83830949e+03 -2.84932154e+03  0.00e+00 1.78e-15  4.14e-03     0s
   6  -2.84017622e+03 -2.84423337e+03  0.00e+00 1.78e-15  1.53e-03     0s
   7  -2.84140016e+03 -2.84277752e+03  0.00e+00 1.78e-15  5.18e-04     0s
   8  -2.84175557e+03 -2.84216481e+03  0.00e+00 1.78e-15  1.54e-04     0s
   9  -2.84190968e+03 -2.84193397e+03  0.00e+00 1.78e-15  9.13e-06     0s
  10  -2.84191499e+03 -2.84191502e+03  0.00e+00 1.78e-15  9.13e-09     0s

Barrier solved model in 10 iterations and 0.02 seconds
Optimal objective -2.84191499e+03


Root relaxation: objective -2.841915e+03, 88 iterations, 0.01 seconds

    Nodes    |    Current Node    |     Objective Bounds      |     Work
 Expl Unexpl |  Obj  Depth IntInf | Incumbent    BestBd   Gap | It/Node Time

     0     0 -2841.9150    0   25 -2638.2100 -2841.9150  7.72%     -    0s
H    0     0                    -2832.630000 -2841.9150  0.33%     -    0s

Explored 0 nodes (168 simplex iterations) in 0.03 seconds
Thread count was 20 (of 20 available processors)

Solution count 3: -2832.63 -2638.21 -316.63 
Pool objective bound -2841.91

Optimal solution found (tolerance 5.00e-02)
Best objective -2.832630000000e+03, best bound -2.841910000000e+03, gap 0.3276%
Changed value of parameter MIPGap to 0.05
   Prev: 0.0001  Min: 0.0  Max: 1e+100  Default: 0.0001
Changed value of parameter TimeLimit to 1800.0
   Prev: 1e+100  Min: 0.0  Max: 1e+100  Default: 1e+100
Changed value of parameter Method to 2
   Prev: -1  Min: -1  Max: 4  Default: -1
Changed value of parameter MIPFocus to 1
   Prev: 0  Min: 0  Max: 3  Default: 0
Optimize a model with 4162 rows, 6093 columns and 12186 nonzeros
Variable types: 0 continuous, 6093 integer (6093 binary)
Coefficient statistics:
  Matrix range     [1e+00, 5e+00]
  Objective range  [1e+00, 1e+01]
  Bounds range     [1e+00, 1e+00]
  RHS range        [8e+01, 8e+01]
Found heuristic solution: objective 0
Presolve removed 4099 rows and 4793 columns
Presolve time: 0.01s
Presolved: 63 rows, 1300 columns, 2322 nonzeros
Found heuristic solution: objective -3781.760000
Variable types: 0 continuous, 1300 integer (1099 binary)
Presolved: 63 rows, 1300 columns, 2322 nonzeros

Root barrier log...

Ordering time: 0.00s

Barrier statistics:
 AA' NZ     : 9.100e+02
 Factor NZ  : 1.973e+03 (roughly 1 MByte of memory)
 Factor Ops : 8.178e+04 (less than 1 second per iteration)
 Threads    : 1

                  Objective                Residual
Iter       Primal          Dual         Primal    Dual     Compl     Time
   0  -6.81280839e+03 -9.63551187e+03  2.08e+01 1.78e-15  6.76e+00     0s
   1  -3.65278797e+03 -6.82356788e+03  3.20e-01 1.19e+00  1.32e+00     0s
   2  -3.91845111e+03 -4.51569196e+03  0.00e+00 1.93e-01  2.26e-01     0s
   3  -4.04456407e+03 -4.14480343e+03  0.00e+00 1.85e-02  3.77e-02     0s
   4  -4.05884160e+03 -4.10280867e+03  0.00e+00 3.55e-15  1.65e-02     0s
   5  -4.06918562e+03 -4.09472916e+03  0.00e+00 1.78e-15  9.59e-03     0s
   6  -4.07554520e+03 -4.08719073e+03  0.00e+00 3.55e-15  4.37e-03     0s
   7  -4.07976610e+03 -4.08422010e+03  0.00e+00 1.78e-15  1.67e-03     0s
   8  -4.08129835e+03 -4.08299398e+03  0.00e+00 3.55e-15  6.37e-04     0s
   9  -4.08223555e+03 -4.08246902e+03  0.00e+00 3.55e-15  8.77e-05     0s
  10  -4.08232984e+03 -4.08233024e+03  0.00e+00 3.55e-15  1.51e-07     0s
  11  -4.08233000e+03 -4.08233000e+03  0.00e+00 3.55e-15  1.51e-10     0s

Barrier solved model in 11 iterations and 0.02 seconds
Optimal objective -4.08233000e+03


Root relaxation: objective -4.082330e+03, 88 iterations, 0.01 seconds

    Nodes    |    Current Node    |     Objective Bounds      |     Work
 Expl Unexpl |  Obj  Depth IntInf | Incumbent    BestBd   Gap | It/Node Time

     0     0 -4082.3300    0   25 -3781.7600 -4082.3300  7.95%     -    0s
H    0     0                    -4070.720000 -4082.3300  0.29%     -    0s

Explored 0 nodes (170 simplex iterations) in 0.02 seconds
Thread count was 20 (of 20 available processors)

Solution count 3: -4070.72 -3781.76 -430.26 
Pool objective bound -4082.32

Optimal solution found (tolerance 5.00e-02)
Best objective -4.070720000000e+03, best bound -4.082320000000e+03, gap 0.2850%
Changed value of parameter MIPGap to 0.05
   Prev: 0.0001  Min: 0.0  Max: 1e+100  Default: 0.0001
Changed value of parameter TimeLimit to 1800.0
   Prev: 1e+100  Min: 0.0  Max: 1e+100  Default: 1e+100
Changed value of parameter Method to 2
   Prev: -1  Min: -1  Max: 4  Default: -1
Changed value of parameter MIPFocus to 1
   Prev: 0  Min: 0  Max: 3  Default: 0
Optimize a model with 4162 rows, 6093 columns and 12186 nonzeros
Variable types: 0 continuous, 6093 integer (6093 binary)
Coefficient statistics:
  Matrix range     [1e+00, 5e+00]
  Objective range  [2e+00, 2e+01]
  Bounds range     [1e+00, 1e+00]
  RHS range        [8e+01, 8e+01]
Found heuristic solution: objective 0
Presolve removed 4099 rows and 4793 columns
Presolve time: 0.01s
Presolved: 63 rows, 1300 columns, 2322 nonzeros
Found heuristic solution: objective -6116.360000
Variable types: 0 continuous, 1300 integer (1099 binary)
Presolved: 63 rows, 1300 columns, 2322 nonzeros

Root barrier log...

Ordering time: 0.00s

Barrier statistics:
 AA' NZ     : 9.100e+02
 Factor NZ  : 1.973e+03 (roughly 1 MByte of memory)
 Factor Ops : 8.178e+04 (less than 1 second per iteration)
 Threads    : 1

                  Objective                Residual
Iter       Primal          Dual         Primal    Dual     Compl     Time
   0  -1.02130172e+04 -1.79742127e+04  2.08e+01 4.88e-15  1.38e+01     0s
   1  -5.75722276e+03 -1.23461139e+04  2.36e-01 3.14e+00  2.71e+00     0s
   2  -6.22961680e+03 -7.31666952e+03  0.00e+00 3.57e-01  4.12e-01     0s
   3  -6.48398593e+03 -6.65755081e+03  0.00e+00 2.83e-02  6.53e-02     0s
   4  -6.52661547e+03 -6.59981551e+03  0.00e+00 3.55e-15  2.75e-02     0s
   5  -6.54292195e+03 -6.58607335e+03  0.00e+00 3.55e-15  1.62e-02     0s
   6  -6.55474084e+03 -6.57311939e+03  0.00e+00 3.55e-15  6.90e-03     0s
   7  -6.56047486e+03 -6.56799878e+03  0.00e+00 3.55e-15  2.83e-03     0s
   8  -6.56309692e+03 -6.56584539e+03  0.00e+00 3.55e-15  1.03e-03     0s
   9  -6.56427207e+03 -6.56474198e+03  0.00e+00 3.55e-15  1.76e-04     0s
  10  -6.56444470e+03 -6.56445809e+03  0.00e+00 7.11e-15  5.03e-06     0s
  11  -6.56444999e+03 -6.56445001e+03  0.00e+00 7.11e-15  5.03e-09     0s

Barrier solved model in 11 iterations and 0.02 seconds
Optimal objective -6.56444999e+03


Root relaxation: objective -6.564450e+03, 90 iterations, 0.01 seconds

    Nodes    |    Current Node    |     Objective Bounds      |     Work
 Expl Unexpl |  Obj  Depth IntInf | Incumbent    BestBd   Gap | It/Node Time

     0     0 -6564.4500    0   24 -6116.3600 -6564.4500  7.33%     -    0s
H    0     0                    -6549.640000 -6564.4500  0.23%     -    0s

Explored 0 nodes (149 simplex iterations) in 0.03 seconds
Thread count was 20 (of 20 available processors)

Solution count 3: -6549.64 -6116.36 -657.52 
Pool objective bound -6564.44

Optimal solution found (tolerance 5.00e-02)
Best objective -6.549640000000e+03, best bound -6.564440000000e+03, gap 0.2260%
Changed value of parameter MIPGap to 0.05
   Prev: 0.0001  Min: 0.0  Max: 1e+100  Default: 0.0001
Changed value of parameter TimeLimit to 1800.0
   Prev: 1e+100  Min: 0.0  Max: 1e+100  Default: 1e+100
Changed value of parameter Method to 2
   Prev: -1  Min: -1  Max: 4  Default: -1
Changed value of parameter MIPFocus to 1
   Prev: 0  Min: 0  Max: 3  Default: 0
Optimize a model with 4162 rows, 6093 columns and 12186 nonzeros
Variable types: 0 continuous, 6093 integer (6093 binary)
Coefficient statistics:
  Matrix range     [1e+00, 5e+00]
  Objective range  [2e+00, 4e+01]
  Bounds range     [1e+00, 1e+00]
  RHS range        [8e+01, 8e+01]
Found heuristic solution: objective 0
Presolve removed 4099 rows and 4793 columns
Presolve time: 0.01s
Presolved: 63 rows, 1300 columns, 2322 nonzeros
Found heuristic solution: objective -10782.96000
Variable types: 0 continuous, 1300 integer (1099 binary)
Presolved: 63 rows, 1300 columns, 2322 nonzeros

Root barrier log...

Ordering time: 0.00s

Barrier statistics:
 AA' NZ     : 9.100e+02
 Factor NZ  : 1.973e+03 (roughly 1 MByte of memory)
 Factor Ops : 8.178e+04 (less than 1 second per iteration)
 Threads    : 1

                  Objective                Residual
Iter       Primal          Dual         Primal    Dual     Compl     Time
   0  -1.70105509e+04 -3.46516143e+04  2.08e+01 1.07e-14  2.77e+01     0s
   1  -1.00074119e+04 -2.33997469e+04  1.90e-01 7.14e+00  5.49e+00     0s
   2  -1.09447957e+04 -1.29169436e+04  0.00e+00 7.01e-01  7.51e-01     0s
   3  -1.13815659e+04 -1.16828547e+04  0.00e+00 4.63e-02  1.13e-01     0s
   4  -1.14770160e+04 -1.15854633e+04  0.00e+00 7.11e-15  4.07e-02     0s
   5  -1.15074219e+04 -1.15671623e+04  0.00e+00 7.11e-15  2.24e-02     0s
   6  -1.15235889e+04 -1.15455242e+04  0.00e+00 1.42e-14  8.24e-03     0s
   7  -1.15284070e+04 -1.15379970e+04  0.00e+00 7.11e-15  3.60e-03     0s
   8  -1.15320654e+04 -1.15355509e+04  0.00e+00 1.42e-14  1.31e-03     0s
   9  -1.15336377e+04 -1.15342771e+04  0.00e+00 7.11e-15  2.40e-04     0s
  10  -1.15340380e+04 -1.15340660e+04  0.00e+00 1.42e-14  1.05e-05     0s
  11  -1.15340600e+04 -1.15340600e+04  0.00e+00 1.42e-14  1.05e-08     0s
  12  -1.15340600e+04 -1.15340600e+04  0.00e+00 1.42e-14  1.05e-11     0s

Barrier solved model in 12 iterations and 0.02 seconds
Optimal objective -1.15340600e+04


Root relaxation: objective -1.153406e+04, 68 iterations, 0.01 seconds

    Nodes    |    Current Node    |     Objective Bounds      |     Work
 Expl Unexpl |  Obj  Depth IntInf | Incumbent    BestBd   Gap | It/Node Time

     0     0 -11534.060    0   27 -10782.960 -11534.060  6.97%     -    0s
H    0     0                    -11512.76000 -11534.060  0.19%     -    0s

Explored 0 nodes (99 simplex iterations) in 0.03 seconds
Thread count was 20 (of 20 available processors)

Solution count 3: -11512.8 -10783 -1112.04 
Pool objective bound -11534

Optimal solution found (tolerance 5.00e-02)
Best objective -1.151276000000e+04, best bound -1.153404000000e+04, gap 0.1848%
Changed value of parameter MIPGap to 0.05
   Prev: 0.0001  Min: 0.0  Max: 1e+100  Default: 0.0001
Changed value of parameter TimeLimit to 1800.0
   Prev: 1e+100  Min: 0.0  Max: 1e+100  Default: 1e+100
Changed value of parameter Method to 2
   Prev: -1  Min: -1  Max: 4  Default: -1
Changed value of parameter MIPFocus to 1
   Prev: 0  Min: 0  Max: 3  Default: 0
Optimize a model with 4162 rows, 6093 columns and 12186 nonzeros
Variable types: 0 continuous, 6093 integer (6093 binary)
Coefficient statistics:
  Matrix range     [1e+00, 5e+00]
  Objective range  [2e+00, 5e+01]
  Bounds range     [1e+00, 1e+00]
  RHS range        [8e+01, 8e+01]
Found heuristic solution: objective 0
Presolve removed 4099 rows and 4793 columns
Presolve time: 0.01s
Presolved: 63 rows, 1300 columns, 2322 nonzeros
Found heuristic solution: objective -13116.70000
Variable types: 0 continuous, 1300 integer (1099 binary)
Presolved: 63 rows, 1300 columns, 2322 nonzeros

Root barrier log...

Ordering time: 0.00s

Barrier statistics:
 AA' NZ     : 9.100e+02
 Factor NZ  : 1.973e+03 (roughly 1 MByte of memory)
 Factor Ops : 8.178e+04 (less than 1 second per iteration)
 Threads    : 1

                  Objective                Residual
Iter       Primal          Dual         Primal    Dual     Compl     Time
   0  -2.04090356e+04 -4.29903151e+04  2.08e+01 1.07e-14  3.47e+01     0s
   1  -1.21367482e+04 -2.89274503e+04  1.80e-01 9.14e+00  6.87e+00     0s
   2  -1.33040970e+04 -1.57172830e+04  0.00e+00 8.99e-01  9.20e-01     0s
   3  -1.38316436e+04 -1.41985556e+04  0.00e+00 5.48e-02  1.38e-01     0s
   4  -1.39549738e+04 -1.40962493e+04  0.00e+00 7.11e-15  5.31e-02     0s
   5  -1.39933629e+04 -1.40693601e+04  0.00e+00 1.42e-14  2.86e-02     0s
   6  -1.40051023e+04 -1.40412725e+04  0.00e+00 1.42e-14  1.36e-02     0s
   7  -1.40137504e+04 -1.40269976e+04  0.00e+00 1.42e-14  4.97e-03     0s
   8  -1.40207780e+04 -1.40234638e+04  0.00e+00 1.42e-14  1.01e-03     0s
   9  -1.40222494e+04 -1.40226459e+04  0.00e+00 1.42e-14  1.49e-04     0s
  10  -1.40225746e+04 -1.40225754e+04  0.00e+00 2.13e-14  3.21e-07     0s
  11  -1.40225750e+04 -1.40225750e+04  0.00e+00 1.42e-14  3.21e-10     0s

Barrier solved model in 11 iterations and 0.02 seconds
Optimal objective -1.40225750e+04


Root relaxation: objective -1.402258e+04, 69 iterations, 0.01 seconds

    Nodes    |    Current Node    |     Objective Bounds      |     Work
 Expl Unexpl |  Obj  Depth IntInf | Incumbent    BestBd   Gap | It/Node Time

     0     0 -14022.575    0   27 -13116.700 -14022.575  6.91%     -    0s
H    0     0                    -13997.20000 -14022.575  0.18%     -    0s

Explored 0 nodes (98 simplex iterations) in 0.03 seconds
Thread count was 20 (of 20 available processors)

Solution count 3: -13997.2 -13116.7 -1339.3 
Pool objective bound -14022.5

Optimal solution found (tolerance 5.00e-02)
Best objective -1.399720000000e+04, best bound -1.402250000000e+04, gap 0.1808%
Changed value of parameter MIPGap to 0.05
   Prev: 0.0001  Min: 0.0  Max: 1e+100  Default: 0.0001
Changed value of parameter TimeLimit to 1800.0
   Prev: 1e+100  Min: 0.0  Max: 1e+100  Default: 1e+100
Changed value of parameter Method to 2
   Prev: -1  Min: -1  Max: 4  Default: -1
Changed value of parameter MIPFocus to 1
   Prev: 0  Min: 0  Max: 3  Default: 0
Optimize a model with 4162 rows, 6093 columns and 12186 nonzeros
Variable types: 0 continuous, 6093 integer (6093 binary)
Coefficient statistics:
  Matrix range     [1e+00, 5e+00]
  Objective range  [4e+00, 1e+02]
  Bounds range     [1e+00, 1e+00]
  RHS range        [8e+01, 8e+01]
Found heuristic solution: objective 0
Presolve removed 4099 rows and 4793 columns
Presolve time: 0.01s
Presolved: 63 rows, 1300 columns, 2322 nonzeros
Found heuristic solution: objective -24785.40000
Variable types: 0 continuous, 1300 integer (1099 binary)
Presolved: 63 rows, 1300 columns, 2322 nonzeros

Root barrier log...

Ordering time: 0.00s

Barrier statistics:
 AA' NZ     : 9.100e+02
 Factor NZ  : 1.973e+03 (roughly 1 MByte of memory)
 Factor Ops : 8.178e+04 (less than 1 second per iteration)
 Threads    : 1

                  Objective                Residual
Iter       Primal          Dual         Primal    Dual     Compl     Time
   0  -3.74009005e+04 -8.46838192e+04  2.08e+01 2.13e-14  6.97e+01     0s
   1  -2.27920501e+04 -5.65677559e+04  1.61e-01 1.91e+01  1.38e+01     0s
   2  -2.51049874e+04 -2.96563406e+04  0.00e+00 1.81e+00  1.74e+00     0s
   3  -2.61010930e+04 -2.68386200e+04  0.00e+00 1.29e-01  2.78e-01     0s
   4  -2.63352993e+04 -2.65780920e+04  0.00e+00 1.42e-14  9.12e-02     0s
   5  -2.63953353e+04 -2.65300914e+04  0.00e+00 2.84e-14  5.06e-02     0s
   6  -2.64252184e+04 -2.64922368e+04  0.00e+00 2.84e-14  2.52e-02     0s
   7  -2.64520032e+04 -2.64715301e+04  0.00e+00 2.84e-14  7.33e-03     0s
   8  -2.64620540e+04 -2.64661061e+04  0.00e+00 4.26e-14  1.52e-03     0s
   9  -2.64649399e+04 -2.64651955e+04  0.00e+00 2.84e-14  9.60e-05     0s
  10  -2.64651498e+04 -2.64651500e+04  0.00e+00 2.84e-14  9.60e-08     0s
  11  -2.64651500e+04 -2.64651500e+04  0.00e+00 2.84e-14  9.60e-11     0s

Barrier solved model in 11 iterations and 0.02 seconds
Optimal objective -2.64651500e+04


Root relaxation: objective -2.646515e+04, 130 iterations, 0.01 seconds

    Nodes    |    Current Node    |     Objective Bounds      |     Work
 Expl Unexpl |  Obj  Depth IntInf | Incumbent    BestBd   Gap | It/Node Time

     0     0 -26465.150    0   29 -24785.400 -26465.150  6.78%     -    0s
H    0     0                    -26424.20000 -26465.150  0.15%     -    0s

Explored 0 nodes (172 simplex iterations) in 0.03 seconds
Thread count was 20 (of 20 available processors)

Solution count 3: -26424.2 -24785.4 -2475.6 
Pool objective bound -26465

Optimal solution found (tolerance 5.00e-02)
Best objective -2.642420000000e+04, best bound -2.646500000000e+04, gap 0.1544%
Changed value of parameter MIPGap to 0.05
   Prev: 0.0001  Min: 0.0  Max: 1e+100  Default: 0.0001
Changed value of parameter TimeLimit to 1800.0
   Prev: 1e+100  Min: 0.0  Max: 1e+100  Default: 1e+100
Changed value of parameter Method to 2
   Prev: -1  Min: -1  Max: 4  Default: -1
Changed value of parameter MIPFocus to 1
   Prev: 0  Min: 0  Max: 3  Default: 0
Optimize a model with 4162 rows, 6093 columns and 12186 nonzeros
Variable types: 0 continuous, 6093 integer (6093 binary)
Coefficient statistics:
  Matrix range     [1e+00, 5e+00]
  Objective range  [6e+00, 2e+02]
  Bounds range     [1e+00, 1e+00]
  RHS range        [8e+01, 8e+01]
Found heuristic solution: objective 0
Presolve removed 4099 rows and 4793 columns
Presolve time: 0.01s
Presolved: 63 rows, 1300 columns, 2322 nonzeros
Found heuristic solution: objective -48192.20000
Variable types: 0 continuous, 1300 integer (1099 binary)
Presolved: 63 rows, 1300 columns, 2322 nonzeros

Root barrier log...

Ordering time: 0.00s

Barrier statistics:
 AA' NZ     : 9.100e+02
 Factor NZ  : 1.973e+03 (roughly 1 MByte of memory)
 Factor Ops : 8.178e+04 (less than 1 second per iteration)
 Threads    : 1

                  Objective                Residual
Iter       Primal          Dual         Primal    Dual     Compl     Time
   0  -7.13840750e+04 -1.68070827e+05  2.08e+01 4.26e-14  1.40e+02     0s
   1  -4.41113604e+04 -1.11850206e+05  1.52e-01 3.92e+01  2.77e+01     0s
   2  -4.87225444e+04 -5.75427999e+04  0.00e+00 3.65e+00  3.37e+00     0s
   3  -5.06405271e+04 -5.21221374e+04  0.00e+00 2.74e-01  5.58e-01     0s
   4  -5.11112856e+04 -5.15891182e+04  0.00e+00 7.37e-03  1.80e-01     0s
   5  -5.12259020e+04 -5.14675785e+04  0.00e+00 2.84e-14  9.08e-02     0s
   6  -5.12907746e+04 -5.13977104e+04  0.00e+00 5.68e-14  4.02e-02     0s
   7  -5.13329437e+04 -5.13761104e+04  0.00e+00 5.68e-14  1.62e-02     0s
   8  -5.13551271e+04 -5.13673970e+04  0.00e+00 5.68e-14  4.61e-03     0s
   9  -5.13631807e+04 -5.13648444e+04  0.00e+00 5.68e-14  6.25e-04     0s
  10  -5.13645484e+04 -5.13645511e+04  0.00e+00 5.68e-14  1.02e-06     0s
  11  -5.13645500e+04 -5.13645500e+04  0.00e+00 5.68e-14  1.02e-09     0s

Barrier solved model in 11 iterations and 0.02 seconds
Optimal objective -5.13645500e+04


Root relaxation: objective -5.136455e+04, 75 iterations, 0.01 seconds

    Nodes    |    Current Node    |     Objective Bounds      |     Work
 Expl Unexpl |  Obj  Depth IntInf | Incumbent    BestBd   Gap | It/Node Time

     0     0 -51364.550    0   25 -48192.200 -51364.550  6.58%     -    0s
H    0     0                    -51282.20000 -51364.550  0.16%     -    0s

Explored 0 nodes (114 simplex iterations) in 0.03 seconds
Thread count was 20 (of 20 available processors)

Solution count 3: -51282.2 -48192.2 -4748.2 
Pool objective bound -51364.4

Optimal solution found (tolerance 5.00e-02)
Best objective -5.128220000000e+04, best bound -5.136440000000e+04, gap 0.1603%
Changed value of parameter MIPGap to 0.05
   Prev: 0.0001  Min: 0.0  Max: 1e+100  Default: 0.0001
Changed value of parameter TimeLimit to 1800.0
   Prev: 1e+100  Min: 0.0  Max: 1e+100  Default: 1e+100
Changed value of parameter Method to 2
   Prev: -1  Min: -1  Max: 4  Default: -1
Changed value of parameter MIPFocus to 1
   Prev: 0  Min: 0  Max: 3  Default: 0
Optimize a model with 4162 rows, 6093 columns and 12186 nonzeros
Variable types: 0 continuous, 6093 integer (6093 binary)
Coefficient statistics:
  Matrix range     [1e+00, 5e+00]
  Objective range  [1e+01, 5e+02]
  Bounds range     [1e+00, 1e+00]
  RHS range        [8e+01, 8e+01]
Found heuristic solution: objective 0
Presolve removed 4099 rows and 4793 columns
Presolve time: 0.01s
Presolved: 63 rows, 1300 columns, 2322 nonzeros
Found heuristic solution: objective -118337.0000
Variable types: 0 continuous, 1300 integer (1099 binary)
Presolved: 63 rows, 1300 columns, 2322 nonzeros

Root barrier log...

Ordering time: 0.00s

Barrier statistics:
 AA' NZ     : 9.100e+02
 Factor NZ  : 1.973e+03 (roughly 1 MByte of memory)
 Factor Ops : 8.178e+04 (less than 1 second per iteration)
 Threads    : 1

                  Objective                Residual
Iter       Primal          Dual         Primal    Dual     Compl     Time
   0  -1.73333156e+05 -4.18231852e+05  2.08e+01 5.68e-14  3.49e+02     0s
   1  -1.08076325e+05 -2.77699067e+05  1.46e-01 9.92e+01  6.92e+01     0s
   2  -1.19585621e+05 -1.41203443e+05  0.00e+00 9.13e+00  8.27e+00     0s
   3  -1.24268135e+05 -1.27946738e+05  0.00e+00 6.95e-01  1.39e+00     0s
   4  -1.25460580e+05 -1.26576852e+05  0.00e+00 3.61e-02  4.20e-01     0s
   5  -1.25771121e+05 -1.26320152e+05  0.00e+00 5.68e-14  2.06e-01     0s
   6  -1.25920493e+05 -1.26143379e+05  0.00e+00 1.14e-13  8.37e-02     0s
   7  -1.26017495e+05 -1.26082331e+05  0.00e+00 1.14e-13  2.43e-02     0s
   8  -1.26056364e+05 -1.26066236e+05  0.00e+00 1.14e-13  3.71e-03     0s
   9  -1.26062655e+05 -1.26063015e+05  0.00e+00 1.71e-13  1.35e-04     0s
  10  -1.26062750e+05 -1.26062750e+05  0.00e+00 1.71e-13  1.35e-07     0s
  11  -1.26062750e+05 -1.26062750e+05  0.00e+00 1.71e-13  1.35e-10     0s

Barrier solved model in 11 iterations and 0.03 seconds
Optimal objective -1.26062750e+05


Root relaxation: objective -1.260628e+05, 74 iterations, 0.01 seconds

    Nodes    |    Current Node    |     Objective Bounds      |     Work
 Expl Unexpl |  Obj  Depth IntInf | Incumbent    BestBd   Gap | It/Node Time

     0     0 -126062.75    0   24 -118337.00 -126062.75  6.53%     -    0s
H    0     0                    -125876.0000 -126062.75  0.15%     -    0s

Explored 0 nodes (105 simplex iterations) in 0.05 seconds
Thread count was 20 (of 20 available processors)

Solution count 3: -125876 -118337 -11566 
Pool objective bound -126062

Optimal solution found (tolerance 5.00e-02)
Best objective -1.258760000000e+05, best bound -1.260620000000e+05, gap 0.1478%
Changed value of parameter MIPGap to 0.05
   Prev: 0.0001  Min: 0.0  Max: 1e+100  Default: 0.0001
Changed value of parameter TimeLimit to 1800.0
   Prev: 1e+100  Min: 0.0  Max: 1e+100  Default: 1e+100
Changed value of parameter Method to 2
   Prev: -1  Min: -1  Max: 4  Default: -1
Changed value of parameter MIPFocus to 1
   Prev: 0  Min: 0  Max: 3  Default: 0
Optimize a model with 4162 rows, 6093 columns and 12186 nonzeros
Variable types: 0 continuous, 6093 integer (6093 binary)
Coefficient statistics:
  Matrix range     [1e+00, 5e+00]
  Objective range  [1e+02, 5e+03]
  Bounds range     [1e+00, 1e+00]
  RHS range        [8e+01, 8e+01]
Found heuristic solution: objective 0
Presolve removed 4099 rows and 4793 columns
Presolve time: 0.01s
Presolved: 63 rows, 1300 columns, 2322 nonzeros
Found heuristic solution: objective -1170509.000
Variable types: 0 continuous, 1300 integer (1099 binary)
Presolved: 63 rows, 1300 columns, 2322 nonzeros

Root barrier log...

Ordering time: 0.00s

Barrier statistics:
 AA' NZ     : 9.100e+02
 Factor NZ  : 1.973e+03 (roughly 1 MByte of memory)
 Factor Ops : 8.178e+04 (less than 1 second per iteration)
 Threads    : 1

                  Objective                Residual
Iter       Primal          Dual         Primal    Dual     Compl     Time
   0  -1.70256779e+06 -4.17064722e+06  2.08e+01 9.09e-13  3.49e+03     0s
   1  -1.06757623e+06 -2.76543732e+06  1.42e-01 1.00e+03  6.93e+02     0s
   2  -1.18256981e+06 -1.39617751e+06  0.00e+00 9.14e+01  8.17e+01     0s
   3  -1.22871529e+06 -1.26529775e+06  0.00e+00 6.99e+00  1.38e+01     0s
   4  -1.24074204e+06 -1.25215487e+06  0.00e+00 8.22e-01  4.29e+00     0s
   5  -1.24382406e+06 -1.24930581e+06  0.00e+00 9.09e-13  2.06e+00     0s
   6  -1.24520545e+06 -1.24742127e+06  0.00e+00 1.82e-12  8.32e-01     0s
   7  -1.24614653e+06 -1.24675398e+06  0.00e+00 1.82e-12  2.28e-01     0s
   8  -1.24647323e+06 -1.24658645e+06  0.00e+00 1.82e-12  4.25e-02     0s
   9  -1.24653383e+06 -1.24653996e+06  0.00e+00 1.82e-12  2.30e-03     0s
  10  -1.24653575e+06 -1.24653575e+06  0.00e+00 1.82e-12  2.30e-06     0s
  11  -1.24653575e+06 -1.24653575e+06  0.00e+00 1.82e-12  2.30e-09     0s

Barrier solved model in 11 iterations and 0.02 seconds
Optimal objective -1.24653575e+06


Root relaxation: objective -1.246536e+06, 74 iterations, 0.01 seconds

    Nodes    |    Current Node    |     Objective Bounds      |     Work
 Expl Unexpl |  Obj  Depth IntInf | Incumbent    BestBd   Gap | It/Node Time

     0     0 -1246535.8    0   28 -1170509.0 -1246535.8  6.50%     -    0s
H    0     0                    -1244778.000 -1246535.8  0.14%     -    0s

Explored 0 nodes (98 simplex iterations) in 0.02 seconds
Thread count was 20 (of 20 available processors)

Solution count 3: -1.24478e+06 -1.17051e+06 -113833 
Pool objective bound -1.24654e+06

Optimal solution found (tolerance 5.00e-02)
Best objective -1.244778000000e+06, best bound -1.246535000000e+06, gap 0.1411%
