Changed value of parameter MIPGap to 0.05
   Prev: 0.0001  Min: 0.0  Max: 1e+100  Default: 0.0001
Changed value of parameter TimeLimit to 1800.0
   Prev: 1e+100  Min: 0.0  Max: 1e+100  Default: 1e+100
Changed value of parameter Method to 2
   Prev: -1  Min: -1  Max: 4  Default: -1
Changed value of parameter MIPFocus to 1
   Prev: 0  Min: 0  Max: 3  Default: 0
Optimize a model with 4692 rows, 6888 columns and 13776 nonzeros
Variable types: 0 continuous, 6888 integer (6888 binary)
Coefficient statistics:
  Matrix range     [1e+00, 5e+00]
  Objective range  [1e+00, 1e+00]
  Bounds range     [1e+00, 1e+00]
  RHS range        [8e+01, 8e+01]
Found heuristic solution: objective 0
Presolve removed 4608 rows and 5147 columns
Presolve time: 0.03s
Presolved: 84 rows, 1741 columns, 3366 nonzeros
Found heuristic solution: objective -1638.000000
Variable types: 0 continuous, 1741 integer (1465 binary)
Presolved: 84 rows, 1741 columns, 3366 nonzeros

Root barrier log...

Ordering time: 0.00s

Barrier statistics:
 AA' NZ     : 1.573e+03
 Factor NZ  : 3.494e+03 (roughly 1 MByte of memory)
 Factor Ops : 1.913e+05 (less than 1 second per iteration)
 Threads    : 1

                  Objective                Residual
Iter       Primal          Dual         Primal    Dual     Compl     Time
   0  -5.32909808e+03 -3.68463575e+03  2.92e+01 4.44e-16  2.17e+00     0s
   1  -2.07349043e+03 -3.04223938e+03  2.79e+00 2.74e-01  5.03e-01     0s
   2  -1.81790461e+03 -2.04804552e+03  1.18e-01 2.32e-02  7.13e-02     0s
   3  -1.85751495e+03 -1.90773840e+03  2.08e-02 4.03e-03  1.52e-02     0s
   4  -1.86689945e+03 -1.88679429e+03  4.98e-03 1.77e-03  5.85e-03     0s
   5  -1.87176321e+03 -1.87664614e+03  3.59e-04 2.93e-04  1.40e-03     0s
   6  -1.87264410e+03 -1.87296686e+03  0.00e+00 5.52e-06  9.07e-05     0s
   7  -1.87269999e+03 -1.87270007e+03  0.00e+00 1.35e-09  2.25e-08     0s
   8  -1.87270000e+03 -1.87270000e+03  3.26e-15 1.78e-15  2.27e-14     0s

Barrier solved model in 8 iterations and 0.08 seconds
Optimal objective -1.87270000e+03


Root relaxation: objective -1.872700e+03, 710 iterations, 0.04 seconds

    Nodes    |    Current Node    |     Objective Bounds      |     Work
 Expl Unexpl |  Obj  Depth IntInf | Incumbent    BestBd   Gap | It/Node Time

     0     0 -1872.7000    0    7 -1638.0000 -1872.7000  14.3%     -    0s
H    0     0                    -1870.000000 -1872.7000  0.14%     -    0s

Explored 0 nodes (881 simplex iterations) in 0.11 seconds
Thread count was 20 (of 20 available processors)

Solution count 3: -1870 -1638 -37 
Pool objective bound -1872

Optimal solution found (tolerance 5.00e-02)
Best objective -1.870000000000e+03, best bound -1.872000000000e+03, gap 0.1070%
(0, 1727.0)
(1, 1746.0)
(2, 1727.0)
(3, 1732.0)
(4, 1725.0)
(5, 1738.0)
(6, 1721.0)
(7, 1725.0)
(8, 1733.0)
(9, 1726.0)
(10, 1717.0)
(11, 1726.0)
(12, 1726.0)
(13, 1732.0)
(14, 1716.0)
(15, 1708.0)
(16, 1717.0)
(17, 1713.0)
(18, 1737.0)
(19, 1736.0)
(20, 1727.0)
(21, 1746.0)
(22, 1716.0)
(23, 1729.0)
(24, 1733.0)
(25, 1710.0)
(26, 1723.0)
(27, 1749.0)
(28, 1703.0)
(29, 1718.0)
(30, 1746.0)
(31, 1737.0)
(32, 1730.0)
(33, 1711.0)
(34, 1733.0)
(35, 1728.0)
(36, 1716.0)
(37, 1717.0)
(38, 1716.0)
(39, 1726.0)
(0, 1763.0)
(1, 1757.0)
(2, 1760.0)
(3, 1765.0)
(4, 1761.0)
(5, 1759.0)
(6, 1760.0)
(7, 1764.0)
(8, 1758.0)
(9, 1752.0)
(10, 1766.0)
(11, 1762.0)
(12, 1763.0)
(13, 1759.0)
(14, 1768.0)
(15, 1765.0)
(16, 1758.0)
(17, 1760.0)
(18, 1758.0)
(19, 1763.0)
(20, 1762.0)
(21, 1760.0)
(22, 1761.0)
(23, 1765.0)
(24, 1765.0)
(25, 1756.0)
(26, 1759.0)
(27, 1761.0)
(28, 1765.0)
(29, 1765.0)
(30, 1762.0)
(31, 1762.0)
(32, 1762.0)
(33, 1754.0)
(34, 1766.0)
(35, 1762.0)
(36, 1764.0)
(37, 1765.0)
(38, 1760.0)
(39, 1760.0)
Changed value of parameter MIPGap to 0.05
   Prev: 0.0001  Min: 0.0  Max: 1e+100  Default: 0.0001
Changed value of parameter TimeLimit to 1800.0
   Prev: 1e+100  Min: 0.0  Max: 1e+100  Default: 1e+100
Changed value of parameter Method to 2
   Prev: -1  Min: -1  Max: 4  Default: -1
Changed value of parameter MIPFocus to 1
   Prev: 0  Min: 0  Max: 3  Default: 0
Optimize a model with 4692 rows, 6888 columns and 13776 nonzeros
Variable types: 0 continuous, 6888 integer (6888 binary)
Coefficient statistics:
  Matrix range     [1e+00, 5e+00]
  Objective range  [1e+00, 1e+00]
  Bounds range     [1e+00, 1e+00]
  RHS range        [8e+01, 8e+01]
Found heuristic solution: objective 0
Presolve removed 4608 rows and 5145 columns
Presolve time: 0.01s
Presolved: 84 rows, 1743 columns, 3368 nonzeros
Found heuristic solution: objective -1639.396500
Variable types: 0 continuous, 1743 integer (1465 binary)
Presolved: 84 rows, 1743 columns, 3368 nonzeros

Root barrier log...

Ordering time: 0.00s

Barrier statistics:
 AA' NZ     : 1.573e+03
 Factor NZ  : 3.494e+03 (roughly 1 MByte of memory)
 Factor Ops : 1.913e+05 (less than 1 second per iteration)
 Threads    : 1

                  Objective                Residual
Iter       Primal          Dual         Primal    Dual     Compl     Time
   0  -5.33484165e+03 -3.68983075e+03  2.92e+01 8.88e-16  2.17e+00     0s
   1  -2.07487538e+03 -3.04543456e+03  2.79e+00 2.75e-01  5.03e-01     0s
   2  -1.81890337e+03 -2.04784858e+03  1.17e-01 2.29e-02  7.09e-02     0s
   3  -1.85848389e+03 -1.90873854e+03  2.09e-02 4.07e-03  1.52e-02     0s
   4  -1.86780384e+03 -1.88766020e+03  5.14e-03 1.72e-03  5.84e-03     0s
   5  -1.87272492e+03 -1.87750385e+03  4.11e-04 2.80e-04  1.37e-03     0s
   6  -1.87364561e+03 -1.87400323e+03  0.00e+00 8.88e-16  1.00e-04     0s
   7  -1.87370354e+03 -1.87370360e+03  0.00e+00 1.78e-15  1.49e-08     0s
   8  -1.87370355e+03 -1.87370355e+03  6.99e-15 1.78e-15  1.53e-14     0s

Barrier solved model in 8 iterations and 0.02 seconds
Optimal objective -1.87370355e+03


Root relaxation: objective -1.873704e+03, 710 iterations, 0.01 seconds

    Nodes    |    Current Node    |     Objective Bounds      |     Work
 Expl Unexpl |  Obj  Depth IntInf | Incumbent    BestBd   Gap | It/Node Time

     0     0 -1873.7036    0    7 -1639.3965 -1873.7036  14.3%     -    0s
H    0     0                    -1871.005000 -1873.7036  0.14%     -    0s

Explored 0 nodes (1158 simplex iterations) in 0.03 seconds
Thread count was 20 (of 20 available processors)

Solution count 3: -1871 -1639.4 -27.0205 
Pool objective bound -1873.7

Optimal solution found (tolerance 5.00e-02)
Best objective -1.871005000000e+03, best bound -1.873703550000e+03, gap 0.1442%
(0, 1723.9315000000609)
(1, 1717.9285000000602)
(2, 1727.9335000000613)
(3, 1708.9240000000593)
(4, 1767.9535000000653)
(5, 1765.9525000000651)
(6, 1696.9180000000581)
(7, 1761.9505000000647)
(8, 1734.937000000062)
(9, 1720.9300000000605)
(10, 1725.9325000000611)
(11, 1731.9355000000617)
(12, 1767.9535000000653)
(13, 1771.9555000000657)
(14, 1757.9485000000643)
(15, 1671.9055000000556)
(16, 1730.9350000000616)
(17, 1766.9530000000652)
(18, 1723.9315000000609)
(19, 1710.9250000000595)
(20, 1719.9295000000604)
(21, 1729.9345000000615)
(22, 1729.9345000000615)
(23, 1762.9510000000648)
(24, 1678.9090000000563)
(25, 1738.9390000000624)
(26, 1676.9080000000561)
(27, 1764.952000000065)
(28, 1766.9530000000652)
(29, 1728.9340000000614)
(30, 1725.9325000000611)
(31, 1733.9365000000619)
(32, 1763.9515000000649)
(33, 1725.9325000000611)
(34, 1732.9360000000618)
(35, 1732.9360000000618)
(36, 1765.9525000000651)
(37, 1717.9285000000602)
(38, 1732.9360000000618)
(39, 1763.9515000000649)
(0, 1756.9480000000642)
(1, 1753.9465000000639)
(2, 1751.9455000000637)
(3, 1754.947000000064)
(4, 1761.9505000000647)
(5, 1754.947000000064)
(6, 1764.952000000065)
(7, 1767.9535000000653)
(8, 1764.952000000065)
(9, 1754.947000000064)
(10, 1761.9505000000647)
(11, 1760.9500000000646)
(12, 1761.9505000000647)
(13, 1756.9480000000642)
(14, 1758.9490000000644)
(15, 1767.9535000000653)
(16, 1759.9495000000645)
(17, 1749.9445000000635)
(18, 1754.947000000064)
(19, 1765.9525000000651)
(20, 1762.9510000000648)
(21, 1753.9465000000639)
(22, 1760.9500000000646)
(23, 1764.952000000065)
(24, 1758.9490000000644)
(25, 1752.9460000000638)
(26, 1760.9500000000646)
(27, 1763.9515000000649)
(28, 1760.9500000000646)
(29, 1762.9510000000648)
(30, 1757.9485000000643)
(31, 1748.9440000000634)
(32, 1754.947000000064)
(33, 1759.9495000000645)
(34, 1760.9500000000646)
(35, 1759.9495000000645)
(36, 1763.9515000000649)
(37, 1753.9465000000639)
(38, 1763.9515000000649)
(39, 1757.9485000000643)
Changed value of parameter MIPGap to 0.05
   Prev: 0.0001  Min: 0.0  Max: 1e+100  Default: 0.0001
Changed value of parameter TimeLimit to 1800.0
   Prev: 1e+100  Min: 0.0  Max: 1e+100  Default: 1e+100
Changed value of parameter Method to 2
   Prev: -1  Min: -1  Max: 4  Default: -1
Changed value of parameter MIPFocus to 1
   Prev: 0  Min: 0  Max: 3  Default: 0
Optimize a model with 4692 rows, 6888 columns and 13776 nonzeros
Variable types: 0 continuous, 6888 integer (6888 binary)
Coefficient statistics:
  Matrix range     [1e+00, 5e+00]
  Objective range  [1e+00, 1e+00]
  Bounds range     [1e+00, 1e+00]
  RHS range        [8e+01, 8e+01]
Found heuristic solution: objective 0
Presolve removed 4608 rows and 5145 columns
Presolve time: 0.01s
Presolved: 84 rows, 1743 columns, 3368 nonzeros
Found heuristic solution: objective -1640.793000
Variable types: 0 continuous, 1743 integer (1465 binary)
Presolved: 84 rows, 1743 columns, 3368 nonzeros

Root barrier log...

Ordering time: 0.00s

Barrier statistics:
 AA' NZ     : 1.573e+03
 Factor NZ  : 3.494e+03 (roughly 1 MByte of memory)
 Factor Ops : 1.913e+05 (less than 1 second per iteration)
 Threads    : 1

                  Objective                Residual
Iter       Primal          Dual         Primal    Dual     Compl     Time
   0  -5.33845312e+03 -3.69163592e+03  2.92e+01 4.44e-16  2.17e+00     0s
   1  -2.07610414e+03 -3.04702155e+03  2.79e+00 2.75e-01  5.03e-01     0s
   2  -1.81988450e+03 -2.04748338e+03  1.16e-01 2.25e-02  7.05e-02     0s
   3  -1.85945012e+03 -1.90966926e+03  2.10e-02 4.08e-03  1.52e-02     0s
   4  -1.86870901e+03 -1.88849828e+03  5.28e-03 1.66e-03  5.82e-03     0s
   5  -1.87368583e+03 -1.87834624e+03  4.63e-04 2.64e-04  1.34e-03     0s
   6  -1.87464888e+03 -1.87486003e+03  0.00e+00 1.78e-15  5.93e-05     0s
   7  -1.87470710e+03 -1.87470711e+03  0.00e+00 1.78e-15  3.37e-09     0s

Barrier solved model in 7 iterations and 0.02 seconds
Optimal objective -1.87470710e+03


Root relaxation: objective -1.874707e+03, 710 iterations, 0.01 seconds

    Nodes    |    Current Node    |     Objective Bounds      |     Work
 Expl Unexpl |  Obj  Depth IntInf | Incumbent    BestBd   Gap | It/Node Time

     0     0 -1874.7071    0    9 -1640.7930 -1874.7071  14.3%     -    0s
H    0     0                    -1872.010000 -1874.7071  0.14%     -    0s

Explored 0 nodes (838 simplex iterations) in 0.03 seconds
Thread count was 20 (of 20 available processors)

Solution count 3: -1872.01 -1640.79 -27.041 
Pool objective bound -1874.71

Optimal solution found (tolerance 5.00e-02)
Best objective -1.872010000000e+03, best bound -1.874707100000e+03, gap 0.1441%
(0, 1759.8979999999654)
(1, 1742.8809999999658)
(2, 1755.8939999999654)
(3, 1764.9029999999652)
(4, 1752.8909999999655)
(5, 1735.8739999999659)
(6, 1753.8919999999655)
(7, 1744.8829999999657)
(8, 1760.8989999999653)
(9, 1758.8969999999654)
(10, 1760.8989999999653)
(11, 1754.8929999999655)
(12, 1756.8949999999654)
(13, 1765.9039999999652)
(14, 1759.8979999999654)
(15, 1748.8869999999656)
(16, 1758.8969999999654)
(17, 1745.8839999999657)
(18, 1754.8929999999655)
(19, 1752.8909999999655)
(20, 1747.8859999999656)
(21, 1755.8939999999654)
(22, 1758.8969999999654)
(23, 1761.8999999999653)
(24, 1757.8959999999654)
(25, 1756.8949999999654)
(26, 1765.9039999999652)
(27, 1758.8969999999654)
(28, 1751.8899999999655)
(29, 1759.8979999999654)
(30, 1758.8969999999654)
(31, 1752.8909999999655)
(32, 1760.8989999999653)
(33, 1755.8939999999654)
(34, 1741.8799999999658)
(35, 1755.8939999999654)
(36, 1759.8979999999654)
(37, 1756.8949999999654)
(38, 1757.8959999999654)
(39, 1751.8899999999655)
(0, 1756.8949999999654)
(1, 1754.8929999999655)
(2, 1753.8919999999655)
(3, 1757.8959999999654)
(4, 1752.8909999999655)
(5, 1753.8919999999655)
(6, 1748.8869999999656)
(7, 1757.8959999999654)
(8, 1749.8879999999656)
(9, 1750.8889999999656)
(10, 1749.8879999999656)
(11, 1747.8859999999656)
(12, 1747.8859999999656)
(13, 1750.8889999999656)
(14, 1746.8849999999657)
(15, 1748.8869999999656)
(16, 1748.8869999999656)
(17, 1749.8879999999656)
(18, 1753.8919999999655)
(19, 1748.8869999999656)
(20, 1753.8919999999655)
(21, 1760.8989999999653)
(22, 1750.8889999999656)
(23, 1755.8939999999654)
(24, 1753.8919999999655)
(25, 1748.8869999999656)
(26, 1748.8869999999656)
(27, 1754.8929999999655)
(28, 1756.8949999999654)
(29, 1750.8889999999656)
(30, 1761.8999999999653)
(31, 1747.8859999999656)
(32, 1754.8929999999655)
(33, 1746.8849999999657)
(34, 1754.8929999999655)
(35, 1753.8919999999655)
(36, 1750.8889999999656)
(37, 1747.8859999999656)
(38, 1751.8899999999655)
(39, 1753.8919999999655)
Changed value of parameter MIPGap to 0.05
   Prev: 0.0001  Min: 0.0  Max: 1e+100  Default: 0.0001
Changed value of parameter TimeLimit to 1800.0
   Prev: 1e+100  Min: 0.0  Max: 1e+100  Default: 1e+100
Changed value of parameter Method to 2
   Prev: -1  Min: -1  Max: 4  Default: -1
Changed value of parameter MIPFocus to 1
   Prev: 0  Min: 0  Max: 3  Default: 0
Optimize a model with 4692 rows, 6888 columns and 13776 nonzeros
Variable types: 0 continuous, 6888 integer (6888 binary)
Coefficient statistics:
  Matrix range     [1e+00, 5e+00]
  Objective range  [1e+00, 1e+00]
  Bounds range     [1e+00, 1e+00]
  RHS range        [8e+01, 8e+01]
Found heuristic solution: objective 0
Presolve removed 4608 rows and 5145 columns
Presolve time: 0.01s
Presolved: 84 rows, 1743 columns, 3368 nonzeros
Found heuristic solution: objective -1643.586000
Variable types: 0 continuous, 1743 integer (1465 binary)
Presolved: 84 rows, 1743 columns, 3368 nonzeros

Root barrier log...

Ordering time: 0.00s

Barrier statistics:
 AA' NZ     : 1.573e+03
 Factor NZ  : 3.494e+03 (roughly 1 MByte of memory)
 Factor Ops : 1.913e+05 (less than 1 second per iteration)
 Threads    : 1

                  Objective                Residual
Iter       Primal          Dual         Primal    Dual     Compl     Time
   0  -5.34567604e+03 -3.69524628e+03  2.92e+01 8.88e-16  2.17e+00     0s
   1  -2.07856260e+03 -3.05019607e+03  2.79e+00 2.75e-01  5.03e-01     0s
   2  -1.82184797e+03 -2.04672819e+03  1.15e-01 2.18e-02  6.96e-02     0s
   3  -1.86098585e+03 -1.91396344e+03  2.20e-02 4.42e-03  1.60e-02     0s
   4  -1.87076061e+03 -1.88982905e+03  7.41e-03 1.43e-03  5.73e-03     0s
   5  -1.87382589e+03 -1.87916385e+03  3.25e-03 1.32e-04  1.66e-03     0s
   6  -1.87662854e+03 -1.87692414e+03  0.00e+00 1.78e-15  8.36e-05     0s
   7  -1.87671417e+03 -1.87671429e+03  0.00e+00 1.78e-15  3.18e-08     0s
   8  -1.87671420e+03 -1.87671420e+03  0.00e+00 1.78e-15  3.19e-14     0s

Barrier solved model in 8 iterations and 0.02 seconds
Optimal objective -1.87671420e+03


Root relaxation: objective -1.876714e+03, 710 iterations, 0.01 seconds

    Nodes    |    Current Node    |     Objective Bounds      |     Work
 Expl Unexpl |  Obj  Depth IntInf | Incumbent    BestBd   Gap | It/Node Time

     0     0 -1876.7142    0    7 -1643.5860 -1876.7142  14.2%     -    0s
H    0     0                    -1874.020000 -1876.7142  0.14%     -    0s

Explored 0 nodes (918 simplex iterations) in 0.03 seconds
Thread count was 20 (of 20 available processors)

Solution count 3: -1874.02 -1643.59 -27.082 
Pool objective bound -1876.71

Optimal solution found (tolerance 5.00e-02)
Best objective -1.874020000000e+03, best bound -1.876714200000e+03, gap 0.1438%
(0, 1701.6759999999472)
(1, 1750.7739999999449)
(2, 1691.6559999999479)
(3, 1699.6719999999475)
(4, 1701.6759999999474)
(5, 1709.691999999947)
(6, 1688.649999999948)
(7, 1704.681999999947)
(8, 1690.6539999999479)
(9, 1689.651999999948)
(10, 1742.7579999999452)
(11, 1716.7059999999465)
(12, 1764.8019999999442)
(13, 1746.7659999999453)
(14, 1699.6719999999473)
(15, 1704.6819999999473)
(16, 1699.6719999999475)
(17, 1697.6679999999474)
(18, 1709.6919999999468)
(19, 1703.6799999999473)
(20, 1753.7799999999449)
(21, 1710.693999999947)
(22, 1703.6799999999473)
(23, 1718.7099999999464)
(24, 1769.811999999944)
(25, 1717.7079999999464)
(26, 1731.735999999946)
(27, 1694.6619999999477)
(28, 1709.691999999947)
(29, 1757.7879999999445)
(30, 1756.7859999999446)
(31, 1692.6579999999478)
(32, 1689.6519999999477)
(33, 1693.6599999999478)
(34, 1751.7759999999448)
(35, 1753.7799999999447)
(36, 1701.6759999999472)
(37, 1697.6679999999476)
(38, 1687.6479999999478)
(39, 1752.7779999999448)
(0, 1764.8019999999442)
(1, 1753.7799999999447)
(2, 1757.7879999999448)
(3, 1752.7779999999448)
(4, 1759.7919999999447)
(5, 1754.7819999999449)
(6, 1761.7959999999443)
(7, 1752.777999999945)
(8, 1763.7999999999445)
(9, 1751.7759999999448)
(10, 1761.7959999999443)
(11, 1757.7879999999448)
(12, 1757.7879999999448)
(13, 1757.7879999999445)
(14, 1754.7819999999449)
(15, 1752.777999999945)
(16, 1754.7819999999447)
(17, 1750.7739999999451)
(18, 1755.7839999999446)
(19, 1759.7919999999447)
(20, 1763.7999999999442)
(21, 1762.7979999999443)
(22, 1756.7859999999446)
(23, 1758.7899999999447)
(24, 1759.7919999999447)
(25, 1763.7999999999442)
(26, 1756.7859999999446)
(27, 1764.8019999999442)
(28, 1759.7919999999447)
(29, 1762.7979999999445)
(30, 1758.7899999999445)
(31, 1762.7979999999445)
(32, 1754.7819999999447)
(33, 1752.777999999945)
(34, 1753.7799999999449)
(35, 1762.7979999999445)
(36, 1757.7879999999445)
(37, 1759.7919999999444)
(38, 1764.8019999999442)
(39, 1768.809999999944)
Changed value of parameter MIPGap to 0.05
   Prev: 0.0001  Min: 0.0  Max: 1e+100  Default: 0.0001
Changed value of parameter TimeLimit to 1800.0
   Prev: 1e+100  Min: 0.0  Max: 1e+100  Default: 1e+100
Changed value of parameter Method to 2
   Prev: -1  Min: -1  Max: 4  Default: -1
Changed value of parameter MIPFocus to 1
   Prev: 0  Min: 0  Max: 3  Default: 0
Optimize a model with 4692 rows, 6888 columns and 13776 nonzeros
Variable types: 0 continuous, 6888 integer (6888 binary)
Coefficient statistics:
  Matrix range     [1e+00, 5e+00]
  Objective range  [1e+00, 1e+00]
  Bounds range     [1e+00, 1e+00]
  RHS range        [8e+01, 8e+01]
Found heuristic solution: objective 0
Presolve removed 4608 rows and 5145 columns
Presolve time: 0.01s
Presolved: 84 rows, 1743 columns, 3368 nonzeros
Found heuristic solution: objective -1649.172000
Variable types: 0 continuous, 1743 integer (1465 binary)
Presolved: 84 rows, 1743 columns, 3368 nonzeros

Root barrier log...

Ordering time: 0.00s

Barrier statistics:
 AA' NZ     : 1.573e+03
 Factor NZ  : 3.494e+03 (roughly 1 MByte of memory)
 Factor Ops : 1.913e+05 (less than 1 second per iteration)
 Threads    : 1

                  Objective                Residual
Iter       Primal          Dual         Primal    Dual     Compl     Time
   0  -5.36012184e+03 -3.70246699e+03  2.92e+01 4.44e-16  2.18e+00     0s
   1  -2.08348326e+03 -3.05654734e+03  2.78e+00 2.75e-01  5.03e-01     0s
   2  -1.82579172e+03 -2.05016065e+03  1.11e-01 2.16e-02  6.92e-02     0s
   3  -1.86560220e+03 -1.91986782e+03  2.12e-02 4.65e-03  1.63e-02     0s
   4  -1.87436930e+03 -1.89387102e+03  7.56e-03 1.32e-03  5.85e-03     0s
   5  -1.87787146e+03 -1.88436457e+03  3.25e-03 2.37e-04  1.99e-03     0s
   6  -1.88046738e+03 -1.88110316e+03  2.14e-04 1.78e-15  1.90e-04     0s
   7  -1.88072784e+03 -1.88073130e+03  2.93e-07 1.78e-15  9.89e-07     0s
   8  -1.88072840e+03 -1.88072840e+03  2.97e-13 1.78e-15  1.00e-12     0s

Barrier solved model in 8 iterations and 0.02 seconds
Optimal objective -1.88072840e+03


Root relaxation: objective -1.880728e+03, 710 iterations, 0.01 seconds

    Nodes    |    Current Node    |     Objective Bounds      |     Work
 Expl Unexpl |  Obj  Depth IntInf | Incumbent    BestBd   Gap | It/Node Time

     0     0 -1880.7284    0    7 -1649.1720 -1880.7284  14.0%     -    0s
H    0     0                    -1878.040000 -1880.7284  0.14%     -    0s

Explored 0 nodes (992 simplex iterations) in 0.03 seconds
Thread count was 20 (of 20 available processors)

Solution count 3: -1878.04 -1649.17 -27.164 
Pool objective bound -1880.73

Optimal solution found (tolerance 5.00e-02)
Best objective -1.878040000000e+03, best bound -1.880728400000e+03, gap 0.1431%
(0, 1760.5719999999442)
(1, 1763.5839999999439)
(2, 1768.6039999999434)
(3, 1757.5599999999445)
(4, 1764.5879999999438)
(5, 1763.5839999999439)
(6, 1767.5999999999435)
(7, 1765.5919999999437)
(8, 1755.5519999999447)
(9, 1763.5839999999439)
(10, 1766.5959999999436)
(11, 1765.5919999999437)
(12, 1758.5639999999444)
(13, 1766.5959999999436)
(14, 1760.5719999999442)
(15, 1767.5999999999435)
(16, 1764.5879999999438)
(17, 1760.5719999999442)
(18, 1763.5839999999439)
(19, 1764.5879999999438)
(20, 1768.6039999999434)
(21, 1740.4919999999461)
(22, 1763.5839999999439)
(23, 1769.6079999999433)
(24, 1763.5839999999439)
(25, 1760.5719999999442)
(26, 1763.5839999999439)
(27, 1761.5759999999441)
(28, 1766.5959999999436)
(29, 1761.5759999999441)
(30, 1766.5959999999436)
(31, 1765.5919999999437)
(32, 1763.5839999999439)
(33, 1769.6079999999433)
(34, 1715.3919999999484)
(35, 1765.5919999999437)
(36, 1766.5959999999436)
(37, 1764.5879999999438)
(38, 1764.5879999999438)
(39, 1757.5599999999445)
(0, 1768.6039999999434)
(1, 1763.5839999999439)
(2, 1756.5559999999446)
(3, 1757.5599999999445)
(4, 1758.5639999999444)
(5, 1771.6159999999431)
(6, 1766.5959999999436)
(7, 1762.579999999944)
(8, 1759.5679999999443)
(9, 1767.5999999999435)
(10, 1760.5719999999442)
(11, 1755.5519999999447)
(12, 1756.5559999999446)
(13, 1759.5679999999443)
(14, 1759.5679999999443)
(15, 1757.5599999999445)
(16, 1763.5839999999439)
(17, 1759.5679999999443)
(18, 1767.5999999999435)
(19, 1759.5679999999443)
(20, 1766.5959999999436)
(21, 1764.5879999999438)
(22, 1760.5719999999442)
(23, 1758.5639999999444)
(24, 1767.5999999999435)
(25, 1760.5719999999442)
(26, 1767.5999999999435)
(27, 1763.5839999999439)
(28, 1755.5519999999447)
(29, 1765.5919999999437)
(30, 1761.5759999999441)
(31, 1761.5759999999441)
(32, 1765.5919999999437)
(33, 1760.5719999999442)
(34, 1759.5679999999443)
(35, 1760.5719999999442)
(36, 1759.5679999999443)
(37, 1759.5679999999443)
(38, 1764.5879999999438)
(39, 1763.5839999999439)
Changed value of parameter MIPGap to 0.05
   Prev: 0.0001  Min: 0.0  Max: 1e+100  Default: 0.0001
Changed value of parameter TimeLimit to 1800.0
   Prev: 1e+100  Min: 0.0  Max: 1e+100  Default: 1e+100
Changed value of parameter Method to 2
   Prev: -1  Min: -1  Max: 4  Default: -1
Changed value of parameter MIPFocus to 1
   Prev: 0  Min: 0  Max: 3  Default: 0
Optimize a model with 4692 rows, 6888 columns and 13776 nonzeros
Variable types: 0 continuous, 6888 integer (6888 binary)
Coefficient statistics:
  Matrix range     [1e+00, 5e+00]
  Objective range  [1e+00, 1e+00]
  Bounds range     [1e+00, 1e+00]
  RHS range        [8e+01, 8e+01]
Found heuristic solution: objective 0
Presolve removed 4608 rows and 5145 columns
Presolve time: 0.01s
Presolved: 84 rows, 1743 columns, 3368 nonzeros
Found heuristic solution: objective -1651.965000
Variable types: 0 continuous, 1743 integer (1465 binary)
Presolved: 84 rows, 1743 columns, 3368 nonzeros

Root barrier log...

Ordering time: 0.00s

Barrier statistics:
 AA' NZ     : 1.573e+03
 Factor NZ  : 3.494e+03 (roughly 1 MByte of memory)
 Factor Ops : 1.913e+05 (less than 1 second per iteration)
 Threads    : 1

                  Objective                Residual
Iter       Primal          Dual         Primal    Dual     Compl     Time
   0  -5.36734471e+03 -3.70607734e+03  2.92e+01 4.44e-16  2.18e+00     0s
   1  -2.08594547e+03 -3.05972409e+03  2.78e+00 2.75e-01  5.03e-01     0s
   2  -1.82776532e+03 -2.05193339e+03  1.09e-01 2.15e-02  6.91e-02     0s
   3  -1.86776543e+03 -1.91256168e+03  2.07e-02 2.56e-03  1.36e-02     0s
   4  -1.87599222e+03 -1.89559478e+03  6.34e-03 7.70e-04  5.82e-03     0s
   5  -1.87858864e+03 -1.88878575e+03  3.82e-03 3.24e-04  3.06e-03     0s
   6  -1.88222734e+03 -1.88537954e+03  3.32e-04 1.49e-04  9.03e-04     0s
   7  -1.88272040e+03 -1.88279908e+03  0.00e+00 1.78e-15  2.21e-05     0s
   8  -1.88273550e+03 -1.88273551e+03  0.00e+00 1.07e-11  1.60e-09     0s

Barrier solved model in 8 iterations and 0.02 seconds
Optimal objective -1.88273550e+03


Root relaxation: objective -1.882736e+03, 710 iterations, 0.01 seconds

    Nodes    |    Current Node    |     Objective Bounds      |     Work
 Expl Unexpl |  Obj  Depth IntInf | Incumbent    BestBd   Gap | It/Node Time

     0     0 -1882.7355    0    7 -1651.9650 -1882.7355  14.0%     -    0s
H    0     0                    -1880.050000 -1882.7355  0.14%     -    0s

Explored 0 nodes (943 simplex iterations) in 0.03 seconds
Thread count was 20 (of 20 available processors)

Solution count 3: -1880.05 -1651.96 -27.205 
Pool objective bound -1882.73

Optimal solution found (tolerance 5.00e-02)
Best objective -1.880050000000e+03, best bound -1.882735000000e+03, gap 0.1428%
(0, 1686.0850000000676)
(1, 1683.0700000000672)
(2, 1692.1150000000682)
(3, 1689.1000000000679)
(4, 1695.1300000000685)
(5, 1743.3700000000738)
(6, 1690.105000000068)
(7, 1699.150000000069)
(8, 1701.1600000000692)
(9, 1692.1150000000682)
(10, 1718.2450000000711)
(11, 1697.1400000000688)
(12, 1691.1100000000681)
(13, 1688.0950000000678)
(14, 1690.105000000068)
(15, 1693.1200000000683)
(16, 1702.1650000000693)
(17, 1702.1650000000693)
(18, 1703.1700000000694)
(19, 1680.0550000000669)
(20, 1686.0850000000676)
(21, 1692.1150000000682)
(22, 1708.19500000007)
(23, 1694.1250000000684)
(24, 1694.1250000000684)
(25, 1724.2750000000717)
(26, 1688.0950000000678)
(27, 1711.2100000000703)
(28, 1695.1300000000685)
(29, 1684.0750000000673)
(30, 1686.0850000000676)
(31, 1692.1150000000682)
(32, 1707.1900000000699)
(33, 1705.1800000000696)
(34, 1690.105000000068)
(35, 1699.150000000069)
(36, 1685.0800000000675)
(37, 1698.1450000000689)
(38, 1689.1000000000679)
(39, 1678.0450000000667)
(0, 1775.5300000000773)
(1, 1765.4800000000762)
(2, 1777.5400000000775)
(3, 1764.4750000000761)
(4, 1767.4900000000764)
(5, 1769.5000000000766)
(6, 1768.4950000000765)
(7, 1775.5300000000773)
(8, 1773.5200000000771)
(9, 1770.5050000000767)
(10, 1767.4900000000764)
(11, 1771.5100000000768)
(12, 1774.5250000000772)
(13, 1771.5100000000768)
(14, 1763.470000000076)
(15, 1770.5050000000767)
(16, 1766.4850000000763)
(17, 1772.515000000077)
(18, 1766.4850000000763)
(19, 1771.5100000000768)
(20, 1771.5100000000768)
(21, 1764.4750000000761)
(22, 1768.4950000000765)
(23, 1775.5300000000773)
(24, 1766.4850000000763)
(25, 1775.5300000000773)
(26, 1771.5100000000768)
(27, 1771.5100000000768)
(28, 1772.515000000077)
(29, 1772.515000000077)
(30, 1763.470000000076)
(31, 1768.4950000000765)
(32, 1771.5100000000768)
(33, 1769.5000000000766)
(34, 1771.5100000000768)
(35, 1766.4850000000763)
(36, 1773.5200000000771)
(37, 1761.4600000000758)
(38, 1770.5050000000767)
(39, 1778.5450000000776)
Changed value of parameter MIPGap to 0.05
   Prev: 0.0001  Min: 0.0  Max: 1e+100  Default: 0.0001
Changed value of parameter TimeLimit to 1800.0
   Prev: 1e+100  Min: 0.0  Max: 1e+100  Default: 1e+100
Changed value of parameter Method to 2
   Prev: -1  Min: -1  Max: 4  Default: -1
Changed value of parameter MIPFocus to 1
   Prev: 0  Min: 0  Max: 3  Default: 0
Optimize a model with 4692 rows, 6888 columns and 13776 nonzeros
Variable types: 0 continuous, 6888 integer (6888 binary)
Coefficient statistics:
  Matrix range     [1e+00, 5e+00]
  Objective range  [1e+00, 1e+00]
  Bounds range     [1e+00, 1e+00]
  RHS range        [8e+01, 8e+01]
Found heuristic solution: objective 0
Presolve removed 4608 rows and 5145 columns
Presolve time: 0.01s
Presolved: 84 rows, 1743 columns, 3368 nonzeros
Found heuristic solution: objective -1665.930000
Variable types: 0 continuous, 1743 integer (1465 binary)
Presolved: 84 rows, 1743 columns, 3368 nonzeros

Root barrier log...

Ordering time: 0.00s

Barrier statistics:
 AA' NZ     : 1.573e+03
 Factor NZ  : 3.494e+03 (roughly 1 MByte of memory)
 Factor Ops : 1.913e+05 (less than 1 second per iteration)
 Threads    : 1

                  Objective                Residual
Iter       Primal          Dual         Primal    Dual     Compl     Time
   0  -5.40345884e+03 -3.72412911e+03  2.92e+01 8.88e-16  2.18e+00     0s
   1  -2.09827527e+03 -3.07561888e+03  2.77e+00 2.75e-01  5.04e-01     0s
   2  -1.83764780e+03 -2.06053288e+03  9.96e-02 2.09e-02  6.82e-02     0s
   3  -1.87831859e+03 -1.93314274e+03  1.93e-02 1.81e-03  1.64e-02     0s
   4  -1.88671816e+03 -1.90729800e+03  5.23e-03 1.29e-05  6.04e-03     0s
   5  -1.88957345e+03 -1.89925479e+03  2.65e-03 1.17e-04  2.85e-03     0s
   6  -1.89247250e+03 -1.89536082e+03  1.28e-04 9.62e-05  8.19e-04     0s
   7  -1.89275477e+03 -1.89282892e+03  0.00e+00 2.79e-06  2.08e-05     0s
   8  -1.89277100e+03 -1.89277100e+03  0.00e+00 1.52e-10  1.21e-09     0s

Barrier solved model in 8 iterations and 0.02 seconds
Optimal objective -1.89277100e+03


Root relaxation: objective -1.892771e+03, 710 iterations, 0.01 seconds

    Nodes    |    Current Node    |     Objective Bounds      |     Work
 Expl Unexpl |  Obj  Depth IntInf | Incumbent    BestBd   Gap | It/Node Time

     0     0 -1892.7710    0    7 -1665.9300 -1892.7710  13.6%     -    0s
H    0     0                    -1891.110000 -1892.7710  0.09%     -    0s

Explored 0 nodes (932 simplex iterations) in 0.03 seconds
Thread count was 20 (of 20 available processors)

Solution count 3: -1891.11 -1665.93 -27.41 
Pool objective bound -1892.77

Optimal solution found (tolerance 5.00e-02)
Best objective -1.891110000000e+03, best bound -1.892770000000e+03, gap 0.0878%
(0, 1704.2599999999861)
(1, 1781.0199999999854)
(2, 1706.2799999999861)
(3, 1704.2599999999861)
(4, 1700.2199999999862)
(5, 1715.369999999986)
(6, 1715.369999999986)
(7, 1713.349999999986)
(8, 1716.379999999986)
(9, 1720.419999999986)
(10, 1747.6899999999857)
(11, 1716.379999999986)
(12, 1728.4999999999859)
(13, 1711.3299999999861)
(14, 1714.359999999986)
(15, 1716.379999999986)
(16, 1717.389999999986)
(17, 1716.379999999986)
(18, 1725.4699999999859)
(19, 1716.379999999986)
(20, 1723.4499999999859)
(21, 1730.5199999999859)
(22, 1725.4699999999859)
(23, 1716.379999999986)
(24, 1747.6899999999857)
(25, 1704.2599999999861)
(26, 1745.6699999999857)
(27, 1707.2899999999861)
(28, 1710.3199999999861)
(29, 1716.379999999986)
(30, 1699.2099999999862)
(31, 1701.2299999999861)
(32, 1717.389999999986)
(33, 1717.389999999986)
(34, 1717.389999999986)
(35, 1723.4499999999859)
(36, 1713.349999999986)
(37, 1733.5499999999859)
(38, 1712.339999999986)
(39, 1715.369999999986)
(0, 1776.9799999999855)
(1, 1777.9899999999855)
(2, 1776.9799999999855)
(3, 1772.9399999999855)
(4, 1777.9899999999855)
(5, 1783.0399999999854)
(6, 1776.9799999999855)
(7, 1776.9799999999855)
(8, 1777.9899999999855)
(9, 1772.9399999999855)
(10, 1776.9799999999855)
(11, 1772.9399999999855)
(12, 1775.9699999999855)
(13, 1775.9699999999855)
(14, 1771.9299999999855)
(15, 1780.0099999999854)
(16, 1774.9599999999855)
(17, 1770.9199999999855)
(18, 1775.9699999999855)
(19, 1777.9899999999855)
(20, 1780.0099999999854)
(21, 1780.0099999999854)
(22, 1772.9399999999855)
(23, 1776.9799999999855)
(24, 1769.9099999999855)
(25, 1777.9899999999855)
(26, 1768.8999999999855)
(27, 1772.9399999999855)
(28, 1777.9899999999855)
(29, 1776.9799999999855)
(30, 1774.9599999999855)
(31, 1777.9899999999855)
(32, 1774.9599999999855)
(33, 1775.9699999999855)
(34, 1772.9399999999855)
(35, 1770.9199999999855)
(36, 1774.9599999999855)
(37, 1772.9399999999855)
(38, 1775.9699999999855)
(39, 1774.9599999999855)
Changed value of parameter MIPGap to 0.05
   Prev: 0.0001  Min: 0.0  Max: 1e+100  Default: 0.0001
Changed value of parameter TimeLimit to 1800.0
   Prev: 1e+100  Min: 0.0  Max: 1e+100  Default: 1e+100
Changed value of parameter Method to 2
   Prev: -1  Min: -1  Max: 4  Default: -1
Changed value of parameter MIPFocus to 1
   Prev: 0  Min: 0  Max: 3  Default: 0
Optimize a model with 4692 rows, 6888 columns and 13776 nonzeros
Variable types: 0 continuous, 6888 integer (6888 binary)
Coefficient statistics:
  Matrix range     [1e+00, 5e+00]
  Objective range  [1e+00, 1e+00]
  Bounds range     [1e+00, 1e+00]
  RHS range        [8e+01, 8e+01]
Found heuristic solution: objective 0
Presolve removed 4608 rows and 5145 columns
Presolve time: 0.01s
Presolved: 84 rows, 1743 columns, 3368 nonzeros
Found heuristic solution: objective -1693.860000
Variable types: 0 continuous, 1743 integer (1465 binary)
Presolved: 84 rows, 1743 columns, 3368 nonzeros

Root barrier log...

Ordering time: 0.00s

Barrier statistics:
 AA' NZ     : 1.573e+03
 Factor NZ  : 3.494e+03 (roughly 1 MByte of memory)
 Factor Ops : 1.913e+05 (less than 1 second per iteration)
 Threads    : 1

                  Objective                Residual
Iter       Primal          Dual         Primal    Dual     Compl     Time
   0  -5.47568590e+03 -3.76023265e+03  2.92e+01 4.44e-16  2.19e+00     0s
   1  -2.12302867e+03 -3.10746342e+03  2.74e+00 2.76e-01  5.06e-01     0s
   2  -1.86055588e+03 -2.07265165e+03  9.44e-02 1.83e-02  6.47e-02     0s
   3  -1.89813653e+03 -1.94201771e+03  2.00e-02 1.96e-03  1.33e-02     0s
   4  -1.90496976e+03 -1.92246927e+03  9.61e-03 9.28e-04  5.37e-03     0s
   5  -1.90919708e+03 -1.91807159e+03  4.78e-03 1.34e-04  2.72e-03     0s
   6  -1.91111556e+03 -1.91474158e+03  1.95e-03 1.78e-15  1.11e-03     0s
   7  -1.91273233e+03 -1.91355283e+03  2.07e-05 1.78e-15  2.32e-04     0s
   8  -1.91284088e+03 -1.91284964e+03  0.00e+00 3.17e-07  2.46e-06     0s
   9  -1.91284200e+03 -1.91284201e+03  0.00e+00 1.78e-15  2.46e-09     0s

Barrier solved model in 9 iterations and 0.02 seconds
Optimal objective -1.91284200e+03


Root relaxation: objective -1.912842e+03, 711 iterations, 0.01 seconds

    Nodes    |    Current Node    |     Objective Bounds      |     Work
 Expl Unexpl |  Obj  Depth IntInf | Incumbent    BestBd   Gap | It/Node Time

     0     0 -1912.8420    0    7 -1693.8600 -1912.8420  12.9%     -    0s
H    0     0                    -1910.200000 -1912.8420  0.14%     -    0s

Explored 0 nodes (917 simplex iterations) in 0.03 seconds
Thread count was 20 (of 20 available processors)

Solution count 3: -1910.2 -1693.86 -27.82 
Pool objective bound -1912.84

Optimal solution found (tolerance 5.00e-02)
Best objective -1.910200000000e+03, best bound -1.912840000000e+03, gap 0.1382%
(0, 1748.0199999999745)
(1, 1727.6199999999749)
(2, 1751.0799999999745)
(3, 1727.6199999999749)
(4, 1754.1399999999744)
(5, 1728.6399999999749)
(6, 1730.6799999999748)
(7, 1746.9999999999745)
(8, 1746.9999999999745)
(9, 1748.0199999999745)
(10, 1753.1199999999744)
(11, 1746.9999999999745)
(12, 1746.9999999999745)
(13, 1751.0799999999745)
(14, 1745.9799999999746)
(15, 1730.6799999999748)
(16, 1751.0799999999745)
(17, 1743.9399999999746)
(18, 1752.0999999999744)
(19, 1730.6799999999748)
(20, 1772.4999999999741)
(21, 1750.0599999999745)
(22, 1737.8199999999747)
(23, 1767.3999999999742)
(24, 1745.9799999999746)
(25, 1734.7599999999748)
(26, 1755.1599999999744)
(27, 1745.9799999999746)
(28, 1738.8399999999747)
(29, 1722.519999999975)
(30, 1748.0199999999745)
(31, 1732.7199999999748)
(32, 1737.8199999999747)
(33, 1731.6999999999748)
(34, 1733.7399999999748)
(35, 1735.7799999999747)
(36, 1721.499999999975)
(37, 1722.519999999975)
(38, 1748.0199999999745)
(39, 1735.7799999999747)
(0, 1790.8599999999738)
(1, 1803.0999999999735)
(2, 1795.9599999999737)
(3, 1800.0399999999736)
(4, 1796.9799999999736)
(5, 1794.9399999999737)
(6, 1805.1399999999735)
(7, 1804.1199999999735)
(8, 1807.1799999999735)
(9, 1801.0599999999736)
(10, 1806.1599999999735)
(11, 1794.9399999999737)
(12, 1795.9599999999737)
(13, 1789.8399999999738)
(14, 1802.0799999999736)
(15, 1797.9999999999736)
(16, 1803.0999999999735)
(17, 1793.9199999999737)
(18, 1805.1399999999735)
(19, 1792.8999999999737)
(20, 1800.0399999999736)
(21, 1801.0599999999736)
(22, 1797.9999999999736)
(23, 1807.1799999999735)
(24, 1804.1199999999735)
(25, 1796.9799999999736)
(26, 1789.8399999999738)
(27, 1796.9799999999736)
(28, 1793.9199999999737)
(29, 1799.0199999999736)
(30, 1804.1199999999735)
(31, 1788.8199999999738)
(32, 1799.0199999999736)
(33, 1802.0799999999736)
(34, 1793.9199999999737)
(35, 1800.0399999999736)
(36, 1793.9199999999737)
(37, 1796.9799999999736)
(38, 1802.0799999999736)
(39, 1792.8999999999737)
Changed value of parameter MIPGap to 0.05
   Prev: 0.0001  Min: 0.0  Max: 1e+100  Default: 0.0001
Changed value of parameter TimeLimit to 1800.0
   Prev: 1e+100  Min: 0.0  Max: 1e+100  Default: 1e+100
Changed value of parameter Method to 2
   Prev: -1  Min: -1  Max: 4  Default: -1
Changed value of parameter MIPFocus to 1
   Prev: 0  Min: 0  Max: 3  Default: 0
Optimize a model with 4692 rows, 6888 columns and 13776 nonzeros
Variable types: 0 continuous, 6888 integer (6888 binary)
Coefficient statistics:
  Matrix range     [1e+00, 5e+00]
  Objective range  [1e+00, 1e+00]
  Bounds range     [1e+00, 1e+00]
  RHS range        [8e+01, 8e+01]
Found heuristic solution: objective 0
Presolve removed 4608 rows and 5145 columns
Presolve time: 0.01s
Presolved: 84 rows, 1743 columns, 3368 nonzeros
Found heuristic solution: objective -1749.720000
Variable types: 0 continuous, 1743 integer (1465 binary)
Presolved: 84 rows, 1743 columns, 3368 nonzeros

Root barrier log...

Ordering time: 0.00s

Barrier statistics:
 AA' NZ     : 1.573e+03
 Factor NZ  : 3.494e+03 (roughly 1 MByte of memory)
 Factor Ops : 1.913e+05 (less than 1 second per iteration)
 Threads    : 1

                  Objective                Residual
Iter       Primal          Dual         Primal    Dual     Compl     Time
   0  -5.62013535e+03 -3.83243972e+03  2.92e+01 4.44e-16  2.22e+00     0s
   1  -2.17291025e+03 -3.17136901e+03  2.69e+00 2.77e-01  5.09e-01     0s
   2  -1.90610256e+03 -2.09986778e+03  7.01e-02 1.42e-02  5.82e-02     0s
   3  -1.93918438e+03 -1.97011733e+03  2.03e-02 2.66e-15  9.69e-03     0s
   4  -1.94944388e+03 -1.95827170e+03  4.35e-03 1.78e-15  2.69e-03     0s
   5  -1.95358708e+03 -1.95474849e+03  4.24e-04 1.78e-15  3.49e-04     0s
   6  -1.95400653e+03 -1.95407137e+03  5.59e-07 2.66e-15  1.85e-05     0s
   7  -1.95402600e+03 -1.95402601e+03  0.00e+00 1.78e-15  4.01e-09     0s

Barrier solved model in 7 iterations and 0.02 seconds
Optimal objective -1.95402600e+03


Root relaxation: objective -1.954026e+03, 958 iterations, 0.01 seconds

    Nodes    |    Current Node    |     Objective Bounds      |     Work
 Expl Unexpl |  Obj  Depth IntInf | Incumbent    BestBd   Gap | It/Node Time

     0     0 -1954.0260    0   42 -1749.7200 -1954.0260  11.7%     -    0s
H    0     0                    -1942.760000 -1954.0260  0.58%     -    0s

Explored 0 nodes (1197 simplex iterations) in 0.04 seconds
Thread count was 20 (of 20 available processors)

Solution count 3: -1942.76 -1749.72 -28.64 
Pool objective bound -1954

Optimal solution found (tolerance 5.00e-02)
Best objective -1.942760000000e+03, best bound -1.954000000000e+03, gap 0.5786%
(0, 1722.2799999999618)
(1, 1723.3199999999617)
(2, 1719.1599999999619)
(3, 1733.7199999999614)
(4, 1752.4399999999607)
(5, 1733.7199999999614)
(6, 1740.9999999999611)
(7, 1759.7199999999605)
(8, 1717.079999999962)
(9, 1738.9199999999612)
(10, 1726.4399999999616)
(11, 1734.7599999999613)
(12, 1772.19999999996)
(13, 1744.119999999961)
(14, 1738.9199999999612)
(15, 1766.9999999999602)
(16, 1728.5199999999616)
(17, 1746.1999999999609)
(18, 1740.9999999999611)
(19, 1747.2399999999609)
(20, 1726.4399999999616)
(21, 1746.1999999999609)
(22, 1752.4399999999607)
(23, 1735.7999999999613)
(24, 1750.3599999999608)
(25, 1737.8799999999612)
(26, 1737.8799999999612)
(27, 1734.7599999999613)
(28, 1721.2399999999618)
(29, 1736.8399999999613)
(30, 1725.3999999999617)
(31, 1740.9999999999611)
(32, 1769.0799999999601)
(33, 1726.4399999999616)
(34, 1745.1599999999607)
(35, 1747.2399999999609)
(36, 1763.8799999999603)
(37, 1747.2399999999609)
(38, 1755.5599999999606)
(39, 1750.3599999999608)
(0, 1782.5999999999597)
(1, 1787.7999999999595)
(2, 1792.9999999999593)
(3, 1792.9999999999593)
(4, 1795.0799999999592)
(5, 1794.0399999999593)
(6, 1797.1599999999592)
(7, 1794.0399999999593)
(8, 1783.6399999999596)
(9, 1783.6399999999596)
(10, 1786.7599999999595)
(11, 1790.9199999999594)
(12, 1785.7199999999596)
(13, 1790.9199999999594)
(14, 1788.8399999999594)
(15, 1784.6799999999596)
(16, 1788.8399999999594)
(17, 1787.7999999999595)
(18, 1791.9599999999591)
(19, 1790.9199999999594)
(20, 1794.0399999999593)
(21, 1790.9199999999594)
(22, 1798.1999999999591)
(23, 1789.8799999999594)
(24, 1787.7999999999595)
(25, 1797.1599999999592)
(26, 1792.9999999999593)
(27, 1789.8799999999594)
(28, 1788.8399999999592)
(29, 1790.9199999999594)
(30, 1791.9599999999593)
(31, 1791.9599999999593)
(32, 1790.9199999999594)
(33, 1786.7599999999595)
(34, 1792.9999999999593)
(35, 1788.8399999999594)
(36, 1784.6799999999596)
(37, 1783.6399999999596)
(38, 1783.6399999999596)
(39, 1790.9199999999591)
Changed value of parameter MIPGap to 0.05
   Prev: 0.0001  Min: 0.0  Max: 1e+100  Default: 0.0001
Changed value of parameter TimeLimit to 1800.0
   Prev: 1e+100  Min: 0.0  Max: 1e+100  Default: 1e+100
Changed value of parameter Method to 2
   Prev: -1  Min: -1  Max: 4  Default: -1
Changed value of parameter MIPFocus to 1
   Prev: 0  Min: 0  Max: 3  Default: 0
Optimize a model with 4692 rows, 6888 columns and 13776 nonzeros
Variable types: 0 continuous, 6888 integer (6888 binary)
Coefficient statistics:
  Matrix range     [1e+00, 5e+00]
  Objective range  [1e+00, 1e+00]
  Bounds range     [1e+00, 1e+00]
  RHS range        [8e+01, 8e+01]
Found heuristic solution: objective 0
Presolve removed 4608 rows and 5145 columns
Presolve time: 0.01s
Presolved: 84 rows, 1743 columns, 3368 nonzeros
Found heuristic solution: objective -1777.650000
Variable types: 0 continuous, 1743 integer (1465 binary)
Presolved: 84 rows, 1743 columns, 3368 nonzeros

Root barrier log...

Ordering time: 0.00s

Barrier statistics:
 AA' NZ     : 1.573e+03
 Factor NZ  : 3.494e+03 (roughly 1 MByte of memory)
 Factor Ops : 1.913e+05 (less than 1 second per iteration)
 Threads    : 1

                  Objective                Residual
Iter       Primal          Dual         Primal    Dual     Compl     Time
   0  -5.69235778e+03 -3.86854326e+03  2.92e+01 8.88e-16  2.23e+00     0s
   1  -2.19803801e+03 -3.20342820e+03  2.67e+00 2.78e-01  5.10e-01     0s
   2  -1.92490065e+03 -2.11841818e+03  4.40e-02 1.36e-02  5.69e-02     0s
   3  -1.96089351e+03 -1.99768994e+03  1.26e-02 2.66e-15  1.10e-02     0s
   4  -1.97135224e+03 -1.98076915e+03  1.49e-03 1.78e-15  2.74e-03     0s
   5  -1.97722506e+03 -1.97830942e+03  9.90e-05 1.78e-15  3.12e-04     0s
   6  -1.97756700e+03 -1.97763529e+03  7.14e-08 1.78e-15  1.94e-05     0s
   7  -1.97761375e+03 -1.97761375e+03  0.00e+00 1.78e-15  1.23e-09     0s

Barrier solved model in 7 iterations and 0.02 seconds
Optimal objective -1.97761375e+03


Root relaxation: objective -1.977614e+03, 957 iterations, 0.01 seconds

    Nodes    |    Current Node    |     Objective Bounds      |     Work
 Expl Unexpl |  Obj  Depth IntInf | Incumbent    BestBd   Gap | It/Node Time

     0     0 -1977.6137    0   35 -1777.6500 -1977.6137  11.2%     -    0s
H    0     0                    -1967.700000 -1977.6137  0.50%     -    0s

Explored 0 nodes (1201 simplex iterations) in 0.04 seconds
Thread count was 20 (of 20 available processors)

Solution count 3: -1967.7 -1777.65 -29.05 
Pool objective bound -1977.5

Optimal solution found (tolerance 5.00e-02)
Best objective -1.967700000000e+03, best bound -1.977500000000e+03, gap 0.4980%
(0, 1768.1999999999498)
(1, 1754.5499999999504)
(2, 1763.99999999995)
(3, 1765.0499999999499)
(4, 1774.4999999999495)
(5, 1792.3499999999487)
(6, 1758.74999999995)
(7, 1788.1499999999489)
(8, 1784.9999999999488)
(9, 1740.8999999999508)
(10, 1783.9499999999491)
(11, 1771.3499999999497)
(12, 1781.8499999999492)
(13, 1769.2499999999495)
(14, 1771.3499999999497)
(15, 1775.5499999999495)
(16, 1735.649999999951)
(17, 1781.849999999949)
(18, 1774.4999999999493)
(19, 1781.8499999999492)
(20, 1760.8499999999501)
(21, 1762.9499999999498)
(22, 1758.7499999999502)
(23, 1788.1499999999489)
(24, 1772.3999999999496)
(25, 1766.0999999999499)
(26, 1772.3999999999494)
(27, 1776.5999999999494)
(28, 1763.9999999999498)
(29, 1786.0499999999488)
(30, 1762.94999999995)
(31, 1776.5999999999494)
(32, 1775.5499999999495)
(33, 1780.7999999999493)
(34, 1774.4999999999495)
(35, 1762.94999999995)
(36, 1770.2999999999495)
(37, 1759.7999999999502)
(38, 1742.9999999999507)
(39, 1774.4999999999495)
(0, 1828.0499999999472)
(1, 1828.0499999999472)
(2, 1816.4999999999475)
(3, 1812.2999999999477)
(4, 1822.7999999999474)
(5, 1823.8499999999474)
(6, 1821.7499999999475)
(7, 1817.5499999999477)
(8, 1814.3999999999478)
(9, 1821.7499999999475)
(10, 1824.8999999999473)
(11, 1808.0999999999481)
(12, 1811.2499999999479)
(13, 1811.2499999999479)
(14, 1823.8499999999474)
(15, 1820.6999999999475)
(16, 1819.6499999999476)
(17, 1815.4499999999477)
(18, 1816.4999999999475)
(19, 1819.6499999999476)
(20, 1818.5999999999476)
(21, 1813.3499999999476)
(22, 1817.5499999999474)
(23, 1818.5999999999474)
(24, 1818.5999999999476)
(25, 1822.7999999999474)
(26, 1822.7999999999474)
(27, 1826.9999999999472)
(28, 1816.4999999999477)
(29, 1819.6499999999476)
(30, 1821.7499999999475)
(31, 1817.5499999999477)
(32, 1821.7499999999475)
(33, 1817.5499999999477)
(34, 1820.6999999999473)
(35, 1815.4499999999477)
(36, 1824.8999999999471)
(37, 1814.3999999999478)
(38, 1823.8499999999472)
(39, 1813.3499999999476)
Changed value of parameter MIPGap to 0.05
   Prev: 0.0001  Min: 0.0  Max: 1e+100  Default: 0.0001
Changed value of parameter TimeLimit to 1800.0
   Prev: 1e+100  Min: 0.0  Max: 1e+100  Default: 1e+100
Changed value of parameter Method to 2
   Prev: -1  Min: -1  Max: 4  Default: -1
Changed value of parameter MIPFocus to 1
   Prev: 0  Min: 0  Max: 3  Default: 0
Optimize a model with 4692 rows, 6888 columns and 13776 nonzeros
Variable types: 0 continuous, 6888 integer (6888 binary)
Coefficient statistics:
  Matrix range     [1e+00, 5e+00]
  Objective range  [1e+00, 2e+00]
  Bounds range     [1e+00, 1e+00]
  RHS range        [8e+01, 8e+01]
Found heuristic solution: objective 0
Presolve removed 4608 rows and 5145 columns
Presolve time: 0.01s
Presolved: 84 rows, 1743 columns, 3368 nonzeros
Found heuristic solution: objective -1917.300000
Variable types: 0 continuous, 1743 integer (1465 binary)
Presolved: 84 rows, 1743 columns, 3368 nonzeros

Root barrier log...

Ordering time: 0.00s

Barrier statistics:
 AA' NZ     : 1.573e+03
 Factor NZ  : 3.494e+03 (roughly 1 MByte of memory)
 Factor Ops : 1.913e+05 (less than 1 second per iteration)
 Threads    : 1

                  Objective                Residual
Iter       Primal          Dual         Primal    Dual     Compl     Time
   0  -6.05344790e+03 -4.04906095e+03  2.92e+01 4.44e-16  2.28e+00     0s
   1  -2.32553106e+03 -3.36475083e+03  2.54e+00 2.82e-01  5.18e-01     0s
   2  -2.03769099e+03 -2.24015008e+03  9.27e-03 1.54e-02  5.74e-02     0s
   3  -2.07748295e+03 -2.12563631e+03  2.30e-03 7.11e-15  1.37e-02     0s
   4  -2.09049853e+03 -2.09992628e+03  0.00e+00 1.78e-15  2.66e-03     0s
   5  -2.09518712e+03 -2.09666375e+03  0.00e+00 1.78e-15  4.16e-04     0s
   6  -2.09550917e+03 -2.09560440e+03  0.00e+00 1.78e-15  2.68e-05     0s
   7  -2.09555249e+03 -2.09555252e+03  0.00e+00 1.78e-15  6.51e-09     0s
   8  -2.09555250e+03 -2.09555250e+03  3.51e-15 1.78e-15  6.80e-15     0s

Barrier solved model in 8 iterations and 0.02 seconds
Optimal objective -2.09555250e+03


Root relaxation: objective -2.095552e+03, 957 iterations, 0.01 seconds

    Nodes    |    Current Node    |     Objective Bounds      |     Work
 Expl Unexpl |  Obj  Depth IntInf | Incumbent    BestBd   Gap | It/Node Time

     0     0 -2095.5525    0   39 -1917.3000 -2095.5525  9.30%     -    0s
H    0     0                    -2082.600000 -2095.5525  0.62%     -    0s

Explored 0 nodes (1122 simplex iterations) in 0.04 seconds
Thread count was 20 (of 20 available processors)

Solution count 3: -2082.6 -1917.3 -31.1 
Pool objective bound -2095.5

Optimal solution found (tolerance 5.00e-02)
Best objective -2.082600000000e+03, best bound -2.095500000000e+03, gap 0.6194%
(0, 1869.1999999999452)
(1, 1870.2999999999454)
(2, 1899.9999999999432)
(3, 1883.4999999999443)
(4, 1853.7999999999467)
(5, 1862.599999999946)
(6, 1865.8999999999455)
(7, 1870.2999999999454)
(8, 1871.3999999999453)
(9, 1883.4999999999443)
(10, 1858.1999999999464)
(11, 1885.6999999999441)
(12, 1847.1999999999473)
(13, 1869.1999999999455)
(14, 1871.3999999999453)
(15, 1855.9999999999466)
(16, 1870.2999999999454)
(17, 1870.2999999999454)
(18, 1869.1999999999455)
(19, 1913.1999999999421)
(20, 1888.9999999999438)
(21, 1864.7999999999458)
(22, 1861.4999999999461)
(23, 1873.5999999999451)
(24, 1857.0999999999465)
(25, 1863.6999999999459)
(26, 1892.2999999999436)
(27, 1882.3999999999442)
(28, 1864.7999999999458)
(29, 1863.6999999999459)
(30, 1874.699999999945)
(31, 1886.799999999944)
(32, 1901.0999999999428)
(33, 1884.5999999999442)
(34, 1851.5999999999469)
(35, 1892.2999999999436)
(36, 1860.3999999999462)
(37, 1883.4999999999443)
(38, 1871.3999999999451)
(39, 1854.8999999999467)
(0, 1925.2999999999408)
(1, 1926.3999999999407)
(2, 1926.3999999999405)
(3, 1921.9999999999411)
(4, 1925.2999999999408)
(5, 1921.9999999999411)
(6, 1925.2999999999406)
(7, 1923.099999999941)
(8, 1932.9999999999402)
(9, 1930.7999999999404)
(10, 1920.8999999999412)
(11, 1929.6999999999405)
(12, 1919.7999999999413)
(13, 1931.8999999999403)
(14, 1931.8999999999403)
(15, 1921.9999999999411)
(16, 1928.5999999999406)
(17, 1927.4999999999407)
(18, 1929.6999999999405)
(19, 1924.1999999999409)
(20, 1925.2999999999408)
(21, 1926.3999999999407)
(22, 1919.7999999999415)
(23, 1920.8999999999412)
(24, 1932.9999999999402)
(25, 1931.8999999999401)
(26, 1919.7999999999413)
(27, 1919.7999999999413)
(28, 1927.4999999999404)
(29, 1919.7999999999413)
(30, 1930.7999999999404)
(31, 1931.8999999999403)
(32, 1931.8999999999403)
(33, 1924.1999999999409)
(34, 1929.6999999999405)
(35, 1920.8999999999412)
(36, 1929.6999999999405)
(37, 1921.9999999999409)
(38, 1927.4999999999407)
(39, 1934.0999999999401)
Changed value of parameter MIPGap to 0.05
   Prev: 0.0001  Min: 0.0  Max: 1e+100  Default: 0.0001
Changed value of parameter TimeLimit to 1800.0
   Prev: 1e+100  Min: 0.0  Max: 1e+100  Default: 1e+100
Changed value of parameter Method to 2
   Prev: -1  Min: -1  Max: 4  Default: -1
Changed value of parameter MIPFocus to 1
   Prev: 0  Min: 0  Max: 3  Default: 0
Optimize a model with 4692 rows, 6888 columns and 13776 nonzeros
Variable types: 0 continuous, 6888 integer (6888 binary)
Coefficient statistics:
  Matrix range     [1e+00, 5e+00]
  Objective range  [1e+00, 3e+00]
  Bounds range     [1e+00, 1e+00]
  RHS range        [8e+01, 8e+01]
Found heuristic solution: objective 0
Presolve removed 4608 rows and 5145 columns
Presolve time: 0.01s
Presolved: 84 rows, 1743 columns, 3368 nonzeros
Found heuristic solution: objective -2211.200000
Variable types: 0 continuous, 1743 integer (1465 binary)
Presolved: 84 rows, 1743 columns, 3368 nonzeros

Root barrier log...

Ordering time: 0.00s

Barrier statistics:
 AA' NZ     : 1.573e+03
 Factor NZ  : 3.494e+03 (roughly 1 MByte of memory)
 Factor Ops : 1.913e+05 (less than 1 second per iteration)
 Threads    : 1

                  Objective                Residual
Iter       Primal          Dual         Primal    Dual     Compl     Time
   0  -6.77552638e+03 -4.41009634e+03  2.92e+01 8.88e-16  2.39e+00     0s
   1  -2.58951991e+03 -3.69216066e+03  2.31e+00 2.90e-01  5.29e-01     0s
   2  -2.28671039e+03 -2.46341484e+03  1.35e-02 1.30e-02  5.06e-02     0s
   3  -2.31538080e+03 -2.35921449e+03  3.07e-03 1.78e-15  1.25e-02     0s
   4  -2.32545632e+03 -2.34094474e+03  7.04e-04 1.78e-15  4.40e-03     0s
   5  -2.33006984e+03 -2.33539793e+03  1.36e-04 1.78e-15  1.51e-03     0s
   6  -2.33118831e+03 -2.33176926e+03  8.96e-06 1.78e-15  1.65e-04     0s
   7  -2.33142917e+03 -2.33143152e+03  0.00e+00 1.78e-15  6.60e-07     0s
   8  -2.33143000e+03 -2.33143000e+03  0.00e+00 1.78e-15  6.85e-13     0s

Barrier solved model in 8 iterations and 0.02 seconds
Optimal objective -2.33143000e+03


Root relaxation: objective -2.331430e+03, 958 iterations, 0.01 seconds

    Nodes    |    Current Node    |     Objective Bounds      |     Work
 Expl Unexpl |  Obj  Depth IntInf | Incumbent    BestBd   Gap | It/Node Time

     0     0 -2331.4300    0   40 -2211.2000 -2331.4300  5.44%     -    0s
H    0     0                    -2311.800000 -2331.4300  0.85%     -    0s

Explored 0 nodes (1072 simplex iterations) in 0.04 seconds
Thread count was 20 (of 20 available processors)

Solution count 3: -2311.8 -2211.2 -35.2 
Pool objective bound -2331.4

Optimal solution found (tolerance 5.00e-02)
Best objective -2.311800000000e+03, best bound -2.331400000000e+03, gap 0.8478%
(0, 2074.2000000000512)
(1, 2101.800000000047)
(2, 2107.8000000000461)
(3, 2079.0000000000505)
(4, 2100.6000000000472)
(5, 2064.6000000000527)
(6, 2083.8000000000497)
(7, 2077.8000000000507)
(8, 2091.0000000000482)
(9, 2067.0000000000523)
(10, 2052.6000000000545)
(11, 2058.6000000000536)
(12, 2118.6000000000445)
(13, 2067.0000000000523)
(14, 2053.8000000000543)
(15, 2092.2000000000485)
(16, 2056.2000000000539)
(17, 2085.0000000000496)
(18, 2067.0000000000523)
(19, 2079.0000000000505)
(20, 2095.8000000000479)
(21, 2065.8000000000525)
(22, 2049.000000000055)
(23, 2071.8000000000516)
(24, 2071.8000000000516)
(25, 2106.6000000000463)
(26, 2073.0000000000514)
(27, 2094.6000000000481)
(28, 2099.4000000000474)
(29, 2065.8000000000525)
(30, 2099.4000000000474)
(31, 2119.8000000000443)
(32, 2044.2000000000548)
(33, 2075.400000000051)
(34, 2071.8000000000516)
(35, 2067.0000000000523)
(36, 2083.8000000000497)
(37, 2083.8000000000497)
(38, 2080.2000000000503)
(39, 2064.6000000000527)
(0, 2136.6000000000417)
(1, 2143.8000000000407)
(2, 2141.400000000041)
(3, 2137.8000000000416)
(4, 2130.6000000000427)
(5, 2140.2000000000412)
(6, 2143.8000000000407)
(7, 2142.6000000000408)
(8, 2141.400000000041)
(9, 2142.6000000000408)
(10, 2139.0000000000414)
(11, 2145.0000000000405)
(12, 2133.0000000000423)
(13, 2142.6000000000408)
(14, 2143.8000000000407)
(15, 2147.4000000000401)
(16, 2142.6000000000408)
(17, 2141.400000000041)
(18, 2142.6000000000408)
(19, 2146.2000000000403)
(20, 2142.6000000000408)
(21, 2147.4000000000401)
(22, 2141.400000000041)
(23, 2147.4000000000401)
(24, 2143.8000000000407)
(25, 2148.6000000000395)
(26, 2146.2000000000403)
(27, 2146.2000000000403)
(28, 2142.6000000000408)
(29, 2136.6000000000417)
(30, 2145.0000000000405)
(31, 2148.6000000000399)
(32, 2141.400000000041)
(33, 2157.0000000000387)
(34, 2139.0000000000414)
(35, 2139.0000000000414)
(36, 2143.8000000000407)
(37, 2142.6000000000408)
(38, 2131.8000000000425)
(39, 2140.2000000000412)
Changed value of parameter MIPGap to 0.05
   Prev: 0.0001  Min: 0.0  Max: 1e+100  Default: 0.0001
Changed value of parameter TimeLimit to 1800.0
   Prev: 1e+100  Min: 0.0  Max: 1e+100  Default: 1e+100
Changed value of parameter Method to 2
   Prev: -1  Min: -1  Max: 4  Default: -1
Changed value of parameter MIPFocus to 1
   Prev: 0  Min: 0  Max: 3  Default: 0
Optimize a model with 4692 rows, 6888 columns and 13776 nonzeros
Variable types: 0 continuous, 6888 integer (6888 binary)
Coefficient statistics:
  Matrix range     [1e+00, 5e+00]
  Objective range  [1e+00, 4e+00]
  Bounds range     [1e+00, 1e+00]
  RHS range        [8e+01, 8e+01]
Found heuristic solution: objective 0
Presolve removed 4608 rows and 5146 columns
Presolve time: 0.01s
Presolved: 84 rows, 1742 columns, 3367 nonzeros
Found heuristic solution: objective -2780.400000
Variable types: 0 continuous, 1742 integer (1464 binary)
Presolved: 84 rows, 1742 columns, 3367 nonzeros

Root barrier log...

Ordering time: 0.00s

Barrier statistics:
 AA' NZ     : 1.573e+03
 Factor NZ  : 3.494e+03 (roughly 1 MByte of memory)
 Factor Ops : 1.913e+05 (less than 1 second per iteration)
 Threads    : 1

                  Objective                Residual
Iter       Primal          Dual         Primal    Dual     Compl     Time
   0  -8.22124747e+03 -5.25564075e+03  2.92e+01 8.88e-16  2.75e+00     0s
   1  -3.13706734e+03 -4.45319867e+03  1.86e+00 3.37e-01  5.78e-01     0s
   2  -2.89545089e+03 -3.05906300e+03  9.37e-02 1.73e-02  5.25e-02     0s
   3  -2.91270834e+03 -2.95797360e+03  2.64e-02 1.78e-15  1.45e-02     0s
   4  -2.91583638e+03 -2.92987997e+03  3.99e-04 1.78e-15  3.98e-03     0s
   5  -2.92105323e+03 -2.92169736e+03  3.41e-05 1.78e-15  1.85e-04     0s
   6  -2.92108660e+03 -2.92110032e+03  0.00e+00 1.78e-15  3.85e-06     0s
   7  -2.92110000e+03 -2.92110000e+03  0.00e+00 2.66e-15  1.32e-11     0s

Barrier solved model in 7 iterations and 0.02 seconds
Optimal objective -2.92110000e+03


Root relaxation: objective -2.921100e+03, 1369 iterations, 0.01 seconds

    Nodes    |    Current Node    |     Objective Bounds      |     Work
 Expl Unexpl |  Obj  Depth IntInf | Incumbent    BestBd   Gap | It/Node Time

     0     0 -2921.1000    0   35 -2780.4000 -2921.1000  5.06%     -    0s
H    0     0                    -2905.000000 -2921.1000  0.55%     -    0s

Explored 0 nodes (1547 simplex iterations) in 0.03 seconds
Thread count was 20 (of 20 available processors)

Solution count 3: -2905 -2780.4 -43.4 
Pool objective bound -2920.4

Optimal solution found (tolerance 5.00e-02)
Best objective -2.905000000000e+03, best bound -2.920400000000e+03, gap 0.5301%
(0, 2634.800000000103)
(1, 2634.8000000001039)
(2, 2655.8000000001048)
(3, 2632.0000000001023)
(4, 2626.4000000001038)
(5, 2622.200000000103)
(6, 2672.6000000001045)
(7, 2660.0000000001046)
(8, 2647.4000000001042)
(9, 2627.8000000001025)
(10, 2639.0000000001046)
(11, 2654.4000000001038)
(12, 2646.0000000001055)
(13, 2620.8000000001016)
(14, 2650.200000000103)
(15, 2632.0000000001023)
(16, 2629.2000000001035)
(17, 2640.4000000001029)
(18, 2671.2000000001035)
(19, 2676.8000000001061)
(20, 2641.8000000001034)
(21, 2634.800000000103)
(22, 2627.8000000001034)
(23, 2619.400000000102)
(24, 2664.2000000001053)
(25, 2632.0000000001019)
(26, 2629.2000000001021)
(27, 2632.0000000001028)
(28, 2627.8000000001039)
(29, 2625.0000000001)
(30, 2665.6000000001054)
(31, 2627.8000000001034)
(32, 2657.2000000001062)
(33, 2629.2000000001021)
(34, 2643.200000000104)
(35, 2675.4000000001056)
(36, 2643.200000000103)
(37, 2618.0000000001028)
(38, 2664.2000000001053)
(39, 2662.8000000001048)
(0, 2654.400000000106)
(1, 2651.6000000001036)
(2, 2639.0000000001037)
(3, 2640.4000000001029)
(4, 2646.0000000001046)
(5, 2644.600000000105)
(6, 2648.8000000001039)
(7, 2647.4000000001038)
(8, 2646.0000000001032)
(9, 2643.2000000001049)
(10, 2639.0000000001046)
(11, 2648.8000000001043)
(12, 2664.2000000001035)
(13, 2634.8000000001039)
(14, 2650.2000000001049)
(15, 2647.4000000001038)
(16, 2648.8000000001048)
(17, 2643.2000000001049)
(18, 2646.000000000106)
(19, 2650.200000000103)
(20, 2648.8000000001039)
(21, 2655.8000000001034)
(22, 2646.000000000105)
(23, 2643.2000000001044)
(24, 2643.2000000001044)
(25, 2653.0000000001037)
(26, 2646.0000000001028)
(27, 2658.600000000104)
(28, 2647.4000000001038)
(29, 2643.200000000104)
(30, 2636.2000000001044)
(31, 2641.8000000001048)
(32, 2651.600000000105)
(33, 2641.8000000001043)
(34, 2643.2000000001058)
(35, 2643.2000000001044)
(36, 2655.8000000001034)
(37, 2651.600000000105)
(38, 2653.0000000001037)
(39, 2650.2000000001026)
Changed value of parameter MIPGap to 0.05
   Prev: 0.0001  Min: 0.0  Max: 1e+100  Default: 0.0001
Changed value of parameter TimeLimit to 1800.0
   Prev: 1e+100  Min: 0.0  Max: 1e+100  Default: 1e+100
Changed value of parameter Method to 2
   Prev: -1  Min: -1  Max: 4  Default: -1
Changed value of parameter MIPFocus to 1
   Prev: 0  Min: 0  Max: 3  Default: 0
Optimize a model with 4692 rows, 6888 columns and 13776 nonzeros
Variable types: 0 continuous, 6888 integer (6888 binary)
Coefficient statistics:
  Matrix range     [1e+00, 5e+00]
  Objective range  [2e+00, 5e+00]
  Bounds range     [1e+00, 1e+00]
  RHS range        [8e+01, 8e+01]
Found heuristic solution: objective 0
Presolve removed 4608 rows and 5145 columns
Presolve time: 0.01s
Presolved: 84 rows, 1743 columns, 3368 nonzeros
Found heuristic solution: objective -3075.500000
Variable types: 0 continuous, 1743 integer (1465 binary)
Presolved: 84 rows, 1743 columns, 3368 nonzeros

Root barrier log...

Ordering time: 0.00s

Barrier statistics:
 AA' NZ     : 1.573e+03
 Factor NZ  : 3.494e+03 (roughly 1 MByte of memory)
 Factor Ops : 1.913e+05 (less than 1 second per iteration)
 Threads    : 1

                  Objective                Residual
Iter       Primal          Dual         Primal    Dual     Compl     Time
   0  -8.94596473e+03 -5.92815041e+03  2.92e+01 4.44e-16  3.19e+00     0s
   1  -3.40126511e+03 -5.01810125e+03  1.63e+00 4.26e-01  6.63e-01     0s
   2  -3.20797594e+03 -3.41430673e+03  7.77e-02 2.48e-02  6.42e-02     0s
   3  -3.23617483e+03 -3.28250486e+03  2.15e-02 1.78e-15  1.46e-02     0s
   4  -3.24278569e+03 -3.25327758e+03  4.24e-06 1.78e-15  2.96e-03     0s
   5  -3.24871799e+03 -3.24924729e+03  0.00e+00 1.78e-15  1.50e-04     0s
   6  -3.24874409e+03 -3.24875010e+03  0.00e+00 1.78e-15  1.68e-06     0s
   7  -3.24875000e+03 -3.24875000e+03  0.00e+00 1.78e-15  5.48e-12     0s

Barrier solved model in 7 iterations and 0.02 seconds
Optimal objective -3.24875000e+03


Root relaxation: objective -3.248750e+03, 1369 iterations, 0.01 seconds

    Nodes    |    Current Node    |     Objective Bounds      |     Work
 Expl Unexpl |  Obj  Depth IntInf | Incumbent    BestBd   Gap | It/Node Time

     0     0 -3248.7500    0   33 -3075.5000 -3248.7500  5.63%     -    0s
H    0     0                    -3231.500000 -3248.7500  0.53%     -    0s

Explored 0 nodes (1497 simplex iterations) in 0.04 seconds
Thread count was 20 (of 20 available processors)

Solution count 3: -3231.5 -3075.5 -47.5 
Pool objective bound -3248.5

Optimal solution found (tolerance 5.00e-02)
Best objective -3.231500000000e+03, best bound -3.248500000000e+03, gap 0.5261%
(0, 2928.5)
(1, 2948.0)
(2, 2925.5)
(3, 2945.0)
(4, 2960.0)
(5, 2934.5)
(6, 2945.0)
(7, 2934.5)
(8, 2937.5)
(9, 2969.0)
(10, 2945.0)
(11, 2943.5)
(12, 2931.5)
(13, 2922.5)
(14, 2936.0)
(15, 2934.5)
(16, 2949.5)
(17, 2952.5)
(18, 2933.0)
(19, 2946.5)
(20, 2958.5)
(21, 2951.0)
(22, 2927.0)
(23, 2945.0)
(24, 2949.5)
(25, 2924.0)
(26, 2937.5)
(27, 2939.0)
(28, 2915.0)
(29, 2957.0)
(30, 2946.5)
(31, 2952.5)
(32, 2925.5)
(33, 2925.5)
(34, 2948.0)
(35, 2939.0)
(36, 2946.5)
(37, 2942.0)
(38, 2927.0)
(39, 2967.5)
(0, 2949.5)
(1, 2948.0)
(2, 2937.5)
(3, 2944.5)
(4, 2954.0)
(5, 2956.5)
(6, 2945.0)
(7, 2954.0)
(8, 2954.0)
(9, 2946.5)
(10, 2945.0)
(11, 2949.0)
(12, 2947.5)
(13, 2949.0)
(14, 2953.5)
(15, 2951.0)
(16, 2949.0)
(17, 2953.5)
(18, 2946.5)
(19, 2962.5)
(20, 2953.5)
(21, 2955.5)
(22, 2952.5)
(23, 2955.0)
(24, 2955.0)
(25, 2940.5)
(26, 2949.0)
(27, 2940.5)
(28, 2964.5)
(29, 2955.0)
(30, 2946.0)
(31, 2946.5)
(32, 2953.5)
(33, 2947.5)
(34, 2955.0)
(35, 2961.0)
(36, 2955.5)
(37, 2945.0)
(38, 2933.0)
(39, 2938.5)
Changed value of parameter MIPGap to 0.05
   Prev: 0.0001  Min: 0.0  Max: 1e+100  Default: 0.0001
Changed value of parameter TimeLimit to 1800.0
   Prev: 1e+100  Min: 0.0  Max: 1e+100  Default: 1e+100
Changed value of parameter Method to 2
   Prev: -1  Min: -1  Max: 4  Default: -1
Changed value of parameter MIPFocus to 1
   Prev: 0  Min: 0  Max: 3  Default: 0
Optimize a model with 4692 rows, 6888 columns and 13776 nonzeros
Variable types: 0 continuous, 6888 integer (6888 binary)
Coefficient statistics:
  Matrix range     [1e+00, 5e+00]
  Objective range  [2e+00, 9e+00]
  Bounds range     [1e+00, 1e+00]
  RHS range        [8e+01, 8e+01]
Found heuristic solution: objective 0
Presolve removed 4608 rows and 5145 columns
Presolve time: 0.01s
Presolved: 84 rows, 1743 columns, 3368 nonzeros
Found heuristic solution: objective -4551.000000
Variable types: 0 continuous, 1743 integer (1465 binary)
Presolved: 84 rows, 1743 columns, 3368 nonzeros

Root barrier log...

Ordering time: 0.00s

Barrier statistics:
 AA' NZ     : 1.573e+03
 Factor NZ  : 3.494e+03 (roughly 1 MByte of memory)
 Factor Ops : 1.913e+05 (less than 1 second per iteration)
 Threads    : 1

                  Objective                Residual
Iter       Primal          Dual         Primal    Dual     Compl     Time
   0  -1.25744304e+04 -1.01491087e+04  2.92e+01 8.88e-16  6.31e+00     0s
   1  -4.73730860e+03 -8.47306442e+03  9.17e-01 1.11e+00  1.28e+00     0s
   2  -4.76176213e+03 -5.18595861e+03  0.00e+00 6.83e-02  1.19e-01     0s
   3  -4.85885454e+03 -4.91660474e+03  0.00e+00 3.55e-15  1.62e-02     0s
   4  -4.87839580e+03 -4.88982421e+03  0.00e+00 3.55e-15  3.20e-03     0s
   5  -4.88695655e+03 -4.88756380e+03  0.00e+00 3.55e-15  1.70e-04     0s
   6  -4.88699302e+03 -4.88700009e+03  0.00e+00 3.55e-15  1.98e-06     0s
   7  -4.88700000e+03 -4.88700000e+03  0.00e+00 3.55e-15  7.29e-12     0s

Barrier solved model in 7 iterations and 0.02 seconds
Optimal objective -4.88700000e+03


Root relaxation: objective -4.887000e+03, 1371 iterations, 0.01 seconds

    Nodes    |    Current Node    |     Objective Bounds      |     Work
 Expl Unexpl |  Obj  Depth IntInf | Incumbent    BestBd   Gap | It/Node Time

     0     0 -4887.0000    0   37 -4551.0000 -4887.0000  7.38%     -    0s
H    0     0                    -4864.000000 -4887.0000  0.47%     -    0s

Explored 0 nodes (1588 simplex iterations) in 0.04 seconds
Thread count was 20 (of 20 available processors)

Solution count 3: -4864 -4551 -68 
Pool objective bound -4887

Optimal solution found (tolerance 5.00e-02)
Best objective -4.864000000000e+03, best bound -4.887000000000e+03, gap 0.4729%
(0, 4480.0)
(1, 4464.0)
(2, 4474.0)
(3, 4478.0)
(4, 4490.0)
(5, 4454.0)
(6, 4490.0)
(7, 4484.0)
(8, 4484.0)
(9, 4466.0)
(10, 4510.0)
(11, 4472.0)
(12, 4486.0)
(13, 4494.0)
(14, 4472.0)
(15, 4452.0)
(16, 4494.0)
(17, 4482.0)
(18, 4482.0)
(19, 4474.0)
(20, 4448.0)
(21, 4450.0)
(22, 4482.0)
(23, 4484.0)
(24, 4476.0)
(25, 4448.0)
(26, 4454.0)
(27, 4470.0)
(28, 4436.0)
(29, 4482.0)
(30, 4460.0)
(31, 4458.0)
(32, 4470.0)
(33, 4494.0)
(34, 4454.0)
(35, 4482.0)
(36, 4456.0)
(37, 4444.0)
(38, 4442.0)
(39, 4444.0)
(0, 4528.0)
(1, 4506.0)
(2, 4496.0)
(3, 4504.0)
(4, 4506.0)
(5, 4512.0)
(6, 4486.0)
(7, 4502.0)
(8, 4508.0)
(9, 4494.0)
(10, 4514.0)
(11, 4488.0)
(12, 4512.0)
(13, 4488.0)
(14, 4516.0)
(15, 4520.0)
(16, 4504.0)
(17, 4506.0)
(18, 4510.0)
(19, 4508.0)
(20, 4506.0)
(21, 4508.0)
(22, 4492.0)
(23, 4512.0)
(24, 4508.0)
(25, 4518.0)
(26, 4506.0)
(27, 4516.0)
(28, 4496.0)
(29, 4490.0)
(30, 4488.0)
(31, 4512.0)
(32, 4504.0)
(33, 4514.0)
(34, 4502.0)
(35, 4500.0)
(36, 4510.0)
(37, 4508.0)
(38, 4500.0)
(39, 4516.0)
Changed value of parameter MIPGap to 0.05
   Prev: 0.0001  Min: 0.0  Max: 1e+100  Default: 0.0001
Changed value of parameter TimeLimit to 1800.0
   Prev: 1e+100  Min: 0.0  Max: 1e+100  Default: 1e+100
Changed value of parameter Method to 2
   Prev: -1  Min: -1  Max: 4  Default: -1
Changed value of parameter MIPFocus to 1
   Prev: 0  Min: 0  Max: 3  Default: 0
Optimize a model with 4692 rows, 6888 columns and 13776 nonzeros
Variable types: 0 continuous, 6888 integer (6888 binary)
Coefficient statistics:
  Matrix range     [1e+00, 5e+00]
  Objective range  [3e+00, 2e+01]
  Bounds range     [1e+00, 1e+00]
  RHS range        [8e+01, 8e+01]
Found heuristic solution: objective 0
Presolve removed 4608 rows and 5145 columns
Presolve time: 0.01s
Presolved: 84 rows, 1743 columns, 3368 nonzeros
Found heuristic solution: objective -7596.000000
Variable types: 0 continuous, 1743 integer (1465 binary)
Presolved: 84 rows, 1743 columns, 3368 nonzeros

Root barrier log...

Ordering time: 0.00s

Barrier statistics:
 AA' NZ     : 1.573e+03
 Factor NZ  : 3.494e+03 (roughly 1 MByte of memory)
 Factor Ops : 1.913e+05 (less than 1 second per iteration)
 Threads    : 1

                  Objective                Residual
Iter       Primal          Dual         Primal    Dual     Compl     Time
   0  -1.98239498e+04 -1.87733987e+04  2.92e+01 1.78e-15  1.27e+01     0s
   1  -7.54559715e+03 -1.48664191e+04  4.69e-01 2.53e+00  2.34e+00     0s
   2  -7.96872377e+03 -8.66360358e+03  0.00e+00 1.51e-01  1.95e-01     0s
   3  -8.13353938e+03 -8.20946224e+03  0.00e+00 7.11e-15  2.13e-02     0s
   4  -8.15265990e+03 -8.16670647e+03  0.00e+00 7.11e-15  3.94e-03     0s
   5  -8.16343132e+03 -8.16438714e+03  0.00e+00 3.55e-15  2.68e-04     0s
   6  -8.16349206e+03 -8.16350010e+03  0.00e+00 7.11e-15  2.25e-06     0s
   7  -8.16350000e+03 -8.16350000e+03  0.00e+00 7.11e-15  1.34e-11     0s

Barrier solved model in 7 iterations and 0.02 seconds
Optimal objective -8.16350000e+03


Root relaxation: objective -8.163500e+03, 1370 iterations, 0.01 seconds

    Nodes    |    Current Node    |     Objective Bounds      |     Work
 Expl Unexpl |  Obj  Depth IntInf | Incumbent    BestBd   Gap | It/Node Time

     0     0 -8163.5000    0   37 -7596.0000 -8163.5000  7.47%     -    0s
H    0     0                    -8129.000000 -8163.5000  0.42%     -    0s

Explored 0 nodes (1424 simplex iterations) in 0.03 seconds
Thread count was 20 (of 20 available processors)

Solution count 3: -8129 -7596 -109 
Pool objective bound -8163

Optimal solution found (tolerance 5.00e-02)
Best objective -8.129000000000e+03, best bound -8.163000000000e+03, gap 0.4183%
(0, 7595.0)
(1, 7520.0)
(2, 7541.0)
(3, 7538.0)
(4, 7562.0)
(5, 7520.0)
(6, 7526.0)
(7, 7511.0)
(8, 7553.0)
(9, 7532.0)
(10, 7583.0)
(11, 7622.0)
(12, 7550.0)
(13, 7598.0)
(14, 7526.0)
(15, 7532.0)
(16, 7568.0)
(17, 7532.0)
(18, 7541.0)
(19, 7553.0)
(20, 7580.0)
(21, 7553.0)
(22, 7586.0)
(23, 7610.0)
(24, 7583.0)
(25, 7538.0)
(26, 7592.0)
(27, 7511.0)
(28, 7556.0)
(29, 7562.0)
(30, 7541.0)
(31, 7574.0)
(32, 7538.0)
(33, 7511.0)
(34, 7496.0)
(35, 7535.0)
(36, 7616.0)
(37, 7622.0)
(38, 7652.0)
(39, 7583.0)
(0, 7598.0)
(1, 7571.0)
(2, 7607.0)
(3, 7613.0)
(4, 7553.0)
(5, 7598.0)
(6, 7592.0)
(7, 7589.0)
(8, 7550.0)
(9, 7607.0)
(10, 7586.0)
(11, 7601.0)
(12, 7586.0)
(13, 7568.0)
(14, 7595.0)
(15, 7613.0)
(16, 7607.0)
(17, 7586.0)
(18, 7571.0)
(19, 7577.0)
(20, 7583.0)
(21, 7595.0)
(22, 7595.0)
(23, 7589.0)
(24, 7604.0)
(25, 7589.0)
(26, 7577.0)
(27, 7586.0)
(28, 7601.0)
(29, 7589.0)
(30, 7565.0)
(31, 7589.0)
(32, 7598.0)
(33, 7550.0)
(34, 7592.0)
(35, 7571.0)
(36, 7586.0)
(37, 7598.0)
(38, 7577.0)
(39, 7604.0)
Changed value of parameter MIPGap to 0.05
   Prev: 0.0001  Min: 0.0  Max: 1e+100  Default: 0.0001
Changed value of parameter TimeLimit to 1800.0
   Prev: 1e+100  Min: 0.0  Max: 1e+100  Default: 1e+100
Changed value of parameter Method to 2
   Prev: -1  Min: -1  Max: 4  Default: -1
Changed value of parameter MIPFocus to 1
   Prev: 0  Min: 0  Max: 3  Default: 0
Optimize a model with 4692 rows, 6888 columns and 13776 nonzeros
Variable types: 0 continuous, 6888 integer (6888 binary)
Coefficient statistics:
  Matrix range     [1e+00, 5e+00]
  Objective range  [5e+00, 3e+01]
  Bounds range     [1e+00, 1e+00]
  RHS range        [8e+01, 8e+01]
Found heuristic solution: objective 0
Presolve removed 4608 rows and 5145 columns
Presolve time: 0.01s
Presolved: 84 rows, 1743 columns, 3368 nonzeros
Found heuristic solution: objective -13649.00000
Variable types: 0 continuous, 1743 integer (1465 binary)
Presolved: 84 rows, 1743 columns, 3368 nonzeros

Root barrier log...

Ordering time: 0.00s

Barrier statistics:
 AA' NZ     : 1.573e+03
 Factor NZ  : 3.494e+03 (roughly 1 MByte of memory)
 Factor Ops : 1.913e+05 (less than 1 second per iteration)
 Threads    : 1

                  Objective                Residual
Iter       Primal          Dual         Primal    Dual     Compl     Time
   0  -3.43186919e+04 -3.61296896e+04  2.93e+01 3.55e-15  2.57e+01     0s
   1  -1.32783899e+04 -2.83475356e+04  2.49e-01 5.39e+00  4.67e+00     0s
   2  -1.43207925e+04 -1.56807792e+04  0.00e+00 3.14e-01  3.83e-01     0s
   3  -1.46653118e+04 -1.47768194e+04  0.00e+00 7.11e-15  3.12e-02     0s
   4  -1.46923032e+04 -1.47221975e+04  0.00e+00 1.42e-14  8.37e-03     0s
   5  -1.47163739e+04 -1.47178619e+04  0.00e+00 7.11e-15  4.17e-04     0s
   6  -1.47164979e+04 -1.47165002e+04  0.00e+00 1.42e-14  6.32e-07     0s
   7  -1.47165000e+04 -1.47165000e+04  1.00e-15 1.42e-14  6.33e-13     0s

Barrier solved model in 7 iterations and 0.02 seconds
Optimal objective -1.47165000e+04


Root relaxation: objective -1.471650e+04, 1370 iterations, 0.01 seconds

    Nodes    |    Current Node    |     Objective Bounds      |     Work
 Expl Unexpl |  Obj  Depth IntInf | Incumbent    BestBd   Gap | It/Node Time

     0     0 -14716.500    0   33 -13649.000 -14716.500  7.82%     -    0s
H    0     0                    -14659.00000 -14716.500  0.39%     -    0s

Explored 0 nodes (1567 simplex iterations) in 0.04 seconds
Thread count was 20 (of 20 available processors)

Solution count 3: -14659 -13649 -191 
Pool objective bound -14716

Optimal solution found (tolerance 5.00e-02)
Best objective -1.465900000000e+04, best bound -1.471600000000e+04, gap 0.3888%
(0, 13684.0)
(1, 13679.0)
(2, 13649.0)
(3, 13759.0)
(4, 13674.0)
(5, 13734.0)
(6, 13639.0)
(7, 13754.0)
(8, 13679.0)
(9, 13774.0)
(10, 13764.0)
(11, 13679.0)
(12, 13669.0)
(13, 13639.0)
(14, 13859.0)
(15, 13674.0)
(16, 13689.0)
(17, 13709.0)
(18, 13699.0)
(19, 13699.0)
(20, 13709.0)
(21, 13734.0)
(22, 13629.0)
(23, 13714.0)
(24, 13684.0)
(25, 13684.0)
(26, 13684.0)
(27, 13784.0)
(28, 13704.0)
(29, 13634.0)
(30, 13704.0)
(31, 13704.0)
(32, 13669.0)
(33, 13679.0)
(34, 13704.0)
(35, 13679.0)
(36, 13669.0)
(37, 13749.0)
(38, 13709.0)
(39, 13679.0)
(0, 13774.0)
(1, 13754.0)
(2, 13764.0)
(3, 13699.0)
(4, 13764.0)
(5, 13759.0)
(6, 13694.0)
(7, 13759.0)
(8, 13714.0)
(9, 13709.0)
(10, 13744.0)
(11, 13724.0)
(12, 13754.0)
(13, 13689.0)
(14, 13754.0)
(15, 13724.0)
(16, 13719.0)
(17, 13734.0)
(18, 13729.0)
(19, 13724.0)
(20, 13764.0)
(21, 13749.0)
(22, 13744.0)
(23, 13724.0)
(24, 13759.0)
(25, 13689.0)
(26, 13724.0)
(27, 13759.0)
(28, 13744.0)
(29, 13784.0)
(30, 13719.0)
(31, 13739.0)
(32, 13754.0)
(33, 13754.0)
(34, 13719.0)
(35, 13769.0)
(36, 13774.0)
(37, 13694.0)
(38, 13714.0)
(39, 13769.0)
Changed value of parameter MIPGap to 0.05
   Prev: 0.0001  Min: 0.0  Max: 1e+100  Default: 0.0001
Changed value of parameter TimeLimit to 1800.0
   Prev: 1e+100  Min: 0.0  Max: 1e+100  Default: 1e+100
Changed value of parameter Method to 2
   Prev: -1  Min: -1  Max: 4  Default: -1
Changed value of parameter MIPFocus to 1
   Prev: 0  Min: 0  Max: 3  Default: 0
Optimize a model with 4692 rows, 6888 columns and 13776 nonzeros
Variable types: 0 continuous, 6888 integer (6888 binary)
Coefficient statistics:
  Matrix range     [1e+00, 5e+00]
  Objective range  [6e+00, 4e+01]
  Bounds range     [1e+00, 1e+00]
  RHS range        [8e+01, 8e+01]
Found heuristic solution: objective 0
Presolve removed 4608 rows and 5145 columns
Presolve time: 0.01s
Presolved: 84 rows, 1743 columns, 3368 nonzeros
Found heuristic solution: objective -16677.00000
Variable types: 0 continuous, 1743 integer (1465 binary)
Presolved: 84 rows, 1743 columns, 3368 nonzeros

Root barrier log...

Ordering time: 0.00s

Barrier statistics:
 AA' NZ     : 1.573e+03
 Factor NZ  : 3.494e+03 (roughly 1 MByte of memory)
 Factor Ops : 1.913e+05 (less than 1 second per iteration)
 Threads    : 1

                  Objective                Residual
Iter       Primal          Dual         Primal    Dual     Compl     Time
   0  -4.15655930e+04 -4.48078351e+04  2.93e+01 7.11e-15  3.22e+01     0s
   1  -1.61623633e+04 -3.50887876e+04  2.11e-01 6.82e+00  5.83e+00     0s
   2  -1.74979306e+04 -1.91845067e+04  0.00e+00 3.93e-01  4.75e-01     0s
   3  -1.79326162e+04 -1.80615250e+04  0.00e+00 1.42e-14  3.61e-02     0s
   4  -1.79656079e+04 -1.79987486e+04  0.00e+00 2.13e-14  9.28e-03     0s
   5  -1.79928864e+04 -1.79947236e+04  0.00e+00 1.42e-14  5.15e-04     0s
   6  -1.79929950e+04 -1.79930002e+04  0.00e+00 1.42e-14  1.46e-06     0s
   7  -1.79930000e+04 -1.79930000e+04  3.32e-15 1.42e-14  2.54e-12     0s

Barrier solved model in 7 iterations and 0.02 seconds
Optimal objective -1.79930000e+04


Root relaxation: objective -1.799300e+04, 1370 iterations, 0.01 seconds

    Nodes    |    Current Node    |     Objective Bounds      |     Work
 Expl Unexpl |  Obj  Depth IntInf | Incumbent    BestBd   Gap | It/Node Time

     0     0 -17993.000    0   33 -16677.000 -17993.000  7.89%     -    0s
H    0     0                    -17930.00000 -17993.000  0.35%     -    0s

Explored 0 nodes (1536 simplex iterations) in 0.04 seconds
Thread count was 20 (of 20 available processors)

Solution count 3: -17930 -16677 -232 
Pool objective bound -17993

Optimal solution found (tolerance 5.00e-02)
Best objective -1.793000000000e+04, best bound -1.799300000000e+04, gap 0.3514%
(0, 16730.0)
(1, 16730.0)
(2, 16784.0)
(3, 16838.0)
(4, 16736.0)
(5, 16874.0)
(6, 17000.0)
(7, 16778.0)
(8, 16712.0)
(9, 16772.0)
(10, 16784.0)
(11, 16940.0)
(12, 16814.0)
(13, 16928.0)
(14, 16832.0)
(15, 16970.0)
(16, 16754.0)
(17, 16838.0)
(18, 16946.0)
(19, 16670.0)
(20, 16766.0)
(21, 16940.0)
(22, 16880.0)
(23, 16886.0)
(24, 16874.0)
(25, 16850.0)
(26, 16754.0)
(27, 16754.0)
(28, 16910.0)
(29, 16850.0)
(30, 16814.0)
(31, 16904.0)
(32, 16736.0)
(33, 16934.0)
(34, 16844.0)
(35, 16910.0)
(36, 16838.0)
(37, 16886.0)
(38, 16916.0)
(39, 16796.0)
(0, 16862.0)
(1, 16880.0)
(2, 16820.0)
(3, 16856.0)
(4, 16832.0)
(5, 16868.0)
(6, 16790.0)
(7, 16844.0)
(8, 16826.0)
(9, 16904.0)
(10, 16874.0)
(11, 16796.0)
(12, 16856.0)
(13, 16850.0)
(14, 16820.0)
(15, 16796.0)
(16, 16892.0)
(17, 16868.0)
(18, 16844.0)
(19, 16856.0)
(20, 16850.0)
(21, 16838.0)
(22, 16850.0)
(23, 16898.0)
(24, 16868.0)
(25, 16844.0)
(26, 16850.0)
(27, 16844.0)
(28, 16874.0)
(29, 16844.0)
(30, 16898.0)
(31, 16886.0)
(32, 16868.0)
(33, 16862.0)
(34, 16874.0)
(35, 16910.0)
(36, 16868.0)
(37, 16802.0)
(38, 16874.0)
(39, 16862.0)
Changed value of parameter MIPGap to 0.05
   Prev: 0.0001  Min: 0.0  Max: 1e+100  Default: 0.0001
Changed value of parameter TimeLimit to 1800.0
   Prev: 1e+100  Min: 0.0  Max: 1e+100  Default: 1e+100
Changed value of parameter Method to 2
   Prev: -1  Min: -1  Max: 4  Default: -1
Changed value of parameter MIPFocus to 1
   Prev: 0  Min: 0  Max: 3  Default: 0
Optimize a model with 4692 rows, 6888 columns and 13776 nonzeros
Variable types: 0 continuous, 6888 integer (6888 binary)
Coefficient statistics:
  Matrix range     [1e+00, 5e+00]
  Objective range  [1e+01, 8e+01]
  Bounds range     [1e+00, 1e+00]
  RHS range        [8e+01, 8e+01]
Found heuristic solution: objective 0
Presolve removed 4608 rows and 5145 columns
Presolve time: 0.01s
Presolved: 84 rows, 1743 columns, 3368 nonzeros
Found heuristic solution: objective -31817.00000
Variable types: 0 continuous, 1743 integer (1465 binary)
Presolved: 84 rows, 1743 columns, 3368 nonzeros

Root barrier log...

Ordering time: 0.00s

Barrier statistics:
 AA' NZ     : 1.573e+03
 Factor NZ  : 3.494e+03 (roughly 1 MByte of memory)
 Factor Ops : 1.913e+05 (less than 1 second per iteration)
 Threads    : 1

                  Objective                Residual
Iter       Primal          Dual         Primal    Dual     Compl     Time
   0  -7.77991693e+04 -8.81985623e+04  2.93e+01 1.42e-14  6.47e+01     0s
   1  -3.06016656e+04 -6.87960820e+04  1.32e-01 1.40e+01  1.17e+01     0s
   2  -3.33880377e+04 -3.68208057e+04  0.00e+00 8.34e-01  9.68e-01     0s
   3  -3.42303495e+04 -3.45172604e+04  0.00e+00 2.84e-14  8.04e-02     0s
   4  -3.43346807e+04 -3.43894122e+04  0.00e+00 2.84e-14  1.53e-02     0s
   5  -3.43750266e+04 -3.43793943e+04  0.00e+00 2.84e-14  1.22e-03     0s
   6  -3.43754093e+04 -3.43755011e+04  0.00e+00 2.84e-14  2.57e-05     0s
   7  -3.43755000e+04 -3.43755000e+04  0.00e+00 2.84e-14  6.79e-11     0s

Barrier solved model in 7 iterations and 0.02 seconds
Optimal objective -3.43755000e+04


Root relaxation: objective -3.437550e+04, 1370 iterations, 0.01 seconds

    Nodes    |    Current Node    |     Objective Bounds      |     Work
 Expl Unexpl |  Obj  Depth IntInf | Incumbent    BestBd   Gap | It/Node Time

     0     0 -34375.500    0   29 -31817.000 -34375.500  8.04%     -    0s
H    0     0                    -34249.00000 -34375.500  0.37%     -    0s

Explored 0 nodes (1635 simplex iterations) in 0.05 seconds
Thread count was 20 (of 20 available processors)

Solution count 3: -34249 -31817 -437 
Pool objective bound -34375

Optimal solution found (tolerance 5.00e-02)
Best objective -3.424900000000e+04, best bound -3.437500000000e+04, gap 0.3679%
(0, 32093.0)
(1, 32104.0)
(2, 32225.0)
(3, 32511.0)
(4, 32390.0)
(5, 32203.0)
(6, 32434.0)
(7, 32500.0)
(8, 32599.0)
(9, 32412.0)
(10, 32434.0)
(11, 32335.0)
(12, 32445.0)
(13, 32456.0)
(14, 32588.0)
(15, 32555.0)
(16, 32302.0)
(17, 32423.0)
(18, 32302.0)
(19, 32181.0)
(20, 32522.0)
(21, 32137.0)
(22, 32236.0)
(23, 32203.0)
(24, 32016.0)
(25, 32335.0)
(26, 32467.0)
(27, 32445.0)
(28, 32258.0)
(29, 32401.0)
(30, 32610.0)
(31, 32159.0)
(32, 32071.0)
(33, 32533.0)
(34, 32643.0)
(35, 32137.0)
(36, 32467.0)
(37, 32071.0)
(38, 32247.0)
(39, 32269.0)
(0, 32258.0)
(1, 32324.0)
(2, 32236.0)
(3, 32236.0)
(4, 32269.0)
(5, 32280.0)
(6, 32203.0)
(7, 32280.0)
(8, 32236.0)
(9, 32269.0)
(10, 32225.0)
(11, 32225.0)
(12, 32181.0)
(13, 32181.0)
(14, 32247.0)
(15, 32236.0)
(16, 32214.0)
(17, 32269.0)
(18, 32291.0)
(19, 32313.0)
(20, 32258.0)
(21, 32236.0)
(22, 32280.0)
(23, 32280.0)
(24, 32170.0)
(25, 32236.0)
(26, 32236.0)
(27, 32324.0)
(28, 32291.0)
(29, 32115.0)
(30, 32225.0)
(31, 32236.0)
(32, 32291.0)
(33, 32269.0)
(34, 32203.0)
(35, 32258.0)
(36, 32225.0)
(37, 32192.0)
(38, 32159.0)
(39, 32170.0)
Changed value of parameter MIPGap to 0.05
   Prev: 0.0001  Min: 0.0  Max: 1e+100  Default: 0.0001
Changed value of parameter TimeLimit to 1800.0
   Prev: 1e+100  Min: 0.0  Max: 1e+100  Default: 1e+100
Changed value of parameter Method to 2
   Prev: -1  Min: -1  Max: 4  Default: -1
Changed value of parameter MIPFocus to 1
   Prev: 0  Min: 0  Max: 3  Default: 0
Optimize a model with 4692 rows, 6888 columns and 13776 nonzeros
Variable types: 0 continuous, 6888 integer (6888 binary)
Coefficient statistics:
  Matrix range     [1e+00, 5e+00]
  Objective range  [2e+01, 2e+02]
  Bounds range     [1e+00, 1e+00]
  RHS range        [8e+01, 8e+01]
Found heuristic solution: objective 0
Presolve removed 4608 rows and 5145 columns
Presolve time: 0.01s
Presolved: 84 rows, 1743 columns, 3368 nonzeros
Found heuristic solution: objective -62097.00000
Variable types: 0 continuous, 1743 integer (1465 binary)
Presolved: 84 rows, 1743 columns, 3368 nonzeros

Root barrier log...

Ordering time: 0.00s

Barrier statistics:
 AA' NZ     : 1.573e+03
 Factor NZ  : 3.494e+03 (roughly 1 MByte of memory)
 Factor Ops : 1.913e+05 (less than 1 second per iteration)
 Threads    : 1

                  Objective                Residual
Iter       Primal          Dual         Primal    Dual     Compl     Time
   0  -1.50265398e+05 -1.74980017e+05  2.93e+01 2.84e-14  1.30e+02     0s
   1  -5.95004095e+04 -1.36211693e+05  9.21e-02 2.83e+01  2.33e+01     0s
   2  -6.51733376e+04 -7.20554954e+04  0.00e+00 1.70e+00  1.94e+00     0s
   3  -6.69549620e+04 -6.75353623e+04  0.00e+00 5.68e-14  1.63e-01     0s
   4  -6.70251166e+04 -6.71703377e+04  0.00e+00 5.68e-14  4.07e-02     0s
   5  -6.71395080e+04 -6.71494689e+04  0.00e+00 5.68e-14  2.79e-03     0s
   6  -6.71405000e+04 -6.71405001e+04  0.00e+00 5.68e-14  3.01e-08     0s
   7  -6.71405000e+04 -6.71405000e+04  5.42e-15 5.68e-14  3.40e-14     0s

Barrier solved model in 7 iterations and 0.02 seconds
Optimal objective -6.71405000e+04


Root relaxation: objective -6.714050e+04, 1369 iterations, 0.01 seconds

    Nodes    |    Current Node    |     Objective Bounds      |     Work
 Expl Unexpl |  Obj  Depth IntInf | Incumbent    BestBd   Gap | It/Node Time

     0     0 -67140.500    0   33 -62097.000 -67140.500  8.12%     -    0s
H    0     0                    -66920.00000 -67140.500  0.33%     -    0s

Explored 0 nodes (1462 simplex iterations) in 0.03 seconds
Thread count was 20 (of 20 available processors)

Solution count 3: -66920 -62097 -847 
Pool objective bound -67137

Optimal solution found (tolerance 5.00e-02)
Best objective -6.692000000000e+04, best bound -6.713700000000e+04, gap 0.3243%
(0, 62930.0)
(1, 63035.0)
(2, 62909.0)
(3, 63539.0)
(4, 63770.0)
(5, 63077.0)
(6, 63077.0)
(7, 63287.0)
(8, 63749.0)
(9, 62825.0)
(10, 63119.0)
(11, 63266.0)
(12, 62657.0)
(13, 63413.0)
(14, 63098.0)
(15, 63854.0)
(16, 63287.0)
(17, 62678.0)
(18, 63770.0)
(19, 62909.0)
(20, 63035.0)
(21, 62762.0)
(22, 63182.0)
(23, 62909.0)
(24, 63161.0)
(25, 63056.0)
(26, 63098.0)
(27, 63056.0)
(28, 62930.0)
(29, 63203.0)
(30, 62804.0)
(31, 63308.0)
(32, 62552.0)
(33, 63770.0)
(34, 62783.0)
(35, 63623.0)
(36, 62993.0)
(37, 63602.0)
(38, 63728.0)
(39, 62909.0)
(0, 63308.0)
(1, 63077.0)
(2, 63182.0)
(3, 63266.0)
(4, 63371.0)
(5, 63245.0)
(6, 63098.0)
(7, 63119.0)
(8, 63350.0)
(9, 63098.0)
(10, 63203.0)
(11, 63182.0)
(12, 63287.0)
(13, 63392.0)
(14, 63140.0)
(15, 63308.0)
(16, 63287.0)
(17, 63203.0)
(18, 63266.0)
(19, 63308.0)
(20, 63182.0)
(21, 63161.0)
(22, 63308.0)
(23, 63329.0)
(24, 63182.0)
(25, 63266.0)
(26, 63308.0)
(27, 63161.0)
(28, 63161.0)
(29, 63245.0)
(30, 63287.0)
(31, 63224.0)
(32, 63413.0)
(33, 63182.0)
(34, 63140.0)
(35, 63140.0)
(36, 63119.0)
(37, 63140.0)
(38, 63266.0)
(39, 63161.0)
Changed value of parameter MIPGap to 0.05
   Prev: 0.0001  Min: 0.0  Max: 1e+100  Default: 0.0001
Changed value of parameter TimeLimit to 1800.0
   Prev: 1e+100  Min: 0.0  Max: 1e+100  Default: 1e+100
Changed value of parameter Method to 2
   Prev: -1  Min: -1  Max: 4  Default: -1
Changed value of parameter MIPFocus to 1
   Prev: 0  Min: 0  Max: 3  Default: 0
Optimize a model with 4692 rows, 6888 columns and 13776 nonzeros
Variable types: 0 continuous, 6888 integer (6888 binary)
Coefficient statistics:
  Matrix range     [1e+00, 5e+00]
  Objective range  [5e+01, 4e+02]
  Bounds range     [1e+00, 1e+00]
  RHS range        [8e+01, 8e+01]
Found heuristic solution: objective 0
Presolve removed 4608 rows and 5145 columns
Presolve time: 0.01s
Presolved: 84 rows, 1743 columns, 3368 nonzeros
Found heuristic solution: objective -152937.0000
Variable types: 0 continuous, 1743 integer (1465 binary)
Presolved: 84 rows, 1743 columns, 3368 nonzeros

Root barrier log...

Ordering time: 0.00s

Barrier statistics:
 AA' NZ     : 1.573e+03
 Factor NZ  : 3.494e+03 (roughly 1 MByte of memory)
 Factor Ops : 1.913e+05 (less than 1 second per iteration)
 Threads    : 1

                  Objective                Residual
Iter       Primal          Dual         Primal    Dual     Compl     Time
   0  -3.67663350e+05 -4.35324380e+05  2.93e+01 5.68e-14  3.24e+02     0s
   1  -1.46213071e+05 -3.38459330e+05  6.77e-02 7.12e+01  5.82e+01     0s
   2  -1.60533882e+05 -1.77722862e+05  0.00e+00 4.29e+00  4.85e+00     0s
   3  -1.64957894e+05 -1.66474934e+05  0.00e+00 1.14e-13  4.25e-01     0s
   4  -1.65148015e+05 -1.65514515e+05  0.00e+00 1.14e-13  1.03e-01     0s
   5  -1.65432582e+05 -1.65450659e+05  0.00e+00 1.14e-13  5.06e-03     0s
   6  -1.65435499e+05 -1.65435502e+05  0.00e+00 1.14e-13  6.86e-07     0s
   7  -1.65435500e+05 -1.65435500e+05  0.00e+00 1.14e-13  6.90e-13     0s

Barrier solved model in 7 iterations and 0.02 seconds
Optimal objective -1.65435500e+05


Root relaxation: objective -1.654355e+05, 1369 iterations, 0.01 seconds

    Nodes    |    Current Node    |     Objective Bounds      |     Work
 Expl Unexpl |  Obj  Depth IntInf | Incumbent    BestBd   Gap | It/Node Time

     0     0 -165435.50    0   35 -152937.00 -165435.50  8.17%     -    0s
H    0     0                    -164900.0000 -165435.50  0.32%     -    0s

Explored 0 nodes (1519 simplex iterations) in 0.03 seconds
Thread count was 20 (of 20 available processors)

Solution count 3: -164900 -152937 -2077 
Pool objective bound -165435

Optimal solution found (tolerance 5.00e-02)
Best objective -1.649000000000e+05, best bound -1.654350000000e+05, gap 0.3244%
(0, 155312.0)
(1, 155210.0)
(2, 155720.0)
(3, 154649.0)
(4, 155210.0)
(5, 154241.0)
(6, 155516.0)
(7, 155057.0)
(8, 155261.0)
(9, 155924.0)
(10, 155312.0)
(11, 157148.0)
(12, 154394.0)
(13, 155261.0)
(14, 155822.0)
(15, 155414.0)
(16, 155108.0)
(17, 154802.0)
(18, 154802.0)
(19, 154496.0)
(20, 155312.0)
(21, 155261.0)
(22, 155771.0)
(23, 155057.0)
(24, 155363.0)
(25, 154700.0)
(26, 155414.0)
(27, 155414.0)
(28, 154343.0)
(29, 155159.0)
(30, 154649.0)
(31, 155057.0)
(32, 154445.0)
(33, 155210.0)
(34, 155618.0)
(35, 155822.0)
(36, 155363.0)
(37, 154802.0)
(38, 154802.0)
(39, 155312.0)
(0, 155210.0)
(1, 155312.0)
(2, 155261.0)
(3, 155210.0)
(4, 155618.0)
(5, 155618.0)
(6, 155261.0)
(7, 155414.0)
(8, 155312.0)
(9, 155516.0)
(10, 155159.0)
(11, 155261.0)
(12, 155669.0)
(13, 155618.0)
(14, 155210.0)
(15, 155567.0)
(16, 155363.0)
(17, 155720.0)
(18, 155210.0)
(19, 155618.0)
(20, 155516.0)
(21, 155669.0)
(22, 155516.0)
(23, 155618.0)
(24, 155363.0)
(25, 155363.0)
(26, 155516.0)
(27, 155312.0)
(28, 155210.0)
(29, 155465.0)
(30, 155414.0)
(31, 155159.0)
(32, 155618.0)
(33, 155618.0)
(34, 155414.0)
(35, 155414.0)
(36, 155210.0)
(37, 155159.0)
(38, 155822.0)
(39, 155669.0)
Changed value of parameter MIPGap to 0.05
   Prev: 0.0001  Min: 0.0  Max: 1e+100  Default: 0.0001
Changed value of parameter TimeLimit to 1800.0
   Prev: 1e+100  Min: 0.0  Max: 1e+100  Default: 1e+100
Changed value of parameter Method to 2
   Prev: -1  Min: -1  Max: 4  Default: -1
Changed value of parameter MIPFocus to 1
   Prev: 0  Min: 0  Max: 3  Default: 0
Optimize a model with 4692 rows, 6888 columns and 13776 nonzeros
Variable types: 0 continuous, 6888 integer (6888 binary)
Coefficient statistics:
  Matrix range     [1e+00, 5e+00]
  Objective range  [5e+02, 4e+03]
  Bounds range     [1e+00, 1e+00]
  RHS range        [8e+01, 8e+01]
Found heuristic solution: objective 0
Presolve removed 4608 rows and 5145 columns
Presolve time: 0.01s
Presolved: 84 rows, 1743 columns, 3368 nonzeros
Found heuristic solution: objective -1515537.000
Variable types: 0 continuous, 1743 integer (1465 binary)
Presolved: 84 rows, 1743 columns, 3368 nonzeros

Root barrier log...

Ordering time: 0.00s

Barrier statistics:
 AA' NZ     : 1.573e+03
 Factor NZ  : 3.494e+03 (roughly 1 MByte of memory)
 Factor Ops : 1.913e+05 (less than 1 second per iteration)
 Threads    : 1

                  Objective                Residual
Iter       Primal          Dual         Primal    Dual     Compl     Time
   0  -3.62862999e+06 -4.34048983e+06  2.93e+01 4.55e-13  3.25e+03     0s
   1  -1.44696252e+06 -3.37217691e+06  5.30e-02 7.15e+02  5.82e+02     0s
   2  -1.59095895e+06 -1.76260254e+06  0.00e+00 4.31e+01  4.84e+01     0s
   3  -1.63500413e+06 -1.65183717e+06  0.00e+00 1.36e-12  4.72e+00     0s
   4  -1.63698953e+06 -1.64077297e+06  0.00e+00 9.09e-13  1.06e+00     0s
   5  -1.63982424e+06 -1.64001838e+06  0.00e+00 1.82e-12  5.44e-02     0s
   6  -1.63986050e+06 -1.63986051e+06  0.00e+00 1.36e-12  2.92e-06     0s
   7  -1.63986050e+06 -1.63986050e+06  0.00e+00 1.36e-12  2.98e-12     0s

Barrier solved model in 7 iterations and 0.02 seconds
Optimal objective -1.63986050e+06


Root relaxation: objective -1.639860e+06, 1369 iterations, 0.01 seconds

    Nodes    |    Current Node    |     Objective Bounds      |     Work
 Expl Unexpl |  Obj  Depth IntInf | Incumbent    BestBd   Gap | It/Node Time

     0     0 -1639860.5    0   33 -1515537.0 -1639860.5  8.20%     -    0s
H    0     0                    -1634099.000 -1639860.5  0.35%     -    0s

Explored 0 nodes (1673 simplex iterations) in 0.05 seconds
Thread count was 20 (of 20 available processors)

Solution count 3: -1.6341e+06 -1.51554e+06 -20527 
Pool objective bound -1.63986e+06

Optimal solution found (tolerance 5.00e-02)
Best objective -1.634099000000e+06, best bound -1.639860000000e+06, gap 0.3525%
(0, 1532897.0)
(1, 1534901.0)
(2, 1535903.0)
(3, 1535903.0)
(4, 1540412.0)
(5, 1540412.0)
(6, 1543919.0)
(7, 1535402.0)
(8, 1544420.0)
(9, 1536404.0)
(10, 1544921.0)
(11, 1534901.0)
(12, 1537406.0)
(13, 1541915.0)
(14, 1536404.0)
(15, 1542917.0)
(16, 1544921.0)
(17, 1530893.0)
(18, 1534400.0)
(19, 1537406.0)
(20, 1531895.0)
(21, 1534901.0)
(22, 1530893.0)
(23, 1537907.0)
(24, 1537907.0)
(25, 1536404.0)
(26, 1535903.0)
(27, 1535903.0)
(28, 1534901.0)
(29, 1536905.0)
(30, 1538909.0)
(31, 1538408.0)
(32, 1534901.0)
(33, 1535903.0)
(34, 1537907.0)
(35, 1537907.0)
(36, 1531895.0)
(37, 1532396.0)
(38, 1542416.0)
(39, 1538408.0)
(0, 1543919.0)
(1, 1541414.0)
(2, 1546925.0)
(3, 1547426.0)
(4, 1545422.0)
(5, 1541915.0)
(6, 1542917.0)
(7, 1543919.0)
(8, 1543418.0)
(9, 1543919.0)
(10, 1542416.0)
(11, 1543418.0)
(12, 1546424.0)
(13, 1542917.0)
(14, 1545422.0)
(15, 1543919.0)
(16, 1543418.0)
(17, 1544921.0)
(18, 1547927.0)
(19, 1543919.0)
(20, 1542917.0)
(21, 1541414.0)
(22, 1547426.0)
(23, 1544921.0)
(24, 1541915.0)
(25, 1543919.0)
(26, 1542917.0)
(27, 1542917.0)
(28, 1539911.0)
(29, 1541915.0)
(30, 1544420.0)
(31, 1543418.0)
(32, 1541915.0)
(33, 1543919.0)
(34, 1543919.0)
(35, 1545422.0)
(36, 1539911.0)
(37, 1541915.0)
(38, 1543418.0)
(39, 1541915.0)
