Changed value of parameter MIPGap to 0.05
   Prev: 0.0001  Min: 0.0  Max: 1e+100  Default: 0.0001
Changed value of parameter TimeLimit to 1800.0
   Prev: 1e+100  Min: 0.0  Max: 1e+100  Default: 1e+100
Changed value of parameter Method to 2
   Prev: -1  Min: -1  Max: 4  Default: -1
Changed value of parameter MIPFocus to 1
   Prev: 0  Min: 0  Max: 3  Default: 0
Optimize a model with 4102 rows, 6003 columns and 12006 nonzeros
Variable types: 0 continuous, 6003 integer (6003 binary)
Coefficient statistics:
  Matrix range     [1e+00, 5e+00]
  Objective range  [1e+00, 1e+00]
  Bounds range     [1e+00, 1e+00]
  RHS range        [8e+01, 8e+01]
Found heuristic solution: objective 0
Presolve removed 4041 rows and 5014 columns
Presolve time: 0.01s
Presolved: 61 rows, 989 columns, 1877 nonzeros
Found heuristic solution: objective -1578.000000
Variable types: 0 continuous, 989 integer (803 binary)
Presolved: 61 rows, 989 columns, 1877 nonzeros

Root barrier log...

Ordering time: 0.00s

Barrier statistics:
 AA' NZ     : 8.690e+02
 Factor NZ  : 1.891e+03
 Factor Ops : 7.753e+04 (less than 1 second per iteration)
 Threads    : 1

                  Objective                Residual
Iter       Primal          Dual         Primal    Dual     Compl     Time
   0  -4.23999219e+03 -3.06179231e+03  3.23e+01 4.44e-16  2.97e+00     0s
   1  -1.82886114e+03 -2.50993349e+03  2.47e+00 3.35e-01  5.88e-01     0s
   2  -1.70998622e+03 -1.85605305e+03  1.79e-01 2.93e-02  8.40e-02     0s
   3  -1.73246548e+03 -1.75433042e+03  8.58e-03 8.97e-04  1.13e-02     0s
   4  -1.73617313e+03 -1.74322362e+03  2.80e-03 1.11e-15  3.64e-03     0s
   5  -1.73806251e+03 -1.73919247e+03  5.28e-04 8.88e-16  5.91e-04     0s
   6  -1.73859755e+03 -1.73862048e+03  2.71e-07 1.78e-15  1.13e-05     0s
   7  -1.73860000e+03 -1.73860000e+03  3.59e-13 8.88e-16  9.16e-11     0s

Barrier solved model in 7 iterations and 0.02 seconds
Optimal objective -1.73860000e+03


Root relaxation: objective -1.738600e+03, 402 iterations, 0.01 seconds

    Nodes    |    Current Node    |     Objective Bounds      |     Work
 Expl Unexpl |  Obj  Depth IntInf | Incumbent    BestBd   Gap | It/Node Time

     0     0 -1738.6000    0    3 -1578.0000 -1738.6000  10.2%     -    0s
H    0     0                    -1737.000000 -1738.6000  0.09%     -    0s

Explored 0 nodes (568 simplex iterations) in 0.02 seconds
Thread count was 20 (of 20 available processors)

Solution count 3: -1737 -1578 -221 
Pool objective bound -1738

Optimal solution found (tolerance 5.00e-02)
Best objective -1.737000000000e+03, best bound -1.738000000000e+03, gap 0.0576%
Changed value of parameter MIPGap to 0.05
   Prev: 0.0001  Min: 0.0  Max: 1e+100  Default: 0.0001
Changed value of parameter TimeLimit to 1800.0
   Prev: 1e+100  Min: 0.0  Max: 1e+100  Default: 1e+100
Changed value of parameter Method to 2
   Prev: -1  Min: -1  Max: 4  Default: -1
Changed value of parameter MIPFocus to 1
   Prev: 0  Min: 0  Max: 3  Default: 0
Optimize a model with 4102 rows, 6003 columns and 12006 nonzeros
Variable types: 0 continuous, 6003 integer (6003 binary)
Coefficient statistics:
  Matrix range     [1e+00, 5e+00]
  Objective range  [1e+00, 1e+00]
  Bounds range     [1e+00, 1e+00]
  RHS range        [8e+01, 8e+01]
Found heuristic solution: objective 0
Presolve removed 4041 rows and 4243 columns
Presolve time: 0.01s
Presolved: 61 rows, 1760 columns, 2766 nonzeros
Found heuristic solution: objective -1608.271980
Variable types: 0 continuous, 1760 integer (1701 binary)
Presolved: 61 rows, 1760 columns, 2766 nonzeros

Root barrier log...

Ordering time: 0.00s

Barrier statistics:
 AA' NZ     : 8.690e+02
 Factor NZ  : 1.891e+03 (roughly 1 MByte of memory)
 Factor Ops : 7.753e+04 (less than 1 second per iteration)
 Threads    : 1

                  Objective                Residual
Iter       Primal          Dual         Primal    Dual     Compl     Time
   0  -5.32980576e+03 -3.48232790e+03  3.46e+01 8.88e-16  2.41e+00     0s
   1  -1.92064563e+03 -2.93715374e+03  2.90e+00 4.28e-01  5.09e-01     0s
   2  -1.67100329e+03 -1.90243506e+03  9.76e-03 3.74e-02  6.56e-02     0s
   3  -1.73058060e+03 -1.76439896e+03  0.00e+00 2.19e-03  9.48e-03     0s
   4  -1.73676247e+03 -1.74781523e+03  0.00e+00 7.40e-04  3.10e-03     0s
   5  -1.73891371e+03 -1.74083708e+03  0.00e+00 1.78e-15  5.39e-04     0s
   6  -1.73938352e+03 -1.74015980e+03  0.00e+00 8.88e-16  2.17e-04     0s
   7  -1.73949645e+03 -1.73980526e+03  0.00e+00 1.78e-15  8.66e-05     0s
   8  -1.73958248e+03 -1.73971221e+03  0.00e+00 1.78e-15  3.64e-05     0s
   9  -1.73962305e+03 -1.73967910e+03  0.00e+00 1.33e-15  1.57e-05     0s
  10  -1.73965110e+03 -1.73966810e+03  0.00e+00 1.78e-15  4.76e-06     0s
  11  -1.73965505e+03 -1.73966085e+03  0.00e+00 1.78e-15  1.62e-06     0s
  12  -1.73965740e+03 -1.73965816e+03  0.00e+00 1.78e-15  2.12e-07     0s
  13  -1.73965766e+03 -1.73965772e+03  0.00e+00 1.78e-15  1.66e-08     0s
  14  -1.73965767e+03 -1.73965767e+03  0.00e+00 1.78e-15  2.08e-11     0s

Barrier solved model in 14 iterations and 0.02 seconds
Optimal objective -1.73965767e+03


Root relaxation: objective -1.739658e+03, 26 iterations, 0.01 seconds

    Nodes    |    Current Node    |     Objective Bounds      |     Work
 Expl Unexpl |  Obj  Depth IntInf | Incumbent    BestBd   Gap | It/Node Time

     0     0 -1739.6577    0    7 -1608.2720 -1739.6577  8.17%     -    0s
H    0     0                    -1738.052580 -1739.6577  0.09%     -    0s

Explored 0 nodes (28 simplex iterations) in 0.03 seconds
Thread count was 20 (of 20 available processors)

Solution count 3: -1738.05 -1608.27 -179.131 
Pool objective bound -1739.66

Optimal solution found (tolerance 5.00e-02)
Best objective -1.738052580000e+03, best bound -1.739657669000e+03, gap 0.0923%
Changed value of parameter MIPGap to 0.05
   Prev: 0.0001  Min: 0.0  Max: 1e+100  Default: 0.0001
Changed value of parameter TimeLimit to 1800.0
   Prev: 1e+100  Min: 0.0  Max: 1e+100  Default: 1e+100
Changed value of parameter Method to 2
   Prev: -1  Min: -1  Max: 4  Default: -1
Changed value of parameter MIPFocus to 1
   Prev: 0  Min: 0  Max: 3  Default: 0
Optimize a model with 4102 rows, 6003 columns and 12006 nonzeros
Variable types: 0 continuous, 6003 integer (6003 binary)
Coefficient statistics:
  Matrix range     [1e+00, 5e+00]
  Objective range  [1e+00, 1e+00]
  Bounds range     [1e+00, 1e+00]
  RHS range        [8e+01, 8e+01]
Found heuristic solution: objective 0
Presolve removed 4041 rows and 4243 columns
Presolve time: 0.01s
Presolved: 61 rows, 1760 columns, 2766 nonzeros
Found heuristic solution: objective -1609.543960
Variable types: 0 continuous, 1760 integer (1701 binary)
Presolved: 61 rows, 1760 columns, 2766 nonzeros

Root barrier log...

Ordering time: 0.00s

Barrier statistics:
 AA' NZ     : 8.690e+02
 Factor NZ  : 1.891e+03 (roughly 1 MByte of memory)
 Factor Ops : 7.753e+04 (less than 1 second per iteration)
 Threads    : 1

                  Objective                Residual
Iter       Primal          Dual         Primal    Dual     Compl     Time
   0  -5.33315805e+03 -3.48049862e+03  3.46e+01 6.66e-16  2.40e+00     0s
   1  -1.92229209e+03 -2.93599341e+03  2.90e+00 4.27e-01  5.08e-01     0s
   2  -1.67223378e+03 -1.90277131e+03  9.92e-03 3.71e-02  6.53e-02     0s
   3  -1.73161142e+03 -1.76542092e+03  0.00e+00 2.19e-03  9.48e-03     0s
   4  -1.73769187e+03 -1.74881069e+03  0.00e+00 7.22e-04  3.12e-03     0s
   5  -1.73991429e+03 -1.74262455e+03  0.00e+00 1.78e-15  7.59e-04     0s
   6  -1.74034794e+03 -1.74155374e+03  0.00e+00 8.88e-16  3.38e-04     0s
   7  -1.74050614e+03 -1.74098434e+03  0.00e+00 8.88e-16  1.34e-04     0s
   8  -1.74061253e+03 -1.74081309e+03  0.00e+00 1.78e-15  5.62e-05     0s
   9  -1.74066272e+03 -1.74076020e+03  0.00e+00 1.78e-15  2.73e-05     0s
  10  -1.74070287e+03 -1.74072987e+03  0.00e+00 1.78e-15  7.56e-06     0s
  11  -1.74071307e+03 -1.74072071e+03  0.00e+00 1.78e-15  2.14e-06     0s
  12  -1.74071514e+03 -1.74071622e+03  0.00e+00 1.78e-15  3.03e-07     0s
  13  -1.74071533e+03 -1.74071541e+03  0.00e+00 1.78e-15  2.28e-08     0s
  14  -1.74071534e+03 -1.74071534e+03  0.00e+00 1.78e-15  2.35e-11     0s

Barrier solved model in 14 iterations and 0.02 seconds
Optimal objective -1.74071534e+03


Root relaxation: objective -1.740715e+03, 26 iterations, 0.01 seconds

    Nodes    |    Current Node    |     Objective Bounds      |     Work
 Expl Unexpl |  Obj  Depth IntInf | Incumbent    BestBd   Gap | It/Node Time

     0     0 -1740.7153    0    7 -1609.5440 -1740.7153  8.15%     -    0s
H    0     0                    -1739.105160 -1740.7153  0.09%     -    0s

Explored 0 nodes (27 simplex iterations) in 0.03 seconds
Thread count was 20 (of 20 available processors)

Solution count 3: -1739.11 -1609.54 -179.261 
Pool objective bound -1740.72

Optimal solution found (tolerance 5.00e-02)
Best objective -1.739105160000e+03, best bound -1.740715338000e+03, gap 0.0926%
Changed value of parameter MIPGap to 0.05
   Prev: 0.0001  Min: 0.0  Max: 1e+100  Default: 0.0001
Changed value of parameter TimeLimit to 1800.0
   Prev: 1e+100  Min: 0.0  Max: 1e+100  Default: 1e+100
Changed value of parameter Method to 2
   Prev: -1  Min: -1  Max: 4  Default: -1
Changed value of parameter MIPFocus to 1
   Prev: 0  Min: 0  Max: 3  Default: 0
Optimize a model with 4102 rows, 6003 columns and 12006 nonzeros
Variable types: 0 continuous, 6003 integer (6003 binary)
Coefficient statistics:
  Matrix range     [1e+00, 5e+00]
  Objective range  [1e+00, 1e+00]
  Bounds range     [1e+00, 1e+00]
  RHS range        [8e+01, 8e+01]
Found heuristic solution: objective 0
Presolve removed 4041 rows and 4243 columns
Presolve time: 0.01s
Presolved: 61 rows, 1760 columns, 2766 nonzeros
Found heuristic solution: objective -1612.087920
Variable types: 0 continuous, 1760 integer (1701 binary)
Presolved: 61 rows, 1760 columns, 2766 nonzeros

Root barrier log...

Ordering time: 0.00s

Barrier statistics:
 AA' NZ     : 8.690e+02
 Factor NZ  : 1.891e+03 (roughly 1 MByte of memory)
 Factor Ops : 7.753e+04 (less than 1 second per iteration)
 Threads    : 1

                  Objective                Residual
Iter       Primal          Dual         Primal    Dual     Compl     Time
   0  -5.33986238e+03 -3.47684007e+03  3.46e+01 8.88e-16  2.40e+00     0s
   1  -1.92558695e+03 -2.93367292e+03  2.90e+00 4.24e-01  5.06e-01     0s
   2  -1.67469577e+03 -1.90343925e+03  1.02e-02 3.65e-02  6.48e-02     0s
   3  -1.73367706e+03 -1.76745483e+03  0.00e+00 2.17e-03  9.47e-03     0s
   4  -1.73957212e+03 -1.75079747e+03  0.00e+00 6.83e-04  3.15e-03     0s
   5  -1.74195287e+03 -1.74524675e+03  0.00e+00 8.88e-16  9.22e-04     0s
   6  -1.74238611e+03 -1.74376821e+03  0.00e+00 1.78e-15  3.87e-04     0s
   7  -1.74259411e+03 -1.74321234e+03  0.00e+00 1.78e-15  1.73e-04     0s
   8  -1.74270045e+03 -1.74298207e+03  0.00e+00 1.78e-15  7.89e-05     0s
   9  -1.74276352e+03 -1.74288583e+03  0.00e+00 1.78e-15  3.43e-05     0s
  10  -1.74281580e+03 -1.74285065e+03  0.00e+00 1.78e-15  9.75e-06     0s
  11  -1.74282701e+03 -1.74283671e+03  0.00e+00 1.78e-15  2.71e-06     0s
  12  -1.74283049e+03 -1.74283178e+03  0.00e+00 1.78e-15  3.62e-07     0s
  13  -1.74283067e+03 -1.74283072e+03  0.00e+00 1.78e-15  1.29e-08     0s
  14  -1.74283068e+03 -1.74283068e+03  0.00e+00 1.78e-15  1.30e-11     0s

Barrier solved model in 14 iterations and 0.02 seconds
Optimal objective -1.74283068e+03


Root relaxation: objective -1.742831e+03, 20 iterations, 0.01 seconds

    Nodes    |    Current Node    |     Objective Bounds      |     Work
 Expl Unexpl |  Obj  Depth IntInf | Incumbent    BestBd   Gap | It/Node Time

     0     0 -1742.8307    0    7 -1612.0879 -1742.8307  8.11%     -    0s
H    0     0                    -1741.210320 -1742.8307  0.09%     -    0s

Explored 0 nodes (22 simplex iterations) in 0.03 seconds
Thread count was 20 (of 20 available processors)

Solution count 3: -1741.21 -1612.09 -179.522 
Pool objective bound -1742.83

Optimal solution found (tolerance 5.00e-02)
Best objective -1.741210320000e+03, best bound -1.742830676000e+03, gap 0.0931%
Changed value of parameter MIPGap to 0.05
   Prev: 0.0001  Min: 0.0  Max: 1e+100  Default: 0.0001
Changed value of parameter TimeLimit to 1800.0
   Prev: 1e+100  Min: 0.0  Max: 1e+100  Default: 1e+100
Changed value of parameter Method to 2
   Prev: -1  Min: -1  Max: 4  Default: -1
Changed value of parameter MIPFocus to 1
   Prev: 0  Min: 0  Max: 3  Default: 0
Optimize a model with 4102 rows, 6003 columns and 12006 nonzeros
Variable types: 0 continuous, 6003 integer (6003 binary)
Coefficient statistics:
  Matrix range     [1e+00, 5e+00]
  Objective range  [1e+00, 1e+00]
  Bounds range     [1e+00, 1e+00]
  RHS range        [8e+01, 8e+01]
Found heuristic solution: objective 0
Presolve removed 4041 rows and 4243 columns
Presolve time: 0.01s
Presolved: 61 rows, 1760 columns, 2766 nonzeros
Found heuristic solution: objective -1617.175840
Variable types: 0 continuous, 1760 integer (1701 binary)
Presolved: 61 rows, 1760 columns, 2766 nonzeros

Root barrier log...

Ordering time: 0.00s

Barrier statistics:
 AA' NZ     : 8.690e+02
 Factor NZ  : 1.891e+03 (roughly 1 MByte of memory)
 Factor Ops : 7.753e+04 (less than 1 second per iteration)
 Threads    : 1

                  Objective                Residual
Iter       Primal          Dual         Primal    Dual     Compl     Time
   0  -5.35327001e+03 -3.46952296e+03  3.46e+01 8.88e-16  2.38e+00     0s
   1  -1.93218435e+03 -2.92903260e+03  2.91e+00 4.20e-01  5.03e-01     0s
   2  -1.67962382e+03 -1.90475750e+03  1.08e-02 3.53e-02  6.38e-02     0s
   3  -1.73781561e+03 -1.77143190e+03  0.00e+00 2.08e-03  9.43e-03     0s
   4  -1.74259487e+03 -1.75382085e+03  0.00e+00 4.68e-04  3.15e-03     0s
   5  -1.74561891e+03 -1.75008642e+03  0.00e+00 8.88e-16  1.25e-03     0s
   6  -1.74616200e+03 -1.74816266e+03  0.00e+00 1.78e-15  5.61e-04     0s
   7  -1.74661574e+03 -1.74745704e+03  0.00e+00 1.78e-15  2.36e-04     0s
   8  -1.74683634e+03 -1.74725115e+03  0.00e+00 1.78e-15  1.16e-04     0s
   9  -1.74696024e+03 -1.74714805e+03  0.00e+00 8.88e-16  5.27e-05     0s
  10  -1.74704654e+03 -1.74709053e+03  0.00e+00 1.78e-15  1.23e-05     0s
  11  -1.74705777e+03 -1.74706508e+03  0.00e+00 1.78e-15  2.05e-06     0s
  12  -1.74706130e+03 -1.74706163e+03  0.00e+00 1.78e-15  9.33e-08     0s
  13  -1.74706135e+03 -1.74706135e+03  0.00e+00 1.78e-15  1.53e-10     0s

Barrier solved model in 13 iterations and 0.02 seconds
Optimal objective -1.74706135e+03


Root relaxation: objective -1.747061e+03, 21 iterations, 0.01 seconds

    Nodes    |    Current Node    |     Objective Bounds      |     Work
 Expl Unexpl |  Obj  Depth IntInf | Incumbent    BestBd   Gap | It/Node Time

     0     0 -1747.0614    0    7 -1617.1758 -1747.0614  8.03%     -    0s
H    0     0                    -1745.420640 -1747.0614  0.09%     -    0s

Explored 0 nodes (23 simplex iterations) in 0.03 seconds
Thread count was 20 (of 20 available processors)

Solution count 3: -1745.42 -1617.18 -180.045 
Pool objective bound -1747.06

Optimal solution found (tolerance 5.00e-02)
Best objective -1.745420640000e+03, best bound -1.747061352000e+03, gap 0.0940%
Changed value of parameter MIPGap to 0.05
   Prev: 0.0001  Min: 0.0  Max: 1e+100  Default: 0.0001
Changed value of parameter TimeLimit to 1800.0
   Prev: 1e+100  Min: 0.0  Max: 1e+100  Default: 1e+100
Changed value of parameter Method to 2
   Prev: -1  Min: -1  Max: 4  Default: -1
Changed value of parameter MIPFocus to 1
   Prev: 0  Min: 0  Max: 3  Default: 0
Optimize a model with 4102 rows, 6003 columns and 12006 nonzeros
Variable types: 0 continuous, 6003 integer (6003 binary)
Coefficient statistics:
  Matrix range     [1e+00, 5e+00]
  Objective range  [1e+00, 1e+00]
  Bounds range     [1e+00, 1e+00]
  RHS range        [8e+01, 8e+01]
Found heuristic solution: objective 0
Presolve removed 4041 rows and 4243 columns
Presolve time: 0.01s
Presolved: 61 rows, 1760 columns, 2766 nonzeros
Found heuristic solution: objective -1619.719800
Variable types: 0 continuous, 1760 integer (1701 binary)
Presolved: 61 rows, 1760 columns, 2766 nonzeros

Root barrier log...

Ordering time: 0.00s

Barrier statistics:
 AA' NZ     : 8.690e+02
 Factor NZ  : 1.891e+03 (roughly 1 MByte of memory)
 Factor Ops : 7.753e+04 (less than 1 second per iteration)
 Threads    : 1

                  Objective                Residual
Iter       Primal          Dual         Primal    Dual     Compl     Time
   0  -5.35997331e+03 -3.46586441e+03  3.46e+01 8.88e-16  2.37e+00     0s
   1  -1.93548684e+03 -2.92671278e+03  2.91e+00 4.17e-01  5.01e-01     0s
   2  -1.68209063e+03 -1.90540632e+03  1.11e-02 3.47e-02  6.33e-02     0s
   3  -1.73988771e+03 -1.77335529e+03  0.00e+00 2.02e-03  9.39e-03     0s
   4  -1.74474497e+03 -1.75580287e+03  0.00e+00 3.26e-04  3.11e-03     0s
   5  -1.74744917e+03 -1.75248117e+03  0.00e+00 8.88e-16  1.41e-03     0s
   6  -1.74867759e+03 -1.75038603e+03  0.00e+00 1.78e-15  4.78e-04     0s
   7  -1.74893518e+03 -1.74960825e+03  0.00e+00 1.78e-15  1.88e-04     0s
   8  -1.74905401e+03 -1.74934301e+03  0.00e+00 1.78e-15  8.09e-05     0s
   9  -1.74911012e+03 -1.74924079e+03  0.00e+00 1.78e-15  3.66e-05     0s
  10  -1.74916299e+03 -1.74919174e+03  0.00e+00 1.78e-15  8.05e-06     0s
  11  -1.74917430e+03 -1.74918245e+03  0.00e+00 8.88e-16  2.28e-06     0s
  12  -1.74917664e+03 -1.74917700e+03  0.00e+00 1.78e-15  1.00e-07     0s
  13  -1.74917669e+03 -1.74917669e+03  0.00e+00 2.66e-15  1.20e-10     0s

Barrier solved model in 13 iterations and 0.02 seconds
Optimal objective -1.74917669e+03


Root relaxation: objective -1.749177e+03, 23 iterations, 0.01 seconds

    Nodes    |    Current Node    |     Objective Bounds      |     Work
 Expl Unexpl |  Obj  Depth IntInf | Incumbent    BestBd   Gap | It/Node Time

     0     0 -1749.1767    0    7 -1619.7198 -1749.1767  7.99%     -    0s
H    0     0                    -1747.525800 -1749.1767  0.09%     -    0s

Explored 0 nodes (25 simplex iterations) in 0.03 seconds
Thread count was 20 (of 20 available processors)

Solution count 3: -1747.53 -1619.72 -180.306 
Pool objective bound -1749.18

Optimal solution found (tolerance 5.00e-02)
Best objective -1.747525800000e+03, best bound -1.749176690000e+03, gap 0.0945%
Changed value of parameter MIPGap to 0.05
   Prev: 0.0001  Min: 0.0  Max: 1e+100  Default: 0.0001
Changed value of parameter TimeLimit to 1800.0
   Prev: 1e+100  Min: 0.0  Max: 1e+100  Default: 1e+100
Changed value of parameter Method to 2
   Prev: -1  Min: -1  Max: 4  Default: -1
Changed value of parameter MIPFocus to 1
   Prev: 0  Min: 0  Max: 3  Default: 0
Optimize a model with 4102 rows, 6003 columns and 12006 nonzeros
Variable types: 0 continuous, 6003 integer (6003 binary)
Coefficient statistics:
  Matrix range     [1e+00, 5e+00]
  Objective range  [1e+00, 1e+00]
  Bounds range     [1e+00, 1e+00]
  RHS range        [8e+01, 8e+01]
Found heuristic solution: objective 0
Presolve removed 4041 rows and 4243 columns
Presolve time: 0.01s
Presolved: 61 rows, 1760 columns, 2766 nonzeros
Found heuristic solution: objective -1632.439600
Variable types: 0 continuous, 1760 integer (1701 binary)
Presolved: 61 rows, 1760 columns, 2766 nonzeros

Root barrier log...

Ordering time: 0.00s

Barrier statistics:
 AA' NZ     : 8.690e+02
 Factor NZ  : 1.891e+03 (roughly 1 MByte of memory)
 Factor Ops : 7.753e+04 (less than 1 second per iteration)
 Threads    : 1

                  Objective                Residual
Iter       Primal          Dual         Primal    Dual     Compl     Time
   0  -5.39348453e+03 -3.44757164e+03  3.46e+01 8.88e-16  2.34e+00     0s
   1  -1.95203590e+03 -2.91511716e+03  2.94e+00 4.06e-01  4.93e-01     0s
   2  -1.69444845e+03 -1.90853204e+03  1.22e-02 3.18e-02  6.07e-02     0s
   3  -1.75026046e+03 -1.78231760e+03  0.00e+00 1.53e-03  9.00e-03     0s
   4  -1.75575722e+03 -1.76721369e+03  0.00e+00 1.78e-15  3.21e-03     0s
   5  -1.75803218e+03 -1.76244030e+03  0.00e+00 1.78e-15  1.24e-03     0s
   6  -1.75894110e+03 -1.76076205e+03  0.00e+00 1.78e-15  5.11e-04     0s
   7  -1.75939478e+03 -1.76019355e+03  0.00e+00 1.78e-15  2.24e-04     0s
   8  -1.75964038e+03 -1.75994219e+03  0.00e+00 1.78e-15  8.45e-05     0s
   9  -1.75973564e+03 -1.75982299e+03  0.00e+00 8.88e-16  2.44e-05     0s
  10  -1.75975171e+03 -1.75976730e+03  0.00e+00 1.78e-15  4.36e-06     0s
  11  -1.75975319e+03 -1.75975486e+03  0.00e+00 1.78e-15  4.67e-07     0s
  12  -1.75975338e+03 -1.75975338e+03  0.00e+00 1.78e-15  7.76e-10     0s

Barrier solved model in 12 iterations and 0.02 seconds
Optimal objective -1.75975338e+03


Root relaxation: objective -1.759753e+03, 34 iterations, 0.01 seconds

    Nodes    |    Current Node    |     Objective Bounds      |     Work
 Expl Unexpl |  Obj  Depth IntInf | Incumbent    BestBd   Gap | It/Node Time

     0     0 -1759.7534    0    7 -1632.4396 -1759.7534  7.80%     -    0s
H    0     0                    -1758.051600 -1759.7534  0.10%     -    0s

Explored 0 nodes (36 simplex iterations) in 0.02 seconds
Thread count was 20 (of 20 available processors)

Solution count 3: -1758.05 -1632.44 -181.611 
Pool objective bound -1759.75

Optimal solution found (tolerance 5.00e-02)
Best objective -1.758051600000e+03, best bound -1.759753380000e+03, gap 0.0968%
Changed value of parameter MIPGap to 0.05
   Prev: 0.0001  Min: 0.0  Max: 1e+100  Default: 0.0001
Changed value of parameter TimeLimit to 1800.0
   Prev: 1e+100  Min: 0.0  Max: 1e+100  Default: 1e+100
Changed value of parameter Method to 2
   Prev: -1  Min: -1  Max: 4  Default: -1
Changed value of parameter MIPFocus to 1
   Prev: 0  Min: 0  Max: 3  Default: 0
Optimize a model with 4102 rows, 6003 columns and 12006 nonzeros
Variable types: 0 continuous, 6003 integer (6003 binary)
Coefficient statistics:
  Matrix range     [1e+00, 5e+00]
  Objective range  [1e+00, 1e+00]
  Bounds range     [1e+00, 1e+00]
  RHS range        [8e+01, 8e+01]
Found heuristic solution: objective 0
Presolve removed 4041 rows and 4243 columns
Presolve time: 0.01s
Presolved: 61 rows, 1760 columns, 2766 nonzeros
Found heuristic solution: objective -1657.879200
Variable types: 0 continuous, 1760 integer (1701 binary)
Presolved: 61 rows, 1760 columns, 2766 nonzeros

Root barrier log...

Ordering time: 0.00s

Barrier statistics:
 AA' NZ     : 8.690e+02
 Factor NZ  : 1.891e+03 (roughly 1 MByte of memory)
 Factor Ops : 7.753e+04 (less than 1 second per iteration)
 Threads    : 1

                  Objective                Residual
Iter       Primal          Dual         Primal    Dual     Compl     Time
   0  -5.46047914e+03 -3.41098610e+03  3.46e+01 8.88e-16  2.26e+00     0s
   1  -1.98530341e+03 -2.89194456e+03  2.98e+00 3.82e-01  4.76e-01     0s
   2  -1.72242952e+03 -1.91983492e+03  9.48e-02 2.78e-02  6.01e-02     0s
   3  -1.77056764e+03 -1.79691827e+03  7.28e-03 7.08e-04  7.75e-03     0s
   4  -1.77649804e+03 -1.78721759e+03  2.38e-03 6.69e-05  3.12e-03     0s
   5  -1.77822906e+03 -1.78346894e+03  1.30e-03 6.99e-06  1.53e-03     0s
   6  -1.77925654e+03 -1.78215056e+03  7.38e-04 1.78e-15  8.49e-04     0s
   7  -1.77993745e+03 -1.78157096e+03  4.10e-04 8.88e-16  4.79e-04     0s
   8  -1.78037219e+03 -1.78121200e+03  2.12e-04 1.78e-15  2.47e-04     0s
   9  -1.78061264e+03 -1.78105894e+03  1.11e-04 1.78e-15  1.31e-04     0s
  10  -1.78080853e+03 -1.78094034e+03  3.34e-05 1.78e-15  3.88e-05     0s
  11  -1.78089995e+03 -1.78091616e+03  1.83e-06 1.78e-15  4.65e-06     0s
  12  -1.78090672e+03 -1.78090682e+03  0.00e+00 1.78e-15  2.67e-08     0s
  13  -1.78090676e+03 -1.78090676e+03  0.00e+00 1.78e-15  2.00e-13     0s

Barrier solved model in 13 iterations and 0.02 seconds
Optimal objective -1.78090676e+03


Root relaxation: objective -1.780907e+03, 28 iterations, 0.01 seconds

    Nodes    |    Current Node    |     Objective Bounds      |     Work
 Expl Unexpl |  Obj  Depth IntInf | Incumbent    BestBd   Gap | It/Node Time

     0     0 -1780.9068    0    7 -1657.8792 -1780.9068  7.42%     -    0s
H    0     0                    -1779.103200 -1780.9068  0.10%     -    0s

Explored 0 nodes (30 simplex iterations) in 0.03 seconds
Thread count was 20 (of 20 available processors)

Solution count 3: -1779.1 -1657.88 -184.223 
Pool objective bound -1780.91

Optimal solution found (tolerance 5.00e-02)
Best objective -1.779103200000e+03, best bound -1.780906760000e+03, gap 0.1014%
Changed value of parameter MIPGap to 0.05
   Prev: 0.0001  Min: 0.0  Max: 1e+100  Default: 0.0001
Changed value of parameter TimeLimit to 1800.0
   Prev: 1e+100  Min: 0.0  Max: 1e+100  Default: 1e+100
Changed value of parameter Method to 2
   Prev: -1  Min: -1  Max: 4  Default: -1
Changed value of parameter MIPFocus to 1
   Prev: 0  Min: 0  Max: 3  Default: 0
Optimize a model with 4102 rows, 6003 columns and 12006 nonzeros
Variable types: 0 continuous, 6003 integer (6003 binary)
Coefficient statistics:
  Matrix range     [1e+00, 5e+00]
  Objective range  [1e+00, 1e+00]
  Bounds range     [1e+00, 1e+00]
  RHS range        [8e+01, 8e+01]
Found heuristic solution: objective 0
Presolve removed 4041 rows and 4243 columns
Presolve time: 0.01s
Presolved: 61 rows, 1760 columns, 2766 nonzeros
Found heuristic solution: objective -1708.758400
Variable types: 0 continuous, 1760 integer (1701 binary)
Presolved: 61 rows, 1760 columns, 2766 nonzeros

Root barrier log...

Ordering time: 0.00s

Barrier statistics:
 AA' NZ     : 8.690e+02
 Factor NZ  : 1.891e+03 (roughly 1 MByte of memory)
 Factor Ops : 7.753e+04 (less than 1 second per iteration)
 Threads    : 1

                  Objective                Residual
Iter       Primal          Dual         Primal    Dual     Compl     Time
   0  -5.59470664e+03 -3.39152596e+03  3.46e+01 4.44e-16  2.18e+00     0s
   1  -2.04310863e+03 -2.88573836e+03  3.00e+00 3.53e-01  4.56e-01     0s
   2  -1.77575227e+03 -1.96006692e+03  1.52e-01 2.61e-02  5.93e-02     0s
   3  -1.81617108e+03 -1.85020661e+03  5.44e-03 1.56e-03  9.79e-03     0s
   4  -1.82145755e+03 -1.83418150e+03  9.24e-04 1.78e-15  3.61e-03     0s
   5  -1.82307307e+03 -1.82770430e+03  3.48e-04 1.78e-15  1.31e-03     0s
   6  -1.82387548e+03 -1.82604779e+03  1.65e-04 1.78e-15  6.17e-04     0s
   7  -1.82443570e+03 -1.82535595e+03  5.96e-05 1.78e-15  2.61e-04     0s
   8  -1.82463891e+03 -1.82509441e+03  2.72e-05 1.78e-15  1.29e-04     0s
   9  -1.82474180e+03 -1.82498237e+03  1.23e-05 1.78e-15  6.81e-05     0s
  10  -1.82481541e+03 -1.82491448e+03  2.44e-06 1.78e-15  2.79e-05     0s
  11  -1.82483178e+03 -1.82487288e+03  7.45e-07 1.78e-15  1.16e-05     0s
  12  -1.82484420e+03 -1.82484718e+03  0.00e+00 1.78e-15  8.41e-07     0s
  13  -1.82484639e+03 -1.82484640e+03  0.00e+00 1.78e-15  2.30e-09     0s

Barrier solved model in 13 iterations and 0.02 seconds
Optimal objective -1.82484639e+03


Root relaxation: objective -1.824846e+03, 56 iterations, 0.01 seconds

    Nodes    |    Current Node    |     Objective Bounds      |     Work
 Expl Unexpl |  Obj  Depth IntInf | Incumbent    BestBd   Gap | It/Node Time

     0     0 -1824.8464    0   32 -1708.7584 -1824.8464  6.79%     -    0s
H    0     0                    -1818.208800 -1824.8464  0.37%     -    0s

Explored 0 nodes (56 simplex iterations) in 0.03 seconds
Thread count was 20 (of 20 available processors)

Solution count 3: -1818.21 -1708.76 -189.446 
Pool objective bound -1824.85

Optimal solution found (tolerance 5.00e-02)
Best objective -1.818208800000e+03, best bound -1.824846400000e+03, gap 0.3651%
Changed value of parameter MIPGap to 0.05
   Prev: 0.0001  Min: 0.0  Max: 1e+100  Default: 0.0001
Changed value of parameter TimeLimit to 1800.0
   Prev: 1e+100  Min: 0.0  Max: 1e+100  Default: 1e+100
Changed value of parameter Method to 2
   Prev: -1  Min: -1  Max: 4  Default: -1
Changed value of parameter MIPFocus to 1
   Prev: 0  Min: 0  Max: 3  Default: 0
Optimize a model with 4102 rows, 6003 columns and 12006 nonzeros
Variable types: 0 continuous, 6003 integer (6003 binary)
Coefficient statistics:
  Matrix range     [1e+00, 5e+00]
  Objective range  [1e+00, 1e+00]
  Bounds range     [1e+00, 1e+00]
  RHS range        [8e+01, 8e+01]
Found heuristic solution: objective 0
Presolve removed 4041 rows and 4243 columns
Presolve time: 0.01s
Presolved: 61 rows, 1760 columns, 2766 nonzeros
Found heuristic solution: objective -1734.198000
Variable types: 0 continuous, 1760 integer (1701 binary)
Presolved: 61 rows, 1760 columns, 2766 nonzeros

Root barrier log...

Ordering time: 0.00s

Barrier statistics:
 AA' NZ     : 8.690e+02
 Factor NZ  : 1.891e+03 (roughly 1 MByte of memory)
 Factor Ops : 7.753e+04 (less than 1 second per iteration)
 Threads    : 1

                  Objective                Residual
Iter       Primal          Dual         Primal    Dual     Compl     Time
   0  -5.66213168e+03 -3.43221737e+03  3.46e+01 8.88e-16  2.21e+00     0s
   1  -2.06350372e+03 -2.92030521e+03  2.96e+00 3.56e-01  4.59e-01     0s
   2  -1.79549508e+03 -1.98661144e+03  1.31e-01 2.77e-02  6.02e-02     0s
   3  -1.83733374e+03 -1.87620859e+03  9.11e-03 1.93e-03  1.13e-02     0s
   4  -1.84179778e+03 -1.85566193e+03  4.58e-03 1.78e-15  4.10e-03     0s
   5  -1.84452666e+03 -1.85201061e+03  2.57e-03 1.78e-15  2.22e-03     0s
   6  -1.84547235e+03 -1.85028508e+03  1.96e-03 1.78e-15  1.44e-03     0s
   7  -1.84697180e+03 -1.84954011e+03  1.02e-03 1.78e-15  7.69e-04     0s
   8  -1.84773754e+03 -1.84914019e+03  5.58e-04 1.78e-15  4.20e-04     0s
   9  -1.84821818e+03 -1.84892785e+03  2.74e-04 1.78e-15  2.13e-04     0s
  10  -1.84855805e+03 -1.84880010e+03  9.09e-05 1.78e-15  7.25e-05     0s
  11  -1.84867050e+03 -1.84876328e+03  3.50e-05 1.78e-15  2.78e-05     0s
  12  -1.84874105e+03 -1.84874731e+03  1.13e-06 1.78e-15  1.82e-06     0s
  13  -1.84874529e+03 -1.84874531e+03  0.00e+00 1.78e-15  3.48e-09     0s

Barrier solved model in 13 iterations and 0.02 seconds
Optimal objective -1.84874529e+03


Root relaxation: objective -1.848745e+03, 34 iterations, 0.01 seconds

    Nodes    |    Current Node    |     Objective Bounds      |     Work
 Expl Unexpl |  Obj  Depth IntInf | Incumbent    BestBd   Gap | It/Node Time

     0     0 -1848.7453    0   36 -1734.1980 -1848.7453  6.61%     -    0s
H    0     0                    -1841.200000 -1848.7453  0.41%     -    0s

Explored 0 nodes (38 simplex iterations) in 0.03 seconds
Thread count was 20 (of 20 available processors)

Solution count 3: -1841.2 -1734.2 -192.057 
Pool objective bound -1848.75

Optimal solution found (tolerance 5.00e-02)
Best objective -1.841200000000e+03, best bound -1.848745300000e+03, gap 0.4098%
Changed value of parameter MIPGap to 0.05
   Prev: 0.0001  Min: 0.0  Max: 1e+100  Default: 0.0001
Changed value of parameter TimeLimit to 1800.0
   Prev: 1e+100  Min: 0.0  Max: 1e+100  Default: 1e+100
Changed value of parameter Method to 2
   Prev: -1  Min: -1  Max: 4  Default: -1
Changed value of parameter MIPFocus to 1
   Prev: 0  Min: 0  Max: 3  Default: 0
Optimize a model with 4102 rows, 6003 columns and 12006 nonzeros
Variable types: 0 continuous, 6003 integer (6003 binary)
Coefficient statistics:
  Matrix range     [1e+00, 5e+00]
  Objective range  [1e+00, 2e+00]
  Bounds range     [1e+00, 1e+00]
  RHS range        [8e+01, 8e+01]
Found heuristic solution: objective 0
Presolve removed 4041 rows and 4243 columns
Presolve time: 0.01s
Presolved: 61 rows, 1760 columns, 2766 nonzeros
Found heuristic solution: objective -1861.396000
Variable types: 0 continuous, 1760 integer (1701 binary)
Presolved: 61 rows, 1760 columns, 2766 nonzeros

Root barrier log...

Ordering time: 0.00s

Barrier statistics:
 AA' NZ     : 8.690e+02
 Factor NZ  : 1.891e+03 (roughly 1 MByte of memory)
 Factor Ops : 7.753e+04 (less than 1 second per iteration)
 Threads    : 1

                  Objective                Residual
Iter       Primal          Dual         Primal    Dual     Compl     Time
   0  -5.99925671e+03 -3.63567438e+03  3.46e+01 8.88e-16  2.32e+00     0s
   1  -2.16696176e+03 -3.09396130e+03  2.75e+00 3.68e-01  4.74e-01     0s
   2  -1.89584924e+03 -2.11027305e+03  1.44e-02 3.16e-02  6.09e-02     0s
   3  -1.94759217e+03 -1.98629404e+03  2.35e-03 3.55e-15  1.10e-02     0s
   4  -1.95848026e+03 -1.97391328e+03  7.47e-04 1.78e-15  4.37e-03     0s
   5  -1.96235727e+03 -1.97101509e+03  4.35e-04 1.78e-15  2.45e-03     0s
   6  -1.96625267e+03 -1.96956421e+03  1.48e-04 1.78e-15  9.38e-04     0s
   7  -1.96722488e+03 -1.96898650e+03  7.08e-05 1.78e-15  4.98e-04     0s
   8  -1.96763216e+03 -1.96881788e+03  4.47e-05 8.88e-16  3.35e-04     0s
   9  -1.96782317e+03 -1.96871320e+03  3.25e-05 1.78e-15  2.52e-04     0s
  10  -1.96793144e+03 -1.96856293e+03  2.61e-05 1.78e-15  1.79e-04     0s
  11  -1.96811184e+03 -1.96850204e+03  1.33e-05 1.78e-15  1.11e-04     0s
  12  -1.96841287e+03 -1.96847023e+03  0.00e+00 1.78e-15  1.61e-05     0s
  13  -1.96843747e+03 -1.96845030e+03  0.00e+00 1.78e-15  3.59e-06     0s
  14  -1.96844051e+03 -1.96844067e+03  0.00e+00 1.78e-15  4.53e-08     0s
  15  -1.96844060e+03 -1.96844060e+03  0.00e+00 1.78e-15  2.53e-11     0s

Barrier solved model in 15 iterations and 0.02 seconds
Optimal objective -1.96844060e+03


Root relaxation: objective -1.968441e+03, 25 iterations, 0.01 seconds

    Nodes    |    Current Node    |     Objective Bounds      |     Work
 Expl Unexpl |  Obj  Depth IntInf | Incumbent    BestBd   Gap | It/Node Time

     0     0 -1968.4406    0   36 -1861.3960 -1968.4406  5.75%     -    0s
H    0     0                    -1959.400000 -1968.4406  0.46%     -    0s

Explored 0 nodes (27 simplex iterations) in 0.03 seconds
Thread count was 20 (of 20 available processors)

Solution count 3: -1959.4 -1861.4 -205.114 
Pool objective bound -1968.44

Optimal solution found (tolerance 5.00e-02)
Best objective -1.959400000000e+03, best bound -1.968440600000e+03, gap 0.4614%
Changed value of parameter MIPGap to 0.05
   Prev: 0.0001  Min: 0.0  Max: 1e+100  Default: 0.0001
Changed value of parameter TimeLimit to 1800.0
   Prev: 1e+100  Min: 0.0  Max: 1e+100  Default: 1e+100
Changed value of parameter Method to 2
   Prev: -1  Min: -1  Max: 4  Default: -1
Changed value of parameter MIPFocus to 1
   Prev: 0  Min: 0  Max: 3  Default: 0
Optimize a model with 4102 rows, 6003 columns and 12006 nonzeros
Variable types: 0 continuous, 6003 integer (6003 binary)
Coefficient statistics:
  Matrix range     [1e+00, 5e+00]
  Objective range  [1e+00, 3e+00]
  Bounds range     [1e+00, 1e+00]
  RHS range        [8e+01, 8e+01]
Found heuristic solution: objective 0
Presolve removed 4041 rows and 4244 columns
Presolve time: 0.01s
Presolved: 61 rows, 1759 columns, 2765 nonzeros
Found heuristic solution: objective -2116.280000
Variable types: 0 continuous, 1759 integer (1699 binary)
Presolve removed 0 rows and 2 columns
Presolved: 61 rows, 1757 columns, 2763 nonzeros

Root barrier log...

Ordering time: 0.00s

Barrier statistics:
 AA' NZ     : 8.690e+02
 Factor NZ  : 1.891e+03 (roughly 1 MByte of memory)
 Factor Ops : 7.753e+04 (less than 1 second per iteration)
 Threads    : 1

                  Objective                Residual
Iter       Primal          Dual         Primal    Dual     Compl     Time
   0  -6.66567192e+03 -4.14184147e+03  3.46e+01 8.88e-16  2.68e+00     0s
   1  -2.36768815e+03 -3.51836076e+03  2.32e+00 4.24e-01  5.29e-01     0s
   2  -2.13216296e+03 -2.33094702e+03  0.00e+00 2.76e-02  5.57e-02     0s
   3  -2.18313458e+03 -2.23236560e+03  0.00e+00 2.66e-15  1.38e-02     0s
   4  -2.19340614e+03 -2.21626172e+03  0.00e+00 1.78e-15  6.41e-03     0s
   5  -2.20322332e+03 -2.21342130e+03  0.00e+00 8.88e-16  2.86e-03     0s
   6  -2.20602883e+03 -2.21213316e+03  0.00e+00 1.78e-15  1.71e-03     0s
   7  -2.20812521e+03 -2.21136442e+03  0.00e+00 1.78e-15  9.08e-04     0s
   8  -2.20963837e+03 -2.21115998e+03  0.00e+00 8.88e-16  4.26e-04     0s
   9  -2.21024723e+03 -2.21099188e+03  0.00e+00 1.78e-15  2.09e-04     0s
  10  -2.21065883e+03 -2.21088745e+03  0.00e+00 1.78e-15  6.41e-05     0s
  11  -2.21077929e+03 -2.21086605e+03  0.00e+00 1.78e-15  2.43e-05     0s
  12  -2.21083865e+03 -2.21084594e+03  0.00e+00 1.78e-15  2.04e-06     0s
  13  -2.21084049e+03 -2.21084055e+03  0.00e+00 1.78e-15  1.60e-08     0s
  14  -2.21084053e+03 -2.21084053e+03  0.00e+00 1.78e-15  1.60e-11     0s

Barrier solved model in 14 iterations and 0.02 seconds
Optimal objective -2.21084053e+03


Root relaxation: objective -2.210841e+03, 23 iterations, 0.01 seconds

    Nodes    |    Current Node    |     Objective Bounds      |     Work
 Expl Unexpl |  Obj  Depth IntInf | Incumbent    BestBd   Gap | It/Node Time

     0     0 -2210.8405    0   41 -2116.2800 -2210.8405  4.47%     -    0s

Explored 0 nodes (23 simplex iterations) in 0.03 seconds
Thread count was 20 (of 20 available processors)

Solution count 2: -2116.28 -231.228 
Pool objective bound -2210.84

Optimal solution found (tolerance 5.00e-02)
Best objective -2.116280000000e+03, best bound -2.210840530000e+03, gap 4.4682%
Changed value of parameter MIPGap to 0.05
   Prev: 0.0001  Min: 0.0  Max: 1e+100  Default: 0.0001
Changed value of parameter TimeLimit to 1800.0
   Prev: 1e+100  Min: 0.0  Max: 1e+100  Default: 1e+100
Changed value of parameter Method to 2
   Prev: -1  Min: -1  Max: 4  Default: -1
Changed value of parameter MIPFocus to 1
   Prev: 0  Min: 0  Max: 3  Default: 0
Optimize a model with 4102 rows, 6003 columns and 12006 nonzeros
Variable types: 0 continuous, 6003 integer (6003 binary)
Coefficient statistics:
  Matrix range     [1e+00, 5e+00]
  Objective range  [1e+00, 5e+00]
  Bounds range     [1e+00, 1e+00]
  RHS range        [8e+01, 8e+01]
Found heuristic solution: objective 0
Presolve removed 4041 rows and 4243 columns
Presolve time: 0.01s
Presolved: 61 rows, 1760 columns, 2766 nonzeros
Found heuristic solution: objective -2625.904000
Variable types: 0 continuous, 1760 integer (1701 binary)
Presolved: 61 rows, 1760 columns, 2766 nonzeros

Root barrier log...

Ordering time: 0.00s

Barrier statistics:
 AA' NZ     : 8.690e+02
 Factor NZ  : 1.891e+03 (roughly 1 MByte of memory)
 Factor Ops : 7.753e+04 (less than 1 second per iteration)
 Threads    : 1

                  Objective                Residual
Iter       Primal          Dual         Primal    Dual     Compl     Time
   0  -8.02735567e+03 -6.01221136e+03  3.46e+01 1.33e-15  4.45e+00     0s
   1  -2.73290429e+03 -5.02176115e+03  1.47e+00 8.24e-01  8.46e-01     0s
   2  -2.60890792e+03 -2.97901560e+03  1.87e-02 8.31e-02  1.05e-01     0s
   3  -2.72695135e+03 -2.80555265e+03  0.00e+00 1.43e-02  2.20e-02     0s
   4  -2.74279627e+03 -2.76478173e+03  0.00e+00 1.78e-15  6.15e-03     0s
   5  -2.74822923e+03 -2.75616281e+03  0.00e+00 1.78e-15  2.22e-03     0s
   6  -2.75069395e+03 -2.75323471e+03  0.00e+00 1.78e-15  7.11e-04     0s
   7  -2.75171265e+03 -2.75249823e+03  0.00e+00 1.78e-15  2.20e-04     0s
   8  -2.75205506e+03 -2.75222158e+03  0.00e+00 1.78e-15  4.65e-05     0s
   9  -2.75210543e+03 -2.75210973e+03  0.00e+00 2.66e-15  1.20e-06     0s
  10  -2.75210640e+03 -2.75210640e+03  0.00e+00 1.78e-15  1.20e-09     0s

Barrier solved model in 10 iterations and 0.02 seconds
Optimal objective -2.75210640e+03


Root relaxation: objective -2.752106e+03, 45 iterations, 0.01 seconds

    Nodes    |    Current Node    |     Objective Bounds      |     Work
 Expl Unexpl |  Obj  Depth IntInf | Incumbent    BestBd   Gap | It/Node Time

     0     0 -2752.1064    0   20 -2625.9040 -2752.1064  4.81%     -    0s

Explored 0 nodes (45 simplex iterations) in 0.03 seconds
Thread count was 20 (of 20 available processors)

Solution count 2: -2625.9 -283.456 
Pool objective bound -2752.11

Optimal solution found (tolerance 5.00e-02)
Best objective -2.625904000000e+03, best bound -2.752106400000e+03, gap 4.8061%
Changed value of parameter MIPGap to 0.05
   Prev: 0.0001  Min: 0.0  Max: 1e+100  Default: 0.0001
Changed value of parameter TimeLimit to 1800.0
   Prev: 1e+100  Min: 0.0  Max: 1e+100  Default: 1e+100
Changed value of parameter Method to 2
   Prev: -1  Min: -1  Max: 4  Default: -1
Changed value of parameter MIPFocus to 1
   Prev: 0  Min: 0  Max: 3  Default: 0
Optimize a model with 4102 rows, 6003 columns and 12006 nonzeros
Variable types: 0 continuous, 6003 integer (6003 binary)
Coefficient statistics:
  Matrix range     [1e+00, 5e+00]
  Objective range  [1e+00, 5e+00]
  Bounds range     [1e+00, 1e+00]
  RHS range        [8e+01, 8e+01]
Found heuristic solution: objective 0
Presolve removed 4041 rows and 4243 columns
Presolve time: 0.01s
Presolved: 61 rows, 1760 columns, 2766 nonzeros
Found heuristic solution: objective -2880.880000
Variable types: 0 continuous, 1760 integer (1701 binary)
Presolved: 61 rows, 1760 columns, 2766 nonzeros

Root barrier log...

Ordering time: 0.00s

Barrier statistics:
 AA' NZ     : 8.690e+02
 Factor NZ  : 1.891e+03 (roughly 1 MByte of memory)
 Factor Ops : 7.753e+04 (less than 1 second per iteration)
 Threads    : 1

                  Objective                Residual
Iter       Primal          Dual         Primal    Dual     Compl     Time
   0  -8.70376875e+03 -7.13450795e+03  3.46e+01 1.78e-15  5.57e+00     0s
   1  -2.92795712e+03 -5.91522269e+03  1.20e+00 1.09e+00  1.05e+00     0s
   2  -2.85851746e+03 -3.33380172e+03  0.00e+00 1.19e-01  1.33e-01     0s
   3  -3.00203316e+03 -3.09536916e+03  0.00e+00 1.60e-02  2.61e-02     0s
   4  -3.01073771e+03 -3.04264444e+03  0.00e+00 2.66e-15  8.91e-03     0s
   5  -3.02347172e+03 -3.03705611e+03  0.00e+00 1.78e-15  3.79e-03     0s
   6  -3.02886602e+03 -3.03437558e+03  0.00e+00 1.78e-15  1.54e-03     0s
   7  -3.03128849e+03 -3.03275411e+03  0.00e+00 1.78e-15  4.09e-04     0s
   8  -3.03170378e+03 -3.03220823e+03  0.00e+00 1.78e-15  1.41e-04     0s
   9  -3.03191031e+03 -3.03205749e+03  0.00e+00 1.78e-15  4.11e-05     0s
  10  -3.03198246e+03 -3.03198587e+03  0.00e+00 1.78e-15  9.53e-07     0s
  11  -3.03198500e+03 -3.03198500e+03  0.00e+00 3.55e-15  4.38e-11     0s

Barrier solved model in 11 iterations and 0.02 seconds
Optimal objective -3.03198500e+03


Root relaxation: objective -3.031985e+03, 30 iterations, 0.01 seconds

    Nodes    |    Current Node    |     Objective Bounds      |     Work
 Expl Unexpl |  Obj  Depth IntInf | Incumbent    BestBd   Gap | It/Node Time

     0     0 -3031.9850    0   36 -2880.8800 -3031.9850  5.25%     -    0s
H    0     0                    -3020.880000 -3031.9850  0.37%     -    0s

Explored 0 nodes (36 simplex iterations) in 0.03 seconds
Thread count was 20 (of 20 available processors)

Solution count 3: -3020.88 -2880.88 -309.57 
Pool objective bound -3031.98

Optimal solution found (tolerance 5.00e-02)
Best objective -3.020880000000e+03, best bound -3.031980000000e+03, gap 0.3674%
Changed value of parameter MIPGap to 0.05
   Prev: 0.0001  Min: 0.0  Max: 1e+100  Default: 0.0001
Changed value of parameter TimeLimit to 1800.0
   Prev: 1e+100  Min: 0.0  Max: 1e+100  Default: 1e+100
Changed value of parameter Method to 2
   Prev: -1  Min: -1  Max: 4  Default: -1
Changed value of parameter MIPFocus to 1
   Prev: 0  Min: 0  Max: 3  Default: 0
Optimize a model with 4102 rows, 6003 columns and 12006 nonzeros
Variable types: 0 continuous, 6003 integer (6003 binary)
Coefficient statistics:
  Matrix range     [1e+00, 5e+00]
  Objective range  [1e+00, 1e+01]
  Bounds range     [1e+00, 1e+00]
  RHS range        [8e+01, 8e+01]
Found heuristic solution: objective 0
Presolve removed 4041 rows and 4243 columns
Presolve time: 0.01s
Presolved: 61 rows, 1760 columns, 2766 nonzeros
Found heuristic solution: objective -4156.920000
Variable types: 0 continuous, 1760 integer (1701 binary)
Presolved: 61 rows, 1760 columns, 2766 nonzeros

Root barrier log...

Ordering time: 0.00s

Barrier statistics:
 AA' NZ     : 8.690e+02
 Factor NZ  : 1.891e+03 (roughly 1 MByte of memory)
 Factor Ops : 7.753e+04 (less than 1 second per iteration)
 Threads    : 1

                  Objective                Residual
Iter       Primal          Dual         Primal    Dual     Compl     Time
   0  -1.20826821e+04 -1.27459909e+04  3.46e+01 2.66e-15  1.12e+01     0s
   1  -4.00992101e+03 -1.03874812e+04  5.68e-01 2.41e+00  2.03e+00     0s
   2  -4.13786396e+03 -5.16430387e+03  0.00e+00 3.14e-01  2.89e-01     0s
   3  -4.40560092e+03 -4.52622366e+03  0.00e+00 2.09e-02  3.37e-02     0s
   4  -4.42226933e+03 -4.46154587e+03  0.00e+00 7.11e-15  1.10e-02     0s
   5  -4.43642541e+03 -4.44962087e+03  0.00e+00 3.55e-15  3.69e-03     0s
   6  -4.44221195e+03 -4.44671460e+03  0.00e+00 3.55e-15  1.26e-03     0s
   7  -4.44402128e+03 -4.44545443e+03  0.00e+00 3.55e-15  4.00e-04     0s
   8  -4.44469101e+03 -4.44492580e+03  0.00e+00 3.55e-15  6.56e-05     0s
   9  -4.44477925e+03 -4.44478055e+03  0.00e+00 3.55e-15  3.63e-07     0s
  10  -4.44478000e+03 -4.44478000e+03  0.00e+00 3.55e-15  3.63e-10     0s

Barrier solved model in 10 iterations and 0.02 seconds
Optimal objective -4.44478000e+03


Root relaxation: objective -4.444780e+03, 28 iterations, 0.01 seconds

    Nodes    |    Current Node    |     Objective Bounds      |     Work
 Expl Unexpl |  Obj  Depth IntInf | Incumbent    BestBd   Gap | It/Node Time

     0     0 -4444.7800    0   36 -4156.9200 -4444.7800  6.92%     -    0s
H    0     0                    -4430.840000 -4444.7800  0.31%     -    0s

Explored 0 nodes (39 simplex iterations) in 0.03 seconds
Thread count was 20 (of 20 available processors)

Solution count 3: -4430.84 -4156.92 -440.14 
Pool objective bound -4444.78

Optimal solution found (tolerance 5.00e-02)
Best objective -4.430840000000e+03, best bound -4.444780000000e+03, gap 0.3146%
Changed value of parameter MIPGap to 0.05
   Prev: 0.0001  Min: 0.0  Max: 1e+100  Default: 0.0001
Changed value of parameter TimeLimit to 1800.0
   Prev: 1e+100  Min: 0.0  Max: 1e+100  Default: 1e+100
Changed value of parameter Method to 2
   Prev: -1  Min: -1  Max: 4  Default: -1
Changed value of parameter MIPFocus to 1
   Prev: 0  Min: 0  Max: 3  Default: 0
Optimize a model with 4102 rows, 6003 columns and 12006 nonzeros
Variable types: 0 continuous, 6003 integer (6003 binary)
Coefficient statistics:
  Matrix range     [1e+00, 5e+00]
  Objective range  [1e+00, 2e+01]
  Bounds range     [1e+00, 1e+00]
  RHS range        [8e+01, 8e+01]
Found heuristic solution: objective 0
Presolve removed 4041 rows and 4243 columns
Presolve time: 0.01s
Presolved: 61 rows, 1760 columns, 2766 nonzeros
Found heuristic solution: objective -6753.040000
Variable types: 0 continuous, 1760 integer (1701 binary)
Presolved: 61 rows, 1760 columns, 2766 nonzeros

Root barrier log...

Ordering time: 0.00s

Barrier statistics:
 AA' NZ     : 8.690e+02
 Factor NZ  : 1.891e+03 (roughly 1 MByte of memory)
 Factor Ops : 7.753e+04 (less than 1 second per iteration)
 Threads    : 1

                  Objective                Residual
Iter       Primal          Dual         Primal    Dual     Compl     Time
   0  -1.88374097e+04 -2.40605305e+04  3.47e+01 5.33e-15  2.25e+01     0s
   1  -6.31625005e+03 -1.94001429e+04  2.74e-01 5.11e+00  4.02e+00     0s
   2  -6.69232548e+03 -8.82601743e+03  0.00e+00 6.97e-01  6.02e-01     0s
   3  -7.11773671e+03 -7.49545658e+03  0.00e+00 7.62e-02  1.06e-01     0s
   4  -7.24010817e+03 -7.34763702e+03  0.00e+00 6.25e-03  3.00e-02     0s
   5  -7.26741319e+03 -7.32797757e+03  0.00e+00 7.11e-15  1.69e-02     0s
   6  -7.27848170e+03 -7.29532690e+03  0.00e+00 7.11e-15  4.70e-03     0s
   7  -7.28248511e+03 -7.28803415e+03  0.00e+00 7.11e-15  1.55e-03     0s
   8  -7.28349445e+03 -7.28493486e+03  0.00e+00 5.33e-15  4.02e-04     0s
   9  -7.28387089e+03 -7.28399313e+03  0.00e+00 7.11e-15  3.41e-05     0s
  10  -7.28393973e+03 -7.28394026e+03  0.00e+00 7.11e-15  1.46e-07     0s
  11  -7.28394000e+03 -7.28394000e+03  0.00e+00 7.11e-15  2.57e-13     0s

Barrier solved model in 11 iterations and 0.02 seconds
Optimal objective -7.28394000e+03


Root relaxation: objective -7.283940e+03, 31 iterations, 0.01 seconds

    Nodes    |    Current Node    |     Objective Bounds      |     Work
 Expl Unexpl |  Obj  Depth IntInf | Incumbent    BestBd   Gap | It/Node Time

     0     0 -7283.9400    0   33 -6753.0400 -7283.9400  7.86%     -    0s
H    0     0                    -7263.320000 -7283.9400  0.28%     -    0s

Explored 0 nodes (40 simplex iterations) in 0.03 seconds
Thread count was 20 (of 20 available processors)

Solution count 3: -7263.32 -6753.04 -701.28 
Pool objective bound -7283.92

Optimal solution found (tolerance 5.00e-02)
Best objective -7.263320000000e+03, best bound -7.283920000000e+03, gap 0.2836%
Changed value of parameter MIPGap to 0.05
   Prev: 0.0001  Min: 0.0  Max: 1e+100  Default: 0.0001
Changed value of parameter TimeLimit to 1800.0
   Prev: 1e+100  Min: 0.0  Max: 1e+100  Default: 1e+100
Changed value of parameter Method to 2
   Prev: -1  Min: -1  Max: 4  Default: -1
Changed value of parameter MIPFocus to 1
   Prev: 0  Min: 0  Max: 3  Default: 0
Optimize a model with 4102 rows, 6003 columns and 12006 nonzeros
Variable types: 0 continuous, 6003 integer (6003 binary)
Coefficient statistics:
  Matrix range     [1e+00, 5e+00]
  Objective range  [1e+00, 4e+01]
  Bounds range     [1e+00, 1e+00]
  RHS range        [8e+01, 8e+01]
Found heuristic solution: objective 0
Presolve removed 4041 rows and 4243 columns
Presolve time: 0.01s
Presolved: 61 rows, 1760 columns, 2766 nonzeros
Found heuristic solution: objective -11950.12000
Variable types: 0 continuous, 1760 integer (1701 binary)
Presolved: 61 rows, 1760 columns, 2766 nonzeros

Root barrier log...

Ordering time: 0.00s

Barrier statistics:
 AA' NZ     : 8.690e+02
 Factor NZ  : 1.891e+03 (roughly 1 MByte of memory)
 Factor Ops : 7.753e+04 (less than 1 second per iteration)
 Threads    : 1

                  Objective                Residual
Iter       Primal          Dual         Primal    Dual     Compl     Time
   0  -3.23452481e+04 -4.67240372e+04  3.47e+01 1.07e-14  4.51e+01     0s
   1  -1.10090980e+04 -3.74555805e+04  1.47e-01 1.05e+01  8.02e+00     0s
   2  -1.18275498e+04 -1.61302494e+04  0.00e+00 1.45e+00  1.22e+00     0s
   3  -1.26481955e+04 -1.33745890e+04  0.00e+00 1.50e-01  2.03e-01     0s
   4  -1.29230081e+04 -1.30905074e+04  0.00e+00 2.29e-02  4.68e-02     0s
   5  -1.29552661e+04 -1.30397750e+04  0.00e+00 1.42e-14  2.36e-02     0s
   6  -1.29691050e+04 -1.29902160e+04  0.00e+00 1.42e-14  5.90e-03     0s
   7  -1.29733358e+04 -1.29787144e+04  0.00e+00 2.13e-14  1.50e-03     0s
   8  -1.29742312e+04 -1.29759100e+04  0.00e+00 1.42e-14  4.69e-04     0s
   9  -1.29745611e+04 -1.29745904e+04  0.00e+00 1.42e-14  8.19e-06     0s
  10  -1.29745800e+04 -1.29745800e+04  0.00e+00 1.42e-14  8.19e-09     0s

Barrier solved model in 10 iterations and 0.02 seconds
Optimal objective -1.29745800e+04


Root relaxation: objective -1.297458e+04, 33 iterations, 0.01 seconds

    Nodes    |    Current Node    |     Objective Bounds      |     Work
 Expl Unexpl |  Obj  Depth IntInf | Incumbent    BestBd   Gap | It/Node Time

     0     0 -12974.580    0   31 -11950.120 -12974.580  8.57%     -    0s
H    0     0                    -12944.16000 -12974.580  0.24%     -    0s

Explored 0 nodes (35 simplex iterations) in 0.03 seconds
Thread count was 20 (of 20 available processors)

Solution count 3: -12944.2 -11950.1 -1223.56 
Pool objective bound -12974.6

Optimal solution found (tolerance 5.00e-02)
Best objective -1.294416000000e+04, best bound -1.297456000000e+04, gap 0.2349%
Changed value of parameter MIPGap to 0.05
   Prev: 0.0001  Min: 0.0  Max: 1e+100  Default: 0.0001
Changed value of parameter TimeLimit to 1800.0
   Prev: 1e+100  Min: 0.0  Max: 1e+100  Default: 1e+100
Changed value of parameter Method to 2
   Prev: -1  Min: -1  Max: 4  Default: -1
Changed value of parameter MIPFocus to 1
   Prev: 0  Min: 0  Max: 3  Default: 0
Optimize a model with 4102 rows, 6003 columns and 12006 nonzeros
Variable types: 0 continuous, 6003 integer (6003 binary)
Coefficient statistics:
  Matrix range     [1e+00, 5e+00]
  Objective range  [1e+00, 5e+01]
  Bounds range     [1e+00, 1e+00]
  RHS range        [8e+01, 8e+01]
Found heuristic solution: objective 0
Presolve removed 4041 rows and 4243 columns
Presolve time: 0.01s
Presolved: 61 rows, 1760 columns, 2766 nonzeros
Found heuristic solution: objective -14555.30000
Variable types: 0 continuous, 1760 integer (1701 binary)
Presolved: 61 rows, 1760 columns, 2766 nonzeros

Root barrier log...

Ordering time: 0.00s

Barrier statistics:
 AA' NZ     : 8.690e+02
 Factor NZ  : 1.891e+03 (roughly 1 MByte of memory)
 Factor Ops : 7.753e+04 (less than 1 second per iteration)
 Threads    : 1

                  Objective                Residual
Iter       Primal          Dual         Primal    Dual     Compl     Time
   0  -3.90990035e+04 -5.80557906e+04  3.47e+01 1.95e-14  5.64e+01     0s
   1  -1.33616947e+04 -4.64833726e+04  1.21e-01 1.32e+01  1.00e+01     0s
   2  -1.43987063e+04 -1.97855917e+04  0.00e+00 1.82e+00  1.52e+00     0s
   3  -1.54148668e+04 -1.63147719e+04  0.00e+00 1.86e-01  2.52e-01     0s
   4  -1.57649246e+04 -1.59621557e+04  0.00e+00 3.03e-02  5.51e-02     0s
   5  -1.58011194e+04 -1.58671778e+04  0.00e+00 1.42e-14  1.85e-02     0s
   6  -1.58144924e+04 -1.58393937e+04  0.00e+00 6.42e-03  6.96e-03     0s
   7  -1.58204951e+04 -1.58271816e+04  0.00e+00 2.84e-14  1.87e-03     0s
   8  -1.58218126e+04 -1.58231852e+04  0.00e+00 1.42e-14  3.83e-04     0s
   9  -1.58220951e+04 -1.58221095e+04  0.00e+00 2.13e-14  4.04e-06     0s
  10  -1.58221000e+04 -1.58221000e+04  0.00e+00 1.60e-14  4.04e-09     0s

Barrier solved model in 10 iterations and 0.02 seconds
Optimal objective -1.58221000e+04


Root relaxation: objective -1.582210e+04, 31 iterations, 0.01 seconds

    Nodes    |    Current Node    |     Objective Bounds      |     Work
 Expl Unexpl |  Obj  Depth IntInf | Incumbent    BestBd   Gap | It/Node Time

     0     0 -15822.100    0   27 -14555.300 -15822.100  8.70%     -    0s
H    0     0                    -15785.60000 -15822.100  0.23%     -    0s

Explored 0 nodes (40 simplex iterations) in 0.03 seconds
Thread count was 20 (of 20 available processors)

Solution count 3: -15785.6 -14555.3 -1484.7 
Pool objective bound -15822.1

Optimal solution found (tolerance 5.00e-02)
Best objective -1.578560000000e+04, best bound -1.582210000000e+04, gap 0.2312%
Changed value of parameter MIPGap to 0.05
   Prev: 0.0001  Min: 0.0  Max: 1e+100  Default: 0.0001
Changed value of parameter TimeLimit to 1800.0
   Prev: 1e+100  Min: 0.0  Max: 1e+100  Default: 1e+100
Changed value of parameter Method to 2
   Prev: -1  Min: -1  Max: 4  Default: -1
Changed value of parameter MIPFocus to 1
   Prev: 0  Min: 0  Max: 3  Default: 0
Optimize a model with 4102 rows, 6003 columns and 12006 nonzeros
Variable types: 0 continuous, 6003 integer (6003 binary)
Coefficient statistics:
  Matrix range     [1e+00, 5e+00]
  Objective range  [1e+00, 9e+01]
  Bounds range     [1e+00, 1e+00]
  RHS range        [8e+01, 8e+01]
Found heuristic solution: objective 0
Presolve removed 4041 rows and 4243 columns
Presolve time: 0.01s
Presolved: 61 rows, 1760 columns, 2766 nonzeros
Found heuristic solution: objective -27530.60000
Variable types: 0 continuous, 1760 integer (1701 binary)
Presolved: 61 rows, 1760 columns, 2766 nonzeros

Root barrier log...

Ordering time: 0.00s

Barrier statistics:
 AA' NZ     : 8.690e+02
 Factor NZ  : 1.891e+03 (roughly 1 MByte of memory)
 Factor Ops : 7.753e+04 (less than 1 second per iteration)
 Threads    : 1

                  Objective                Residual
Iter       Primal          Dual         Primal    Dual     Compl     Time
   0  -7.28674546e+04 -1.14714558e+05  3.47e+01 3.91e-14  1.13e+02     0s
   1  -2.51371327e+04 -9.16225400e+04  6.82e-02 2.67e+01  2.00e+01     0s
   2  -2.72621747e+04 -3.80615493e+04  0.00e+00 3.70e+00  3.06e+00     0s
   3  -2.92541532e+04 -3.10326170e+04  0.00e+00 3.71e-01  4.98e-01     0s
   4  -2.99561789e+04 -3.03346791e+04  0.00e+00 6.88e-02  1.06e-01     0s
   5  -3.00237444e+04 -3.01644729e+04  0.00e+00 3.88e-02  3.93e-02     0s
   6  -3.00495117e+04 -3.01015959e+04  0.00e+00 1.31e-02  1.46e-02     0s
   7  -3.00593282e+04 -3.00740423e+04  0.00e+00 3.52e-03  4.11e-03     0s
   8  -3.00628070e+04 -3.00642726e+04  0.00e+00 1.92e-04  4.09e-04     0s
   9  -3.00634932e+04 -3.00635049e+04  0.00e+00 2.84e-14  3.28e-06     0s
  10  -3.00635000e+04 -3.00635000e+04  0.00e+00 2.84e-14  3.28e-09     0s

Barrier solved model in 10 iterations and 0.02 seconds
Optimal objective -3.00635000e+04


Root relaxation: objective -3.006350e+04, 40 iterations, 0.01 seconds

    Nodes    |    Current Node    |     Objective Bounds      |     Work
 Expl Unexpl |  Obj  Depth IntInf | Incumbent    BestBd   Gap | It/Node Time

     0     0 -30063.500    0   22 -27530.600 -30063.500  9.20%     -    0s
H    0     0                    -29999.60000 -30063.500  0.21%     -    0s

Explored 0 nodes (44 simplex iterations) in 0.03 seconds
Thread count was 20 (of 20 available processors)

Solution count 3: -29999.6 -27530.6 -2790.4 
Pool objective bound -30063.4

Optimal solution found (tolerance 5.00e-02)
Best objective -2.999960000000e+04, best bound -3.006340000000e+04, gap 0.2127%
Changed value of parameter MIPGap to 0.05
   Prev: 0.0001  Min: 0.0  Max: 1e+100  Default: 0.0001
Changed value of parameter TimeLimit to 1800.0
   Prev: 1e+100  Min: 0.0  Max: 1e+100  Default: 1e+100
Changed value of parameter Method to 2
   Prev: -1  Min: -1  Max: 4  Default: -1
Changed value of parameter MIPFocus to 1
   Prev: 0  Min: 0  Max: 3  Default: 0
Optimize a model with 4102 rows, 6003 columns and 12006 nonzeros
Variable types: 0 continuous, 6003 integer (6003 binary)
Coefficient statistics:
  Matrix range     [1e+00, 5e+00]
  Objective range  [1e+00, 2e+02]
  Bounds range     [1e+00, 1e+00]
  RHS range        [8e+01, 8e+01]
Found heuristic solution: objective 0
Presolve removed 4041 rows and 4243 columns
Presolve time: 0.01s
Presolved: 61 rows, 1760 columns, 2766 nonzeros
Found heuristic solution: objective -53505.80000
Variable types: 0 continuous, 1760 integer (1701 binary)
Presolved: 61 rows, 1760 columns, 2766 nonzeros

Root barrier log...

Ordering time: 0.00s

Barrier statistics:
 AA' NZ     : 8.690e+02
 Factor NZ  : 1.891e+03 (roughly 1 MByte of memory)
 Factor Ops : 7.753e+04 (less than 1 second per iteration)
 Threads    : 1

                  Objective                Residual
Iter       Primal          Dual         Primal    Dual     Compl     Time
   0  -1.40404032e+05 -2.28032091e+05  3.47e+01 7.11e-14  2.26e+02     0s
   1  -4.87005935e+04 -1.81901110e+05  4.17e-02 5.37e+01  4.00e+01     0s
   2  -5.29969850e+04 -7.46082819e+04  0.00e+00 7.44e+00  6.13e+00     0s
   3  -5.69232154e+04 -6.04582261e+04  0.00e+00 7.28e-01  9.90e-01     0s
   4  -5.83008235e+04 -5.90623047e+04  0.00e+00 1.33e-01  2.13e-01     0s
   5  -5.84483747e+04 -5.87025151e+04  0.00e+00 4.77e-02  7.10e-02     0s
   6  -5.85221384e+04 -5.86056767e+04  0.00e+00 2.09e-02  2.33e-02     0s
   7  -5.85440701e+04 -5.85689825e+04  0.00e+00 6.73e-03  6.96e-03     0s
   8  -5.85501435e+04 -5.85525931e+04  0.00e+00 6.63e-04  6.85e-04     0s
   9  -5.85503979e+04 -5.85504012e+04  0.00e+00 5.68e-14  9.13e-07     0s
  10  -5.85504000e+04 -5.85504000e+04  0.00e+00 1.14e-13  9.13e-10     0s

Barrier solved model in 10 iterations and 0.02 seconds
Optimal objective -5.85504000e+04


Root relaxation: objective -5.855040e+04, 38 iterations, 0.01 seconds

    Nodes    |    Current Node    |     Objective Bounds      |     Work
 Expl Unexpl |  Obj  Depth IntInf | Incumbent    BestBd   Gap | It/Node Time

     0     0 -58550.400    0   24 -53505.800 -58550.400  9.43%     -    0s
H    0     0                    -58428.60000 -58550.400  0.21%     -    0s

Explored 0 nodes (41 simplex iterations) in 0.03 seconds
Thread count was 20 (of 20 available processors)

Solution count 3: -58428.6 -53505.8 -5401.8 
Pool objective bound -58550.4

Optimal solution found (tolerance 5.00e-02)
Best objective -5.842860000000e+04, best bound -5.855040000000e+04, gap 0.2085%
Changed value of parameter MIPGap to 0.05
   Prev: 0.0001  Min: 0.0  Max: 1e+100  Default: 0.0001
Changed value of parameter TimeLimit to 1800.0
   Prev: 1e+100  Min: 0.0  Max: 1e+100  Default: 1e+100
Changed value of parameter Method to 2
   Prev: -1  Min: -1  Max: 4  Default: -1
Changed value of parameter MIPFocus to 1
   Prev: 0  Min: 0  Max: 3  Default: 0
Optimize a model with 4102 rows, 6003 columns and 12006 nonzeros
Variable types: 0 continuous, 6003 integer (6003 binary)
Coefficient statistics:
  Matrix range     [1e+00, 5e+00]
  Objective range  [2e+00, 4e+02]
  Bounds range     [1e+00, 1e+00]
  RHS range        [8e+01, 8e+01]
Found heuristic solution: objective 0
Presolve removed 4041 rows and 4243 columns
Presolve time: 0.01s
Presolved: 61 rows, 1760 columns, 2766 nonzeros
Found heuristic solution: objective -131493.0000
Variable types: 0 continuous, 1760 integer (1701 binary)
Presolved: 61 rows, 1760 columns, 2766 nonzeros

Root barrier log...

Ordering time: 0.00s

Barrier statistics:
 AA' NZ     : 8.690e+02
 Factor NZ  : 1.891e+03 (roughly 1 MByte of memory)
 Factor Ops : 7.753e+04 (less than 1 second per iteration)
 Threads    : 1

                  Objective                Residual
Iter       Primal          Dual         Primal    Dual     Compl     Time
   0  -3.43013503e+05 -5.67984693e+05  3.47e+01 1.14e-13  5.66e+02     0s
   1  -1.19401153e+05 -4.52736985e+05  2.57e-02 1.35e+02  9.99e+01     0s
   2  -1.30208241e+05 -1.84245206e+05  0.00e+00 1.87e+01  1.53e+01     0s
   3  -1.39917811e+05 -1.48722556e+05  0.00e+00 1.79e+00  2.47e+00     0s
   4  -1.43387189e+05 -1.45235467e+05  0.00e+00 3.17e-01  5.17e-01     0s
   5  -1.43747459e+05 -1.44460629e+05  0.00e+00 1.45e-01  1.99e-01     0s
   6  -1.43920938e+05 -1.44137774e+05  0.00e+00 3.33e-02  6.06e-02     0s
   7  -1.43988870e+05 -1.44048977e+05  0.00e+00 8.30e-03  1.68e-02     0s
   8  -1.44012236e+05 -1.44020953e+05  0.00e+00 6.75e-04  2.44e-03     0s
   9  -1.44015990e+05 -1.44016017e+05  0.00e+00 1.82e-06  7.56e-06     0s
  10  -1.44016000e+05 -1.44016000e+05  0.00e+00 2.27e-13  7.56e-09     0s

Barrier solved model in 10 iterations and 0.02 seconds
Optimal objective -1.44016000e+05


Root relaxation: objective -1.440160e+05, 34 iterations, 0.01 seconds

    Nodes    |    Current Node    |     Objective Bounds      |     Work
 Expl Unexpl |  Obj  Depth IntInf | Incumbent    BestBd   Gap | It/Node Time

     0     0 -144016.00    0   28 -131493.00 -144016.00  9.52%     -    0s
H    0     0                    -143733.0000 -144016.00  0.20%     -    0s

Explored 0 nodes (47 simplex iterations) in 0.03 seconds
Thread count was 20 (of 20 available processors)

Solution count 3: -143733 -131493 -13236 
Pool objective bound -144016

Optimal solution found (tolerance 5.00e-02)
Best objective -1.437330000000e+05, best bound -1.440160000000e+05, gap 0.1969%
Changed value of parameter MIPGap to 0.05
   Prev: 0.0001  Min: 0.0  Max: 1e+100  Default: 0.0001
Changed value of parameter TimeLimit to 1800.0
   Prev: 1e+100  Min: 0.0  Max: 1e+100  Default: 1e+100
Changed value of parameter Method to 2
   Prev: -1  Min: -1  Max: 4  Default: -1
Changed value of parameter MIPFocus to 1
   Prev: 0  Min: 0  Max: 3  Default: 0
Optimize a model with 4102 rows, 6003 columns and 12006 nonzeros
Variable types: 0 continuous, 6003 integer (6003 binary)
Coefficient statistics:
  Matrix range     [1e+00, 5e+00]
  Objective range  [1e+01, 4e+03]
  Bounds range     [1e+00, 1e+00]
  RHS range        [8e+01, 8e+01]
Found heuristic solution: objective 0
Presolve removed 4041 rows and 4243 columns
Presolve time: 0.01s
Presolved: 61 rows, 1760 columns, 2766 nonzeros
Found heuristic solution: objective -1300414.000
Variable types: 0 continuous, 1760 integer (1701 binary)
Presolved: 61 rows, 1760 columns, 2766 nonzeros

Root barrier log...

Ordering time: 0.00s

Barrier statistics:
 AA' NZ     : 8.690e+02
 Factor NZ  : 1.891e+03 (roughly 1 MByte of memory)
 Factor Ops : 7.753e+04 (less than 1 second per iteration)
 Threads    : 1

                  Objective                Residual
Iter       Primal          Dual         Primal    Dual     Compl     Time
   0  -3.38215464e+06 -5.66727372e+06  3.47e+01 9.09e-13  5.66e+03     0s
   1  -1.17994647e+06 -4.51527567e+06  1.61e-02 1.35e+03  9.99e+02     0s
   2  -1.28840229e+06 -1.82881173e+06  0.00e+00 1.87e+02  1.53e+02     0s
   3  -1.38486006e+06 -1.47269525e+06  0.00e+00 1.76e+01  2.46e+01     0s
   4  -1.41934473e+06 -1.43777664e+06  0.00e+00 3.05e+00  5.15e+00     0s
   5  -1.42311327e+06 -1.43047017e+06  0.00e+00 1.40e+00  2.06e+00     0s
   6  -1.42484067e+06 -1.42728266e+06  0.00e+00 3.50e-01  6.82e-01     0s
   7  -1.42580169e+06 -1.42641405e+06  0.00e+00 8.07e-02  1.71e-01     0s
   8  -1.42602315e+06 -1.42608167e+06  0.00e+00 5.61e-03  1.64e-02     0s
   9  -1.42603850e+06 -1.42603939e+06  0.00e+00 1.82e-12  2.48e-04     0s
  10  -1.42603900e+06 -1.42603900e+06  0.00e+00 1.82e-12  2.48e-07     0s
  11  -1.42603900e+06 -1.42603900e+06  2.58e-14 1.82e-12  2.75e-13     0s

Barrier solved model in 11 iterations and 0.02 seconds
Optimal objective -1.42603900e+06


Root relaxation: objective -1.426039e+06, 35 iterations, 0.01 seconds

    Nodes    |    Current Node    |     Objective Bounds      |     Work
 Expl Unexpl |  Obj  Depth IntInf | Incumbent    BestBd   Gap | It/Node Time

     0     0 -1426039.0    0   26 -1300414.0 -1426039.0  9.66%     -    0s
H    0     0                    -1423162.000 -1426039.0  0.20%     -    0s

Explored 0 nodes (37 simplex iterations) in 0.03 seconds
Thread count was 20 (of 20 available processors)

Solution count 3: -1.42316e+06 -1.30041e+06 -130749 
Pool objective bound -1.42604e+06

Optimal solution found (tolerance 5.00e-02)
Best objective -1.423162000000e+06, best bound -1.426039000000e+06, gap 0.2022%
