Changed value of parameter MIPGap to 0.05
   Prev: 0.0001  Min: 0.0  Max: 1e+100  Default: 0.0001
Changed value of parameter TimeLimit to 1800.0
   Prev: 1e+100  Min: 0.0  Max: 1e+100  Default: 1e+100
Changed value of parameter Method to 2
   Prev: -1  Min: -1  Max: 4  Default: -1
Changed value of parameter MIPFocus to 1
   Prev: 0  Min: 0  Max: 3  Default: 0
Optimize a model with 3916 rows, 5724 columns and 11448 nonzeros
Variable types: 0 continuous, 5724 integer (5724 binary)
Coefficient statistics:
  Matrix range     [1e+00, 4e+00]
  Objective range  [1e+00, 1e+00]
  Bounds range     [1e+00, 1e+00]
  RHS range        [8e+01, 8e+01]
Found heuristic solution: objective 0
Presolve removed 3866 rows and 5046 columns
Presolve time: 0.01s
Presolved: 50 rows, 678 columns, 1272 nonzeros
Found heuristic solution: objective -1601.000000
Variable types: 0 continuous, 678 integer (529 binary)
Presolved: 50 rows, 678 columns, 1272 nonzeros

Root barrier log...

Ordering time: 0.00s

Barrier statistics:
 AA' NZ     : 5.810e+02
 Factor NZ  : 1.275e+03
 Factor Ops : 4.292e+04 (less than 1 second per iteration)
 Threads    : 1

                  Objective                Residual
Iter       Primal          Dual         Primal    Dual     Compl     Time
   0  -2.61404742e+03 -2.53343688e+03  2.77e+01 2.22e-16  1.97e+00     0s
   1  -1.68940312e+03 -2.04329319e+03  1.72e+00 2.88e-02  3.68e-01     0s
   2  -1.68959873e+03 -1.75007245e+03  4.01e-02 4.44e-15  4.49e-02     0s
   3  -1.70137301e+03 -1.70761723e+03  6.92e-04 8.88e-16  4.53e-03     0s
   4  -1.70245397e+03 -1.70265105e+03  0.00e+00 4.44e-16  1.40e-04     0s
   5  -1.70249999e+03 -1.70250001e+03  0.00e+00 8.88e-16  1.05e-08     0s
   6  -1.70250000e+03 -1.70250000e+03  0.00e+00 6.66e-16  1.06e-14     0s

Barrier solved model in 6 iterations and 0.01 seconds
Optimal objective -1.70250000e+03


Root relaxation: objective -1.702500e+03, 353 iterations, 0.01 seconds

    Nodes    |    Current Node    |     Objective Bounds      |     Work
 Expl Unexpl |  Obj  Depth IntInf | Incumbent    BestBd   Gap | It/Node Time

     0     0 -1702.5000    0    3 -1601.0000 -1702.5000  6.34%     -    0s
H    0     0                    -1701.000000 -1702.5000  0.09%     -    0s

Explored 0 nodes (448 simplex iterations) in 0.02 seconds
Thread count was 20 (of 20 available processors)

Solution count 3: -1701 -1601 -366 
Pool objective bound -1702

Optimal solution found (tolerance 5.00e-02)
Best objective -1.701000000000e+03, best bound -1.702000000000e+03, gap 0.0588%
Changed value of parameter MIPGap to 0.05
   Prev: 0.0001  Min: 0.0  Max: 1e+100  Default: 0.0001
Changed value of parameter TimeLimit to 1800.0
   Prev: 1e+100  Min: 0.0  Max: 1e+100  Default: 1e+100
Changed value of parameter Method to 2
   Prev: -1  Min: -1  Max: 4  Default: -1
Changed value of parameter MIPFocus to 1
   Prev: 0  Min: 0  Max: 3  Default: 0
Optimize a model with 3916 rows, 5724 columns and 11448 nonzeros
Variable types: 0 continuous, 5724 integer (5724 binary)
Coefficient statistics:
  Matrix range     [1e+00, 4e+00]
  Objective range  [1e+00, 1e+00]
  Bounds range     [1e+00, 1e+00]
  RHS range        [8e+01, 8e+01]
Found heuristic solution: objective 0
Presolve removed 3866 rows and 5040 columns
Presolve time: 0.01s
Presolved: 50 rows, 684 columns, 1278 nonzeros
Found heuristic solution: objective -1601.872750
Variable types: 0 continuous, 684 integer (529 binary)
Presolved: 50 rows, 684 columns, 1278 nonzeros

Root barrier log...

Ordering time: 0.00s

Barrier statistics:
 AA' NZ     : 5.810e+02
 Factor NZ  : 1.275e+03
 Factor Ops : 4.292e+04 (less than 1 second per iteration)
 Threads    : 1

                  Objective                Residual
Iter       Primal          Dual         Primal    Dual     Compl     Time
   0  -2.62237544e+03 -2.54498708e+03  2.77e+01 4.44e-16  1.97e+00     0s
   1  -1.69287986e+03 -2.04718266e+03  1.80e+00 2.92e-02  3.71e-01     0s
   2  -1.69024222e+03 -1.75220965e+03  4.07e-02 6.66e-15  4.56e-02     0s
   3  -1.70194624e+03 -1.70788609e+03  1.21e-03 8.88e-16  4.30e-03     0s
   4  -1.70321326e+03 -1.70375964e+03  0.00e+00 4.44e-16  3.85e-04     0s
   5  -1.70327674e+03 -1.70347851e+03  0.00e+00 8.88e-16  1.42e-04     0s
   6  -1.70330975e+03 -1.70341083e+03  0.00e+00 4.44e-16  7.13e-05     0s
   7  -1.70332289e+03 -1.70337986e+03  0.00e+00 8.88e-16  4.02e-05     0s
   8  -1.70333035e+03 -1.70334649e+03  0.00e+00 8.88e-16  1.14e-05     0s
   9  -1.70333502e+03 -1.70333537e+03  0.00e+00 8.88e-16  2.47e-07     0s
  10  -1.70333512e+03 -1.70333513e+03  0.00e+00 8.88e-16  1.00e-12     0s

Barrier solved model in 10 iterations and 0.01 seconds
Optimal objective -1.70333512e+03


Root relaxation: objective -1.703335e+03, 318 iterations, 0.00 seconds

    Nodes    |    Current Node    |     Objective Bounds      |     Work
 Expl Unexpl |  Obj  Depth IntInf | Incumbent    BestBd   Gap | It/Node Time

     0     0 -1703.3351    0    7 -1601.8727 -1703.3351  6.33%     -    0s
H    0     0                    -1701.827750 -1703.3351  0.09%     -    0s

Explored 0 nodes (433 simplex iterations) in 0.01 seconds
Thread count was 20 (of 20 available processors)

Solution count 3: -1701.83 -1601.87 -282.151 
Pool objective bound -1703.34

Optimal solution found (tolerance 5.00e-02)
Best objective -1.701827750000e+03, best bound -1.703335125000e+03, gap 0.0886%
Changed value of parameter MIPGap to 0.05
   Prev: 0.0001  Min: 0.0  Max: 1e+100  Default: 0.0001
Changed value of parameter TimeLimit to 1800.0
   Prev: 1e+100  Min: 0.0  Max: 1e+100  Default: 1e+100
Changed value of parameter Method to 2
   Prev: -1  Min: -1  Max: 4  Default: -1
Changed value of parameter MIPFocus to 1
   Prev: 0  Min: 0  Max: 3  Default: 0
Optimize a model with 3916 rows, 5724 columns and 11448 nonzeros
Variable types: 0 continuous, 5724 integer (5724 binary)
Coefficient statistics:
  Matrix range     [1e+00, 4e+00]
  Objective range  [1e+00, 1e+00]
  Bounds range     [1e+00, 1e+00]
  RHS range        [8e+01, 8e+01]
Found heuristic solution: objective 0
Presolve removed 3866 rows and 5040 columns
Presolve time: 0.01s
Presolved: 50 rows, 684 columns, 1278 nonzeros
Found heuristic solution: objective -1602.745500
Variable types: 0 continuous, 684 integer (529 binary)
Presolved: 50 rows, 684 columns, 1278 nonzeros

Root barrier log...

Ordering time: 0.00s

Barrier statistics:
 AA' NZ     : 5.810e+02
 Factor NZ  : 1.275e+03
 Factor Ops : 4.292e+04 (less than 1 second per iteration)
 Threads    : 1

                  Objective                Residual
Iter       Primal          Dual         Primal    Dual     Compl     Time
   0  -2.62379553e+03 -2.54553689e+03  2.77e+01 4.44e-16  1.97e+00     0s
   1  -1.69368604e+03 -2.04789067e+03  1.80e+00 2.89e-02  3.70e-01     0s
   2  -1.69097375e+03 -1.75286197e+03  4.07e-02 1.42e-14  4.56e-02     0s
   3  -1.70268404e+03 -1.70863919e+03  1.23e-03 8.88e-16  4.31e-03     0s
   4  -1.70400433e+03 -1.70464201e+03  0.00e+00 8.88e-16  4.51e-04     0s
   5  -1.70409381e+03 -1.70438862e+03  0.00e+00 4.44e-16  2.09e-04     0s
   6  -1.70413447e+03 -1.70429089e+03  0.00e+00 4.44e-16  1.11e-04     0s
   7  -1.70415368e+03 -1.70421332e+03  0.00e+00 8.88e-16  4.23e-05     0s
   8  -1.70417003e+03 -1.70417133e+03  0.00e+00 8.88e-16  9.19e-07     0s
   9  -1.70417025e+03 -1.70417025e+03  0.00e+00 8.88e-16  9.19e-10     0s

Barrier solved model in 9 iterations and 0.01 seconds
Optimal objective -1.70417025e+03


Root relaxation: objective -1.704170e+03, 321 iterations, 0.00 seconds

    Nodes    |    Current Node    |     Objective Bounds      |     Work
 Expl Unexpl |  Obj  Depth IntInf | Incumbent    BestBd   Gap | It/Node Time

     0     0 -1704.1703    0    9 -1602.7455 -1704.1703  6.33%     -    0s
H    0     0                    -1701.655000 -1704.1703  0.15%     -    0s

Explored 0 nodes (478 simplex iterations) in 0.01 seconds
Thread count was 20 (of 20 available processors)

Solution count 3: -1701.65 -1602.75 -282.302 
Pool objective bound -1704.17

Optimal solution found (tolerance 5.00e-02)
Best objective -1.701655000000e+03, best bound -1.704170250000e+03, gap 0.1478%
Changed value of parameter MIPGap to 0.05
   Prev: 0.0001  Min: 0.0  Max: 1e+100  Default: 0.0001
Changed value of parameter TimeLimit to 1800.0
   Prev: 1e+100  Min: 0.0  Max: 1e+100  Default: 1e+100
Changed value of parameter Method to 2
   Prev: -1  Min: -1  Max: 4  Default: -1
Changed value of parameter MIPFocus to 1
   Prev: 0  Min: 0  Max: 3  Default: 0
Optimize a model with 3916 rows, 5724 columns and 11448 nonzeros
Variable types: 0 continuous, 5724 integer (5724 binary)
Coefficient statistics:
  Matrix range     [1e+00, 4e+00]
  Objective range  [1e+00, 1e+00]
  Bounds range     [1e+00, 1e+00]
  RHS range        [8e+01, 8e+01]
Found heuristic solution: objective 0
Presolve removed 3866 rows and 5040 columns
Presolve time: 0.01s
Presolved: 50 rows, 684 columns, 1278 nonzeros
Found heuristic solution: objective -1604.491000
Variable types: 0 continuous, 684 integer (529 binary)
Presolved: 50 rows, 684 columns, 1278 nonzeros

Root barrier log...

Ordering time: 0.00s

Barrier statistics:
 AA' NZ     : 5.810e+02
 Factor NZ  : 1.275e+03
 Factor Ops : 4.292e+04 (less than 1 second per iteration)
 Threads    : 1

                  Objective                Residual
Iter       Primal          Dual         Primal    Dual     Compl     Time
   0  -2.62663569e+03 -2.54663651e+03  2.77e+01 2.22e-16  1.97e+00     0s
   1  -1.69530031e+03 -2.04930757e+03  1.80e+00 2.83e-02  3.70e-01     0s
   2  -1.69244121e+03 -1.75415645e+03  4.13e-02 9.77e-15  4.55e-02     0s
   3  -1.70413851e+03 -1.71013835e+03  1.42e-03 8.88e-16  4.35e-03     0s
   4  -1.70554058e+03 -1.70651445e+03  6.25e-05 4.44e-16  6.97e-04     0s
   5  -1.70568950e+03 -1.70617039e+03  3.29e-05 4.44e-16  3.45e-04     0s
   6  -1.70576151e+03 -1.70605103e+03  2.13e-05 8.88e-16  2.08e-04     0s
   7  -1.70579243e+03 -1.70589092e+03  1.19e-05 8.88e-16  7.20e-05     0s
   8  -1.70583998e+03 -1.70584215e+03  0.00e+00 8.88e-16  1.53e-06     0s
   9  -1.70584050e+03 -1.70584050e+03  0.00e+00 8.88e-16  1.53e-09     0s

Barrier solved model in 9 iterations and 0.01 seconds
Optimal objective -1.70584050e+03


Root relaxation: objective -1.705840e+03, 319 iterations, 0.00 seconds

    Nodes    |    Current Node    |     Objective Bounds      |     Work
 Expl Unexpl |  Obj  Depth IntInf | Incumbent    BestBd   Gap | It/Node Time

     0     0 -1705.8405    0    9 -1604.4910 -1705.8405  6.32%     -    0s
H    0     0                    -1704.297000 -1705.8405  0.09%     -    0s

Explored 0 nodes (427 simplex iterations) in 0.01 seconds
Thread count was 20 (of 20 available processors)

Solution count 3: -1704.3 -1604.49 -282.604 
Pool objective bound -1705.84

Optimal solution found (tolerance 5.00e-02)
Best objective -1.704297000000e+03, best bound -1.705840500000e+03, gap 0.0906%
Changed value of parameter MIPGap to 0.05
   Prev: 0.0001  Min: 0.0  Max: 1e+100  Default: 0.0001
Changed value of parameter TimeLimit to 1800.0
   Prev: 1e+100  Min: 0.0  Max: 1e+100  Default: 1e+100
Changed value of parameter Method to 2
   Prev: -1  Min: -1  Max: 4  Default: -1
Changed value of parameter MIPFocus to 1
   Prev: 0  Min: 0  Max: 3  Default: 0
Optimize a model with 3916 rows, 5724 columns and 11448 nonzeros
Variable types: 0 continuous, 5724 integer (5724 binary)
Coefficient statistics:
  Matrix range     [1e+00, 4e+00]
  Objective range  [1e+00, 1e+00]
  Bounds range     [1e+00, 1e+00]
  RHS range        [8e+01, 8e+01]
Found heuristic solution: objective 0
Presolve removed 3866 rows and 5040 columns
Presolve time: 0.01s
Presolved: 50 rows, 684 columns, 1278 nonzeros
Found heuristic solution: objective -1607.982000
Variable types: 0 continuous, 684 integer (529 binary)
Presolved: 50 rows, 684 columns, 1278 nonzeros

Root barrier log...

Ordering time: 0.00s

Barrier statistics:
 AA' NZ     : 5.810e+02
 Factor NZ  : 1.275e+03
 Factor Ops : 4.292e+04 (less than 1 second per iteration)
 Threads    : 1

                  Objective                Residual
Iter       Primal          Dual         Primal    Dual     Compl     Time
   0  -2.63231584e+03 -2.54883575e+03  2.77e+01 4.44e-16  1.97e+00     0s
   1  -1.69853650e+03 -2.05214499e+03  1.79e+00 2.71e-02  3.70e-01     0s
   2  -1.69538910e+03 -1.75670720e+03  4.23e-02 2.22e-15  4.53e-02     0s
   3  -1.70741783e+03 -1.71322457e+03  4.32e-04 8.88e-16  4.17e-03     0s
   4  -1.70885732e+03 -1.71001678e+03  0.00e+00 8.88e-16  8.27e-04     0s
   5  -1.70896834e+03 -1.70962726e+03  0.00e+00 4.44e-16  4.72e-04     0s
   6  -1.70908026e+03 -1.70928245e+03  0.00e+00 8.88e-16  1.46e-04     0s
   7  -1.70917950e+03 -1.70918474e+03  0.00e+00 8.88e-16  3.70e-06     0s
   8  -1.70918100e+03 -1.70918100e+03  0.00e+00 8.88e-16  7.07e-11     0s

Barrier solved model in 8 iterations and 0.01 seconds
Optimal objective -1.70918100e+03


Root relaxation: objective -1.709181e+03, 314 iterations, 0.00 seconds

    Nodes    |    Current Node    |     Objective Bounds      |     Work
 Expl Unexpl |  Obj  Depth IntInf | Incumbent    BestBd   Gap | It/Node Time

     0     0 -1709.1810    0    7 -1607.9820 -1709.1810  6.29%     -    0s
H    0     0                    -1706.620000 -1709.1810  0.15%     -    0s

Explored 0 nodes (419 simplex iterations) in 0.01 seconds
Thread count was 20 (of 20 available processors)

Solution count 3: -1706.62 -1607.98 -283.208 
Pool objective bound -1709.18

Optimal solution found (tolerance 5.00e-02)
Best objective -1.706620000000e+03, best bound -1.709181000000e+03, gap 0.1501%
Changed value of parameter MIPGap to 0.05
   Prev: 0.0001  Min: 0.0  Max: 1e+100  Default: 0.0001
Changed value of parameter TimeLimit to 1800.0
   Prev: 1e+100  Min: 0.0  Max: 1e+100  Default: 1e+100
Changed value of parameter Method to 2
   Prev: -1  Min: -1  Max: 4  Default: -1
Changed value of parameter MIPFocus to 1
   Prev: 0  Min: 0  Max: 3  Default: 0
Optimize a model with 3916 rows, 5724 columns and 11448 nonzeros
Variable types: 0 continuous, 5724 integer (5724 binary)
Coefficient statistics:
  Matrix range     [1e+00, 4e+00]
  Objective range  [1e+00, 1e+00]
  Bounds range     [1e+00, 1e+00]
  RHS range        [8e+01, 8e+01]
Found heuristic solution: objective 0
Presolve removed 3866 rows and 5040 columns
Presolve time: 0.01s
Presolved: 50 rows, 684 columns, 1278 nonzeros
Found heuristic solution: objective -1609.727500
Variable types: 0 continuous, 684 integer (529 binary)
Presolved: 50 rows, 684 columns, 1278 nonzeros

Root barrier log...

Ordering time: 0.00s

Barrier statistics:
 AA' NZ     : 5.810e+02
 Factor NZ  : 1.275e+03
 Factor Ops : 4.292e+04 (less than 1 second per iteration)
 Threads    : 1

                  Objective                Residual
Iter       Primal          Dual         Primal    Dual     Compl     Time
   0  -2.63515584e+03 -2.54993537e+03  2.77e+01 2.22e-16  1.97e+00     0s
   1  -1.70015843e+03 -2.05356549e+03  1.79e+00 2.66e-02  3.70e-01     0s
   2  -1.69686905e+03 -1.75796430e+03  4.26e-02 4.44e-15  4.51e-02     0s
   3  -1.70893052e+03 -1.71496849e+03  5.90e-04 8.88e-16  4.34e-03     0s
   4  -1.71055762e+03 -1.71180478e+03  1.39e-05 8.88e-16  8.85e-04     0s
   5  -1.71069637e+03 -1.71137280e+03  0.00e+00 4.44e-16  4.81e-04     0s
   6  -1.71079727e+03 -1.71103773e+03  0.00e+00 8.88e-16  1.71e-04     0s
   7  -1.71083797e+03 -1.71086098e+03  0.00e+00 8.88e-16  1.65e-05     0s
   8  -1.71085122e+03 -1.71085129e+03  0.00e+00 8.88e-16  5.37e-08     0s
   9  -1.71085125e+03 -1.71085125e+03  0.00e+00 8.88e-16  5.37e-11     0s

Barrier solved model in 9 iterations and 0.01 seconds
Optimal objective -1.71085125e+03


Root relaxation: objective -1.710851e+03, 320 iterations, 0.00 seconds

    Nodes    |    Current Node    |     Objective Bounds      |     Work
 Expl Unexpl |  Obj  Depth IntInf | Incumbent    BestBd   Gap | It/Node Time

     0     0 -1710.8513    0    6 -1609.7275 -1710.8513  6.28%     -    0s
H    0     0                    -1709.277500 -1710.8513  0.09%     -    0s

Explored 0 nodes (412 simplex iterations) in 0.01 seconds
Thread count was 20 (of 20 available processors)

Solution count 3: -1709.28 -1609.73 -283.51 
Pool objective bound -1710.85

Optimal solution found (tolerance 5.00e-02)
Best objective -1.709277500000e+03, best bound -1.710851250000e+03, gap 0.0921%
Changed value of parameter MIPGap to 0.05
   Prev: 0.0001  Min: 0.0  Max: 1e+100  Default: 0.0001
Changed value of parameter TimeLimit to 1800.0
   Prev: 1e+100  Min: 0.0  Max: 1e+100  Default: 1e+100
Changed value of parameter Method to 2
   Prev: -1  Min: -1  Max: 4  Default: -1
Changed value of parameter MIPFocus to 1
   Prev: 0  Min: 0  Max: 3  Default: 0
Optimize a model with 3916 rows, 5724 columns and 11448 nonzeros
Variable types: 0 continuous, 5724 integer (5724 binary)
Coefficient statistics:
  Matrix range     [1e+00, 4e+00]
  Objective range  [1e+00, 1e+00]
  Bounds range     [1e+00, 1e+00]
  RHS range        [8e+01, 8e+01]
Found heuristic solution: objective 0
Presolve removed 3866 rows and 5040 columns
Presolve time: 0.01s
Presolved: 50 rows, 684 columns, 1278 nonzeros
Found heuristic solution: objective -1618.455000
Variable types: 0 continuous, 684 integer (529 binary)
Presolved: 50 rows, 684 columns, 1278 nonzeros

Root barrier log...

Ordering time: 0.00s

Barrier statistics:
 AA' NZ     : 5.810e+02
 Factor NZ  : 1.275e+03
 Factor Ops : 4.292e+04 (less than 1 second per iteration)
 Threads    : 1

                  Objective                Residual
Iter       Primal          Dual         Primal    Dual     Compl     Time
   0  -2.64935503e+03 -2.55543347e+03  2.77e+01 2.22e-16  1.96e+00     0s
   1  -1.70830662e+03 -2.06068602e+03  1.79e+00 2.37e-02  3.69e-01     0s
   2  -1.70433365e+03 -1.76397131e+03  4.33e-02 2.49e-14  4.42e-02     0s
   3  -1.71677026e+03 -1.72496109e+03  3.80e-04 2.66e-15  5.86e-03     0s
   4  -1.71871138e+03 -1.72092909e+03  8.22e-05 8.88e-16  1.58e-03     0s
   5  -1.71894324e+03 -1.71994158e+03  1.11e-05 8.88e-16  7.14e-04     0s
   6  -1.71919532e+03 -1.71924048e+03  0.00e+00 8.88e-16  3.19e-05     0s
   7  -1.71920250e+03 -1.71920251e+03  0.00e+00 8.88e-16  6.05e-09     0s

Barrier solved model in 7 iterations and 0.01 seconds
Optimal objective -1.71920250e+03


Root relaxation: objective -1.719203e+03, 326 iterations, 0.00 seconds

    Nodes    |    Current Node    |     Objective Bounds      |     Work
 Expl Unexpl |  Obj  Depth IntInf | Incumbent    BestBd   Gap | It/Node Time

     0     0 -1719.2025    0    9 -1618.4550 -1719.2025  6.22%     -    0s
H    0     0                    -1718.560000 -1719.2025  0.04%     -    0s

Explored 0 nodes (446 simplex iterations) in 0.01 seconds
Thread count was 20 (of 20 available processors)

Solution count 3: -1718.56 -1618.45 -285.02 
Pool objective bound -1719.2

Optimal solution found (tolerance 5.00e-02)
Best objective -1.718560000000e+03, best bound -1.719200000000e+03, gap 0.0372%
Changed value of parameter MIPGap to 0.05
   Prev: 0.0001  Min: 0.0  Max: 1e+100  Default: 0.0001
Changed value of parameter TimeLimit to 1800.0
   Prev: 1e+100  Min: 0.0  Max: 1e+100  Default: 1e+100
Changed value of parameter Method to 2
   Prev: -1  Min: -1  Max: 4  Default: -1
Changed value of parameter MIPFocus to 1
   Prev: 0  Min: 0  Max: 3  Default: 0
Optimize a model with 3916 rows, 5724 columns and 11448 nonzeros
Variable types: 0 continuous, 5724 integer (5724 binary)
Coefficient statistics:
  Matrix range     [1e+00, 4e+00]
  Objective range  [1e+00, 1e+00]
  Bounds range     [1e+00, 1e+00]
  RHS range        [8e+01, 8e+01]
Found heuristic solution: objective 0
Presolve removed 3866 rows and 5040 columns
Presolve time: 0.01s
Presolved: 50 rows, 684 columns, 1278 nonzeros
Found heuristic solution: objective -1635.910000
Variable types: 0 continuous, 684 integer (529 binary)
Presolved: 50 rows, 684 columns, 1278 nonzeros

Root barrier log...

Ordering time: 0.00s

Barrier statistics:
 AA' NZ     : 5.810e+02
 Factor NZ  : 1.275e+03
 Factor Ops : 4.292e+04 (less than 1 second per iteration)
 Threads    : 1

                  Objective                Residual
Iter       Primal          Dual         Primal    Dual     Compl     Time
   0  -2.67774941e+03 -2.56642966e+03  2.77e+01 4.44e-16  1.95e+00     0s
   1  -1.72479706e+03 -2.07501734e+03  1.78e+00 1.79e-02  3.66e-01     0s
   2  -1.71959021e+03 -1.77421485e+03  3.94e-02 4.00e-15  4.05e-02     0s
   3  -1.73358768e+03 -1.74213721e+03  5.56e-05 6.66e-16  6.06e-03     0s
   4  -1.73544969e+03 -1.73877702e+03  1.60e-05 4.44e-16  2.36e-03     0s
   5  -1.73550875e+03 -1.73777070e+03  0.00e+00 4.44e-16  1.60e-03     0s
   6  -1.73585998e+03 -1.73621000e+03  0.00e+00 8.88e-16  2.47e-04     0s
   7  -1.73590495e+03 -1.73590539e+03  0.00e+00 8.88e-16  3.13e-07     0s
   8  -1.73590500e+03 -1.73590500e+03  0.00e+00 8.88e-16  3.15e-13     0s

Barrier solved model in 8 iterations and 0.01 seconds
Optimal objective -1.73590500e+03


Root relaxation: objective -1.735905e+03, 317 iterations, 0.00 seconds

    Nodes    |    Current Node    |     Objective Bounds      |     Work
 Expl Unexpl |  Obj  Depth IntInf | Incumbent    BestBd   Gap | It/Node Time

     0     0 -1735.9050    0    7 -1635.9100 -1735.9050  6.11%     -    0s
H    0     0                    -1734.110000 -1735.9050  0.10%     -    0s

Explored 0 nodes (406 simplex iterations) in 0.01 seconds
Thread count was 20 (of 20 available processors)

Solution count 3: -1734.11 -1635.91 -288.04 
Pool objective bound -1735.9

Optimal solution found (tolerance 5.00e-02)
Best objective -1.734110000000e+03, best bound -1.735900000000e+03, gap 0.1032%
Changed value of parameter MIPGap to 0.05
   Prev: 0.0001  Min: 0.0  Max: 1e+100  Default: 0.0001
Changed value of parameter TimeLimit to 1800.0
   Prev: 1e+100  Min: 0.0  Max: 1e+100  Default: 1e+100
Changed value of parameter Method to 2
   Prev: -1  Min: -1  Max: 4  Default: -1
Changed value of parameter MIPFocus to 1
   Prev: 0  Min: 0  Max: 3  Default: 0
Optimize a model with 3916 rows, 5724 columns and 11448 nonzeros
Variable types: 0 continuous, 5724 integer (5724 binary)
Coefficient statistics:
  Matrix range     [1e+00, 4e+00]
  Objective range  [1e+00, 1e+00]
  Bounds range     [1e+00, 1e+00]
  RHS range        [8e+01, 8e+01]
Found heuristic solution: objective 0
Presolve removed 3866 rows and 5040 columns
Presolve time: 0.01s
Presolved: 50 rows, 684 columns, 1278 nonzeros
Found heuristic solution: objective -1670.820000
Variable types: 0 continuous, 684 integer (529 binary)
Presolved: 50 rows, 684 columns, 1278 nonzeros

Root barrier log...

Ordering time: 0.00s

Barrier statistics:
 AA' NZ     : 5.810e+02
 Factor NZ  : 1.275e+03
 Factor Ops : 4.292e+04 (less than 1 second per iteration)
 Threads    : 1

                  Objective                Residual
Iter       Primal          Dual         Primal    Dual     Compl     Time
   0  -2.73452191e+03 -2.58842204e+03  2.77e+01 2.22e-16  1.93e+00     0s
   1  -1.75856571e+03 -2.10404272e+03  1.77e+00 6.39e-03  3.62e-01     0s
   2  -1.75144549e+03 -1.80724371e+03  3.47e-02 1.24e-14  4.12e-02     0s
   3  -1.76620826e+03 -1.77810235e+03  2.69e-03 2.66e-15  8.55e-03     0s
   4  -1.76846744e+03 -1.77170040e+03  9.66e-04 4.44e-16  2.33e-03     0s
   5  -1.76919214e+03 -1.76976197e+03  3.16e-05 4.44e-16  4.07e-04     0s
   6  -1.76930955e+03 -1.76931136e+03  0.00e+00 8.88e-16  1.27e-06     0s
   7  -1.76931000e+03 -1.76931000e+03  0.00e+00 8.88e-16  1.32e-12     0s

Barrier solved model in 7 iterations and 0.01 seconds
Optimal objective -1.76931000e+03


Root relaxation: objective -1.769310e+03, 319 iterations, 0.00 seconds

    Nodes    |    Current Node    |     Objective Bounds      |     Work
 Expl Unexpl |  Obj  Depth IntInf | Incumbent    BestBd   Gap | It/Node Time

     0     0 -1769.3100    0    6 -1670.8200 -1769.3100  5.89%     -    0s
H    0     0                    -1766.480000 -1769.3100  0.16%     -    0s

Explored 0 nodes (423 simplex iterations) in 0.01 seconds
Thread count was 20 (of 20 available processors)

Solution count 3: -1766.48 -1670.82 -294.08 
Pool objective bound -1769.3

Optimal solution found (tolerance 5.00e-02)
Best objective -1.766480000000e+03, best bound -1.769300000000e+03, gap 0.1596%
Changed value of parameter MIPGap to 0.05
   Prev: 0.0001  Min: 0.0  Max: 1e+100  Default: 0.0001
Changed value of parameter TimeLimit to 1800.0
   Prev: 1e+100  Min: 0.0  Max: 1e+100  Default: 1e+100
Changed value of parameter Method to 2
   Prev: -1  Min: -1  Max: 4  Default: -1
Changed value of parameter MIPFocus to 1
   Prev: 0  Min: 0  Max: 3  Default: 0
Optimize a model with 3916 rows, 5724 columns and 11448 nonzeros
Variable types: 0 continuous, 5724 integer (5724 binary)
Coefficient statistics:
  Matrix range     [1e+00, 4e+00]
  Objective range  [1e+00, 1e+00]
  Bounds range     [1e+00, 1e+00]
  RHS range        [8e+01, 8e+01]
Found heuristic solution: objective 0
Presolve removed 3866 rows and 5040 columns
Presolve time: 0.01s
Presolved: 50 rows, 684 columns, 1278 nonzeros
Found heuristic solution: objective -1688.275000
Variable types: 0 continuous, 684 integer (529 binary)
Presolved: 50 rows, 684 columns, 1278 nonzeros

Root barrier log...

Ordering time: 0.00s

Barrier statistics:
 AA' NZ     : 5.810e+02
 Factor NZ  : 1.275e+03
 Factor Ops : 4.292e+04 (less than 1 second per iteration)
 Threads    : 1

                  Objective                Residual
Iter       Primal          Dual         Primal    Dual     Compl     Time
   0  -2.76289989e+03 -2.59941823e+03  2.77e+01 2.22e-16  1.92e+00     0s
   1  -1.77584705e+03 -2.11886884e+03  1.77e+00 5.28e-04  3.59e-01     0s
   2  -1.76794025e+03 -1.82525899e+03  3.41e-02 7.99e-15  4.22e-02     0s
   3  -1.78241770e+03 -1.79636989e+03  3.85e-03 1.78e-15  1.01e-02     0s
   4  -1.78533581e+03 -1.78825213e+03  2.05e-04 8.88e-16  2.08e-03     0s
   5  -1.78596674e+03 -1.78640411e+03  0.00e+00 8.88e-16  3.09e-04     0s
   6  -1.78601237e+03 -1.78601279e+03  0.00e+00 8.88e-16  2.96e-07     0s
   7  -1.78601250e+03 -1.78601250e+03  0.00e+00 8.88e-16  2.97e-13     0s

Barrier solved model in 7 iterations and 0.01 seconds
Optimal objective -1.78601250e+03


Root relaxation: objective -1.786013e+03, 320 iterations, 0.00 seconds

    Nodes    |    Current Node    |     Objective Bounds      |     Work
 Expl Unexpl |  Obj  Depth IntInf | Incumbent    BestBd   Gap | It/Node Time

     0     0 -1786.0125    0    9 -1688.2750 -1786.0125  5.79%     -    0s
H    0     0                    -1784.450000 -1786.0125  0.09%     -    0s

Explored 0 nodes (438 simplex iterations) in 0.01 seconds
Thread count was 20 (of 20 available processors)

Solution count 3: -1784.45 -1688.28 -297.1 
Pool objective bound -1786

Optimal solution found (tolerance 5.00e-02)
Best objective -1.784450000000e+03, best bound -1.786000000000e+03, gap 0.0869%
Changed value of parameter MIPGap to 0.05
   Prev: 0.0001  Min: 0.0  Max: 1e+100  Default: 0.0001
Changed value of parameter TimeLimit to 1800.0
   Prev: 1e+100  Min: 0.0  Max: 1e+100  Default: 1e+100
Changed value of parameter Method to 2
   Prev: -1  Min: -1  Max: 4  Default: -1
Changed value of parameter MIPFocus to 1
   Prev: 0  Min: 0  Max: 3  Default: 0
Optimize a model with 3916 rows, 5724 columns and 11448 nonzeros
Variable types: 0 continuous, 5724 integer (5724 binary)
Coefficient statistics:
  Matrix range     [1e+00, 4e+00]
  Objective range  [1e+00, 2e+00]
  Bounds range     [1e+00, 1e+00]
  RHS range        [8e+01, 8e+01]
Found heuristic solution: objective 0
Presolve removed 3866 rows and 5040 columns
Presolve time: 0.01s
Presolved: 50 rows, 684 columns, 1278 nonzeros
Found heuristic solution: objective -1775.550000
Variable types: 0 continuous, 684 integer (529 binary)
Presolved: 50 rows, 684 columns, 1278 nonzeros

Root barrier log...

Ordering time: 0.00s

Barrier statistics:
 AA' NZ     : 5.810e+02
 Factor NZ  : 1.275e+03
 Factor Ops : 4.292e+04 (less than 1 second per iteration)
 Threads    : 1

                  Objective                Residual
Iter       Primal          Dual         Primal    Dual     Compl     Time
   0  -2.90470380e+03 -2.65439920e+03  2.77e+01 4.44e-16  1.87e+00     0s
   1  -1.86630957e+03 -2.19501162e+03  1.75e+00 8.88e-16  3.47e-01     0s
   2  -1.85274286e+03 -1.90714203e+03  2.94e-02 3.11e-15  3.97e-02     0s
   3  -1.86486881e+03 -1.87991323e+03  4.31e-03 8.88e-16  1.08e-02     0s
   4  -1.86870260e+03 -1.87544074e+03  4.07e-04 8.88e-16  4.78e-03     0s
   5  -1.86932411e+03 -1.87142090e+03  9.85e-05 8.88e-16  1.49e-03     0s
   6  -1.86965521e+03 -1.87000004e+03  0.00e+00 8.88e-16  2.44e-04     0s
   7  -1.86969837e+03 -1.86970265e+03  0.00e+00 8.88e-16  3.04e-06     0s
   8  -1.86970000e+03 -1.86970000e+03  0.00e+00 8.88e-16  2.21e-11     0s

Barrier solved model in 8 iterations and 0.01 seconds
Optimal objective -1.86970000e+03


Root relaxation: objective -1.869700e+03, 331 iterations, 0.00 seconds

    Nodes    |    Current Node    |     Objective Bounds      |     Work
 Expl Unexpl |  Obj  Depth IntInf | Incumbent    BestBd   Gap | It/Node Time

     0     0 -1869.7000    0    6 -1775.5500 -1869.7000  5.30%     -    0s
H    0     0                    -1867.250000 -1869.7000  0.13%     -    0s

Explored 0 nodes (419 simplex iterations) in 0.01 seconds
Thread count was 20 (of 20 available processors)

Solution count 3: -1867.25 -1775.55 -312.2 
Pool objective bound -1869.7

Optimal solution found (tolerance 5.00e-02)
Best objective -1.867250000000e+03, best bound -1.869700000000e+03, gap 0.1312%
Changed value of parameter MIPGap to 0.05
   Prev: 0.0001  Min: 0.0  Max: 1e+100  Default: 0.0001
Changed value of parameter TimeLimit to 1800.0
   Prev: 1e+100  Min: 0.0  Max: 1e+100  Default: 1e+100
Changed value of parameter Method to 2
   Prev: -1  Min: -1  Max: 4  Default: -1
Changed value of parameter MIPFocus to 1
   Prev: 0  Min: 0  Max: 3  Default: 0
Optimize a model with 3916 rows, 5724 columns and 11448 nonzeros
Variable types: 0 continuous, 5724 integer (5724 binary)
Coefficient statistics:
  Matrix range     [1e+00, 4e+00]
  Objective range  [1e+00, 2e+00]
  Bounds range     [1e+00, 1e+00]
  RHS range        [8e+01, 8e+01]
Found heuristic solution: objective 0
Presolve removed 3866 rows and 5040 columns
Presolve time: 0.01s
Presolved: 50 rows, 684 columns, 1278 nonzeros
Found heuristic solution: objective -1966.800000
Variable types: 0 continuous, 684 integer (529 binary)
Presolved: 50 rows, 684 columns, 1278 nonzeros

Root barrier log...

Ordering time: 0.00s

Barrier statistics:
 AA' NZ     : 5.810e+02
 Factor NZ  : 1.275e+03
 Factor Ops : 4.292e+04 (less than 1 second per iteration)
 Threads    : 1

                  Objective                Residual
Iter       Primal          Dual         Primal    Dual     Compl     Time
   0  -3.19159556e+03 -3.02008458e+03  2.77e+01 2.22e-16  2.27e+00     0s
   1  -2.02015655e+03 -2.44018799e+03  1.24e+00 3.23e-02  3.97e-01     0s
   2  -2.03587090e+03 -2.09885416e+03  2.58e-02 4.88e-15  4.59e-02     0s
   3  -2.04834143e+03 -2.06241567e+03  6.06e-03 8.88e-16  1.03e-02     0s
   4  -2.05123149e+03 -2.05850077e+03  3.36e-03 8.88e-16  5.33e-03     0s
   5  -2.05239606e+03 -2.05728951e+03  2.39e-03 8.88e-16  3.59e-03     0s
   6  -2.05298041e+03 -2.05669416e+03  1.91e-03 4.44e-16  2.73e-03     0s
   7  -2.05384326e+03 -2.05592109e+03  1.18e-03 8.88e-16  1.53e-03     0s
   8  -2.05453093e+03 -2.05510059e+03  2.93e-04 8.88e-16  4.20e-04     0s
   9  -2.05479765e+03 -2.05483735e+03  0.00e+00 8.88e-16  2.80e-05     0s
  10  -2.05480000e+03 -2.05480000e+03  0.00e+00 8.88e-16  3.47e-09     0s

Barrier solved model in 10 iterations and 0.01 seconds
Optimal objective -2.05480000e+03


Root relaxation: objective -2.054800e+03, 467 iterations, 0.00 seconds

    Nodes    |    Current Node    |     Objective Bounds      |     Work
 Expl Unexpl |  Obj  Depth IntInf | Incumbent    BestBd   Gap | It/Node Time

*    0     0               0    -2054.800000 -2054.8000  0.00%     -    0s

Explored 0 nodes (467 simplex iterations) in 0.01 seconds
Thread count was 20 (of 20 available processors)

Solution count 3: -2054.8 -1966.8 -342.4 
Pool objective bound -2054.8

Optimal solution found (tolerance 5.00e-02)
Best objective -2.054800000000e+03, best bound -2.054800000000e+03, gap 0.0000%
Changed value of parameter MIPGap to 0.05
   Prev: 0.0001  Min: 0.0  Max: 1e+100  Default: 0.0001
Changed value of parameter TimeLimit to 1800.0
   Prev: 1e+100  Min: 0.0  Max: 1e+100  Default: 1e+100
Changed value of parameter Method to 2
   Prev: -1  Min: -1  Max: 4  Default: -1
Changed value of parameter MIPFocus to 1
   Prev: 0  Min: 0  Max: 3  Default: 0
Optimize a model with 3916 rows, 5724 columns and 11448 nonzeros
Variable types: 0 continuous, 5724 integer (5724 binary)
Coefficient statistics:
  Matrix range     [1e+00, 4e+00]
  Objective range  [1e+00, 4e+00]
  Bounds range     [1e+00, 1e+00]
  RHS range        [8e+01, 8e+01]
Found heuristic solution: objective 0
Presolve removed 3866 rows and 5040 columns
Presolve time: 0.01s
Presolved: 50 rows, 684 columns, 1278 nonzeros
Found heuristic solution: objective -2340.800000
Variable types: 0 continuous, 684 integer (529 binary)
Presolved: 50 rows, 684 columns, 1278 nonzeros

Root barrier log...

Ordering time: 0.00s

Barrier statistics:
 AA' NZ     : 5.810e+02
 Factor NZ  : 1.275e+03
 Factor Ops : 4.292e+04 (less than 1 second per iteration)
 Threads    : 1

                  Objective                Residual
Iter       Primal          Dual         Primal    Dual     Compl     Time
   0  -3.76955679e+03 -4.53126133e+03  2.78e+01 6.66e-16  4.61e+00     0s
   1  -2.28410797e+03 -3.34666124e+03  1.50e-02 4.07e-01  7.92e-01     0s
   2  -2.41147862e+03 -2.55914150e+03  0.00e+00 3.93e-02  1.04e-01     0s
   3  -2.44651048e+03 -2.47869628e+03  0.00e+00 8.88e-16  2.27e-02     0s
   4  -2.46284324e+03 -2.47032260e+03  0.00e+00 8.88e-16  5.28e-03     0s
   5  -2.46518656e+03 -2.46616168e+03  0.00e+00 8.88e-16  6.88e-04     0s
   6  -2.46559865e+03 -2.46560097e+03  0.00e+00 8.88e-16  1.64e-06     0s
   7  -2.46560000e+03 -2.46560000e+03  0.00e+00 1.78e-15  1.72e-12     0s

Barrier solved model in 7 iterations and 0.01 seconds
Optimal objective -2.46560000e+03


Root relaxation: objective -2.465600e+03, 467 iterations, 0.00 seconds

    Nodes    |    Current Node    |     Objective Bounds      |     Work
 Expl Unexpl |  Obj  Depth IntInf | Incumbent    BestBd   Gap | It/Node Time

*    0     0               0    -2465.600000 -2465.6000  0.00%     -    0s

Explored 0 nodes (467 simplex iterations) in 0.01 seconds
Thread count was 20 (of 20 available processors)

Solution count 3: -2465.6 -2340.8 -402.8 
Pool objective bound -2465.6

Optimal solution found (tolerance 5.00e-02)
Best objective -2.465600000000e+03, best bound -2.465600000000e+03, gap 0.0000%
Changed value of parameter MIPGap to 0.05
   Prev: 0.0001  Min: 0.0  Max: 1e+100  Default: 0.0001
Changed value of parameter TimeLimit to 1800.0
   Prev: 1e+100  Min: 0.0  Max: 1e+100  Default: 1e+100
Changed value of parameter Method to 2
   Prev: -1  Min: -1  Max: 4  Default: -1
Changed value of parameter MIPFocus to 1
   Prev: 0  Min: 0  Max: 3  Default: 0
Optimize a model with 3916 rows, 5724 columns and 11448 nonzeros
Variable types: 0 continuous, 5724 integer (5724 binary)
Coefficient statistics:
  Matrix range     [1e+00, 4e+00]
  Objective range  [1e+00, 5e+00]
  Bounds range     [1e+00, 1e+00]
  RHS range        [8e+01, 8e+01]
Found heuristic solution: objective 0
Presolve removed 3866 rows and 5040 columns
Presolve time: 0.01s
Presolved: 50 rows, 684 columns, 1278 nonzeros
Found heuristic solution: objective -2528.750000
Variable types: 0 continuous, 684 integer (529 binary)
Presolved: 50 rows, 684 columns, 1278 nonzeros

Root barrier log...

Ordering time: 0.00s

Barrier statistics:
 AA' NZ     : 5.810e+02
 Factor NZ  : 1.275e+03
 Factor Ops : 4.292e+04 (less than 1 second per iteration)
 Threads    : 1

                  Objective                Residual
Iter       Primal          Dual         Primal    Dual     Compl     Time
   0  -4.05715210e+03 -5.28684971e+03  2.79e+01 4.44e-16  5.77e+00     0s
   1  -2.44092690e+03 -3.82801284e+03  5.26e-03 5.91e-01  1.02e+00     0s
   2  -2.59781541e+03 -2.79115009e+03  0.00e+00 5.97e-02  1.37e-01     0s
   3  -2.64150449e+03 -2.68668286e+03  0.00e+00 1.78e-15  3.19e-02     0s
   4  -2.65555028e+03 -2.67688045e+03  0.00e+00 1.78e-15  1.50e-02     0s
   5  -2.66865139e+03 -2.67299754e+03  0.00e+00 1.78e-15  3.07e-03     0s
   6  -2.67093628e+03 -2.67105044e+03  0.00e+00 1.78e-15  8.05e-05     0s
   7  -2.67100000e+03 -2.67100000e+03  0.00e+00 1.78e-15  2.11e-09     0s

Barrier solved model in 7 iterations and 0.01 seconds
Optimal objective -2.67100000e+03


Root relaxation: objective -2.671000e+03, 467 iterations, 0.00 seconds

    Nodes    |    Current Node    |     Objective Bounds      |     Work
 Expl Unexpl |  Obj  Depth IntInf | Incumbent    BestBd   Gap | It/Node Time

*    0     0               0    -2671.000000 -2671.0000  0.00%     -    0s

Explored 0 nodes (467 simplex iterations) in 0.01 seconds
Thread count was 20 (of 20 available processors)

Solution count 3: -2671 -2528.75 -433 
Pool objective bound -2671

Optimal solution found (tolerance 5.00e-02)
Best objective -2.671000000000e+03, best bound -2.671000000000e+03, gap 0.0000%
Changed value of parameter MIPGap to 0.05
   Prev: 0.0001  Min: 0.0  Max: 1e+100  Default: 0.0001
Changed value of parameter TimeLimit to 1800.0
   Prev: 1e+100  Min: 0.0  Max: 1e+100  Default: 1e+100
Changed value of parameter Method to 2
   Prev: -1  Min: -1  Max: 4  Default: -1
Changed value of parameter MIPFocus to 1
   Prev: 0  Min: 0  Max: 3  Default: 0
Optimize a model with 3916 rows, 5724 columns and 11448 nonzeros
Variable types: 0 continuous, 5724 integer (5724 binary)
Coefficient statistics:
  Matrix range     [1e+00, 4e+00]
  Objective range  [2e+00, 8e+00]
  Bounds range     [1e+00, 1e+00]
  RHS range        [8e+01, 8e+01]
Found heuristic solution: objective 0
Presolve removed 3866 rows and 5040 columns
Presolve time: 0.01s
Presolved: 50 rows, 684 columns, 1278 nonzeros
Found heuristic solution: objective -3518.500000
Variable types: 0 continuous, 684 integer (529 binary)
Presolved: 50 rows, 684 columns, 1278 nonzeros

Root barrier log...

Ordering time: 0.00s

Barrier statistics:
 AA' NZ     : 5.810e+02
 Factor NZ  : 1.275e+03
 Factor Ops : 4.292e+04 (less than 1 second per iteration)
 Threads    : 1

                  Objective                Residual
Iter       Primal          Dual         Primal    Dual     Compl     Time
   0  -5.49234245e+03 -9.06479158e+03  2.79e+01 1.78e-15  1.16e+01     0s
   1  -3.33114281e+03 -6.25247100e+03  0.00e+00 1.52e+00  2.12e+00     0s
   2  -3.56399901e+03 -3.88338639e+03  0.00e+00 1.23e-01  2.27e-01     0s
   3  -3.65878102e+03 -3.73449346e+03  0.00e+00 5.01e-03  5.35e-02     0s
   4  -3.67709310e+03 -3.70943620e+03  0.00e+00 1.78e-15  2.28e-02     0s
   5  -3.68914719e+03 -3.70530383e+03  0.00e+00 1.78e-15  1.14e-02     0s
   6  -3.69669745e+03 -3.69968051e+03  0.00e+00 1.78e-15  2.10e-03     0s
   7  -3.69797834e+03 -3.69801696e+03  0.00e+00 1.78e-15  2.72e-05     0s
   8  -3.69800000e+03 -3.69800000e+03  0.00e+00 3.55e-15  1.54e-10     0s

Barrier solved model in 8 iterations and 0.01 seconds
Optimal objective -3.69800000e+03


Root relaxation: objective -3.698000e+03, 467 iterations, 0.00 seconds

    Nodes    |    Current Node    |     Objective Bounds      |     Work
 Expl Unexpl |  Obj  Depth IntInf | Incumbent    BestBd   Gap | It/Node Time

*    0     0               0    -3698.000000 -3698.0000  0.00%     -    0s

Explored 0 nodes (467 simplex iterations) in 0.01 seconds
Thread count was 20 (of 20 available processors)

Solution count 3: -3698 -3518.5 -584 
Pool objective bound -3698

Optimal solution found (tolerance 5.00e-02)
Best objective -3.698000000000e+03, best bound -3.698000000000e+03, gap 0.0000%
Changed value of parameter MIPGap to 0.05
   Prev: 0.0001  Min: 0.0  Max: 1e+100  Default: 0.0001
Changed value of parameter TimeLimit to 1800.0
   Prev: 1e+100  Min: 0.0  Max: 1e+100  Default: 1e+100
Changed value of parameter Method to 2
   Prev: -1  Min: -1  Max: 4  Default: -1
Changed value of parameter MIPFocus to 1
   Prev: 0  Min: 0  Max: 3  Default: 0
Optimize a model with 3916 rows, 5724 columns and 11448 nonzeros
Variable types: 0 continuous, 5724 integer (5724 binary)
Coefficient statistics:
  Matrix range     [1e+00, 4e+00]
  Objective range  [2e+00, 2e+01]
  Bounds range     [1e+00, 1e+00]
  RHS range        [8e+01, 8e+01]
Found heuristic solution: objective 0
Presolve removed 3866 rows and 5040 columns
Presolve time: 0.01s
Presolved: 50 rows, 684 columns, 1278 nonzeros
Found heuristic solution: objective -5480.000000
Variable types: 0 continuous, 684 integer (529 binary)
Presolved: 50 rows, 684 columns, 1278 nonzeros

Root barrier log...

Ordering time: 0.00s

Barrier statistics:
 AA' NZ     : 5.810e+02
 Factor NZ  : 1.275e+03
 Factor Ops : 4.292e+04 (less than 1 second per iteration)
 Threads    : 1

                  Objective                Residual
Iter       Primal          Dual         Primal    Dual     Compl     Time
   0  -8.35992916e+03 -1.66206753e+04  2.79e+01 3.55e-15  2.32e+01     0s
   1  -5.14442396e+03 -1.11183270e+04  0.00e+00 3.38e+00  4.37e+00     0s
   2  -5.50962147e+03 -6.09608904e+03  0.00e+00 2.47e-01  4.19e-01     0s
   3  -5.70886385e+03 -5.80386937e+03  0.00e+00 1.57e-02  6.71e-02     0s
   4  -5.72975347e+03 -5.77031392e+03  0.00e+00 3.13e-03  2.86e-02     0s
   5  -5.73828883e+03 -5.76405841e+03  0.00e+00 3.55e-15  1.82e-02     0s
   6  -5.74129948e+03 -5.75889221e+03  0.00e+00 3.55e-15  1.24e-02     0s
   7  -5.75073930e+03 -5.75379664e+03  0.00e+00 3.55e-15  2.16e-03     0s
   8  -5.75199043e+03 -5.75200719e+03  0.00e+00 3.55e-15  1.18e-05     0s
   9  -5.75199999e+03 -5.75200001e+03  0.00e+00 3.55e-15  1.18e-08     0s
  10  -5.75200000e+03 -5.75200000e+03  8.30e-15 7.11e-15  1.20e-14     0s

Barrier solved model in 10 iterations and 0.01 seconds
Optimal objective -5.75200000e+03


Root relaxation: objective -5.752000e+03, 468 iterations, 0.00 seconds

    Nodes    |    Current Node    |     Objective Bounds      |     Work
 Expl Unexpl |  Obj  Depth IntInf | Incumbent    BestBd   Gap | It/Node Time

*    0     0               0    -5752.000000 -5752.0000  0.00%     -    0s

Explored 0 nodes (468 simplex iterations) in 0.01 seconds
Thread count was 20 (of 20 available processors)

Solution count 3: -5752 -5480 -886 
Pool objective bound -5752

Optimal solution found (tolerance 5.00e-02)
Best objective -5.752000000000e+03, best bound -5.752000000000e+03, gap 0.0000%
Changed value of parameter MIPGap to 0.05
   Prev: 0.0001  Min: 0.0  Max: 1e+100  Default: 0.0001
Changed value of parameter TimeLimit to 1800.0
   Prev: 1e+100  Min: 0.0  Max: 1e+100  Default: 1e+100
Changed value of parameter Method to 2
   Prev: -1  Min: -1  Max: 4  Default: -1
Changed value of parameter MIPFocus to 1
   Prev: 0  Min: 0  Max: 3  Default: 0
Optimize a model with 3916 rows, 5724 columns and 11448 nonzeros
Variable types: 0 continuous, 5724 integer (5724 binary)
Coefficient statistics:
  Matrix range     [1e+00, 4e+00]
  Objective range  [3e+00, 3e+01]
  Bounds range     [1e+00, 1e+00]
  RHS range        [8e+01, 8e+01]
Found heuristic solution: objective 0
Presolve removed 3866 rows and 5040 columns
Presolve time: 0.01s
Presolved: 50 rows, 684 columns, 1278 nonzeros
Found heuristic solution: objective -9403.000000
Variable types: 0 continuous, 684 integer (529 binary)
Presolved: 50 rows, 684 columns, 1278 nonzeros

Root barrier log...

Ordering time: 0.00s

Barrier statistics:
 AA' NZ     : 5.810e+02
 Factor NZ  : 1.275e+03
 Factor Ops : 4.292e+04 (less than 1 second per iteration)
 Threads    : 1

                  Objective                Residual
Iter       Primal          Dual         Primal    Dual     Compl     Time
   0  -1.40937021e+04 -3.17324428e+04  2.79e+01 7.11e-15  4.65e+01     0s
   1  -8.78860369e+03 -2.08526497e+04  0.00e+00 7.11e+00  8.84e+00     0s
   2  -9.42318494e+03 -1.04876726e+04  0.00e+00 4.58e-01  7.63e-01     0s
   3  -9.79738070e+03 -9.93091877e+03  0.00e+00 1.83e-02  9.43e-02     0s
   4  -9.83256083e+03 -9.87908120e+03  0.00e+00 7.11e-15  3.28e-02     0s
   5  -9.85318513e+03 -9.86889568e+03  0.00e+00 7.11e-15  1.11e-02     0s
   6  -9.85936064e+03 -9.86069891e+03  0.00e+00 1.07e-14  9.44e-04     0s
   7  -9.85999975e+03 -9.86000022e+03  0.00e+00 7.11e-15  3.32e-07     0s
   8  -9.86000000e+03 -9.86000000e+03  0.00e+00 1.07e-14  3.35e-13     0s

Barrier solved model in 8 iterations and 0.01 seconds
Optimal objective -9.86000000e+03


Root relaxation: objective -9.860000e+03, 467 iterations, 0.00 seconds

    Nodes    |    Current Node    |     Objective Bounds      |     Work
 Expl Unexpl |  Obj  Depth IntInf | Incumbent    BestBd   Gap | It/Node Time

*    0     0               0    -9860.000000 -9860.0000  0.00%     -    0s

Explored 0 nodes (467 simplex iterations) in 0.01 seconds
Thread count was 20 (of 20 available processors)

Solution count 3: -9860 -9403 -1490 
Pool objective bound -9860

Optimal solution found (tolerance 5.00e-02)
Best objective -9.860000000000e+03, best bound -9.860000000000e+03, gap 0.0000%
Changed value of parameter MIPGap to 0.05
   Prev: 0.0001  Min: 0.0  Max: 1e+100  Default: 0.0001
Changed value of parameter TimeLimit to 1800.0
   Prev: 1e+100  Min: 0.0  Max: 1e+100  Default: 1e+100
Changed value of parameter Method to 2
   Prev: -1  Min: -1  Max: 4  Default: -1
Changed value of parameter MIPFocus to 1
   Prev: 0  Min: 0  Max: 3  Default: 0
Optimize a model with 3916 rows, 5724 columns and 11448 nonzeros
Variable types: 0 continuous, 5724 integer (5724 binary)
Coefficient statistics:
  Matrix range     [1e+00, 4e+00]
  Objective range  [4e+00, 4e+01]
  Bounds range     [1e+00, 1e+00]
  RHS range        [8e+01, 8e+01]
Found heuristic solution: objective 0
Presolve removed 3866 rows and 5040 columns
Presolve time: 0.01s
Presolved: 50 rows, 684 columns, 1278 nonzeros
Found heuristic solution: objective -11364.50000
Variable types: 0 continuous, 684 integer (529 binary)
Presolved: 50 rows, 684 columns, 1278 nonzeros

Root barrier log...

Ordering time: 0.00s

Barrier statistics:
 AA' NZ     : 5.810e+02
 Factor NZ  : 1.275e+03
 Factor Ops : 4.292e+04 (less than 1 second per iteration)
 Threads    : 1

                  Objective                Residual
Iter       Primal          Dual         Primal    Dual     Compl     Time
   0  -1.69604484e+04 -3.92883266e+04  2.79e+01 7.11e-15  5.81e+01     0s
   1  -1.06125117e+04 -2.57200737e+04  0.00e+00 8.97e+00  1.11e+01     0s
   2  -1.13901243e+04 -1.26600241e+04  0.00e+00 5.46e-01  9.11e-01     0s
   3  -1.18331614e+04 -1.20038738e+04  0.00e+00 2.71e-02  1.21e-01     0s
   4  -1.18828346e+04 -1.19522527e+04  0.00e+00 1.42e-14  4.90e-02     0s
   5  -1.19044969e+04 -1.19337256e+04  0.00e+00 7.11e-15  2.06e-02     0s
   6  -1.19123222e+04 -1.19155851e+04  0.00e+00 2.13e-14  2.30e-03     0s
   7  -1.19139975e+04 -1.19140020e+04  0.00e+00 1.42e-14  3.17e-06     0s
   8  -1.19140000e+04 -1.19140000e+04  0.00e+00 2.13e-14  3.25e-12     0s

Barrier solved model in 8 iterations and 0.01 seconds
Optimal objective -1.19140000e+04


Root relaxation: objective -1.191400e+04, 467 iterations, 0.00 seconds

    Nodes    |    Current Node    |     Objective Bounds      |     Work
 Expl Unexpl |  Obj  Depth IntInf | Incumbent    BestBd   Gap | It/Node Time

*    0     0               0    -11914.00000 -11914.000  0.00%     -    0s

Explored 0 nodes (467 simplex iterations) in 0.01 seconds
Thread count was 20 (of 20 available processors)

Solution count 3: -11914 -11364.5 -1792 
Pool objective bound -11914

Optimal solution found (tolerance 5.00e-02)
Best objective -1.191400000000e+04, best bound -1.191400000000e+04, gap 0.0000%
Changed value of parameter MIPGap to 0.05
   Prev: 0.0001  Min: 0.0  Max: 1e+100  Default: 0.0001
Changed value of parameter TimeLimit to 1800.0
   Prev: 1e+100  Min: 0.0  Max: 1e+100  Default: 1e+100
Changed value of parameter Method to 2
   Prev: -1  Min: -1  Max: 4  Default: -1
Changed value of parameter MIPFocus to 1
   Prev: 0  Min: 0  Max: 3  Default: 0
Optimize a model with 3916 rows, 5724 columns and 11448 nonzeros
Variable types: 0 continuous, 5724 integer (5724 binary)
Coefficient statistics:
  Matrix range     [1e+00, 4e+00]
  Objective range  [6e+00, 8e+01]
  Bounds range     [1e+00, 1e+00]
  RHS range        [8e+01, 8e+01]
Found heuristic solution: objective 0
Presolve removed 3866 rows and 5040 columns
Presolve time: 0.01s
Presolved: 50 rows, 684 columns, 1278 nonzeros
Found heuristic solution: objective -21172.00000
Variable types: 0 continuous, 684 integer (529 binary)
Presolved: 50 rows, 684 columns, 1278 nonzeros

Root barrier log...

Ordering time: 0.00s

Barrier statistics:
 AA' NZ     : 5.810e+02
 Factor NZ  : 1.275e+03
 Factor Ops : 4.292e+04 (less than 1 second per iteration)
 Threads    : 1

                  Objective                Residual
Iter       Primal          Dual         Primal    Dual     Compl     Time
   0  -3.12938993e+04 -7.70677453e+04  2.79e+01 1.42e-14  1.16e+02     0s
   1  -1.97357482e+04 -5.00577358e+04  0.00e+00 1.83e+01  2.23e+01     0s
   2  -2.11908385e+04 -2.35161494e+04  0.00e+00 9.78e-01  1.67e+00     0s
   3  -2.20161081e+04 -2.23258189e+04  0.00e+00 3.25e-02  2.19e-01     0s
   4  -2.21142763e+04 -2.22482251e+04  0.00e+00 2.84e-14  9.45e-02     0s
   5  -2.21601317e+04 -2.22277344e+04  0.00e+00 1.42e-14  4.77e-02     0s
   6  -2.21775610e+04 -2.21938431e+04  0.00e+00 2.84e-14  1.15e-02     0s
   7  -2.21839507e+04 -2.21840665e+04  0.00e+00 2.84e-14  8.17e-05     0s
   8  -2.21840000e+04 -2.21840000e+04  0.00e+00 1.42e-14  3.05e-10     0s

Barrier solved model in 8 iterations and 0.01 seconds
Optimal objective -2.21840000e+04


Root relaxation: objective -2.218400e+04, 467 iterations, 0.00 seconds

    Nodes    |    Current Node    |     Objective Bounds      |     Work
 Expl Unexpl |  Obj  Depth IntInf | Incumbent    BestBd   Gap | It/Node Time

*    0     0               0    -22184.00000 -22184.000  0.00%     -    0s

Explored 0 nodes (467 simplex iterations) in 0.01 seconds
Thread count was 20 (of 20 available processors)

Solution count 3: -22184 -21172 -3302 
Pool objective bound -22184

Optimal solution found (tolerance 5.00e-02)
Best objective -2.218400000000e+04, best bound -2.218400000000e+04, gap 0.0000%
Changed value of parameter MIPGap to 0.05
   Prev: 0.0001  Min: 0.0  Max: 1e+100  Default: 0.0001
Changed value of parameter TimeLimit to 1800.0
   Prev: 1e+100  Min: 0.0  Max: 1e+100  Default: 1e+100
Changed value of parameter Method to 2
   Prev: -1  Min: -1  Max: 4  Default: -1
Changed value of parameter MIPFocus to 1
   Prev: 0  Min: 0  Max: 3  Default: 0
Optimize a model with 3916 rows, 5724 columns and 11448 nonzeros
Variable types: 0 continuous, 5724 integer (5724 binary)
Coefficient statistics:
  Matrix range     [1e+00, 4e+00]
  Objective range  [1e+01, 2e+02]
  Bounds range     [1e+00, 1e+00]
  RHS range        [8e+01, 8e+01]
Found heuristic solution: objective 0
Presolve removed 3866 rows and 5040 columns
Presolve time: 0.01s
Presolved: 50 rows, 684 columns, 1278 nonzeros
Found heuristic solution: objective -40787.00000
Variable types: 0 continuous, 684 integer (529 binary)
Presolved: 50 rows, 684 columns, 1278 nonzeros

Root barrier log...

Ordering time: 0.00s

Barrier statistics:
 AA' NZ     : 5.810e+02
 Factor NZ  : 1.275e+03
 Factor Ops : 4.292e+04 (less than 1 second per iteration)
 Threads    : 1

                  Objective                Residual
Iter       Primal          Dual         Primal    Dual     Compl     Time
   0  -5.99605205e+04 -1.52626583e+05  2.80e+01 2.84e-14  2.32e+02     0s
   1  -3.79859258e+04 -9.87336718e+04  0.00e+00 3.70e+01  4.46e+01     0s
   2  -4.08480986e+04 -4.52483827e+04  0.00e+00 1.85e+00  3.16e+00     0s
   3  -4.23938630e+04 -4.29840664e+04  0.00e+00 5.73e-02  4.17e-01     0s
   4  -4.25865163e+04 -4.28159301e+04  0.00e+00 5.68e-14  1.62e-01     0s
   5  -4.26686776e+04 -4.27797512e+04  0.00e+00 5.68e-14  7.83e-02     0s
   6  -4.27118309e+04 -4.27347366e+04  0.00e+00 5.68e-14  1.62e-02     0s
   7  -4.27239147e+04 -4.27240591e+04  0.00e+00 5.68e-14  1.02e-04     0s
   8  -4.27240000e+04 -4.27240000e+04  0.00e+00 5.68e-14  1.75e-10     0s

Barrier solved model in 8 iterations and 0.01 seconds
Optimal objective -4.27240000e+04


Root relaxation: objective -4.272400e+04, 467 iterations, 0.00 seconds

    Nodes    |    Current Node    |     Objective Bounds      |     Work
 Expl Unexpl |  Obj  Depth IntInf | Incumbent    BestBd   Gap | It/Node Time

*    0     0               0    -42724.00000 -42724.000  0.00%     -    0s

Explored 0 nodes (467 simplex iterations) in 0.01 seconds
Thread count was 20 (of 20 available processors)

Solution count 3: -42724 -40787 -6322 
Pool objective bound -42724

Optimal solution found (tolerance 5.00e-02)
Best objective -4.272400000000e+04, best bound -4.272400000000e+04, gap 0.0000%
Changed value of parameter MIPGap to 0.05
   Prev: 0.0001  Min: 0.0  Max: 1e+100  Default: 0.0001
Changed value of parameter TimeLimit to 1800.0
   Prev: 1e+100  Min: 0.0  Max: 1e+100  Default: 1e+100
Changed value of parameter Method to 2
   Prev: -1  Min: -1  Max: 4  Default: -1
Changed value of parameter MIPFocus to 1
   Prev: 0  Min: 0  Max: 3  Default: 0
Optimize a model with 3916 rows, 5724 columns and 11448 nonzeros
Variable types: 0 continuous, 5724 integer (5724 binary)
Coefficient statistics:
  Matrix range     [1e+00, 4e+00]
  Objective range  [3e+01, 4e+02]
  Bounds range     [1e+00, 1e+00]
  RHS range        [8e+01, 8e+01]
Found heuristic solution: objective 0
Presolve removed 3866 rows and 5040 columns
Presolve time: 0.01s
Presolved: 50 rows, 684 columns, 1278 nonzeros
Found heuristic solution: objective -99632.00000
Variable types: 0 continuous, 684 integer (529 binary)
Presolved: 50 rows, 684 columns, 1278 nonzeros

Root barrier log...

Ordering time: 0.00s

Barrier statistics:
 AA' NZ     : 5.810e+02
 Factor NZ  : 1.275e+03
 Factor Ops : 4.292e+04 (less than 1 second per iteration)
 Threads    : 1

                  Objective                Residual
Iter       Primal          Dual         Primal    Dual     Compl     Time
   0  -1.45960159e+05 -3.79303095e+05  2.80e+01 5.68e-14  5.81e+02     0s
   1  -9.27394790e+04 -2.44761908e+05  0.00e+00 9.29e+01  1.12e+02     0s
   2  -9.98267685e+04 -1.10487935e+05  0.00e+00 4.49e+00  7.67e+00     0s
   3  -1.03498120e+05 -1.05075463e+05  0.00e+00 2.42e-01  1.12e+00     0s
   4  -1.03895961e+05 -1.04549688e+05  0.00e+00 1.14e-13  4.61e-01     0s
   5  -1.04112827e+05 -1.04447846e+05  0.00e+00 1.14e-13  2.36e-01     0s
   6  -1.04303653e+05 -1.04384504e+05  0.00e+00 1.14e-13  5.70e-02     0s
   7  -1.04342568e+05 -1.04345016e+05  0.00e+00 1.71e-13  1.73e-03     0s
   8  -1.04344000e+05 -1.04344000e+05  0.00e+00 1.71e-13  4.11e-08     0s
   9  -1.04344000e+05 -1.04344000e+05  0.00e+00 1.14e-13  4.11e-11     0s

Barrier solved model in 9 iterations and 0.01 seconds
Optimal objective -1.04344000e+05


Root relaxation: objective -1.043440e+05, 466 iterations, 0.00 seconds

    Nodes    |    Current Node    |     Objective Bounds      |     Work
 Expl Unexpl |  Obj  Depth IntInf | Incumbent    BestBd   Gap | It/Node Time

*    0     0               0    -104344.0000 -104344.00  0.00%     -    0s

Explored 0 nodes (466 simplex iterations) in 0.01 seconds
Thread count was 20 (of 20 available processors)

Solution count 3: -104344 -99632 -15382 
Pool objective bound -104344

Optimal solution found (tolerance 5.00e-02)
Best objective -1.043440000000e+05, best bound -1.043440000000e+05, gap 0.0000%
Changed value of parameter MIPGap to 0.05
   Prev: 0.0001  Min: 0.0  Max: 1e+100  Default: 0.0001
Changed value of parameter TimeLimit to 1800.0
   Prev: 1e+100  Min: 0.0  Max: 1e+100  Default: 1e+100
Changed value of parameter Method to 2
   Prev: -1  Min: -1  Max: 4  Default: -1
Changed value of parameter MIPFocus to 1
   Prev: 0  Min: 0  Max: 3  Default: 0
Optimize a model with 3916 rows, 5724 columns and 11448 nonzeros
Variable types: 0 continuous, 5724 integer (5724 binary)
Coefficient statistics:
  Matrix range     [1e+00, 4e+00]
  Objective range  [3e+02, 4e+03]
  Bounds range     [1e+00, 1e+00]
  RHS range        [8e+01, 8e+01]
Found heuristic solution: objective 0
Presolve removed 3866 rows and 5040 columns
Presolve time: 0.01s
Presolved: 50 rows, 684 columns, 1278 nonzeros
Found heuristic solution: objective -982307.0000
Variable types: 0 continuous, 684 integer (529 binary)
Presolved: 50 rows, 684 columns, 1278 nonzeros

Root barrier log...

Ordering time: 0.00s

Barrier statistics:
 AA' NZ     : 5.810e+02
 Factor NZ  : 1.275e+03
 Factor Ops : 4.292e+04 (less than 1 second per iteration)
 Threads    : 1

                  Objective                Residual
Iter       Primal          Dual         Primal    Dual     Compl     Time
   0  -1.43595393e+06 -3.77945078e+06  2.80e+01 4.55e-13  5.81e+03     0s
   1  -9.14053706e+05 -2.43518699e+06  0.00e+00 9.32e+02  1.12e+03     0s
   2  -9.84532570e+05 -1.08886182e+06  0.00e+00 4.39e+01  7.50e+01     0s
   3  -1.02035049e+06 -1.03588785e+06  0.00e+00 2.44e+00  1.10e+01     0s
   4  -1.02420887e+06 -1.03065158e+06  0.00e+00 1.36e-12  4.55e+00     0s
   5  -1.02640969e+06 -1.02967144e+06  0.00e+00 9.09e-13  2.30e+00     0s
   6  -1.02824765e+06 -1.02903915e+06  0.00e+00 9.09e-13  5.58e-01     0s
   7  -1.02862940e+06 -1.02865380e+06  0.00e+00 1.36e-12  1.72e-02     0s
   8  -1.02864400e+06 -1.02864400e+06  0.00e+00 9.09e-13  4.15e-07     0s
   9  -1.02864400e+06 -1.02864400e+06  0.00e+00 1.36e-12  4.15e-10     0s

Barrier solved model in 9 iterations and 0.01 seconds
Optimal objective -1.02864400e+06


Root relaxation: objective -1.028644e+06, 466 iterations, 0.00 seconds

    Nodes    |    Current Node    |     Objective Bounds      |     Work
 Expl Unexpl |  Obj  Depth IntInf | Incumbent    BestBd   Gap | It/Node Time

*    0     0               0    -1028644.000 -1028644.0  0.00%     -    0s

Explored 0 nodes (466 simplex iterations) in 0.01 seconds
Thread count was 20 (of 20 available processors)

Solution count 3: -1.02864e+06 -982307 -151282 
Pool objective bound -1.02864e+06

Optimal solution found (tolerance 5.00e-02)
Best objective -1.028644000000e+06, best bound -1.028644000000e+06, gap 0.0000%
