Changed value of parameter MIPGap to 0.05
   Prev: 0.0001  Min: 0.0  Max: 1e+100  Default: 0.0001
Changed value of parameter TimeLimit to 1800.0
   Prev: 1e+100  Min: 0.0  Max: 1e+100  Default: 1e+100
Changed value of parameter Method to 2
   Prev: -1  Min: -1  Max: 4  Default: -1
Changed value of parameter MIPFocus to 1
   Prev: 0  Min: 0  Max: 3  Default: 0
Optimize a model with 10206 rows, 53383 columns and 106766 nonzeros
Variable types: 0 continuous, 53383 integer (53383 binary)
Coefficient statistics:
  Matrix range     [1e+00, 2e+01]
  Objective range  [1e+00, 1e+00]
  Bounds range     [1e+00, 1e+00]
  RHS range        [8e+01, 8e+01]
Found heuristic solution: objective 0
Presolve time: 0.17s
Presolved: 10206 rows, 53383 columns, 106766 nonzeros
Variable types: 0 continuous, 53383 integer (53383 binary)
Presolved: 10206 rows, 53383 columns, 106766 nonzeros

Root barrier log...

Ordering time: 0.01s

Barrier statistics:
 AA' NZ     : 5.338e+04
 Factor NZ  : 2.304e+05 (roughly 30 MBytes of memory)
 Factor Ops : 3.800e+07 (less than 1 second per iteration)
 Threads    : 1

                  Objective                Residual
Iter       Primal          Dual         Primal    Dual     Compl     Time
   0  -2.47169476e+04 -4.47785578e+04  1.12e+02 0.00e+00  3.49e+00     0s
   1  -9.26546750e+03 -3.38500976e+04  2.61e+01 8.88e-16  8.57e-01     0s
   2  -4.87646364e+03 -1.63477316e+04  4.24e+00 8.88e-16  1.72e-01     0s
   3  -3.99133250e+03 -6.22114594e+03  1.11e-01 1.11e-15  2.15e-02     0s
   4  -4.07023315e+03 -4.49558234e+03  8.50e-03 6.94e-16  4.00e-03     0s
   5  -4.08496813e+03 -4.25680510e+03  4.60e-03 4.74e-16  1.62e-03     0s
   6  -4.09070692e+03 -4.18752898e+03  3.28e-03 6.66e-16  9.15e-04     0s
   7  -4.09469686e+03 -4.13452755e+03  2.40e-03 4.87e-16  3.80e-04     0s
   8  -4.09710986e+03 -4.12286578e+03  1.87e-03 5.12e-16  2.47e-04     1s
   9  -4.10006547e+03 -4.11352824e+03  1.28e-03 6.66e-16  1.30e-04     1s
  10  -4.10222277e+03 -4.10869847e+03  8.54e-04 5.24e-16  6.35e-05     1s
  11  -4.10355790e+03 -4.10731151e+03  5.48e-04 4.72e-16  3.70e-05     1s
  12  -4.10377947e+03 -4.10715132e+03  4.97e-04 8.88e-16  3.32e-05     1s
  13  -4.10448934e+03 -4.10667490e+03  3.35e-04 4.44e-16  2.16e-05     1s
  14  -4.10481315e+03 -4.10631367e+03  2.61e-04 4.44e-16  1.49e-05     1s
  15  -4.10543715e+03 -4.10609498e+03  1.18e-04 4.44e-16  6.56e-06     1s
  16  -4.10586761e+03 -4.10600654e+03  2.25e-05 6.66e-16  1.38e-06     1s
  17  -4.10596779e+03 -4.10597451e+03  9.93e-07 6.37e-16  6.64e-08     1s
  18  -4.10597313e+03 -4.10597319e+03  1.03e-08 6.66e-16  6.17e-10     1s
  19  -4.10597318e+03 -4.10597318e+03  2.22e-12 6.66e-16  1.00e-15     1s

Barrier solved model in 19 iterations and 0.76 seconds
Optimal objective -4.10597318e+03


Root relaxation: objective -4.105973e+03, 39552 iterations, 0.99 seconds

    Nodes    |    Current Node    |     Objective Bounds      |     Work
 Expl Unexpl |  Obj  Depth IntInf | Incumbent    BestBd   Gap | It/Node Time

     0     0 -4105.9732    0  251    0.00000 -4105.9732      -     -    1s
H    0     0                    -4078.000000 -4105.9732  0.69%     -    1s

Explored 0 nodes (60364 simplex iterations) in 1.66 seconds
Thread count was 20 (of 20 available processors)

Solution count 2: -4078 0 
Pool objective bound -4105

Optimal solution found (tolerance 5.00e-02)
Best objective -4.078000000000e+03, best bound -4.105000000000e+03, gap 0.6621%
Changed value of parameter MIPGap to 0.05
   Prev: 0.0001  Min: 0.0  Max: 1e+100  Default: 0.0001
Changed value of parameter TimeLimit to 1800.0
   Prev: 1e+100  Min: 0.0  Max: 1e+100  Default: 1e+100
Changed value of parameter Method to 2
   Prev: -1  Min: -1  Max: 4  Default: -1
Changed value of parameter MIPFocus to 1
   Prev: 0  Min: 0  Max: 3  Default: 0
Optimize a model with 10206 rows, 53383 columns and 106766 nonzeros
Variable types: 0 continuous, 53383 integer (53383 binary)
Coefficient statistics:
  Matrix range     [1e+00, 2e+01]
  Objective range  [1e+00, 1e+00]
  Bounds range     [1e+00, 1e+00]
  RHS range        [8e+01, 8e+01]
Found heuristic solution: objective 0
Presolve time: 0.15s
Presolved: 10206 rows, 53383 columns, 106766 nonzeros
Variable types: 0 continuous, 53383 integer (53383 binary)
Presolved: 10206 rows, 53383 columns, 106766 nonzeros

Root barrier log...

Ordering time: 0.01s

Barrier statistics:
 AA' NZ     : 5.338e+04
 Factor NZ  : 2.304e+05 (roughly 30 MBytes of memory)
 Factor Ops : 3.800e+07 (less than 1 second per iteration)
 Threads    : 1

                  Objective                Residual
Iter       Primal          Dual         Primal    Dual     Compl     Time
   0  -2.47441876e+04 -4.47859086e+04  1.12e+02 2.22e-16  3.49e+00     0s
   1  -9.27519517e+03 -3.38574013e+04  2.61e+01 8.88e-16  8.57e-01     0s
   2  -4.88208819e+03 -1.63513061e+04  4.24e+00 1.11e-15  1.72e-01     0s
   3  -3.99463216e+03 -6.22589728e+03  1.11e-01 1.11e-15  2.15e-02     0s
   4  -4.07349495e+03 -4.50297300e+03  8.50e-03 6.73e-16  4.04e-03     0s
   5  -4.08827635e+03 -4.26069528e+03  4.59e-03 5.81e-16  1.63e-03     0s
   6  -4.09399808e+03 -4.19097756e+03  3.27e-03 4.76e-16  9.16e-04     0s
   7  -4.09798412e+03 -4.13766401e+03  2.40e-03 6.66e-16  3.79e-04     0s
   8  -4.10040123e+03 -4.12587488e+03  1.87e-03 6.66e-16  2.44e-04     0s
   9  -4.10333717e+03 -4.11701344e+03  1.28e-03 6.66e-16  1.32e-04     0s
  10  -4.10579946e+03 -4.11170762e+03  8.32e-04 6.66e-16  5.81e-05     0s
  11  -4.10688991e+03 -4.11039706e+03  5.70e-04 4.44e-16  3.48e-05     0s
  12  -4.10785418e+03 -4.11002120e+03  3.38e-04 4.44e-16  2.14e-05     0s
  13  -4.10808898e+03 -4.10971127e+03  2.81e-04 4.44e-16  1.61e-05     0s
  14  -4.10854009e+03 -4.10948163e+03  1.74e-04 6.66e-16  9.41e-06     1s
  15  -4.10886273e+03 -4.10931960e+03  9.77e-05 6.66e-16  4.61e-06     1s
  16  -4.10920740e+03 -4.10930205e+03  1.66e-05 6.66e-16  9.43e-07     1s
  17  -4.10927708e+03 -4.10929158e+03  4.16e-07 4.79e-16  1.37e-07     1s
  18  -4.10927903e+03 -4.10928293e+03  6.07e-08 6.66e-16  3.67e-08     1s
  19  -4.10927942e+03 -4.10928013e+03  3.17e-09 6.66e-16  6.60e-09     1s
  20  -4.10927945e+03 -4.10927948e+03  1.62e-11 6.73e-16  2.68e-10     1s

Barrier solved model in 20 iterations and 0.64 seconds
Optimal objective -4.10927945e+03


Root relaxation: objective -4.109279e+03, 40534 iterations, 0.83 seconds

    Nodes    |    Current Node    |     Objective Bounds      |     Work
 Expl Unexpl |  Obj  Depth IntInf | Incumbent    BestBd   Gap | It/Node Time

     0     0 -4109.2795    0  544    0.00000 -4109.2795      -     -    1s
H    0     0                    -4048.204290 -4109.2795  1.51%     -    1s

Explored 0 nodes (47133 simplex iterations) in 1.41 seconds
Thread count was 20 (of 20 available processors)

Solution count 2: -4048.2 0 
Pool objective bound -4109.28

Optimal solution found (tolerance 5.00e-02)
Best objective -4.048204290000e+03, best bound -4.109279453042e+03, gap 1.5087%
Changed value of parameter MIPGap to 0.05
   Prev: 0.0001  Min: 0.0  Max: 1e+100  Default: 0.0001
Changed value of parameter TimeLimit to 1800.0
   Prev: 1e+100  Min: 0.0  Max: 1e+100  Default: 1e+100
Changed value of parameter Method to 2
   Prev: -1  Min: -1  Max: 4  Default: -1
Changed value of parameter MIPFocus to 1
   Prev: 0  Min: 0  Max: 3  Default: 0
Optimize a model with 10206 rows, 53383 columns and 106766 nonzeros
Variable types: 0 continuous, 53383 integer (53383 binary)
Coefficient statistics:
  Matrix range     [1e+00, 2e+01]
  Objective range  [1e+00, 1e+00]
  Bounds range     [1e+00, 1e+00]
  RHS range        [8e+01, 8e+01]
Found heuristic solution: objective 0
Presolve time: 0.15s
Presolved: 10206 rows, 53383 columns, 106766 nonzeros
Variable types: 0 continuous, 53383 integer (53383 binary)
Presolved: 10206 rows, 53383 columns, 106766 nonzeros

Root barrier log...

Ordering time: 0.01s

Barrier statistics:
 AA' NZ     : 5.338e+04
 Factor NZ  : 2.304e+05 (roughly 30 MBytes of memory)
 Factor Ops : 3.800e+07 (less than 1 second per iteration)
 Threads    : 1

                  Objective                Residual
Iter       Primal          Dual         Primal    Dual     Compl     Time
   0  -2.47714275e+04 -4.47932594e+04  1.12e+02 2.22e-16  3.49e+00     0s
   1  -9.28493006e+03 -3.38647055e+04  2.61e+01 9.44e-16  8.57e-01     0s
   2  -4.88771660e+03 -1.63548888e+04  4.25e+00 9.44e-16  1.72e-01     0s
   3  -3.99792982e+03 -6.23067137e+03  1.11e-01 1.11e-15  2.15e-02     0s
   4  -4.07675772e+03 -4.51023147e+03  8.51e-03 1.11e-15  4.08e-03     0s
   5  -4.09158613e+03 -4.26454080e+03  4.58e-03 6.66e-16  1.63e-03     0s
   6  -4.09729224e+03 -4.19441085e+03  3.27e-03 6.66e-16  9.18e-04     0s
   7  -4.10127451e+03 -4.14078830e+03  2.39e-03 5.11e-16  3.77e-04     0s
   8  -4.10368964e+03 -4.12887646e+03  1.87e-03 4.84e-16  2.42e-04     0s
   9  -4.10642555e+03 -4.12032580e+03  1.32e-03 4.68e-16  1.34e-04     0s
  10  -4.10923980e+03 -4.11496133e+03  7.88e-04 5.29e-16  5.62e-05     0s
  11  -4.11027672e+03 -4.11362988e+03  5.42e-04 6.66e-16  3.32e-05     0s
  12  -4.11080479e+03 -4.11338380e+03  4.17e-04 5.30e-16  2.56e-05     0s
  13  -4.11135370e+03 -4.11298502e+03  2.88e-04 4.44e-16  1.63e-05     1s
  14  -4.11197469e+03 -4.11278187e+03  1.41e-04 6.59e-16  8.04e-06     1s
  15  -4.11241035e+03 -4.11262184e+03  3.93e-05 6.10e-16  2.12e-06     1s
  16  -4.11251842e+03 -4.11259636e+03  1.48e-05 6.66e-16  7.81e-07     1s
  17  -4.11257930e+03 -4.11259453e+03  1.35e-06 6.66e-16  1.47e-07     1s
  18  -4.11258534e+03 -4.11258775e+03  8.43e-08 6.66e-16  2.27e-08     1s
  19  -4.11258582e+03 -4.11258588e+03  4.23e-12 7.76e-16  5.37e-10     1s
  20  -4.11258583e+03 -4.11258583e+03  2.61e-14 5.21e-16  2.94e-15     1s

Barrier solved model in 20 iterations and 0.64 seconds
Optimal objective -4.11258583e+03


Root relaxation: objective -4.112586e+03, 39698 iterations, 0.81 seconds

    Nodes    |    Current Node    |     Objective Bounds      |     Work
 Expl Unexpl |  Obj  Depth IntInf | Incumbent    BestBd   Gap | It/Node Time

     0     0 -4112.5858    0  442    0.00000 -4112.5858      -     -    1s
H    0     0                    -4069.471500 -4112.5858  1.06%     -    1s

Explored 0 nodes (49012 simplex iterations) in 1.39 seconds
Thread count was 20 (of 20 available processors)

Solution count 2: -4069.47 0 
Pool objective bound -4112.59

Optimal solution found (tolerance 5.00e-02)
Best objective -4.069471500000e+03, best bound -4.112585828586e+03, gap 1.0595%
Changed value of parameter MIPGap to 0.05
   Prev: 0.0001  Min: 0.0  Max: 1e+100  Default: 0.0001
Changed value of parameter TimeLimit to 1800.0
   Prev: 1e+100  Min: 0.0  Max: 1e+100  Default: 1e+100
Changed value of parameter Method to 2
   Prev: -1  Min: -1  Max: 4  Default: -1
Changed value of parameter MIPFocus to 1
   Prev: 0  Min: 0  Max: 3  Default: 0
Optimize a model with 10206 rows, 53383 columns and 106766 nonzeros
Variable types: 0 continuous, 53383 integer (53383 binary)
Coefficient statistics:
  Matrix range     [1e+00, 2e+01]
  Objective range  [1e+00, 1e+00]
  Bounds range     [1e+00, 1e+00]
  RHS range        [8e+01, 8e+01]
Found heuristic solution: objective 0
Presolve time: 0.15s
Presolved: 10206 rows, 53383 columns, 106766 nonzeros
Variable types: 0 continuous, 53383 integer (53383 binary)
Presolved: 10206 rows, 53383 columns, 106766 nonzeros

Root barrier log...

Ordering time: 0.01s

Barrier statistics:
 AA' NZ     : 5.338e+04
 Factor NZ  : 2.304e+05 (roughly 30 MBytes of memory)
 Factor Ops : 3.800e+07 (less than 1 second per iteration)
 Threads    : 1

                  Objective                Residual
Iter       Primal          Dual         Primal    Dual     Compl     Time
   0  -2.48259073e+04 -4.48079610e+04  1.12e+02 2.22e-16  3.49e+00     0s
   1  -9.30442149e+03 -3.38793156e+04  2.61e+01 8.88e-16  8.57e-01     0s
   2  -4.89900034e+03 -1.63620778e+04  4.26e+00 8.88e-16  1.72e-01     0s
   3  -4.00451298e+03 -6.24021000e+03  1.11e-01 1.11e-15  2.16e-02     0s
   4  -4.08328637e+03 -4.52467075e+03  8.51e-03 1.55e-15  4.15e-03     0s
   5  -4.09821232e+03 -4.27216348e+03  4.55e-03 4.70e-16  1.64e-03     0s
   6  -4.10389228e+03 -4.20126041e+03  3.25e-03 4.63e-16  9.20e-04     0s
   7  -4.10787220e+03 -4.14693806e+03  2.38e-03 7.12e-16  3.73e-04     0s
   8  -4.11046711e+03 -4.13349862e+03  1.83e-03 4.44e-16  2.21e-04     0s
   9  -4.11285603e+03 -4.12636594e+03  1.36e-03 4.95e-16  1.31e-04     0s
  10  -4.11496921e+03 -4.12152025e+03  9.23e-04 5.03e-16  6.44e-05     0s
  11  -4.11677661e+03 -4.12028586e+03  5.27e-04 4.44e-16  3.46e-05     0s
  12  -4.11720962e+03 -4.11991969e+03  4.31e-04 4.44e-16  2.68e-05     0s
  13  -4.11783346e+03 -4.11954251e+03  2.96e-04 4.44e-16  1.70e-05     0s
  14  -4.11853930e+03 -4.11937455e+03  1.42e-04 5.50e-16  8.31e-06     1s
  15  -4.11883325e+03 -4.11930394e+03  7.78e-05 5.07e-16  4.67e-06     1s
  16  -4.11903966e+03 -4.11921989e+03  3.36e-05 4.44e-16  1.80e-06     1s
  17  -4.11918491e+03 -4.11920555e+03  2.74e-06 5.04e-16  2.03e-07     1s
  18  -4.11919881e+03 -4.11920018e+03  1.07e-07 5.37e-16  1.31e-08     1s
  19  -4.11919939e+03 -4.11919940e+03  2.06e-10 5.37e-16  6.72e-11     1s

Barrier solved model in 19 iterations and 0.62 seconds
Optimal objective -4.11919939e+03


Root relaxation: objective -4.119199e+03, 40469 iterations, 0.77 seconds

    Nodes    |    Current Node    |     Objective Bounds      |     Work
 Expl Unexpl |  Obj  Depth IntInf | Incumbent    BestBd   Gap | It/Node Time

     0     0 -4119.1994    0  302    0.00000 -4119.1994      -     -    1s
H    0     0                    -4080.994160 -4119.1994  0.94%     -    1s

Explored 0 nodes (54953 simplex iterations) in 1.39 seconds
Thread count was 20 (of 20 available processors)

Solution count 2: -4080.99 0 
Pool objective bound -4119.2

Optimal solution found (tolerance 5.00e-02)
Best objective -4.080994160000e+03, best bound -4.119199392105e+03, gap 0.9362%
Changed value of parameter MIPGap to 0.05
   Prev: 0.0001  Min: 0.0  Max: 1e+100  Default: 0.0001
Changed value of parameter TimeLimit to 1800.0
   Prev: 1e+100  Min: 0.0  Max: 1e+100  Default: 1e+100
Changed value of parameter Method to 2
   Prev: -1  Min: -1  Max: 4  Default: -1
Changed value of parameter MIPFocus to 1
   Prev: 0  Min: 0  Max: 3  Default: 0
Optimize a model with 10206 rows, 53383 columns and 106766 nonzeros
Variable types: 0 continuous, 53383 integer (53383 binary)
Coefficient statistics:
  Matrix range     [1e+00, 2e+01]
  Objective range  [1e+00, 1e+00]
  Bounds range     [1e+00, 1e+00]
  RHS range        [8e+01, 8e+01]
Found heuristic solution: objective 0
Presolve time: 0.15s
Presolved: 10206 rows, 53383 columns, 106766 nonzeros
Variable types: 0 continuous, 53383 integer (53383 binary)
Presolved: 10206 rows, 53383 columns, 106766 nonzeros

Root barrier log...

Ordering time: 0.01s

Barrier statistics:
 AA' NZ     : 5.338e+04
 Factor NZ  : 2.304e+05 (roughly 30 MBytes of memory)
 Factor Ops : 3.800e+07 (less than 1 second per iteration)
 Threads    : 1

                  Objective                Residual
Iter       Primal          Dual         Primal    Dual     Compl     Time
   0  -2.49348666e+04 -4.48373642e+04  1.12e+02 2.22e-16  3.49e+00     0s
   1  -9.34349113e+03 -3.39085421e+04  2.62e+01 8.88e-16  8.58e-01     0s
   2  -4.92160407e+03 -1.63765569e+04  4.29e+00 1.11e-15  1.72e-01     0s
   3  -4.01763662e+03 -6.25943174e+03  1.12e-01 1.11e-15  2.16e-02     0s
   4  -4.09635453e+03 -4.55318924e+03  8.48e-03 8.88e-16  4.30e-03     0s
   5  -4.11149124e+03 -4.28713936e+03  4.47e-03 6.66e-16  1.65e-03     0s
   6  -4.11713999e+03 -4.21488932e+03  3.20e-03 6.66e-16  9.23e-04     0s
   7  -4.12109112e+03 -4.15597448e+03  2.35e-03 5.73e-16  3.34e-04     0s
   8  -4.12373348e+03 -4.14511566e+03  1.80e-03 6.66e-16  2.06e-04     0s
   9  -4.12635813e+03 -4.13855982e+03  1.30e-03 6.66e-16  1.18e-04     0s
  10  -4.12866948e+03 -4.13450985e+03  8.52e-04 5.01e-16  5.76e-05     0s
  11  -4.13015316e+03 -4.13338401e+03  5.31e-04 5.00e-16  3.21e-05     0s
  12  -4.13065015e+03 -4.13308265e+03  4.13e-04 6.66e-16  2.42e-05     0s
  13  -4.13088113e+03 -4.13278433e+03  3.59e-04 4.44e-16  1.90e-05     1s
  14  -4.13162589e+03 -4.13260577e+03  1.85e-04 5.72e-16  9.81e-06     1s
  15  -4.13178000e+03 -4.13249474e+03  1.49e-04 4.44e-16  7.20e-06     1s
  16  -4.13214406e+03 -4.13245978e+03  6.49e-05 4.52e-16  3.18e-06     1s
  17  -4.13236421e+03 -4.13243740e+03  1.50e-05 5.78e-16  7.37e-07     1s
  18  -4.13242859e+03 -4.13243170e+03  5.68e-07 6.66e-16  3.11e-08     1s
  19  -4.13243118e+03 -4.13243118e+03  4.05e-11 6.66e-16  2.14e-12     1s

Barrier solved model in 19 iterations and 0.62 seconds
Optimal objective -4.13243118e+03


Root relaxation: objective -4.132431e+03, 40522 iterations, 0.74 seconds

    Nodes    |    Current Node    |     Objective Bounds      |     Work
 Expl Unexpl |  Obj  Depth IntInf | Incumbent    BestBd   Gap | It/Node Time

     0     0 -4132.4312    0  279    0.00000 -4132.4312      -     -    1s
H    0     0                    -4098.124880 -4132.4312  0.84%     -    1s

Explored 0 nodes (57628 simplex iterations) in 1.41 seconds
Thread count was 20 (of 20 available processors)

Solution count 2: -4098.12 0 
Pool objective bound -4132.43

Optimal solution found (tolerance 5.00e-02)
Best objective -4.098124880000e+03, best bound -4.132431176049e+03, gap 0.8371%
Changed value of parameter MIPGap to 0.05
   Prev: 0.0001  Min: 0.0  Max: 1e+100  Default: 0.0001
Changed value of parameter TimeLimit to 1800.0
   Prev: 1e+100  Min: 0.0  Max: 1e+100  Default: 1e+100
Changed value of parameter Method to 2
   Prev: -1  Min: -1  Max: 4  Default: -1
Changed value of parameter MIPFocus to 1
   Prev: 0  Min: 0  Max: 3  Default: 0
Optimize a model with 10206 rows, 53383 columns and 106766 nonzeros
Variable types: 0 continuous, 53383 integer (53383 binary)
Coefficient statistics:
  Matrix range     [1e+00, 2e+01]
  Objective range  [1e+00, 1e+00]
  Bounds range     [1e+00, 1e+00]
  RHS range        [8e+01, 8e+01]
Found heuristic solution: objective 0
Presolve time: 0.14s
Presolved: 10206 rows, 53383 columns, 106766 nonzeros
Variable types: 0 continuous, 53383 integer (53383 binary)
Presolved: 10206 rows, 53383 columns, 106766 nonzeros

Root barrier log...

Ordering time: 0.01s

Barrier statistics:
 AA' NZ     : 5.338e+04
 Factor NZ  : 2.304e+05 (roughly 30 MBytes of memory)
 Factor Ops : 3.800e+07 (less than 1 second per iteration)
 Threads    : 1

                  Objective                Residual
Iter       Primal          Dual         Primal    Dual     Compl     Time
   0  -2.49893461e+04 -4.48520658e+04  1.12e+02 2.22e-16  3.49e+00     0s
   1  -9.36306938e+03 -3.39231583e+04  2.62e+01 8.88e-16  8.58e-01     0s
   2  -4.93292286e+03 -1.63838445e+04  4.30e+00 1.22e-15  1.73e-01     0s
   3  -4.02418143e+03 -6.26904123e+03  1.12e-01 8.88e-16  2.17e-02     0s
   4  -4.10289071e+03 -4.56728128e+03  8.46e-03 1.11e-15  4.37e-03     0s
   5  -4.11814304e+03 -4.29450355e+03  4.43e-03 4.92e-16  1.66e-03     0s
   6  -4.12378800e+03 -4.22165058e+03  3.17e-03 6.66e-16  9.24e-04     0s
   7  -4.12772130e+03 -4.16253199e+03  2.33e-03 5.80e-16  3.33e-04     0s
   8  -4.13029753e+03 -4.15134531e+03  1.79e-03 5.24e-16  2.03e-04     0s
   9  -4.13306106e+03 -4.14571248e+03  1.30e-03 4.75e-16  1.23e-04     0s
  10  -4.13485560e+03 -4.14205234e+03  9.35e-04 5.46e-16  7.05e-05     0s
  11  -4.13607508e+03 -4.14060723e+03  6.75e-04 5.02e-16  4.47e-05     0s
  12  -4.13681340e+03 -4.13995813e+03  5.05e-04 5.59e-16  3.12e-05     0s
  13  -4.13732238e+03 -4.13964294e+03  3.89e-04 7.79e-16  2.30e-05     0s
  14  -4.13798970e+03 -4.13947104e+03  2.37e-04 5.80e-16  1.47e-05     1s
  15  -4.13834692e+03 -4.13910934e+03  1.56e-04 5.33e-16  7.68e-06     1s
  16  -4.13874255e+03 -4.13909280e+03  6.79e-05 6.66e-16  3.51e-06     1s
  17  -4.13894288e+03 -4.13906209e+03  2.68e-05 4.44e-16  1.21e-06     1s
  18  -4.13904116e+03 -4.13905300e+03  1.56e-06 5.59e-16  1.16e-07     1s
  19  -4.13904751e+03 -4.13904754e+03  3.17e-09 6.66e-16  3.38e-10     1s

Barrier solved model in 19 iterations and 0.61 seconds
Optimal objective -4.13904751e+03


Root relaxation: objective -4.139048e+03, 40558 iterations, 0.74 seconds

    Nodes    |    Current Node    |     Objective Bounds      |     Work
 Expl Unexpl |  Obj  Depth IntInf | Incumbent    BestBd   Gap | It/Node Time

     0     0 -4139.0475    0  307    0.00000 -4139.0475      -     -    1s
H    0     0                    -4103.564300 -4139.0475  0.86%     -    1s

Explored 0 nodes (55055 simplex iterations) in 1.35 seconds
Thread count was 20 (of 20 available processors)

Solution count 2: -4103.56 0 
Pool objective bound -4139.05

Optimal solution found (tolerance 5.00e-02)
Best objective -4.103564300000e+03, best bound -4.139047523257e+03, gap 0.8647%
Changed value of parameter MIPGap to 0.05
   Prev: 0.0001  Min: 0.0  Max: 1e+100  Default: 0.0001
Changed value of parameter TimeLimit to 1800.0
   Prev: 1e+100  Min: 0.0  Max: 1e+100  Default: 1e+100
Changed value of parameter Method to 2
   Prev: -1  Min: -1  Max: 4  Default: -1
Changed value of parameter MIPFocus to 1
   Prev: 0  Min: 0  Max: 3  Default: 0
Optimize a model with 10206 rows, 53383 columns and 106766 nonzeros
Variable types: 0 continuous, 53383 integer (53383 binary)
Coefficient statistics:
  Matrix range     [1e+00, 2e+01]
  Objective range  [1e+00, 1e+00]
  Bounds range     [1e+00, 1e+00]
  RHS range        [8e+01, 8e+01]
Found heuristic solution: objective 0
Presolve time: 0.14s
Presolved: 10206 rows, 53383 columns, 106766 nonzeros
Variable types: 0 continuous, 53383 integer (53383 binary)
Presolved: 10206 rows, 53383 columns, 106766 nonzeros

Root barrier log...

Ordering time: 0.01s

Barrier statistics:
 AA' NZ     : 5.338e+04
 Factor NZ  : 2.304e+05 (roughly 30 MBytes of memory)
 Factor Ops : 3.800e+07 (less than 1 second per iteration)
 Threads    : 1

                  Objective                Residual
Iter       Primal          Dual         Primal    Dual     Compl     Time
   0  -2.52617415e+04 -4.49255738e+04  1.12e+02 0.00e+00  3.49e+00     0s
   1  -9.46139613e+03 -3.39962680e+04  2.62e+01 8.88e-16  8.59e-01     0s
   2  -4.98975401e+03 -1.64207540e+04  4.36e+00 1.22e-15  1.73e-01     0s
   3  -4.05689806e+03 -6.31677631e+03  1.11e-01 8.88e-16  2.18e-02     0s
   4  -4.13560838e+03 -4.63605191e+03  8.36e-03 1.78e-15  4.70e-03     0s
   5  -4.15152472e+03 -4.33014086e+03  4.20e-03 6.66e-16  1.68e-03     0s
   6  -4.15725649e+03 -4.25480359e+03  2.97e-03 6.64e-16  9.21e-04     0s
   7  -4.16120162e+03 -4.19543542e+03  2.20e-03 5.15e-16  3.27e-04     0s
   8  -4.16485064e+03 -4.18460475e+03  1.46e-03 5.36e-16  1.90e-04     0s
   9  -4.16676559e+03 -4.17851024e+03  1.07e-03 5.12e-16  1.13e-04     0s
  10  -4.16900438e+03 -4.17432523e+03  6.62e-04 6.42e-16  5.20e-05     0s
  11  -4.16996565e+03 -4.17274307e+03  4.76e-04 6.07e-16  2.76e-05     0s
  12  -4.17080143e+03 -4.17250983e+03  2.91e-04 4.66e-16  1.70e-05     0s
  13  -4.17114517e+03 -4.17238580e+03  2.16e-04 6.66e-16  1.24e-05     0s
  14  -4.17134082e+03 -4.17227446e+03  1.73e-04 4.93e-16  9.34e-06     1s
  15  -4.17157254e+03 -4.17222192e+03  1.28e-04 5.29e-16  6.52e-06     1s
  16  -4.17208417e+03 -4.17217279e+03  1.22e-05 6.66e-16  8.71e-07     1s
  17  -4.17213005e+03 -4.17214257e+03  2.14e-06 6.89e-16  1.25e-07     1s
  18  -4.17213958e+03 -4.17214041e+03  5.04e-08 4.51e-16  7.92e-09     1s
  19  -4.17213992e+03 -4.17213995e+03  1.05e-09 6.66e-16  2.73e-10     1s

Barrier solved model in 19 iterations and 0.61 seconds
Optimal objective -4.17213992e+03


Root relaxation: objective -4.172140e+03, 40502 iterations, 0.70 seconds

    Nodes    |    Current Node    |     Objective Bounds      |     Work
 Expl Unexpl |  Obj  Depth IntInf | Incumbent    BestBd   Gap | It/Node Time

     0     0 -4172.1399    0  527    0.00000 -4172.1399      -     -    1s
H    0     0                    -4115.320800 -4172.1399  1.38%     -    1s

Explored 0 nodes (47143 simplex iterations) in 1.29 seconds
Thread count was 20 (of 20 available processors)

Solution count 2: -4115.32 0 
Pool objective bound -4172.14

Optimal solution found (tolerance 5.00e-02)
Best objective -4.115320800000e+03, best bound -4.172139925069e+03, gap 1.3807%
Changed value of parameter MIPGap to 0.05
   Prev: 0.0001  Min: 0.0  Max: 1e+100  Default: 0.0001
Changed value of parameter TimeLimit to 1800.0
   Prev: 1e+100  Min: 0.0  Max: 1e+100  Default: 1e+100
Changed value of parameter Method to 2
   Prev: -1  Min: -1  Max: 4  Default: -1
Changed value of parameter MIPFocus to 1
   Prev: 0  Min: 0  Max: 3  Default: 0
Optimize a model with 10206 rows, 53383 columns and 106766 nonzeros
Variable types: 0 continuous, 53383 integer (53383 binary)
Coefficient statistics:
  Matrix range     [1e+00, 2e+01]
  Objective range  [1e+00, 1e+00]
  Bounds range     [1e+00, 1e+00]
  RHS range        [8e+01, 8e+01]
Found heuristic solution: objective 0
Presolve time: 0.15s
Presolved: 10206 rows, 53383 columns, 106766 nonzeros
Variable types: 0 continuous, 53383 integer (53383 binary)
Presolved: 10206 rows, 53383 columns, 106766 nonzeros

Root barrier log...

Ordering time: 0.01s

Barrier statistics:
 AA' NZ     : 5.338e+04
 Factor NZ  : 2.304e+05 (roughly 30 MBytes of memory)
 Factor Ops : 3.800e+07 (less than 1 second per iteration)
 Threads    : 1

                  Objective                Residual
Iter       Primal          Dual         Primal    Dual     Compl     Time
   0  -2.58065245e+04 -4.50790661e+04  1.12e+02 0.00e+00  3.50e+00     0s
   1  -9.66010502e+03 -3.41472264e+04  2.62e+01 8.88e-16  8.62e-01     0s
   2  -5.10437501e+03 -1.64988854e+04  4.49e+00 1.28e-15  1.75e-01     0s
   3  -4.12143243e+03 -6.41140985e+03  1.06e-01 1.11e-15  2.20e-02     0s
   4  -4.20024005e+03 -4.76798316e+03  9.01e-03 8.97e-16  5.33e-03     0s
   5  -4.21757415e+03 -4.39868947e+03  4.26e-03 6.67e-16  1.71e-03     0s
   6  -4.22358857e+03 -4.31502827e+03  2.97e-03 5.46e-16  8.64e-04     0s
   7  -4.22758900e+03 -4.26397872e+03  2.19e-03 6.66e-16  3.47e-04     0s
   8  -4.23105611e+03 -4.25071550e+03  1.48e-03 5.81e-16  1.89e-04     0s
   9  -4.23404895e+03 -4.24384110e+03  8.82e-04 6.66e-16  9.46e-05     0s
  10  -4.23585677e+03 -4.24013259e+03  5.78e-04 6.66e-16  4.20e-05     0s
  11  -4.23687352e+03 -4.23907728e+03  3.55e-04 6.32e-16  2.19e-05     0s
  12  -4.23722168e+03 -4.23881492e+03  2.76e-04 4.44e-16  1.59e-05     0s
  13  -4.23752471e+03 -4.23864624e+03  2.07e-04 5.06e-16  1.12e-05     0s
  14  -4.23784207e+03 -4.23858180e+03  1.34e-04 4.85e-16  7.39e-06     1s
  15  -4.23819080e+03 -4.23848570e+03  6.02e-05 5.88e-16  2.97e-06     1s
  16  -4.23837442e+03 -4.23846525e+03  1.59e-05 4.68e-16  9.06e-07     1s
  17  -4.23843343e+03 -4.23844772e+03  2.02e-06 5.16e-16  1.41e-07     1s
  18  -4.23844216e+03 -4.23844494e+03  5.76e-08 5.87e-16  2.61e-08     1s
  19  -4.23844248e+03 -4.23844263e+03  2.30e-09 8.88e-16  1.42e-09     1s
  20  -4.23844251e+03 -4.23844251e+03  9.20e-14 4.74e-16  8.51e-15     1s

Barrier solved model in 20 iterations and 0.63 seconds
Optimal objective -4.23844251e+03


Root relaxation: objective -4.238443e+03, 39939 iterations, 0.80 seconds

    Nodes    |    Current Node    |     Objective Bounds      |     Work
 Expl Unexpl |  Obj  Depth IntInf | Incumbent    BestBd   Gap | It/Node Time

     0     0 -4238.4425    0  559    0.00000 -4238.4425      -     -    1s
H    0     0                    -4182.760400 -4238.4425  1.33%     -    1s

Explored 0 nodes (46573 simplex iterations) in 1.36 seconds
Thread count was 20 (of 20 available processors)

Solution count 2: -4182.76 0 
Pool objective bound -4238.44

Optimal solution found (tolerance 5.00e-02)
Best objective -4.182760400000e+03, best bound -4.238442507435e+03, gap 1.3312%
Changed value of parameter MIPGap to 0.05
   Prev: 0.0001  Min: 0.0  Max: 1e+100  Default: 0.0001
Changed value of parameter TimeLimit to 1800.0
   Prev: 1e+100  Min: 0.0  Max: 1e+100  Default: 1e+100
Changed value of parameter Method to 2
   Prev: -1  Min: -1  Max: 4  Default: -1
Changed value of parameter MIPFocus to 1
   Prev: 0  Min: 0  Max: 3  Default: 0
Optimize a model with 10206 rows, 53383 columns and 106766 nonzeros
Variable types: 0 continuous, 53383 integer (53383 binary)
Coefficient statistics:
  Matrix range     [1e+00, 2e+01]
  Objective range  [1e+00, 1e+00]
  Bounds range     [1e+00, 1e+00]
  RHS range        [8e+01, 8e+01]
Found heuristic solution: objective 0
Presolve time: 0.14s
Presolved: 10206 rows, 53383 columns, 106766 nonzeros
Variable types: 0 continuous, 53383 integer (53383 binary)
Presolved: 10206 rows, 53383 columns, 106766 nonzeros

Root barrier log...

Ordering time: 0.01s

Barrier statistics:
 AA' NZ     : 5.338e+04
 Factor NZ  : 2.304e+05 (roughly 30 MBytes of memory)
 Factor Ops : 3.800e+07 (less than 1 second per iteration)
 Threads    : 1

                  Objective                Residual
Iter       Primal          Dual         Primal    Dual     Compl     Time
   0  -2.68960796e+04 -4.54902717e+04  1.12e+02 0.00e+00  3.52e+00     0s
   1  -1.00636006e+04 -3.45237548e+04  2.63e+01 1.11e-15  8.70e-01     0s
   2  -5.32057286e+03 -1.67716545e+04  4.68e+00 1.11e-15  1.79e-01     0s
   3  -4.24754853e+03 -6.61430918e+03  8.27e-02 1.55e-15  2.26e-02     0s
   4  -4.32949939e+03 -5.00725935e+03  8.89e-03 8.24e-16  6.36e-03     0s
   5  -4.34767357e+03 -4.55755869e+03  4.30e-03 6.66e-16  1.97e-03     0s
   6  -4.35524970e+03 -4.44635519e+03  2.87e-03 6.66e-16  8.61e-04     0s
   7  -4.36081173e+03 -4.41331558e+03  1.89e-03 4.94e-16  4.97e-04     0s
   8  -4.36364448e+03 -4.39334464e+03  1.38e-03 5.44e-16  2.82e-04     0s
   9  -4.36617318e+03 -4.38318318e+03  9.34e-04 6.66e-16  1.62e-04     0s
  10  -4.36837193e+03 -4.37512542e+03  5.70e-04 5.95e-16  6.51e-05     0s
  11  -4.36933049e+03 -4.37239489e+03  3.97e-04 4.44e-16  3.01e-05     0s
  12  -4.37020295e+03 -4.37207771e+03  2.39e-04 6.66e-16  1.84e-05     0s
  13  -4.37074594e+03 -4.37188047e+03  1.41e-04 5.39e-16  1.11e-05     0s
  14  -4.37110111e+03 -4.37168538e+03  7.81e-05 4.44e-16  5.74e-06     1s
  15  -4.37130716e+03 -4.37161003e+03  4.25e-05 6.68e-16  2.99e-06     1s
  16  -4.37153448e+03 -4.37156744e+03  2.77e-06 6.84e-16  3.18e-07     1s
  17  -4.37155273e+03 -4.37156274e+03  1.47e-07 4.85e-16  9.38e-08     1s
  18  -4.37155391e+03 -4.37155880e+03  2.93e-08 4.44e-16  4.57e-08     1s
  19  -4.37155411e+03 -4.37155466e+03  8.11e-09 8.16e-16  5.11e-09     1s
  20  -4.37155422e+03 -4.37155422e+03  9.04e-12 7.33e-16  1.80e-11     1s

Barrier solved model in 20 iterations and 0.63 seconds
Optimal objective -4.37155422e+03


Root relaxation: objective -4.371554e+03, 40259 iterations, 0.71 seconds

    Nodes    |    Current Node    |     Objective Bounds      |     Work
 Expl Unexpl |  Obj  Depth IntInf | Incumbent    BestBd   Gap | It/Node Time

     0     0 -4371.5542    0  512    0.00000 -4371.5542      -     -    1s
H    0     0                    -4313.940800 -4371.5542  1.34%     -    1s

Explored 0 nodes (48213 simplex iterations) in 1.29 seconds
Thread count was 20 (of 20 available processors)

Solution count 2: -4313.94 0 
Pool objective bound -4371.55

Optimal solution found (tolerance 5.00e-02)
Best objective -4.313940800000e+03, best bound -4.371554222763e+03, gap 1.3355%
Changed value of parameter MIPGap to 0.05
   Prev: 0.0001  Min: 0.0  Max: 1e+100  Default: 0.0001
Changed value of parameter TimeLimit to 1800.0
   Prev: 1e+100  Min: 0.0  Max: 1e+100  Default: 1e+100
Changed value of parameter Method to 2
   Prev: -1  Min: -1  Max: 4  Default: -1
Changed value of parameter MIPFocus to 1
   Prev: 0  Min: 0  Max: 3  Default: 0
Optimize a model with 10206 rows, 53383 columns and 106766 nonzeros
Variable types: 0 continuous, 53383 integer (53383 binary)
Coefficient statistics:
  Matrix range     [1e+00, 2e+01]
  Objective range  [1e+00, 2e+00]
  Bounds range     [1e+00, 1e+00]
  RHS range        [8e+01, 8e+01]
Found heuristic solution: objective 0
Presolve time: 0.15s
Presolved: 10206 rows, 53383 columns, 106766 nonzeros
Variable types: 0 continuous, 53383 integer (53383 binary)
Presolved: 10206 rows, 53383 columns, 106766 nonzeros

Root barrier log...

Ordering time: 0.01s

Barrier statistics:
 AA' NZ     : 5.338e+04
 Factor NZ  : 2.304e+05 (roughly 30 MBytes of memory)
 Factor Ops : 3.800e+07 (less than 1 second per iteration)
 Threads    : 1

                  Objective                Residual
Iter       Primal          Dual         Primal    Dual     Compl     Time
   0  -2.74408409e+04 -4.56958745e+04  1.12e+02 0.00e+00  3.53e+00     0s
   1  -1.02693118e+04 -3.47121144e+04  2.64e+01 8.88e-16  8.75e-01     0s
   2  -5.42554997e+03 -1.69363413e+04  4.76e+00 1.22e-15  1.82e-01     0s
   3  -4.31023802e+03 -6.65317646e+03  7.54e-02 1.33e-15  2.24e-02     0s
   4  -4.39631581e+03 -5.04262189e+03  1.27e-02 9.49e-16  6.08e-03     0s
   5  -4.41455477e+03 -4.62139535e+03  6.13e-03 5.56e-16  1.95e-03     0s
   6  -4.42196017e+03 -4.51983138e+03  4.12e-03 6.66e-16  9.28e-04     0s
   7  -4.42788072e+03 -4.47837641e+03  2.67e-03 6.66e-16  4.81e-04     0s
   8  -4.43039086e+03 -4.46231781e+03  2.01e-03 4.99e-16  3.05e-04     0s
   9  -4.43247298e+03 -4.44687945e+03  1.47e-03 5.04e-16  1.40e-04     0s
  10  -4.43472179e+03 -4.44179301e+03  9.88e-04 5.02e-16  6.97e-05     0s
  11  -4.43606268e+03 -4.43959657e+03  6.24e-04 6.66e-16  3.53e-05     0s
  12  -4.43663916e+03 -4.43898970e+03  4.63e-04 4.53e-16  2.37e-05     0s
  13  -4.43718975e+03 -4.43861991e+03  3.10e-04 4.44e-16  1.45e-05     0s
  14  -4.43745400e+03 -4.43847639e+03  2.37e-04 5.13e-16  1.04e-05     1s
  15  -4.43803007e+03 -4.43838634e+03  7.84e-05 6.66e-16  3.62e-06     1s
  16  -4.43823873e+03 -4.43833636e+03  2.23e-05 5.74e-16  9.94e-07     1s
  17  -4.43832207e+03 -4.43832850e+03  4.37e-07 6.66e-16  6.17e-08     1s
  18  -4.43832436e+03 -4.43832469e+03  4.24e-08 6.66e-16  3.21e-09     1s
  19  -4.43832461e+03 -4.43832461e+03  3.40e-11 6.30e-16  4.21e-13     1s

Barrier solved model in 19 iterations and 0.61 seconds
Optimal objective -4.43832461e+03


Root relaxation: objective -4.438325e+03, 38910 iterations, 0.84 seconds

    Nodes    |    Current Node    |     Objective Bounds      |     Work
 Expl Unexpl |  Obj  Depth IntInf | Incumbent    BestBd   Gap | It/Node Time

     0     0 -4438.3246    0  386    0.00000 -4438.3246      -     -    1s
H    0     0                    -4390.743000 -4438.3246  1.08%     -    1s

Explored 0 nodes (52195 simplex iterations) in 1.44 seconds
Thread count was 20 (of 20 available processors)

Solution count 2: -4390.74 0 
Pool objective bound -4438.32

Optimal solution found (tolerance 5.00e-02)
Best objective -4.390743000000e+03, best bound -4.438324610460e+03, gap 1.0837%
Changed value of parameter MIPGap to 0.05
   Prev: 0.0001  Min: 0.0  Max: 1e+100  Default: 0.0001
Changed value of parameter TimeLimit to 1800.0
   Prev: 1e+100  Min: 0.0  Max: 1e+100  Default: 1e+100
Changed value of parameter Method to 2
   Prev: -1  Min: -1  Max: 4  Default: -1
Changed value of parameter MIPFocus to 1
   Prev: 0  Min: 0  Max: 3  Default: 0
Optimize a model with 10206 rows, 53383 columns and 106766 nonzeros
Variable types: 0 continuous, 53383 integer (53383 binary)
Coefficient statistics:
  Matrix range     [1e+00, 2e+01]
  Objective range  [1e+00, 2e+00]
  Bounds range     [1e+00, 1e+00]
  RHS range        [8e+01, 8e+01]
Found heuristic solution: objective 0
Presolve time: 0.14s
Presolved: 10206 rows, 53383 columns, 106766 nonzeros
Variable types: 0 continuous, 53383 integer (53383 binary)
Presolved: 10206 rows, 53383 columns, 106766 nonzeros

Root barrier log...

Ordering time: 0.01s

Barrier statistics:
 AA' NZ     : 5.338e+04
 Factor NZ  : 2.304e+05 (roughly 30 MBytes of memory)
 Factor Ops : 3.800e+07 (less than 1 second per iteration)
 Threads    : 1

                  Objective                Residual
Iter       Primal          Dual         Primal    Dual     Compl     Time
   0  -3.01648032e+04 -4.77220409e+04  1.12e+02 0.00e+00  3.66e+00     0s
   1  -1.10805861e+04 -3.63650760e+04  2.58e+01 8.88e-16  8.95e-01     0s
   2  -5.87779927e+03 -1.78894809e+04  4.83e+00 1.22e-15  1.91e-01     0s
   3  -4.64029178e+03 -7.12946978e+03  7.62e-02 1.11e-15  2.38e-02     0s
   4  -4.71807075e+03 -5.41522679e+03  1.62e-02 8.88e-16  6.58e-03     0s
   5  -4.74054568e+03 -4.97265459e+03  8.80e-03 6.66e-16  2.20e-03     0s
   6  -4.75053339e+03 -4.86292971e+03  6.08e-03 7.05e-16  1.07e-03     0s
   7  -4.75793875e+03 -4.81894370e+03  4.24e-03 7.36e-16  5.86e-04     0s
   8  -4.76178194e+03 -4.80151354e+03  3.19e-03 7.08e-16  3.83e-04     0s
   9  -4.76503999e+03 -4.78486716e+03  2.44e-03 7.03e-16  1.95e-04     0s
  10  -4.76864588e+03 -4.77798609e+03  1.51e-03 6.75e-16  9.31e-05     0s
  11  -4.77065392e+03 -4.77617879e+03  9.66e-04 6.66e-16  5.53e-05     0s
  12  -4.77121721e+03 -4.77519133e+03  7.98e-04 6.87e-16  4.02e-05     0s
  13  -4.77204815e+03 -4.77474247e+03  5.50e-04 6.66e-16  2.73e-05     0s
  14  -4.77247262e+03 -4.77434376e+03  4.24e-04 5.87e-16  1.91e-05     1s
  15  -4.77344568e+03 -4.77414064e+03  1.37e-04 6.66e-16  7.02e-06     1s
  16  -4.77374487e+03 -4.77401410e+03  4.98e-05 6.66e-16  2.71e-06     1s
  17  -4.77379679e+03 -4.77396140e+03  3.67e-05 6.12e-16  1.68e-06     1s
  18  -4.77384395e+03 -4.77393410e+03  2.25e-05 8.88e-16  9.29e-07     1s
  19  -4.77385879e+03 -4.77392499e+03  1.80e-05 8.88e-16  6.88e-07     1s
  20  -4.77386993e+03 -4.77392314e+03  1.46e-05 6.66e-16  5.54e-07     1s
  21  -4.77391775e+03 -4.77392240e+03  1.96e-07 8.14e-16  4.41e-08     1s
  22  -4.77391868e+03 -4.77391868e+03  6.59e-11 6.66e-16  5.18e-11     1s

Barrier solved model in 22 iterations and 0.67 seconds
Optimal objective -4.77391868e+03


Root relaxation: objective -4.773919e+03, 40435 iterations, 0.93 seconds

    Nodes    |    Current Node    |     Objective Bounds      |     Work
 Expl Unexpl |  Obj  Depth IntInf | Incumbent    BestBd   Gap | It/Node Time

     0     0 -4773.9187    0  586    0.00000 -4773.9187      -     -    1s
H    0     0                    -4695.928000 -4773.9187  1.66%     -    1s

Explored 0 nodes (47136 simplex iterations) in 1.48 seconds
Thread count was 20 (of 20 available processors)

Solution count 2: -4695.93 0 
Pool objective bound -4773.92

Optimal solution found (tolerance 5.00e-02)
Best objective -4.695928000000e+03, best bound -4.773918676696e+03, gap 1.6608%
Changed value of parameter MIPGap to 0.05
   Prev: 0.0001  Min: 0.0  Max: 1e+100  Default: 0.0001
Changed value of parameter TimeLimit to 1800.0
   Prev: 1e+100  Min: 0.0  Max: 1e+100  Default: 1e+100
Changed value of parameter Method to 2
   Prev: -1  Min: -1  Max: 4  Default: -1
Changed value of parameter MIPFocus to 1
   Prev: 0  Min: 0  Max: 3  Default: 0
Optimize a model with 10206 rows, 53383 columns and 106766 nonzeros
Variable types: 0 continuous, 53383 integer (53383 binary)
Coefficient statistics:
  Matrix range     [1e+00, 2e+01]
  Objective range  [1e+00, 3e+00]
  Bounds range     [1e+00, 1e+00]
  RHS range        [8e+01, 8e+01]
Found heuristic solution: objective 0
Presolve time: 0.14s
Presolved: 10206 rows, 53383 columns, 106766 nonzeros
Variable types: 0 continuous, 53383 integer (53383 binary)
Presolved: 10206 rows, 53383 columns, 106766 nonzeros

Root barrier log...

Ordering time: 0.01s

Barrier statistics:
 AA' NZ     : 5.338e+04
 Factor NZ  : 2.304e+05 (roughly 30 MBytes of memory)
 Factor Ops : 3.800e+07 (less than 1 second per iteration)
 Threads    : 1

                  Objective                Residual
Iter       Primal          Dual         Primal    Dual     Compl     Time
   0  -3.56183125e+04 -7.39168949e+04  1.12e+02 0.00e+00  5.86e+00     0s
   1  -1.28579022e+04 -5.54727321e+04  2.59e+01 1.55e-15  1.43e+00     0s
   2  -6.45171584e+03 -2.60463994e+04  3.92e+00 1.33e-15  2.80e-01     0s
   3  -5.25597674e+03 -9.10484899e+03  1.41e-03 1.78e-15  3.59e-02     0s
   4  -5.37104256e+03 -6.22619540e+03  1.83e-04 1.32e-15  7.97e-03     0s
   5  -5.39090908e+03 -5.70494358e+03  1.28e-04 8.88e-16  2.93e-03     0s
   6  -5.41266074e+03 -5.58650831e+03  7.11e-05 8.88e-16  1.62e-03     0s
   7  -5.42326757e+03 -5.51527381e+03  4.80e-05 8.88e-16  8.58e-04     0s
   8  -5.42906881e+03 -5.48605180e+03  3.67e-05 8.88e-16  5.32e-04     0s
   9  -5.43413052e+03 -5.46823548e+03  2.79e-05 8.88e-16  3.18e-04     0s
  10  -5.44246172e+03 -5.46032833e+03  1.60e-05 8.88e-16  1.67e-04     0s
  11  -5.44416915e+03 -5.45733022e+03  1.33e-05 8.88e-16  1.23e-04     0s
  12  -5.44718952e+03 -5.45589118e+03  8.78e-06 8.88e-16  8.13e-05     0s
  13  -5.44807996e+03 -5.45507048e+03  7.50e-06 8.88e-16  6.53e-05     0s
  14  -5.44988199e+03 -5.45468506e+03  4.77e-06 9.12e-16  4.49e-05     1s
  15  -5.45142860e+03 -5.45435176e+03  2.49e-06 8.88e-16  2.73e-05     1s
  16  -5.45276403e+03 -5.45417762e+03  1.06e-06 8.88e-16  1.32e-05     1s
  17  -5.45346267e+03 -5.45413545e+03  4.16e-07 8.88e-16  6.28e-06     1s
  18  -5.45353817e+03 -5.45412214e+03  3.64e-07 7.16e-16  5.45e-06     1s
  19  -5.45369671e+03 -5.45409299e+03  2.55e-07 8.88e-16  3.70e-06     1s
  20  -5.45394185e+03 -5.45407948e+03  8.52e-08 8.88e-16  1.29e-06     1s
  21  -5.45406690e+03 -5.45406788e+03  4.60e-10 8.88e-16  9.19e-09     1s
  22  -5.45406770e+03 -5.45406771e+03  1.40e-11 8.88e-16  1.17e-10     1s

Barrier solved model in 22 iterations and 0.66 seconds
Optimal objective -5.45406770e+03


Root relaxation: objective -5.454068e+03, 40185 iterations, 0.86 seconds

    Nodes    |    Current Node    |     Objective Bounds      |     Work
 Expl Unexpl |  Obj  Depth IntInf | Incumbent    BestBd   Gap | It/Node Time

     0     0 -5454.0677    0  570    0.00000 -5454.0677      -     -    1s
H    0     0                    -5365.864000 -5454.0677  1.64%     -    1s

Explored 0 nodes (52243 simplex iterations) in 1.41 seconds
Thread count was 20 (of 20 available processors)

Solution count 2: -5365.86 0 
Pool objective bound -5454.07

Optimal solution found (tolerance 5.00e-02)
Best objective -5.365864000000e+03, best bound -5.454067703822e+03, gap 1.6438%
Changed value of parameter MIPGap to 0.05
   Prev: 0.0001  Min: 0.0  Max: 1e+100  Default: 0.0001
Changed value of parameter TimeLimit to 1800.0
   Prev: 1e+100  Min: 0.0  Max: 1e+100  Default: 1e+100
Changed value of parameter Method to 2
   Prev: -1  Min: -1  Max: 4  Default: -1
Changed value of parameter MIPFocus to 1
   Prev: 0  Min: 0  Max: 3  Default: 0
Optimize a model with 10206 rows, 53383 columns and 106766 nonzeros
Variable types: 0 continuous, 53383 integer (53383 binary)
Coefficient statistics:
  Matrix range     [1e+00, 2e+01]
  Objective range  [1e+00, 5e+00]
  Bounds range     [1e+00, 1e+00]
  RHS range        [8e+01, 8e+01]
Found heuristic solution: objective 0
Presolve time: 0.14s
Presolved: 10206 rows, 53383 columns, 106766 nonzeros
Variable types: 0 continuous, 53383 integer (53383 binary)
Presolved: 10206 rows, 53383 columns, 106766 nonzeros

Root barrier log...

Ordering time: 0.01s

Barrier statistics:
 AA' NZ     : 5.338e+04
 Factor NZ  : 2.304e+05 (roughly 30 MBytes of memory)
 Factor Ops : 3.800e+07 (less than 1 second per iteration)
 Threads    : 1

                  Objective                Residual
Iter       Primal          Dual         Primal    Dual     Compl     Time
   0  -4.65239404e+04 -1.35311543e+05  1.12e+02 2.22e-16  1.10e+01     0s
   1  -1.59298536e+04 -1.00439384e+05  2.45e+01 2.66e-15  2.59e+00     0s
   2  -7.79111312e+03 -4.50711849e+04  3.15e+00 2.66e-15  4.89e-01     0s
   3  -6.57154438e+03 -1.53408403e+04  4.01e-03 1.83e-15  8.19e-02     0s
   4  -6.68499937e+03 -8.34425644e+03  6.98e-04 2.66e-15  1.55e-02     0s
   5  -6.73053103e+03 -7.49655037e+03  4.13e-04 1.78e-15  7.15e-03     0s
   6  -6.77285286e+03 -7.04010510e+03  2.08e-04 1.33e-15  2.49e-03     0s
   7  -6.78977551e+03 -6.94417482e+03  1.50e-04 1.78e-15  1.44e-03     0s
   8  -6.80342894e+03 -6.89061905e+03  1.05e-04 1.33e-15  8.14e-04     0s
   9  -6.81052077e+03 -6.86931131e+03  8.27e-05 1.78e-15  5.49e-04     0s
  10  -6.81575899e+03 -6.85900005e+03  6.49e-05 1.78e-15  4.04e-04     0s
  11  -6.82003974e+03 -6.85163027e+03  5.08e-05 8.88e-16  2.95e-04     0s
  12  -6.82362200e+03 -6.84748799e+03  3.93e-05 9.55e-16  2.23e-04     0s
  13  -6.82650071e+03 -6.84347222e+03  3.02e-05 9.96e-16  1.59e-04     0s
  14  -6.82886540e+03 -6.84034661e+03  2.33e-05 1.78e-15  1.07e-04     1s
  15  -6.83104534e+03 -6.83885974e+03  1.68e-05 8.88e-16  7.31e-05     1s
  16  -6.83295603e+03 -6.83798558e+03  1.16e-05 1.78e-15  4.71e-05     1s
  17  -6.83432114e+03 -6.83741138e+03  7.67e-06 8.88e-16  2.89e-05     1s
  18  -6.83533240e+03 -6.83712849e+03  4.60e-06 1.78e-15  1.68e-05     1s
  19  -6.83583358e+03 -6.83703686e+03  3.12e-06 1.78e-15  1.13e-05     1s
  20  -6.83592323e+03 -6.83702063e+03  2.85e-06 1.03e-15  1.03e-05     1s
  21  -6.83621178e+03 -6.83696938e+03  2.00e-06 1.78e-15  7.10e-06     1s
  22  -6.83640872e+03 -6.83691509e+03  1.40e-06 1.78e-15  4.75e-06     1s
  23  -6.83688908e+03 -6.83690009e+03  1.64e-09 1.78e-15  1.03e-07     1s
  24  -6.83689079e+03 -6.83689176e+03  2.36e-13 1.78e-15  8.99e-09     1s
  25  -6.83689082e+03 -6.83689093e+03  1.93e-13 1.78e-15  1.07e-09     1s
  26  -6.83689086e+03 -6.83689087e+03  3.09e-12 1.78e-15  1.46e-11     1s

Barrier solved model in 26 iterations and 0.74 seconds
Optimal objective -6.83689086e+03


Root relaxation: objective -6.836891e+03, 39905 iterations, 0.76 seconds

    Nodes    |    Current Node    |     Objective Bounds      |     Work
 Expl Unexpl |  Obj  Depth IntInf | Incumbent    BestBd   Gap | It/Node Time

     0     0 -6836.8909    0  611    0.00000 -6836.8909      -     -    1s
H    0     0                    -6704.888000 -6836.8909  1.97%     -    1s

Explored 0 nodes (52087 simplex iterations) in 1.36 seconds
Thread count was 20 (of 20 available processors)

Solution count 2: -6704.89 0 
Pool objective bound -6836.89

Optimal solution found (tolerance 5.00e-02)
Best objective -6.704888000000e+03, best bound -6.836890864859e+03, gap 1.9688%
Changed value of parameter MIPGap to 0.05
   Prev: 0.0001  Min: 0.0  Max: 1e+100  Default: 0.0001
Changed value of parameter TimeLimit to 1800.0
   Prev: 1e+100  Min: 0.0  Max: 1e+100  Default: 1e+100
Changed value of parameter Method to 2
   Prev: -1  Min: -1  Max: 4  Default: -1
Changed value of parameter MIPFocus to 1
   Prev: 0  Min: 0  Max: 3  Default: 0
Optimize a model with 10206 rows, 53383 columns and 106766 nonzeros
Variable types: 0 continuous, 53383 integer (53383 binary)
Coefficient statistics:
  Matrix range     [1e+00, 2e+01]
  Objective range  [1e+00, 6e+00]
  Bounds range     [1e+00, 1e+00]
  RHS range        [8e+01, 8e+01]
Found heuristic solution: objective 0
Presolve time: 0.14s
Presolved: 10206 rows, 53383 columns, 106766 nonzeros
Variable types: 0 continuous, 53383 integer (53383 binary)
Presolved: 10206 rows, 53383 columns, 106766 nonzeros

Root barrier log...

Ordering time: 0.01s

Barrier statistics:
 AA' NZ     : 5.338e+04
 Factor NZ  : 2.304e+05 (roughly 30 MBytes of memory)
 Factor Ops : 3.800e+07 (less than 1 second per iteration)
 Threads    : 1

                  Objective                Residual
Iter       Primal          Dual         Primal    Dual     Compl     Time
   0  -5.19762481e+04 -1.66440002e+05  1.12e+02 6.66e-16  1.37e+01     0s
   1  -1.73792328e+04 -1.23292634e+05  2.37e+01 2.66e-15  3.14e+00     0s
   2  -8.50232450e+03 -5.42255771e+04  2.94e+00 2.89e-15  5.87e-01     0s
   3  -7.25008095e+03 -2.14076976e+04  1.47e-02 2.11e-15  1.32e-01     0s
   4  -7.36711751e+03 -9.72983959e+03  2.19e-03 2.01e-15  2.21e-02     0s
   5  -7.44352141e+03 -8.39536625e+03  5.74e-04 1.78e-15  8.88e-03     0s
   6  -7.49470391e+03 -7.82448499e+03  1.37e-04 1.78e-15  3.08e-03     0s
   7  -7.50450955e+03 -7.65110543e+03  8.82e-05 1.78e-15  1.37e-03     0s
   8  -7.51181915e+03 -7.59778606e+03  5.92e-05 1.78e-15  8.02e-04     0s
   9  -7.51727497e+03 -7.56549356e+03  3.92e-05 1.78e-15  4.50e-04     0s
  10  -7.52059538e+03 -7.55021812e+03  2.80e-05 8.88e-16  2.77e-04     0s
  11  -7.52279963e+03 -7.54239698e+03  2.11e-05 1.78e-15  1.83e-04     0s
  12  -7.52514118e+03 -7.53670234e+03  1.35e-05 1.78e-15  1.08e-04     0s
  13  -7.52675161e+03 -7.53370454e+03  8.43e-06 1.78e-15  6.49e-05     1s
  14  -7.52809531e+03 -7.53109325e+03  4.50e-06 1.78e-15  2.80e-05     1s
  15  -7.52868966e+03 -7.53042245e+03  2.77e-06 1.78e-15  1.62e-05     1s
  16  -7.52901297e+03 -7.52998378e+03  1.97e-06 1.78e-15  9.08e-06     1s
  17  -7.52961903e+03 -7.52981015e+03  3.20e-07 1.78e-15  1.79e-06     1s
  18  -7.52976641e+03 -7.52977459e+03  4.91e-09 1.78e-15  7.64e-08     1s
  19  -7.52977156e+03 -7.52977170e+03  8.16e-11 1.78e-15  1.30e-09     1s
  20  -7.52977165e+03 -7.52977165e+03  7.06e-12 1.78e-15  1.03e-14     1s

Barrier solved model in 20 iterations and 0.65 seconds
Optimal objective -7.52977165e+03


Root relaxation: objective -7.529772e+03, 37206 iterations, 0.72 seconds

    Nodes    |    Current Node    |     Objective Bounds      |     Work
 Expl Unexpl |  Obj  Depth IntInf | Incumbent    BestBd   Gap | It/Node Time

     0     0 -7529.7717    0  599    0.00000 -7529.7717      -     -    1s
H    0     0                    -7352.800000 -7529.7717  2.41%     -    1s

Explored 0 nodes (46638 simplex iterations) in 1.32 seconds
Thread count was 20 (of 20 available processors)

Solution count 2: -7352.8 0 
Pool objective bound -7529.77

Optimal solution found (tolerance 5.00e-02)
Best objective -7.352800000000e+03, best bound -7.529770000000e+03, gap 2.4068%
Changed value of parameter MIPGap to 0.05
   Prev: 0.0001  Min: 0.0  Max: 1e+100  Default: 0.0001
Changed value of parameter TimeLimit to 1800.0
   Prev: 1e+100  Min: 0.0  Max: 1e+100  Default: 1e+100
Changed value of parameter Method to 2
   Prev: -1  Min: -1  Max: 4  Default: -1
Changed value of parameter MIPFocus to 1
   Prev: 0  Min: 0  Max: 3  Default: 0
Optimize a model with 10206 rows, 53383 columns and 106766 nonzeros
Variable types: 0 continuous, 53383 integer (53383 binary)
Coefficient statistics:
  Matrix range     [1e+00, 2e+01]
  Objective range  [1e+00, 1e+01]
  Bounds range     [1e+00, 1e+00]
  RHS range        [8e+01, 8e+01]
Found heuristic solution: objective 0
Presolve time: 0.14s
Presolved: 10206 rows, 53383 columns, 106766 nonzeros
Variable types: 0 continuous, 53383 integer (53383 binary)
Presolved: 10206 rows, 53383 columns, 106766 nonzeros

Root barrier log...

Ordering time: 0.01s

Barrier statistics:
 AA' NZ     : 5.338e+04
 Factor NZ  : 2.304e+05 (roughly 30 MBytes of memory)
 Factor Ops : 3.800e+07 (less than 1 second per iteration)
 Threads    : 1

                  Objective                Residual
Iter       Primal          Dual         Primal    Dual     Compl     Time
   0  -7.92366259e+04 -3.24109620e+05  1.12e+02 1.33e-15  2.69e+01     0s
   1  -2.54466305e+04 -2.39078662e+05  2.29e+01 6.22e-15  6.04e+00     0s
   2  -1.22764004e+04 -8.95356692e+04  2.57e+00 7.11e-15  9.74e-01     0s
   3  -1.06969623e+04 -4.17155066e+04  1.22e-02 5.33e-15  2.90e-01     0s
   4  -1.08150253e+04 -1.85077176e+04  3.32e-03 3.55e-15  7.18e-02     0s
   5  -1.08495146e+04 -1.29842553e+04  2.28e-03 3.55e-15  1.99e-02     0s
   6  -1.09401054e+04 -1.18693919e+04  5.37e-04 3.55e-15  8.68e-03     0s
   7  -1.09831364e+04 -1.14274872e+04  2.21e-04 3.55e-15  4.15e-03     0s
   8  -1.09934782e+04 -1.12227479e+04  1.68e-04 3.55e-15  2.14e-03     0s
   9  -1.10075986e+04 -1.11392188e+04  1.04e-04 3.55e-15  1.23e-03     0s
  10  -1.10148326e+04 -1.10912351e+04  7.46e-05 3.55e-15  7.14e-04     0s
  11  -1.10199226e+04 -1.10665312e+04  5.43e-05 3.55e-15  4.36e-04     0s
  12  -1.10232670e+04 -1.10537182e+04  4.14e-05 3.55e-15  2.85e-04     0s
  13  -1.10250234e+04 -1.10468443e+04  3.52e-05 1.78e-15  2.04e-04     0s
  14  -1.10269001e+04 -1.10425114e+04  2.83e-05 3.55e-15  1.46e-04     1s
  15  -1.10293631e+04 -1.10390964e+04  2.05e-05 3.55e-15  9.11e-05     1s
  16  -1.10309871e+04 -1.10373842e+04  1.48e-05 1.85e-15  5.99e-05     1s
  17  -1.10320165e+04 -1.10361575e+04  1.09e-05 1.78e-15  3.88e-05     1s
  18  -1.10324347e+04 -1.10358606e+04  9.33e-06 3.55e-15  3.21e-05     1s
  19  -1.10332483e+04 -1.10355204e+04  6.30e-06 3.55e-15  2.13e-05     1s
  20  -1.10336487e+04 -1.10352587e+04  4.78e-06 3.55e-15  1.51e-05     1s
  21  -1.10340796e+04 -1.10350707e+04  3.31e-06 1.78e-15  9.30e-06     1s
  22  -1.10346903e+04 -1.10349981e+04  9.30e-07 3.55e-15  2.89e-06     1s
  23  -1.10348579e+04 -1.10349607e+04  3.18e-07 3.55e-15  9.64e-07     1s
  24  -1.10348985e+04 -1.10349544e+04  1.72e-07 3.55e-15  5.25e-07     1s
  25  -1.10349463e+04 -1.10349489e+04  5.89e-09 3.55e-15  2.45e-08     1s
  26  -1.10349481e+04 -1.10349481e+04  3.76e-12 3.55e-15  1.22e-11     1s

Barrier solved model in 26 iterations and 0.74 seconds
Optimal objective -1.10349481e+04


Root relaxation: objective -1.103495e+04, 38247 iterations, 0.74 seconds

    Nodes    |    Current Node    |     Objective Bounds      |     Work
 Expl Unexpl |  Obj  Depth IntInf | Incumbent    BestBd   Gap | It/Node Time

     0     0 -11034.948    0  415    0.00000 -11034.948      -     -    1s
H    0     0                    -10893.02000 -11034.948  1.30%     -    1s

Explored 0 nodes (56875 simplex iterations) in 1.41 seconds
Thread count was 20 (of 20 available processors)

Solution count 2: -10893 0 
Pool objective bound -11034.9

Optimal solution found (tolerance 5.00e-02)
Best objective -1.089302000000e+04, best bound -1.103494000000e+04, gap 1.3029%
Changed value of parameter MIPGap to 0.05
   Prev: 0.0001  Min: 0.0  Max: 1e+100  Default: 0.0001
Changed value of parameter TimeLimit to 1800.0
   Prev: 1e+100  Min: 0.0  Max: 1e+100  Default: 1e+100
Changed value of parameter Method to 2
   Prev: -1  Min: -1  Max: 4  Default: -1
Changed value of parameter MIPFocus to 1
   Prev: 0  Min: 0  Max: 3  Default: 0
Optimize a model with 10206 rows, 53383 columns and 106766 nonzeros
Variable types: 0 continuous, 53383 integer (53383 binary)
Coefficient statistics:
  Matrix range     [1e+00, 2e+01]
  Objective range  [1e+00, 2e+01]
  Bounds range     [1e+00, 1e+00]
  RHS range        [8e+01, 8e+01]
Found heuristic solution: objective 0
Presolve time: 0.14s
Presolved: 10206 rows, 53383 columns, 106766 nonzeros
Variable types: 0 continuous, 53383 integer (53383 binary)
Presolved: 10206 rows, 53383 columns, 106766 nonzeros

Root barrier log...

Ordering time: 0.01s

Barrier statistics:
 AA' NZ     : 5.338e+04
 Factor NZ  : 2.304e+05 (roughly 30 MBytes of memory)
 Factor Ops : 3.800e+07 (less than 1 second per iteration)
 Threads    : 1

                  Objective                Residual
Iter       Primal          Dual         Primal    Dual     Compl     Time
   0  -1.33755986e+05 -6.39448858e+05  1.12e+02 2.66e-15  5.35e+01     0s
   1  -4.22675499e+04 -4.70691628e+05  2.27e+01 1.24e-14  1.20e+01     0s
   2  -2.01941032e+04 -1.73853394e+05  2.54e+00 1.07e-14  1.93e+00     0s
   3  -1.78945480e+04 -9.14527218e+04  2.44e-01 8.88e-15  7.13e-01     0s
   4  -1.79341358e+04 -3.69787772e+04  4.54e-02 7.11e-15  1.79e-01     0s
   5  -1.80056852e+04 -2.52448717e+04  3.42e-02 5.02e-15  6.83e-02     0s
   6  -1.81885761e+04 -2.23646878e+04  1.52e-02 4.37e-15  3.92e-02     0s
   7  -1.83244942e+04 -2.08078275e+04  8.44e-03 7.11e-15  2.33e-02     0s
   8  -1.83869682e+04 -2.00655987e+04  7.08e-03 3.55e-15  1.58e-02     0s
   9  -1.84687529e+04 -1.96964876e+04  5.48e-03 3.55e-15  1.15e-02     0s
  10  -1.85361045e+04 -1.93770004e+04  4.19e-03 7.11e-15  7.91e-03     0s
  11  -1.85897019e+04 -1.92103798e+04  3.27e-03 3.90e-15  5.84e-03     0s
  12  -1.86205786e+04 -1.90666741e+04  2.73e-03 3.55e-15  4.20e-03     0s
  13  -1.86600283e+04 -1.89727325e+04  2.06e-03 3.55e-15  2.95e-03     0s
  14  -1.86827742e+04 -1.89171851e+04  1.68e-03 7.11e-15  2.21e-03     1s
  15  -1.87085882e+04 -1.88800173e+04  1.28e-03 3.55e-15  1.62e-03     1s
  16  -1.87281595e+04 -1.88329764e+04  9.69e-04 3.55e-15  9.92e-04     1s
  17  -1.87391624e+04 -1.88174088e+04  8.07e-04 7.11e-15  7.42e-04     1s
  18  -1.87469536e+04 -1.88087744e+04  6.76e-04 3.55e-15  5.87e-04     1s
  19  -1.87531844e+04 -1.88024138e+04  5.72e-04 3.55e-15  4.68e-04     1s
  20  -1.87610650e+04 -1.87982397e+04  4.40e-04 4.19e-15  3.53e-04     1s
  21  -1.87656052e+04 -1.87949761e+04  3.73e-04 7.11e-15  2.80e-04     1s
  22  -1.87741058e+04 -1.87913435e+04  2.55e-04 7.11e-15  1.65e-04     1s
  23  -1.87788867e+04 -1.87902868e+04  1.81e-04 7.11e-15  1.09e-04     1s
  24  -1.87813025e+04 -1.87892728e+04  1.33e-04 3.55e-15  7.63e-05     1s
  25  -1.87825599e+04 -1.87889380e+04  1.08e-04 3.55e-15  6.11e-05     1s
  26  -1.87839417e+04 -1.87885607e+04  8.13e-05 3.55e-15  4.43e-05     1s
  27  -1.87852485e+04 -1.87883783e+04  5.69e-05 3.55e-15  3.00e-05     1s
  28  -1.87869756e+04 -1.87882534e+04  2.26e-05 7.11e-15  1.22e-05     1s
  29  -1.87873128e+04 -1.87881731e+04  1.64e-05 7.11e-15  8.26e-06     1s
  30  -1.87879298e+04 -1.87881638e+04  3.96e-06 7.11e-15  2.24e-06     1s
  31  -1.87880019e+04 -1.87881453e+04  2.55e-06 7.11e-15  1.37e-06     1s
  32  -1.87881093e+04 -1.87881368e+04  4.79e-07 7.11e-15  2.63e-07     1s
  33  -1.87881353e+04 -1.87881354e+04  5.94e-14 7.11e-15  2.64e-10     1s

Barrier solved model in 33 iterations and 0.89 seconds
Optimal objective -1.87881353e+04


Root relaxation: objective -1.878814e+04, 30033 iterations, 0.86 seconds

    Nodes    |    Current Node    |     Objective Bounds      |     Work
 Expl Unexpl |  Obj  Depth IntInf | Incumbent    BestBd   Gap | It/Node Time

     0     0 -18788.135    0  650    0.00000 -18788.135      -     -    1s
H    0     0                    -18490.28000 -18788.135  1.61%     -    1s

Explored 0 nodes (42004 simplex iterations) in 1.43 seconds
Thread count was 20 (of 20 available processors)

Solution count 2: -18490.3 0 
Pool objective bound -18788.1

Optimal solution found (tolerance 5.00e-02)
Best objective -1.849028000000e+04, best bound -1.878812000000e+04, gap 1.6108%
Changed value of parameter MIPGap to 0.05
   Prev: 0.0001  Min: 0.0  Max: 1e+100  Default: 0.0001
Changed value of parameter TimeLimit to 1800.0
   Prev: 1e+100  Min: 0.0  Max: 1e+100  Default: 1e+100
Changed value of parameter Method to 2
   Prev: -1  Min: -1  Max: 4  Default: -1
Changed value of parameter MIPFocus to 1
   Prev: 0  Min: 0  Max: 3  Default: 0
Optimize a model with 10206 rows, 53383 columns and 106766 nonzeros
Variable types: 0 continuous, 53383 integer (53383 binary)
Coefficient statistics:
  Matrix range     [1e+00, 2e+01]
  Objective range  [1e+00, 4e+01]
  Bounds range     [1e+00, 1e+00]
  RHS range        [8e+01, 8e+01]
Found heuristic solution: objective 0
Presolve time: 0.14s
Presolved: 10206 rows, 53383 columns, 106766 nonzeros
Variable types: 0 continuous, 53383 integer (53383 binary)
Presolved: 10206 rows, 53383 columns, 106766 nonzeros

Root barrier log...

Ordering time: 0.01s

Barrier statistics:
 AA' NZ     : 5.338e+04
 Factor NZ  : 2.304e+05 (roughly 30 MBytes of memory)
 Factor Ops : 3.800e+07 (less than 1 second per iteration)
 Threads    : 1

                  Objective                Residual
Iter       Primal          Dual         Primal    Dual     Compl     Time
   0  -2.42793993e+05 -1.27012733e+06  1.12e+02 5.33e-15  1.07e+02     0s
   1  -7.59978182e+04 -9.33950493e+05  2.26e+01 2.49e-14  2.38e+01     0s
   2  -3.60220410e+04 -3.42447470e+05  2.50e+00 2.31e-14  3.82e+00     0s
   3  -3.16179726e+04 -1.67881851e+05  4.34e-03 2.00e-14  1.27e+00     0s
   4  -3.22923045e+04 -5.60384221e+04  3.28e-04 1.42e-14  2.22e-01     0s
   5  -3.28402131e+04 -4.36777919e+04  1.79e-04 1.12e-14  1.01e-01     0s
   6  -3.31056834e+04 -4.07843804e+04  1.48e-04 1.42e-14  7.16e-02     0s
   7  -3.33866081e+04 -3.90951823e+04  1.14e-04 1.42e-14  5.32e-02     0s
   8  -3.36083985e+04 -3.80719475e+04  9.29e-05 8.41e-15  4.16e-02     0s
   9  -3.38065932e+04 -3.73315601e+04  7.60e-05 7.58e-15  3.29e-02     0s
  10  -3.39695533e+04 -3.66659480e+04  6.41e-05 7.77e-15  2.52e-02     0s
  11  -3.41134874e+04 -3.61700969e+04  5.37e-05 7.11e-15  1.92e-02     0s
  12  -3.42013255e+04 -3.59035561e+04  4.74e-05 7.11e-15  1.59e-02     0s
  13  -3.42953109e+04 -3.55876554e+04  4.06e-05 1.42e-14  1.21e-02     0s
  14  -3.44823243e+04 -3.53737183e+04  2.79e-05 1.42e-14  8.32e-03     1s
  15  -3.45368394e+04 -3.52359874e+04  2.42e-05 1.42e-14  6.52e-03     1s
  16  -3.46169988e+04 -3.51274993e+04  1.94e-05 7.11e-15  4.76e-03     1s
  17  -3.46828127e+04 -3.50392692e+04  1.53e-05 1.42e-14  3.33e-03     1s
  18  -3.47132201e+04 -3.49982755e+04  1.33e-05 7.11e-15  2.66e-03     1s
  19  -3.47427775e+04 -3.49731645e+04  1.12e-05 7.11e-15  2.15e-03     1s
  20  -3.47669003e+04 -3.49568507e+04  9.48e-06 7.11e-15  1.77e-03     1s
  21  -3.47877787e+04 -3.49358551e+04  8.00e-06 7.11e-15  1.38e-03     1s
  22  -3.48141872e+04 -3.49268358e+04  6.26e-06 1.42e-14  1.05e-03     1s
  23  -3.48453896e+04 -3.49174777e+04  4.27e-06 7.11e-15  6.73e-04     1s
  24  -3.48595748e+04 -3.49097297e+04  3.34e-06 7.11e-15  4.68e-04     1s
  25  -3.48682924e+04 -3.49083891e+04  2.63e-06 1.42e-14  3.74e-04     1s
  26  -3.48717713e+04 -3.49059229e+04  2.33e-06 7.11e-15  3.19e-04     1s
  27  -3.48781109e+04 -3.49043542e+04  1.82e-06 7.11e-15  2.45e-04     1s
  28  -3.48856043e+04 -3.49033672e+04  1.25e-06 1.42e-14  1.66e-04     1s
  29  -3.48914500e+04 -3.49021857e+04  7.80e-07 7.11e-15  1.00e-04     1s
  30  -3.48956460e+04 -3.49016409e+04  4.38e-07 1.42e-14  5.60e-05     1s
  31  -3.48966327e+04 -3.49014892e+04  3.57e-07 7.11e-15  4.53e-05     1s
  32  -3.48983097e+04 -3.49013193e+04  2.22e-07 7.11e-15  2.81e-05     1s
  33  -3.48990365e+04 -3.49012379e+04  1.64e-07 1.42e-14  2.06e-05     1s
  34  -3.49010831e+04 -3.49011280e+04  1.63e-09 7.11e-15  4.19e-07     1s
  35  -3.49011081e+04 -3.49011082e+04  1.29e-12 1.42e-14  1.49e-09     1s

Barrier solved model in 35 iterations and 0.92 seconds
Optimal objective -3.49011081e+04


Root relaxation: objective -3.490111e+04, 28207 iterations, 0.88 seconds

    Nodes    |    Current Node    |     Objective Bounds      |     Work
 Expl Unexpl |  Obj  Depth IntInf | Incumbent    BestBd   Gap | It/Node Time

     0     0 -34901.108    0  607    0.00000 -34901.108      -     -    1s
H    0     0                    -34245.76000 -34901.108  1.91%     -    1s

Explored 0 nodes (42789 simplex iterations) in 1.48 seconds
Thread count was 20 (of 20 available processors)

Solution count 2: -34245.8 0 
Pool objective bound -34901.1

Optimal solution found (tolerance 5.00e-02)
Best objective -3.424576000000e+04, best bound -3.490108000000e+04, gap 1.9136%
Changed value of parameter MIPGap to 0.05
   Prev: 0.0001  Min: 0.0  Max: 1e+100  Default: 0.0001
Changed value of parameter TimeLimit to 1800.0
   Prev: 1e+100  Min: 0.0  Max: 1e+100  Default: 1e+100
Changed value of parameter Method to 2
   Prev: -1  Min: -1  Max: 4  Default: -1
Changed value of parameter MIPFocus to 1
   Prev: 0  Min: 0  Max: 3  Default: 0
Optimize a model with 10206 rows, 53383 columns and 106766 nonzeros
Variable types: 0 continuous, 53383 integer (53383 binary)
Coefficient statistics:
  Matrix range     [1e+00, 2e+01]
  Objective range  [1e+00, 6e+01]
  Bounds range     [1e+00, 1e+00]
  RHS range        [8e+01, 8e+01]
Found heuristic solution: objective 0
Presolve time: 0.14s
Presolved: 10206 rows, 53383 columns, 106766 nonzeros
Variable types: 0 continuous, 53383 integer (53383 binary)
Presolved: 10206 rows, 53383 columns, 106766 nonzeros

Root barrier log...

Ordering time: 0.01s

Barrier statistics:
 AA' NZ     : 5.338e+04
 Factor NZ  : 2.304e+05 (roughly 30 MBytes of memory)
 Factor Ops : 3.800e+07 (less than 1 second per iteration)
 Threads    : 1

                  Objective                Residual
Iter       Primal          Dual         Primal    Dual     Compl     Time
   0  -2.97312924e+05 -1.58546657e+06  1.12e+02 5.33e-15  1.33e+02     0s
   1  -9.28730079e+04 -1.16558253e+06  2.26e+01 2.89e-14  2.97e+01     0s
   2  -4.39367838e+04 -4.26745745e+05  2.49e+00 3.02e-14  4.77e+00     0s
   3  -3.86161613e+04 -2.09211576e+05  4.04e-03 2.13e-14  1.59e+00     0s
   4  -3.94708332e+04 -6.91333437e+04  3.24e-04 2.00e-14  2.77e-01     0s
   5  -4.02230072e+04 -5.45590850e+04  1.88e-04 1.42e-14  1.34e-01     0s
   6  -4.06569310e+04 -5.03039280e+04  1.51e-04 1.42e-14  9.00e-02     0s
   7  -4.08550715e+04 -4.88272911e+04  1.34e-04 1.42e-14  7.44e-02     0s
   8  -4.11786231e+04 -4.76656564e+04  1.09e-04 9.66e-15  6.05e-02     0s
   9  -4.13945193e+04 -4.65507385e+04  9.36e-05 1.42e-14  4.81e-02     0s
  10  -4.16203737e+04 -4.56273456e+04  7.83e-05 1.42e-14  3.74e-02     0s
  11  -4.19067724e+04 -4.49398871e+04  6.02e-05 1.42e-14  2.83e-02     0s
  12  -4.20700582e+04 -4.41901440e+04  5.04e-05 1.42e-14  1.98e-02     0s
  13  -4.22123814e+04 -4.39133130e+04  4.20e-05 1.42e-14  1.59e-02     0s
  14  -4.23904791e+04 -4.36844949e+04  3.22e-05 1.42e-14  1.21e-02     1s
  15  -4.24698362e+04 -4.34889874e+04  2.78e-05 7.38e-15  9.51e-03     1s
  16  -4.25416707e+04 -4.33200719e+04  2.41e-05 7.11e-15  7.26e-03     1s
  17  -4.26317052e+04 -4.31953282e+04  1.94e-05 1.42e-14  5.26e-03     1s
  18  -4.27251583e+04 -4.31325450e+04  1.45e-05 1.42e-14  3.80e-03     1s
  19  -4.27605258e+04 -4.30867140e+04  1.25e-05 1.42e-14  3.04e-03     1s
  20  -4.27904375e+04 -4.30617668e+04  1.08e-05 1.42e-14  2.53e-03     1s
  21  -4.28137491e+04 -4.30387676e+04  9.50e-06 1.42e-14  2.10e-03     1s
  22  -4.28672878e+04 -4.30203536e+04  6.68e-06 1.42e-14  1.43e-03     1s
  23  -4.29052093e+04 -4.30077773e+04  4.81e-06 1.42e-14  9.57e-04     1s
  24  -4.29166336e+04 -4.29995527e+04  4.23e-06 1.42e-14  7.74e-04     1s
  25  -4.29240440e+04 -4.29949569e+04  3.75e-06 1.42e-14  6.62e-04     1s
  26  -4.29340320e+04 -4.29923386e+04  3.11e-06 7.11e-15  5.44e-04     1s
  27  -4.29362069e+04 -4.29913321e+04  2.97e-06 1.42e-14  5.15e-04     1s
  28  -4.29411337e+04 -4.29884413e+04  2.66e-06 1.42e-14  4.42e-04     1s
  29  -4.29530437e+04 -4.29863502e+04  2.01e-06 7.11e-15  3.11e-04     1s
  30  -4.29619269e+04 -4.29854720e+04  1.45e-06 1.42e-14  2.20e-04     1s
  31  -4.29687553e+04 -4.29849149e+04  9.88e-07 1.42e-14  1.51e-04     1s
  32  -4.29725882e+04 -4.29846011e+04  7.28e-07 7.11e-15  1.12e-04     1s
  33  -4.29768859e+04 -4.29842476e+04  4.43e-07 1.42e-14  6.87e-05     1s
  34  -4.29799640e+04 -4.29838342e+04  2.42e-07 1.42e-14  3.61e-05     1s
  35  -4.29832336e+04 -4.29837604e+04  3.13e-08 1.42e-14  4.92e-06     1s
  36  -4.29837040e+04 -4.29837367e+04  1.35e-09 1.42e-14  3.05e-07     1s
  37  -4.29837315e+04 -4.29837316e+04  2.40e-12 1.42e-14  7.31e-10     1s

Barrier solved model in 37 iterations and 0.97 seconds
Optimal objective -4.29837315e+04


Root relaxation: objective -4.298373e+04, 27943 iterations, 0.93 seconds

    Nodes    |    Current Node    |     Objective Bounds      |     Work
 Expl Unexpl |  Obj  Depth IntInf | Incumbent    BestBd   Gap | It/Node Time

     0     0 -42983.732    0  757    0.00000 -42983.732      -     -    1s
H    0     0                    -41641.70000 -42983.732  3.22%     -    1s

Explored 0 nodes (34635 simplex iterations) in 1.46 seconds
Thread count was 20 (of 20 available processors)

Solution count 2: -41641.7 0 
Pool objective bound -42983.7

Optimal solution found (tolerance 5.00e-02)
Best objective -4.164170000000e+04, best bound -4.298370000000e+04, gap 3.2227%
Changed value of parameter MIPGap to 0.05
   Prev: 0.0001  Min: 0.0  Max: 1e+100  Default: 0.0001
Changed value of parameter TimeLimit to 1800.0
   Prev: 1e+100  Min: 0.0  Max: 1e+100  Default: 1e+100
Changed value of parameter Method to 2
   Prev: -1  Min: -1  Max: 4  Default: -1
Changed value of parameter MIPFocus to 1
   Prev: 0  Min: 0  Max: 3  Default: 0
Optimize a model with 10206 rows, 53383 columns and 106766 nonzeros
Variable types: 0 continuous, 53383 integer (53383 binary)
Coefficient statistics:
  Matrix range     [1e+00, 2e+01]
  Objective range  [2e+00, 1e+02]
  Bounds range     [1e+00, 1e+00]
  RHS range        [8e+01, 8e+01]
Found heuristic solution: objective 0
Presolve time: 0.14s
Presolved: 10206 rows, 53383 columns, 106766 nonzeros
Variable types: 0 continuous, 53383 integer (53383 binary)
Presolved: 10206 rows, 53383 columns, 106766 nonzeros

Root barrier log...

Ordering time: 0.01s

Barrier statistics:
 AA' NZ     : 5.338e+04
 Factor NZ  : 2.304e+05 (roughly 30 MBytes of memory)
 Factor Ops : 3.800e+07 (less than 1 second per iteration)
 Threads    : 1

                  Objective                Residual
Iter       Primal          Dual         Primal    Dual     Compl     Time
   0  -5.69907433e+05 -3.16216276e+06  1.12e+02 1.07e-14  2.66e+02     0s
   1  -1.77263935e+05 -2.32375073e+06  2.26e+01 5.68e-14  5.92e+01     0s
   2  -8.35142894e+04 -8.48202397e+05  2.46e+00 6.04e-14  9.50e+00     0s
   3  -7.45631182e+04 -4.60881284e+05  2.37e-01 4.26e-14  3.74e+00     0s
   4  -7.53177287e+04 -1.49148354e+05  1.30e-02 3.69e-14  6.91e-01     0s
   5  -7.71384139e+04 -1.14112828e+05  4.88e-03 2.84e-14  3.46e-01     0s
   6  -7.86001342e+04 -1.01758518e+05  2.33e-03 2.84e-14  2.16e-01     0s
   7  -7.89980476e+04 -9.57144685e+04  2.02e-03 2.84e-14  1.56e-01     0s
   8  -7.97920046e+04 -9.21927803e+04  1.58e-03 1.67e-14  1.16e-01     0s
   9  -8.02547020e+04 -8.91146133e+04  1.34e-03 2.84e-14  8.28e-02     0s
  10  -8.07839213e+04 -8.76378488e+04  1.10e-03 2.84e-14  6.40e-02     0s
  11  -8.12275723e+04 -8.62632301e+04  9.00e-04 1.46e-14  4.71e-02     0s
  12  -8.15316736e+04 -8.55688064e+04  7.69e-04 2.84e-14  3.77e-02     0s
  13  -8.17936682e+04 -8.50718620e+04  6.57e-04 2.84e-14  3.06e-02     0s
  14  -8.20490611e+04 -8.47595953e+04  5.58e-04 2.84e-14  2.53e-02     1s
  15  -8.21302032e+04 -8.45642824e+04  5.23e-04 2.84e-14  2.28e-02     1s
  16  -8.22441632e+04 -8.41470704e+04  4.74e-04 2.84e-14  1.78e-02     1s
  17  -8.24813687e+04 -8.39192511e+04  3.86e-04 2.84e-14  1.35e-02     1s
  18  -8.25795160e+04 -8.38001784e+04  3.51e-04 2.84e-14  1.14e-02     1s
  19  -8.27153228e+04 -8.37230291e+04  2.92e-04 1.60e-14  9.43e-03     1s
  20  -8.27581086e+04 -8.36901044e+04  2.74e-04 2.84e-14  8.72e-03     1s
  21  -8.28351690e+04 -8.36110572e+04  2.41e-04 2.84e-14  7.26e-03     1s
  22  -8.29683790e+04 -8.35669080e+04  1.89e-04 2.84e-14  5.60e-03     1s
  23  -8.30566711e+04 -8.35155805e+04  1.58e-04 2.84e-14  4.30e-03     1s
  24  -8.31390711e+04 -8.34896902e+04  1.26e-04 2.84e-14  3.28e-03     1s
  25  -8.31628065e+04 -8.34817414e+04  1.15e-04 2.84e-14  2.99e-03     1s
  26  -8.32187431e+04 -8.34656024e+04  8.90e-05 2.84e-14  2.31e-03     1s
  27  -8.32402521e+04 -8.34565960e+04  7.93e-05 1.57e-14  2.03e-03     1s
  28  -8.32849665e+04 -8.34449225e+04  6.17e-05 1.42e-14  1.50e-03     1s
  29  -8.33296741e+04 -8.34352805e+04  4.51e-05 2.84e-14  9.90e-04     1s
  30  -8.33555275e+04 -8.34322469e+04  3.45e-05 2.84e-14  7.19e-04     1s
  31  -8.33767127e+04 -8.34289149e+04  2.34e-05 2.84e-14  4.89e-04     1s
  32  -8.33810574e+04 -8.34269739e+04  2.12e-05 2.84e-14  4.30e-04     1s
  33  -8.33963173e+04 -8.34260531e+04  1.35e-05 2.84e-14  2.79e-04     1s
  34  -8.33990825e+04 -8.34256228e+04  1.21e-05 1.42e-14  2.49e-04     1s
  35  -8.34116210e+04 -8.34249226e+04  5.91e-06 2.84e-14  1.25e-04     1s
  36  -8.34186339e+04 -8.34244949e+04  2.54e-06 2.84e-14  5.49e-05     1s
  37  -8.34210710e+04 -8.34242237e+04  1.37e-06 2.84e-14  2.96e-05     1s
  38  -8.34238075e+04 -8.34240928e+04  8.40e-08 2.84e-14  2.67e-06     1s
  39  -8.34239881e+04 -8.34239895e+04  7.35e-11 2.84e-14  1.28e-08     1s
  40  -8.34239885e+04 -8.34239885e+04  1.62e-13 2.84e-14  1.28e-11     1s

Barrier solved model in 40 iterations and 1.02 seconds
Optimal objective -8.34239885e+04


Root relaxation: objective -8.342399e+04, 27680 iterations, 0.98 seconds

    Nodes    |    Current Node    |     Objective Bounds      |     Work
 Expl Unexpl |  Obj  Depth IntInf | Incumbent    BestBd   Gap | It/Node Time

     0     0 -83423.989    0  572    0.00000 -83423.989      -     -    1s
H    0     0                    -81328.80000 -83423.989  2.58%     -    1s

Explored 0 nodes (43502 simplex iterations) in 1.59 seconds
Thread count was 20 (of 20 available processors)

Solution count 2: -81328.8 0 
Pool objective bound -83423.8

Optimal solution found (tolerance 5.00e-02)
Best objective -8.132880000000e+04, best bound -8.342380000000e+04, gap 2.5760%
Changed value of parameter MIPGap to 0.05
   Prev: 0.0001  Min: 0.0  Max: 1e+100  Default: 0.0001
Changed value of parameter TimeLimit to 1800.0
   Prev: 1e+100  Min: 0.0  Max: 1e+100  Default: 1e+100
Changed value of parameter Method to 2
   Prev: -1  Min: -1  Max: 4  Default: -1
Changed value of parameter MIPFocus to 1
   Prev: 0  Min: 0  Max: 3  Default: 0
Optimize a model with 10206 rows, 53383 columns and 106766 nonzeros
Variable types: 0 continuous, 53383 integer (53383 binary)
Coefficient statistics:
  Matrix range     [1e+00, 2e+01]
  Objective range  [2e+00, 2e+02]
  Bounds range     [1e+00, 1e+00]
  RHS range        [8e+01, 8e+01]
Found heuristic solution: objective 0
Presolve time: 0.16s
Presolved: 10206 rows, 53383 columns, 106766 nonzeros
Variable types: 0 continuous, 53383 integer (53383 binary)
Presolved: 10206 rows, 53383 columns, 106766 nonzeros

Root barrier log...

Ordering time: 0.01s

Barrier statistics:
 AA' NZ     : 5.338e+04
 Factor NZ  : 2.304e+05 (roughly 30 MBytes of memory)
 Factor Ops : 3.800e+07 (less than 1 second per iteration)
 Threads    : 1

                  Objective                Residual
Iter       Primal          Dual         Primal    Dual     Compl     Time
   0  -1.11509630e+06 -6.31555514e+06  1.12e+02 2.13e-14  5.32e+02     0s
   1  -3.46060353e+05 -4.64009157e+06  2.26e+01 1.42e-13  1.18e+02     0s
   2  -1.62675777e+05 -1.69108948e+06  2.45e+00 1.42e-13  1.90e+01     0s
   3  -1.45436597e+05 -9.26282994e+05  2.32e-01 8.88e-14  7.55e+00     0s
   4  -1.47105718e+05 -2.95316818e+05  1.58e-02 5.68e-14  1.39e+00     0s
   5  -1.50997762e+05 -2.26516541e+05  6.49e-03 5.68e-14  7.06e-01     0s
   6  -1.54016204e+05 -2.01899171e+05  3.32e-03 5.68e-14  4.47e-01     0s
   7  -1.55146987e+05 -1.90348943e+05  2.76e-03 5.68e-14  3.29e-01     0s
   8  -1.56555317e+05 -1.83318038e+05  2.21e-03 3.42e-14  2.50e-01     0s
   9  -1.57451212e+05 -1.76145943e+05  1.90e-03 5.68e-14  1.75e-01     0s
  10  -1.58573370e+05 -1.73622742e+05  1.56e-03 5.68e-14  1.41e-01     0s
  11  -1.59569971e+05 -1.70731083e+05  1.26e-03 5.68e-14  1.04e-01     0s
  12  -1.60240021e+05 -1.69236362e+05  1.06e-03 5.68e-14  8.41e-02     1s
  13  -1.60719240e+05 -1.67458824e+05  9.33e-04 5.68e-14  6.30e-02     1s
  14  -1.61386125e+05 -1.66584218e+05  7.62e-04 5.68e-14  4.86e-02     1s
  15  -1.61822278e+05 -1.65938382e+05  6.46e-04 3.24e-14  3.85e-02     1s
  16  -1.62006003e+05 -1.65448609e+05  5.96e-04 5.68e-14  3.22e-02     1s
  17  -1.62494947e+05 -1.65157314e+05  4.78e-04 5.68e-14  2.49e-02     1s
  18  -1.62794454e+05 -1.64924701e+05  4.08e-04 5.68e-14  1.99e-02     1s
  19  -1.62955695e+05 -1.64826722e+05  3.63e-04 5.68e-14  1.75e-02     1s
  20  -1.63011739e+05 -1.64769222e+05  3.48e-04 5.68e-14  1.65e-02     1s
  21  -1.63147982e+05 -1.64638070e+05  3.12e-04 5.68e-14  1.40e-02     1s
  22  -1.63375695e+05 -1.64531708e+05  2.51e-04 5.68e-14  1.08e-02     1s
  23  -1.63545806e+05 -1.64474707e+05  2.15e-04 5.68e-14  8.71e-03     1s
  24  -1.63694813e+05 -1.64436399e+05  1.76e-04 3.39e-14  6.95e-03     1s
  25  -1.63766570e+05 -1.64412179e+05  1.55e-04 2.84e-14  6.05e-03     1s
  26  -1.63847968e+05 -1.64395910e+05  1.32e-04 5.68e-14  5.14e-03     1s
  27  -1.63938349e+05 -1.64382640e+05  1.06e-04 5.68e-14  4.17e-03     1s
  28  -1.64006691e+05 -1.64356621e+05  8.98e-05 5.68e-14  3.28e-03     1s
  29  -1.64108148e+05 -1.64342043e+05  6.09e-05 5.68e-14  2.19e-03     1s
  30  -1.64167722e+05 -1.64339249e+05  4.55e-05 2.84e-14  1.61e-03     1s
  31  -1.64186276e+05 -1.64334158e+05  4.00e-05 5.68e-14  1.39e-03     1s
  32  -1.64211135e+05 -1.64331496e+05  3.27e-05 5.68e-14  1.13e-03     1s
  33  -1.64219945e+05 -1.64330710e+05  3.02e-05 3.62e-14  1.04e-03     1s
  34  -1.64252935e+05 -1.64328848e+05  2.16e-05 2.84e-14  7.12e-04     1s
  35  -1.64266899e+05 -1.64327123e+05  1.72e-05 2.84e-14  5.65e-04     1s
  36  -1.64287833e+05 -1.64328413e+05  1.10e-05 5.68e-14  3.81e-04     1s
  37  -1.64297096e+05 -1.64327688e+05  8.24e-06 5.68e-14  2.87e-04     1s
  38  -1.64311843e+05 -1.64327131e+05  3.98e-06 5.68e-14  1.43e-04     1s
  39  -1.64317911e+05 -1.64326658e+05  2.25e-06 5.68e-14  8.20e-05     1s
  40  -1.64323029e+05 -1.64326241e+05  7.82e-07 5.68e-14  3.01e-05     1s
  41  -1.64325058e+05 -1.64326089e+05  2.45e-07 5.68e-14  9.67e-06     1s
  42  -1.64326044e+05 -1.64326046e+05  5.61e-13 5.68e-14  2.05e-08     1s
  43  -1.64326045e+05 -1.64326045e+05  5.46e-14 5.68e-14  2.05e-11     1s

Barrier solved model in 43 iterations and 1.18 seconds
Optimal objective -1.64326045e+05


Root relaxation: objective -1.643260e+05, 27515 iterations, 1.12 seconds

    Nodes    |    Current Node    |     Objective Bounds      |     Work
 Expl Unexpl |  Obj  Depth IntInf | Incumbent    BestBd   Gap | It/Node Time

     0     0 -164326.04    0  710    0.00000 -164326.04      -     -    1s
H    0     0                    -158883.4000 -164326.04  3.43%     -    1s

Explored 0 nodes (36837 simplex iterations) in 1.69 seconds
Thread count was 20 (of 20 available processors)

Solution count 2: -158883 0 
Pool objective bound -164326

Optimal solution found (tolerance 5.00e-02)
Best objective -1.588834000000e+05, best bound -1.643260000000e+05, gap 3.4255%
Changed value of parameter MIPGap to 0.05
   Prev: 0.0001  Min: 0.0  Max: 1e+100  Default: 0.0001
Changed value of parameter TimeLimit to 1800.0
   Prev: 1e+100  Min: 0.0  Max: 1e+100  Default: 1e+100
Changed value of parameter Method to 2
   Prev: -1  Min: -1  Max: 4  Default: -1
Changed value of parameter MIPFocus to 1
   Prev: 0  Min: 0  Max: 3  Default: 0
Optimize a model with 10206 rows, 53383 columns and 106766 nonzeros
Variable types: 0 continuous, 53383 integer (53383 binary)
Coefficient statistics:
  Matrix range     [1e+00, 2e+01]
  Objective range  [4e+00, 5e+02]
  Bounds range     [1e+00, 1e+00]
  RHS range        [8e+01, 8e+01]
Found heuristic solution: objective 0
Presolve time: 0.14s
Presolved: 10206 rows, 53383 columns, 106766 nonzeros
Variable types: 0 continuous, 53383 integer (53383 binary)
Presolved: 10206 rows, 53383 columns, 106766 nonzeros

Root barrier log...

Ordering time: 0.01s

Barrier statistics:
 AA' NZ     : 5.338e+04
 Factor NZ  : 2.304e+05 (roughly 30 MBytes of memory)
 Factor Ops : 3.800e+07 (less than 1 second per iteration)
 Threads    : 1

                  Objective                Residual
Iter       Primal          Dual         Primal    Dual     Compl     Time
   0  -2.75066280e+06 -1.57757323e+07  1.12e+02 5.68e-14  1.33e+03     0s
   1  -8.52460473e+05 -1.15891161e+07  2.26e+01 3.41e-13  2.96e+02     0s
   2  -4.00165534e+05 -4.21972988e+06  2.44e+00 3.13e-13  4.73e+01     0s
   3  -3.58070282e+05 -2.32242649e+06  2.30e-01 2.27e-13  1.90e+01     0s
   4  -3.62384987e+05 -7.33750227e+05  1.60e-02 2.13e-13  3.48e+00     0s
   5  -3.72484356e+05 -5.68759465e+05  6.83e-03 1.22e-13  1.84e+00     0s
   6  -3.80539215e+05 -5.04897181e+05  3.40e-03 1.14e-13  1.16e+00     0s
   7  -3.83350147e+05 -4.76247509e+05  2.85e-03 1.14e-13  8.68e-01     0s
   8  -3.86902962e+05 -4.56040012e+05  2.28e-03 1.14e-13  6.46e-01     0s
   9  -3.89522509e+05 -4.37521846e+05  1.92e-03 1.14e-13  4.49e-01     0s
  10  -3.92457844e+05 -4.29884956e+05  1.57e-03 1.14e-13  3.50e-01     0s
  11  -3.95085125e+05 -4.21537132e+05  1.26e-03 1.14e-13  2.47e-01     0s
  12  -3.96639758e+05 -4.17615488e+05  1.08e-03 1.14e-13  1.96e-01     0s
  13  -3.97590759e+05 -4.14754786e+05  9.79e-04 1.14e-13  1.61e-01     0s
  14  -3.99016870e+05 -4.12720688e+05  8.52e-04 1.14e-13  1.28e-01     1s
  15  -3.99963715e+05 -4.11207918e+05  7.51e-04 1.14e-13  1.05e-01     1s
  16  -4.01316010e+05 -4.10000599e+05  6.18e-04 1.14e-13  8.13e-02     1s
  17  -4.02056635e+05 -4.09273715e+05  5.42e-04 1.14e-13  6.76e-02     1s
  18  -4.02820843e+05 -4.08578617e+05  4.65e-04 1.14e-13  5.39e-02     1s
  19  -4.03424215e+05 -4.08299039e+05  3.98e-04 1.14e-13  4.57e-02     1s
  20  -4.03880869e+05 -4.07998299e+05  3.47e-04 1.14e-13  3.86e-02     1s
  21  -4.04321294e+05 -4.07787776e+05  2.97e-04 1.14e-13  3.25e-02     1s
  22  -4.04653991e+05 -4.07503727e+05  2.60e-04 1.14e-13  2.67e-02     1s
  23  -4.05056122e+05 -4.07355416e+05  2.24e-04 6.34e-14  2.16e-02     1s
  24  -4.05421521e+05 -4.07287442e+05  1.88e-04 1.14e-13  1.75e-02     1s
  25  -4.05689922e+05 -4.07236966e+05  1.56e-04 1.14e-13  1.45e-02     1s
  26  -4.05881289e+05 -4.07208421e+05  1.33e-04 1.14e-13  1.24e-02     1s
  27  -4.06016592e+05 -4.07178299e+05  1.17e-04 1.14e-13  1.09e-02     1s
  28  -4.06218715e+05 -4.07131965e+05  9.98e-05 1.14e-13  8.57e-03     1s
  29  -4.06426543e+05 -4.07109298e+05  8.25e-05 1.14e-13  6.41e-03     1s
  30  -4.06586505e+05 -4.07100299e+05  6.58e-05 1.14e-13  4.82e-03     1s
  31  -4.06677905e+05 -4.07090053e+05  5.27e-05 1.14e-13  3.87e-03     1s
  32  -4.06780354e+05 -4.07080832e+05  3.79e-05 1.14e-13  2.82e-03     1s
  33  -4.06820549e+05 -4.07076418e+05  3.22e-05 1.14e-13  2.40e-03     1s
  34  -4.06932141e+05 -4.07069783e+05  1.66e-05 1.14e-13  1.29e-03     1s
  35  -4.07001465e+05 -4.07057998e+05  7.51e-06 1.14e-13  5.31e-04     1s
  36  -4.07023086e+05 -4.07056602e+05  4.47e-06 1.14e-13  3.15e-04     1s
  37  -4.07048756e+05 -4.07055909e+05  8.61e-07 1.14e-13  6.71e-05     1s
  38  -4.07054989e+05 -4.07055304e+05  2.62e-08 1.14e-13  2.95e-06     1s
  39  -4.07055206e+05 -4.07055208e+05  1.91e-10 1.14e-13  1.65e-08     1s
  40  -4.07055208e+05 -4.07055208e+05  1.19e-12 1.14e-13  1.65e-11     1s

Barrier solved model in 40 iterations and 1.04 seconds
Optimal objective -4.07055208e+05


Root relaxation: objective -4.070552e+05, 27422 iterations, 1.00 seconds

    Nodes    |    Current Node    |     Objective Bounds      |     Work
 Expl Unexpl |  Obj  Depth IntInf | Incumbent    BestBd   Gap | It/Node Time

     0     0 -407055.21    0  639    0.00000 -407055.21      -     -    1s
H    0     0                    -394007.0000 -407055.21  3.31%     -    1s

Explored 0 nodes (40618 simplex iterations) in 1.58 seconds
Thread count was 20 (of 20 available processors)

Solution count 2: -394007 0 
Pool objective bound -407055

Optimal solution found (tolerance 5.00e-02)
Best objective -3.940070000000e+05, best bound -4.070550000000e+05, gap 3.3116%
Changed value of parameter MIPGap to 0.05
   Prev: 0.0001  Min: 0.0  Max: 1e+100  Default: 0.0001
Changed value of parameter TimeLimit to 1800.0
   Prev: 1e+100  Min: 0.0  Max: 1e+100  Default: 1e+100
Changed value of parameter Method to 2
   Prev: -1  Min: -1  Max: 4  Default: -1
Changed value of parameter MIPFocus to 1
   Prev: 0  Min: 0  Max: 3  Default: 0
Optimize a model with 10206 rows, 53383 columns and 106766 nonzeros
Variable types: 0 continuous, 53383 integer (53383 binary)
Coefficient statistics:
  Matrix range     [1e+00, 2e+01]
  Objective range  [3e+01, 5e+03]
  Bounds range     [1e+00, 1e+00]
  RHS range        [8e+01, 8e+01]
Found heuristic solution: objective 0
Presolve time: 0.14s
Presolved: 10206 rows, 53383 columns, 106766 nonzeros
Variable types: 0 continuous, 53383 integer (53383 binary)
Presolved: 10206 rows, 53383 columns, 106766 nonzeros

Root barrier log...

Ordering time: 0.01s

Barrier statistics:
 AA' NZ     : 5.338e+04
 Factor NZ  : 2.304e+05 (roughly 30 MBytes of memory)
 Factor Ops : 3.800e+07 (less than 1 second per iteration)
 Threads    : 1

                  Objective                Residual
Iter       Primal          Dual         Primal    Dual     Compl     Time
   0  -2.72841599e+07 -1.57678389e+08  1.12e+02 4.55e-13  1.33e+04     0s
   1  -8.44850208e+06 -1.15824490e+08  2.26e+01 3.41e-12  2.96e+03     0s
   2  -3.96253254e+06 -4.21492600e+07  2.44e+00 2.73e-12  4.73e+02     0s
   3  -3.54762507e+06 -2.32643855e+07  2.28e-01 2.59e-12  1.90e+02     0s
   4  -3.59296120e+06 -7.10648890e+06  4.00e-02 1.88e-12  3.31e+01     0s
   5  -3.70360675e+06 -5.52453710e+06  1.86e-02 1.36e-12  1.71e+01     0s
   6  -3.76375517e+06 -5.01288287e+06  1.29e-02 1.82e-12  1.17e+01     0s
   7  -3.78765022e+06 -4.80897541e+06  1.14e-02 1.36e-12  9.58e+00     0s
   8  -3.83408679e+06 -4.56710440e+06  8.84e-03 1.82e-12  6.88e+00     0s
   9  -3.86586297e+06 -4.39801796e+06  7.29e-03 1.82e-12  5.00e+00     0s
  10  -3.89539208e+06 -4.29650524e+06  5.97e-03 9.09e-13  3.77e+00     0s
  11  -3.92122635e+06 -4.21742785e+06  4.87e-03 9.09e-13  2.78e+00     0s
  12  -3.94023375e+06 -4.16721706e+06  4.13e-03 9.09e-13  2.13e+00     0s
  13  -3.95468562e+06 -4.13052215e+06  3.55e-03 1.82e-12  1.65e+00     0s
  14  -3.97556400e+06 -4.11148851e+06  2.78e-03 9.09e-13  1.28e+00     1s
  15  -3.98366954e+06 -4.09510784e+06  2.46e-03 9.09e-13  1.05e+00     1s
  16  -3.99493246e+06 -4.08212675e+06  2.12e-03 9.09e-13  8.21e-01     1s
  17  -4.00633081e+06 -4.07141374e+06  1.71e-03 9.09e-13  6.14e-01     1s
  18  -4.01247631e+06 -4.06496022e+06  1.46e-03 9.09e-13  4.95e-01     1s
  19  -4.01746671e+06 -4.06145857e+06  1.25e-03 1.82e-12  4.15e-01     1s
  20  -4.02069532e+06 -4.05874288e+06  1.11e-03 9.09e-13  3.59e-01     1s
  21  -4.02601660e+06 -4.05530049e+06  8.95e-04 1.82e-12  2.77e-01     1s
  22  -4.03004646e+06 -4.05325501e+06  7.47e-04 9.09e-13  2.19e-01     1s
  23  -4.03373720e+06 -4.05182197e+06  6.16e-04 9.09e-13  1.71e-01     1s
  24  -4.03627297e+06 -4.05054097e+06  5.27e-04 9.09e-13  1.35e-01     1s
  25  -4.03831250e+06 -4.05023416e+06  4.35e-04 9.09e-13  1.13e-01     1s
  26  -4.03997797e+06 -4.04962141e+06  3.59e-04 1.82e-12  9.13e-02     1s
  27  -4.04182935e+06 -4.04922329e+06  2.74e-04 9.09e-13  7.00e-02     1s
  28  -4.04343964e+06 -4.04893729e+06  2.14e-04 9.09e-13  5.21e-02     1s
  29  -4.04481983e+06 -4.04837601e+06  1.51e-04 9.09e-13  3.37e-02     1s
  30  -4.04596228e+06 -4.04831882e+06  1.03e-04 9.09e-13  2.24e-02     1s
  31  -4.04659550e+06 -4.04823553e+06  7.21e-05 9.09e-13  1.56e-02     1s
  32  -4.04681631e+06 -4.04819183e+06  6.12e-05 9.09e-13  1.31e-02     1s
  33  -4.04738065e+06 -4.04815383e+06  3.34e-05 1.82e-12  7.33e-03     1s
  34  -4.04763044e+06 -4.04809754e+06  2.15e-05 9.09e-13  4.44e-03     1s
  35  -4.04806016e+06 -4.04810386e+06  9.81e-07 9.09e-13  4.11e-04     1s
  36  -4.04808421e+06 -4.04808474e+06  4.65e-10 1.82e-12  4.94e-06     1s
  37  -4.04808435e+06 -4.04808435e+06  7.35e-13 1.82e-12  2.14e-11     1s

Barrier solved model in 37 iterations and 0.97 seconds
Optimal objective -4.04808435e+06


Root relaxation: objective -4.048084e+06, 27247 iterations, 0.92 seconds

    Nodes    |    Current Node    |     Objective Bounds      |     Work
 Expl Unexpl |  Obj  Depth IntInf | Incumbent    BestBd   Gap | It/Node Time

     0     0 -4048084.4    0  682    0.00000 -4048084.4      -     -    1s
H    0     0                    -3910158.000 -4048084.4  3.53%     -    1s

Explored 0 nodes (36561 simplex iterations) in 1.46 seconds
Thread count was 20 (of 20 available processors)

Solution count 2: -3.91016e+06 0 
Pool objective bound -4.04808e+06

Optimal solution found (tolerance 5.00e-02)
Best objective -3.910158000000e+06, best bound -4.048084000000e+06, gap 3.5274%
