Changed value of parameter MIPGap to 0.05
   Prev: 0.0001  Min: 0.0  Max: 1e+100  Default: 0.0001
Changed value of parameter TimeLimit to 1800.0
   Prev: 1e+100  Min: 0.0  Max: 1e+100  Default: 1e+100
Changed value of parameter Method to 2
   Prev: -1  Min: -1  Max: 4  Default: -1
Changed value of parameter MIPFocus to 1
   Prev: 0  Min: 0  Max: 3  Default: 0
Optimize a model with 4380 rows, 6420 columns and 12840 nonzeros
Variable types: 0 continuous, 6420 integer (6420 binary)
Coefficient statistics:
  Matrix range     [1e+00, 5e+00]
  Objective range  [1e+00, 1e+00]
  Bounds range     [1e+00, 1e+00]
  RHS range        [8e+01, 8e+01]
Found heuristic solution: objective 0
Presolve removed 4308 rows and 5118 columns
Presolve time: 0.01s
Presolved: 72 rows, 1302 columns, 2492 nonzeros
Found heuristic solution: objective -1623.000000
Variable types: 0 continuous, 1302 integer (1080 binary)
Presolved: 72 rows, 1302 columns, 2492 nonzeros

Root barrier log...

Ordering time: 0.00s

Barrier statistics:
 AA' NZ     : 1.162e+03
 Factor NZ  : 2.581e+03 (roughly 1 MByte of memory)
 Factor Ops : 1.225e+05 (less than 1 second per iteration)
 Threads    : 1

                  Objective                Residual
Iter       Primal          Dual         Primal    Dual     Compl     Time
   0  -3.81909025e+03 -3.43709466e+03  2.29e+01 4.44e-16  2.07e+00     0s
   1  -1.93490092e+03 -2.61485946e+03  2.69e+00 2.90e-01  4.79e-01     0s
   2  -1.77693418e+03 -1.93706922e+03  1.07e-01 2.56e-02  6.65e-02     0s
   3  -1.79815205e+03 -1.83102615e+03  2.40e-02 3.66e-03  1.37e-02     0s
   4  -1.80600801e+03 -1.81416525e+03  3.94e-03 8.88e-16  3.28e-03     0s
   5  -1.80806036e+03 -1.81053699e+03  7.19e-04 1.78e-15  9.70e-04     0s
   6  -1.80858788e+03 -1.80866029e+03  6.11e-06 8.88e-16  2.76e-05     0s
   7  -1.80860000e+03 -1.80860000e+03  2.48e-10 1.78e-15  5.44e-10     0s

Barrier solved model in 7 iterations and 0.03 seconds
Optimal objective -1.80860000e+03


Root relaxation: objective -1.808600e+03, 445 iterations, 0.02 seconds

    Nodes    |    Current Node    |     Objective Bounds      |     Work
 Expl Unexpl |  Obj  Depth IntInf | Incumbent    BestBd   Gap | It/Node Time

     0     0 -1808.6000    0    8 -1623.0000 -1808.6000  11.4%     -    0s
H    0     0                    -1804.000000 -1808.6000  0.25%     -    0s

Explored 0 nodes (637 simplex iterations) in 0.04 seconds
Thread count was 20 (of 20 available processors)

Solution count 3: -1804 -1623 -109 
Pool objective bound -1808

Optimal solution found (tolerance 5.00e-02)
Best objective -1.804000000000e+03, best bound -1.808000000000e+03, gap 0.2217%
Changed value of parameter MIPGap to 0.05
   Prev: 0.0001  Min: 0.0  Max: 1e+100  Default: 0.0001
Changed value of parameter TimeLimit to 1800.0
   Prev: 1e+100  Min: 0.0  Max: 1e+100  Default: 1e+100
Changed value of parameter Method to 2
   Prev: -1  Min: -1  Max: 4  Default: -1
Changed value of parameter MIPFocus to 1
   Prev: 0  Min: 0  Max: 3  Default: 0
Optimize a model with 4380 rows, 6420 columns and 12840 nonzeros
Variable types: 0 continuous, 6420 integer (6420 binary)
Coefficient statistics:
  Matrix range     [1e+00, 5e+00]
  Objective range  [1e+00, 1e+00]
  Bounds range     [1e+00, 1e+00]
  RHS range        [8e+01, 8e+01]
Found heuristic solution: objective 0
Presolve removed 4308 rows and 5107 columns
Presolve time: 0.01s
Presolved: 72 rows, 1313 columns, 2505 nonzeros
Found heuristic solution: objective -1637.357850
Variable types: 0 continuous, 1313 integer (1096 binary)
Presolved: 72 rows, 1313 columns, 2505 nonzeros

Root barrier log...

Ordering time: 0.00s

Barrier statistics:
 AA' NZ     : 1.162e+03
 Factor NZ  : 2.581e+03 (roughly 1 MByte of memory)
 Factor Ops : 1.225e+05 (less than 1 second per iteration)
 Threads    : 1

                  Objective                Residual
Iter       Primal          Dual         Primal    Dual     Compl     Time
   0  -3.82517748e+03 -3.45565992e+03  2.28e+01 4.44e-16  2.08e+00     0s
   1  -1.93451369e+03 -2.63318635e+03  2.67e+00 2.94e-01  4.83e-01     0s
   2  -1.77687796e+03 -1.93931195e+03  1.00e-01 2.65e-02  6.65e-02     0s
   3  -1.79991992e+03 -1.83485666e+03  1.47e-02 3.69e-03  1.38e-02     0s
   4  -1.80751774e+03 -1.81533342e+03  1.94e-03 1.78e-15  3.02e-03     0s
   5  -1.80905203e+03 -1.81100430e+03  4.49e-04 8.88e-16  7.56e-04     0s
   6  -1.80965918e+03 -1.80971828e+03  0.00e+00 1.78e-15  2.19e-05     0s
   7  -1.80966867e+03 -1.80967514e+03  0.00e+00 1.78e-15  2.40e-06     0s
   8  -1.80966873e+03 -1.80966973e+03  0.00e+00 1.78e-15  3.71e-07     0s
   9  -1.80966876e+03 -1.80966877e+03  0.00e+00 1.78e-15  1.83e-09     0s

Barrier solved model in 9 iterations and 0.02 seconds
Optimal objective -1.80966876e+03


Root relaxation: objective -1.809669e+03, 439 iterations, 0.01 seconds

    Nodes    |    Current Node    |     Objective Bounds      |     Work
 Expl Unexpl |  Obj  Depth IntInf | Incumbent    BestBd   Gap | It/Node Time

     0     0 -1809.6688    0    9 -1637.3579 -1809.6688  10.5%     -    0s
H    0     0                    -1805.064180 -1809.6688  0.26%     -    0s

Explored 0 nodes (515 simplex iterations) in 0.02 seconds
Thread count was 20 (of 20 available processors)

Solution count 3: -1805.06 -1637.36 -89.055 
Pool objective bound -1809.67

Optimal solution found (tolerance 5.00e-02)
Best objective -1.805064180000e+03, best bound -1.809668766000e+03, gap 0.2551%
Changed value of parameter MIPGap to 0.05
   Prev: 0.0001  Min: 0.0  Max: 1e+100  Default: 0.0001
Changed value of parameter TimeLimit to 1800.0
   Prev: 1e+100  Min: 0.0  Max: 1e+100  Default: 1e+100
Changed value of parameter Method to 2
   Prev: -1  Min: -1  Max: 4  Default: -1
Changed value of parameter MIPFocus to 1
   Prev: 0  Min: 0  Max: 3  Default: 0
Optimize a model with 4380 rows, 6420 columns and 12840 nonzeros
Variable types: 0 continuous, 6420 integer (6420 binary)
Coefficient statistics:
  Matrix range     [1e+00, 5e+00]
  Objective range  [1e+00, 1e+00]
  Bounds range     [1e+00, 1e+00]
  RHS range        [8e+01, 8e+01]
Found heuristic solution: objective 0
Presolve removed 4308 rows and 5107 columns
Presolve time: 0.01s
Presolved: 72 rows, 1313 columns, 2505 nonzeros
Found heuristic solution: objective -1638.715700
Variable types: 0 continuous, 1313 integer (1096 binary)
Presolved: 72 rows, 1313 columns, 2505 nonzeros

Root barrier log...

Ordering time: 0.00s

Barrier statistics:
 AA' NZ     : 1.162e+03
 Factor NZ  : 2.581e+03 (roughly 1 MByte of memory)
 Factor Ops : 1.225e+05 (less than 1 second per iteration)
 Threads    : 1

                  Objective                Residual
Iter       Primal          Dual         Primal    Dual     Compl     Time
   0  -3.82798944e+03 -3.45743599e+03  2.28e+01 4.44e-16  2.08e+00     0s
   1  -1.93576280e+03 -2.63466411e+03  2.67e+00 2.94e-01  4.83e-01     0s
   2  -1.77802750e+03 -1.94037901e+03  1.00e-01 2.65e-02  6.65e-02     0s
   3  -1.80099960e+03 -1.83563156e+03  1.47e-02 3.64e-03  1.37e-02     0s
   4  -1.80862895e+03 -1.81650324e+03  1.87e-03 8.88e-16  3.04e-03     0s
   5  -1.81014658e+03 -1.81209649e+03  4.17e-04 8.88e-16  7.53e-04     0s
   6  -1.81072774e+03 -1.81078371e+03  0.00e+00 1.78e-15  2.08e-05     0s
   7  -1.81073737e+03 -1.81074558e+03  0.00e+00 1.78e-15  3.04e-06     0s
   8  -1.81073743e+03 -1.81073811e+03  0.00e+00 1.78e-15  2.54e-07     0s
   9  -1.81073753e+03 -1.81073753e+03  0.00e+00 1.78e-15  1.15e-09     0s

Barrier solved model in 9 iterations and 0.02 seconds
Optimal objective -1.81073753e+03


Root relaxation: objective -1.810738e+03, 439 iterations, 0.01 seconds

    Nodes    |    Current Node    |     Objective Bounds      |     Work
 Expl Unexpl |  Obj  Depth IntInf | Incumbent    BestBd   Gap | It/Node Time

     0     0 -1810.7375    0    9 -1638.7157 -1810.7375  10.5%     -    0s
H    0     0                    -1806.128360 -1810.7375  0.26%     -    0s

Explored 0 nodes (546 simplex iterations) in 0.02 seconds
Thread count was 20 (of 20 available processors)

Solution count 3: -1806.13 -1638.72 -89.1099 
Pool objective bound -1810.74

Optimal solution found (tolerance 5.00e-02)
Best objective -1.806128360000e+03, best bound -1.810737532000e+03, gap 0.2552%
Changed value of parameter MIPGap to 0.05
   Prev: 0.0001  Min: 0.0  Max: 1e+100  Default: 0.0001
Changed value of parameter TimeLimit to 1800.0
   Prev: 1e+100  Min: 0.0  Max: 1e+100  Default: 1e+100
Changed value of parameter Method to 2
   Prev: -1  Min: -1  Max: 4  Default: -1
Changed value of parameter MIPFocus to 1
   Prev: 0  Min: 0  Max: 3  Default: 0
Optimize a model with 4380 rows, 6420 columns and 12840 nonzeros
Variable types: 0 continuous, 6420 integer (6420 binary)
Coefficient statistics:
  Matrix range     [1e+00, 5e+00]
  Objective range  [1e+00, 1e+00]
  Bounds range     [1e+00, 1e+00]
  RHS range        [8e+01, 8e+01]
Found heuristic solution: objective 0
Presolve removed 4308 rows and 5107 columns
Presolve time: 0.01s
Presolved: 72 rows, 1313 columns, 2505 nonzeros
Found heuristic solution: objective -1641.431400
Variable types: 0 continuous, 1313 integer (1096 binary)
Presolved: 72 rows, 1313 columns, 2505 nonzeros

Root barrier log...

Ordering time: 0.00s

Barrier statistics:
 AA' NZ     : 1.162e+03
 Factor NZ  : 2.581e+03 (roughly 1 MByte of memory)
 Factor Ops : 1.225e+05 (less than 1 second per iteration)
 Threads    : 1

                  Objective                Residual
Iter       Primal          Dual         Primal    Dual     Compl     Time
   0  -3.83361335e+03 -3.46098812e+03  2.28e+01 4.44e-16  2.08e+00     0s
   1  -1.93826169e+03 -2.63762035e+03  2.67e+00 2.94e-01  4.84e-01     0s
   2  -1.78032908e+03 -1.94247808e+03  9.99e-02 2.66e-02  6.64e-02     0s
   3  -1.80315948e+03 -1.83714289e+03  1.47e-02 3.51e-03  1.35e-02     0s
   4  -1.81080162e+03 -1.81880150e+03  1.82e-03 1.78e-15  3.08e-03     0s
   5  -1.81237933e+03 -1.81427612e+03  3.23e-04 1.78e-15  7.27e-04     0s
   6  -1.81286517e+03 -1.81292253e+03  0.00e+00 1.78e-15  2.13e-05     0s
   7  -1.81287471e+03 -1.81288798e+03  0.00e+00 1.78e-15  4.92e-06     0s
   8  -1.81287490e+03 -1.81287546e+03  0.00e+00 1.78e-15  2.05e-07     0s
   9  -1.81287506e+03 -1.81287507e+03  0.00e+00 1.78e-15  1.18e-09     0s

Barrier solved model in 9 iterations and 0.01 seconds
Optimal objective -1.81287506e+03


Root relaxation: objective -1.812875e+03, 439 iterations, 0.01 seconds

    Nodes    |    Current Node    |     Objective Bounds      |     Work
 Expl Unexpl |  Obj  Depth IntInf | Incumbent    BestBd   Gap | It/Node Time

     0     0 -1812.8751    0    9 -1641.4314 -1812.8751  10.4%     -    0s
H    0     0                    -1808.256720 -1812.8751  0.26%     -    0s

Explored 0 nodes (486 simplex iterations) in 0.02 seconds
Thread count was 20 (of 20 available processors)

Solution count 3: -1808.26 -1641.43 -89.2198 
Pool objective bound -1812.88

Optimal solution found (tolerance 5.00e-02)
Best objective -1.808256720000e+03, best bound -1.812875064000e+03, gap 0.2554%
Changed value of parameter MIPGap to 0.05
   Prev: 0.0001  Min: 0.0  Max: 1e+100  Default: 0.0001
Changed value of parameter TimeLimit to 1800.0
   Prev: 1e+100  Min: 0.0  Max: 1e+100  Default: 1e+100
Changed value of parameter Method to 2
   Prev: -1  Min: -1  Max: 4  Default: -1
Changed value of parameter MIPFocus to 1
   Prev: 0  Min: 0  Max: 3  Default: 0
Optimize a model with 4380 rows, 6420 columns and 12840 nonzeros
Variable types: 0 continuous, 6420 integer (6420 binary)
Coefficient statistics:
  Matrix range     [1e+00, 5e+00]
  Objective range  [1e+00, 1e+00]
  Bounds range     [1e+00, 1e+00]
  RHS range        [8e+01, 8e+01]
Found heuristic solution: objective 0
Presolve removed 4308 rows and 5107 columns
Presolve time: 0.01s
Presolved: 72 rows, 1313 columns, 2505 nonzeros
Found heuristic solution: objective -1646.862800
Variable types: 0 continuous, 1313 integer (1096 binary)
Presolved: 72 rows, 1313 columns, 2505 nonzeros

Root barrier log...

Ordering time: 0.00s

Barrier statistics:
 AA' NZ     : 1.162e+03
 Factor NZ  : 2.581e+03 (roughly 1 MByte of memory)
 Factor Ops : 1.225e+05 (less than 1 second per iteration)
 Threads    : 1

                  Objective                Residual
Iter       Primal          Dual         Primal    Dual     Compl     Time
   0  -3.84486110e+03 -3.46809238e+03  2.28e+01 8.88e-16  2.08e+00     0s
   1  -1.94326218e+03 -2.64353565e+03  2.66e+00 2.93e-01  4.84e-01     0s
   2  -1.78492966e+03 -1.94683859e+03  9.99e-02 2.65e-02  6.63e-02     0s
   3  -1.80732002e+03 -1.84441228e+03  1.49e-02 1.74e-03  1.46e-02     0s
   4  -1.81534346e+03 -1.82414848e+03  1.20e-03 8.88e-16  3.35e-03     0s
   5  -1.81686640e+03 -1.81870089e+03  7.13e-05 8.88e-16  6.89e-04     0s
   6  -1.81714079e+03 -1.81723630e+03  0.00e+00 1.78e-15  3.54e-05     0s
   7  -1.81714936e+03 -1.81717333e+03  0.00e+00 1.78e-15  8.89e-06     0s
   8  -1.81714980e+03 -1.81715053e+03  0.00e+00 1.78e-15  2.73e-07     0s
   9  -1.81715013e+03 -1.81715013e+03  0.00e+00 1.78e-15  2.97e-09     0s

Barrier solved model in 9 iterations and 0.02 seconds
Optimal objective -1.81715013e+03


Root relaxation: objective -1.817150e+03, 439 iterations, 0.01 seconds

    Nodes    |    Current Node    |     Objective Bounds      |     Work
 Expl Unexpl |  Obj  Depth IntInf | Incumbent    BestBd   Gap | It/Node Time

     0     0 -1817.1501    0    9 -1646.8628 -1817.1501  10.3%     -    0s
H    0     0                    -1812.513440 -1817.1501  0.26%     -    0s

Explored 0 nodes (520 simplex iterations) in 0.02 seconds
Thread count was 20 (of 20 available processors)

Solution count 3: -1812.51 -1646.86 -89.4397 
Pool objective bound -1817.15

Optimal solution found (tolerance 5.00e-02)
Best objective -1.812513440000e+03, best bound -1.817150128000e+03, gap 0.2558%
Changed value of parameter MIPGap to 0.05
   Prev: 0.0001  Min: 0.0  Max: 1e+100  Default: 0.0001
Changed value of parameter TimeLimit to 1800.0
   Prev: 1e+100  Min: 0.0  Max: 1e+100  Default: 1e+100
Changed value of parameter Method to 2
   Prev: -1  Min: -1  Max: 4  Default: -1
Changed value of parameter MIPFocus to 1
   Prev: 0  Min: 0  Max: 3  Default: 0
Optimize a model with 4380 rows, 6420 columns and 12840 nonzeros
Variable types: 0 continuous, 6420 integer (6420 binary)
Coefficient statistics:
  Matrix range     [1e+00, 5e+00]
  Objective range  [1e+00, 1e+00]
  Bounds range     [1e+00, 1e+00]
  RHS range        [8e+01, 8e+01]
Found heuristic solution: objective 0
Presolve removed 4308 rows and 5107 columns
Presolve time: 0.01s
Presolved: 72 rows, 1313 columns, 2505 nonzeros
Found heuristic solution: objective -1649.578500
Variable types: 0 continuous, 1313 integer (1096 binary)
Presolved: 72 rows, 1313 columns, 2505 nonzeros

Root barrier log...

Ordering time: 0.00s

Barrier statistics:
 AA' NZ     : 1.162e+03
 Factor NZ  : 2.581e+03 (roughly 1 MByte of memory)
 Factor Ops : 1.225e+05 (less than 1 second per iteration)
 Threads    : 1

                  Objective                Residual
Iter       Primal          Dual         Primal    Dual     Compl     Time
   0  -3.85048494e+03 -3.47164451e+03  2.28e+01 8.88e-16  2.08e+00     0s
   1  -1.94621677e+03 -2.69753650e+03  2.67e+00 2.93e-01  5.07e-01     0s
   2  -1.78506523e+03 -1.95058269e+03  9.62e-02 2.42e-02  6.74e-02     0s
   3  -1.80941501e+03 -1.84881413e+03  1.32e-02 1.77e-03  1.54e-02     0s
   4  -1.81775206e+03 -1.82678747e+03  5.81e-04 1.78e-15  3.40e-03     0s
   5  -1.81902293e+03 -1.82101556e+03  1.47e-06 8.88e-16  7.44e-04     0s
   6  -1.81928066e+03 -1.81938634e+03  0.00e+00 1.78e-15  3.92e-05     0s
   7  -1.81928686e+03 -1.81931285e+03  0.00e+00 1.78e-15  9.65e-06     0s
   8  -1.81928734e+03 -1.81928816e+03  0.00e+00 1.78e-15  3.03e-07     0s
   9  -1.81928766e+03 -1.81928766e+03  0.00e+00 1.78e-15  1.93e-09     0s

Barrier solved model in 9 iterations and 0.02 seconds
Optimal objective -1.81928766e+03


Root relaxation: objective -1.819288e+03, 439 iterations, 0.01 seconds

    Nodes    |    Current Node    |     Objective Bounds      |     Work
 Expl Unexpl |  Obj  Depth IntInf | Incumbent    BestBd   Gap | It/Node Time

     0     0 -1819.2877    0    9 -1649.5785 -1819.2877  10.3%     -    0s
H    0     0                    -1814.641800 -1819.2877  0.26%     -    0s

Explored 0 nodes (525 simplex iterations) in 0.02 seconds
Thread count was 20 (of 20 available processors)

Solution count 3: -1814.64 -1649.58 -89.5496 
Pool objective bound -1819.29

Optimal solution found (tolerance 5.00e-02)
Best objective -1.814641800000e+03, best bound -1.819287660000e+03, gap 0.2560%
Changed value of parameter MIPGap to 0.05
   Prev: 0.0001  Min: 0.0  Max: 1e+100  Default: 0.0001
Changed value of parameter TimeLimit to 1800.0
   Prev: 1e+100  Min: 0.0  Max: 1e+100  Default: 1e+100
Changed value of parameter Method to 2
   Prev: -1  Min: -1  Max: 4  Default: -1
Changed value of parameter MIPFocus to 1
   Prev: 0  Min: 0  Max: 3  Default: 0
Optimize a model with 4380 rows, 6420 columns and 12840 nonzeros
Variable types: 0 continuous, 6420 integer (6420 binary)
Coefficient statistics:
  Matrix range     [1e+00, 5e+00]
  Objective range  [1e+00, 1e+00]
  Bounds range     [1e+00, 1e+00]
  RHS range        [8e+01, 8e+01]
Found heuristic solution: objective 0
Presolve removed 4308 rows and 5107 columns
Presolve time: 0.01s
Presolved: 72 rows, 1313 columns, 2505 nonzeros
Found heuristic solution: objective -1663.157000
Variable types: 0 continuous, 1313 integer (1096 binary)
Presolved: 72 rows, 1313 columns, 2505 nonzeros

Root barrier log...

Ordering time: 0.00s

Barrier statistics:
 AA' NZ     : 1.162e+03
 Factor NZ  : 2.581e+03 (roughly 1 MByte of memory)
 Factor Ops : 1.225e+05 (less than 1 second per iteration)
 Threads    : 1

                  Objective                Residual
Iter       Primal          Dual         Primal    Dual     Compl     Time
   0  -3.87860391e+03 -3.48940516e+03  2.28e+01 8.88e-16  2.09e+00     0s
   1  -1.95874008e+03 -2.71230365e+03  2.65e+00 2.92e-01  5.07e-01     0s
   2  -1.79663781e+03 -1.96101270e+03  9.62e-02 2.37e-02  6.70e-02     0s
   3  -1.82082223e+03 -1.85528536e+03  1.19e-02 9.45e-04  1.35e-02     0s
   4  -1.82829618e+03 -1.83717711e+03  8.18e-04 8.88e-16  3.35e-03     0s
   5  -1.82955153e+03 -1.83232096e+03  1.18e-04 1.78e-15  1.04e-03     0s
   6  -1.82995367e+03 -1.83014687e+03  0.00e+00 1.78e-15  7.20e-05     0s
   7  -1.82997386e+03 -1.83001567e+03  0.00e+00 1.78e-15  1.55e-05     0s
   8  -1.82997475e+03 -1.82997652e+03  0.00e+00 1.78e-15  6.59e-07     0s
   9  -1.82997532e+03 -1.82997533e+03  0.00e+00 1.78e-15  3.62e-09     0s

Barrier solved model in 9 iterations and 0.01 seconds
Optimal objective -1.82997532e+03


Root relaxation: objective -1.829975e+03, 439 iterations, 0.01 seconds

    Nodes    |    Current Node    |     Objective Bounds      |     Work
 Expl Unexpl |  Obj  Depth IntInf | Incumbent    BestBd   Gap | It/Node Time

     0     0 -1829.9753    0    9 -1663.1570 -1829.9753  10.0%     -    0s
H    0     0                    -1825.283600 -1829.9753  0.26%     -    0s

Explored 0 nodes (579 simplex iterations) in 0.02 seconds
Thread count was 20 (of 20 available processors)

Solution count 3: -1825.28 -1663.16 -90.0992 
Pool objective bound -1829.98

Optimal solution found (tolerance 5.00e-02)
Best objective -1.825283600000e+03, best bound -1.829975320000e+03, gap 0.2570%
Changed value of parameter MIPGap to 0.05
   Prev: 0.0001  Min: 0.0  Max: 1e+100  Default: 0.0001
Changed value of parameter TimeLimit to 1800.0
   Prev: 1e+100  Min: 0.0  Max: 1e+100  Default: 1e+100
Changed value of parameter Method to 2
   Prev: -1  Min: -1  Max: 4  Default: -1
Changed value of parameter MIPFocus to 1
   Prev: 0  Min: 0  Max: 3  Default: 0
Optimize a model with 4380 rows, 6420 columns and 12840 nonzeros
Variable types: 0 continuous, 6420 integer (6420 binary)
Coefficient statistics:
  Matrix range     [1e+00, 5e+00]
  Objective range  [1e+00, 1e+00]
  Bounds range     [1e+00, 1e+00]
  RHS range        [8e+01, 8e+01]
Found heuristic solution: objective 0
Presolve removed 4308 rows and 5107 columns
Presolve time: 0.01s
Presolved: 72 rows, 1313 columns, 2505 nonzeros
Found heuristic solution: objective -1690.314000
Variable types: 0 continuous, 1313 integer (1096 binary)
Presolved: 72 rows, 1313 columns, 2505 nonzeros

Root barrier log...

Ordering time: 0.00s

Barrier statistics:
 AA' NZ     : 1.162e+03
 Factor NZ  : 2.581e+03 (roughly 1 MByte of memory)
 Factor Ops : 1.225e+05 (less than 1 second per iteration)
 Threads    : 1

                  Objective                Residual
Iter       Primal          Dual         Primal    Dual     Compl     Time
   0  -3.93484047e+03 -3.52492647e+03  2.28e+01 8.88e-16  2.10e+00     0s
   1  -1.98385419e+03 -2.74189934e+03  2.62e+00 2.91e-01  5.08e-01     0s
   2  -1.82260828e+03 -1.98194779e+03  9.00e-02 2.25e-02  6.48e-02     0s
   3  -1.84108463e+03 -1.87737258e+03  2.09e-02 7.42e-05  1.47e-02     0s
   4  -1.84876990e+03 -1.85806672e+03  3.40e-03 1.09e-03  3.66e-03     0s
   5  -1.85036969e+03 -1.85318544e+03  1.16e-03 1.78e-15  1.12e-03     0s
   6  -1.85124898e+03 -1.85168370e+03  3.74e-05 1.78e-15  1.65e-04     0s
   7  -1.85134750e+03 -1.85143204e+03  1.20e-07 1.78e-15  3.14e-05     0s
   8  -1.85134932e+03 -1.85135209e+03  0.00e+00 2.76e-09  1.05e-06     0s
   9  -1.85135063e+03 -1.85135066e+03  0.00e+00 1.78e-15  1.03e-08     0s
  10  -1.85135064e+03 -1.85135064e+03  3.46e-16 1.78e-15  1.09e-14     0s

Barrier solved model in 10 iterations and 0.02 seconds
Optimal objective -1.85135064e+03


Root relaxation: objective -1.851351e+03, 435 iterations, 0.01 seconds

    Nodes    |    Current Node    |     Objective Bounds      |     Work
 Expl Unexpl |  Obj  Depth IntInf | Incumbent    BestBd   Gap | It/Node Time

     0     0 -1851.3506    0    9 -1690.3140 -1851.3506  9.53%     -    0s
H    0     0                    -1846.567200 -1851.3506  0.26%     -    0s

Explored 0 nodes (598 simplex iterations) in 0.02 seconds
Thread count was 20 (of 20 available processors)

Solution count 3: -1846.57 -1690.31 -91.1984 
Pool objective bound -1851.35

Optimal solution found (tolerance 5.00e-02)
Best objective -1.846567200000e+03, best bound -1.851350640000e+03, gap 0.2590%
Changed value of parameter MIPGap to 0.05
   Prev: 0.0001  Min: 0.0  Max: 1e+100  Default: 0.0001
Changed value of parameter TimeLimit to 1800.0
   Prev: 1e+100  Min: 0.0  Max: 1e+100  Default: 1e+100
Changed value of parameter Method to 2
   Prev: -1  Min: -1  Max: 4  Default: -1
Changed value of parameter MIPFocus to 1
   Prev: 0  Min: 0  Max: 3  Default: 0
Optimize a model with 4380 rows, 6420 columns and 12840 nonzeros
Variable types: 0 continuous, 6420 integer (6420 binary)
Coefficient statistics:
  Matrix range     [1e+00, 5e+00]
  Objective range  [1e+00, 1e+00]
  Bounds range     [1e+00, 1e+00]
  RHS range        [8e+01, 8e+01]
Found heuristic solution: objective 0
Presolve removed 4308 rows and 5107 columns
Presolve time: 0.01s
Presolved: 72 rows, 1313 columns, 2505 nonzeros
Found heuristic solution: objective -1744.628000
Variable types: 0 continuous, 1313 integer (1096 binary)
Presolved: 72 rows, 1313 columns, 2505 nonzeros

Root barrier log...

Ordering time: 0.00s

Barrier statistics:
 AA' NZ     : 1.162e+03
 Factor NZ  : 2.581e+03 (roughly 1 MByte of memory)
 Factor Ops : 1.225e+05 (less than 1 second per iteration)
 Threads    : 1

                  Objective                Residual
Iter       Primal          Dual         Primal    Dual     Compl     Time
   0  -4.04730821e+03 -3.59596908e+03  2.28e+01 8.88e-16  2.12e+00     0s
   1  -2.03435472e+03 -2.80133284e+03  2.56e+00 2.89e-01  5.10e-01     0s
   2  -1.86893782e+03 -2.02195023e+03  7.26e-02 1.96e-02  6.16e-02     0s
   3  -1.88826535e+03 -1.91441895e+03  1.37e-02 1.78e-15  1.05e-02     0s
   4  -1.89274343e+03 -1.90014213e+03  4.25e-03 1.78e-15  3.01e-03     0s
   5  -1.89430792e+03 -1.89652655e+03  1.46e-03 1.78e-15  9.13e-04     0s
   6  -1.89478894e+03 -1.89556263e+03  5.34e-04 1.78e-15  3.20e-04     0s
   7  -1.89493569e+03 -1.89528883e+03  2.72e-04 1.78e-15  1.48e-04     0s
   8  -1.89500215e+03 -1.89521008e+03  1.59e-04 1.78e-15  8.71e-05     0s
   9  -1.89506352e+03 -1.89511691e+03  5.38e-05 1.78e-15  2.32e-05     0s
  10  -1.89509599e+03 -1.89510032e+03  2.20e-07 1.78e-15  1.66e-06     0s
  11  -1.89509744e+03 -1.89509744e+03  0.00e+00 1.78e-15  1.70e-09     0s

Barrier solved model in 11 iterations and 0.02 seconds
Optimal objective -1.89509744e+03


Root relaxation: objective -1.895097e+03, 670 iterations, 0.01 seconds

    Nodes    |    Current Node    |     Objective Bounds      |     Work
 Expl Unexpl |  Obj  Depth IntInf | Incumbent    BestBd   Gap | It/Node Time

     0     0 -1895.0974    0   22 -1744.6280 -1895.0974  8.62%     -    0s
H    0     0                    -1887.738400 -1895.0974  0.39%     -    0s

Explored 0 nodes (954 simplex iterations) in 0.03 seconds
Thread count was 20 (of 20 available processors)

Solution count 3: -1887.74 -1744.63 -93.3968 
Pool objective bound -1895.1

Optimal solution found (tolerance 5.00e-02)
Best objective -1.887738400000e+03, best bound -1.895097440000e+03, gap 0.3898%
Changed value of parameter MIPGap to 0.05
   Prev: 0.0001  Min: 0.0  Max: 1e+100  Default: 0.0001
Changed value of parameter TimeLimit to 1800.0
   Prev: 1e+100  Min: 0.0  Max: 1e+100  Default: 1e+100
Changed value of parameter Method to 2
   Prev: -1  Min: -1  Max: 4  Default: -1
Changed value of parameter MIPFocus to 1
   Prev: 0  Min: 0  Max: 3  Default: 0
Optimize a model with 4380 rows, 6420 columns and 12840 nonzeros
Variable types: 0 continuous, 6420 integer (6420 binary)
Coefficient statistics:
  Matrix range     [1e+00, 5e+00]
  Objective range  [1e+00, 1e+00]
  Bounds range     [1e+00, 1e+00]
  RHS range        [8e+01, 8e+01]
Found heuristic solution: objective 0
Presolve removed 4308 rows and 5107 columns
Presolve time: 0.01s
Presolved: 72 rows, 1313 columns, 2505 nonzeros
Found heuristic solution: objective -1771.785000
Variable types: 0 continuous, 1313 integer (1096 binary)
Presolved: 72 rows, 1313 columns, 2505 nonzeros

Root barrier log...

Ordering time: 0.00s

Barrier statistics:
 AA' NZ     : 1.162e+03
 Factor NZ  : 2.581e+03 (roughly 1 MByte of memory)
 Factor Ops : 1.225e+05 (less than 1 second per iteration)
 Threads    : 1

                  Objective                Residual
Iter       Primal          Dual         Primal    Dual     Compl     Time
   0  -4.10353946e+03 -3.63149038e+03  2.28e+01 8.88e-16  2.14e+00     0s
   1  -2.05973971e+03 -2.83116837e+03  2.53e+00 2.88e-01  5.11e-01     0s
   2  -1.88770995e+03 -2.04888101e+03  4.86e-02 2.08e-02  6.34e-02     0s
   3  -1.91140923e+03 -1.93582469e+03  9.70e-03 1.78e-15  9.73e-03     0s
   4  -1.91487107e+03 -1.93170954e+03  5.59e-03 1.78e-15  6.64e-03     0s
   5  -1.91925272e+03 -1.92410288e+03  8.01e-04 1.78e-15  1.86e-03     0s
   6  -1.92052828e+03 -1.92099988e+03  1.10e-05 1.78e-15  1.76e-04     0s
   7  -1.92055486e+03 -1.92076924e+03  6.11e-06 1.78e-15  8.03e-05     0s
   8  -1.92057593e+03 -1.92068657e+03  2.43e-06 1.78e-15  4.14e-05     0s
   9  -1.92059038e+03 -1.92061311e+03  2.84e-07 1.78e-15  8.54e-06     0s
  10  -1.92059645e+03 -1.92059870e+03  0.00e+00 1.78e-15  8.39e-07     0s
  11  -1.92059680e+03 -1.92059680e+03  0.00e+00 1.78e-15  1.01e-09     0s

Barrier solved model in 11 iterations and 0.02 seconds
Optimal objective -1.92059680e+03


Root relaxation: objective -1.920597e+03, 669 iterations, 0.01 seconds

    Nodes    |    Current Node    |     Objective Bounds      |     Work
 Expl Unexpl |  Obj  Depth IntInf | Incumbent    BestBd   Gap | It/Node Time

     0     0 -1920.5968    0   23 -1771.7850 -1920.5968  8.40%     -    0s
H    0     0                    -1912.923000 -1920.5968  0.40%     -    0s

Explored 0 nodes (798 simplex iterations) in 0.03 seconds
Thread count was 20 (of 20 available processors)

Solution count 3: -1912.92 -1771.79 -94.496 
Pool objective bound -1920.6

Optimal solution found (tolerance 5.00e-02)
Best objective -1.912923000000e+03, best bound -1.920596800000e+03, gap 0.4012%
Changed value of parameter MIPGap to 0.05
   Prev: 0.0001  Min: 0.0  Max: 1e+100  Default: 0.0001
Changed value of parameter TimeLimit to 1800.0
   Prev: 1e+100  Min: 0.0  Max: 1e+100  Default: 1e+100
Changed value of parameter Method to 2
   Prev: -1  Min: -1  Max: 4  Default: -1
Changed value of parameter MIPFocus to 1
   Prev: 0  Min: 0  Max: 3  Default: 0
Optimize a model with 4380 rows, 6420 columns and 12840 nonzeros
Variable types: 0 continuous, 6420 integer (6420 binary)
Coefficient statistics:
  Matrix range     [1e+00, 5e+00]
  Objective range  [1e+00, 2e+00]
  Bounds range     [1e+00, 1e+00]
  RHS range        [8e+01, 8e+01]
Found heuristic solution: objective 0
Presolve removed 4308 rows and 5107 columns
Presolve time: 0.01s
Presolved: 72 rows, 1313 columns, 2505 nonzeros
Found heuristic solution: objective -1907.570000
Variable types: 0 continuous, 1313 integer (1096 binary)
Presolved: 72 rows, 1313 columns, 2505 nonzeros

Root barrier log...

Ordering time: 0.00s

Barrier statistics:
 AA' NZ     : 1.162e+03
 Factor NZ  : 2.581e+03 (roughly 1 MByte of memory)
 Factor Ops : 1.225e+05 (less than 1 second per iteration)
 Threads    : 1

                  Objective                Residual
Iter       Primal          Dual         Primal    Dual     Compl     Time
   0  -4.38477215e+03 -3.81975973e+03  2.28e+01 4.44e-16  2.20e+00     0s
   1  -2.18699836e+03 -3.03826486e+03  2.39e+00 2.83e-01  5.41e-01     0s
   2  -2.00578548e+03 -2.16620162e+03  2.71e-02 1.62e-02  6.16e-02     0s
   3  -2.03407553e+03 -2.08621137e+03  7.65e-03 5.33e-15  1.99e-02     0s
   4  -2.04086682e+03 -2.06454390e+03  3.24e-03 2.66e-15  9.03e-03     0s
   5  -2.04522654e+03 -2.05322213e+03  1.09e-03 1.78e-15  3.05e-03     0s
   6  -2.04758646e+03 -2.04998834e+03  0.00e+00 1.78e-15  8.93e-04     0s
   7  -2.04796407e+03 -2.04870811e+03  0.00e+00 1.78e-15  2.76e-04     0s
   8  -2.04802899e+03 -2.04839894e+03  0.00e+00 1.78e-15  1.37e-04     0s
   9  -2.04806058e+03 -2.04813426e+03  0.00e+00 1.78e-15  2.74e-05     0s
  10  -2.04807649e+03 -2.04809809e+03  0.00e+00 1.78e-15  8.05e-06     0s
  11  -2.04809342e+03 -2.04809413e+03  0.00e+00 1.78e-15  2.65e-07     0s
  12  -2.04809360e+03 -2.04809360e+03  0.00e+00 1.78e-15  6.67e-13     0s

Barrier solved model in 12 iterations and 0.02 seconds
Optimal objective -2.04809360e+03


Root relaxation: objective -2.048094e+03, 668 iterations, 0.01 seconds

    Nodes    |    Current Node    |     Objective Bounds      |     Work
 Expl Unexpl |  Obj  Depth IntInf | Incumbent    BestBd   Gap | It/Node Time

     0     0 -2048.0936    0   23 -1907.5700 -2048.0936  7.37%     -    0s
H    0     0                    -2037.738000 -2048.0936  0.51%     -    0s

Explored 0 nodes (877 simplex iterations) in 0.03 seconds
Thread count was 20 (of 20 available processors)

Solution count 3: -2037.74 -1907.57 -99.992 
Pool objective bound -2048.09

Optimal solution found (tolerance 5.00e-02)
Best objective -2.037738000000e+03, best bound -2.048093600000e+03, gap 0.5082%
Changed value of parameter MIPGap to 0.05
   Prev: 0.0001  Min: 0.0  Max: 1e+100  Default: 0.0001
Changed value of parameter TimeLimit to 1800.0
   Prev: 1e+100  Min: 0.0  Max: 1e+100  Default: 1e+100
Changed value of parameter Method to 2
   Prev: -1  Min: -1  Max: 4  Default: -1
Changed value of parameter MIPFocus to 1
   Prev: 0  Min: 0  Max: 3  Default: 0
Optimize a model with 4380 rows, 6420 columns and 12840 nonzeros
Variable types: 0 continuous, 6420 integer (6420 binary)
Coefficient statistics:
  Matrix range     [1e+00, 5e+00]
  Objective range  [1e+00, 3e+00]
  Bounds range     [1e+00, 1e+00]
  RHS range        [8e+01, 8e+01]
Found heuristic solution: objective 0
Presolve removed 4308 rows and 5107 columns
Presolve time: 0.01s
Presolved: 72 rows, 1313 columns, 2505 nonzeros
Found heuristic solution: objective -2192.496000
Variable types: 0 continuous, 1313 integer (1096 binary)
Presolved: 72 rows, 1313 columns, 2505 nonzeros

Root barrier log...

Ordering time: 0.00s

Barrier statistics:
 AA' NZ     : 1.162e+03
 Factor NZ  : 2.581e+03 (roughly 1 MByte of memory)
 Factor Ops : 1.225e+05 (less than 1 second per iteration)
 Threads    : 1

                  Objective                Residual
Iter       Primal          Dual         Primal    Dual     Compl     Time
   0  -4.94718813e+03 -4.19929208e+03  2.28e+01 8.88e-16  2.35e+00     0s
   1  -2.44709523e+03 -3.35773309e+03  2.10e+00 2.78e-01  5.53e-01     0s
   2  -2.27399010e+03 -2.40809039e+03  3.07e-02 1.07e-02  5.21e-02     0s
   3  -2.29217748e+03 -2.32445213e+03  1.03e-02 1.78e-15  1.27e-02     0s
   4  -2.29976328e+03 -2.31484157e+03  1.85e-03 1.78e-15  5.73e-03     0s
   5  -2.30228061e+03 -2.30712627e+03  8.49e-04 1.78e-15  1.86e-03     0s
   6  -2.30382136e+03 -2.30573310e+03  2.47e-04 1.78e-15  7.30e-04     0s
   7  -2.30419755e+03 -2.30482661e+03  1.14e-04 1.78e-15  2.43e-04     0s
   8  -2.30440930e+03 -2.30452982e+03  3.46e-05 1.78e-15  4.78e-05     0s
   9  -2.30450652e+03 -2.30450942e+03  0.00e+00 1.78e-15  1.07e-06     0s
  10  -2.30450720e+03 -2.30450720e+03  0.00e+00 1.78e-15  6.90e-12     0s

Barrier solved model in 10 iterations and 0.02 seconds
Optimal objective -2.30450720e+03


Root relaxation: objective -2.304507e+03, 722 iterations, 0.01 seconds

    Nodes    |    Current Node    |     Objective Bounds      |     Work
 Expl Unexpl |  Obj  Depth IntInf | Incumbent    BestBd   Gap | It/Node Time

     0     0 -2304.5072    0   26 -2192.4960 -2304.5072  5.11%     -    0s
H    0     0                    -2290.312000 -2304.5072  0.62%     -    0s

Explored 0 nodes (934 simplex iterations) in 0.03 seconds
Thread count was 20 (of 20 available processors)

Solution count 3: -2290.31 -2192.5 -110.984 
Pool objective bound -2304.51

Optimal solution found (tolerance 5.00e-02)
Best objective -2.290312000000e+03, best bound -2.304507200000e+03, gap 0.6198%
Changed value of parameter MIPGap to 0.05
   Prev: 0.0001  Min: 0.0  Max: 1e+100  Default: 0.0001
Changed value of parameter TimeLimit to 1800.0
   Prev: 1e+100  Min: 0.0  Max: 1e+100  Default: 1e+100
Changed value of parameter Method to 2
   Prev: -1  Min: -1  Max: 4  Default: -1
Changed value of parameter MIPFocus to 1
   Prev: 0  Min: 0  Max: 3  Default: 0
Optimize a model with 4380 rows, 6420 columns and 12840 nonzeros
Variable types: 0 continuous, 6420 integer (6420 binary)
Coefficient statistics:
  Matrix range     [1e+00, 5e+00]
  Objective range  [1e+00, 4e+00]
  Bounds range     [1e+00, 1e+00]
  RHS range        [8e+01, 8e+01]
Found heuristic solution: objective 0
Presolve removed 4308 rows and 5107 columns
Presolve time: 0.01s
Presolved: 72 rows, 1313 columns, 2505 nonzeros
Found heuristic solution: objective -2754.992000
Variable types: 0 continuous, 1313 integer (1096 binary)
Presolved: 72 rows, 1313 columns, 2505 nonzeros

Root barrier log...

Ordering time: 0.00s

Barrier statistics:
 AA' NZ     : 1.162e+03
 Factor NZ  : 2.581e+03 (roughly 1 MByte of memory)
 Factor Ops : 1.225e+05 (less than 1 second per iteration)
 Threads    : 1

                  Objective                Residual
Iter       Primal          Dual         Primal    Dual     Compl     Time
   0  -6.07260384e+03 -5.02892011e+03  2.28e+01 4.44e-16  2.71e+00     0s
   1  -2.98311408e+03 -4.07154278e+03  1.60e+00 2.89e-01  6.00e-01     0s
   2  -2.86503317e+03 -2.99202852e+03  8.61e-02 1.33e-02  5.41e-02     0s
   3  -2.87950437e+03 -2.92359206e+03  3.12e-02 2.66e-15  1.88e-02     0s
   4  -2.88211952e+03 -2.90143109e+03  1.77e-02 1.78e-15  8.51e-03     0s
   5  -2.88603098e+03 -2.89452994e+03  4.95e-03 1.78e-15  3.53e-03     0s
   6  -2.88730078e+03 -2.88847457e+03  1.22e-03 1.78e-15  5.30e-04     0s
   7  -2.88757012e+03 -2.88774089e+03  4.26e-04 1.78e-15  9.65e-05     0s
   8  -2.88768754e+03 -2.88768890e+03  2.05e-07 1.78e-15  5.27e-07     0s
   9  -2.88768800e+03 -2.88768800e+03  0.00e+00 5.33e-15  5.27e-10     0s

Barrier solved model in 9 iterations and 0.01 seconds
Optimal objective -2.88768800e+03


Root relaxation: objective -2.887688e+03, 999 iterations, 0.01 seconds

    Nodes    |    Current Node    |     Objective Bounds      |     Work
 Expl Unexpl |  Obj  Depth IntInf | Incumbent    BestBd   Gap | It/Node Time

     0     0 -2887.6880    0   30 -2754.9920 -2887.6880  4.82%     -    0s

Explored 0 nodes (1199 simplex iterations) in 0.03 seconds
Thread count was 20 (of 20 available processors)

Solution count 2: -2754.99 -132.968 
Pool objective bound -2887.69

Optimal solution found (tolerance 5.00e-02)
Best objective -2.754992000000e+03, best bound -2.887688000000e+03, gap 4.8166%
Changed value of parameter MIPGap to 0.05
   Prev: 0.0001  Min: 0.0  Max: 1e+100  Default: 0.0001
Changed value of parameter TimeLimit to 1800.0
   Prev: 1e+100  Min: 0.0  Max: 1e+100  Default: 1e+100
Changed value of parameter Method to 2
   Prev: -1  Min: -1  Max: 4  Default: -1
Changed value of parameter MIPFocus to 1
   Prev: 0  Min: 0  Max: 3  Default: 0
Optimize a model with 4380 rows, 6420 columns and 12840 nonzeros
Variable types: 0 continuous, 6420 integer (6420 binary)
Coefficient statistics:
  Matrix range     [1e+00, 5e+00]
  Objective range  [2e+00, 5e+00]
  Bounds range     [1e+00, 1e+00]
  RHS range        [8e+01, 8e+01]
Found heuristic solution: objective 0
Presolve removed 4308 rows and 5107 columns
Presolve time: 0.01s
Presolved: 72 rows, 1313 columns, 2505 nonzeros
Found heuristic solution: objective -3024.520000
Variable types: 0 continuous, 1313 integer (1096 binary)
Presolved: 72 rows, 1313 columns, 2505 nonzeros

Root barrier log...

Ordering time: 0.00s

Barrier statistics:
 AA' NZ     : 1.162e+03
 Factor NZ  : 2.581e+03 (roughly 1 MByte of memory)
 Factor Ops : 1.225e+05 (less than 1 second per iteration)
 Threads    : 1

                  Objective                Residual
Iter       Primal          Dual         Primal    Dual     Compl     Time
   0  -6.63744015e+03 -5.63940350e+03  2.28e+01 8.88e-16  3.10e+00     0s
   1  -3.24365533e+03 -4.55578560e+03  1.37e+00 3.48e-01  6.80e-01     0s
   2  -3.16763509e+03 -3.32857449e+03  7.59e-02 2.07e-02  6.68e-02     0s
   3  -3.18984571e+03 -3.25550390e+03  2.49e-02 3.55e-15  2.66e-02     0s
   4  -3.19588885e+03 -3.21137852e+03  2.86e-03 1.78e-15  6.03e-03     0s
   5  -3.20142101e+03 -3.20550608e+03  6.56e-04 1.78e-15  1.58e-03     0s
   6  -3.20251374e+03 -3.20288311e+03  1.11e-04 1.78e-15  1.49e-04     0s
   7  -3.20260900e+03 -3.20261065e+03  0.00e+00 1.78e-15  6.12e-07     0s
   8  -3.20261000e+03 -3.20261000e+03  0.00e+00 1.78e-15  6.35e-13     0s

Barrier solved model in 8 iterations and 0.01 seconds
Optimal objective -3.20261000e+03


Root relaxation: objective -3.202610e+03, 1001 iterations, 0.01 seconds

    Nodes    |    Current Node    |     Objective Bounds      |     Work
 Expl Unexpl |  Obj  Depth IntInf | Incumbent    BestBd   Gap | It/Node Time

     0     0 -3202.6100    0   26 -3024.5200 -3202.6100  5.89%     -    0s
H    0     0                    -3187.210000 -3202.6100  0.48%     -    0s

Explored 0 nodes (1202 simplex iterations) in 0.03 seconds
Thread count was 20 (of 20 available processors)

Solution count 3: -3187.21 -3024.52 -143.96 
Pool objective bound -3202.61

Optimal solution found (tolerance 5.00e-02)
Best objective -3.187210000000e+03, best bound -3.202610000000e+03, gap 0.4832%
Changed value of parameter MIPGap to 0.05
   Prev: 0.0001  Min: 0.0  Max: 1e+100  Default: 0.0001
Changed value of parameter TimeLimit to 1800.0
   Prev: 1e+100  Min: 0.0  Max: 1e+100  Default: 1e+100
Changed value of parameter Method to 2
   Prev: -1  Min: -1  Max: 4  Default: -1
Changed value of parameter MIPFocus to 1
   Prev: 0  Min: 0  Max: 3  Default: 0
Optimize a model with 4380 rows, 6420 columns and 12840 nonzeros
Variable types: 0 continuous, 6420 integer (6420 binary)
Coefficient statistics:
  Matrix range     [1e+00, 5e+00]
  Objective range  [2e+00, 9e+00]
  Bounds range     [1e+00, 1e+00]
  RHS range        [8e+01, 8e+01]
Found heuristic solution: objective 0
Presolve removed 4308 rows and 5107 columns
Presolve time: 0.01s
Presolved: 72 rows, 1313 columns, 2505 nonzeros
Found heuristic solution: objective -4474.460000
Variable types: 0 continuous, 1313 integer (1096 binary)
Presolved: 72 rows, 1313 columns, 2505 nonzeros

Root barrier log...

Ordering time: 0.00s

Barrier statistics:
 AA' NZ     : 1.162e+03
 Factor NZ  : 2.581e+03 (roughly 1 MByte of memory)
 Factor Ops : 1.225e+05 (less than 1 second per iteration)
 Threads    : 1

                  Objective                Residual
Iter       Primal          Dual         Primal    Dual     Compl     Time
   0  -9.46659176e+03 -9.69768014e+03  2.29e+01 1.78e-15  6.20e+00     0s
   1  -4.53472907e+03 -7.62627015e+03  7.04e-01 9.21e-01  1.36e+00     0s
   2  -4.64835363e+03 -5.07354706e+03  7.10e-03 7.83e-02  1.59e-01     0s
   3  -4.76117441e+03 -4.88540244e+03  5.61e-04 1.74e-02  4.62e-02     0s
   4  -4.77318183e+03 -4.78644926e+03  0.00e+00 3.55e-15  4.93e-03     0s
   5  -4.77588122e+03 -4.78302592e+03  0.00e+00 3.55e-15  2.65e-03     0s
   6  -4.77633339e+03 -4.78051825e+03  0.00e+00 3.55e-15  1.56e-03     0s
   7  -4.77698741e+03 -4.77741417e+03  2.53e-08 3.55e-15  1.59e-04     0s
   8  -4.77721753e+03 -4.77722114e+03  0.00e+00 3.55e-15  1.34e-06     0s
   9  -4.77722000e+03 -4.77722000e+03  0.00e+00 3.55e-15  1.34e-09     0s

Barrier solved model in 9 iterations and 0.01 seconds
Optimal objective -4.77722000e+03


Root relaxation: objective -4.777220e+03, 998 iterations, 0.01 seconds

    Nodes    |    Current Node    |     Objective Bounds      |     Work
 Expl Unexpl |  Obj  Depth IntInf | Incumbent    BestBd   Gap | It/Node Time

     0     0 -4777.2200    0   26 -4474.4600 -4777.2200  6.77%     -    0s
H    0     0                    -4758.500000 -4777.2200  0.39%     -    0s

Explored 0 nodes (1228 simplex iterations) in 0.03 seconds
Thread count was 20 (of 20 available processors)

Solution count 3: -4758.5 -4474.46 -198.92 
Pool objective bound -4777.22

Optimal solution found (tolerance 5.00e-02)
Best objective -4.758500000000e+03, best bound -4.777220000000e+03, gap 0.3934%
Changed value of parameter MIPGap to 0.05
   Prev: 0.0001  Min: 0.0  Max: 1e+100  Default: 0.0001
Changed value of parameter TimeLimit to 1800.0
   Prev: 1e+100  Min: 0.0  Max: 1e+100  Default: 1e+100
Changed value of parameter Method to 2
   Prev: -1  Min: -1  Max: 4  Default: -1
Changed value of parameter MIPFocus to 1
   Prev: 0  Min: 0  Max: 3  Default: 0
Optimize a model with 4380 rows, 6420 columns and 12840 nonzeros
Variable types: 0 continuous, 6420 integer (6420 binary)
Coefficient statistics:
  Matrix range     [1e+00, 5e+00]
  Objective range  [3e+00, 2e+01]
  Bounds range     [1e+00, 1e+00]
  RHS range        [8e+01, 8e+01]
Found heuristic solution: objective 0
Presolve removed 4308 rows and 5107 columns
Presolve time: 0.01s
Presolved: 72 rows, 1313 columns, 2505 nonzeros
Found heuristic solution: objective -7414.960000
Variable types: 0 continuous, 1313 integer (1096 binary)
Presolved: 72 rows, 1313 columns, 2505 nonzeros

Root barrier log...

Ordering time: 0.00s

Barrier statistics:
 AA' NZ     : 1.162e+03
 Factor NZ  : 2.581e+03 (roughly 1 MByte of memory)
 Factor Ops : 1.225e+05 (less than 1 second per iteration)
 Threads    : 1

                  Objective                Residual
Iter       Primal          Dual         Primal    Dual     Compl     Time
   0  -1.51171969e+04 -1.78142334e+04  2.29e+01 3.55e-15  1.24e+01     0s
   1  -7.25320881e+03 -1.31488581e+04  3.19e-01 2.09e+00  2.44e+00     0s
   2  -7.72802597e+03 -8.45315462e+03  0.00e+00 1.81e-01  2.70e-01     0s
   3  -7.88403814e+03 -7.97743656e+03  0.00e+00 3.55e-15  3.46e-02     0s
   4  -7.89640957e+03 -7.94170836e+03  0.00e+00 3.55e-15  1.68e-02     0s
   5  -7.92143170e+03 -7.93224514e+03  0.00e+00 3.55e-15  4.01e-03     0s
   6  -7.92521522e+03 -7.92681941e+03  0.00e+00 7.11e-15  5.95e-04     0s
   7  -7.92641564e+03 -7.92645685e+03  0.00e+00 3.55e-15  1.53e-05     0s
   8  -7.92644000e+03 -7.92644000e+03  0.00e+00 7.11e-15  8.75e-11     0s

Barrier solved model in 8 iterations and 0.01 seconds
Optimal objective -7.92644000e+03


Root relaxation: objective -7.926440e+03, 1000 iterations, 0.01 seconds

    Nodes    |    Current Node    |     Objective Bounds      |     Work
 Expl Unexpl |  Obj  Depth IntInf | Incumbent    BestBd   Gap | It/Node Time

     0     0 -7926.4400    0   22 -7414.9600 -7926.4400  6.90%     -    0s
H    0     0                    -7894.840000 -7926.4400  0.40%     -    0s

Explored 0 nodes (1350 simplex iterations) in 0.04 seconds
Thread count was 20 (of 20 available processors)

Solution count 3: -7894.84 -7414.96 -308.84 
Pool objective bound -7926.44

Optimal solution found (tolerance 5.00e-02)
Best objective -7.894840000000e+03, best bound -7.926440000000e+03, gap 0.4003%
Changed value of parameter MIPGap to 0.05
   Prev: 0.0001  Min: 0.0  Max: 1e+100  Default: 0.0001
Changed value of parameter TimeLimit to 1800.0
   Prev: 1e+100  Min: 0.0  Max: 1e+100  Default: 1e+100
Changed value of parameter Method to 2
   Prev: -1  Min: -1  Max: 4  Default: -1
Changed value of parameter MIPFocus to 1
   Prev: 0  Min: 0  Max: 3  Default: 0
Optimize a model with 4380 rows, 6420 columns and 12840 nonzeros
Variable types: 0 continuous, 6420 integer (6420 binary)
Coefficient statistics:
  Matrix range     [1e+00, 5e+00]
  Objective range  [5e+00, 3e+01]
  Bounds range     [1e+00, 1e+00]
  RHS range        [8e+01, 8e+01]
Found heuristic solution: objective 0
Presolve removed 4308 rows and 5107 columns
Presolve time: 0.01s
Presolved: 72 rows, 1313 columns, 2505 nonzeros
Found heuristic solution: objective -13369.68000
Variable types: 0 continuous, 1313 integer (1096 binary)
Presolved: 72 rows, 1313 columns, 2505 nonzeros

Root barrier log...

Ordering time: 0.00s

Barrier statistics:
 AA' NZ     : 1.162e+03
 Factor NZ  : 2.581e+03 (roughly 1 MByte of memory)
 Factor Ops : 1.225e+05 (less than 1 second per iteration)
 Threads    : 1

                  Objective                Residual
Iter       Primal          Dual         Primal    Dual     Compl     Time
   0  -2.64144788e+04 -3.40473400e+04  2.29e+01 7.11e-15  2.47e+01     0s
   1  -1.28586993e+04 -2.48057910e+04  2.50e-01 4.41e+00  4.90e+00     0s
   2  -1.38489925e+04 -1.51998674e+04  0.00e+00 3.51e-01  5.03e-01     0s
   3  -1.41641416e+04 -1.43151351e+04  0.00e+00 1.42e-14  5.60e-02     0s
   4  -1.41805352e+04 -1.42512234e+04  0.00e+00 7.11e-15  2.62e-02     0s
   5  -1.42165326e+04 -1.42346157e+04  0.00e+00 7.11e-15  6.71e-03     0s
   6  -1.42217798e+04 -1.42263175e+04  0.00e+00 7.11e-15  1.68e-03     0s
   7  -1.42247209e+04 -1.42249721e+04  0.00e+00 1.42e-14  9.32e-05     0s
   8  -1.42248800e+04 -1.42248800e+04  0.00e+00 7.11e-15  7.35e-09     0s

Barrier solved model in 8 iterations and 0.01 seconds
Optimal objective -1.42248800e+04


Root relaxation: objective -1.422488e+04, 1001 iterations, 0.01 seconds

    Nodes    |    Current Node    |     Objective Bounds      |     Work
 Expl Unexpl |  Obj  Depth IntInf | Incumbent    BestBd   Gap | It/Node Time

     0     0 -14224.880    0   24 -13369.680 -14224.880  6.40%     -    0s
H    0     0                    -14166.36000 -14224.880  0.41%     -    0s

Explored 0 nodes (1302 simplex iterations) in 0.04 seconds
Thread count was 20 (of 20 available processors)

Solution count 3: -14166.4 -13369.7 -528.68 
Pool objective bound -14224.9

Optimal solution found (tolerance 5.00e-02)
Best objective -1.416636000000e+04, best bound -1.422488000000e+04, gap 0.4131%
Changed value of parameter MIPGap to 0.05
   Prev: 0.0001  Min: 0.0  Max: 1e+100  Default: 0.0001
Changed value of parameter TimeLimit to 1800.0
   Prev: 1e+100  Min: 0.0  Max: 1e+100  Default: 1e+100
Changed value of parameter Method to 2
   Prev: -1  Min: -1  Max: 4  Default: -1
Changed value of parameter MIPFocus to 1
   Prev: 0  Min: 0  Max: 3  Default: 0
Optimize a model with 4380 rows, 6420 columns and 12840 nonzeros
Variable types: 0 continuous, 6420 integer (6420 binary)
Coefficient statistics:
  Matrix range     [1e+00, 5e+00]
  Objective range  [6e+00, 4e+01]
  Bounds range     [1e+00, 1e+00]
  RHS range        [8e+01, 8e+01]
Found heuristic solution: objective 0
Presolve removed 4308 rows and 5107 columns
Presolve time: 0.01s
Presolved: 72 rows, 1313 columns, 2505 nonzeros
Found heuristic solution: objective -16340.10000
Variable types: 0 continuous, 1313 integer (1096 binary)
Presolved: 72 rows, 1313 columns, 2505 nonzeros

Root barrier log...

Ordering time: 0.00s

Barrier statistics:
 AA' NZ     : 1.162e+03
 Factor NZ  : 2.581e+03 (roughly 1 MByte of memory)
 Factor Ops : 1.225e+05 (less than 1 second per iteration)
 Threads    : 1

                  Objective                Residual
Iter       Primal          Dual         Primal    Dual     Compl     Time
   0  -3.20627233e+04 -4.21638933e+04  2.29e+01 7.11e-15  3.09e+01     0s
   1  -1.56669660e+04 -3.06354458e+04  2.35e-01 5.57e+00  6.13e+00     0s
   2  -1.69008398e+04 -1.85516248e+04  0.00e+00 4.27e-01  6.15e-01     0s
   3  -1.72948766e+04 -1.74866592e+04  0.00e+00 1.42e-14  7.11e-02     0s
   4  -1.73175254e+04 -1.74072451e+04  0.00e+00 1.42e-14  3.33e-02     0s
   5  -1.73631601e+04 -1.73883435e+04  0.00e+00 1.42e-14  9.34e-03     0s
   6  -1.73699167e+04 -1.73769019e+04  0.00e+00 1.42e-14  2.59e-03     0s
   7  -1.73738157e+04 -1.73742643e+04  0.00e+00 1.42e-14  1.66e-04     0s
   8  -1.73741000e+04 -1.73741001e+04  0.00e+00 1.42e-14  3.37e-08     0s
   9  -1.73741000e+04 -1.73741000e+04  0.00e+00 1.42e-14  3.37e-11     0s

Barrier solved model in 9 iterations and 0.02 seconds
Optimal objective -1.73741000e+04


Root relaxation: objective -1.737410e+04, 1000 iterations, 0.01 seconds

    Nodes    |    Current Node    |     Objective Bounds      |     Work
 Expl Unexpl |  Obj  Depth IntInf | Incumbent    BestBd   Gap | It/Node Time

     0     0 -17374.100    0   26 -16340.100 -17374.100  6.33%     -    0s
H    0     0                    -17310.10000 -17374.100  0.37%     -    0s

Explored 0 nodes (1340 simplex iterations) in 0.04 seconds
Thread count was 20 (of 20 available processors)

Solution count 3: -17310.1 -16340.1 -638.6 
Pool objective bound -17374.1

Optimal solution found (tolerance 5.00e-02)
Best objective -1.731010000000e+04, best bound -1.737410000000e+04, gap 0.3697%
Changed value of parameter MIPGap to 0.05
   Prev: 0.0001  Min: 0.0  Max: 1e+100  Default: 0.0001
Changed value of parameter TimeLimit to 1800.0
   Prev: 1e+100  Min: 0.0  Max: 1e+100  Default: 1e+100
Changed value of parameter Method to 2
   Prev: -1  Min: -1  Max: 4  Default: -1
Changed value of parameter MIPFocus to 1
   Prev: 0  Min: 0  Max: 3  Default: 0
Optimize a model with 4380 rows, 6420 columns and 12840 nonzeros
Variable types: 0 continuous, 6420 integer (6420 binary)
Coefficient statistics:
  Matrix range     [1e+00, 5e+00]
  Objective range  [1e+01, 8e+01]
  Bounds range     [1e+00, 1e+00]
  RHS range        [8e+01, 8e+01]
Found heuristic solution: objective 0
Presolve removed 4308 rows and 5107 columns
Presolve time: 0.01s
Presolved: 72 rows, 1313 columns, 2505 nonzeros
Found heuristic solution: objective -31192.20000
Variable types: 0 continuous, 1313 integer (1096 binary)
Presolved: 72 rows, 1313 columns, 2505 nonzeros

Root barrier log...

Ordering time: 0.00s

Barrier statistics:
 AA' NZ     : 1.162e+03
 Factor NZ  : 2.581e+03 (roughly 1 MByte of memory)
 Factor Ops : 1.225e+05 (less than 1 second per iteration)
 Threads    : 1

                  Objective                Residual
Iter       Primal          Dual         Primal    Dual     Compl     Time
   0  -6.03031486e+04 -8.27466597e+04  2.29e+01 1.42e-14  6.18e+01     0s
   1  -2.97195454e+04 -5.97862713e+04  2.07e-01 1.14e+01  1.23e+01     0s
   2  -3.21568375e+04 -3.52639629e+04  0.00e+00 8.08e-01  1.16e+00     0s
   3  -3.29546630e+04 -3.33202388e+04  0.00e+00 2.84e-14  1.36e-01     0s
   4  -3.30109457e+04 -3.32411681e+04  0.00e+00 1.42e-14  8.54e-02     0s
   5  -3.30926238e+04 -3.31812133e+04  0.00e+00 2.84e-14  3.28e-02     0s
   6  -3.31001735e+04 -3.31245210e+04  0.00e+00 2.84e-14  9.03e-03     0s
   7  -3.31201245e+04 -3.31203333e+04  0.00e+00 2.84e-14  7.74e-05     0s
   8  -3.31202000e+04 -3.31202000e+04  0.00e+00 2.84e-14  1.47e-10     0s

Barrier solved model in 8 iterations and 0.01 seconds
Optimal objective -3.31202000e+04


Root relaxation: objective -3.312020e+04, 1000 iterations, 0.01 seconds

    Nodes    |    Current Node    |     Objective Bounds      |     Work
 Expl Unexpl |  Obj  Depth IntInf | Incumbent    BestBd   Gap | It/Node Time

     0     0 -33120.200    0   28 -31192.200 -33120.200  6.18%     -    0s
H    0     0                    -32990.40000 -33120.200  0.39%     -    0s

Explored 0 nodes (1162 simplex iterations) in 0.03 seconds
Thread count was 20 (of 20 available processors)

Solution count 3: -32990.4 -31192.2 -1188.2 
Pool objective bound -33120.2

Optimal solution found (tolerance 5.00e-02)
Best objective -3.299040000000e+04, best bound -3.312020000000e+04, gap 0.3934%
Changed value of parameter MIPGap to 0.05
   Prev: 0.0001  Min: 0.0  Max: 1e+100  Default: 0.0001
Changed value of parameter TimeLimit to 1800.0
   Prev: 1e+100  Min: 0.0  Max: 1e+100  Default: 1e+100
Changed value of parameter Method to 2
   Prev: -1  Min: -1  Max: 4  Default: -1
Changed value of parameter MIPFocus to 1
   Prev: 0  Min: 0  Max: 3  Default: 0
Optimize a model with 4380 rows, 6420 columns and 12840 nonzeros
Variable types: 0 continuous, 6420 integer (6420 binary)
Coefficient statistics:
  Matrix range     [1e+00, 5e+00]
  Objective range  [2e+01, 2e+02]
  Bounds range     [1e+00, 1e+00]
  RHS range        [8e+01, 8e+01]
Found heuristic solution: objective 0
Presolve removed 4308 rows and 5107 columns
Presolve time: 0.01s
Presolved: 72 rows, 1313 columns, 2505 nonzeros
Found heuristic solution: objective -60896.40000
Variable types: 0 continuous, 1313 integer (1096 binary)
Presolved: 72 rows, 1313 columns, 2505 nonzeros

Root barrier log...

Ordering time: 0.00s

Barrier statistics:
 AA' NZ     : 1.162e+03
 Factor NZ  : 2.581e+03 (roughly 1 MByte of memory)
 Factor Ops : 1.225e+05 (less than 1 second per iteration)
 Threads    : 1

                  Objective                Residual
Iter       Primal          Dual         Primal    Dual     Compl     Time
   0  -1.16783201e+05 -1.63912193e+05  2.29e+01 2.84e-14  1.24e+02     0s
   1  -5.78364571e+04 -1.18090488e+05  1.95e-01 2.30e+01  2.46e+01     0s
   2  -6.26782679e+04 -6.87767849e+04  0.00e+00 1.58e+00  2.28e+00     0s
   3  -6.42686837e+04 -6.50017137e+04  0.00e+00 5.68e-14  2.72e-01     0s
   4  -6.43917660e+04 -6.48416855e+04  0.00e+00 2.84e-14  1.67e-01     0s
   5  -6.45548880e+04 -6.47381828e+04  0.00e+00 2.84e-14  6.80e-02     0s
   6  -6.45672941e+04 -6.46238619e+04  0.00e+00 5.68e-14  2.10e-02     0s
   7  -6.46120940e+04 -6.46125081e+04  0.00e+00 5.68e-14  1.54e-04     0s
   8  -6.46124000e+04 -6.46124000e+04  0.00e+00 5.68e-14  8.20e-10     0s

Barrier solved model in 8 iterations and 0.01 seconds
Optimal objective -6.46124000e+04


Root relaxation: objective -6.461240e+04, 1000 iterations, 0.01 seconds

    Nodes    |    Current Node    |     Objective Bounds      |     Work
 Expl Unexpl |  Obj  Depth IntInf | Incumbent    BestBd   Gap | It/Node Time

     0     0 -64612.400    0   26 -60896.400 -64612.400  6.10%     -    0s
H    0     0                    -64386.40000 -64612.400  0.35%     -    0s

Explored 0 nodes (1308 simplex iterations) in 0.03 seconds
Thread count was 20 (of 20 available processors)

Solution count 3: -64386.4 -60896.4 -2287.4 
Pool objective bound -64612.4

Optimal solution found (tolerance 5.00e-02)
Best objective -6.438640000000e+04, best bound -6.461240000000e+04, gap 0.3510%
Changed value of parameter MIPGap to 0.05
   Prev: 0.0001  Min: 0.0  Max: 1e+100  Default: 0.0001
Changed value of parameter TimeLimit to 1800.0
   Prev: 1e+100  Min: 0.0  Max: 1e+100  Default: 1e+100
Changed value of parameter Method to 2
   Prev: -1  Min: -1  Max: 4  Default: -1
Changed value of parameter MIPFocus to 1
   Prev: 0  Min: 0  Max: 3  Default: 0
Optimize a model with 4380 rows, 6420 columns and 12840 nonzeros
Variable types: 0 continuous, 6420 integer (6420 binary)
Coefficient statistics:
  Matrix range     [1e+00, 5e+00]
  Objective range  [6e+01, 4e+02]
  Bounds range     [1e+00, 1e+00]
  RHS range        [8e+01, 8e+01]
Found heuristic solution: objective 0
Presolve removed 4308 rows and 5107 columns
Presolve time: 0.01s
Presolved: 72 rows, 1313 columns, 2505 nonzeros
Found heuristic solution: objective -150009.0000
Variable types: 0 continuous, 1313 integer (1096 binary)
Presolved: 72 rows, 1313 columns, 2505 nonzeros

Root barrier log...

Ordering time: 0.00s

Barrier statistics:
 AA' NZ     : 1.162e+03
 Factor NZ  : 2.581e+03 (roughly 1 MByte of memory)
 Factor Ops : 1.225e+05 (less than 1 second per iteration)
 Threads    : 1

                  Objective                Residual
Iter       Primal          Dual         Primal    Dual     Compl     Time
   0  -2.86222716e+05 -4.07408791e+05  2.29e+01 5.68e-14  3.09e+02     0s
   1  -1.42196725e+05 -2.93005131e+05  1.89e-01 5.78e+01  6.14e+01     0s
   2  -1.54246626e+05 -1.69309953e+05  0.00e+00 3.90e+00  5.62e+00     0s
   3  -1.58211368e+05 -1.60057228e+05  0.00e+00 1.14e-13  6.85e-01     0s
   4  -1.58526308e+05 -1.59579338e+05  0.00e+00 1.14e-13  3.90e-01     0s
   5  -1.58974570e+05 -1.59294512e+05  0.00e+00 1.14e-13  1.19e-01     0s
   6  -1.59046313e+05 -1.59150593e+05  0.00e+00 1.14e-13  3.87e-02     0s
   7  -1.59087437e+05 -1.59134816e+05  0.00e+00 1.14e-13  1.76e-02     0s
   8  -1.59088955e+05 -1.59089316e+05  0.00e+00 1.14e-13  1.34e-04     0s
   9  -1.59089000e+05 -1.59089000e+05  0.00e+00 1.14e-13  1.34e-07     0s
  10  -1.59089000e+05 -1.59089000e+05  7.67e-15 1.71e-13  1.36e-13     0s

Barrier solved model in 10 iterations and 0.02 seconds
Optimal objective -1.59089000e+05


Root relaxation: objective -1.590890e+05, 1000 iterations, 0.01 seconds

    Nodes    |    Current Node    |     Objective Bounds      |     Work
 Expl Unexpl |  Obj  Depth IntInf | Incumbent    BestBd   Gap | It/Node Time

     0     0 -159089.00    0   22 -150009.00 -159089.00  6.05%     -    0s
H    0     0                    -158539.0000 -159089.00  0.35%     -    0s

Explored 0 nodes (1245 simplex iterations) in 0.03 seconds
Thread count was 20 (of 20 available processors)

Solution count 3: -158539 -150009 -5585 
Pool objective bound -159089

Optimal solution found (tolerance 5.00e-02)
Best objective -1.585390000000e+05, best bound -1.590890000000e+05, gap 0.3469%
Changed value of parameter MIPGap to 0.05
   Prev: 0.0001  Min: 0.0  Max: 1e+100  Default: 0.0001
Changed value of parameter TimeLimit to 1800.0
   Prev: 1e+100  Min: 0.0  Max: 1e+100  Default: 1e+100
Changed value of parameter Method to 2
   Prev: -1  Min: -1  Max: 4  Default: -1
Changed value of parameter MIPFocus to 1
   Prev: 0  Min: 0  Max: 3  Default: 0
Optimize a model with 4380 rows, 6420 columns and 12840 nonzeros
Variable types: 0 continuous, 6420 integer (6420 binary)
Coefficient statistics:
  Matrix range     [1e+00, 5e+00]
  Objective range  [5e+02, 4e+03]
  Bounds range     [1e+00, 1e+00]
  RHS range        [8e+01, 8e+01]
Found heuristic solution: objective 0
Presolve removed 4308 rows and 5107 columns
Presolve time: 0.01s
Presolved: 72 rows, 1313 columns, 2505 nonzeros
Found heuristic solution: objective -1486698.000
Variable types: 0 continuous, 1313 integer (1096 binary)
Presolved: 72 rows, 1313 columns, 2505 nonzeros

Root barrier log...

Ordering time: 0.00s

Barrier statistics:
 AA' NZ     : 1.162e+03
 Factor NZ  : 2.581e+03 (roughly 1 MByte of memory)
 Factor Ops : 1.225e+05 (less than 1 second per iteration)
 Threads    : 1

                  Objective                Residual
Iter       Primal          Dual         Primal    Dual     Compl     Time
   0  -2.82781315e+06 -4.05985777e+06  2.29e+01 4.55e-13  3.09e+03     0s
   1  -1.40763417e+06 -2.91673221e+06  1.84e-01 5.80e+02  6.14e+02     0s
   2  -1.52778660e+06 -1.67730283e+06  0.00e+00 3.87e+01  5.58e+01     0s
   3  -1.56759489e+06 -1.58588914e+06  0.00e+00 9.09e-13  6.78e+00     0s
   4  -1.57063855e+06 -1.58118874e+06  0.00e+00 9.09e-13  3.91e+00     0s
   5  -1.57508544e+06 -1.57825030e+06  0.00e+00 9.09e-13  1.17e+00     0s
   6  -1.57572515e+06 -1.57678350e+06  0.00e+00 9.09e-13  3.92e-01     0s
   7  -1.57623176e+06 -1.57624316e+06  0.00e+00 1.36e-12  4.22e-03     0s
   8  -1.57623800e+06 -1.57623800e+06  0.00e+00 9.09e-13  3.57e-08     0s
   9  -1.57623800e+06 -1.57623800e+06  0.00e+00 1.36e-12  3.57e-11     0s

Barrier solved model in 9 iterations and 0.01 seconds
Optimal objective -1.57623800e+06


Root relaxation: objective -1.576238e+06, 1000 iterations, 0.01 seconds

    Nodes    |    Current Node    |     Objective Bounds      |     Work
 Expl Unexpl |  Obj  Depth IntInf | Incumbent    BestBd   Gap | It/Node Time

     0     0 -1576238.0    0   20 -1486698.0 -1576238.0  6.02%     -    0s
H    0     0                    -1570828.000 -1576238.0  0.34%     -    0s

Explored 0 nodes (1310 simplex iterations) in 0.04 seconds
Thread count was 20 (of 20 available processors)

Solution count 3: -1.57083e+06 -1.4867e+06 -55049 
Pool objective bound -1.57624e+06

Optimal solution found (tolerance 5.00e-02)
Best objective -1.570828000000e+06, best bound -1.576238000000e+06, gap 0.3444%
