Changed value of parameter MIPGap to 0.05
   Prev: 0.0001  Min: 0.0  Max: 1e+100  Default: 0.0001
Changed value of parameter TimeLimit to 1800.0
   Prev: 1e+100  Min: 0.0  Max: 1e+100  Default: 1e+100
Changed value of parameter Method to 2
   Prev: -1  Min: -1  Max: 4  Default: -1
Changed value of parameter MIPFocus to 1
   Prev: 0  Min: 0  Max: 3  Default: 0
Optimize a model with 3584 rows, 5226 columns and 10452 nonzeros
Variable types: 0 continuous, 5226 integer (5226 binary)
Coefficient statistics:
  Matrix range     [1e+00, 5e+00]
  Objective range  [1e+00, 1e+00]
  Bounds range     [1e+00, 1e+00]
  RHS range        [8e+01, 8e+01]
Found heuristic solution: objective 0
Presolve removed 3538 rows and 4743 columns
Presolve time: 0.01s
Presolved: 46 rows, 483 columns, 909 nonzeros
Found heuristic solution: objective -1588.000000
Variable types: 0 continuous, 483 integer (392 binary)
Presolved: 46 rows, 483 columns, 909 nonzeros

Root barrier log...

Ordering time: 0.00s

Barrier statistics:
 AA' NZ     : 4.170e+02
 Factor NZ  : 1.017e+03
 Factor Ops : 2.884e+04 (less than 1 second per iteration)
 Threads    : 1

                  Objective                Residual
Iter       Primal          Dual         Primal    Dual     Compl     Time
   0  -2.15386233e+03 -2.48264144e+03  9.49e+00 4.44e-16  2.11e+00     0s
   1  -1.65597618e+03 -1.95781011e+03  5.94e-01 2.65e-01  4.09e-01     0s
   2  -1.65101245e+03 -1.70953413e+03  2.65e-02 3.08e-02  6.18e-02     0s
   3  -1.66509457e+03 -1.67735836e+03  3.16e-03 3.48e-03  1.27e-02     0s
   4  -1.66884382e+03 -1.67051453e+03  2.45e-06 1.52e-04  1.67e-03     0s
   5  -1.66928184e+03 -1.66933799e+03  0.00e+00 8.88e-16  5.61e-05     0s
   6  -1.66929999e+03 -1.66930001e+03  0.00e+00 8.88e-16  1.75e-08     0s
   7  -1.66930000e+03 -1.66930000e+03  0.00e+00 1.78e-15  1.81e-14     0s

Barrier solved model in 7 iterations and 0.03 seconds
Optimal objective -1.66930000e+03


Root relaxation: objective -1.669300e+03, 50 iterations, 0.02 seconds

    Nodes    |    Current Node    |     Objective Bounds      |     Work
 Expl Unexpl |  Obj  Depth IntInf | Incumbent    BestBd   Gap | It/Node Time

     0     0 -1669.3000    0   15 -1588.0000 -1669.3000  5.12%     -    0s
H    0     0                    -1663.000000 -1669.3000  0.38%     -    0s

Explored 0 nodes (81 simplex iterations) in 0.03 seconds
Thread count was 20 (of 20 available processors)

Solution count 3: -1663 -1588 -739 
Pool objective bound -1669

Optimal solution found (tolerance 5.00e-02)
Best objective -1.663000000000e+03, best bound -1.669000000000e+03, gap 0.3608%
(0, 1545.0)
(1, 1558.0)
(2, 1550.0)
(3, 1578.0)
(4, 1550.0)
(5, 1552.0)
(6, 1554.0)
(7, 1539.0)
(8, 1552.0)
(9, 1572.0)
(10, 1554.0)
(11, 1541.0)
(12, 1568.0)
(13, 1558.0)
(14, 1566.0)
(15, 1551.0)
(16, 1562.0)
(17, 1541.0)
(18, 1563.0)
(19, 1571.0)
(20, 1544.0)
(21, 1549.0)
(22, 1577.0)
(23, 1544.0)
(24, 1565.0)
(25, 1558.0)
(26, 1562.0)
(27, 1530.0)
(28, 1553.0)
(29, 1557.0)
(30, 1567.0)
(31, 1534.0)
(32, 1574.0)
(33, 1561.0)
(34, 1579.0)
(35, 1568.0)
(36, 1540.0)
(37, 1547.0)
(38, 1565.0)
(39, 1547.0)
(0, 1582.0)
(1, 1576.0)
(2, 1576.0)
(3, 1576.0)
(4, 1570.0)
(5, 1580.0)
(6, 1574.0)
(7, 1581.0)
(8, 1572.0)
(9, 1584.0)
(10, 1573.0)
(11, 1576.0)
(12, 1579.0)
(13, 1578.0)
(14, 1571.0)
(15, 1582.0)
(16, 1574.0)
(17, 1571.0)
(18, 1585.0)
(19, 1584.0)
(20, 1580.0)
(21, 1577.0)
(22, 1576.0)
(23, 1576.0)
(24, 1572.0)
(25, 1576.0)
(26, 1573.0)
(27, 1575.0)
(28, 1574.0)
(29, 1577.0)
(30, 1582.0)
(31, 1579.0)
(32, 1574.0)
(33, 1575.0)
(34, 1581.0)
(35, 1575.0)
(36, 1578.0)
(37, 1576.0)
(38, 1578.0)
(39, 1578.0)
Changed value of parameter MIPGap to 0.05
   Prev: 0.0001  Min: 0.0  Max: 1e+100  Default: 0.0001
Changed value of parameter TimeLimit to 1800.0
   Prev: 1e+100  Min: 0.0  Max: 1e+100  Default: 1e+100
Changed value of parameter Method to 2
   Prev: -1  Min: -1  Max: 4  Default: -1
Changed value of parameter MIPFocus to 1
   Prev: 0  Min: 0  Max: 3  Default: 0
Optimize a model with 3584 rows, 5226 columns and 10452 nonzeros
Variable types: 0 continuous, 5226 integer (5226 binary)
Coefficient statistics:
  Matrix range     [1e+00, 5e+00]
  Objective range  [1e+00, 1e+00]
  Bounds range     [1e+00, 1e+00]
  RHS range        [8e+01, 8e+01]
Found heuristic solution: objective 0
Presolve removed 3538 rows and 4723 columns
Presolve time: 0.01s
Presolved: 46 rows, 503 columns, 929 nonzeros
Found heuristic solution: objective -1590.323000
Variable types: 0 continuous, 503 integer (392 binary)
Presolved: 46 rows, 503 columns, 929 nonzeros

Root barrier log...

Ordering time: 0.00s

Barrier statistics:
 AA' NZ     : 4.170e+02
 Factor NZ  : 1.017e+03
 Factor Ops : 2.884e+04 (less than 1 second per iteration)
 Threads    : 1

                  Objective                Residual
Iter       Primal          Dual         Primal    Dual     Compl     Time
   0  -2.25591616e+03 -2.54304176e+03  1.14e+01 8.88e-16  2.35e+00     0s
   1  -1.65663893e+03 -2.04164225e+03  6.58e-01 2.93e-01  4.96e-01     0s
   2  -1.65100481e+03 -1.71682794e+03  4.88e-02 3.00e-02  6.93e-02     0s
   3  -1.66678635e+03 -1.67933738e+03  4.66e-03 3.17e-03  1.27e-02     0s
   4  -1.67005105e+03 -1.67155492e+03  1.43e-06 8.88e-16  1.46e-03     0s
   5  -1.67047029e+03 -1.67069799e+03  0.00e+00 8.88e-16  2.18e-04     0s
   6  -1.67048892e+03 -1.67056583e+03  0.00e+00 8.88e-16  7.33e-05     0s
   7  -1.67049116e+03 -1.67050281e+03  0.00e+00 8.88e-16  1.11e-05     0s
   8  -1.67049268e+03 -1.67049280e+03  0.00e+00 8.88e-16  1.09e-07     0s
   9  -1.67049270e+03 -1.67049270e+03  0.00e+00 8.88e-16  1.09e-10     0s

Barrier solved model in 9 iterations and 0.01 seconds
Optimal objective -1.67049270e+03


Root relaxation: objective -1.670493e+03, 42 iterations, 0.00 seconds

    Nodes    |    Current Node    |     Objective Bounds      |     Work
 Expl Unexpl |  Obj  Depth IntInf | Incumbent    BestBd   Gap | It/Node Time

     0     0 -1670.4927    0   14 -1590.3230 -1670.4927  5.04%     -    0s
H    0     0                    -1665.192500 -1670.4927  0.32%     -    0s

Explored 0 nodes (66 simplex iterations) in 0.01 seconds
Thread count was 20 (of 20 available processors)

Solution count 3: -1665.19 -1590.32 -416.351 
Pool objective bound -1670.49

Optimal solution found (tolerance 5.00e-02)
Best objective -1.665192500000e+03, best bound -1.670492700000e+03, gap 0.3183%
(0, 1546.133000000043)
(1, 1529.1245000000411)
(2, 1537.1285000000421)
(3, 1544.1320000000426)
(4, 1530.1250000000412)
(5, 1534.1270000000418)
(6, 1556.138000000044)
(7, 1522.1210000000406)
(8, 1537.1285000000421)
(9, 1545.1325000000429)
(10, 1541.1305000000425)
(11, 1539.1295000000421)
(12, 1531.1255000000415)
(13, 1539.1295000000423)
(14, 1546.133000000043)
(15, 1537.1285000000419)
(16, 1559.1395000000443)
(17, 1556.138000000044)
(18, 1542.1310000000424)
(19, 1532.1260000000416)
(20, 1551.1355000000433)
(21, 1549.1345000000431)
(22, 1550.1350000000432)
(23, 1531.1255000000413)
(24, 1529.1245000000413)
(25, 1541.1305000000425)
(26, 1534.1270000000416)
(27, 1531.1255000000413)
(28, 1547.1335000000431)
(29, 1546.133000000043)
(30, 1545.1325000000429)
(31, 1552.1360000000434)
(32, 1544.1320000000428)
(33, 1558.1390000000442)
(34, 1536.1280000000418)
(35, 1544.1320000000428)
(36, 1542.1310000000426)
(37, 1565.1425000000449)
(38, 1533.1265000000415)
(39, 1527.1235000000411)
(0, 1576.1480000000458)
(1, 1571.1455000000456)
(2, 1572.1460000000454)
(3, 1570.1450000000452)
(4, 1573.1465000000458)
(5, 1572.1460000000457)
(6, 1570.1450000000455)
(7, 1571.1455000000456)
(8, 1576.1480000000461)
(9, 1571.1455000000456)
(10, 1576.1480000000461)
(11, 1575.1475000000457)
(12, 1575.1475000000457)
(13, 1574.1470000000456)
(14, 1572.1460000000457)
(15, 1571.1455000000456)
(16, 1571.1455000000456)
(17, 1574.1470000000459)
(18, 1568.144000000045)
(19, 1571.1455000000453)
(20, 1575.147500000046)
(21, 1575.147500000046)
(22, 1572.1460000000457)
(23, 1574.1470000000456)
(24, 1564.1420000000446)
(25, 1577.1485000000459)
(26, 1571.1455000000456)
(27, 1576.1480000000461)
(28, 1574.1470000000459)
(29, 1576.1480000000461)
(30, 1574.1470000000456)
(31, 1571.1455000000456)
(32, 1571.1455000000453)
(33, 1578.1490000000463)
(34, 1570.1450000000452)
(35, 1573.1465000000455)
(36, 1570.1450000000452)
(37, 1574.1470000000459)
(38, 1574.1470000000456)
(39, 1573.1465000000458)
Changed value of parameter MIPGap to 0.05
   Prev: 0.0001  Min: 0.0  Max: 1e+100  Default: 0.0001
Changed value of parameter TimeLimit to 1800.0
   Prev: 1e+100  Min: 0.0  Max: 1e+100  Default: 1e+100
Changed value of parameter Method to 2
   Prev: -1  Min: -1  Max: 4  Default: -1
Changed value of parameter MIPFocus to 1
   Prev: 0  Min: 0  Max: 3  Default: 0
Optimize a model with 3584 rows, 5226 columns and 10452 nonzeros
Variable types: 0 continuous, 5226 integer (5226 binary)
Coefficient statistics:
  Matrix range     [1e+00, 5e+00]
  Objective range  [1e+00, 1e+00]
  Bounds range     [1e+00, 1e+00]
  RHS range        [8e+01, 8e+01]
Found heuristic solution: objective 0
Presolve removed 3538 rows and 4723 columns
Presolve time: 0.01s
Presolved: 46 rows, 503 columns, 929 nonzeros
Found heuristic solution: objective -1591.646000
Variable types: 0 continuous, 503 integer (392 binary)
Presolved: 46 rows, 503 columns, 929 nonzeros

Root barrier log...

Ordering time: 0.00s

Barrier statistics:
 AA' NZ     : 4.170e+02
 Factor NZ  : 1.017e+03
 Factor Ops : 2.884e+04 (less than 1 second per iteration)
 Threads    : 1

                  Objective                Residual
Iter       Primal          Dual         Primal    Dual     Compl     Time
   0  -2.25762713e+03 -2.54442063e+03  1.14e+01 4.44e-16  2.35e+00     0s
   1  -1.65782205e+03 -2.04286152e+03  6.57e-01 2.92e-01  4.95e-01     0s
   2  -1.65222904e+03 -1.71792457e+03  4.89e-02 2.99e-02  6.92e-02     0s
   3  -1.66799605e+03 -1.68048290e+03  4.61e-03 3.13e-03  1.26e-02     0s
   4  -1.67123218e+03 -1.67276376e+03  3.55e-06 8.88e-16  1.48e-03     0s
   5  -1.67165345e+03 -1.67191063e+03  0.00e+00 8.88e-16  2.46e-04     0s
   6  -1.67168068e+03 -1.67174646e+03  0.00e+00 8.88e-16  6.27e-05     0s
   7  -1.67168430e+03 -1.67168973e+03  0.00e+00 8.88e-16  5.17e-06     0s
   8  -1.67168540e+03 -1.67168540e+03  0.00e+00 1.78e-15  5.87e-10     0s

Barrier solved model in 8 iterations and 0.01 seconds
Optimal objective -1.67168540e+03


Root relaxation: objective -1.671685e+03, 41 iterations, 0.00 seconds

    Nodes    |    Current Node    |     Objective Bounds      |     Work
 Expl Unexpl |  Obj  Depth IntInf | Incumbent    BestBd   Gap | It/Node Time

     0     0 -1671.6854    0   14 -1591.6460 -1671.6854  5.03%     -    0s
H    0     0                    -1666.385000 -1671.6854  0.32%     -    0s

Explored 0 nodes (62 simplex iterations) in 0.01 seconds
Thread count was 20 (of 20 available processors)

Solution count 3: -1666.38 -1591.65 -416.703 
Pool objective bound -1671.69

Optimal solution found (tolerance 5.00e-02)
Best objective -1.666385000000e+03, best bound -1.671685400000e+03, gap 0.3181%
(0, 1556.2749999999703)
(1, 1553.2719999999704)
(2, 1569.2879999999698)
(3, 1535.2539999999708)
(4, 1534.2529999999706)
(5, 1564.2829999999699)
(6, 1556.2749999999701)
(7, 1546.2649999999703)
(8, 1555.2739999999703)
(9, 1534.2529999999706)
(10, 1533.2519999999708)
(11, 1548.2669999999705)
(12, 1528.2469999999707)
(13, 1536.2549999999706)
(14, 1559.27799999997)
(15, 1541.2599999999707)
(16, 1531.2499999999707)
(17, 1536.2549999999708)
(18, 1545.2639999999703)
(19, 1532.2509999999706)
(20, 1533.2519999999708)
(21, 1534.2529999999706)
(22, 1532.2509999999709)
(23, 1540.2589999999707)
(24, 1538.2569999999707)
(25, 1540.2589999999705)
(26, 1537.2559999999708)
(27, 1533.2519999999708)
(28, 1537.2559999999705)
(29, 1546.2649999999705)
(30, 1528.2469999999707)
(31, 1547.2659999999705)
(32, 1545.2639999999706)
(33, 1557.2759999999703)
(34, 1550.2689999999702)
(35, 1534.2529999999708)
(36, 1549.2679999999705)
(37, 1530.2489999999707)
(38, 1552.2709999999702)
(39, 1541.2599999999707)
(0, 1568.28699999997)
(1, 1573.2919999999699)
(2, 1579.2979999999698)
(3, 1575.2939999999696)
(4, 1576.2949999999696)
(5, 1572.2909999999699)
(6, 1572.2909999999699)
(7, 1571.28999999997)
(8, 1573.2919999999699)
(9, 1569.28799999997)
(10, 1576.2949999999698)
(11, 1576.2949999999698)
(12, 1574.2929999999697)
(13, 1571.2899999999697)
(14, 1573.2919999999699)
(15, 1566.2849999999701)
(16, 1575.2939999999699)
(17, 1576.2949999999698)
(18, 1572.2909999999699)
(19, 1575.2939999999696)
(20, 1573.2919999999697)
(21, 1570.28899999997)
(22, 1572.2909999999699)
(23, 1573.2919999999699)
(24, 1578.2969999999696)
(25, 1578.2969999999696)
(26, 1573.2919999999697)
(27, 1569.28799999997)
(28, 1572.2909999999699)
(29, 1577.2959999999698)
(30, 1567.28599999997)
(31, 1569.2879999999698)
(32, 1576.2949999999698)
(33, 1577.2959999999696)
(34, 1572.2909999999697)
(35, 1570.28899999997)
(36, 1569.2879999999698)
(37, 1574.2929999999697)
(38, 1576.2949999999698)
(39, 1567.2859999999698)
Changed value of parameter MIPGap to 0.05
   Prev: 0.0001  Min: 0.0  Max: 1e+100  Default: 0.0001
Changed value of parameter TimeLimit to 1800.0
   Prev: 1e+100  Min: 0.0  Max: 1e+100  Default: 1e+100
Changed value of parameter Method to 2
   Prev: -1  Min: -1  Max: 4  Default: -1
Changed value of parameter MIPFocus to 1
   Prev: 0  Min: 0  Max: 3  Default: 0
Optimize a model with 3584 rows, 5226 columns and 10452 nonzeros
Variable types: 0 continuous, 5226 integer (5226 binary)
Coefficient statistics:
  Matrix range     [1e+00, 5e+00]
  Objective range  [1e+00, 1e+00]
  Bounds range     [1e+00, 1e+00]
  RHS range        [8e+01, 8e+01]
Found heuristic solution: objective 0
Presolve removed 3538 rows and 4723 columns
Presolve time: 0.01s
Presolved: 46 rows, 503 columns, 929 nonzeros
Found heuristic solution: objective -1594.292000
Variable types: 0 continuous, 503 integer (392 binary)
Presolved: 46 rows, 503 columns, 929 nonzeros

Root barrier log...

Ordering time: 0.00s

Barrier statistics:
 AA' NZ     : 4.170e+02
 Factor NZ  : 1.017e+03
 Factor Ops : 2.884e+04 (less than 1 second per iteration)
 Threads    : 1

                  Objective                Residual
Iter       Primal          Dual         Primal    Dual     Compl     Time
   0  -2.26104906e+03 -2.54717838e+03  1.14e+01 8.88e-16  2.35e+00     0s
   1  -1.66018880e+03 -2.04530048e+03  6.55e-01 2.92e-01  4.95e-01     0s
   2  -1.65467881e+03 -1.72011502e+03  4.91e-02 2.97e-02  6.89e-02     0s
   3  -1.67041644e+03 -1.68276835e+03  4.51e-03 3.05e-03  1.25e-02     0s
   4  -1.67360161e+03 -1.67549068e+03  1.15e-04 1.18e-04  1.83e-03     0s
   5  -1.67403136e+03 -1.67443779e+03  0.00e+00 8.88e-16  3.88e-04     0s
   6  -1.67406281e+03 -1.67412150e+03  0.00e+00 8.88e-16  5.59e-05     0s
   7  -1.67407067e+03 -1.67407118e+03  0.00e+00 8.88e-16  4.85e-07     0s
   8  -1.67407080e+03 -1.67407080e+03  0.00e+00 8.88e-16  6.64e-13     0s

Barrier solved model in 8 iterations and 0.01 seconds
Optimal objective -1.67407080e+03


Root relaxation: objective -1.674071e+03, 42 iterations, 0.00 seconds

    Nodes    |    Current Node    |     Objective Bounds      |     Work
 Expl Unexpl |  Obj  Depth IntInf | Incumbent    BestBd   Gap | It/Node Time

     0     0 -1674.0708    0   14 -1594.2920 -1674.0708  5.00%     -    0s
H    0     0                    -1668.770000 -1674.0708  0.32%     -    0s

Explored 0 nodes (66 simplex iterations) in 0.01 seconds
Thread count was 20 (of 20 available processors)

Solution count 3: -1668.77 -1594.29 -417.406 
Pool objective bound -1674.07

Optimal solution found (tolerance 5.00e-02)
Best objective -1.668770000000e+03, best bound -1.674070800000e+03, gap 0.3176%
(0, 1547.5279999999539)
(1, 1541.5159999999544)
(2, 1539.5119999999547)
(3, 1530.4939999999551)
(4, 1564.5619999999531)
(5, 1559.5519999999535)
(6, 1541.5159999999544)
(7, 1554.541999999954)
(8, 1530.4939999999549)
(9, 1535.5039999999547)
(10, 1543.5199999999545)
(11, 1546.5259999999541)
(12, 1541.5159999999546)
(13, 1548.529999999954)
(14, 1548.5299999999543)
(15, 1528.489999999955)
(16, 1552.5379999999539)
(17, 1542.5179999999546)
(18, 1548.5299999999538)
(19, 1533.499999999955)
(20, 1536.5059999999546)
(21, 1536.5059999999546)
(22, 1539.5119999999542)
(23, 1546.5259999999541)
(24, 1533.4999999999548)
(25, 1539.5119999999545)
(26, 1543.5199999999543)
(27, 1549.531999999954)
(28, 1552.5379999999539)
(29, 1551.5359999999539)
(30, 1544.5219999999542)
(31, 1535.5039999999547)
(32, 1553.5399999999538)
(33, 1549.531999999954)
(34, 1548.529999999954)
(35, 1555.5439999999539)
(36, 1528.4899999999548)
(37, 1547.5279999999541)
(38, 1551.5359999999539)
(39, 1537.5079999999548)
(0, 1575.5839999999525)
(1, 1575.5839999999525)
(2, 1574.5819999999526)
(3, 1577.5879999999527)
(4, 1575.5839999999528)
(5, 1574.5819999999528)
(6, 1578.5899999999529)
(7, 1571.575999999953)
(8, 1574.5819999999526)
(9, 1578.5899999999526)
(10, 1579.5919999999526)
(11, 1573.5799999999529)
(12, 1570.573999999953)
(13, 1574.5819999999528)
(14, 1583.5999999999528)
(15, 1574.581999999953)
(16, 1576.5859999999527)
(17, 1575.5839999999525)
(18, 1574.5819999999528)
(19, 1582.5979999999527)
(20, 1579.5919999999526)
(21, 1573.5799999999529)
(22, 1571.575999999953)
(23, 1576.5859999999527)
(24, 1577.5879999999527)
(25, 1578.5899999999526)
(26, 1576.5859999999527)
(27, 1574.5819999999528)
(28, 1574.5819999999526)
(29, 1576.5859999999527)
(30, 1573.5799999999529)
(31, 1580.5939999999521)
(32, 1573.5799999999529)
(33, 1576.5859999999527)
(34, 1578.5899999999529)
(35, 1573.5799999999529)
(36, 1576.5859999999527)
(37, 1578.5899999999526)
(38, 1577.5879999999527)
(39, 1579.5919999999528)
Changed value of parameter MIPGap to 0.05
   Prev: 0.0001  Min: 0.0  Max: 1e+100  Default: 0.0001
Changed value of parameter TimeLimit to 1800.0
   Prev: 1e+100  Min: 0.0  Max: 1e+100  Default: 1e+100
Changed value of parameter Method to 2
   Prev: -1  Min: -1  Max: 4  Default: -1
Changed value of parameter MIPFocus to 1
   Prev: 0  Min: 0  Max: 3  Default: 0
Optimize a model with 3584 rows, 5226 columns and 10452 nonzeros
Variable types: 0 continuous, 5226 integer (5226 binary)
Coefficient statistics:
  Matrix range     [1e+00, 5e+00]
  Objective range  [1e+00, 1e+00]
  Bounds range     [1e+00, 1e+00]
  RHS range        [8e+01, 8e+01]
Found heuristic solution: objective 0
Presolve removed 3538 rows and 4723 columns
Presolve time: 0.01s
Presolved: 46 rows, 503 columns, 929 nonzeros
Found heuristic solution: objective -1599.584000
Variable types: 0 continuous, 503 integer (392 binary)
Presolved: 46 rows, 503 columns, 929 nonzeros

Root barrier log...

Ordering time: 0.00s

Barrier statistics:
 AA' NZ     : 4.170e+02
 Factor NZ  : 1.017e+03
 Factor Ops : 2.884e+04 (less than 1 second per iteration)
 Threads    : 1

                  Objective                Residual
Iter       Primal          Dual         Primal    Dual     Compl     Time
   0  -2.26789287e+03 -2.55269387e+03  1.14e+01 4.44e-16  2.35e+00     0s
   1  -1.66492437e+03 -2.05018010e+03  6.52e-01 2.91e-01  4.95e-01     0s
   2  -1.65957668e+03 -1.72450818e+03  4.93e-02 2.92e-02  6.85e-02     0s
   3  -1.67526450e+03 -1.68734866e+03  4.28e-03 2.87e-03  1.22e-02     0s
   4  -1.67835220e+03 -1.68017210e+03  1.11e-04 6.00e-05  1.76e-03     0s
   5  -1.67879539e+03 -1.67927103e+03  0.00e+00 8.88e-16  4.54e-04     0s
   6  -1.67883729e+03 -1.67886313e+03  0.00e+00 1.78e-15  2.46e-05     0s
   7  -1.67884158e+03 -1.67884163e+03  0.00e+00 8.88e-16  5.28e-08     0s
   8  -1.67884160e+03 -1.67884160e+03  0.00e+00 1.78e-15  5.43e-14     0s

Barrier solved model in 8 iterations and 0.01 seconds
Optimal objective -1.67884160e+03


Root relaxation: objective -1.678842e+03, 42 iterations, 0.00 seconds

    Nodes    |    Current Node    |     Objective Bounds      |     Work
 Expl Unexpl |  Obj  Depth IntInf | Incumbent    BestBd   Gap | It/Node Time

     0     0 -1678.8416    0   11 -1599.5840 -1678.8416  4.95%     -    0s

Explored 0 nodes (69 simplex iterations) in 0.01 seconds
Thread count was 20 (of 20 available processors)

Solution count 2: -1599.58 -418.812 
Pool objective bound -1678.84

Optimal solution found (tolerance 5.00e-02)
Best objective -1.599584000000e+03, best bound -1.678841600000e+03, gap 4.9549%
(0, 1482.11599999997)
(1, 1481.1119999999705)
(2, 1480.1079999999711)
(3, 1474.0839999999712)
(4, 1468.0599999999724)
(5, 1466.0519999999724)
(6, 1486.13199999997)
(7, 1472.0759999999716)
(8, 1472.0759999999716)
(9, 1470.0679999999718)
(10, 1471.0719999999721)
(11, 1482.1159999999709)
(12, 1496.1719999999689)
(13, 1470.067999999972)
(14, 1471.0719999999712)
(15, 1494.1639999999697)
(16, 1469.0639999999719)
(17, 1475.0879999999718)
(18, 1481.1119999999705)
(19, 1476.0919999999705)
(20, 1472.0759999999707)
(21, 1470.0679999999725)
(22, 1477.0959999999709)
(23, 1472.0759999999711)
(24, 1488.1399999999694)
(25, 1468.0599999999718)
(26, 1468.059999999972)
(27, 1478.0999999999717)
(28, 1474.0839999999714)
(29, 1481.1119999999703)
(30, 1477.0959999999704)
(31, 1474.0839999999719)
(32, 1476.091999999971)
(33, 1476.0919999999712)
(34, 1479.1039999999712)
(35, 1474.0839999999714)
(36, 1467.0559999999725)
(37, 1475.0879999999715)
(38, 1484.1239999999705)
(39, 1478.0999999999708)
(0, 1513.2399999999679)
(1, 1510.227999999968)
(2, 1503.1999999999687)
(3, 1508.2199999999682)
(4, 1507.2159999999685)
(5, 1512.2359999999671)
(6, 1510.2279999999678)
(7, 1508.2199999999677)
(8, 1503.1999999999684)
(9, 1506.2119999999686)
(10, 1510.2279999999678)
(11, 1507.2159999999685)
(12, 1509.2239999999679)
(13, 1511.2319999999679)
(14, 1508.2199999999686)
(15, 1505.2079999999683)
(16, 1508.2199999999682)
(17, 1509.2239999999686)
(18, 1511.2319999999677)
(19, 1512.2359999999671)
(20, 1507.2159999999674)
(21, 1508.219999999968)
(22, 1506.2119999999679)
(23, 1506.2119999999684)
(24, 1506.2119999999686)
(25, 1511.2319999999675)
(26, 1501.1919999999691)
(27, 1503.1999999999684)
(28, 1508.2199999999677)
(29, 1505.2079999999687)
(30, 1506.2119999999682)
(31, 1502.1959999999681)
(32, 1509.2239999999681)
(33, 1502.1959999999683)
(34, 1511.2319999999675)
(35, 1507.2159999999683)
(36, 1506.2119999999686)
(37, 1508.2199999999684)
(38, 1501.1919999999686)
(39, 1514.2439999999669)
Changed value of parameter MIPGap to 0.05
   Prev: 0.0001  Min: 0.0  Max: 1e+100  Default: 0.0001
Changed value of parameter TimeLimit to 1800.0
   Prev: 1e+100  Min: 0.0  Max: 1e+100  Default: 1e+100
Changed value of parameter Method to 2
   Prev: -1  Min: -1  Max: 4  Default: -1
Changed value of parameter MIPFocus to 1
   Prev: 0  Min: 0  Max: 3  Default: 0
Optimize a model with 3584 rows, 5226 columns and 10452 nonzeros
Variable types: 0 continuous, 5226 integer (5226 binary)
Coefficient statistics:
  Matrix range     [1e+00, 5e+00]
  Objective range  [1e+00, 1e+00]
  Bounds range     [1e+00, 1e+00]
  RHS range        [8e+01, 8e+01]
Found heuristic solution: objective 0
Presolve removed 3538 rows and 4723 columns
Presolve time: 0.01s
Presolved: 46 rows, 503 columns, 929 nonzeros
Found heuristic solution: objective -1602.230000
Variable types: 0 continuous, 503 integer (392 binary)
Presolved: 46 rows, 503 columns, 929 nonzeros

Root barrier log...

Ordering time: 0.00s

Barrier statistics:
 AA' NZ     : 4.170e+02
 Factor NZ  : 1.017e+03
 Factor Ops : 2.884e+04 (less than 1 second per iteration)
 Threads    : 1

                  Objective                Residual
Iter       Primal          Dual         Primal    Dual     Compl     Time
   0  -2.27131475e+03 -2.55545161e+03  1.14e+01 4.44e-16  2.35e+00     0s
   1  -1.66729318e+03 -2.05262076e+03  6.50e-01 2.91e-01  4.95e-01     0s
   2  -1.66202631e+03 -1.72671587e+03  4.95e-02 2.90e-02  6.83e-02     0s
   3  -1.67769060e+03 -1.68964208e+03  4.17e-03 2.77e-03  1.21e-02     0s
   4  -1.68072777e+03 -1.68267551e+03  9.37e-05 8.93e-05  1.88e-03     0s
   5  -1.68117701e+03 -1.68169972e+03  0.00e+00 8.88e-16  4.98e-04     0s
   6  -1.68122260e+03 -1.68125109e+03  0.00e+00 1.78e-15  2.71e-05     0s
   7  -1.68122699e+03 -1.68122702e+03  0.00e+00 8.88e-16  2.67e-08     0s
   8  -1.68122700e+03 -1.68122700e+03  0.00e+00 8.88e-16  2.81e-14     0s

Barrier solved model in 8 iterations and 0.01 seconds
Optimal objective -1.68122700e+03


Root relaxation: objective -1.681227e+03, 42 iterations, 0.00 seconds

    Nodes    |    Current Node    |     Objective Bounds      |     Work
 Expl Unexpl |  Obj  Depth IntInf | Incumbent    BestBd   Gap | It/Node Time

     0     0 -1681.2270    0   11 -1602.2300 -1681.2270  4.93%     -    0s

Explored 0 nodes (69 simplex iterations) in 0.01 seconds
Thread count was 20 (of 20 available processors)

Solution count 2: -1602.23 -419.515 
Pool objective bound -1681.22

Optimal solution found (tolerance 5.00e-02)
Best objective -1.602230000000e+03, best bound -1.681225000000e+03, gap 4.9303%
(0, 1498.7150000000479)
(1, 1474.595000000046)
(2, 1492.6850000000477)
(3, 1472.5850000000451)
(4, 1491.6800000000474)
(5, 1476.6050000000459)
(6, 1465.5500000000443)
(7, 1476.6050000000455)
(8, 1479.6200000000458)
(9, 1472.5850000000451)
(10, 1488.665000000047)
(11, 1468.5650000000446)
(12, 1487.6600000000471)
(13, 1480.6250000000462)
(14, 1483.6400000000465)
(15, 1481.6300000000463)
(16, 1477.6100000000456)
(17, 1499.7200000000482)
(18, 1475.6000000000454)
(19, 1489.6700000000469)
(20, 1478.6150000000457)
(21, 1486.655000000047)
(22, 1480.6250000000459)
(23, 1489.6700000000469)
(24, 1490.675000000047)
(25, 1468.5650000000448)
(26, 1472.5850000000455)
(27, 1484.6450000000464)
(28, 1475.6000000000456)
(29, 1466.5550000000444)
(30, 1481.630000000046)
(31, 1487.6600000000467)
(32, 1473.5900000000449)
(33, 1471.5800000000454)
(34, 1471.5800000000447)
(35, 1470.5750000000448)
(36, 1484.6450000000464)
(37, 1479.6200000000465)
(38, 1472.5850000000453)
(39, 1480.6250000000462)
(0, 1513.7900000000495)
(1, 1509.7700000000495)
(2, 1510.7750000000494)
(3, 1512.7850000000494)
(4, 1507.7600000000489)
(5, 1514.7950000000499)
(6, 1508.765000000049)
(7, 1513.7900000000502)
(8, 1511.7800000000495)
(9, 1506.7550000000488)
(10, 1509.7700000000491)
(11, 1513.7900000000502)
(12, 1507.7600000000493)
(13, 1513.7900000000495)
(14, 1511.7800000000495)
(15, 1508.7650000000492)
(16, 1509.7700000000493)
(17, 1513.7900000000495)
(18, 1515.8000000000497)
(19, 1506.7550000000492)
(20, 1508.7650000000492)
(21, 1506.7550000000492)
(22, 1508.7650000000494)
(23, 1500.7250000000479)
(24, 1513.79000000005)
(25, 1506.7550000000488)
(26, 1509.7700000000491)
(27, 1507.7600000000491)
(28, 1511.7800000000493)
(29, 1509.7700000000495)
(30, 1514.7950000000501)
(31, 1510.7750000000492)
(32, 1508.7650000000494)
(33, 1512.7850000000494)
(34, 1515.80000000005)
(35, 1510.7750000000497)
(36, 1503.7400000000487)
(37, 1511.7800000000495)
(38, 1506.7550000000488)
(39, 1506.7550000000488)
Changed value of parameter MIPGap to 0.05
   Prev: 0.0001  Min: 0.0  Max: 1e+100  Default: 0.0001
Changed value of parameter TimeLimit to 1800.0
   Prev: 1e+100  Min: 0.0  Max: 1e+100  Default: 1e+100
Changed value of parameter Method to 2
   Prev: -1  Min: -1  Max: 4  Default: -1
Changed value of parameter MIPFocus to 1
   Prev: 0  Min: 0  Max: 3  Default: 0
Optimize a model with 3584 rows, 5226 columns and 10452 nonzeros
Variable types: 0 continuous, 5226 integer (5226 binary)
Coefficient statistics:
  Matrix range     [1e+00, 5e+00]
  Objective range  [1e+00, 1e+00]
  Bounds range     [1e+00, 1e+00]
  RHS range        [8e+01, 8e+01]
Found heuristic solution: objective 0
Presolve removed 3538 rows and 4723 columns
Presolve time: 0.01s
Presolved: 46 rows, 503 columns, 929 nonzeros
Found heuristic solution: objective -1615.460000
Variable types: 0 continuous, 503 integer (392 binary)
Presolved: 46 rows, 503 columns, 929 nonzeros

Root barrier log...

Ordering time: 0.00s

Barrier statistics:
 AA' NZ     : 4.170e+02
 Factor NZ  : 1.017e+03
 Factor Ops : 2.884e+04 (less than 1 second per iteration)
 Threads    : 1

                  Objective                Residual
Iter       Primal          Dual         Primal    Dual     Compl     Time
   0  -2.28842386e+03 -2.56924034e+03  1.14e+01 8.88e-16  2.35e+00     0s
   1  -1.67914748e+03 -2.06483256e+03  6.40e-01 2.89e-01  4.94e-01     0s
   2  -1.67430532e+03 -1.73766724e+03  5.03e-02 2.77e-02  6.71e-02     0s
   3  -1.68925888e+03 -1.70112198e+03  5.23e-03 2.26e-03  1.21e-02     0s
   4  -1.69261483e+03 -1.69493289e+03  9.30e-05 1.61e-04  2.24e-03     0s
   5  -1.69308834e+03 -1.69365773e+03  0.00e+00 8.88e-16  5.43e-04     0s
   6  -1.69315003e+03 -1.69317760e+03  0.00e+00 1.78e-15  2.63e-05     0s
   7  -1.69315400e+03 -1.69315400e+03  0.00e+00 8.88e-16  3.58e-09     0s

Barrier solved model in 7 iterations and 0.01 seconds
Optimal objective -1.69315400e+03


Root relaxation: objective -1.693154e+03, 41 iterations, 0.00 seconds

    Nodes    |    Current Node    |     Objective Bounds      |     Work
 Expl Unexpl |  Obj  Depth IntInf | Incumbent    BestBd   Gap | It/Node Time

     0     0 -1693.1540    0   14 -1615.4600 -1693.1540  4.81%     -    0s

Explored 0 nodes (63 simplex iterations) in 0.01 seconds
Thread count was 20 (of 20 available processors)

Solution count 2: -1615.46 -423.03 
Pool objective bound -1693.15

Optimal solution found (tolerance 5.00e-02)
Best objective -1.615460000000e+03, best bound -1.693150000000e+03, gap 4.8092%
(0, 1499.309999999989)
(1, 1495.2699999999891)
(2, 1493.2499999999893)
(3, 1494.2599999999891)
(4, 1487.1899999999891)
(5, 1511.4299999999889)
(6, 1486.1799999999891)
(7, 1485.1699999999892)
(8, 1492.2399999999889)
(9, 1478.0999999999894)
(10, 1499.3099999999888)
(11, 1491.2299999999893)
(12, 1509.4099999999889)
(13, 1493.2499999999893)
(14, 1485.1699999999892)
(15, 1480.1199999999892)
(16, 1502.3399999999892)
(17, 1499.309999999989)
(18, 1486.1799999999889)
(19, 1498.2999999999893)
(20, 1482.1399999999896)
(21, 1493.2499999999891)
(22, 1497.289999999989)
(23, 1488.1999999999894)
(24, 1481.129999999989)
(25, 1492.2399999999889)
(26, 1501.329999999989)
(27, 1497.289999999989)
(28, 1488.1999999999894)
(29, 1490.2199999999893)
(30, 1497.289999999989)
(31, 1480.1199999999897)
(32, 1479.1099999999892)
(33, 1490.2199999999889)
(34, 1487.1899999999896)
(35, 1508.3999999999887)
(36, 1495.2699999999888)
(37, 1482.1399999999894)
(38, 1494.2599999999893)
(39, 1496.2799999999888)
(0, 1527.5899999999888)
(1, 1520.5199999999891)
(2, 1528.599999999989)
(3, 1529.6099999999888)
(4, 1524.5599999999888)
(5, 1519.5099999999888)
(6, 1519.5099999999886)
(7, 1525.5699999999888)
(8, 1523.549999999989)
(9, 1521.5299999999888)
(10, 1520.5199999999886)
(11, 1518.4999999999889)
(12, 1520.5199999999886)
(13, 1524.5599999999888)
(14, 1520.5199999999891)
(15, 1523.549999999989)
(16, 1518.4999999999891)
(17, 1523.5499999999888)
(18, 1523.5499999999888)
(19, 1527.589999999989)
(20, 1522.5399999999888)
(21, 1519.5099999999888)
(22, 1522.5399999999888)
(23, 1524.5599999999886)
(24, 1519.5099999999891)
(25, 1521.5299999999888)
(26, 1519.5099999999888)
(27, 1522.539999999989)
(28, 1525.5699999999888)
(29, 1522.5399999999888)
(30, 1520.5199999999886)
(31, 1525.5699999999886)
(32, 1519.5099999999891)
(33, 1524.5599999999888)
(34, 1527.5899999999888)
(35, 1526.5799999999888)
(36, 1523.5499999999886)
(37, 1526.5799999999888)
(38, 1525.5699999999888)
(39, 1522.5399999999888)
Changed value of parameter MIPGap to 0.05
   Prev: 0.0001  Min: 0.0  Max: 1e+100  Default: 0.0001
Changed value of parameter TimeLimit to 1800.0
   Prev: 1e+100  Min: 0.0  Max: 1e+100  Default: 1e+100
Changed value of parameter Method to 2
   Prev: -1  Min: -1  Max: 4  Default: -1
Changed value of parameter MIPFocus to 1
   Prev: 0  Min: 0  Max: 3  Default: 0
Optimize a model with 3584 rows, 5226 columns and 10452 nonzeros
Variable types: 0 continuous, 5226 integer (5226 binary)
Coefficient statistics:
  Matrix range     [1e+00, 5e+00]
  Objective range  [1e+00, 1e+00]
  Bounds range     [1e+00, 1e+00]
  RHS range        [8e+01, 8e+01]
Found heuristic solution: objective 0
Presolve removed 3538 rows and 4723 columns
Presolve time: 0.01s
Presolved: 46 rows, 503 columns, 929 nonzeros
Found heuristic solution: objective -1641.920000
Variable types: 0 continuous, 503 integer (392 binary)
Presolved: 46 rows, 503 columns, 929 nonzeros

Root barrier log...

Ordering time: 0.00s

Barrier statistics:
 AA' NZ     : 4.170e+02
 Factor NZ  : 1.017e+03
 Factor Ops : 2.884e+04 (less than 1 second per iteration)
 Threads    : 1

                  Objective                Residual
Iter       Primal          Dual         Primal    Dual     Compl     Time
   0  -2.32264074e+03 -2.59681780e+03  1.14e+01 4.44e-16  2.36e+00     0s
   1  -1.70290714e+03 -2.08929859e+03  6.22e-01 2.86e-01  4.92e-01     0s
   2  -1.69897118e+03 -1.75971101e+03  4.94e-02 2.53e-02  6.44e-02     0s
   3  -1.71317793e+03 -1.72421286e+03  5.61e-03 1.06e-03  1.14e-02     0s
   4  -1.71658093e+03 -1.71875092e+03  8.01e-05 2.33e-05  2.09e-03     0s
   5  -1.71692473e+03 -1.71765857e+03  1.55e-05 8.88e-16  7.04e-04     0s
   6  -1.71706425e+03 -1.71711663e+03  0.00e+00 8.88e-16  5.02e-05     0s
   7  -1.71707989e+03 -1.71708010e+03  0.00e+00 8.88e-16  2.01e-07     0s
   8  -1.71708000e+03 -1.71708000e+03  0.00e+00 1.78e-15  2.06e-13     0s

Barrier solved model in 8 iterations and 0.01 seconds
Optimal objective -1.71708000e+03


Root relaxation: objective -1.717080e+03, 48 iterations, 0.00 seconds

    Nodes    |    Current Node    |     Objective Bounds      |     Work
 Expl Unexpl |  Obj  Depth IntInf | Incumbent    BestBd   Gap | It/Node Time

     0     0 -1717.0800    0    9 -1641.9200 -1717.0800  4.58%     -    0s

Explored 0 nodes (85 simplex iterations) in 0.01 seconds
Thread count was 20 (of 20 available processors)

Solution count 2: -1641.92 -430.06 
Pool objective bound -1717.08

Optimal solution found (tolerance 5.00e-02)
Best objective -1.641920000000e+03, best bound -1.717080000000e+03, gap 4.5776%
(0, 1517.4799999999786)
(1, 1507.2799999999786)
(2, 1514.4199999999794)
(3, 1510.339999999979)
(4, 1533.7999999999788)
(5, 1519.5199999999786)
(6, 1517.4799999999791)
(7, 1504.2199999999796)
(8, 1524.6199999999781)
(9, 1513.3999999999789)
(10, 1512.3799999999792)
(11, 1513.3999999999789)
(12, 1505.2399999999786)
(13, 1511.3599999999788)
(14, 1511.359999999979)
(15, 1514.4199999999787)
(16, 1509.3199999999788)
(17, 1503.1999999999789)
(18, 1512.379999999979)
(19, 1509.319999999979)
(20, 1518.4999999999795)
(21, 1521.559999999979)
(22, 1519.5199999999795)
(23, 1523.5999999999794)
(24, 1522.5799999999781)
(25, 1520.5399999999784)
(26, 1515.4399999999787)
(27, 1512.3799999999794)
(28, 1509.319999999979)
(29, 1515.4399999999794)
(30, 1511.359999999979)
(31, 1531.7599999999793)
(32, 1515.4399999999791)
(33, 1507.2799999999793)
(34, 1509.3199999999786)
(35, 1520.5399999999786)
(36, 1524.6199999999778)
(37, 1515.4399999999789)
(38, 1507.2799999999793)
(39, 1508.2999999999793)
(0, 1549.0999999999781)
(1, 1542.9799999999782)
(2, 1551.1399999999785)
(3, 1549.0999999999781)
(4, 1552.1599999999789)
(5, 1542.9799999999782)
(6, 1545.0199999999779)
(7, 1553.1799999999789)
(8, 1549.0999999999776)
(9, 1546.0399999999781)
(10, 1551.139999999978)
(11, 1545.0199999999779)
(12, 1541.9599999999791)
(13, 1551.1399999999783)
(14, 1551.1399999999783)
(15, 1548.0799999999781)
(16, 1555.2199999999777)
(17, 1552.1599999999785)
(18, 1547.0599999999781)
(19, 1551.1399999999785)
(20, 1546.0399999999781)
(21, 1546.0399999999788)
(22, 1550.1199999999792)
(23, 1547.0599999999783)
(24, 1548.0799999999779)
(25, 1552.1599999999785)
(26, 1550.1199999999787)
(27, 1551.1399999999783)
(28, 1552.1599999999787)
(29, 1550.1199999999785)
(30, 1548.0799999999783)
(31, 1549.0999999999783)
(32, 1552.159999999978)
(33, 1548.0799999999783)
(34, 1548.0799999999788)
(35, 1538.8999999999785)
(36, 1549.0999999999785)
(37, 1548.0799999999788)
(38, 1554.1999999999784)
(39, 1542.9799999999784)
Changed value of parameter MIPGap to 0.05
   Prev: 0.0001  Min: 0.0  Max: 1e+100  Default: 0.0001
Changed value of parameter TimeLimit to 1800.0
   Prev: 1e+100  Min: 0.0  Max: 1e+100  Default: 1e+100
Changed value of parameter Method to 2
   Prev: -1  Min: -1  Max: 4  Default: -1
Changed value of parameter MIPFocus to 1
   Prev: 0  Min: 0  Max: 3  Default: 0
Optimize a model with 3584 rows, 5226 columns and 10452 nonzeros
Variable types: 0 continuous, 5226 integer (5226 binary)
Coefficient statistics:
  Matrix range     [1e+00, 5e+00]
  Objective range  [1e+00, 1e+00]
  Bounds range     [1e+00, 1e+00]
  RHS range        [8e+01, 8e+01]
Found heuristic solution: objective 0
Presolve removed 3538 rows and 4723 columns
Presolve time: 0.01s
Presolved: 46 rows, 503 columns, 929 nonzeros
Found heuristic solution: objective -1694.840000
Variable types: 0 continuous, 503 integer (392 binary)
Presolved: 46 rows, 503 columns, 929 nonzeros

Root barrier log...

Ordering time: 0.00s

Barrier statistics:
 AA' NZ     : 4.170e+02
 Factor NZ  : 1.017e+03
 Factor Ops : 2.884e+04 (less than 1 second per iteration)
 Threads    : 1

                  Objective                Residual
Iter       Primal          Dual         Primal    Dual     Compl     Time
   0  -2.39106921e+03 -2.65197271e+03  1.14e+01 4.44e-16  2.38e+00     0s
   1  -1.75062880e+03 -2.13840014e+03  5.84e-01 2.80e-01  4.88e-01     0s
   2  -1.74871322e+03 -1.80700125e+03  4.12e-02 2.42e-02  6.10e-02     0s
   3  -1.76255678e+03 -1.77224922e+03  4.60e-03 1.78e-15  9.90e-03     0s
   4  -1.76535640e+03 -1.76683811e+03  2.95e-05 1.78e-15  1.42e-03     0s
   5  -1.76555323e+03 -1.76603600e+03  0.00e+00 1.78e-15  4.64e-04     0s
   6  -1.76563741e+03 -1.76572468e+03  0.00e+00 1.78e-15  8.34e-05     0s
   7  -1.76566180e+03 -1.76566252e+03  0.00e+00 1.78e-15  6.85e-07     0s
   8  -1.76566200e+03 -1.76566200e+03  0.00e+00 1.78e-15  8.32e-13     0s

Barrier solved model in 8 iterations and 0.01 seconds
Optimal objective -1.76566200e+03


Root relaxation: objective -1.765662e+03, 141 iterations, 0.00 seconds

    Nodes    |    Current Node    |     Objective Bounds      |     Work
 Expl Unexpl |  Obj  Depth IntInf | Incumbent    BestBd   Gap | It/Node Time

     0     0 -1765.6620    0   20 -1694.8400 -1765.6620  4.18%     -    0s

Explored 0 nodes (195 simplex iterations) in 0.01 seconds
Thread count was 20 (of 20 available processors)

Solution count 2: -1694.84 -444.12 
Pool objective bound -1765.64

Optimal solution found (tolerance 5.00e-02)
Best objective -1.694840000000e+03, best bound -1.765640000000e+03, gap 4.1774%
(0, 1572.1199999999662)
(1, 1559.6399999999662)
(2, 1561.7199999999661)
(3, 1558.5999999999667)
(4, 1558.5999999999667)
(5, 1564.8399999999665)
(6, 1560.6799999999666)
(7, 1564.8399999999667)
(8, 1570.0399999999663)
(9, 1571.079999999966)
(10, 1563.7999999999663)
(11, 1553.3999999999671)
(12, 1566.9199999999666)
(13, 1561.7199999999666)
(14, 1577.3199999999656)
(15, 1563.7999999999665)
(16, 1567.9599999999664)
(17, 1572.119999999966)
(18, 1566.9199999999662)
(19, 1572.1199999999662)
(20, 1572.1199999999662)
(21, 1568.9999999999666)
(22, 1582.5199999999661)
(23, 1566.9199999999664)
(24, 1568.9999999999663)
(25, 1560.6799999999666)
(26, 1558.5999999999665)
(27, 1552.3599999999669)
(28, 1570.0399999999663)
(29, 1567.9599999999664)
(30, 1580.4399999999659)
(31, 1570.0399999999668)
(32, 1561.7199999999668)
(33, 1580.4399999999662)
(34, 1571.0799999999663)
(35, 1566.9199999999664)
(36, 1576.2799999999663)
(37, 1564.8399999999663)
(38, 1553.3999999999667)
(39, 1571.0799999999665)
(0, 1600.199999999965)
(1, 1604.3599999999651)
(2, 1601.239999999965)
(3, 1601.239999999965)
(4, 1601.239999999965)
(5, 1597.0799999999651)
(6, 1602.2799999999647)
(7, 1599.1599999999653)
(8, 1602.2799999999652)
(9, 1597.0799999999654)
(10, 1596.0399999999649)
(11, 1604.3599999999651)
(12, 1600.1999999999653)
(13, 1605.3999999999648)
(14, 1597.0799999999654)
(15, 1596.0399999999656)
(16, 1603.3199999999654)
(17, 1602.2799999999647)
(18, 1601.239999999965)
(19, 1603.3199999999651)
(20, 1594.9999999999657)
(21, 1600.1999999999655)
(22, 1606.439999999965)
(23, 1598.1199999999651)
(24, 1603.3199999999649)
(25, 1599.1599999999655)
(26, 1599.1599999999651)
(27, 1598.1199999999651)
(28, 1603.3199999999651)
(29, 1599.1599999999651)
(30, 1603.3199999999651)
(31, 1591.8799999999658)
(32, 1601.2399999999652)
(33, 1600.1999999999655)
(34, 1597.0799999999651)
(35, 1592.9199999999655)
(36, 1602.2799999999652)
(37, 1605.3999999999648)
(38, 1591.8799999999655)
(39, 1597.0799999999654)
Changed value of parameter MIPGap to 0.05
   Prev: 0.0001  Min: 0.0  Max: 1e+100  Default: 0.0001
Changed value of parameter TimeLimit to 1800.0
   Prev: 1e+100  Min: 0.0  Max: 1e+100  Default: 1e+100
Changed value of parameter Method to 2
   Prev: -1  Min: -1  Max: 4  Default: -1
Changed value of parameter MIPFocus to 1
   Prev: 0  Min: 0  Max: 3  Default: 0
Optimize a model with 3584 rows, 5226 columns and 10452 nonzeros
Variable types: 0 continuous, 5226 integer (5226 binary)
Coefficient statistics:
  Matrix range     [1e+00, 5e+00]
  Objective range  [1e+00, 1e+00]
  Bounds range     [1e+00, 1e+00]
  RHS range        [8e+01, 8e+01]
Found heuristic solution: objective 0
Presolve removed 3538 rows and 4723 columns
Presolve time: 0.01s
Presolved: 46 rows, 503 columns, 929 nonzeros
Found heuristic solution: objective -1721.300000
Variable types: 0 continuous, 503 integer (392 binary)
Presolved: 46 rows, 503 columns, 929 nonzeros

Root barrier log...

Ordering time: 0.00s

Barrier statistics:
 AA' NZ     : 4.170e+02
 Factor NZ  : 1.017e+03
 Factor Ops : 2.884e+04 (less than 1 second per iteration)
 Threads    : 1

                  Objective                Residual
Iter       Primal          Dual         Primal    Dual     Compl     Time
   0  -2.42528498e+03 -2.67999040e+03  1.14e+01 8.88e-16  2.39e+00     0s
   1  -1.77453811e+03 -2.16325994e+03  5.65e-01 2.77e-01  4.86e-01     0s
   2  -1.77379559e+03 -1.83215872e+03  3.31e-02 2.51e-02  6.00e-02     0s
   3  -1.78654413e+03 -1.79849173e+03  6.04e-03 4.44e-15  1.22e-02     0s
   4  -1.79049955e+03 -1.79334187e+03  7.80e-04 1.78e-15  2.83e-03     0s
   5  -1.79083909e+03 -1.79211387e+03  4.66e-04 8.88e-16  1.29e-03     0s
   6  -1.79136441e+03 -1.79145342e+03  0.00e+00 1.78e-15  8.70e-05     0s
   7  -1.79139625e+03 -1.79139627e+03  0.00e+00 1.78e-15  1.87e-08     0s
   8  -1.79139625e+03 -1.79139625e+03  1.95e-15 8.88e-16  1.94e-14     0s

Barrier solved model in 8 iterations and 0.01 seconds
Optimal objective -1.79139625e+03


Root relaxation: objective -1.791396e+03, 141 iterations, 0.00 seconds

    Nodes    |    Current Node    |     Objective Bounds      |     Work
 Expl Unexpl |  Obj  Depth IntInf | Incumbent    BestBd   Gap | It/Node Time

     0     0 -1791.3962    0   17 -1721.3000 -1791.3962  4.07%     -    0s

Explored 0 nodes (209 simplex iterations) in 0.01 seconds
Thread count was 20 (of 20 available processors)

Solution count 2: -1721.3 -451.15 
Pool objective bound -1791.3

Optimal solution found (tolerance 5.00e-02)
Best objective -1.721300000000e+03, best bound -1.791300000000e+03, gap 4.0667%
(0, 1599.4999999999554)
(1, 1578.4999999999566)
(2, 1578.4999999999566)
(3, 1591.0999999999556)
(4, 1585.8499999999556)
(5, 1595.2999999999552)
(6, 1586.899999999956)
(7, 1578.4999999999561)
(8, 1588.9999999999554)
(9, 1586.8999999999558)
(10, 1597.3999999999551)
(11, 1583.7499999999561)
(12, 1588.9999999999561)
(13, 1597.3999999999553)
(14, 1594.2499999999554)
(15, 1592.1499999999558)
(16, 1585.8499999999556)
(17, 1594.2499999999557)
(18, 1598.4499999999548)
(19, 1581.6499999999562)
(20, 1595.2999999999554)
(21, 1587.9499999999557)
(22, 1590.0499999999554)
(23, 1597.3999999999551)
(24, 1582.6999999999559)
(25, 1583.7499999999559)
(26, 1590.0499999999554)
(27, 1586.899999999956)
(28, 1594.2499999999554)
(29, 1584.7999999999558)
(30, 1590.0499999999556)
(31, 1603.6999999999553)
(32, 1598.4499999999553)
(33, 1588.9999999999559)
(34, 1590.0499999999556)
(35, 1605.7999999999552)
(36, 1592.149999999956)
(37, 1588.9999999999559)
(38, 1585.8499999999558)
(39, 1596.3499999999551)
(0, 1626.799999999954)
(1, 1624.6999999999541)
(2, 1623.6499999999546)
(3, 1625.7499999999543)
(4, 1624.6999999999546)
(5, 1623.6499999999544)
(6, 1619.4499999999543)
(7, 1623.6499999999542)
(8, 1622.5999999999544)
(9, 1624.6999999999546)
(10, 1622.5999999999542)
(11, 1620.4999999999543)
(12, 1626.7999999999543)
(13, 1624.6999999999543)
(14, 1624.6999999999543)
(15, 1623.6499999999542)
(16, 1622.5999999999544)
(17, 1630.9999999999543)
(18, 1625.7499999999541)
(19, 1627.8499999999544)
(20, 1622.5999999999542)
(21, 1625.7499999999543)
(22, 1625.7499999999543)
(23, 1625.7499999999541)
(24, 1625.7499999999543)
(25, 1626.7999999999545)
(26, 1627.849999999954)
(27, 1624.6999999999539)
(28, 1623.6499999999544)
(29, 1624.6999999999541)
(30, 1620.4999999999545)
(31, 1626.7999999999543)
(32, 1622.5999999999542)
(33, 1628.8999999999539)
(34, 1624.6999999999541)
(35, 1628.8999999999544)
(36, 1625.7499999999543)
(37, 1630.9999999999541)
(38, 1624.6999999999543)
(39, 1625.7499999999541)
Changed value of parameter MIPGap to 0.05
   Prev: 0.0001  Min: 0.0  Max: 1e+100  Default: 0.0001
Changed value of parameter TimeLimit to 1800.0
   Prev: 1e+100  Min: 0.0  Max: 1e+100  Default: 1e+100
Changed value of parameter Method to 2
   Prev: -1  Min: -1  Max: 4  Default: -1
Changed value of parameter MIPFocus to 1
   Prev: 0  Min: 0  Max: 3  Default: 0
Optimize a model with 3584 rows, 5226 columns and 10452 nonzeros
Variable types: 0 continuous, 5226 integer (5226 binary)
Coefficient statistics:
  Matrix range     [1e+00, 5e+00]
  Objective range  [1e+00, 2e+00]
  Bounds range     [1e+00, 1e+00]
  RHS range        [8e+01, 8e+01]
Found heuristic solution: objective 0
Presolve removed 3538 rows and 4723 columns
Presolve time: 0.01s
Presolved: 46 rows, 503 columns, 929 nonzeros
Found heuristic solution: objective -1853.600000
Variable types: 0 continuous, 503 integer (392 binary)
Presolved: 46 rows, 503 columns, 929 nonzeros

Root barrier log...

Ordering time: 0.00s

Barrier statistics:
 AA' NZ     : 4.170e+02
 Factor NZ  : 1.017e+03
 Factor Ops : 2.884e+04 (less than 1 second per iteration)
 Threads    : 1

                  Objective                Residual
Iter       Primal          Dual         Primal    Dual     Compl     Time
   0  -2.59637647e+03 -2.82356315e+03  1.14e+01 4.44e-16  2.44e+00     0s
   1  -1.89839923e+03 -2.29017851e+03  5.21e-01 2.65e-01  4.84e-01     0s
   2  -1.90153402e+03 -1.96484108e+03  4.11e-02 2.72e-02  6.41e-02     0s
   3  -1.91128963e+03 -1.92906592e+03  1.58e-02 8.88e-16  1.83e-02     0s
   4  -1.91713560e+03 -1.92336687e+03  4.78e-03 1.78e-15  6.38e-03     0s
   5  -1.91960438e+03 -1.92097054e+03  4.74e-04 1.78e-15  1.36e-03     0s
   6  -1.92005252e+03 -1.92017293e+03  0.00e+00 8.88e-16  1.15e-04     0s
   7  -1.92006735e+03 -1.92006776e+03  0.00e+00 1.78e-15  3.94e-07     0s
   8  -1.92006750e+03 -1.92006750e+03  0.00e+00 1.78e-15  3.94e-13     0s

Barrier solved model in 8 iterations and 0.01 seconds
Optimal objective -1.92006750e+03


Root relaxation: objective -1.920068e+03, 142 iterations, 0.00 seconds

    Nodes    |    Current Node    |     Objective Bounds      |     Work
 Expl Unexpl |  Obj  Depth IntInf | Incumbent    BestBd   Gap | It/Node Time

     0     0 -1920.0675    0   18 -1853.6000 -1920.0675  3.59%     -    0s

Explored 0 nodes (219 simplex iterations) in 0.01 seconds
Thread count was 20 (of 20 available processors)

Solution count 2: -1853.6 -486.3 
Pool objective bound -1920

Optimal solution found (tolerance 5.00e-02)
Best objective -1.853600000000e+03, best bound -1.920000000000e+03, gap 3.5822%
(0, 1717.1999999999575)
(1, 1709.4999999999577)
(2, 1706.1999999999582)
(3, 1723.799999999957)
(4, 1716.0999999999574)
(5, 1714.9999999999575)
(6, 1712.7999999999579)
(7, 1725.9999999999568)
(8, 1711.699999999958)
(9, 1719.3999999999573)
(10, 1701.799999999959)
(11, 1717.1999999999575)
(12, 1717.1999999999573)
(13, 1721.5999999999572)
(14, 1710.5999999999583)
(15, 1728.1999999999564)
(16, 1717.1999999999575)
(17, 1712.7999999999579)
(18, 1716.0999999999576)
(19, 1716.0999999999578)
(20, 1714.9999999999577)
(21, 1712.7999999999579)
(22, 1707.2999999999581)
(23, 1713.8999999999576)
(24, 1716.0999999999576)
(25, 1702.8999999999587)
(26, 1717.1999999999573)
(27, 1709.4999999999584)
(28, 1707.2999999999583)
(29, 1706.1999999999584)
(30, 1709.4999999999582)
(31, 1727.0999999999567)
(32, 1706.1999999999584)
(33, 1710.5999999999578)
(34, 1718.2999999999574)
(35, 1720.499999999957)
(36, 1713.8999999999578)
(37, 1728.1999999999564)
(38, 1705.0999999999583)
(39, 1706.1999999999584)
(0, 1750.199999999955)
(1, 1745.7999999999549)
(2, 1747.9999999999548)
(3, 1747.9999999999552)
(4, 1749.0999999999547)
(5, 1747.999999999955)
(6, 1751.2999999999547)
(7, 1755.6999999999543)
(8, 1745.7999999999549)
(9, 1746.8999999999553)
(10, 1744.699999999955)
(11, 1750.1999999999548)
(12, 1747.9999999999548)
(13, 1757.8999999999542)
(14, 1752.3999999999546)
(15, 1753.4999999999545)
(16, 1750.1999999999548)
(17, 1751.2999999999547)
(18, 1754.5999999999544)
(19, 1745.7999999999552)
(20, 1744.6999999999555)
(21, 1751.2999999999545)
(22, 1747.999999999955)
(23, 1746.8999999999553)
(24, 1749.0999999999549)
(25, 1749.0999999999547)
(26, 1742.4999999999557)
(27, 1751.2999999999545)
(28, 1754.5999999999542)
(29, 1752.3999999999544)
(30, 1753.4999999999545)
(31, 1749.0999999999551)
(32, 1751.2999999999547)
(33, 1752.3999999999546)
(34, 1751.2999999999549)
(35, 1754.5999999999544)
(36, 1753.4999999999541)
(37, 1751.2999999999547)
(38, 1756.799999999954)
(39, 1747.9999999999548)
Changed value of parameter MIPGap to 0.05
   Prev: 0.0001  Min: 0.0  Max: 1e+100  Default: 0.0001
Changed value of parameter TimeLimit to 1800.0
   Prev: 1e+100  Min: 0.0  Max: 1e+100  Default: 1e+100
Changed value of parameter Method to 2
   Prev: -1  Min: -1  Max: 4  Default: -1
Changed value of parameter MIPFocus to 1
   Prev: 0  Min: 0  Max: 3  Default: 0
Optimize a model with 3584 rows, 5226 columns and 10452 nonzeros
Variable types: 0 continuous, 5226 integer (5226 binary)
Coefficient statistics:
  Matrix range     [1e+00, 5e+00]
  Objective range  [1e+00, 3e+00]
  Bounds range     [1e+00, 1e+00]
  RHS range        [8e+01, 8e+01]
Found heuristic solution: objective 0
Presolve removed 3538 rows and 4723 columns
Presolve time: 0.01s
Presolved: 46 rows, 503 columns, 929 nonzeros
Found heuristic solution: objective -2121.800000
Variable types: 0 continuous, 503 integer (392 binary)
Presolved: 46 rows, 503 columns, 929 nonzeros

Root barrier log...

Ordering time: 0.00s

Barrier statistics:
 AA' NZ     : 4.170e+02
 Factor NZ  : 1.017e+03
 Factor Ops : 2.884e+04 (less than 1 second per iteration)
 Threads    : 1

                  Objective                Residual
Iter       Primal          Dual         Primal    Dual     Compl     Time
   0  -2.93846857e+03 -3.11070864e+03  1.14e+01 8.88e-16  2.55e+00     0s
   1  -2.15326227e+03 -2.54890405e+03  4.54e-01 2.44e-01  4.79e-01     0s
   2  -2.16372294e+03 -2.22392214e+03  2.62e-02 2.15e-02  6.05e-02     0s
   3  -2.16994552e+03 -2.18511657e+03  1.25e-02 1.78e-15  1.58e-02     0s
   4  -2.17413709e+03 -2.17963930e+03  5.49e-03 1.78e-15  5.86e-03     0s
   5  -2.17617330e+03 -2.17883015e+03  2.68e-03 1.78e-15  2.83e-03     0s
   6  -2.17715853e+03 -2.17842777e+03  1.31e-03 8.88e-16  1.36e-03     0s
   7  -2.17745130e+03 -2.17827094e+03  9.09e-04 1.78e-15  8.85e-04     0s
   8  -2.17767154e+03 -2.17814907e+03  6.04e-04 1.78e-15  5.25e-04     0s
   9  -2.17810922e+03 -2.17811184e+03  0.00e+00 8.88e-16  2.49e-06     0s
  10  -2.17811000e+03 -2.17811000e+03  0.00e+00 1.78e-15  2.89e-11     0s

Barrier solved model in 10 iterations and 0.01 seconds
Optimal objective -2.17811000e+03


Root relaxation: objective -2.178110e+03, 159 iterations, 0.00 seconds

    Nodes    |    Current Node    |     Objective Bounds      |     Work
 Expl Unexpl |  Obj  Depth IntInf | Incumbent    BestBd   Gap | It/Node Time

     0     0 -2178.1100    0   19 -2121.8000 -2178.1100  2.65%     -    0s

Explored 0 nodes (269 simplex iterations) in 0.01 seconds
Thread count was 20 (of 20 available processors)

Solution count 2: -2121.8 -556.6 
Pool objective bound -2178

Optimal solution found (tolerance 5.00e-02)
Best objective -2.121800000000e+03, best bound -2.178000000000e+03, gap 2.6487%
(0, 1971.8000000000559)
(1, 1976.6000000000561)
(2, 1961.0000000000555)
(3, 1970.6000000000558)
(4, 2011.4000000000574)
(5, 1980.2000000000562)
(6, 1986.2000000000564)
(7, 1961.0000000000555)
(8, 2006.6000000000572)
(9, 1980.2000000000564)
(10, 1970.6000000000558)
(11, 1979.0000000000564)
(12, 1967.0000000000557)
(13, 1965.8000000000559)
(14, 1976.6000000000561)
(15, 1982.6000000000563)
(16, 1969.4000000000558)
(17, 1965.8000000000557)
(18, 1958.6000000000554)
(19, 1976.6000000000561)
(20, 1967.0000000000557)
(21, 1981.4000000000565)
(22, 1985.0000000000564)
(23, 1957.4000000000553)
(24, 1994.6000000000568)
(25, 1974.2000000000562)
(26, 1995.8000000000568)
(27, 1974.200000000056)
(28, 1961.0000000000557)
(29, 1965.8000000000557)
(30, 1965.8000000000557)
(31, 1958.6000000000554)
(32, 2007.800000000057)
(33, 2003.0000000000571)
(34, 1980.2000000000562)
(35, 1958.6000000000556)
(36, 1975.400000000056)
(37, 1976.6000000000558)
(38, 1962.2000000000558)
(39, 2005.4000000000569)
(0, 2004.2000000000573)
(1, 2006.6000000000572)
(2, 2011.4000000000574)
(3, 2012.6000000000574)
(4, 2004.2000000000571)
(5, 2011.4000000000572)
(6, 2004.2000000000569)
(7, 2010.2000000000576)
(8, 2007.8000000000575)
(9, 2006.6000000000572)
(10, 2005.4000000000572)
(11, 2012.6000000000572)
(12, 2009.0000000000571)
(13, 2004.2000000000571)
(14, 2010.2000000000573)
(15, 2007.8000000000573)
(16, 2010.2000000000571)
(17, 2012.6000000000574)
(18, 2012.6000000000577)
(19, 2012.6000000000574)
(20, 2003.0000000000571)
(21, 2005.4000000000572)
(22, 2004.2000000000571)
(23, 2005.4000000000572)
(24, 2009.0000000000573)
(25, 2007.8000000000575)
(26, 2006.6000000000574)
(27, 2012.6000000000574)
(28, 2012.6000000000577)
(29, 2004.2000000000571)
(30, 2013.8000000000575)
(31, 2010.2000000000576)
(32, 2006.6000000000574)
(33, 2000.600000000057)
(34, 2010.2000000000573)
(35, 2007.8000000000573)
(36, 2010.2000000000573)
(37, 2015.0000000000575)
(38, 2012.6000000000577)
(39, 2010.2000000000576)
Changed value of parameter MIPGap to 0.05
   Prev: 0.0001  Min: 0.0  Max: 1e+100  Default: 0.0001
Changed value of parameter TimeLimit to 1800.0
   Prev: 1e+100  Min: 0.0  Max: 1e+100  Default: 1e+100
Changed value of parameter Method to 2
   Prev: -1  Min: -1  Max: 4  Default: -1
Changed value of parameter MIPFocus to 1
   Prev: 0  Min: 0  Max: 3  Default: 0
Optimize a model with 3584 rows, 5226 columns and 10452 nonzeros
Variable types: 0 continuous, 5226 integer (5226 binary)
Coefficient statistics:
  Matrix range     [1e+00, 5e+00]
  Objective range  [1e+00, 4e+00]
  Bounds range     [1e+00, 1e+00]
  RHS range        [8e+01, 8e+01]
Found heuristic solution: objective 0
Presolve removed 3538 rows and 4723 columns
Presolve time: 0.01s
Presolved: 46 rows, 503 columns, 929 nonzeros
Found heuristic solution: objective -2658.600000
Variable types: 0 continuous, 503 integer (392 binary)
Presolved: 46 rows, 503 columns, 929 nonzeros

Root barrier log...

Ordering time: 0.00s

Barrier statistics:
 AA' NZ     : 4.170e+02
 Factor NZ  : 1.017e+03
 Factor Ops : 2.884e+04 (less than 1 second per iteration)
 Threads    : 1

                  Objective                Residual
Iter       Primal          Dual         Primal    Dual     Compl     Time
   0  -3.62306519e+03 -3.73631948e+03  1.14e+01 8.88e-16  2.89e+00     0s
   1  -2.67556842e+03 -3.10584391e+03  3.18e-01 2.35e-01  4.94e-01     0s
   2  -2.70590174e+03 -2.78092760e+03  3.73e-02 2.43e-02  7.64e-02     0s
   3  -2.71379548e+03 -2.73722664e+03  1.72e-02 1.78e-15  2.44e-02     0s
   4  -2.72111790e+03 -2.72473510e+03  1.12e-03 1.78e-15  3.60e-03     0s
   5  -2.72221545e+03 -2.72236774e+03  8.18e-05 1.78e-15  1.58e-04     0s
   6  -2.72230000e+03 -2.72230000e+03  0.00e+00 1.78e-15  6.86e-09     0s

Barrier solved model in 6 iterations and 0.01 seconds
Optimal objective -2.72230000e+03


Root relaxation: objective -2.722300e+03, 328 iterations, 0.00 seconds

    Nodes    |    Current Node    |     Objective Bounds      |     Work
 Expl Unexpl |  Obj  Depth IntInf | Incumbent    BestBd   Gap | It/Node Time

     0     0 -2722.3000    0   13 -2658.6000 -2722.3000  2.40%     -    0s

Explored 0 nodes (447 simplex iterations) in 0.01 seconds
Thread count was 20 (of 20 available processors)

Solution count 2: -2658.6 -697.2 
Pool objective bound -2721.6

Optimal solution found (tolerance 5.00e-02)
Best objective -2.658600000000e+03, best bound -2.721600000000e+03, gap 2.3697%
(0, 2492.0000000000909)
(1, 2503.2000000000917)
(2, 2510.2000000000921)
(3, 2465.4000000000892)
(4, 2521.4000000000929)
(5, 2465.4000000000892)
(6, 2511.6000000000922)
(7, 2485.0000000000909)
(8, 2490.6000000000909)
(9, 2469.600000000089)
(10, 2482.2000000000903)
(11, 2492.0000000000914)
(12, 2504.6000000000918)
(13, 2480.8000000000902)
(14, 2478.0000000000905)
(15, 2480.8000000000907)
(16, 2522.800000000093)
(17, 2493.400000000091)
(18, 2487.8000000000911)
(19, 2520.0000000000928)
(20, 2476.6000000000899)
(21, 2483.6000000000904)
(22, 2511.6000000000922)
(23, 2479.4000000000901)
(24, 2489.2000000000908)
(25, 2503.2000000000921)
(26, 2476.6000000000904)
(27, 2480.8000000000907)
(28, 2525.6000000000936)
(29, 2483.6000000000909)
(30, 2506.0000000000923)
(31, 2469.6000000000895)
(32, 2496.2000000000912)
(33, 2472.4000000000901)
(34, 2503.2000000000921)
(35, 2479.4000000000901)
(36, 2524.200000000093)
(37, 2479.4000000000906)
(38, 2465.4000000000897)
(39, 2483.6000000000904)
(0, 2534.0000000000937)
(1, 2532.600000000094)
(2, 2534.0000000000941)
(3, 2538.200000000094)
(4, 2532.600000000094)
(5, 2543.8000000000943)
(6, 2543.8000000000948)
(7, 2538.200000000094)
(8, 2541.0000000000941)
(9, 2534.0000000000937)
(10, 2527.0000000000937)
(11, 2532.600000000094)
(12, 2542.4000000000942)
(13, 2543.8000000000948)
(14, 2539.600000000094)
(15, 2535.4000000000942)
(16, 2534.0000000000941)
(17, 2539.6000000000945)
(18, 2536.8000000000943)
(19, 2527.0000000000932)
(20, 2536.8000000000943)
(21, 2542.4000000000947)
(22, 2535.4000000000938)
(23, 2532.6000000000936)
(24, 2539.600000000094)
(25, 2534.0000000000937)
(26, 2534.0000000000941)
(27, 2529.8000000000939)
(28, 2535.4000000000938)
(29, 2534.0000000000941)
(30, 2538.200000000094)
(31, 2532.600000000094)
(32, 2545.2000000000949)
(33, 2532.6000000000936)
(34, 2536.8000000000934)
(35, 2532.6000000000931)
(36, 2532.6000000000936)
(37, 2538.2000000000944)
(38, 2536.8000000000943)
(39, 2529.8000000000939)
Changed value of parameter MIPGap to 0.05
   Prev: 0.0001  Min: 0.0  Max: 1e+100  Default: 0.0001
Changed value of parameter TimeLimit to 1800.0
   Prev: 1e+100  Min: 0.0  Max: 1e+100  Default: 1e+100
Changed value of parameter Method to 2
   Prev: -1  Min: -1  Max: 4  Default: -1
Changed value of parameter MIPFocus to 1
   Prev: 0  Min: 0  Max: 3  Default: 0
Optimize a model with 3584 rows, 5226 columns and 10452 nonzeros
Variable types: 0 continuous, 5226 integer (5226 binary)
Coefficient statistics:
  Matrix range     [1e+00, 5e+00]
  Objective range  [2e+00, 5e+00]
  Bounds range     [1e+00, 1e+00]
  RHS range        [8e+01, 8e+01]
Found heuristic solution: objective 0
Presolve removed 3538 rows and 4723 columns
Presolve time: 0.01s
Presolved: 46 rows, 503 columns, 929 nonzeros
Found heuristic solution: objective -2930.500000
Variable types: 0 continuous, 503 integer (392 binary)
Presolved: 46 rows, 503 columns, 929 nonzeros

Root barrier log...

Ordering time: 0.00s

Barrier statistics:
 AA' NZ     : 4.170e+02
 Factor NZ  : 1.017e+03
 Factor Ops : 2.884e+04 (less than 1 second per iteration)
 Threads    : 1

                  Objective                Residual
Iter       Primal          Dual         Primal    Dual     Compl     Time
   0  -3.96690449e+03 -4.17061678e+03  1.14e+01 8.88e-16  3.36e+00     0s
   1  -2.92701053e+03 -3.44817648e+03  1.97e-01 2.91e-01  5.68e-01     0s
   2  -2.98090472e+03 -3.07713994e+03  2.18e-02 3.88e-02  9.50e-02     0s
   3  -2.99192589e+03 -3.01821895e+03  8.81e-03 1.78e-15  2.62e-02     0s
   4  -2.99956955e+03 -3.00281631e+03  0.00e+00 1.78e-15  3.11e-03     0s
   5  -3.00059279e+03 -3.00132222e+03  0.00e+00 1.78e-15  7.01e-04     0s
   6  -3.00074418e+03 -3.00075051e+03  0.00e+00 1.78e-15  6.02e-06     0s
   7  -3.00075000e+03 -3.00075000e+03  0.00e+00 1.78e-15  9.48e-12     0s

Barrier solved model in 7 iterations and 0.01 seconds
Optimal objective -3.00075000e+03


Root relaxation: objective -3.000750e+03, 326 iterations, 0.00 seconds

    Nodes    |    Current Node    |     Objective Bounds      |     Work
 Expl Unexpl |  Obj  Depth IntInf | Incumbent    BestBd   Gap | It/Node Time

     0     0 -3000.7500    0   15 -2930.5000 -3000.7500  2.40%     -    0s

Explored 0 nodes (412 simplex iterations) in 0.01 seconds
Thread count was 20 (of 20 available processors)

Solution count 2: -2930.5 -767.5 
Pool objective bound -3000.5

Optimal solution found (tolerance 5.00e-02)
Best objective -2.930500000000e+03, best bound -3.000500000000e+03, gap 2.3887%
(0, 2776.0)
(1, 2756.5)
(2, 2750.5)
(3, 2776.0)
(4, 2756.5)
(5, 2779.0)
(6, 2735.5)
(7, 2783.5)
(8, 2744.5)
(9, 2789.5)
(10, 2795.5)
(11, 2729.5)
(12, 2737.0)
(13, 2782.0)
(14, 2780.5)
(15, 2744.5)
(16, 2750.5)
(17, 2795.5)
(18, 2750.5)
(19, 2792.5)
(20, 2755.0)
(21, 2723.5)
(22, 2740.0)
(23, 2765.5)
(24, 2789.5)
(25, 2798.5)
(26, 2735.5)
(27, 2795.5)
(28, 2749.0)
(29, 2782.0)
(30, 2750.5)
(31, 2740.0)
(32, 2723.5)
(33, 2741.5)
(34, 2792.5)
(35, 2737.0)
(36, 2747.5)
(37, 2765.5)
(38, 2735.5)
(39, 2728.0)
(0, 2806.0)
(1, 2800.0)
(2, 2803.0)
(3, 2809.0)
(4, 2792.5)
(5, 2809.0)
(6, 2795.5)
(7, 2798.5)
(8, 2800.0)
(9, 2800.0)
(10, 2798.5)
(11, 2800.0)
(12, 2800.0)
(13, 2794.0)
(14, 2803.0)
(15, 2791.0)
(16, 2798.5)
(17, 2803.0)
(18, 2795.5)
(19, 2800.0)
(20, 2800.0)
(21, 2801.5)
(22, 2795.5)
(23, 2803.0)
(24, 2797.0)
(25, 2810.5)
(26, 2803.0)
(27, 2804.5)
(28, 2806.0)
(29, 2797.0)
(30, 2800.0)
(31, 2809.0)
(32, 2801.5)
(33, 2798.5)
(34, 2803.0)
(35, 2806.0)
(36, 2810.5)
(37, 2804.5)
(38, 2801.5)
(39, 2798.5)
Changed value of parameter MIPGap to 0.05
   Prev: 0.0001  Min: 0.0  Max: 1e+100  Default: 0.0001
Changed value of parameter TimeLimit to 1800.0
   Prev: 1e+100  Min: 0.0  Max: 1e+100  Default: 1e+100
Changed value of parameter Method to 2
   Prev: -1  Min: -1  Max: 4  Default: -1
Changed value of parameter MIPFocus to 1
   Prev: 0  Min: 0  Max: 3  Default: 0
Optimize a model with 3584 rows, 5226 columns and 10452 nonzeros
Variable types: 0 continuous, 5226 integer (5226 binary)
Coefficient statistics:
  Matrix range     [1e+00, 5e+00]
  Objective range  [2e+00, 9e+00]
  Bounds range     [1e+00, 1e+00]
  RHS range        [8e+01, 8e+01]
Found heuristic solution: objective 0
Presolve removed 3538 rows and 4723 columns
Presolve time: 0.01s
Presolved: 46 rows, 503 columns, 929 nonzeros
Found heuristic solution: objective -4283.000000
Variable types: 0 continuous, 503 integer (392 binary)
Presolved: 46 rows, 503 columns, 929 nonzeros

Root barrier log...

Ordering time: 0.00s

Barrier statistics:
 AA' NZ     : 4.170e+02
 Factor NZ  : 1.017e+03
 Factor Ops : 2.884e+04 (less than 1 second per iteration)
 Threads    : 1

                  Objective                Residual
Iter       Primal          Dual         Primal    Dual     Compl     Time
   0  -5.68818089e+03 -6.77141089e+03  1.15e+01 1.78e-15  6.74e+00     0s
   1  -4.15195257e+03 -5.37669506e+03  0.00e+00 7.93e-01  1.19e+00     0s
   2  -4.34019279e+03 -4.59423632e+03  0.00e+00 1.49e-01  2.43e-01     0s
   3  -4.38071134e+03 -4.45696960e+03  0.00e+00 2.14e-02  7.25e-02     0s
   4  -4.39032336e+03 -4.40063763e+03  0.00e+00 1.78e-15  9.81e-03     0s
   5  -4.39278932e+03 -4.39391593e+03  0.00e+00 3.55e-15  1.07e-03     0s
   6  -4.39297614e+03 -4.39300176e+03  0.00e+00 3.55e-15  2.44e-05     0s
   7  -4.39300000e+03 -4.39300000e+03  0.00e+00 3.55e-15  1.28e-10     0s

Barrier solved model in 7 iterations and 0.01 seconds
Optimal objective -4.39300000e+03


Root relaxation: objective -4.393000e+03, 326 iterations, 0.00 seconds

    Nodes    |    Current Node    |     Objective Bounds      |     Work
 Expl Unexpl |  Obj  Depth IntInf | Incumbent    BestBd   Gap | It/Node Time

     0     0 -4393.0000    0   13 -4283.0000 -4393.0000  2.57%     -    0s

Explored 0 nodes (395 simplex iterations) in 0.01 seconds
Thread count was 20 (of 20 available processors)

Solution count 2: -4283 -1119 
Pool objective bound -4393

Optimal solution found (tolerance 5.00e-02)
Best objective -4.283000000000e+03, best bound -4.393000000000e+03, gap 2.5683%
(0, 4097.0)
(1, 4133.0)
(2, 4017.0)
(3, 4017.0)
(4, 4021.0)
(5, 4139.0)
(6, 4059.0)
(7, 4113.0)
(8, 4023.0)
(9, 4029.0)
(10, 4123.0)
(11, 4043.0)
(12, 4055.0)
(13, 4023.0)
(14, 4129.0)
(15, 4099.0)
(16, 4085.0)
(17, 4139.0)
(18, 4051.0)
(19, 4081.0)
(20, 4121.0)
(21, 4021.0)
(22, 4125.0)
(23, 4147.0)
(24, 4093.0)
(25, 4055.0)
(26, 4121.0)
(27, 4021.0)
(28, 4063.0)
(29, 4067.0)
(30, 4129.0)
(31, 4083.0)
(32, 4119.0)
(33, 4065.0)
(34, 4123.0)
(35, 4029.0)
(36, 4093.0)
(37, 4087.0)
(38, 4071.0)
(39, 4059.0)
(0, 4089.0)
(1, 4099.0)
(2, 4109.0)
(3, 4099.0)
(4, 4107.0)
(5, 4101.0)
(6, 4103.0)
(7, 4107.0)
(8, 4091.0)
(9, 4103.0)
(10, 4105.0)
(11, 4101.0)
(12, 4095.0)
(13, 4105.0)
(14, 4097.0)
(15, 4099.0)
(16, 4089.0)
(17, 4089.0)
(18, 4099.0)
(19, 4101.0)
(20, 4099.0)
(21, 4091.0)
(22, 4101.0)
(23, 4091.0)
(24, 4097.0)
(25, 4105.0)
(26, 4101.0)
(27, 4099.0)
(28, 4091.0)
(29, 4101.0)
(30, 4101.0)
(31, 4097.0)
(32, 4095.0)
(33, 4107.0)
(34, 4105.0)
(35, 4111.0)
(36, 4103.0)
(37, 4091.0)
(38, 4103.0)
(39, 4103.0)
Changed value of parameter MIPGap to 0.05
   Prev: 0.0001  Min: 0.0  Max: 1e+100  Default: 0.0001
Changed value of parameter TimeLimit to 1800.0
   Prev: 1e+100  Min: 0.0  Max: 1e+100  Default: 1e+100
Changed value of parameter Method to 2
   Prev: -1  Min: -1  Max: 4  Default: -1
Changed value of parameter MIPFocus to 1
   Prev: 0  Min: 0  Max: 3  Default: 0
Optimize a model with 3584 rows, 5226 columns and 10452 nonzeros
Variable types: 0 continuous, 5226 integer (5226 binary)
Coefficient statistics:
  Matrix range     [1e+00, 5e+00]
  Objective range  [3e+00, 2e+01]
  Bounds range     [1e+00, 1e+00]
  RHS range        [8e+01, 8e+01]
Found heuristic solution: objective 0
Presolve removed 3538 rows and 4723 columns
Presolve time: 0.01s
Presolved: 46 rows, 503 columns, 929 nonzeros
Found heuristic solution: objective -6995.000000
Variable types: 0 continuous, 503 integer (392 binary)
Presolved: 46 rows, 503 columns, 929 nonzeros

Root barrier log...

Ordering time: 0.00s

Barrier statistics:
 AA' NZ     : 4.170e+02
 Factor NZ  : 1.017e+03
 Factor Ops : 2.884e+04 (less than 1 second per iteration)
 Threads    : 1

                  Objective                Residual
Iter       Primal          Dual         Primal    Dual     Compl     Time
   0  -9.12649197e+03 -1.19729991e+04  1.15e+01 3.55e-15  1.35e+01     0s
   1  -6.71671830e+03 -9.24628489e+03  0.00e+00 1.81e+00  2.47e+00     0s
   2  -7.06364882e+03 -7.60410687e+03  0.00e+00 3.62e-01  5.18e-01     0s
   3  -7.17112440e+03 -7.25754435e+03  0.00e+00 2.65e-02  8.22e-02     0s
   4  -7.17530580e+03 -7.17898792e+03  0.00e+00 7.11e-15  3.50e-03     0s
   5  -7.17749330e+03 -7.17751193e+03  0.00e+00 7.11e-15  1.77e-05     0s
   6  -7.17750000e+03 -7.17750000e+03  0.00e+00 3.55e-15  1.81e-11     0s

Barrier solved model in 6 iterations and 0.01 seconds
Optimal objective -7.17750000e+03


Root relaxation: objective -7.177500e+03, 326 iterations, 0.00 seconds

    Nodes    |    Current Node    |     Objective Bounds      |     Work
 Expl Unexpl |  Obj  Depth IntInf | Incumbent    BestBd   Gap | It/Node Time

     0     0 -7177.5000    0   11 -6995.0000 -7177.5000  2.61%     -    0s

Explored 0 nodes (441 simplex iterations) in 0.01 seconds
Thread count was 20 (of 20 available processors)

Solution count 2: -6995 -1822 
Pool objective bound -7177

Optimal solution found (tolerance 5.00e-02)
Best objective -6.995000000000e+03, best bound -7.177000000000e+03, gap 2.6019%
(0, 6680.0)
(1, 6632.0)
(2, 6674.0)
(3, 6728.0)
(4, 6758.0)
(5, 6743.0)
(6, 6776.0)
(7, 6611.0)
(8, 6686.0)
(9, 6752.0)
(10, 6767.0)
(11, 6614.0)
(12, 6758.0)
(13, 6752.0)
(14, 6731.0)
(15, 6737.0)
(16, 6605.0)
(17, 6704.0)
(18, 6644.0)
(19, 6710.0)
(20, 6722.0)
(21, 6725.0)
(22, 6758.0)
(23, 6782.0)
(24, 6719.0)
(25, 6749.0)
(26, 6707.0)
(27, 6599.0)
(28, 6764.0)
(29, 6740.0)
(30, 6794.0)
(31, 6602.0)
(32, 6671.0)
(33, 6776.0)
(34, 6716.0)
(35, 6737.0)
(36, 6752.0)
(37, 6617.0)
(38, 6788.0)
(39, 6806.0)
(0, 6713.0)
(1, 6725.0)
(2, 6734.0)
(3, 6731.0)
(4, 6725.0)
(5, 6740.0)
(6, 6719.0)
(7, 6728.0)
(8, 6737.0)
(9, 6728.0)
(10, 6725.0)
(11, 6734.0)
(12, 6737.0)
(13, 6734.0)
(14, 6725.0)
(15, 6740.0)
(16, 6722.0)
(17, 6731.0)
(18, 6740.0)
(19, 6701.0)
(20, 6725.0)
(21, 6740.0)
(22, 6740.0)
(23, 6722.0)
(24, 6722.0)
(25, 6728.0)
(26, 6725.0)
(27, 6719.0)
(28, 6734.0)
(29, 6725.0)
(30, 6731.0)
(31, 6722.0)
(32, 6713.0)
(33, 6725.0)
(34, 6749.0)
(35, 6734.0)
(36, 6731.0)
(37, 6701.0)
(38, 6719.0)
(39, 6698.0)
Changed value of parameter MIPGap to 0.05
   Prev: 0.0001  Min: 0.0  Max: 1e+100  Default: 0.0001
Changed value of parameter TimeLimit to 1800.0
   Prev: 1e+100  Min: 0.0  Max: 1e+100  Default: 1e+100
Changed value of parameter Method to 2
   Prev: -1  Min: -1  Max: 4  Default: -1
Changed value of parameter MIPFocus to 1
   Prev: 0  Min: 0  Max: 3  Default: 0
Optimize a model with 3584 rows, 5226 columns and 10452 nonzeros
Variable types: 0 continuous, 5226 integer (5226 binary)
Coefficient statistics:
  Matrix range     [1e+00, 5e+00]
  Objective range  [5e+00, 3e+01]
  Bounds range     [1e+00, 1e+00]
  RHS range        [8e+01, 8e+01]
Found heuristic solution: objective 0
Presolve removed 3538 rows and 4723 columns
Presolve time: 0.01s
Presolved: 46 rows, 503 columns, 929 nonzeros
Found heuristic solution: objective -12427.00000
Variable types: 0 continuous, 503 integer (392 binary)
Presolved: 46 rows, 503 columns, 929 nonzeros

Root barrier log...

Ordering time: 0.00s

Barrier statistics:
 AA' NZ     : 4.170e+02
 Factor NZ  : 1.017e+03
 Factor Ops : 2.884e+04 (less than 1 second per iteration)
 Threads    : 1

                  Objective                Residual
Iter       Primal          Dual         Primal    Dual     Compl     Time
   0  -1.60009498e+04 -2.23761755e+04  1.15e+01 3.55e-15  2.70e+01     0s
   1  -1.18653556e+04 -1.69899060e+04  0.00e+00 3.84e+00  5.03e+00     0s
   2  -1.25374912e+04 -1.35570864e+04  0.00e+00 7.16e-01  9.78e-01     0s
   3  -1.27337346e+04 -1.28842920e+04  0.00e+00 4.99e-02  1.43e-01     0s
   4  -1.27379377e+04 -1.27497378e+04  0.00e+00 7.11e-15  1.12e-02     0s
   5  -1.27464335e+04 -1.27467010e+04  0.00e+00 7.11e-15  2.54e-04     0s
   6  -1.27465000e+04 -1.27465000e+04  0.00e+00 1.42e-14  5.61e-10     0s

Barrier solved model in 6 iterations and 0.01 seconds
Optimal objective -1.27465000e+04


Root relaxation: objective -1.274650e+04, 327 iterations, 0.00 seconds

    Nodes    |    Current Node    |     Objective Bounds      |     Work
 Expl Unexpl |  Obj  Depth IntInf | Incumbent    BestBd   Gap | It/Node Time

     0     0 -12746.500    0   13 -12427.000 -12746.500  2.57%     -    0s

Explored 0 nodes (458 simplex iterations) in 0.01 seconds
Thread count was 20 (of 20 available processors)

Solution count 2: -12427 -3228 
Pool objective bound -12746

Optimal solution found (tolerance 5.00e-02)
Best objective -1.242700000000e+04, best bound -1.274600000000e+04, gap 2.5670%
(0, 12052.0)
(1, 11997.0)
(2, 12092.0)
(3, 12052.0)
(4, 12052.0)
(5, 11932.0)
(6, 12102.0)
(7, 12057.0)
(8, 11812.0)
(9, 11882.0)
(10, 11917.0)
(11, 12012.0)
(12, 12047.0)
(13, 12102.0)
(14, 12072.0)
(15, 11897.0)
(16, 12092.0)
(17, 12057.0)
(18, 12057.0)
(19, 12022.0)
(20, 12117.0)
(21, 11807.0)
(22, 12062.0)
(23, 11812.0)
(24, 11902.0)
(25, 11842.0)
(26, 12027.0)
(27, 12082.0)
(28, 11907.0)
(29, 12052.0)
(30, 12032.0)
(31, 11927.0)
(32, 11947.0)
(33, 12047.0)
(34, 12017.0)
(35, 12067.0)
(36, 12107.0)
(37, 12097.0)
(38, 12032.0)
(39, 12042.0)
(0, 11982.0)
(1, 11982.0)
(2, 11952.0)
(3, 11952.0)
(4, 11962.0)
(5, 11962.0)
(6, 11967.0)
(7, 11962.0)
(8, 11997.0)
(9, 11952.0)
(10, 11962.0)
(11, 11942.0)
(12, 11957.0)
(13, 11942.0)
(14, 11962.0)
(15, 11942.0)
(16, 11992.0)
(17, 11982.0)
(18, 11992.0)
(19, 11962.0)
(20, 11972.0)
(21, 11937.0)
(22, 11972.0)
(23, 11962.0)
(24, 11987.0)
(25, 11962.0)
(26, 11952.0)
(27, 11982.0)
(28, 11952.0)
(29, 11947.0)
(30, 11942.0)
(31, 11952.0)
(32, 11962.0)
(33, 11937.0)
(34, 11967.0)
(35, 11932.0)
(36, 11972.0)
(37, 11952.0)
(38, 11957.0)
(39, 11997.0)
Changed value of parameter MIPGap to 0.05
   Prev: 0.0001  Min: 0.0  Max: 1e+100  Default: 0.0001
Changed value of parameter TimeLimit to 1800.0
   Prev: 1e+100  Min: 0.0  Max: 1e+100  Default: 1e+100
Changed value of parameter Method to 2
   Prev: -1  Min: -1  Max: 4  Default: -1
Changed value of parameter MIPFocus to 1
   Prev: 0  Min: 0  Max: 3  Default: 0
Optimize a model with 3584 rows, 5226 columns and 10452 nonzeros
Variable types: 0 continuous, 5226 integer (5226 binary)
Coefficient statistics:
  Matrix range     [1e+00, 5e+00]
  Objective range  [6e+00, 4e+01]
  Bounds range     [1e+00, 1e+00]
  RHS range        [8e+01, 8e+01]
Found heuristic solution: objective 0
Presolve removed 3538 rows and 4723 columns
Presolve time: 0.01s
Presolved: 46 rows, 503 columns, 929 nonzeros
Found heuristic solution: objective -15142.00000
Variable types: 0 continuous, 503 integer (392 binary)
Presolved: 46 rows, 503 columns, 929 nonzeros

Root barrier log...

Ordering time: 0.00s

Barrier statistics:
 AA' NZ     : 4.170e+02
 Factor NZ  : 1.017e+03
 Factor Ops : 2.884e+04 (less than 1 second per iteration)
 Threads    : 1

                  Objective                Residual
Iter       Primal          Dual         Primal    Dual     Compl     Time
   0  -1.94379602e+04 -2.75777638e+04  1.15e+01 7.11e-15  3.38e+01     0s
   1  -1.44416134e+04 -2.08621795e+04  0.00e+00 4.86e+00  6.31e+00     0s
   2  -1.52757938e+04 -1.65199951e+04  0.00e+00 8.81e-01  1.19e+00     0s
   3  -1.55145279e+04 -1.56964058e+04  0.00e+00 6.05e-02  1.73e-01     0s
   4  -1.55198050e+04 -1.55352491e+04  0.00e+00 1.42e-14  1.47e-02     0s
   5  -1.55309106e+04 -1.55313068e+04  0.00e+00 1.07e-14  3.77e-04     0s
   6  -1.55310000e+04 -1.55310000e+04  0.00e+00 1.42e-14  9.93e-10     0s

Barrier solved model in 6 iterations and 0.01 seconds
Optimal objective -1.55310000e+04


Root relaxation: objective -1.553100e+04, 328 iterations, 0.00 seconds

    Nodes    |    Current Node    |     Objective Bounds      |     Work
 Expl Unexpl |  Obj  Depth IntInf | Incumbent    BestBd   Gap | It/Node Time

     0     0 -15531.000    0   15 -15142.000 -15531.000  2.57%     -    0s

Explored 0 nodes (475 simplex iterations) in 0.01 seconds
Thread count was 20 (of 20 available processors)

Solution count 2: -15142 -3931 
Pool objective bound -15531

Optimal solution found (tolerance 5.00e-02)
Best objective -1.514200000000e+04, best bound -1.553100000000e+04, gap 2.5690%
(0, 14656.0)
(1, 14632.0)
(2, 14668.0)
(3, 14728.0)
(4, 14698.0)
(5, 14668.0)
(6, 14722.0)
(7, 14746.0)
(8, 14536.0)
(9, 14710.0)
(10, 14686.0)
(11, 14650.0)
(12, 14602.0)
(13, 14662.0)
(14, 14722.0)
(15, 14554.0)
(16, 14452.0)
(17, 14686.0)
(18, 14716.0)
(19, 14698.0)
(20, 14746.0)
(21, 14626.0)
(22, 14680.0)
(23, 14668.0)
(24, 14746.0)
(25, 14710.0)
(26, 14698.0)
(27, 14668.0)
(28, 14746.0)
(29, 14410.0)
(30, 14728.0)
(31, 14638.0)
(32, 14740.0)
(33, 14764.0)
(34, 14482.0)
(35, 14572.0)
(36, 14656.0)
(37, 14512.0)
(38, 14590.0)
(39, 14596.0)
(0, 14596.0)
(1, 14584.0)
(2, 14608.0)
(3, 14566.0)
(4, 14572.0)
(5, 14560.0)
(6, 14590.0)
(7, 14614.0)
(8, 14578.0)
(9, 14596.0)
(10, 14584.0)
(11, 14590.0)
(12, 14560.0)
(13, 14596.0)
(14, 14596.0)
(15, 14608.0)
(16, 14578.0)
(17, 14560.0)
(18, 14566.0)
(19, 14602.0)
(20, 14572.0)
(21, 14596.0)
(22, 14584.0)
(23, 14584.0)
(24, 14584.0)
(25, 14578.0)
(26, 14608.0)
(27, 14572.0)
(28, 14614.0)
(29, 14602.0)
(30, 14596.0)
(31, 14566.0)
(32, 14572.0)
(33, 14584.0)
(34, 14554.0)
(35, 14590.0)
(36, 14596.0)
(37, 14602.0)
(38, 14602.0)
(39, 14584.0)
Changed value of parameter MIPGap to 0.05
   Prev: 0.0001  Min: 0.0  Max: 1e+100  Default: 0.0001
Changed value of parameter TimeLimit to 1800.0
   Prev: 1e+100  Min: 0.0  Max: 1e+100  Default: 1e+100
Changed value of parameter Method to 2
   Prev: -1  Min: -1  Max: 4  Default: -1
Changed value of parameter MIPFocus to 1
   Prev: 0  Min: 0  Max: 3  Default: 0
Optimize a model with 3584 rows, 5226 columns and 10452 nonzeros
Variable types: 0 continuous, 5226 integer (5226 binary)
Coefficient statistics:
  Matrix range     [1e+00, 5e+00]
  Objective range  [1e+01, 8e+01]
  Bounds range     [1e+00, 1e+00]
  RHS range        [8e+01, 8e+01]
Found heuristic solution: objective 0
Presolve removed 3538 rows and 4723 columns
Presolve time: 0.01s
Presolved: 46 rows, 503 columns, 929 nonzeros
Found heuristic solution: objective -28717.00000
Variable types: 0 continuous, 503 integer (392 binary)
Presolved: 46 rows, 503 columns, 929 nonzeros

Root barrier log...

Ordering time: 0.00s

Barrier statistics:
 AA' NZ     : 4.170e+02
 Factor NZ  : 1.017e+03
 Factor Ops : 2.884e+04 (less than 1 second per iteration)
 Threads    : 1

                  Objective                Residual
Iter       Primal          Dual         Primal    Dual     Compl     Time
   0  -3.66225733e+04 -5.35857048e+04  1.15e+01 1.42e-14  6.76e+01     0s
   1  -2.73268304e+04 -4.02244504e+04  0.00e+00 9.95e+00  1.27e+01     0s
   2  -2.89589071e+04 -3.13318378e+04  0.00e+00 1.70e+00  2.28e+00     0s
   3  -2.94172892e+04 -2.97564134e+04  0.00e+00 1.12e-01  3.23e-01     0s
   4  -2.94283733e+04 -2.94644841e+04  0.00e+00 2.84e-14  3.43e-02     0s
   5  -2.94532591e+04 -2.94544354e+04  0.00e+00 2.84e-14  1.12e-03     0s
   6  -2.94535000e+04 -2.94535000e+04  0.00e+00 2.84e-14  4.01e-09     0s

Barrier solved model in 6 iterations and 0.01 seconds
Optimal objective -2.94535000e+04


Root relaxation: objective -2.945350e+04, 328 iterations, 0.00 seconds

    Nodes    |    Current Node    |     Objective Bounds      |     Work
 Expl Unexpl |  Obj  Depth IntInf | Incumbent    BestBd   Gap | It/Node Time

     0     0 -29453.500    0   13 -28717.000 -29453.500  2.56%     -    0s

Explored 0 nodes (433 simplex iterations) in 0.01 seconds
Thread count was 20 (of 20 available processors)

Solution count 2: -28717 -7446 
Pool objective bound -29453

Optimal solution found (tolerance 5.00e-02)
Best objective -2.871700000000e+04, best bound -2.945300000000e+04, gap 2.5629%
(0, 27507.0)
(1, 27892.0)
(2, 27892.0)
(3, 27859.0)
(4, 27826.0)
(5, 27925.0)
(6, 27782.0)
(7, 27958.0)
(8, 27683.0)
(9, 27342.0)
(10, 27353.0)
(11, 27573.0)
(12, 28035.0)
(13, 27232.0)
(14, 28013.0)
(15, 27936.0)
(16, 27870.0)
(17, 27991.0)
(18, 27947.0)
(19, 27991.0)
(20, 27914.0)
(21, 27870.0)
(22, 27716.0)
(23, 27782.0)
(24, 27991.0)
(25, 27958.0)
(26, 27793.0)
(27, 27881.0)
(28, 27584.0)
(29, 27815.0)
(30, 27980.0)
(31, 27485.0)
(32, 27947.0)
(33, 27936.0)
(34, 27903.0)
(35, 27859.0)
(36, 28002.0)
(37, 27584.0)
(38, 27628.0)
(39, 27848.0)
(0, 27705.0)
(1, 27705.0)
(2, 27595.0)
(3, 27716.0)
(4, 27683.0)
(5, 27705.0)
(6, 27705.0)
(7, 27694.0)
(8, 27705.0)
(9, 27694.0)
(10, 27716.0)
(11, 27683.0)
(12, 27705.0)
(13, 27672.0)
(14, 27694.0)
(15, 27716.0)
(16, 27694.0)
(17, 27694.0)
(18, 27705.0)
(19, 27716.0)
(20, 27705.0)
(21, 27672.0)
(22, 27716.0)
(23, 27716.0)
(24, 27716.0)
(25, 27694.0)
(26, 27628.0)
(27, 27727.0)
(28, 27661.0)
(29, 27672.0)
(30, 27705.0)
(31, 27727.0)
(32, 27716.0)
(33, 27694.0)
(34, 27694.0)
(35, 27749.0)
(36, 27705.0)
(37, 27694.0)
(38, 27782.0)
(39, 27716.0)
Changed value of parameter MIPGap to 0.05
   Prev: 0.0001  Min: 0.0  Max: 1e+100  Default: 0.0001
Changed value of parameter TimeLimit to 1800.0
   Prev: 1e+100  Min: 0.0  Max: 1e+100  Default: 1e+100
Changed value of parameter Method to 2
   Prev: -1  Min: -1  Max: 4  Default: -1
Changed value of parameter MIPFocus to 1
   Prev: 0  Min: 0  Max: 3  Default: 0
Optimize a model with 3584 rows, 5226 columns and 10452 nonzeros
Variable types: 0 continuous, 5226 integer (5226 binary)
Coefficient statistics:
  Matrix range     [1e+00, 5e+00]
  Objective range  [2e+01, 2e+02]
  Bounds range     [1e+00, 1e+00]
  RHS range        [8e+01, 8e+01]
Found heuristic solution: objective 0
Presolve removed 3538 rows and 4723 columns
Presolve time: 0.01s
Presolved: 46 rows, 503 columns, 929 nonzeros
Found heuristic solution: objective -55867.00000
Variable types: 0 continuous, 503 integer (392 binary)
Presolved: 46 rows, 503 columns, 929 nonzeros

Root barrier log...

Ordering time: 0.00s

Barrier statistics:
 AA' NZ     : 4.170e+02
 Factor NZ  : 1.017e+03
 Factor Ops : 2.884e+04 (less than 1 second per iteration)
 Threads    : 1

                  Objective                Residual
Iter       Primal          Dual         Primal    Dual     Compl     Time
   0  -7.09913595e+04 -1.05601587e+05  1.15e+01 2.84e-14  1.35e+02     0s
   1  -5.31012416e+04 -7.89499301e+04  0.00e+00 2.01e+01  2.55e+01     0s
   2  -5.63261448e+04 -6.09567495e+04  0.00e+00 3.34e+00  4.45e+00     0s
   3  -5.72234789e+04 -5.78752259e+04  0.00e+00 2.13e-01  6.20e-01     0s
   4  -5.72461594e+04 -5.73220366e+04  0.00e+00 2.84e-14  7.21e-02     0s
   5  -5.72979543e+04 -5.73006315e+04  0.00e+00 8.53e-14  2.54e-03     0s
   6  -5.72985000e+04 -5.72985000e+04  0.00e+00 5.68e-14  1.47e-08     0s
   7  -5.72985000e+04 -5.72985000e+04  4.96e-15 4.76e-14  1.64e-14     0s

Barrier solved model in 7 iterations and 0.01 seconds
Optimal objective -5.72985000e+04


Root relaxation: objective -5.729850e+04, 328 iterations, 0.00 seconds

    Nodes    |    Current Node    |     Objective Bounds      |     Work
 Expl Unexpl |  Obj  Depth IntInf | Incumbent    BestBd   Gap | It/Node Time

     0     0 -57298.500    0   13 -55867.000 -57298.500  2.56%     -    0s

Explored 0 nodes (431 simplex iterations) in 0.01 seconds
Thread count was 20 (of 20 available processors)

Solution count 2: -55867 -14476 
Pool objective bound -57295

Optimal solution found (tolerance 5.00e-02)
Best objective -5.586700000000e+04, best bound -5.729500000000e+04, gap 2.5561%
(0, 53326.0)
(1, 54250.0)
(2, 54376.0)
(3, 53872.0)
(4, 54481.0)
(5, 53809.0)
(6, 54397.0)
(7, 54292.0)
(8, 54250.0)
(9, 53620.0)
(10, 54292.0)
(11, 53998.0)
(12, 54523.0)
(13, 54124.0)
(14, 54397.0)
(15, 54292.0)
(16, 54397.0)
(17, 54418.0)
(18, 54376.0)
(19, 53746.0)
(20, 54334.0)
(21, 53515.0)
(22, 54418.0)
(23, 54229.0)
(24, 54166.0)
(25, 54397.0)
(26, 54187.0)
(27, 53389.0)
(28, 54376.0)
(29, 54061.0)
(30, 54439.0)
(31, 54397.0)
(32, 54229.0)
(33, 54502.0)
(34, 53725.0)
(35, 54355.0)
(36, 53977.0)
(37, 54397.0)
(38, 54544.0)
(39, 54124.0)
(0, 53935.0)
(1, 54019.0)
(2, 53977.0)
(3, 53893.0)
(4, 53935.0)
(5, 54019.0)
(6, 53872.0)
(7, 53977.0)
(8, 53914.0)
(9, 53956.0)
(10, 53809.0)
(11, 54082.0)
(12, 53830.0)
(13, 53893.0)
(14, 53998.0)
(15, 53977.0)
(16, 53830.0)
(17, 53956.0)
(18, 53914.0)
(19, 53914.0)
(20, 53914.0)
(21, 54019.0)
(22, 53851.0)
(23, 53956.0)
(24, 53914.0)
(25, 53935.0)
(26, 53956.0)
(27, 53851.0)
(28, 53914.0)
(29, 53977.0)
(30, 53914.0)
(31, 53893.0)
(32, 53977.0)
(33, 53935.0)
(34, 53872.0)
(35, 53977.0)
(36, 53956.0)
(37, 53914.0)
(38, 54019.0)
(39, 53956.0)
Changed value of parameter MIPGap to 0.05
   Prev: 0.0001  Min: 0.0  Max: 1e+100  Default: 0.0001
Changed value of parameter TimeLimit to 1800.0
   Prev: 1e+100  Min: 0.0  Max: 1e+100  Default: 1e+100
Changed value of parameter Method to 2
   Prev: -1  Min: -1  Max: 4  Default: -1
Changed value of parameter MIPFocus to 1
   Prev: 0  Min: 0  Max: 3  Default: 0
Optimize a model with 3584 rows, 5226 columns and 10452 nonzeros
Variable types: 0 continuous, 5226 integer (5226 binary)
Coefficient statistics:
  Matrix range     [1e+00, 5e+00]
  Objective range  [5e+01, 4e+02]
  Bounds range     [1e+00, 1e+00]
  RHS range        [8e+01, 8e+01]
Found heuristic solution: objective 0
Presolve removed 3538 rows and 4723 columns
Presolve time: 0.01s
Presolved: 46 rows, 503 columns, 929 nonzeros
Found heuristic solution: objective -137317.0000
Variable types: 0 continuous, 503 integer (392 binary)
Presolved: 46 rows, 503 columns, 929 nonzeros

Root barrier log...

Ordering time: 0.00s

Barrier statistics:
 AA' NZ     : 4.170e+02
 Factor NZ  : 1.017e+03
 Factor Ops : 2.884e+04 (less than 1 second per iteration)
 Threads    : 1

                  Objective                Residual
Iter       Primal          Dual         Primal    Dual     Compl     Time
   0  -1.74097365e+05 -2.61649234e+05  1.15e+01 5.68e-14  3.38e+02     0s
   1  -1.30427795e+05 -1.95127277e+05  0.00e+00 5.07e+01  6.38e+01     0s
   2  -1.38431234e+05 -1.49824568e+05  0.00e+00 8.25e+00  1.09e+01     0s
   3  -1.40642406e+05 -1.42228063e+05  0.00e+00 5.15e-01  1.51e+00     0s
   4  -1.40700125e+05 -1.40893958e+05  0.00e+00 1.14e-13  1.84e-01     0s
   5  -1.40831962e+05 -1.40839341e+05  0.00e+00 1.14e-13  7.01e-03     0s
   6  -1.40833500e+05 -1.40833501e+05  0.00e+00 1.14e-13  1.05e-06     0s
   7  -1.40833500e+05 -1.40833500e+05  0.00e+00 1.14e-13  2.08e-12     0s

Barrier solved model in 7 iterations and 0.01 seconds
Optimal objective -1.40833500e+05


Root relaxation: objective -1.408335e+05, 329 iterations, 0.00 seconds

    Nodes    |    Current Node    |     Objective Bounds      |     Work
 Expl Unexpl |  Obj  Depth IntInf | Incumbent    BestBd   Gap | It/Node Time

     0     0 -140833.50    0   11 -137317.00 -140833.50  2.56%     -    0s

Explored 0 nodes (480 simplex iterations) in 0.01 seconds
Thread count was 20 (of 20 available processors)

Solution count 2: -137317 -35566 
Pool objective bound -140833

Optimal solution found (tolerance 5.00e-02)
Best objective -1.373170000000e+05, best bound -1.408330000000e+05, gap 2.5605%
(0, 133033.0)
(1, 133747.0)
(2, 132625.0)
(3, 132523.0)
(4, 133798.0)
(5, 133747.0)
(6, 133033.0)
(7, 132268.0)
(8, 133849.0)
(9, 133594.0)
(10, 131350.0)
(11, 133339.0)
(12, 133033.0)
(13, 133645.0)
(14, 133033.0)
(15, 133594.0)
(16, 132778.0)
(17, 133543.0)
(18, 133798.0)
(19, 132166.0)
(20, 132217.0)
(21, 133696.0)
(22, 133492.0)
(23, 133798.0)
(24, 133798.0)
(25, 133543.0)
(26, 133747.0)
(27, 133339.0)
(28, 133390.0)
(29, 132115.0)
(30, 132676.0)
(31, 132829.0)
(32, 133594.0)
(33, 132880.0)
(34, 132727.0)
(35, 132676.0)
(36, 133849.0)
(37, 132523.0)
(38, 133594.0)
(39, 132880.0)
(0, 132829.0)
(1, 132523.0)
(2, 132370.0)
(3, 132829.0)
(4, 132370.0)
(5, 132319.0)
(6, 132421.0)
(7, 132523.0)
(8, 132625.0)
(9, 132574.0)
(10, 132625.0)
(11, 132625.0)
(12, 132625.0)
(13, 132217.0)
(14, 132370.0)
(15, 132829.0)
(16, 132727.0)
(17, 132574.0)
(18, 132676.0)
(19, 132625.0)
(20, 132625.0)
(21, 132676.0)
(22, 132727.0)
(23, 132472.0)
(24, 132574.0)
(25, 132829.0)
(26, 132625.0)
(27, 132727.0)
(28, 132523.0)
(29, 132370.0)
(30, 132472.0)
(31, 132727.0)
(32, 132523.0)
(33, 132421.0)
(34, 132370.0)
(35, 132625.0)
(36, 132727.0)
(37, 132676.0)
(38, 132880.0)
(39, 132370.0)
Changed value of parameter MIPGap to 0.05
   Prev: 0.0001  Min: 0.0  Max: 1e+100  Default: 0.0001
Changed value of parameter TimeLimit to 1800.0
   Prev: 1e+100  Min: 0.0  Max: 1e+100  Default: 1e+100
Changed value of parameter Method to 2
   Prev: -1  Min: -1  Max: 4  Default: -1
Changed value of parameter MIPFocus to 1
   Prev: 0  Min: 0  Max: 3  Default: 0
Optimize a model with 3584 rows, 5226 columns and 10452 nonzeros
Variable types: 0 continuous, 5226 integer (5226 binary)
Coefficient statistics:
  Matrix range     [1e+00, 5e+00]
  Objective range  [5e+02, 4e+03]
  Bounds range     [1e+00, 1e+00]
  RHS range        [8e+01, 8e+01]
Found heuristic solution: objective 0
Presolve removed 3538 rows and 4723 columns
Presolve time: 0.01s
Presolved: 46 rows, 503 columns, 929 nonzeros
Found heuristic solution: objective -1359067.000
Variable types: 0 continuous, 503 integer (392 binary)
Presolved: 46 rows, 503 columns, 929 nonzeros

Root barrier log...

Ordering time: 0.00s

Barrier statistics:
 AA' NZ     : 4.170e+02
 Factor NZ  : 1.017e+03
 Factor Ops : 2.884e+04 (less than 1 second per iteration)
 Threads    : 1

                  Objective                Residual
Iter       Primal          Dual         Primal    Dual     Compl     Time
   0  -1.72068618e+06 -2.60236393e+06  1.15e+01 4.55e-13  3.38e+03     0s
   1  -1.29033760e+06 -1.93778999e+06  0.00e+00 5.09e+02  6.39e+02     0s
   2  -1.36979303e+06 -1.48399256e+06  0.00e+00 8.27e+01  1.10e+02     0s
   3  -1.39186214e+06 -1.40755310e+06  0.00e+00 4.87e+00  1.49e+01     0s
   4  -1.39248669e+06 -1.39460430e+06  0.00e+00 9.09e-13  2.01e+00     0s
   5  -1.39383856e+06 -1.39392785e+06  0.00e+00 9.09e-13  8.49e-02     0s
   6  -1.39385850e+06 -1.39385850e+06  0.00e+00 9.09e-13  1.31e-06     0s
   7  -1.39385850e+06 -1.39385850e+06  2.98e-15 1.36e-12  1.33e-12     0s

Barrier solved model in 7 iterations and 0.01 seconds
Optimal objective -1.39385850e+06


Root relaxation: objective -1.393858e+06, 328 iterations, 0.00 seconds

    Nodes    |    Current Node    |     Objective Bounds      |     Work
 Expl Unexpl |  Obj  Depth IntInf | Incumbent    BestBd   Gap | It/Node Time

     0     0 -1393858.5    0    9 -1359067.0 -1393858.5  2.56%     -    0s

Explored 0 nodes (574 simplex iterations) in 0.02 seconds
Thread count was 20 (of 20 available processors)

Solution count 2: -1.35907e+06 -351916 
Pool objective bound -1.39386e+06

Optimal solution found (tolerance 5.00e-02)
Best objective -1.359067000000e+06, best bound -1.393858000000e+06, gap 2.5599%
(0, 1316983.0)
(1, 1319989.0)
(2, 1323496.0)
(3, 1322995.0)
(4, 1320490.0)
(5, 1309468.0)
(6, 1319488.0)
(7, 1322995.0)
(8, 1324498.0)
(9, 1326001.0)
(10, 1300450.0)
(11, 1326001.0)
(12, 1326502.0)
(13, 1318486.0)
(14, 1318987.0)
(15, 1323997.0)
(16, 1320991.0)
(17, 1296442.0)
(18, 1317484.0)
(19, 1319989.0)
(20, 1308967.0)
(21, 1318486.0)
(22, 1321492.0)
(23, 1318486.0)
(24, 1324498.0)
(25, 1321993.0)
(26, 1318987.0)
(27, 1309468.0)
(28, 1323496.0)
(29, 1317484.0)
(30, 1311472.0)
(31, 1321993.0)
(32, 1318987.0)
(33, 1326001.0)
(34, 1321993.0)
(35, 1320991.0)
(36, 1317985.0)
(37, 1326001.0)
(38, 1311472.0)
(39, 1300951.0)
(0, 1312474.0)
(1, 1309969.0)
(2, 1311973.0)
(3, 1313977.0)
(4, 1312975.0)
(5, 1312474.0)
(6, 1312975.0)
(7, 1310971.0)
(8, 1310971.0)
(9, 1312474.0)
(10, 1312474.0)
(11, 1310971.0)
(12, 1312975.0)
(13, 1312474.0)
(14, 1311973.0)
(15, 1312975.0)
(16, 1313977.0)
(17, 1311973.0)
(18, 1310971.0)
(19, 1315480.0)
(20, 1308967.0)
(21, 1311973.0)
(22, 1311472.0)
(23, 1309468.0)
(24, 1312474.0)
(25, 1310470.0)
(26, 1312474.0)
(27, 1311973.0)
(28, 1314478.0)
(29, 1311472.0)
(30, 1315981.0)
(31, 1312975.0)
(32, 1311973.0)
(33, 1312975.0)
(34, 1312474.0)
(35, 1310470.0)
(36, 1311472.0)
(37, 1311973.0)
(38, 1312975.0)
(39, 1311472.0)
