Changed value of parameter MIPGap to 0.05
   Prev: 0.0001  Min: 0.0  Max: 1e+100  Default: 0.0001
Changed value of parameter TimeLimit to 1800.0
   Prev: 1e+100  Min: 0.0  Max: 1e+100  Default: 1e+100
Changed value of parameter Method to 2
   Prev: -1  Min: -1  Max: 4  Default: -1
Changed value of parameter MIPFocus to 1
   Prev: 0  Min: 0  Max: 3  Default: 0
Optimize a model with 4162 rows, 6093 columns and 12186 nonzeros
Variable types: 0 continuous, 6093 integer (6093 binary)
Coefficient statistics:
  Matrix range     [1e+00, 5e+00]
  Objective range  [1e+00, 1e+00]
  Bounds range     [1e+00, 1e+00]
  RHS range        [8e+01, 8e+01]
Found heuristic solution: objective 0
Presolve removed 4099 rows and 5047 columns
Presolve time: 0.01s
Presolved: 63 rows, 1046 columns, 1991 nonzeros
Found heuristic solution: objective -1596.000000
Variable types: 0 continuous, 1046 integer (858 binary)
Presolved: 63 rows, 1046 columns, 1991 nonzeros

Root barrier log...

Ordering time: 0.00s

Barrier statistics:
 AA' NZ     : 9.100e+02
 Factor NZ  : 1.973e+03
 Factor Ops : 8.178e+04 (less than 1 second per iteration)
 Threads    : 1

                  Objective                Residual
Iter       Primal          Dual         Primal    Dual     Compl     Time
   0  -3.20845469e+03 -3.17246381e+03  1.90e+01 4.44e-16  2.11e+00     0s
   1  -1.75239147e+03 -2.46061171e+03  1.39e+00 3.16e-01  4.71e-01     0s
   2  -1.72087508e+03 -1.83660134e+03  4.20e-02 2.54e-02  5.67e-02     0s
   3  -1.75003492e+03 -1.77034872e+03  1.24e-03 1.84e-03  9.54e-03     0s
   4  -1.75374788e+03 -1.75914269e+03  2.32e-04 1.31e-04  2.53e-03     0s
   5  -1.75488638e+03 -1.75520534e+03  0.00e+00 8.88e-16  1.50e-04     0s
   6  -1.75499998e+03 -1.75500004e+03  0.00e+00 1.78e-15  2.96e-08     0s
   7  -1.75500000e+03 -1.75500000e+03  7.31e-16 1.78e-15  3.01e-14     0s

Barrier solved model in 7 iterations and 0.02 seconds
Optimal objective -1.75500000e+03


Root relaxation: objective -1.755000e+03, 353 iterations, 0.01 seconds

    Nodes    |    Current Node    |     Objective Bounds      |     Work
 Expl Unexpl |  Obj  Depth IntInf | Incumbent    BestBd   Gap | It/Node Time

     0     0 -1755.0000    0    9 -1596.0000 -1755.0000  10.0%     -    0s
H    0     0                    -1751.000000 -1755.0000  0.23%     -    0s

Explored 0 nodes (415 simplex iterations) in 0.02 seconds
Thread count was 20 (of 20 available processors)

Solution count 3: -1751 -1596 -167 
Pool objective bound -1755

Optimal solution found (tolerance 5.00e-02)
Best objective -1.751000000000e+03, best bound -1.755000000000e+03, gap 0.2284%
Changed value of parameter MIPGap to 0.05
   Prev: 0.0001  Min: 0.0  Max: 1e+100  Default: 0.0001
Changed value of parameter TimeLimit to 1800.0
   Prev: 1e+100  Min: 0.0  Max: 1e+100  Default: 1e+100
Changed value of parameter Method to 2
   Prev: -1  Min: -1  Max: 4  Default: -1
Changed value of parameter MIPFocus to 1
   Prev: 0  Min: 0  Max: 3  Default: 0
Optimize a model with 4162 rows, 6093 columns and 12186 nonzeros
Variable types: 0 continuous, 6093 integer (6093 binary)
Coefficient statistics:
  Matrix range     [1e+00, 5e+00]
  Objective range  [1e+00, 1e+00]
  Bounds range     [1e+00, 1e+00]
  RHS range        [8e+01, 8e+01]
Found heuristic solution: objective 0
Presolve removed 4099 rows and 5033 columns
Presolve time: 0.01s
Presolved: 63 rows, 1060 columns, 2005 nonzeros
Found heuristic solution: objective -1602.331730
Variable types: 0 continuous, 1060 integer (874 binary)
Presolved: 63 rows, 1060 columns, 2005 nonzeros

Root barrier log...

Ordering time: 0.00s

Barrier statistics:
 AA' NZ     : 9.100e+02
 Factor NZ  : 1.973e+03
 Factor Ops : 8.178e+04 (less than 1 second per iteration)
 Threads    : 1

                  Objective                Residual
Iter       Primal          Dual         Primal    Dual     Compl     Time
   0  -3.21405991e+03 -3.18276389e+03  1.90e+01 4.44e-16  2.10e+00     0s
   1  -1.75232370e+03 -2.47278406e+03  1.38e+00 3.16e-01  4.70e-01     0s
   2  -1.72177135e+03 -1.83850662e+03  4.05e-02 2.55e-02  5.64e-02     0s
   3  -1.75083007e+03 -1.77196598e+03  1.30e-03 1.69e-03  9.80e-03     0s
   4  -1.75478244e+03 -1.76039150e+03  2.36e-04 1.97e-04  2.59e-03     0s
   5  -1.75595995e+03 -1.75646577e+03  0.00e+00 8.88e-16  2.33e-04     0s
   6  -1.75607501e+03 -1.75608701e+03  0.00e+00 1.78e-15  5.51e-06     0s
   7  -1.75607570e+03 -1.75607813e+03  0.00e+00 3.88e-07  1.11e-06     0s
   8  -1.75607571e+03 -1.75607608e+03  0.00e+00 1.78e-15  1.69e-07     0s
   9  -1.75607576e+03 -1.75607576e+03  0.00e+00 1.78e-15  7.11e-10     0s

Barrier solved model in 9 iterations and 0.01 seconds
Optimal objective -1.75607576e+03


Root relaxation: objective -1.756076e+03, 353 iterations, 0.01 seconds

    Nodes    |    Current Node    |     Objective Bounds      |     Work
 Expl Unexpl |  Obj  Depth IntInf | Incumbent    BestBd   Gap | It/Node Time

     0     0 -1756.0758    0    9 -1602.3317 -1756.0758  9.60%     -    0s
H    0     0                    -1752.073590 -1756.0758  0.23%     -    0s

Explored 0 nodes (475 simplex iterations) in 0.02 seconds
Thread count was 20 (of 20 available processors)

Solution count 3: -1752.07 -1602.33 -144.126 
Pool objective bound -1756.08

Optimal solution found (tolerance 5.00e-02)
Best objective -1.752073590000e+03, best bound -1.756075758000e+03, gap 0.2284%
Changed value of parameter MIPGap to 0.05
   Prev: 0.0001  Min: 0.0  Max: 1e+100  Default: 0.0001
Changed value of parameter TimeLimit to 1800.0
   Prev: 1e+100  Min: 0.0  Max: 1e+100  Default: 1e+100
Changed value of parameter Method to 2
   Prev: -1  Min: -1  Max: 4  Default: -1
Changed value of parameter MIPFocus to 1
   Prev: 0  Min: 0  Max: 3  Default: 0
Optimize a model with 4162 rows, 6093 columns and 12186 nonzeros
Variable types: 0 continuous, 6093 integer (6093 binary)
Coefficient statistics:
  Matrix range     [1e+00, 5e+00]
  Objective range  [1e+00, 1e+00]
  Bounds range     [1e+00, 1e+00]
  RHS range        [8e+01, 8e+01]
Found heuristic solution: objective 0
Presolve removed 4099 rows and 5033 columns
Presolve time: 0.01s
Presolved: 63 rows, 1060 columns, 2005 nonzeros
Found heuristic solution: objective -1603.663460
Variable types: 0 continuous, 1060 integer (874 binary)
Presolved: 63 rows, 1060 columns, 2005 nonzeros

Root barrier log...

Ordering time: 0.00s

Barrier statistics:
 AA' NZ     : 9.100e+02
 Factor NZ  : 1.973e+03
 Factor Ops : 8.178e+04 (less than 1 second per iteration)
 Threads    : 1

                  Objective                Residual
Iter       Primal          Dual         Primal    Dual     Compl     Time
   0  -3.21647688e+03 -3.18451800e+03  1.90e+01 4.44e-16  2.10e+00     0s
   1  -1.75352639e+03 -2.47417350e+03  1.38e+00 3.16e-01  4.70e-01     0s
   2  -1.72291338e+03 -1.83985567e+03  4.03e-02 2.56e-02  5.65e-02     0s
   3  -1.75182267e+03 -1.77342973e+03  1.37e-03 1.79e-03  1.00e-02     0s
   4  -1.75584830e+03 -1.76038101e+03  2.55e-04 4.72e-04  2.10e-03     0s
   5  -1.75703293e+03 -1.75754165e+03  0.00e+00 8.88e-16  2.35e-04     0s
   6  -1.75714992e+03 -1.75716195e+03  0.00e+00 1.78e-15  5.53e-06     0s
   7  -1.75715084e+03 -1.75715289e+03  0.00e+00 1.78e-15  9.45e-07     0s
   8  -1.75715149e+03 -1.75715160e+03  0.00e+00 1.78e-15  4.92e-08     0s
   9  -1.75715152e+03 -1.75715152e+03  0.00e+00 1.78e-15  4.96e-11     0s

Barrier solved model in 9 iterations and 0.01 seconds
Optimal objective -1.75715152e+03


Root relaxation: objective -1.757152e+03, 351 iterations, 0.01 seconds

    Nodes    |    Current Node    |     Objective Bounds      |     Work
 Expl Unexpl |  Obj  Depth IntInf | Incumbent    BestBd   Gap | It/Node Time

     0     0 -1757.1515    0    9 -1603.6635 -1757.1515  9.57%     -    0s
H    0     0                    -1753.147180 -1757.1515  0.23%     -    0s

Explored 0 nodes (435 simplex iterations) in 0.02 seconds
Thread count was 20 (of 20 available processors)

Solution count 3: -1753.15 -1603.66 -144.252 
Pool objective bound -1757.15

Optimal solution found (tolerance 5.00e-02)
Best objective -1.753147180000e+03, best bound -1.757151516000e+03, gap 0.2284%
Changed value of parameter MIPGap to 0.05
   Prev: 0.0001  Min: 0.0  Max: 1e+100  Default: 0.0001
Changed value of parameter TimeLimit to 1800.0
   Prev: 1e+100  Min: 0.0  Max: 1e+100  Default: 1e+100
Changed value of parameter Method to 2
   Prev: -1  Min: -1  Max: 4  Default: -1
Changed value of parameter MIPFocus to 1
   Prev: 0  Min: 0  Max: 3  Default: 0
Optimize a model with 4162 rows, 6093 columns and 12186 nonzeros
Variable types: 0 continuous, 6093 integer (6093 binary)
Coefficient statistics:
  Matrix range     [1e+00, 5e+00]
  Objective range  [1e+00, 1e+00]
  Bounds range     [1e+00, 1e+00]
  RHS range        [8e+01, 8e+01]
Found heuristic solution: objective 0
Presolve removed 4099 rows and 5033 columns
Presolve time: 0.01s
Presolved: 63 rows, 1060 columns, 2005 nonzeros
Found heuristic solution: objective -1606.326920
Variable types: 0 continuous, 1060 integer (874 binary)
Presolved: 63 rows, 1060 columns, 2005 nonzeros

Root barrier log...

Ordering time: 0.00s

Barrier statistics:
 AA' NZ     : 9.100e+02
 Factor NZ  : 1.973e+03
 Factor Ops : 8.178e+04 (less than 1 second per iteration)
 Threads    : 1

                  Objective                Residual
Iter       Primal          Dual         Primal    Dual     Compl     Time
   0  -3.22131082e+03 -3.18802622e+03  1.90e+01 4.44e-16  2.10e+00     0s
   1  -1.75593277e+03 -2.47695294e+03  1.38e+00 3.16e-01  4.70e-01     0s
   2  -1.72519962e+03 -1.84254972e+03  4.00e-02 2.57e-02  5.66e-02     0s
   3  -1.75381176e+03 -1.77635774e+03  1.51e-03 1.99e-03  1.05e-02     0s
   4  -1.75794635e+03 -1.76275037e+03  2.83e-04 4.58e-04  2.23e-03     0s
   5  -1.75917419e+03 -1.75968234e+03  0.00e+00 1.78e-15  2.35e-04     0s
   6  -1.75930168e+03 -1.75932104e+03  0.00e+00 2.66e-15  8.89e-06     0s
   7  -1.75930256e+03 -1.75930519e+03  0.00e+00 1.78e-15  1.21e-06     0s
   8  -1.75930302e+03 -1.75930312e+03  0.00e+00 1.78e-15  4.71e-08     0s
   9  -1.75930303e+03 -1.75930303e+03  0.00e+00 1.78e-15  4.71e-11     0s

Barrier solved model in 9 iterations and 0.01 seconds
Optimal objective -1.75930303e+03


Root relaxation: objective -1.759303e+03, 350 iterations, 0.01 seconds

    Nodes    |    Current Node    |     Objective Bounds      |     Work
 Expl Unexpl |  Obj  Depth IntInf | Incumbent    BestBd   Gap | It/Node Time

     0     0 -1759.3030    0    9 -1606.3269 -1759.3030  9.52%     -    0s
H    0     0                    -1755.294360 -1759.3030  0.23%     -    0s

Explored 0 nodes (465 simplex iterations) in 0.02 seconds
Thread count was 20 (of 20 available processors)

Solution count 3: -1755.29 -1606.33 -144.505 
Pool objective bound -1759.3

Optimal solution found (tolerance 5.00e-02)
Best objective -1.755294360000e+03, best bound -1.759303032000e+03, gap 0.2284%
Changed value of parameter MIPGap to 0.05
   Prev: 0.0001  Min: 0.0  Max: 1e+100  Default: 0.0001
Changed value of parameter TimeLimit to 1800.0
   Prev: 1e+100  Min: 0.0  Max: 1e+100  Default: 1e+100
Changed value of parameter Method to 2
   Prev: -1  Min: -1  Max: 4  Default: -1
Changed value of parameter MIPFocus to 1
   Prev: 0  Min: 0  Max: 3  Default: 0
Optimize a model with 4162 rows, 6093 columns and 12186 nonzeros
Variable types: 0 continuous, 6093 integer (6093 binary)
Coefficient statistics:
  Matrix range     [1e+00, 5e+00]
  Objective range  [1e+00, 1e+00]
  Bounds range     [1e+00, 1e+00]
  RHS range        [8e+01, 8e+01]
Found heuristic solution: objective 0
Presolve removed 4099 rows and 5033 columns
Presolve time: 0.01s
Presolved: 63 rows, 1060 columns, 2005 nonzeros
Found heuristic solution: objective -1611.653840
Variable types: 0 continuous, 1060 integer (874 binary)
Presolved: 63 rows, 1060 columns, 2005 nonzeros

Root barrier log...

Ordering time: 0.00s

Barrier statistics:
 AA' NZ     : 9.100e+02
 Factor NZ  : 1.973e+03
 Factor Ops : 8.178e+04 (less than 1 second per iteration)
 Threads    : 1

                  Objective                Residual
Iter       Primal          Dual         Primal    Dual     Compl     Time
   0  -3.23097864e+03 -3.19504266e+03  1.90e+01 8.88e-16  2.10e+00     0s
   1  -1.76074958e+03 -2.48251406e+03  1.38e+00 3.15e-01  4.70e-01     0s
   2  -1.72978073e+03 -1.84791112e+03  3.93e-02 2.60e-02  5.70e-02     0s
   3  -1.75780713e+03 -1.78215151e+03  1.78e-03 2.39e-03  1.13e-02     0s
   4  -1.76202215e+03 -1.76757063e+03  3.36e-04 3.54e-04  2.57e-03     0s
   5  -1.76346008e+03 -1.76397463e+03  0.00e+00 1.78e-15  2.38e-04     0s
   6  -1.76360524e+03 -1.76363451e+03  0.00e+00 1.78e-15  1.34e-05     0s
   7  -1.76360576e+03 -1.76361109e+03  0.00e+00 1.78e-15  2.44e-06     0s
   8  -1.76360605e+03 -1.76360620e+03  0.00e+00 1.78e-15  6.78e-08     0s
   9  -1.76360606e+03 -1.76360606e+03  0.00e+00 1.78e-15  6.78e-11     0s

Barrier solved model in 9 iterations and 0.01 seconds
Optimal objective -1.76360606e+03


Root relaxation: objective -1.763606e+03, 351 iterations, 0.01 seconds

    Nodes    |    Current Node    |     Objective Bounds      |     Work
 Expl Unexpl |  Obj  Depth IntInf | Incumbent    BestBd   Gap | It/Node Time

     0     0 -1763.6061    0    9 -1611.6538 -1763.6061  9.43%     -    0s
H    0     0                    -1759.588720 -1763.6061  0.23%     -    0s

Explored 0 nodes (431 simplex iterations) in 0.02 seconds
Thread count was 20 (of 20 available processors)

Solution count 3: -1759.59 -1611.65 -145.009 
Pool objective bound -1763.61

Optimal solution found (tolerance 5.00e-02)
Best objective -1.759588720000e+03, best bound -1.763606064000e+03, gap 0.2283%
Changed value of parameter MIPGap to 0.05
   Prev: 0.0001  Min: 0.0  Max: 1e+100  Default: 0.0001
Changed value of parameter TimeLimit to 1800.0
   Prev: 1e+100  Min: 0.0  Max: 1e+100  Default: 1e+100
Changed value of parameter Method to 2
   Prev: -1  Min: -1  Max: 4  Default: -1
Changed value of parameter MIPFocus to 1
   Prev: 0  Min: 0  Max: 3  Default: 0
Optimize a model with 4162 rows, 6093 columns and 12186 nonzeros
Variable types: 0 continuous, 6093 integer (6093 binary)
Coefficient statistics:
  Matrix range     [1e+00, 5e+00]
  Objective range  [1e+00, 1e+00]
  Bounds range     [1e+00, 1e+00]
  RHS range        [8e+01, 8e+01]
Found heuristic solution: objective 0
Presolve removed 4099 rows and 5033 columns
Presolve time: 0.01s
Presolved: 63 rows, 1060 columns, 2005 nonzeros
Found heuristic solution: objective -1614.317300
Variable types: 0 continuous, 1060 integer (874 binary)
Presolved: 63 rows, 1060 columns, 2005 nonzeros

Root barrier log...

Ordering time: 0.00s

Barrier statistics:
 AA' NZ     : 9.100e+02
 Factor NZ  : 1.973e+03
 Factor Ops : 8.178e+04 (less than 1 second per iteration)
 Threads    : 1

                  Objective                Residual
Iter       Primal          Dual         Primal    Dual     Compl     Time
   0  -3.23581254e+03 -3.19855088e+03  1.90e+01 8.88e-16  2.11e+00     0s
   1  -1.76315999e+03 -2.48529573e+03  1.38e+00 3.15e-01  4.70e-01     0s
   2  -1.73207539e+03 -1.85057907e+03  3.90e-02 2.62e-02  5.71e-02     0s
   3  -1.75981735e+03 -1.78495905e+03  1.90e-03 2.55e-03  1.17e-02     0s
   4  -1.76423720e+03 -1.77004157e+03  3.66e-04 4.08e-04  2.69e-03     0s
   5  -1.76558121e+03 -1.76616470e+03  0.00e+00 1.78e-15  2.70e-04     0s
   6  -1.76575659e+03 -1.76579140e+03  0.00e+00 1.78e-15  1.60e-05     0s
   7  -1.76575735e+03 -1.76576465e+03  0.00e+00 1.19e-06  3.35e-06     0s
   8  -1.76575757e+03 -1.76575797e+03  0.00e+00 3.86e-08  1.83e-07     0s
   9  -1.76575758e+03 -1.76575758e+03  0.00e+00 1.78e-15  1.83e-10     0s

Barrier solved model in 9 iterations and 0.01 seconds
Optimal objective -1.76575758e+03


Root relaxation: objective -1.765758e+03, 351 iterations, 0.01 seconds

    Nodes    |    Current Node    |     Objective Bounds      |     Work
 Expl Unexpl |  Obj  Depth IntInf | Incumbent    BestBd   Gap | It/Node Time

     0     0 -1765.7576    0    9 -1614.3173 -1765.7576  9.38%     -    0s
H    0     0                    -1761.735900 -1765.7576  0.23%     -    0s

Explored 0 nodes (444 simplex iterations) in 0.02 seconds
Thread count was 20 (of 20 available processors)

Solution count 3: -1761.74 -1614.32 -145.262 
Pool objective bound -1765.76

Optimal solution found (tolerance 5.00e-02)
Best objective -1.761735900000e+03, best bound -1.765757580000e+03, gap 0.2283%
Changed value of parameter MIPGap to 0.05
   Prev: 0.0001  Min: 0.0  Max: 1e+100  Default: 0.0001
Changed value of parameter TimeLimit to 1800.0
   Prev: 1e+100  Min: 0.0  Max: 1e+100  Default: 1e+100
Changed value of parameter Method to 2
   Prev: -1  Min: -1  Max: 4  Default: -1
Changed value of parameter MIPFocus to 1
   Prev: 0  Min: 0  Max: 3  Default: 0
Optimize a model with 4162 rows, 6093 columns and 12186 nonzeros
Variable types: 0 continuous, 6093 integer (6093 binary)
Coefficient statistics:
  Matrix range     [1e+00, 5e+00]
  Objective range  [1e+00, 1e+00]
  Bounds range     [1e+00, 1e+00]
  RHS range        [8e+01, 8e+01]
Found heuristic solution: objective 0
Presolve removed 4099 rows and 5033 columns
Presolve time: 0.01s
Presolved: 63 rows, 1060 columns, 2005 nonzeros
Found heuristic solution: objective -1627.634600
Variable types: 0 continuous, 1060 integer (874 binary)
Presolved: 63 rows, 1060 columns, 2005 nonzeros

Root barrier log...

Ordering time: 0.00s

Barrier statistics:
 AA' NZ     : 9.100e+02
 Factor NZ  : 1.973e+03
 Factor Ops : 8.178e+04 (less than 1 second per iteration)
 Threads    : 1

                  Objective                Residual
Iter       Primal          Dual         Primal    Dual     Compl     Time
   0  -3.25998180e+03 -3.21609197e+03  1.90e+01 8.88e-16  2.11e+00     0s
   1  -1.77523210e+03 -2.49921520e+03  1.37e+00 3.14e-01  4.71e-01     0s
   2  -1.74358969e+03 -1.86377218e+03  3.73e-02 2.68e-02  5.78e-02     0s
   3  -1.76955532e+03 -1.79627213e+03  3.03e-03 2.27e-03  1.25e-02     0s
   4  -1.77454385e+03 -1.78163623e+03  6.53e-04 3.25e-04  3.31e-03     0s
   5  -1.77623141e+03 -1.77700485e+03  3.44e-05 1.78e-15  3.61e-04     0s
   6  -1.77651321e+03 -1.77656883e+03  0.00e+00 1.78e-15  2.55e-05     0s
   7  -1.77651441e+03 -1.77652169e+03  0.00e+00 1.78e-15  3.34e-06     0s
   8  -1.77651513e+03 -1.77651538e+03  0.00e+00 1.78e-15  1.13e-07     0s
   9  -1.77651516e+03 -1.77651516e+03  0.00e+00 1.78e-15  1.13e-10     0s

Barrier solved model in 9 iterations and 0.01 seconds
Optimal objective -1.77651516e+03


Root relaxation: objective -1.776515e+03, 350 iterations, 0.01 seconds

    Nodes    |    Current Node    |     Objective Bounds      |     Work
 Expl Unexpl |  Obj  Depth IntInf | Incumbent    BestBd   Gap | It/Node Time

     0     0 -1776.5152    0    9 -1627.6346 -1776.5152  9.15%     -    0s
H    0     0                    -1772.471800 -1776.5152  0.23%     -    0s

Explored 0 nodes (431 simplex iterations) in 0.02 seconds
Thread count was 20 (of 20 available processors)

Solution count 3: -1772.47 -1627.63 -146.524 
Pool objective bound -1776.52

Optimal solution found (tolerance 5.00e-02)
Best objective -1.772471800000e+03, best bound -1.776515160000e+03, gap 0.2281%
Changed value of parameter MIPGap to 0.05
   Prev: 0.0001  Min: 0.0  Max: 1e+100  Default: 0.0001
Changed value of parameter TimeLimit to 1800.0
   Prev: 1e+100  Min: 0.0  Max: 1e+100  Default: 1e+100
Changed value of parameter Method to 2
   Prev: -1  Min: -1  Max: 4  Default: -1
Changed value of parameter MIPFocus to 1
   Prev: 0  Min: 0  Max: 3  Default: 0
Optimize a model with 4162 rows, 6093 columns and 12186 nonzeros
Variable types: 0 continuous, 6093 integer (6093 binary)
Coefficient statistics:
  Matrix range     [1e+00, 5e+00]
  Objective range  [1e+00, 1e+00]
  Bounds range     [1e+00, 1e+00]
  RHS range        [8e+01, 8e+01]
Found heuristic solution: objective 0
Presolve removed 4099 rows and 5033 columns
Presolve time: 0.01s
Presolved: 63 rows, 1060 columns, 2005 nonzeros
Found heuristic solution: objective -1654.269200
Variable types: 0 continuous, 1060 integer (874 binary)
Presolved: 63 rows, 1060 columns, 2005 nonzeros

Root barrier log...

Ordering time: 0.00s

Barrier statistics:
 AA' NZ     : 9.100e+02
 Factor NZ  : 1.973e+03
 Factor Ops : 8.178e+04 (less than 1 second per iteration)
 Threads    : 1

                  Objective                Residual
Iter       Primal          Dual         Primal    Dual     Compl     Time
   0  -3.30831929e+03 -3.25117417e+03  1.90e+01 8.88e-16  2.13e+00     0s
   1  -1.79947599e+03 -2.52710958e+03  1.35e+00 3.12e-01  4.72e-01     0s
   2  -1.76680494e+03 -1.88967280e+03  3.50e-02 2.75e-02  5.89e-02     0s
   3  -1.79129373e+03 -1.81924084e+03  3.34e-03 1.77e-03  1.31e-02     0s
   4  -1.79594325e+03 -1.80281319e+03  6.63e-04 1.78e-15  3.21e-03     0s
   5  -1.79740193e+03 -1.79906032e+03  1.30e-04 1.78e-15  7.77e-04     0s
   6  -1.79800859e+03 -1.79816790e+03  0.00e+00 1.78e-15  7.34e-05     0s
   7  -1.79802149e+03 -1.79804793e+03  0.00e+00 1.59e-06  1.23e-05     0s
   8  -1.79803019e+03 -1.79803074e+03  0.00e+00 1.78e-15  2.53e-07     0s
   9  -1.79803032e+03 -1.79803032e+03  0.00e+00 1.78e-15  2.53e-10     0s

Barrier solved model in 9 iterations and 0.01 seconds
Optimal objective -1.79803032e+03


Root relaxation: objective -1.798030e+03, 349 iterations, 0.01 seconds

    Nodes    |    Current Node    |     Objective Bounds      |     Work
 Expl Unexpl |  Obj  Depth IntInf | Incumbent    BestBd   Gap | It/Node Time

     0     0 -1798.0303    0    9 -1654.2692 -1798.0303  8.69%     -    0s
H    0     0                    -1793.943600 -1798.0303  0.23%     -    0s

Explored 0 nodes (458 simplex iterations) in 0.02 seconds
Thread count was 20 (of 20 available processors)

Solution count 3: -1793.94 -1654.27 -149.047 
Pool objective bound -1798.03

Optimal solution found (tolerance 5.00e-02)
Best objective -1.793943600000e+03, best bound -1.798030320000e+03, gap 0.2278%
Changed value of parameter MIPGap to 0.05
   Prev: 0.0001  Min: 0.0  Max: 1e+100  Default: 0.0001
Changed value of parameter TimeLimit to 1800.0
   Prev: 1e+100  Min: 0.0  Max: 1e+100  Default: 1e+100
Changed value of parameter Method to 2
   Prev: -1  Min: -1  Max: 4  Default: -1
Changed value of parameter MIPFocus to 1
   Prev: 0  Min: 0  Max: 3  Default: 0
Optimize a model with 4162 rows, 6093 columns and 12186 nonzeros
Variable types: 0 continuous, 6093 integer (6093 binary)
Coefficient statistics:
  Matrix range     [1e+00, 5e+00]
  Objective range  [1e+00, 1e+00]
  Bounds range     [1e+00, 1e+00]
  RHS range        [8e+01, 8e+01]
Found heuristic solution: objective 0
Presolve removed 4099 rows and 5033 columns
Presolve time: 0.01s
Presolved: 63 rows, 1060 columns, 2005 nonzeros
Found heuristic solution: objective -1707.538400
Variable types: 0 continuous, 1060 integer (874 binary)
Presolved: 63 rows, 1060 columns, 2005 nonzeros

Root barrier log...

Ordering time: 0.00s

Barrier statistics:
 AA' NZ     : 9.100e+02
 Factor NZ  : 1.973e+03
 Factor Ops : 8.178e+04 (less than 1 second per iteration)
 Threads    : 1

                  Objective                Residual
Iter       Primal          Dual         Primal    Dual     Compl     Time
   0  -3.40499027e+03 -3.32133855e+03  1.90e+01 8.88e-16  2.15e+00     0s
   1  -1.84835702e+03 -2.58311835e+03  1.32e+00 3.07e-01  4.74e-01     0s
   2  -1.81137808e+03 -1.93916122e+03  3.60e-02 2.75e-02  6.13e-02     0s
   3  -1.83396510e+03 -1.86358310e+03  7.06e-03 2.66e-15  1.41e-02     0s
   4  -1.84023518e+03 -1.84960586e+03  1.10e-03 1.47e-03  4.38e-03     0s
   5  -1.84118559e+03 -1.84417630e+03  4.95e-04 1.78e-15  1.41e-03     0s
   6  -1.84159119e+03 -1.84287378e+03  2.49e-04 1.78e-15  6.09e-04     0s
   7  -1.84202088e+03 -1.84229336e+03  3.87e-06 1.78e-15  1.26e-04     0s
   8  -1.84203825e+03 -1.84214664e+03  1.80e-06 1.78e-15  5.01e-05     0s
   9  -1.84204935e+03 -1.84206574e+03  2.71e-07 1.78e-15  7.69e-06     0s
  10  -1.84205674e+03 -1.84205704e+03  0.00e+00 1.78e-15  1.37e-07     0s
  11  -1.84205680e+03 -1.84205680e+03  0.00e+00 1.78e-15  1.37e-10     0s

Barrier solved model in 11 iterations and 0.01 seconds
Optimal objective -1.84205680e+03


Root relaxation: objective -1.842057e+03, 523 iterations, 0.01 seconds

    Nodes    |    Current Node    |     Objective Bounds      |     Work
 Expl Unexpl |  Obj  Depth IntInf | Incumbent    BestBd   Gap | It/Node Time

     0     0 -1842.0568    0   20 -1707.5384 -1842.0568  7.88%     -    0s
H    0     0                    -1836.794400 -1842.0568  0.29%     -    0s

Explored 0 nodes (759 simplex iterations) in 0.02 seconds
Thread count was 20 (of 20 available processors)

Solution count 3: -1836.79 -1707.54 -154.094 
Pool objective bound -1842.06

Optimal solution found (tolerance 5.00e-02)
Best objective -1.836794400000e+03, best bound -1.842056800000e+03, gap 0.2865%
Changed value of parameter MIPGap to 0.05
   Prev: 0.0001  Min: 0.0  Max: 1e+100  Default: 0.0001
Changed value of parameter TimeLimit to 1800.0
   Prev: 1e+100  Min: 0.0  Max: 1e+100  Default: 1e+100
Changed value of parameter Method to 2
   Prev: -1  Min: -1  Max: 4  Default: -1
Changed value of parameter MIPFocus to 1
   Prev: 0  Min: 0  Max: 3  Default: 0
Optimize a model with 4162 rows, 6093 columns and 12186 nonzeros
Variable types: 0 continuous, 6093 integer (6093 binary)
Coefficient statistics:
  Matrix range     [1e+00, 5e+00]
  Objective range  [1e+00, 1e+00]
  Bounds range     [1e+00, 1e+00]
  RHS range        [8e+01, 8e+01]
Found heuristic solution: objective 0
Presolve removed 4099 rows and 5033 columns
Presolve time: 0.01s
Presolved: 63 rows, 1060 columns, 2005 nonzeros
Found heuristic solution: objective -1734.173000
Variable types: 0 continuous, 1060 integer (874 binary)
Presolved: 63 rows, 1060 columns, 2005 nonzeros

Root barrier log...

Ordering time: 0.00s

Barrier statistics:
 AA' NZ     : 9.100e+02
 Factor NZ  : 1.973e+03
 Factor Ops : 8.178e+04 (less than 1 second per iteration)
 Threads    : 1

                  Objective                Residual
Iter       Primal          Dual         Primal    Dual     Compl     Time
   0  -3.45332380e+03 -3.35642075e+03  1.90e+01 8.88e-16  2.17e+00     0s
   1  -1.87299095e+03 -2.61123167e+03  1.30e+00 3.05e-01  4.75e-01     0s
   2  -1.83460484e+03 -1.96434045e+03  2.49e-02 2.77e-02  6.16e-02     0s
   3  -1.85728159e+03 -1.88902675e+03  5.58e-03 3.55e-15  1.50e-02     0s
   4  -1.86558449e+03 -1.87600083e+03  6.76e-04 1.78e-15  4.84e-03     0s
   5  -1.86682744e+03 -1.86877894e+03  2.88e-04 1.78e-15  9.25e-04     0s
   6  -1.86771461e+03 -1.86807006e+03  0.00e+00 1.78e-15  1.63e-04     0s
   7  -1.86772956e+03 -1.86786335e+03  0.00e+00 1.78e-15  6.14e-05     0s
   8  -1.86774165e+03 -1.86776758e+03  0.00e+00 1.78e-15  1.19e-05     0s
   9  -1.86774596e+03 -1.86774611e+03  0.00e+00 2.66e-15  6.90e-08     0s
  10  -1.86774600e+03 -1.86774600e+03  0.00e+00 1.78e-15  7.59e-14     0s

Barrier solved model in 10 iterations and 0.01 seconds
Optimal objective -1.86774600e+03


Root relaxation: objective -1.867746e+03, 519 iterations, 0.01 seconds

    Nodes    |    Current Node    |     Objective Bounds      |     Work
 Expl Unexpl |  Obj  Depth IntInf | Incumbent    BestBd   Gap | It/Node Time

     0     0 -1867.7460    0   26 -1734.1730 -1867.7460  7.70%     -    0s
H    0     0                    -1861.189000 -1867.7460  0.35%     -    0s

Explored 0 nodes (662 simplex iterations) in 0.02 seconds
Thread count was 20 (of 20 available processors)

Solution count 3: -1861.19 -1734.17 -156.618 
Pool objective bound -1867.75

Optimal solution found (tolerance 5.00e-02)
Best objective -1.861189000000e+03, best bound -1.867746000000e+03, gap 0.3523%
Changed value of parameter MIPGap to 0.05
   Prev: 0.0001  Min: 0.0  Max: 1e+100  Default: 0.0001
Changed value of parameter TimeLimit to 1800.0
   Prev: 1e+100  Min: 0.0  Max: 1e+100  Default: 1e+100
Changed value of parameter Method to 2
   Prev: -1  Min: -1  Max: 4  Default: -1
Changed value of parameter MIPFocus to 1
   Prev: 0  Min: 0  Max: 3  Default: 0
Optimize a model with 4162 rows, 6093 columns and 12186 nonzeros
Variable types: 0 continuous, 6093 integer (6093 binary)
Coefficient statistics:
  Matrix range     [1e+00, 5e+00]
  Objective range  [1e+00, 2e+00]
  Bounds range     [1e+00, 1e+00]
  RHS range        [8e+01, 8e+01]
Found heuristic solution: objective 0
Presolve removed 4099 rows and 5033 columns
Presolve time: 0.01s
Presolved: 63 rows, 1060 columns, 2005 nonzeros
Found heuristic solution: objective -1867.346000
Variable types: 0 continuous, 1060 integer (874 binary)
Presolved: 63 rows, 1060 columns, 2005 nonzeros

Root barrier log...

Ordering time: 0.00s

Barrier statistics:
 AA' NZ     : 9.100e+02
 Factor NZ  : 1.973e+03
 Factor Ops : 8.178e+04 (less than 1 second per iteration)
 Threads    : 1

                  Objective                Residual
Iter       Primal          Dual         Primal    Dual     Compl     Time
   0  -3.69497288e+03 -3.53183171e+03  1.90e+01 4.44e-16  2.23e+00     0s
   1  -1.99801416e+03 -2.75311029e+03  1.22e+00 2.94e-01  4.80e-01     0s
   2  -1.96332447e+03 -2.08007274e+03  3.86e-02 2.41e-02  5.67e-02     0s
   3  -1.98255432e+03 -2.02704262e+03  1.39e-02 1.78e-15  2.15e-02     0s
   4  -1.99305287e+03 -2.00583843e+03  6.35e-04 1.78e-15  5.91e-03     0s
   5  -1.99557702e+03 -1.99813017e+03  3.48e-05 1.78e-15  1.18e-03     0s
   6  -1.99601068e+03 -1.99689771e+03  0.00e+00 1.78e-15  4.08e-04     0s
   7  -1.99606870e+03 -1.99644842e+03  0.00e+00 1.78e-15  1.75e-04     0s
   8  -1.99618080e+03 -1.99624301e+03  0.00e+00 1.78e-15  2.86e-05     0s
   9  -1.99619163e+03 -1.99619241e+03  0.00e+00 1.78e-15  3.57e-07     0s
  10  -1.99619200e+03 -1.99619200e+03  0.00e+00 1.78e-15  1.18e-10     0s

Barrier solved model in 10 iterations and 0.01 seconds
Optimal objective -1.99619200e+03


Root relaxation: objective -1.996192e+03, 520 iterations, 0.01 seconds

    Nodes    |    Current Node    |     Objective Bounds      |     Work
 Expl Unexpl |  Obj  Depth IntInf | Incumbent    BestBd   Gap | It/Node Time

     0     0 -1996.1920    0   33 -1867.3460 -1996.1920  6.90%     -    0s
H    0     0                    -1987.688000 -1996.1920  0.43%     -    0s

Explored 0 nodes (581 simplex iterations) in 0.02 seconds
Thread count was 20 (of 20 available processors)

Solution count 3: -1987.69 -1867.35 -169.236 
Pool objective bound -1996.19

Optimal solution found (tolerance 5.00e-02)
Best objective -1.987688000000e+03, best bound -1.996192000000e+03, gap 0.4278%
Changed value of parameter MIPGap to 0.05
   Prev: 0.0001  Min: 0.0  Max: 1e+100  Default: 0.0001
Changed value of parameter TimeLimit to 1800.0
   Prev: 1e+100  Min: 0.0  Max: 1e+100  Default: 1e+100
Changed value of parameter Method to 2
   Prev: -1  Min: -1  Max: 4  Default: -1
Changed value of parameter MIPFocus to 1
   Prev: 0  Min: 0  Max: 3  Default: 0
Optimize a model with 4162 rows, 6093 columns and 12186 nonzeros
Variable types: 0 continuous, 6093 integer (6093 binary)
Coefficient statistics:
  Matrix range     [1e+00, 5e+00]
  Objective range  [1e+00, 3e+00]
  Bounds range     [1e+00, 1e+00]
  RHS range        [8e+01, 8e+01]
Found heuristic solution: objective 0
Presolve removed 4099 rows and 5033 columns
Presolve time: 0.01s
Presolved: 63 rows, 1060 columns, 2005 nonzeros
Found heuristic solution: objective -2146.044000
Variable types: 0 continuous, 1060 integer (874 binary)
Presolved: 63 rows, 1060 columns, 2005 nonzeros

Root barrier log...

Ordering time: 0.00s

Barrier statistics:
 AA' NZ     : 9.100e+02
 Factor NZ  : 1.973e+03
 Factor Ops : 8.178e+04 (less than 1 second per iteration)
 Threads    : 1

                  Objective                Residual
Iter       Primal          Dual         Primal    Dual     Compl     Time
   0  -4.17821543e+03 -3.88534306e+03  1.90e+01 8.88e-16  2.37e+00     0s
   1  -2.25628970e+03 -3.04443601e+03  1.07e+00 2.76e-01  4.88e-01     0s
   2  -2.22774042e+03 -2.32428932e+03  6.13e-02 1.57e-02  4.92e-02     0s
   3  -2.24168561e+03 -2.26809600e+03  2.48e-02 1.78e-15  1.40e-02     0s
   4  -2.25033227e+03 -2.25827398e+03  5.80e-03 1.78e-15  4.09e-03     0s
   5  -2.25276377e+03 -2.25612233e+03  1.84e-03 1.78e-15  1.69e-03     0s
   6  -2.25378381e+03 -2.25472742e+03  3.44e-04 1.78e-15  4.60e-04     0s
   7  -2.25399527e+03 -2.25434243e+03  4.56e-05 1.78e-15  1.63e-04     0s
   8  -2.25403175e+03 -2.25404662e+03  3.41e-06 1.78e-15  7.16e-06     0s
   9  -2.25403599e+03 -2.25403601e+03  0.00e+00 1.78e-15  7.16e-09     0s

Barrier solved model in 9 iterations and 0.01 seconds
Optimal objective -2.25403599e+03


Root relaxation: objective -2.254036e+03, 555 iterations, 0.01 seconds

    Nodes    |    Current Node    |     Objective Bounds      |     Work
 Expl Unexpl |  Obj  Depth IntInf | Incumbent    BestBd   Gap | It/Node Time

     0     0 -2254.0360    0   27 -2146.0440 -2254.0360  5.03%     -    0s
H    0     0                    -2243.264000 -2254.0360  0.48%     -    0s

Explored 0 nodes (601 simplex iterations) in 0.02 seconds
Thread count was 20 (of 20 available processors)

Solution count 3: -2243.26 -2146.04 -194.472 
Pool objective bound -2254.04

Optimal solution found (tolerance 5.00e-02)
Best objective -2.243264000000e+03, best bound -2.254036000000e+03, gap 0.4802%
Changed value of parameter MIPGap to 0.05
   Prev: 0.0001  Min: 0.0  Max: 1e+100  Default: 0.0001
Changed value of parameter TimeLimit to 1800.0
   Prev: 1e+100  Min: 0.0  Max: 1e+100  Default: 1e+100
Changed value of parameter Method to 2
   Prev: -1  Min: -1  Max: 4  Default: -1
Changed value of parameter MIPFocus to 1
   Prev: 0  Min: 0  Max: 3  Default: 0
Optimize a model with 4162 rows, 6093 columns and 12186 nonzeros
Variable types: 0 continuous, 6093 integer (6093 binary)
Coefficient statistics:
  Matrix range     [1e+00, 5e+00]
  Objective range  [1e+00, 4e+00]
  Bounds range     [1e+00, 1e+00]
  RHS range        [8e+01, 8e+01]
Found heuristic solution: objective 0
Presolve removed 4099 rows and 5033 columns
Presolve time: 0.01s
Presolved: 63 rows, 1060 columns, 2005 nonzeros
Found heuristic solution: objective -2699.088000
Variable types: 0 continuous, 1060 integer (874 binary)
Presolved: 63 rows, 1060 columns, 2005 nonzeros

Root barrier log...

Ordering time: 0.00s

Barrier statistics:
 AA' NZ     : 9.100e+02
 Factor NZ  : 1.973e+03
 Factor Ops : 8.178e+04 (less than 1 second per iteration)
 Threads    : 1

                  Objective                Residual
Iter       Primal          Dual         Primal    Dual     Compl     Time
   0  -5.14543056e+03 -4.67447152e+03  1.90e+01 4.44e-16  2.75e+00     0s
   1  -2.79098791e+03 -3.69153377e+03  8.00e-01 2.72e-01  5.27e-01     0s
   2  -2.79688737e+03 -2.92273566e+03  3.63e-02 2.07e-02  6.14e-02     0s
   3  -2.81355979e+03 -2.85532310e+03  1.45e-02 5.33e-15  2.06e-02     0s
   4  -2.82172365e+03 -2.84081432e+03  5.47e-03 1.78e-15  9.29e-03     0s
   5  -2.82460406e+03 -2.83410618e+03  3.01e-03 1.78e-15  4.66e-03     0s
   6  -2.82658648e+03 -2.82944805e+03  1.24e-03 1.78e-15  1.44e-03     0s
   7  -2.82802304e+03 -2.82808806e+03  1.72e-05 1.78e-15  3.19e-05     0s
   8  -2.82804680e+03 -2.82804680e+03  1.14e-09 1.78e-15  2.58e-09     0s

Barrier solved model in 8 iterations and 0.01 seconds
Optimal objective -2.82804680e+03


Root relaxation: objective -2.828047e+03, 774 iterations, 0.01 seconds

    Nodes    |    Current Node    |     Objective Bounds      |     Work
 Expl Unexpl |  Obj  Depth IntInf | Incumbent    BestBd   Gap | It/Node Time

     0     0 -2828.0468    0   24 -2699.0880 -2828.0468  4.78%     -    0s

Explored 0 nodes (936 simplex iterations) in 0.02 seconds
Thread count was 20 (of 20 available processors)

Solution count 2: -2699.09 -244.944 
Pool objective bound -2828.05

Optimal solution found (tolerance 5.00e-02)
Best objective -2.699088000000e+03, best bound -2.828046800000e+03, gap 4.7779%
Changed value of parameter MIPGap to 0.05
   Prev: 0.0001  Min: 0.0  Max: 1e+100  Default: 0.0001
Changed value of parameter TimeLimit to 1800.0
   Prev: 1e+100  Min: 0.0  Max: 1e+100  Default: 1e+100
Changed value of parameter Method to 2
   Prev: -1  Min: -1  Max: 4  Default: -1
Changed value of parameter MIPFocus to 1
   Prev: 0  Min: 0  Max: 3  Default: 0
Optimize a model with 4162 rows, 6093 columns and 12186 nonzeros
Variable types: 0 continuous, 6093 integer (6093 binary)
Coefficient statistics:
  Matrix range     [1e+00, 5e+00]
  Objective range  [2e+00, 5e+00]
  Bounds range     [1e+00, 1e+00]
  RHS range        [8e+01, 8e+01]
Found heuristic solution: objective 0
Presolve removed 4099 rows and 5033 columns
Presolve time: 0.01s
Presolved: 63 rows, 1060 columns, 2005 nonzeros
Found heuristic solution: objective -2980.110000
Variable types: 0 continuous, 1060 integer (874 binary)
Presolved: 63 rows, 1060 columns, 2005 nonzeros

Root barrier log...

Ordering time: 0.00s

Barrier statistics:
 AA' NZ     : 9.100e+02
 Factor NZ  : 1.973e+03
 Factor Ops : 8.178e+04 (less than 1 second per iteration)
 Threads    : 1

                  Objective                Residual
Iter       Primal          Dual         Primal    Dual     Compl     Time
   0  -5.63097345e+03 -5.24417481e+03  1.90e+01 8.88e-16  3.16e+00     0s
   1  -3.04799961e+03 -4.11970603e+03  6.56e-01 3.24e-01  6.00e-01     0s
   2  -3.08866504e+03 -3.24601309e+03  2.60e-02 2.81e-02  7.53e-02     0s
   3  -3.11566876e+03 -3.17084733e+03  9.88e-03 6.22e-15  2.64e-02     0s
   4  -3.12696064e+03 -3.15071315e+03  3.84e-03 1.78e-15  1.13e-02     0s
   5  -3.13265920e+03 -3.13757674e+03  7.74e-04 1.78e-15  2.35e-03     0s
   6  -3.13424924e+03 -3.13442662e+03  6.32e-07 1.78e-15  8.19e-05     0s
   7  -3.13427098e+03 -3.13427111e+03  0.00e+00 2.66e-15  6.14e-08     0s
   8  -3.13427100e+03 -3.13427100e+03  0.00e+00 1.78e-15  6.16e-14     0s

Barrier solved model in 8 iterations and 0.01 seconds
Optimal objective -3.13427100e+03


Root relaxation: objective -3.134271e+03, 775 iterations, 0.01 seconds

    Nodes    |    Current Node    |     Objective Bounds      |     Work
 Expl Unexpl |  Obj  Depth IntInf | Incumbent    BestBd   Gap | It/Node Time

     0     0 -3134.2710    0   19 -2980.1100 -3134.2710  5.17%     -    0s
H    0     0                    -3123.420000 -3134.2710  0.35%     -    0s

Explored 0 nodes (1091 simplex iterations) in 0.03 seconds
Thread count was 20 (of 20 available processors)

Solution count 3: -3123.42 -2980.11 -270.18 
Pool objective bound -3134.27

Optimal solution found (tolerance 5.00e-02)
Best objective -3.123420000000e+03, best bound -3.134270000000e+03, gap 0.3474%
Changed value of parameter MIPGap to 0.05
   Prev: 0.0001  Min: 0.0  Max: 1e+100  Default: 0.0001
Changed value of parameter TimeLimit to 1800.0
   Prev: 1e+100  Min: 0.0  Max: 1e+100  Default: 1e+100
Changed value of parameter Method to 2
   Prev: -1  Min: -1  Max: 4  Default: -1
Changed value of parameter MIPFocus to 1
   Prev: 0  Min: 0  Max: 3  Default: 0
Optimize a model with 4162 rows, 6093 columns and 12186 nonzeros
Variable types: 0 continuous, 6093 integer (6093 binary)
Coefficient statistics:
  Matrix range     [1e+00, 5e+00]
  Objective range  [2e+00, 9e+00]
  Bounds range     [1e+00, 1e+00]
  RHS range        [8e+01, 8e+01]
Found heuristic solution: objective 0
Presolve removed 4099 rows and 5033 columns
Presolve time: 0.01s
Presolved: 63 rows, 1060 columns, 2005 nonzeros
Found heuristic solution: objective -4391.740000
Variable types: 0 continuous, 1060 integer (874 binary)
Presolved: 63 rows, 1060 columns, 2005 nonzeros

Root barrier log...

Ordering time: 0.00s

Barrier statistics:
 AA' NZ     : 9.100e+02
 Factor NZ  : 1.973e+03
 Factor Ops : 8.178e+04 (less than 1 second per iteration)
 Threads    : 1

                  Objective                Residual
Iter       Primal          Dual         Primal    Dual     Compl     Time
   0  -8.06289146e+03 -8.95315328e+03  1.91e+01 1.78e-15  6.30e+00     0s
   1  -4.32186657e+03 -6.76650286e+03  3.77e-01 8.50e-01  1.26e+00     0s
   2  -4.56190014e+03 -4.91971950e+03  1.83e-04 9.24e-02  1.65e-01     0s
   3  -4.64514439e+03 -4.76636353e+03  0.00e+00 2.10e-02  5.56e-02     0s
   4  -4.65918548e+03 -4.70519352e+03  0.00e+00 5.33e-15  2.11e-02     0s
   5  -4.66548452e+03 -4.67597264e+03  0.00e+00 3.55e-15  4.81e-03     0s
   6  -4.66609690e+03 -4.66616111e+03  0.00e+00 3.55e-15  2.94e-05     0s
   7  -4.66610000e+03 -4.66610000e+03  0.00e+00 3.55e-15  4.52e-11     0s

Barrier solved model in 7 iterations and 0.01 seconds
Optimal objective -4.66610000e+03


Root relaxation: objective -4.666100e+03, 767 iterations, 0.01 seconds

    Nodes    |    Current Node    |     Objective Bounds      |     Work
 Expl Unexpl |  Obj  Depth IntInf | Incumbent    BestBd   Gap | It/Node Time

     0     0 -4666.1000    0   19 -4391.7400 -4666.1000  6.25%     -    0s
H    0     0                    -4652.580000 -4666.1000  0.29%     -    0s

Explored 0 nodes (934 simplex iterations) in 0.02 seconds
Thread count was 20 (of 20 available processors)

Solution count 3: -4652.58 -4391.74 -396.36 
Pool objective bound -4666.1

Optimal solution found (tolerance 5.00e-02)
Best objective -4.652580000000e+03, best bound -4.666100000000e+03, gap 0.2906%
Changed value of parameter MIPGap to 0.05
   Prev: 0.0001  Min: 0.0  Max: 1e+100  Default: 0.0001
Changed value of parameter TimeLimit to 1800.0
   Prev: 1e+100  Min: 0.0  Max: 1e+100  Default: 1e+100
Changed value of parameter Method to 2
   Prev: -1  Min: -1  Max: 4  Default: -1
Changed value of parameter MIPFocus to 1
   Prev: 0  Min: 0  Max: 3  Default: 0
Optimize a model with 4162 rows, 6093 columns and 12186 nonzeros
Variable types: 0 continuous, 6093 integer (6093 binary)
Coefficient statistics:
  Matrix range     [1e+00, 5e+00]
  Objective range  [3e+00, 2e+01]
  Bounds range     [1e+00, 1e+00]
  RHS range        [8e+01, 8e+01]
Found heuristic solution: objective 0
Presolve removed 4099 rows and 5033 columns
Presolve time: 0.01s
Presolved: 63 rows, 1060 columns, 2005 nonzeros
Found heuristic solution: objective -7253.840000
Variable types: 0 continuous, 1060 integer (874 binary)
Presolved: 63 rows, 1060 columns, 2005 nonzeros

Root barrier log...

Ordering time: 0.00s

Barrier statistics:
 AA' NZ     : 9.100e+02
 Factor NZ  : 1.973e+03
 Factor Ops : 8.178e+04 (less than 1 second per iteration)
 Threads    : 1

                  Objective                Residual
Iter       Primal          Dual         Primal    Dual     Compl     Time
   0  -1.29199231e+04 -1.63711102e+04  1.91e+01 3.55e-15  1.26e+01     0s
   1  -6.99063591e+03 -1.20888224e+04  3.38e-01 1.91e+00  2.62e+00     0s
   2  -7.50565647e+03 -8.26632726e+03  0.00e+00 2.21e-01  3.50e-01     0s
   3  -7.71207799e+03 -7.87590902e+03  0.00e+00 3.27e-02  7.51e-02     0s
   4  -7.72161885e+03 -7.74344960e+03  0.00e+00 3.55e-15  1.00e-02     0s
   5  -7.73026055e+03 -7.73465847e+03  0.00e+00 7.11e-15  2.01e-03     0s
   6  -7.73069911e+03 -7.73070315e+03  0.00e+00 7.11e-15  1.85e-06     0s
   7  -7.73070000e+03 -7.73070000e+03  0.00e+00 3.55e-15  1.95e-12     0s

Barrier solved model in 7 iterations and 0.01 seconds
Optimal objective -7.73070000e+03


Root relaxation: objective -7.730700e+03, 765 iterations, 0.01 seconds

    Nodes    |    Current Node    |     Objective Bounds      |     Work
 Expl Unexpl |  Obj  Depth IntInf | Incumbent    BestBd   Gap | It/Node Time

     0     0 -7730.7000    0   23 -7253.8400 -7730.7000  6.57%     -    0s
H    0     0                    -7707.000000 -7730.7000  0.31%     -    0s

Explored 0 nodes (867 simplex iterations) in 0.02 seconds
Thread count was 20 (of 20 available processors)

Solution count 3: -7707 -7253.84 -648.72 
Pool objective bound -7730.68

Optimal solution found (tolerance 5.00e-02)
Best objective -7.707000000000e+03, best bound -7.730680000000e+03, gap 0.3073%
Changed value of parameter MIPGap to 0.05
   Prev: 0.0001  Min: 0.0  Max: 1e+100  Default: 0.0001
Changed value of parameter TimeLimit to 1800.0
   Prev: 1e+100  Min: 0.0  Max: 1e+100  Default: 1e+100
Changed value of parameter Method to 2
   Prev: -1  Min: -1  Max: 4  Default: -1
Changed value of parameter MIPFocus to 1
   Prev: 0  Min: 0  Max: 3  Default: 0
Optimize a model with 4162 rows, 6093 columns and 12186 nonzeros
Variable types: 0 continuous, 6093 integer (6093 binary)
Coefficient statistics:
  Matrix range     [1e+00, 5e+00]
  Objective range  [5e+00, 3e+01]
  Bounds range     [1e+00, 1e+00]
  RHS range        [8e+01, 8e+01]
Found heuristic solution: objective 0
Presolve removed 4099 rows and 5033 columns
Presolve time: 0.01s
Presolved: 63 rows, 1060 columns, 2005 nonzeros
Found heuristic solution: objective -13054.60000
Variable types: 0 continuous, 1060 integer (874 binary)
Presolved: 63 rows, 1060 columns, 2005 nonzeros

Root barrier log...

Ordering time: 0.00s

Barrier statistics:
 AA' NZ     : 9.100e+02
 Factor NZ  : 1.973e+03
 Factor Ops : 8.178e+04 (less than 1 second per iteration)
 Threads    : 1

                  Objective                Residual
Iter       Primal          Dual         Primal    Dual     Compl     Time
   0  -2.26305021e+04 -3.12070241e+04  1.91e+01 7.11e-15  2.51e+01     0s
   1  -1.25529881e+04 -2.27456577e+04  3.56e-01 4.05e+00  5.22e+00     0s
   2  -1.34310326e+04 -1.47417322e+04  0.00e+00 3.81e-01  6.04e-01     0s
   3  -1.38184373e+04 -1.40758120e+04  0.00e+00 5.09e-02  1.18e-01     0s
   4  -1.38401489e+04 -1.39272242e+04  0.00e+00 7.11e-15  3.99e-02     0s
   5  -1.38571800e+04 -1.38614611e+04  0.00e+00 7.11e-15  1.96e-03     0s
   6  -1.38598994e+04 -1.38599018e+04  0.00e+00 7.11e-15  1.11e-06     0s
   7  -1.38599000e+04 -1.38599000e+04  0.00e+00 1.42e-14  1.11e-12     0s

Barrier solved model in 7 iterations and 0.01 seconds
Optimal objective -1.38599000e+04


Root relaxation: objective -1.385990e+04, 767 iterations, 0.01 seconds

    Nodes    |    Current Node    |     Objective Bounds      |     Work
 Expl Unexpl |  Obj  Depth IntInf | Incumbent    BestBd   Gap | It/Node Time

     0     0 -13859.900    0   23 -13054.600 -13859.900  6.17%     -    0s
H    0     0                    -13814.68000 -13859.900  0.33%     -    0s

Explored 0 nodes (834 simplex iterations) in 0.02 seconds
Thread count was 20 (of 20 available processors)

Solution count 3: -13814.7 -13054.6 -1153.44 
Pool objective bound -13859.9

Optimal solution found (tolerance 5.00e-02)
Best objective -1.381468000000e+04, best bound -1.385988000000e+04, gap 0.3272%
Changed value of parameter MIPGap to 0.05
   Prev: 0.0001  Min: 0.0  Max: 1e+100  Default: 0.0001
Changed value of parameter TimeLimit to 1800.0
   Prev: 1e+100  Min: 0.0  Max: 1e+100  Default: 1e+100
Changed value of parameter Method to 2
   Prev: -1  Min: -1  Max: 4  Default: -1
Changed value of parameter MIPFocus to 1
   Prev: 0  Min: 0  Max: 3  Default: 0
Optimize a model with 4162 rows, 6093 columns and 12186 nonzeros
Variable types: 0 continuous, 6093 integer (6093 binary)
Coefficient statistics:
  Matrix range     [1e+00, 5e+00]
  Objective range  [6e+00, 4e+01]
  Bounds range     [1e+00, 1e+00]
  RHS range        [8e+01, 8e+01]
Found heuristic solution: objective 0
Presolve removed 4099 rows and 5033 columns
Presolve time: 0.01s
Presolved: 63 rows, 1060 columns, 2005 nonzeros
Found heuristic solution: objective -15950.50000
Variable types: 0 continuous, 1060 integer (874 binary)
Presolved: 63 rows, 1060 columns, 2005 nonzeros

Root barrier log...

Ordering time: 0.00s

Barrier statistics:
 AA' NZ     : 9.100e+02
 Factor NZ  : 1.973e+03
 Factor Ops : 8.178e+04 (less than 1 second per iteration)
 Threads    : 1

                  Objective                Residual
Iter       Primal          Dual         Primal    Dual     Compl     Time
   0  -2.74854392e+04 -3.86249810e+04  1.91e+01 7.11e-15  3.14e+01     0s
   1  -1.52978777e+04 -2.80753523e+04  3.50e-01 5.11e+00  6.54e+00     0s
   2  -1.63871225e+04 -1.80138372e+04  0.00e+00 4.76e-01  7.49e-01     0s
   3  -1.68705041e+04 -1.72017799e+04  0.00e+00 6.63e-02  1.52e-01     0s
   4  -1.68993939e+04 -1.70134047e+04  0.00e+00 7.11e-15  5.23e-02     0s
   5  -1.69209516e+04 -1.69265493e+04  0.00e+00 1.42e-14  2.57e-03     0s
   6  -1.69244990e+04 -1.69245024e+04  0.00e+00 1.42e-14  1.57e-06     0s
   7  -1.69245000e+04 -1.69245000e+04  0.00e+00 1.42e-14  1.57e-12     0s

Barrier solved model in 7 iterations and 0.01 seconds
Optimal objective -1.69245000e+04


Root relaxation: objective -1.692450e+04, 768 iterations, 0.01 seconds

    Nodes    |    Current Node    |     Objective Bounds      |     Work
 Expl Unexpl |  Obj  Depth IntInf | Incumbent    BestBd   Gap | It/Node Time

     0     0 -16924.500    0   19 -15950.500 -16924.500  6.11%     -    0s
H    0     0                    -16870.10000 -16924.500  0.32%     -    0s

Explored 0 nodes (984 simplex iterations) in 0.03 seconds
Thread count was 20 (of 20 available processors)

Solution count 3: -16870.1 -15950.5 -1405.8 
Pool objective bound -16924.5

Optimal solution found (tolerance 5.00e-02)
Best objective -1.687010000000e+04, best bound -1.692450000000e+04, gap 0.3225%
Changed value of parameter MIPGap to 0.05
   Prev: 0.0001  Min: 0.0  Max: 1e+100  Default: 0.0001
Changed value of parameter TimeLimit to 1800.0
   Prev: 1e+100  Min: 0.0  Max: 1e+100  Default: 1e+100
Changed value of parameter Method to 2
   Prev: -1  Min: -1  Max: 4  Default: -1
Changed value of parameter MIPFocus to 1
   Prev: 0  Min: 0  Max: 3  Default: 0
Optimize a model with 4162 rows, 6093 columns and 12186 nonzeros
Variable types: 0 continuous, 6093 integer (6093 binary)
Coefficient statistics:
  Matrix range     [1e+00, 5e+00]
  Objective range  [1e+01, 8e+01]
  Bounds range     [1e+00, 1e+00]
  RHS range        [8e+01, 8e+01]
Found heuristic solution: objective 0
Presolve removed 4099 rows and 5033 columns
Presolve time: 0.01s
Presolved: 63 rows, 1060 columns, 2005 nonzeros
Found heuristic solution: objective -30430.00000
Variable types: 0 continuous, 1060 integer (874 binary)
Presolved: 63 rows, 1060 columns, 2005 nonzeros

Root barrier log...

Ordering time: 0.00s

Barrier statistics:
 AA' NZ     : 9.100e+02
 Factor NZ  : 1.973e+03
 Factor Ops : 8.178e+04 (less than 1 second per iteration)
 Threads    : 1

                  Objective                Residual
Iter       Primal          Dual         Primal    Dual     Compl     Time
   0  -5.17594165e+04 -7.57147657e+04  1.91e+01 1.42e-14  6.28e+01     0s
   1  -2.90309578e+04 -5.47263611e+04  3.37e-01 1.05e+01  1.31e+01     0s
   2  -3.11715241e+04 -3.43724196e+04  0.00e+00 9.49e-01  1.48e+00     0s
   3  -3.21164729e+04 -3.27949269e+04  0.00e+00 1.49e-01  3.11e-01     0s
   4  -3.21579801e+04 -3.23010627e+04  0.00e+00 2.84e-14  6.56e-02     0s
   5  -3.22388525e+04 -3.22536088e+04  0.00e+00 2.84e-14  6.76e-03     0s
   6  -3.22474968e+04 -3.22475112e+04  0.00e+00 2.84e-14  6.60e-06     0s
   7  -3.22475000e+04 -3.22475000e+04  0.00e+00 2.84e-14  6.63e-12     0s

Barrier solved model in 7 iterations and 0.01 seconds
Optimal objective -3.22475000e+04


Root relaxation: objective -3.224750e+04, 768 iterations, 0.01 seconds

    Nodes    |    Current Node    |     Objective Bounds      |     Work
 Expl Unexpl |  Obj  Depth IntInf | Incumbent    BestBd   Gap | It/Node Time

     0     0 -32247.500    0   21 -30430.000 -32247.500  5.97%     -    0s
H    0     0                    -32159.00000 -32247.500  0.28%     -    0s

Explored 0 nodes (1093 simplex iterations) in 0.03 seconds
Thread count was 20 (of 20 available processors)

Solution count 3: -32159 -30430 -2667.6 
Pool objective bound -32247.4

Optimal solution found (tolerance 5.00e-02)
Best objective -3.215900000000e+04, best bound -3.224740000000e+04, gap 0.2749%
Changed value of parameter MIPGap to 0.05
   Prev: 0.0001  Min: 0.0  Max: 1e+100  Default: 0.0001
Changed value of parameter TimeLimit to 1800.0
   Prev: 1e+100  Min: 0.0  Max: 1e+100  Default: 1e+100
Changed value of parameter Method to 2
   Prev: -1  Min: -1  Max: 4  Default: -1
Changed value of parameter MIPFocus to 1
   Prev: 0  Min: 0  Max: 3  Default: 0
Optimize a model with 4162 rows, 6093 columns and 12186 nonzeros
Variable types: 0 continuous, 6093 integer (6093 binary)
Coefficient statistics:
  Matrix range     [1e+00, 5e+00]
  Objective range  [2e+01, 2e+02]
  Bounds range     [1e+00, 1e+00]
  RHS range        [8e+01, 8e+01]
Found heuristic solution: objective 0
Presolve removed 4099 rows and 5033 columns
Presolve time: 0.01s
Presolved: 63 rows, 1060 columns, 2005 nonzeros
Found heuristic solution: objective -59389.00000
Variable types: 0 continuous, 1060 integer (874 binary)
Presolved: 63 rows, 1060 columns, 2005 nonzeros

Root barrier log...

Ordering time: 0.00s

Barrier statistics:
 AA' NZ     : 9.100e+02
 Factor NZ  : 1.973e+03
 Factor Ops : 8.178e+04 (less than 1 second per iteration)
 Threads    : 1

                  Objective                Residual
Iter       Primal          Dual         Primal    Dual     Compl     Time
   0  -1.00306661e+05 -1.49894335e+05  1.91e+01 2.84e-14  1.26e+02     0s
   1  -5.65059381e+04 -1.08030848e+05  3.30e-01 2.11e+01  2.63e+01     0s
   2  -6.08894209e+04 -6.70988153e+04  0.00e+00 1.89e+00  2.86e+00     0s
   3  -6.26414392e+04 -6.39771028e+04  0.00e+00 3.04e-01  6.12e-01     0s
   4  -6.27184370e+04 -6.30009092e+04  0.00e+00 2.84e-14  1.29e-01     0s
   5  -6.28716542e+04 -6.29061861e+04  0.00e+00 5.68e-14  1.58e-02     0s
   6  -6.28934868e+04 -6.28935360e+04  0.00e+00 5.68e-14  2.26e-05     0s
   7  -6.28935000e+04 -6.28935000e+04  0.00e+00 5.68e-14  2.28e-11     0s

Barrier solved model in 7 iterations and 0.01 seconds
Optimal objective -6.28935000e+04


Root relaxation: objective -6.289350e+04, 768 iterations, 0.01 seconds

    Nodes    |    Current Node    |     Objective Bounds      |     Work
 Expl Unexpl |  Obj  Depth IntInf | Incumbent    BestBd   Gap | It/Node Time

     0     0 -62893.500    0   23 -59389.000 -62893.500  5.90%     -    0s
H    0     0                    -62724.00000 -62893.500  0.27%     -    0s

Explored 0 nodes (965 simplex iterations) in 0.02 seconds
Thread count was 20 (of 20 available processors)

Solution count 3: -62724 -59389 -5191.2 
Pool objective bound -62893.4

Optimal solution found (tolerance 5.00e-02)
Best objective -6.272400000000e+04, best bound -6.289340000000e+04, gap 0.2701%
Changed value of parameter MIPGap to 0.05
   Prev: 0.0001  Min: 0.0  Max: 1e+100  Default: 0.0001
Changed value of parameter TimeLimit to 1800.0
   Prev: 1e+100  Min: 0.0  Max: 1e+100  Default: 1e+100
Changed value of parameter Method to 2
   Prev: -1  Min: -1  Max: 4  Default: -1
Changed value of parameter MIPFocus to 1
   Prev: 0  Min: 0  Max: 3  Default: 0
Optimize a model with 4162 rows, 6093 columns and 12186 nonzeros
Variable types: 0 continuous, 6093 integer (6093 binary)
Coefficient statistics:
  Matrix range     [1e+00, 5e+00]
  Objective range  [6e+01, 4e+02]
  Bounds range     [1e+00, 1e+00]
  RHS range        [8e+01, 8e+01]
Found heuristic solution: objective 0
Presolve removed 4099 rows and 5033 columns
Presolve time: 0.01s
Presolved: 63 rows, 1060 columns, 2005 nonzeros
Found heuristic solution: objective -146266.0000
Variable types: 0 continuous, 1060 integer (874 binary)
Presolved: 63 rows, 1060 columns, 2005 nonzeros

Root barrier log...

Ordering time: 0.00s

Barrier statistics:
 AA' NZ     : 9.100e+02
 Factor NZ  : 1.973e+03
 Factor Ops : 8.178e+04 (less than 1 second per iteration)
 Threads    : 1

                  Objective                Residual
Iter       Primal          Dual         Primal    Dual     Compl     Time
   0  -2.45947823e+05 -3.72433043e+05  1.91e+01 5.68e-14  3.14e+02     0s
   1  -1.38937974e+05 -2.67946332e+05  3.26e-01 5.32e+01  6.58e+01     0s
   2  -1.49244569e+05 -1.65329722e+05  0.00e+00 4.75e+00  7.42e+00     0s
   3  -1.54129125e+05 -1.57472616e+05  0.00e+00 7.33e-01  1.53e+00     0s
   4  -1.54372661e+05 -1.55256890e+05  0.00e+00 1.14e-13  4.05e-01     0s
   5  -1.54732158e+05 -1.54997372e+05  0.00e+00 1.14e-13  1.22e-01     0s
   6  -1.54830887e+05 -1.54832692e+05  0.00e+00 1.14e-13  8.27e-04     0s
   7  -1.54831500e+05 -1.54831500e+05  0.00e+00 1.14e-13  6.94e-09     0s

Barrier solved model in 7 iterations and 0.01 seconds
Optimal objective -1.54831500e+05


Root relaxation: objective -1.548315e+05, 768 iterations, 0.01 seconds

    Nodes    |    Current Node    |     Objective Bounds      |     Work
 Expl Unexpl |  Obj  Depth IntInf | Incumbent    BestBd   Gap | It/Node Time

     0     0 -154831.50    0   23 -146266.00 -154831.50  5.86%     -    0s
H    0     0                    -154419.0000 -154831.50  0.27%     -    0s

Explored 0 nodes (899 simplex iterations) in 0.02 seconds
Thread count was 20 (of 20 available processors)

Solution count 3: -154419 -146266 -12762 
Pool objective bound -154831

Optimal solution found (tolerance 5.00e-02)
Best objective -1.544190000000e+05, best bound -1.548310000000e+05, gap 0.2668%
Changed value of parameter MIPGap to 0.05
   Prev: 0.0001  Min: 0.0  Max: 1e+100  Default: 0.0001
Changed value of parameter TimeLimit to 1800.0
   Prev: 1e+100  Min: 0.0  Max: 1e+100  Default: 1e+100
Changed value of parameter Method to 2
   Prev: -1  Min: -1  Max: 4  Default: -1
Changed value of parameter MIPFocus to 1
   Prev: 0  Min: 0  Max: 3  Default: 0
Optimize a model with 4162 rows, 6093 columns and 12186 nonzeros
Variable types: 0 continuous, 6093 integer (6093 binary)
Coefficient statistics:
  Matrix range     [1e+00, 5e+00]
  Objective range  [5e+02, 4e+03]
  Bounds range     [1e+00, 1e+00]
  RHS range        [8e+01, 8e+01]
Found heuristic solution: objective 0
Presolve removed 4099 rows and 5033 columns
Presolve time: 0.01s
Presolved: 63 rows, 1060 columns, 2005 nonzeros
Found heuristic solution: objective -1449421.000
Variable types: 0 continuous, 1060 integer (874 binary)
Presolved: 63 rows, 1060 columns, 2005 nonzeros

Root barrier log...

Ordering time: 0.00s

Barrier statistics:
 AA' NZ     : 9.100e+02
 Factor NZ  : 1.973e+03
 Factor Ops : 8.178e+04 (less than 1 second per iteration)
 Threads    : 1

                  Objective                Residual
Iter       Primal          Dual         Primal    Dual     Compl     Time
   0  -2.43056320e+06 -3.71051366e+06  1.91e+01 4.55e-13  3.14e+03     0s
   1  -1.37544445e+06 -2.66668542e+06  3.23e-01 5.35e+02  6.58e+02     0s
   2  -1.47812171e+06 -1.63830604e+06  0.00e+00 4.74e+01  7.39e+01     0s
   3  -1.52685788e+06 -1.56005007e+06  0.00e+00 7.29e+00  1.52e+01     0s
   4  -1.52931731e+06 -1.53827321e+06  0.00e+00 9.09e-13  4.11e+00     0s
   5  -1.53281888e+06 -1.53573859e+06  0.00e+00 9.09e-13  1.34e+00     0s
   6  -1.53389304e+06 -1.53391691e+06  0.00e+00 9.09e-13  1.09e-02     0s
   7  -1.53390150e+06 -1.53390150e+06  0.00e+00 1.36e-12  1.34e-07     0s
   8  -1.53390150e+06 -1.53390150e+06  6.81e-15 9.09e-13  3.94e-13     0s

Barrier solved model in 8 iterations and 0.01 seconds
Optimal objective -1.53390150e+06


Root relaxation: objective -1.533902e+06, 768 iterations, 0.01 seconds

    Nodes    |    Current Node    |     Objective Bounds      |     Work
 Expl Unexpl |  Obj  Depth IntInf | Incumbent    BestBd   Gap | It/Node Time

     0     0 -1533901.5    0   21 -1449421.0 -1533901.5  5.83%     -    0s
H    0     0                    -1529844.000 -1533901.5  0.27%     -    0s

Explored 0 nodes (977 simplex iterations) in 0.02 seconds
Thread count was 20 (of 20 available processors)

Solution count 3: -1.52984e+06 -1.44942e+06 -126324 
Pool objective bound -1.5339e+06

Optimal solution found (tolerance 5.00e-02)
Best objective -1.529844000000e+06, best bound -1.533901000000e+06, gap 0.2652%
