Changed value of parameter MIPGap to 0.01
   Prev: 0.0001  Min: 0.0  Max: 1e+100  Default: 0.0001
Changed value of parameter TimeLimit to 1800.0
   Prev: 1e+100  Min: 0.0  Max: 1e+100  Default: 1e+100
Changed value of parameter Method to 2
   Prev: -1  Min: -1  Max: 4  Default: -1
Changed value of parameter MIPFocus to 1
   Prev: 0  Min: 0  Max: 3  Default: 0
Optimize a model with 36193 rows, 158569 columns and 673568 nonzeros
Variable types: 500 continuous, 158069 integer (158069 binary)
Coefficient statistics:
  Matrix range     [1e+00, 2e+01]
  Objective range  [1e+00, 1e+00]
  Bounds range     [1e+00, 8e+01]
  RHS range        [0e+00, 0e+00]
Found heuristic solution: objective 0
Presolve removed 5099 rows and 5599 columns
Presolve time: 1.23s
Presolved: 31094 rows, 152970 columns, 662870 nonzeros
Variable types: 0 continuous, 152970 integer (152970 binary)
Presolve removed 5099 rows and 0 columns
Presolved: 25995 rows, 152970 columns, 642474 nonzeros

Root barrier log...

Ordering time: 0.02s

Barrier statistics:
 AA' NZ     : 3.859e+05
 Factor NZ  : 4.499e+05 (roughly 80 MBytes of memory)
 Factor Ops : 4.092e+07 (less than 1 second per iteration)
 Threads    : 20

                  Objective                Residual
Iter       Primal          Dual         Primal    Dual     Compl     Time
   0  -2.39601524e+04 -1.35723650e+05  4.32e+02 1.11e-16  3.41e+00     2s
   1  -8.84670988e+03 -9.05675140e+04  6.49e+01 9.44e-16  6.33e-01     3s
   2  -6.28078226e+03 -4.40529681e+04  2.42e+01 2.00e-15  2.24e-01     3s
   3  -5.26606986e+03 -2.39558250e+04  9.53e+00 2.66e-15  9.23e-02     3s
   4  -4.92061872e+03 -1.45424100e+04  4.85e+00 2.44e-15  4.37e-02     4s
   5  -4.60683101e+03 -7.97095122e+03  6.39e-01 1.98e-15  1.20e-02     4s
   6  -4.64578972e+03 -6.40564734e+03  3.77e-01 2.03e-15  6.22e-03     4s
   7  -4.65299459e+03 -5.92724023e+03  3.51e-01 1.67e-15  4.55e-03     4s
   8  -4.67602702e+03 -5.59705245e+03  2.83e-01 1.54e-15  3.28e-03     4s
   9  -4.69892019e+03 -5.35934935e+03  2.17e-01 1.49e-15  2.35e-03     5s
  10  -4.72620345e+03 -5.22087535e+03  1.54e-01 1.27e-15  1.74e-03     5s
  11  -4.74145765e+03 -5.09591538e+03  1.23e-01 1.22e-15  1.25e-03     5s
  12  -4.75672050e+03 -4.99818713e+03  9.48e-02 1.11e-15  8.55e-04     5s
  13  -4.77034227e+03 -4.94022331e+03  7.38e-02 1.56e-15  6.04e-04     6s
  14  -4.78499736e+03 -4.88313698e+03  5.18e-02 9.44e-16  3.54e-04     6s
  15  -4.79136797e+03 -4.86031616e+03  4.23e-02 1.59e-15  2.52e-04     6s
  16  -4.80244858e+03 -4.84463048e+03  2.61e-02 1.27e-15  1.54e-04     6s
  17  -4.80679718e+03 -4.83755115e+03  2.00e-02 2.61e-15  1.13e-04     6s
  18  -4.80999188e+03 -4.82869596e+03  1.54e-02 1.91e-15  7.04e-05     7s
  19  -4.81420096e+03 -4.82421782e+03  9.60e-03 2.20e-15  3.84e-05     7s
  20  -4.81600230e+03 -4.82226478e+03  7.06e-03 2.53e-14  2.46e-05     7s
  21  -4.82066523e+03 -4.82161088e+03  5.86e-04 3.55e-15  3.43e-06     7s
  22  -4.82113483e+03 -4.82114567e+03  3.62e-07 2.00e-15  3.56e-08     8s
  23  -4.82113725e+03 -4.82113729e+03  5.62e-11 3.12e-15  1.10e-10     8s

Barrier solved model in 23 iterations and 7.79 seconds
Optimal objective -4.82113725e+03


Root crossover log...

   18514 DPushes remaining with DInf 0.0000000e+00                 8s
       0 DPushes remaining with DInf 2.2147562e-13                 9s

   61208 PPushes remaining with PInf 3.2378662e-06                 9s
   50247 PPushes remaining with PInf 0.0000000e+00                10s
    7783 PPushes remaining with PInf 0.0000000e+00                15s
       0 PPushes remaining with PInf 0.0000000e+00                17s

  Push phase complete: Pinf 0.0000000e+00, Dinf 2.5808522e-13     17s


Root simplex log...

Iteration    Objective       Primal Inf.    Dual Inf.      Time
   79725   -4.8211373e+03   0.000000e+00   0.000000e+00     18s
   79725   -4.8211373e+03   0.000000e+00   0.000000e+00     18s

Root relaxation: objective -4.821137e+03, 79725 iterations, 16.69 seconds
Total elapsed time = 28.34s
Total elapsed time = 33.72s
Total elapsed time = 39.30s
Total elapsed time = 44.81s

    Nodes    |    Current Node    |     Objective Bounds      |     Work
 Expl Unexpl |  Obj  Depth IntInf | Incumbent    BestBd   Gap | It/Node Time

     0     0 -4821.1373    0  759    0.00000 -4821.1373      -     -   51s
H    0     0                    -4768.000000 -4821.1373  1.11%     -   98s
H    0     0                    -4790.000000 -4821.1373  0.65%     -  124s
H    0     0                    -4792.000000 -4821.1373  0.61%     -  124s

Cutting planes:
  Cover: 82
  MIR: 73
  StrongCG: 56
  GUB cover: 19

Explored 0 nodes (87942 simplex iterations) in 126.81 seconds
Thread count was 20 (of 20 available processors)

Solution count 4: -4792 -4790 -4768 0 
Pool objective bound -4821

Optimal solution found (tolerance 1.00e-02)
Best objective -4.792000000000e+03, best bound -4.821000000000e+03, gap 0.6052%
Changed value of parameter MIPGap to 0.01
   Prev: 0.0001  Min: 0.0  Max: 1e+100  Default: 0.0001
Changed value of parameter TimeLimit to 1800.0
   Prev: 1e+100  Min: 0.0  Max: 1e+100  Default: 1e+100
Changed value of parameter Method to 2
   Prev: -1  Min: -1  Max: 4  Default: -1
Changed value of parameter MIPFocus to 1
   Prev: 0  Min: 0  Max: 3  Default: 0
Optimize a model with 36193 rows, 158569 columns and 673568 nonzeros
Variable types: 500 continuous, 158069 integer (158069 binary)
Coefficient statistics:
  Matrix range     [1e+00, 2e+01]
  Objective range  [1e+00, 1e+00]
  Bounds range     [1e+00, 8e+01]
  RHS range        [0e+00, 0e+00]
Found heuristic solution: objective 0
Presolve removed 5099 rows and 5599 columns
Presolve time: 1.39s
Presolved: 31094 rows, 152970 columns, 662870 nonzeros
Variable types: 0 continuous, 152970 integer (152970 binary)
Presolve removed 5099 rows and 0 columns
Presolved: 25995 rows, 152970 columns, 642474 nonzeros

Root barrier log...

Ordering time: 0.02s

Barrier statistics:
 AA' NZ     : 3.859e+05
 Factor NZ  : 4.499e+05 (roughly 80 MBytes of memory)
 Factor Ops : 4.092e+07 (less than 1 second per iteration)
 Threads    : 20

                  Objective                Residual
Iter       Primal          Dual         Primal    Dual     Compl     Time
   0  -2.39797694e+04 -1.35780094e+05  4.32e+02 1.11e-16  3.41e+00     2s
   1  -8.85393577e+03 -9.06058428e+04  6.49e+01 1.11e-15  6.33e-01     2s
   2  -6.28725666e+03 -4.40993954e+04  2.42e+01 2.00e-15  2.24e-01     2s
   3  -5.26819789e+03 -2.39610835e+04  9.52e+00 2.00e-15  9.22e-02     3s
   4  -4.92364547e+03 -1.45434905e+04  4.85e+00 2.22e-15  4.37e-02     3s
   5  -4.60961886e+03 -7.97211713e+03  6.39e-01 2.00e-15  1.20e-02     3s
   6  -4.64878301e+03 -6.37901462e+03  3.77e-01 1.73e-15  6.12e-03     3s
   7  -4.65597498e+03 -5.88581230e+03  3.51e-01 2.12e-15  4.40e-03     4s
   8  -4.68110650e+03 -5.55884276e+03  2.78e-01 1.72e-15  3.13e-03     4s
   9  -4.70175544e+03 -5.33620136e+03  2.20e-01 1.24e-15  2.26e-03     4s
  10  -4.72988448e+03 -5.21237316e+03  1.55e-01 1.87e-15  1.70e-03     4s
  11  -4.74855555e+03 -5.09751381e+03  1.17e-01 1.16e-15  1.23e-03     4s
  12  -4.75993522e+03 -4.99170564e+03  9.57e-02 1.31e-15  8.23e-04     5s
  13  -4.77556092e+03 -4.93911769e+03  6.94e-02 1.55e-15  5.81e-04     5s
  14  -4.78875179e+03 -4.88799158e+03  4.99e-02 2.00e-15  3.56e-04     5s
  15  -4.79768938e+03 -4.86527912e+03  3.66e-02 1.46e-15  2.44e-04     5s
  16  -4.80606255e+03 -4.84746006e+03  2.49e-02 1.19e-15  1.51e-04     5s
  17  -4.80876042e+03 -4.83865203e+03  2.11e-02 1.56e-15  1.11e-04     6s
  18  -4.81473800e+03 -4.83165401e+03  1.29e-02 1.55e-15  6.31e-05     6s
  19  -4.82016944e+03 -4.82706040e+03  5.50e-03 1.38e-15  2.58e-05     6s
  20  -4.82368837e+03 -4.82516132e+03  6.80e-04 3.77e-15  5.20e-06     6s
  21  -4.82423839e+03 -4.82438784e+03  5.22e-05 3.22e-15  5.18e-07     6s
  22  -4.82430130e+03 -4.82430295e+03  2.34e-08 2.89e-15  5.40e-09     7s
  23  -4.82430197e+03 -4.82430197e+03  1.27e-10 2.01e-15  7.19e-12     7s

Barrier solved model in 23 iterations and 6.96 seconds
Optimal objective -4.82430197e+03


Root crossover log...

   18509 DPushes remaining with DInf 0.0000000e+00                 7s
       0 DPushes remaining with DInf 2.5381086e-13                 8s

   61180 PPushes remaining with PInf 0.0000000e+00                 8s
   36990 PPushes remaining with PInf 0.0000000e+00                10s
    5381 PPushes remaining with PInf 0.0000000e+00                15s
       0 PPushes remaining with PInf 0.0000000e+00                17s

  Push phase complete: Pinf 0.0000000e+00, Dinf 2.1679880e-13     17s


Root simplex log...

Iteration    Objective       Primal Inf.    Dual Inf.      Time
   79692   -4.8243020e+03   0.000000e+00   0.000000e+00     17s
   79692   -4.8243020e+03   0.000000e+00   0.000000e+00     17s

Root relaxation: objective -4.824302e+03, 79692 iterations, 15.98 seconds
Total elapsed time = 25.88s
Total elapsed time = 36.65s
Total elapsed time = 43.37s
Total elapsed time = 49.01s

    Nodes    |    Current Node    |     Objective Bounds      |     Work
 Expl Unexpl |  Obj  Depth IntInf | Incumbent    BestBd   Gap | It/Node Time

     0     0 -4824.3020    0  747    0.00000 -4824.3020      -     -   55s
H    0     0                    -4771.059500 -4824.3020  1.12%     -   93s
H    0     0                    -4795.103000 -4824.3020  0.61%     -  117s

Cutting planes:
  Cover: 93
  MIR: 76
  StrongCG: 55
  GUB cover: 32

Explored 0 nodes (89749 simplex iterations) in 119.90 seconds
Thread count was 20 (of 20 available processors)

Solution count 3: -4795.1 -4771.06 0 
Pool objective bound -4824.3

Optimal solution found (tolerance 1.00e-02)
Best objective -4.795103000000e+03, best bound -4.824301970589e+03, gap 0.6089%
Changed value of parameter MIPGap to 0.01
   Prev: 0.0001  Min: 0.0  Max: 1e+100  Default: 0.0001
Changed value of parameter TimeLimit to 1800.0
   Prev: 1e+100  Min: 0.0  Max: 1e+100  Default: 1e+100
Changed value of parameter Method to 2
   Prev: -1  Min: -1  Max: 4  Default: -1
Changed value of parameter MIPFocus to 1
   Prev: 0  Min: 0  Max: 3  Default: 0
Optimize a model with 36193 rows, 158569 columns and 673568 nonzeros
Variable types: 500 continuous, 158069 integer (158069 binary)
Coefficient statistics:
  Matrix range     [1e+00, 2e+01]
  Objective range  [1e+00, 1e+00]
  Bounds range     [1e+00, 8e+01]
  RHS range        [0e+00, 0e+00]
Found heuristic solution: objective 0
Presolve removed 5099 rows and 5599 columns
Presolve time: 1.50s
Presolved: 31094 rows, 152970 columns, 662870 nonzeros
Variable types: 0 continuous, 152970 integer (152970 binary)
Presolve removed 5099 rows and 0 columns
Presolved: 25995 rows, 152970 columns, 642474 nonzeros

Root barrier log...

Ordering time: 0.02s

Barrier statistics:
 AA' NZ     : 3.859e+05
 Factor NZ  : 4.499e+05 (roughly 80 MBytes of memory)
 Factor Ops : 4.092e+07 (less than 1 second per iteration)
 Threads    : 20

                  Objective                Residual
Iter       Primal          Dual         Primal    Dual     Compl     Time
   0  -2.39993864e+04 -1.35836538e+05  4.32e+02 1.11e-16  3.41e+00     2s
   1  -8.86116446e+03 -9.06441720e+04  6.49e+01 8.88e-16  6.33e-01     2s
   2  -6.29373205e+03 -4.41456661e+04  2.42e+01 2.22e-15  2.25e-01     3s
   3  -5.27025668e+03 -2.39655189e+04  9.50e+00 2.22e-15  9.22e-02     3s
   4  -4.92662996e+03 -1.45438057e+04  4.84e+00 2.44e-15  4.37e-02     3s
   5  -4.61241262e+03 -7.97240943e+03  6.39e-01 2.44e-15  1.20e-02     3s
   6  -4.65174989e+03 -6.35005318e+03  3.77e-01 1.78e-15  6.01e-03     4s
   7  -4.65900477e+03 -5.82587735e+03  3.51e-01 1.41e-15  4.19e-03     4s
   8  -4.68939415e+03 -5.51348295e+03  2.64e-01 1.08e-15  2.94e-03     4s
   9  -4.70768405e+03 -5.31701840e+03  2.17e-01 1.46e-15  2.18e-03     4s
  10  -4.74185285e+03 -5.16867979e+03  1.38e-01 1.04e-15  1.50e-03     4s
  11  -4.75670645e+03 -5.09817568e+03  1.10e-01 1.61e-15  1.20e-03     5s
  12  -4.77406510e+03 -4.98933744e+03  7.81e-02 1.33e-15  7.57e-04     5s
  13  -4.78639357e+03 -4.93859943e+03  5.89e-02 1.69e-15  5.37e-04     5s
  14  -4.79255816e+03 -4.90443518e+03  4.96e-02 1.11e-15  3.98e-04     5s
  15  -4.80965935e+03 -4.87580826e+03  2.39e-02 1.34e-15  2.31e-04     5s
  16  -4.81235288e+03 -4.85371744e+03  2.01e-02 2.01e-15  1.48e-04     6s
  17  -4.81903792e+03 -4.84272665e+03  1.10e-02 1.81e-15  8.41e-05     6s
  18  -4.82304162e+03 -4.83593470e+03  5.75e-03 1.57e-15  4.56e-05     6s
  19  -4.82664368e+03 -4.83171163e+03  7.88e-04 3.55e-15  1.70e-05     6s
  20  -4.82741585e+03 -4.82875301e+03  6.03e-06 1.33e-15  4.37e-06     7s
  21  -4.82745879e+03 -4.82755839e+03  5.57e-07 2.39e-15  3.25e-07     7s
  22  -4.82746658e+03 -4.82746721e+03  7.32e-13 2.10e-15  2.05e-09     7s
  23  -4.82746669e+03 -4.82746669e+03  8.39e-12 2.06e-15  4.51e-13     7s

Barrier solved model in 23 iterations and 7.25 seconds
Optimal objective -4.82746669e+03


Root crossover log...

   18498 DPushes remaining with DInf 0.0000000e+00                 8s
       0 DPushes remaining with DInf 2.5754399e-13                 8s

   61180 PPushes remaining with PInf 0.0000000e+00                 8s
   39507 PPushes remaining with PInf 0.0000000e+00                10s
    5378 PPushes remaining with PInf 0.0000000e+00                15s
       0 PPushes remaining with PInf 0.0000000e+00                17s

  Push phase complete: Pinf 0.0000000e+00, Dinf 2.7061686e-13     17s


Root simplex log...

Iteration    Objective       Primal Inf.    Dual Inf.      Time
   79681   -4.8274667e+03   0.000000e+00   0.000000e+00     17s
   79681   -4.8274667e+03   0.000000e+00   0.000000e+00     17s

Root relaxation: objective -4.827467e+03, 79681 iterations, 15.82 seconds
Total elapsed time = 29.77s
Total elapsed time = 35.61s
Total elapsed time = 44.35s

    Nodes    |    Current Node    |     Objective Bounds      |     Work
 Expl Unexpl |  Obj  Depth IntInf | Incumbent    BestBd   Gap | It/Node Time

     0     0 -4827.4667    0  709    0.00000 -4827.4667      -     -   49s
H    0     0                    -4771.095000 -4827.4667  1.18%     -   90s
H    0     0                    -4796.190000 -4827.4667  0.65%     -  102s

Cutting planes:
  Cover: 94
  MIR: 91
  StrongCG: 58
  GUB cover: 29

Explored 0 nodes (90060 simplex iterations) in 104.00 seconds
Thread count was 20 (of 20 available processors)

Solution count 3: -4796.19 -4771.09 0 
Pool objective bound -4827.47

Optimal solution found (tolerance 1.00e-02)
Best objective -4.796190000000e+03, best bound -4.827466686275e+03, gap 0.6521%
Changed value of parameter MIPGap to 0.01
   Prev: 0.0001  Min: 0.0  Max: 1e+100  Default: 0.0001
Changed value of parameter TimeLimit to 1800.0
   Prev: 1e+100  Min: 0.0  Max: 1e+100  Default: 1e+100
Changed value of parameter Method to 2
   Prev: -1  Min: -1  Max: 4  Default: -1
Changed value of parameter MIPFocus to 1
   Prev: 0  Min: 0  Max: 3  Default: 0
Optimize a model with 36193 rows, 158569 columns and 673568 nonzeros
Variable types: 500 continuous, 158069 integer (158069 binary)
Coefficient statistics:
  Matrix range     [1e+00, 2e+01]
  Objective range  [1e+00, 1e+00]
  Bounds range     [1e+00, 8e+01]
  RHS range        [0e+00, 0e+00]
Found heuristic solution: objective 0
Presolve removed 5099 rows and 5599 columns
Presolve time: 1.31s
Presolved: 31094 rows, 152970 columns, 662870 nonzeros
Variable types: 0 continuous, 152970 integer (152970 binary)
Presolve removed 5099 rows and 0 columns
Presolved: 25995 rows, 152970 columns, 642474 nonzeros

Root barrier log...

Ordering time: 0.02s

Barrier statistics:
 AA' NZ     : 3.859e+05
 Factor NZ  : 4.499e+05 (roughly 80 MBytes of memory)
 Factor Ops : 4.092e+07 (less than 1 second per iteration)
 Threads    : 20

                  Objective                Residual
Iter       Primal          Dual         Primal    Dual     Compl     Time
   0  -2.40386203e+04 -1.35949426e+05  4.32e+02 1.11e-16  3.41e+00     2s
   1  -8.87563022e+03 -9.07208315e+04  6.49e+01 1.11e-15  6.34e-01     2s
   2  -6.30669141e+03 -4.42377337e+04  2.43e+01 2.22e-15  2.25e-01     2s
   3  -5.27417224e+03 -2.39716176e+04  9.45e+00 2.22e-15  9.21e-02     3s
   4  -4.93247619e+03 -1.45447316e+04  4.84e+00 2.44e-15  4.37e-02     3s
   5  -4.61800288e+03 -7.97168402e+03  6.38e-01 2.00e-15  1.20e-02     3s
   6  -4.65673745e+03 -6.28939102e+03  3.83e-01 2.11e-15  5.80e-03     3s
   7  -4.66448692e+03 -5.77706671e+03  3.56e-01 1.71e-15  4.01e-03     4s
   8  -4.69442468e+03 -5.50102135e+03  2.71e-01 1.56e-15  2.89e-03     4s
   9  -4.71283236e+03 -5.30736202e+03  2.24e-01 1.17e-15  2.13e-03     4s
  10  -4.74609618e+03 -5.16862030e+03  1.46e-01 1.05e-15  1.49e-03     4s
  11  -4.76783942e+03 -5.09635366e+03  1.04e-01 1.06e-15  1.15e-03     4s
  12  -4.77381144e+03 -4.98985043e+03  9.21e-02 1.01e-15  7.69e-04     5s
  13  -4.78629015e+03 -4.95457460e+03  7.22e-02 9.52e-16  5.98e-04     5s
  14  -4.79759451e+03 -4.89481232e+03  5.52e-02 1.27e-15  3.53e-04     5s
  15  -4.81048672e+03 -4.87658080e+03  3.49e-02 1.05e-15  2.38e-04     5s
  16  -4.81921016e+03 -4.86245544e+03  2.12e-02 1.80e-15  1.54e-04     5s
  17  -4.82476728e+03 -4.84725277e+03  1.30e-02 1.31e-15  8.14e-05     6s
  18  -4.82752690e+03 -4.84642550e+03  8.92e-03 1.23e-15  6.72e-05     6s
  19  -4.83150906e+03 -4.83926392e+03  3.04e-03 1.23e-15  2.71e-05     6s
  20  -4.83253179e+03 -4.83544997e+03  1.61e-03 2.84e-15  1.05e-05     6s
  21  -4.83372031e+03 -4.83399778e+03  8.31e-05 2.74e-15  9.54e-07     6s
  22  -4.83379580e+03 -4.83379804e+03  2.94e-08 2.14e-15  7.33e-09     7s
  23  -4.83379612e+03 -4.83379612e+03  5.44e-11 2.02e-15  7.66e-12     7s

Barrier solved model in 23 iterations and 6.89 seconds
Optimal objective -4.83379612e+03


Root crossover log...

   18517 DPushes remaining with DInf 0.0000000e+00                 7s
       0 DPushes remaining with DInf 7.6244566e-14                 8s

   61181 PPushes remaining with PInf 0.0000000e+00                 8s
   36536 PPushes remaining with PInf 0.0000000e+00                10s
    4969 PPushes remaining with PInf 0.0000000e+00                15s
       0 PPushes remaining with PInf 0.0000000e+00                17s

  Push phase complete: Pinf 0.0000000e+00, Dinf 1.2023715e-13     17s


Root simplex log...

Iteration    Objective       Primal Inf.    Dual Inf.      Time
   79701   -4.8337961e+03   0.000000e+00   0.000000e+00     18s
   79701   -4.8337961e+03   0.000000e+00   0.000000e+00     18s

Root relaxation: objective -4.833796e+03, 79701 iterations, 16.51 seconds
Total elapsed time = 31.39s
Total elapsed time = 36.69s
Total elapsed time = 42.20s
Total elapsed time = 47.63s

    Nodes    |    Current Node    |     Objective Bounds      |     Work
 Expl Unexpl |  Obj  Depth IntInf | Incumbent    BestBd   Gap | It/Node Time

     0     0 -4833.7961    0  695    0.00000 -4833.7961      -     -   52s
H    0     0                    -4782.144000 -4833.7961  1.08%     -  108s
H    0     0                    -4801.350000 -4833.7961  0.68%     -  119s
H    0     0                    -4805.372000 -4833.7961  0.59%     -  119s

Cutting planes:
  Cover: 83
  MIR: 72
  StrongCG: 59
  GUB cover: 28

Explored 0 nodes (89742 simplex iterations) in 121.69 seconds
Thread count was 20 (of 20 available processors)

Solution count 4: -4805.37 -4801.35 -4782.14 0 
Pool objective bound -4833.8

Optimal solution found (tolerance 1.00e-02)
Best objective -4.805372000000e+03, best bound -4.833796117647e+03, gap 0.5915%
Changed value of parameter MIPGap to 0.01
   Prev: 0.0001  Min: 0.0  Max: 1e+100  Default: 0.0001
Changed value of parameter TimeLimit to 1800.0
   Prev: 1e+100  Min: 0.0  Max: 1e+100  Default: 1e+100
Changed value of parameter Method to 2
   Prev: -1  Min: -1  Max: 4  Default: -1
Changed value of parameter MIPFocus to 1
   Prev: 0  Min: 0  Max: 3  Default: 0
Optimize a model with 36193 rows, 158569 columns and 673568 nonzeros
Variable types: 500 continuous, 158069 integer (158069 binary)
Coefficient statistics:
  Matrix range     [1e+00, 2e+01]
  Objective range  [1e+00, 1e+00]
  Bounds range     [1e+00, 8e+01]
  RHS range        [0e+00, 0e+00]
Found heuristic solution: objective 0
Presolve removed 5099 rows and 5599 columns
Presolve time: 1.44s
Presolved: 31094 rows, 152970 columns, 662870 nonzeros
Variable types: 0 continuous, 152970 integer (152970 binary)
Presolve removed 5099 rows and 0 columns
Presolved: 25995 rows, 152970 columns, 642474 nonzeros

Root barrier log...

Ordering time: 0.02s

Barrier statistics:
 AA' NZ     : 3.859e+05
 Factor NZ  : 4.499e+05 (roughly 80 MBytes of memory)
 Factor Ops : 4.092e+07 (less than 1 second per iteration)
 Threads    : 20

                  Objective                Residual
Iter       Primal          Dual         Primal    Dual     Compl     Time
   0  -2.41170882e+04 -1.36175202e+05  4.32e+02 1.11e-16  3.42e+00     2s
   1  -8.90459512e+03 -9.08741547e+04  6.49e+01 8.88e-16  6.35e-01     3s
   2  -6.33264526e+03 -4.44200056e+04  2.44e+01 2.22e-15  2.27e-01     3s
   3  -5.28116425e+03 -2.39718382e+04  9.35e+00 2.22e-15  9.18e-02     4s
   4  -4.94363970e+03 -1.45471984e+04  4.82e+00 2.00e-15  4.36e-02     4s
   5  -4.62920662e+03 -7.96873599e+03  6.37e-01 2.66e-15  1.19e-02     5s
   6  -4.66632439e+03 -6.16224452e+03  3.98e-01 2.02e-15  5.36e-03     5s
   7  -4.67528161e+03 -5.72767137e+03  3.68e-01 1.33e-15  3.82e-03     6s
   8  -4.70514848e+03 -5.48562601e+03  2.83e-01 1.17e-15  2.82e-03     6s
   9  -4.72344978e+03 -5.29945340e+03  2.35e-01 1.71e-15  2.08e-03     7s
  10  -4.75261509e+03 -5.18398123e+03  1.57e-01 9.35e-16  1.53e-03     7s
  11  -4.77236423e+03 -5.09154234e+03  1.18e-01 9.94e-16  1.13e-03     8s
  12  -4.78783710e+03 -4.98660334e+03  9.37e-02 1.00e-15  7.14e-04     8s
  13  -4.79663088e+03 -4.95045362e+03  7.90e-02 1.02e-15  5.56e-04     9s
  14  -4.81216618e+03 -4.89934865e+03  5.41e-02 1.11e-15  3.20e-04     9s
  15  -4.82661680e+03 -4.87209041e+03  3.04e-02 1.22e-15  1.68e-04     9s
  16  -4.82837751e+03 -4.86055922e+03  2.76e-02 1.26e-15  1.22e-04    10s
  17  -4.83781351e+03 -4.85453079e+03  1.31e-02 1.20e-15  6.26e-05    10s
  18  -4.84412946e+03 -4.85230488e+03  3.34e-03 1.53e-15  2.87e-05    10s
  19  -4.84482759e+03 -4.84894007e+03  2.27e-03 1.28e-15  1.48e-05    10s
  20  -4.84640697e+03 -4.84672872e+03  7.80e-06 2.92e-15  1.05e-06    10s
  21  -4.84645335e+03 -4.84646086e+03  1.76e-07 1.24e-15  2.46e-08    11s
  22  -4.84645498e+03 -4.84645499e+03  3.25e-12 1.91e-15  2.47e-11    11s

Barrier solved model in 22 iterations and 10.89 seconds
Optimal objective -4.84645498e+03


Root crossover log...

   18498 DPushes remaining with DInf 0.0000000e+00                11s
       0 DPushes remaining with DInf 1.2521928e-13                12s

   61180 PPushes remaining with PInf 0.0000000e+00                12s
   17023 PPushes remaining with PInf 0.0000000e+00                15s
     887 PPushes remaining with PInf 0.0000000e+00                20s
       0 PPushes remaining with PInf 0.0000000e+00                20s

  Push phase complete: Pinf 0.0000000e+00, Dinf 2.0200508e-13     20s


Root simplex log...

Iteration    Objective       Primal Inf.    Dual Inf.      Time
   79681   -4.8464550e+03   0.000000e+00   0.000000e+00     21s
   79681   -4.8464550e+03   0.000000e+00   0.000000e+00     21s

Root relaxation: objective -4.846455e+03, 79681 iterations, 19.24 seconds
Total elapsed time = 35.19s
Total elapsed time = 43.66s
Total elapsed time = 48.19s

    Nodes    |    Current Node    |     Objective Bounds      |     Work
 Expl Unexpl |  Obj  Depth IntInf | Incumbent    BestBd   Gap | It/Node Time

     0     0 -4846.4550    0  698    0.00000 -4846.4550      -     -   53s
H    0     0                    -4790.244000 -4846.4550  1.17%     -   92s
H    0     0                    -4817.772000 -4846.4550  0.60%     -  106s

Cutting planes:
  Cover: 96
  MIR: 72
  StrongCG: 55
  GUB cover: 39

Explored 0 nodes (91062 simplex iterations) in 108.49 seconds
Thread count was 20 (of 20 available processors)

Solution count 3: -4817.77 -4790.24 0 
Pool objective bound -4846.45

Optimal solution found (tolerance 1.00e-02)
Best objective -4.817772000000e+03, best bound -4.846454980392e+03, gap 0.5954%
Changed value of parameter MIPGap to 0.01
   Prev: 0.0001  Min: 0.0  Max: 1e+100  Default: 0.0001
Changed value of parameter TimeLimit to 1800.0
   Prev: 1e+100  Min: 0.0  Max: 1e+100  Default: 1e+100
Changed value of parameter Method to 2
   Prev: -1  Min: -1  Max: 4  Default: -1
Changed value of parameter MIPFocus to 1
   Prev: 0  Min: 0  Max: 3  Default: 0
Optimize a model with 36193 rows, 158569 columns and 673568 nonzeros
Variable types: 500 continuous, 158069 integer (158069 binary)
Coefficient statistics:
  Matrix range     [1e+00, 2e+01]
  Objective range  [1e+00, 1e+00]
  Bounds range     [1e+00, 8e+01]
  RHS range        [0e+00, 0e+00]
Found heuristic solution: objective 0
Presolve removed 5099 rows and 5599 columns
Presolve time: 1.25s
Presolved: 31094 rows, 152970 columns, 662870 nonzeros
Variable types: 0 continuous, 152970 integer (152970 binary)
Presolve removed 5099 rows and 0 columns
Presolved: 25995 rows, 152970 columns, 642474 nonzeros

Root barrier log...

Ordering time: 0.02s

Barrier statistics:
 AA' NZ     : 3.859e+05
 Factor NZ  : 4.499e+05 (roughly 80 MBytes of memory)
 Factor Ops : 4.092e+07 (less than 1 second per iteration)
 Threads    : 20

                  Objective                Residual
Iter       Primal          Dual         Primal    Dual     Compl     Time
   0  -2.41563221e+04 -1.36288090e+05  4.32e+02 1.11e-16  3.42e+00     2s
   1  -8.91909416e+03 -9.09508185e+04  6.49e+01 8.88e-16  6.36e-01     2s
   2  -6.34563743e+03 -4.45101415e+04  2.45e+01 1.78e-15  2.27e-01     2s
   3  -5.28425453e+03 -2.39672787e+04  9.30e+00 3.11e-15  9.16e-02     3s
   4  -4.94898396e+03 -1.45516729e+04  4.81e+00 2.00e-15  4.36e-02     4s
   5  -4.63480632e+03 -7.96875040e+03  6.36e-01 1.78e-15  1.19e-02     4s
   6  -4.67149533e+03 -6.10871706e+03  4.02e-01 1.79e-15  5.17e-03     4s
   7  -4.68040812e+03 -5.73206118e+03  3.73e-01 2.44e-15  3.83e-03     5s
   8  -4.71070353e+03 -5.48920978e+03  2.86e-01 1.50e-15  2.82e-03     5s
   9  -4.72907171e+03 -5.29271198e+03  2.38e-01 1.34e-15  2.05e-03     5s
  10  -4.76262894e+03 -5.17257125e+03  1.61e-01 1.39e-15  1.47e-03     6s
  11  -4.78385904e+03 -5.11241059e+03  1.16e-01 1.78e-15  1.16e-03     6s
  12  -4.79474116e+03 -5.01643611e+03  9.48e-02 1.55e-15  7.92e-04     7s
  13  -4.80756920e+03 -4.95558140e+03  7.21e-02 1.01e-15  5.32e-04     7s
  14  -4.82121568e+03 -4.92001430e+03  4.94e-02 1.94e-15  3.55e-04     8s
  15  -4.83165372e+03 -4.89308939e+03  3.21e-02 1.03e-15  2.21e-04     8s
  16  -4.83633716e+03 -4.87659902e+03  2.51e-02 1.01e-15  1.47e-04     9s
  17  -4.84264745e+03 -4.86662100e+03  1.54e-02 1.33e-15  8.78e-05     9s
  18  -4.84919631e+03 -4.86357550e+03  5.02e-03 1.24e-15  5.00e-05    10s
  19  -4.85252576e+03 -4.85760639e+03  8.00e-05 1.33e-15  1.66e-05    10s
  20  -4.85272531e+03 -4.85449315e+03  4.33e-06 8.39e-16  5.77e-06    10s
  21  -4.85277258e+03 -4.85326050e+03  2.89e-07 9.25e-16  1.59e-06    11s
  22  -4.85278398e+03 -4.85278735e+03  5.90e-13 3.40e-15  1.10e-08    11s
  23  -4.85278441e+03 -4.85278441e+03  3.25e-12 2.10e-15  1.67e-12    12s

Barrier solved model in 23 iterations and 11.81 seconds
Optimal objective -4.85278441e+03


Root crossover log...

   18558 DPushes remaining with DInf 0.0000000e+00                12s
       0 DPushes remaining with DInf 2.3578361e-13                13s

   61180 PPushes remaining with PInf 0.0000000e+00                13s
   52980 PPushes remaining with PInf 0.0000000e+00                15s
   16315 PPushes remaining with PInf 0.0000000e+00                20s
    7922 PPushes remaining with PInf 0.0000000e+00                25s
       0 PPushes remaining with PInf 0.0000000e+00                30s

  Push phase complete: Pinf 0.0000000e+00, Dinf 1.9281798e-13     30s


Root simplex log...

Iteration    Objective       Primal Inf.    Dual Inf.      Time
   79741   -4.8527844e+03   0.000000e+00   0.000000e+00     31s
   79741   -4.8527844e+03   0.000000e+00   0.000000e+00     31s

Root relaxation: objective -4.852784e+03, 79741 iterations, 29.77 seconds
Total elapsed time = 43.62s
Total elapsed time = 47.44s
Total elapsed time = 52.75s
Total elapsed time = 57.23s

    Nodes    |    Current Node    |     Objective Bounds      |     Work
 Expl Unexpl |  Obj  Depth IntInf | Incumbent    BestBd   Gap | It/Node Time

     0     0 -4852.7844    0  763    0.00000 -4852.7844      -     -   61s
H    0     0                    -4799.495000 -4852.7844  1.11%     -   93s
H    0     0                    -4819.805000 -4852.7844  0.68%     -  123s

Cutting planes:
  Cover: 86
  MIR: 82
  StrongCG: 46
  GUB cover: 30

Explored 0 nodes (87998 simplex iterations) in 125.66 seconds
Thread count was 20 (of 20 available processors)

Solution count 3: -4819.8 -4799.49 0 
Pool objective bound -4852.78

Optimal solution found (tolerance 1.00e-02)
Best objective -4.819805000000e+03, best bound -4.852780000000e+03, gap 0.6842%
Changed value of parameter MIPGap to 0.01
   Prev: 0.0001  Min: 0.0  Max: 1e+100  Default: 0.0001
Changed value of parameter TimeLimit to 1800.0
   Prev: 1e+100  Min: 0.0  Max: 1e+100  Default: 1e+100
Changed value of parameter Method to 2
   Prev: -1  Min: -1  Max: 4  Default: -1
Changed value of parameter MIPFocus to 1
   Prev: 0  Min: 0  Max: 3  Default: 0
Optimize a model with 36193 rows, 158569 columns and 673568 nonzeros
Variable types: 500 continuous, 158069 integer (158069 binary)
Coefficient statistics:
  Matrix range     [1e+00, 2e+01]
  Objective range  [1e+00, 1e+00]
  Bounds range     [1e+00, 8e+01]
  RHS range        [0e+00, 0e+00]
Found heuristic solution: objective 0
Presolve removed 5099 rows and 5599 columns
Presolve time: 1.27s
Presolved: 31094 rows, 152970 columns, 662870 nonzeros
Variable types: 0 continuous, 152970 integer (152970 binary)
Presolve removed 5099 rows and 0 columns
Presolved: 25995 rows, 152970 columns, 642474 nonzeros

Root barrier log...

Ordering time: 0.02s

Barrier statistics:
 AA' NZ     : 3.859e+05
 Factor NZ  : 4.499e+05 (roughly 80 MBytes of memory)
 Factor Ops : 4.092e+07 (less than 1 second per iteration)
 Threads    : 20

                  Objective                Residual
Iter       Primal          Dual         Primal    Dual     Compl     Time
   0  -2.43524915e+04 -1.36852530e+05  4.32e+02 1.11e-16  3.43e+00     2s
   1  -8.99175335e+03 -9.13341588e+04  6.50e+01 1.11e-15  6.38e-01     2s
   2  -6.41072983e+03 -4.49466350e+04  2.48e+01 1.78e-15  2.30e-01     2s
   3  -5.30922046e+03 -2.42513646e+04  9.16e+00 3.11e-15  9.22e-02     3s
   4  -4.86619365e+03 -1.48044828e+04  3.34e+00 2.00e-15  4.10e-02     3s
   5  -4.66850328e+03 -6.94212273e+03  5.19e-01 2.22e-15  8.16e-03     3s
   6  -4.69924499e+03 -5.95256190e+03  3.95e-01 1.37e-15  4.55e-03     3s
   7  -4.71521695e+03 -5.64193404e+03  3.49e-01 1.40e-15  3.39e-03     3s
   8  -4.73371164e+03 -5.39634736e+03  3.00e-01 1.73e-15  2.44e-03     4s
   9  -4.75270933e+03 -5.24769720e+03  2.52e-01 1.08e-15  1.83e-03     4s
  10  -4.78708503e+03 -5.16502834e+03  1.70e-01 1.26e-15  1.37e-03     4s
  11  -4.80740062e+03 -5.09292395e+03  1.30e-01 1.14e-15  1.03e-03     4s
  12  -4.82573691e+03 -5.01836572e+03  9.53e-02 1.02e-15  6.97e-04     4s
  13  -4.83832534e+03 -4.97366495e+03  7.57e-02 1.55e-15  4.94e-04     5s
  14  -4.84900063e+03 -4.94369901e+03  5.75e-02 1.87e-15  3.48e-04     5s
  15  -4.86035067e+03 -4.92325383e+03  3.79e-02 3.55e-15  2.30e-04     5s
  16  -4.86832066e+03 -4.90178788e+03  2.55e-02 2.16e-15  1.26e-04     5s
  17  -4.87319562e+03 -4.89412312e+03  1.75e-02 1.60e-15  7.94e-05     5s
  18  -4.88088028e+03 -4.89056269e+03  5.24e-03 1.24e-15  3.49e-05     6s
  19  -4.88422469e+03 -4.88702892e+03  4.50e-05 2.43e-15  9.18e-06     6s
  20  -4.88439922e+03 -4.88502704e+03  1.51e-06 1.37e-15  2.05e-06     6s
  21  -4.88442883e+03 -4.88444935e+03  5.22e-08 3.66e-15  6.70e-08     6s
  22  -4.88443156e+03 -4.88443159e+03  2.52e-12 2.21e-15  7.20e-11     7s

Barrier solved model in 22 iterations and 6.51 seconds
Optimal objective -4.88443156e+03


Root crossover log...

   18489 DPushes remaining with DInf 0.0000000e+00                 7s
       0 DPushes remaining with DInf 2.0708435e-13                 7s

   61180 PPushes remaining with PInf 0.0000000e+00                 7s
   28494 PPushes remaining with PInf 0.0000000e+00                10s
Warning: 1 variables dropped from basis

Restart crossover...


   18489 DPushes remaining with DInf 0.0000000e+00                13s
       0 DPushes remaining with DInf 1.7841284e-13                13s

   61180 PPushes remaining with PInf 0.0000000e+00                13s
   48600 PPushes remaining with PInf 0.0000000e+00                15s
   31091 PPushes remaining with PInf 0.0000000e+00                20s
   12128 PPushes remaining with PInf 0.0000000e+00                25s
       0 PPushes remaining with PInf 0.0000000e+00                29s

  Push phase complete: Pinf 0.0000000e+00, Dinf 1.5445978e-13     29s


Root simplex log...

Iteration    Objective       Primal Inf.    Dual Inf.      Time
   79672   -4.8844316e+03   0.000000e+00   0.000000e+00     29s
   79672   -4.8844316e+03   0.000000e+00   0.000000e+00     29s

Root relaxation: objective -4.884432e+03, 79672 iterations, 28.05 seconds
Total elapsed time = 41.24s
Total elapsed time = 45.48s
Total elapsed time = 53.93s

    Nodes    |    Current Node    |     Objective Bounds      |     Work
 Expl Unexpl |  Obj  Depth IntInf | Incumbent    BestBd   Gap | It/Node Time

     0     0 -4884.4316    0  702    0.00000 -4884.4316      -     -   57s
H    0     0                    -4819.400000 -4884.4316  1.35%     -  102s
H    0     0                    -4853.850000 -4884.4316  0.63%     -  117s

Cutting planes:
  Cover: 96
  MIR: 90
  StrongCG: 47
  GUB cover: 33

Explored 0 nodes (90393 simplex iterations) in 119.04 seconds
Thread count was 20 (of 20 available processors)

Solution count 3: -4853.85 -4819.4 0 
Pool objective bound -4884.43

Optimal solution found (tolerance 1.00e-02)
Best objective -4.853850000000e+03, best bound -4.884430000000e+03, gap 0.6300%
Changed value of parameter MIPGap to 0.01
   Prev: 0.0001  Min: 0.0  Max: 1e+100  Default: 0.0001
Changed value of parameter TimeLimit to 1800.0
   Prev: 1e+100  Min: 0.0  Max: 1e+100  Default: 1e+100
Changed value of parameter Method to 2
   Prev: -1  Min: -1  Max: 4  Default: -1
Changed value of parameter MIPFocus to 1
   Prev: 0  Min: 0  Max: 3  Default: 0
Optimize a model with 36193 rows, 158569 columns and 673568 nonzeros
Variable types: 500 continuous, 158069 integer (158069 binary)
Coefficient statistics:
  Matrix range     [1e+00, 2e+01]
  Objective range  [1e+00, 1e+00]
  Bounds range     [1e+00, 8e+01]
  RHS range        [0e+00, 0e+00]
Found heuristic solution: objective 0
Presolve removed 5099 rows and 5599 columns
Presolve time: 1.24s
Presolved: 31094 rows, 152970 columns, 662870 nonzeros
Variable types: 0 continuous, 152970 integer (152970 binary)
Presolve removed 5099 rows and 0 columns
Presolved: 25995 rows, 152970 columns, 642474 nonzeros

Root barrier log...

Ordering time: 0.02s

Barrier statistics:
 AA' NZ     : 3.859e+05
 Factor NZ  : 4.499e+05 (roughly 80 MBytes of memory)
 Factor Ops : 4.092e+07 (less than 1 second per iteration)
 Threads    : 20

                  Objective                Residual
Iter       Primal          Dual         Primal    Dual     Compl     Time
   0  -2.47448299e+04 -1.37981410e+05  4.32e+02 2.22e-16  3.46e+00     2s
   1  -9.13787318e+03 -9.21009431e+04  6.51e+01 1.11e-15  6.44e-01     2s
   2  -6.54070978e+03 -4.57232037e+04  2.53e+01 1.78e-15  2.36e-01     3s
   3  -5.38075051e+03 -2.53092334e+04  9.19e+00 2.22e-15  9.62e-02     3s
   4  -4.92537669e+03 -1.55093070e+04  3.36e+00 2.00e-15  4.34e-02     4s
   5  -4.72180635e+03 -7.16369827e+03  5.10e-01 1.89e-15  8.71e-03     4s
   6  -4.75219477e+03 -6.10607761e+03  3.91e-01 1.46e-15  4.88e-03     5s
   7  -4.76190696e+03 -5.81561830e+03  3.66e-01 1.70e-15  3.83e-03     5s
   8  -4.78362254e+03 -5.55662071e+03  3.08e-01 1.40e-15  2.82e-03     6s
   9  -4.81381056e+03 -5.36425958e+03  2.39e-01 1.33e-15  2.01e-03     6s
  10  -4.84129491e+03 -5.25113238e+03  1.81e-01 1.24e-15  1.49e-03     6s
  11  -4.86645835e+03 -5.18538237e+03  1.34e-01 1.65e-15  1.15e-03     7s
  12  -4.87832007e+03 -5.08706199e+03  1.13e-01 1.33e-15  7.65e-04     7s
  13  -4.89484747e+03 -5.03217693e+03  8.46e-02 1.38e-15  5.08e-04     8s
  14  -4.90615995e+03 -5.00480708e+03  6.71e-02 1.21e-15  3.69e-04     8s
  15  -4.91713745e+03 -4.98036799e+03  4.89e-02 1.29e-15  2.39e-04     9s
  16  -4.92657004e+03 -4.96596352e+03  3.36e-02 1.46e-15  1.51e-04     9s
  17  -4.92850600e+03 -4.95697239e+03  3.05e-02 1.15e-15  1.13e-04     9s
  18  -4.93721959e+03 -4.95544430e+03  1.68e-02 1.22e-15  7.05e-05    10s
  19  -4.94383095e+03 -4.95096794e+03  5.80e-03 1.38e-15  2.70e-05    10s
  20  -4.94755593e+03 -4.94881192e+03  2.61e-05 1.88e-15  4.12e-06    11s
  21  -4.94769769e+03 -4.94782827e+03  2.23e-06 2.48e-15  4.28e-07    11s
  22  -4.94772543e+03 -4.94772671e+03  1.36e-11 1.60e-15  4.20e-09    12s
  23  -4.94772587e+03 -4.94772588e+03  3.74e-10 1.87e-15  3.87e-11    12s

Barrier solved model in 23 iterations and 12.16 seconds
Optimal objective -4.94772587e+03


Root crossover log...

   18585 DPushes remaining with DInf 0.0000000e+00                13s
       0 DPushes remaining with DInf 3.0342395e-13                14s

   61222 PPushes remaining with PInf 0.0000000e+00                14s
   55360 PPushes remaining with PInf 0.0000000e+00                15s
   29709 PPushes remaining with PInf 0.0000000e+00                20s
   12030 PPushes remaining with PInf 0.0000000e+00                25s
    3775 PPushes remaining with PInf 0.0000000e+00                30s
       0 PPushes remaining with PInf 0.0000000e+00                32s

  Push phase complete: Pinf 0.0000000e+00, Dinf 2.0225488e-13     32s


Root simplex log...

Iteration    Objective       Primal Inf.    Dual Inf.      Time
   79810   -4.9477259e+03   0.000000e+00   0.000000e+00     33s
   79810   -4.9477259e+03   0.000000e+00   0.000000e+00     33s

Root relaxation: objective -4.947726e+03, 79810 iterations, 32.08 seconds
Total elapsed time = 46.10s
Total elapsed time = 51.23s
Total elapsed time = 55.53s
Total elapsed time = 60.55s

    Nodes    |    Current Node    |     Objective Bounds      |     Work
 Expl Unexpl |  Obj  Depth IntInf | Incumbent    BestBd   Gap | It/Node Time

     0     0 -4947.7259    0  750    0.00000 -4947.7259      -     -   65s
H    0     0                    -4884.580000 -4947.7259  1.29%     -  128s
H    0     0                    -4915.420000 -4947.7259  0.66%     -  144s
H    0     0                    -4916.720000 -4947.7259  0.63%     -  144s

Cutting planes:
  Cover: 111
  MIR: 69
  StrongCG: 54
  GUB cover: 34

Explored 0 nodes (90285 simplex iterations) in 146.51 seconds
Thread count was 20 (of 20 available processors)

Solution count 4: -4916.72 -4915.42 -4884.58 0 
Pool objective bound -4947.72

Optimal solution found (tolerance 1.00e-02)
Best objective -4.916720000000e+03, best bound -4.947720000000e+03, gap 0.6305%
Changed value of parameter MIPGap to 0.01
   Prev: 0.0001  Min: 0.0  Max: 1e+100  Default: 0.0001
Changed value of parameter TimeLimit to 1800.0
   Prev: 1e+100  Min: 0.0  Max: 1e+100  Default: 1e+100
Changed value of parameter Method to 2
   Prev: -1  Min: -1  Max: 4  Default: -1
Changed value of parameter MIPFocus to 1
   Prev: 0  Min: 0  Max: 3  Default: 0
Optimize a model with 36193 rows, 158569 columns and 673568 nonzeros
Variable types: 500 continuous, 158069 integer (158069 binary)
Coefficient statistics:
  Matrix range     [1e+00, 2e+01]
  Objective range  [1e+00, 1e+00]
  Bounds range     [1e+00, 8e+01]
  RHS range        [0e+00, 0e+00]
Found heuristic solution: objective 0
Presolve removed 5099 rows and 5599 columns
Presolve time: 1.27s
Presolved: 31094 rows, 152970 columns, 662870 nonzeros
Variable types: 0 continuous, 152970 integer (152970 binary)
Presolve removed 5099 rows and 0 columns
Presolved: 25995 rows, 152970 columns, 642474 nonzeros

Root barrier log...

Ordering time: 0.02s

Barrier statistics:
 AA' NZ     : 3.859e+05
 Factor NZ  : 4.499e+05 (roughly 80 MBytes of memory)
 Factor Ops : 4.092e+07 (less than 1 second per iteration)
 Threads    : 20

                  Objective                Residual
Iter       Primal          Dual         Primal    Dual     Compl     Time
   0  -2.55295043e+04 -1.40239169e+05  4.32e+02 1.11e-16  3.52e+00     2s
   1  -9.43218932e+03 -9.36345191e+04  6.53e+01 8.88e-16  6.55e-01     3s
   2  -6.79779717e+03 -4.71641668e+04  2.64e+01 1.78e-15  2.47e-01     3s
   3  -5.64960764e+03 -2.53985245e+04  1.09e+01 2.22e-15  1.02e-01     4s
   4  -5.06588554e+03 -1.67586671e+04  3.71e+00 2.22e-15  4.83e-02     4s
   5  -4.83184072e+03 -8.82159561e+03  5.58e-01 2.15e-15  1.40e-02     5s
   6  -4.86976267e+03 -6.70770017e+03  3.59e-01 1.75e-15  6.45e-03     5s
   7  -4.88713343e+03 -6.23958506e+03  3.12e-01 1.60e-15  4.77e-03     5s
   8  -4.91429700e+03 -5.95768304e+03  2.51e-01 1.37e-15  3.67e-03     6s
   9  -4.93225944e+03 -5.71906534e+03  2.14e-01 1.46e-15  2.77e-03     6s
  10  -4.95139107e+03 -5.53447813e+03  1.82e-01 1.75e-15  2.07e-03     7s
  11  -4.97167157e+03 -5.40682580e+03  1.49e-01 1.02e-15  1.55e-03     7s
  12  -4.99853152e+03 -5.29133612e+03  1.06e-01 1.09e-15  1.04e-03     8s
  13  -5.02167497e+03 -5.20069667e+03  7.21e-02 2.24e-15  6.39e-04     8s
  14  -5.03974432e+03 -5.15909210e+03  4.61e-02 1.45e-15  4.24e-04     8s
  15  -5.04876055e+03 -5.12511006e+03  3.33e-02 1.46e-15  2.73e-04     9s
  16  -5.05826974e+03 -5.09386287e+03  2.06e-02 1.12e-15  1.31e-04     9s
  17  -5.06388949e+03 -5.08993359e+03  1.29e-02 1.34e-15  9.41e-05    10s
  18  -5.07032858e+03 -5.07807432e+03  4.83e-03 1.49e-15  2.86e-05    10s
  19  -5.07413666e+03 -5.07579843e+03  3.60e-05 1.67e-15  5.45e-06    11s
  20  -5.07429967e+03 -5.07439201e+03  5.22e-07 2.38e-15  3.02e-07    11s
  21  -5.07431430e+03 -5.07431534e+03  6.44e-10 1.59e-15  3.38e-09    11s
  22  -5.07431451e+03 -5.07431451e+03  7.40e-12 2.45e-15  3.24e-12    12s

Barrier solved model in 22 iterations and 11.81 seconds
Optimal objective -5.07431451e+03


Root crossover log...

   18572 DPushes remaining with DInf 0.0000000e+00                12s
       0 DPushes remaining with DInf 2.1910251e-13                12s

   61180 PPushes remaining with PInf 0.0000000e+00                13s
   36354 PPushes remaining with PInf 0.0000000e+00                15s
    5492 PPushes remaining with PInf 0.0000000e+00                20s
