Changed value of parameter MIPGap to 0.05
   Prev: 0.0001  Min: 0.0  Max: 1e+100  Default: 0.0001
Changed value of parameter TimeLimit to 1800.0
   Prev: 1e+100  Min: 0.0  Max: 1e+100  Default: 1e+100
Changed value of parameter Method to 2
   Prev: -1  Min: -1  Max: 4  Default: -1
Changed value of parameter MIPFocus to 1
   Prev: 0  Min: 0  Max: 3  Default: 0
Optimize a model with 10554 rows, 55297 columns and 110594 nonzeros
Variable types: 0 continuous, 55297 integer (55297 binary)
Coefficient statistics:
  Matrix range     [1e+00, 2e+01]
  Objective range  [1e+00, 1e+00]
  Bounds range     [1e+00, 1e+00]
  RHS range        [8e+01, 8e+01]
Found heuristic solution: objective 0
Presolve time: 0.16s
Presolved: 10554 rows, 55297 columns, 110594 nonzeros
Variable types: 0 continuous, 55297 integer (55297 binary)
Presolved: 10554 rows, 55297 columns, 110594 nonzeros

Root barrier log...

Ordering time: 0.01s

Barrier statistics:
 AA' NZ     : 5.530e+04
 Factor NZ  : 2.351e+05 (roughly 30 MBytes of memory)
 Factor Ops : 3.864e+07 (less than 1 second per iteration)
 Threads    : 1

                  Objective                Residual
Iter       Primal          Dual         Primal    Dual     Compl     Time
   0  -2.60427195e+04 -4.66240683e+04  1.10e+02 0.00e+00  3.54e+00     0s
   1  -9.82089884e+03 -3.55597922e+04  2.50e+01 8.88e-16  8.60e-01     0s
   2  -5.33447083e+03 -1.76106066e+04  4.28e+00 9.99e-16  1.79e-01     0s
   3  -4.34565256e+03 -6.80906476e+03  1.15e-01 1.33e-15  2.30e-02     0s
   4  -4.41196048e+03 -4.91373265e+03  7.58e-03 7.29e-16  4.55e-03     0s
   5  -4.43107006e+03 -4.59634509e+03  3.08e-03 4.71e-16  1.50e-03     0s
   6  -4.43530840e+03 -4.52005941e+03  2.27e-03 4.69e-16  7.72e-04     0s
   7  -4.43888385e+03 -4.47679629e+03  1.61e-03 4.85e-16  3.47e-04     0s
   8  -4.44157501e+03 -4.46155413e+03  1.13e-03 6.66e-16  1.84e-04     0s
   9  -4.44349914e+03 -4.45472114e+03  7.81e-04 4.73e-16  1.04e-04     0s
  10  -4.44591630e+03 -4.45051856e+03  3.95e-04 4.44e-16  4.29e-05     1s
  11  -4.44652905e+03 -4.44884134e+03  2.75e-04 4.61e-16  2.18e-05     1s
  12  -4.44710098e+03 -4.44823694e+03  1.63e-04 5.00e-16  1.08e-05     1s
  13  -4.44750897e+03 -4.44807037e+03  8.44e-05 4.11e-16  5.37e-06     1s
  14  -4.44792415e+03 -4.44799806e+03  4.41e-06 5.03e-16  6.82e-07     1s
  15  -4.44795052e+03 -4.44795186e+03  2.23e-08 5.35e-16  1.21e-08     1s
  16  -4.44795072e+03 -4.44795072e+03  2.41e-14 5.58e-16  3.36e-11     1s

Barrier solved model in 16 iterations and 0.64 seconds
Optimal objective -4.44795072e+03


Root relaxation: objective -4.447951e+03, 43598 iterations, 0.77 seconds

    Nodes    |    Current Node    |     Objective Bounds      |     Work
 Expl Unexpl |  Obj  Depth IntInf | Incumbent    BestBd   Gap | It/Node Time

     0     0 -4447.9507    0  463    0.00000 -4447.9507      -     -    1s
H    0     0                    -4402.000000 -4447.9507  1.04%     -    1s

Explored 0 nodes (51672 simplex iterations) in 1.42 seconds
Thread count was 20 (of 20 available processors)

Solution count 2: -4402 0 
Pool objective bound -4447

Optimal solution found (tolerance 5.00e-02)
Best objective -4.402000000000e+03, best bound -4.447000000000e+03, gap 1.0223%
Changed value of parameter MIPGap to 0.05
   Prev: 0.0001  Min: 0.0  Max: 1e+100  Default: 0.0001
Changed value of parameter TimeLimit to 1800.0
   Prev: 1e+100  Min: 0.0  Max: 1e+100  Default: 1e+100
Changed value of parameter Method to 2
   Prev: -1  Min: -1  Max: 4  Default: -1
Changed value of parameter MIPFocus to 1
   Prev: 0  Min: 0  Max: 3  Default: 0
Optimize a model with 10554 rows, 55297 columns and 110594 nonzeros
Variable types: 0 continuous, 55297 integer (55297 binary)
Coefficient statistics:
  Matrix range     [1e+00, 2e+01]
  Objective range  [1e+00, 1e+00]
  Bounds range     [1e+00, 1e+00]
  RHS range        [8e+01, 8e+01]
Found heuristic solution: objective 0
Presolve time: 0.15s
Presolved: 10554 rows, 55297 columns, 110594 nonzeros
Variable types: 0 continuous, 55297 integer (55297 binary)
Presolved: 10554 rows, 55297 columns, 110594 nonzeros

Root barrier log...

Ordering time: 0.01s

Barrier statistics:
 AA' NZ     : 5.530e+04
 Factor NZ  : 2.351e+05 (roughly 30 MBytes of memory)
 Factor Ops : 3.864e+07 (less than 1 second per iteration)
 Threads    : 1

                  Objective                Residual
Iter       Primal          Dual         Primal    Dual     Compl     Time
   0  -2.60672725e+04 -4.66270841e+04  1.10e+02 2.22e-16  3.54e+00     0s
   1  -9.83019988e+03 -3.55638274e+04  2.50e+01 8.88e-16  8.60e-01     0s
   2  -5.33862922e+03 -1.76135236e+04  4.28e+00 1.11e-15  1.79e-01     0s
   3  -4.34860055e+03 -6.81171877e+03  1.14e-01 1.33e-15  2.30e-02     0s
   4  -4.41497824e+03 -4.91374069e+03  7.52e-03 1.33e-15  4.52e-03     0s
   5  -4.43399172e+03 -4.59898943e+03  3.08e-03 6.66e-16  1.50e-03     0s
   6  -4.43824262e+03 -4.52292549e+03  2.28e-03 7.19e-16  7.71e-04     0s
   7  -4.44190878e+03 -4.47996993e+03  1.60e-03 6.66e-16  3.49e-04     0s
   8  -4.44456831e+03 -4.46487752e+03  1.12e-03 4.44e-16  1.87e-04     0s
   9  -4.44627292e+03 -4.45810261e+03  8.21e-04 6.66e-16  1.10e-04     0s
  10  -4.44884813e+03 -4.45367200e+03  4.08e-04 4.86e-16  4.49e-05     0s
  11  -4.44939578e+03 -4.45238700e+03  3.13e-04 5.31e-16  2.81e-05     0s
  12  -4.44986053e+03 -4.45151895e+03  2.21e-04 6.92e-16  1.57e-05     1s
  13  -4.45055302e+03 -4.45129073e+03  8.14e-05 4.93e-16  6.94e-06     1s
  14  -4.45077581e+03 -4.45107302e+03  3.87e-05 4.44e-16  2.82e-06     1s
  15  -4.45095281e+03 -4.45101068e+03  4.84e-06 4.55e-16  5.39e-07     1s
  16  -4.45097930e+03 -4.45098278e+03  4.04e-13 6.66e-16  3.13e-08     1s
  17  -4.45097947e+03 -4.45097950e+03  1.38e-13 4.87e-16  2.57e-10     1s

Barrier solved model in 17 iterations and 0.62 seconds
Optimal objective -4.45097947e+03


Root relaxation: objective -4.450979e+03, 43619 iterations, 0.78 seconds

    Nodes    |    Current Node    |     Objective Bounds      |     Work
 Expl Unexpl |  Obj  Depth IntInf | Incumbent    BestBd   Gap | It/Node Time

     0     0 -4450.9795    0  465    0.00000 -4450.9795      -     -    1s
H    0     0                    -4400.976190 -4450.9795  1.14%     -    1s

Explored 0 nodes (50324 simplex iterations) in 1.36 seconds
Thread count was 20 (of 20 available processors)

Solution count 2: -4400.98 0 
Pool objective bound -4450.98

Optimal solution found (tolerance 5.00e-02)
Best objective -4.400976190000e+03, best bound -4.450979469546e+03, gap 1.1362%
Changed value of parameter MIPGap to 0.05
   Prev: 0.0001  Min: 0.0  Max: 1e+100  Default: 0.0001
Changed value of parameter TimeLimit to 1800.0
   Prev: 1e+100  Min: 0.0  Max: 1e+100  Default: 1e+100
Changed value of parameter Method to 2
   Prev: -1  Min: -1  Max: 4  Default: -1
Changed value of parameter MIPFocus to 1
   Prev: 0  Min: 0  Max: 3  Default: 0
Optimize a model with 10554 rows, 55297 columns and 110594 nonzeros
Variable types: 0 continuous, 55297 integer (55297 binary)
Coefficient statistics:
  Matrix range     [1e+00, 2e+01]
  Objective range  [1e+00, 1e+00]
  Bounds range     [1e+00, 1e+00]
  RHS range        [8e+01, 8e+01]
Found heuristic solution: objective 0
Presolve time: 0.15s
Presolved: 10554 rows, 55297 columns, 110594 nonzeros
Variable types: 0 continuous, 55297 integer (55297 binary)
Presolved: 10554 rows, 55297 columns, 110594 nonzeros

Root barrier log...

Ordering time: 0.01s

Barrier statistics:
 AA' NZ     : 5.530e+04
 Factor NZ  : 2.351e+05 (roughly 30 MBytes of memory)
 Factor Ops : 3.864e+07 (less than 1 second per iteration)
 Threads    : 1

                  Objective                Residual
Iter       Primal          Dual         Primal    Dual     Compl     Time
   0  -2.60918255e+04 -4.66300999e+04  1.10e+02 2.22e-16  3.54e+00     0s
   1  -9.83950245e+03 -3.55678630e+04  2.50e+01 8.88e-16  8.60e-01     0s
   2  -5.34279675e+03 -1.76164416e+04  4.28e+00 1.11e-15  1.79e-01     0s
   3  -4.35154725e+03 -6.81460143e+03  1.14e-01 1.33e-15  2.30e-02     0s
   4  -4.41656885e+03 -4.85199401e+03  9.99e-03 6.66e-16  3.96e-03     0s
   5  -4.43479271e+03 -4.58921419e+03  4.67e-03 6.03e-16  1.41e-03     0s
   6  -4.43896506e+03 -4.51885804e+03  3.64e-03 8.41e-16  7.33e-04     0s
   7  -4.44464960e+03 -4.48686860e+03  2.33e-03 4.44e-16  3.89e-04     0s
   8  -4.44719460e+03 -4.47246706e+03  1.67e-03 4.64e-16  2.34e-04     0s
   9  -4.44938392e+03 -4.46280304e+03  1.19e-03 6.66e-16  1.25e-04     0s
  10  -4.45101342e+03 -4.45727998e+03  8.13e-04 4.44e-16  5.94e-05     0s
  11  -4.45205523e+03 -4.45524727e+03  5.39e-04 4.44e-16  3.07e-05     0s
  12  -4.45264491e+03 -4.45468855e+03  3.75e-04 4.46e-16  1.98e-05     1s
  13  -4.45309407e+03 -4.45440724e+03  2.50e-04 4.05e-16  1.27e-05     1s
  14  -4.45312883e+03 -4.45415494e+03  2.40e-04 5.00e-16  1.01e-05     1s
  15  -4.45366540e+03 -4.45405505e+03  9.24e-05 7.57e-16  3.85e-06     1s
  16  -4.45394360e+03 -4.45401849e+03  1.67e-05 5.04e-16  7.36e-07     1s
  17  -4.45400793e+03 -4.45400958e+03  6.55e-09 6.66e-16  1.49e-08     1s
  18  -4.45400822e+03 -4.45400822e+03  1.67e-11 6.66e-16  1.01e-11     1s

Barrier solved model in 18 iterations and 0.64 seconds
Optimal objective -4.45400822e+03


Root relaxation: objective -4.454008e+03, 43542 iterations, 0.80 seconds

    Nodes    |    Current Node    |     Objective Bounds      |     Work
 Expl Unexpl |  Obj  Depth IntInf | Incumbent    BestBd   Gap | It/Node Time

     0     0 -4454.0082    0  320    0.00000 -4454.0082      -     -    1s
H    0     0                    -4413.952590 -4454.0082  0.91%     -    1s

Explored 0 nodes (55708 simplex iterations) in 1.42 seconds
Thread count was 20 (of 20 available processors)

Solution count 2: -4413.95 0 
Pool objective bound -4454.01

Optimal solution found (tolerance 5.00e-02)
Best objective -4.413952590000e+03, best bound -4.454008222840e+03, gap 0.9075%
Changed value of parameter MIPGap to 0.05
   Prev: 0.0001  Min: 0.0  Max: 1e+100  Default: 0.0001
Changed value of parameter TimeLimit to 1800.0
   Prev: 1e+100  Min: 0.0  Max: 1e+100  Default: 1e+100
Changed value of parameter Method to 2
   Prev: -1  Min: -1  Max: 4  Default: -1
Changed value of parameter MIPFocus to 1
   Prev: 0  Min: 0  Max: 3  Default: 0
Optimize a model with 10554 rows, 55297 columns and 110594 nonzeros
Variable types: 0 continuous, 55297 integer (55297 binary)
Coefficient statistics:
  Matrix range     [1e+00, 2e+01]
  Objective range  [1e+00, 1e+00]
  Bounds range     [1e+00, 1e+00]
  RHS range        [8e+01, 8e+01]
Found heuristic solution: objective 0
Presolve time: 0.16s
Presolved: 10554 rows, 55297 columns, 110594 nonzeros
Variable types: 0 continuous, 55297 integer (55297 binary)
Presolved: 10554 rows, 55297 columns, 110594 nonzeros

Root barrier log...

Ordering time: 0.01s

Barrier statistics:
 AA' NZ     : 5.530e+04
 Factor NZ  : 2.351e+05 (roughly 30 MBytes of memory)
 Factor Ops : 3.864e+07 (less than 1 second per iteration)
 Threads    : 1

                  Objective                Residual
Iter       Primal          Dual         Primal    Dual     Compl     Time
   0  -2.61409313e+04 -4.66361316e+04  1.10e+02 2.22e-16  3.54e+00     0s
   1  -9.85811221e+03 -3.55759358e+04  2.50e+01 1.11e-15  8.60e-01     0s
   2  -5.35115357e+03 -1.76222792e+04  4.28e+00 1.11e-15  1.79e-01     0s
   3  -4.35743677e+03 -6.82039176e+03  1.12e-01 1.11e-15  2.30e-02     0s
   4  -4.42264299e+03 -4.86086425e+03  9.78e-03 8.88e-16  3.99e-03     0s
   5  -4.44088306e+03 -4.59651867e+03  4.56e-03 6.22e-16  1.42e-03     0s
   6  -4.44508027e+03 -4.52632494e+03  3.55e-03 6.66e-16  7.45e-04     0s
   7  -4.45042183e+03 -4.49402275e+03  2.33e-03 6.66e-16  4.01e-04     0s
   8  -4.45297785e+03 -4.47711768e+03  1.69e-03 6.66e-16  2.24e-04     0s
   9  -4.45538807e+03 -4.46853717e+03  1.18e-03 5.34e-16  1.23e-04     0s
  10  -4.45682538e+03 -4.46316652e+03  8.64e-04 4.44e-16  6.03e-05     0s
  11  -4.45804558e+03 -4.46107485e+03  5.37e-04 6.73e-16  2.92e-05     0s
  12  -4.45886528e+03 -4.46052874e+03  3.18e-04 4.44e-16  1.61e-05     1s
  13  -4.45917984e+03 -4.46028010e+03  2.34e-04 4.44e-16  1.08e-05     1s
  14  -4.45975570e+03 -4.46019739e+03  8.01e-05 4.58e-16  4.27e-06     1s
  15  -4.46005129e+03 -4.46008458e+03  2.84e-06 4.99e-16  3.10e-07     1s
  16  -4.46005792e+03 -4.46006648e+03  1.61e-06 6.00e-16  8.31e-08     1s
  17  -4.46006567e+03 -4.46006602e+03  9.16e-13 6.66e-16  3.11e-09     1s
  18  -4.46006573e+03 -4.46006573e+03  3.41e-14 4.66e-16  6.24e-15     1s

Barrier solved model in 18 iterations and 0.64 seconds
Optimal objective -4.46006573e+03


Root relaxation: objective -4.460066e+03, 43475 iterations, 0.80 seconds

    Nodes    |    Current Node    |     Objective Bounds      |     Work
 Expl Unexpl |  Obj  Depth IntInf | Incumbent    BestBd   Gap | It/Node Time

     0     0 -4460.0657    0  241    0.00000 -4460.0657      -     -    1s
H    0     0                    -4428.943460 -4460.0657  0.70%     -    1s

Explored 0 nodes (62162 simplex iterations) in 1.39 seconds
Thread count was 20 (of 20 available processors)

Solution count 2: -4428.94 0 
Pool objective bound -4460.07

Optimal solution found (tolerance 5.00e-02)
Best objective -4.428943460000e+03, best bound -4.460065729428e+03, gap 0.7027%
Changed value of parameter MIPGap to 0.05
   Prev: 0.0001  Min: 0.0  Max: 1e+100  Default: 0.0001
Changed value of parameter TimeLimit to 1800.0
   Prev: 1e+100  Min: 0.0  Max: 1e+100  Default: 1e+100
Changed value of parameter Method to 2
   Prev: -1  Min: -1  Max: 4  Default: -1
Changed value of parameter MIPFocus to 1
   Prev: 0  Min: 0  Max: 3  Default: 0
Optimize a model with 10554 rows, 55297 columns and 110594 nonzeros
Variable types: 0 continuous, 55297 integer (55297 binary)
Coefficient statistics:
  Matrix range     [1e+00, 2e+01]
  Objective range  [1e+00, 1e+00]
  Bounds range     [1e+00, 1e+00]
  RHS range        [8e+01, 8e+01]
Found heuristic solution: objective 0
Presolve time: 0.15s
Presolved: 10554 rows, 55297 columns, 110594 nonzeros
Variable types: 0 continuous, 55297 integer (55297 binary)
Presolved: 10554 rows, 55297 columns, 110594 nonzeros

Root barrier log...

Ordering time: 0.01s

Barrier statistics:
 AA' NZ     : 5.530e+04
 Factor NZ  : 2.351e+05 (roughly 30 MBytes of memory)
 Factor Ops : 3.864e+07 (less than 1 second per iteration)
 Threads    : 1

                  Objective                Residual
Iter       Primal          Dual         Primal    Dual     Compl     Time
   0  -2.62391440e+04 -4.66552335e+04  1.10e+02 0.00e+00  3.54e+00     0s
   1  -9.89526427e+03 -3.55971523e+04  2.50e+01 8.88e-16  8.61e-01     0s
   2  -5.36770883e+03 -1.76362487e+04  4.28e+00 8.88e-16  1.79e-01     0s
   3  -4.36917862e+03 -6.83213449e+03  1.10e-01 1.11e-15  2.29e-02     0s
   4  -4.43479951e+03 -4.87788581e+03  9.36e-03 1.78e-15  4.03e-03     0s
   5  -4.45305295e+03 -4.61094879e+03  4.35e-03 8.88e-16  1.44e-03     0s
   6  -4.45730794e+03 -4.54059850e+03  3.36e-03 7.76e-16  7.62e-04     0s
   7  -4.46296327e+03 -4.50794728e+03  2.19e-03 6.66e-16  4.13e-04     0s
   8  -4.46460041e+03 -4.49396311e+03  1.78e-03 5.32e-16  2.71e-04     0s
   9  -4.46662317e+03 -4.48052629e+03  1.34e-03 6.66e-16  1.30e-04     0s
  10  -4.46869896e+03 -4.47606964e+03  8.43e-04 6.66e-16  6.95e-05     0s
  11  -4.46994918e+03 -4.47391719e+03  5.63e-04 5.09e-16  3.78e-05     0s
  12  -4.47044036e+03 -4.47275079e+03  4.38e-04 6.02e-16  2.24e-05     1s
  13  -4.47108209e+03 -4.47253747e+03  2.75e-04 4.44e-16  1.41e-05     1s
  14  -4.47142787e+03 -4.47231825e+03  1.88e-04 5.07e-16  8.70e-06     1s
  15  -4.47184602e+03 -4.47219125e+03  8.41e-05 6.07e-16  3.42e-06     1s
  16  -4.47214563e+03 -4.47219659e+03  7.91e-06 4.64e-16  4.88e-07     1s
  17  -4.47218070e+03 -4.47218093e+03  2.26e-13 6.66e-16  2.04e-09     1s
  18  -4.47218074e+03 -4.47218074e+03  1.50e-12 6.66e-16  7.32e-15     1s

Barrier solved model in 18 iterations and 0.63 seconds
Optimal objective -4.47218074e+03


Root relaxation: objective -4.472181e+03, 43038 iterations, 0.81 seconds

    Nodes    |    Current Node    |     Objective Bounds      |     Work
 Expl Unexpl |  Obj  Depth IntInf | Incumbent    BestBd   Gap | It/Node Time

     0     0 -4472.1807    0  322    0.00000 -4472.1807      -     -    1s
H    0     0                    -4438.765080 -4472.1807  0.75%     -    1s

Explored 0 nodes (55237 simplex iterations) in 1.43 seconds
Thread count was 20 (of 20 available processors)

Solution count 2: -4438.77 0 
Pool objective bound -4472.18

Optimal solution found (tolerance 5.00e-02)
Best objective -4.438765080000e+03, best bound -4.472180742605e+03, gap 0.7528%
Changed value of parameter MIPGap to 0.05
   Prev: 0.0001  Min: 0.0  Max: 1e+100  Default: 0.0001
Changed value of parameter TimeLimit to 1800.0
   Prev: 1e+100  Min: 0.0  Max: 1e+100  Default: 1e+100
Changed value of parameter Method to 2
   Prev: -1  Min: -1  Max: 4  Default: -1
Changed value of parameter MIPFocus to 1
   Prev: 0  Min: 0  Max: 3  Default: 0
Optimize a model with 10554 rows, 55297 columns and 110594 nonzeros
Variable types: 0 continuous, 55297 integer (55297 binary)
Coefficient statistics:
  Matrix range     [1e+00, 2e+01]
  Objective range  [1e+00, 1e+00]
  Bounds range     [1e+00, 1e+00]
  RHS range        [8e+01, 8e+01]
Found heuristic solution: objective 0
Presolve time: 0.15s
Presolved: 10554 rows, 55297 columns, 110594 nonzeros
Variable types: 0 continuous, 55297 integer (55297 binary)
Presolved: 10554 rows, 55297 columns, 110594 nonzeros

Root barrier log...

Ordering time: 0.01s

Barrier statistics:
 AA' NZ     : 5.530e+04
 Factor NZ  : 2.351e+05 (roughly 30 MBytes of memory)
 Factor Ops : 3.864e+07 (less than 1 second per iteration)
 Threads    : 1

                  Objective                Residual
Iter       Primal          Dual         Primal    Dual     Compl     Time
   0  -2.62882504e+04 -4.66662729e+04  1.10e+02 2.22e-16  3.54e+00     0s
   1  -9.91383017e+03 -3.56088344e+04  2.50e+01 8.88e-16  8.61e-01     0s
   2  -5.37598185e+03 -1.76437214e+04  4.28e+00 8.88e-16  1.79e-01     0s
   3  -4.37503265e+03 -6.83806654e+03  1.09e-01 8.88e-16  2.29e-02     0s
   4  -4.44262339e+03 -4.83003900e+03  1.69e-02 8.88e-16  3.56e-03     0s
   5  -4.45742812e+03 -4.60440085e+03  9.29e-03 6.02e-16  1.36e-03     0s
   6  -4.46166961e+03 -4.53948064e+03  7.35e-03 6.66e-16  7.28e-04     0s
   7  -4.46689638e+03 -4.50662719e+03  5.18e-03 4.45e-16  3.77e-04     0s
   8  -4.46967175e+03 -4.49273970e+03  3.88e-03 5.76e-16  2.22e-04     0s
   9  -4.47205982e+03 -4.48584751e+03  2.79e-03 5.59e-16  1.34e-04     0s
  10  -4.47424673e+03 -4.48023894e+03  1.85e-03 6.66e-16  6.07e-05     0s
  11  -4.47582947e+03 -4.47889230e+03  1.11e-03 6.66e-16  3.16e-05     0s
  12  -4.47675561e+03 -4.47864449e+03  6.84e-04 4.44e-16  1.95e-05     0s
  13  -4.47694261e+03 -4.47854126e+03  5.97e-04 6.06e-16  1.66e-05     1s
  14  -4.47749291e+03 -4.47840884e+03  3.42e-04 5.75e-16  9.48e-06     1s
  15  -4.47789733e+03 -4.47831568e+03  1.54e-04 6.66e-16  4.32e-06     1s
  16  -4.47804867e+03 -4.47827025e+03  8.93e-05 6.66e-16  2.32e-06     1s
  17  -4.47822697e+03 -4.47826028e+03  4.77e-06 4.73e-16  3.17e-07     1s
  18  -4.47823833e+03 -4.47824020e+03  2.07e-07 5.42e-16  1.75e-08     1s
  19  -4.47823886e+03 -4.47823886e+03  6.60e-12 5.21e-16  5.14e-13     1s

Barrier solved model in 19 iterations and 0.63 seconds
Optimal objective -4.47823886e+03


Root relaxation: objective -4.478239e+03, 43378 iterations, 0.78 seconds

    Nodes    |    Current Node    |     Objective Bounds      |     Work
 Expl Unexpl |  Obj  Depth IntInf | Incumbent    BestBd   Gap | It/Node Time

     0     0 -4478.2389    0  329    0.00000 -4478.2389      -     -    1s
H    0     0                    -4431.801300 -4478.2389  1.05%     -    1s

Explored 0 nodes (55541 simplex iterations) in 1.38 seconds
Thread count was 20 (of 20 available processors)

Solution count 2: -4431.8 0 
Pool objective bound -4478.24

Optimal solution found (tolerance 5.00e-02)
Best objective -4.431801300000e+03, best bound -4.478238858404e+03, gap 1.0478%
Changed value of parameter MIPGap to 0.05
   Prev: 0.0001  Min: 0.0  Max: 1e+100  Default: 0.0001
Changed value of parameter TimeLimit to 1800.0
   Prev: 1e+100  Min: 0.0  Max: 1e+100  Default: 1e+100
Changed value of parameter Method to 2
   Prev: -1  Min: -1  Max: 4  Default: -1
Changed value of parameter MIPFocus to 1
   Prev: 0  Min: 0  Max: 3  Default: 0
Optimize a model with 10554 rows, 55297 columns and 110594 nonzeros
Variable types: 0 continuous, 55297 integer (55297 binary)
Coefficient statistics:
  Matrix range     [1e+00, 2e+01]
  Objective range  [1e+00, 1e+00]
  Bounds range     [1e+00, 1e+00]
  RHS range        [8e+01, 8e+01]
Found heuristic solution: objective 0
Presolve time: 0.15s
Presolved: 10554 rows, 55297 columns, 110594 nonzeros
Variable types: 0 continuous, 55297 integer (55297 binary)
Presolved: 10554 rows, 55297 columns, 110594 nonzeros

Root barrier log...

Ordering time: 0.01s

Barrier statistics:
 AA' NZ     : 5.530e+04
 Factor NZ  : 2.351e+05 (roughly 30 MBytes of memory)
 Factor Ops : 3.864e+07 (less than 1 second per iteration)
 Threads    : 1

                  Objective                Residual
Iter       Primal          Dual         Primal    Dual     Compl     Time
   0  -2.65337812e+04 -4.67214698e+04  1.10e+02 0.00e+00  3.54e+00     0s
   1  -1.00067361e+04 -3.56672710e+04  2.51e+01 8.88e-16  8.62e-01     0s
   2  -5.40706552e+03 -1.76349218e+04  4.24e+00 1.11e-15  1.78e-01     0s
   3  -4.40425108e+03 -6.84857182e+03  9.97e-02 1.33e-15  2.27e-02     0s
   4  -4.47305367e+03 -4.85872559e+03  1.53e-02 8.43e-16  3.54e-03     0s
   5  -4.48756659e+03 -4.63706595e+03  8.51e-03 5.19e-16  1.38e-03     0s
   6  -4.49177007e+03 -4.57568765e+03  6.78e-03 4.92e-16  7.81e-04     0s
   7  -4.49774183e+03 -4.54493823e+03  4.66e-03 6.01e-16  4.42e-04     0s
   8  -4.50091641e+03 -4.52865136e+03  3.25e-03 5.90e-16  2.62e-04     0s
   9  -4.50301962e+03 -4.51821452e+03  2.41e-03 4.44e-16  1.46e-04     0s
  10  -4.50446040e+03 -4.51330970e+03  1.79e-03 4.80e-16  8.62e-05     0s
  11  -4.50577044e+03 -4.51098931e+03  1.22e-03 5.84e-16  5.14e-05     0s
  12  -4.50632396e+03 -4.50998435e+03  9.75e-04 4.60e-16  3.65e-05     0s
  13  -4.50697210e+03 -4.50925870e+03  6.93e-04 4.69e-16  2.31e-05     1s
  14  -4.50749194e+03 -4.50907265e+03  4.64e-04 4.44e-16  1.59e-05     1s
  15  -4.50781067e+03 -4.50868726e+03  3.25e-04 4.44e-16  9.07e-06     1s
  16  -4.50811999e+03 -4.50860419e+03  1.89e-04 6.66e-16  5.05e-06     1s
  17  -4.50835130e+03 -4.50857960e+03  9.04e-05 6.66e-16  2.38e-06     1s
  18  -4.50855558e+03 -4.50856195e+03  1.50e-06 6.06e-16  6.28e-08     1s
  19  -4.50855924e+03 -4.50855924e+03  2.63e-10 7.47e-16  3.24e-11     1s

Barrier solved model in 19 iterations and 0.63 seconds
Optimal objective -4.50855924e+03


Root relaxation: objective -4.508559e+03, 43496 iterations, 0.79 seconds

    Nodes    |    Current Node    |     Objective Bounds      |     Work
 Expl Unexpl |  Obj  Depth IntInf | Incumbent    BestBd   Gap | It/Node Time

     0     0 -4508.5592    0  486    0.00000 -4508.5592      -     -    1s
H    0     0                    -4451.334400 -4508.5592  1.29%     -    1s

Explored 0 nodes (50236 simplex iterations) in 1.35 seconds
Thread count was 20 (of 20 available processors)

Solution count 2: -4451.33 0 
Pool objective bound -4508.56

Optimal solution found (tolerance 5.00e-02)
Best objective -4.451334400000e+03, best bound -4.508559240830e+03, gap 1.2856%
Changed value of parameter MIPGap to 0.05
   Prev: 0.0001  Min: 0.0  Max: 1e+100  Default: 0.0001
Changed value of parameter TimeLimit to 1800.0
   Prev: 1e+100  Min: 0.0  Max: 1e+100  Default: 1e+100
Changed value of parameter Method to 2
   Prev: -1  Min: -1  Max: 4  Default: -1
Changed value of parameter MIPFocus to 1
   Prev: 0  Min: 0  Max: 3  Default: 0
Optimize a model with 10554 rows, 55297 columns and 110594 nonzeros
Variable types: 0 continuous, 55297 integer (55297 binary)
Coefficient statistics:
  Matrix range     [1e+00, 2e+01]
  Objective range  [1e+00, 1e+00]
  Bounds range     [1e+00, 1e+00]
  RHS range        [8e+01, 8e+01]
Found heuristic solution: objective 0
Presolve time: 0.15s
Presolved: 10554 rows, 55297 columns, 110594 nonzeros
Variable types: 0 continuous, 55297 integer (55297 binary)
Presolved: 10554 rows, 55297 columns, 110594 nonzeros

Root barrier log...

Ordering time: 0.01s

Barrier statistics:
 AA' NZ     : 5.530e+04
 Factor NZ  : 2.351e+05 (roughly 30 MBytes of memory)
 Factor Ops : 3.864e+07 (less than 1 second per iteration)
 Threads    : 1

                  Objective                Residual
Iter       Primal          Dual         Primal    Dual     Compl     Time
   0  -2.70248350e+04 -4.68318637e+04  1.10e+02 0.00e+00  3.54e+00     0s
   1  -1.01929237e+04 -3.57842622e+04  2.51e+01 1.11e-15  8.65e-01     0s
   2  -5.51482379e+03 -1.77097120e+04  4.35e+00 1.11e-15  1.80e-01     0s
   3  -4.46411965e+03 -6.97848078e+03  9.72e-02 1.33e-15  2.33e-02     0s
   4  -4.53360659e+03 -4.94132825e+03  1.43e-02 7.82e-16  3.73e-03     0s
   5  -4.54858404e+03 -4.70706658e+03  7.74e-03 6.24e-16  1.46e-03     0s
   6  -4.55343347e+03 -4.64862113e+03  5.89e-03 5.03e-16  8.79e-04     0s
   7  -4.55851212e+03 -4.60937555e+03  4.11e-03 6.19e-16  4.73e-04     0s
   8  -4.56137789e+03 -4.59362812e+03  2.97e-03 7.74e-16  3.01e-04     0s
   9  -4.56313715e+03 -4.58173821e+03  2.29e-03 4.85e-16  1.76e-04     0s
  10  -4.56445282e+03 -4.57391111e+03  1.82e-03 4.99e-16  9.19e-05     0s
  11  -4.56613429e+03 -4.57092842e+03  1.21e-03 4.76e-16  4.76e-05     0s
  12  -4.56648924e+03 -4.57040812e+03  1.07e-03 6.66e-16  3.92e-05     1s
  13  -4.56722118e+03 -4.57014982e+03  7.87e-04 4.94e-16  2.93e-05     1s
  14  -4.56757430e+03 -4.56990622e+03  6.51e-04 4.44e-16  2.34e-05     1s
  15  -4.56839950e+03 -4.56945219e+03  3.47e-04 6.66e-16  1.08e-05     1s
  16  -4.56905850e+03 -4.56931774e+03  9.53e-05 6.66e-16  2.69e-06     1s
  17  -4.56908461e+03 -4.56931118e+03  8.51e-05 5.16e-16  2.35e-06     1s
  18  -4.56910984e+03 -4.56930262e+03  7.38e-05 4.44e-16  2.01e-06     1s
  19  -4.56922243e+03 -4.56929455e+03  2.41e-05 4.44e-16  7.38e-07     1s
  20  -4.56927571e+03 -4.56928331e+03  8.32e-07 4.46e-16  7.16e-08     1s
  21  -4.56927770e+03 -4.56927795e+03  1.03e-12 6.21e-16  2.27e-09     1s
  22  -4.56927772e+03 -4.56927772e+03  2.55e-14 4.44e-16  2.27e-12     1s

Barrier solved model in 22 iterations and 0.73 seconds
Optimal objective -4.56927772e+03


Root relaxation: objective -4.569278e+03, 43427 iterations, 0.90 seconds

    Nodes    |    Current Node    |     Objective Bounds      |     Work
 Expl Unexpl |  Obj  Depth IntInf | Incumbent    BestBd   Gap | It/Node Time

     0     0 -4569.2777    0  491    0.00000 -4569.2777      -     -    1s
H    0     0                    -4510.141400 -4569.2777  1.31%     -    1s

Explored 0 nodes (50171 simplex iterations) in 1.47 seconds
Thread count was 20 (of 20 available processors)

Solution count 2: -4510.14 0 
Pool objective bound -4569.28

Optimal solution found (tolerance 5.00e-02)
Best objective -4.510141400000e+03, best bound -4.569277719619e+03, gap 1.3112%
Changed value of parameter MIPGap to 0.05
   Prev: 0.0001  Min: 0.0  Max: 1e+100  Default: 0.0001
Changed value of parameter TimeLimit to 1800.0
   Prev: 1e+100  Min: 0.0  Max: 1e+100  Default: 1e+100
Changed value of parameter Method to 2
   Prev: -1  Min: -1  Max: 4  Default: -1
Changed value of parameter MIPFocus to 1
   Prev: 0  Min: 0  Max: 3  Default: 0
Optimize a model with 10554 rows, 55297 columns and 110594 nonzeros
Variable types: 0 continuous, 55297 integer (55297 binary)
Coefficient statistics:
  Matrix range     [1e+00, 2e+01]
  Objective range  [1e+00, 1e+00]
  Bounds range     [1e+00, 1e+00]
  RHS range        [8e+01, 8e+01]
Found heuristic solution: objective 0
Presolve time: 0.15s
Presolved: 10554 rows, 55297 columns, 110594 nonzeros
Variable types: 0 continuous, 55297 integer (55297 binary)
Presolved: 10554 rows, 55297 columns, 110594 nonzeros

Root barrier log...

Ordering time: 0.01s

Barrier statistics:
 AA' NZ     : 5.530e+04
 Factor NZ  : 2.351e+05 (roughly 30 MBytes of memory)
 Factor Ops : 3.864e+07 (less than 1 second per iteration)
 Threads    : 1

                  Objective                Residual
Iter       Primal          Dual         Primal    Dual     Compl     Time
   0  -2.80069479e+04 -4.72087790e+04  1.10e+02 0.00e+00  3.56e+00     0s
   1  -1.05643231e+04 -3.61309260e+04  2.53e+01 9.99e-16  8.72e-01     0s
   2  -5.72529923e+03 -1.79095123e+04  4.55e+00 9.44e-16  1.84e-01     0s
   3  -4.58952528e+03 -7.53604220e+03  1.31e-01 1.11e-15  2.75e-02     0s
   4  -4.64920856e+03 -5.26485477e+03  7.96e-03 8.88e-16  5.58e-03     0s
   5  -4.67193872e+03 -4.86838074e+03  3.02e-03 1.11e-15  1.78e-03     0s
   6  -4.67770634e+03 -4.77822462e+03  2.07e-03 5.60e-16  9.13e-04     0s
   7  -4.68304085e+03 -4.72729923e+03  1.21e-03 6.29e-16  4.03e-04     0s
   8  -4.68490125e+03 -4.71684001e+03  9.26e-04 5.79e-16  2.91e-04     0s
   9  -4.68684403e+03 -4.70130347e+03  6.46e-04 4.44e-16  1.33e-04     0s
  10  -4.68911381e+03 -4.69342318e+03  2.89e-04 6.66e-16  3.99e-05     0s
  11  -4.69037000e+03 -4.69201040e+03  1.01e-04 5.09e-16  1.52e-05     0s
  12  -4.69052126e+03 -4.69148654e+03  7.87e-05 5.35e-16  8.99e-06     0s
  13  -4.69077409e+03 -4.69134360e+03  4.15e-05 5.40e-16  5.29e-06     1s
  14  -4.69083543e+03 -4.69122907e+03  3.27e-05 4.44e-16  3.67e-06     1s
  15  -4.69101758e+03 -4.69114077e+03  6.24e-06 5.09e-16  1.13e-06     1s
  16  -4.69106590e+03 -4.69107187e+03  3.00e-08 6.66e-16  5.39e-08     1s
  17  -4.69106624e+03 -4.69106659e+03  1.30e-13 6.77e-16  3.11e-09     1s
  18  -4.69106625e+03 -4.69106625e+03  8.75e-14 5.32e-16  5.08e-13     1s

Barrier solved model in 18 iterations and 0.61 seconds
Optimal objective -4.69106625e+03


Root relaxation: objective -4.691066e+03, 43322 iterations, 0.74 seconds

    Nodes    |    Current Node    |     Objective Bounds      |     Work
 Expl Unexpl |  Obj  Depth IntInf | Incumbent    BestBd   Gap | It/Node Time

     0     0 -4691.0663    0  284    0.00000 -4691.0663      -     -    1s
H    0     0                    -4651.825200 -4691.0663  0.84%     -    1s

Explored 0 nodes (56766 simplex iterations) in 1.37 seconds
Thread count was 20 (of 20 available processors)

Solution count 2: -4651.83 0 
Pool objective bound -4691.07

Optimal solution found (tolerance 5.00e-02)
Best objective -4.651825200000e+03, best bound -4.691066252462e+03, gap 0.8436%
Changed value of parameter MIPGap to 0.05
   Prev: 0.0001  Min: 0.0  Max: 1e+100  Default: 0.0001
Changed value of parameter TimeLimit to 1800.0
   Prev: 1e+100  Min: 0.0  Max: 1e+100  Default: 1e+100
Changed value of parameter Method to 2
   Prev: -1  Min: -1  Max: 4  Default: -1
Changed value of parameter MIPFocus to 1
   Prev: 0  Min: 0  Max: 3  Default: 0
Optimize a model with 10554 rows, 55297 columns and 110594 nonzeros
Variable types: 0 continuous, 55297 integer (55297 binary)
Coefficient statistics:
  Matrix range     [1e+00, 2e+01]
  Objective range  [1e+00, 1e+00]
  Bounds range     [1e+00, 1e+00]
  RHS range        [8e+01, 8e+01]
Found heuristic solution: objective 0
Presolve time: 0.15s
Presolved: 10554 rows, 55297 columns, 110594 nonzeros
Variable types: 0 continuous, 55297 integer (55297 binary)
Presolved: 10554 rows, 55297 columns, 110594 nonzeros

Root barrier log...

Ordering time: 0.01s

Barrier statistics:
 AA' NZ     : 5.530e+04
 Factor NZ  : 2.351e+05 (roughly 30 MBytes of memory)
 Factor Ops : 3.864e+07 (less than 1 second per iteration)
 Threads    : 1

                  Objective                Residual
Iter       Primal          Dual         Primal    Dual     Compl     Time
   0  -2.84979956e+04 -4.74144779e+04  1.10e+02 0.00e+00  3.57e+00     0s
   1  -1.07502123e+04 -3.63167866e+04  2.53e+01 8.88e-16  8.76e-01     0s
   2  -5.82898861e+03 -1.80147366e+04  4.63e+00 8.88e-16  1.86e-01     0s
   3  -4.65360210e+03 -7.50987786e+03  1.42e-01 1.33e-15  2.68e-02     0s
   4  -4.71061461e+03 -5.31010003e+03  8.21e-03 6.66e-16  5.43e-03     0s
   5  -4.73260745e+03 -4.93484428e+03  3.25e-03 5.26e-16  1.83e-03     0s
   6  -4.73796681e+03 -4.85112429e+03  2.31e-03 6.25e-16  1.03e-03     0s
   7  -4.74294607e+03 -4.79921909e+03  1.49e-03 5.26e-16  5.12e-04     0s
   8  -4.74493102e+03 -4.77416104e+03  1.17e-03 5.83e-16  2.68e-04     0s
   9  -4.74710449e+03 -4.76264832e+03  8.17e-04 6.66e-16  1.43e-04     0s
  10  -4.75026048e+03 -4.75525205e+03  3.05e-04 7.31e-16  4.61e-05     0s
  11  -4.75127271e+03 -4.75306152e+03  1.49e-04 5.43e-16  1.67e-05     0s
  12  -4.75169601e+03 -4.75254105e+03  8.51e-05 5.73e-16  7.94e-06     0s
  13  -4.75215125e+03 -4.75241548e+03  1.64e-05 4.94e-16  2.44e-06     1s
  14  -4.75218167e+03 -4.75230315e+03  1.21e-05 6.66e-16  1.14e-06     1s
  15  -4.75224573e+03 -4.75227764e+03  2.44e-06 5.40e-16  2.97e-07     1s
  16  -4.75226665e+03 -4.75226719e+03  1.03e-08 7.68e-16  4.92e-09     1s
  17  -4.75226688e+03 -4.75226688e+03  4.99e-11 8.88e-16  1.10e-11     1s

Barrier solved model in 17 iterations and 0.60 seconds
Optimal objective -4.75226688e+03


Root relaxation: objective -4.752267e+03, 43321 iterations, 0.71 seconds

    Nodes    |    Current Node    |     Objective Bounds      |     Work
 Expl Unexpl |  Obj  Depth IntInf | Incumbent    BestBd   Gap | It/Node Time

     0     0 -4752.2669    0  411    0.00000 -4752.2669      -     -    1s
H    0     0                    -4703.852000 -4752.2669  1.03%     -    1s

Explored 0 nodes (52823 simplex iterations) in 1.28 seconds
Thread count was 20 (of 20 available processors)

Solution count 2: -4703.85 0 
Pool objective bound -4752.27

Optimal solution found (tolerance 5.00e-02)
Best objective -4.703852000000e+03, best bound -4.752266877205e+03, gap 1.0293%
Changed value of parameter MIPGap to 0.05
   Prev: 0.0001  Min: 0.0  Max: 1e+100  Default: 0.0001
Changed value of parameter TimeLimit to 1800.0
   Prev: 1e+100  Min: 0.0  Max: 1e+100  Default: 1e+100
Changed value of parameter Method to 2
   Prev: -1  Min: -1  Max: 4  Default: -1
Changed value of parameter MIPFocus to 1
   Prev: 0  Min: 0  Max: 3  Default: 0
Optimize a model with 10554 rows, 55297 columns and 110594 nonzeros
Variable types: 0 continuous, 55297 integer (55297 binary)
Coefficient statistics:
  Matrix range     [1e+00, 2e+01]
  Objective range  [1e+00, 2e+00]
  Bounds range     [1e+00, 1e+00]
  RHS range        [8e+01, 8e+01]
Found heuristic solution: objective 0
Presolve time: 0.15s
Presolved: 10554 rows, 55297 columns, 110594 nonzeros
Variable types: 0 continuous, 55297 integer (55297 binary)
Presolved: 10554 rows, 55297 columns, 110594 nonzeros

Root barrier log...

Ordering time: 0.01s

Barrier statistics:
 AA' NZ     : 5.530e+04
 Factor NZ  : 2.351e+05 (roughly 30 MBytes of memory)
 Factor Ops : 3.864e+07 (less than 1 second per iteration)
 Threads    : 1

                  Objective                Residual
Iter       Primal          Dual         Primal    Dual     Compl     Time
   0  -3.09548069e+04 -5.51587458e+04  1.10e+02 0.00e+00  4.19e+00     0s
   1  -1.15834010e+04 -4.20796925e+04  2.54e+01 1.11e-15  1.03e+00     0s
   2  -6.20454252e+03 -2.07148133e+04  4.62e+00 1.17e-15  2.18e-01     0s
   3  -4.94262563e+03 -8.32434232e+03  1.34e-01 1.11e-15  3.16e-02     0s
   4  -5.01030807e+03 -5.58151044e+03  6.11e-03 1.33e-15  5.17e-03     0s
   5  -5.03471130e+03 -5.22762290e+03  2.79e-03 8.88e-16  1.75e-03     0s
   6  -5.03957147e+03 -5.17904475e+03  2.23e-03 7.91e-16  1.27e-03     0s
   7  -5.04431140e+03 -5.12219486e+03  1.71e-03 7.70e-16  7.08e-04     0s
   8  -5.04827947e+03 -5.09314453e+03  1.29e-03 6.66e-16  4.09e-04     0s
   9  -5.05196752e+03 -5.07841960e+03  9.52e-04 6.11e-16  2.42e-04     0s
  10  -5.05458576e+03 -5.06670595e+03  6.85e-04 6.66e-16  1.12e-04     0s
  11  -5.05688896e+03 -5.06367714e+03  4.48e-04 6.66e-16  6.30e-05     1s
  12  -5.05787194e+03 -5.06217865e+03  3.32e-04 6.66e-16  4.02e-05     1s
  13  -5.05890795e+03 -5.06150191e+03  2.13e-04 5.76e-16  2.42e-05     1s
  14  -5.05897495e+03 -5.06137616e+03  2.05e-04 6.66e-16  2.25e-05     1s
  15  -5.05950167e+03 -5.06096230e+03  1.44e-04 6.66e-16  1.37e-05     1s
  16  -5.06038464e+03 -5.06082395e+03  4.14e-05 6.68e-16  4.13e-06     1s
  17  -5.06075399e+03 -5.06078019e+03  1.51e-07 7.22e-16  2.37e-07     1s
  18  -5.06075716e+03 -5.06075719e+03  2.64e-11 6.66e-16  3.09e-10     1s

Barrier solved model in 18 iterations and 0.64 seconds
Optimal objective -5.06075716e+03


Root relaxation: objective -5.060757e+03, 43440 iterations, 0.79 seconds

    Nodes    |    Current Node    |     Objective Bounds      |     Work
 Expl Unexpl |  Obj  Depth IntInf | Incumbent    BestBd   Gap | It/Node Time

     0     0 -5060.7572    0  297    0.00000 -5060.7572      -     -    1s
H    0     0                    -5016.233000 -5060.7572  0.89%     -    1s

Explored 0 nodes (59617 simplex iterations) in 1.36 seconds
Thread count was 20 (of 20 available processors)

Solution count 2: -5016.23 0 
Pool objective bound -5060.76

Optimal solution found (tolerance 5.00e-02)
Best objective -5.016233000000e+03, best bound -5.060757161313e+03, gap 0.8876%
Changed value of parameter MIPGap to 0.05
   Prev: 0.0001  Min: 0.0  Max: 1e+100  Default: 0.0001
Changed value of parameter TimeLimit to 1800.0
   Prev: 1e+100  Min: 0.0  Max: 1e+100  Default: 1e+100
Changed value of parameter Method to 2
   Prev: -1  Min: -1  Max: 4  Default: -1
Changed value of parameter MIPFocus to 1
   Prev: 0  Min: 0  Max: 3  Default: 0
Optimize a model with 10554 rows, 55297 columns and 110594 nonzeros
Variable types: 0 continuous, 55297 integer (55297 binary)
Coefficient statistics:
  Matrix range     [1e+00, 2e+01]
  Objective range  [1e+00, 3e+00]
  Bounds range     [1e+00, 1e+00]
  RHS range        [8e+01, 8e+01]
Found heuristic solution: objective 0
Presolve time: 0.15s
Presolved: 10554 rows, 55297 columns, 110594 nonzeros
Variable types: 0 continuous, 55297 integer (55297 binary)
Presolved: 10554 rows, 55297 columns, 110594 nonzeros

Root barrier log...

Ordering time: 0.01s

Barrier statistics:
 AA' NZ     : 5.530e+04
 Factor NZ  : 2.351e+05 (roughly 30 MBytes of memory)
 Factor Ops : 3.864e+07 (less than 1 second per iteration)
 Threads    : 1

                  Objective                Residual
Iter       Primal          Dual         Primal    Dual     Compl     Time
   0  -3.58708690e+04 -8.71263701e+04  1.10e+02 0.00e+00  6.84e+00     0s
   1  -1.32714209e+04 -6.55004853e+04  2.57e+01 1.55e-15  1.69e+00     0s
   2  -6.79304334e+03 -3.17270427e+04  4.10e+00 1.67e-15  3.47e-01     0s
   3  -5.50616821e+03 -1.01186219e+04  5.59e-02 1.55e-15  4.21e-02     0s
   4  -5.61853989e+03 -6.69453293e+03  3.79e-03 1.14e-15  9.71e-03     0s
   5  -5.64642736e+03 -6.00035538e+03  2.21e-03 8.88e-16  3.20e-03     0s
   6  -5.66230261e+03 -5.85740387e+03  1.47e-03 1.33e-15  1.76e-03     0s
   7  -5.67104440e+03 -5.76591328e+03  1.09e-03 8.88e-16  8.60e-04     0s
   8  -5.67680886e+03 -5.73706770e+03  8.55e-04 9.11e-16  5.47e-04     0s
   9  -5.68183997e+03 -5.71561587e+03  6.45e-04 8.88e-16  3.07e-04     0s
  10  -5.68710415e+03 -5.70317159e+03  4.59e-04 7.30e-16  1.47e-04     0s
  11  -5.68971212e+03 -5.69978979e+03  3.45e-04 8.88e-16  9.25e-05     0s
  12  -5.69308316e+03 -5.69906527e+03  1.96e-04 9.04e-16  5.49e-05     0s
  13  -5.69373971e+03 -5.69846585e+03  1.66e-04 9.58e-16  4.34e-05     1s
  14  -5.69553944e+03 -5.69809924e+03  8.75e-05 8.88e-16  2.35e-05     1s
  15  -5.69587882e+03 -5.69777518e+03  7.25e-05 8.88e-16  1.75e-05     1s
  16  -5.69693476e+03 -5.69770422e+03  2.65e-05 8.88e-16  7.07e-06     1s
  17  -5.69715032e+03 -5.69759844e+03  1.74e-05 8.88e-16  4.13e-06     1s
  18  -5.69723645e+03 -5.69759123e+03  1.38e-05 8.88e-16  3.27e-06     1s
  19  -5.69729904e+03 -5.69758898e+03  1.11e-05 8.88e-16  2.67e-06     1s
  20  -5.69740739e+03 -5.69757773e+03  6.62e-06 8.88e-16  1.57e-06     1s
  21  -5.69756524e+03 -5.69757532e+03  3.48e-08 8.88e-16  9.09e-08     1s
  22  -5.69756684e+03 -5.69756693e+03  1.63e-13 8.88e-16  7.62e-10     1s
  23  -5.69756685e+03 -5.69756685e+03  4.01e-13 8.88e-16  7.67e-13     1s

Barrier solved model in 23 iterations and 0.71 seconds
Optimal objective -5.69756685e+03


Root relaxation: objective -5.697567e+03, 42449 iterations, 0.94 seconds

    Nodes    |    Current Node    |     Objective Bounds      |     Work
 Expl Unexpl |  Obj  Depth IntInf | Incumbent    BestBd   Gap | It/Node Time

     0     0 -5697.5668    0  358    0.00000 -5697.5668      -     -    1s
H    0     0                    -5634.970000 -5697.5668  1.11%     -    1s

Explored 0 nodes (66652 simplex iterations) in 1.55 seconds
Thread count was 20 (of 20 available processors)

Solution count 2: -5634.97 0 
Pool objective bound -5697.57

Optimal solution found (tolerance 5.00e-02)
Best objective -5.634970000000e+03, best bound -5.697566849290e+03, gap 1.1109%
Changed value of parameter MIPGap to 0.05
   Prev: 0.0001  Min: 0.0  Max: 1e+100  Default: 0.0001
Changed value of parameter TimeLimit to 1800.0
   Prev: 1e+100  Min: 0.0  Max: 1e+100  Default: 1e+100
Changed value of parameter Method to 2
   Prev: -1  Min: -1  Max: 4  Default: -1
Changed value of parameter MIPFocus to 1
   Prev: 0  Min: 0  Max: 3  Default: 0
Optimize a model with 10554 rows, 55297 columns and 110594 nonzeros
Variable types: 0 continuous, 55297 integer (55297 binary)
Coefficient statistics:
  Matrix range     [1e+00, 2e+01]
  Objective range  [1e+00, 5e+00]
  Bounds range     [1e+00, 1e+00]
  RHS range        [8e+01, 8e+01]
Found heuristic solution: objective 0
Presolve time: 0.16s
Presolved: 10554 rows, 55297 columns, 110594 nonzeros
Variable types: 0 continuous, 55297 integer (55297 binary)
Presolved: 10554 rows, 55297 columns, 110594 nonzeros

Root barrier log...

Ordering time: 0.01s

Barrier statistics:
 AA' NZ     : 5.530e+04
 Factor NZ  : 2.351e+05 (roughly 30 MBytes of memory)
 Factor Ops : 3.864e+07 (less than 1 second per iteration)
 Threads    : 1

                  Objective                Residual
Iter       Primal          Dual         Primal    Dual     Compl     Time
   0  -4.57006500e+04 -1.51061619e+05  1.10e+02 4.44e-16  1.21e+01     0s
   1  -1.60393893e+04 -1.12702646e+05  2.42e+01 3.11e-15  2.88e+00     0s
   2  -8.03928108e+03 -5.19909194e+04  3.32e+00 2.66e-15  5.65e-01     0s
   3  -6.72477686e+03 -1.33122428e+04  6.66e-16 2.22e-15  5.93e-02     0s
   4  -6.82808014e+03 -8.60635789e+03  9.99e-16 1.78e-15  1.60e-02     0s
   5  -6.85689236e+03 -7.75881824e+03  1.67e-15 1.78e-15  8.12e-03     0s
   6  -6.89979330e+03 -7.39206627e+03  3.11e-15 1.26e-15  4.43e-03     0s
   7  -6.92658045e+03 -7.12425603e+03  1.15e-14 1.78e-15  1.78e-03     0s
   8  -6.93922464e+03 -7.08098199e+03  7.33e-15 8.88e-16  1.28e-03     0s
   9  -6.95428360e+03 -7.05269108e+03  1.10e-14 1.78e-15  8.86e-04     0s
  10  -6.96229663e+03 -7.03469847e+03  9.66e-15 9.70e-16  6.52e-04     0s
  11  -6.97119458e+03 -7.02379099e+03  1.10e-14 9.92e-16  4.73e-04     1s
  12  -6.97610845e+03 -7.01851736e+03  2.02e-14 1.78e-15  3.82e-04     1s
  13  -6.97862950e+03 -7.01601751e+03  1.86e-14 9.82e-16  3.37e-04     1s
  14  -6.98063926e+03 -7.01439747e+03  1.74e-14 9.55e-16  3.04e-04     1s
  15  -6.98457630e+03 -7.01154642e+03  1.67e-14 1.78e-15  2.43e-04     1s
  16  -6.98881899e+03 -7.00921387e+03  4.79e-14 8.88e-16  1.84e-04     1s
  17  -6.99178364e+03 -7.00832074e+03  4.83e-14 9.09e-16  1.49e-04     1s
  18  -6.99263716e+03 -7.00788912e+03  4.22e-14 1.78e-15  1.37e-04     1s
  19  -6.99613367e+03 -7.00733825e+03  3.28e-14 1.78e-15  1.01e-04     1s
  20  -6.99680702e+03 -7.00684755e+03  3.83e-14 8.88e-16  9.04e-05     1s
  21  -6.99778984e+03 -7.00653104e+03  3.64e-14 1.78e-15  7.87e-05     1s
  22  -6.99971661e+03 -7.00589488e+03  9.57e-14 9.08e-16  5.56e-05     1s
  23  -7.00075249e+03 -7.00575729e+03  3.61e-13 9.50e-16  4.51e-05     1s
  24  -7.00126998e+03 -7.00568777e+03  3.69e-13 1.78e-15  3.98e-05     1s
  25  -7.00240910e+03 -7.00566646e+03  5.99e-13 1.78e-15  2.93e-05     1s
  26  -7.00252499e+03 -7.00562202e+03  5.47e-13 9.18e-16  2.79e-05     1s
  27  -7.00437316e+03 -7.00561043e+03  8.13e-13 9.60e-16  1.11e-05     1s
  28  -7.00487167e+03 -7.00552872e+03  6.44e-13 1.78e-15  5.91e-06     1s
  29  -7.00519398e+03 -7.00550963e+03  2.98e-13 1.78e-15  2.84e-06     1s
  30  -7.00544621e+03 -7.00549921e+03  3.04e-13 1.78e-15  4.77e-07     1s
  31  -7.00548608e+03 -7.00548642e+03  2.02e-14 1.78e-15  3.01e-09     1s
  32  -7.00548615e+03 -7.00548615e+03  1.37e-13 1.78e-15  2.26e-13     1s

Barrier solved model in 32 iterations and 0.94 seconds
Optimal objective -7.00548615e+03


Root relaxation: objective -7.005486e+03, 43170 iterations, 0.98 seconds

    Nodes    |    Current Node    |     Objective Bounds      |     Work
 Expl Unexpl |  Obj  Depth IntInf | Incumbent    BestBd   Gap | It/Node Time

     0     0 -7005.4862    0  580    0.00000 -7005.4862      -     -    1s
H    0     0                    -6878.844000 -7005.4862  1.84%     -    1s

Explored 0 nodes (52839 simplex iterations) in 1.58 seconds
Thread count was 20 (of 20 available processors)

Solution count 2: -6878.84 0 
Pool objective bound -7005.49

Optimal solution found (tolerance 5.00e-02)
Best objective -6.878844000000e+03, best bound -7.005486150145e+03, gap 1.8410%
Changed value of parameter MIPGap to 0.05
   Prev: 0.0001  Min: 0.0  Max: 1e+100  Default: 0.0001
Changed value of parameter TimeLimit to 1800.0
   Prev: 1e+100  Min: 0.0  Max: 1e+100  Default: 1e+100
Changed value of parameter Method to 2
   Prev: -1  Min: -1  Max: 4  Default: -1
Changed value of parameter MIPFocus to 1
   Prev: 0  Min: 0  Max: 3  Default: 0
Optimize a model with 10554 rows, 55297 columns and 110594 nonzeros
Variable types: 0 continuous, 55297 integer (55297 binary)
Coefficient statistics:
  Matrix range     [1e+00, 2e+01]
  Objective range  [1e+00, 6e+00]
  Bounds range     [1e+00, 1e+00]
  RHS range        [8e+01, 8e+01]
Found heuristic solution: objective 0
Presolve time: 0.16s
Presolved: 10554 rows, 55297 columns, 110594 nonzeros
Variable types: 0 continuous, 55297 integer (55297 binary)
Presolved: 10554 rows, 55297 columns, 110594 nonzeros

Root barrier log...

Ordering time: 0.01s

Barrier statistics:
 AA' NZ     : 5.530e+04
 Factor NZ  : 2.351e+05 (roughly 30 MBytes of memory)
 Factor Ops : 3.864e+07 (less than 1 second per iteration)
 Threads    : 1

                  Objective                Residual
Iter       Primal          Dual         Primal    Dual     Compl     Time
   0  -5.06152071e+04 -1.83029243e+05  1.10e+02 6.66e-16  1.48e+01     0s
   1  -1.76284934e+04 -1.36331668e+05  2.42e+01 3.11e-15  3.50e+00     0s
   2  -8.72111932e+03 -6.24110566e+04  3.13e+00 3.55e-15  6.77e-01     0s
   3  -7.36014362e+03 -1.64674008e+04  6.66e-16 2.66e-15  8.20e-02     0s
   4  -7.47565174e+03 -1.01839883e+04  6.66e-16 1.99e-15  2.44e-02     0s
   5  -7.50410209e+03 -8.83233378e+03  6.66e-16 1.78e-15  1.20e-02     0s
   6  -7.56042094e+03 -8.11882244e+03  6.22e-15 1.36e-15  5.03e-03     0s
   7  -7.59442555e+03 -7.85564611e+03  5.00e-15 1.35e-15  2.35e-03     0s
   8  -7.60711314e+03 -7.76969166e+03  3.11e-15 1.78e-15  1.46e-03     0s
   9  -7.61678688e+03 -7.71634729e+03  2.89e-15 1.78e-15  8.96e-04     0s
  10  -7.62904700e+03 -7.69453722e+03  5.55e-15 1.78e-15  5.90e-04     0s
  11  -7.63692636e+03 -7.68462834e+03  8.44e-15 1.78e-15  4.29e-04     1s
  12  -7.64005589e+03 -7.67726276e+03  7.33e-15 1.78e-15  3.35e-04     1s
  13  -7.64217178e+03 -7.67268333e+03  2.26e-14 1.78e-15  2.75e-04     1s
  14  -7.64548012e+03 -7.66868119e+03  1.32e-14 1.78e-15  2.09e-04     1s
  15  -7.64981713e+03 -7.66576950e+03  1.73e-14 1.78e-15  1.44e-04     1s
  16  -7.65246167e+03 -7.66392978e+03  4.50e-14 1.78e-15  1.03e-04     1s
  17  -7.65427217e+03 -7.66326127e+03  1.64e-13 1.78e-15  8.09e-05     1s
  18  -7.65520715e+03 -7.66270308e+03  1.34e-13 1.78e-15  6.75e-05     1s
  19  -7.65550753e+03 -7.66246695e+03  1.23e-13 1.78e-15  6.26e-05     1s
  20  -7.65662132e+03 -7.66212989e+03  1.14e-13 1.78e-15  4.96e-05     1s
  21  -7.65741446e+03 -7.66180930e+03  1.03e-13 1.78e-15  3.96e-05     1s
  22  -7.65830162e+03 -7.66138959e+03  6.45e-14 1.78e-15  2.78e-05     1s
  23  -7.65887369e+03 -7.66126934e+03  1.06e-13 8.88e-16  2.16e-05     1s
  24  -7.65967156e+03 -7.66119062e+03  1.60e-13 1.78e-15  1.37e-05     1s
  25  -7.65979962e+03 -7.66112131e+03  1.50e-13 1.02e-15  1.19e-05     1s
  26  -7.66060655e+03 -7.66107989e+03  3.55e-13 1.78e-15  4.26e-06     1s
  27  -7.66077472e+03 -7.66103972e+03  3.18e-13 8.88e-16  2.39e-06     1s
  28  -7.66094588e+03 -7.66101674e+03  1.54e-12 1.78e-15  6.38e-07     1s
  29  -7.66100241e+03 -7.66100414e+03  1.41e-13 1.78e-15  1.55e-08     1s
  30  -7.66100377e+03 -7.66100377e+03  2.91e-13 1.78e-15  6.42e-12     1s

Barrier solved model in 30 iterations and 0.91 seconds
Optimal objective -7.66100377e+03


Root relaxation: objective -7.661004e+03, 42891 iterations, 0.93 seconds

    Nodes    |    Current Node    |     Objective Bounds      |     Work
 Expl Unexpl |  Obj  Depth IntInf | Incumbent    BestBd   Gap | It/Node Time

     0     0 -7661.0038    0  654    0.00000 -7661.0038      -     -    1s
H    0     0                    -7492.930000 -7661.0038  2.24%     -    1s

Explored 0 nodes (49878 simplex iterations) in 1.51 seconds
Thread count was 20 (of 20 available processors)

Solution count 2: -7492.93 0 
Pool objective bound -7661

Optimal solution found (tolerance 5.00e-02)
Best objective -7.492930000000e+03, best bound -7.661000000000e+03, gap 2.2430%
Changed value of parameter MIPGap to 0.05
   Prev: 0.0001  Min: 0.0  Max: 1e+100  Default: 0.0001
Changed value of parameter TimeLimit to 1800.0
   Prev: 1e+100  Min: 0.0  Max: 1e+100  Default: 1e+100
Changed value of parameter Method to 2
   Prev: -1  Min: -1  Max: 4  Default: -1
Changed value of parameter MIPFocus to 1
   Prev: 0  Min: 0  Max: 3  Default: 0
Optimize a model with 10554 rows, 55297 columns and 110594 nonzeros
Variable types: 0 continuous, 55297 integer (55297 binary)
Coefficient statistics:
  Matrix range     [1e+00, 2e+01]
  Objective range  [1e+00, 1e+01]
  Bounds range     [1e+00, 1e+00]
  RHS range        [8e+01, 8e+01]
Found heuristic solution: objective 0
Presolve time: 0.15s
Presolved: 10554 rows, 55297 columns, 110594 nonzeros
Variable types: 0 continuous, 55297 integer (55297 binary)
Presolved: 10554 rows, 55297 columns, 110594 nonzeros

Root barrier log...

Ordering time: 0.01s

Barrier statistics:
 AA' NZ     : 5.530e+04
 Factor NZ  : 2.351e+05 (roughly 30 MBytes of memory)
 Factor Ops : 3.864e+07 (less than 1 second per iteration)
 Threads    : 1

                  Objective                Residual
Iter       Primal          Dual         Primal    Dual     Compl     Time
   0  -7.51874650e+04 -3.50083255e+05  1.10e+02 1.33e-15  2.86e+01     0s
   1  -2.56565822e+04 -2.59757821e+05  2.41e+01 7.11e-15  6.77e+00     0s
   2  -1.23129818e+04 -1.03805710e+05  2.80e+00 6.66e-15  1.13e+00     0s
   3  -1.06014497e+04 -3.96876963e+04  3.58e-02 3.66e-15  2.64e-01     0s
   4  -1.07565267e+04 -1.56694763e+04  8.09e-03 4.27e-15  4.44e-02     0s
   5  -1.08453458e+04 -1.16121219e+04  1.95e-03 3.55e-15  6.92e-03     0s
   6  -1.08812372e+04 -1.12349699e+04  1.32e-03 3.55e-15  3.20e-03     0s
   7  -1.09029611e+04 -1.11194091e+04  9.66e-04 3.55e-15  1.96e-03     0s
   8  -1.09163553e+04 -1.10712007e+04  7.66e-04 1.79e-15  1.40e-03     0s
   9  -1.09231851e+04 -1.10365012e+04  6.67e-04 1.78e-15  1.03e-03     0s
  10  -1.09280541e+04 -1.10223257e+04  5.98e-04 1.78e-15  8.55e-04     0s
  11  -1.09327159e+04 -1.10050779e+04  5.31e-04 1.78e-15  6.57e-04     0s
  12  -1.09388817e+04 -1.09977000e+04  4.44e-04 1.78e-15  5.34e-04     0s
  13  -1.09435541e+04 -1.09913844e+04  3.78e-04 1.78e-15  4.34e-04     1s
  14  -1.09504791e+04 -1.09847563e+04  2.88e-04 3.55e-15  3.11e-04     1s
  15  -1.09515165e+04 -1.09827224e+04  2.73e-04 2.15e-15  2.84e-04     1s
  16  -1.09540344e+04 -1.09792038e+04  2.36e-04 3.55e-15  2.29e-04     1s
  17  -1.09567330e+04 -1.09769980e+04  2.06e-04 3.55e-15  1.84e-04     1s
  18  -1.09592309e+04 -1.09753207e+04  1.72e-04 1.78e-15  1.47e-04     1s
  19  -1.09603383e+04 -1.09748312e+04  1.54e-04 3.55e-15  1.32e-04     1s
  20  -1.09620916e+04 -1.09735416e+04  1.27e-04 3.55e-15  1.04e-04     1s
  21  -1.09635378e+04 -1.09727021e+04  1.06e-04 3.55e-15  8.35e-05     1s
  22  -1.09646810e+04 -1.09716759e+04  8.83e-05 3.55e-15  6.38e-05     1s
  23  -1.09656082e+04 -1.09713313e+04  7.81e-05 3.55e-15  5.23e-05     1s
  24  -1.09672250e+04 -1.09710976e+04  5.37e-05 3.55e-15  3.54e-05     1s
  25  -1.09678810e+04 -1.09708617e+04  4.30e-05 3.55e-15  2.72e-05     1s
  26  -1.09687620e+04 -1.09707992e+04  2.86e-05 1.91e-15  1.86e-05     1s
  27  -1.09690578e+04 -1.09707434e+04  2.39e-05 3.55e-15  1.54e-05     1s
  28  -1.09696829e+04 -1.09706574e+04  1.48e-05 1.78e-15  8.91e-06     1s
  29  -1.09698943e+04 -1.09706145e+04  1.17e-05 3.55e-15  6.59e-06     1s
  30  -1.09703989e+04 -1.09705939e+04  3.25e-06 3.55e-15  1.79e-06     1s
  31  -1.09705558e+04 -1.09705837e+04  2.74e-07 1.78e-15  2.54e-07     1s
  32  -1.09705615e+04 -1.09705729e+04  1.77e-07 3.55e-15  1.04e-07     1s
  33  -1.09705719e+04 -1.09705726e+04  1.58e-09 3.55e-15  6.87e-09     1s
  34  -1.09705721e+04 -1.09705721e+04  2.09e-14 3.55e-15  6.87e-12     1s

Barrier solved model in 34 iterations and 0.93 seconds
Optimal objective -1.09705721e+04


Root relaxation: objective -1.097057e+04, 41340 iterations, 0.93 seconds

    Nodes    |    Current Node    |     Objective Bounds      |     Work
 Expl Unexpl |  Obj  Depth IntInf | Incumbent    BestBd   Gap | It/Node Time

     0     0 -10970.572    0  654    0.00000 -10970.572      -     -    1s
H    0     0                    -10743.42000 -10970.572  2.11%     -    1s

Explored 0 nodes (49656 simplex iterations) in 1.52 seconds
Thread count was 20 (of 20 available processors)

Solution count 2: -10743.4 0 
Pool objective bound -10970.6

Optimal solution found (tolerance 5.00e-02)
Best objective -1.074342000000e+04, best bound -1.097057000000e+04, gap 2.1143%
Changed value of parameter MIPGap to 0.05
   Prev: 0.0001  Min: 0.0  Max: 1e+100  Default: 0.0001
Changed value of parameter TimeLimit to 1800.0
   Prev: 1e+100  Min: 0.0  Max: 1e+100  Default: 1e+100
Changed value of parameter Method to 2
   Prev: -1  Min: -1  Max: 4  Default: -1
Changed value of parameter MIPFocus to 1
   Prev: 0  Min: 0  Max: 3  Default: 0
Optimize a model with 10554 rows, 55297 columns and 110594 nonzeros
Variable types: 0 continuous, 55297 integer (55297 binary)
Coefficient statistics:
  Matrix range     [1e+00, 2e+01]
  Objective range  [1e+00, 2e+01]
  Bounds range     [1e+00, 1e+00]
  RHS range        [8e+01, 8e+01]
Found heuristic solution: objective 0
Presolve time: 0.15s
Presolved: 10554 rows, 55297 columns, 110594 nonzeros
Variable types: 0 continuous, 55297 integer (55297 binary)
Presolved: 10554 rows, 55297 columns, 110594 nonzeros

Root barrier log...

Ordering time: 0.01s

Barrier statistics:
 AA' NZ     : 5.530e+04
 Factor NZ  : 2.351e+05 (roughly 30 MBytes of memory)
 Factor Ops : 3.864e+07 (less than 1 second per iteration)
 Threads    : 1

                  Objective                Residual
Iter       Primal          Dual         Primal    Dual     Compl     Time
   0  -1.24330921e+05 -6.85728934e+05  1.10e+02 2.66e-15  5.64e+01     0s
   1  -4.19355151e+04 -5.07724941e+05  2.41e+01 1.24e-14  1.34e+01     0s
   2  -2.10849824e+04 -2.01384935e+05  4.07e+00 1.07e-14  2.50e+00     0s
   3  -1.70858253e+04 -5.94665198e+04  6.35e-03 8.66e-15  3.82e-01     0s
   4  -1.73677291e+04 -3.18502845e+04  2.87e-03 7.11e-15  1.30e-01     0s
   5  -1.74831813e+04 -2.35225053e+04  1.97e-03 7.11e-15  5.44e-02     0s
   6  -1.76825005e+04 -2.11591427e+04  8.67e-04 7.11e-15  3.13e-02     0s
   7  -1.77705113e+04 -2.02129259e+04  6.35e-04 7.11e-15  2.20e-02     0s
   8  -1.78356301e+04 -1.96905117e+04  5.14e-04 4.38e-15  1.67e-02     0s
   9  -1.79580724e+04 -1.93555297e+04  3.32e-04 7.11e-15  1.26e-02     0s
  10  -1.80317456e+04 -1.90991183e+04  2.51e-04 3.84e-15  9.61e-03     0s
  11  -1.80599107e+04 -1.89866489e+04  2.20e-04 7.11e-15  8.35e-03     1s
  12  -1.80833415e+04 -1.87845522e+04  1.94e-04 7.11e-15  6.32e-03     1s
  13  -1.81105849e+04 -1.86596324e+04  1.68e-04 3.55e-15  4.95e-03     1s
  14  -1.81407477e+04 -1.85662388e+04  1.39e-04 3.55e-15  3.83e-03     1s
  15  -1.81530155e+04 -1.84869845e+04  1.28e-04 3.55e-15  3.01e-03     1s
  16  -1.81865724e+04 -1.84338226e+04  1.01e-04 7.11e-15  2.23e-03     1s
  17  -1.82005855e+04 -1.84052220e+04  9.00e-05 3.55e-15  1.84e-03     1s
  18  -1.82133747e+04 -1.83825571e+04  7.84e-05 7.11e-15  1.52e-03     1s
  19  -1.82267558e+04 -1.83683088e+04  6.64e-05 3.55e-15  1.28e-03     1s
  20  -1.82364361e+04 -1.83498557e+04  5.77e-05 3.55e-15  1.02e-03     1s
  21  -1.82448279e+04 -1.83387484e+04  5.14e-05 3.55e-15  8.47e-04     1s
  22  -1.82505296e+04 -1.83288417e+04  4.68e-05 3.62e-15  7.06e-04     1s
  23  -1.82549561e+04 -1.83213922e+04  4.35e-05 3.55e-15  5.99e-04     1s
  24  -1.82625668e+04 -1.83178443e+04  3.67e-05 7.11e-15  4.98e-04     1s
  25  -1.82655064e+04 -1.83151931e+04  3.41e-05 7.11e-15  4.48e-04     1s
  26  -1.82710574e+04 -1.83123366e+04  2.93e-05 3.55e-15  3.72e-04     1s
  27  -1.82782383e+04 -1.83104199e+04  2.32e-05 7.11e-15  2.90e-04     1s
  28  -1.82847676e+04 -1.83078495e+04  1.82e-05 7.11e-15  2.08e-04     1s
  29  -1.82887938e+04 -1.83070830e+04  1.48e-05 7.11e-15  1.65e-04     1s
  30  -1.82901482e+04 -1.83068099e+04  1.35e-05 7.11e-15  1.50e-04     1s
  31  -1.82928180e+04 -1.83065148e+04  1.10e-05 4.06e-15  1.24e-04     1s
  32  -1.82940197e+04 -1.83062490e+04  9.86e-06 7.11e-15  1.10e-04     1s
  33  -1.82971791e+04 -1.83057324e+04  7.10e-06 3.55e-15  7.72e-05     1s
  34  -1.83001390e+04 -1.83053518e+04  4.67e-06 7.11e-15  4.70e-05     1s
  35  -1.83005103e+04 -1.83052945e+04  4.29e-06 7.11e-15  4.32e-05     1s
  36  -1.83018503e+04 -1.83052471e+04  2.95e-06 3.55e-15  3.07e-05     1s
  37  -1.83024746e+04 -1.83052284e+04  2.36e-06 7.11e-15  2.49e-05     1s
  38  -1.83027832e+04 -1.83051485e+04  2.04e-06 7.11e-15  2.13e-05     1s
  39  -1.83038524e+04 -1.83050955e+04  1.09e-06 7.11e-15  1.12e-05     1s
  40  -1.83049095e+04 -1.83049819e+04  1.50e-08 7.11e-15  6.52e-07     1s
  41  -1.83049368e+04 -1.83049452e+04  2.50e-09 7.11e-15  7.52e-08     1s
  42  -1.83049441e+04 -1.83049441e+04  1.18e-13 7.11e-15  7.56e-11     1s

Barrier solved model in 42 iterations and 1.13 seconds
Optimal objective -1.83049441e+04


Root relaxation: objective -1.830494e+04, 33285 iterations, 1.07 seconds

    Nodes    |    Current Node    |     Objective Bounds      |     Work
 Expl Unexpl |  Obj  Depth IntInf | Incumbent    BestBd   Gap | It/Node Time

     0     0 -18304.944    0  504    0.00000 -18304.944      -     -    1s
H    0     0                    -18097.46000 -18304.944  1.15%     -    1s

Explored 0 nodes (48347 simplex iterations) in 1.73 seconds
Thread count was 20 (of 20 available processors)

Solution count 2: -18097.5 0 
Pool objective bound -18304.9

Optimal solution found (tolerance 5.00e-02)
Best objective -1.809746000000e+04, best bound -1.830494000000e+04, gap 1.1465%
Changed value of parameter MIPGap to 0.05
   Prev: 0.0001  Min: 0.0  Max: 1e+100  Default: 0.0001
Changed value of parameter TimeLimit to 1800.0
   Prev: 1e+100  Min: 0.0  Max: 1e+100  Default: 1e+100
Changed value of parameter Method to 2
   Prev: -1  Min: -1  Max: 4  Default: -1
Changed value of parameter MIPFocus to 1
   Prev: 0  Min: 0  Max: 3  Default: 0
Optimize a model with 10554 rows, 55297 columns and 110594 nonzeros
Variable types: 0 continuous, 55297 integer (55297 binary)
Coefficient statistics:
  Matrix range     [1e+00, 2e+01]
  Objective range  [1e+00, 4e+01]
  Bounds range     [1e+00, 1e+00]
  RHS range        [8e+01, 8e+01]
Found heuristic solution: objective 0
Presolve time: 0.15s
Presolved: 10554 rows, 55297 columns, 110594 nonzeros
Variable types: 0 continuous, 55297 integer (55297 binary)
Presolved: 10554 rows, 55297 columns, 110594 nonzeros

Root barrier log...

Ordering time: 0.01s

Barrier statistics:
 AA' NZ     : 5.530e+04
 Factor NZ  : 2.351e+05 (roughly 30 MBytes of memory)
 Factor Ops : 3.864e+07 (less than 1 second per iteration)
 Threads    : 1

                  Objective                Residual
Iter       Primal          Dual         Primal    Dual     Compl     Time
   0  -2.22617226e+05 -1.35702029e+06  1.10e+02 5.33e-15  1.12e+02     0s
   1  -7.45683754e+04 -1.00368302e+06  2.41e+01 2.49e-14  2.66e+01     0s
   2  -3.73212914e+04 -3.96435522e+05  4.16e+00 2.49e-14  5.01e+00     0s
   3  -3.02082548e+04 -1.19931454e+05  1.34e-02 1.78e-14  8.10e-01     0s
   4  -3.07501681e+04 -5.67043731e+04  7.04e-03 1.42e-14  2.34e-01     0s
   5  -3.10672618e+04 -4.55815252e+04  5.05e-03 1.42e-14  1.31e-01     0s
   6  -3.14039216e+04 -4.12322370e+04  3.68e-03 7.11e-15  8.86e-02     0s
   7  -3.18227745e+04 -3.95317661e+04  2.50e-03 8.89e-15  6.95e-02     0s
   8  -3.19476106e+04 -3.79189278e+04  2.24e-03 1.42e-14  5.38e-02     0s
   9  -3.23052526e+04 -3.71780407e+04  1.57e-03 9.14e-15  4.39e-02     0s
  10  -3.25673423e+04 -3.59513447e+04  1.13e-03 7.82e-15  3.05e-02     0s
  11  -3.27684154e+04 -3.51749731e+04  8.64e-04 7.11e-15  2.17e-02     0s
  12  -3.28632051e+04 -3.48420312e+04  7.57e-04 8.22e-15  1.78e-02     0s
  13  -3.29234786e+04 -3.45151504e+04  6.86e-04 7.11e-15  1.44e-02     1s
  14  -3.29856583e+04 -3.43198799e+04  6.16e-04 7.93e-15  1.20e-02     1s
  15  -3.30632440e+04 -3.40813992e+04  5.33e-04 7.54e-15  9.18e-03     1s
  16  -3.31347974e+04 -3.38785862e+04  4.55e-04 7.11e-15  6.71e-03     1s
  17  -3.31847833e+04 -3.37811788e+04  4.08e-04 7.11e-15  5.38e-03     1s
  18  -3.32160187e+04 -3.37447722e+04  3.72e-04 7.11e-15  4.77e-03     1s
  19  -3.32406059e+04 -3.37021742e+04  3.43e-04 7.11e-15  4.17e-03     1s
  20  -3.32778650e+04 -3.36535534e+04  3.01e-04 7.11e-15  3.39e-03     1s
  21  -3.32958651e+04 -3.36411644e+04  2.81e-04 1.07e-14  3.12e-03     1s
  22  -3.33365876e+04 -3.36113056e+04  2.40e-04 7.11e-15  2.48e-03     1s
  23  -3.33601625e+04 -3.35874505e+04  2.13e-04 7.11e-15  2.05e-03     1s
  24  -3.33919115e+04 -3.35785957e+04  1.76e-04 7.11e-15  1.69e-03     1s
  25  -3.34071468e+04 -3.35725938e+04  1.59e-04 1.42e-14  1.49e-03     1s
  26  -3.34099232e+04 -3.35698593e+04  1.56e-04 7.11e-15  1.44e-03     1s
  27  -3.34208651e+04 -3.35610962e+04  1.44e-04 7.11e-15  1.27e-03     1s
  28  -3.34514590e+04 -3.35586984e+04  1.16e-04 7.11e-15  9.69e-04     1s
  29  -3.34647463e+04 -3.35570428e+04  9.98e-05 8.19e-15  8.34e-04     1s
  30  -3.34735602e+04 -3.35550597e+04  8.91e-05 7.11e-15  7.36e-04     1s
  31  -3.34754647e+04 -3.35543184e+04  8.69e-05 7.11e-15  7.13e-04     1s
  32  -3.34808213e+04 -3.35532260e+04  8.06e-05 7.11e-15  6.54e-04     1s
  33  -3.34894850e+04 -3.35519384e+04  7.02e-05 7.33e-15  5.64e-04     1s
  34  -3.35026892e+04 -3.35515466e+04  5.72e-05 7.11e-15  4.42e-04     1s
  35  -3.35109875e+04 -3.35513267e+04  4.67e-05 7.11e-15  3.65e-04     1s
  36  -3.35149404e+04 -3.35512311e+04  4.17e-05 7.11e-15  3.28e-04     1s
  37  -3.35233298e+04 -3.35510021e+04  3.11e-05 1.42e-14  2.50e-04     1s
  38  -3.35279666e+04 -3.35506385e+04  2.54e-05 7.11e-15  2.05e-04     1s
  39  -3.35325725e+04 -3.35507223e+04  2.04e-05 7.11e-15  1.64e-04     1s
  40  -3.35377888e+04 -3.35501240e+04  1.39e-05 7.11e-15  1.11e-04     1s
  41  -3.35414035e+04 -3.35497711e+04  9.34e-06 7.11e-15  7.56e-05     1s
  42  -3.35485689e+04 -3.35494353e+04  7.96e-07 1.42e-14  7.83e-06     1s
  43  -3.35492849e+04 -3.35493061e+04  1.10e-10 1.42e-14  1.91e-07     1s
  44  -3.35492901e+04 -3.35492901e+04  4.37e-14 1.42e-14  9.94e-12     1s

Barrier solved model in 44 iterations and 1.14 seconds
Optimal objective -3.35492901e+04


Root relaxation: objective -3.354929e+04, 31511 iterations, 1.10 seconds

    Nodes    |    Current Node    |     Objective Bounds      |     Work
 Expl Unexpl |  Obj  Depth IntInf | Incumbent    BestBd   Gap | It/Node Time

     0     0 -33549.290    0  611    0.00000 -33549.290      -     -    1s
H    0     0                    -32756.32000 -33549.290  2.42%     -    1s

Explored 0 nodes (42450 simplex iterations) in 1.67 seconds
Thread count was 20 (of 20 available processors)

Solution count 2: -32756.3 0 
Pool objective bound -33549.3

Optimal solution found (tolerance 5.00e-02)
Best objective -3.275632000000e+04, best bound -3.354928000000e+04, gap 2.4208%
Changed value of parameter MIPGap to 0.05
   Prev: 0.0001  Min: 0.0  Max: 1e+100  Default: 0.0001
Changed value of parameter TimeLimit to 1800.0
   Prev: 1e+100  Min: 0.0  Max: 1e+100  Default: 1e+100
Changed value of parameter Method to 2
   Prev: -1  Min: -1  Max: 4  Default: -1
Changed value of parameter MIPFocus to 1
   Prev: 0  Min: 0  Max: 3  Default: 0
Optimize a model with 10554 rows, 55297 columns and 110594 nonzeros
Variable types: 0 continuous, 55297 integer (55297 binary)
Coefficient statistics:
  Matrix range     [1e+00, 2e+01]
  Objective range  [1e+00, 5e+01]
  Bounds range     [1e+00, 1e+00]
  RHS range        [8e+01, 8e+01]
Found heuristic solution: objective 0
Presolve time: 0.15s
Presolved: 10554 rows, 55297 columns, 110594 nonzeros
Variable types: 0 continuous, 55297 integer (55297 binary)
Presolved: 10554 rows, 55297 columns, 110594 nonzeros

Root barrier log...

Ordering time: 0.01s

Barrier statistics:
 AA' NZ     : 5.530e+04
 Factor NZ  : 2.351e+05 (roughly 30 MBytes of memory)
 Factor Ops : 3.864e+07 (less than 1 second per iteration)
 Threads    : 1

                  Objective                Residual
Iter       Primal          Dual         Primal    Dual     Compl     Time
   0  -2.71760316e+05 -1.69266597e+06  1.10e+02 5.33e-15  1.40e+02     0s
   1  -9.09035816e+04 -1.25165536e+06  2.42e+01 2.84e-14  3.32e+01     0s
   2  -4.54335460e+04 -4.94028511e+05  4.17e+00 2.84e-14  6.26e+00     0s
   3  -3.67729265e+04 -1.46421504e+05  1.32e-02 2.22e-14  9.90e-01     0s
   4  -3.74529471e+04 -6.90057885e+04  7.06e-03 1.73e-14  2.85e-01     0s
   5  -3.78459839e+04 -5.65320385e+04  5.24e-03 1.42e-14  1.69e-01     0s
   6  -3.83201519e+04 -5.12948828e+04  3.80e-03 1.42e-14  1.17e-01     0s
   7  -3.89361308e+04 -4.85624566e+04  2.46e-03 1.42e-14  8.68e-02     0s
   8  -3.90879490e+04 -4.69742003e+04  2.24e-03 1.42e-14  7.11e-02     0s
   9  -3.96160144e+04 -4.59596739e+04  1.51e-03 1.42e-14  5.72e-02     0s
  10  -3.98099280e+04 -4.46178580e+04  1.29e-03 1.42e-14  4.33e-02     0s
  11  -3.99747509e+04 -4.36152967e+04  1.14e-03 8.02e-15  3.28e-02     0s
  12  -4.01121763e+04 -4.31027395e+04  1.01e-03 1.42e-14  2.70e-02     0s
  13  -4.02617899e+04 -4.26714637e+04  8.61e-04 1.42e-14  2.17e-02     1s
  14  -4.03453751e+04 -4.23173365e+04  7.77e-04 1.42e-14  1.78e-02     1s
  15  -4.04692691e+04 -4.18672344e+04  6.67e-04 1.42e-14  1.26e-02     1s
  16  -4.06648489e+04 -4.16727973e+04  4.99e-04 7.11e-15  9.09e-03     1s
  17  -4.07225748e+04 -4.15454550e+04  4.44e-04 1.42e-14  7.42e-03     1s
  18  -4.07882439e+04 -4.14849468e+04  3.81e-04 1.42e-14  6.29e-03     1s
  19  -4.08517757e+04 -4.13928734e+04  3.21e-04 1.42e-14  4.88e-03     1s
  20  -4.08862225e+04 -4.13612934e+04  2.88e-04 1.42e-14  4.29e-03     1s
  21  -4.09405036e+04 -4.13260318e+04  2.41e-04 7.11e-15  3.48e-03     1s
  22  -4.09934276e+04 -4.12797600e+04  1.96e-04 7.11e-15  2.59e-03     1s
  23  -4.10056512e+04 -4.12647297e+04  1.85e-04 1.42e-14  2.34e-03     1s
  24  -4.10235156e+04 -4.12496252e+04  1.68e-04 1.42e-14  2.04e-03     1s
  25  -4.10474403e+04 -4.12398151e+04  1.44e-04 7.95e-15  1.74e-03     1s
  26  -4.10631597e+04 -4.12332901e+04  1.29e-04 1.42e-14  1.54e-03     1s
  27  -4.10885874e+04 -4.12260379e+04  1.06e-04 1.42e-14  1.24e-03     1s
  28  -4.10951047e+04 -4.12219595e+04  9.94e-05 1.42e-14  1.15e-03     1s
  29  -4.11106442e+04 -4.12145171e+04  8.56e-05 8.49e-15  9.38e-04     1s
  30  -4.11119502e+04 -4.12124207e+04  8.42e-05 1.05e-14  9.08e-04     1s
  31  -4.11248566e+04 -4.12096986e+04  7.24e-05 1.42e-14  7.67e-04     1s
  32  -4.11384923e+04 -4.12075025e+04  5.85e-05 1.42e-14  6.23e-04     1s
  33  -4.11470955e+04 -4.12029262e+04  5.05e-05 1.42e-14  5.05e-04     1s
  34  -4.11606754e+04 -4.12016628e+04  3.67e-05 1.42e-14  3.70e-04     1s
  35  -4.11699158e+04 -4.12006652e+04  2.78e-05 1.42e-14  2.78e-04     1s
  36  -4.11764238e+04 -4.12001325e+04  2.10e-05 7.11e-15  2.14e-04     1s
  37  -4.11832902e+04 -4.11986239e+04  1.39e-05 1.42e-14  1.39e-04     1s
  38  -4.11855463e+04 -4.11979957e+04  1.15e-05 1.42e-14  1.13e-04     1s
  39  -4.11896712e+04 -4.11975445e+04  7.45e-06 1.42e-14  7.12e-05     1s
  40  -4.11919384e+04 -4.11974163e+04  5.13e-06 1.42e-14  4.95e-05     1s
  41  -4.11945175e+04 -4.11974345e+04  2.60e-06 1.42e-14  2.64e-05     1s
  42  -4.11948058e+04 -4.11974466e+04  2.33e-06 1.42e-14  2.39e-05     1s
  43  -4.11959596e+04 -4.11973984e+04  1.23e-06 7.11e-15  1.30e-05     1s
  44  -4.11967870e+04 -4.11973371e+04  4.30e-07 7.11e-15  4.97e-06     1s
  45  -4.11972754e+04 -4.11972777e+04  1.17e-09 1.42e-14  2.02e-08     1s
  46  -4.11972775e+04 -4.11972775e+04  7.24e-12 1.42e-14  2.03e-11     1s

Barrier solved model in 46 iterations and 1.17 seconds
Optimal objective -4.11972775e+04


Root relaxation: objective -4.119728e+04, 31242 iterations, 1.14 seconds

    Nodes    |    Current Node    |     Objective Bounds      |     Work
 Expl Unexpl |  Obj  Depth IntInf | Incumbent    BestBd   Gap | It/Node Time

     0     0 -41197.277    0  586    0.00000 -41197.277      -     -    1s
H    0     0                    -40272.15000 -41197.277  2.30%     -    1s

Explored 0 nodes (43500 simplex iterations) in 1.73 seconds
Thread count was 20 (of 20 available processors)

Solution count 2: -40272.1 0 
Pool objective bound -41197.2

Optimal solution found (tolerance 5.00e-02)
Best objective -4.027215000000e+04, best bound -4.119725000000e+04, gap 2.2971%
Changed value of parameter MIPGap to 0.05
   Prev: 0.0001  Min: 0.0  Max: 1e+100  Default: 0.0001
Changed value of parameter TimeLimit to 1800.0
   Prev: 1e+100  Min: 0.0  Max: 1e+100  Default: 1e+100
Changed value of parameter Method to 2
   Prev: -1  Min: -1  Max: 4  Default: -1
Changed value of parameter MIPFocus to 1
   Prev: 0  Min: 0  Max: 3  Default: 0
Optimize a model with 10554 rows, 55297 columns and 110594 nonzeros
Variable types: 0 continuous, 55297 integer (55297 binary)
Coefficient statistics:
  Matrix range     [1e+00, 2e+01]
  Objective range  [1e+00, 1e+02]
  Bounds range     [1e+00, 1e+00]
  RHS range        [8e+01, 8e+01]
Found heuristic solution: objective 0
Presolve time: 0.15s
Presolved: 10554 rows, 55297 columns, 110594 nonzeros
Variable types: 0 continuous, 55297 integer (55297 binary)
Presolved: 10554 rows, 55297 columns, 110594 nonzeros

Root barrier log...

Ordering time: 0.01s

Barrier statistics:
 AA' NZ     : 5.530e+04
 Factor NZ  : 2.351e+05 (roughly 30 MBytes of memory)
 Factor Ops : 3.864e+07 (less than 1 second per iteration)
 Threads    : 1

                  Objective                Residual
Iter       Primal          Dual         Primal    Dual     Compl     Time
   0  -5.17475644e+05 -3.37089436e+06  1.10e+02 1.07e-14  2.79e+02     0s
   1  -1.72582085e+05 -2.49152330e+06  2.42e+01 5.68e-14  6.62e+01     0s
   2  -8.59853647e+04 -9.81971445e+05  4.20e+00 5.68e-14  1.25e+01     0s
   3  -6.96172906e+04 -2.95372126e+05  1.31e-02 4.26e-14  2.04e+00     0s
   4  -7.09416349e+04 -1.36675363e+05  7.05e-03 3.18e-14  5.93e-01     0s
   5  -7.18891754e+04 -1.12367509e+05  5.15e-03 2.84e-14  3.65e-01     0s
   6  -7.30044423e+04 -1.02336413e+05  3.73e-03 2.84e-14  2.64e-01     0s
   7  -7.43494041e+04 -9.66358418e+04  2.54e-03 2.84e-14  2.01e-01     0s
   8  -7.47128876e+04 -9.34844183e+04  2.31e-03 2.84e-14  1.69e-01     0s
   9  -7.58664017e+04 -8.93044886e+04  1.56e-03 1.66e-14  1.21e-01     0s
  10  -7.64231023e+04 -8.66030751e+04  1.30e-03 2.84e-14  9.18e-02     0s
  11  -7.67562702e+04 -8.53911772e+04  1.15e-03 2.84e-14  7.78e-02     0s
  12  -7.70052177e+04 -8.41444561e+04  1.03e-03 1.99e-14  6.44e-02     0s
  13  -7.72530461e+04 -8.33607877e+04  9.19e-04 1.72e-14  5.51e-02     1s
  14  -7.75655894e+04 -8.25381123e+04  7.79e-04 2.84e-14  4.48e-02     1s
  15  -7.78261890e+04 -8.18437957e+04  6.70e-04 2.84e-14  3.62e-02     1s
  16  -7.81613498e+04 -8.10939994e+04  5.38e-04 2.84e-14  2.64e-02     1s
  17  -7.83476659e+04 -8.05686803e+04  4.61e-04 2.84e-14  2.00e-02     1s
  18  -7.85013659e+04 -8.02797464e+04  3.95e-04 1.42e-14  1.60e-02     1s
  19  -7.86703378e+04 -8.01164339e+04  3.24e-04 1.42e-14  1.30e-02     1s
  20  -7.87579502e+04 -7.99156246e+04  2.86e-04 2.84e-14  1.04e-02     1s
  21  -7.88597580e+04 -7.97722910e+04  2.44e-04 2.84e-14  8.23e-03     1s
  22  -7.90376471e+04 -7.96294172e+04  1.81e-04 1.42e-14  5.34e-03     1s
  23  -7.91069092e+04 -7.95722068e+04  1.54e-04 2.84e-14  4.20e-03     1s
  24  -7.91675027e+04 -7.95460694e+04  1.27e-04 2.84e-14  3.42e-03     1s
  25  -7.92172007e+04 -7.95294360e+04  1.06e-04 1.42e-14  2.82e-03     1s
  26  -7.92509075e+04 -7.95184929e+04  9.10e-05 2.84e-14  2.42e-03     1s
  27  -7.92836475e+04 -7.94950410e+04  7.68e-05 1.42e-14  1.91e-03     1s
  28  -7.93190714e+04 -7.94852261e+04  6.36e-05 1.44e-14  1.50e-03     1s
  29  -7.93464072e+04 -7.94797718e+04  5.19e-05 1.42e-14  1.20e-03     1s
  30  -7.93662292e+04 -7.94779272e+04  4.32e-05 1.42e-14  1.01e-03     1s
  31  -7.93819728e+04 -7.94749844e+04  3.64e-05 1.42e-14  8.40e-04     1s
  32  -7.93938348e+04 -7.94746314e+04  3.14e-05 2.84e-14  7.30e-04     1s
  33  -7.94141118e+04 -7.94712079e+04  2.32e-05 2.84e-14  5.16e-04     1s
  34  -7.94258247e+04 -7.94703332e+04  1.89e-05 2.84e-14  4.02e-04     1s
  35  -7.94356110e+04 -7.94697672e+04  1.48e-05 1.42e-14  3.09e-04     1s
  36  -7.94411037e+04 -7.94689622e+04  1.22e-05 2.84e-14  2.52e-04     1s
  37  -7.94480017e+04 -7.94689246e+04  9.01e-06 1.42e-14  1.89e-04     1s
  38  -7.94627526e+04 -7.94682994e+04  2.33e-06 2.84e-14  5.01e-05     1s
  39  -7.94678909e+04 -7.94680025e+04  3.18e-08 2.84e-14  1.01e-06     1s
  40  -7.94679785e+04 -7.94679785e+04  9.67e-13 2.84e-14  1.59e-10     1s

Barrier solved model in 40 iterations and 1.06 seconds
Optimal objective -7.94679785e+04


Root relaxation: objective -7.946798e+04, 30893 iterations, 1.02 seconds

    Nodes    |    Current Node    |     Objective Bounds      |     Work
 Expl Unexpl |  Obj  Depth IntInf | Incumbent    BestBd   Gap | It/Node Time

     0     0 -79467.978    0  543    0.00000 -79467.978      -     -    1s
H    0     0                    -77467.90000 -79467.978  2.58%     -    1s

Explored 0 nodes (41805 simplex iterations) in 1.61 seconds
Thread count was 20 (of 20 available processors)

Solution count 2: -77467.9 0 
Pool objective bound -79467.9

Optimal solution found (tolerance 5.00e-02)
Best objective -7.746790000000e+04, best bound -7.946790000000e+04, gap 2.5817%
Changed value of parameter MIPGap to 0.05
   Prev: 0.0001  Min: 0.0  Max: 1e+100  Default: 0.0001
Changed value of parameter TimeLimit to 1800.0
   Prev: 1e+100  Min: 0.0  Max: 1e+100  Default: 1e+100
Changed value of parameter Method to 2
   Prev: -1  Min: -1  Max: 4  Default: -1
Changed value of parameter MIPFocus to 1
   Prev: 0  Min: 0  Max: 3  Default: 0
Optimize a model with 10554 rows, 55297 columns and 110594 nonzeros
Variable types: 0 continuous, 55297 integer (55297 binary)
Coefficient statistics:
  Matrix range     [1e+00, 2e+01]
  Objective range  [2e+00, 2e+02]
  Bounds range     [1e+00, 1e+00]
  RHS range        [8e+01, 8e+01]
Found heuristic solution: objective 0
Presolve time: 0.15s
Presolved: 10554 rows, 55297 columns, 110594 nonzeros
Variable types: 0 continuous, 55297 integer (55297 binary)
Presolved: 10554 rows, 55297 columns, 110594 nonzeros

Root barrier log...

Ordering time: 0.01s

Barrier statistics:
 AA' NZ     : 5.530e+04
 Factor NZ  : 2.351e+05 (roughly 30 MBytes of memory)
 Factor Ops : 3.864e+07 (less than 1 second per iteration)
 Threads    : 1

                  Objective                Residual
Iter       Primal          Dual         Primal    Dual     Compl     Time
   0  -1.00890617e+06 -6.72735115e+06  1.10e+02 2.13e-14  5.56e+02     0s
   1  -3.35942546e+05 -4.97126773e+06  2.42e+01 1.14e-13  1.32e+02     0s
   2  -1.67079061e+05 -1.95783029e+06  4.22e+00 8.79e-14  2.51e+01     0s
   3  -1.35323827e+05 -5.93333561e+05  1.30e-02 1.14e-13  4.13e+00     0s
   4  -1.38012378e+05 -2.76328640e+05  7.02e-03 8.53e-14  1.25e+00     0s
   5  -1.39946704e+05 -2.30631051e+05  5.15e-03 5.68e-14  8.18e-01     0s
   6  -1.42263618e+05 -2.07558351e+05  3.69e-03 5.68e-14  5.89e-01     0s
   7  -1.45265888e+05 -1.94020400e+05  2.42e-03 3.70e-14  4.39e-01     0s
   8  -1.45932529e+05 -1.88389255e+05  2.22e-03 3.87e-14  3.83e-01     0s
   9  -1.47455850e+05 -1.77571593e+05  1.78e-03 5.68e-14  2.71e-01     0s
  10  -1.49525444e+05 -1.69032415e+05  1.27e-03 3.02e-14  1.76e-01     0s
  11  -1.50917513e+05 -1.66015603e+05  9.84e-04 3.36e-14  1.36e-01     0s
  12  -1.51400577e+05 -1.63954884e+05  8.89e-04 5.68e-14  1.13e-01     0s
  13  -1.51907455e+05 -1.62146904e+05  7.84e-04 5.68e-14  9.23e-02     1s
  14  -1.52333822e+05 -1.61043033e+05  6.98e-04 5.68e-14  7.85e-02     1s
  15  -1.52866643e+05 -1.60039884e+05  6.10e-04 5.68e-14  6.47e-02     1s
  16  -1.53445993e+05 -1.58717167e+05  4.99e-04 5.68e-14  4.75e-02     1s
  17  -1.53783976e+05 -1.58088038e+05  4.36e-04 2.84e-14  3.88e-02     1s
  18  -1.54097857e+05 -1.57588908e+05  3.74e-04 5.68e-14  3.15e-02     1s
  19  -1.54353483e+05 -1.57363941e+05  3.23e-04 5.68e-14  2.72e-02     1s
  20  -1.54572219e+05 -1.56931313e+05  2.79e-04 5.68e-14  2.13e-02     1s
  21  -1.54794872e+05 -1.56677230e+05  2.40e-04 2.84e-14  1.70e-02     1s
  22  -1.55032999e+05 -1.56423614e+05  1.97e-04 5.68e-14  1.25e-02     1s
  23  -1.55276683e+05 -1.56306686e+05  1.53e-04 2.84e-14  9.30e-03     1s
  24  -1.55379753e+05 -1.56259741e+05  1.31e-04 5.68e-14  7.94e-03     1s
  25  -1.55439708e+05 -1.56214054e+05  1.19e-04 5.68e-14  6.99e-03     1s
  26  -1.55534416e+05 -1.56180206e+05  9.99e-05 3.12e-14  5.83e-03     1s
  27  -1.55647958e+05 -1.56120295e+05  7.81e-05 5.68e-14  4.26e-03     1s
  28  -1.55723800e+05 -1.56087287e+05  6.50e-05 5.68e-14  3.28e-03     1s
  29  -1.55790651e+05 -1.56072109e+05  5.13e-05 5.68e-14  2.54e-03     1s
  30  -1.55846704e+05 -1.56065297e+05  3.99e-05 5.68e-14  1.97e-03     1s
  31  -1.55887014e+05 -1.56062092e+05  3.16e-05 5.68e-14  1.58e-03     1s
  32  -1.55917106e+05 -1.56057424e+05  2.55e-05 2.84e-14  1.27e-03     1s
  33  -1.55944105e+05 -1.56051697e+05  2.08e-05 2.84e-14  9.72e-04     1s
  34  -1.55966947e+05 -1.56048737e+05  1.61e-05 5.68e-14  7.39e-04     1s
  35  -1.55994608e+05 -1.56048590e+05  1.09e-05 5.68e-14  4.88e-04     1s
  36  -1.56003281e+05 -1.56048489e+05  9.02e-06 2.90e-14  4.08e-04     1s
  37  -1.56004599e+05 -1.56048098e+05  8.74e-06 5.68e-14  3.93e-04     1s
  38  -1.56014988e+05 -1.56047962e+05  6.51e-06 5.68e-14  2.98e-04     1s
  39  -1.56027398e+05 -1.56047851e+05  4.00e-06 5.68e-14  1.85e-04     1s
  40  -1.56039098e+05 -1.56047657e+05  1.55e-06 5.68e-14  7.73e-05     1s
  41  -1.56043605e+05 -1.56046688e+05  6.05e-07 5.68e-14  2.79e-05     1s
  42  -1.56046521e+05 -1.56046575e+05  1.71e-13 5.68e-14  4.82e-07     1s
  43  -1.56046529e+05 -1.56046529e+05  5.81e-14 5.68e-14  4.84e-10     1s

Barrier solved model in 43 iterations and 1.12 seconds
Optimal objective -1.56046529e+05


Root relaxation: objective -1.560465e+05, 30748 iterations, 1.09 seconds

    Nodes    |    Current Node    |     Objective Bounds      |     Work
 Expl Unexpl |  Obj  Depth IntInf | Incumbent    BestBd   Gap | It/Node Time

     0     0 -156046.53    0  538    0.00000 -156046.53      -     -    1s
H    0     0                    -152416.2000 -156046.53  2.38%     -    1s

Explored 0 nodes (44332 simplex iterations) in 1.69 seconds
Thread count was 20 (of 20 available processors)

Solution count 2: -152416 0 
Pool objective bound -156046

Optimal solution found (tolerance 5.00e-02)
Best objective -1.524162000000e+05, best bound -1.560464000000e+05, gap 2.3818%
Changed value of parameter MIPGap to 0.05
   Prev: 0.0001  Min: 0.0  Max: 1e+100  Default: 0.0001
Changed value of parameter TimeLimit to 1800.0
   Prev: 1e+100  Min: 0.0  Max: 1e+100  Default: 1e+100
Changed value of parameter Method to 2
   Prev: -1  Min: -1  Max: 4  Default: -1
Changed value of parameter MIPFocus to 1
   Prev: 0  Min: 0  Max: 3  Default: 0
Optimize a model with 10554 rows, 55297 columns and 110594 nonzeros
Variable types: 0 continuous, 55297 integer (55297 binary)
Coefficient statistics:
  Matrix range     [1e+00, 2e+01]
  Objective range  [3e+00, 5e+02]
  Bounds range     [1e+00, 1e+00]
  RHS range        [8e+01, 8e+01]
Found heuristic solution: objective 0
Presolve time: 0.15s
Presolved: 10554 rows, 55297 columns, 110594 nonzeros
Variable types: 0 continuous, 55297 integer (55297 binary)
Presolved: 10554 rows, 55297 columns, 110594 nonzeros

Root barrier log...

Ordering time: 0.01s

Barrier statistics:
 AA' NZ     : 5.530e+04
 Factor NZ  : 2.351e+05 (roughly 30 MBytes of memory)
 Factor Ops : 3.864e+07 (less than 1 second per iteration)
 Threads    : 1

                  Objective                Residual
Iter       Primal          Dual         Primal    Dual     Compl     Time
   0  -2.48319766e+06 -1.67967215e+07  1.10e+02 5.68e-14  1.39e+03     0s
   1  -8.26026567e+05 -1.24105059e+07  2.42e+01 3.13e-13  3.30e+02     0s
   2  -4.10354038e+05 -4.88538714e+06  4.23e+00 2.84e-13  6.26e+01     0s
   3  -3.32457849e+05 -1.48723210e+06  1.29e-02 1.92e-13  1.04e+01     0s
   4  -3.39038427e+05 -7.24895718e+05  7.18e-03 1.89e-13  3.48e+00     0s
   5  -3.45185441e+05 -5.70731352e+05  4.68e-03 1.27e-13  2.03e+00     0s
   6  -3.49955529e+05 -5.17772870e+05  3.63e-03 1.14e-13  1.51e+00     0s
   7  -3.58207174e+05 -4.82659385e+05  2.32e-03 8.86e-14  1.12e+00     0s
   8  -3.60076316e+05 -4.66415037e+05  2.12e-03 1.14e-13  9.58e-01     0s
   9  -3.64024654e+05 -4.41223016e+05  1.69e-03 1.14e-13  6.96e-01     0s
  10  -3.68482370e+05 -4.20432726e+05  1.28e-03 1.14e-13  4.68e-01     0s
  11  -3.71652185e+05 -4.12733576e+05  1.03e-03 1.14e-13  3.70e-01     0s
  12  -3.73121073e+05 -4.05816834e+05  9.15e-04 1.14e-13  2.95e-01     0s
  13  -3.75071501e+05 -4.00607344e+05  7.63e-04 1.14e-13  2.30e-01     1s
  14  -3.76713017e+05 -3.96890393e+05  6.41e-04 1.14e-13  1.82e-01     1s
  15  -3.77683809e+05 -3.93066869e+05  5.72e-04 1.14e-13  1.39e-01     1s
  16  -3.79325449e+05 -3.91023432e+05  4.62e-04 1.14e-13  1.05e-01     1s
  17  -3.80109895e+05 -3.90051054e+05  4.10e-04 1.14e-13  8.97e-02     1s
  18  -3.80744939e+05 -3.89110508e+05  3.64e-04 1.14e-13  7.54e-02     1s
  19  -3.81410626e+05 -3.88360183e+05  3.15e-04 1.14e-13  6.27e-02     1s
  20  -3.81731136e+05 -3.87885587e+05  2.91e-04 1.14e-13  5.55e-02     1s
  21  -3.82450894e+05 -3.87448422e+05  2.48e-04 1.14e-13  4.51e-02     1s
  22  -3.82928586e+05 -3.86972286e+05  2.16e-04 1.14e-13  3.65e-02     1s
  23  -3.83225045e+05 -3.86713507e+05  1.93e-04 1.14e-13  3.15e-02     1s
  24  -3.83586505e+05 -3.86517082e+05  1.65e-04 1.14e-13  2.64e-02     1s
  25  -3.83850709e+05 -3.86328929e+05  1.45e-04 1.14e-13  2.24e-02     1s
  26  -3.84106430e+05 -3.86211137e+05  1.25e-04 1.14e-13  1.90e-02     1s
  27  -3.84517889e+05 -3.86129192e+05  9.88e-05 1.14e-13  1.45e-02     1s
  28  -3.84550329e+05 -3.86081250e+05  9.68e-05 5.68e-14  1.38e-02     1s
  29  -3.84770343e+05 -3.85990293e+05  7.92e-05 1.14e-13  1.10e-02     1s
  30  -3.85019121e+05 -3.85935457e+05  5.98e-05 1.14e-13  8.27e-03     1s
  31  -3.85166983e+05 -3.85904838e+05  4.83e-05 1.14e-13  6.66e-03     1s
  32  -3.85300025e+05 -3.85869304e+05  3.80e-05 1.14e-13  5.14e-03     1s
  33  -3.85369879e+05 -3.85848120e+05  3.31e-05 1.14e-13  4.32e-03     1s
  34  -3.85572646e+05 -3.85831217e+05  1.95e-05 1.14e-13  2.34e-03     1s
  35  -3.85656844e+05 -3.85821746e+05  1.31e-05 1.14e-13  1.49e-03     1s
  36  -3.85696195e+05 -3.85817611e+05  9.55e-06 1.14e-13  1.10e-03     1s
  37  -3.85744572e+05 -3.85812617e+05  5.29e-06 1.14e-13  6.15e-04     1s
  38  -3.85748296e+05 -3.85811287e+05  4.96e-06 1.14e-13  5.69e-04     1s
  39  -3.85781618e+05 -3.85807771e+05  2.08e-06 1.14e-13  2.36e-04     1s
  40  -3.85801061e+05 -3.85807711e+05  4.32e-07 1.14e-13  6.00e-05     1s
  41  -3.85806520e+05 -3.85806614e+05  1.34e-09 1.14e-13  8.45e-07     1s
  42  -3.85806558e+05 -3.85806558e+05  2.09e-13 1.14e-13  1.49e-09     1s

Barrier solved model in 42 iterations and 1.09 seconds
Optimal objective -3.85806558e+05


Root relaxation: objective -3.858066e+05, 30622 iterations, 1.06 seconds

    Nodes    |    Current Node    |     Objective Bounds      |     Work
 Expl Unexpl |  Obj  Depth IntInf | Incumbent    BestBd   Gap | It/Node Time

     0     0 -385806.56    0  594    0.00000 -385806.56      -     -    1s
H    0     0                    -375838.5000 -385806.56  2.65%     -    1s

Explored 0 nodes (44194 simplex iterations) in 1.65 seconds
Thread count was 20 (of 20 available processors)

Solution count 2: -375838 0 
Pool objective bound -385806

Optimal solution found (tolerance 5.00e-02)
Best objective -3.758385000000e+05, best bound -3.858065000000e+05, gap 2.6522%
Changed value of parameter MIPGap to 0.05
   Prev: 0.0001  Min: 0.0  Max: 1e+100  Default: 0.0001
Changed value of parameter TimeLimit to 1800.0
   Prev: 1e+100  Min: 0.0  Max: 1e+100  Default: 1e+100
Changed value of parameter Method to 2
   Prev: -1  Min: -1  Max: 4  Default: -1
Changed value of parameter MIPFocus to 1
   Prev: 0  Min: 0  Max: 3  Default: 0
Optimize a model with 10554 rows, 55297 columns and 110594 nonzeros
Variable types: 0 continuous, 55297 integer (55297 binary)
Coefficient statistics:
  Matrix range     [1e+00, 2e+01]
  Objective range  [2e+01, 5e+03]
  Bounds range     [1e+00, 1e+00]
  RHS range        [8e+01, 8e+01]
Found heuristic solution: objective 0
Presolve time: 0.15s
Presolved: 10554 rows, 55297 columns, 110594 nonzeros
Variable types: 0 continuous, 55297 integer (55297 binary)
Presolved: 10554 rows, 55297 columns, 110594 nonzeros

Root barrier log...

Ordering time: 0.01s

Barrier statistics:
 AA' NZ     : 5.530e+04
 Factor NZ  : 2.351e+05 (roughly 30 MBytes of memory)
 Factor Ops : 3.864e+07 (less than 1 second per iteration)
 Threads    : 1

                  Objective                Residual
Iter       Primal          Dual         Primal    Dual     Compl     Time
   0  -2.45975696e+07 -1.67837277e+08  1.10e+02 4.55e-13  1.39e+04     0s
   1  -8.17729196e+06 -1.23999087e+08  2.42e+01 2.73e-12  3.30e+03     0s
   2  -4.05946037e+06 -4.87986794e+07  4.23e+00 2.27e-12  6.26e+02     0s
   3  -3.28952082e+06 -1.48956948e+07  1.29e-02 1.93e-12  1.05e+02     0s
   4  -3.35586176e+06 -7.23793372e+06  7.16e-03 1.76e-12  3.50e+01     0s
   5  -3.41298508e+06 -5.84635335e+06  4.88e-03 1.28e-12  2.19e+01     0s
   6  -3.46611547e+06 -5.19491307e+06  3.64e-03 1.82e-12  1.56e+01     0s
   7  -3.54912504e+06 -4.83159363e+06  2.33e-03 1.82e-12  1.16e+01     0s
   8  -3.57560565e+06 -4.65159885e+06  2.09e-03 1.07e-12  9.70e+00     0s
   9  -3.61522383e+06 -4.52748454e+06  1.67e-03 1.20e-12  8.22e+00     0s
  10  -3.64497405e+06 -4.30536900e+06  1.42e-03 9.09e-13  5.95e+00     0s
  11  -3.67204032e+06 -4.18382601e+06  1.20e-03 9.20e-13  4.61e+00     0s
  12  -3.69094939e+06 -4.10394043e+06  1.05e-03 9.09e-13  3.72e+00     0s
  13  -3.71002987e+06 -4.04886198e+06  8.93e-04 9.09e-13  3.05e+00     1s
  14  -3.72452089e+06 -4.01349709e+06  7.80e-04 9.09e-13  2.60e+00     1s
  15  -3.73605338e+06 -3.98389601e+06  6.97e-04 9.69e-13  2.23e+00     1s
  16  -3.76229572e+06 -3.93609180e+06  5.16e-04 9.09e-13  1.57e+00     1s
  17  -3.77515765e+06 -3.90346701e+06  4.22e-04 9.09e-13  1.16e+00     1s
  18  -3.78220321e+06 -3.88779437e+06  3.67e-04 9.09e-13  9.52e-01     1s
  19  -3.79008077e+06 -3.87104794e+06  3.07e-04 9.09e-13  7.30e-01     1s
  20  -3.79642408e+06 -3.85845298e+06  2.60e-04 9.09e-13  5.59e-01     1s
  21  -3.80700800e+06 -3.85118001e+06  1.87e-04 9.09e-13  3.98e-01     1s
  22  -3.81353083e+06 -3.84417147e+06  1.43e-04 9.09e-13  2.76e-01     1s
  23  -3.81728553e+06 -3.84037097e+06  1.17e-04 9.09e-13  2.08e-01     1s
  24  -3.81981535e+06 -3.83843967e+06  9.64e-05 9.09e-13  1.68e-01     1s
  25  -3.82176039e+06 -3.83628362e+06  8.08e-05 9.09e-13  1.31e-01     1s
  26  -3.82330570e+06 -3.83518914e+06  6.85e-05 9.09e-13  1.07e-01     1s
  27  -3.82578208e+06 -3.83359177e+06  5.01e-05 9.09e-13  7.05e-02     1s
  28  -3.82785760e+06 -3.83301225e+06  3.50e-05 9.09e-13  4.65e-02     1s
  29  -3.82906388e+06 -3.83264268e+06  2.56e-05 9.09e-13  3.23e-02     1s
  30  -3.82989496e+06 -3.83253567e+06  1.89e-05 9.09e-13  2.38e-02     1s
  31  -3.83024627e+06 -3.83245604e+06  1.60e-05 9.09e-13  2.00e-02     1s
  32  -3.83040254e+06 -3.83240904e+06  1.48e-05 1.82e-12  1.81e-02     1s
  33  -3.83138669e+06 -3.83233951e+06  6.97e-06 9.09e-13  8.61e-03     1s
  34  -3.83156163e+06 -3.83232130e+06  5.84e-06 1.82e-12  6.86e-03     1s
  35  -3.83191534e+06 -3.83231514e+06  3.03e-06 1.82e-12  3.61e-03     1s
  36  -3.83202549e+06 -3.83231239e+06  2.14e-06 9.09e-13  2.59e-03     1s
  37  -3.83222318e+06 -3.83231229e+06  6.33e-07 9.09e-13  8.05e-04     1s
  38  -3.83230871e+06 -3.83230967e+06  6.01e-09 1.82e-12  8.66e-06     1s
  39  -3.83230957e+06 -3.83230957e+06  1.15e-10 9.09e-13  8.69e-09     1s

Barrier solved model in 39 iterations and 1.03 seconds
Optimal objective -3.83230957e+06


Root relaxation: objective -3.832310e+06, 30517 iterations, 0.99 seconds

    Nodes    |    Current Node    |     Objective Bounds      |     Work
 Expl Unexpl |  Obj  Depth IntInf | Incumbent    BestBd   Gap | It/Node Time

     0     0 -3832309.6    0  466    0.00000 -3832309.6      -     -    1s
H    0     0                    -3739104.000 -3832309.6  2.49%     -    1s

Explored 0 nodes (46717 simplex iterations) in 1.61 seconds
Thread count was 20 (of 20 available processors)

Solution count 2: -3.7391e+06 0 
Pool objective bound -3.83231e+06

Optimal solution found (tolerance 5.00e-02)
Best objective -3.739104000000e+06, best bound -3.832309000000e+06, gap 2.4927%
