Changed value of parameter MIPGap to 0.05
   Prev: 0.0001  Min: 0.0  Max: 1e+100  Default: 0.0001
Changed value of parameter TimeLimit to 1800.0
   Prev: 1e+100  Min: 0.0  Max: 1e+100  Default: 1e+100
Changed value of parameter Method to 2
   Prev: -1  Min: -1  Max: 4  Default: -1
Changed value of parameter MIPFocus to 1
   Prev: 0  Min: 0  Max: 3  Default: 0
Optimize a model with 4982 rows, 7323 columns and 14646 nonzeros
Variable types: 0 continuous, 7323 integer (7323 binary)
Coefficient statistics:
  Matrix range     [1e+00, 5e+00]
  Objective range  [1e+00, 1e+00]
  Bounds range     [1e+00, 1e+00]
  RHS range        [8e+01, 8e+01]
Found heuristic solution: objective 0
Presolve removed 4889 rows and 5219 columns
Presolve time: 0.03s
Presolved: 93 rows, 2104 columns, 4110 nonzeros
Found heuristic solution: objective -1619.000000
Variable types: 0 continuous, 2104 integer (1816 binary)
Presolved: 93 rows, 2104 columns, 4110 nonzeros

Root barrier log...

Ordering time: 0.00s

Barrier statistics:
 AA' NZ     : 1.946e+03
 Factor NZ  : 4.025e+03 (roughly 1 MByte of memory)
 Factor Ops : 2.298e+05 (less than 1 second per iteration)
 Threads    : 1

                  Objective                Residual
Iter       Primal          Dual         Primal    Dual     Compl     Time
   0  -5.72954984e+03 -3.86927540e+03  2.75e+01 4.44e-16  1.90e+00     0s
   1  -2.13414108e+03 -3.23851964e+03  2.50e+00 3.11e-01  4.53e-01     0s
   2  -1.86062080e+03 -2.09814131e+03  7.77e-02 2.50e-02  5.97e-02     0s
   3  -1.91230679e+03 -1.95146341e+03  1.68e-03 3.41e-03  9.22e-03     0s
   4  -1.91724854e+03 -1.93121524e+03  1.41e-04 1.07e-03  3.26e-03     0s
   5  -1.91809175e+03 -1.91998581e+03  5.19e-05 1.78e-15  4.45e-04     0s
   6  -1.91869058e+03 -1.91874847e+03  0.00e+00 8.88e-16  1.35e-05     0s
   7  -1.91870000e+03 -1.91870000e+03  0.00e+00 8.88e-16  1.13e-10     0s

Barrier solved model in 7 iterations and 0.08 seconds
Optimal objective -1.91870000e+03


Root relaxation: objective -1.918700e+03, 1019 iterations, 0.04 seconds

    Nodes    |    Current Node    |     Objective Bounds      |     Work
 Expl Unexpl |  Obj  Depth IntInf | Incumbent    BestBd   Gap | It/Node Time

     0     0 -1918.7000    0    8 -1619.0000 -1918.7000  18.5%     -    0s
H    0     0                    -1916.000000 -1918.7000  0.14%     -    0s

Explored 0 nodes (1271 simplex iterations) in 0.11 seconds
Thread count was 20 (of 20 available processors)

Solution count 3: -1916 -1619 -5 
Pool objective bound -1918

Optimal solution found (tolerance 5.00e-02)
Best objective -1.916000000000e+03, best bound -1.918000000000e+03, gap 0.1044%
(0, 1791.0)
(1, 1804.0)
(2, 1799.0)
(3, 1797.0)
(4, 1807.0)
(5, 1797.0)
(6, 1800.0)
(7, 1799.0)
(8, 1799.0)
(9, 1797.0)
(10, 1802.0)
(11, 1794.0)
(12, 1804.0)
(13, 1798.0)
(14, 1796.0)
(15, 1798.0)
(16, 1808.0)
(17, 1803.0)
(18, 1806.0)
(19, 1792.0)
(20, 1798.0)
(21, 1802.0)
(22, 1799.0)
(23, 1799.0)
(24, 1800.0)
(25, 1789.0)
(26, 1799.0)
(27, 1798.0)
(28, 1797.0)
(29, 1804.0)
(30, 1800.0)
(31, 1803.0)
(32, 1803.0)
(33, 1801.0)
(34, 1802.0)
(35, 1805.0)
(36, 1803.0)
(37, 1799.0)
(38, 1799.0)
(39, 1801.0)
(0, 1812.0)
(1, 1810.0)
(2, 1808.0)
(3, 1812.0)
(4, 1797.0)
(5, 1808.0)
(6, 1809.0)
(7, 1813.0)
(8, 1809.0)
(9, 1813.0)
(10, 1810.0)
(11, 1815.0)
(12, 1806.0)
(13, 1809.0)
(14, 1813.0)
(15, 1824.0)
(16, 1807.0)
(17, 1814.0)
(18, 1808.0)
(19, 1805.0)
(20, 1808.0)
(21, 1804.0)
(22, 1809.0)
(23, 1809.0)
(24, 1808.0)
(25, 1802.0)
(26, 1806.0)
(27, 1795.0)
(28, 1812.0)
(29, 1814.0)
(30, 1810.0)
(31, 1807.0)
(32, 1803.0)
(33, 1803.0)
(34, 1816.0)
(35, 1812.0)
(36, 1805.0)
(37, 1806.0)
(38, 1813.0)
(39, 1819.0)
Changed value of parameter MIPGap to 0.05
   Prev: 0.0001  Min: 0.0  Max: 1e+100  Default: 0.0001
Changed value of parameter TimeLimit to 1800.0
   Prev: 1e+100  Min: 0.0  Max: 1e+100  Default: 1e+100
Changed value of parameter Method to 2
   Prev: -1  Min: -1  Max: 4  Default: -1
Changed value of parameter MIPFocus to 1
   Prev: 0  Min: 0  Max: 3  Default: 0
Optimize a model with 4982 rows, 7323 columns and 14646 nonzeros
Variable types: 0 continuous, 7323 integer (7323 binary)
Coefficient statistics:
  Matrix range     [1e+00, 5e+00]
  Objective range  [1e+00, 1e+00]
  Bounds range     [1e+00, 1e+00]
  RHS range        [8e+01, 8e+01]
Found heuristic solution: objective 0
Presolve removed 4889 rows and 5219 columns
Presolve time: 0.01s
Presolved: 93 rows, 2104 columns, 4110 nonzeros
Found heuristic solution: objective -1620.408000
Variable types: 0 continuous, 2104 integer (1816 binary)
Presolved: 93 rows, 2104 columns, 4110 nonzeros

Root barrier log...

Ordering time: 0.00s

Barrier statistics:
 AA' NZ     : 1.946e+03
 Factor NZ  : 4.025e+03 (roughly 1 MByte of memory)
 Factor Ops : 2.298e+05 (less than 1 second per iteration)
 Threads    : 1

                  Objective                Residual
Iter       Primal          Dual         Primal    Dual     Compl     Time
   0  -5.73339465e+03 -3.87125516e+03  2.75e+01 8.88e-16  1.90e+00     0s
   1  -2.13528779e+03 -3.24013348e+03  2.50e+00 3.11e-01  4.53e-01     0s
   2  -1.86155187e+03 -2.09714629e+03  7.69e-02 2.45e-02  5.92e-02     0s
   3  -1.91342578e+03 -1.95293978e+03  1.52e-03 3.45e-03  9.29e-03     0s
   4  -1.91800631e+03 -1.93168625e+03  1.91e-04 9.99e-04  3.20e-03     0s
   5  -1.91900047e+03 -1.92077993e+03  6.97e-05 1.78e-15  4.21e-04     0s
   6  -1.91966833e+03 -1.91970920e+03  2.09e-07 1.78e-15  9.59e-06     0s
   7  -1.91967755e+03 -1.91967755e+03  0.00e+00 1.78e-15  5.43e-11     0s

Barrier solved model in 7 iterations and 0.02 seconds
Optimal objective -1.91967755e+03


Root relaxation: objective -1.919678e+03, 1019 iterations, 0.01 seconds

    Nodes    |    Current Node    |     Objective Bounds      |     Work
 Expl Unexpl |  Obj  Depth IntInf | Incumbent    BestBd   Gap | It/Node Time

     0     0 -1919.6776    0    8 -1620.4080 -1919.6776  18.5%     -    0s
H    0     0                    -1916.972000 -1919.6776  0.14%     -    0s

Explored 0 nodes (1235 simplex iterations) in 0.03 seconds
Thread count was 20 (of 20 available processors)

Solution count 3: -1916.97 -1620.41 -5.0025 
Pool objective bound -1919.68

Optimal solution found (tolerance 5.00e-02)
Best objective -1.916972000000e+03, best bound -1.919677550000e+03, gap 0.1411%
(0, 1776.9020000000662)
(1, 1773.9005000000659)
(2, 1784.906000000067)
(3, 1776.9020000000662)
(4, 1775.9015000000661)
(5, 1772.9000000000658)
(6, 1782.9050000000668)
(7, 1774.901000000066)
(8, 1774.901000000066)
(9, 1782.9050000000668)
(10, 1782.9050000000668)
(11, 1776.9020000000662)
(12, 1776.9020000000662)
(13, 1782.9050000000668)
(14, 1778.9030000000664)
(15, 1779.9035000000665)
(16, 1788.9080000000674)
(17, 1774.901000000066)
(18, 1778.9030000000664)
(19, 1776.9020000000662)
(20, 1773.9005000000659)
(21, 1779.9035000000665)
(22, 1780.9040000000666)
(23, 1780.9040000000666)
(24, 1785.9065000000671)
(25, 1788.9080000000674)
(26, 1785.9065000000671)
(27, 1780.9040000000666)
(28, 1765.8965000000651)
(29, 1772.9000000000658)
(30, 1774.901000000066)
(31, 1776.9020000000662)
(32, 1779.9035000000665)
(33, 1781.9045000000667)
(34, 1781.9045000000667)
(35, 1773.9005000000659)
(36, 1773.9005000000659)
(37, 1780.9040000000666)
(38, 1774.901000000066)
(39, 1768.8980000000654)
(0, 1811.9195000000698)
(1, 1812.9200000000699)
(2, 1803.915500000069)
(3, 1801.9145000000688)
(4, 1804.9160000000691)
(5, 1805.9165000000692)
(6, 1801.9145000000688)
(7, 1805.9165000000692)
(8, 1799.9135000000686)
(9, 1804.9160000000691)
(10, 1801.9145000000688)
(11, 1809.9185000000696)
(12, 1803.915500000069)
(13, 1806.9170000000693)
(14, 1803.915500000069)
(15, 1802.9150000000689)
(16, 1804.9160000000691)
(17, 1799.9135000000686)
(18, 1807.9175000000694)
(19, 1809.9185000000696)
(20, 1810.9190000000697)
(21, 1797.9125000000683)
(22, 1803.915500000069)
(23, 1808.9180000000695)
(24, 1807.9175000000694)
(25, 1805.9165000000692)
(26, 1810.9190000000697)
(27, 1804.9160000000691)
(28, 1805.9165000000692)
(29, 1803.915500000069)
(30, 1811.9195000000698)
(31, 1807.9175000000694)
(32, 1801.9145000000688)
(33, 1805.9165000000692)
(34, 1806.9170000000693)
(35, 1806.9170000000693)
(36, 1809.9185000000696)
(37, 1806.9170000000693)
(38, 1805.9165000000692)
(39, 1807.9175000000694)
Changed value of parameter MIPGap to 0.05
   Prev: 0.0001  Min: 0.0  Max: 1e+100  Default: 0.0001
Changed value of parameter TimeLimit to 1800.0
   Prev: 1e+100  Min: 0.0  Max: 1e+100  Default: 1e+100
Changed value of parameter Method to 2
   Prev: -1  Min: -1  Max: 4  Default: -1
Changed value of parameter MIPFocus to 1
   Prev: 0  Min: 0  Max: 3  Default: 0
Optimize a model with 4982 rows, 7323 columns and 14646 nonzeros
Variable types: 0 continuous, 7323 integer (7323 binary)
Coefficient statistics:
  Matrix range     [1e+00, 5e+00]
  Objective range  [1e+00, 1e+00]
  Bounds range     [1e+00, 1e+00]
  RHS range        [8e+01, 8e+01]
Found heuristic solution: objective 0
Presolve removed 4889 rows and 5219 columns
Presolve time: 0.01s
Presolved: 93 rows, 2104 columns, 4110 nonzeros
Found heuristic solution: objective -1621.816000
Variable types: 0 continuous, 2104 integer (1816 binary)
Presolved: 93 rows, 2104 columns, 4110 nonzeros

Root barrier log...

Ordering time: 0.00s

Barrier statistics:
 AA' NZ     : 1.946e+03
 Factor NZ  : 4.025e+03 (roughly 1 MByte of memory)
 Factor Ops : 2.298e+05 (less than 1 second per iteration)
 Threads    : 1

                  Objective                Residual
Iter       Primal          Dual         Primal    Dual     Compl     Time
   0  -5.73723945e+03 -3.87323491e+03  2.75e+01 4.44e-16  1.90e+00     0s
   1  -2.13643479e+03 -3.24174751e+03  2.50e+00 3.11e-01  4.53e-01     0s
   2  -1.86247927e+03 -2.09613107e+03  7.60e-02 2.39e-02  5.87e-02     0s
   3  -1.91453241e+03 -1.95441967e+03  1.39e-03 3.48e-03  9.37e-03     0s
   4  -1.91910255e+03 -1.93279101e+03  1.38e-04 9.88e-04  3.20e-03     0s
   5  -1.92003514e+03 -1.92179910e+03  1.93e-05 1.78e-15  4.15e-04     0s
   6  -1.92064711e+03 -1.92067767e+03  0.00e+00 1.78e-15  7.17e-06     0s
   7  -1.92065510e+03 -1.92065510e+03  0.00e+00 1.78e-15  2.88e-11     0s

Barrier solved model in 7 iterations and 0.02 seconds
Optimal objective -1.92065510e+03


Root relaxation: objective -1.920655e+03, 1019 iterations, 0.01 seconds

    Nodes    |    Current Node    |     Objective Bounds      |     Work
 Expl Unexpl |  Obj  Depth IntInf | Incumbent    BestBd   Gap | It/Node Time

     0     0 -1920.6551    0    8 -1621.8160 -1920.6551  18.4%     -    0s
H    0     0                    -1917.944000 -1920.6551  0.14%     -    0s

Explored 0 nodes (1233 simplex iterations) in 0.03 seconds
Thread count was 20 (of 20 available processors)

Solution count 3: -1917.94 -1621.82 -5.005 
Pool objective bound -1920.66

Optimal solution found (tolerance 5.00e-02)
Best objective -1.917944000000e+03, best bound -1.920655100000e+03, gap 0.1414%
(0, 1764.7909999999654)
(1, 1785.8119999999649)
(2, 1747.7739999999658)
(3, 1776.8029999999651)
(4, 1738.764999999966)
(5, 1777.8039999999651)
(6, 1796.8229999999646)
(7, 1722.7489999999664)
(8, 1735.7619999999661)
(9, 1763.7899999999654)
(10, 1745.7719999999658)
(11, 1792.8189999999647)
(12, 1774.8009999999651)
(13, 1790.8169999999648)
(14, 1760.7869999999655)
(15, 1728.7549999999662)
(16, 1749.7759999999657)
(17, 1748.7749999999658)
(18, 1794.8209999999647)
(19, 1748.7749999999658)
(20, 1746.7729999999658)
(21, 1741.7679999999659)
(22, 1781.807999999965)
(23, 1793.8199999999647)
(24, 1774.8009999999651)
(25, 1728.7549999999662)
(26, 1720.7469999999664)
(27, 1754.7809999999656)
(28, 1785.8119999999649)
(29, 1783.8099999999649)
(30, 1758.7849999999655)
(31, 1783.8099999999649)
(32, 1783.8099999999649)
(33, 1777.8039999999651)
(34, 1739.765999999966)
(35, 1765.7919999999654)
(36, 1792.8189999999647)
(37, 1791.8179999999647)
(38, 1791.8179999999647)
(39, 1789.8159999999648)
(0, 1806.8329999999644)
(1, 1801.8279999999645)
(2, 1804.8309999999644)
(3, 1806.8329999999644)
(4, 1797.8239999999646)
(5, 1804.8309999999644)
(6, 1801.8279999999645)
(7, 1800.8269999999645)
(8, 1809.8359999999643)
(9, 1807.8339999999644)
(10, 1799.8259999999646)
(11, 1807.8339999999644)
(12, 1802.8289999999645)
(13, 1805.8319999999644)
(14, 1803.8299999999645)
(15, 1802.8289999999645)
(16, 1800.8269999999645)
(17, 1797.8239999999646)
(18, 1801.8279999999645)
(19, 1806.8329999999644)
(20, 1796.8229999999646)
(21, 1807.8339999999644)
(22, 1801.8279999999645)
(23, 1807.8339999999644)
(24, 1804.8309999999644)
(25, 1811.8379999999643)
(26, 1802.8289999999645)
(27, 1803.8299999999645)
(28, 1797.8239999999646)
(29, 1803.8299999999645)
(30, 1796.8229999999646)
(31, 1805.8319999999644)
(32, 1802.8289999999645)
(33, 1800.8269999999645)
(34, 1804.8309999999644)
(35, 1807.8339999999644)
(36, 1803.8299999999645)
(37, 1800.8269999999645)
(38, 1805.8319999999644)
(39, 1807.8339999999644)
Changed value of parameter MIPGap to 0.05
   Prev: 0.0001  Min: 0.0  Max: 1e+100  Default: 0.0001
Changed value of parameter TimeLimit to 1800.0
   Prev: 1e+100  Min: 0.0  Max: 1e+100  Default: 1e+100
Changed value of parameter Method to 2
   Prev: -1  Min: -1  Max: 4  Default: -1
Changed value of parameter MIPFocus to 1
   Prev: 0  Min: 0  Max: 3  Default: 0
Optimize a model with 4982 rows, 7323 columns and 14646 nonzeros
Variable types: 0 continuous, 7323 integer (7323 binary)
Coefficient statistics:
  Matrix range     [1e+00, 5e+00]
  Objective range  [1e+00, 1e+00]
  Bounds range     [1e+00, 1e+00]
  RHS range        [8e+01, 8e+01]
Found heuristic solution: objective 0
Presolve removed 4889 rows and 5219 columns
Presolve time: 0.01s
Presolved: 93 rows, 2104 columns, 4110 nonzeros
Found heuristic solution: objective -1624.632000
Variable types: 0 continuous, 2104 integer (1816 binary)
Presolved: 93 rows, 2104 columns, 4110 nonzeros

Root barrier log...

Ordering time: 0.00s

Barrier statistics:
 AA' NZ     : 1.946e+03
 Factor NZ  : 4.025e+03 (roughly 1 MByte of memory)
 Factor Ops : 2.298e+05 (less than 1 second per iteration)
 Threads    : 1

                  Objective                Residual
Iter       Primal          Dual         Primal    Dual     Compl     Time
   0  -5.74492904e+03 -3.87719443e+03  2.75e+01 8.88e-16  1.90e+00     0s
   1  -2.13872966e+03 -3.24497612e+03  2.49e+00 3.11e-01  4.53e-01     0s
   2  -1.86432620e+03 -2.09405535e+03  7.42e-02 2.29e-02  5.77e-02     0s
   3  -1.91656135e+03 -1.95718919e+03  1.36e-03 3.52e-03  9.54e-03     0s
   4  -1.92111014e+03 -1.93478034e+03  1.16e-04 9.67e-04  3.20e-03     0s
   5  -1.92199486e+03 -1.92376529e+03  1.24e-05 1.78e-15  4.17e-04     0s
   6  -1.92260212e+03 -1.92263481e+03  0.00e+00 1.78e-15  7.66e-06     0s
   7  -1.92261020e+03 -1.92261020e+03  0.00e+00 1.78e-15  3.40e-11     0s

Barrier solved model in 7 iterations and 0.02 seconds
Optimal objective -1.92261020e+03


Root relaxation: objective -1.922610e+03, 1019 iterations, 0.01 seconds

    Nodes    |    Current Node    |     Objective Bounds      |     Work
 Expl Unexpl |  Obj  Depth IntInf | Incumbent    BestBd   Gap | It/Node Time

     0     0 -1922.6102    0    8 -1624.6320 -1922.6102  18.3%     -    0s
H    0     0                    -1919.888000 -1922.6102  0.14%     -    0s

Explored 0 nodes (1253 simplex iterations) in 0.03 seconds
Thread count was 20 (of 20 available processors)

Solution count 3: -1919.89 -1624.63 -5.01 
Pool objective bound -1922.61

Optimal solution found (tolerance 5.00e-02)
Best objective -1.919888000000e+03, best bound -1.922610200000e+03, gap 0.1418%
(0, 1779.6079999999436)
(1, 1790.629999999943)
(2, 1795.6399999999428)
(3, 1791.631999999943)
(4, 1720.4899999999463)
(5, 1777.6039999999437)
(6, 1803.6559999999424)
(7, 1787.6239999999432)
(8, 1799.6479999999426)
(9, 1791.631999999943)
(10, 1787.6239999999432)
(11, 1795.6399999999428)
(12, 1794.6379999999428)
(13, 1795.6399999999428)
(14, 1786.6219999999432)
(15, 1778.6059999999436)
(16, 1785.6199999999433)
(17, 1797.6439999999427)
(18, 1788.6259999999431)
(19, 1785.6199999999433)
(20, 1789.6279999999431)
(21, 1793.6359999999429)
(22, 1778.6059999999436)
(23, 1780.6099999999435)
(24, 1797.6439999999427)
(25, 1702.4539999999472)
(26, 1790.629999999943)
(27, 1786.6219999999432)
(28, 1793.6359999999429)
(29, 1786.6219999999432)
(30, 1797.6439999999427)
(31, 1790.629999999943)
(32, 1770.589999999944)
(33, 1792.6339999999429)
(34, 1792.6339999999429)
(35, 1733.5159999999457)
(36, 1783.6159999999434)
(37, 1771.5919999999439)
(38, 1792.6339999999429)
(39, 1789.6279999999431)
(0, 1805.6599999999423)
(1, 1808.6659999999422)
(2, 1812.673999999942)
(3, 1820.6899999999416)
(4, 1811.671999999942)
(5, 1813.675999999942)
(6, 1810.6699999999421)
(7, 1809.6679999999421)
(8, 1810.6699999999421)
(9, 1803.6559999999424)
(10, 1800.6499999999426)
(11, 1809.6679999999421)
(12, 1806.6619999999423)
(13, 1813.675999999942)
(14, 1806.6619999999423)
(15, 1809.6679999999421)
(16, 1810.6699999999421)
(17, 1809.6679999999421)
(18, 1811.671999999942)
(19, 1808.6659999999422)
(20, 1802.6539999999425)
(21, 1822.6939999999415)
(22, 1811.671999999942)
(23, 1813.675999999942)
(24, 1803.6559999999424)
(25, 1814.6779999999419)
(26, 1809.6679999999421)
(27, 1819.6879999999417)
(28, 1810.6699999999421)
(29, 1822.6939999999415)
(30, 1809.6679999999421)
(31, 1812.673999999942)
(32, 1804.6579999999424)
(33, 1807.6639999999422)
(34, 1813.675999999942)
(35, 1814.6779999999419)
(36, 1810.6699999999421)
(37, 1808.6659999999422)
(38, 1810.6699999999421)
(39, 1813.675999999942)
Changed value of parameter MIPGap to 0.05
   Prev: 0.0001  Min: 0.0  Max: 1e+100  Default: 0.0001
Changed value of parameter TimeLimit to 1800.0
   Prev: 1e+100  Min: 0.0  Max: 1e+100  Default: 1e+100
Changed value of parameter Method to 2
   Prev: -1  Min: -1  Max: 4  Default: -1
Changed value of parameter MIPFocus to 1
   Prev: 0  Min: 0  Max: 3  Default: 0
Optimize a model with 4982 rows, 7323 columns and 14646 nonzeros
Variable types: 0 continuous, 7323 integer (7323 binary)
Coefficient statistics:
  Matrix range     [1e+00, 5e+00]
  Objective range  [1e+00, 1e+00]
  Bounds range     [1e+00, 1e+00]
  RHS range        [8e+01, 8e+01]
Found heuristic solution: objective 0
Presolve removed 4889 rows and 5219 columns
Presolve time: 0.01s
Presolved: 93 rows, 2104 columns, 4110 nonzeros
Found heuristic solution: objective -1630.264000
Variable types: 0 continuous, 2104 integer (1816 binary)
Presolved: 93 rows, 2104 columns, 4110 nonzeros

Root barrier log...

Ordering time: 0.00s

Barrier statistics:
 AA' NZ     : 1.946e+03
 Factor NZ  : 4.025e+03 (roughly 1 MByte of memory)
 Factor Ops : 2.298e+05 (less than 1 second per iteration)
 Threads    : 1

                  Objective                Residual
Iter       Primal          Dual         Primal    Dual     Compl     Time
   0  -5.76030819e+03 -3.88511346e+03  2.75e+01 4.44e-16  1.90e+00     0s
   1  -2.14332287e+03 -3.25143553e+03  2.49e+00 3.10e-01  4.53e-01     0s
   2  -1.86803877e+03 -2.09655578e+03  7.07e-02 2.24e-02  5.72e-02     0s
   3  -1.91990373e+03 -1.95641815e+03  2.25e-03 2.87e-03  8.64e-03     0s
   4  -1.92479199e+03 -1.93659312e+03  3.23e-04 8.05e-04  2.77e-03     0s
   5  -1.92579509e+03 -1.92747350e+03  1.27e-04 1.78e-15  4.00e-04     0s
   6  -1.92650945e+03 -1.92655735e+03  1.07e-06 1.78e-15  1.13e-05     0s
   7  -1.92652040e+03 -1.92652040e+03  6.23e-12 2.66e-15  1.12e-10     0s

Barrier solved model in 7 iterations and 0.02 seconds
Optimal objective -1.92652040e+03


Root relaxation: objective -1.926520e+03, 1019 iterations, 0.01 seconds

    Nodes    |    Current Node    |     Objective Bounds      |     Work
 Expl Unexpl |  Obj  Depth IntInf | Incumbent    BestBd   Gap | It/Node Time

     0     0 -1926.5204    0    8 -1630.2640 -1926.5204  18.2%     -    0s
H    0     0                    -1923.776000 -1926.5204  0.14%     -    0s

Explored 0 nodes (1265 simplex iterations) in 0.03 seconds
Thread count was 20 (of 20 available processors)

Solution count 3: -1923.78 -1630.26 -5.02 
Pool objective bound -1926.52

Optimal solution found (tolerance 5.00e-02)
Best objective -1.923776000000e+03, best bound -1.926520400000e+03, gap 0.1427%
(0, 1760.1239999999443)
(1, 1793.2559999999412)
(2, 1799.2799999999406)
(3, 1736.0279999999466)
(4, 1792.2519999999413)
(5, 1802.2919999999403)
(6, 1802.2919999999403)
(7, 1760.1239999999443)
(8, 1795.263999999941)
(9, 1795.263999999941)
(10, 1761.1279999999442)
(11, 1796.2679999999409)
(12, 1805.3039999999401)
(13, 1801.2879999999404)
(14, 1759.1199999999444)
(15, 1791.2479999999414)
(16, 1798.2759999999407)
(17, 1806.30799999994)
(18, 1804.2999999999402)
(19, 1795.263999999941)
(20, 1747.0719999999455)
(21, 1797.2719999999408)
(22, 1798.2759999999407)
(23, 1802.2919999999403)
(24, 1728.9999999999472)
(25, 1804.2999999999402)
(26, 1761.1279999999442)
(27, 1796.2679999999409)
(28, 1794.2599999999411)
(29, 1792.2519999999413)
(30, 1799.2799999999406)
(31, 1714.9439999999486)
(32, 1752.0919999999451)
(33, 1798.2759999999407)
(34, 1725.9879999999475)
(35, 1795.263999999941)
(36, 1745.0639999999457)
(37, 1796.2679999999409)
(38, 1751.0879999999452)
(39, 1725.9879999999475)
(0, 1810.3239999999396)
(1, 1818.3559999999388)
(2, 1820.3639999999386)
(3, 1814.3399999999392)
(4, 1818.3559999999388)
(5, 1816.347999999939)
(6, 1817.3519999999389)
(7, 1816.347999999939)
(8, 1817.3519999999389)
(9, 1812.3319999999394)
(10, 1818.3559999999388)
(11, 1814.3399999999392)
(12, 1813.3359999999393)
(13, 1819.3599999999387)
(14, 1814.3399999999392)
(15, 1819.3599999999387)
(16, 1819.3599999999387)
(17, 1821.3679999999385)
(18, 1821.3679999999385)
(19, 1815.3439999999391)
(20, 1828.3959999999379)
(21, 1815.3439999999391)
(22, 1812.3319999999394)
(23, 1817.3519999999389)
(24, 1813.3359999999393)
(25, 1823.3759999999384)
(26, 1814.3399999999392)
(27, 1817.3519999999389)
(28, 1827.391999999938)
(29, 1818.3559999999388)
(30, 1816.347999999939)
(31, 1818.3559999999388)
(32, 1818.3559999999388)
(33, 1817.3519999999389)
(34, 1817.3519999999389)
(35, 1813.3359999999393)
(36, 1820.3639999999386)
(37, 1817.3519999999389)
(38, 1818.3559999999388)
(39, 1814.3399999999392)
Changed value of parameter MIPGap to 0.05
   Prev: 0.0001  Min: 0.0  Max: 1e+100  Default: 0.0001
Changed value of parameter TimeLimit to 1800.0
   Prev: 1e+100  Min: 0.0  Max: 1e+100  Default: 1e+100
Changed value of parameter Method to 2
   Prev: -1  Min: -1  Max: 4  Default: -1
Changed value of parameter MIPFocus to 1
   Prev: 0  Min: 0  Max: 3  Default: 0
Optimize a model with 4982 rows, 7323 columns and 14646 nonzeros
Variable types: 0 continuous, 7323 integer (7323 binary)
Coefficient statistics:
  Matrix range     [1e+00, 5e+00]
  Objective range  [1e+00, 1e+00]
  Bounds range     [1e+00, 1e+00]
  RHS range        [8e+01, 8e+01]
Found heuristic solution: objective 0
Presolve removed 4889 rows and 5219 columns
Presolve time: 0.01s
Presolved: 93 rows, 2104 columns, 4110 nonzeros
Found heuristic solution: objective -1633.080000
Variable types: 0 continuous, 2104 integer (1816 binary)
Presolved: 93 rows, 2104 columns, 4110 nonzeros

Root barrier log...

Ordering time: 0.00s

Barrier statistics:
 AA' NZ     : 1.946e+03
 Factor NZ  : 4.025e+03 (roughly 1 MByte of memory)
 Factor Ops : 2.298e+05 (less than 1 second per iteration)
 Threads    : 1

                  Objective                Residual
Iter       Primal          Dual         Primal    Dual     Compl     Time
   0  -5.76799775e+03 -3.88907297e+03  2.75e+01 4.44e-16  1.91e+00     0s
   1  -2.14562123e+03 -3.25466634e+03  2.48e+00 3.10e-01  4.53e-01     0s
   2  -1.86989674e+03 -2.09817297e+03  6.89e-02 2.23e-02  5.71e-02     0s
   3  -1.92044609e+03 -1.98109196e+03  2.82e-03 5.83e-03  1.43e-02     0s
   4  -1.92683497e+03 -1.94411137e+03  2.26e-04 1.59e-03  4.04e-03     0s
   5  -1.92784388e+03 -1.93379554e+03  7.07e-05 4.52e-04  1.39e-03     0s
   6  -1.92840754e+03 -1.92853207e+03  2.47e-06 1.78e-15  2.95e-05     0s
   7  -1.92847544e+03 -1.92847552e+03  1.76e-09 1.78e-15  1.92e-08     0s
   8  -1.92847550e+03 -1.92847550e+03  4.72e-15 1.78e-15  1.98e-14     0s

Barrier solved model in 8 iterations and 0.02 seconds
Optimal objective -1.92847550e+03


Root relaxation: objective -1.928476e+03, 1018 iterations, 0.01 seconds

    Nodes    |    Current Node    |     Objective Bounds      |     Work
 Expl Unexpl |  Obj  Depth IntInf | Incumbent    BestBd   Gap | It/Node Time

     0     0 -1928.4755    0    8 -1633.0800 -1928.4755  18.1%     -    0s
H    0     0                    -1925.720000 -1928.4755  0.14%     -    0s

Explored 0 nodes (1580 simplex iterations) in 0.03 seconds
Thread count was 20 (of 20 available processors)

Solution count 3: -1925.72 -1633.08 -5.025 
Pool objective bound -1928.48

Optimal solution found (tolerance 5.00e-02)
Best objective -1.925720000000e+03, best bound -1.928475000000e+03, gap 0.1431%
(0, 1741.8050000000737)
(1, 1807.1300000000808)
(2, 1805.1200000000806)
(3, 1749.8450000000746)
(4, 1734.770000000073)
(5, 1812.1550000000814)
(6, 1811.1500000000813)
(7, 1799.09000000008)
(8, 1752.8600000000749)
(9, 1812.1550000000814)
(10, 1809.140000000081)
(11, 1805.1200000000806)
(12, 1820.1950000000822)
(13, 1805.1200000000806)
(14, 1807.1300000000808)
(15, 1739.7950000000735)
(16, 1817.1800000000819)
(17, 1818.185000000082)
(18, 1804.1150000000805)
(19, 1795.0700000000795)
(20, 1801.1000000000802)
(21, 1742.8100000000738)
(22, 1794.0650000000794)
(23, 1815.1700000000817)
(24, 1808.1350000000809)
(25, 1751.8550000000748)
(26, 1811.1500000000813)
(27, 1808.1350000000809)
(28, 1811.1500000000813)
(29, 1793.0600000000793)
(30, 1748.8400000000745)
(31, 1807.1300000000808)
(32, 1799.09000000008)
(33, 1807.1300000000808)
(34, 1751.8550000000748)
(35, 1792.0550000000792)
(36, 1813.1600000000815)
(37, 1808.1350000000809)
(38, 1814.1650000000816)
(39, 1809.140000000081)
(0, 1816.1750000000818)
(1, 1815.1700000000817)
(2, 1824.2150000000827)
(3, 1819.1900000000821)
(4, 1813.1600000000815)
(5, 1813.1600000000815)
(6, 1811.1500000000813)
(7, 1817.1800000000819)
(8, 1819.1900000000821)
(9, 1819.1900000000821)
(10, 1816.1750000000818)
(11, 1818.185000000082)
(12, 1814.1650000000816)
(13, 1821.2000000000824)
(14, 1822.2050000000825)
(15, 1817.1800000000819)
(16, 1818.185000000082)
(17, 1829.2400000000832)
(18, 1815.1700000000817)
(19, 1810.1450000000812)
(20, 1814.1650000000816)
(21, 1817.1800000000819)
(22, 1814.1650000000816)
(23, 1820.1950000000822)
(24, 1816.1750000000818)
(25, 1816.1750000000818)
(26, 1810.1450000000812)
(27, 1807.1300000000808)
(28, 1823.2100000000826)
(29, 1810.1450000000812)
(30, 1814.1650000000816)
(31, 1819.1900000000821)
(32, 1822.2050000000825)
(33, 1816.1750000000818)
(34, 1813.1600000000815)
(35, 1825.2200000000828)
(36, 1822.2050000000825)
(37, 1815.1700000000817)
(38, 1813.1600000000815)
(39, 1818.185000000082)
Changed value of parameter MIPGap to 0.05
   Prev: 0.0001  Min: 0.0  Max: 1e+100  Default: 0.0001
Changed value of parameter TimeLimit to 1800.0
   Prev: 1e+100  Min: 0.0  Max: 1e+100  Default: 1e+100
Changed value of parameter Method to 2
   Prev: -1  Min: -1  Max: 4  Default: -1
Changed value of parameter MIPFocus to 1
   Prev: 0  Min: 0  Max: 3  Default: 0
Optimize a model with 4982 rows, 7323 columns and 14646 nonzeros
Variable types: 0 continuous, 7323 integer (7323 binary)
Coefficient statistics:
  Matrix range     [1e+00, 5e+00]
  Objective range  [1e+00, 1e+00]
  Bounds range     [1e+00, 1e+00]
  RHS range        [8e+01, 8e+01]
Found heuristic solution: objective 0
Presolve removed 4889 rows and 5219 columns
Presolve time: 0.01s
Presolved: 93 rows, 2104 columns, 4110 nonzeros
Found heuristic solution: objective -1647.160000
Variable types: 0 continuous, 2104 integer (1816 binary)
Presolved: 93 rows, 2104 columns, 4110 nonzeros

Root barrier log...

Ordering time: 0.00s

Barrier statistics:
 AA' NZ     : 1.946e+03
 Factor NZ  : 4.025e+03 (roughly 1 MByte of memory)
 Factor Ops : 2.298e+05 (less than 1 second per iteration)
 Threads    : 1

                  Objective                Residual
Iter       Primal          Dual         Primal    Dual     Compl     Time
   0  -5.80644534e+03 -3.90887054e+03  2.75e+01 8.88e-16  1.91e+00     0s
   1  -2.15713046e+03 -3.27083137e+03  2.47e+00 3.08e-01  4.54e-01     0s
   2  -1.87918882e+03 -2.10601393e+03  6.00e-02 2.16e-02  5.63e-02     0s
   3  -1.93081579e+03 -1.98361183e+03  1.98e-03 4.62e-03  1.24e-02     0s
   4  -1.93657320e+03 -1.95236720e+03  1.89e-04 1.38e-03  3.69e-03     0s
   5  -1.93753687e+03 -1.94303651e+03  6.51e-05 4.50e-04  1.29e-03     0s
   6  -1.93819583e+03 -1.93841981e+03  0.00e+00 1.78e-15  5.22e-05     0s
   7  -1.93825099e+03 -1.93825103e+03  0.00e+00 2.66e-15  8.88e-09     0s
   8  -1.93825100e+03 -1.93825100e+03  1.18e-15 1.78e-15  9.00e-15     0s

Barrier solved model in 8 iterations and 0.02 seconds
Optimal objective -1.93825100e+03


Root relaxation: objective -1.938251e+03, 1018 iterations, 0.01 seconds

    Nodes    |    Current Node    |     Objective Bounds      |     Work
 Expl Unexpl |  Obj  Depth IntInf | Incumbent    BestBd   Gap | It/Node Time

     0     0 -1938.2510    0   10 -1647.1600 -1938.2510  17.7%     -    0s
H    0     0                    -1935.440000 -1938.2510  0.15%     -    0s

Explored 0 nodes (1312 simplex iterations) in 0.03 seconds
Thread count was 20 (of 20 available processors)

Solution count 3: -1935.44 -1647.16 -5.05 
Pool objective bound -1938.25

Optimal solution found (tolerance 5.00e-02)
Best objective -1.935440000000e+03, best bound -1.938250000000e+03, gap 0.1452%
(0, 1815.2499999999852)
(1, 1760.7099999999857)
(2, 1777.8799999999856)
(3, 1803.1299999999853)
(4, 1811.2099999999853)
(5, 1760.7099999999857)
(6, 1811.2099999999853)
(7, 1757.6799999999857)
(8, 1773.8399999999856)
(9, 1812.2199999999852)
(10, 1743.5399999999859)
(11, 1762.7299999999857)
(12, 1811.2099999999853)
(13, 1753.6399999999858)
(14, 1758.6899999999857)
(15, 1810.1999999999853)
(16, 1757.6799999999857)
(17, 1812.2199999999852)
(18, 1811.2099999999853)
(19, 1816.2599999999852)
(20, 1814.2399999999852)
(21, 1812.2199999999852)
(22, 1806.1599999999853)
(23, 1806.1599999999853)
(24, 1802.1199999999853)
(25, 1741.5199999999859)
(26, 1814.2399999999852)
(27, 1762.7299999999857)
(28, 1739.4999999999859)
(29, 1761.7199999999857)
(30, 1748.5899999999858)
(31, 1775.8599999999856)
(32, 1812.2199999999852)
(33, 1805.1499999999853)
(34, 1806.1599999999853)
(35, 1732.429999999986)
(36, 1803.1299999999853)
(37, 1817.2699999999852)
(38, 1739.4999999999859)
(39, 1804.1399999999853)
(0, 1820.2999999999852)
(1, 1826.3599999999851)
(2, 1816.2599999999852)
(3, 1823.3299999999851)
(4, 1821.3099999999852)
(5, 1821.3099999999852)
(6, 1833.4299999999851)
(7, 1822.3199999999852)
(8, 1819.2899999999852)
(9, 1827.3699999999851)
(10, 1821.3099999999852)
(11, 1826.3599999999851)
(12, 1821.3099999999852)
(13, 1823.3299999999851)
(14, 1829.3899999999851)
(15, 1826.3599999999851)
(16, 1815.2499999999852)
(17, 1828.3799999999851)
(18, 1821.3099999999852)
(19, 1838.479999999985)
(20, 1826.3599999999851)
(21, 1822.3199999999852)
(22, 1828.3799999999851)
(23, 1829.3899999999851)
(24, 1820.2999999999852)
(25, 1822.3199999999852)
(26, 1827.3699999999851)
(27, 1820.2999999999852)
(28, 1828.3799999999851)
(29, 1831.4099999999851)
(30, 1823.3299999999851)
(31, 1810.1999999999853)
(32, 1827.3699999999851)
(33, 1824.3399999999851)
(34, 1822.3199999999852)
(35, 1823.3299999999851)
(36, 1823.3299999999851)
(37, 1822.3199999999852)
(38, 1826.3599999999851)
(39, 1819.2899999999852)
Changed value of parameter MIPGap to 0.05
   Prev: 0.0001  Min: 0.0  Max: 1e+100  Default: 0.0001
Changed value of parameter TimeLimit to 1800.0
   Prev: 1e+100  Min: 0.0  Max: 1e+100  Default: 1e+100
Changed value of parameter Method to 2
   Prev: -1  Min: -1  Max: 4  Default: -1
Changed value of parameter MIPFocus to 1
   Prev: 0  Min: 0  Max: 3  Default: 0
Optimize a model with 4982 rows, 7323 columns and 14646 nonzeros
Variable types: 0 continuous, 7323 integer (7323 binary)
Coefficient statistics:
  Matrix range     [1e+00, 5e+00]
  Objective range  [1e+00, 1e+00]
  Bounds range     [1e+00, 1e+00]
  RHS range        [8e+01, 8e+01]
Found heuristic solution: objective 0
Presolve removed 4889 rows and 5219 columns
Presolve time: 0.01s
Presolved: 93 rows, 2104 columns, 4110 nonzeros
Found heuristic solution: objective -1675.320000
Variable types: 0 continuous, 2104 integer (1816 binary)
Presolved: 93 rows, 2104 columns, 4110 nonzeros

Root barrier log...

Ordering time: 0.00s

Barrier statistics:
 AA' NZ     : 1.946e+03
 Factor NZ  : 4.025e+03 (roughly 1 MByte of memory)
 Factor Ops : 2.298e+05 (less than 1 second per iteration)
 Threads    : 1

                  Objective                Residual
Iter       Primal          Dual         Primal    Dual     Compl     Time
   0  -5.88333960e+03 -3.94846568e+03  2.75e+01 4.44e-16  1.92e+00     0s
   1  -2.18023670e+03 -3.30321641e+03  2.43e+00 3.06e-01  4.55e-01     0s
   2  -1.90025905e+03 -2.11675102e+03  5.62e-02 1.87e-02  5.35e-02     0s
   3  -1.95140032e+03 -1.99153765e+03  2.20e-03 2.38e-03  9.46e-03     0s
   4  -1.95644108e+03 -1.97028464e+03  5.67e-05 5.68e-05  3.23e-03     0s
   5  -1.95712579e+03 -1.96380472e+03  0.00e+00 3.72e-04  1.56e-03     0s
   6  -1.95756624e+03 -1.95832395e+03  0.00e+00 1.78e-15  1.77e-04     0s
   7  -1.95779921e+03 -1.95780891e+03  0.00e+00 1.78e-15  2.26e-06     0s
   8  -1.95780200e+03 -1.95780200e+03  0.00e+00 1.78e-15  5.99e-12     0s

Barrier solved model in 8 iterations and 0.02 seconds
Optimal objective -1.95780200e+03


Root relaxation: objective -1.957802e+03, 1019 iterations, 0.01 seconds

    Nodes    |    Current Node    |     Objective Bounds      |     Work
 Expl Unexpl |  Obj  Depth IntInf | Incumbent    BestBd   Gap | It/Node Time

     0     0 -1957.8020    0    8 -1675.3200 -1957.8020  16.9%     -    0s
H    0     0                    -1954.880000 -1957.8020  0.15%     -    0s

Explored 0 nodes (1355 simplex iterations) in 0.03 seconds
Thread count was 20 (of 20 available processors)

Solution count 3: -1954.88 -1675.32 -5.1 
Pool objective bound -1957.8

Optimal solution found (tolerance 5.00e-02)
Best objective -1.954880000000e+03, best bound -1.957800000000e+03, gap 0.1494%
(0, 1832.4799999999732)
(1, 1748.8399999999747)
(2, 1833.4999999999732)
(3, 1835.5399999999731)
(4, 1841.659999999973)
(5, 1830.4399999999732)
(6, 1771.2799999999743)
(7, 1837.5799999999731)
(8, 1825.3399999999733)
(9, 1834.5199999999732)
(10, 1838.5999999999731)
(11, 1760.0599999999745)
(12, 1831.4599999999732)
(13, 1845.739999999973)
(14, 1838.5999999999731)
(15, 1839.6199999999731)
(16, 1835.5399999999731)
(17, 1832.4799999999732)
(18, 1829.4199999999732)
(19, 1833.4999999999732)
(20, 1825.3399999999733)
(21, 1826.3599999999733)
(22, 1769.2399999999743)
(23, 1746.7999999999747)
(24, 1770.2599999999743)
(25, 1834.5199999999732)
(26, 1829.4199999999732)
(27, 1825.3399999999733)
(28, 1839.6199999999731)
(29, 1830.4399999999732)
(30, 1836.5599999999731)
(31, 1782.4999999999741)
(32, 1828.3999999999733)
(33, 1833.4999999999732)
(34, 1763.1199999999744)
(35, 1839.6199999999731)
(36, 1844.719999999973)
(37, 1828.3999999999733)
(38, 1781.4799999999741)
(39, 1828.3999999999733)
(0, 1841.659999999973)
(1, 1847.7799999999729)
(2, 1844.719999999973)
(3, 1841.659999999973)
(4, 1836.5599999999731)
(5, 1838.5999999999731)
(6, 1841.659999999973)
(7, 1840.639999999973)
(8, 1839.6199999999731)
(9, 1850.8399999999729)
(10, 1843.699999999973)
(11, 1836.5599999999731)
(12, 1838.5999999999731)
(13, 1839.6199999999731)
(14, 1838.5999999999731)
(15, 1840.639999999973)
(16, 1843.699999999973)
(17, 1850.8399999999729)
(18, 1838.5999999999731)
(19, 1838.5999999999731)
(20, 1843.699999999973)
(21, 1835.5399999999731)
(22, 1842.679999999973)
(23, 1846.7599999999729)
(24, 1839.6199999999731)
(25, 1847.7799999999729)
(26, 1840.639999999973)
(27, 1838.5999999999731)
(28, 1839.6199999999731)
(29, 1843.699999999973)
(30, 1845.739999999973)
(31, 1841.659999999973)
(32, 1847.7799999999729)
(33, 1834.5199999999732)
(34, 1846.7599999999729)
(35, 1839.6199999999731)
(36, 1842.679999999973)
(37, 1843.699999999973)
(38, 1847.7799999999729)
(39, 1838.5999999999731)
Changed value of parameter MIPGap to 0.05
   Prev: 0.0001  Min: 0.0  Max: 1e+100  Default: 0.0001
Changed value of parameter TimeLimit to 1800.0
   Prev: 1e+100  Min: 0.0  Max: 1e+100  Default: 1e+100
Changed value of parameter Method to 2
   Prev: -1  Min: -1  Max: 4  Default: -1
Changed value of parameter MIPFocus to 1
   Prev: 0  Min: 0  Max: 3  Default: 0
Optimize a model with 4982 rows, 7323 columns and 14646 nonzeros
Variable types: 0 continuous, 7323 integer (7323 binary)
Coefficient statistics:
  Matrix range     [1e+00, 5e+00]
  Objective range  [1e+00, 1e+00]
  Bounds range     [1e+00, 1e+00]
  RHS range        [8e+01, 8e+01]
Found heuristic solution: objective 0
Presolve removed 4889 rows and 5219 columns
Presolve time: 0.01s
Presolved: 93 rows, 2104 columns, 4110 nonzeros
Found heuristic solution: objective -1731.640000
Variable types: 0 continuous, 2104 integer (1816 binary)
Presolved: 93 rows, 2104 columns, 4110 nonzeros

Root barrier log...

Ordering time: 0.00s

Barrier statistics:
 AA' NZ     : 1.946e+03
 Factor NZ  : 4.025e+03 (roughly 1 MByte of memory)
 Factor Ops : 2.298e+05 (less than 1 second per iteration)
 Threads    : 1

                  Objective                Residual
Iter       Primal          Dual         Primal    Dual     Compl     Time
   0  -6.03712449e+03 -4.02765595e+03  2.75e+01 4.44e-16  1.94e+00     0s
   1  -2.22680330e+03 -3.36820609e+03  2.37e+00 3.00e-01  4.57e-01     0s
   2  -1.93307214e+03 -2.14295378e+03  2.81e-02 1.49e-02  5.06e-02     0s
   3  -1.99336159e+03 -2.01336052e+03  1.29e-03 1.78e-15  4.73e-03     0s
   4  -1.99581865e+03 -2.00399506e+03  5.50e-04 1.78e-04  1.94e-03     0s
   5  -1.99658243e+03 -1.99873441e+03  3.40e-04 1.78e-15  5.23e-04     0s
   6  -1.99696334e+03 -1.99795741e+03  2.25e-04 1.78e-15  2.46e-04     0s
   7  -1.99778425e+03 -1.99792282e+03  4.64e-06 1.78e-15  3.25e-05     0s
   8  -1.99780160e+03 -1.99780336e+03  0.00e+00 1.78e-15  4.08e-07     0s
   9  -1.99780200e+03 -1.99780200e+03  0.00e+00 2.66e-15  4.08e-10     0s

Barrier solved model in 9 iterations and 0.02 seconds
Optimal objective -1.99780200e+03


Root relaxation: objective -1.997802e+03, 1215 iterations, 0.01 seconds

    Nodes    |    Current Node    |     Objective Bounds      |     Work
 Expl Unexpl |  Obj  Depth IntInf | Incumbent    BestBd   Gap | It/Node Time

     0     0 -1997.8020    0   32 -1731.6400 -1997.8020  15.4%     -    0s
H    0     0                    -1985.480000 -1997.8020  0.62%     -    0s

Explored 0 nodes (1520 simplex iterations) in 0.06 seconds
Thread count was 20 (of 20 available processors)

Solution count 3: -1985.48 -1731.64 -5.2 
Pool objective bound -1997.8

Optimal solution found (tolerance 5.00e-02)
Best objective -1.985480000000e+03, best bound -1.997800000000e+03, gap 0.6205%
(0, 1826.3599999999583)
(1, 1804.5199999999591)
(2, 1741.0799999999613)
(3, 1805.559999999959)
(4, 1813.8799999999587)
(5, 1807.6399999999589)
(6, 1812.8399999999588)
(7, 1792.0399999999595)
(8, 1750.4399999999609)
(9, 1812.8399999999588)
(10, 1807.6399999999589)
(11, 1797.2399999999593)
(12, 1764.9999999999604)
(13, 1798.2799999999593)
(14, 1812.8399999999588)
(15, 1811.7999999999588)
(16, 1812.8399999999588)
(17, 1794.1199999999594)
(18, 1809.7199999999589)
(19, 1811.7999999999588)
(20, 1811.7999999999588)
(21, 1806.599999999959)
(22, 1808.6799999999589)
(23, 1811.7999999999588)
(24, 1806.599999999959)
(25, 1801.3999999999592)
(26, 1813.8799999999587)
(27, 1804.5199999999593)
(28, 1771.2399999999602)
(29, 1807.6399999999589)
(30, 1809.7199999999589)
(31, 1819.0799999999585)
(32, 1770.1999999999603)
(33, 1768.1199999999603)
(34, 1805.559999999959)
(35, 1790.9999999999595)
(36, 1812.8399999999588)
(37, 1782.6799999999598)
(38, 1802.4399999999591)
(39, 1732.7599999999616)
(0, 1835.719999999958)
(1, 1836.7599999999579)
(2, 1840.9199999999578)
(3, 1844.0399999999577)
(4, 1842.9999999999577)
(5, 1838.8399999999579)
(6, 1831.5599999999581)
(7, 1838.8399999999579)
(8, 1840.9199999999578)
(9, 1840.9199999999578)
(10, 1839.8799999999578)
(11, 1836.7599999999579)
(12, 1841.9599999999577)
(13, 1845.0799999999576)
(14, 1836.7599999999579)
(15, 1837.7999999999579)
(16, 1831.5599999999581)
(17, 1848.1999999999575)
(18, 1837.7999999999579)
(19, 1842.9999999999577)
(20, 1840.9199999999578)
(21, 1840.9199999999578)
(22, 1835.719999999958)
(23, 1831.5599999999581)
(24, 1844.0399999999577)
(25, 1834.679999999958)
(26, 1838.8399999999579)
(27, 1844.0399999999577)
(28, 1844.0399999999577)
(29, 1832.5999999999581)
(30, 1838.8399999999579)
(31, 1847.1599999999576)
(32, 1846.1199999999576)
(33, 1846.1199999999576)
(34, 1842.9999999999577)
(35, 1838.8399999999579)
(36, 1848.1999999999575)
(37, 1847.1599999999576)
(38, 1830.5199999999581)
(39, 1847.1599999999576)
Changed value of parameter MIPGap to 0.05
   Prev: 0.0001  Min: 0.0  Max: 1e+100  Default: 0.0001
Changed value of parameter TimeLimit to 1800.0
   Prev: 1e+100  Min: 0.0  Max: 1e+100  Default: 1e+100
Changed value of parameter Method to 2
   Prev: -1  Min: -1  Max: 4  Default: -1
Changed value of parameter MIPFocus to 1
   Prev: 0  Min: 0  Max: 3  Default: 0
Optimize a model with 4982 rows, 7323 columns and 14646 nonzeros
Variable types: 0 continuous, 7323 integer (7323 binary)
Coefficient statistics:
  Matrix range     [1e+00, 5e+00]
  Objective range  [1e+00, 1e+00]
  Bounds range     [1e+00, 1e+00]
  RHS range        [8e+01, 8e+01]
Found heuristic solution: objective 0
Presolve removed 4889 rows and 5219 columns
Presolve time: 0.01s
Presolved: 93 rows, 2104 columns, 4110 nonzeros
Found heuristic solution: objective -1759.800000
Variable types: 0 continuous, 2104 integer (1816 binary)
Presolved: 93 rows, 2104 columns, 4110 nonzeros

Root barrier log...

Ordering time: 0.00s

Barrier statistics:
 AA' NZ     : 1.946e+03
 Factor NZ  : 4.025e+03 (roughly 1 MByte of memory)
 Factor Ops : 2.298e+05 (less than 1 second per iteration)
 Threads    : 1

                  Objective                Residual
Iter       Primal          Dual         Primal    Dual     Compl     Time
   0  -6.11401516e+03 -4.06725109e+03  2.75e+01 8.88e-16  1.95e+00     0s
   1  -2.25026508e+03 -3.40081049e+03  2.34e+00 2.97e-01  4.58e-01     0s
   2  -1.95323748e+03 -2.16104029e+03  1.85e-02 1.40e-02  4.95e-02     0s
   3  -2.01081884e+03 -2.03978289e+03  2.07e-03 1.78e-15  6.86e-03     0s
   4  -2.01775363e+03 -2.02316355e+03  4.82e-04 2.66e-15  1.29e-03     0s
   5  -2.01994352e+03 -2.02085424e+03  6.89e-05 1.78e-15  2.17e-04     0s
   6  -2.02038025e+03 -2.02040835e+03  0.00e+00 1.78e-15  6.53e-06     0s
   7  -2.02038375e+03 -2.02038375e+03  0.00e+00 1.78e-15  1.61e-10     0s

Barrier solved model in 7 iterations and 0.02 seconds
Optimal objective -2.02038375e+03


Root relaxation: objective -2.020384e+03, 1214 iterations, 0.01 seconds

    Nodes    |    Current Node    |     Objective Bounds      |     Work
 Expl Unexpl |  Obj  Depth IntInf | Incumbent    BestBd   Gap | It/Node Time

     0     0 -2020.3837    0   41 -1759.8000 -2020.3837  14.8%     -    0s
H    0     0                    -2010.050000 -2020.3837  0.51%     -    0s

Explored 0 nodes (1332 simplex iterations) in 0.04 seconds
Thread count was 20 (of 20 available processors)

Solution count 3: -2010.05 -1759.8 -5.25 
Pool objective bound -2020.2

Optimal solution found (tolerance 5.00e-02)
Best objective -2.010050000000e+03, best bound -2.020200000000e+03, gap 0.5050%
(0, 1769.5999999999497)
(1, 1763.2999999999499)
(2, 1825.2499999999472)
(3, 1767.4999999999498)
(4, 1801.0999999999483)
(5, 1782.1999999999491)
(6, 1774.8499999999494)
(7, 1830.499999999947)
(8, 1766.4499999999498)
(9, 1819.9999999999475)
(10, 1763.2999999999499)
(11, 1764.3499999999499)
(12, 1776.9499999999493)
(13, 1754.8999999999503)
(14, 1766.4499999999498)
(15, 1773.7999999999495)
(16, 1830.499999999947)
(17, 1761.19999999995)
(18, 1770.6499999999496)
(19, 1758.0499999999502)
(20, 1831.549999999947)
(21, 1822.0999999999474)
(22, 1825.2499999999472)
(23, 1753.8499999999503)
(24, 1772.7499999999495)
(25, 1768.5499999999497)
(26, 1827.3499999999472)
(27, 1781.1499999999492)
(28, 1824.1999999999473)
(29, 1766.4499999999498)
(30, 1782.1999999999491)
(31, 1756.9999999999502)
(32, 1818.9499999999475)
(33, 1759.0999999999501)
(34, 1753.8499999999503)
(35, 1758.0499999999502)
(36, 1765.3999999999498)
(37, 1768.5499999999497)
(38, 1751.7499999999504)
(39, 1832.5999999999469)
(0, 1851.4999999999461)
(1, 1855.6999999999459)
(2, 1852.5499999999461)
(3, 1863.0499999999456)
(4, 1853.599999999946)
(5, 1858.8499999999458)
(6, 1853.599999999946)
(7, 1856.7499999999459)
(8, 1847.2999999999463)
(9, 1861.9999999999457)
(10, 1847.2999999999463)
(11, 1857.7999999999458)
(12, 1850.4499999999462)
(13, 1859.8999999999457)
(14, 1855.6999999999459)
(15, 1853.599999999946)
(16, 1854.649999999946)
(17, 1861.9999999999457)
(18, 1858.8499999999458)
(19, 1860.9499999999457)
(20, 1853.599999999946)
(21, 1853.599999999946)
(22, 1854.649999999946)
(23, 1854.649999999946)
(24, 1857.7999999999458)
(25, 1863.0499999999456)
(26, 1858.8499999999458)
(27, 1853.599999999946)
(28, 1856.7499999999459)
(29, 1853.599999999946)
(30, 1858.8499999999458)
(31, 1863.0499999999456)
(32, 1860.9499999999457)
(33, 1855.6999999999459)
(34, 1851.4999999999461)
(35, 1856.7499999999459)
(36, 1849.3999999999462)
(37, 1856.7499999999459)
(38, 1849.3999999999462)
(39, 1849.3999999999462)
Changed value of parameter MIPGap to 0.05
   Prev: 0.0001  Min: 0.0  Max: 1e+100  Default: 0.0001
Changed value of parameter TimeLimit to 1800.0
   Prev: 1e+100  Min: 0.0  Max: 1e+100  Default: 1e+100
Changed value of parameter Method to 2
   Prev: -1  Min: -1  Max: 4  Default: -1
Changed value of parameter MIPFocus to 1
   Prev: 0  Min: 0  Max: 3  Default: 0
Optimize a model with 4982 rows, 7323 columns and 14646 nonzeros
Variable types: 0 continuous, 7323 integer (7323 binary)
Coefficient statistics:
  Matrix range     [1e+00, 5e+00]
  Objective range  [1e+00, 2e+00]
  Bounds range     [1e+00, 1e+00]
  RHS range        [8e+01, 8e+01]
Found heuristic solution: objective 0
Presolve removed 4889 rows and 5219 columns
Presolve time: 0.01s
Presolved: 93 rows, 2104 columns, 4110 nonzeros
Found heuristic solution: objective -1900.600000
Variable types: 0 continuous, 2104 integer (1816 binary)
Presolved: 93 rows, 2104 columns, 4110 nonzeros

Root barrier log...

Ordering time: 0.00s

Barrier statistics:
 AA' NZ     : 1.946e+03
 Factor NZ  : 4.025e+03 (roughly 1 MByte of memory)
 Factor Ops : 2.298e+05 (less than 1 second per iteration)
 Threads    : 1

                  Objective                Residual
Iter       Primal          Dual         Primal    Dual     Compl     Time
   0  -6.49845159e+03 -4.26522679e+03  2.75e+01 4.44e-16  2.01e+00     0s
   1  -2.37061011e+03 -3.56495520e+03  2.18e+00 2.84e-01  4.62e-01     0s
   2  -2.06805663e+03 -2.28060842e+03  0.00e+00 1.57e-02  4.94e-02     0s
   3  -2.11487405e+03 -2.17000690e+03  0.00e+00 5.33e-15  1.28e-02     0s
   4  -2.12834988e+03 -2.13712601e+03  0.00e+00 1.78e-15  2.04e-03     0s
   5  -2.13277505e+03 -2.13378602e+03  0.00e+00 1.78e-15  2.35e-04     0s
   6  -2.13315664e+03 -2.13334764e+03  0.00e+00 1.78e-15  4.44e-05     0s
   7  -2.13329194e+03 -2.13329462e+03  0.00e+00 1.78e-15  6.23e-07     0s
   8  -2.13329250e+03 -2.13329250e+03  0.00e+00 1.78e-15  3.07e-12     0s

Barrier solved model in 8 iterations and 0.02 seconds
Optimal objective -2.13329250e+03


Root relaxation: objective -2.133292e+03, 1212 iterations, 0.01 seconds

    Nodes    |    Current Node    |     Objective Bounds      |     Work
 Expl Unexpl |  Obj  Depth IntInf | Incumbent    BestBd   Gap | It/Node Time

     0     0 -2133.2925    0   37 -1900.6000 -2133.2925  12.2%     -    0s
H    0     0                    -2119.000000 -2133.2925  0.67%     -    0s

Explored 0 nodes (1602 simplex iterations) in 0.05 seconds
Thread count was 20 (of 20 available processors)

Solution count 3: -2119 -1900.6 -5.5 
Pool objective bound -2133.2

Optimal solution found (tolerance 5.00e-02)
Best objective -2.119000000000e+03, best bound -2.133200000000e+03, gap 0.6701%
(0, 1904.4999999999422)
(1, 1892.3999999999432)
(2, 1901.1999999999425)
(3, 1894.5999999999431)
(4, 1874.7999999999447)
(5, 1956.199999999938)
(6, 1892.3999999999432)
(7, 1944.099999999939)
(8, 1936.3999999999394)
(9, 1948.4999999999386)
(10, 1869.2999999999452)
(11, 1893.4999999999432)
(12, 1953.9999999999382)
(13, 1897.8999999999428)
(14, 1905.5999999999422)
(15, 1911.0999999999417)
(16, 1950.6999999999384)
(17, 1880.2999999999442)
(18, 1966.0999999999372)
(19, 1901.1999999999425)
(20, 1935.2999999999395)
(21, 1898.9999999999427)
(22, 1887.9999999999436)
(23, 1902.2999999999424)
(24, 1909.9999999999418)
(25, 1883.599999999944)
(26, 1874.7999999999445)
(27, 1882.4999999999441)
(28, 1901.1999999999425)
(29, 1867.0999999999453)
(30, 1894.5999999999428)
(31, 1886.8999999999437)
(32, 1939.6999999999391)
(33, 1955.0999999999381)
(34, 1927.5999999999403)
(35, 1958.3999999999378)
(36, 1895.6999999999427)
(37, 1869.2999999999449)
(38, 1958.3999999999378)
(39, 1919.899999999941)
(0, 1959.4999999999377)
(1, 1968.299999999937)
(2, 1952.899999999938)
(3, 1973.7999999999365)
(4, 1952.899999999938)
(5, 1970.4999999999368)
(6, 1964.9999999999372)
(7, 1953.9999999999382)
(8, 1952.899999999938)
(9, 1952.8999999999382)
(10, 1975.9999999999363)
(11, 1953.9999999999379)
(12, 1956.199999999938)
(13, 1956.199999999938)
(14, 1956.199999999938)
(15, 1956.199999999938)
(16, 1968.299999999937)
(17, 1971.5999999999367)
(18, 1975.9999999999363)
(19, 1951.7999999999383)
(20, 1959.4999999999377)
(21, 1968.299999999937)
(22, 1981.4999999999359)
(23, 1967.1999999999371)
(24, 1957.2999999999377)
(25, 1971.5999999999365)
(26, 1964.9999999999372)
(27, 1958.3999999999378)
(28, 1967.1999999999371)
(29, 1961.6999999999375)
(30, 1966.0999999999369)
(31, 1956.1999999999377)
(32, 1972.6999999999366)
(33, 1963.8999999999373)
(34, 1959.4999999999377)
(35, 1978.1999999999362)
(36, 1956.199999999938)
(37, 1972.6999999999366)
(38, 1955.0999999999378)
(39, 1955.0999999999381)
Changed value of parameter MIPGap to 0.05
   Prev: 0.0001  Min: 0.0  Max: 1e+100  Default: 0.0001
Changed value of parameter TimeLimit to 1800.0
   Prev: 1e+100  Min: 0.0  Max: 1e+100  Default: 1e+100
Changed value of parameter Method to 2
   Prev: -1  Min: -1  Max: 4  Default: -1
Changed value of parameter MIPFocus to 1
   Prev: 0  Min: 0  Max: 3  Default: 0
Optimize a model with 4982 rows, 7323 columns and 14646 nonzeros
Variable types: 0 continuous, 7323 integer (7323 binary)
Coefficient statistics:
  Matrix range     [1e+00, 5e+00]
  Objective range  [1e+00, 3e+00]
  Bounds range     [1e+00, 1e+00]
  RHS range        [8e+01, 8e+01]
Found heuristic solution: objective 0
Presolve removed 4889 rows and 5219 columns
Presolve time: 0.01s
Presolved: 93 rows, 2104 columns, 4110 nonzeros
Found heuristic solution: objective -2211.600000
Variable types: 0 continuous, 2104 integer (1816 binary)
Presolved: 93 rows, 2104 columns, 4110 nonzeros

Root barrier log...

Ordering time: 0.00s

Barrier statistics:
 AA' NZ     : 1.946e+03
 Factor NZ  : 4.025e+03 (roughly 1 MByte of memory)
 Factor Ops : 2.298e+05 (less than 1 second per iteration)
 Threads    : 1

                  Objective                Residual
Iter       Primal          Dual         Primal    Dual     Compl     Time
   0  -7.26724698e+03 -4.66117817e+03  2.75e+01 4.44e-16  2.12e+00     0s
   1  -2.62869684e+03 -3.89847811e+03  1.94e+00 2.59e-01  4.71e-01     0s
   2  -2.32327627e+03 -2.49440767e+03  5.83e-02 1.04e-02  4.34e-02     0s
   3  -2.34478297e+03 -2.39058432e+03  1.65e-02 1.78e-15  1.16e-02     0s
   4  -2.35160389e+03 -2.36827463e+03  4.90e-03 1.78e-15  4.16e-03     0s
   5  -2.35793557e+03 -2.36183353e+03  1.20e-03 1.78e-15  9.77e-04     0s
   6  -2.35938852e+03 -2.35981779e+03  2.15e-04 1.78e-15  1.13e-04     0s
   7  -2.35960638e+03 -2.35961250e+03  9.87e-07 1.78e-15  1.49e-06     0s
   8  -2.35961000e+03 -2.35961000e+03  1.71e-12 1.78e-15  4.21e-12     0s

Barrier solved model in 8 iterations and 0.02 seconds
Optimal objective -2.35961000e+03


Root relaxation: objective -2.359610e+03, 1237 iterations, 0.01 seconds

    Nodes    |    Current Node    |     Objective Bounds      |     Work
 Expl Unexpl |  Obj  Depth IntInf | Incumbent    BestBd   Gap | It/Node Time

     0     0 -2359.6100    0   41 -2211.6000 -2359.6100  6.69%     -    0s
H    0     0                    -2344.000000 -2359.6100  0.67%     -    0s

Explored 0 nodes (1400 simplex iterations) in 0.04 seconds
Thread count was 20 (of 20 available processors)

Solution count 3: -2344 -2211.6 -6 
Pool objective bound -2359.6

Optimal solution found (tolerance 5.00e-02)
Best objective -2.344000000000e+03, best bound -2.359600000000e+03, gap 0.6655%
(0, 2084.8000000000493)
(1, 2095.6000000000477)
(2, 2112.4000000000451)
(3, 2104.0000000000464)
(4, 2094.4000000000474)
(5, 2158.0000000000382)
(6, 2096.8000000000475)
(7, 2083.6000000000495)
(8, 2104.0000000000464)
(9, 2094.4000000000478)
(10, 2071.6000000000513)
(11, 2083.600000000049)
(12, 2065.6000000000522)
(13, 2107.6000000000458)
(14, 2090.8000000000484)
(15, 2141.2000000000407)
(16, 2114.8000000000447)
(17, 2147.2000000000398)
(18, 2101.6000000000463)
(19, 2138.8000000000411)
(20, 2068.0000000000514)
(21, 2119.600000000044)
(22, 2069.2000000000512)
(23, 2074.0000000000505)
(24, 2110.0000000000455)
(25, 2095.6000000000472)
(26, 2081.2000000000494)
(27, 2100.4000000000469)
(28, 2147.2000000000398)
(29, 2089.6000000000486)
(30, 2146.00000000004)
(31, 2066.800000000052)
(32, 2142.4000000000406)
(33, 2098.0000000000473)
(34, 2094.4000000000478)
(35, 2101.6000000000467)
(36, 2096.8000000000475)
(37, 2117.2000000000444)
(38, 2148.4000000000397)
(39, 2096.8000000000475)
(0, 2173.6000000000358)
(1, 2171.2000000000362)
(2, 2173.6000000000354)
(3, 2180.8000000000347)
(4, 2172.400000000036)
(5, 2176.0000000000355)
(6, 2182.0000000000346)
(7, 2166.4000000000369)
(8, 2172.400000000036)
(9, 2177.2000000000353)
(10, 2179.6000000000349)
(11, 2171.2000000000362)
(12, 2172.400000000036)
(13, 2177.2000000000353)
(14, 2170.0000000000364)
(15, 2174.8000000000357)
(16, 2179.6000000000349)
(17, 2174.8000000000357)
(18, 2174.8000000000357)
(19, 2176.0000000000355)
(20, 2176.0000000000355)
(21, 2171.2000000000357)
(22, 2164.0000000000373)
(23, 2162.8000000000375)
(24, 2174.8000000000352)
(25, 2180.8000000000343)
(26, 2160.4000000000378)
(27, 2176.0000000000355)
(28, 2176.0000000000355)
(29, 2177.2000000000353)
(30, 2171.2000000000362)
(31, 2179.6000000000345)
(32, 2167.6000000000363)
(33, 2168.8000000000366)
(34, 2172.4000000000356)
(35, 2166.4000000000369)
(36, 2173.6000000000358)
(37, 2183.2000000000344)
(38, 2174.8000000000357)
(39, 2176.0000000000355)
Changed value of parameter MIPGap to 0.05
   Prev: 0.0001  Min: 0.0  Max: 1e+100  Default: 0.0001
Changed value of parameter TimeLimit to 1800.0
   Prev: 1e+100  Min: 0.0  Max: 1e+100  Default: 1e+100
Changed value of parameter Method to 2
   Prev: -1  Min: -1  Max: 4  Default: -1
Changed value of parameter MIPFocus to 1
   Prev: 0  Min: 0  Max: 3  Default: 0
Optimize a model with 4982 rows, 7323 columns and 14646 nonzeros
Variable types: 0 continuous, 7323 integer (7323 binary)
Coefficient statistics:
  Matrix range     [1e+00, 5e+00]
  Objective range  [1e+00, 4e+00]
  Bounds range     [1e+00, 1e+00]
  RHS range        [8e+01, 8e+01]
Found heuristic solution: objective 0
Presolve removed 4889 rows and 5219 columns
Presolve time: 0.01s
Presolved: 93 rows, 2104 columns, 4110 nonzeros
Found heuristic solution: objective -2804.200000
Variable types: 0 continuous, 2104 integer (1816 binary)
Presolved: 93 rows, 2104 columns, 4110 nonzeros

Root barrier log...

Ordering time: 0.00s

Barrier statistics:
 AA' NZ     : 1.946e+03
 Factor NZ  : 4.025e+03 (roughly 1 MByte of memory)
 Factor Ops : 2.298e+05 (less than 1 second per iteration)
 Threads    : 1

                  Objective                Residual
Iter       Primal          Dual         Primal    Dual     Compl     Time
   0  -8.80541320e+03 -5.52992080e+03  2.75e+01 8.88e-16  2.41e+00     0s
   1  -3.18368706e+03 -4.64327709e+03  1.54e+00 2.36e-01  5.02e-01     0s
   2  -2.93853005e+03 -3.09449122e+03  1.15e-01 1.12e-02  4.36e-02     0s
   3  -2.95127215e+03 -2.98507060e+03  4.19e-02 1.78e-15  1.04e-02     0s
   4  -2.95693596e+03 -2.96496875e+03  3.01e-04 1.78e-15  1.90e-03     0s
   5  -2.95992737e+03 -2.96013473e+03  1.50e-05 1.78e-15  4.99e-05     0s
   6  -2.95994987e+03 -2.95995003e+03  0.00e+00 2.66e-15  3.89e-08     0s
   7  -2.95995000e+03 -2.95995000e+03  5.84e-15 1.78e-15  3.89e-14     0s

Barrier solved model in 7 iterations and 0.02 seconds
Optimal objective -2.95995000e+03


Root relaxation: objective -2.959950e+03, 1704 iterations, 0.01 seconds

    Nodes    |    Current Node    |     Objective Bounds      |     Work
 Expl Unexpl |  Obj  Depth IntInf | Incumbent    BestBd   Gap | It/Node Time

     0     0 -2959.9500    0   37 -2804.2000 -2959.9500  5.55%     -    0s
H    0     0                    -2944.200000 -2959.9500  0.53%     -    0s

Explored 0 nodes (1955 simplex iterations) in 0.05 seconds
Thread count was 20 (of 20 available processors)

Solution count 3: -2944.2 -2804.2 -7 
Pool objective bound -2959.6

Optimal solution found (tolerance 5.00e-02)
Best objective -2.944200000000e+03, best bound -2.959600000000e+03, gap 0.5231%
(0, 2657.2000000000994)
(1, 2675.4000000001015)
(2, 2644.6000000001)
(3, 2665.6000000001)
(4, 2676.8000000001016)
(5, 2668.4000000000988)
(6, 2643.200000000098)
(7, 2668.4000000001006)
(8, 2655.8000000000989)
(9, 2683.800000000102)
(10, 2650.200000000099)
(11, 2655.8000000000984)
(12, 2683.8000000001007)
(13, 2695.0000000001028)
(14, 2653.0000000000996)
(15, 2654.400000000101)
(16, 2682.4000000001015)
(17, 2669.8000000000993)
(18, 2667.000000000101)
(19, 2686.6000000001022)
(20, 2661.4000000000997)
(21, 2667.0000000001005)
(22, 2678.2000000000999)
(23, 2650.200000000099)
(24, 2660.0000000001005)
(25, 2650.2000000000976)
(26, 2665.600000000099)
(27, 2654.4000000000988)
(28, 2651.6000000001)
(29, 2647.4000000000983)
(30, 2662.8000000001007)
(31, 2681.0000000000987)
(32, 2667.0000000001)
(33, 2650.2000000000985)
(34, 2662.8000000001007)
(35, 2651.600000000099)
(36, 2653.0000000000991)
(37, 2661.400000000101)
(38, 2682.4000000001001)
(39, 2646.0000000000996)
(0, 2696.4000000001038)
(1, 2689.4000000001029)
(2, 2686.6000000001018)
(3, 2688.000000000101)
(4, 2682.400000000102)
(5, 2682.400000000102)
(6, 2693.6000000001018)
(7, 2681.0000000001023)
(8, 2683.8000000001002)
(9, 2699.200000000103)
(10, 2689.4000000001015)
(11, 2690.800000000103)
(12, 2689.4000000001006)
(13, 2682.400000000102)
(14, 2692.2000000001021)
(15, 2689.4000000001029)
(16, 2681.0000000001023)
(17, 2689.4000000001029)
(18, 2690.8000000001025)
(19, 2676.8000000000998)
(20, 2696.4000000001038)
(21, 2679.6000000001013)
(22, 2690.8000000001034)
(23, 2676.8000000001007)
(24, 2676.8000000001011)
(25, 2688.0000000001019)
(26, 2686.6000000001022)
(27, 2686.6000000001013)
(28, 2688.0000000001014)
(29, 2683.8000000001016)
(30, 2685.2000000001021)
(31, 2685.2000000001012)
(32, 2678.2000000001003)
(33, 2681.0000000001005)
(34, 2700.600000000104)
(35, 2688.0000000001032)
(36, 2686.6000000001018)
(37, 2697.8000000001034)
(38, 2685.2000000001012)
(39, 2681.0000000001005)
Changed value of parameter MIPGap to 0.05
   Prev: 0.0001  Min: 0.0  Max: 1e+100  Default: 0.0001
Changed value of parameter TimeLimit to 1800.0
   Prev: 1e+100  Min: 0.0  Max: 1e+100  Default: 1e+100
Changed value of parameter Method to 2
   Prev: -1  Min: -1  Max: 4  Default: -1
Changed value of parameter MIPFocus to 1
   Prev: 0  Min: 0  Max: 3  Default: 0
Optimize a model with 4982 rows, 7323 columns and 14646 nonzeros
Variable types: 0 continuous, 7323 integer (7323 binary)
Coefficient statistics:
  Matrix range     [1e+00, 5e+00]
  Objective range  [2e+00, 5e+00]
  Bounds range     [1e+00, 1e+00]
  RHS range        [8e+01, 8e+01]
Found heuristic solution: objective 0
Presolve removed 4889 rows and 5219 columns
Presolve time: 0.01s
Presolved: 93 rows, 2104 columns, 4110 nonzeros
Found heuristic solution: objective -3113.500000
Variable types: 0 continuous, 2104 integer (1816 binary)
Presolved: 93 rows, 2104 columns, 4110 nonzeros

Root barrier log...

Ordering time: 0.00s

Barrier statistics:
 AA' NZ     : 1.946e+03
 Factor NZ  : 4.025e+03 (roughly 1 MByte of memory)
 Factor Ops : 2.298e+05 (less than 1 second per iteration)
 Threads    : 1

                  Objective                Residual
Iter       Primal          Dual         Primal    Dual     Compl     Time
   0  -9.57611917e+03 -6.12417000e+03  2.75e+01 4.44e-16  2.69e+00     0s
   1  -3.49623229e+03 -5.14447749e+03  1.48e+00 2.62e-01  5.56e-01     0s
   2  -3.26562991e+03 -3.48959027e+03  8.16e-02 1.78e-02  5.80e-02     0s
   3  -3.28812290e+03 -3.32547913e+03  2.77e-02 3.55e-15  1.06e-02     0s
   4  -3.29729387e+03 -3.30401081e+03  9.78e-05 1.78e-15  1.58e-03     0s
   5  -3.30136036e+03 -3.30152282e+03  2.93e-06 1.78e-15  3.85e-05     0s
   6  -3.30137492e+03 -3.30137501e+03  0.00e+00 2.66e-15  2.00e-08     0s
   7  -3.30137500e+03 -3.30137500e+03  8.76e-15 1.78e-15  2.02e-14     0s

Barrier solved model in 7 iterations and 0.02 seconds
Optimal objective -3.30137500e+03


Root relaxation: objective -3.301375e+03, 1704 iterations, 0.01 seconds

    Nodes    |    Current Node    |     Objective Bounds      |     Work
 Expl Unexpl |  Obj  Depth IntInf | Incumbent    BestBd   Gap | It/Node Time

     0     0 -3301.3750    0   32 -3113.5000 -3301.3750  6.03%     -    0s
H    0     0                    -3283.000000 -3301.3750  0.56%     -    0s

Explored 0 nodes (2016 simplex iterations) in 0.05 seconds
Thread count was 20 (of 20 available processors)

Solution count 3: -3283 -3113.5 -7.5 
Pool objective bound -3301

Optimal solution found (tolerance 5.00e-02)
Best objective -3.283000000000e+03, best bound -3.301000000000e+03, gap 0.5483%
(0, 2987.5)
(1, 2993.5)
(2, 2978.5)
(3, 3016.0)
(4, 2977.0)
(5, 3023.5)
(6, 3002.5)
(7, 3040.0)
(8, 3025.0)
(9, 3011.5)
(10, 2980.0)
(11, 3022.0)
(12, 3026.5)
(13, 2984.5)
(14, 3031.0)
(15, 3023.5)
(16, 3019.0)
(17, 3008.5)
(18, 2974.0)
(19, 3013.0)
(20, 2974.0)
(21, 3008.5)
(22, 3013.0)
(23, 3035.5)
(24, 2998.0)
(25, 3004.0)
(26, 3010.0)
(27, 3001.0)
(28, 2998.0)
(29, 3038.5)
(30, 2987.5)
(31, 2989.0)
(32, 3022.0)
(33, 2989.0)
(34, 2999.5)
(35, 2990.5)
(36, 3025.0)
(37, 3001.0)
(38, 2974.0)
(39, 3055.0)
(0, 3008.0)
(1, 3008.0)
(2, 3003.0)
(3, 3012.5)
(4, 3010.0)
(5, 3003.5)
(6, 3001.0)
(7, 3010.0)
(8, 3010.0)
(9, 3013.5)
(10, 3005.5)
(11, 3001.0)
(12, 3012.5)
(13, 3007.5)
(14, 3004.0)
(15, 2998.5)
(16, 3012.5)
(17, 2999.5)
(18, 3002.5)
(19, 3013.0)
(20, 2992.0)
(21, 3013.0)
(22, 2998.0)
(23, 3012.5)
(24, 3009.5)
(25, 3003.0)
(26, 3014.0)
(27, 2998.0)
(28, 2992.0)
(29, 3005.5)
(30, 3010.0)
(31, 3005.0)
(32, 3009.0)
(33, 3016.0)
(34, 3001.0)
(35, 3019.0)
(36, 2998.0)
(37, 3018.5)
(38, 2998.5)
(39, 3012.0)
Changed value of parameter MIPGap to 0.05
   Prev: 0.0001  Min: 0.0  Max: 1e+100  Default: 0.0001
Changed value of parameter TimeLimit to 1800.0
   Prev: 1e+100  Min: 0.0  Max: 1e+100  Default: 1e+100
Changed value of parameter Method to 2
   Prev: -1  Min: -1  Max: 4  Default: -1
Changed value of parameter MIPFocus to 1
   Prev: 0  Min: 0  Max: 3  Default: 0
Optimize a model with 4982 rows, 7323 columns and 14646 nonzeros
Variable types: 0 continuous, 7323 integer (7323 binary)
Coefficient statistics:
  Matrix range     [1e+00, 5e+00]
  Objective range  [2e+00, 9e+00]
  Bounds range     [1e+00, 1e+00]
  RHS range        [8e+01, 8e+01]
Found heuristic solution: objective 0
Presolve removed 4889 rows and 5219 columns
Presolve time: 0.01s
Presolved: 93 rows, 2104 columns, 4110 nonzeros
Found heuristic solution: objective -4619.000000
Variable types: 0 continuous, 2104 integer (1816 binary)
Presolved: 93 rows, 2104 columns, 4110 nonzeros

Root barrier log...

Ordering time: 0.00s

Barrier statistics:
 AA' NZ     : 1.946e+03
 Factor NZ  : 4.025e+03 (roughly 1 MByte of memory)
 Factor Ops : 2.298e+05 (less than 1 second per iteration)
 Threads    : 1

                  Objective                Residual
Iter       Primal          Dual         Primal    Dual     Compl     Time
   0  -1.34388861e+04 -1.07442523e+04  2.75e+01 8.88e-16  5.57e+00     0s
   1  -4.96082306e+03 -8.89927601e+03  1.03e+00 7.78e-01  1.15e+00     0s
   2  -4.90755230e+03 -5.40259848e+03  3.38e-02 5.75e-02  1.21e-01     0s
   3  -4.98805806e+03 -5.04950506e+03  7.14e-03 3.55e-15  1.53e-02     0s
   4  -4.99453825e+03 -5.01142774e+03  0.00e+00 3.55e-15  3.93e-03     0s
   5  -5.00847825e+03 -5.00890331e+03  0.00e+00 3.55e-15  9.90e-05     0s
   6  -5.00849840e+03 -5.00850009e+03  0.00e+00 3.55e-15  3.93e-07     0s
   7  -5.00850000e+03 -5.00850000e+03  6.02e-15 3.55e-15  1.33e-12     0s

Barrier solved model in 7 iterations and 0.02 seconds
Optimal objective -5.00850000e+03


Root relaxation: objective -5.008500e+03, 1704 iterations, 0.01 seconds

    Nodes    |    Current Node    |     Objective Bounds      |     Work
 Expl Unexpl |  Obj  Depth IntInf | Incumbent    BestBd   Gap | It/Node Time

     0     0 -5008.5000    0   36 -4619.0000 -5008.5000  8.43%     -    0s
H    0     0                    -4984.000000 -5008.5000  0.49%     -    0s

Explored 0 nodes (1924 simplex iterations) in 0.06 seconds
Thread count was 20 (of 20 available processors)

Solution count 3: -4984 -4619 -10 
Pool objective bound -5008

Optimal solution found (tolerance 5.00e-02)
Best objective -4.984000000000e+03, best bound -5.008000000000e+03, gap 0.4815%
(0, 4584.0)
(1, 4568.0)
(2, 4592.0)
(3, 4570.0)
(4, 4600.0)
(5, 4610.0)
(6, 4590.0)
(7, 4572.0)
(8, 4580.0)
(9, 4572.0)
(10, 4598.0)
(11, 4578.0)
(12, 4592.0)
(13, 4570.0)
(14, 4596.0)
(15, 4570.0)
(16, 4566.0)
(17, 4578.0)
(18, 4586.0)
(19, 4600.0)
(20, 4576.0)
(21, 4572.0)
(22, 4578.0)
(23, 4592.0)
(24, 4580.0)
(25, 4578.0)
(26, 4610.0)
(27, 4572.0)
(28, 4610.0)
(29, 4554.0)
(30, 4588.0)
(31, 4572.0)
(32, 4584.0)
(33, 4596.0)
(34, 4566.0)
(35, 4590.0)
(36, 4568.0)
(37, 4586.0)
(38, 4598.0)
(39, 4576.0)
(0, 4629.0)
(1, 4615.0)
(2, 4625.0)
(3, 4625.0)
(4, 4621.0)
(5, 4613.0)
(6, 4623.0)
(7, 4631.0)
(8, 4621.0)
(9, 4635.0)
(10, 4635.0)
(11, 4619.0)
(12, 4617.0)
(13, 4629.0)
(14, 4625.0)
(15, 4629.0)
(16, 4627.0)
(17, 4627.0)
(18, 4615.0)
(19, 4627.0)
(20, 4623.0)
(21, 4621.0)
(22, 4633.0)
(23, 4631.0)
(24, 4631.0)
(25, 4627.0)
(26, 4629.0)
(27, 4631.0)
(28, 4609.0)
(29, 4637.0)
(30, 4619.0)
(31, 4637.0)
(32, 4629.0)
(33, 4627.0)
(34, 4617.0)
(35, 4633.0)
(36, 4621.0)
(37, 4613.0)
(38, 4629.0)
(39, 4613.0)
Changed value of parameter MIPGap to 0.05
   Prev: 0.0001  Min: 0.0  Max: 1e+100  Default: 0.0001
Changed value of parameter TimeLimit to 1800.0
   Prev: 1e+100  Min: 0.0  Max: 1e+100  Default: 1e+100
Changed value of parameter Method to 2
   Prev: -1  Min: -1  Max: 4  Default: -1
Changed value of parameter MIPFocus to 1
   Prev: 0  Min: 0  Max: 3  Default: 0
Optimize a model with 4982 rows, 7323 columns and 14646 nonzeros
Variable types: 0 continuous, 7323 integer (7323 binary)
Coefficient statistics:
  Matrix range     [1e+00, 5e+00]
  Objective range  [3e+00, 2e+01]
  Bounds range     [1e+00, 1e+00]
  RHS range        [8e+01, 8e+01]
Found heuristic solution: objective 0
Presolve removed 4889 rows and 5219 columns
Presolve time: 0.01s
Presolved: 93 rows, 2104 columns, 4110 nonzeros
Found heuristic solution: objective -7657.000000
Variable types: 0 continuous, 2104 integer (1816 binary)
Presolved: 93 rows, 2104 columns, 4110 nonzeros

Root barrier log...

Ordering time: 0.00s

Barrier statistics:
 AA' NZ     : 1.946e+03
 Factor NZ  : 4.025e+03 (roughly 1 MByte of memory)
 Factor Ops : 2.298e+05 (less than 1 second per iteration)
 Threads    : 1

                  Objective                Residual
Iter       Primal          Dual         Primal    Dual     Compl     Time
   0  -2.11544781e+04 -1.99907634e+04  2.76e+01 1.78e-15  1.13e+01     0s
   1  -7.98486791e+03 -1.64086815e+04  7.19e-01 1.83e+00  2.32e+00     0s
   2  -8.23238869e+03 -9.09131615e+03  0.00e+00 1.21e-01  2.00e-01     0s
   3  -8.38714384e+03 -8.47897707e+03  0.00e+00 7.11e-15  2.14e-02     0s
   4  -8.40808364e+03 -8.42580918e+03  0.00e+00 7.11e-15  4.12e-03     0s
   5  -8.42270637e+03 -8.42341164e+03  0.00e+00 7.11e-15  1.64e-04     0s
   6  -8.42274636e+03 -8.42275006e+03  0.00e+00 7.11e-15  8.61e-07     0s
   7  -8.42275000e+03 -8.42275000e+03  0.00e+00 7.11e-15  5.90e-12     0s

Barrier solved model in 7 iterations and 0.02 seconds
Optimal objective -8.42275000e+03


Root relaxation: objective -8.422750e+03, 1704 iterations, 0.01 seconds

    Nodes    |    Current Node    |     Objective Bounds      |     Work
 Expl Unexpl |  Obj  Depth IntInf | Incumbent    BestBd   Gap | It/Node Time

     0     0 -8422.7500    0   42 -7657.0000 -8422.7500  10.0%     -    0s
H    0     0                    -8389.000000 -8422.7500  0.40%     -    0s

Explored 0 nodes (1911 simplex iterations) in 0.04 seconds
Thread count was 20 (of 20 available processors)

Solution count 3: -8389 -7657 -15 
Pool objective bound -8422

Optimal solution found (tolerance 5.00e-02)
Best objective -8.389000000000e+03, best bound -8.422000000000e+03, gap 0.3934%
(0, 7783.0)
(1, 7825.0)
(2, 7735.0)
(3, 7771.0)
(4, 7738.0)
(5, 7795.0)
(6, 7765.0)
(7, 7741.0)
(8, 7771.0)
(9, 7786.0)
(10, 7777.0)
(11, 7765.0)
(12, 7798.0)
(13, 7747.0)
(14, 7780.0)
(15, 7777.0)
(16, 7750.0)
(17, 7789.0)
(18, 7765.0)
(19, 7792.0)
(20, 7810.0)
(21, 7741.0)
(22, 7774.0)
(23, 7735.0)
(24, 7762.0)
(25, 7756.0)
(26, 7756.0)
(27, 7792.0)
(28, 7786.0)
(29, 7798.0)
(30, 7789.0)
(31, 7774.0)
(32, 7804.0)
(33, 7879.0)
(34, 7819.0)
(35, 7786.0)
(36, 7768.0)
(37, 7834.0)
(38, 7822.0)
(39, 7759.0)
(0, 7799.0)
(1, 7835.0)
(2, 7838.0)
(3, 7850.0)
(4, 7808.0)
(5, 7832.0)
(6, 7823.0)
(7, 7823.0)
(8, 7835.0)
(9, 7823.0)
(10, 7837.0)
(11, 7829.0)
(12, 7823.0)
(13, 7823.0)
(14, 7814.0)
(15, 7841.0)
(16, 7808.0)
(17, 7838.0)
(18, 7832.0)
(19, 7820.0)
(20, 7811.0)
(21, 7817.0)
(22, 7823.0)
(23, 7832.0)
(24, 7844.0)
(25, 7829.0)
(26, 7823.0)
(27, 7817.0)
(28, 7826.0)
(29, 7811.0)
(30, 7856.0)
(31, 7853.0)
(32, 7805.0)
(33, 7817.0)
(34, 7832.0)
(35, 7823.0)
(36, 7838.0)
(37, 7829.0)
(38, 7829.0)
(39, 7841.0)
Changed value of parameter MIPGap to 0.05
   Prev: 0.0001  Min: 0.0  Max: 1e+100  Default: 0.0001
Changed value of parameter TimeLimit to 1800.0
   Prev: 1e+100  Min: 0.0  Max: 1e+100  Default: 1e+100
Changed value of parameter Method to 2
   Prev: -1  Min: -1  Max: 4  Default: -1
Changed value of parameter MIPFocus to 1
   Prev: 0  Min: 0  Max: 3  Default: 0
Optimize a model with 4982 rows, 7323 columns and 14646 nonzeros
Variable types: 0 continuous, 7323 integer (7323 binary)
Coefficient statistics:
  Matrix range     [1e+00, 5e+00]
  Objective range  [5e+00, 3e+01]
  Bounds range     [1e+00, 1e+00]
  RHS range        [8e+01, 8e+01]
Found heuristic solution: objective 0
Presolve removed 4889 rows and 5219 columns
Presolve time: 0.01s
Presolved: 93 rows, 2104 columns, 4110 nonzeros
Found heuristic solution: objective -13723.00000
Variable types: 0 continuous, 2104 integer (1816 binary)
Presolved: 93 rows, 2104 columns, 4110 nonzeros

Root barrier log...

Ordering time: 0.00s

Barrier statistics:
 AA' NZ     : 1.946e+03
 Factor NZ  : 4.025e+03 (roughly 1 MByte of memory)
 Factor Ops : 2.298e+05 (less than 1 second per iteration)
 Threads    : 1

                  Objective                Residual
Iter       Primal          Dual         Primal    Dual     Compl     Time
   0  -3.65808791e+04 -3.84837858e+04  2.76e+01 3.55e-15  2.29e+01     0s
   1  -1.41104471e+04 -3.14251141e+04  5.44e-01 3.95e+00  4.62e+00     0s
   2  -1.48570055e+04 -1.65765558e+04  0.00e+00 2.61e-01  4.02e-01     0s
   3  -1.51875564e+04 -1.53198496e+04  0.00e+00 1.42e-14  3.08e-02     0s
   4  -1.52345801e+04 -1.52550339e+04  0.00e+00 7.11e-15  4.76e-03     0s
   5  -1.52511433e+04 -1.52525145e+04  0.00e+00 1.42e-14  3.19e-04     0s
   6  -1.52512425e+04 -1.52512501e+04  0.00e+00 7.11e-15  1.77e-06     0s
   7  -1.52512500e+04 -1.52512500e+04  0.00e+00 1.07e-14  4.37e-12     0s

Barrier solved model in 7 iterations and 0.02 seconds
Optimal objective -1.52512500e+04


Root relaxation: objective -1.525125e+04, 1705 iterations, 0.01 seconds

    Nodes    |    Current Node    |     Objective Bounds      |     Work
 Expl Unexpl |  Obj  Depth IntInf | Incumbent    BestBd   Gap | It/Node Time

     0     0 -15251.250    0   40 -13723.000 -15251.250  11.1%     -    0s
H    0     0                    -15190.00000 -15251.250  0.40%     -    0s

Explored 0 nodes (1833 simplex iterations) in 0.05 seconds
Thread count was 20 (of 20 available processors)

Solution count 3: -15190 -13723 -25 
Pool objective bound -15251

Optimal solution found (tolerance 5.00e-02)
Best objective -1.519000000000e+04, best bound -1.525100000000e+04, gap 0.4016%
(0, 14160.0)
(1, 14260.0)
(2, 14290.0)
(3, 14270.0)
(4, 14270.0)
(5, 14325.0)
(6, 14365.0)
(7, 14260.0)
(8, 14285.0)
(9, 14320.0)
(10, 14160.0)
(11, 14210.0)
(12, 14230.0)
(13, 14180.0)
(14, 14310.0)
(15, 14240.0)
(16, 14190.0)
(17, 14180.0)
(18, 14170.0)
(19, 14150.0)
(20, 14215.0)
(21, 14215.0)
(22, 14165.0)
(23, 14265.0)
(24, 14235.0)
(25, 14250.0)
(26, 14185.0)
(27, 14305.0)
(28, 14310.0)
(29, 14165.0)
(30, 14170.0)
(31, 14155.0)
(32, 14155.0)
(33, 14315.0)
(34, 14190.0)
(35, 14205.0)
(36, 14260.0)
(37, 14325.0)
(38, 14160.0)
(39, 14270.0)
(0, 14282.0)
(1, 14247.0)
(2, 14277.0)
(3, 14262.0)
(4, 14262.0)
(5, 14277.0)
(6, 14252.0)
(7, 14257.0)
(8, 14287.0)
(9, 14247.0)
(10, 14232.0)
(11, 14232.0)
(12, 14307.0)
(13, 14257.0)
(14, 14297.0)
(15, 14242.0)
(16, 14282.0)
(17, 14252.0)
(18, 14297.0)
(19, 14272.0)
(20, 14247.0)
(21, 14237.0)
(22, 14252.0)
(23, 14297.0)
(24, 14282.0)
(25, 14240.0)
(26, 14282.0)
(27, 14272.0)
(28, 14262.0)
(29, 14265.0)
(30, 14247.0)
(31, 14282.0)
(32, 14237.0)
(33, 14282.0)
(34, 14287.0)
(35, 14257.0)
(36, 14242.0)
(37, 14287.0)
(38, 14297.0)
(39, 14277.0)
Changed value of parameter MIPGap to 0.05
   Prev: 0.0001  Min: 0.0  Max: 1e+100  Default: 0.0001
Changed value of parameter TimeLimit to 1800.0
   Prev: 1e+100  Min: 0.0  Max: 1e+100  Default: 1e+100
Changed value of parameter Method to 2
   Prev: -1  Min: -1  Max: 4  Default: -1
Changed value of parameter MIPFocus to 1
   Prev: 0  Min: 0  Max: 3  Default: 0
Optimize a model with 4982 rows, 7323 columns and 14646 nonzeros
Variable types: 0 continuous, 7323 integer (7323 binary)
Coefficient statistics:
  Matrix range     [1e+00, 5e+00]
  Objective range  [6e+00, 4e+01]
  Bounds range     [1e+00, 1e+00]
  RHS range        [8e+01, 8e+01]
Found heuristic solution: objective 0
Presolve removed 4889 rows and 5219 columns
Presolve time: 0.01s
Presolved: 93 rows, 2104 columns, 4110 nonzeros
Found heuristic solution: objective -16756.00000
Variable types: 0 continuous, 2104 integer (1816 binary)
Presolved: 93 rows, 2104 columns, 4110 nonzeros

Root barrier log...

Ordering time: 0.00s

Barrier statistics:
 AA' NZ     : 1.946e+03
 Factor NZ  : 4.025e+03 (roughly 1 MByte of memory)
 Factor Ops : 2.298e+05 (less than 1 second per iteration)
 Threads    : 1

                  Objective                Residual
Iter       Primal          Dual         Primal    Dual     Compl     Time
   0  -4.42936108e+04 -4.77302969e+04  2.76e+01 7.11e-15  2.86e+01     0s
   1  -1.71822983e+04 -3.89330830e+04  5.07e-01 5.01e+00  5.77e+00     0s
   2  -1.81762149e+04 -2.03202258e+04  0.00e+00 3.32e-01  5.01e-01     0s
   3  -1.86026851e+04 -1.87764708e+04  0.00e+00 1.42e-14  4.04e-02     0s
   4  -1.86245668e+04 -1.86696524e+04  0.00e+00 1.42e-14  1.05e-02     0s
   5  -1.86653696e+04 -1.86665675e+04  0.00e+00 1.42e-14  2.79e-04     0s
   6  -1.86655000e+04 -1.86655000e+04  0.00e+00 1.42e-14  4.41e-10     0s

Barrier solved model in 6 iterations and 0.02 seconds
Optimal objective -1.86655000e+04


Root relaxation: objective -1.866550e+04, 1705 iterations, 0.01 seconds

    Nodes    |    Current Node    |     Objective Bounds      |     Work
 Expl Unexpl |  Obj  Depth IntInf | Incumbent    BestBd   Gap | It/Node Time

     0     0 -18665.500    0   41 -16756.000 -18665.500  11.4%     -    0s
H    0     0                    -18592.00000 -18665.500  0.40%     -    0s

Explored 0 nodes (2024 simplex iterations) in 0.05 seconds
Thread count was 20 (of 20 available processors)

Solution count 3: -18592 -16756 -30 
Pool objective bound -18665

Optimal solution found (tolerance 5.00e-02)
Best objective -1.859200000000e+04, best bound -1.866500000000e+04, gap 0.3926%
(0, 17380.0)
(1, 17428.0)
(2, 17332.0)
(3, 17626.0)
(4, 17428.0)
(5, 17656.0)
(6, 17338.0)
(7, 17506.0)
(8, 17704.0)
(9, 17494.0)
(10, 17344.0)
(11, 17608.0)
(12, 17362.0)
(13, 17428.0)
(14, 17554.0)
(15, 17494.0)
(16, 17338.0)
(17, 17434.0)
(18, 17434.0)
(19, 17302.0)
(20, 17554.0)
(21, 17458.0)
(22, 17464.0)
(23, 17380.0)
(24, 17488.0)
(25, 17482.0)
(26, 17488.0)
(27, 17320.0)
(28, 17356.0)
(29, 17476.0)
(30, 17392.0)
(31, 17404.0)
(32, 17380.0)
(33, 17416.0)
(34, 17590.0)
(35, 17446.0)
(36, 17680.0)
(37, 17476.0)
(38, 17404.0)
(39, 17434.0)
(0, 17495.0)
(1, 17513.0)
(2, 17489.0)
(3, 17489.0)
(4, 17465.0)
(5, 17507.0)
(6, 17489.0)
(7, 17507.0)
(8, 17555.0)
(9, 17495.0)
(10, 17512.0)
(11, 17489.0)
(12, 17507.0)
(13, 17549.0)
(14, 17489.0)
(15, 17489.0)
(16, 17495.0)
(17, 17507.0)
(18, 17453.0)
(19, 17507.0)
(20, 17495.0)
(21, 17495.0)
(22, 17525.0)
(23, 17501.0)
(24, 17471.0)
(25, 17465.0)
(26, 17483.0)
(27, 17507.0)
(28, 17477.0)
(29, 17453.0)
(30, 17477.0)
(31, 17501.0)
(32, 17459.0)
(33, 17477.0)
(34, 17519.0)
(35, 17525.0)
(36, 17447.0)
(37, 17507.0)
(38, 17501.0)
(39, 17531.0)
Changed value of parameter MIPGap to 0.05
   Prev: 0.0001  Min: 0.0  Max: 1e+100  Default: 0.0001
Changed value of parameter TimeLimit to 1800.0
   Prev: 1e+100  Min: 0.0  Max: 1e+100  Default: 1e+100
Changed value of parameter Method to 2
   Prev: -1  Min: -1  Max: 4  Default: -1
Changed value of parameter MIPFocus to 1
   Prev: 0  Min: 0  Max: 3  Default: 0
Optimize a model with 4982 rows, 7323 columns and 14646 nonzeros
Variable types: 0 continuous, 7323 integer (7323 binary)
Coefficient statistics:
  Matrix range     [1e+00, 5e+00]
  Objective range  [1e+01, 8e+01]
  Bounds range     [1e+00, 1e+00]
  RHS range        [8e+01, 8e+01]
Found heuristic solution: objective 0
Presolve removed 4889 rows and 5219 columns
Presolve time: 0.01s
Presolved: 93 rows, 2104 columns, 4110 nonzeros
Found heuristic solution: objective -31921.00000
Variable types: 0 continuous, 2104 integer (1816 binary)
Presolved: 93 rows, 2104 columns, 4110 nonzeros

Root barrier log...

Ordering time: 0.00s

Barrier statistics:
 AA' NZ     : 1.946e+03
 Factor NZ  : 4.025e+03 (roughly 1 MByte of memory)
 Factor Ops : 2.298e+05 (less than 1 second per iteration)
 Threads    : 1

                  Objective                Residual
Iter       Primal          Dual         Primal    Dual     Compl     Time
   0  -8.28563414e+04 -9.39628527e+04  2.76e+01 1.42e-14  5.74e+01     0s
   1  -3.25613465e+04 -7.64724687e+04  4.30e-01 1.03e+01  1.15e+01     0s
   2  -3.47760123e+04 -3.89438027e+04  0.00e+00 6.60e-01  9.75e-01     0s
   3  -3.56175940e+04 -3.58931671e+04  0.00e+00 2.84e-14  6.41e-02     0s
   4  -3.56603554e+04 -3.57453840e+04  0.00e+00 2.84e-14  1.98e-02     0s
   5  -3.57364639e+04 -3.57403428e+04  0.00e+00 2.84e-14  9.02e-04     0s
   6  -3.57367500e+04 -3.57367500e+04  0.00e+00 4.26e-14  4.55e-09     0s

Barrier solved model in 6 iterations and 0.02 seconds
Optimal objective -3.57367500e+04


Root relaxation: objective -3.573675e+04, 1705 iterations, 0.01 seconds

    Nodes    |    Current Node    |     Objective Bounds      |     Work
 Expl Unexpl |  Obj  Depth IntInf | Incumbent    BestBd   Gap | It/Node Time

     0     0 -35736.750    0   38 -31921.000 -35736.750  12.0%     -    0s
H    0     0                    -35602.00000 -35736.750  0.38%     -    0s

Explored 0 nodes (1918 simplex iterations) in 0.05 seconds
Thread count was 20 (of 20 available processors)

Solution count 3: -35602 -31921 -55 
Pool objective bound -35736

Optimal solution found (tolerance 5.00e-02)
Best objective -3.560200000000e+04, best bound -3.573600000000e+04, gap 0.3764%
(0, 33688.0)
(1, 33402.0)
(2, 33567.0)
(3, 33699.0)
(4, 33490.0)
(5, 33413.0)
(6, 33512.0)
(7, 33468.0)
(8, 33545.0)
(9, 33523.0)
(10, 33523.0)
(11, 33468.0)
(12, 33622.0)
(13, 33435.0)
(14, 33710.0)
(15, 33556.0)
(16, 33611.0)
(17, 33710.0)
(18, 33567.0)
(19, 33556.0)
(20, 33358.0)
(21, 33523.0)
(22, 33600.0)
(23, 33369.0)
(24, 33556.0)
(25, 33567.0)
(26, 33655.0)
(27, 33501.0)
(28, 33600.0)
(29, 33567.0)
(30, 33611.0)
(31, 33446.0)
(32, 33501.0)
(33, 33446.0)
(34, 33655.0)
(35, 33556.0)
(36, 33369.0)
(37, 33490.0)
(38, 33644.0)
(39, 33589.0)
(0, 33519.0)
(1, 33519.0)
(2, 33475.0)
(3, 33431.0)
(4, 33486.0)
(5, 33442.0)
(6, 33464.0)
(7, 33420.0)
(8, 33442.0)
(9, 33475.0)
(10, 33453.0)
(11, 33442.0)
(12, 33486.0)
(13, 33486.0)
(14, 33464.0)
(15, 33508.0)
(16, 33442.0)
(17, 33519.0)
(18, 33475.0)
(19, 33402.0)
(20, 33464.0)
(21, 33431.0)
(22, 33453.0)
(23, 33486.0)
(24, 33497.0)
(25, 33464.0)
(26, 33431.0)
(27, 33530.0)
(28, 33508.0)
(29, 33475.0)
(30, 33475.0)
(31, 33508.0)
(32, 33453.0)
(33, 33409.0)
(34, 33497.0)
(35, 33453.0)
(36, 33486.0)
(37, 33523.0)
(38, 33442.0)
(39, 33475.0)
Changed value of parameter MIPGap to 0.05
   Prev: 0.0001  Min: 0.0  Max: 1e+100  Default: 0.0001
Changed value of parameter TimeLimit to 1800.0
   Prev: 1e+100  Min: 0.0  Max: 1e+100  Default: 1e+100
Changed value of parameter Method to 2
   Prev: -1  Min: -1  Max: 4  Default: -1
Changed value of parameter MIPFocus to 1
   Prev: 0  Min: 0  Max: 3  Default: 0
Optimize a model with 4982 rows, 7323 columns and 14646 nonzeros
Variable types: 0 continuous, 7323 integer (7323 binary)
Coefficient statistics:
  Matrix range     [1e+00, 5e+00]
  Objective range  [2e+01, 2e+02]
  Bounds range     [1e+00, 1e+00]
  RHS range        [8e+01, 8e+01]
Found heuristic solution: objective 0
Presolve removed 4889 rows and 5219 columns
Presolve time: 0.01s
Presolved: 93 rows, 2104 columns, 4110 nonzeros
Found heuristic solution: objective -62251.00000
Variable types: 0 continuous, 2104 integer (1816 binary)
Presolved: 93 rows, 2104 columns, 4110 nonzeros

Root barrier log...

Ordering time: 0.00s

Barrier statistics:
 AA' NZ     : 1.946e+03
 Factor NZ  : 4.025e+03 (roughly 1 MByte of memory)
 Factor Ops : 2.298e+05 (less than 1 second per iteration)
 Threads    : 1

                  Objective                Residual
Iter       Primal          Dual         Primal    Dual     Compl     Time
   0  -1.59980879e+05 -1.86427964e+05  2.76e+01 2.84e-14  1.15e+02     0s
   1  -6.33395976e+04 -1.51550778e+05  3.91e-01 2.09e+01  2.30e+01     0s
   2  -6.79799332e+04 -7.61599576e+04  0.00e+00 1.31e+00  1.91e+00     0s
   3  -6.96433878e+04 -7.02214964e+04  0.00e+00 5.68e-14  1.34e-01     0s
   4  -6.97310773e+04 -6.98982991e+04  0.00e+00 5.68e-14  3.89e-02     0s
   5  -6.98780612e+04 -6.98839403e+04  0.00e+00 5.68e-14  1.37e-03     0s
   6  -6.98792500e+04 -6.98792503e+04  0.00e+00 5.68e-14  7.28e-08     0s
   7  -6.98792500e+04 -6.98792500e+04  1.02e-14 5.68e-14  7.46e-14     0s

Barrier solved model in 7 iterations and 0.02 seconds
Optimal objective -6.98792500e+04


Root relaxation: objective -6.987925e+04, 1705 iterations, 0.01 seconds

    Nodes    |    Current Node    |     Objective Bounds      |     Work
 Expl Unexpl |  Obj  Depth IntInf | Incumbent    BestBd   Gap | It/Node Time

     0     0 -69879.250    0   35 -62251.000 -69879.250  12.3%     -    0s
H    0     0                    -69622.00000 -69879.250  0.37%     -    0s

Explored 0 nodes (1984 simplex iterations) in 0.05 seconds
Thread count was 20 (of 20 available processors)

Solution count 3: -69622 -62251 -105 
Pool objective bound -69874

Optimal solution found (tolerance 5.00e-02)
Best objective -6.962200000000e+04, best bound -6.987400000000e+04, gap 0.3620%
(0, 65653.0)
(1, 66073.0)
(2, 65233.0)
(3, 65380.0)
(4, 66094.0)
(5, 65464.0)
(6, 65968.0)
(7, 65716.0)
(8, 65506.0)
(9, 65506.0)
(10, 65569.0)
(11, 65380.0)
(12, 65737.0)
(13, 65422.0)
(14, 65548.0)
(15, 65485.0)
(16, 65548.0)
(17, 65464.0)
(18, 65779.0)
(19, 65443.0)
(20, 65716.0)
(21, 65506.0)
(22, 65149.0)
(23, 65401.0)
(24, 65401.0)
(25, 65422.0)
(26, 65527.0)
(27, 65779.0)
(28, 65443.0)
(29, 65359.0)
(30, 65485.0)
(31, 65443.0)
(32, 65485.0)
(33, 65485.0)
(34, 65842.0)
(35, 65611.0)
(36, 65359.0)
(37, 65968.0)
(38, 65863.0)
(39, 65842.0)
(0, 65674.0)
(1, 65653.0)
(2, 65618.0)
(3, 65737.0)
(4, 65737.0)
(5, 65583.0)
(6, 65373.0)
(7, 65639.0)
(8, 65604.0)
(9, 65562.0)
(10, 65373.0)
(11, 65765.0)
(12, 65576.0)
(13, 65541.0)
(14, 65653.0)
(15, 65590.0)
(16, 65639.0)
(17, 65569.0)
(18, 65310.0)
(19, 65674.0)
(20, 65478.0)
(21, 65639.0)
(22, 65555.0)
(23, 65415.0)
(24, 65702.0)
(25, 65681.0)
(26, 65604.0)
(27, 65681.0)
(28, 65555.0)
(29, 65506.0)
(30, 65457.0)
(31, 65415.0)
(32, 65653.0)
(33, 65681.0)
(34, 65331.0)
(35, 65492.0)
(36, 65569.0)
(37, 65646.0)
(38, 65352.0)
(39, 65394.0)
Changed value of parameter MIPGap to 0.05
   Prev: 0.0001  Min: 0.0  Max: 1e+100  Default: 0.0001
Changed value of parameter TimeLimit to 1800.0
   Prev: 1e+100  Min: 0.0  Max: 1e+100  Default: 1e+100
Changed value of parameter Method to 2
   Prev: -1  Min: -1  Max: 4  Default: -1
Changed value of parameter MIPFocus to 1
   Prev: 0  Min: 0  Max: 3  Default: 0
Optimize a model with 4982 rows, 7323 columns and 14646 nonzeros
Variable types: 0 continuous, 7323 integer (7323 binary)
Coefficient statistics:
  Matrix range     [1e+00, 5e+00]
  Objective range  [5e+01, 4e+02]
  Bounds range     [1e+00, 1e+00]
  RHS range        [8e+01, 8e+01]
Found heuristic solution: objective 0
Presolve removed 4889 rows and 5219 columns
Presolve time: 0.01s
Presolved: 93 rows, 2104 columns, 4110 nonzeros
Found heuristic solution: objective -153241.0000
Variable types: 0 continuous, 2104 integer (1816 binary)
Presolved: 93 rows, 2104 columns, 4110 nonzeros

Root barrier log...

Ordering time: 0.00s

Barrier statistics:
 AA' NZ     : 1.946e+03
 Factor NZ  : 4.025e+03 (roughly 1 MByte of memory)
 Factor Ops : 2.298e+05 (less than 1 second per iteration)
 Threads    : 1

                  Objective                Residual
Iter       Primal          Dual         Primal    Dual     Compl     Time
   0  -3.91353757e+05 -4.63823299e+05  2.76e+01 5.68e-14  2.88e+02     0s
   1  -1.55690933e+05 -3.76785256e+05  3.66e-01 5.27e+01  5.75e+01     0s
   2  -1.67595256e+05 -1.87672468e+05  0.00e+00 3.22e+00  4.70e+00     0s
   3  -1.71719701e+05 -1.73230185e+05  0.00e+00 1.14e-13  3.51e-01     0s
   4  -1.71941590e+05 -1.72357289e+05  0.00e+00 1.14e-13  9.67e-02     0s
   5  -1.72303639e+05 -1.72318896e+05  0.00e+00 1.14e-13  3.55e-03     0s
   6  -1.72306750e+05 -1.72306750e+05  0.00e+00 1.71e-13  8.10e-08     0s
   7  -1.72306750e+05 -1.72306750e+05  0.00e+00 1.41e-13  1.46e-13     0s

Barrier solved model in 7 iterations and 0.02 seconds
Optimal objective -1.72306750e+05


Root relaxation: objective -1.723068e+05, 1705 iterations, 0.01 seconds

    Nodes    |    Current Node    |     Objective Bounds      |     Work
 Expl Unexpl |  Obj  Depth IntInf | Incumbent    BestBd   Gap | It/Node Time

     0     0 -172306.75    0   33 -153241.00 -172306.75  12.4%     -    0s
H    0     0                    -171682.0000 -172306.75  0.36%     -    0s

Explored 0 nodes (2108 simplex iterations) in 0.06 seconds
Thread count was 20 (of 20 available processors)

Solution count 3: -171682 -153241 -255 
Pool objective bound -172306

Optimal solution found (tolerance 5.00e-02)
Best objective -1.716820000000e+05, best bound -1.723060000000e+05, gap 0.3635%
(0, 161635.0)
(1, 161023.0)
(2, 162502.0)
(3, 160921.0)
(4, 160921.0)
(5, 162094.0)
(6, 161380.0)
(7, 161992.0)
(8, 161125.0)
(9, 161023.0)
(10, 161278.0)
(11, 161941.0)
(12, 160921.0)
(13, 161482.0)
(14, 161584.0)
(15, 161074.0)
(16, 161431.0)
(17, 161839.0)
(18, 161074.0)
(19, 161227.0)
(20, 161839.0)
(21, 160564.0)
(22, 162859.0)
(23, 162706.0)
(24, 160819.0)
(25, 162757.0)
(26, 161533.0)
(27, 161329.0)
(28, 160768.0)
(29, 162247.0)
(30, 162757.0)
(31, 161482.0)
(32, 161584.0)
(33, 161278.0)
(34, 161890.0)
(35, 163522.0)
(36, 162043.0)
(37, 161635.0)
(38, 161380.0)
(39, 162451.0)
(0, 162203.0)
(1, 161948.0)
(2, 161846.0)
(3, 162349.0)
(4, 162203.0)
(5, 161591.0)
(6, 161897.0)
(7, 161540.0)
(8, 162196.0)
(9, 162050.0)
(10, 162145.0)
(11, 161890.0)
(12, 161897.0)
(13, 161744.0)
(14, 162247.0)
(15, 161795.0)
(16, 162196.0)
(17, 161999.0)
(18, 161897.0)
(19, 161992.0)
(20, 161795.0)
(21, 161897.0)
(22, 162101.0)
(23, 161846.0)
(24, 161795.0)
(25, 162451.0)
(26, 161744.0)
(27, 161897.0)
(28, 162196.0)
(29, 162298.0)
(30, 161846.0)
(31, 161693.0)
(32, 162451.0)
(33, 162203.0)
(34, 161897.0)
(35, 161999.0)
(36, 162451.0)
(37, 161846.0)
(38, 162349.0)
(39, 161795.0)
Changed value of parameter MIPGap to 0.05
   Prev: 0.0001  Min: 0.0  Max: 1e+100  Default: 0.0001
Changed value of parameter TimeLimit to 1800.0
   Prev: 1e+100  Min: 0.0  Max: 1e+100  Default: 1e+100
Changed value of parameter Method to 2
   Prev: -1  Min: -1  Max: 4  Default: -1
Changed value of parameter MIPFocus to 1
   Prev: 0  Min: 0  Max: 3  Default: 0
Optimize a model with 4982 rows, 7323 columns and 14646 nonzeros
Variable types: 0 continuous, 7323 integer (7323 binary)
Coefficient statistics:
  Matrix range     [1e+00, 5e+00]
  Objective range  [5e+02, 4e+03]
  Bounds range     [1e+00, 1e+00]
  RHS range        [8e+01, 8e+01]
Found heuristic solution: objective 0
Presolve removed 4889 rows and 5219 columns
Presolve time: 0.01s
Presolved: 93 rows, 2104 columns, 4110 nonzeros
Found heuristic solution: objective -1518091.000
Variable types: 0 continuous, 2104 integer (1816 binary)
Presolved: 93 rows, 2104 columns, 4110 nonzeros

Root barrier log...

Ordering time: 0.00s

Barrier statistics:
 AA' NZ     : 1.946e+03
 Factor NZ  : 4.025e+03 (roughly 1 MByte of memory)
 Factor Ops : 2.298e+05 (less than 1 second per iteration)
 Threads    : 1

                  Objective                Residual
Iter       Primal          Dual         Primal    Dual     Compl     Time
   0  -3.86194428e+06 -4.62475332e+06  2.76e+01 4.55e-13  2.88e+03     0s
   1  -1.54102165e+06 -3.75530108e+06  3.52e-01 5.30e+02  5.75e+02     0s
   2  -1.66183906e+06 -1.86026907e+06  0.00e+00 3.18e+01  4.64e+01     0s
   3  -1.70284599e+06 -1.71845422e+06  0.00e+00 9.09e-13  3.63e+00     0s
   4  -1.70508243e+06 -1.70924836e+06  0.00e+00 1.36e-12  9.69e-01     0s
   5  -1.70868729e+06 -1.70884370e+06  0.00e+00 1.36e-12  3.64e-02     0s
   6  -1.70871925e+06 -1.70871925e+06  0.00e+00 1.36e-12  1.39e-06     0s
   7  -1.70871925e+06 -1.70871925e+06  0.00e+00 9.09e-13  2.41e-12     0s

Barrier solved model in 7 iterations and 0.02 seconds
Optimal objective -1.70871925e+06


Root relaxation: objective -1.708719e+06, 1705 iterations, 0.01 seconds

    Nodes    |    Current Node    |     Objective Bounds      |     Work
 Expl Unexpl |  Obj  Depth IntInf | Incumbent    BestBd   Gap | It/Node Time

     0     0 -1708719.2    0   40 -1518091.0 -1708719.2  12.6%     -    0s
H    0     0                    -1703083.000 -1708719.2  0.33%     -    0s

Explored 0 nodes (1992 simplex iterations) in 0.05 seconds
Thread count was 20 (of 20 available processors)

Solution count 3: -1.70308e+06 -1.51809e+06 -2505 
Pool objective bound -1.70872e+06

Optimal solution found (tolerance 5.00e-02)
Best objective -1.703083000000e+06, best bound -1.708719000000e+06, gap 0.3309%
(0, 1617412.0)
(1, 1608895.0)
(2, 1607893.0)
(3, 1611901.0)
(4, 1616911.0)
(5, 1612903.0)
(6, 1595368.0)
(7, 1623424.0)
(8, 1613404.0)
(9, 1617412.0)
(10, 1602382.0)
(11, 1603885.0)
(12, 1610899.0)
(13, 1613404.0)
(14, 1610899.0)
(15, 1608895.0)
(16, 1614907.0)
(17, 1604386.0)
(18, 1606891.0)
(19, 1614907.0)
(20, 1606390.0)
(21, 1611400.0)
(22, 1624927.0)
(23, 1606891.0)
(24, 1619917.0)
(25, 1616410.0)
(26, 1610398.0)
(27, 1614907.0)
(28, 1606891.0)
(29, 1607893.0)
(30, 1610899.0)
(31, 1613404.0)
(32, 1610398.0)
(33, 1614406.0)
(34, 1610899.0)
(35, 1608394.0)
(36, 1607392.0)
(37, 1613404.0)
(38, 1607392.0)
(39, 1607392.0)
(0, 1602382.0)
(1, 1597887.0)
(2, 1605889.0)
(3, 1602389.0)
(4, 1606891.0)
(5, 1596885.0)
(6, 1600392.0)
(7, 1602883.0)
(8, 1597386.0)
(9, 1603391.0)
(10, 1603391.0)
(11, 1600385.0)
(12, 1594881.0)
(13, 1602883.0)
(14, 1598388.0)
(15, 1602389.0)
(16, 1601888.0)
(17, 1600879.0)
(18, 1600392.0)
(19, 1599891.0)
(20, 1598875.0)
(21, 1603384.0)
(22, 1600385.0)
(23, 1595883.0)
(24, 1602883.0)
(25, 1603384.0)
(26, 1598889.0)
(27, 1595876.0)
(28, 1597386.0)
(29, 1601881.0)
(30, 1602382.0)
(31, 1602389.0)
(32, 1602883.0)
(33, 1601881.0)
(34, 1597887.0)
(35, 1599891.0)
(36, 1600886.0)
(37, 1598388.0)
(38, 1602382.0)
(39, 1602883.0)
