Changed value of parameter MIPGap to 0.05
   Prev: 0.0001  Min: 0.0  Max: 1e+100  Default: 0.0001
Changed value of parameter TimeLimit to 1800.0
   Prev: 1e+100  Min: 0.0  Max: 1e+100  Default: 1e+100
Changed value of parameter Method to 2
   Prev: -1  Min: -1  Max: 4  Default: -1
Changed value of parameter MIPFocus to 1
   Prev: 0  Min: 0  Max: 3  Default: 0
Optimize a model with 4010 rows, 19305 columns and 38610 nonzeros
Variable types: 0 continuous, 19305 integer (19305 binary)
Coefficient statistics:
  Matrix range     [1e+00, 2e+01]
  Objective range  [1e+00, 1e+00]
  Bounds range     [1e+00, 1e+00]
  RHS range        [8e+01, 8e+01]
Found heuristic solution: objective 0
Presolve removed 53 rows and 258 columns
Presolve time: 0.22s
Presolved: 3957 rows, 19047 columns, 38094 nonzeros
Variable types: 0 continuous, 19047 integer (19047 binary)
Presolved: 3957 rows, 19047 columns, 38094 nonzeros

Root barrier log...

Ordering time: 0.12s

Barrier statistics:
 AA' NZ     : 1.905e+04
 Factor NZ  : 1.376e+05 (roughly 10 MBytes of memory)
 Factor Ops : 2.616e+07 (less than 1 second per iteration)
 Threads    : 1

                  Objective                Residual
Iter       Primal          Dual         Primal    Dual     Compl     Time
   0  -2.10598199e+04 -1.67960148e+04  3.17e+02 1.63e-01  7.89e+00     1s
   1  -6.53820963e+03 -1.53608201e+04  6.60e+01 8.88e-16  1.98e+00     1s
   2  -2.39279104e+03 -9.30438116e+03  9.63e-01 2.00e-15  2.91e-01     1s
   3  -1.73623540e+03 -2.43086616e+03  4.44e-16 2.66e-14  1.80e-02     1s
   4  -1.75438401e+03 -1.75568723e+03  7.77e-16 6.66e-16  3.37e-05     1s
   5  -1.75499938e+03 -1.75500069e+03  8.88e-16 6.66e-16  3.37e-08     1s
   6  -1.75500000e+03 -1.75500000e+03  6.66e-16 4.44e-16  3.37e-11     1s

Barrier solved model in 6 iterations and 0.91 seconds
Optimal objective -1.75500000e+03


Root relaxation: objective -1.755000e+03, 16538 iterations, 0.68 seconds

    Nodes    |    Current Node    |     Objective Bounds      |     Work
 Expl Unexpl |  Obj  Depth IntInf | Incumbent    BestBd   Gap | It/Node Time

*    0     0               0    -1755.000000 -1755.0000  0.00%     -    1s

Explored 0 nodes (17563 simplex iterations) in 1.19 seconds
Thread count was 20 (of 20 available processors)

Solution count 2: -1755 0 
Pool objective bound -1755

Optimal solution found (tolerance 5.00e-02)
Best objective -1.755000000000e+03, best bound -1.755000000000e+03, gap 0.0000%
(0, 1755.0)
(1, 1755.0)
(2, 1755.0)
(3, 1755.0)
(4, 1755.0)
(5, 1755.0)
(6, 1755.0)
(7, 1755.0)
(8, 1755.0)
(9, 1755.0)
(10, 1755.0)
(11, 1755.0)
(12, 1755.0)
(13, 1755.0)
(14, 1755.0)
(15, 1755.0)
(16, 1755.0)
(17, 1755.0)
(18, 1755.0)
(19, 1755.0)
(20, 1755.0)
(21, 1755.0)
(22, 1755.0)
(23, 1755.0)
(24, 1755.0)
(25, 1755.0)
(26, 1755.0)
(27, 1755.0)
(28, 1755.0)
(29, 1755.0)
(30, 1755.0)
(31, 1755.0)
(32, 1755.0)
(33, 1755.0)
(34, 1755.0)
(35, 1755.0)
(36, 1755.0)
(37, 1755.0)
(38, 1755.0)
(39, 1755.0)
(0, 1755.0)
(1, 1755.0)
(2, 1755.0)
(3, 1755.0)
(4, 1755.0)
(5, 1755.0)
(6, 1755.0)
(7, 1755.0)
(8, 1755.0)
(9, 1755.0)
(10, 1755.0)
(11, 1755.0)
(12, 1755.0)
(13, 1755.0)
(14, 1755.0)
(15, 1755.0)
(16, 1755.0)
(17, 1755.0)
(18, 1755.0)
(19, 1755.0)
(20, 1755.0)
(21, 1755.0)
(22, 1755.0)
(23, 1755.0)
(24, 1755.0)
(25, 1755.0)
(26, 1755.0)
(27, 1755.0)
(28, 1755.0)
(29, 1755.0)
(30, 1755.0)
(31, 1755.0)
(32, 1755.0)
(33, 1755.0)
(34, 1755.0)
(35, 1755.0)
(36, 1755.0)
(37, 1755.0)
(38, 1755.0)
(39, 1755.0)
Changed value of parameter MIPGap to 0.05
   Prev: 0.0001  Min: 0.0  Max: 1e+100  Default: 0.0001
Changed value of parameter TimeLimit to 1800.0
   Prev: 1e+100  Min: 0.0  Max: 1e+100  Default: 1e+100
Changed value of parameter Method to 2
   Prev: -1  Min: -1  Max: 4  Default: -1
Changed value of parameter MIPFocus to 1
   Prev: 0  Min: 0  Max: 3  Default: 0
Optimize a model with 4010 rows, 19305 columns and 38610 nonzeros
Variable types: 0 continuous, 19305 integer (19305 binary)
Coefficient statistics:
  Matrix range     [1e+00, 2e+01]
  Objective range  [1e+00, 1e+00]
  Bounds range     [1e+00, 1e+00]
  RHS range        [8e+01, 8e+01]
Found heuristic solution: objective 0
Presolve removed 53 rows and 258 columns
Presolve time: 0.08s
Presolved: 3957 rows, 19047 columns, 38094 nonzeros
Variable types: 0 continuous, 19047 integer (19047 binary)
Presolved: 3957 rows, 19047 columns, 38094 nonzeros

Root barrier log...

Ordering time: 0.09s

Barrier statistics:
 AA' NZ     : 1.905e+04
 Factor NZ  : 1.376e+05 (roughly 10 MBytes of memory)
 Factor Ops : 2.616e+07 (less than 1 second per iteration)
 Threads    : 1

                  Objective                Residual
Iter       Primal          Dual         Primal    Dual     Compl     Time
   0  -2.10771555e+04 -1.68046960e+04  3.17e+02 1.63e-01  7.89e+00     0s
   1  -6.54398191e+03 -1.53686318e+04  6.60e+01 8.88e-16  1.98e+00     0s
   2  -2.39467950e+03 -9.31003252e+03  9.62e-01 8.22e-15  2.91e-01     0s
   3  -1.73769298e+03 -2.43249470e+03  4.44e-16 4.31e-14  1.80e-02     0s
   4  -1.75585305e+03 -1.75715640e+03  6.66e-16 6.66e-16  3.37e-05     0s
   5  -1.75646838e+03 -1.75646969e+03  7.77e-16 4.44e-16  3.37e-08     0s
   6  -1.75646900e+03 -1.75646900e+03  6.66e-16 6.66e-16  3.37e-11     0s

Barrier solved model in 6 iterations and 0.28 seconds
Optimal objective -1.75646900e+03


Root relaxation: objective -1.756469e+03, 16528 iterations, 0.23 seconds

    Nodes    |    Current Node    |     Objective Bounds      |     Work
 Expl Unexpl |  Obj  Depth IntInf | Incumbent    BestBd   Gap | It/Node Time

*    0     0               0    -1756.469000 -1756.4690  0.00%     -    0s

Explored 0 nodes (17266 simplex iterations) in 0.37 seconds
Thread count was 20 (of 20 available processors)

Solution count 2: -1756.47 0 
Pool objective bound -1756.47

Optimal solution found (tolerance 5.00e-02)
Best objective -1.756469000000e+03, best bound -1.756469000000e+03, gap 0.0000%
(0, 1756.4690000000653)
(1, 1756.4690000000651)
(2, 1756.4690000000655)
(3, 1756.469000000066)
(4, 1756.4690000000655)
(5, 1756.4690000000658)
(6, 1756.4690000000655)
(7, 1756.4690000000655)
(8, 1756.4690000000655)
(9, 1756.4690000000653)
(10, 1756.469000000066)
(11, 1756.4690000000655)
(12, 1756.4690000000653)
(13, 1756.4690000000658)
(14, 1756.469000000066)
(15, 1756.4690000000655)
(16, 1756.4690000000658)
(17, 1756.4690000000655)
(18, 1756.4690000000658)
(19, 1756.4690000000653)
(20, 1756.4690000000662)
(21, 1756.469000000066)
(22, 1756.4690000000658)
(23, 1756.4690000000662)
(24, 1756.4690000000658)
(25, 1756.469000000066)
(26, 1756.4690000000658)
(27, 1756.4690000000658)
(28, 1756.469000000066)
(29, 1756.4690000000658)
(30, 1756.4690000000655)
(31, 1756.4690000000653)
(32, 1756.4690000000658)
(33, 1756.4690000000655)
(34, 1756.4690000000658)
(35, 1756.469000000066)
(36, 1756.4690000000658)
(37, 1756.469000000066)
(38, 1756.4690000000658)
(39, 1756.469000000066)
(0, 1756.4690000000655)
(1, 1756.4690000000653)
(2, 1756.4690000000655)
(3, 1756.4690000000651)
(4, 1756.4690000000658)
(5, 1756.4690000000658)
(6, 1756.469000000066)
(7, 1756.4690000000653)
(8, 1756.469000000066)
(9, 1756.4690000000655)
(10, 1756.469000000066)
(11, 1756.4690000000658)
(12, 1756.469000000066)
(13, 1756.4690000000658)
(14, 1756.4690000000653)
(15, 1756.469000000066)
(16, 1756.4690000000655)
(17, 1756.469000000066)
(18, 1756.4690000000655)
(19, 1756.4690000000655)
(20, 1756.4690000000658)
(21, 1756.4690000000655)
(22, 1756.469000000066)
(23, 1756.469000000066)
(24, 1756.4690000000651)
(25, 1756.4690000000658)
(26, 1756.4690000000658)
(27, 1756.4690000000655)
(28, 1756.4690000000655)
(29, 1756.4690000000655)
(30, 1756.4690000000655)
(31, 1756.4690000000658)
(32, 1756.4690000000655)
(33, 1756.4690000000662)
(34, 1756.4690000000658)
(35, 1756.4690000000658)
(36, 1756.4690000000658)
(37, 1756.4690000000658)
(38, 1756.4690000000658)
(39, 1756.4690000000655)
Changed value of parameter MIPGap to 0.05
   Prev: 0.0001  Min: 0.0  Max: 1e+100  Default: 0.0001
Changed value of parameter TimeLimit to 1800.0
   Prev: 1e+100  Min: 0.0  Max: 1e+100  Default: 1e+100
Changed value of parameter Method to 2
   Prev: -1  Min: -1  Max: 4  Default: -1
Changed value of parameter MIPFocus to 1
   Prev: 0  Min: 0  Max: 3  Default: 0
Optimize a model with 4010 rows, 19305 columns and 38610 nonzeros
Variable types: 0 continuous, 19305 integer (19305 binary)
Coefficient statistics:
  Matrix range     [1e+00, 2e+01]
  Objective range  [1e+00, 1e+00]
  Bounds range     [1e+00, 1e+00]
  RHS range        [8e+01, 8e+01]
Found heuristic solution: objective 0
Presolve removed 53 rows and 258 columns
Presolve time: 0.08s
Presolved: 3957 rows, 19047 columns, 38094 nonzeros
Variable types: 0 continuous, 19047 integer (19047 binary)
Presolved: 3957 rows, 19047 columns, 38094 nonzeros

Root barrier log...

Ordering time: 0.09s

Barrier statistics:
 AA' NZ     : 1.905e+04
 Factor NZ  : 1.376e+05 (roughly 10 MBytes of memory)
 Factor Ops : 2.616e+07 (less than 1 second per iteration)
 Threads    : 1

                  Objective                Residual
Iter       Primal          Dual         Primal    Dual     Compl     Time
   0  -2.10944912e+04 -1.68133771e+04  3.17e+02 1.63e-01  7.90e+00     0s
   1  -6.54975495e+03 -1.53764437e+04  6.60e+01 8.88e-16  1.98e+00     0s
   2  -2.39656591e+03 -9.31568189e+03  9.60e-01 1.44e-14  2.91e-01     0s
   3  -1.73915087e+03 -2.43411940e+03  4.44e-16 3.38e-14  1.80e-02     0s
   4  -1.75732210e+03 -1.75862557e+03  7.77e-16 6.66e-16  3.37e-05     0s
   5  -1.75793738e+03 -1.75793869e+03  8.88e-16 6.66e-16  3.37e-08     0s
   6  -1.75793800e+03 -1.75793800e+03  7.77e-16 6.66e-16  3.37e-11     0s

Barrier solved model in 6 iterations and 0.27 seconds
Optimal objective -1.75793800e+03


Root relaxation: objective -1.757938e+03, 16532 iterations, 0.21 seconds

    Nodes    |    Current Node    |     Objective Bounds      |     Work
 Expl Unexpl |  Obj  Depth IntInf | Incumbent    BestBd   Gap | It/Node Time

*    0     0               0    -1757.938000 -1757.9380  0.00%     -    0s

Explored 0 nodes (17755 simplex iterations) in 0.35 seconds
Thread count was 20 (of 20 available processors)

Solution count 2: -1757.94 0 
Pool objective bound -1757.94

Optimal solution found (tolerance 5.00e-02)
Best objective -1.757938000000e+03, best bound -1.757938000000e+03, gap 0.0000%
(0, 1757.9379999999658)
(1, 1757.9379999999658)
(2, 1757.9379999999658)
(3, 1757.9379999999658)
(4, 1757.9379999999655)
(5, 1757.9379999999658)
(6, 1757.9379999999658)
(7, 1757.9379999999658)
(8, 1757.9379999999658)
(9, 1757.9379999999655)
(10, 1757.9379999999658)
(11, 1757.9379999999658)
(12, 1757.9379999999658)
(13, 1757.9379999999658)
(14, 1757.9379999999658)
(15, 1757.9379999999658)
(16, 1757.9379999999658)
(17, 1757.9379999999658)
(18, 1757.9379999999658)
(19, 1757.9379999999658)
(20, 1757.9379999999658)
(21, 1757.9379999999658)
(22, 1757.9379999999658)
(23, 1757.9379999999658)
(24, 1757.9379999999658)
(25, 1757.9379999999658)
(26, 1757.9379999999658)
(27, 1757.9379999999658)
(28, 1757.9379999999658)
(29, 1757.9379999999658)
(30, 1757.9379999999658)
(31, 1757.9379999999658)
(32, 1757.9379999999658)
(33, 1757.9379999999658)
(34, 1757.9379999999658)
(35, 1757.9379999999658)
(36, 1757.9379999999655)
(37, 1757.9379999999658)
(38, 1757.9379999999655)
(39, 1757.9379999999658)
(0, 1757.9379999999658)
(1, 1757.9379999999655)
(2, 1757.9379999999658)
(3, 1757.9379999999658)
(4, 1757.9379999999655)
(5, 1757.9379999999658)
(6, 1757.9379999999658)
(7, 1757.9379999999658)
(8, 1757.9379999999658)
(9, 1757.9379999999658)
(10, 1757.9379999999658)
(11, 1757.9379999999658)
(12, 1757.9379999999658)
(13, 1757.9379999999658)
(14, 1757.9379999999658)
(15, 1757.9379999999658)
(16, 1757.9379999999658)
(17, 1757.9379999999658)
(18, 1757.9379999999658)
(19, 1757.9379999999658)
(20, 1757.9379999999658)
(21, 1757.9379999999658)
(22, 1757.9379999999658)
(23, 1757.9379999999658)
(24, 1757.9379999999658)
(25, 1757.9379999999658)
(26, 1757.9379999999658)
(27, 1757.9379999999655)
(28, 1757.9379999999658)
(29, 1757.9379999999655)
(30, 1757.9379999999658)
(31, 1757.9379999999658)
(32, 1757.9379999999658)
(33, 1757.9379999999658)
(34, 1757.9379999999658)
(35, 1757.9379999999658)
(36, 1757.9379999999658)
(37, 1757.9379999999658)
(38, 1757.9379999999658)
(39, 1757.9379999999658)
Changed value of parameter MIPGap to 0.05
   Prev: 0.0001  Min: 0.0  Max: 1e+100  Default: 0.0001
Changed value of parameter TimeLimit to 1800.0
   Prev: 1e+100  Min: 0.0  Max: 1e+100  Default: 1e+100
Changed value of parameter Method to 2
   Prev: -1  Min: -1  Max: 4  Default: -1
Changed value of parameter MIPFocus to 1
   Prev: 0  Min: 0  Max: 3  Default: 0
Optimize a model with 4010 rows, 19305 columns and 38610 nonzeros
Variable types: 0 continuous, 19305 integer (19305 binary)
Coefficient statistics:
  Matrix range     [1e+00, 2e+01]
  Objective range  [1e+00, 1e+00]
  Bounds range     [1e+00, 1e+00]
  RHS range        [8e+01, 8e+01]
Found heuristic solution: objective 0
Presolve removed 53 rows and 258 columns
Presolve time: 0.08s
Presolved: 3957 rows, 19047 columns, 38094 nonzeros
Variable types: 0 continuous, 19047 integer (19047 binary)
Presolved: 3957 rows, 19047 columns, 38094 nonzeros

Root barrier log...

Ordering time: 0.09s

Barrier statistics:
 AA' NZ     : 1.905e+04
 Factor NZ  : 1.376e+05 (roughly 10 MBytes of memory)
 Factor Ops : 2.616e+07 (less than 1 second per iteration)
 Threads    : 1

                  Objective                Residual
Iter       Primal          Dual         Primal    Dual     Compl     Time
   0  -2.11291624e+04 -1.68307394e+04  3.17e+02 1.64e-01  7.91e+00     0s
   1  -6.56130338e+03 -1.53920680e+04  6.60e+01 7.77e-16  1.98e+00     0s
   2  -2.40033261e+03 -9.32697469e+03  9.57e-01 2.44e-15  2.92e-01     0s
   3  -1.74206757e+03 -2.43735744e+03  4.44e-16 2.15e-14  1.80e-02     0s
   4  -1.76026025e+03 -1.76156388e+03  7.77e-16 6.66e-16  3.37e-05     0s
   5  -1.76087538e+03 -1.76087669e+03  8.88e-16 6.66e-16  3.37e-08     0s
   6  -1.76087600e+03 -1.76087600e+03  7.77e-16 4.44e-16  3.37e-11     0s

Barrier solved model in 6 iterations and 0.27 seconds
Optimal objective -1.76087600e+03


Root relaxation: objective -1.760876e+03, 16533 iterations, 0.21 seconds

    Nodes    |    Current Node    |     Objective Bounds      |     Work
 Expl Unexpl |  Obj  Depth IntInf | Incumbent    BestBd   Gap | It/Node Time

     0     0 -1760.8760    0    6    0.00000 -1760.8760      -     -    0s
H    0     0                    -1760.876000 -1760.8760  0.00%     -    0s

Explored 0 nodes (23122 simplex iterations) in 0.39 seconds
Thread count was 20 (of 20 available processors)

Solution count 2: -1760.88 0 
Pool objective bound -1760.88

Optimal solution found (tolerance 5.00e-02)
Best objective -1.760876000000e+03, best bound -1.760876000000e+03, gap 0.0000%
(0, 1760.8759999999438)
(1, 1760.875999999944)
(2, 1760.8759999999443)
(3, 1760.875999999944)
(4, 1760.875999999944)
(5, 1760.875999999944)
(6, 1760.875999999944)
(7, 1760.875999999944)
(8, 1760.875999999944)
(9, 1760.8759999999443)
(10, 1760.8759999999443)
(11, 1760.875999999944)
(12, 1760.8759999999438)
(13, 1760.875999999944)
(14, 1760.8759999999443)
(15, 1760.8759999999438)
(16, 1760.875999999944)
(17, 1760.875999999944)
(18, 1760.875999999944)
(19, 1760.8759999999443)
(20, 1760.875999999944)
(21, 1760.875999999944)
(22, 1760.8759999999438)
(23, 1760.875999999944)
(24, 1760.875999999944)
(25, 1760.8759999999445)
(26, 1760.875999999944)
(27, 1760.8759999999443)
(28, 1760.875999999944)
(29, 1760.8759999999443)
(30, 1760.875999999944)
(31, 1760.875999999944)
(32, 1760.875999999944)
(33, 1760.875999999944)
(34, 1760.8759999999438)
(35, 1760.875999999944)
(36, 1760.8759999999438)
(37, 1760.8759999999436)
(38, 1760.8759999999438)
(39, 1760.875999999944)
(0, 1760.875999999944)
(1, 1760.8759999999443)
(2, 1760.8759999999438)
(3, 1760.8759999999443)
(4, 1760.8759999999438)
(5, 1760.8759999999443)
(6, 1760.8759999999438)
(7, 1760.875999999944)
(8, 1760.875999999944)
(9, 1760.8759999999443)
(10, 1760.8759999999438)
(11, 1760.875999999944)
(12, 1760.8759999999445)
(13, 1760.875999999944)
(14, 1760.875999999944)
(15, 1760.8759999999438)
(16, 1760.8759999999443)
(17, 1760.875999999944)
(18, 1760.8759999999443)
(19, 1760.8759999999443)
(20, 1760.875999999944)
(21, 1760.875999999944)
(22, 1760.8759999999438)
(23, 1760.8759999999438)
(24, 1760.8759999999443)
(25, 1760.8759999999443)
(26, 1760.8759999999438)
(27, 1760.875999999944)
(28, 1760.875999999944)
(29, 1760.8759999999438)
(30, 1760.8759999999443)
(31, 1760.875999999944)
(32, 1760.875999999944)
(33, 1760.8759999999438)
(34, 1760.875999999944)
(35, 1760.8759999999443)
(36, 1760.8759999999443)
(37, 1760.875999999944)
(38, 1760.875999999944)
(39, 1760.875999999944)
Changed value of parameter MIPGap to 0.05
   Prev: 0.0001  Min: 0.0  Max: 1e+100  Default: 0.0001
Changed value of parameter TimeLimit to 1800.0
   Prev: 1e+100  Min: 0.0  Max: 1e+100  Default: 1e+100
Changed value of parameter Method to 2
   Prev: -1  Min: -1  Max: 4  Default: -1
Changed value of parameter MIPFocus to 1
   Prev: 0  Min: 0  Max: 3  Default: 0
Optimize a model with 4010 rows, 19305 columns and 38610 nonzeros
Variable types: 0 continuous, 19305 integer (19305 binary)
Coefficient statistics:
  Matrix range     [1e+00, 2e+01]
  Objective range  [1e+00, 1e+00]
  Bounds range     [1e+00, 1e+00]
  RHS range        [8e+01, 8e+01]
Found heuristic solution: objective 0
Presolve removed 53 rows and 258 columns
Presolve time: 0.08s
Presolved: 3957 rows, 19047 columns, 38094 nonzeros
Variable types: 0 continuous, 19047 integer (19047 binary)
Presolved: 3957 rows, 19047 columns, 38094 nonzeros

Root barrier log...

Ordering time: 0.08s

Barrier statistics:
 AA' NZ     : 1.905e+04
 Factor NZ  : 1.376e+05 (roughly 10 MBytes of memory)
 Factor Ops : 2.616e+07 (less than 1 second per iteration)
 Threads    : 1

                  Objective                Residual
Iter       Primal          Dual         Primal    Dual     Compl     Time
   0  -2.11985049e+04 -1.68654641e+04  3.17e+02 1.64e-01  7.92e+00     0s
   1  -6.58441061e+03 -1.54233186e+04  6.60e+01 8.88e-16  1.98e+00     0s
   2  -2.40784199e+03 -9.34953664e+03  9.51e-01 7.95e-14  2.92e-01     0s
   3  -1.74790463e+03 -2.44378881e+03  4.44e-16 3.73e-14  1.80e-02     0s
   4  -1.76606588e+03 -1.76744047e+03  8.88e-16 6.66e-16  3.56e-05     0s
   5  -1.76675131e+03 -1.76675269e+03  7.77e-16 4.44e-16  3.56e-08     0s
   6  -1.76675200e+03 -1.76675200e+03  7.77e-16 6.66e-16  3.56e-11     0s

Barrier solved model in 6 iterations and 0.26 seconds
Optimal objective -1.76675200e+03


Root relaxation: objective -1.766752e+03, 16534 iterations, 0.20 seconds

    Nodes    |    Current Node    |     Objective Bounds      |     Work
 Expl Unexpl |  Obj  Depth IntInf | Incumbent    BestBd   Gap | It/Node Time

     0     0 -1766.7520    0    2    0.00000 -1766.7520      -     -    0s
H    0     0                    -1766.752000 -1766.7520  0.00%     -    0s

Explored 0 nodes (23090 simplex iterations) in 0.38 seconds
Thread count was 20 (of 20 available processors)

Solution count 2: -1766.75 0 
Pool objective bound -1766.75

Optimal solution found (tolerance 5.00e-02)
Best objective -1.766752000000e+03, best bound -1.766752000000e+03, gap 0.0000%
(0, 1766.7519999999433)
(1, 1766.7519999999431)
(2, 1766.7519999999438)
(3, 1766.7519999999431)
(4, 1766.7519999999436)
(5, 1766.7519999999431)
(6, 1766.7519999999438)
(7, 1766.7519999999433)
(8, 1766.7519999999431)
(9, 1766.7519999999436)
(10, 1766.7519999999429)
(11, 1766.7519999999431)
(12, 1766.7519999999431)
(13, 1766.7519999999433)
(14, 1766.7519999999431)
(15, 1766.7519999999429)
(16, 1766.7519999999436)
(17, 1766.7519999999431)
(18, 1766.7519999999438)
(19, 1766.7519999999427)
(20, 1766.7519999999436)
(21, 1766.7519999999427)
(22, 1766.7519999999429)
(23, 1766.7519999999429)
(24, 1766.7519999999431)
(25, 1766.7519999999433)
(26, 1766.7519999999431)
(27, 1766.7519999999433)
(28, 1766.7519999999427)
(29, 1766.7519999999433)
(30, 1766.7519999999431)
(31, 1766.7519999999427)
(32, 1766.7519999999433)
(33, 1766.7519999999431)
(34, 1766.7519999999422)
(35, 1766.7519999999422)
(36, 1766.751999999944)
(37, 1766.7519999999431)
(38, 1766.7519999999427)
(39, 1766.7519999999427)
(0, 1766.7519999999429)
(1, 1766.7519999999431)
(2, 1766.7519999999436)
(3, 1766.7519999999433)
(4, 1766.7519999999431)
(5, 1766.7519999999436)
(6, 1766.7519999999438)
(7, 1766.7519999999433)
(8, 1766.7519999999436)
(9, 1766.7519999999431)
(10, 1766.7519999999429)
(11, 1766.7519999999436)
(12, 1766.7519999999433)
(13, 1766.7519999999431)
(14, 1766.7519999999436)
(15, 1766.7519999999436)
(16, 1766.7519999999433)
(17, 1766.7519999999431)
(18, 1766.7519999999429)
(19, 1766.7519999999433)
(20, 1766.7519999999433)
(21, 1766.7519999999424)
(22, 1766.7519999999429)
(23, 1766.7519999999431)
(24, 1766.7519999999436)
(25, 1766.7519999999436)
(26, 1766.7519999999436)
(27, 1766.7519999999429)
(28, 1766.7519999999424)
(29, 1766.7519999999433)
(30, 1766.7519999999431)
(31, 1766.7519999999438)
(32, 1766.7519999999427)
(33, 1766.7519999999429)
(34, 1766.7519999999431)
(35, 1766.7519999999424)
(36, 1766.7519999999436)
(37, 1766.7519999999433)
(38, 1766.7519999999431)
(39, 1766.7519999999431)
Changed value of parameter MIPGap to 0.05
   Prev: 0.0001  Min: 0.0  Max: 1e+100  Default: 0.0001
Changed value of parameter TimeLimit to 1800.0
   Prev: 1e+100  Min: 0.0  Max: 1e+100  Default: 1e+100
Changed value of parameter Method to 2
   Prev: -1  Min: -1  Max: 4  Default: -1
Changed value of parameter MIPFocus to 1
   Prev: 0  Min: 0  Max: 3  Default: 0
Optimize a model with 4010 rows, 19305 columns and 38610 nonzeros
Variable types: 0 continuous, 19305 integer (19305 binary)
Coefficient statistics:
  Matrix range     [1e+00, 2e+01]
  Objective range  [1e+00, 1e+00]
  Bounds range     [1e+00, 1e+00]
  RHS range        [8e+01, 8e+01]
Found heuristic solution: objective 0
Presolve removed 53 rows and 258 columns
Presolve time: 0.08s
Presolved: 3957 rows, 19047 columns, 38094 nonzeros
Variable types: 0 continuous, 19047 integer (19047 binary)
Presolved: 3957 rows, 19047 columns, 38094 nonzeros

Root barrier log...

Ordering time: 0.09s

Barrier statistics:
 AA' NZ     : 1.905e+04
 Factor NZ  : 1.376e+05 (roughly 10 MBytes of memory)
 Factor Ops : 2.616e+07 (less than 1 second per iteration)
 Threads    : 1

                  Objective                Residual
Iter       Primal          Dual         Primal    Dual     Compl     Time
   0  -2.12331761e+04 -1.68828264e+04  3.17e+02 1.64e-01  7.93e+00     0s
   1  -6.59596865e+03 -1.54389449e+04  6.60e+01 8.88e-16  1.99e+00     0s
   2  -2.41158481e+03 -9.36080589e+03  9.48e-01 2.66e-15  2.92e-01     0s
   3  -1.75082494e+03 -2.44698259e+03  5.55e-16 3.77e-14  1.80e-02     0s
   4  -1.76900420e+03 -1.77037874e+03  6.66e-16 6.66e-16  3.56e-05     0s
   5  -1.76968931e+03 -1.76969069e+03  1.11e-15 6.66e-16  3.56e-08     0s
   6  -1.76969000e+03 -1.76969000e+03  6.66e-16 6.66e-16  3.56e-11     0s

Barrier solved model in 6 iterations and 0.27 seconds
Optimal objective -1.76969000e+03


Root relaxation: objective -1.769690e+03, 16537 iterations, 0.21 seconds

    Nodes    |    Current Node    |     Objective Bounds      |     Work
 Expl Unexpl |  Obj  Depth IntInf | Incumbent    BestBd   Gap | It/Node Time

*    0     0               0    -1769.690000 -1769.6900  0.00%     -    0s

Explored 0 nodes (17216 simplex iterations) in 0.35 seconds
Thread count was 20 (of 20 available processors)

Solution count 2: -1769.69 0 
Pool objective bound -1769.69

Optimal solution found (tolerance 5.00e-02)
Best objective -1.769690000000e+03, best bound -1.769690000000e+03, gap 0.0000%
(0, 1769.6900000000778)
(1, 1769.6900000000776)
(2, 1769.6900000000778)
(3, 1769.6900000000778)
(4, 1769.6900000000778)
(5, 1769.6900000000778)
(6, 1769.690000000078)
(7, 1769.6900000000778)
(8, 1769.6900000000778)
(9, 1769.6900000000776)
(10, 1769.6900000000776)
(11, 1769.6900000000778)
(12, 1769.6900000000778)
(13, 1769.6900000000776)
(14, 1769.6900000000778)
(15, 1769.6900000000778)
(16, 1769.6900000000778)
(17, 1769.6900000000776)
(18, 1769.6900000000778)
(19, 1769.6900000000776)
(20, 1769.6900000000778)
(21, 1769.690000000078)
(22, 1769.6900000000778)
(23, 1769.6900000000778)
(24, 1769.6900000000776)
(25, 1769.6900000000778)
(26, 1769.6900000000778)
(27, 1769.690000000078)
(28, 1769.6900000000776)
(29, 1769.6900000000776)
(30, 1769.6900000000778)
(31, 1769.6900000000776)
(32, 1769.690000000078)
(33, 1769.6900000000778)
(34, 1769.690000000078)
(35, 1769.6900000000776)
(36, 1769.690000000078)
(37, 1769.690000000078)
(38, 1769.6900000000778)
(39, 1769.6900000000783)
(0, 1769.6900000000776)
(1, 1769.6900000000778)
(2, 1769.6900000000778)
(3, 1769.6900000000778)
(4, 1769.6900000000776)
(5, 1769.6900000000778)
(6, 1769.6900000000778)
(7, 1769.6900000000778)
(8, 1769.6900000000778)
(9, 1769.6900000000778)
(10, 1769.6900000000776)
(11, 1769.6900000000776)
(12, 1769.6900000000778)
(13, 1769.6900000000778)
(14, 1769.690000000078)
(15, 1769.6900000000776)
(16, 1769.6900000000778)
(17, 1769.6900000000778)
(18, 1769.6900000000776)
(19, 1769.6900000000776)
(20, 1769.690000000078)
(21, 1769.6900000000778)
(22, 1769.6900000000778)
(23, 1769.6900000000776)
(24, 1769.690000000078)
(25, 1769.690000000078)
(26, 1769.690000000078)
(27, 1769.6900000000774)
(28, 1769.690000000078)
(29, 1769.6900000000776)
(30, 1769.6900000000778)
(31, 1769.6900000000778)
(32, 1769.6900000000778)
(33, 1769.6900000000783)
(34, 1769.6900000000778)
(35, 1769.6900000000776)
(36, 1769.6900000000778)
(37, 1769.6900000000778)
(38, 1769.690000000078)
(39, 1769.6900000000776)
Changed value of parameter MIPGap to 0.05
   Prev: 0.0001  Min: 0.0  Max: 1e+100  Default: 0.0001
Changed value of parameter TimeLimit to 1800.0
   Prev: 1e+100  Min: 0.0  Max: 1e+100  Default: 1e+100
Changed value of parameter Method to 2
   Prev: -1  Min: -1  Max: 4  Default: -1
Changed value of parameter MIPFocus to 1
   Prev: 0  Min: 0  Max: 3  Default: 0
Optimize a model with 4010 rows, 19305 columns and 38610 nonzeros
Variable types: 0 continuous, 19305 integer (19305 binary)
Coefficient statistics:
  Matrix range     [1e+00, 2e+01]
  Objective range  [1e+00, 1e+00]
  Bounds range     [1e+00, 1e+00]
  RHS range        [8e+01, 8e+01]
Found heuristic solution: objective 0
Presolve removed 53 rows and 258 columns
Presolve time: 0.08s
Presolved: 3957 rows, 19047 columns, 38094 nonzeros
Variable types: 0 continuous, 19047 integer (19047 binary)
Presolved: 3957 rows, 19047 columns, 38094 nonzeros

Root barrier log...

Ordering time: 0.09s

Barrier statistics:
 AA' NZ     : 1.905e+04
 Factor NZ  : 1.376e+05 (roughly 10 MBytes of memory)
 Factor Ops : 2.616e+07 (less than 1 second per iteration)
 Threads    : 1

                  Objective                Residual
Iter       Primal          Dual         Primal    Dual     Compl     Time
   0  -2.14065320e+04 -1.69696380e+04  3.17e+02 1.65e-01  7.96e+00     0s
   1  -6.65380234e+03 -1.55170864e+04  6.61e+01 8.88e-16  2.00e+00     0s
   2  -2.43018415e+03 -9.41711110e+03  9.32e-01 8.99e-14  2.94e-01     0s
   3  -1.76544362e+03 -2.46274387e+03  4.44e-16 6.26e-14  1.81e-02     0s
   4  -1.78369668e+03 -1.78506987e+03  9.99e-16 6.66e-16  3.56e-05     0s
   5  -1.78437932e+03 -1.78438069e+03  7.77e-16 4.44e-16  3.56e-08     0s
   6  -1.78438000e+03 -1.78438000e+03  6.66e-16 4.44e-16  3.56e-11     0s

Barrier solved model in 6 iterations and 0.27 seconds
Optimal objective -1.78438000e+03


Root relaxation: objective -1.784380e+03, 16533 iterations, 0.21 seconds

    Nodes    |    Current Node    |     Objective Bounds      |     Work
 Expl Unexpl |  Obj  Depth IntInf | Incumbent    BestBd   Gap | It/Node Time

     0     0 -1784.3800    0    2    0.00000 -1784.3800      -     -    0s
H    0     0                    -1784.380000 -1784.3800  0.00%     -    0s

Explored 0 nodes (23112 simplex iterations) in 0.39 seconds
Thread count was 20 (of 20 available processors)

Solution count 2: -1784.38 0 
Pool objective bound -1784.38

Optimal solution found (tolerance 5.00e-02)
Best objective -1.784380000000e+03, best bound -1.784380000000e+03, gap 0.0000%
(0, 1784.3799999999865)
(1, 1784.3799999999862)
(2, 1784.3799999999865)
(3, 1784.3799999999862)
(4, 1784.3799999999865)
(5, 1784.3799999999862)
(6, 1784.3799999999865)
(7, 1784.3799999999862)
(8, 1784.3799999999865)
(9, 1784.3799999999862)
(10, 1784.3799999999862)
(11, 1784.379999999986)
(12, 1784.3799999999862)
(13, 1784.3799999999865)
(14, 1784.3799999999862)
(15, 1784.3799999999865)
(16, 1784.3799999999862)
(17, 1784.3799999999862)
(18, 1784.3799999999862)
(19, 1784.3799999999865)
(20, 1784.3799999999867)
(21, 1784.3799999999862)
(22, 1784.379999999986)
(23, 1784.3799999999865)
(24, 1784.3799999999862)
(25, 1784.3799999999865)
(26, 1784.3799999999865)
(27, 1784.3799999999865)
(28, 1784.3799999999862)
(29, 1784.379999999986)
(30, 1784.3799999999862)
(31, 1784.3799999999865)
(32, 1784.3799999999865)
(33, 1784.3799999999862)
(34, 1784.3799999999867)
(35, 1784.3799999999867)
(36, 1784.3799999999865)
(37, 1784.3799999999865)
(38, 1784.3799999999862)
(39, 1784.3799999999862)
(0, 1784.3799999999862)
(1, 1784.3799999999862)
(2, 1784.3799999999862)
(3, 1784.3799999999865)
(4, 1784.3799999999865)
(5, 1784.3799999999862)
(6, 1784.3799999999862)
(7, 1784.3799999999865)
(8, 1784.3799999999867)
(9, 1784.3799999999862)
(10, 1784.3799999999865)
(11, 1784.3799999999865)
(12, 1784.3799999999865)
(13, 1784.3799999999862)
(14, 1784.3799999999862)
(15, 1784.3799999999865)
(16, 1784.3799999999865)
(17, 1784.3799999999865)
(18, 1784.3799999999867)
(19, 1784.3799999999865)
(20, 1784.3799999999862)
(21, 1784.3799999999862)
(22, 1784.3799999999865)
(23, 1784.379999999986)
(24, 1784.379999999986)
(25, 1784.3799999999862)
(26, 1784.3799999999865)
(27, 1784.3799999999865)
(28, 1784.3799999999862)
(29, 1784.3799999999862)
(30, 1784.3799999999862)
(31, 1784.3799999999865)
(32, 1784.3799999999865)
(33, 1784.3799999999865)
(34, 1784.379999999986)
(35, 1784.3799999999862)
(36, 1784.3799999999865)
(37, 1784.3799999999862)
(38, 1784.3799999999865)
(39, 1784.3799999999865)
Changed value of parameter MIPGap to 0.05
   Prev: 0.0001  Min: 0.0  Max: 1e+100  Default: 0.0001
Changed value of parameter TimeLimit to 1800.0
   Prev: 1e+100  Min: 0.0  Max: 1e+100  Default: 1e+100
Changed value of parameter Method to 2
   Prev: -1  Min: -1  Max: 4  Default: -1
Changed value of parameter MIPFocus to 1
   Prev: 0  Min: 0  Max: 3  Default: 0
Optimize a model with 4010 rows, 19305 columns and 38610 nonzeros
Variable types: 0 continuous, 19305 integer (19305 binary)
Coefficient statistics:
  Matrix range     [1e+00, 2e+01]
  Objective range  [1e+00, 1e+00]
  Bounds range     [1e+00, 1e+00]
  RHS range        [8e+01, 8e+01]
Found heuristic solution: objective 0
Presolve removed 53 rows and 258 columns
Presolve time: 0.08s
Presolved: 3957 rows, 19047 columns, 38094 nonzeros
Variable types: 0 continuous, 19047 integer (19047 binary)
Presolved: 3957 rows, 19047 columns, 38094 nonzeros

Root barrier log...

Ordering time: 0.07s

Barrier statistics:
 AA' NZ     : 1.905e+04
 Factor NZ  : 1.376e+05 (roughly 10 MBytes of memory)
 Factor Ops : 2.616e+07 (less than 1 second per iteration)
 Threads    : 1

                  Objective                Residual
Iter       Primal          Dual         Primal    Dual     Compl     Time
   0  -2.17532429e+04 -1.71432612e+04  3.17e+02 1.66e-01  8.04e+00     0s
   1  -6.76968530e+03 -1.56734179e+04  6.62e+01 8.88e-16  2.02e+00     0s
   2  -2.46939959e+03 -9.52925505e+03  9.01e-01 2.44e-15  2.97e-01     0s
   3  -1.79440433e+03 -2.49835507e+03  4.44e-16 3.29e-14  1.82e-02     0s
   4  -1.81306568e+03 -1.81445646e+03  9.99e-16 6.66e-16  3.60e-05     0s
   5  -1.81375931e+03 -1.81376070e+03  7.77e-16 6.66e-16  3.60e-08     0s
   6  -1.81376000e+03 -1.81376000e+03  5.55e-16 4.44e-16  3.60e-11     0s

Barrier solved model in 6 iterations and 0.25 seconds
Optimal objective -1.81376000e+03


Root relaxation: objective -1.813760e+03, 16537 iterations, 0.19 seconds

    Nodes    |    Current Node    |     Objective Bounds      |     Work
 Expl Unexpl |  Obj  Depth IntInf | Incumbent    BestBd   Gap | It/Node Time

*    0     0               0    -1813.760000 -1813.7600  0.00%     -    0s

Explored 0 nodes (17718 simplex iterations) in 0.32 seconds
Thread count was 20 (of 20 available processors)

Solution count 2: -1813.76 0 
Pool objective bound -1813.76

Optimal solution found (tolerance 5.00e-02)
Best objective -1.813760000000e+03, best bound -1.813760000000e+03, gap 0.0000%
(0, 1813.7599999999743)
(1, 1813.7599999999743)
(2, 1813.7599999999743)
(3, 1813.7599999999745)
(4, 1813.7599999999743)
(5, 1813.7599999999748)
(6, 1813.7599999999745)
(7, 1813.7599999999743)
(8, 1813.7599999999748)
(9, 1813.7599999999743)
(10, 1813.7599999999748)
(11, 1813.7599999999745)
(12, 1813.7599999999748)
(13, 1813.7599999999748)
(14, 1813.7599999999743)
(15, 1813.7599999999743)
(16, 1813.7599999999745)
(17, 1813.7599999999738)
(18, 1813.7599999999745)
(19, 1813.7599999999738)
(20, 1813.7599999999752)
(21, 1813.7599999999748)
(22, 1813.7599999999745)
(23, 1813.7599999999748)
(24, 1813.7599999999741)
(25, 1813.7599999999741)
(26, 1813.7599999999752)
(27, 1813.7599999999745)
(28, 1813.7599999999754)
(29, 1813.7599999999741)
(30, 1813.7599999999745)
(31, 1813.7599999999743)
(32, 1813.7599999999745)
(33, 1813.7599999999745)
(34, 1813.7599999999743)
(35, 1813.7599999999738)
(36, 1813.7599999999748)
(37, 1813.7599999999741)
(38, 1813.7599999999736)
(39, 1813.7599999999748)
(0, 1813.759999999975)
(1, 1813.7599999999748)
(2, 1813.7599999999741)
(3, 1813.759999999975)
(4, 1813.7599999999748)
(5, 1813.7599999999741)
(6, 1813.759999999975)
(7, 1813.759999999975)
(8, 1813.7599999999734)
(9, 1813.7599999999741)
(10, 1813.7599999999748)
(11, 1813.7599999999745)
(12, 1813.7599999999741)
(13, 1813.759999999975)
(14, 1813.7599999999748)
(15, 1813.7599999999743)
(16, 1813.7599999999743)
(17, 1813.7599999999745)
(18, 1813.7599999999743)
(19, 1813.7599999999741)
(20, 1813.7599999999748)
(21, 1813.759999999975)
(22, 1813.7599999999741)
(23, 1813.7599999999745)
(24, 1813.7599999999743)
(25, 1813.7599999999743)
(26, 1813.7599999999743)
(27, 1813.7599999999752)
(28, 1813.7599999999743)
(29, 1813.7599999999745)
(30, 1813.7599999999745)
(31, 1813.7599999999745)
(32, 1813.7599999999741)
(33, 1813.7599999999743)
(34, 1813.7599999999741)
(35, 1813.7599999999745)
(36, 1813.7599999999738)
(37, 1813.7599999999752)
(38, 1813.7599999999745)
(39, 1813.7599999999745)
Changed value of parameter MIPGap to 0.05
   Prev: 0.0001  Min: 0.0  Max: 1e+100  Default: 0.0001
Changed value of parameter TimeLimit to 1800.0
   Prev: 1e+100  Min: 0.0  Max: 1e+100  Default: 1e+100
Changed value of parameter Method to 2
   Prev: -1  Min: -1  Max: 4  Default: -1
Changed value of parameter MIPFocus to 1
   Prev: 0  Min: 0  Max: 3  Default: 0
Optimize a model with 4010 rows, 19305 columns and 38610 nonzeros
Variable types: 0 continuous, 19305 integer (19305 binary)
Coefficient statistics:
  Matrix range     [1e+00, 2e+01]
  Objective range  [1e+00, 1e+00]
  Bounds range     [1e+00, 1e+00]
  RHS range        [8e+01, 8e+01]
Found heuristic solution: objective 0
Presolve removed 53 rows and 258 columns
Presolve time: 0.08s
Presolved: 3957 rows, 19047 columns, 38094 nonzeros
Variable types: 0 continuous, 19047 integer (19047 binary)
Presolved: 3957 rows, 19047 columns, 38094 nonzeros

Root barrier log...

Ordering time: 0.13s

Barrier statistics:
 AA' NZ     : 1.905e+04
 Factor NZ  : 1.376e+05 (roughly 10 MBytes of memory)
 Factor Ops : 2.616e+07 (less than 1 second per iteration)
 Threads    : 1

                  Objective                Residual
Iter       Primal          Dual         Primal    Dual     Compl     Time
   0  -2.24467892e+04 -1.79490633e+04  3.17e+02 1.76e-01  8.43e+00     0s
   1  -6.89576098e+03 -1.63953850e+04  6.44e+01 8.88e-16  2.08e+00     0s
   2  -2.52881571e+03 -9.90434903e+03  8.23e-01 2.22e-15  3.07e-01     0s
   3  -1.85243671e+03 -2.56693020e+03  4.44e-16 6.68e-14  1.85e-02     0s
   4  -1.87186944e+03 -1.87322677e+03  7.77e-16 6.66e-16  3.51e-05     0s
   5  -1.87251935e+03 -1.87252071e+03  8.88e-16 4.44e-16  3.51e-08     0s
   6  -1.87252000e+03 -1.87252000e+03  7.77e-16 6.66e-16  3.51e-11     0s

Barrier solved model in 6 iterations and 0.31 seconds
Optimal objective -1.87252000e+03


Root relaxation: objective -1.872520e+03, 16533 iterations, 0.25 seconds

    Nodes    |    Current Node    |     Objective Bounds      |     Work
 Expl Unexpl |  Obj  Depth IntInf | Incumbent    BestBd   Gap | It/Node Time

*    0     0               0    -1872.520000 -1872.5200  0.00%     -    0s

Explored 0 nodes (17859 simplex iterations) in 0.43 seconds
Thread count was 20 (of 20 available processors)

Solution count 2: -1872.52 0 
Pool objective bound -1872.52

Optimal solution found (tolerance 5.00e-02)
Best objective -1.872520000000e+03, best bound -1.872520000000e+03, gap 0.0000%
(0, 1872.5199999999552)
(1, 1872.5199999999552)
(2, 1872.519999999955)
(3, 1872.5199999999552)
(4, 1872.5199999999552)
(5, 1872.519999999955)
(6, 1872.5199999999552)
(7, 1872.5199999999552)
(8, 1872.519999999955)
(9, 1872.5199999999552)
(10, 1872.5199999999552)
(11, 1872.5199999999552)
(12, 1872.5199999999552)
(13, 1872.5199999999552)
(14, 1872.5199999999552)
(15, 1872.519999999955)
(16, 1872.5199999999554)
(17, 1872.5199999999552)
(18, 1872.519999999955)
(19, 1872.519999999955)
(20, 1872.519999999955)
(21, 1872.519999999955)
(22, 1872.519999999955)
(23, 1872.519999999955)
(24, 1872.5199999999547)
(25, 1872.5199999999547)
(26, 1872.5199999999547)
(27, 1872.5199999999552)
(28, 1872.519999999955)
(29, 1872.5199999999552)
(30, 1872.5199999999547)
(31, 1872.5199999999552)
(32, 1872.5199999999547)
(33, 1872.5199999999552)
(34, 1872.5199999999552)
(35, 1872.5199999999552)
(36, 1872.519999999955)
(37, 1872.519999999955)
(38, 1872.5199999999552)
(39, 1872.519999999955)
(0, 1872.5199999999552)
(1, 1872.519999999955)
(2, 1872.5199999999552)
(3, 1872.519999999955)
(4, 1872.519999999955)
(5, 1872.519999999955)
(6, 1872.5199999999552)
(7, 1872.519999999955)
(8, 1872.5199999999552)
(9, 1872.5199999999547)
(10, 1872.519999999955)
(11, 1872.5199999999547)
(12, 1872.5199999999545)
(13, 1872.519999999955)
(14, 1872.519999999955)
(15, 1872.5199999999547)
(16, 1872.5199999999552)
(17, 1872.5199999999552)
(18, 1872.5199999999545)
(19, 1872.5199999999554)
(20, 1872.5199999999554)
(21, 1872.519999999955)
(22, 1872.519999999955)
(23, 1872.5199999999547)
(24, 1872.519999999955)
(25, 1872.519999999955)
(26, 1872.5199999999547)
(27, 1872.519999999955)
(28, 1872.5199999999552)
(29, 1872.5199999999552)
(30, 1872.5199999999554)
(31, 1872.5199999999554)
(32, 1872.519999999955)
(33, 1872.519999999955)
(34, 1872.5199999999554)
(35, 1872.5199999999552)
(36, 1872.5199999999552)
(37, 1872.5199999999552)
(38, 1872.5199999999552)
(39, 1872.519999999955)
Changed value of parameter MIPGap to 0.05
   Prev: 0.0001  Min: 0.0  Max: 1e+100  Default: 0.0001
Changed value of parameter TimeLimit to 1800.0
   Prev: 1e+100  Min: 0.0  Max: 1e+100  Default: 1e+100
Changed value of parameter Method to 2
   Prev: -1  Min: -1  Max: 4  Default: -1
Changed value of parameter MIPFocus to 1
   Prev: 0  Min: 0  Max: 3  Default: 0
Optimize a model with 4010 rows, 19305 columns and 38610 nonzeros
Variable types: 0 continuous, 19305 integer (19305 binary)
Coefficient statistics:
  Matrix range     [1e+00, 2e+01]
  Objective range  [1e+00, 1e+00]
  Bounds range     [1e+00, 1e+00]
  RHS range        [8e+01, 8e+01]
Found heuristic solution: objective 0
Presolve removed 53 rows and 258 columns
Presolve time: 0.08s
Presolved: 3957 rows, 19047 columns, 38094 nonzeros
Variable types: 0 continuous, 19047 integer (19047 binary)
Presolved: 3957 rows, 19047 columns, 38094 nonzeros

Root barrier log...

Ordering time: 0.13s

Barrier statistics:
 AA' NZ     : 1.905e+04
 Factor NZ  : 1.376e+05 (roughly 10 MBytes of memory)
 Factor Ops : 2.616e+07 (less than 1 second per iteration)
 Threads    : 1

                  Objective                Residual
Iter       Primal          Dual         Primal    Dual     Compl     Time
   0  -2.27937492e+04 -1.90693698e+04  3.17e+02 1.87e-01  9.01e+00     0s
   1  -6.80299762e+03 -1.74819643e+04  6.09e+01 8.88e-16  2.14e+00     0s
   2  -2.53221080e+03 -1.03743768e+04  7.77e-01 2.00e-15  3.19e-01     0s
   3  -1.88141720e+03 -2.59879812e+03  7.77e-16 4.44e-14  1.86e-02     0s
   4  -1.90121357e+03 -1.90260944e+03  8.88e-16 6.66e-16  3.61e-05     0s
   5  -1.90189931e+03 -1.90190071e+03  7.77e-16 6.66e-16  3.61e-08     0s
   6  -1.90190000e+03 -1.90190000e+03  6.66e-16 4.44e-16  3.61e-11     0s

Barrier solved model in 6 iterations and 0.31 seconds
Optimal objective -1.90190000e+03


Root relaxation: objective -1.901900e+03, 16535 iterations, 0.25 seconds

    Nodes    |    Current Node    |     Objective Bounds      |     Work
 Expl Unexpl |  Obj  Depth IntInf | Incumbent    BestBd   Gap | It/Node Time

*    0     0               0    -1901.900000 -1901.9000  0.00%     -    0s

Explored 0 nodes (17217 simplex iterations) in 0.38 seconds
Thread count was 20 (of 20 available processors)

Solution count 2: -1901.9 0 
Pool objective bound -1901.9

Optimal solution found (tolerance 5.00e-02)
Best objective -1.901900000000e+03, best bound -1.901900000000e+03, gap 0.0000%
(0, 1901.8999999999414)
(1, 1901.8999999999414)
(2, 1901.8999999999414)
(3, 1901.8999999999417)
(4, 1901.8999999999421)
(5, 1901.8999999999417)
(6, 1901.8999999999417)
(7, 1901.8999999999417)
(8, 1901.8999999999417)
(9, 1901.8999999999417)
(10, 1901.8999999999414)
(11, 1901.8999999999414)
(12, 1901.8999999999417)
(13, 1901.8999999999414)
(14, 1901.8999999999417)
(15, 1901.8999999999419)
(16, 1901.8999999999414)
(17, 1901.8999999999417)
(18, 1901.8999999999417)
(19, 1901.8999999999417)
(20, 1901.8999999999417)
(21, 1901.8999999999414)
(22, 1901.8999999999414)
(23, 1901.8999999999419)
(24, 1901.8999999999414)
(25, 1901.8999999999414)
(26, 1901.8999999999417)
(27, 1901.8999999999419)
(28, 1901.8999999999414)
(29, 1901.8999999999417)
(30, 1901.8999999999414)
(31, 1901.8999999999414)
(32, 1901.8999999999417)
(33, 1901.8999999999414)
(34, 1901.8999999999417)
(35, 1901.8999999999412)
(36, 1901.8999999999417)
(37, 1901.8999999999419)
(38, 1901.8999999999417)
(39, 1901.8999999999421)
(0, 1901.8999999999414)
(1, 1901.899999999941)
(2, 1901.8999999999417)
(3, 1901.8999999999417)
(4, 1901.8999999999414)
(5, 1901.8999999999417)
(6, 1901.8999999999421)
(7, 1901.8999999999417)
(8, 1901.8999999999414)
(9, 1901.8999999999414)
(10, 1901.8999999999412)
(11, 1901.8999999999412)
(12, 1901.8999999999417)
(13, 1901.899999999941)
(14, 1901.8999999999414)
(15, 1901.8999999999414)
(16, 1901.8999999999417)
(17, 1901.8999999999412)
(18, 1901.8999999999414)
(19, 1901.8999999999412)
(20, 1901.8999999999414)
(21, 1901.8999999999414)
(22, 1901.8999999999414)
(23, 1901.8999999999412)
(24, 1901.8999999999414)
(25, 1901.8999999999417)
(26, 1901.8999999999417)
(27, 1901.8999999999414)
(28, 1901.8999999999417)
(29, 1901.8999999999417)
(30, 1901.8999999999412)
(31, 1901.8999999999414)
(32, 1901.8999999999417)
(33, 1901.8999999999414)
(34, 1901.8999999999412)
(35, 1901.8999999999412)
(36, 1901.8999999999412)
(37, 1901.8999999999419)
(38, 1901.8999999999414)
(39, 1901.8999999999417)
Changed value of parameter MIPGap to 0.05
   Prev: 0.0001  Min: 0.0  Max: 1e+100  Default: 0.0001
Changed value of parameter TimeLimit to 1800.0
   Prev: 1e+100  Min: 0.0  Max: 1e+100  Default: 1e+100
Changed value of parameter Method to 2
   Prev: -1  Min: -1  Max: 4  Default: -1
Changed value of parameter MIPFocus to 1
   Prev: 0  Min: 0  Max: 3  Default: 0
Optimize a model with 4010 rows, 19305 columns and 38610 nonzeros
Variable types: 0 continuous, 19305 integer (19305 binary)
Coefficient statistics:
  Matrix range     [1e+00, 2e+01]
  Objective range  [1e+00, 2e+00]
  Bounds range     [1e+00, 1e+00]
  RHS range        [8e+01, 8e+01]
Found heuristic solution: objective 0
Presolve removed 53 rows and 258 columns
Presolve time: 0.08s
Presolved: 3957 rows, 19047 columns, 38094 nonzeros
Variable types: 0 continuous, 19047 integer (19047 binary)
Presolved: 3957 rows, 19047 columns, 38094 nonzeros

Root barrier log...

Ordering time: 0.09s

Barrier statistics:
 AA' NZ     : 1.905e+04
 Factor NZ  : 1.376e+05 (roughly 10 MBytes of memory)
 Factor Ops : 2.616e+07 (less than 1 second per iteration)
 Threads    : 1

                  Objective                Residual
Iter       Primal          Dual         Primal    Dual     Compl     Time
   0  -2.45283729e+04 -2.46709022e+04  3.17e+02 2.45e-01  1.19e+01     0s
   1  -6.54507504e+03 -2.26795590e+04  4.82e+01 1.33e-15  2.47e+00     0s
   2  -2.57355280e+03 -1.24818348e+04  5.93e-01 3.55e-15  3.70e-01     0s
   3  -2.02689030e+03 -2.72257612e+03  4.44e-16 4.00e-14  1.80e-02     0s
   4  -2.04806832e+03 -2.04948666e+03  7.77e-16 6.66e-16  3.67e-05     0s
   5  -2.04879927e+03 -2.04880069e+03  7.77e-16 6.66e-16  3.67e-08     0s
   6  -2.04880000e+03 -2.04880000e+03  6.66e-16 6.66e-16  3.67e-11     0s

Barrier solved model in 6 iterations and 0.27 seconds
Optimal objective -2.04880000e+03


Root relaxation: objective -2.048800e+03, 16547 iterations, 0.20 seconds

    Nodes    |    Current Node    |     Objective Bounds      |     Work
 Expl Unexpl |  Obj  Depth IntInf | Incumbent    BestBd   Gap | It/Node Time

*    0     0               0    -2048.800000 -2048.8000  0.00%     -    0s

Explored 0 nodes (17761 simplex iterations) in 0.33 seconds
Thread count was 20 (of 20 available processors)

Solution count 2: -2048.8 0 
Pool objective bound -2048.8

Optimal solution found (tolerance 5.00e-02)
Best objective -2.048800000000e+03, best bound -2.048800000000e+03, gap 0.0000%
(0, 2048.7999999999297)
(1, 2048.7999999999297)
(2, 2048.7999999999297)
(3, 2048.7999999999297)
(4, 2048.7999999999292)
(5, 2048.7999999999297)
(6, 2048.7999999999297)
(7, 2048.7999999999297)
(8, 2048.7999999999302)
(9, 2048.7999999999297)
(10, 2048.7999999999297)
(11, 2048.7999999999297)
(12, 2048.7999999999302)
(13, 2048.7999999999302)
(14, 2048.7999999999297)
(15, 2048.7999999999297)
(16, 2048.7999999999297)
(17, 2048.7999999999302)
(18, 2048.7999999999302)
(19, 2048.7999999999297)
(20, 2048.7999999999302)
(21, 2048.7999999999297)
(22, 2048.7999999999302)
(23, 2048.7999999999297)
(24, 2048.7999999999292)
(25, 2048.7999999999297)
(26, 2048.7999999999297)
(27, 2048.7999999999297)
(28, 2048.7999999999297)
(29, 2048.7999999999297)
(30, 2048.7999999999302)
(31, 2048.7999999999297)
(32, 2048.7999999999297)
(33, 2048.7999999999297)
(34, 2048.7999999999297)
(35, 2048.7999999999297)
(36, 2048.7999999999297)
(37, 2048.7999999999297)
(38, 2048.7999999999297)
(39, 2048.7999999999297)
(0, 2048.7999999999297)
(1, 2048.7999999999297)
(2, 2048.7999999999302)
(3, 2048.7999999999297)
(4, 2048.7999999999297)
(5, 2048.7999999999297)
(6, 2048.7999999999297)
(7, 2048.7999999999297)
(8, 2048.7999999999292)
(9, 2048.7999999999297)
(10, 2048.7999999999297)
(11, 2048.7999999999302)
(12, 2048.7999999999302)
(13, 2048.7999999999297)
(14, 2048.7999999999297)
(15, 2048.7999999999302)
(16, 2048.7999999999297)
(17, 2048.7999999999302)
(18, 2048.7999999999297)
(19, 2048.7999999999297)
(20, 2048.7999999999302)
(21, 2048.7999999999297)
(22, 2048.7999999999297)
(23, 2048.7999999999297)
(24, 2048.7999999999297)
(25, 2048.7999999999297)
(26, 2048.7999999999302)
(27, 2048.7999999999297)
(28, 2048.7999999999297)
(29, 2048.7999999999292)
(30, 2048.7999999999297)
(31, 2048.7999999999297)
(32, 2048.7999999999302)
(33, 2048.7999999999302)
(34, 2048.7999999999302)
(35, 2048.7999999999302)
(36, 2048.7999999999302)
(37, 2048.7999999999297)
(38, 2048.7999999999297)
(39, 2048.7999999999297)
Changed value of parameter MIPGap to 0.05
   Prev: 0.0001  Min: 0.0  Max: 1e+100  Default: 0.0001
Changed value of parameter TimeLimit to 1800.0
   Prev: 1e+100  Min: 0.0  Max: 1e+100  Default: 1e+100
Changed value of parameter Method to 2
   Prev: -1  Min: -1  Max: 4  Default: -1
Changed value of parameter MIPFocus to 1
   Prev: 0  Min: 0  Max: 3  Default: 0
Optimize a model with 4010 rows, 19305 columns and 38610 nonzeros
Variable types: 0 continuous, 19305 integer (19305 binary)
Coefficient statistics:
  Matrix range     [1e+00, 2e+01]
  Objective range  [1e+00, 3e+00]
  Bounds range     [1e+00, 1e+00]
  RHS range        [8e+01, 8e+01]
Found heuristic solution: objective 0
Presolve removed 53 rows and 258 columns
Presolve time: 0.08s
Presolved: 3957 rows, 19047 columns, 38094 nonzeros
Variable types: 0 continuous, 19047 integer (19047 binary)
Presolved: 3957 rows, 19047 columns, 38094 nonzeros

Root barrier log...

Ordering time: 0.09s

Barrier statistics:
 AA' NZ     : 1.905e+04
 Factor NZ  : 1.376e+05 (roughly 10 MBytes of memory)
 Factor Ops : 2.616e+07 (less than 1 second per iteration)
 Threads    : 1

                  Objective                Residual
Iter       Primal          Dual         Primal    Dual     Compl     Time
   0  -2.79972014e+04 -3.58739669e+04  3.17e+02 3.61e-01  1.78e+01     0s
   1  -6.62720877e+03 -3.31463320e+04  3.62e+01 1.37e-04  3.17e+00     0s
   2  -2.74787436e+03 -1.65815214e+04  4.17e-01 4.22e-15  4.66e-01     0s
   3  -2.32173694e+03 -3.06626849e+03  5.55e-16 1.20e-14  1.93e-02     0s
   4  -2.34178664e+03 -2.34333451e+03  7.77e-16 8.88e-16  4.01e-05     0s
   5  -2.34259919e+03 -2.34260073e+03  7.77e-16 1.33e-15  4.01e-08     0s
   6  -2.34260000e+03 -2.34260000e+03  6.66e-16 1.33e-15  4.01e-11     0s

Barrier solved model in 6 iterations and 0.27 seconds
Optimal objective -2.34260000e+03


Root relaxation: objective -2.342600e+03, 16561 iterations, 0.21 seconds

    Nodes    |    Current Node    |     Objective Bounds      |     Work
 Expl Unexpl |  Obj  Depth IntInf | Incumbent    BestBd   Gap | It/Node Time

     0     0 -2342.6000    0    2    0.00000 -2342.6000      -     -    0s
H    0     0                    -2342.600000 -2342.6000  0.00%     -    0s

Explored 0 nodes (22492 simplex iterations) in 0.37 seconds
Thread count was 20 (of 20 available processors)

Solution count 2: -2342.6 0 
Pool objective bound -2342.6

Optimal solution found (tolerance 5.00e-02)
Best objective -2.342600000000e+03, best bound -2.342600000000e+03, gap 0.0000%
(0, 2342.6000000000131)
(1, 2342.6000000000131)
(2, 2342.6000000000136)
(3, 2342.6000000000136)
(4, 2342.6000000000136)
(5, 2342.6000000000136)
(6, 2342.600000000014)
(7, 2342.600000000014)
(8, 2342.600000000014)
(9, 2342.6000000000136)
(10, 2342.600000000014)
(11, 2342.600000000014)
(12, 2342.600000000014)
(13, 2342.6000000000145)
(14, 2342.600000000014)
(15, 2342.6000000000145)
(16, 2342.600000000014)
(17, 2342.600000000014)
(18, 2342.600000000014)
(19, 2342.6000000000136)
(20, 2342.6000000000145)
(21, 2342.6000000000145)
(22, 2342.6000000000136)
(23, 2342.600000000014)
(24, 2342.6000000000145)
(25, 2342.6000000000145)
(26, 2342.6000000000136)
(27, 2342.6000000000136)
(28, 2342.6000000000131)
(29, 2342.6000000000136)
(30, 2342.600000000014)
(31, 2342.600000000014)
(32, 2342.600000000014)
(33, 2342.6000000000145)
(34, 2342.6000000000136)
(35, 2342.6000000000131)
(36, 2342.600000000014)
(37, 2342.6000000000136)
(38, 2342.6000000000145)
(39, 2342.6000000000136)
(0, 2342.6000000000145)
(1, 2342.6000000000145)
(2, 2342.6000000000136)
(3, 2342.600000000014)
(4, 2342.6000000000136)
(5, 2342.600000000014)
(6, 2342.6000000000136)
(7, 2342.6000000000136)
(8, 2342.6000000000131)
(9, 2342.6000000000136)
(10, 2342.6000000000136)
(11, 2342.600000000014)
(12, 2342.6000000000136)
(13, 2342.6000000000145)
(14, 2342.600000000014)
(15, 2342.600000000014)
(16, 2342.600000000014)
(17, 2342.600000000014)
(18, 2342.6000000000136)
(19, 2342.6000000000136)
(20, 2342.6000000000136)
(21, 2342.6000000000145)
(22, 2342.600000000014)
(23, 2342.6000000000136)
(24, 2342.6000000000136)
(25, 2342.600000000014)
(26, 2342.6000000000145)
(27, 2342.6000000000131)
(28, 2342.6000000000131)
(29, 2342.6000000000145)
(30, 2342.6000000000145)
(31, 2342.600000000014)
(32, 2342.6000000000126)
(33, 2342.6000000000145)
(34, 2342.600000000014)
(35, 2342.6000000000145)
(36, 2342.6000000000145)
(37, 2342.600000000014)
(38, 2342.6000000000136)
(39, 2342.600000000014)
Changed value of parameter MIPGap to 0.05
   Prev: 0.0001  Min: 0.0  Max: 1e+100  Default: 0.0001
Changed value of parameter TimeLimit to 1800.0
   Prev: 1e+100  Min: 0.0  Max: 1e+100  Default: 1e+100
Changed value of parameter Method to 2
   Prev: -1  Min: -1  Max: 4  Default: -1
Changed value of parameter MIPFocus to 1
   Prev: 0  Min: 0  Max: 3  Default: 0
Optimize a model with 4010 rows, 19305 columns and 38610 nonzeros
Variable types: 0 continuous, 19305 integer (19305 binary)
Coefficient statistics:
  Matrix range     [1e+00, 2e+01]
  Objective range  [1e+00, 4e+00]
  Bounds range     [1e+00, 1e+00]
  RHS range        [8e+01, 8e+01]
Found heuristic solution: objective 0
Presolve removed 53 rows and 258 columns
Presolve time: 0.08s
Presolved: 3957 rows, 19047 columns, 38094 nonzeros
Variable types: 0 continuous, 19047 integer (19047 binary)
Presolved: 3957 rows, 19047 columns, 38094 nonzeros

Root barrier log...

Ordering time: 0.09s

Barrier statistics:
 AA' NZ     : 1.905e+04
 Factor NZ  : 1.376e+05 (roughly 10 MBytes of memory)
 Factor Ops : 2.616e+07 (less than 1 second per iteration)
 Threads    : 1

                  Objective                Residual
Iter       Primal          Dual         Primal    Dual     Compl     Time
   0  -3.49343451e+04 -5.82800965e+04  3.17e+02 5.92e-01  2.95e+01     0s
   1  -7.05735171e+03 -5.40098933e+04  2.26e+01 3.89e-02  4.30e+00     0s
   2  -3.13797843e+03 -2.32654481e+04  1.68e-01 1.03e-13  5.88e-01     0s
   3  -2.91595191e+03 -3.24767142e+03  4.44e-16 6.13e-14  8.59e-03     0s
   4  -2.93007634e+03 -2.93052165e+03  8.88e-16 2.66e-15  1.15e-05     0s
   5  -2.93019988e+03 -2.93020032e+03  8.88e-16 1.78e-15  1.15e-08     0s
   6  -2.93020000e+03 -2.93020000e+03  6.66e-16 1.78e-15  1.15e-11     0s

Barrier solved model in 6 iterations and 0.27 seconds
Optimal objective -2.93020000e+03


Root relaxation: objective -2.930200e+03, 16536 iterations, 0.21 seconds

    Nodes    |    Current Node    |     Objective Bounds      |     Work
 Expl Unexpl |  Obj  Depth IntInf | Incumbent    BestBd   Gap | It/Node Time

*    0     0               0    -2930.200000 -2930.2000  0.00%     -    0s

Explored 0 nodes (17222 simplex iterations) in 0.34 seconds
Thread count was 20 (of 20 available processors)

Solution count 2: -2930.2 0 
Pool objective bound -2930.2

Optimal solution found (tolerance 5.00e-02)
Best objective -2.930200000000e+03, best bound -2.930200000000e+03, gap 0.0000%
(0, 2930.2000000001208)
(1, 2930.2000000001212)
(2, 2930.2000000001208)
(3, 2930.2000000001208)
(4, 2930.2000000001212)
(5, 2930.2000000001208)
(6, 2930.2000000001208)
(7, 2930.2000000001212)
(8, 2930.2000000001212)
(9, 2930.2000000001208)
(10, 2930.2000000001212)
(11, 2930.2000000001208)
(12, 2930.2000000001208)
(13, 2930.2000000001212)
(14, 2930.2000000001203)
(15, 2930.2000000001212)
(16, 2930.2000000001208)
(17, 2930.2000000001203)
(18, 2930.2000000001208)
(19, 2930.2000000001212)
(20, 2930.2000000001208)
(21, 2930.2000000001208)
(22, 2930.2000000001208)
(23, 2930.2000000001208)
(24, 2930.2000000001208)
(25, 2930.2000000001208)
(26, 2930.2000000001208)
(27, 2930.2000000001208)
(28, 2930.2000000001208)
(29, 2930.2000000001203)
(30, 2930.2000000001212)
(31, 2930.2000000001208)
(32, 2930.2000000001208)
(33, 2930.2000000001208)
(34, 2930.2000000001208)
(35, 2930.2000000001208)
(36, 2930.2000000001208)
(37, 2930.2000000001208)
(38, 2930.2000000001212)
(39, 2930.2000000001208)
(0, 2930.2000000001208)
(1, 2930.2000000001212)
(2, 2930.2000000001208)
(3, 2930.2000000001208)
(4, 2930.2000000001208)
(5, 2930.2000000001212)
(6, 2930.2000000001212)
(7, 2930.2000000001212)
(8, 2930.2000000001208)
(9, 2930.2000000001208)
(10, 2930.2000000001212)
(11, 2930.2000000001208)
(12, 2930.2000000001203)
(13, 2930.2000000001212)
(14, 2930.2000000001212)
(15, 2930.2000000001212)
(16, 2930.2000000001208)
(17, 2930.2000000001208)
(18, 2930.2000000001212)
(19, 2930.2000000001208)
(20, 2930.2000000001208)
(21, 2930.2000000001208)
(22, 2930.2000000001212)
(23, 2930.2000000001208)
(24, 2930.2000000001208)
(25, 2930.2000000001212)
(26, 2930.2000000001208)
(27, 2930.2000000001208)
(28, 2930.2000000001212)
(29, 2930.2000000001208)
(30, 2930.2000000001212)
(31, 2930.2000000001208)
(32, 2930.2000000001217)
(33, 2930.2000000001208)
(34, 2930.2000000001208)
(35, 2930.2000000001208)
(36, 2930.2000000001208)
(37, 2930.2000000001212)
(38, 2930.2000000001208)
(39, 2930.2000000001212)
Changed value of parameter MIPGap to 0.05
   Prev: 0.0001  Min: 0.0  Max: 1e+100  Default: 0.0001
Changed value of parameter TimeLimit to 1800.0
   Prev: 1e+100  Min: 0.0  Max: 1e+100  Default: 1e+100
Changed value of parameter Method to 2
   Prev: -1  Min: -1  Max: 4  Default: -1
Changed value of parameter MIPFocus to 1
   Prev: 0  Min: 0  Max: 3  Default: 0
Optimize a model with 4010 rows, 19305 columns and 38610 nonzeros
Variable types: 0 continuous, 19305 integer (19305 binary)
Coefficient statistics:
  Matrix range     [1e+00, 2e+01]
  Objective range  [2e+00, 5e+00]
  Bounds range     [1e+00, 1e+00]
  RHS range        [8e+01, 8e+01]
Found heuristic solution: objective 0
Presolve removed 53 rows and 258 columns
Presolve time: 0.08s
Presolved: 3957 rows, 19047 columns, 38094 nonzeros
Variable types: 0 continuous, 19047 integer (19047 binary)
Presolved: 3957 rows, 19047 columns, 38094 nonzeros

Root barrier log...

Ordering time: 0.09s

Barrier statistics:
 AA' NZ     : 1.905e+04
 Factor NZ  : 1.376e+05 (roughly 10 MBytes of memory)
 Factor Ops : 2.616e+07 (less than 1 second per iteration)
 Threads    : 1

                  Objective                Residual
Iter       Primal          Dual         Primal    Dual     Compl     Time
   0  -3.84028317e+04 -6.95077765e+04  3.17e+02 7.08e-01  3.54e+01     0s
   1  -7.35663011e+03 -6.44568739e+04  1.86e+01 6.19e-02  4.81e+00     0s
   2  -3.36677857e+03 -2.67399836e+04  1.12e-01 3.64e-14  6.57e-01     0s
   3  -3.21304113e+03 -3.34054077e+03  4.44e-16 3.57e-14  3.30e-03     0s
   4  -3.22398816e+03 -3.22411797e+03  6.66e-16 1.78e-15  3.36e-06     0s
   5  -3.22400000e+03 -3.22400000e+03  6.66e-16 1.78e-15  3.36e-12     0s

Barrier solved model in 5 iterations and 0.26 seconds
Optimal objective -3.22400000e+03


Root relaxation: objective -3.224000e+03, 16552 iterations, 0.20 seconds

    Nodes    |    Current Node    |     Objective Bounds      |     Work
 Expl Unexpl |  Obj  Depth IntInf | Incumbent    BestBd   Gap | It/Node Time

*    0     0               0    -3224.000000 -3224.0000  0.00%     -    0s

Explored 0 nodes (21145 simplex iterations) in 0.36 seconds
Thread count was 20 (of 20 available processors)

Solution count 2: -3224 0 
Pool objective bound -3224

Optimal solution found (tolerance 5.00e-02)
Best objective -3.224000000000e+03, best bound -3.224000000000e+03, gap 0.0000%
(0, 3224.0)
(1, 3224.0)
(2, 3224.0)
(3, 3224.0)
(4, 3224.0)
(5, 3224.0)
(6, 3224.0)
(7, 3224.0)
(8, 3224.0)
(9, 3224.0)
(10, 3224.0)
(11, 3224.0)
(12, 3224.0)
(13, 3224.0)
(14, 3224.0)
(15, 3224.0)
(16, 3224.0)
(17, 3224.0)
(18, 3224.0)
(19, 3224.0)
(20, 3224.0)
(21, 3224.0)
(22, 3224.0)
(23, 3224.0)
(24, 3224.0)
(25, 3224.0)
(26, 3224.0)
(27, 3224.0)
(28, 3224.0)
(29, 3224.0)
(30, 3224.0)
(31, 3224.0)
(32, 3224.0)
(33, 3224.0)
(34, 3224.0)
(35, 3224.0)
(36, 3224.0)
(37, 3224.0)
(38, 3224.0)
(39, 3224.0)
(0, 3224.0)
(1, 3224.0)
(2, 3224.0)
(3, 3224.0)
(4, 3224.0)
(5, 3224.0)
(6, 3224.0)
(7, 3224.0)
(8, 3224.0)
(9, 3224.0)
(10, 3224.0)
(11, 3224.0)
(12, 3224.0)
(13, 3224.0)
(14, 3224.0)
(15, 3224.0)
(16, 3224.0)
(17, 3224.0)
(18, 3224.0)
(19, 3224.0)
(20, 3224.0)
(21, 3224.0)
(22, 3224.0)
(23, 3224.0)
(24, 3224.0)
(25, 3224.0)
(26, 3224.0)
(27, 3224.0)
(28, 3224.0)
(29, 3224.0)
(30, 3224.0)
(31, 3224.0)
(32, 3224.0)
(33, 3224.0)
(34, 3224.0)
(35, 3224.0)
(36, 3224.0)
(37, 3224.0)
(38, 3224.0)
(39, 3224.0)
Changed value of parameter MIPGap to 0.05
   Prev: 0.0001  Min: 0.0  Max: 1e+100  Default: 0.0001
Changed value of parameter TimeLimit to 1800.0
   Prev: 1e+100  Min: 0.0  Max: 1e+100  Default: 1e+100
Changed value of parameter Method to 2
   Prev: -1  Min: -1  Max: 4  Default: -1
Changed value of parameter MIPFocus to 1
   Prev: 0  Min: 0  Max: 3  Default: 0
Optimize a model with 4010 rows, 19305 columns and 38610 nonzeros
Variable types: 0 continuous, 19305 integer (19305 binary)
Coefficient statistics:
  Matrix range     [1e+00, 2e+01]
  Objective range  [2e+00, 9e+00]
  Bounds range     [1e+00, 1e+00]
  RHS range        [8e+01, 8e+01]
Found heuristic solution: objective 0
Presolve removed 53 rows and 258 columns
Presolve time: 0.08s
Presolved: 3957 rows, 19047 columns, 38094 nonzeros
Variable types: 0 continuous, 19047 integer (19047 binary)
Presolved: 3957 rows, 19047 columns, 38094 nonzeros

Root barrier log...

Ordering time: 0.09s

Barrier statistics:
 AA' NZ     : 1.905e+04
 Factor NZ  : 1.376e+05 (roughly 10 MBytes of memory)
 Factor Ops : 2.616e+07 (less than 1 second per iteration)
 Threads    : 1

                  Objective                Residual
Iter       Primal          Dual         Primal    Dual     Compl     Time
   0  -5.57450610e+04 -1.26515646e+05  3.17e+02 1.29e+00  6.52e+01     0s
   1  -9.16185802e+03 -1.17495754e+05  7.92e+00 1.86e-01  7.17e+00     0s
   2  -4.80516816e+03 -4.25903194e+04  6.61e-02 1.78e-14  1.03e+00     0s
   3  -4.67309829e+03 -4.78222658e+03  6.66e-16 6.04e-14  2.83e-03     0s
   4  -4.69297717e+03 -4.69309079e+03  7.77e-16 3.55e-15  2.94e-06     0s
   5  -4.69300000e+03 -4.69300000e+03  7.77e-16 3.55e-15  2.94e-12     0s

Barrier solved model in 5 iterations and 0.26 seconds
Optimal objective -4.69300000e+03


Root relaxation: objective -4.693000e+03, 16547 iterations, 0.19 seconds

    Nodes    |    Current Node    |     Objective Bounds      |     Work
 Expl Unexpl |  Obj  Depth IntInf | Incumbent    BestBd   Gap | It/Node Time

*    0     0               0    -4693.000000 -4693.0000  0.00%     -    0s

Explored 0 nodes (21122 simplex iterations) in 0.35 seconds
Thread count was 20 (of 20 available processors)

Solution count 2: -4693 0 
Pool objective bound -4693

Optimal solution found (tolerance 5.00e-02)
Best objective -4.693000000000e+03, best bound -4.693000000000e+03, gap 0.0000%
(0, 4693.0)
(1, 4693.0)
(2, 4693.0)
(3, 4693.0)
(4, 4693.0)
(5, 4693.0)
(6, 4693.0)
(7, 4693.0)
(8, 4693.0)
(9, 4693.0)
(10, 4693.0)
(11, 4693.0)
(12, 4693.0)
(13, 4693.0)
(14, 4693.0)
(15, 4693.0)
(16, 4693.0)
(17, 4693.0)
(18, 4693.0)
(19, 4693.0)
(20, 4693.0)
(21, 4693.0)
(22, 4693.0)
(23, 4693.0)
(24, 4693.0)
(25, 4693.0)
(26, 4693.0)
(27, 4693.0)
(28, 4693.0)
(29, 4693.0)
(30, 4693.0)
(31, 4693.0)
(32, 4693.0)
(33, 4693.0)
(34, 4693.0)
(35, 4693.0)
(36, 4693.0)
(37, 4693.0)
(38, 4693.0)
(39, 4693.0)
(0, 4693.0)
(1, 4693.0)
(2, 4693.0)
(3, 4693.0)
(4, 4693.0)
(5, 4693.0)
(6, 4693.0)
(7, 4693.0)
(8, 4693.0)
(9, 4693.0)
(10, 4693.0)
(11, 4693.0)
(12, 4693.0)
(13, 4693.0)
(14, 4693.0)
(15, 4693.0)
(16, 4693.0)
(17, 4693.0)
(18, 4693.0)
(19, 4693.0)
(20, 4693.0)
(21, 4693.0)
(22, 4693.0)
(23, 4693.0)
(24, 4693.0)
(25, 4693.0)
(26, 4693.0)
(27, 4693.0)
(28, 4693.0)
(29, 4693.0)
(30, 4693.0)
(31, 4693.0)
(32, 4693.0)
(33, 4693.0)
(34, 4693.0)
(35, 4693.0)
(36, 4693.0)
(37, 4693.0)
(38, 4693.0)
(39, 4693.0)
Changed value of parameter MIPGap to 0.05
   Prev: 0.0001  Min: 0.0  Max: 1e+100  Default: 0.0001
Changed value of parameter TimeLimit to 1800.0
   Prev: 1e+100  Min: 0.0  Max: 1e+100  Default: 1e+100
Changed value of parameter Method to 2
   Prev: -1  Min: -1  Max: 4  Default: -1
Changed value of parameter MIPFocus to 1
   Prev: 0  Min: 0  Max: 3  Default: 0
Optimize a model with 4010 rows, 19305 columns and 38610 nonzeros
Variable types: 0 continuous, 19305 integer (19305 binary)
Coefficient statistics:
  Matrix range     [1e+00, 2e+01]
  Objective range  [3e+00, 2e+01]
  Bounds range     [1e+00, 1e+00]
  RHS range        [8e+01, 8e+01]
Found heuristic solution: objective 0
Presolve removed 53 rows and 258 columns
Presolve time: 0.08s
Presolved: 3957 rows, 19047 columns, 38094 nonzeros
Variable types: 0 continuous, 19047 integer (19047 binary)
Presolved: 3957 rows, 19047 columns, 38094 nonzeros

Root barrier log...

Ordering time: 0.09s

Barrier statistics:
 AA' NZ     : 1.905e+04
 Factor NZ  : 1.376e+05 (roughly 10 MBytes of memory)
 Factor Ops : 2.616e+07 (less than 1 second per iteration)
 Threads    : 1

                  Objective                Residual
Iter       Primal          Dual         Primal    Dual     Compl     Time
   0  -9.04292053e+04 -2.40531384e+05  3.17e+02 2.44e+00  1.25e+02     0s
   1  -1.32883533e+04 -2.23719033e+05  3.13e+00 4.36e-01  1.16e+01     0s
   2  -7.54843968e+03 -6.76420296e+04  3.09e-02 1.97e-13  1.60e+00     0s
   3  -7.54645614e+03 -7.71902866e+03  6.66e-16 6.39e-14  4.47e-03     0s
   4  -7.63091522e+03 -7.63108837e+03  5.55e-16 7.11e-15  4.48e-06     0s
   5  -7.63100000e+03 -7.63100000e+03  4.44e-16 1.07e-14  4.48e-12     0s

Barrier solved model in 5 iterations and 0.26 seconds
Optimal objective -7.63100000e+03


Root relaxation: objective -7.631000e+03, 16539 iterations, 0.20 seconds

    Nodes    |    Current Node    |     Objective Bounds      |     Work
 Expl Unexpl |  Obj  Depth IntInf | Incumbent    BestBd   Gap | It/Node Time

     0     0 -7631.0000    0    2    0.00000 -7631.0000      -     -    0s
H    0     0                    -7631.000000 -7631.0000  0.00%     -    0s

Explored 0 nodes (23131 simplex iterations) in 0.37 seconds
Thread count was 20 (of 20 available processors)

Solution count 2: -7631 0 
Pool objective bound -7631

Optimal solution found (tolerance 5.00e-02)
Best objective -7.631000000000e+03, best bound -7.631000000000e+03, gap 0.0000%
(0, 7631.0)
(1, 7631.0)
(2, 7631.0)
(3, 7631.0)
(4, 7631.0)
(5, 7631.0)
(6, 7631.0)
(7, 7631.0)
(8, 7631.0)
(9, 7631.0)
(10, 7631.0)
(11, 7631.0)
(12, 7631.0)
(13, 7631.0)
(14, 7631.0)
(15, 7631.0)
(16, 7631.0)
(17, 7631.0)
(18, 7631.0)
(19, 7631.0)
(20, 7631.0)
(21, 7631.0)
(22, 7631.0)
(23, 7631.0)
(24, 7631.0)
(25, 7631.0)
(26, 7631.0)
(27, 7631.0)
(28, 7631.0)
(29, 7631.0)
(30, 7631.0)
(31, 7631.0)
(32, 7631.0)
(33, 7631.0)
(34, 7631.0)
(35, 7631.0)
(36, 7631.0)
(37, 7631.0)
(38, 7631.0)
(39, 7631.0)
(0, 7631.0)
(1, 7631.0)
(2, 7631.0)
(3, 7631.0)
(4, 7631.0)
(5, 7631.0)
(6, 7631.0)
(7, 7631.0)
(8, 7631.0)
(9, 7631.0)
(10, 7631.0)
(11, 7631.0)
(12, 7631.0)
(13, 7631.0)
(14, 7631.0)
(15, 7631.0)
(16, 7631.0)
(17, 7631.0)
(18, 7631.0)
(19, 7631.0)
(20, 7631.0)
(21, 7631.0)
(22, 7631.0)
(23, 7631.0)
(24, 7631.0)
(25, 7631.0)
(26, 7631.0)
(27, 7631.0)
(28, 7631.0)
(29, 7631.0)
(30, 7631.0)
(31, 7631.0)
(32, 7631.0)
(33, 7631.0)
(34, 7631.0)
(35, 7631.0)
(36, 7631.0)
(37, 7631.0)
(38, 7631.0)
(39, 7631.0)
Changed value of parameter MIPGap to 0.05
   Prev: 0.0001  Min: 0.0  Max: 1e+100  Default: 0.0001
Changed value of parameter TimeLimit to 1800.0
   Prev: 1e+100  Min: 0.0  Max: 1e+100  Default: 1e+100
Changed value of parameter Method to 2
   Prev: -1  Min: -1  Max: 4  Default: -1
Changed value of parameter MIPFocus to 1
   Prev: 0  Min: 0  Max: 3  Default: 0
Optimize a model with 4010 rows, 19305 columns and 38610 nonzeros
Variable types: 0 continuous, 19305 integer (19305 binary)
Coefficient statistics:
  Matrix range     [1e+00, 2e+01]
  Objective range  [5e+00, 3e+01]
  Bounds range     [1e+00, 1e+00]
  RHS range        [8e+01, 8e+01]
Found heuristic solution: objective 0
Presolve removed 53 rows and 258 columns
Presolve time: 0.08s
Presolved: 3957 rows, 19047 columns, 38094 nonzeros
Variable types: 0 continuous, 19047 integer (19047 binary)
Presolved: 3957 rows, 19047 columns, 38094 nonzeros

Root barrier log...

Ordering time: 0.09s

Barrier statistics:
 AA' NZ     : 1.905e+04
 Factor NZ  : 1.376e+05 (roughly 10 MBytes of memory)
 Factor Ops : 2.616e+07 (less than 1 second per iteration)
 Threads    : 1

                  Objective                Residual
Iter       Primal          Dual         Primal    Dual     Compl     Time
   0  -1.59797312e+05 -4.68562861e+05  3.17e+02 4.76e+00  2.44e+02     0s
   1  -2.29015576e+04 -4.36148575e+05  2.84e+00 9.45e-01  2.19e+01     0s
   2  -1.32668038e+04 -1.23991090e+05  2.90e-02 4.12e-13  2.94e+00     0s
   3  -1.33158688e+04 -1.37421706e+04  6.66e-16 1.56e-13  1.10e-02     0s
   4  -1.35068079e+04 -1.35072368e+04  4.44e-16 1.42e-14  1.11e-05     0s
   5  -1.35070000e+04 -1.35070000e+04  4.44e-16 2.13e-14  1.11e-11     0s

Barrier solved model in 5 iterations and 0.26 seconds
Optimal objective -1.35070000e+04


Root relaxation: objective -1.350700e+04, 16540 iterations, 0.19 seconds

    Nodes    |    Current Node    |     Objective Bounds      |     Work
 Expl Unexpl |  Obj  Depth IntInf | Incumbent    BestBd   Gap | It/Node Time

*    0     0               0    -13507.00000 -13507.000  0.00%     -    0s

Explored 0 nodes (18454 simplex iterations) in 0.33 seconds
Thread count was 20 (of 20 available processors)

Solution count 2: -13507 0 
Pool objective bound -13507

Optimal solution found (tolerance 5.00e-02)
Best objective -1.350700000000e+04, best bound -1.350700000000e+04, gap 0.0000%
(0, 13507.0)
(1, 13507.0)
(2, 13507.0)
(3, 13507.0)
(4, 13507.0)
(5, 13507.0)
(6, 13507.0)
(7, 13507.0)
(8, 13507.0)
(9, 13507.0)
(10, 13507.0)
(11, 13507.0)
(12, 13507.0)
(13, 13507.0)
(14, 13507.0)
(15, 13507.0)
(16, 13507.0)
(17, 13507.0)
(18, 13507.0)
(19, 13507.0)
(20, 13507.0)
(21, 13507.0)
(22, 13507.0)
(23, 13507.0)
(24, 13507.0)
(25, 13507.0)
(26, 13507.0)
(27, 13507.0)
(28, 13507.0)
(29, 13507.0)
(30, 13507.0)
(31, 13507.0)
(32, 13507.0)
(33, 13507.0)
(34, 13507.0)
(35, 13507.0)
(36, 13507.0)
(37, 13507.0)
(38, 13507.0)
(39, 13507.0)
(0, 13507.0)
(1, 13507.0)
(2, 13507.0)
(3, 13507.0)
(4, 13507.0)
(5, 13507.0)
(6, 13507.0)
(7, 13507.0)
(8, 13507.0)
(9, 13507.0)
(10, 13507.0)
(11, 13507.0)
(12, 13507.0)
(13, 13507.0)
(14, 13507.0)
(15, 13507.0)
(16, 13507.0)
(17, 13507.0)
(18, 13507.0)
(19, 13507.0)
(20, 13507.0)
(21, 13507.0)
(22, 13507.0)
(23, 13507.0)
(24, 13507.0)
(25, 13507.0)
(26, 13507.0)
(27, 13507.0)
(28, 13507.0)
(29, 13507.0)
(30, 13507.0)
(31, 13507.0)
(32, 13507.0)
(33, 13507.0)
(34, 13507.0)
(35, 13507.0)
(36, 13507.0)
(37, 13507.0)
(38, 13507.0)
(39, 13507.0)
Changed value of parameter MIPGap to 0.05
   Prev: 0.0001  Min: 0.0  Max: 1e+100  Default: 0.0001
Changed value of parameter TimeLimit to 1800.0
   Prev: 1e+100  Min: 0.0  Max: 1e+100  Default: 1e+100
Changed value of parameter Method to 2
   Prev: -1  Min: -1  Max: 4  Default: -1
Changed value of parameter MIPFocus to 1
   Prev: 0  Min: 0  Max: 3  Default: 0
Optimize a model with 4010 rows, 19305 columns and 38610 nonzeros
Variable types: 0 continuous, 19305 integer (19305 binary)
Coefficient statistics:
  Matrix range     [1e+00, 2e+01]
  Objective range  [6e+00, 4e+01]
  Bounds range     [1e+00, 1e+00]
  RHS range        [8e+01, 8e+01]
Found heuristic solution: objective 0
Presolve removed 53 rows and 258 columns
Presolve time: 0.08s
Presolved: 3957 rows, 19047 columns, 38094 nonzeros
Variable types: 0 continuous, 19047 integer (19047 binary)
Presolved: 3957 rows, 19047 columns, 38094 nonzeros

Root barrier log...

Ordering time: 0.09s

Barrier statistics:
 AA' NZ     : 1.905e+04
 Factor NZ  : 1.376e+05 (roughly 10 MBytes of memory)
 Factor Ops : 2.616e+07 (less than 1 second per iteration)
 Threads    : 1

                  Objective                Residual
Iter       Primal          Dual         Primal    Dual     Compl     Time
   0  -1.94481345e+05 -5.82578600e+05  3.17e+02 5.91e+00  3.04e+02     0s
   1  -2.78381123e+04 -5.42367007e+05  2.82e+00 1.20e+00  2.72e+01     0s
   2  -1.61524806e+04 -1.53186216e+05  2.97e-02 1.16e-12  3.64e+00     0s
   3  -1.62082897e+04 -1.67368184e+04  7.77e-16 3.84e-13  1.37e-02     0s
   4  -1.64447620e+04 -1.64452940e+04  5.55e-16 2.13e-14  1.38e-05     0s
   5  -1.64450000e+04 -1.64450000e+04  3.33e-16 2.13e-14  1.38e-11     0s

Barrier solved model in 5 iterations and 0.26 seconds
Optimal objective -1.64450000e+04


Root relaxation: objective -1.644500e+04, 16528 iterations, 0.19 seconds

    Nodes    |    Current Node    |     Objective Bounds      |     Work
 Expl Unexpl |  Obj  Depth IntInf | Incumbent    BestBd   Gap | It/Node Time

*    0     0               0    -16445.00000 -16445.000  0.00%     -    0s

Explored 0 nodes (20985 simplex iterations) in 0.35 seconds
Thread count was 20 (of 20 available processors)

Solution count 2: -16445 0 
Pool objective bound -16445

Optimal solution found (tolerance 5.00e-02)
Best objective -1.644500000000e+04, best bound -1.644500000000e+04, gap 0.0000%
(0, 16445.0)
(1, 16445.0)
(2, 16445.0)
(3, 16445.0)
(4, 16445.0)
(5, 16445.0)
(6, 16445.0)
(7, 16445.0)
(8, 16445.0)
(9, 16445.0)
(10, 16445.0)
(11, 16445.0)
(12, 16445.0)
(13, 16445.0)
(14, 16445.0)
(15, 16445.0)
(16, 16445.0)
(17, 16445.0)
(18, 16445.0)
(19, 16445.0)
(20, 16445.0)
(21, 16445.0)
(22, 16445.0)
(23, 16445.0)
(24, 16445.0)
(25, 16445.0)
(26, 16445.0)
(27, 16445.0)
(28, 16445.0)
(29, 16445.0)
(30, 16445.0)
(31, 16445.0)
(32, 16445.0)
(33, 16445.0)
(34, 16445.0)
(35, 16445.0)
(36, 16445.0)
(37, 16445.0)
(38, 16445.0)
(39, 16445.0)
(0, 16445.0)
(1, 16445.0)
(2, 16445.0)
(3, 16445.0)
(4, 16445.0)
(5, 16445.0)
(6, 16445.0)
(7, 16445.0)
(8, 16445.0)
(9, 16445.0)
(10, 16445.0)
(11, 16445.0)
(12, 16445.0)
(13, 16445.0)
(14, 16445.0)
(15, 16445.0)
(16, 16445.0)
(17, 16445.0)
(18, 16445.0)
(19, 16445.0)
(20, 16445.0)
(21, 16445.0)
(22, 16445.0)
(23, 16445.0)
(24, 16445.0)
(25, 16445.0)
(26, 16445.0)
(27, 16445.0)
(28, 16445.0)
(29, 16445.0)
(30, 16445.0)
(31, 16445.0)
(32, 16445.0)
(33, 16445.0)
(34, 16445.0)
(35, 16445.0)
(36, 16445.0)
(37, 16445.0)
(38, 16445.0)
(39, 16445.0)
Changed value of parameter MIPGap to 0.05
   Prev: 0.0001  Min: 0.0  Max: 1e+100  Default: 0.0001
Changed value of parameter TimeLimit to 1800.0
   Prev: 1e+100  Min: 0.0  Max: 1e+100  Default: 1e+100
Changed value of parameter Method to 2
   Prev: -1  Min: -1  Max: 4  Default: -1
Changed value of parameter MIPFocus to 1
   Prev: 0  Min: 0  Max: 3  Default: 0
Optimize a model with 4010 rows, 19305 columns and 38610 nonzeros
Variable types: 0 continuous, 19305 integer (19305 binary)
Coefficient statistics:
  Matrix range     [1e+00, 2e+01]
  Objective range  [1e+01, 8e+01]
  Bounds range     [1e+00, 1e+00]
  RHS range        [8e+01, 8e+01]
Found heuristic solution: objective 0
Presolve removed 53 rows and 258 columns
Presolve time: 0.08s
Presolved: 3957 rows, 19047 columns, 38094 nonzeros
Variable types: 0 continuous, 19047 integer (19047 binary)
Presolved: 3957 rows, 19047 columns, 38094 nonzeros

Root barrier log...

Ordering time: 0.08s

Barrier statistics:
 AA' NZ     : 1.905e+04
 Factor NZ  : 1.376e+05 (roughly 10 MBytes of memory)
 Factor Ops : 2.616e+07 (less than 1 second per iteration)
 Threads    : 1

                  Objective                Residual
Iter       Primal          Dual         Primal    Dual     Compl     Time
   0  -3.67901472e+05 -1.15265729e+06  3.17e+02 1.17e+01  6.02e+02     0s
   1  -5.25349937e+04 -1.07345808e+06  2.79e+00 2.48e+00  5.38e+01     0s
   2  -3.05667836e+04 -2.99137192e+05  2.97e-02 3.98e-13  7.13e+00     0s
   3  -3.06743354e+04 -3.16988120e+04  6.66e-16 3.55e-13  2.65e-02     0s
   4  -3.11345367e+04 -3.11355691e+04  4.44e-16 2.84e-14  2.67e-05     0s
   5  -3.11350000e+04 -3.11350000e+04  5.55e-16 2.84e-14  2.67e-11     0s

Barrier solved model in 5 iterations and 0.24 seconds
Optimal objective -3.11350000e+04


Root relaxation: objective -3.113500e+04, 16532 iterations, 0.18 seconds

    Nodes    |    Current Node    |     Objective Bounds      |     Work
 Expl Unexpl |  Obj  Depth IntInf | Incumbent    BestBd   Gap | It/Node Time

     0     0 -31135.000    0    2    0.00000 -31135.000      -     -    0s
H    0     0                    -31135.00000 -31135.000  0.00%     -    0s

Explored 0 nodes (22472 simplex iterations) in 0.35 seconds
Thread count was 20 (of 20 available processors)

Solution count 2: -31135 0 
Pool objective bound -31135

Optimal solution found (tolerance 5.00e-02)
Best objective -3.113500000000e+04, best bound -3.113500000000e+04, gap 0.0000%
(0, 31135.0)
(1, 31135.0)
(2, 31135.0)
(3, 31135.0)
(4, 31135.0)
(5, 31135.0)
(6, 31135.0)
(7, 31135.0)
(8, 31135.0)
(9, 31135.0)
(10, 31135.0)
(11, 31135.0)
(12, 31135.0)
(13, 31135.0)
(14, 31135.0)
(15, 31135.0)
(16, 31135.0)
(17, 31135.0)
(18, 31135.0)
(19, 31135.0)
(20, 31135.0)
(21, 31135.0)
(22, 31135.0)
(23, 31135.0)
(24, 31135.0)
(25, 31135.0)
(26, 31135.0)
(27, 31135.0)
(28, 31135.0)
(29, 31135.0)
(30, 31135.0)
(31, 31135.0)
(32, 31135.0)
(33, 31135.0)
(34, 31135.0)
(35, 31135.0)
(36, 31135.0)
(37, 31135.0)
(38, 31135.0)
(39, 31135.0)
(0, 31135.0)
(1, 31135.0)
(2, 31135.0)
(3, 31135.0)
(4, 31135.0)
(5, 31135.0)
(6, 31135.0)
(7, 31135.0)
(8, 31135.0)
(9, 31135.0)
(10, 31135.0)
(11, 31135.0)
(12, 31135.0)
(13, 31135.0)
(14, 31135.0)
(15, 31135.0)
(16, 31135.0)
(17, 31135.0)
(18, 31135.0)
(19, 31135.0)
(20, 31135.0)
(21, 31135.0)
(22, 31135.0)
(23, 31135.0)
(24, 31135.0)
(25, 31135.0)
(26, 31135.0)
(27, 31135.0)
(28, 31135.0)
(29, 31135.0)
(30, 31135.0)
(31, 31135.0)
(32, 31135.0)
(33, 31135.0)
(34, 31135.0)
(35, 31135.0)
(36, 31135.0)
(37, 31135.0)
(38, 31135.0)
(39, 31135.0)
Changed value of parameter MIPGap to 0.05
   Prev: 0.0001  Min: 0.0  Max: 1e+100  Default: 0.0001
Changed value of parameter TimeLimit to 1800.0
   Prev: 1e+100  Min: 0.0  Max: 1e+100  Default: 1e+100
Changed value of parameter Method to 2
   Prev: -1  Min: -1  Max: 4  Default: -1
Changed value of parameter MIPFocus to 1
   Prev: 0  Min: 0  Max: 3  Default: 0
Optimize a model with 4010 rows, 19305 columns and 38610 nonzeros
Variable types: 0 continuous, 19305 integer (19305 binary)
Coefficient statistics:
  Matrix range     [1e+00, 2e+01]
  Objective range  [2e+01, 2e+02]
  Bounds range     [1e+00, 1e+00]
  RHS range        [8e+01, 8e+01]
Found heuristic solution: objective 0
Presolve removed 53 rows and 258 columns
Presolve time: 0.08s
Presolved: 3957 rows, 19047 columns, 38094 nonzeros
Variable types: 0 continuous, 19047 integer (19047 binary)
Presolved: 3957 rows, 19047 columns, 38094 nonzeros

Root barrier log...

Ordering time: 0.08s

Barrier statistics:
 AA' NZ     : 1.905e+04
 Factor NZ  : 1.376e+05 (roughly 10 MBytes of memory)
 Factor Ops : 2.616e+07 (less than 1 second per iteration)
 Threads    : 1

                  Objective                Residual
Iter       Primal          Dual         Primal    Dual     Compl     Time
   0  -7.14741685e+05 -2.29281468e+06  3.17e+02 2.33e+01  1.20e+03     0s
   1  -9.58378915e+04 -2.13571409e+06  2.60e+00 5.03e+00  1.07e+02     0s
   2  -6.09834123e+04 -5.68000690e+05  6.32e-02 3.13e-13  1.39e+01     0s
   3  -5.96426554e+04 -6.13796226e+04  6.66e-16 4.55e-13  4.50e-02     0s
   4  -6.05141388e+04 -6.05158879e+04  5.55e-16 5.68e-14  4.53e-05     0s
   5  -6.05150000e+04 -6.05150000e+04  7.77e-16 8.53e-14  4.53e-11     0s

Barrier solved model in 5 iterations and 0.25 seconds
Optimal objective -6.05150000e+04


Root relaxation: objective -6.051500e+04, 16555 iterations, 0.19 seconds

    Nodes    |    Current Node    |     Objective Bounds      |     Work
 Expl Unexpl |  Obj  Depth IntInf | Incumbent    BestBd   Gap | It/Node Time

*    0     0               0    -60515.00000 -60515.000  0.00%     -    0s

Explored 0 nodes (17225 simplex iterations) in 0.31 seconds
Thread count was 20 (of 20 available processors)

Solution count 2: -60515 0 
Pool objective bound -60515

Optimal solution found (tolerance 5.00e-02)
Best objective -6.051500000000e+04, best bound -6.051500000000e+04, gap 0.0000%
(0, 60515.0)
(1, 60515.0)
(2, 60515.0)
(3, 60515.0)
(4, 60515.0)
(5, 60515.0)
(6, 60515.0)
(7, 60515.0)
(8, 60515.0)
(9, 60515.0)
(10, 60515.0)
(11, 60515.0)
(12, 60515.0)
(13, 60515.0)
(14, 60515.0)
(15, 60515.0)
(16, 60515.0)
(17, 60515.0)
(18, 60515.0)
(19, 60515.0)
(20, 60515.0)
(21, 60515.0)
(22, 60515.0)
(23, 60515.0)
(24, 60515.0)
(25, 60515.0)
(26, 60515.0)
(27, 60515.0)
(28, 60515.0)
(29, 60515.0)
(30, 60515.0)
(31, 60515.0)
(32, 60515.0)
(33, 60515.0)
(34, 60515.0)
(35, 60515.0)
(36, 60515.0)
(37, 60515.0)
(38, 60515.0)
(39, 60515.0)
(0, 60515.0)
(1, 60515.0)
(2, 60515.0)
(3, 60515.0)
(4, 60515.0)
(5, 60515.0)
(6, 60515.0)
(7, 60515.0)
(8, 60515.0)
(9, 60515.0)
(10, 60515.0)
(11, 60515.0)
(12, 60515.0)
(13, 60515.0)
(14, 60515.0)
(15, 60515.0)
(16, 60515.0)
(17, 60515.0)
(18, 60515.0)
(19, 60515.0)
(20, 60515.0)
(21, 60515.0)
(22, 60515.0)
(23, 60515.0)
(24, 60515.0)
(25, 60515.0)
(26, 60515.0)
(27, 60515.0)
(28, 60515.0)
(29, 60515.0)
(30, 60515.0)
(31, 60515.0)
(32, 60515.0)
(33, 60515.0)
(34, 60515.0)
(35, 60515.0)
(36, 60515.0)
(37, 60515.0)
(38, 60515.0)
(39, 60515.0)
Changed value of parameter MIPGap to 0.05
   Prev: 0.0001  Min: 0.0  Max: 1e+100  Default: 0.0001
Changed value of parameter TimeLimit to 1800.0
   Prev: 1e+100  Min: 0.0  Max: 1e+100  Default: 1e+100
Changed value of parameter Method to 2
   Prev: -1  Min: -1  Max: 4  Default: -1
Changed value of parameter MIPFocus to 1
   Prev: 0  Min: 0  Max: 3  Default: 0
Optimize a model with 4010 rows, 19305 columns and 38610 nonzeros
Variable types: 0 continuous, 19305 integer (19305 binary)
Coefficient statistics:
  Matrix range     [1e+00, 2e+01]
  Objective range  [5e+01, 4e+02]
  Bounds range     [1e+00, 1e+00]
  RHS range        [8e+01, 8e+01]
Found heuristic solution: objective 0
Presolve removed 53 rows and 258 columns
Presolve time: 0.08s
Presolved: 3957 rows, 19047 columns, 38094 nonzeros
Variable types: 0 continuous, 19047 integer (19047 binary)
Presolved: 3957 rows, 19047 columns, 38094 nonzeros

Root barrier log...

Ordering time: 0.09s

Barrier statistics:
 AA' NZ     : 1.905e+04
 Factor NZ  : 1.376e+05 (roughly 10 MBytes of memory)
 Factor Ops : 2.616e+07 (less than 1 second per iteration)
 Threads    : 1

                  Objective                Residual
Iter       Primal          Dual         Primal    Dual     Compl     Time
   0  -1.75526229e+06 -5.71328683e+06  3.17e+02 5.80e+01  2.99e+03     0s
   1  -2.32911188e+05 -5.32236179e+06  2.50e+00 1.27e+01  2.62e+02     0s
   2  -1.49463649e+05 -1.38670653e+06  5.91e-02 7.96e-13  3.37e+01     0s
   3  -1.46458200e+05 -1.50640094e+05  5.55e-16 9.49e-12  1.08e-01     0s
   4  -1.48652827e+05 -1.48657035e+05  5.55e-16 1.14e-13  1.09e-04     0s
   5  -1.48655000e+05 -1.48655000e+05  5.55e-16 1.71e-13  1.09e-10     0s

Barrier solved model in 5 iterations and 0.26 seconds
Optimal objective -1.48655000e+05


Root relaxation: objective -1.486550e+05, 16542 iterations, 0.19 seconds

    Nodes    |    Current Node    |     Objective Bounds      |     Work
 Expl Unexpl |  Obj  Depth IntInf | Incumbent    BestBd   Gap | It/Node Time

*    0     0               0    -148655.0000 -148655.00  0.00%     -    0s

Explored 0 nodes (21078 simplex iterations) in 0.35 seconds
Thread count was 20 (of 20 available processors)

Solution count 2: -148655 0 
Pool objective bound -148655

Optimal solution found (tolerance 5.00e-02)
Best objective -1.486550000000e+05, best bound -1.486550000000e+05, gap 0.0000%
(0, 148655.0)
(1, 148655.0)
(2, 148655.0)
(3, 148655.0)
(4, 148655.0)
(5, 148655.0)
(6, 148655.0)
(7, 148655.0)
(8, 148655.0)
(9, 148655.0)
(10, 148655.0)
(11, 148655.0)
(12, 148655.0)
(13, 148655.0)
(14, 148655.0)
(15, 148655.0)
(16, 148655.0)
(17, 148655.0)
(18, 148655.0)
(19, 148655.0)
(20, 148655.0)
(21, 148655.0)
(22, 148655.0)
(23, 148655.0)
(24, 148655.0)
(25, 148655.0)
(26, 148655.0)
(27, 148655.0)
(28, 148655.0)
(29, 148655.0)
(30, 148655.0)
(31, 148655.0)
(32, 148655.0)
(33, 148655.0)
(34, 148655.0)
(35, 148655.0)
(36, 148655.0)
(37, 148655.0)
(38, 148655.0)
(39, 148655.0)
(0, 148655.0)
(1, 148655.0)
(2, 148655.0)
(3, 148655.0)
(4, 148655.0)
(5, 148655.0)
(6, 148655.0)
(7, 148655.0)
(8, 148655.0)
(9, 148655.0)
(10, 148655.0)
(11, 148655.0)
(12, 148655.0)
(13, 148655.0)
(14, 148655.0)
(15, 148655.0)
(16, 148655.0)
(17, 148655.0)
(18, 148655.0)
(19, 148655.0)
(20, 148655.0)
(21, 148655.0)
(22, 148655.0)
(23, 148655.0)
(24, 148655.0)
(25, 148655.0)
(26, 148655.0)
(27, 148655.0)
(28, 148655.0)
(29, 148655.0)
(30, 148655.0)
(31, 148655.0)
(32, 148655.0)
(33, 148655.0)
(34, 148655.0)
(35, 148655.0)
(36, 148655.0)
(37, 148655.0)
(38, 148655.0)
(39, 148655.0)
Changed value of parameter MIPGap to 0.05
   Prev: 0.0001  Min: 0.0  Max: 1e+100  Default: 0.0001
Changed value of parameter TimeLimit to 1800.0
   Prev: 1e+100  Min: 0.0  Max: 1e+100  Default: 1e+100
Changed value of parameter Method to 2
   Prev: -1  Min: -1  Max: 4  Default: -1
Changed value of parameter MIPFocus to 1
   Prev: 0  Min: 0  Max: 3  Default: 0
Optimize a model with 4010 rows, 19305 columns and 38610 nonzeros
Variable types: 0 continuous, 19305 integer (19305 binary)
Coefficient statistics:
  Matrix range     [1e+00, 2e+01]
  Objective range  [5e+02, 4e+03]
  Bounds range     [1e+00, 1e+00]
  RHS range        [8e+01, 8e+01]
Found heuristic solution: objective 0
Presolve removed 53 rows and 258 columns
Presolve time: 0.08s
Presolved: 3957 rows, 19047 columns, 38094 nonzeros
Variable types: 0 continuous, 19047 integer (19047 binary)
Presolved: 3957 rows, 19047 columns, 38094 nonzeros

Root barrier log...

Ordering time: 0.09s

Barrier statistics:
 AA' NZ     : 1.905e+04
 Factor NZ  : 1.376e+05 (roughly 10 MBytes of memory)
 Factor Ops : 2.616e+07 (less than 1 second per iteration)
 Threads    : 1

                  Objective                Residual
Iter       Primal          Dual         Primal    Dual     Compl     Time
   0  -1.73630712e+07 -5.70203691e+07  3.17e+02 5.78e+02  2.98e+04     0s
   1  -2.28929624e+06 -5.31220739e+07  2.44e+00 1.28e+02  2.59e+03     0s
   2  -1.47677872e+06 -1.36643043e+07  5.67e-02 6.37e-12  3.31e+02     0s
   3  -1.44870564e+06 -1.48797914e+06  6.66e-16 5.68e-11  1.02e+00     0s
   4  -1.47073310e+06 -1.47077262e+06  6.66e-16 1.36e-12  1.02e-03     0s
   5  -1.47075500e+06 -1.47075500e+06  7.77e-16 1.82e-12  1.02e-09     0s

Barrier solved model in 5 iterations and 0.26 seconds
Optimal objective -1.47075500e+06


Root relaxation: objective -1.470755e+06, 16542 iterations, 0.20 seconds

    Nodes    |    Current Node    |     Objective Bounds      |     Work
 Expl Unexpl |  Obj  Depth IntInf | Incumbent    BestBd   Gap | It/Node Time

*    0     0               0    -1470755.000 -1470755.0  0.00%     -    0s

Explored 0 nodes (17218 simplex iterations) in 0.33 seconds
Thread count was 20 (of 20 available processors)

Solution count 2: -1.47076e+06 0 
Pool objective bound -1.47076e+06

Optimal solution found (tolerance 5.00e-02)
Best objective -1.470755000000e+06, best bound -1.470755000000e+06, gap 0.0000%
(0, 1470755.0)
(1, 1470755.0)
(2, 1470755.0)
(3, 1470755.0)
(4, 1470755.0)
(5, 1470755.0)
(6, 1470755.0)
(7, 1470755.0)
(8, 1470755.0)
(9, 1470755.0)
(10, 1470755.0)
(11, 1470755.0)
(12, 1470755.0)
(13, 1470755.0)
(14, 1470755.0)
(15, 1470755.0)
(16, 1470755.0)
(17, 1470755.0)
(18, 1470755.0)
(19, 1470755.0)
(20, 1470755.0)
(21, 1470755.0)
(22, 1470755.0)
(23, 1470755.0)
(24, 1470755.0)
(25, 1470755.0)
(26, 1470755.0)
(27, 1470755.0)
(28, 1470755.0)
(29, 1470755.0)
(30, 1470755.0)
(31, 1470755.0)
(32, 1470755.0)
(33, 1470755.0)
(34, 1470755.0)
(35, 1470755.0)
(36, 1470755.0)
(37, 1470755.0)
(38, 1470755.0)
(39, 1470755.0)
(0, 1470755.0)
(1, 1470755.0)
(2, 1470755.0)
(3, 1470755.0)
(4, 1470755.0)
(5, 1470755.0)
(6, 1470755.0)
(7, 1470755.0)
(8, 1470755.0)
(9, 1470755.0)
(10, 1470755.0)
(11, 1470755.0)
(12, 1470755.0)
(13, 1470755.0)
(14, 1470755.0)
(15, 1470755.0)
(16, 1470755.0)
(17, 1470755.0)
(18, 1470755.0)
(19, 1470755.0)
(20, 1470755.0)
(21, 1470755.0)
(22, 1470755.0)
(23, 1470755.0)
(24, 1470755.0)
(25, 1470755.0)
(26, 1470755.0)
(27, 1470755.0)
(28, 1470755.0)
(29, 1470755.0)
(30, 1470755.0)
(31, 1470755.0)
(32, 1470755.0)
(33, 1470755.0)
(34, 1470755.0)
(35, 1470755.0)
(36, 1470755.0)
(37, 1470755.0)
(38, 1470755.0)
(39, 1470755.0)
