Changed value of parameter MIPGap to 0.05
   Prev: 0.0001  Min: 0.0  Max: 1e+100  Default: 0.0001
Changed value of parameter TimeLimit to 1800.0
   Prev: 1e+100  Min: 0.0  Max: 1e+100  Default: 1e+100
Changed value of parameter Method to 2
   Prev: -1  Min: -1  Max: 4  Default: -1
Changed value of parameter MIPFocus to 1
   Prev: 0  Min: 0  Max: 3  Default: 0
Optimize a model with 4308 rows, 6312 columns and 12624 nonzeros
Variable types: 0 continuous, 6312 integer (6312 binary)
Coefficient statistics:
  Matrix range     [1e+00, 5e+00]
  Objective range  [1e+00, 1e+00]
  Bounds range     [1e+00, 1e+00]
  RHS range        [8e+01, 8e+01]
Found heuristic solution: objective 0
Presolve removed 4234 rows and 4941 columns
Presolve time: 0.01s
Presolved: 74 rows, 1371 columns, 2628 nonzeros
Found heuristic solution: objective -1566.000000
Variable types: 0 continuous, 1371 integer (1154 binary)
Presolved: 74 rows, 1371 columns, 2628 nonzeros

Root barrier log...

Ordering time: 0.00s

Barrier statistics:
 AA' NZ     : 1.220e+03
 Factor NZ  : 2.775e+03 (roughly 1 MByte of memory)
 Factor Ops : 1.378e+05 (less than 1 second per iteration)
 Threads    : 1

                  Objective                Residual
Iter       Primal          Dual         Primal    Dual     Compl     Time
   0  -4.08058270e+03 -3.41211076e+03  2.48e+01 4.44e-16  2.14e+00     0s
   1  -1.94163443e+03 -2.52881825e+03  2.96e+00 2.10e-01  4.49e-01     0s
   2  -1.73665690e+03 -1.91177028e+03  7.84e-02 1.92e-02  6.76e-02     0s
   3  -1.76771634e+03 -1.79775401e+03  9.76e-03 2.05e-03  1.13e-02     0s
   4  -1.77446628e+03 -1.78212769e+03  1.67e-03 2.62e-04  2.83e-03     0s
   5  -1.77620590e+03 -1.77809756e+03  4.30e-04 3.27e-05  7.01e-04     0s
   6  -1.77689440e+03 -1.77692721e+03  0.00e+00 1.11e-15  1.17e-05     0s
   7  -1.77690000e+03 -1.77690000e+03  0.00e+00 1.78e-15  3.78e-11     0s

Barrier solved model in 7 iterations and 0.02 seconds
Optimal objective -1.77690000e+03


Root relaxation: objective -1.776900e+03, 448 iterations, 0.01 seconds

    Nodes    |    Current Node    |     Objective Bounds      |     Work
 Expl Unexpl |  Obj  Depth IntInf | Incumbent    BestBd   Gap | It/Node Time

     0     0 -1776.9000    0   15 -1566.0000 -1776.9000  13.5%     -    0s
H    0     0                    -1770.000000 -1776.9000  0.39%     -    0s

Explored 0 nodes (550 simplex iterations) in 0.03 seconds
Thread count was 20 (of 20 available processors)

Solution count 3: -1770 -1566 -109 
Pool objective bound -1776

Optimal solution found (tolerance 5.00e-02)
Best objective -1.770000000000e+03, best bound -1.776000000000e+03, gap 0.3390%
Changed value of parameter MIPGap to 0.05
   Prev: 0.0001  Min: 0.0  Max: 1e+100  Default: 0.0001
Changed value of parameter TimeLimit to 1800.0
   Prev: 1e+100  Min: 0.0  Max: 1e+100  Default: 1e+100
Changed value of parameter Method to 2
   Prev: -1  Min: -1  Max: 4  Default: -1
Changed value of parameter MIPFocus to 1
   Prev: 0  Min: 0  Max: 3  Default: 0
Optimize a model with 4308 rows, 6312 columns and 12624 nonzeros
Variable types: 0 continuous, 6312 integer (6312 binary)
Coefficient statistics:
  Matrix range     [1e+00, 5e+00]
  Objective range  [1e+00, 1e+00]
  Bounds range     [1e+00, 1e+00]
  RHS range        [8e+01, 8e+01]
Found heuristic solution: objective 0
Presolve removed 4234 rows and 4925 columns
Presolve time: 0.01s
Presolved: 74 rows, 1387 columns, 2645 nonzeros
Found heuristic solution: objective -1579.436650
Variable types: 0 continuous, 1387 integer (1166 binary)
Presolved: 74 rows, 1387 columns, 2645 nonzeros

Root barrier log...

Ordering time: 0.00s

Barrier statistics:
 AA' NZ     : 1.220e+03
 Factor NZ  : 2.775e+03 (roughly 1 MByte of memory)
 Factor Ops : 1.378e+05 (less than 1 second per iteration)
 Threads    : 1

                  Objective                Residual
Iter       Primal          Dual         Primal    Dual     Compl     Time
   0  -4.19519257e+03 -3.49066689e+03  2.57e+01 4.44e-16  2.27e+00     0s
   1  -1.94225782e+03 -2.57764754e+03  2.97e+00 2.07e-01  4.70e-01     0s
   2  -1.73507054e+03 -1.91956504e+03  7.56e-02 1.87e-02  7.01e-02     0s
   3  -1.76783637e+03 -1.80521362e+03  9.19e-03 3.39e-03  1.37e-02     0s
   4  -1.77571995e+03 -1.78479321e+03  1.14e-03 4.24e-04  3.27e-03     0s
   5  -1.77734579e+03 -1.77969640e+03  2.59e-04 7.07e-05  8.46e-04     0s
   6  -1.77799392e+03 -1.77804295e+03  0.00e+00 1.58e-06  1.73e-05     0s
   7  -1.77799905e+03 -1.77800671e+03  0.00e+00 2.88e-07  2.69e-06     0s
   8  -1.77799917e+03 -1.77800115e+03  0.00e+00 5.49e-08  6.95e-07     0s
   9  -1.77799923e+03 -1.77799926e+03  0.00e+00 1.78e-15  1.10e-08     0s
  10  -1.77799923e+03 -1.77799923e+03  0.00e+00 1.78e-15  1.18e-12     0s

Barrier solved model in 10 iterations and 0.02 seconds
Optimal objective -1.77799923e+03


Root relaxation: objective -1.777999e+03, 437 iterations, 0.01 seconds

    Nodes    |    Current Node    |     Objective Bounds      |     Work
 Expl Unexpl |  Obj  Depth IntInf | Incumbent    BestBd   Gap | It/Node Time

     0     0 -1777.9992    0   15 -1579.4367 -1777.9992  12.6%     -    0s
H    0     0                    -1772.098110 -1777.9992  0.33%     -    0s

Explored 0 nodes (527 simplex iterations) in 0.02 seconds
Thread count was 20 (of 20 available processors)

Solution count 3: -1772.1 -1579.44 -64.0484 
Pool objective bound -1778

Optimal solution found (tolerance 5.00e-02)
Best objective -1.772098110000e+03, best bound -1.777999234000e+03, gap 0.3330%
Changed value of parameter MIPGap to 0.05
   Prev: 0.0001  Min: 0.0  Max: 1e+100  Default: 0.0001
Changed value of parameter TimeLimit to 1800.0
   Prev: 1e+100  Min: 0.0  Max: 1e+100  Default: 1e+100
Changed value of parameter Method to 2
   Prev: -1  Min: -1  Max: 4  Default: -1
Changed value of parameter MIPFocus to 1
   Prev: 0  Min: 0  Max: 3  Default: 0
Optimize a model with 4308 rows, 6312 columns and 12624 nonzeros
Variable types: 0 continuous, 6312 integer (6312 binary)
Coefficient statistics:
  Matrix range     [1e+00, 5e+00]
  Objective range  [1e+00, 1e+00]
  Bounds range     [1e+00, 1e+00]
  RHS range        [8e+01, 8e+01]
Found heuristic solution: objective 0
Presolve removed 4234 rows and 4925 columns
Presolve time: 0.01s
Presolved: 74 rows, 1387 columns, 2645 nonzeros
Found heuristic solution: objective -1580.873300
Variable types: 0 continuous, 1387 integer (1166 binary)
Presolved: 74 rows, 1387 columns, 2645 nonzeros

Root barrier log...

Ordering time: 0.00s

Barrier statistics:
 AA' NZ     : 1.220e+03
 Factor NZ  : 2.775e+03 (roughly 1 MByte of memory)
 Factor Ops : 1.378e+05 (less than 1 second per iteration)
 Threads    : 1

                  Objective                Residual
Iter       Primal          Dual         Primal    Dual     Compl     Time
   0  -4.19836254e+03 -3.49253371e+03  2.57e+01 4.44e-16  2.27e+00     0s
   1  -1.94358430e+03 -2.57885239e+03  2.97e+00 2.07e-01  4.70e-01     0s
   2  -1.73628314e+03 -1.92062652e+03  7.53e-02 1.86e-02  7.00e-02     0s
   3  -1.76895591e+03 -1.80656837e+03  8.89e-03 2.72e-03  1.38e-02     0s
   4  -1.77684766e+03 -1.78592133e+03  1.11e-03 3.63e-04  3.27e-03     0s
   5  -1.77847120e+03 -1.78082423e+03  2.39e-04 5.71e-05  8.46e-04     0s
   6  -1.77909315e+03 -1.77914682e+03  0.00e+00 7.55e-07  1.89e-05     0s
   7  -1.77909810e+03 -1.77910999e+03  0.00e+00 2.37e-07  4.18e-06     0s
   8  -1.77909836e+03 -1.77909985e+03  0.00e+00 1.78e-15  5.24e-07     0s
   9  -1.77909847e+03 -1.77909847e+03  0.00e+00 1.78e-15  9.44e-10     0s

Barrier solved model in 9 iterations and 0.02 seconds
Optimal objective -1.77909847e+03


Root relaxation: objective -1.779098e+03, 448 iterations, 0.01 seconds

    Nodes    |    Current Node    |     Objective Bounds      |     Work
 Expl Unexpl |  Obj  Depth IntInf | Incumbent    BestBd   Gap | It/Node Time

     0     0 -1779.0985    0   15 -1580.8733 -1779.0985  12.5%     -    0s
H    0     0                    -1772.195140 -1779.0985  0.39%     -    0s

Explored 0 nodes (653 simplex iterations) in 0.02 seconds
Thread count was 20 (of 20 available processors)

Solution count 3: -1772.2 -1580.87 -64.0967 
Pool objective bound -1779.1

Optimal solution found (tolerance 5.00e-02)
Best objective -1.772195140000e+03, best bound -1.779098468000e+03, gap 0.3895%
Changed value of parameter MIPGap to 0.05
   Prev: 0.0001  Min: 0.0  Max: 1e+100  Default: 0.0001
Changed value of parameter TimeLimit to 1800.0
   Prev: 1e+100  Min: 0.0  Max: 1e+100  Default: 1e+100
Changed value of parameter Method to 2
   Prev: -1  Min: -1  Max: 4  Default: -1
Changed value of parameter MIPFocus to 1
   Prev: 0  Min: 0  Max: 3  Default: 0
Optimize a model with 4308 rows, 6312 columns and 12624 nonzeros
Variable types: 0 continuous, 6312 integer (6312 binary)
Coefficient statistics:
  Matrix range     [1e+00, 5e+00]
  Objective range  [1e+00, 1e+00]
  Bounds range     [1e+00, 1e+00]
  RHS range        [8e+01, 8e+01]
Found heuristic solution: objective 0
Presolve removed 4234 rows and 4925 columns
Presolve time: 0.01s
Presolved: 74 rows, 1387 columns, 2645 nonzeros
Found heuristic solution: objective -1583.746600
Variable types: 0 continuous, 1387 integer (1166 binary)
Presolved: 74 rows, 1387 columns, 2645 nonzeros

Root barrier log...

Ordering time: 0.00s

Barrier statistics:
 AA' NZ     : 1.220e+03
 Factor NZ  : 2.775e+03 (roughly 1 MByte of memory)
 Factor Ops : 1.378e+05 (less than 1 second per iteration)
 Threads    : 1

                  Objective                Residual
Iter       Primal          Dual         Primal    Dual     Compl     Time
   0  -4.20470245e+03 -3.49626735e+03  2.57e+01 4.44e-16  2.27e+00     0s
   1  -1.94623802e+03 -2.58126211e+03  2.97e+00 2.06e-01  4.70e-01     0s
   2  -1.73871148e+03 -1.92274916e+03  7.47e-02 1.85e-02  6.99e-02     0s
   3  -1.77125930e+03 -1.80875193e+03  8.62e-03 2.71e-03  1.37e-02     0s
   4  -1.77907208e+03 -1.78810822e+03  1.06e-03 3.53e-04  3.25e-03     0s
   5  -1.78071869e+03 -1.78304807e+03  2.03e-04 5.50e-05  8.35e-04     0s
   6  -1.78129181e+03 -1.78134395e+03  0.00e+00 7.75e-07  1.84e-05     0s
   7  -1.78129651e+03 -1.78131101e+03  0.00e+00 1.89e-07  5.10e-06     0s
   8  -1.78129686e+03 -1.78129764e+03  0.00e+00 1.78e-15  2.73e-07     0s
   9  -1.78129694e+03 -1.78129694e+03  0.00e+00 1.78e-15  3.06e-10     0s

Barrier solved model in 9 iterations and 0.02 seconds
Optimal objective -1.78129694e+03


Root relaxation: objective -1.781297e+03, 446 iterations, 0.01 seconds

    Nodes    |    Current Node    |     Objective Bounds      |     Work
 Expl Unexpl |  Obj  Depth IntInf | Incumbent    BestBd   Gap | It/Node Time

     0     0 -1781.2969    0   15 -1583.7466 -1781.2969  12.5%     -    0s
H    0     0                    -1774.390280 -1781.2969  0.39%     -    0s

Explored 0 nodes (525 simplex iterations) in 0.02 seconds
Thread count was 20 (of 20 available processors)

Solution count 3: -1774.39 -1583.75 -64.1934 
Pool objective bound -1781.3

Optimal solution found (tolerance 5.00e-02)
Best objective -1.774390280000e+03, best bound -1.781296936000e+03, gap 0.3892%
Changed value of parameter MIPGap to 0.05
   Prev: 0.0001  Min: 0.0  Max: 1e+100  Default: 0.0001
Changed value of parameter TimeLimit to 1800.0
   Prev: 1e+100  Min: 0.0  Max: 1e+100  Default: 1e+100
Changed value of parameter Method to 2
   Prev: -1  Min: -1  Max: 4  Default: -1
Changed value of parameter MIPFocus to 1
   Prev: 0  Min: 0  Max: 3  Default: 0
Optimize a model with 4308 rows, 6312 columns and 12624 nonzeros
Variable types: 0 continuous, 6312 integer (6312 binary)
Coefficient statistics:
  Matrix range     [1e+00, 5e+00]
  Objective range  [1e+00, 1e+00]
  Bounds range     [1e+00, 1e+00]
  RHS range        [8e+01, 8e+01]
Found heuristic solution: objective 0
Presolve removed 4234 rows and 4925 columns
Presolve time: 0.01s
Presolved: 74 rows, 1387 columns, 2645 nonzeros
Found heuristic solution: objective -1589.493200
Variable types: 0 continuous, 1387 integer (1166 binary)
Presolved: 74 rows, 1387 columns, 2645 nonzeros

Root barrier log...

Ordering time: 0.00s

Barrier statistics:
 AA' NZ     : 1.220e+03
 Factor NZ  : 2.775e+03 (roughly 1 MByte of memory)
 Factor Ops : 1.378e+05 (less than 1 second per iteration)
 Threads    : 1

                  Objective                Residual
Iter       Primal          Dual         Primal    Dual     Compl     Time
   0  -4.21738223e+03 -3.50373463e+03  2.57e+01 8.88e-16  2.27e+00     0s
   1  -1.95154852e+03 -2.58608165e+03  2.96e+00 2.04e-01  4.69e-01     0s
   2  -1.74357752e+03 -1.92699800e+03  7.35e-02 1.82e-02  6.96e-02     0s
   3  -1.77587237e+03 -1.81308294e+03  8.10e-03 2.67e-03  1.36e-02     0s
   4  -1.78350351e+03 -1.79244962e+03  9.75e-04 3.32e-04  3.21e-03     0s
   5  -1.78508136e+03 -1.78745827e+03  2.00e-04 4.76e-05  8.52e-04     0s
   6  -1.78568606e+03 -1.78576942e+03  0.00e+00 2.02e-06  2.93e-05     0s
   7  -1.78569320e+03 -1.78571721e+03  0.00e+00 4.53e-07  8.44e-06     0s
   8  -1.78569376e+03 -1.78569452e+03  0.00e+00 1.78e-15  2.69e-07     0s
   9  -1.78569387e+03 -1.78569387e+03  0.00e+00 1.78e-15  2.82e-10     0s

Barrier solved model in 9 iterations and 0.02 seconds
Optimal objective -1.78569387e+03


Root relaxation: objective -1.785694e+03, 442 iterations, 0.01 seconds

    Nodes    |    Current Node    |     Objective Bounds      |     Work
 Expl Unexpl |  Obj  Depth IntInf | Incumbent    BestBd   Gap | It/Node Time

     0     0 -1785.6939    0   17 -1589.4932 -1785.6939  12.3%     -    0s
H    0     0                    -1778.780560 -1785.6939  0.39%     -    0s

Explored 0 nodes (608 simplex iterations) in 0.02 seconds
Thread count was 20 (of 20 available processors)

Solution count 3: -1778.78 -1589.49 -64.3869 
Pool objective bound -1785.69

Optimal solution found (tolerance 5.00e-02)
Best objective -1.778780560000e+03, best bound -1.785693872000e+03, gap 0.3887%
Changed value of parameter MIPGap to 0.05
   Prev: 0.0001  Min: 0.0  Max: 1e+100  Default: 0.0001
Changed value of parameter TimeLimit to 1800.0
   Prev: 1e+100  Min: 0.0  Max: 1e+100  Default: 1e+100
Changed value of parameter Method to 2
   Prev: -1  Min: -1  Max: 4  Default: -1
Changed value of parameter MIPFocus to 1
   Prev: 0  Min: 0  Max: 3  Default: 0
Optimize a model with 4308 rows, 6312 columns and 12624 nonzeros
Variable types: 0 continuous, 6312 integer (6312 binary)
Coefficient statistics:
  Matrix range     [1e+00, 5e+00]
  Objective range  [1e+00, 1e+00]
  Bounds range     [1e+00, 1e+00]
  RHS range        [8e+01, 8e+01]
Found heuristic solution: objective 0
Presolve removed 4234 rows and 4925 columns
Presolve time: 0.01s
Presolved: 74 rows, 1387 columns, 2645 nonzeros
Found heuristic solution: objective -1592.366500
Variable types: 0 continuous, 1387 integer (1166 binary)
Presolved: 74 rows, 1387 columns, 2645 nonzeros

Root barrier log...

Ordering time: 0.00s

Barrier statistics:
 AA' NZ     : 1.220e+03
 Factor NZ  : 2.775e+03 (roughly 1 MByte of memory)
 Factor Ops : 1.378e+05 (less than 1 second per iteration)
 Threads    : 1

                  Objective                Residual
Iter       Primal          Dual         Primal    Dual     Compl     Time
   0  -4.22372210e+03 -3.50746827e+03  2.57e+01 8.88e-16  2.28e+00     0s
   1  -1.95420531e+03 -2.58849147e+03  2.96e+00 2.03e-01  4.69e-01     0s
   2  -1.74601554e+03 -1.92910954e+03  7.29e-02 1.81e-02  6.94e-02     0s
   3  -1.77818637e+03 -1.81522921e+03  7.84e-03 2.65e-03  1.35e-02     0s
   4  -1.78558708e+03 -1.79461519e+03  1.05e-03 3.20e-04  3.25e-03     0s
   5  -1.78719944e+03 -1.78971404e+03  2.41e-04 4.53e-05  9.03e-04     0s
   6  -1.78788109e+03 -1.78798503e+03  0.00e+00 2.03e-06  3.66e-05     0s
   7  -1.78789144e+03 -1.78792137e+03  0.00e+00 4.35e-07  1.05e-05     0s
   8  -1.78789219e+03 -1.78789316e+03  0.00e+00 1.78e-15  3.40e-07     0s
   9  -1.78789234e+03 -1.78789234e+03  0.00e+00 1.78e-15  3.59e-10     0s

Barrier solved model in 9 iterations and 0.02 seconds
Optimal objective -1.78789234e+03


Root relaxation: objective -1.787892e+03, 441 iterations, 0.01 seconds

    Nodes    |    Current Node    |     Objective Bounds      |     Work
 Expl Unexpl |  Obj  Depth IntInf | Incumbent    BestBd   Gap | It/Node Time

     0     0 -1787.8923    0   15 -1592.3665 -1787.8923  12.3%     -    0s
H    0     0                    -1780.975700 -1787.8923  0.39%     -    0s

Explored 0 nodes (568 simplex iterations) in 0.02 seconds
Thread count was 20 (of 20 available processors)

Solution count 3: -1780.98 -1592.37 -64.4836 
Pool objective bound -1787.89

Optimal solution found (tolerance 5.00e-02)
Best objective -1.780975700000e+03, best bound -1.787892340000e+03, gap 0.3884%
Changed value of parameter MIPGap to 0.05
   Prev: 0.0001  Min: 0.0  Max: 1e+100  Default: 0.0001
Changed value of parameter TimeLimit to 1800.0
   Prev: 1e+100  Min: 0.0  Max: 1e+100  Default: 1e+100
Changed value of parameter Method to 2
   Prev: -1  Min: -1  Max: 4  Default: -1
Changed value of parameter MIPFocus to 1
   Prev: 0  Min: 0  Max: 3  Default: 0
Optimize a model with 4308 rows, 6312 columns and 12624 nonzeros
Variable types: 0 continuous, 6312 integer (6312 binary)
Coefficient statistics:
  Matrix range     [1e+00, 5e+00]
  Objective range  [1e+00, 1e+00]
  Bounds range     [1e+00, 1e+00]
  RHS range        [8e+01, 8e+01]
Found heuristic solution: objective 0
Presolve removed 4234 rows and 4925 columns
Presolve time: 0.01s
Presolved: 74 rows, 1387 columns, 2645 nonzeros
Found heuristic solution: objective -1606.733000
Variable types: 0 continuous, 1387 integer (1166 binary)
Presolved: 74 rows, 1387 columns, 2645 nonzeros

Root barrier log...

Ordering time: 0.00s

Barrier statistics:
 AA' NZ     : 1.220e+03
 Factor NZ  : 2.775e+03 (roughly 1 MByte of memory)
 Factor Ops : 1.378e+05 (less than 1 second per iteration)
 Threads    : 1

                  Objective                Residual
Iter       Primal          Dual         Primal    Dual     Compl     Time
   0  -4.25542115e+03 -3.52613648e+03  2.57e+01 8.88e-16  2.28e+00     0s
   1  -1.96750454e+03 -2.60054120e+03  2.95e+00 1.99e-01  4.68e-01     0s
   2  -1.75847912e+03 -1.93948789e+03  7.26e-02 1.74e-02  6.87e-02     0s
   3  -1.78964219e+03 -1.82567824e+03  7.10e-03 2.61e-03  1.31e-02     0s
   4  -1.79620697e+03 -1.80537727e+03  1.26e-03 2.03e-04  3.31e-03     0s
   5  -1.79803524e+03 -1.80082688e+03  3.34e-04 1.04e-05  1.01e-03     0s
   6  -1.79885202e+03 -1.79907233e+03  0.00e+00 1.04e-05  7.74e-05     0s
   7  -1.79888230e+03 -1.79894190e+03  0.00e+00 8.81e-07  2.10e-05     0s
   8  -1.79888430e+03 -1.79888615e+03  0.00e+00 1.78e-15  6.51e-07     0s
   9  -1.79888468e+03 -1.79888468e+03  0.00e+00 1.78e-15  7.28e-10     0s

Barrier solved model in 9 iterations and 0.02 seconds
Optimal objective -1.79888468e+03


Root relaxation: objective -1.798885e+03, 444 iterations, 0.01 seconds

    Nodes    |    Current Node    |     Objective Bounds      |     Work
 Expl Unexpl |  Obj  Depth IntInf | Incumbent    BestBd   Gap | It/Node Time

     0     0 -1798.8847    0   15 -1606.7330 -1798.8847  12.0%     -    0s
H    0     0                    -1791.951400 -1798.8847  0.39%     -    0s

Explored 0 nodes (575 simplex iterations) in 0.02 seconds
Thread count was 20 (of 20 available processors)

Solution count 3: -1791.95 -1606.73 -64.9672 
Pool objective bound -1798.88

Optimal solution found (tolerance 5.00e-02)
Best objective -1.791951400000e+03, best bound -1.798884680000e+03, gap 0.3869%
Changed value of parameter MIPGap to 0.05
   Prev: 0.0001  Min: 0.0  Max: 1e+100  Default: 0.0001
Changed value of parameter TimeLimit to 1800.0
   Prev: 1e+100  Min: 0.0  Max: 1e+100  Default: 1e+100
Changed value of parameter Method to 2
   Prev: -1  Min: -1  Max: 4  Default: -1
Changed value of parameter MIPFocus to 1
   Prev: 0  Min: 0  Max: 3  Default: 0
Optimize a model with 4308 rows, 6312 columns and 12624 nonzeros
Variable types: 0 continuous, 6312 integer (6312 binary)
Coefficient statistics:
  Matrix range     [1e+00, 5e+00]
  Objective range  [1e+00, 1e+00]
  Bounds range     [1e+00, 1e+00]
  RHS range        [8e+01, 8e+01]
Found heuristic solution: objective 0
Presolve removed 4234 rows and 4925 columns
Presolve time: 0.01s
Presolved: 74 rows, 1387 columns, 2645 nonzeros
Found heuristic solution: objective -1635.466000
Variable types: 0 continuous, 1387 integer (1166 binary)
Presolved: 74 rows, 1387 columns, 2645 nonzeros

Root barrier log...

Ordering time: 0.00s

Barrier statistics:
 AA' NZ     : 1.220e+03
 Factor NZ  : 2.775e+03 (roughly 1 MByte of memory)
 Factor Ops : 1.378e+05 (less than 1 second per iteration)
 Threads    : 1

                  Objective                Residual
Iter       Primal          Dual         Primal    Dual     Compl     Time
   0  -4.31881798e+03 -3.56347288e+03  2.57e+01 8.88e-16  2.29e+00     0s
   1  -1.99416361e+03 -2.62530465e+03  2.92e+00 1.91e-01  4.67e-01     0s
   2  -1.78387311e+03 -1.95956160e+03  7.54e-02 1.58e-02  6.70e-02     0s
   3  -1.80967066e+03 -1.84784123e+03  1.39e-02 2.44e-03  1.43e-02     0s
   4  -1.81697517e+03 -1.82692746e+03  3.87e-03 5.07e-04  3.74e-03     0s
   5  -1.81947191e+03 -1.82314364e+03  1.24e-03 1.21e-04  1.37e-03     0s
   6  -1.82051737e+03 -1.82133049e+03  2.77e-04 1.18e-05  3.04e-04     0s
   7  -1.82086002e+03 -1.82097520e+03  3.29e-06 2.52e-06  4.08e-05     0s
   8  -1.82086808e+03 -1.82087109e+03  1.99e-07 1.78e-15  1.09e-06     0s
   9  -1.82086936e+03 -1.82086936e+03  0.00e+00 1.78e-15  1.16e-09     0s

Barrier solved model in 9 iterations and 0.02 seconds
Optimal objective -1.82086936e+03


Root relaxation: objective -1.820869e+03, 444 iterations, 0.01 seconds

    Nodes    |    Current Node    |     Objective Bounds      |     Work
 Expl Unexpl |  Obj  Depth IntInf | Incumbent    BestBd   Gap | It/Node Time

     0     0 -1820.8694    0   15 -1635.4660 -1820.8694  11.3%     -    0s
H    0     0                    -1813.902800 -1820.8694  0.38%     -    0s

Explored 0 nodes (590 simplex iterations) in 0.02 seconds
Thread count was 20 (of 20 available processors)

Solution count 3: -1813.9 -1635.47 -65.9344 
Pool objective bound -1820.87

Optimal solution found (tolerance 5.00e-02)
Best objective -1.813902800000e+03, best bound -1.820869360000e+03, gap 0.3841%
Changed value of parameter MIPGap to 0.05
   Prev: 0.0001  Min: 0.0  Max: 1e+100  Default: 0.0001
Changed value of parameter TimeLimit to 1800.0
   Prev: 1e+100  Min: 0.0  Max: 1e+100  Default: 1e+100
Changed value of parameter Method to 2
   Prev: -1  Min: -1  Max: 4  Default: -1
Changed value of parameter MIPFocus to 1
   Prev: 0  Min: 0  Max: 3  Default: 0
Optimize a model with 4308 rows, 6312 columns and 12624 nonzeros
Variable types: 0 continuous, 6312 integer (6312 binary)
Coefficient statistics:
  Matrix range     [1e+00, 5e+00]
  Objective range  [1e+00, 1e+00]
  Bounds range     [1e+00, 1e+00]
  RHS range        [8e+01, 8e+01]
Found heuristic solution: objective 0
Presolve removed 4234 rows and 4925 columns
Presolve time: 0.01s
Presolved: 74 rows, 1387 columns, 2645 nonzeros
Found heuristic solution: objective -1692.932000
Variable types: 0 continuous, 1387 integer (1166 binary)
Presolved: 74 rows, 1387 columns, 2645 nonzeros

Root barrier log...

Ordering time: 0.00s

Barrier statistics:
 AA' NZ     : 1.220e+03
 Factor NZ  : 2.775e+03 (roughly 1 MByte of memory)
 Factor Ops : 1.378e+05 (less than 1 second per iteration)
 Threads    : 1

                  Objective                Residual
Iter       Primal          Dual         Primal    Dual     Compl     Time
   0  -4.44560658e+03 -3.63814569e+03  2.57e+01 8.88e-16  2.32e+00     0s
   1  -2.04774752e+03 -2.67632319e+03  2.86e+00 1.73e-01  4.65e-01     0s
   2  -1.83552218e+03 -2.00237433e+03  8.02e-02 1.12e-02  6.39e-02     0s
   3  -1.86025001e+03 -1.89205644e+03  1.14e-02 4.44e-15  1.18e-02     0s
   4  -1.86517360e+03 -1.86938941e+03  7.64e-04 1.78e-15  1.53e-03     0s
   5  -1.86571238e+03 -1.86665431e+03  2.47e-04 1.78e-15  3.48e-04     0s
   6  -1.86596831e+03 -1.86628295e+03  3.36e-05 1.78e-15  1.13e-04     0s
   7  -1.86599748e+03 -1.86608664e+03  1.04e-05 1.78e-15  3.22e-05     0s
   8  -1.86600957e+03 -1.86602209e+03  3.74e-06 1.78e-15  4.73e-06     0s
   9  -1.86601790e+03 -1.86601797e+03  0.00e+00 1.78e-15  2.37e-08     0s
  10  -1.86601792e+03 -1.86601792e+03  0.00e+00 2.66e-15  2.44e-14     0s

Barrier solved model in 10 iterations and 0.02 seconds
Optimal objective -1.86601792e+03


Root relaxation: objective -1.866018e+03, 742 iterations, 0.01 seconds

    Nodes    |    Current Node    |     Objective Bounds      |     Work
 Expl Unexpl |  Obj  Depth IntInf | Incumbent    BestBd   Gap | It/Node Time

     0     0 -1866.0179    0   27 -1692.9320 -1866.0179  10.2%     -    0s
H    0     0                    -1857.625600 -1866.0179  0.45%     -    0s

Explored 0 nodes (915 simplex iterations) in 0.03 seconds
Thread count was 20 (of 20 available processors)

Solution count 3: -1857.63 -1692.93 -67.8688 
Pool objective bound -1866.02

Optimal solution found (tolerance 5.00e-02)
Best objective -1.857625600000e+03, best bound -1.866017920000e+03, gap 0.4518%
Changed value of parameter MIPGap to 0.05
   Prev: 0.0001  Min: 0.0  Max: 1e+100  Default: 0.0001
Changed value of parameter TimeLimit to 1800.0
   Prev: 1e+100  Min: 0.0  Max: 1e+100  Default: 1e+100
Changed value of parameter Method to 2
   Prev: -1  Min: -1  Max: 4  Default: -1
Changed value of parameter MIPFocus to 1
   Prev: 0  Min: 0  Max: 3  Default: 0
Optimize a model with 4308 rows, 6312 columns and 12624 nonzeros
Variable types: 0 continuous, 6312 integer (6312 binary)
Coefficient statistics:
  Matrix range     [1e+00, 5e+00]
  Objective range  [1e+00, 1e+00]
  Bounds range     [1e+00, 1e+00]
  RHS range        [8e+01, 8e+01]
Found heuristic solution: objective 0
Presolve removed 4234 rows and 4925 columns
Presolve time: 0.01s
Presolved: 74 rows, 1387 columns, 2645 nonzeros
Found heuristic solution: objective -1721.665000
Variable types: 0 continuous, 1387 integer (1166 binary)
Presolved: 74 rows, 1387 columns, 2645 nonzeros

Root barrier log...

Ordering time: 0.00s

Barrier statistics:
 AA' NZ     : 1.220e+03
 Factor NZ  : 2.775e+03 (roughly 1 MByte of memory)
 Factor Ops : 1.378e+05 (less than 1 second per iteration)
 Threads    : 1

                  Objective                Residual
Iter       Primal          Dual         Primal    Dual     Compl     Time
   0  -4.50899842e+03 -3.67548210e+03  2.57e+01 8.88e-16  2.33e+00     0s
   1  -2.07468656e+03 -2.70187957e+03  2.83e+00 1.65e-01  4.63e-01     0s
   2  -1.85599610e+03 -2.02685361e+03  5.58e-02 1.10e-02  6.40e-02     0s
   3  -1.88220850e+03 -1.93440411e+03  1.27e-02 2.66e-15  1.91e-02     0s
   4  -1.89097254e+03 -1.90223479e+03  2.68e-03 1.78e-15  4.12e-03     0s
   5  -1.89262994e+03 -1.89419964e+03  3.31e-04 2.66e-15  5.73e-04     0s
   6  -1.89290647e+03 -1.89349125e+03  2.84e-05 1.78e-15  2.07e-04     0s
   7  -1.89292553e+03 -1.89306328e+03  1.52e-05 1.78e-15  4.94e-05     0s
   8  -1.89294030e+03 -1.89295864e+03  4.37e-06 1.78e-15  6.77e-06     0s
   9  -1.89294737e+03 -1.89294751e+03  0.00e+00 1.78e-15  4.89e-08     0s
  10  -1.89294740e+03 -1.89294740e+03  0.00e+00 1.78e-15  5.72e-14     0s

Barrier solved model in 10 iterations and 0.02 seconds
Optimal objective -1.89294740e+03


Root relaxation: objective -1.892947e+03, 743 iterations, 0.01 seconds

    Nodes    |    Current Node    |     Objective Bounds      |     Work
 Expl Unexpl |  Obj  Depth IntInf | Incumbent    BestBd   Gap | It/Node Time

     0     0 -1892.9474    0   33 -1721.6650 -1892.9474  9.95%     -    0s
H    0     0                    -1883.941000 -1892.9474  0.48%     -    0s

Explored 0 nodes (929 simplex iterations) in 0.03 seconds
Thread count was 20 (of 20 available processors)

Solution count 3: -1883.94 -1721.67 -68.836 
Pool objective bound -1892.95

Optimal solution found (tolerance 5.00e-02)
Best objective -1.883941000000e+03, best bound -1.892947400000e+03, gap 0.4781%
Changed value of parameter MIPGap to 0.05
   Prev: 0.0001  Min: 0.0  Max: 1e+100  Default: 0.0001
Changed value of parameter TimeLimit to 1800.0
   Prev: 1e+100  Min: 0.0  Max: 1e+100  Default: 1e+100
Changed value of parameter Method to 2
   Prev: -1  Min: -1  Max: 4  Default: -1
Changed value of parameter MIPFocus to 1
   Prev: 0  Min: 0  Max: 3  Default: 0
Optimize a model with 4308 rows, 6312 columns and 12624 nonzeros
Variable types: 0 continuous, 6312 integer (6312 binary)
Coefficient statistics:
  Matrix range     [1e+00, 5e+00]
  Objective range  [1e+00, 2e+00]
  Bounds range     [1e+00, 1e+00]
  RHS range        [8e+01, 8e+01]
Found heuristic solution: objective 0
Presolve removed 4234 rows and 4925 columns
Presolve time: 0.01s
Presolved: 74 rows, 1387 columns, 2645 nonzeros
Found heuristic solution: objective -1865.330000
Variable types: 0 continuous, 1387 integer (1166 binary)
Presolved: 74 rows, 1387 columns, 2645 nonzeros

Root barrier log...

Ordering time: 0.00s

Barrier statistics:
 AA' NZ     : 1.220e+03
 Factor NZ  : 2.775e+03 (roughly 1 MByte of memory)
 Factor Ops : 1.378e+05 (less than 1 second per iteration)
 Threads    : 1

                  Objective                Residual
Iter       Primal          Dual         Primal    Dual     Compl     Time
   0  -4.82593402e+03 -3.86216413e+03  2.57e+01 4.44e-16  2.40e+00     0s
   1  -2.21104317e+03 -2.86133911e+03  2.69e+00 8.89e-02  4.69e-01     0s
   2  -1.99102236e+03 -2.16279398e+03  9.17e-02 5.24e-14  6.64e-02     0s
   3  -2.01341826e+03 -2.06614686e+03  3.01e-02 1.24e-14  2.03e-02     0s
   4  -2.02258120e+03 -2.03736090e+03  9.95e-03 2.66e-15  5.78e-03     0s
   5  -2.02704903e+03 -2.02936181e+03  7.14e-04 1.78e-15  8.58e-04     0s
   6  -2.02750734e+03 -2.02843258e+03  9.90e-05 1.78e-15  3.31e-04     0s
   7  -2.02754046e+03 -2.02778684e+03  5.35e-05 1.78e-15  9.03e-05     0s
   8  -2.02757642e+03 -2.02760708e+03  1.72e-05 1.78e-15  1.20e-05     0s
   9  -2.02759465e+03 -2.02759528e+03  0.00e+00 1.78e-15  2.22e-07     0s
  10  -2.02759480e+03 -2.02759480e+03  0.00e+00 1.78e-15  3.21e-13     0s

Barrier solved model in 10 iterations and 0.02 seconds
Optimal objective -2.02759480e+03


Root relaxation: objective -2.027595e+03, 745 iterations, 0.01 seconds

    Nodes    |    Current Node    |     Objective Bounds      |     Work
 Expl Unexpl |  Obj  Depth IntInf | Incumbent    BestBd   Gap | It/Node Time

     0     0 -2027.5948    0   29 -1865.3300 -2027.5948  8.70%     -    0s
H    0     0                    -2016.456000 -2027.5948  0.55%     -    0s

Explored 0 nodes (1018 simplex iterations) in 0.03 seconds
Thread count was 20 (of 20 available processors)

Solution count 3: -2016.46 -1865.33 -73.672 
Pool objective bound -2027.59

Optimal solution found (tolerance 5.00e-02)
Best objective -2.016456000000e+03, best bound -2.027594800000e+03, gap 0.5524%
Changed value of parameter MIPGap to 0.05
   Prev: 0.0001  Min: 0.0  Max: 1e+100  Default: 0.0001
Changed value of parameter TimeLimit to 1800.0
   Prev: 1e+100  Min: 0.0  Max: 1e+100  Default: 1e+100
Changed value of parameter Method to 2
   Prev: -1  Min: -1  Max: 4  Default: -1
Changed value of parameter MIPFocus to 1
   Prev: 0  Min: 0  Max: 3  Default: 0
Optimize a model with 4308 rows, 6312 columns and 12624 nonzeros
Variable types: 0 continuous, 6312 integer (6312 binary)
Coefficient statistics:
  Matrix range     [1e+00, 5e+00]
  Objective range  [1e+00, 3e+00]
  Bounds range     [1e+00, 1e+00]
  RHS range        [8e+01, 8e+01]
Found heuristic solution: objective 0
Presolve removed 4234 rows and 4925 columns
Presolve time: 0.01s
Presolved: 74 rows, 1387 columns, 2645 nonzeros
Found heuristic solution: objective -2161.236000
Variable types: 0 continuous, 1387 integer (1166 binary)
Presolved: 74 rows, 1387 columns, 2645 nonzeros

Root barrier log...

Ordering time: 0.00s

Barrier statistics:
 AA' NZ     : 1.220e+03
 Factor NZ  : 2.775e+03 (roughly 1 MByte of memory)
 Factor Ops : 1.378e+05 (less than 1 second per iteration)
 Threads    : 1

                  Objective                Residual
Iter       Primal          Dual         Primal    Dual     Compl     Time
   0  -5.45969726e+03 -4.23552818e+03  2.57e+01 8.88e-16  2.53e+00     0s
   1  -2.49050929e+03 -3.19277069e+03  2.42e+00 2.66e-15  4.81e-01     0s
   2  -2.27646226e+03 -2.42399309e+03  1.18e-01 4.17e-14  5.99e-02     0s
   3  -2.28793200e+03 -2.32376496e+03  2.01e-02 7.99e-15  1.38e-02     0s
   4  -2.29289093e+03 -2.30740959e+03  7.70e-03 2.66e-15  5.57e-03     0s
   5  -2.29494787e+03 -2.30058048e+03  3.67e-03 1.78e-15  2.20e-03     0s
   6  -2.29623843e+03 -2.29811227e+03  1.18e-03 1.78e-15  7.31e-04     0s
   7  -2.29679530e+03 -2.29717032e+03  1.60e-04 1.78e-15  1.42e-04     0s
   8  -2.29685369e+03 -2.29690185e+03  5.74e-05 1.78e-15  2.06e-05     0s
   9  -2.29688955e+03 -2.29688966e+03  0.00e+00 1.78e-15  3.98e-08     0s
  10  -2.29688960e+03 -2.29688960e+03  0.00e+00 1.78e-15  3.99e-14     0s

Barrier solved model in 10 iterations and 0.02 seconds
Optimal objective -2.29688960e+03


Root relaxation: objective -2.296890e+03, 743 iterations, 0.01 seconds

    Nodes    |    Current Node    |     Objective Bounds      |     Work
 Expl Unexpl |  Obj  Depth IntInf | Incumbent    BestBd   Gap | It/Node Time

     0     0 -2296.8896    0   33 -2161.2360 -2296.8896  6.28%     -    0s
H    0     0                    -2283.092000 -2296.8896  0.60%     -    0s

Explored 0 nodes (918 simplex iterations) in 0.03 seconds
Thread count was 20 (of 20 available processors)

Solution count 3: -2283.09 -2161.24 -83.344 
Pool objective bound -2296.89

Optimal solution found (tolerance 5.00e-02)
Best objective -2.283092000000e+03, best bound -2.296889600000e+03, gap 0.6043%
Changed value of parameter MIPGap to 0.05
   Prev: 0.0001  Min: 0.0  Max: 1e+100  Default: 0.0001
Changed value of parameter TimeLimit to 1800.0
   Prev: 1e+100  Min: 0.0  Max: 1e+100  Default: 1e+100
Changed value of parameter Method to 2
   Prev: -1  Min: -1  Max: 4  Default: -1
Changed value of parameter MIPFocus to 1
   Prev: 0  Min: 0  Max: 3  Default: 0
Optimize a model with 4308 rows, 6312 columns and 12624 nonzeros
Variable types: 0 continuous, 6312 integer (6312 binary)
Coefficient statistics:
  Matrix range     [1e+00, 5e+00]
  Objective range  [1e+00, 4e+00]
  Bounds range     [1e+00, 1e+00]
  RHS range        [8e+01, 8e+01]
Found heuristic solution: objective 0
Presolve removed 4234 rows and 4925 columns
Presolve time: 0.01s
Presolved: 74 rows, 1387 columns, 2645 nonzeros
Found heuristic solution: objective -2746.472000
Variable types: 0 continuous, 1387 integer (1166 binary)
Presolved: 74 rows, 1387 columns, 2645 nonzeros

Root barrier log...

Ordering time: 0.00s

Barrier statistics:
 AA' NZ     : 1.220e+03
 Factor NZ  : 2.775e+03 (roughly 1 MByte of memory)
 Factor Ops : 1.378e+05 (less than 1 second per iteration)
 Threads    : 1

                  Objective                Residual
Iter       Primal          Dual         Primal    Dual     Compl     Time
   0  -6.72751267e+03 -5.03881213e+03  2.57e+01 4.44e-16  2.85e+00     0s
   1  -3.06597323e+03 -3.89808844e+03  1.90e+00 2.66e-15  5.09e-01     0s
   2  -2.89516434e+03 -3.03216379e+03  1.21e-01 6.22e-15  5.74e-02     0s
   3  -2.90999428e+03 -2.94889401e+03  2.41e-02 1.78e-15  1.54e-02     0s
   4  -2.91206347e+03 -2.92155418e+03  6.24e-03 1.78e-15  3.78e-03     0s
   5  -2.91414586e+03 -2.91495193e+03  9.77e-04 1.78e-15  3.55e-04     0s
   6  -2.91452896e+03 -2.91453603e+03  9.26e-07 1.78e-15  2.59e-06     0s
   7  -2.91453000e+03 -2.91453000e+03  9.65e-13 1.78e-15  2.67e-12     0s

Barrier solved model in 7 iterations and 0.01 seconds
Optimal objective -2.91453000e+03


Root relaxation: objective -2.914530e+03, 1039 iterations, 0.01 seconds

    Nodes    |    Current Node    |     Objective Bounds      |     Work
 Expl Unexpl |  Obj  Depth IntInf | Incumbent    BestBd   Gap | It/Node Time

     0     0 -2914.5300    0   29 -2746.4720 -2914.5300  6.12%     -    0s
H    0     0                    -2899.136000 -2914.5300  0.53%     -    0s

Explored 0 nodes (1182 simplex iterations) in 0.03 seconds
Thread count was 20 (of 20 available processors)

Solution count 3: -2899.14 -2746.47 -102.688 
Pool objective bound -2914.53

Optimal solution found (tolerance 5.00e-02)
Best objective -2.899136000000e+03, best bound -2.914530000000e+03, gap 0.5310%
Changed value of parameter MIPGap to 0.05
   Prev: 0.0001  Min: 0.0  Max: 1e+100  Default: 0.0001
Changed value of parameter TimeLimit to 1800.0
   Prev: 1e+100  Min: 0.0  Max: 1e+100  Default: 1e+100
Changed value of parameter Method to 2
   Prev: -1  Min: -1  Max: 4  Default: -1
Changed value of parameter MIPFocus to 1
   Prev: 0  Min: 0  Max: 3  Default: 0
Optimize a model with 4308 rows, 6312 columns and 12624 nonzeros
Variable types: 0 continuous, 6312 integer (6312 binary)
Coefficient statistics:
  Matrix range     [1e+00, 5e+00]
  Objective range  [2e+00, 5e+00]
  Bounds range     [1e+00, 1e+00]
  RHS range        [8e+01, 8e+01]
Found heuristic solution: objective 0
Presolve removed 4234 rows and 4925 columns
Presolve time: 0.01s
Presolved: 74 rows, 1387 columns, 2645 nonzeros
Found heuristic solution: objective -3056.060000
Variable types: 0 continuous, 1387 integer (1166 binary)
Presolved: 74 rows, 1387 columns, 2645 nonzeros

Root barrier log...

Ordering time: 0.00s

Barrier statistics:
 AA' NZ     : 1.220e+03
 Factor NZ  : 2.775e+03 (roughly 1 MByte of memory)
 Factor Ops : 1.378e+05 (less than 1 second per iteration)
 Threads    : 1

                  Objective                Residual
Iter       Primal          Dual         Primal    Dual     Compl     Time
   0  -7.36373520e+03 -5.65903852e+03  2.57e+01 8.88e-16  3.27e+00     0s
   1  -3.34254759e+03 -4.35230845e+03  1.65e+00 3.55e-15  5.67e-01     0s
   2  -3.21512379e+03 -3.37751198e+03  9.23e-02 6.22e-15  6.49e-02     0s
   3  -3.24155556e+03 -3.28209669e+03  2.09e-02 1.78e-15  1.59e-02     0s
   4  -3.24886777e+03 -3.25439927e+03  1.10e-03 1.78e-15  2.04e-03     0s
   5  -3.24972183e+03 -3.24972799e+03  4.14e-06 1.78e-15  2.53e-06     0s
   6  -3.24972500e+03 -3.24972500e+03  4.25e-12 1.78e-15  2.60e-12     0s

Barrier solved model in 6 iterations and 0.01 seconds
Optimal objective -3.24972500e+03


Root relaxation: objective -3.249725e+03, 1044 iterations, 0.01 seconds

    Nodes    |    Current Node    |     Objective Bounds      |     Work
 Expl Unexpl |  Obj  Depth IntInf | Incumbent    BestBd   Gap | It/Node Time

     0     0 -3249.7250    0   32 -3056.0600 -3249.7250  6.34%     -    0s
H    0     0                    -3234.710000 -3249.7250  0.46%     -    0s

Explored 0 nodes (1211 simplex iterations) in 0.03 seconds
Thread count was 20 (of 20 available processors)

Solution count 3: -3234.71 -3056.06 -112.36 
Pool objective bound -3249.72

Optimal solution found (tolerance 5.00e-02)
Best objective -3.234710000000e+03, best bound -3.249720000000e+03, gap 0.4640%
Changed value of parameter MIPGap to 0.05
   Prev: 0.0001  Min: 0.0  Max: 1e+100  Default: 0.0001
Changed value of parameter TimeLimit to 1800.0
   Prev: 1e+100  Min: 0.0  Max: 1e+100  Default: 1e+100
Changed value of parameter Method to 2
   Prev: -1  Min: -1  Max: 4  Default: -1
Changed value of parameter MIPFocus to 1
   Prev: 0  Min: 0  Max: 3  Default: 0
Optimize a model with 4308 rows, 6312 columns and 12624 nonzeros
Variable types: 0 continuous, 6312 integer (6312 binary)
Coefficient statistics:
  Matrix range     [1e+00, 5e+00]
  Objective range  [2e+00, 9e+00]
  Bounds range     [1e+00, 1e+00]
  RHS range        [8e+01, 8e+01]
Found heuristic solution: objective 0
Presolve removed 4234 rows and 4925 columns
Presolve time: 0.01s
Presolved: 74 rows, 1387 columns, 2645 nonzeros
Found heuristic solution: objective -4596.180000
Variable types: 0 continuous, 1387 integer (1166 binary)
Presolved: 74 rows, 1387 columns, 2645 nonzeros

Root barrier log...

Ordering time: 0.00s

Barrier statistics:
 AA' NZ     : 1.220e+03
 Factor NZ  : 2.775e+03 (roughly 1 MByte of memory)
 Factor Ops : 1.378e+05 (less than 1 second per iteration)
 Threads    : 1

                  Objective                Residual
Iter       Primal          Dual         Primal    Dual     Compl     Time
   0  -1.05497225e+04 -9.75563940e+03  2.58e+01 1.78e-15  6.52e+00     0s
   1  -4.71773417e+03 -7.11036997e+03  9.03e-01 6.38e-01  1.06e+00     0s
   2  -4.82417591e+03 -5.16347696e+03  5.86e-02 4.09e-02  1.28e-01     0s
   3  -4.87094474e+03 -4.97905361e+03  3.20e-02 3.55e-15  4.24e-02     0s
   4  -4.92330630e+03 -4.93514211e+03  9.63e-05 3.55e-15  4.26e-03     0s
   5  -4.92568581e+03 -4.92575212e+03  0.00e+00 3.55e-15  2.33e-05     0s
   6  -4.92570000e+03 -4.92570000e+03  0.00e+00 3.55e-15  4.02e-11     0s

Barrier solved model in 6 iterations and 0.01 seconds
Optimal objective -4.92570000e+03


Root relaxation: objective -4.925700e+03, 1047 iterations, 0.01 seconds

    Nodes    |    Current Node    |     Objective Bounds      |     Work
 Expl Unexpl |  Obj  Depth IntInf | Incumbent    BestBd   Gap | It/Node Time

     0     0 -4925.7000    0   31 -4596.1800 -4925.7000  7.17%     -    0s
H    0     0                    -4905.420000 -4925.7000  0.41%     -    0s

Explored 0 nodes (1196 simplex iterations) in 0.03 seconds
Thread count was 20 (of 20 available processors)

Solution count 3: -4905.42 -4596.18 -160.72 
Pool objective bound -4925.7

Optimal solution found (tolerance 5.00e-02)
Best objective -4.905420000000e+03, best bound -4.925700000000e+03, gap 0.4134%
Changed value of parameter MIPGap to 0.05
   Prev: 0.0001  Min: 0.0  Max: 1e+100  Default: 0.0001
Changed value of parameter TimeLimit to 1800.0
   Prev: 1e+100  Min: 0.0  Max: 1e+100  Default: 1e+100
Changed value of parameter Method to 2
   Prev: -1  Min: -1  Max: 4  Default: -1
Changed value of parameter MIPFocus to 1
   Prev: 0  Min: 0  Max: 3  Default: 0
Optimize a model with 4308 rows, 6312 columns and 12624 nonzeros
Variable types: 0 continuous, 6312 integer (6312 binary)
Coefficient statistics:
  Matrix range     [1e+00, 5e+00]
  Objective range  [3e+00, 2e+01]
  Bounds range     [1e+00, 1e+00]
  RHS range        [8e+01, 8e+01]
Found heuristic solution: objective 0
Presolve removed 4234 rows and 4925 columns
Presolve time: 0.01s
Presolved: 74 rows, 1387 columns, 2645 nonzeros
Found heuristic solution: objective -7693.600000
Variable types: 0 continuous, 1387 integer (1166 binary)
Presolved: 74 rows, 1387 columns, 2645 nonzeros

Root barrier log...

Ordering time: 0.00s

Barrier statistics:
 AA' NZ     : 1.220e+03
 Factor NZ  : 2.775e+03 (roughly 1 MByte of memory)
 Factor Ops : 1.378e+05 (less than 1 second per iteration)
 Threads    : 1

                  Objective                Residual
Iter       Primal          Dual         Primal    Dual     Compl     Time
   0  -1.69142856e+04 -1.79500296e+04  2.58e+01 3.55e-15  1.30e+01     0s
   1  -7.60489802e+03 -1.29890573e+04  4.54e-01 1.82e+00  2.16e+00     0s
   2  -8.06280949e+03 -8.82387372e+03  1.63e-02 1.66e-01  2.74e-01     0s
   3  -8.16690967e+03 -8.48921394e+03  7.76e-03 1.78e-14  1.16e-01     0s
   4  -8.24556239e+03 -8.32365796e+03  1.46e-03 3.55e-15  2.80e-02     0s
   5  -8.26756010e+03 -8.30229740e+03  8.06e-04 3.55e-15  1.24e-02     0s
   6  -8.27645119e+03 -8.27831747e+03  3.81e-05 3.55e-15  6.82e-04     0s
   7  -8.27764999e+03 -8.27765002e+03  1.51e-10 7.11e-15  1.23e-08     0s
   8  -8.27765000e+03 -8.27765000e+03  4.99e-15 7.11e-15  1.26e-14     0s

Barrier solved model in 8 iterations and 0.02 seconds
Optimal objective -8.27765000e+03


Root relaxation: objective -8.277650e+03, 1046 iterations, 0.01 seconds

    Nodes    |    Current Node    |     Objective Bounds      |     Work
 Expl Unexpl |  Obj  Depth IntInf | Incumbent    BestBd   Gap | It/Node Time

     0     0 -8277.6500    0   29 -7693.6000 -8277.6500  7.59%     -    0s
H    0     0                    -8246.840000 -8277.6500  0.37%     -    0s

Explored 0 nodes (1328 simplex iterations) in 0.04 seconds
Thread count was 20 (of 20 available processors)

Solution count 3: -8246.84 -7693.6 -257.44 
Pool objective bound -8277.64

Optimal solution found (tolerance 5.00e-02)
Best objective -8.246840000000e+03, best bound -8.277640000000e+03, gap 0.3735%
Changed value of parameter MIPGap to 0.05
   Prev: 0.0001  Min: 0.0  Max: 1e+100  Default: 0.0001
Changed value of parameter TimeLimit to 1800.0
   Prev: 1e+100  Min: 0.0  Max: 1e+100  Default: 1e+100
Changed value of parameter Method to 2
   Prev: -1  Min: -1  Max: 4  Default: -1
Changed value of parameter MIPFocus to 1
   Prev: 0  Min: 0  Max: 3  Default: 0
Optimize a model with 4308 rows, 6312 columns and 12624 nonzeros
Variable types: 0 continuous, 6312 integer (6312 binary)
Coefficient statistics:
  Matrix range     [1e+00, 5e+00]
  Objective range  [5e+00, 3e+01]
  Bounds range     [1e+00, 1e+00]
  RHS range        [8e+01, 8e+01]
Found heuristic solution: objective 0
Presolve removed 4234 rows and 4925 columns
Presolve time: 0.01s
Presolved: 74 rows, 1387 columns, 2645 nonzeros
Found heuristic solution: objective -13918.20000
Variable types: 0 continuous, 1387 integer (1166 binary)
Presolved: 74 rows, 1387 columns, 2645 nonzeros

Root barrier log...

Ordering time: 0.00s

Barrier statistics:
 AA' NZ     : 1.220e+03
 Factor NZ  : 2.775e+03 (roughly 1 MByte of memory)
 Factor Ops : 1.378e+05 (less than 1 second per iteration)
 Threads    : 1

                  Objective                Residual
Iter       Primal          Dual         Primal    Dual     Compl     Time
   0  -2.96396279e+04 -3.43388100e+04  2.58e+01 7.11e-15  2.60e+01     0s
   1  -1.34865267e+04 -2.47337783e+04  2.31e-01 4.22e+00  4.33e+00     0s
   2  -1.45728856e+04 -1.60139049e+04  3.15e-03 3.71e-01  5.10e-01     0s
   3  -1.47792147e+04 -1.53412505e+04  6.12e-04 1.72e-02  1.99e-01     0s
   4  -1.49142560e+04 -1.50619386e+04  0.00e+00 1.42e-14  5.22e-02     0s
   5  -1.49584165e+04 -1.50308405e+04  1.73e-04 7.11e-15  2.56e-02     0s
   6  -1.49813018e+04 -1.49840676e+04  0.00e+00 7.11e-15  9.71e-04     0s
   7  -1.49815496e+04 -1.49815513e+04  0.00e+00 1.42e-14  6.02e-07     0s
   8  -1.49815500e+04 -1.49815500e+04  4.51e-15 1.42e-14  1.19e-12     0s

Barrier solved model in 8 iterations and 0.02 seconds
Optimal objective -1.49815500e+04


Root relaxation: objective -1.498155e+04, 1045 iterations, 0.01 seconds

    Nodes    |    Current Node    |     Objective Bounds      |     Work
 Expl Unexpl |  Obj  Depth IntInf | Incumbent    BestBd   Gap | It/Node Time

     0     0 -14981.550    0   28 -13918.200 -14981.550  7.64%     -    0s
H    0     0                    -14935.00000 -14981.550  0.31%     -    0s

Explored 0 nodes (1274 simplex iterations) in 0.03 seconds
Thread count was 20 (of 20 available processors)

Solution count 3: -14935 -13918.2 -450.88 
Pool objective bound -14981.5

Optimal solution found (tolerance 5.00e-02)
Best objective -1.493500000000e+04, best bound -1.498152000000e+04, gap 0.3115%
Changed value of parameter MIPGap to 0.05
   Prev: 0.0001  Min: 0.0  Max: 1e+100  Default: 0.0001
Changed value of parameter TimeLimit to 1800.0
   Prev: 1e+100  Min: 0.0  Max: 1e+100  Default: 1e+100
Changed value of parameter Method to 2
   Prev: -1  Min: -1  Max: 4  Default: -1
Changed value of parameter MIPFocus to 1
   Prev: 0  Min: 0  Max: 3  Default: 0
Optimize a model with 4308 rows, 6312 columns and 12624 nonzeros
Variable types: 0 continuous, 6312 integer (6312 binary)
Coefficient statistics:
  Matrix range     [1e+00, 5e+00]
  Objective range  [6e+00, 4e+01]
  Bounds range     [1e+00, 1e+00]
  RHS range        [8e+01, 8e+01]
Found heuristic solution: objective 0
Presolve removed 4234 rows and 4925 columns
Presolve time: 0.01s
Presolved: 74 rows, 1387 columns, 2645 nonzeros
Found heuristic solution: objective -17033.50000
Variable types: 0 continuous, 1387 integer (1166 binary)
Presolved: 74 rows, 1387 columns, 2645 nonzeros

Root barrier log...

Ordering time: 0.00s

Barrier statistics:
 AA' NZ     : 1.220e+03
 Factor NZ  : 2.775e+03 (roughly 1 MByte of memory)
 Factor Ops : 1.378e+05 (less than 1 second per iteration)
 Threads    : 1

                  Objective                Residual
Iter       Primal          Dual         Primal    Dual     Compl     Time
   0  -3.60019173e+04 -4.25332001e+04  2.58e+01 7.11e-15  3.25e+01     0s
   1  -1.64381279e+04 -3.06057815e+04  1.87e-01 5.43e+00  5.42e+00     0s
   2  -1.78309270e+04 -1.96127783e+04  0.00e+00 4.74e-01  6.29e-01     0s
   3  -1.80892889e+04 -1.87735858e+04  0.00e+00 2.95e-02  2.41e-01     0s
   4  -1.82491796e+04 -1.84306219e+04  0.00e+00 1.42e-14  6.39e-02     0s
   5  -1.83035653e+04 -1.83929483e+04  4.95e-05 7.11e-15  3.15e-02     0s
   6  -1.83331210e+04 -1.83358235e+04  0.00e+00 1.42e-14  9.49e-04     0s
   7  -1.83334995e+04 -1.83335013e+04  0.00e+00 7.11e-15  6.60e-07     0s
   8  -1.83335000e+04 -1.83335000e+04  6.18e-15 1.42e-14  6.70e-13     0s

Barrier solved model in 8 iterations and 0.02 seconds
Optimal objective -1.83335000e+04


Root relaxation: objective -1.833350e+04, 1045 iterations, 0.01 seconds

    Nodes    |    Current Node    |     Objective Bounds      |     Work
 Expl Unexpl |  Obj  Depth IntInf | Incumbent    BestBd   Gap | It/Node Time

     0     0 -18333.500    0   28 -17033.500 -18333.500  7.63%     -    0s
H    0     0                    -18271.10000 -18333.500  0.34%     -    0s

Explored 0 nodes (1316 simplex iterations) in 0.04 seconds
Thread count was 20 (of 20 available processors)

Solution count 3: -18271.1 -17033.5 -547.6 
Pool objective bound -18333.5

Optimal solution found (tolerance 5.00e-02)
Best objective -1.827110000000e+04, best bound -1.833350000000e+04, gap 0.3415%
Changed value of parameter MIPGap to 0.05
   Prev: 0.0001  Min: 0.0  Max: 1e+100  Default: 0.0001
Changed value of parameter TimeLimit to 1800.0
   Prev: 1e+100  Min: 0.0  Max: 1e+100  Default: 1e+100
Changed value of parameter Method to 2
   Prev: -1  Min: -1  Max: 4  Default: -1
Changed value of parameter MIPFocus to 1
   Prev: 0  Min: 0  Max: 3  Default: 0
Optimize a model with 4308 rows, 6312 columns and 12624 nonzeros
Variable types: 0 continuous, 6312 integer (6312 binary)
Coefficient statistics:
  Matrix range     [1e+00, 5e+00]
  Objective range  [1e+01, 8e+01]
  Bounds range     [1e+00, 1e+00]
  RHS range        [8e+01, 8e+01]
Found heuristic solution: objective 0
Presolve removed 4234 rows and 4925 columns
Presolve time: 0.01s
Presolved: 74 rows, 1387 columns, 2645 nonzeros
Found heuristic solution: objective -32610.00000
Variable types: 0 continuous, 1387 integer (1166 binary)
Presolved: 74 rows, 1387 columns, 2645 nonzeros

Root barrier log...

Ordering time: 0.00s

Barrier statistics:
 AA' NZ     : 1.220e+03
 Factor NZ  : 2.775e+03 (roughly 1 MByte of memory)
 Factor Ops : 1.378e+05 (less than 1 second per iteration)
 Threads    : 1

                  Objective                Residual
Iter       Primal          Dual         Primal    Dual     Compl     Time
   0  -6.78125971e+04 -8.35051511e+04  2.58e+01 1.42e-14  6.51e+01     0s
   1  -3.12152647e+04 -5.99638640e+04  9.60e-02 1.15e+01  1.08e+01     0s
   2  -3.39707023e+04 -3.75951968e+04  0.00e+00 9.83e-01  1.28e+00     0s
   3  -3.47238526e+04 -3.59211457e+04  0.00e+00 6.53e-02  4.21e-01     0s
   4  -3.49974507e+04 -3.53940717e+04  0.00e+00 2.84e-14  1.39e-01     0s
   5  -3.50521505e+04 -3.53130601e+04  0.00e+00 1.42e-14  9.16e-02     0s
   6  -3.50869793e+04 -3.50979590e+04  0.00e+00 2.84e-14  3.86e-03     0s
   7  -3.50932498e+04 -3.50932516e+04  0.00e+00 2.84e-14  6.21e-07     0s
   8  -3.50932500e+04 -3.50932500e+04  0.00e+00 2.84e-14  6.21e-13     0s

Barrier solved model in 8 iterations and 0.02 seconds
Optimal objective -3.50932500e+04


Root relaxation: objective -3.509325e+04, 1045 iterations, 0.01 seconds

    Nodes    |    Current Node    |     Objective Bounds      |     Work
 Expl Unexpl |  Obj  Depth IntInf | Incumbent    BestBd   Gap | It/Node Time

     0     0 -35093.250    0   28 -32610.000 -35093.250  7.61%     -    0s
H    0     0                    -34978.20000 -35093.250  0.33%     -    0s

Explored 0 nodes (1289 simplex iterations) in 0.04 seconds
Thread count was 20 (of 20 available processors)

Solution count 3: -34978.2 -32610 -1031.2 
Pool objective bound -35093.2

Optimal solution found (tolerance 5.00e-02)
Best objective -3.497820000000e+04, best bound -3.509320000000e+04, gap 0.3288%
Changed value of parameter MIPGap to 0.05
   Prev: 0.0001  Min: 0.0  Max: 1e+100  Default: 0.0001
Changed value of parameter TimeLimit to 1800.0
   Prev: 1e+100  Min: 0.0  Max: 1e+100  Default: 1e+100
Changed value of parameter Method to 2
   Prev: -1  Min: -1  Max: 4  Default: -1
Changed value of parameter MIPFocus to 1
   Prev: 0  Min: 0  Max: 3  Default: 0
Optimize a model with 4308 rows, 6312 columns and 12624 nonzeros
Variable types: 0 continuous, 6312 integer (6312 binary)
Coefficient statistics:
  Matrix range     [1e+00, 5e+00]
  Objective range  [2e+01, 2e+02]
  Bounds range     [1e+00, 1e+00]
  RHS range        [8e+01, 8e+01]
Found heuristic solution: objective 0
Presolve removed 4234 rows and 4925 columns
Presolve time: 0.01s
Presolved: 74 rows, 1387 columns, 2645 nonzeros
Found heuristic solution: objective -63763.00000
Variable types: 0 continuous, 1387 integer (1166 binary)
Presolved: 74 rows, 1387 columns, 2645 nonzeros

Root barrier log...

Ordering time: 0.00s

Barrier statistics:
 AA' NZ     : 1.220e+03
 Factor NZ  : 2.775e+03 (roughly 1 MByte of memory)
 Factor Ops : 1.378e+05 (less than 1 second per iteration)
 Threads    : 1

                  Objective                Residual
Iter       Primal          Dual         Primal    Dual     Compl     Time
   0  -1.31433188e+05 -1.65449053e+05  2.58e+01 2.84e-14  1.30e+02     0s
   1  -6.07891526e+04 -1.18678004e+05  4.95e-02 2.35e+01  2.17e+01     0s
   2  -6.63690158e+04 -7.35079776e+04  0.00e+00 2.00e+00  2.52e+00     0s
   3  -6.78764805e+04 -7.00748303e+04  0.00e+00 5.26e-02  7.73e-01     0s
   4  -6.83247571e+04 -6.90950727e+04  0.00e+00 5.68e-14  2.71e-01     0s
   5  -6.84931175e+04 -6.88768811e+04  0.00e+00 2.84e-14  1.35e-01     0s
   6  -6.85978354e+04 -6.86185785e+04  0.00e+00 5.68e-14  7.29e-03     0s
   7  -6.86127498e+04 -6.86127510e+04  0.00e+00 5.68e-14  4.20e-07     0s
   8  -6.86127500e+04 -6.86127500e+04  9.77e-16 5.68e-14  4.22e-13     0s

Barrier solved model in 8 iterations and 0.02 seconds
Optimal objective -6.86127500e+04


Root relaxation: objective -6.861275e+04, 1044 iterations, 0.01 seconds

    Nodes    |    Current Node    |     Objective Bounds      |     Work
 Expl Unexpl |  Obj  Depth IntInf | Incumbent    BestBd   Gap | It/Node Time

     0     0 -68612.750    0   28 -63763.000 -68612.750  7.61%     -    0s
H    0     0                    -68392.40000 -68612.750  0.32%     -    0s

Explored 0 nodes (1367 simplex iterations) in 0.04 seconds
Thread count was 20 (of 20 available processors)

Solution count 3: -68392.4 -63763 -1998.4 
Pool objective bound -68612.6

Optimal solution found (tolerance 5.00e-02)
Best objective -6.839240000000e+04, best bound -6.861260000000e+04, gap 0.3220%
Changed value of parameter MIPGap to 0.05
   Prev: 0.0001  Min: 0.0  Max: 1e+100  Default: 0.0001
Changed value of parameter TimeLimit to 1800.0
   Prev: 1e+100  Min: 0.0  Max: 1e+100  Default: 1e+100
Changed value of parameter Method to 2
   Prev: -1  Min: -1  Max: 4  Default: -1
Changed value of parameter MIPFocus to 1
   Prev: 0  Min: 0  Max: 3  Default: 0
Optimize a model with 4308 rows, 6312 columns and 12624 nonzeros
Variable types: 0 continuous, 6312 integer (6312 binary)
Coefficient statistics:
  Matrix range     [1e+00, 5e+00]
  Objective range  [6e+01, 4e+02]
  Bounds range     [1e+00, 1e+00]
  RHS range        [8e+01, 8e+01]
Found heuristic solution: objective 0
Presolve removed 4234 rows and 4925 columns
Presolve time: 0.01s
Presolved: 74 rows, 1387 columns, 2645 nonzeros
Found heuristic solution: objective -157222.0000
Variable types: 0 continuous, 1387 integer (1166 binary)
Presolved: 74 rows, 1387 columns, 2645 nonzeros

Root barrier log...

Ordering time: 0.00s

Barrier statistics:
 AA' NZ     : 1.220e+03
 Factor NZ  : 2.775e+03 (roughly 1 MByte of memory)
 Factor Ops : 1.378e+05 (less than 1 second per iteration)
 Threads    : 1

                  Objective                Residual
Iter       Primal          Dual         Primal    Dual     Compl     Time
   0  -3.22294345e+05 -4.11280758e+05  2.58e+01 5.68e-14  3.25e+02     0s
   1  -1.49526988e+05 -2.94818726e+05  2.12e-02 5.97e+01  5.42e+01     0s
   2  -1.63564630e+05 -1.81142693e+05  0.00e+00 4.95e+00  6.19e+00     0s
   3  -1.67362105e+05 -1.72749792e+05  0.00e+00 1.59e-01  1.89e+00     0s
   4  -1.68454943e+05 -1.70365995e+05  0.00e+00 1.14e-13  6.71e-01     0s
   5  -1.68871760e+05 -1.69826773e+05  0.00e+00 1.14e-13  3.35e-01     0s
   6  -1.69136281e+05 -1.69185959e+05  0.00e+00 1.14e-13  1.74e-02     0s
   7  -1.69171249e+05 -1.69171251e+05  0.00e+00 1.14e-13  7.25e-07     0s
   8  -1.69171250e+05 -1.69171250e+05  3.76e-15 1.14e-13  7.28e-13     0s

Barrier solved model in 8 iterations and 0.02 seconds
Optimal objective -1.69171250e+05


Root relaxation: objective -1.691712e+05, 1045 iterations, 0.01 seconds

    Nodes    |    Current Node    |     Objective Bounds      |     Work
 Expl Unexpl |  Obj  Depth IntInf | Incumbent    BestBd   Gap | It/Node Time

     0     0 -169171.25    0   31 -157222.00 -169171.25  7.60%     -    0s
H    0     0                    -168690.0000 -169171.25  0.29%     -    0s

Explored 0 nodes (1124 simplex iterations) in 0.03 seconds
Thread count was 20 (of 20 available processors)

Solution count 3: -168690 -157222 -4900 
Pool objective bound -169171

Optimal solution found (tolerance 5.00e-02)
Best objective -1.686900000000e+05, best bound -1.691710000000e+05, gap 0.2851%
Changed value of parameter MIPGap to 0.05
   Prev: 0.0001  Min: 0.0  Max: 1e+100  Default: 0.0001
Changed value of parameter TimeLimit to 1800.0
   Prev: 1e+100  Min: 0.0  Max: 1e+100  Default: 1e+100
Changed value of parameter Method to 2
   Prev: -1  Min: -1  Max: 4  Default: -1
Changed value of parameter MIPFocus to 1
   Prev: 0  Min: 0  Max: 3  Default: 0
Optimize a model with 4308 rows, 6312 columns and 12624 nonzeros
Variable types: 0 continuous, 6312 integer (6312 binary)
Coefficient statistics:
  Matrix range     [1e+00, 5e+00]
  Objective range  [5e+02, 4e+03]
  Bounds range     [1e+00, 1e+00]
  RHS range        [8e+01, 8e+01]
Found heuristic solution: objective 0
Presolve removed 4234 rows and 4925 columns
Presolve time: 0.01s
Presolved: 74 rows, 1387 columns, 2645 nonzeros
Found heuristic solution: objective -1559107.000
Variable types: 0 continuous, 1387 integer (1166 binary)
Presolved: 74 rows, 1387 columns, 2645 nonzeros

Root barrier log...

Ordering time: 0.00s

Barrier statistics:
 AA' NZ     : 1.220e+03
 Factor NZ  : 2.775e+03 (roughly 1 MByte of memory)
 Factor Ops : 1.378e+05 (less than 1 second per iteration)
 Threads    : 1

                  Objective                Residual
Iter       Primal          Dual         Primal    Dual     Compl     Time
   0  -3.18520954e+06 -4.09879307e+06  2.58e+01 4.55e-13  3.25e+03     0s
   1  -1.48065120e+06 -2.93694519e+06  9.34e-03 6.03e+02  5.42e+02     0s
   2  -1.62150027e+06 -1.79558824e+06  0.00e+00 4.92e+01  6.13e+01     0s
   3  -1.65964327e+06 -1.71285997e+06  0.00e+00 1.73e+00  1.87e+01     0s
   4  -1.67046056e+06 -1.68950583e+06  0.00e+00 9.09e-13  6.69e+00     0s
   5  -1.67456100e+06 -1.68413665e+06  0.00e+00 9.09e-13  3.36e+00     0s
   6  -1.67720758e+06 -1.67769586e+06  0.00e+00 1.36e-12  1.71e-01     0s
   7  -1.67754874e+06 -1.67754876e+06  0.00e+00 1.82e-12  5.13e-06     0s
   8  -1.67754875e+06 -1.67754875e+06  0.00e+00 9.09e-13  5.17e-12     0s

Barrier solved model in 8 iterations and 0.02 seconds
Optimal objective -1.67754875e+06


Root relaxation: objective -1.677549e+06, 1045 iterations, 0.01 seconds

    Nodes    |    Current Node    |     Objective Bounds      |     Work
 Expl Unexpl |  Obj  Depth IntInf | Incumbent    BestBd   Gap | It/Node Time

     0     0 -1677548.8    0   32 -1559107.0 -1677548.8  7.60%     -    0s
H    0     0                    -1671733.000 -1677548.8  0.35%     -    0s

Explored 0 nodes (1344 simplex iterations) in 0.04 seconds
Thread count was 20 (of 20 available processors)

Solution count 3: -1.67173e+06 -1.55911e+06 -48424 
Pool objective bound -1.67755e+06

Optimal solution found (tolerance 5.00e-02)
Best objective -1.671733000000e+06, best bound -1.677548000000e+06, gap 0.3478%
