Changed value of parameter MIPGap to 0.05
   Prev: 0.0001  Min: 0.0  Max: 1e+100  Default: 0.0001
Changed value of parameter TimeLimit to 1800.0
   Prev: 1e+100  Min: 0.0  Max: 1e+100  Default: 1e+100
Changed value of parameter Method to 2
   Prev: -1  Min: -1  Max: 4  Default: -1
Changed value of parameter MIPFocus to 1
   Prev: 0  Min: 0  Max: 3  Default: 0
Optimize a model with 16271 rows, 70343 columns and 297896 nonzeros
Variable types: 500 continuous, 69843 integer (69843 binary)
Coefficient statistics:
  Matrix range     [1e+00, 2e+01]
  Objective range  [1e+00, 1e+00]
  Bounds range     [1e+00, 8e+01]
  RHS range        [0e+00, 0e+00]
Found heuristic solution: objective 0
Presolve removed 2253 rows and 2753 columns
Presolve time: 0.48s
Presolved: 14018 rows, 67590 columns, 292877 nonzeros
Variable types: 0 continuous, 67590 integer (67590 binary)
Presolve removed 2254 rows and 2 columns
Presolved: 11764 rows, 67588 columns, 283859 nonzeros

Root barrier log...

Ordering time: 0.01s

Barrier statistics:
 AA' NZ     : 1.797e+05
 Factor NZ  : 2.537e+05 (roughly 34 MBytes of memory)
 Factor Ops : 3.199e+07 (less than 1 second per iteration)
 Threads    : 1

                  Objective                Residual
Iter       Primal          Dual         Primal    Dual     Compl     Time
   0  -7.27404849e+03 -6.31623031e+04  3.58e+02 1.11e-16  2.12e+00     1s
   1  -3.63396010e+03 -4.52234923e+04  6.72e+01 1.62e-01  5.81e-01     1s
   2  -2.32742694e+03 -9.49150606e+03  1.74e+00 2.19e-03  6.51e-02     1s
   3  -2.23723291e+03 -2.65947262e+03  1.22e-15 2.66e-15  3.11e-03     1s
   4  -2.24523197e+03 -2.30930632e+03  5.55e-15 6.66e-16  4.72e-04     1s
   5  -2.25297983e+03 -2.25308940e+03  5.76e-14 4.44e-16  8.08e-07     1s
   6  -2.25299998e+03 -2.25300009e+03  1.67e-14 4.44e-16  8.08e-10     1s
   7  -2.25300000e+03 -2.25300000e+03  1.34e-14 4.44e-16  8.08e-16     1s

Barrier solved model in 7 iterations and 0.90 seconds
Optimal objective -2.25300000e+03


Root relaxation: objective -2.253000e+03, 61136 iterations, 0.97 seconds

    Nodes    |    Current Node    |     Objective Bounds      |     Work
 Expl Unexpl |  Obj  Depth IntInf | Incumbent    BestBd   Gap | It/Node Time

     0     0 -2253.0000    0   11    0.00000 -2253.0000      -     -    1s
H    0     0                    -2252.000000 -2253.0000  0.04%     -    1s

Explored 0 nodes (69250 simplex iterations) in 2.02 seconds
Thread count was 20 (of 20 available processors)

Solution count 2: -2252 0 
Pool objective bound -2253

Optimal solution found (tolerance 5.00e-02)
Best objective -2.252000000000e+03, best bound -2.253000000000e+03, gap 0.0444%
(0, 2252.0)
(1, 2252.0)
(2, 2252.0)
(3, 2252.0)
(4, 2252.0)
(5, 2252.0)
(6, 2252.0)
(7, 2252.0)
(8, 2252.0)
(9, 2252.0)
(10, 2252.0)
(11, 2252.0)
(12, 2252.0)
(13, 2252.0)
(14, 2252.0)
(15, 2252.0)
(16, 2252.0)
(17, 2252.0)
(18, 2252.0)
(19, 2252.0)
(20, 2252.0)
(21, 2252.0)
(22, 2252.0)
(23, 2252.0)
(24, 2252.0)
(25, 2252.0)
(26, 2252.0)
(27, 2252.0)
(28, 2252.0)
(29, 2252.0)
(30, 2252.0)
(31, 2252.0)
(32, 2252.0)
(33, 2252.0)
(34, 2252.0)
(35, 2252.0)
(36, 2252.0)
(37, 2252.0)
(38, 2252.0)
(39, 2252.0)
Changed value of parameter MIPGap to 0.05
   Prev: 0.0001  Min: 0.0  Max: 1e+100  Default: 0.0001
Changed value of parameter TimeLimit to 1800.0
   Prev: 1e+100  Min: 0.0  Max: 1e+100  Default: 1e+100
Changed value of parameter Method to 2
   Prev: -1  Min: -1  Max: 4  Default: -1
Changed value of parameter MIPFocus to 1
   Prev: 0  Min: 0  Max: 3  Default: 0
Optimize a model with 16271 rows, 70343 columns and 297896 nonzeros
Variable types: 500 continuous, 69843 integer (69843 binary)
Coefficient statistics:
  Matrix range     [1e+00, 2e+01]
  Objective range  [1e+00, 1e+00]
  Bounds range     [1e+00, 8e+01]
  RHS range        [0e+00, 0e+00]
Found heuristic solution: objective 0
Presolve removed 2253 rows and 2753 columns
Presolve time: 0.40s
Presolved: 14018 rows, 67590 columns, 292877 nonzeros
Variable types: 0 continuous, 67590 integer (67590 binary)
Presolve removed 2254 rows and 2 columns
Presolved: 11764 rows, 67588 columns, 283859 nonzeros

Root barrier log...

Ordering time: 0.01s

Barrier statistics:
 AA' NZ     : 1.797e+05
 Factor NZ  : 2.537e+05 (roughly 34 MBytes of memory)
 Factor Ops : 3.199e+07 (less than 1 second per iteration)
 Threads    : 1

                  Objective                Residual
Iter       Primal          Dual         Primal    Dual     Compl     Time
   0  -7.28051055e+03 -6.31850550e+04  3.58e+02 2.22e-16  2.12e+00     1s
   1  -3.63730790e+03 -4.52399422e+04  6.72e+01 1.62e-01  5.81e-01     1s
   2  -2.32947356e+03 -9.49671696e+03  1.74e+00 2.19e-03  6.51e-02     1s
   3  -2.23921190e+03 -2.66158063e+03  1.33e-15 2.89e-15  3.11e-03     1s
   4  -2.24721893e+03 -2.31115386e+03  3.94e-15 4.44e-16  4.71e-04     1s
   5  -2.25496842e+03 -2.25507646e+03  4.90e-14 6.66e-16  7.96e-07     1s
   6  -2.25498748e+03 -2.25498759e+03  1.02e-14 6.66e-16  7.96e-10     1s
   7  -2.25498750e+03 -2.25498750e+03  1.30e-14 4.44e-16  7.96e-16     1s

Barrier solved model in 7 iterations and 0.79 seconds
Optimal objective -2.25498750e+03


Root relaxation: objective -2.254988e+03, 61136 iterations, 0.90 seconds

    Nodes    |    Current Node    |     Objective Bounds      |     Work
 Expl Unexpl |  Obj  Depth IntInf | Incumbent    BestBd   Gap | It/Node Time

     0     0 -2254.9875    0   49    0.00000 -2254.9875      -     -    1s
H    0     0                    -2251.986000 -2254.9875  0.13%     -    1s

Explored 0 nodes (66873 simplex iterations) in 1.79 seconds
Thread count was 20 (of 20 available processors)

Solution count 2: -2251.99 0 
Pool objective bound -2254.99

Optimal solution found (tolerance 5.00e-02)
Best objective -2.251986000000e+03, best bound -2.254987500000e+03, gap 0.1333%
(0, 2251.9860000001181)
(1, 2251.986000000119)
(2, 2251.9860000001186)
(3, 2251.9860000001181)
(4, 2251.9860000001186)
(5, 2251.9860000001186)
(6, 2251.9860000001186)
(7, 2251.9860000001186)
(8, 2251.9860000001186)
(9, 2251.9860000001186)
(10, 2251.9860000001186)
(11, 2251.9860000001186)
(12, 2251.986000000119)
(13, 2251.986000000119)
(14, 2251.9860000001181)
(15, 2251.9860000001181)
(16, 2251.9860000001186)
(17, 2251.9860000001186)
(18, 2251.9860000001181)
(19, 2251.9860000001181)
(20, 2251.9860000001186)
(21, 2251.9860000001186)
(22, 2251.9860000001186)
(23, 2251.9860000001181)
(24, 2251.9860000001186)
(25, 2251.9860000001181)
(26, 2251.9860000001186)
(27, 2251.9860000001186)
(28, 2251.9860000001181)
(29, 2251.9860000001186)
(30, 2251.9860000001181)
(31, 2251.9860000001186)
(32, 2251.9860000001181)
(33, 2251.9860000001186)
(34, 2251.9860000001181)
(35, 2251.9860000001186)
(36, 2251.9860000001186)
(37, 2251.9860000001186)
(38, 2251.9860000001186)
(39, 2251.986000000119)
Changed value of parameter MIPGap to 0.05
   Prev: 0.0001  Min: 0.0  Max: 1e+100  Default: 0.0001
Changed value of parameter TimeLimit to 1800.0
   Prev: 1e+100  Min: 0.0  Max: 1e+100  Default: 1e+100
Changed value of parameter Method to 2
   Prev: -1  Min: -1  Max: 4  Default: -1
Changed value of parameter MIPFocus to 1
   Prev: 0  Min: 0  Max: 3  Default: 0
Optimize a model with 16271 rows, 70343 columns and 297896 nonzeros
Variable types: 500 continuous, 69843 integer (69843 binary)
Coefficient statistics:
  Matrix range     [1e+00, 2e+01]
  Objective range  [1e+00, 1e+00]
  Bounds range     [1e+00, 8e+01]
  RHS range        [0e+00, 0e+00]
Found heuristic solution: objective 0
Presolve removed 2253 rows and 2753 columns
Presolve time: 0.41s
Presolved: 14018 rows, 67590 columns, 292877 nonzeros
Variable types: 0 continuous, 67590 integer (67590 binary)
Presolve removed 2254 rows and 2 columns
Presolved: 11764 rows, 67588 columns, 283859 nonzeros

Root barrier log...

Ordering time: 0.01s

Barrier statistics:
 AA' NZ     : 1.797e+05
 Factor NZ  : 2.537e+05 (roughly 34 MBytes of memory)
 Factor Ops : 3.199e+07 (less than 1 second per iteration)
 Threads    : 1

                  Objective                Residual
Iter       Primal          Dual         Primal    Dual     Compl     Time
   0  -7.28697262e+03 -6.32078070e+04  3.58e+02 2.22e-16  2.12e+00     1s
   1  -3.64065404e+03 -4.52563923e+04  6.72e+01 1.62e-01  5.81e-01     1s
   2  -2.33151968e+03 -9.50190616e+03  1.74e+00 2.19e-03  6.51e-02     1s
   3  -2.24119096e+03 -2.66368555e+03  1.33e-15 2.44e-15  3.11e-03     1s
   4  -2.24920611e+03 -2.31302207e+03  1.50e-14 6.66e-16  4.70e-04     1s
   5  -2.25695691e+03 -2.25706353e+03  4.29e-14 6.66e-16  7.86e-07     1s
   6  -2.25697498e+03 -2.25697509e+03  1.32e-14 4.44e-16  7.86e-10     1s
   7  -2.25697500e+03 -2.25697500e+03  1.10e-14 4.44e-16  7.86e-16     1s

Barrier solved model in 7 iterations and 0.79 seconds
Optimal objective -2.25697500e+03


Root relaxation: objective -2.256975e+03, 61131 iterations, 0.87 seconds

    Nodes    |    Current Node    |     Objective Bounds      |     Work
 Expl Unexpl |  Obj  Depth IntInf | Incumbent    BestBd   Gap | It/Node Time

     0     0 -2256.9750    0   35    0.00000 -2256.9750      -     -    1s
H    0     0                    -2252.950000 -2256.9750  0.18%     -    1s

Explored 0 nodes (67474 simplex iterations) in 1.79 seconds
Thread count was 20 (of 20 available processors)

Solution count 2: -2252.95 0 
Pool objective bound -2256.98

Optimal solution found (tolerance 5.00e-02)
Best objective -2.252950000000e+03, best bound -2.256975000000e+03, gap 0.1787%
(0, 2252.9500000000012)
(1, 2252.9500000000012)
(2, 2252.9500000000007)
(3, 2252.9500000000007)
(4, 2252.9500000000007)
(5, 2252.9500000000007)
(6, 2252.9500000000012)
(7, 2252.9500000000021)
(8, 2252.9500000000007)
(9, 2252.9500000000012)
(10, 2252.9500000000012)
(11, 2252.9500000000007)
(12, 2252.9500000000007)
(13, 2252.9500000000007)
(14, 2252.9500000000007)
(15, 2252.9500000000007)
(16, 2252.9500000000007)
(17, 2252.9500000000007)
(18, 2252.9500000000007)
(19, 2252.9500000000016)
(20, 2252.9500000000007)
(21, 2252.9500000000007)
(22, 2252.9500000000007)
(23, 2252.9500000000007)
(24, 2252.9500000000012)
(25, 2252.9500000000007)
(26, 2252.9500000000007)
(27, 2252.9500000000007)
(28, 2252.9500000000007)
(29, 2252.9500000000012)
(30, 2252.9500000000012)
(31, 2252.9500000000012)
(32, 2252.9500000000007)
(33, 2252.9500000000012)
(34, 2252.9500000000007)
(35, 2252.9500000000007)
(36, 2252.9500000000012)
(37, 2252.9500000000012)
(38, 2252.9500000000012)
(39, 2252.9500000000012)
Changed value of parameter MIPGap to 0.05
   Prev: 0.0001  Min: 0.0  Max: 1e+100  Default: 0.0001
Changed value of parameter TimeLimit to 1800.0
   Prev: 1e+100  Min: 0.0  Max: 1e+100  Default: 1e+100
Changed value of parameter Method to 2
   Prev: -1  Min: -1  Max: 4  Default: -1
Changed value of parameter MIPFocus to 1
   Prev: 0  Min: 0  Max: 3  Default: 0
Optimize a model with 16271 rows, 70343 columns and 297896 nonzeros
Variable types: 500 continuous, 69843 integer (69843 binary)
Coefficient statistics:
  Matrix range     [1e+00, 2e+01]
  Objective range  [1e+00, 1e+00]
  Bounds range     [1e+00, 8e+01]
  RHS range        [0e+00, 0e+00]
Found heuristic solution: objective 0
Presolve removed 2253 rows and 2753 columns
Presolve time: 0.39s
Presolved: 14018 rows, 67590 columns, 292877 nonzeros
Variable types: 0 continuous, 67590 integer (67590 binary)
Presolve removed 2254 rows and 2 columns
Presolved: 11764 rows, 67588 columns, 283859 nonzeros

Root barrier log...

Ordering time: 0.01s

Barrier statistics:
 AA' NZ     : 1.797e+05
 Factor NZ  : 2.537e+05 (roughly 34 MBytes of memory)
 Factor Ops : 3.199e+07 (less than 1 second per iteration)
 Threads    : 1

                  Objective                Residual
Iter       Primal          Dual         Primal    Dual     Compl     Time
   0  -7.29989675e+03 -6.32533109e+04  3.58e+02 2.22e-16  2.12e+00     1s
   1  -3.64734134e+03 -4.52892925e+04  6.72e+01 1.62e-01  5.82e-01     1s
   2  -2.33561053e+03 -9.51221942e+03  1.74e+00 2.18e-03  6.52e-02     1s
   3  -2.24514931e+03 -2.66788780e+03  1.22e-15 2.44e-15  3.12e-03     1s
   4  -2.25318191e+03 -2.31675227e+03  5.22e-15 6.66e-16  4.69e-04     1s
   5  -2.26093373e+03 -2.26103764e+03  4.52e-14 4.44e-16  7.66e-07     1s
   6  -2.26094998e+03 -2.26095009e+03  2.04e-14 6.66e-16  7.66e-10     1s
   7  -2.26095000e+03 -2.26095000e+03  1.03e-14 4.44e-16  7.66e-16     1s

Barrier solved model in 7 iterations and 0.78 seconds
Optimal objective -2.26095000e+03


Root relaxation: objective -2.260950e+03, 61129 iterations, 0.89 seconds

    Nodes    |    Current Node    |     Objective Bounds      |     Work
 Expl Unexpl |  Obj  Depth IntInf | Incumbent    BestBd   Gap | It/Node Time

     0     0 -2260.9500    0   31    0.00000 -2260.9500      -     -    1s
H    0     0                    -2256.914000 -2260.9500  0.18%     -    1s

Explored 0 nodes (68325 simplex iterations) in 1.82 seconds
Thread count was 20 (of 20 available processors)

Solution count 2: -2256.91 0 
Pool objective bound -2260.95

Optimal solution found (tolerance 5.00e-02)
Best objective -2.256914000000e+03, best bound -2.260950000000e+03, gap 0.1788%
(0, 2256.9139999999215)
(1, 2256.9139999999215)
(2, 2256.9139999999215)
(3, 2256.9139999999211)
(4, 2256.9139999999215)
(5, 2256.9139999999215)
(6, 2256.9139999999215)
(7, 2256.9139999999215)
(8, 2256.9139999999215)
(9, 2256.9139999999211)
(10, 2256.9139999999215)
(11, 2256.9139999999215)
(12, 2256.9139999999215)
(13, 2256.9139999999215)
(14, 2256.9139999999215)
(15, 2256.9139999999215)
(16, 2256.9139999999215)
(17, 2256.9139999999215)
(18, 2256.9139999999215)
(19, 2256.9139999999215)
(20, 2256.9139999999215)
(21, 2256.9139999999215)
(22, 2256.9139999999211)
(23, 2256.9139999999215)
(24, 2256.9139999999215)
(25, 2256.9139999999211)
(26, 2256.9139999999215)
(27, 2256.9139999999211)
(28, 2256.9139999999215)
(29, 2256.9139999999215)
(30, 2256.9139999999215)
(31, 2256.9139999999215)
(32, 2256.9139999999215)
(33, 2256.9139999999211)
(34, 2256.9139999999215)
(35, 2256.9139999999215)
(36, 2256.9139999999215)
(37, 2256.9139999999215)
(38, 2256.9139999999211)
(39, 2256.9139999999215)
Changed value of parameter MIPGap to 0.05
   Prev: 0.0001  Min: 0.0  Max: 1e+100  Default: 0.0001
Changed value of parameter TimeLimit to 1800.0
   Prev: 1e+100  Min: 0.0  Max: 1e+100  Default: 1e+100
Changed value of parameter Method to 2
   Prev: -1  Min: -1  Max: 4  Default: -1
Changed value of parameter MIPFocus to 1
   Prev: 0  Min: 0  Max: 3  Default: 0
Optimize a model with 16271 rows, 70343 columns and 297896 nonzeros
Variable types: 500 continuous, 69843 integer (69843 binary)
Coefficient statistics:
  Matrix range     [1e+00, 2e+01]
  Objective range  [1e+00, 1e+00]
  Bounds range     [1e+00, 8e+01]
  RHS range        [0e+00, 0e+00]
Found heuristic solution: objective 0
Presolve removed 2253 rows and 2753 columns
Presolve time: 0.40s
Presolved: 14018 rows, 67590 columns, 292877 nonzeros
Variable types: 0 continuous, 67590 integer (67590 binary)
Presolve removed 2254 rows and 2 columns
Presolved: 11764 rows, 67588 columns, 283859 nonzeros

Root barrier log...

Ordering time: 0.01s

Barrier statistics:
 AA' NZ     : 1.797e+05
 Factor NZ  : 2.537e+05 (roughly 34 MBytes of memory)
 Factor Ops : 3.199e+07 (less than 1 second per iteration)
 Threads    : 1

                  Objective                Residual
Iter       Primal          Dual         Primal    Dual     Compl     Time
   0  -7.32574497e+03 -6.33443187e+04  3.58e+02 2.22e-16  2.13e+00     1s
   1  -3.66069622e+03 -4.53550936e+04  6.72e+01 1.62e-01  5.82e-01     1s
   2  -2.34378635e+03 -9.53258739e+03  1.74e+00 2.17e-03  6.53e-02     1s
   3  -2.25306680e+03 -2.67626583e+03  1.22e-15 2.00e-15  3.12e-03     1s
   4  -2.26112739e+03 -2.32515485e+03  4.11e-15 6.66e-16  4.72e-04     1s
   5  -2.26887913e+03 -2.26898784e+03  3.54e-14 6.66e-16  8.01e-07     1s
   6  -2.26889998e+03 -2.26890009e+03  1.40e-14 6.66e-16  8.01e-10     1s
   7  -2.26890000e+03 -2.26890000e+03  9.55e-15 6.66e-16  8.01e-16     1s

Barrier solved model in 7 iterations and 0.79 seconds
Optimal objective -2.26890000e+03


Root relaxation: objective -2.268900e+03, 61126 iterations, 0.88 seconds

    Nodes    |    Current Node    |     Objective Bounds      |     Work
 Expl Unexpl |  Obj  Depth IntInf | Incumbent    BestBd   Gap | It/Node Time

     0     0 -2268.9000    0   22    0.00000 -2268.9000      -     -    1s
H    0     0                    -2265.860000 -2268.9000  0.13%     -    1s

Explored 0 nodes (69199 simplex iterations) in 1.79 seconds
Thread count was 20 (of 20 available processors)

Solution count 2: -2265.86 0 
Pool objective bound -2268.9

Optimal solution found (tolerance 5.00e-02)
Best objective -2.265860000000e+03, best bound -2.268900000000e+03, gap 0.1342%
(0, 2265.8599999998937)
(1, 2265.8599999998942)
(2, 2265.8599999998933)
(3, 2265.8599999998933)
(4, 2265.8599999998933)
(5, 2265.8599999998933)
(6, 2265.8599999998942)
(7, 2265.8599999998937)
(8, 2265.8599999998937)
(9, 2265.8599999998937)
(10, 2265.8599999998928)
(11, 2265.8599999998937)
(12, 2265.8599999998937)
(13, 2265.8599999998933)
(14, 2265.8599999998937)
(15, 2265.8599999998933)
(16, 2265.8599999998933)
(17, 2265.8599999998933)
(18, 2265.8599999998937)
(19, 2265.8599999998933)
(20, 2265.8599999998937)
(21, 2265.8599999998933)
(22, 2265.8599999998933)
(23, 2265.8599999998942)
(24, 2265.8599999998937)
(25, 2265.8599999998933)
(26, 2265.8599999998937)
(27, 2265.8599999998933)
(28, 2265.8599999998937)
(29, 2265.8599999998933)
(30, 2265.8599999998937)
(31, 2265.8599999998933)
(32, 2265.8599999998937)
(33, 2265.8599999998937)
(34, 2265.8599999998933)
(35, 2265.8599999998937)
(36, 2265.8599999998937)
(37, 2265.8599999998933)
(38, 2265.8599999998933)
(39, 2265.8599999998933)
Changed value of parameter MIPGap to 0.05
   Prev: 0.0001  Min: 0.0  Max: 1e+100  Default: 0.0001
Changed value of parameter TimeLimit to 1800.0
   Prev: 1e+100  Min: 0.0  Max: 1e+100  Default: 1e+100
Changed value of parameter Method to 2
   Prev: -1  Min: -1  Max: 4  Default: -1
Changed value of parameter MIPFocus to 1
   Prev: 0  Min: 0  Max: 3  Default: 0
Optimize a model with 16271 rows, 70343 columns and 297896 nonzeros
Variable types: 500 continuous, 69843 integer (69843 binary)
Coefficient statistics:
  Matrix range     [1e+00, 2e+01]
  Objective range  [1e+00, 1e+00]
  Bounds range     [1e+00, 8e+01]
  RHS range        [0e+00, 0e+00]
Found heuristic solution: objective 0
Presolve removed 2253 rows and 2753 columns
Presolve time: 0.40s
Presolved: 14018 rows, 67590 columns, 292877 nonzeros
Variable types: 0 continuous, 67590 integer (67590 binary)
Presolve removed 2254 rows and 2 columns
Presolved: 11764 rows, 67588 columns, 283859 nonzeros

Root barrier log...

Ordering time: 0.01s

Barrier statistics:
 AA' NZ     : 1.797e+05
 Factor NZ  : 2.537e+05 (roughly 34 MBytes of memory)
 Factor Ops : 3.199e+07 (less than 1 second per iteration)
 Threads    : 1

                  Objective                Residual
Iter       Primal          Dual         Primal    Dual     Compl     Time
   0  -7.33866907e+03 -6.33898227e+04  3.58e+02 1.11e-16  2.13e+00     1s
   1  -3.66736405e+03 -4.53879949e+04  6.72e+01 1.62e-01  5.83e-01     1s
   2  -2.34787145e+03 -9.54264453e+03  1.74e+00 2.17e-03  6.54e-02     1s
   3  -2.25702589e+03 -2.68044148e+03  1.44e-15 2.00e-15  3.12e-03     1s
   4  -2.26511170e+03 -2.32872878e+03  4.00e-15 4.44e-16  4.69e-04     1s
   5  -2.27285618e+03 -2.27296175e+03  4.23e-14 4.44e-16  7.78e-07     1s
   6  -2.27287498e+03 -2.27287509e+03  1.49e-14 6.66e-16  7.78e-10     1s
   7  -2.27287500e+03 -2.27287500e+03  1.42e-14 6.66e-16  7.78e-16     1s

Barrier solved model in 7 iterations and 0.79 seconds
Optimal objective -2.27287500e+03


Root relaxation: objective -2.272875e+03, 61124 iterations, 0.85 seconds

    Nodes    |    Current Node    |     Objective Bounds      |     Work
 Expl Unexpl |  Obj  Depth IntInf | Incumbent    BestBd   Gap | It/Node Time

     0     0 -2272.8750    0   77    0.00000 -2272.8750      -     -    1s
H    0     0                    -2269.825000 -2272.8750  0.13%     -    1s

Explored 0 nodes (66040 simplex iterations) in 1.72 seconds
Thread count was 20 (of 20 available processors)

Solution count 2: -2269.82 0 
Pool objective bound -2272.88

Optimal solution found (tolerance 5.00e-02)
Best objective -2.269825000000e+03, best bound -2.272875000000e+03, gap 0.1344%
(0, 2269.825000000134)
(1, 2269.825000000134)
(2, 2269.825000000134)
(3, 2269.825000000134)
(4, 2269.825000000134)
(5, 2269.825000000134)
(6, 2269.825000000134)
(7, 2269.825000000134)
(8, 2269.825000000134)
(9, 2269.8250000001344)
(10, 2269.825000000134)
(11, 2269.8250000001335)
(12, 2269.825000000134)
(13, 2269.825000000134)
(14, 2269.825000000134)
(15, 2269.825000000134)
(16, 2269.825000000134)
(17, 2269.825000000134)
(18, 2269.8250000001335)
(19, 2269.825000000134)
(20, 2269.825000000134)
(21, 2269.8250000001344)
(22, 2269.825000000134)
(23, 2269.825000000134)
(24, 2269.825000000134)
(25, 2269.825000000134)
(26, 2269.8250000001335)
(27, 2269.825000000134)
(28, 2269.825000000134)
(29, 2269.825000000134)
(30, 2269.825000000134)
(31, 2269.8250000001335)
(32, 2269.825000000134)
(33, 2269.825000000134)
(34, 2269.8250000001335)
(35, 2269.825000000134)
(36, 2269.825000000134)
(37, 2269.825000000134)
(38, 2269.825000000134)
(39, 2269.8250000001335)
Changed value of parameter MIPGap to 0.05
   Prev: 0.0001  Min: 0.0  Max: 1e+100  Default: 0.0001
Changed value of parameter TimeLimit to 1800.0
   Prev: 1e+100  Min: 0.0  Max: 1e+100  Default: 1e+100
Changed value of parameter Method to 2
   Prev: -1  Min: -1  Max: 4  Default: -1
Changed value of parameter MIPFocus to 1
   Prev: 0  Min: 0  Max: 3  Default: 0
Optimize a model with 16271 rows, 70343 columns and 297896 nonzeros
Variable types: 500 continuous, 69843 integer (69843 binary)
Coefficient statistics:
  Matrix range     [1e+00, 2e+01]
  Objective range  [1e+00, 1e+00]
  Bounds range     [1e+00, 8e+01]
  RHS range        [0e+00, 0e+00]
Found heuristic solution: objective 0
Presolve removed 2253 rows and 2753 columns
Presolve time: 0.41s
Presolved: 14018 rows, 67590 columns, 292877 nonzeros
Variable types: 0 continuous, 67590 integer (67590 binary)
Presolve removed 2254 rows and 2 columns
Presolved: 11764 rows, 67588 columns, 283859 nonzeros

Root barrier log...

Ordering time: 0.01s

Barrier statistics:
 AA' NZ     : 1.797e+05
 Factor NZ  : 2.537e+05 (roughly 34 MBytes of memory)
 Factor Ops : 3.199e+07 (less than 1 second per iteration)
 Threads    : 1

                  Objective                Residual
Iter       Primal          Dual         Primal    Dual     Compl     Time
   0  -7.40328947e+03 -6.36173423e+04  3.58e+02 2.22e-16  2.14e+00     1s
   1  -3.70060601e+03 -4.55525055e+04  6.72e+01 1.63e-01  5.85e-01     1s
   2  -2.36826763e+03 -9.59170538e+03  1.74e+00 2.13e-03  6.56e-02     1s
   3  -2.27682506e+03 -2.70121137e+03  1.22e-15 2.22e-15  3.13e-03     1s
   4  -2.28506472e+03 -2.34575858e+03  9.10e-15 6.66e-16  4.47e-04     1s
   5  -2.29273980e+03 -2.29283001e+03  2.69e-14 6.66e-16  6.65e-07     1s
   6  -2.29274999e+03 -2.29275008e+03  1.14e-14 6.66e-16  6.65e-10     1s
   7  -2.29275000e+03 -2.29275000e+03  1.61e-14 6.66e-16  6.65e-16     1s

Barrier solved model in 7 iterations and 0.80 seconds
Optimal objective -2.29275000e+03


Root relaxation: objective -2.292750e+03, 61107 iterations, 0.86 seconds

    Nodes    |    Current Node    |     Objective Bounds      |     Work
 Expl Unexpl |  Obj  Depth IntInf | Incumbent    BestBd   Gap | It/Node Time

     0     0 -2292.7500    0   87    0.00000 -2292.7500      -     -    1s
H    0     0                    -2287.490000 -2292.7500  0.23%     -    1s

Explored 0 nodes (66897 simplex iterations) in 1.83 seconds
Thread count was 20 (of 20 available processors)

Solution count 2: -2287.49 0 
Pool objective bound -2292.75

Optimal solution found (tolerance 5.00e-02)
Best objective -2.287490000000e+03, best bound -2.292750000000e+03, gap 0.2299%
(0, 2287.4900000000357)
(1, 2287.4900000000353)
(2, 2287.4900000000357)
(3, 2287.4900000000353)
(4, 2287.4900000000357)
(5, 2287.4900000000357)
(6, 2287.4900000000353)
(7, 2287.4900000000353)
(8, 2287.4900000000353)
(9, 2287.4900000000357)
(10, 2287.4900000000353)
(11, 2287.4900000000357)
(12, 2287.4900000000357)
(13, 2287.4900000000353)
(14, 2287.4900000000353)
(15, 2287.4900000000353)
(16, 2287.4900000000357)
(17, 2287.4900000000353)
(18, 2287.4900000000357)
(19, 2287.4900000000353)
(20, 2287.4900000000353)
(21, 2287.4900000000353)
(22, 2287.4900000000357)
(23, 2287.4900000000357)
(24, 2287.4900000000357)
(25, 2287.4900000000353)
(26, 2287.4900000000353)
(27, 2287.4900000000353)
(28, 2287.4900000000353)
(29, 2287.4900000000353)
(30, 2287.4900000000353)
(31, 2287.4900000000357)
(32, 2287.4900000000366)
(33, 2287.4900000000353)
(34, 2287.4900000000353)
(35, 2287.4900000000353)
(36, 2287.4900000000357)
(37, 2287.4900000000357)
(38, 2287.4900000000353)
(39, 2287.4900000000357)
Changed value of parameter MIPGap to 0.05
   Prev: 0.0001  Min: 0.0  Max: 1e+100  Default: 0.0001
Changed value of parameter TimeLimit to 1800.0
   Prev: 1e+100  Min: 0.0  Max: 1e+100  Default: 1e+100
Changed value of parameter Method to 2
   Prev: -1  Min: -1  Max: 4  Default: -1
Changed value of parameter MIPFocus to 1
   Prev: 0  Min: 0  Max: 3  Default: 0
Optimize a model with 16271 rows, 70343 columns and 297896 nonzeros
Variable types: 500 continuous, 69843 integer (69843 binary)
Coefficient statistics:
  Matrix range     [1e+00, 2e+01]
  Objective range  [1e+00, 1e+00]
  Bounds range     [1e+00, 8e+01]
  RHS range        [0e+00, 0e+00]
Found heuristic solution: objective 0
Presolve removed 2253 rows and 2753 columns
Presolve time: 0.40s
Presolved: 14018 rows, 67590 columns, 292877 nonzeros
Variable types: 0 continuous, 67590 integer (67590 binary)
Presolve removed 2254 rows and 2 columns
Presolved: 11764 rows, 67588 columns, 283859 nonzeros

Root barrier log...

Ordering time: 0.01s

Barrier statistics:
 AA' NZ     : 1.797e+05
 Factor NZ  : 2.537e+05 (roughly 34 MBytes of memory)
 Factor Ops : 3.199e+07 (less than 1 second per iteration)
 Threads    : 1

                  Objective                Residual
Iter       Primal          Dual         Primal    Dual     Compl     Time
   0  -7.53252975e+03 -6.40755855e+04  3.58e+02 2.22e-16  2.15e+00     1s
   1  -3.76727508e+03 -4.58829252e+04  6.73e+01 1.64e-01  5.89e-01     1s
   2  -2.40902839e+03 -9.68906723e+03  1.73e+00 2.06e-03  6.61e-02     1s
   3  -2.31642794e+03 -2.74555001e+03  1.22e-15 2.66e-15  3.16e-03     1s
   4  -2.32493081e+03 -2.38241772e+03  5.88e-15 5.90e-16  4.24e-04     1s
   5  -2.33241726e+03 -2.33286977e+03  9.06e-14 6.66e-16  3.34e-06     1s
   6  -2.33249991e+03 -2.33250155e+03  1.79e-14 6.66e-16  1.21e-08     1s
   7  -2.33250000e+03 -2.33250000e+03  4.45e-13 6.66e-16  1.21e-14     1s

Barrier solved model in 7 iterations and 0.79 seconds
Optimal objective -2.33250000e+03


Root relaxation: objective -2.332500e+03, 60413 iterations, 0.92 seconds

    Nodes    |    Current Node    |     Objective Bounds      |     Work
 Expl Unexpl |  Obj  Depth IntInf | Incumbent    BestBd   Gap | It/Node Time

     0     0 -2332.5000    0  164    0.00000 -2332.5000      -     -    1s
H    0     0                    -2320.720000 -2332.5000  0.51%     -    1s

Explored 0 nodes (65427 simplex iterations) in 1.90 seconds
Thread count was 20 (of 20 available processors)

Solution count 2: -2320.72 0 
Pool objective bound -2332.5

Optimal solution found (tolerance 5.00e-02)
Best objective -2.320720000000e+03, best bound -2.332500000000e+03, gap 0.5076%
(0, 2320.7199999999689)
(1, 2320.7199999999693)
(2, 2320.7199999999693)
(3, 2320.7199999999689)
(4, 2320.7199999999689)
(5, 2320.7199999999689)
(6, 2320.7199999999689)
(7, 2320.7199999999689)
(8, 2320.7199999999689)
(9, 2320.7199999999689)
(10, 2320.7199999999689)
(11, 2320.7199999999689)
(12, 2320.7199999999684)
(13, 2320.7199999999684)
(14, 2320.7199999999693)
(15, 2320.7199999999689)
(16, 2320.7199999999684)
(17, 2320.7199999999684)
(18, 2320.7199999999689)
(19, 2320.7199999999684)
(20, 2320.7199999999684)
(21, 2320.7199999999693)
(22, 2320.7199999999693)
(23, 2320.7199999999689)
(24, 2320.7199999999689)
(25, 2320.7199999999684)
(26, 2320.7199999999689)
(27, 2320.7199999999684)
(28, 2320.7199999999689)
(29, 2320.7199999999684)
(30, 2320.7199999999693)
(31, 2320.7199999999689)
(32, 2320.7199999999689)
(33, 2320.7199999999693)
(34, 2320.7199999999684)
(35, 2320.7199999999693)
(36, 2320.7199999999684)
(37, 2320.7199999999684)
(38, 2320.7199999999684)
(39, 2320.7199999999689)
Changed value of parameter MIPGap to 0.05
   Prev: 0.0001  Min: 0.0  Max: 1e+100  Default: 0.0001
Changed value of parameter TimeLimit to 1800.0
   Prev: 1e+100  Min: 0.0  Max: 1e+100  Default: 1e+100
Changed value of parameter Method to 2
   Prev: -1  Min: -1  Max: 4  Default: -1
Changed value of parameter MIPFocus to 1
   Prev: 0  Min: 0  Max: 3  Default: 0
Optimize a model with 16271 rows, 70343 columns and 297896 nonzeros
Variable types: 500 continuous, 69843 integer (69843 binary)
Coefficient statistics:
  Matrix range     [1e+00, 2e+01]
  Objective range  [1e+00, 1e+00]
  Bounds range     [1e+00, 8e+01]
  RHS range        [0e+00, 0e+00]
Found heuristic solution: objective 0
Presolve removed 2253 rows and 2753 columns
Presolve time: 0.40s
Presolved: 14018 rows, 67590 columns, 292877 nonzeros
Variable types: 0 continuous, 67590 integer (67590 binary)
Presolve removed 2254 rows and 2 columns
Presolved: 11764 rows, 67588 columns, 283859 nonzeros

Root barrier log...

Ordering time: 0.01s

Barrier statistics:
 AA' NZ     : 1.797e+05
 Factor NZ  : 2.537e+05 (roughly 34 MBytes of memory)
 Factor Ops : 3.199e+07 (less than 1 second per iteration)
 Threads    : 1

                  Objective                Residual
Iter       Primal          Dual         Primal    Dual     Compl     Time
   0  -7.79101298e+03 -6.51675009e+04  3.58e+02 2.22e-16  2.19e+00     1s
   1  -3.89931965e+03 -4.66766223e+04  6.72e+01 1.67e-01  5.98e-01     1s
   2  -2.49005281e+03 -9.88966478e+03  1.72e+00 1.89e-03  6.71e-02     1s
   3  -2.39564473e+03 -2.83516736e+03  1.22e-15 2.44e-15  3.24e-03     1s
   4  -2.40855517e+03 -2.45362853e+03  1.25e-14 6.66e-16  3.32e-04     1s
   5  -2.41196258e+03 -2.41225205e+03  1.83e-13 6.66e-16  2.13e-06     1s
   6  -2.41199996e+03 -2.41200025e+03  3.80e-13 6.66e-16  2.13e-09     1s
   7  -2.41200000e+03 -2.41200000e+03  2.60e-13 4.44e-16  2.13e-15     1s

Barrier solved model in 7 iterations and 0.79 seconds
Optimal objective -2.41200000e+03


Root relaxation: objective -2.412000e+03, 61052 iterations, 0.89 seconds

    Nodes    |    Current Node    |     Objective Bounds      |     Work
 Expl Unexpl |  Obj  Depth IntInf | Incumbent    BestBd   Gap | It/Node Time

     0     0 -2412.0000    0   11    0.00000 -2412.0000      -     -    1s
H    0     0                    -2410.960000 -2412.0000  0.04%     -    1s

Explored 0 nodes (69916 simplex iterations) in 1.86 seconds
Thread count was 20 (of 20 available processors)

Solution count 2: -2410.96 0 
Pool objective bound -2412

Optimal solution found (tolerance 5.00e-02)
Best objective -2.410960000000e+03, best bound -2.412000000000e+03, gap 0.0431%
(0, 2410.9599999999341)
(1, 2410.9599999999341)
(2, 2410.9599999999346)
(3, 2410.9599999999336)
(4, 2410.9599999999336)
(5, 2410.9599999999341)
(6, 2410.9599999999341)
(7, 2410.9599999999346)
(8, 2410.9599999999346)
(9, 2410.959999999935)
(10, 2410.9599999999355)
(11, 2410.9599999999341)
(12, 2410.9599999999346)
(13, 2410.9599999999359)
(14, 2410.9599999999364)
(15, 2410.9599999999355)
(16, 2410.9599999999355)
(17, 2410.9599999999359)
(18, 2410.9599999999364)
(19, 2410.9599999999341)
(20, 2410.959999999935)
(21, 2410.9599999999336)
(22, 2410.959999999935)
(23, 2410.9599999999341)
(24, 2410.9599999999341)
(25, 2410.9599999999346)
(26, 2410.9599999999359)
(27, 2410.9599999999341)
(28, 2410.959999999935)
(29, 2410.9599999999341)
(30, 2410.959999999935)
(31, 2410.9599999999341)
(32, 2410.9599999999341)
(33, 2410.9599999999355)
(34, 2410.9599999999359)
(35, 2410.959999999935)
(36, 2410.9599999999359)
(37, 2410.959999999935)
(38, 2410.959999999935)
(39, 2410.959999999935)
Changed value of parameter MIPGap to 0.05
   Prev: 0.0001  Min: 0.0  Max: 1e+100  Default: 0.0001
Changed value of parameter TimeLimit to 1800.0
   Prev: 1e+100  Min: 0.0  Max: 1e+100  Default: 1e+100
Changed value of parameter Method to 2
   Prev: -1  Min: -1  Max: 4  Default: -1
Changed value of parameter MIPFocus to 1
   Prev: 0  Min: 0  Max: 3  Default: 0
Optimize a model with 16271 rows, 70343 columns and 297896 nonzeros
Variable types: 500 continuous, 69843 integer (69843 binary)
Coefficient statistics:
  Matrix range     [1e+00, 2e+01]
  Objective range  [1e+00, 1e+00]
  Bounds range     [1e+00, 8e+01]
  RHS range        [0e+00, 0e+00]
Found heuristic solution: objective 0
Presolve removed 2253 rows and 2753 columns
Presolve time: 0.40s
Presolved: 14018 rows, 67590 columns, 292877 nonzeros
Variable types: 0 continuous, 67590 integer (67590 binary)
Presolve removed 2254 rows and 2 columns
Presolved: 11764 rows, 67588 columns, 283859 nonzeros

Root barrier log...

Ordering time: 0.01s

Barrier statistics:
 AA' NZ     : 1.797e+05
 Factor NZ  : 2.537e+05 (roughly 34 MBytes of memory)
 Factor Ops : 3.199e+07 (less than 1 second per iteration)
 Threads    : 1

                  Objective                Residual
Iter       Primal          Dual         Primal    Dual     Compl     Time
   0  -7.92025417e+03 -6.57296388e+04  3.58e+02 2.22e-16  2.20e+00     1s
   1  -3.96433550e+03 -4.70855388e+04  6.71e+01 1.69e-01  6.03e-01     1s
   2  -2.53026607e+03 -9.98216582e+03  1.70e+00 1.80e-03  6.75e-02     1s
   3  -2.43527799e+03 -2.89895025e+03  1.11e-15 2.22e-15  3.42e-03     1s
   4  -2.44468920e+03 -2.48650262e+03  5.22e-15 7.03e-16  3.08e-04     1s
   5  -2.45174145e+03 -2.45197197e+03  4.20e-14 6.66e-16  1.70e-06     1s
   6  -2.45174999e+03 -2.45175022e+03  9.88e-15 6.66e-16  1.70e-09     1s
   7  -2.45175000e+03 -2.45175000e+03  9.99e-15 6.66e-16  1.70e-15     1s

Barrier solved model in 7 iterations and 0.81 seconds
Optimal objective -2.45175000e+03


Root relaxation: objective -2.451750e+03, 61058 iterations, 0.88 seconds

    Nodes    |    Current Node    |     Objective Bounds      |     Work
 Expl Unexpl |  Obj  Depth IntInf | Incumbent    BestBd   Gap | It/Node Time

     0     0 -2451.7500    0   94    0.00000 -2451.7500      -     -    1s
H    0     0                    -2446.500000 -2451.7500  0.21%     -    1s

Explored 0 nodes (67592 simplex iterations) in 1.90 seconds
Thread count was 20 (of 20 available processors)

Solution count 2: -2446.5 0 
Pool objective bound -2451.75

Optimal solution found (tolerance 5.00e-02)
Best objective -2.446500000000e+03, best bound -2.451750000000e+03, gap 0.2146%
(0, 2446.5000000000023)
(1, 2446.5000000000023)
(2, 2446.5000000000027)
(3, 2446.5000000000018)
(4, 2446.5000000000018)
(5, 2446.5000000000023)
(6, 2446.5000000000023)
(7, 2446.5000000000027)
(8, 2446.5000000000023)
(9, 2446.5000000000023)
(10, 2446.5000000000018)
(11, 2446.5000000000023)
(12, 2446.5000000000014)
(13, 2446.5000000000027)
(14, 2446.5000000000027)
(15, 2446.5000000000023)
(16, 2446.5000000000027)
(17, 2446.5000000000018)
(18, 2446.5000000000023)
(19, 2446.5000000000023)
(20, 2446.5000000000018)
(21, 2446.5000000000018)
(22, 2446.5000000000014)
(23, 2446.5000000000023)
(24, 2446.5000000000014)
(25, 2446.5000000000023)
(26, 2446.5000000000027)
(27, 2446.5000000000023)
(28, 2446.5000000000027)
(29, 2446.5000000000023)
(30, 2446.5000000000018)
(31, 2446.5000000000023)
(32, 2446.5000000000023)
(33, 2446.5000000000018)
(34, 2446.5000000000032)
(35, 2446.5000000000018)
(36, 2446.5000000000018)
(37, 2446.5000000000018)
(38, 2446.5000000000027)
(39, 2446.5000000000018)
Changed value of parameter MIPGap to 0.05
   Prev: 0.0001  Min: 0.0  Max: 1e+100  Default: 0.0001
Changed value of parameter TimeLimit to 1800.0
   Prev: 1e+100  Min: 0.0  Max: 1e+100  Default: 1e+100
Changed value of parameter Method to 2
   Prev: -1  Min: -1  Max: 4  Default: -1
Changed value of parameter MIPFocus to 1
   Prev: 0  Min: 0  Max: 3  Default: 0
Optimize a model with 16271 rows, 70343 columns and 297896 nonzeros
Variable types: 500 continuous, 69843 integer (69843 binary)
Coefficient statistics:
  Matrix range     [1e+00, 2e+01]
  Objective range  [1e+00, 2e+00]
  Bounds range     [1e+00, 8e+01]
  RHS range        [0e+00, 0e+00]
Found heuristic solution: objective 0
Presolve removed 2253 rows and 2753 columns
Presolve time: 0.40s
Presolved: 14018 rows, 67590 columns, 292877 nonzeros
Variable types: 0 continuous, 67590 integer (67590 binary)
Presolve removed 2254 rows and 2 columns
Presolved: 11764 rows, 67588 columns, 283859 nonzeros

Root barrier log...

Ordering time: 0.01s

Barrier statistics:
 AA' NZ     : 1.797e+05
 Factor NZ  : 2.537e+05 (roughly 34 MBytes of memory)
 Factor Ops : 3.199e+07 (less than 1 second per iteration)
 Threads    : 1

                  Objective                Residual
Iter       Primal          Dual         Primal    Dual     Compl     Time
   0  -8.56693080e+03 -8.74249697e+04  3.58e+02 2.22e-16  2.96e+00     1s
   1  -4.25333747e+03 -6.32038992e+04  6.60e+01 2.57e-01  8.12e-01     1s
   2  -2.70900156e+03 -1.26569247e+04  1.42e+00 2.70e-03  8.72e-02     1s
   3  -2.62882542e+03 -3.11987225e+03  1.22e-15 3.33e-15  3.62e-03     1s
   4  -2.64879803e+03 -2.68451581e+03  1.63e-14 6.66e-16  2.63e-04     1s
   5  -2.65049825e+03 -2.65052461e+03  9.58e-15 6.66e-16  1.94e-07     1s
   6  -2.65050000e+03 -2.65050002e+03  1.04e-14 6.66e-16  1.94e-10     1s

Barrier solved model in 6 iterations and 0.76 seconds
Optimal objective -2.65050000e+03


Root relaxation: objective -2.650500e+03, 60522 iterations, 0.88 seconds

    Nodes    |    Current Node    |     Objective Bounds      |     Work
 Expl Unexpl |  Obj  Depth IntInf | Incumbent    BestBd   Gap | It/Node Time

     0     0 -2650.5000    0  138    0.00000 -2650.5000      -     -    1s
H    0     0                    -2638.200000 -2650.5000  0.47%     -    1s

Explored 0 nodes (66154 simplex iterations) in 1.91 seconds
Thread count was 20 (of 20 available processors)

Solution count 2: -2638.2 0 
Pool objective bound -2650.5

Optimal solution found (tolerance 5.00e-02)
Best objective -2.638200000000e+03, best bound -2.650500000000e+03, gap 0.4662%
(0, 2638.1999999998775)
(1, 2638.1999999998766)
(2, 2638.1999999998766)
(3, 2638.1999999998775)
(4, 2638.1999999998784)
(5, 2638.199999999877)
(6, 2638.1999999998784)
(7, 2638.199999999877)
(8, 2638.1999999998775)
(9, 2638.1999999998761)
(10, 2638.1999999998775)
(11, 2638.1999999998779)
(12, 2638.1999999998779)
(13, 2638.199999999877)
(14, 2638.199999999877)
(15, 2638.1999999998775)
(16, 2638.1999999998779)
(17, 2638.199999999877)
(18, 2638.1999999998779)
(19, 2638.199999999877)
(20, 2638.199999999877)
(21, 2638.199999999877)
(22, 2638.1999999998757)
(23, 2638.199999999877)
(24, 2638.1999999998766)
(25, 2638.1999999998766)
(26, 2638.199999999877)
(27, 2638.199999999877)
(28, 2638.1999999998775)
(29, 2638.199999999877)
(30, 2638.1999999998766)
(31, 2638.1999999998775)
(32, 2638.1999999998766)
(33, 2638.1999999998775)
(34, 2638.1999999998775)
(35, 2638.199999999877)
(36, 2638.1999999998779)
(37, 2638.1999999998779)
(38, 2638.1999999998775)
(39, 2638.1999999998779)
Changed value of parameter MIPGap to 0.05
   Prev: 0.0001  Min: 0.0  Max: 1e+100  Default: 0.0001
Changed value of parameter TimeLimit to 1800.0
   Prev: 1e+100  Min: 0.0  Max: 1e+100  Default: 1e+100
Changed value of parameter Method to 2
   Prev: -1  Min: -1  Max: 4  Default: -1
Changed value of parameter MIPFocus to 1
   Prev: 0  Min: 0  Max: 3  Default: 0
Optimize a model with 16271 rows, 70343 columns and 297896 nonzeros
Variable types: 500 continuous, 69843 integer (69843 binary)
Coefficient statistics:
  Matrix range     [1e+00, 2e+01]
  Objective range  [1e+00, 3e+00]
  Bounds range     [1e+00, 8e+01]
  RHS range        [0e+00, 0e+00]
Found heuristic solution: objective 0
Presolve removed 2253 rows and 2753 columns
Presolve time: 0.40s
Presolved: 14018 rows, 67590 columns, 292877 nonzeros
Variable types: 0 continuous, 67590 integer (67590 binary)
Presolve removed 2254 rows and 2 columns
Presolved: 11764 rows, 67588 columns, 283859 nonzeros

Root barrier log...

Ordering time: 0.01s

Barrier statistics:
 AA' NZ     : 1.797e+05
 Factor NZ  : 2.537e+05 (roughly 34 MBytes of memory)
 Factor Ops : 3.199e+07 (less than 1 second per iteration)
 Threads    : 1

                  Objective                Residual
Iter       Primal          Dual         Primal    Dual     Compl     Time
   0  -9.86010870e+03 -1.34213438e+05  3.58e+02 4.44e-16  4.59e+00     1s
   1  -4.84873815e+03 -9.79231000e+04  6.51e+01 4.51e-01  1.27e+00     1s
   2  -3.21569332e+03 -1.92793731e+04  1.99e+00 8.29e-03  1.48e-01     1s
   3  -3.03275902e+03 -4.12961667e+03  1.22e-15 1.87e-14  8.08e-03     1s
   4  -3.03910611e+03 -3.18204058e+03  1.18e-14 2.66e-15  1.05e-03     1s
   5  -3.04719758e+03 -3.04833015e+03  3.66e-13 1.33e-15  8.35e-06     1s
   6  -3.04799920e+03 -3.04800044e+03  1.18e-13 1.33e-15  9.16e-09     1s
   7  -3.04800000e+03 -3.04800000e+03  5.40e-13 8.88e-16  9.17e-15     1s

Barrier solved model in 7 iterations and 0.79 seconds
Optimal objective -3.04800000e+03


Root relaxation: objective -3.048000e+03, 61240 iterations, 0.82 seconds

    Nodes    |    Current Node    |     Objective Bounds      |     Work
 Expl Unexpl |  Obj  Depth IntInf | Incumbent    BestBd   Gap | It/Node Time

     0     0 -3048.0000    0   19    0.00000 -3048.0000      -     -    1s
H    0     0                    -3045.400000 -3048.0000  0.09%     -    1s

Explored 0 nodes (69304 simplex iterations) in 1.73 seconds
Thread count was 20 (of 20 available processors)

Solution count 2: -3045.4 0 
Pool objective bound -3048

Optimal solution found (tolerance 5.00e-02)
Best objective -3.045400000000e+03, best bound -3.048000000000e+03, gap 0.0854%
(0, 3045.3999999999014)
(1, 3045.3999999999014)
(2, 3045.399999999901)
(3, 3045.3999999999019)
(4, 3045.3999999999014)
(5, 3045.399999999901)
(6, 3045.399999999901)
(7, 3045.399999999901)
(8, 3045.3999999999005)
(9, 3045.3999999999019)
(10, 3045.3999999999014)
(11, 3045.3999999999014)
(12, 3045.3999999999019)
(13, 3045.3999999999014)
(14, 3045.399999999901)
(15, 3045.399999999901)
(16, 3045.3999999999019)
(17, 3045.3999999999023)
(18, 3045.399999999901)
(19, 3045.3999999999014)
(20, 3045.3999999999014)
(21, 3045.3999999999014)
(22, 3045.3999999999019)
(23, 3045.3999999999014)
(24, 3045.3999999999023)
(25, 3045.399999999901)
(26, 3045.3999999999014)
(27, 3045.399999999901)
(28, 3045.3999999999)
(29, 3045.3999999999014)
(30, 3045.3999999999019)
(31, 3045.3999999999019)
(32, 3045.3999999999014)
(33, 3045.3999999999019)
(34, 3045.399999999901)
(35, 3045.3999999999019)
(36, 3045.3999999999014)
(37, 3045.3999999999019)
(38, 3045.3999999999014)
(39, 3045.3999999999014)
Changed value of parameter MIPGap to 0.05
   Prev: 0.0001  Min: 0.0  Max: 1e+100  Default: 0.0001
Changed value of parameter TimeLimit to 1800.0
   Prev: 1e+100  Min: 0.0  Max: 1e+100  Default: 1e+100
Changed value of parameter Method to 2
   Prev: -1  Min: -1  Max: 4  Default: -1
Changed value of parameter MIPFocus to 1
   Prev: 0  Min: 0  Max: 3  Default: 0
Optimize a model with 16271 rows, 70343 columns and 297896 nonzeros
Variable types: 500 continuous, 69843 integer (69843 binary)
Coefficient statistics:
  Matrix range     [1e+00, 2e+01]
  Objective range  [1e+00, 4e+00]
  Bounds range     [1e+00, 8e+01]
  RHS range        [0e+00, 0e+00]
Found heuristic solution: objective 0
Presolve removed 2253 rows and 2753 columns
Presolve time: 0.40s
Presolved: 14018 rows, 67590 columns, 292877 nonzeros
Variable types: 0 continuous, 67590 integer (67590 binary)
Presolve removed 2254 rows and 2 columns
Presolved: 11764 rows, 67588 columns, 283859 nonzeros

Root barrier log...

Ordering time: 0.01s

Barrier statistics:
 AA' NZ     : 1.797e+05
 Factor NZ  : 2.537e+05 (roughly 34 MBytes of memory)
 Factor Ops : 3.199e+07 (less than 1 second per iteration)
 Threads    : 1

                  Objective                Residual
Iter       Primal          Dual         Primal    Dual     Compl     Time
   0  -1.24461766e+04 -2.29803512e+05  3.58e+02 8.88e-16  7.93e+00     1s
   1  -6.07642406e+03 -1.68789193e+05  6.51e+01 8.51e-01  2.20e+00     1s
   2  -4.11778650e+03 -3.18516674e+04  2.60e+00 1.55e-02  2.71e-01     1s
   3  -3.81578735e+03 -6.08680402e+03  1.55e-15 2.93e-14  1.67e-02     1s
   4  -3.82463711e+03 -4.73522382e+03  3.11e-15 1.07e-14  6.71e-03     1s
   5  -3.82526574e+03 -4.32431785e+03  3.11e-15 5.33e-15  3.68e-03     1s
   6  -3.82890730e+03 -4.04798955e+03  8.02e-15 2.66e-15  1.61e-03     1s
   7  -3.84296207e+03 -3.84335002e+03  7.69e-14 2.66e-15  2.86e-06     1s
   8  -3.84299996e+03 -3.84300035e+03  1.21e-13 1.78e-15  2.86e-09     1s
   9  -3.84300000e+03 -3.84300000e+03  1.15e-13 1.78e-15  2.86e-12     1s

Barrier solved model in 9 iterations and 0.86 seconds
Optimal objective -3.84300000e+03


Root relaxation: objective -3.843000e+03, 60625 iterations, 0.93 seconds

    Nodes    |    Current Node    |     Objective Bounds      |     Work
 Expl Unexpl |  Obj  Depth IntInf | Incumbent    BestBd   Gap | It/Node Time

     0     0 -3843.0000    0   25    0.00000 -3843.0000      -     -    1s
H    0     0                    -3836.000000 -3843.0000  0.18%     -    1s

Explored 0 nodes (67941 simplex iterations) in 1.84 seconds
Thread count was 20 (of 20 available processors)

Solution count 2: -3836 0 
Pool objective bound -3843

Optimal solution found (tolerance 5.00e-02)
Best objective -3.836000000000e+03, best bound -3.843000000000e+03, gap 0.1825%
(0, 3836.000000000181)
(1, 3836.0000000001801)
(2, 3836.000000000181)
(3, 3836.000000000181)
(4, 3836.0000000001787)
(5, 3836.0000000001801)
(6, 3836.0000000001796)
(7, 3836.0000000001787)
(8, 3836.0000000001801)
(9, 3836.0000000001796)
(10, 3836.0000000001787)
(11, 3836.0000000001792)
(12, 3836.0000000001796)
(13, 3836.0000000001792)
(14, 3836.0000000001783)
(15, 3836.0000000001783)
(16, 3836.0000000001796)
(17, 3836.0000000001792)
(18, 3836.0000000001796)
(19, 3836.0000000001787)
(20, 3836.0000000001796)
(21, 3836.0000000001783)
(22, 3836.0000000001805)
(23, 3836.0000000001792)
(24, 3836.0000000001814)
(25, 3836.0000000001805)
(26, 3836.0000000001801)
(27, 3836.0000000001787)
(28, 3836.0000000001801)
(29, 3836.0000000001801)
(30, 3836.0000000001796)
(31, 3836.0000000001801)
(32, 3836.0000000001787)
(33, 3836.0000000001787)
(34, 3836.0000000001778)
(35, 3836.000000000181)
(36, 3836.0000000001796)
(37, 3836.0000000001801)
(38, 3836.0000000001801)
(39, 3836.0000000001778)
Changed value of parameter MIPGap to 0.05
   Prev: 0.0001  Min: 0.0  Max: 1e+100  Default: 0.0001
Changed value of parameter TimeLimit to 1800.0
   Prev: 1e+100  Min: 0.0  Max: 1e+100  Default: 1e+100
Changed value of parameter Method to 2
   Prev: -1  Min: -1  Max: 4  Default: -1
Changed value of parameter MIPFocus to 1
   Prev: 0  Min: 0  Max: 3  Default: 0
Optimize a model with 16271 rows, 70343 columns and 297896 nonzeros
Variable types: 500 continuous, 69843 integer (69843 binary)
Coefficient statistics:
  Matrix range     [1e+00, 2e+01]
  Objective range  [2e+00, 5e+00]
  Bounds range     [1e+00, 8e+01]
  RHS range        [0e+00, 0e+00]
Found heuristic solution: objective 0
Presolve removed 2253 rows and 2753 columns
Presolve time: 0.39s
Presolved: 14018 rows, 67590 columns, 292877 nonzeros
Variable types: 0 continuous, 67590 integer (67590 binary)
Presolve removed 2254 rows and 2 columns
Presolved: 11764 rows, 67588 columns, 283859 nonzeros

Root barrier log...

Ordering time: 0.01s

Barrier statistics:
 AA' NZ     : 1.797e+05
 Factor NZ  : 2.537e+05 (roughly 34 MBytes of memory)
 Factor Ops : 3.199e+07 (less than 1 second per iteration)
 Threads    : 1

                  Objective                Residual
Iter       Primal          Dual         Primal    Dual     Compl     Time
   0  -1.37391606e+04 -2.77598549e+05  3.58e+02 4.44e-16  9.60e+00     1s
   1  -6.69374488e+03 -2.04210711e+05  6.50e+01 1.05e+00  2.67e+00     1s
   2  -4.55685880e+03 -3.81102846e+04  2.72e+00 1.90e-02  3.32e-01     1s
   3  -4.20797483e+03 -7.14580564e+03  1.44e-15 2.49e-14  2.17e-02     1s
   4  -4.21868318e+03 -5.35687558e+03  1.55e-15 9.77e-15  8.39e-03     1s
   5  -4.21941746e+03 -4.83989770e+03  1.22e-15 5.33e-15  4.57e-03     1s
   6  -4.22381176e+03 -4.49718929e+03  6.55e-15 2.66e-15  2.01e-03     1s
   7  -4.24043992e+03 -4.24099910e+03  9.00e-14 2.66e-15  4.12e-06     1s
   8  -4.24049994e+03 -4.24050050e+03  5.26e-14 2.66e-15  4.12e-09     1s
   9  -4.24050000e+03 -4.24050000e+03  9.19e-14 1.78e-15  4.12e-12     1s

Barrier solved model in 9 iterations and 0.82 seconds
Optimal objective -4.24050000e+03


Root relaxation: objective -4.240500e+03, 60639 iterations, 0.90 seconds

    Nodes    |    Current Node    |     Objective Bounds      |     Work
 Expl Unexpl |  Obj  Depth IntInf | Incumbent    BestBd   Gap | It/Node Time

     0     0 -4240.5000    0   28    0.00000 -4240.5000      -     -    1s
H    0     0                    -4230.500000 -4240.5000  0.24%     -    1s

Explored 0 nodes (67178 simplex iterations) in 1.80 seconds
Thread count was 20 (of 20 available processors)

Solution count 2: -4230.5 0 
Pool objective bound -4240.5

Optimal solution found (tolerance 5.00e-02)
Best objective -4.230500000000e+03, best bound -4.240500000000e+03, gap 0.2364%
(0, 4230.5)
(1, 4230.5)
(2, 4230.5)
(3, 4230.5)
(4, 4230.5)
(5, 4230.5)
(6, 4230.5)
(7, 4230.5)
(8, 4230.5)
(9, 4230.5)
(10, 4230.5)
(11, 4230.5)
(12, 4230.5)
(13, 4230.5)
(14, 4230.5)
(15, 4230.5)
(16, 4230.5)
(17, 4230.5)
(18, 4230.5)
(19, 4230.5)
(20, 4230.5)
(21, 4230.5)
(22, 4230.5)
(23, 4230.5)
(24, 4230.5)
(25, 4230.5)
(26, 4230.5)
(27, 4230.5)
(28, 4230.5)
(29, 4230.5)
(30, 4230.5)
(31, 4230.5)
(32, 4230.5)
(33, 4230.5)
(34, 4230.5)
(35, 4230.5)
(36, 4230.5)
(37, 4230.5)
(38, 4230.5)
(39, 4230.5)
Changed value of parameter MIPGap to 0.05
   Prev: 0.0001  Min: 0.0  Max: 1e+100  Default: 0.0001
Changed value of parameter TimeLimit to 1800.0
   Prev: 1e+100  Min: 0.0  Max: 1e+100  Default: 1e+100
Changed value of parameter Method to 2
   Prev: -1  Min: -1  Max: 4  Default: -1
Changed value of parameter MIPFocus to 1
   Prev: 0  Min: 0  Max: 3  Default: 0
Optimize a model with 16271 rows, 70343 columns and 297896 nonzeros
Variable types: 500 continuous, 69843 integer (69843 binary)
Coefficient statistics:
  Matrix range     [1e+00, 2e+01]
  Objective range  [2e+00, 9e+00]
  Bounds range     [1e+00, 8e+01]
  RHS range        [0e+00, 0e+00]
Found heuristic solution: objective 0
Presolve removed 2253 rows and 2753 columns
Presolve time: 0.40s
Presolved: 14018 rows, 67590 columns, 292877 nonzeros
Variable types: 0 continuous, 67590 integer (67590 binary)
Presolve removed 2254 rows and 2 columns
Presolved: 11764 rows, 67588 columns, 283859 nonzeros

Root barrier log...

Ordering time: 0.01s

Barrier statistics:
 AA' NZ     : 1.797e+05
 Factor NZ  : 2.537e+05 (roughly 34 MBytes of memory)
 Factor Ops : 3.199e+07 (less than 1 second per iteration)
 Threads    : 1

                  Objective                Residual
Iter       Primal          Dual         Primal    Dual     Compl     Time
   0  -2.02039523e+04 -5.16573734e+05  3.58e+02 8.88e-16  1.79e+01     1s
   1  -9.79311925e+03 -3.81282065e+05  6.49e+01 2.05e+00  5.01e+00     1s
   2  -6.72800612e+03 -6.92901577e+04  2.95e+00 3.58e-02  6.31e-01     1s
   3  -6.17176519e+03 -1.21259457e+04  1.44e-15 4.09e-14  4.39e-02     1s
   4  -6.18885065e+03 -8.42205137e+03  2.55e-15 1.78e-14  1.65e-02     1s
   5  -6.19042414e+03 -7.40146646e+03  1.58e-15 1.07e-14  8.93e-03     1s
   6  -6.19876303e+03 -6.73489510e+03  1.02e-14 5.33e-15  3.95e-03     1s
   7  -6.22770370e+03 -6.22948725e+03  7.27e-14 5.33e-15  1.31e-05     1s
   8  -6.22799970e+03 -6.22800149e+03  1.01e-13 3.55e-15  1.31e-08     1s
   9  -6.22800000e+03 -6.22800000e+03  1.01e-13 3.55e-15  1.31e-11     1s

Barrier solved model in 9 iterations and 0.83 seconds
Optimal objective -6.22800000e+03


Root relaxation: objective -6.228000e+03, 60664 iterations, 0.87 seconds

    Nodes    |    Current Node    |     Objective Bounds      |     Work
 Expl Unexpl |  Obj  Depth IntInf | Incumbent    BestBd   Gap | It/Node Time

     0     0 -6228.0000    0   20    0.00000 -6228.0000      -     -    1s
H    0     0                    -6213.000000 -6228.0000  0.24%     -    1s

Explored 0 nodes (67117 simplex iterations) in 1.72 seconds
Thread count was 20 (of 20 available processors)

Solution count 2: -6213 0 
Pool objective bound -6228

Optimal solution found (tolerance 5.00e-02)
Best objective -6.213000000000e+03, best bound -6.228000000000e+03, gap 0.2414%
(0, 6213.0)
(1, 6213.0)
(2, 6213.0)
(3, 6213.0)
(4, 6213.0)
(5, 6213.0)
(6, 6213.0)
(7, 6213.0)
(8, 6213.0)
(9, 6213.0)
(10, 6213.0)
(11, 6213.0)
(12, 6213.0)
(13, 6213.0)
(14, 6213.0)
(15, 6213.0)
(16, 6213.0)
(17, 6213.0)
(18, 6213.0)
(19, 6213.0)
(20, 6213.0)
(21, 6213.0)
(22, 6213.0)
(23, 6213.0)
(24, 6213.0)
(25, 6213.0)
(26, 6213.0)
(27, 6213.0)
(28, 6213.0)
(29, 6213.0)
(30, 6213.0)
(31, 6213.0)
(32, 6213.0)
(33, 6213.0)
(34, 6213.0)
(35, 6213.0)
(36, 6213.0)
(37, 6213.0)
(38, 6213.0)
(39, 6213.0)
Changed value of parameter MIPGap to 0.05
   Prev: 0.0001  Min: 0.0  Max: 1e+100  Default: 0.0001
Changed value of parameter TimeLimit to 1800.0
   Prev: 1e+100  Min: 0.0  Max: 1e+100  Default: 1e+100
Changed value of parameter Method to 2
   Prev: -1  Min: -1  Max: 4  Default: -1
Changed value of parameter MIPFocus to 1
   Prev: 0  Min: 0  Max: 3  Default: 0
Optimize a model with 16271 rows, 70343 columns and 297896 nonzeros
Variable types: 500 continuous, 69843 integer (69843 binary)
Coefficient statistics:
  Matrix range     [1e+00, 2e+01]
  Objective range  [3e+00, 2e+01]
  Bounds range     [1e+00, 8e+01]
  RHS range        [0e+00, 0e+00]
Found heuristic solution: objective 0
Presolve removed 2253 rows and 2753 columns
Presolve time: 0.39s
Presolved: 14018 rows, 67590 columns, 292877 nonzeros
Variable types: 0 continuous, 67590 integer (67590 binary)
Presolve removed 2254 rows and 2 columns
Presolved: 11764 rows, 67588 columns, 283859 nonzeros

Root barrier log...

Ordering time: 0.01s

Barrier statistics:
 AA' NZ     : 1.797e+05
 Factor NZ  : 2.537e+05 (roughly 34 MBytes of memory)
 Factor Ops : 3.199e+07 (less than 1 second per iteration)
 Threads    : 1

                  Objective                Residual
Iter       Primal          Dual         Primal    Dual     Compl     Time
   0  -3.31333889e+04 -9.94524105e+05  3.58e+02 1.78e-15  3.46e+01     1s
   1  -1.60087738e+04 -7.35388426e+05  6.48e+01 4.06e+00  9.69e+00     1s
   2  -1.10476864e+04 -1.31581388e+05  3.12e+00 6.84e-02  1.23e+00     1s
   3  -1.01032118e+04 -2.17283431e+04  1.67e-15 1.21e-13  8.57e-02     1s
   4  -1.01316514e+04 -1.41445695e+04  1.67e-15 3.91e-14  2.96e-02     1s
   5  -1.01433919e+04 -1.19227703e+04  9.46e-15 1.78e-14  1.31e-02     1s
   6  -1.01972181e+04 -1.02464286e+04  9.97e-14 1.07e-14  3.63e-04     1s
   7  -1.02029940e+04 -1.02030606e+04  3.47e-14 1.07e-14  4.91e-07     1s
   8  -1.02030000e+04 -1.02030001e+04  2.85e-14 1.07e-14  4.91e-10     1s

Barrier solved model in 8 iterations and 0.78 seconds
Optimal objective -1.02030000e+04


Root relaxation: objective -1.020300e+04, 60666 iterations, 0.82 seconds

    Nodes    |    Current Node    |     Objective Bounds      |     Work
 Expl Unexpl |  Obj  Depth IntInf | Incumbent    BestBd   Gap | It/Node Time

     0     0 -10203.000    0   33    0.00000 -10203.000      -     -    1s
H    0     0                    -10186.00000 -10203.000  0.17%     -    1s

Explored 0 nodes (66396 simplex iterations) in 1.68 seconds
Thread count was 20 (of 20 available processors)

Solution count 2: -10186 0 
Pool objective bound -10203

Optimal solution found (tolerance 5.00e-02)
Best objective -1.018600000000e+04, best bound -1.020300000000e+04, gap 0.1669%
(0, 10186.0)
(1, 10186.0)
(2, 10186.0)
(3, 10186.0)
(4, 10186.0)
(5, 10186.0)
(6, 10186.0)
(7, 10186.0)
(8, 10186.0)
(9, 10186.0)
(10, 10186.0)
(11, 10186.0)
(12, 10186.0)
(13, 10186.0)
(14, 10186.0)
(15, 10186.0)
(16, 10186.0)
(17, 10186.0)
(18, 10186.0)
(19, 10186.0)
(20, 10186.0)
(21, 10186.0)
(22, 10186.0)
(23, 10186.0)
(24, 10186.0)
(25, 10186.0)
(26, 10186.0)
(27, 10186.0)
(28, 10186.0)
(29, 10186.0)
(30, 10186.0)
(31, 10186.0)
(32, 10186.0)
(33, 10186.0)
(34, 10186.0)
(35, 10186.0)
(36, 10186.0)
(37, 10186.0)
(38, 10186.0)
(39, 10186.0)
Changed value of parameter MIPGap to 0.05
   Prev: 0.0001  Min: 0.0  Max: 1e+100  Default: 0.0001
Changed value of parameter TimeLimit to 1800.0
   Prev: 1e+100  Min: 0.0  Max: 1e+100  Default: 1e+100
Changed value of parameter Method to 2
   Prev: -1  Min: -1  Max: 4  Default: -1
Changed value of parameter MIPFocus to 1
   Prev: 0  Min: 0  Max: 3  Default: 0
Optimize a model with 16271 rows, 70343 columns and 297896 nonzeros
Variable types: 500 continuous, 69843 integer (69843 binary)
Coefficient statistics:
  Matrix range     [1e+00, 2e+01]
  Objective range  [5e+00, 3e+01]
  Bounds range     [1e+00, 8e+01]
  RHS range        [0e+00, 0e+00]
Found heuristic solution: objective 0
Presolve removed 2253 rows and 2753 columns
Presolve time: 0.40s
Presolved: 14018 rows, 67590 columns, 292877 nonzeros
Variable types: 0 continuous, 67590 integer (67590 binary)
Presolve removed 2254 rows and 2 columns
Presolved: 11764 rows, 67588 columns, 283859 nonzeros

Root barrier log...

Ordering time: 0.01s

Barrier statistics:
 AA' NZ     : 1.797e+05
 Factor NZ  : 2.537e+05 (roughly 34 MBytes of memory)
 Factor Ops : 3.199e+07 (less than 1 second per iteration)
 Threads    : 1

                  Objective                Residual
Iter       Primal          Dual         Primal    Dual     Compl     Time
   0  -5.89921793e+04 -1.95042485e+06  3.58e+02 3.55e-15  6.80e+01     1s
   1  -2.84505600e+04 -1.44357716e+06  6.47e+01 8.08e+00  1.90e+01     1s
   2  -1.96760021e+04 -2.56033775e+05  3.30e+00 1.33e-01  2.42e+00     1s
   3  -1.79692505e+04 -4.11742643e+04  1.33e-15 2.20e-13  1.71e-01     1s
   4  -1.80239082e+04 -2.47681826e+04  1.22e-15 5.68e-14  4.97e-02     1s
   5  -1.80493023e+04 -2.16562320e+04  1.55e-14 2.13e-14  2.66e-02     1s
   6  -1.81002261e+04 -1.89915692e+04  7.47e-14 1.42e-14  6.57e-03     1s
   7  -1.81513342e+04 -1.81801907e+04  2.17e-13 1.42e-14  2.13e-04     1s
   8  -1.81529982e+04 -1.81530272e+04  4.14e-14 1.42e-14  2.14e-07     1s
   9  -1.81530000e+04 -1.81530000e+04  2.28e-14 1.42e-14  2.14e-10     1s

Barrier solved model in 9 iterations and 0.82 seconds
Optimal objective -1.81530000e+04


Root relaxation: objective -1.815300e+04, 60668 iterations, 0.89 seconds

    Nodes    |    Current Node    |     Objective Bounds      |     Work
 Expl Unexpl |  Obj  Depth IntInf | Incumbent    BestBd   Gap | It/Node Time

     0     0 -18153.000    0   22    0.00000 -18153.000      -     -    1s
H    0     0                    -18143.00000 -18153.000  0.06%     -    1s

Explored 0 nodes (68732 simplex iterations) in 1.75 seconds
Thread count was 20 (of 20 available processors)

Solution count 2: -18143 0 
Pool objective bound -18153

Optimal solution found (tolerance 5.00e-02)
Best objective -1.814300000000e+04, best bound -1.815300000000e+04, gap 0.0551%
(0, 18143.0)
(1, 18143.0)
(2, 18143.0)
(3, 18143.0)
(4, 18143.0)
(5, 18143.0)
(6, 18143.0)
(7, 18143.0)
(8, 18143.0)
(9, 18143.0)
(10, 18143.0)
(11, 18143.0)
(12, 18143.0)
(13, 18143.0)
(14, 18143.0)
(15, 18143.0)
(16, 18143.0)
(17, 18143.0)
(18, 18143.0)
(19, 18143.0)
(20, 18143.0)
(21, 18143.0)
(22, 18143.0)
(23, 18143.0)
(24, 18143.0)
(25, 18143.0)
(26, 18143.0)
(27, 18143.0)
(28, 18143.0)
(29, 18143.0)
(30, 18143.0)
(31, 18143.0)
(32, 18143.0)
(33, 18143.0)
(34, 18143.0)
(35, 18143.0)
(36, 18143.0)
(37, 18143.0)
(38, 18143.0)
(39, 18143.0)
Changed value of parameter MIPGap to 0.05
   Prev: 0.0001  Min: 0.0  Max: 1e+100  Default: 0.0001
Changed value of parameter TimeLimit to 1800.0
   Prev: 1e+100  Min: 0.0  Max: 1e+100  Default: 1e+100
Changed value of parameter Method to 2
   Prev: -1  Min: -1  Max: 4  Default: -1
Changed value of parameter MIPFocus to 1
   Prev: 0  Min: 0  Max: 3  Default: 0
Optimize a model with 16271 rows, 70343 columns and 297896 nonzeros
Variable types: 500 continuous, 69843 integer (69843 binary)
Coefficient statistics:
  Matrix range     [1e+00, 2e+01]
  Objective range  [6e+00, 4e+01]
  Bounds range     [1e+00, 8e+01]
  RHS range        [0e+00, 0e+00]
Found heuristic solution: objective 0
Presolve removed 2253 rows and 2753 columns
Presolve time: 0.39s
Presolved: 14018 rows, 67590 columns, 292877 nonzeros
Variable types: 0 continuous, 67590 integer (67590 binary)
Presolve removed 2254 rows and 2 columns
Presolved: 11764 rows, 67588 columns, 283859 nonzeros

Root barrier log...

Ordering time: 0.01s

Barrier statistics:
 AA' NZ     : 1.797e+05
 Factor NZ  : 2.537e+05 (roughly 34 MBytes of memory)
 Factor Ops : 3.199e+07 (less than 1 second per iteration)
 Threads    : 1

                  Objective                Residual
Iter       Primal          Dual         Primal    Dual     Compl     Time
   0  -7.19215657e+04 -2.42837522e+06  3.58e+02 7.11e-15  8.46e+01     1s
   1  -3.46726092e+04 -1.79766842e+06  6.47e+01 1.01e+01  2.37e+01     1s
   2  -2.39890905e+04 -3.18244594e+05  3.34e+00 1.65e-01  3.01e+00     1s
   3  -2.19026379e+04 -5.08900628e+04  1.33e-15 3.13e-13  2.14e-01     1s
   4  -2.19698618e+04 -3.02002171e+04  1.11e-15 7.11e-14  6.07e-02     1s
   5  -2.20051633e+04 -2.64262315e+04  2.30e-14 3.55e-14  3.26e-02     1s
   6  -2.20206487e+04 -2.43817914e+04  2.87e-14 2.13e-14  1.74e-02     1s
   7  -2.21193600e+04 -2.22253775e+04  1.11e-13 2.13e-14  7.81e-04     1s
   8  -2.21279914e+04 -2.21280974e+04  1.48e-14 2.13e-14  7.81e-07     1s
   9  -2.21280000e+04 -2.21280001e+04  1.45e-14 2.13e-14  7.81e-10     1s

Barrier solved model in 9 iterations and 0.82 seconds
Optimal objective -2.21280000e+04


Root relaxation: objective -2.212800e+04, 60665 iterations, 0.89 seconds

    Nodes    |    Current Node    |     Objective Bounds      |     Work
 Expl Unexpl |  Obj  Depth IntInf | Incumbent    BestBd   Gap | It/Node Time

     0     0 -22128.000    0   40    0.00000 -22128.000      -     -    1s
H    0     0                    -22069.00000 -22128.000  0.27%     -    1s

Explored 0 nodes (67166 simplex iterations) in 1.77 seconds
Thread count was 20 (of 20 available processors)

Solution count 2: -22069 0 
Pool objective bound -22128

Optimal solution found (tolerance 5.00e-02)
Best objective -2.206900000000e+04, best bound -2.212800000000e+04, gap 0.2673%
(0, 22069.0)
(1, 22069.0)
(2, 22069.0)
(3, 22069.0)
(4, 22069.0)
(5, 22069.0)
(6, 22069.0)
(7, 22069.0)
(8, 22069.0)
(9, 22069.0)
(10, 22069.0)
(11, 22069.0)
(12, 22069.0)
(13, 22069.0)
(14, 22069.0)
(15, 22069.0)
(16, 22069.0)
(17, 22069.0)
(18, 22069.0)
(19, 22069.0)
(20, 22069.0)
(21, 22069.0)
(22, 22069.0)
(23, 22069.0)
(24, 22069.0)
(25, 22069.0)
(26, 22069.0)
(27, 22069.0)
(28, 22069.0)
(29, 22069.0)
(30, 22069.0)
(31, 22069.0)
(32, 22069.0)
(33, 22069.0)
(34, 22069.0)
(35, 22069.0)
(36, 22069.0)
(37, 22069.0)
(38, 22069.0)
(39, 22069.0)
Changed value of parameter MIPGap to 0.05
   Prev: 0.0001  Min: 0.0  Max: 1e+100  Default: 0.0001
Changed value of parameter TimeLimit to 1800.0
   Prev: 1e+100  Min: 0.0  Max: 1e+100  Default: 1e+100
Changed value of parameter Method to 2
   Prev: -1  Min: -1  Max: 4  Default: -1
Changed value of parameter MIPFocus to 1
   Prev: 0  Min: 0  Max: 3  Default: 0
Optimize a model with 16271 rows, 70343 columns and 297896 nonzeros
Variable types: 500 continuous, 69843 integer (69843 binary)
Coefficient statistics:
  Matrix range     [1e+00, 2e+01]
  Objective range  [1e+01, 8e+01]
  Bounds range     [1e+00, 8e+01]
  RHS range        [0e+00, 0e+00]
Found heuristic solution: objective 0
Presolve removed 2253 rows and 2753 columns
Presolve time: 0.39s
Presolved: 14018 rows, 67590 columns, 292877 nonzeros
Variable types: 0 continuous, 67590 integer (67590 binary)
Presolve removed 2254 rows and 2 columns
Presolved: 11764 rows, 67588 columns, 283859 nonzeros

Root barrier log...

Ordering time: 0.01s

Barrier statistics:
 AA' NZ     : 1.797e+05
 Factor NZ  : 2.537e+05 (roughly 34 MBytes of memory)
 Factor Ops : 3.199e+07 (less than 1 second per iteration)
 Threads    : 1

                  Objective                Residual
Iter       Primal          Dual         Primal    Dual     Compl     Time
   0  -1.36568480e+05 -4.81812707e+06  3.58e+02 1.42e-14  1.68e+02     1s
   1  -6.57855009e+04 -3.56812024e+06  6.46e+01 2.01e+01  4.71e+01     1s
   2  -4.55526346e+04 -6.29273137e+05  3.41e+00 3.26e-01  5.99e+00     1s
   3  -4.15703611e+04 -9.97554986e+04  1.33e-15 3.98e-13  4.29e-01     1s
   4  -4.16993135e+04 -6.46980304e+04  1.11e-15 1.28e-13  1.70e-01     1s
   5  -4.17373643e+04 -5.35406812e+04  1.22e-15 7.11e-14  8.70e-02     1s
   6  -4.18604177e+04 -4.25878393e+04  1.98e-14 4.26e-14  5.36e-03     1s
   7  -4.20027774e+04 -4.20081256e+04  1.34e-13 2.84e-14  3.94e-05     1s
   8  -4.20029998e+04 -4.20030051e+04  1.43e-13 4.26e-14  3.94e-08     1s
   9  -4.20030000e+04 -4.20030000e+04  1.09e-13 2.84e-14  3.94e-11     1s

Barrier solved model in 9 iterations and 0.81 seconds
Optimal objective -4.20030000e+04


Root relaxation: objective -4.200300e+04, 60672 iterations, 0.87 seconds

    Nodes    |    Current Node    |     Objective Bounds      |     Work
 Expl Unexpl |  Obj  Depth IntInf | Incumbent    BestBd   Gap | It/Node Time

     0     0 -42003.000    0   71    0.00000 -42003.000      -     -    1s
H    0     0                    -41959.00000 -42003.000  0.10%     -    1s

Explored 0 nodes (66358 simplex iterations) in 1.74 seconds
Thread count was 20 (of 20 available processors)

Solution count 2: -41959 0 
Pool objective bound -42003

Optimal solution found (tolerance 5.00e-02)
Best objective -4.195900000000e+04, best bound -4.200300000000e+04, gap 0.1049%
(0, 41959.0)
(1, 41959.0)
(2, 41959.0)
(3, 41959.0)
(4, 41959.0)
(5, 41959.0)
(6, 41959.0)
(7, 41959.0)
(8, 41959.0)
(9, 41959.0)
(10, 41959.0)
(11, 41959.0)
(12, 41959.0)
(13, 41959.0)
(14, 41959.0)
(15, 41959.0)
(16, 41959.0)
(17, 41959.0)
(18, 41959.0)
(19, 41959.0)
(20, 41959.0)
(21, 41959.0)
(22, 41959.0)
(23, 41959.0)
(24, 41959.0)
(25, 41959.0)
(26, 41959.0)
(27, 41959.0)
(28, 41959.0)
(29, 41959.0)
(30, 41959.0)
(31, 41959.0)
(32, 41959.0)
(33, 41959.0)
(34, 41959.0)
(35, 41959.0)
(36, 41959.0)
(37, 41959.0)
(38, 41959.0)
(39, 41959.0)
Changed value of parameter MIPGap to 0.05
   Prev: 0.0001  Min: 0.0  Max: 1e+100  Default: 0.0001
Changed value of parameter TimeLimit to 1800.0
   Prev: 1e+100  Min: 0.0  Max: 1e+100  Default: 1e+100
Changed value of parameter Method to 2
   Prev: -1  Min: -1  Max: 4  Default: -1
Changed value of parameter MIPFocus to 1
   Prev: 0  Min: 0  Max: 3  Default: 0
Optimize a model with 16271 rows, 70343 columns and 297896 nonzeros
Variable types: 500 continuous, 69843 integer (69843 binary)
Coefficient statistics:
  Matrix range     [1e+00, 2e+01]
  Objective range  [2e+01, 2e+02]
  Bounds range     [1e+00, 8e+01]
  RHS range        [0e+00, 0e+00]
Found heuristic solution: objective 0
Presolve removed 2253 rows and 2753 columns
Presolve time: 0.39s
Presolved: 14018 rows, 67590 columns, 292877 nonzeros
Variable types: 0 continuous, 67590 integer (67590 binary)
Presolve removed 2254 rows and 2 columns
Presolved: 11764 rows, 67588 columns, 283859 nonzeros

Root barrier log...

Ordering time: 0.01s

Barrier statistics:
 AA' NZ     : 1.797e+05
 Factor NZ  : 2.537e+05 (roughly 34 MBytes of memory)
 Factor Ops : 3.199e+07 (less than 1 second per iteration)
 Threads    : 1

                  Objective                Residual
Iter       Primal          Dual         Primal    Dual     Compl     Time
   0  -2.65862289e+05 -9.59763078e+06  3.58e+02 2.84e-14  3.35e+02     1s
   1  -1.28013945e+05 -7.10902074e+06  6.46e+01 4.02e+01  9.38e+01     1s
   2  -8.86778486e+04 -1.25130337e+06  3.44e+00 6.47e-01  1.19e+01     1s
   3  -8.09066197e+04 -2.05849576e+05  1.22e-15 9.38e-13  9.21e-01     1s
   4  -8.11299098e+04 -1.33622765e+05  3.22e-15 3.98e-13  3.87e-01     1s
   5  -8.11751950e+04 -1.06132031e+05  4.00e-15 1.99e-13  1.84e-01     1s
   6  -8.12137112e+04 -1.05303171e+05  4.17e-15 1.71e-13  1.78e-01     1s
   7  -8.13025624e+04 -9.08460165e+04  3.44e-15 8.53e-14  7.03e-02     1s
   8  -8.17367736e+04 -8.22047794e+04  3.52e-14 5.68e-14  3.45e-03     1s
   9  -8.17529837e+04 -8.17534526e+04  1.85e-14 5.68e-14  3.46e-06     1s
  10  -8.17530000e+04 -8.17530000e+04  2.56e-14 5.68e-14  3.46e-12     1s

Barrier solved model in 10 iterations and 0.84 seconds
Optimal objective -8.17530000e+04


Root relaxation: objective -8.175300e+04, 60690 iterations, 0.85 seconds

    Nodes    |    Current Node    |     Objective Bounds      |     Work
 Expl Unexpl |  Obj  Depth IntInf | Incumbent    BestBd   Gap | It/Node Time

     0     0 -81753.000    0   11    0.00000 -81753.000      -     -    1s
H    0     0                    -81592.00000 -81753.000  0.20%     -    1s

Explored 0 nodes (68754 simplex iterations) in 1.67 seconds
Thread count was 20 (of 20 available processors)

Solution count 2: -81592 0 
Pool objective bound -81753

Optimal solution found (tolerance 5.00e-02)
Best objective -8.159200000000e+04, best bound -8.175300000000e+04, gap 0.1973%
(0, 81592.0)
(1, 81592.0)
(2, 81592.0)
(3, 81592.0)
(4, 81592.0)
(5, 81592.0)
(6, 81592.0)
(7, 81592.0)
(8, 81592.0)
(9, 81592.0)
(10, 81592.0)
(11, 81592.0)
(12, 81592.0)
(13, 81592.0)
(14, 81592.0)
(15, 81592.0)
(16, 81592.0)
(17, 81592.0)
(18, 81592.0)
(19, 81592.0)
(20, 81592.0)
(21, 81592.0)
(22, 81592.0)
(23, 81592.0)
(24, 81592.0)
(25, 81592.0)
(26, 81592.0)
(27, 81592.0)
(28, 81592.0)
(29, 81592.0)
(30, 81592.0)
(31, 81592.0)
(32, 81592.0)
(33, 81592.0)
(34, 81592.0)
(35, 81592.0)
(36, 81592.0)
(37, 81592.0)
(38, 81592.0)
(39, 81592.0)
Changed value of parameter MIPGap to 0.05
   Prev: 0.0001  Min: 0.0  Max: 1e+100  Default: 0.0001
Changed value of parameter TimeLimit to 1800.0
   Prev: 1e+100  Min: 0.0  Max: 1e+100  Default: 1e+100
Changed value of parameter Method to 2
   Prev: -1  Min: -1  Max: 4  Default: -1
Changed value of parameter MIPFocus to 1
   Prev: 0  Min: 0  Max: 3  Default: 0
Optimize a model with 16271 rows, 70343 columns and 297896 nonzeros
Variable types: 500 continuous, 69843 integer (69843 binary)
Coefficient statistics:
  Matrix range     [1e+00, 2e+01]
  Objective range  [5e+01, 4e+02]
  Bounds range     [1e+00, 8e+01]
  RHS range        [0e+00, 0e+00]
Found heuristic solution: objective 0
Presolve removed 2253 rows and 2753 columns
Presolve time: 0.39s
Presolved: 14018 rows, 67590 columns, 292877 nonzeros
Variable types: 0 continuous, 67590 integer (67590 binary)
Presolve removed 2254 rows and 2 columns
Presolved: 11764 rows, 67588 columns, 283859 nonzeros

Root barrier log...

Ordering time: 0.01s

Barrier statistics:
 AA' NZ     : 1.797e+05
 Factor NZ  : 2.537e+05 (roughly 34 MBytes of memory)
 Factor Ops : 3.199e+07 (less than 1 second per iteration)
 Threads    : 1

                  Objective                Residual
Iter       Primal          Dual         Primal    Dual     Compl     Time
   0  -6.53743703e+05 -2.39361419e+07  3.58e+02 5.68e-14  8.35e+02     1s
   1  -3.14701465e+05 -1.77317197e+07  6.46e+01 1.00e+02  2.34e+02     1s
   2  -2.18052025e+05 -3.11737227e+06  3.47e+00 1.61e+00  2.98e+01     1s
   3  -1.98916073e+05 -5.10032079e+05  1.33e-15 2.56e-12  2.29e+00     1s
   4  -1.99451161e+05 -3.46848082e+05  1.44e-15 1.19e-12  1.09e+00     1s
   5  -1.99462068e+05 -2.81273311e+05  2.22e-15 6.25e-13  6.03e-01     1s
   6  -1.99835431e+05 -2.67211018e+05  2.89e-15 5.12e-13  4.97e-01     1s
   7  -2.00085818e+05 -2.26437182e+05  9.77e-15 2.27e-13  1.94e-01     1s
   8  -2.00916472e+05 -2.01768658e+05  8.69e-14 1.71e-13  6.28e-03     1s
   9  -2.01002695e+05 -2.01025405e+05  6.02e-14 1.71e-13  1.67e-04     1s
  10  -2.01003000e+05 -2.01003001e+05  8.77e-15 1.71e-13  4.10e-09     1s

Barrier solved model in 10 iterations and 0.84 seconds
Optimal objective -2.01003000e+05


Root relaxation: objective -2.010030e+05, 60685 iterations, 0.92 seconds

    Nodes    |    Current Node    |     Objective Bounds      |     Work
 Expl Unexpl |  Obj  Depth IntInf | Incumbent    BestBd   Gap | It/Node Time

     0     0 -201003.00    0   27    0.00000 -201003.00      -     -    1s
H    0     0                    -200500.0000 -201003.00  0.25%     -    1s

Explored 0 nodes (67278 simplex iterations) in 1.84 seconds
Thread count was 20 (of 20 available processors)

Solution count 2: -200500 0 
Pool objective bound -201003

Optimal solution found (tolerance 5.00e-02)
Best objective -2.005000000000e+05, best bound -2.010030000000e+05, gap 0.2509%
(0, 200500.0)
(1, 200500.0)
(2, 200500.0)
(3, 200500.0)
(4, 200500.0)
(5, 200500.0)
(6, 200500.0)
(7, 200500.0)
(8, 200500.0)
(9, 200500.0)
(10, 200500.0)
(11, 200500.0)
(12, 200500.0)
(13, 200500.0)
(14, 200500.0)
(15, 200500.0)
(16, 200500.0)
(17, 200500.0)
(18, 200500.0)
(19, 200500.0)
(20, 200500.0)
(21, 200500.0)
(22, 200500.0)
(23, 200500.0)
(24, 200500.0)
(25, 200500.0)
(26, 200500.0)
(27, 200500.0)
(28, 200500.0)
(29, 200500.0)
(30, 200500.0)
(31, 200500.0)
(32, 200500.0)
(33, 200500.0)
(34, 200500.0)
(35, 200500.0)
(36, 200500.0)
(37, 200500.0)
(38, 200500.0)
(39, 200500.0)
Changed value of parameter MIPGap to 0.05
   Prev: 0.0001  Min: 0.0  Max: 1e+100  Default: 0.0001
Changed value of parameter TimeLimit to 1800.0
   Prev: 1e+100  Min: 0.0  Max: 1e+100  Default: 1e+100
Changed value of parameter Method to 2
   Prev: -1  Min: -1  Max: 4  Default: -1
Changed value of parameter MIPFocus to 1
   Prev: 0  Min: 0  Max: 3  Default: 0
Optimize a model with 16271 rows, 70343 columns and 297896 nonzeros
Variable types: 500 continuous, 69843 integer (69843 binary)
Coefficient statistics:
  Matrix range     [1e+00, 2e+01]
  Objective range  [5e+02, 4e+03]
  Bounds range     [1e+00, 8e+01]
  RHS range        [0e+00, 0e+00]
Found heuristic solution: objective 0
Presolve removed 2253 rows and 2753 columns
Presolve time: 0.37s
Presolved: 14018 rows, 67590 columns, 292877 nonzeros
Variable types: 0 continuous, 67590 integer (67590 binary)
Presolve removed 2254 rows and 2 columns
Presolved: 11764 rows, 67588 columns, 283859 nonzeros

Root barrier log...

Ordering time: 0.01s

Barrier statistics:
 AA' NZ     : 1.797e+05
 Factor NZ  : 2.537e+05 (roughly 34 MBytes of memory)
 Factor Ops : 3.199e+07 (less than 1 second per iteration)
 Threads    : 1

                  Objective                Residual
Iter       Primal          Dual         Primal    Dual     Compl     Time
   0  -6.47196485e+06 -2.39013809e+08  3.58e+02 4.55e-13  8.34e+03     1s
   1  -3.11502227e+06 -1.77072195e+08  6.46e+01 1.00e+03  2.34e+03     1s
   2  -2.15865944e+06 -3.11083265e+07  3.48e+00 1.61e+01  2.97e+02     1s
   3  -1.96906036e+06 -5.07309866e+06  1.44e-15 2.82e-11  2.29e+01     1s
   4  -1.97435881e+06 -3.45746050e+06  1.44e-15 1.27e-11  1.09e+01     1s
   5  -1.97443643e+06 -2.86386567e+06  1.89e-15 7.28e-12  6.56e+00     1s
   6  -1.97892460e+06 -2.57405107e+06  3.00e-15 4.55e-12  4.39e+00     1s
   7  -1.98136369e+06 -2.18408041e+06  4.11e-15 1.36e-12  1.49e+00     1s
   8  -1.98917685e+06 -1.99258758e+06  7.67e-14 1.36e-12  2.51e-02     1s
   9  -1.98975220e+06 -1.98977292e+06  8.77e-14 1.36e-12  1.53e-04     1s
  10  -1.98975300e+06 -1.98975300e+06  1.30e-13 1.82e-12  1.54e-10     1s

Barrier solved model in 10 iterations and 0.80 seconds
Optimal objective -1.98975300e+06


Root relaxation: objective -1.989753e+06, 60674 iterations, 0.86 seconds

    Nodes    |    Current Node    |     Objective Bounds      |     Work
 Expl Unexpl |  Obj  Depth IntInf | Incumbent    BestBd   Gap | It/Node Time

     0     0 -1989753.0    0    6    0.00000 -1989753.0      -     -    1s
H    0     0                    -1985752.000 -1989753.0  0.20%     -    1s

Explored 0 nodes (68785 simplex iterations) in 1.71 seconds
Thread count was 20 (of 20 available processors)

Solution count 2: -1.98575e+06 0 
Pool objective bound -1.98975e+06

Optimal solution found (tolerance 5.00e-02)
Best objective -1.985752000000e+06, best bound -1.989753000000e+06, gap 0.2015%
(0, 1985752.0)
(1, 1985752.0)
(2, 1985752.0)
(3, 1985752.0)
(4, 1985752.0)
(5, 1985752.0)
(6, 1985752.0)
(7, 1985752.0)
(8, 1985752.0)
(9, 1985752.0)
(10, 1985752.0)
(11, 1985752.0)
(12, 1985752.0)
(13, 1985752.0)
(14, 1985752.0)
(15, 1985752.0)
(16, 1985752.0)
(17, 1985752.0)
(18, 1985752.0)
(19, 1985752.0)
(20, 1985752.0)
(21, 1985752.0)
(22, 1985752.0)
(23, 1985752.0)
(24, 1985752.0)
(25, 1985752.0)
(26, 1985752.0)
(27, 1985752.0)
(28, 1985752.0)
(29, 1985752.0)
(30, 1985752.0)
(31, 1985752.0)
(32, 1985752.0)
(33, 1985752.0)
(34, 1985752.0)
(35, 1985752.0)
(36, 1985752.0)
(37, 1985752.0)
(38, 1985752.0)
(39, 1985752.0)
