Changed value of parameter MIPGap to 0.05
   Prev: 0.0001  Min: 0.0  Max: 1e+100  Default: 0.0001
Changed value of parameter TimeLimit to 1800.0
   Prev: 1e+100  Min: 0.0  Max: 1e+100  Default: 1e+100
Changed value of parameter Method to 2
   Prev: -1  Min: -1  Max: 4  Default: -1
Changed value of parameter MIPFocus to 1
   Prev: 0  Min: 0  Max: 3  Default: 0
Optimize a model with 4102 rows, 6003 columns and 12006 nonzeros
Variable types: 0 continuous, 6003 integer (6003 binary)
Coefficient statistics:
  Matrix range     [1e+00, 4e+00]
  Objective range  [1e+00, 1e+00]
  Bounds range     [1e+00, 1e+00]
  RHS range        [8e+01, 8e+01]
Found heuristic solution: objective 0
Presolve removed 4043 rows and 5068 columns
Presolve time: 0.01s
Presolved: 59 rows, 935 columns, 1777 nonzeros
Variable types: 0 continuous, 935 integer (752 binary)
Presolved: 59 rows, 935 columns, 1777 nonzeros

Root barrier log...

Ordering time: 0.00s

Barrier statistics:
 AA' NZ     : 8.230e+02
 Factor NZ  : 1.770e+03
 Factor Ops : 7.021e+04 (less than 1 second per iteration)
 Threads    : 1

                  Objective                Residual
Iter       Primal          Dual         Primal    Dual     Compl     Time
   0  -2.95226725e+03 -2.81415745e+03  3.27e+01 2.22e-16  1.85e+00     0s
   1  -1.76136145e+03 -2.19510900e+03  2.60e+00 8.40e-02  3.59e-01     0s
   2  -1.72309647e+03 -1.81093705e+03  3.30e-02 6.53e-03  4.68e-02     0s
   3  -1.73651225e+03 -1.75984119e+03  5.49e-03 8.88e-16  1.23e-02     0s
   4  -1.74019350e+03 -1.74254910e+03  0.00e+00 8.88e-16  1.22e-03     0s
   5  -1.74049852e+03 -1.74050194e+03  0.00e+00 8.88e-16  1.77e-06     0s
   6  -1.74050000e+03 -1.74050000e+03  0.00e+00 4.44e-16  1.78e-12     0s

Barrier solved model in 6 iterations and 0.01 seconds
Optimal objective -1.74050000e+03


Root relaxation: objective -1.740500e+03, 548 iterations, 0.01 seconds

    Nodes    |    Current Node    |     Objective Bounds      |     Work
 Expl Unexpl |  Obj  Depth IntInf | Incumbent    BestBd   Gap | It/Node Time

     0     0 -1740.5000    0    9    0.00000 -1740.5000      -     -    0s
H    0     0                    -1739.000000 -1740.5000  0.09%     -    0s

Explored 0 nodes (676 simplex iterations) in 0.02 seconds
Thread count was 20 (of 20 available processors)

Solution count 2: -1739 0 
Pool objective bound -1740

Optimal solution found (tolerance 5.00e-02)
Best objective -1.739000000000e+03, best bound -1.740000000000e+03, gap 0.0575%
Changed value of parameter MIPGap to 0.05
   Prev: 0.0001  Min: 0.0  Max: 1e+100  Default: 0.0001
Changed value of parameter TimeLimit to 1800.0
   Prev: 1e+100  Min: 0.0  Max: 1e+100  Default: 1e+100
Changed value of parameter Method to 2
   Prev: -1  Min: -1  Max: 4  Default: -1
Changed value of parameter MIPFocus to 1
   Prev: 0  Min: 0  Max: 3  Default: 0
Optimize a model with 4102 rows, 6003 columns and 12006 nonzeros
Variable types: 0 continuous, 6003 integer (6003 binary)
Coefficient statistics:
  Matrix range     [1e+00, 4e+00]
  Objective range  [1e+00, 1e+00]
  Bounds range     [1e+00, 1e+00]
  RHS range        [8e+01, 8e+01]
Found heuristic solution: objective 0
Presolve removed 4043 rows and 5066 columns
Presolve time: 0.01s
Presolved: 59 rows, 937 columns, 1779 nonzeros
Found heuristic solution: objective -1625.850750
Variable types: 0 continuous, 937 integer (753 binary)
Presolved: 59 rows, 937 columns, 1779 nonzeros

Root barrier log...

Ordering time: 0.00s

Barrier statistics:
 AA' NZ     : 8.230e+02
 Factor NZ  : 1.770e+03
 Factor Ops : 7.021e+04 (less than 1 second per iteration)
 Threads    : 1

                  Objective                Residual
Iter       Primal          Dual         Primal    Dual     Compl     Time
   0  -2.95569617e+03 -2.84002540e+03  3.27e+01 4.44e-16  1.88e+00     0s
   1  -1.76033537e+03 -2.20568720e+03  2.60e+00 9.15e-02  3.66e-01     0s
   2  -1.72326332e+03 -1.81271714e+03  3.97e-02 8.73e-03  4.78e-02     0s
   3  -1.73686039e+03 -1.75997939e+03  7.10e-03 8.88e-16  1.22e-02     0s
   4  -1.74089477e+03 -1.74268021e+03  0.00e+00 8.88e-16  9.24e-04     0s
   5  -1.74117467e+03 -1.74174928e+03  0.00e+00 8.88e-16  2.97e-04     0s
   6  -1.74121372e+03 -1.74131182e+03  0.00e+00 6.66e-16  5.07e-05     0s
   7  -1.74124801e+03 -1.74124949e+03  0.00e+00 8.88e-16  7.65e-07     0s
   8  -1.74124837e+03 -1.74124838e+03  0.00e+00 8.88e-16  5.61e-12     0s

Barrier solved model in 8 iterations and 0.01 seconds
Optimal objective -1.74124837e+03


Root relaxation: objective -1.741248e+03, 506 iterations, 0.01 seconds

    Nodes    |    Current Node    |     Objective Bounds      |     Work
 Expl Unexpl |  Obj  Depth IntInf | Incumbent    BestBd   Gap | It/Node Time

     0     0 -1741.2484    0    7 -1625.8507 -1741.2484  7.10%     -    0s
H    0     0                    -1739.739250 -1741.2484  0.09%     -    0s

Explored 0 nodes (699 simplex iterations) in 0.02 seconds
Thread count was 20 (of 20 available processors)

Solution count 3: -1739.74 -1625.85 -219.114 
Pool objective bound -1741.25

Optimal solution found (tolerance 5.00e-02)
Best objective -1.739739250000e+03, best bound -1.741248375000e+03, gap 0.0867%
Changed value of parameter MIPGap to 0.05
   Prev: 0.0001  Min: 0.0  Max: 1e+100  Default: 0.0001
Changed value of parameter TimeLimit to 1800.0
   Prev: 1e+100  Min: 0.0  Max: 1e+100  Default: 1e+100
Changed value of parameter Method to 2
   Prev: -1  Min: -1  Max: 4  Default: -1
Changed value of parameter MIPFocus to 1
   Prev: 0  Min: 0  Max: 3  Default: 0
Optimize a model with 4102 rows, 6003 columns and 12006 nonzeros
Variable types: 0 continuous, 6003 integer (6003 binary)
Coefficient statistics:
  Matrix range     [1e+00, 4e+00]
  Objective range  [1e+00, 1e+00]
  Bounds range     [1e+00, 1e+00]
  RHS range        [8e+01, 8e+01]
Found heuristic solution: objective 0
Presolve removed 4043 rows and 5066 columns
Presolve time: 0.01s
Presolved: 59 rows, 937 columns, 1779 nonzeros
Found heuristic solution: objective -1626.701500
Variable types: 0 continuous, 937 integer (753 binary)
Presolved: 59 rows, 937 columns, 1779 nonzeros

Root barrier log...

Ordering time: 0.00s

Barrier statistics:
 AA' NZ     : 8.230e+02
 Factor NZ  : 1.770e+03
 Factor Ops : 7.021e+04 (less than 1 second per iteration)
 Threads    : 1

                  Objective                Residual
Iter       Primal          Dual         Primal    Dual     Compl     Time
   0  -2.95718733e+03 -2.84034112e+03  3.27e+01 4.44e-16  1.88e+00     0s
   1  -1.76111158e+03 -2.20607928e+03  2.59e+00 9.12e-02  3.66e-01     0s
   2  -1.72395231e+03 -1.81300376e+03  3.92e-02 8.62e-03  4.75e-02     0s
   3  -1.73750621e+03 -1.76026855e+03  7.09e-03 6.66e-16  1.20e-02     0s
   4  -1.74126565e+03 -1.74464987e+03  0.00e+00 8.88e-16  1.77e-03     0s
   5  -1.74180436e+03 -1.74301916e+03  0.00e+00 4.44e-16  6.33e-04     0s
   6  -1.74189622e+03 -1.74220743e+03  0.00e+00 8.88e-16  1.63e-04     0s
   7  -1.74199474e+03 -1.74200171e+03  0.00e+00 8.88e-16  3.63e-06     0s
   8  -1.74199675e+03 -1.74199675e+03  0.00e+00 8.88e-16  1.36e-10     0s

Barrier solved model in 8 iterations and 0.01 seconds
Optimal objective -1.74199675e+03


Root relaxation: objective -1.741997e+03, 507 iterations, 0.01 seconds

    Nodes    |    Current Node    |     Objective Bounds      |     Work
 Expl Unexpl |  Obj  Depth IntInf | Incumbent    BestBd   Gap | It/Node Time

     0     0 -1741.9968    0    5 -1626.7015 -1741.9968  7.09%     -    0s
H    0     0                    -1741.479000 -1741.9968  0.03%     -    0s

Explored 0 nodes (689 simplex iterations) in 0.02 seconds
Thread count was 20 (of 20 available processors)

Solution count 3: -1741.48 -1626.7 -219.228 
Pool objective bound -1742

Optimal solution found (tolerance 5.00e-02)
Best objective -1.741479000000e+03, best bound -1.741996750000e+03, gap 0.0297%
Changed value of parameter MIPGap to 0.05
   Prev: 0.0001  Min: 0.0  Max: 1e+100  Default: 0.0001
Changed value of parameter TimeLimit to 1800.0
   Prev: 1e+100  Min: 0.0  Max: 1e+100  Default: 1e+100
Changed value of parameter Method to 2
   Prev: -1  Min: -1  Max: 4  Default: -1
Changed value of parameter MIPFocus to 1
   Prev: 0  Min: 0  Max: 3  Default: 0
Optimize a model with 4102 rows, 6003 columns and 12006 nonzeros
Variable types: 0 continuous, 6003 integer (6003 binary)
Coefficient statistics:
  Matrix range     [1e+00, 4e+00]
  Objective range  [1e+00, 1e+00]
  Bounds range     [1e+00, 1e+00]
  RHS range        [8e+01, 8e+01]
Found heuristic solution: objective 0
Presolve removed 4043 rows and 5066 columns
Presolve time: 0.01s
Presolved: 59 rows, 937 columns, 1779 nonzeros
Found heuristic solution: objective -1628.403000
Variable types: 0 continuous, 937 integer (753 binary)
Presolved: 59 rows, 937 columns, 1779 nonzeros

Root barrier log...

Ordering time: 0.00s

Barrier statistics:
 AA' NZ     : 8.230e+02
 Factor NZ  : 1.770e+03
 Factor Ops : 7.021e+04 (less than 1 second per iteration)
 Threads    : 1

                  Objective                Residual
Iter       Primal          Dual         Primal    Dual     Compl     Time
   0  -2.96016959e+03 -2.84097257e+03  3.27e+01 2.22e-16  1.88e+00     0s
   1  -1.76266537e+03 -2.20686379e+03  2.59e+00 9.07e-02  3.65e-01     0s
   2  -1.72533334e+03 -1.81355550e+03  3.82e-02 8.41e-03  4.71e-02     0s
   3  -1.73879287e+03 -1.76168031e+03  7.09e-03 8.88e-16  1.21e-02     0s
   4  -1.74245878e+03 -1.74671394e+03  3.10e-04 4.44e-16  2.23e-03     0s
   5  -1.74299254e+03 -1.74446367e+03  1.28e-04 4.44e-16  7.77e-04     0s
   6  -1.74342600e+03 -1.74360072e+03  0.00e+00 8.88e-16  9.19e-05     0s
   7  -1.74349238e+03 -1.74349463e+03  0.00e+00 8.88e-16  1.19e-06     0s
   8  -1.74349350e+03 -1.74349350e+03  0.00e+00 8.88e-16  2.34e-12     0s

Barrier solved model in 8 iterations and 0.01 seconds
Optimal objective -1.74349350e+03


Root relaxation: objective -1.743493e+03, 508 iterations, 0.01 seconds

    Nodes    |    Current Node    |     Objective Bounds      |     Work
 Expl Unexpl |  Obj  Depth IntInf | Incumbent    BestBd   Gap | It/Node Time

     0     0 -1743.4935    0    3 -1628.4030 -1743.4935  7.07%     -    0s
H    0     0                    -1742.972000 -1743.4935  0.03%     -    0s

Explored 0 nodes (670 simplex iterations) in 0.02 seconds
Thread count was 20 (of 20 available processors)

Solution count 3: -1742.97 -1628.4 -219.457 
Pool objective bound -1743.49

Optimal solution found (tolerance 5.00e-02)
Best objective -1.742972000000e+03, best bound -1.743493500000e+03, gap 0.0299%
Changed value of parameter MIPGap to 0.05
   Prev: 0.0001  Min: 0.0  Max: 1e+100  Default: 0.0001
Changed value of parameter TimeLimit to 1800.0
   Prev: 1e+100  Min: 0.0  Max: 1e+100  Default: 1e+100
Changed value of parameter Method to 2
   Prev: -1  Min: -1  Max: 4  Default: -1
Changed value of parameter MIPFocus to 1
   Prev: 0  Min: 0  Max: 3  Default: 0
Optimize a model with 4102 rows, 6003 columns and 12006 nonzeros
Variable types: 0 continuous, 6003 integer (6003 binary)
Coefficient statistics:
  Matrix range     [1e+00, 4e+00]
  Objective range  [1e+00, 1e+00]
  Bounds range     [1e+00, 1e+00]
  RHS range        [8e+01, 8e+01]
Found heuristic solution: objective 0
Presolve removed 4043 rows and 5066 columns
Presolve time: 0.01s
Presolved: 59 rows, 937 columns, 1779 nonzeros
Found heuristic solution: objective -1631.806000
Variable types: 0 continuous, 937 integer (753 binary)
Presolved: 59 rows, 937 columns, 1779 nonzeros

Root barrier log...

Ordering time: 0.00s

Barrier statistics:
 AA' NZ     : 8.230e+02
 Factor NZ  : 1.770e+03
 Factor Ops : 7.021e+04 (less than 1 second per iteration)
 Threads    : 1

                  Objective                Residual
Iter       Primal          Dual         Primal    Dual     Compl     Time
   0  -2.96613392e+03 -2.84223545e+03  3.27e+01 4.44e-16  1.87e+00     0s
   1  -1.76577850e+03 -2.20847811e+03  2.59e+00 8.96e-02  3.64e-01     0s
   2  -1.72810673e+03 -1.81458819e+03  3.63e-02 7.95e-03  4.61e-02     0s
   3  -1.74140612e+03 -1.76323376e+03  7.06e-03 1.33e-15  1.15e-02     0s
   4  -1.74582867e+03 -1.75230952e+03  0.00e+00 8.88e-16  3.36e-03     0s
   5  -1.74612882e+03 -1.74812052e+03  0.00e+00 8.88e-16  1.04e-03     0s
   6  -1.74647088e+03 -1.74653446e+03  0.00e+00 8.88e-16  3.30e-05     0s
   7  -1.74648699e+03 -1.74648701e+03  0.00e+00 8.88e-16  9.30e-09     0s
   8  -1.74648700e+03 -1.74648700e+03  0.00e+00 8.88e-16  9.60e-15     0s

Barrier solved model in 8 iterations and 0.01 seconds
Optimal objective -1.74648700e+03


Root relaxation: objective -1.746487e+03, 506 iterations, 0.01 seconds

    Nodes    |    Current Node    |     Objective Bounds      |     Work
 Expl Unexpl |  Obj  Depth IntInf | Incumbent    BestBd   Gap | It/Node Time

     0     0 -1746.4870    0    3 -1631.8060 -1746.4870  7.03%     -    0s
H    0     0                    -1745.944000 -1746.4870  0.03%     -    0s

Explored 0 nodes (721 simplex iterations) in 0.02 seconds
Thread count was 20 (of 20 available processors)

Solution count 3: -1745.94 -1631.81 -219.914 
Pool objective bound -1746.49

Optimal solution found (tolerance 5.00e-02)
Best objective -1.745944000000e+03, best bound -1.746487000000e+03, gap 0.0311%
Changed value of parameter MIPGap to 0.05
   Prev: 0.0001  Min: 0.0  Max: 1e+100  Default: 0.0001
Changed value of parameter TimeLimit to 1800.0
   Prev: 1e+100  Min: 0.0  Max: 1e+100  Default: 1e+100
Changed value of parameter Method to 2
   Prev: -1  Min: -1  Max: 4  Default: -1
Changed value of parameter MIPFocus to 1
   Prev: 0  Min: 0  Max: 3  Default: 0
Optimize a model with 4102 rows, 6003 columns and 12006 nonzeros
Variable types: 0 continuous, 6003 integer (6003 binary)
Coefficient statistics:
  Matrix range     [1e+00, 4e+00]
  Objective range  [1e+00, 1e+00]
  Bounds range     [1e+00, 1e+00]
  RHS range        [8e+01, 8e+01]
Found heuristic solution: objective 0
Presolve removed 4043 rows and 5066 columns
Presolve time: 0.01s
Presolved: 59 rows, 937 columns, 1779 nonzeros
Found heuristic solution: objective -1633.507500
Variable types: 0 continuous, 937 integer (753 binary)
Presolved: 59 rows, 937 columns, 1779 nonzeros

Root barrier log...

Ordering time: 0.00s

Barrier statistics:
 AA' NZ     : 8.230e+02
 Factor NZ  : 1.770e+03
 Factor Ops : 7.021e+04 (less than 1 second per iteration)
 Threads    : 1

                  Objective                Residual
Iter       Primal          Dual         Primal    Dual     Compl     Time
   0  -2.96911599e+03 -2.84286690e+03  3.27e+01 2.22e-16  1.87e+00     0s
   1  -1.76733996e+03 -2.20967572e+03  2.59e+00 8.87e-02  3.64e-01     0s
   2  -1.73042366e+03 -1.81893988e+03  9.05e-02 7.33e-03  4.91e-02     0s
   3  -1.74285373e+03 -1.76575611e+03  1.80e-02 2.22e-15  1.24e-02     0s
   4  -1.74679707e+03 -1.75465138e+03  2.17e-03 1.33e-15  4.16e-03     0s
   5  -1.74726989e+03 -1.74944887e+03  1.37e-03 4.44e-16  1.19e-03     0s
   6  -1.74796830e+03 -1.74803682e+03  1.24e-05 8.88e-16  3.63e-05     0s
   7  -1.74798375e+03 -1.74798376e+03  5.85e-10 8.88e-16  8.34e-09     0s
   8  -1.74798375e+03 -1.74798375e+03  1.22e-14 8.88e-16  8.52e-15     0s

Barrier solved model in 8 iterations and 0.01 seconds
Optimal objective -1.74798375e+03


Root relaxation: objective -1.747984e+03, 506 iterations, 0.01 seconds

    Nodes    |    Current Node    |     Objective Bounds      |     Work
 Expl Unexpl |  Obj  Depth IntInf | Incumbent    BestBd   Gap | It/Node Time

     0     0 -1747.9838    0    7 -1633.5075 -1747.9838  7.01%     -    0s
H    0     0                    -1747.430000 -1747.9838  0.03%     -    0s

Explored 0 nodes (705 simplex iterations) in 0.02 seconds
Thread count was 20 (of 20 available processors)

Solution count 3: -1747.43 -1633.51 -220.142 
Pool objective bound -1747.98

Optimal solution found (tolerance 5.00e-02)
Best objective -1.747430000000e+03, best bound -1.747983750000e+03, gap 0.0317%
Changed value of parameter MIPGap to 0.05
   Prev: 0.0001  Min: 0.0  Max: 1e+100  Default: 0.0001
Changed value of parameter TimeLimit to 1800.0
   Prev: 1e+100  Min: 0.0  Max: 1e+100  Default: 1e+100
Changed value of parameter Method to 2
   Prev: -1  Min: -1  Max: 4  Default: -1
Changed value of parameter MIPFocus to 1
   Prev: 0  Min: 0  Max: 3  Default: 0
Optimize a model with 4102 rows, 6003 columns and 12006 nonzeros
Variable types: 0 continuous, 6003 integer (6003 binary)
Coefficient statistics:
  Matrix range     [1e+00, 4e+00]
  Objective range  [1e+00, 1e+00]
  Bounds range     [1e+00, 1e+00]
  RHS range        [8e+01, 8e+01]
Found heuristic solution: objective 0
Presolve removed 4043 rows and 5066 columns
Presolve time: 0.01s
Presolved: 59 rows, 937 columns, 1779 nonzeros
Found heuristic solution: objective -1642.015000
Variable types: 0 continuous, 937 integer (753 binary)
Presolved: 59 rows, 937 columns, 1779 nonzeros

Root barrier log...

Ordering time: 0.00s

Barrier statistics:
 AA' NZ     : 8.230e+02
 Factor NZ  : 1.770e+03
 Factor Ops : 7.021e+04 (less than 1 second per iteration)
 Threads    : 1

                  Objective                Residual
Iter       Primal          Dual         Primal    Dual     Compl     Time
   0  -2.98402533e+03 -2.84602411e+03  3.27e+01 2.22e-16  1.87e+00     0s
   1  -1.77517473e+03 -2.21567803e+03  2.58e+00 8.42e-02  3.62e-01     0s
   2  -1.73741909e+03 -1.82085051e+03  8.85e-02 4.89e-03  4.63e-02     0s
   3  -1.74973312e+03 -1.76989867e+03  1.96e-02 8.88e-16  1.11e-02     0s
   4  -1.75293410e+03 -1.76373558e+03  8.95e-03 4.44e-16  5.89e-03     0s
   5  -1.75460885e+03 -1.75694127e+03  2.11e-03 8.88e-16  1.29e-03     0s
   6  -1.75541374e+03 -1.75552213e+03  1.28e-04 8.88e-16  6.13e-05     0s
   7  -1.75546749e+03 -1.75546752e+03  1.16e-08 8.88e-16  1.37e-08     0s
   8  -1.75546750e+03 -1.75546750e+03  2.23e-14 1.33e-15  1.38e-14     0s

Barrier solved model in 8 iterations and 0.01 seconds
Optimal objective -1.75546750e+03


Root relaxation: objective -1.755468e+03, 508 iterations, 0.01 seconds

    Nodes    |    Current Node    |     Objective Bounds      |     Work
 Expl Unexpl |  Obj  Depth IntInf | Incumbent    BestBd   Gap | It/Node Time

     0     0 -1755.4675    0   11 -1642.0150 -1755.4675  6.91%     -    0s
H    0     0                    -1752.710000 -1755.4675  0.16%     -    0s

Explored 0 nodes (663 simplex iterations) in 0.02 seconds
Thread count was 20 (of 20 available processors)

Solution count 3: -1752.71 -1642.01 -221.285 
Pool objective bound -1755.46

Optimal solution found (tolerance 5.00e-02)
Best objective -1.752710000000e+03, best bound -1.755465000000e+03, gap 0.1572%
Changed value of parameter MIPGap to 0.05
   Prev: 0.0001  Min: 0.0  Max: 1e+100  Default: 0.0001
Changed value of parameter TimeLimit to 1800.0
   Prev: 1e+100  Min: 0.0  Max: 1e+100  Default: 1e+100
Changed value of parameter Method to 2
   Prev: -1  Min: -1  Max: 4  Default: -1
Changed value of parameter MIPFocus to 1
   Prev: 0  Min: 0  Max: 3  Default: 0
Optimize a model with 4102 rows, 6003 columns and 12006 nonzeros
Variable types: 0 continuous, 6003 integer (6003 binary)
Coefficient statistics:
  Matrix range     [1e+00, 4e+00]
  Objective range  [1e+00, 1e+00]
  Bounds range     [1e+00, 1e+00]
  RHS range        [8e+01, 8e+01]
Found heuristic solution: objective 0
Presolve removed 4043 rows and 5066 columns
Presolve time: 0.01s
Presolved: 59 rows, 937 columns, 1779 nonzeros
Found heuristic solution: objective -1659.030000
Variable types: 0 continuous, 937 integer (753 binary)
Presolved: 59 rows, 937 columns, 1779 nonzeros

Root barrier log...

Ordering time: 0.00s

Barrier statistics:
 AA' NZ     : 8.230e+02
 Factor NZ  : 1.770e+03
 Factor Ops : 7.021e+04 (less than 1 second per iteration)
 Threads    : 1

                  Objective                Residual
Iter       Primal          Dual         Primal    Dual     Compl     Time
   0  -3.01383903e+03 -2.85233855e+03  3.27e+01 4.44e-16  1.85e+00     0s
   1  -1.79098298e+03 -2.22775441e+03  2.56e+00 7.53e-02  3.59e-01     0s
   2  -1.75173229e+03 -1.83085738e+03  8.41e-02 1.08e-03  4.39e-02     0s
   3  -1.76457882e+03 -1.78685460e+03  1.95e-02 2.22e-15  1.22e-02     0s
   4  -1.76892156e+03 -1.77635180e+03  3.12e-03 8.88e-16  3.98e-03     0s
   5  -1.77033378e+03 -1.77094695e+03  1.14e-04 8.88e-16  3.24e-04     0s
   6  -1.77043497e+03 -1.77043554e+03  0.00e+00 8.88e-16  2.96e-07     0s
   7  -1.77043500e+03 -1.77043500e+03  0.00e+00 8.88e-16  5.22e-13     0s

Barrier solved model in 7 iterations and 0.01 seconds
Optimal objective -1.77043500e+03


Root relaxation: objective -1.770435e+03, 508 iterations, 0.01 seconds

    Nodes    |    Current Node    |     Objective Bounds      |     Work
 Expl Unexpl |  Obj  Depth IntInf | Incumbent    BestBd   Gap | It/Node Time

     0     0 -1770.4350    0    3 -1659.0300 -1770.4350  6.72%     -    0s
H    0     0                    -1769.720000 -1770.4350  0.04%     -    0s

Explored 0 nodes (701 simplex iterations) in 0.02 seconds
Thread count was 20 (of 20 available processors)

Solution count 3: -1769.72 -1659.03 -223.57 
Pool objective bound -1770.43

Optimal solution found (tolerance 5.00e-02)
Best objective -1.769720000000e+03, best bound -1.770430000000e+03, gap 0.0401%
Changed value of parameter MIPGap to 0.05
   Prev: 0.0001  Min: 0.0  Max: 1e+100  Default: 0.0001
Changed value of parameter TimeLimit to 1800.0
   Prev: 1e+100  Min: 0.0  Max: 1e+100  Default: 1e+100
Changed value of parameter Method to 2
   Prev: -1  Min: -1  Max: 4  Default: -1
Changed value of parameter MIPFocus to 1
   Prev: 0  Min: 0  Max: 3  Default: 0
Optimize a model with 4102 rows, 6003 columns and 12006 nonzeros
Variable types: 0 continuous, 6003 integer (6003 binary)
Coefficient statistics:
  Matrix range     [1e+00, 4e+00]
  Objective range  [1e+00, 1e+00]
  Bounds range     [1e+00, 1e+00]
  RHS range        [8e+01, 8e+01]
Found heuristic solution: objective 0
Presolve removed 4043 rows and 5066 columns
Presolve time: 0.01s
Presolved: 59 rows, 937 columns, 1779 nonzeros
Found heuristic solution: objective -1693.060000
Variable types: 0 continuous, 937 integer (753 binary)
Presolved: 59 rows, 937 columns, 1779 nonzeros

Root barrier log...

Ordering time: 0.00s

Barrier statistics:
 AA' NZ     : 8.230e+02
 Factor NZ  : 1.770e+03
 Factor Ops : 7.021e+04 (less than 1 second per iteration)
 Threads    : 1

                  Objective                Residual
Iter       Primal          Dual         Primal    Dual     Compl     Time
   0  -3.07344601e+03 -2.86496742e+03  3.27e+01 2.22e-16  1.82e+00     0s
   1  -1.82316331e+03 -2.25219709e+03  2.52e+00 5.76e-02  3.53e-01     0s
   2  -1.78146510e+03 -1.86114104e+03  7.78e-02 8.88e-16  4.40e-02     0s
   3  -1.79377274e+03 -1.81484121e+03  2.40e-02 6.66e-16  1.17e-02     0s
   4  -1.79914105e+03 -1.80663226e+03  2.07e-03 4.44e-16  3.97e-03     0s
   5  -1.80014112e+03 -1.80121659e+03  1.15e-05 8.88e-16  5.64e-04     0s
   6  -1.80036908e+03 -1.80037546e+03  0.00e+00 1.33e-15  3.31e-06     0s
   7  -1.80037000e+03 -1.80037000e+03  0.00e+00 8.88e-16  3.49e-12     0s

Barrier solved model in 7 iterations and 0.01 seconds
Optimal objective -1.80037000e+03


Root relaxation: objective -1.800370e+03, 510 iterations, 0.01 seconds

    Nodes    |    Current Node    |     Objective Bounds      |     Work
 Expl Unexpl |  Obj  Depth IntInf | Incumbent    BestBd   Gap | It/Node Time

     0     0 -1800.3700    0    5 -1693.0600 -1800.3700  6.34%     -    0s
H    0     0                    -1798.420000 -1800.3700  0.11%     -    0s

Explored 0 nodes (733 simplex iterations) in 0.02 seconds
Thread count was 20 (of 20 available processors)

Solution count 3: -1798.42 -1693.06 -228.14 
Pool objective bound -1800.36

Optimal solution found (tolerance 5.00e-02)
Best objective -1.798420000000e+03, best bound -1.800360000000e+03, gap 0.1079%
Changed value of parameter MIPGap to 0.05
   Prev: 0.0001  Min: 0.0  Max: 1e+100  Default: 0.0001
Changed value of parameter TimeLimit to 1800.0
   Prev: 1e+100  Min: 0.0  Max: 1e+100  Default: 1e+100
Changed value of parameter Method to 2
   Prev: -1  Min: -1  Max: 4  Default: -1
Changed value of parameter MIPFocus to 1
   Prev: 0  Min: 0  Max: 3  Default: 0
Optimize a model with 4102 rows, 6003 columns and 12006 nonzeros
Variable types: 0 continuous, 6003 integer (6003 binary)
Coefficient statistics:
  Matrix range     [1e+00, 4e+00]
  Objective range  [1e+00, 1e+00]
  Bounds range     [1e+00, 1e+00]
  RHS range        [8e+01, 8e+01]
Found heuristic solution: objective 0
Presolve removed 4043 rows and 5066 columns
Presolve time: 0.01s
Presolved: 59 rows, 937 columns, 1779 nonzeros
Found heuristic solution: objective -1710.075000
Variable types: 0 continuous, 937 integer (753 binary)
Presolved: 59 rows, 937 columns, 1779 nonzeros

Root barrier log...

Ordering time: 0.00s

Barrier statistics:
 AA' NZ     : 8.230e+02
 Factor NZ  : 1.770e+03
 Factor Ops : 7.021e+04 (less than 1 second per iteration)
 Threads    : 1

                  Objective                Residual
Iter       Primal          Dual         Primal    Dual     Compl     Time
   0  -3.10323901e+03 -2.87128185e+03  3.26e+01 2.22e-16  1.81e+00     0s
   1  -1.83953995e+03 -2.26456481e+03  2.50e+00 4.87e-02  3.50e-01     0s
   2  -1.79685918e+03 -1.87591070e+03  7.55e-02 1.33e-15  4.36e-02     0s
   3  -1.80906479e+03 -1.82934790e+03  2.19e-02 8.88e-16  1.12e-02     0s
   4  -1.81438988e+03 -1.82080747e+03  1.02e-03 8.88e-16  3.38e-03     0s
   5  -1.81514765e+03 -1.81591640e+03  0.00e+00 8.88e-16  4.03e-04     0s
   6  -1.81533634e+03 -1.81534127e+03  0.00e+00 8.88e-16  2.55e-06     0s
   7  -1.81533750e+03 -1.81533750e+03  0.00e+00 8.88e-16  2.66e-12     0s

Barrier solved model in 7 iterations and 0.01 seconds
Optimal objective -1.81533750e+03


Root relaxation: objective -1.815338e+03, 510 iterations, 0.00 seconds

    Nodes    |    Current Node    |     Objective Bounds      |     Work
 Expl Unexpl |  Obj  Depth IntInf | Incumbent    BestBd   Gap | It/Node Time

     0     0 -1815.3375    0    7 -1710.0750 -1815.3375  6.16%     -    0s
H    0     0                    -1812.925000 -1815.3375  0.13%     -    0s

Explored 0 nodes (675 simplex iterations) in 0.02 seconds
Thread count was 20 (of 20 available processors)

Solution count 3: -1812.93 -1710.08 -230.425 
Pool objective bound -1815.33

Optimal solution found (tolerance 5.00e-02)
Best objective -1.812925000000e+03, best bound -1.815325000000e+03, gap 0.1324%
Changed value of parameter MIPGap to 0.05
   Prev: 0.0001  Min: 0.0  Max: 1e+100  Default: 0.0001
Changed value of parameter TimeLimit to 1800.0
   Prev: 1e+100  Min: 0.0  Max: 1e+100  Default: 1e+100
Changed value of parameter Method to 2
   Prev: -1  Min: -1  Max: 4  Default: -1
Changed value of parameter MIPFocus to 1
   Prev: 0  Min: 0  Max: 3  Default: 0
Optimize a model with 4102 rows, 6003 columns and 12006 nonzeros
Variable types: 0 continuous, 6003 integer (6003 binary)
Coefficient statistics:
  Matrix range     [1e+00, 4e+00]
  Objective range  [1e+00, 2e+00]
  Bounds range     [1e+00, 1e+00]
  RHS range        [8e+01, 8e+01]
Found heuristic solution: objective 0
Presolve removed 4043 rows and 5066 columns
Presolve time: 0.01s
Presolved: 59 rows, 937 columns, 1779 nonzeros
Found heuristic solution: objective -1795.150000
Variable types: 0 continuous, 937 integer (753 binary)
Presolved: 59 rows, 937 columns, 1779 nonzeros

Root barrier log...

Ordering time: 0.00s

Barrier statistics:
 AA' NZ     : 8.230e+02
 Factor NZ  : 1.770e+03
 Factor Ops : 7.021e+04 (less than 1 second per iteration)
 Threads    : 1

                  Objective                Residual
Iter       Primal          Dual         Primal    Dual     Compl     Time
   0  -3.25218192e+03 -2.91020348e+03  3.26e+01 4.44e-16  1.75e+00     0s
   1  -1.92314023e+03 -2.33062857e+03  2.38e+00 7.83e-03  3.35e-01     0s
   2  -1.87758841e+03 -1.94684339e+03  2.52e-02 1.82e-14  3.69e-02     0s
   3  -1.88752203e+03 -1.90407026e+03  3.78e-03 3.11e-15  8.76e-03     0s
   4  -1.89024513e+03 -1.89399260e+03  3.29e-04 8.88e-16  1.98e-03     0s
   5  -1.89103057e+03 -1.89112587e+03  0.00e+00 8.88e-16  4.97e-05     0s
   6  -1.89105000e+03 -1.89105000e+03  0.00e+00 8.88e-16  6.43e-10     0s

Barrier solved model in 6 iterations and 0.01 seconds
Optimal objective -1.89105000e+03


Root relaxation: objective -1.891050e+03, 597 iterations, 0.00 seconds

    Nodes    |    Current Node    |     Objective Bounds      |     Work
 Expl Unexpl |  Obj  Depth IntInf | Incumbent    BestBd   Gap | It/Node Time

     0     0 -1891.0500    0    6 -1795.1500 -1891.0500  5.34%     -    0s
H    0     0                    -1888.950000 -1891.0500  0.11%     -    0s

Explored 0 nodes (810 simplex iterations) in 0.02 seconds
Thread count was 20 (of 20 available processors)

Solution count 3: -1888.95 -1795.15 -241.85 
Pool objective bound -1891.05

Optimal solution found (tolerance 5.00e-02)
Best objective -1.888950000000e+03, best bound -1.891050000000e+03, gap 0.1112%
Changed value of parameter MIPGap to 0.05
   Prev: 0.0001  Min: 0.0  Max: 1e+100  Default: 0.0001
Changed value of parameter TimeLimit to 1800.0
   Prev: 1e+100  Min: 0.0  Max: 1e+100  Default: 1e+100
Changed value of parameter Method to 2
   Prev: -1  Min: -1  Max: 4  Default: -1
Changed value of parameter MIPFocus to 1
   Prev: 0  Min: 0  Max: 3  Default: 0
Optimize a model with 4102 rows, 6003 columns and 12006 nonzeros
Variable types: 0 continuous, 6003 integer (6003 binary)
Coefficient statistics:
  Matrix range     [1e+00, 4e+00]
  Objective range  [1e+00, 2e+00]
  Bounds range     [1e+00, 1e+00]
  RHS range        [8e+01, 8e+01]
Found heuristic solution: objective 0
Presolve removed 4043 rows and 5066 columns
Presolve time: 0.01s
Presolved: 59 rows, 937 columns, 1779 nonzeros
Found heuristic solution: objective -1983.400000
Variable types: 0 continuous, 937 integer (753 binary)
Presolved: 59 rows, 937 columns, 1779 nonzeros

Root barrier log...

Ordering time: 0.00s

Barrier statistics:
 AA' NZ     : 8.230e+02
 Factor NZ  : 1.770e+03
 Factor Ops : 7.021e+04 (less than 1 second per iteration)
 Threads    : 1

                  Objective                Residual
Iter       Primal          Dual         Primal    Dual     Compl     Time
   0  -3.55401928e+03 -3.35058699e+03  3.27e+01 2.22e-16  2.17e+00     0s
   1  -2.05014646e+03 -2.59828941e+03  1.64e+00 9.75e-02  3.88e-01     0s
   2  -2.05155079e+03 -2.13106919e+03  8.79e-02 1.75e-03  4.51e-02     0s
   3  -2.05800088e+03 -2.08017657e+03  3.38e-02 1.78e-15  1.29e-02     0s
   4  -2.05993559e+03 -2.07284636e+03  2.19e-02 8.88e-16  7.59e-03     0s
   5  -2.06096667e+03 -2.06635341e+03  1.50e-02 8.88e-16  3.40e-03     0s
   6  -2.06267476e+03 -2.06324245e+03  1.12e-03 8.88e-16  3.42e-04     0s
   7  -2.06284991e+03 -2.06285013e+03  6.01e-07 8.88e-16  1.44e-07     0s
   8  -2.06285000e+03 -2.06285000e+03  6.20e-13 1.33e-15  1.47e-13     0s

Barrier solved model in 8 iterations and 0.01 seconds
Optimal objective -2.06285000e+03


Root relaxation: objective -2.062850e+03, 714 iterations, 0.01 seconds

    Nodes    |    Current Node    |     Objective Bounds      |     Work
 Expl Unexpl |  Obj  Depth IntInf | Incumbent    BestBd   Gap | It/Node Time

     0     0 -2062.8500    0    3 -1983.4000 -2062.8500  4.01%     -    0s

Explored 0 nodes (915 simplex iterations) in 0.02 seconds
Thread count was 20 (of 20 available processors)

Solution count 2: -1983.4 -264.7 
Pool objective bound -2062.8

Optimal solution found (tolerance 5.00e-02)
Best objective -1.983400000000e+03, best bound -2.062800000000e+03, gap 4.0032%
Changed value of parameter MIPGap to 0.05
   Prev: 0.0001  Min: 0.0  Max: 1e+100  Default: 0.0001
Changed value of parameter TimeLimit to 1800.0
   Prev: 1e+100  Min: 0.0  Max: 1e+100  Default: 1e+100
Changed value of parameter Method to 2
   Prev: -1  Min: -1  Max: 4  Default: -1
Changed value of parameter MIPFocus to 1
   Prev: 0  Min: 0  Max: 3  Default: 0
Optimize a model with 4102 rows, 6003 columns and 12006 nonzeros
Variable types: 0 continuous, 6003 integer (6003 binary)
Coefficient statistics:
  Matrix range     [1e+00, 4e+00]
  Objective range  [1e+00, 4e+00]
  Bounds range     [1e+00, 1e+00]
  RHS range        [8e+01, 8e+01]
Found heuristic solution: objective 0
Presolve removed 4043 rows and 5066 columns
Presolve time: 0.01s
Presolved: 59 rows, 937 columns, 1779 nonzeros
Found heuristic solution: objective -2352.400000
Variable types: 0 continuous, 937 integer (753 binary)
Presolved: 59 rows, 937 columns, 1779 nonzeros

Root barrier log...

Ordering time: 0.00s

Barrier statistics:
 AA' NZ     : 8.230e+02
 Factor NZ  : 1.770e+03
 Factor Ops : 7.021e+04 (less than 1 second per iteration)
 Threads    : 1

                  Objective                Residual
Iter       Primal          Dual         Primal    Dual     Compl     Time
   0  -4.16118773e+03 -5.14894461e+03  3.28e+01 4.44e-16  4.35e+00     0s
   1  -2.28122608e+03 -3.73234304e+03  3.40e-01 4.51e-01  8.21e-01     0s
   2  -2.39696857e+03 -2.57325175e+03  0.00e+00 3.88e-02  9.15e-02     0s
   3  -2.43803079e+03 -2.46900212e+03  0.00e+00 1.78e-15  1.60e-02     0s
   4  -2.44611421e+03 -2.45322957e+03  0.00e+00 8.88e-16  3.68e-03     0s
   5  -2.44991321e+03 -2.45069050e+03  0.00e+00 1.78e-15  4.02e-04     0s
   6  -2.45019396e+03 -2.45021162e+03  0.00e+00 8.88e-16  9.14e-06     0s
   7  -2.45020000e+03 -2.45020000e+03  0.00e+00 1.78e-15  6.74e-11     0s

Barrier solved model in 7 iterations and 0.01 seconds
Optimal objective -2.45020000e+03


Root relaxation: objective -2.450200e+03, 715 iterations, 0.01 seconds

    Nodes    |    Current Node    |     Objective Bounds      |     Work
 Expl Unexpl |  Obj  Depth IntInf | Incumbent    BestBd   Gap | It/Node Time

     0     0 -2450.2000    0    3 -2352.4000 -2450.2000  4.16%     -    0s

Explored 0 nodes (892 simplex iterations) in 0.02 seconds
Thread count was 20 (of 20 available processors)

Solution count 2: -2352.4 -310.4 
Pool objective bound -2450

Optimal solution found (tolerance 5.00e-02)
Best objective -2.352400000000e+03, best bound -2.450000000000e+03, gap 4.1490%
Changed value of parameter MIPGap to 0.05
   Prev: 0.0001  Min: 0.0  Max: 1e+100  Default: 0.0001
Changed value of parameter TimeLimit to 1800.0
   Prev: 1e+100  Min: 0.0  Max: 1e+100  Default: 1e+100
Changed value of parameter Method to 2
   Prev: -1  Min: -1  Max: 4  Default: -1
Changed value of parameter MIPFocus to 1
   Prev: 0  Min: 0  Max: 3  Default: 0
Optimize a model with 4102 rows, 6003 columns and 12006 nonzeros
Variable types: 0 continuous, 6003 integer (6003 binary)
Coefficient statistics:
  Matrix range     [1e+00, 4e+00]
  Objective range  [1e+00, 5e+00]
  Bounds range     [1e+00, 1e+00]
  RHS range        [8e+01, 8e+01]
Found heuristic solution: objective 0
Presolve removed 4043 rows and 5066 columns
Presolve time: 0.01s
Presolved: 59 rows, 937 columns, 1779 nonzeros
Found heuristic solution: objective -2536.750000
Variable types: 0 continuous, 937 integer (753 binary)
Presolved: 59 rows, 937 columns, 1779 nonzeros

Root barrier log...

Ordering time: 0.00s

Barrier statistics:
 AA' NZ     : 8.230e+02
 Factor NZ  : 1.770e+03
 Factor Ops : 7.021e+04 (less than 1 second per iteration)
 Threads    : 1

                  Objective                Residual
Iter       Primal          Dual         Primal    Dual     Compl     Time
   0  -4.46332207e+03 -6.04956300e+03  3.28e+01 4.44e-16  5.44e+00     0s
   1  -2.43792087e+03 -4.31112511e+03  2.33e-01 6.31e-01  1.05e+00     0s
   2  -2.58093547e+03 -2.79414390e+03  0.00e+00 5.25e-02  1.11e-01     0s
   3  -2.63201949e+03 -2.66388042e+03  0.00e+00 1.78e-15  1.65e-02     0s
   4  -2.63964753e+03 -2.64715752e+03  0.00e+00 1.78e-15  3.89e-03     0s
   5  -2.64330232e+03 -2.64449323e+03  0.00e+00 1.78e-15  6.16e-04     0s
   6  -2.64385992e+03 -2.64391163e+03  0.00e+00 1.78e-15  2.68e-05     0s
   7  -2.64387500e+03 -2.64387500e+03  0.00e+00 1.78e-15  6.28e-10     0s

Barrier solved model in 7 iterations and 0.01 seconds
Optimal objective -2.64387500e+03


Root relaxation: objective -2.643875e+03, 714 iterations, 0.01 seconds

    Nodes    |    Current Node    |     Objective Bounds      |     Work
 Expl Unexpl |  Obj  Depth IntInf | Incumbent    BestBd   Gap | It/Node Time

     0     0 -2643.8750    0    3 -2536.7500 -2643.8750  4.22%     -    0s

Explored 0 nodes (864 simplex iterations) in 0.02 seconds
Thread count was 20 (of 20 available processors)

Solution count 2: -2536.75 -333.25 
Pool objective bound -2643.75

Optimal solution found (tolerance 5.00e-02)
Best objective -2.536750000000e+03, best bound -2.643750000000e+03, gap 4.2180%
Changed value of parameter MIPGap to 0.05
   Prev: 0.0001  Min: 0.0  Max: 1e+100  Default: 0.0001
Changed value of parameter TimeLimit to 1800.0
   Prev: 1e+100  Min: 0.0  Max: 1e+100  Default: 1e+100
Changed value of parameter Method to 2
   Prev: -1  Min: -1  Max: 4  Default: -1
Changed value of parameter MIPFocus to 1
   Prev: 0  Min: 0  Max: 3  Default: 0
Optimize a model with 4102 rows, 6003 columns and 12006 nonzeros
Variable types: 0 continuous, 6003 integer (6003 binary)
Coefficient statistics:
  Matrix range     [1e+00, 4e+00]
  Objective range  [2e+00, 8e+00]
  Bounds range     [1e+00, 1e+00]
  RHS range        [8e+01, 8e+01]
Found heuristic solution: objective 0
Presolve removed 4043 rows and 5066 columns
Presolve time: 0.01s
Presolved: 59 rows, 937 columns, 1779 nonzeros
Found heuristic solution: objective -3489.000000
Variable types: 0 continuous, 937 integer (753 binary)
Presolved: 59 rows, 937 columns, 1779 nonzeros

Root barrier log...

Ordering time: 0.00s

Barrier statistics:
 AA' NZ     : 8.230e+02
 Factor NZ  : 1.770e+03
 Factor Ops : 7.021e+04 (less than 1 second per iteration)
 Threads    : 1

                  Objective                Residual
Iter       Primal          Dual         Primal    Dual     Compl     Time
   0  -5.97101908e+03 -1.05557535e+04  3.28e+01 8.88e-16  1.09e+01     0s
   1  -3.26582264e+03 -7.21326504e+03  1.68e-02 1.54e+00  2.18e+00     0s
   2  -3.45322964e+03 -3.87249839e+03  0.00e+00 1.09e-01  2.19e-01     0s
   3  -3.60070962e+03 -3.65755210e+03  0.00e+00 1.98e-03  2.94e-02     0s
   4  -3.60443168e+03 -3.61855554e+03  0.00e+00 3.55e-15  7.31e-03     0s
   5  -3.61156904e+03 -3.61273287e+03  0.00e+00 3.55e-15  6.02e-04     0s
   6  -3.61216583e+03 -3.61227081e+03  0.00e+00 1.78e-15  5.43e-05     0s
   7  -3.61225000e+03 -3.61225001e+03  0.00e+00 1.78e-15  3.47e-09     0s

Barrier solved model in 7 iterations and 0.01 seconds
Optimal objective -3.61225000e+03


Root relaxation: objective -3.612250e+03, 714 iterations, 0.01 seconds

    Nodes    |    Current Node    |     Objective Bounds      |     Work
 Expl Unexpl |  Obj  Depth IntInf | Incumbent    BestBd   Gap | It/Node Time

     0     0 -3612.2500    0    3 -3489.0000 -3612.2500  3.53%     -    0s

Explored 0 nodes (963 simplex iterations) in 0.02 seconds
Thread count was 20 (of 20 available processors)

Solution count 2: -3489 -447.5 
Pool objective bound -3612

Optimal solution found (tolerance 5.00e-02)
Best objective -3.489000000000e+03, best bound -3.612000000000e+03, gap 3.5254%
Changed value of parameter MIPGap to 0.05
   Prev: 0.0001  Min: 0.0  Max: 1e+100  Default: 0.0001
Changed value of parameter TimeLimit to 1800.0
   Prev: 1e+100  Min: 0.0  Max: 1e+100  Default: 1e+100
Changed value of parameter Method to 2
   Prev: -1  Min: -1  Max: 4  Default: -1
Changed value of parameter MIPFocus to 1
   Prev: 0  Min: 0  Max: 3  Default: 0
Optimize a model with 4102 rows, 6003 columns and 12006 nonzeros
Variable types: 0 continuous, 6003 integer (6003 binary)
Coefficient statistics:
  Matrix range     [1e+00, 4e+00]
  Objective range  [2e+00, 2e+01]
  Bounds range     [1e+00, 1e+00]
  RHS range        [8e+01, 8e+01]
Found heuristic solution: objective 0
Presolve removed 4043 rows and 5066 columns
Presolve time: 0.01s
Presolved: 59 rows, 937 columns, 1779 nonzeros
Found heuristic solution: objective -5380.000000
Variable types: 0 continuous, 937 integer (753 binary)
Presolved: 59 rows, 937 columns, 1779 nonzeros

Root barrier log...

Ordering time: 0.00s

Barrier statistics:
 AA' NZ     : 8.230e+02
 Factor NZ  : 1.770e+03
 Factor Ops : 7.021e+04 (less than 1 second per iteration)
 Threads    : 1

                  Objective                Residual
Iter       Primal          Dual         Primal    Dual     Compl     Time
   0  -8.98340458e+03 -1.95681345e+04  3.29e+01 1.78e-15  2.18e+01     0s
   1  -4.97077328e+03 -1.30239074e+04  1.14e-02 3.38e+00  4.41e+00     0s
   2  -5.27445594e+03 -5.96857714e+03  0.00e+00 1.89e-01  3.64e-01     0s
   3  -5.51831767e+03 -5.63371988e+03  0.00e+00 1.19e-02  5.98e-02     0s
   4  -5.53451375e+03 -5.55519725e+03  0.00e+00 3.55e-15  1.07e-02     0s
   5  -5.54855775e+03 -5.54963074e+03  0.00e+00 3.55e-15  5.55e-04     0s
   6  -5.54899782e+03 -5.54900333e+03  0.00e+00 7.11e-15  2.85e-06     0s
   7  -5.54900000e+03 -5.54900000e+03  0.00e+00 7.11e-15  3.57e-12     0s

Barrier solved model in 7 iterations and 0.01 seconds
Optimal objective -5.54900000e+03


Root relaxation: objective -5.549000e+03, 715 iterations, 0.01 seconds

    Nodes    |    Current Node    |     Objective Bounds      |     Work
 Expl Unexpl |  Obj  Depth IntInf | Incumbent    BestBd   Gap | It/Node Time

     0     0 -5549.0000    0    3 -5380.0000 -5549.0000  3.14%     -    0s

Explored 0 nodes (864 simplex iterations) in 0.02 seconds
Thread count was 20 (of 20 available processors)

Solution count 2: -5380 -676 
Pool objective bound -5548

Optimal solution found (tolerance 5.00e-02)
Best objective -5.380000000000e+03, best bound -5.548000000000e+03, gap 3.1227%
Changed value of parameter MIPGap to 0.05
   Prev: 0.0001  Min: 0.0  Max: 1e+100  Default: 0.0001
Changed value of parameter TimeLimit to 1800.0
   Prev: 1e+100  Min: 0.0  Max: 1e+100  Default: 1e+100
Changed value of parameter Method to 2
   Prev: -1  Min: -1  Max: 4  Default: -1
Changed value of parameter MIPFocus to 1
   Prev: 0  Min: 0  Max: 3  Default: 0
Optimize a model with 4102 rows, 6003 columns and 12006 nonzeros
Variable types: 0 continuous, 6003 integer (6003 binary)
Coefficient statistics:
  Matrix range     [1e+00, 4e+00]
  Objective range  [3e+00, 3e+01]
  Bounds range     [1e+00, 1e+00]
  RHS range        [8e+01, 8e+01]
Found heuristic solution: objective 0
Presolve removed 4043 rows and 5066 columns
Presolve time: 0.01s
Presolved: 59 rows, 937 columns, 1779 nonzeros
Found heuristic solution: objective -9162.000000
Variable types: 0 continuous, 937 integer (753 binary)
Presolved: 59 rows, 937 columns, 1779 nonzeros

Root barrier log...

Ordering time: 0.00s

Barrier statistics:
 AA' NZ     : 8.230e+02
 Factor NZ  : 1.770e+03
 Factor Ops : 7.021e+04 (less than 1 second per iteration)
 Threads    : 1

                  Objective                Residual
Iter       Primal          Dual         Primal    Dual     Compl     Time
   0  -1.50066609e+04 -3.75928966e+04  3.29e+01 3.55e-15  4.35e+01     0s
   1  -8.40721187e+03 -2.46485523e+04  8.60e-03 7.06e+00  8.88e+00     0s
   2  -8.92989402e+03 -1.01800050e+04  0.00e+00 3.48e-01  6.57e-01     0s
   3  -9.35914476e+03 -9.57142913e+03  0.00e+00 2.85e-02  1.10e-01     0s
   4  -9.39374971e+03 -9.45436858e+03  0.00e+00 1.07e-14  3.14e-02     0s
   5  -9.42037424e+03 -9.42983802e+03  0.00e+00 7.11e-15  4.90e-03     0s
   6  -9.42120812e+03 -9.42286297e+03  0.00e+00 1.07e-14  8.56e-04     0s
   7  -9.42249839e+03 -9.42250233e+03  0.00e+00 1.42e-14  2.04e-06     0s
   8  -9.42250000e+03 -9.42250000e+03  0.00e+00 7.11e-15  2.09e-12     0s

Barrier solved model in 8 iterations and 0.01 seconds
Optimal objective -9.42250000e+03


Root relaxation: objective -9.422500e+03, 715 iterations, 0.01 seconds

    Nodes    |    Current Node    |     Objective Bounds      |     Work
 Expl Unexpl |  Obj  Depth IntInf | Incumbent    BestBd   Gap | It/Node Time

     0     0 -9422.5000    0    3 -9162.0000 -9422.5000  2.84%     -    0s

Explored 0 nodes (941 simplex iterations) in 0.02 seconds
Thread count was 20 (of 20 available processors)

Solution count 2: -9162 -1133 
Pool objective bound -9422

Optimal solution found (tolerance 5.00e-02)
Best objective -9.162000000000e+03, best bound -9.422000000000e+03, gap 2.8378%
Changed value of parameter MIPGap to 0.05
   Prev: 0.0001  Min: 0.0  Max: 1e+100  Default: 0.0001
Changed value of parameter TimeLimit to 1800.0
   Prev: 1e+100  Min: 0.0  Max: 1e+100  Default: 1e+100
Changed value of parameter Method to 2
   Prev: -1  Min: -1  Max: 4  Default: -1
Changed value of parameter MIPFocus to 1
   Prev: 0  Min: 0  Max: 3  Default: 0
Optimize a model with 4102 rows, 6003 columns and 12006 nonzeros
Variable types: 0 continuous, 6003 integer (6003 binary)
Coefficient statistics:
  Matrix range     [1e+00, 4e+00]
  Objective range  [4e+00, 4e+01]
  Bounds range     [1e+00, 1e+00]
  RHS range        [8e+01, 8e+01]
Found heuristic solution: objective 0
Presolve removed 4043 rows and 5066 columns
Presolve time: 0.01s
Presolved: 59 rows, 937 columns, 1779 nonzeros
Found heuristic solution: objective -11053.00000
Variable types: 0 continuous, 937 integer (753 binary)
Presolved: 59 rows, 937 columns, 1779 nonzeros

Root barrier log...

Ordering time: 0.00s

Barrier statistics:
 AA' NZ     : 8.230e+02
 Factor NZ  : 1.770e+03
 Factor Ops : 7.021e+04 (less than 1 second per iteration)
 Threads    : 1

                  Objective                Residual
Iter       Primal          Dual         Primal    Dual     Compl     Time
   0  -1.80181371e+04 -4.66052776e+04  3.29e+01 7.11e-15  5.44e+01     0s
   1  -1.01281828e+04 -3.04612298e+04  8.03e-03 8.90e+00  1.11e+01     0s
   2  -1.07684275e+04 -1.22482439e+04  0.00e+00 4.08e-01  7.78e-01     0s
   3  -1.12807233e+04 -1.15356210e+04  0.00e+00 3.35e-02  1.32e-01     0s
   4  -1.13237781e+04 -1.14053282e+04  0.00e+00 1.42e-14  4.22e-02     0s
   5  -1.13549325e+04 -1.13748937e+04  0.00e+00 7.11e-15  1.03e-02     0s
   6  -1.13563281e+04 -1.13600620e+04  0.00e+00 1.42e-14  1.93e-03     0s
   7  -1.13592351e+04 -1.13592643e+04  0.00e+00 1.42e-14  1.51e-05     0s
   8  -1.13592500e+04 -1.13592500e+04  0.00e+00 1.42e-14  3.40e-11     0s

Barrier solved model in 8 iterations and 0.01 seconds
Optimal objective -1.13592500e+04


Root relaxation: objective -1.135925e+04, 714 iterations, 0.01 seconds

    Nodes    |    Current Node    |     Objective Bounds      |     Work
 Expl Unexpl |  Obj  Depth IntInf | Incumbent    BestBd   Gap | It/Node Time

     0     0 -11359.250    0    3 -11053.000 -11359.250  2.77%     -    0s

Explored 0 nodes (949 simplex iterations) in 0.02 seconds
Thread count was 20 (of 20 available processors)

Solution count 2: -11053 -1361.5 
Pool objective bound -11357.5

Optimal solution found (tolerance 5.00e-02)
Best objective -1.105300000000e+04, best bound -1.135750000000e+04, gap 2.7549%
Changed value of parameter MIPGap to 0.05
   Prev: 0.0001  Min: 0.0  Max: 1e+100  Default: 0.0001
Changed value of parameter TimeLimit to 1800.0
   Prev: 1e+100  Min: 0.0  Max: 1e+100  Default: 1e+100
Changed value of parameter Method to 2
   Prev: -1  Min: -1  Max: 4  Default: -1
Changed value of parameter MIPFocus to 1
   Prev: 0  Min: 0  Max: 3  Default: 0
Optimize a model with 4102 rows, 6003 columns and 12006 nonzeros
Variable types: 0 continuous, 6003 integer (6003 binary)
Coefficient statistics:
  Matrix range     [1e+00, 4e+00]
  Objective range  [6e+00, 8e+01]
  Bounds range     [1e+00, 1e+00]
  RHS range        [8e+01, 8e+01]
Found heuristic solution: objective 0
Presolve removed 4043 rows and 5066 columns
Presolve time: 0.01s
Presolved: 59 rows, 937 columns, 1779 nonzeros
Found heuristic solution: objective -20508.00000
Variable types: 0 continuous, 937 integer (753 binary)
Presolved: 59 rows, 937 columns, 1779 nonzeros

Root barrier log...

Ordering time: 0.00s

Barrier statistics:
 AA' NZ     : 8.230e+02
 Factor NZ  : 1.770e+03
 Factor Ops : 7.021e+04 (less than 1 second per iteration)
 Threads    : 1

                  Objective                Residual
Iter       Primal          Dual         Primal    Dual     Compl     Time
   0  -3.30752136e+04 -9.16671827e+04  3.29e+01 1.42e-14  1.09e+02     0s
   1  -1.87386755e+04 -5.95253390e+04  6.90e-03 1.81e+01  2.23e+01     0s
   2  -1.99699289e+04 -2.25639211e+04  0.00e+00 6.94e-01  1.37e+00     0s
   3  -2.08924962e+04 -2.13956948e+04  0.00e+00 7.34e-02  2.61e-01     0s
   4  -2.09734197e+04 -2.11379867e+04  0.00e+00 2.84e-14  8.52e-02     0s
   5  -2.10324422e+04 -2.10843598e+04  0.00e+00 2.84e-14  2.69e-02     0s
   6  -2.10352949e+04 -2.10460705e+04  0.00e+00 2.84e-14  5.57e-03     0s
   7  -2.10428285e+04 -2.10433203e+04  0.00e+00 2.84e-14  2.54e-04     0s
   8  -2.10430000e+04 -2.10430000e+04  0.00e+00 2.84e-14  1.34e-08     0s
   9  -2.10430000e+04 -2.10430000e+04  0.00e+00 2.84e-14  1.34e-11     0s

Barrier solved model in 9 iterations and 0.01 seconds
Optimal objective -2.10430000e+04


Root relaxation: objective -2.104300e+04, 715 iterations, 0.01 seconds

    Nodes    |    Current Node    |     Objective Bounds      |     Work
 Expl Unexpl |  Obj  Depth IntInf | Incumbent    BestBd   Gap | It/Node Time

     0     0 -21043.000    0    3 -20508.000 -21043.000  2.61%     -    0s

Explored 0 nodes (942 simplex iterations) in 0.02 seconds
Thread count was 20 (of 20 available processors)

Solution count 2: -20508 -2504 
Pool objective bound -21042

Optimal solution found (tolerance 5.00e-02)
Best objective -2.050800000000e+04, best bound -2.104200000000e+04, gap 2.6039%
Changed value of parameter MIPGap to 0.05
   Prev: 0.0001  Min: 0.0  Max: 1e+100  Default: 0.0001
Changed value of parameter TimeLimit to 1800.0
   Prev: 1e+100  Min: 0.0  Max: 1e+100  Default: 1e+100
Changed value of parameter Method to 2
   Prev: -1  Min: -1  Max: 4  Default: -1
Changed value of parameter MIPFocus to 1
   Prev: 0  Min: 0  Max: 3  Default: 0
Optimize a model with 4102 rows, 6003 columns and 12006 nonzeros
Variable types: 0 continuous, 6003 integer (6003 binary)
Coefficient statistics:
  Matrix range     [1e+00, 4e+00]
  Objective range  [1e+01, 2e+02]
  Bounds range     [1e+00, 1e+00]
  RHS range        [8e+01, 8e+01]
Found heuristic solution: objective 0
Presolve removed 4043 rows and 5066 columns
Presolve time: 0.01s
Presolved: 59 rows, 937 columns, 1779 nonzeros
Found heuristic solution: objective -39418.00000
Variable types: 0 continuous, 937 integer (753 binary)
Presolved: 59 rows, 937 columns, 1779 nonzeros

Root barrier log...

Ordering time: 0.00s

Barrier statistics:
 AA' NZ     : 8.230e+02
 Factor NZ  : 1.770e+03
 Factor Ops : 7.021e+04 (less than 1 second per iteration)
 Threads    : 1

                  Objective                Residual
Iter       Primal          Dual         Primal    Dual     Compl     Time
   0  -6.31890622e+04 -1.81790993e+05  3.29e+01 2.84e-14  2.18e+02     0s
   1  -3.59653554e+04 -1.17654306e+05  6.34e-03 3.65e+01  4.46e+01     0s
   2  -3.84465417e+04 -4.33147096e+04  0.00e+00 1.33e+00  2.56e+00     0s
   3  -4.01007143e+04 -4.10027981e+04  0.00e+00 1.12e-01  4.68e-01     0s
   4  -4.02756699e+04 -4.06050604e+04  0.00e+00 5.68e-14  1.70e-01     0s
   5  -4.03599963e+04 -4.05296756e+04  0.00e+00 2.84e-14  8.78e-02     0s
   6  -4.03798854e+04 -4.04250705e+04  0.00e+00 5.68e-14  2.34e-02     0s
   7  -4.04077662e+04 -4.04140631e+04  0.00e+00 5.68e-14  3.26e-03     0s
   8  -4.04104904e+04 -4.04105425e+04  0.00e+00 5.68e-14  2.70e-05     0s
   9  -4.04105000e+04 -4.04105000e+04  0.00e+00 5.68e-14  2.70e-08     0s
  10  -4.04105000e+04 -4.04105000e+04  1.20e-14 5.68e-14  2.93e-14     0s

Barrier solved model in 10 iterations and 0.01 seconds
Optimal objective -4.04105000e+04


Root relaxation: objective -4.041050e+04, 713 iterations, 0.01 seconds

    Nodes    |    Current Node    |     Objective Bounds      |     Work
 Expl Unexpl |  Obj  Depth IntInf | Incumbent    BestBd   Gap | It/Node Time

     0     0 -40410.500    0    3 -39418.000 -40410.500  2.52%     -    0s

Explored 0 nodes (936 simplex iterations) in 0.02 seconds
Thread count was 20 (of 20 available processors)

Solution count 2: -39418 -4789 
Pool objective bound -40410

Optimal solution found (tolerance 5.00e-02)
Best objective -3.941800000000e+04, best bound -4.041000000000e+04, gap 2.5166%
Changed value of parameter MIPGap to 0.05
   Prev: 0.0001  Min: 0.0  Max: 1e+100  Default: 0.0001
Changed value of parameter TimeLimit to 1800.0
   Prev: 1e+100  Min: 0.0  Max: 1e+100  Default: 1e+100
Changed value of parameter Method to 2
   Prev: -1  Min: -1  Max: 4  Default: -1
Changed value of parameter MIPFocus to 1
   Prev: 0  Min: 0  Max: 3  Default: 0
Optimize a model with 4102 rows, 6003 columns and 12006 nonzeros
Variable types: 0 continuous, 6003 integer (6003 binary)
Coefficient statistics:
  Matrix range     [1e+00, 4e+00]
  Objective range  [3e+01, 4e+02]
  Bounds range     [1e+00, 1e+00]
  RHS range        [8e+01, 8e+01]
Found heuristic solution: objective 0
Presolve removed 4043 rows and 5066 columns
Presolve time: 0.01s
Presolved: 59 rows, 937 columns, 1779 nonzeros
Found heuristic solution: objective -96148.00000
Variable types: 0 continuous, 937 integer (753 binary)
Presolved: 59 rows, 937 columns, 1779 nonzeros

Root barrier log...

Ordering time: 0.00s

Barrier statistics:
 AA' NZ     : 8.230e+02
 Factor NZ  : 1.770e+03
 Factor Ops : 7.021e+04 (less than 1 second per iteration)
 Threads    : 1

                  Objective                Residual
Iter       Primal          Dual         Primal    Dual     Compl     Time
   0  -1.53530364e+05 -4.52162424e+05  3.29e+01 5.68e-14  5.44e+02     0s
   1  -8.76499799e+04 -2.92041774e+05  6.00e-03 9.18e+01  1.11e+02     0s
   2  -9.37744353e+04 -1.05350689e+05  0.00e+00 3.11e+00  6.10e+00     0s
   3  -9.77375992e+04 -9.99187568e+04  0.00e+00 2.57e-01  1.13e+00     0s
   4  -9.81789308e+04 -9.89380155e+04  0.00e+00 1.14e-13  3.93e-01     0s
   5  -9.83926413e+04 -9.87844026e+04  0.00e+00 1.14e-13  2.03e-01     0s
   6  -9.84436517e+04 -9.85465606e+04  0.00e+00 1.14e-13  5.32e-02     0s
   7  -9.85075537e+04 -9.85209713e+04  0.00e+00 1.14e-13  6.94e-03     0s
   8  -9.85129941e+04 -9.85130465e+04  0.00e+00 1.14e-13  2.71e-05     0s
   9  -9.85130000e+04 -9.85130000e+04  0.00e+00 1.71e-13  2.71e-08     0s
  10  -9.85130000e+04 -9.85130000e+04  1.34e-14 1.14e-13  2.88e-14     0s

Barrier solved model in 10 iterations and 0.01 seconds
Optimal objective -9.85130000e+04


Root relaxation: objective -9.851300e+04, 713 iterations, 0.01 seconds

    Nodes    |    Current Node    |     Objective Bounds      |     Work
 Expl Unexpl |  Obj  Depth IntInf | Incumbent    BestBd   Gap | It/Node Time

     0     0 -98513.000    0    3 -96148.000 -98513.000  2.46%     -    0s

Explored 0 nodes (806 simplex iterations) in 0.02 seconds
Thread count was 20 (of 20 available processors)

Solution count 2: -96148 -11644 
Pool objective bound -98512

Optimal solution found (tolerance 5.00e-02)
Best objective -9.614800000000e+04, best bound -9.851200000000e+04, gap 2.4587%
Changed value of parameter MIPGap to 0.05
   Prev: 0.0001  Min: 0.0  Max: 1e+100  Default: 0.0001
Changed value of parameter TimeLimit to 1800.0
   Prev: 1e+100  Min: 0.0  Max: 1e+100  Default: 1e+100
Changed value of parameter Method to 2
   Prev: -1  Min: -1  Max: 4  Default: -1
Changed value of parameter MIPFocus to 1
   Prev: 0  Min: 0  Max: 3  Default: 0
Optimize a model with 4102 rows, 6003 columns and 12006 nonzeros
Variable types: 0 continuous, 6003 integer (6003 binary)
Coefficient statistics:
  Matrix range     [1e+00, 4e+00]
  Objective range  [3e+02, 4e+03]
  Bounds range     [1e+00, 1e+00]
  RHS range        [8e+01, 8e+01]
Found heuristic solution: objective 0
Presolve removed 4043 rows and 5066 columns
Presolve time: 0.01s
Presolved: 59 rows, 937 columns, 1779 nonzeros
Found heuristic solution: objective -947098.0000
Variable types: 0 continuous, 937 integer (753 binary)
Presolved: 59 rows, 937 columns, 1779 nonzeros

Root barrier log...

Ordering time: 0.00s

Barrier statistics:
 AA' NZ     : 8.230e+02
 Factor NZ  : 1.770e+03
 Factor Ops : 7.021e+04 (less than 1 second per iteration)
 Threads    : 1

                  Objective                Residual
Iter       Primal          Dual         Primal    Dual     Compl     Time
   0  -1.50864901e+06 -4.50773388e+06  3.29e+01 4.55e-13  5.44e+03     0s
   1  -8.62935971e+05 -2.90785584e+06  5.79e-03 9.21e+02  1.12e+03     0s
   2  -9.23725257e+05 -1.03590012e+06  0.00e+00 2.98e+01  5.91e+01     0s
   3  -9.62264782e+05 -9.83608479e+05  0.00e+00 2.41e+00  1.11e+01     0s
   4  -9.66712089e+05 -9.74281107e+05  0.00e+00 9.09e-13  3.92e+00     0s
   5  -9.68658542e+05 -9.72727455e+05  0.00e+00 9.09e-13  2.11e+00     0s
   6  -9.69289284e+05 -9.70352130e+05  0.00e+00 1.36e-12  5.50e-01     0s
   7  -9.69969696e+05 -9.70125215e+05  0.00e+00 9.09e-13  8.05e-02     0s
   8  -9.70050332e+05 -9.70051285e+05  0.00e+00 1.36e-12  4.93e-04     0s
   9  -9.70050500e+05 -9.70050501e+05  0.00e+00 9.09e-13  4.93e-07     0s
  10  -9.70050500e+05 -9.70050500e+05  5.39e-15 1.36e-12  5.24e-13     0s

Barrier solved model in 10 iterations and 0.01 seconds
Optimal objective -9.70050500e+05


Root relaxation: objective -9.700505e+05, 713 iterations, 0.01 seconds

    Nodes    |    Current Node    |     Objective Bounds      |     Work
 Expl Unexpl |  Obj  Depth IntInf | Incumbent    BestBd   Gap | It/Node Time

     0     0 -970050.50    0    3 -947098.00 -970050.50  2.42%     -    0s

Explored 0 nodes (923 simplex iterations) in 0.02 seconds
Thread count was 20 (of 20 available processors)

Solution count 2: -947098 -114469 
Pool objective bound -970050

Optimal solution found (tolerance 5.00e-02)
Best objective -9.470980000000e+05, best bound -9.700500000000e+05, gap 2.4234%
