Changed value of parameter MIPGap to 0.05
   Prev: 0.0001  Min: 0.0  Max: 1e+100  Default: 0.0001
Changed value of parameter TimeLimit to 1800.0
   Prev: 1e+100  Min: 0.0  Max: 1e+100  Default: 1e+100
Changed value of parameter Method to 2
   Prev: -1  Min: -1  Max: 4  Default: -1
Changed value of parameter MIPFocus to 1
   Prev: 0  Min: 0  Max: 3  Default: 0
Optimize a model with 3178 rows, 4617 columns and 9234 nonzeros
Variable types: 0 continuous, 4617 integer (4617 binary)
Coefficient statistics:
  Matrix range     [1e+00, 5e+00]
  Objective range  [1e+00, 1e+00]
  Bounds range     [1e+00, 1e+00]
  RHS range        [8e+01, 8e+01]
Found heuristic solution: objective 0
Presolve removed 3143 rows and 4305 columns
Presolve time: 0.00s
Presolved: 35 rows, 312 columns, 583 nonzeros
Variable types: 0 continuous, 312 integer (248 binary)
Presolved: 35 rows, 312 columns, 583 nonzeros

Root barrier log...

Ordering time: 0.00s

Barrier statistics:
 AA' NZ     : 2.600e+02
 Factor NZ  : 6.300e+02
 Factor Ops : 1.491e+04 (less than 1 second per iteration)
 Threads    : 1

                  Objective                Residual
Iter       Primal          Dual         Primal    Dual     Compl     Time
   0  -1.85609141e+03 -2.06925729e+03  1.14e+01 4.44e-16  2.44e+00     0s
   1  -1.47146603e+03 -1.72631794e+03  3.60e-01 3.01e-01  4.76e-01     0s
   2  -1.47919145e+03 -1.51913983e+03  1.94e-02 2.90e-02  6.33e-02     0s
   3  -1.48560971e+03 -1.49570190e+03  7.60e-03 1.78e-15  1.63e-02     0s
   4  -1.49046266e+03 -1.49328560e+03  1.40e-03 8.88e-16  4.52e-03     0s
   5  -1.49101041e+03 -1.49262204e+03  8.79e-04 8.88e-16  2.60e-03     0s
   6  -1.49189728e+03 -1.49221885e+03  1.29e-04 8.88e-16  5.15e-04     0s
   7  -1.49210237e+03 -1.49211355e+03  1.30e-06 8.88e-16  1.77e-05     0s
   8  -1.49211000e+03 -1.49211000e+03  2.66e-11 8.88e-16  2.65e-10     0s

Barrier solved model in 8 iterations and 0.03 seconds
Optimal objective -1.49211000e+03


Root relaxation: objective -1.492110e+03, 26 iterations, 0.03 seconds

    Nodes    |    Current Node    |     Objective Bounds      |     Work
 Expl Unexpl |  Obj  Depth IntInf | Incumbent    BestBd   Gap | It/Node Time

     0     0 -1492.1100    0   17    0.00000 -1492.1100      -     -    0s
H    0     0                    -1488.000000 -1492.1100  0.28%     -    0s

Explored 0 nodes (39 simplex iterations) in 0.05 seconds
Thread count was 20 (of 20 available processors)

Solution count 2: -1488 0 
Pool objective bound -1492

Optimal solution found (tolerance 5.00e-02)
Best objective -1.488000000000e+03, best bound -1.492000000000e+03, gap 0.2688%
(0, 1412.0)
(1, 1407.0)
(2, 1411.0)
(3, 1412.0)
(4, 1431.0)
(5, 1403.0)
(6, 1426.0)
(7, 1432.0)
(8, 1415.0)
(9, 1431.0)
(10, 1420.0)
(11, 1409.0)
(12, 1412.0)
(13, 1419.0)
(14, 1413.0)
(15, 1426.0)
(16, 1401.0)
(17, 1421.0)
(18, 1414.0)
(19, 1424.0)
(20, 1418.0)
(21, 1430.0)
(22, 1404.0)
(23, 1428.0)
(24, 1417.0)
(25, 1423.0)
(26, 1418.0)
(27, 1400.0)
(28, 1411.0)
(29, 1417.0)
(30, 1424.0)
(31, 1403.0)
(32, 1429.0)
(33, 1414.0)
(34, 1425.0)
(35, 1408.0)
(36, 1420.0)
(37, 1420.0)
(38, 1416.0)
(39, 1423.0)
(0, 1429.0)
(1, 1431.0)
(2, 1432.0)
(3, 1435.0)
(4, 1435.0)
(5, 1434.0)
(6, 1428.0)
(7, 1432.0)
(8, 1433.0)
(9, 1435.0)
(10, 1434.0)
(11, 1434.0)
(12, 1430.0)
(13, 1435.0)
(14, 1427.0)
(15, 1431.0)
(16, 1433.0)
(17, 1433.0)
(18, 1432.0)
(19, 1431.0)
(20, 1436.0)
(21, 1434.0)
(22, 1435.0)
(23, 1428.0)
(24, 1429.0)
(25, 1428.0)
(26, 1436.0)
(27, 1434.0)
(28, 1432.0)
(29, 1432.0)
(30, 1433.0)
(31, 1434.0)
(32, 1434.0)
(33, 1433.0)
(34, 1431.0)
(35, 1432.0)
(36, 1429.0)
(37, 1433.0)
(38, 1426.0)
(39, 1430.0)
Changed value of parameter MIPGap to 0.05
   Prev: 0.0001  Min: 0.0  Max: 1e+100  Default: 0.0001
Changed value of parameter TimeLimit to 1800.0
   Prev: 1e+100  Min: 0.0  Max: 1e+100  Default: 1e+100
Changed value of parameter Method to 2
   Prev: -1  Min: -1  Max: 4  Default: -1
Changed value of parameter MIPFocus to 1
   Prev: 0  Min: 0  Max: 3  Default: 0
Optimize a model with 3178 rows, 4617 columns and 9234 nonzeros
Variable types: 0 continuous, 4617 integer (4617 binary)
Coefficient statistics:
  Matrix range     [1e+00, 5e+00]
  Objective range  [1e+00, 1e+00]
  Bounds range     [1e+00, 1e+00]
  RHS range        [8e+01, 8e+01]
Found heuristic solution: objective 0
Presolve removed 3143 rows and 4289 columns
Presolve time: 0.00s
Presolved: 35 rows, 328 columns, 599 nonzeros
Variable types: 0 continuous, 328 integer (248 binary)
Presolved: 35 rows, 328 columns, 599 nonzeros

Root barrier log...

Ordering time: 0.00s

Barrier statistics:
 AA' NZ     : 2.600e+02
 Factor NZ  : 6.300e+02
 Factor Ops : 1.491e+04 (less than 1 second per iteration)
 Threads    : 1

                  Objective                Residual
Iter       Primal          Dual         Primal    Dual     Compl     Time
   0  -1.86653293e+03 -2.14882973e+03  1.13e+01 8.88e-16  2.61e+00     0s
   1  -1.46788726e+03 -1.75668397e+03  3.47e-01 3.37e-01  5.14e-01     0s
   2  -1.47771486e+03 -1.52327611e+03  2.54e-02 3.25e-02  6.93e-02     0s
   3  -1.48635485e+03 -1.49778487e+03  8.30e-03 1.78e-15  1.76e-02     0s
   4  -1.49193920e+03 -1.49505654e+03  1.03e-03 8.88e-16  4.68e-03     0s
   5  -1.49306513e+03 -1.49397101e+03  9.50e-05 8.88e-16  1.33e-03     0s
   6  -1.49324577e+03 -1.49330629e+03  0.00e+00 8.88e-16  8.92e-05     0s
   7  -1.49327116e+03 -1.49327120e+03  0.00e+00 8.88e-16  5.08e-08     0s
   8  -1.49327119e+03 -1.49327119e+03  0.00e+00 8.88e-16  5.58e-14     0s

Barrier solved model in 8 iterations and 0.01 seconds
Optimal objective -1.49327119e+03


Root relaxation: objective -1.493271e+03, 26 iterations, 0.00 seconds

    Nodes    |    Current Node    |     Objective Bounds      |     Work
 Expl Unexpl |  Obj  Depth IntInf | Incumbent    BestBd   Gap | It/Node Time

     0     0 -1493.2712    0   16    0.00000 -1493.2712      -     -    0s
H    0     0                    -1489.157000 -1493.2712  0.28%     -    0s

Explored 0 nodes (35 simplex iterations) in 0.01 seconds
Thread count was 20 (of 20 available processors)

Solution count 2: -1489.16 0 
Pool objective bound -1493.27

Optimal solution found (tolerance 5.00e-02)
Best objective -1.489157000000e+03, best bound -1.493271190000e+03, gap 0.2763%
(0, 1400.1125000000281)
(1, 1405.1150000000287)
(2, 1412.1185000000294)
(3, 1406.1155000000288)
(4, 1410.1175000000292)
(5, 1409.1170000000291)
(6, 1412.1185000000294)
(7, 1411.1180000000293)
(8, 1403.1140000000285)
(9, 1405.1150000000287)
(10, 1421.1230000000303)
(11, 1398.1115000000279)
(12, 1412.1185000000294)
(13, 1413.1190000000295)
(14, 1405.1150000000287)
(15, 1402.1135000000284)
(16, 1398.1115000000279)
(17, 1413.1190000000295)
(18, 1400.1125000000281)
(19, 1412.1185000000294)
(20, 1403.1140000000285)
(21, 1399.112000000028)
(22, 1420.1225000000302)
(23, 1400.1125000000281)
(24, 1399.112000000028)
(25, 1410.1175000000292)
(26, 1399.112000000028)
(27, 1399.112000000028)
(28, 1407.1160000000289)
(29, 1409.1170000000291)
(30, 1405.1150000000287)
(31, 1413.1190000000295)
(32, 1407.1160000000289)
(33, 1401.1130000000283)
(34, 1402.1135000000284)
(35, 1412.1185000000294)
(36, 1406.115500000029)
(37, 1411.1180000000293)
(38, 1399.112000000028)
(39, 1405.1150000000284)
(0, 1429.1270000000311)
(1, 1432.1285000000314)
(2, 1431.1280000000313)
(3, 1437.1310000000319)
(4, 1431.1280000000313)
(5, 1429.1270000000311)
(6, 1434.1295000000316)
(7, 1435.1300000000315)
(8, 1430.1275000000312)
(9, 1424.1245000000306)
(10, 1430.1275000000312)
(11, 1427.1260000000309)
(12, 1430.1275000000312)
(13, 1429.1270000000311)
(14, 1431.1280000000313)
(15, 1431.1280000000313)
(16, 1433.1290000000315)
(17, 1428.126500000031)
(18, 1432.1285000000314)
(19, 1424.1245000000306)
(20, 1425.1250000000307)
(21, 1437.1310000000319)
(22, 1429.1270000000311)
(23, 1435.1300000000315)
(24, 1434.1295000000316)
(25, 1433.1290000000315)
(26, 1428.126500000031)
(27, 1432.1285000000314)
(28, 1433.1290000000315)
(29, 1434.1295000000316)
(30, 1434.1295000000316)
(31, 1426.1255000000308)
(32, 1427.1260000000309)
(33, 1429.1270000000311)
(34, 1425.1250000000305)
(35, 1428.126500000031)
(36, 1426.1255000000308)
(37, 1427.1260000000309)
(38, 1434.1295000000316)
(39, 1435.1300000000317)
Changed value of parameter MIPGap to 0.05
   Prev: 0.0001  Min: 0.0  Max: 1e+100  Default: 0.0001
Changed value of parameter TimeLimit to 1800.0
   Prev: 1e+100  Min: 0.0  Max: 1e+100  Default: 1e+100
Changed value of parameter Method to 2
   Prev: -1  Min: -1  Max: 4  Default: -1
Changed value of parameter MIPFocus to 1
   Prev: 0  Min: 0  Max: 3  Default: 0
Optimize a model with 3178 rows, 4617 columns and 9234 nonzeros
Variable types: 0 continuous, 4617 integer (4617 binary)
Coefficient statistics:
  Matrix range     [1e+00, 5e+00]
  Objective range  [1e+00, 1e+00]
  Bounds range     [1e+00, 1e+00]
  RHS range        [8e+01, 8e+01]
Found heuristic solution: objective 0
Presolve removed 3143 rows and 4289 columns
Presolve time: 0.00s
Presolved: 35 rows, 328 columns, 599 nonzeros
Variable types: 0 continuous, 328 integer (248 binary)
Presolved: 35 rows, 328 columns, 599 nonzeros

Root barrier log...

Ordering time: 0.00s

Barrier statistics:
 AA' NZ     : 2.600e+02
 Factor NZ  : 6.300e+02
 Factor Ops : 1.491e+04 (less than 1 second per iteration)
 Threads    : 1

                  Objective                Residual
Iter       Primal          Dual         Primal    Dual     Compl     Time
   0  -1.86802802e+03 -2.15013079e+03  1.13e+01 4.44e-16  2.61e+00     0s
   1  -1.46902606e+03 -1.75785053e+03  3.47e-01 3.37e-01  5.14e-01     0s
   2  -1.47900843e+03 -1.52306267e+03  1.60e-02 3.09e-02  6.60e-02     0s
   3  -1.48738422e+03 -1.49896011e+03  5.16e-03 1.78e-15  1.75e-02     0s
   4  -1.49283930e+03 -1.49576261e+03  6.90e-04 8.88e-16  4.38e-03     0s
   5  -1.49415723e+03 -1.49488826e+03  7.29e-05 8.88e-16  1.08e-03     0s
   6  -1.49439664e+03 -1.49445761e+03  3.94e-07 8.88e-16  9.06e-05     0s
   7  -1.49443232e+03 -1.49443239e+03  0.00e+00 1.78e-15  9.76e-08     0s
   8  -1.49443238e+03 -1.49443238e+03  2.27e-16 8.88e-16  1.02e-13     0s

Barrier solved model in 8 iterations and 0.01 seconds
Optimal objective -1.49443238e+03


Root relaxation: objective -1.494432e+03, 26 iterations, 0.00 seconds

    Nodes    |    Current Node    |     Objective Bounds      |     Work
 Expl Unexpl |  Obj  Depth IntInf | Incumbent    BestBd   Gap | It/Node Time

     0     0 -1494.4324    0   16    0.00000 -1494.4324      -     -    0s
H    0     0                    -1490.314000 -1494.4324  0.28%     -    0s

Explored 0 nodes (35 simplex iterations) in 0.01 seconds
Thread count was 20 (of 20 available processors)

Solution count 2: -1490.31 0 
Pool objective bound -1494.43

Optimal solution found (tolerance 5.00e-02)
Best objective -1.490314000000e+03, best bound -1.494432380000e+03, gap 0.2763%
(0, 1402.225999999974)
(1, 1402.225999999974)
(2, 1405.2289999999739)
(3, 1406.2299999999739)
(4, 1416.2399999999734)
(5, 1409.2329999999738)
(6, 1418.2419999999736)
(7, 1407.2309999999738)
(8, 1413.2369999999737)
(9, 1397.2209999999741)
(10, 1412.2359999999737)
(11, 1410.2339999999738)
(12, 1405.2289999999739)
(13, 1399.222999999974)
(14, 1420.2439999999735)
(15, 1413.2369999999737)
(16, 1403.2269999999739)
(17, 1408.2319999999738)
(18, 1405.2289999999739)
(19, 1397.2209999999741)
(20, 1418.2419999999736)
(21, 1407.2309999999738)
(22, 1403.2269999999737)
(23, 1408.2319999999738)
(24, 1407.2309999999738)
(25, 1415.2389999999737)
(26, 1417.2409999999736)
(27, 1407.2309999999738)
(28, 1408.2319999999736)
(29, 1405.2289999999739)
(30, 1401.224999999974)
(31, 1401.224999999974)
(32, 1420.2439999999733)
(33, 1403.2269999999739)
(34, 1420.2439999999735)
(35, 1422.2459999999735)
(36, 1413.2369999999737)
(37, 1412.2359999999735)
(38, 1402.225999999974)
(39, 1400.223999999974)
(0, 1431.2549999999733)
(1, 1438.2619999999729)
(2, 1430.2539999999733)
(3, 1430.2539999999733)
(4, 1434.2579999999732)
(5, 1433.2569999999732)
(6, 1427.2509999999734)
(7, 1434.2579999999732)
(8, 1429.2529999999733)
(9, 1426.2499999999734)
(10, 1433.256999999973)
(11, 1429.2529999999733)
(12, 1429.2529999999731)
(13, 1431.2549999999733)
(14, 1428.2519999999733)
(15, 1432.2559999999733)
(16, 1436.2599999999732)
(17, 1429.2529999999733)
(18, 1433.2569999999732)
(19, 1435.2589999999732)
(20, 1433.2569999999732)
(21, 1433.2569999999732)
(22, 1435.258999999973)
(23, 1434.2579999999732)
(24, 1434.257999999973)
(25, 1437.2609999999729)
(26, 1432.2559999999733)
(27, 1431.2549999999733)
(28, 1435.258999999973)
(29, 1430.2539999999731)
(30, 1435.2589999999732)
(31, 1426.2499999999734)
(32, 1433.256999999973)
(33, 1427.2509999999734)
(34, 1432.2559999999733)
(35, 1430.2539999999733)
(36, 1433.2569999999732)
(37, 1433.2569999999732)
(38, 1429.2529999999733)
(39, 1431.2549999999733)
Changed value of parameter MIPGap to 0.05
   Prev: 0.0001  Min: 0.0  Max: 1e+100  Default: 0.0001
Changed value of parameter TimeLimit to 1800.0
   Prev: 1e+100  Min: 0.0  Max: 1e+100  Default: 1e+100
Changed value of parameter Method to 2
   Prev: -1  Min: -1  Max: 4  Default: -1
Changed value of parameter MIPFocus to 1
   Prev: 0  Min: 0  Max: 3  Default: 0
Optimize a model with 3178 rows, 4617 columns and 9234 nonzeros
Variable types: 0 continuous, 4617 integer (4617 binary)
Coefficient statistics:
  Matrix range     [1e+00, 5e+00]
  Objective range  [1e+00, 1e+00]
  Bounds range     [1e+00, 1e+00]
  RHS range        [8e+01, 8e+01]
Found heuristic solution: objective 0
Presolve removed 3143 rows and 4289 columns
Presolve time: 0.00s
Presolved: 35 rows, 328 columns, 599 nonzeros
Variable types: 0 continuous, 328 integer (248 binary)
Presolved: 35 rows, 328 columns, 599 nonzeros

Root barrier log...

Ordering time: 0.00s

Barrier statistics:
 AA' NZ     : 2.600e+02
 Factor NZ  : 6.300e+02
 Factor Ops : 1.491e+04 (less than 1 second per iteration)
 Threads    : 1

                  Objective                Residual
Iter       Primal          Dual         Primal    Dual     Compl     Time
   0  -1.87101817e+03 -2.15273290e+03  1.13e+01 8.88e-16  2.61e+00     0s
   1  -1.47130412e+03 -1.76018397e+03  3.45e-01 3.37e-01  5.14e-01     0s
   2  -1.48132877e+03 -1.52554435e+03  1.67e-02 3.10e-02  6.63e-02     0s
   3  -1.48969835e+03 -1.50111344e+03  5.46e-03 2.66e-15  1.73e-02     0s
   4  -1.49507684e+03 -1.49794812e+03  7.71e-04 8.88e-16  4.32e-03     0s
   5  -1.49650783e+03 -1.49716892e+03  5.16e-05 8.88e-16  9.75e-04     0s
   6  -1.49672668e+03 -1.49677420e+03  0.00e+00 8.88e-16  7.03e-05     0s
   7  -1.49675474e+03 -1.49675476e+03  0.00e+00 1.78e-15  4.08e-08     0s
   8  -1.49675476e+03 -1.49675476e+03  0.00e+00 1.78e-15  4.45e-14     0s

Barrier solved model in 8 iterations and 0.01 seconds
Optimal objective -1.49675476e+03


Root relaxation: objective -1.496755e+03, 26 iterations, 0.00 seconds

    Nodes    |    Current Node    |     Objective Bounds      |     Work
 Expl Unexpl |  Obj  Depth IntInf | Incumbent    BestBd   Gap | It/Node Time

     0     0 -1496.7548    0   14    0.00000 -1496.7548      -     -    0s
H    0     0                    -1493.616000 -1496.7548  0.21%     -    0s

Explored 0 nodes (44 simplex iterations) in 0.01 seconds
Thread count was 20 (of 20 available processors)

Solution count 2: -1493.62 0 
Pool objective bound -1496.75

Optimal solution found (tolerance 5.00e-02)
Best objective -1.493616000000e+03, best bound -1.496754760000e+03, gap 0.2101%
(0, 1426.4819999999597)
(1, 1408.4459999999603)
(2, 1414.4579999999603)
(3, 1416.4619999999602)
(4, 1411.4519999999604)
(5, 1411.4519999999602)
(6, 1416.46199999996)
(7, 1408.4459999999603)
(8, 1408.4459999999603)
(9, 1414.4579999999601)
(10, 1418.4659999999599)
(11, 1406.4419999999607)
(12, 1400.4299999999607)
(13, 1409.4479999999605)
(14, 1409.4479999999605)
(15, 1412.4539999999604)
(16, 1414.4579999999601)
(17, 1407.4439999999604)
(18, 1408.4459999999606)
(19, 1411.45199999996)
(20, 1418.4659999999599)
(21, 1401.4319999999609)
(22, 1398.425999999961)
(23, 1403.4359999999606)
(24, 1402.4339999999609)
(25, 1422.4739999999597)
(26, 1409.4479999999603)
(27, 1425.4799999999595)
(28, 1402.4339999999606)
(29, 1414.4579999999601)
(30, 1415.45999999996)
(31, 1422.4739999999597)
(32, 1415.45999999996)
(33, 1395.4199999999612)
(34, 1420.4699999999598)
(35, 1402.4339999999609)
(36, 1411.4519999999604)
(37, 1401.4319999999609)
(38, 1417.4639999999597)
(39, 1415.4599999999602)
(0, 1434.4979999999591)
(1, 1440.5099999999591)
(2, 1433.4959999999592)
(3, 1433.4959999999592)
(4, 1430.4899999999595)
(5, 1430.4899999999593)
(6, 1432.4939999999592)
(7, 1440.5099999999586)
(8, 1438.5059999999592)
(9, 1435.4999999999593)
(10, 1435.4999999999593)
(11, 1432.4939999999594)
(12, 1435.4999999999593)
(13, 1435.4999999999593)
(14, 1429.4879999999596)
(15, 1435.4999999999591)
(16, 1432.4939999999592)
(17, 1435.4999999999591)
(18, 1433.4959999999594)
(19, 1429.4879999999594)
(20, 1432.4939999999594)
(21, 1437.5039999999592)
(22, 1433.4959999999592)
(23, 1436.501999999959)
(24, 1437.503999999959)
(25, 1435.4999999999593)
(26, 1431.4919999999595)
(27, 1430.4899999999593)
(28, 1432.493999999959)
(29, 1437.503999999959)
(30, 1435.4999999999591)
(31, 1434.4979999999591)
(32, 1432.4939999999594)
(33, 1432.4939999999592)
(34, 1430.4899999999595)
(35, 1433.4959999999592)
(36, 1434.4979999999593)
(37, 1432.4939999999592)
(38, 1434.4979999999591)
(39, 1426.4819999999595)
Changed value of parameter MIPGap to 0.05
   Prev: 0.0001  Min: 0.0  Max: 1e+100  Default: 0.0001
Changed value of parameter TimeLimit to 1800.0
   Prev: 1e+100  Min: 0.0  Max: 1e+100  Default: 1e+100
Changed value of parameter Method to 2
   Prev: -1  Min: -1  Max: 4  Default: -1
Changed value of parameter MIPFocus to 1
   Prev: 0  Min: 0  Max: 3  Default: 0
Optimize a model with 3178 rows, 4617 columns and 9234 nonzeros
Variable types: 0 continuous, 4617 integer (4617 binary)
Coefficient statistics:
  Matrix range     [1e+00, 5e+00]
  Objective range  [1e+00, 1e+00]
  Bounds range     [1e+00, 1e+00]
  RHS range        [8e+01, 8e+01]
Found heuristic solution: objective 0
Presolve removed 3143 rows and 4289 columns
Presolve time: 0.00s
Presolved: 35 rows, 328 columns, 599 nonzeros
Variable types: 0 continuous, 328 integer (248 binary)
Presolved: 35 rows, 328 columns, 599 nonzeros

Root barrier log...

Ordering time: 0.00s

Barrier statistics:
 AA' NZ     : 2.600e+02
 Factor NZ  : 6.300e+02
 Factor Ops : 1.491e+04 (less than 1 second per iteration)
 Threads    : 1

                  Objective                Residual
Iter       Primal          Dual         Primal    Dual     Compl     Time
   0  -1.87699845e+03 -2.15793713e+03  1.13e+01 4.44e-16  2.61e+00     0s
   1  -1.47586212e+03 -1.76485224e+03  3.43e-01 3.36e-01  5.14e-01     0s
   2  -1.48597357e+03 -1.53050033e+03  1.82e-02 3.13e-02  6.70e-02     0s
   3  -1.49432887e+03 -1.50539982e+03  6.03e-03 8.88e-16  1.68e-02     0s
   4  -1.49971410e+03 -1.50225087e+03  8.38e-04 8.88e-16  3.85e-03     0s
   5  -1.50129692e+03 -1.50174421e+03  0.00e+00 8.88e-16  6.52e-04     0s
   6  -1.50139172e+03 -1.50140938e+03  0.00e+00 8.88e-16  2.58e-05     0s
   7  -1.50139952e+03 -1.50139952e+03  0.00e+00 1.78e-15  3.55e-09     0s

Barrier solved model in 7 iterations and 0.01 seconds
Optimal objective -1.50139952e+03


Root relaxation: objective -1.501400e+03, 26 iterations, 0.00 seconds

    Nodes    |    Current Node    |     Objective Bounds      |     Work
 Expl Unexpl |  Obj  Depth IntInf | Incumbent    BestBd   Gap | It/Node Time

     0     0 -1501.3995    0   17    0.00000 -1501.3995      -     -    0s
H    0     0                    -1496.252000 -1501.3995  0.34%     -    0s

Explored 0 nodes (39 simplex iterations) in 0.01 seconds
Thread count was 20 (of 20 available processors)

Solution count 2: -1496.25 0 
Pool objective bound -1501.4

Optimal solution found (tolerance 5.00e-02)
Best objective -1.496252000000e+03, best bound -1.501399520000e+03, gap 0.3440%
(0, 1427.9799999999764)
(1, 1412.919999999978)
(2, 1413.9239999999777)
(3, 1413.9239999999779)
(4, 1408.9039999999784)
(5, 1403.8839999999786)
(6, 1413.9239999999777)
(7, 1420.951999999977)
(8, 1426.9759999999765)
(9, 1411.9159999999779)
(10, 1419.9479999999774)
(11, 1407.8999999999783)
(12, 1431.995999999976)
(13, 1411.9159999999781)
(14, 1426.9759999999765)
(15, 1406.8959999999786)
(16, 1425.9719999999766)
(17, 1424.9679999999769)
(18, 1417.9399999999773)
(19, 1429.9879999999762)
(20, 1411.9159999999779)
(21, 1425.9719999999763)
(22, 1418.943999999977)
(23, 1407.8999999999783)
(24, 1421.9559999999769)
(25, 1424.9679999999767)
(26, 1403.8839999999786)
(27, 1414.9279999999778)
(28, 1438.0199999999752)
(29, 1408.9039999999782)
(30, 1430.9919999999759)
(31, 1425.9719999999766)
(32, 1418.9439999999772)
(33, 1411.9159999999779)
(34, 1403.8839999999786)
(35, 1413.9239999999779)
(36, 1416.9359999999772)
(37, 1406.8959999999786)
(38, 1418.9439999999772)
(39, 1413.9239999999777)
(0, 1439.0239999999753)
(1, 1442.035999999975)
(2, 1440.0279999999755)
(3, 1444.0439999999749)
(4, 1443.039999999975)
(5, 1439.0239999999753)
(6, 1442.035999999975)
(7, 1439.0239999999753)
(8, 1442.035999999975)
(9, 1441.0319999999754)
(10, 1434.0039999999758)
(11, 1442.035999999975)
(12, 1443.0399999999752)
(13, 1442.035999999975)
(14, 1440.0279999999752)
(15, 1440.0279999999752)
(16, 1439.0239999999756)
(17, 1438.0199999999754)
(18, 1439.0239999999753)
(19, 1439.0239999999756)
(20, 1441.0319999999749)
(21, 1438.0199999999757)
(22, 1440.0279999999752)
(23, 1443.0399999999747)
(24, 1442.035999999975)
(25, 1441.0319999999751)
(26, 1443.039999999975)
(27, 1441.0319999999754)
(28, 1442.035999999975)
(29, 1442.035999999975)
(30, 1439.0239999999753)
(31, 1440.0279999999755)
(32, 1441.0319999999751)
(33, 1439.0239999999753)
(34, 1440.0279999999752)
(35, 1441.0319999999751)
(36, 1438.0199999999757)
(37, 1442.035999999975)
(38, 1439.0239999999756)
(39, 1439.0239999999751)
Changed value of parameter MIPGap to 0.05
   Prev: 0.0001  Min: 0.0  Max: 1e+100  Default: 0.0001
Changed value of parameter TimeLimit to 1800.0
   Prev: 1e+100  Min: 0.0  Max: 1e+100  Default: 1e+100
Changed value of parameter Method to 2
   Prev: -1  Min: -1  Max: 4  Default: -1
Changed value of parameter MIPFocus to 1
   Prev: 0  Min: 0  Max: 3  Default: 0
Optimize a model with 3178 rows, 4617 columns and 9234 nonzeros
Variable types: 0 continuous, 4617 integer (4617 binary)
Coefficient statistics:
  Matrix range     [1e+00, 5e+00]
  Objective range  [1e+00, 1e+00]
  Bounds range     [1e+00, 1e+00]
  RHS range        [8e+01, 8e+01]
Found heuristic solution: objective 0
Presolve removed 3143 rows and 4289 columns
Presolve time: 0.00s
Presolved: 35 rows, 328 columns, 599 nonzeros
Variable types: 0 continuous, 328 integer (248 binary)
Presolved: 35 rows, 328 columns, 599 nonzeros

Root barrier log...

Ordering time: 0.00s

Barrier statistics:
 AA' NZ     : 2.600e+02
 Factor NZ  : 6.300e+02
 Factor Ops : 1.491e+04 (less than 1 second per iteration)
 Threads    : 1

                  Objective                Residual
Iter       Primal          Dual         Primal    Dual     Compl     Time
   0  -1.87998857e+03 -2.16053924e+03  1.13e+01 4.44e-16  2.61e+00     0s
   1  -1.47814207e+03 -1.76718705e+03  3.41e-01 3.36e-01  5.14e-01     0s
   2  -1.48829798e+03 -1.53297340e+03  1.89e-02 3.14e-02  6.73e-02     0s
   3  -1.49664502e+03 -1.50753304e+03  6.30e-03 2.66e-15  1.66e-02     0s
   4  -1.50215607e+03 -1.50453086e+03  7.80e-04 8.88e-16  3.61e-03     0s
   5  -1.50326086e+03 -1.50406277e+03  2.11e-04 8.88e-16  1.21e-03     0s
   6  -1.50366740e+03 -1.50376060e+03  2.88e-06 8.88e-16  1.39e-04     0s
   7  -1.50372184e+03 -1.50372193e+03  4.80e-08 8.88e-16  1.33e-07     0s
   8  -1.50372190e+03 -1.50372190e+03  4.84e-14 1.78e-15  1.34e-13     0s

Barrier solved model in 8 iterations and 0.01 seconds
Optimal objective -1.50372190e+03


Root relaxation: objective -1.503722e+03, 26 iterations, 0.00 seconds

    Nodes    |    Current Node    |     Objective Bounds      |     Work
 Expl Unexpl |  Obj  Depth IntInf | Incumbent    BestBd   Gap | It/Node Time

     0     0 -1503.7219    0   17    0.00000 -1503.7219      -     -    0s
H    0     0                    -1498.565000 -1503.7219  0.34%     -    0s

Explored 0 nodes (39 simplex iterations) in 0.01 seconds
Thread count was 20 (of 20 available processors)

Solution count 2: -1498.56 0 
Pool objective bound -1503.72

Optimal solution found (tolerance 5.00e-02)
Best objective -1.498565000000e+03, best bound -1.503720000000e+03, gap 0.3440%
(0, 1418.1650000000388)
(1, 1409.1200000000376)
(2, 1412.135000000038)
(3, 1427.2100000000396)
(4, 1427.2100000000396)
(5, 1413.1400000000383)
(6, 1412.1350000000382)
(7, 1432.2350000000401)
(8, 1406.1050000000373)
(9, 1415.1500000000383)
(10, 1417.1600000000385)
(11, 1426.2050000000397)
(12, 1415.1500000000383)
(13, 1404.0950000000373)
(14, 1407.1100000000374)
(15, 1423.1900000000392)
(16, 1408.1150000000378)
(17, 1411.1300000000381)
(18, 1426.2050000000395)
(19, 1427.2100000000398)
(20, 1416.1550000000386)
(21, 1428.2150000000399)
(22, 1407.1100000000376)
(23, 1413.1400000000383)
(24, 1429.2200000000398)
(25, 1416.1550000000384)
(26, 1412.1350000000382)
(27, 1418.1650000000388)
(28, 1420.1750000000388)
(29, 1422.1850000000391)
(30, 1426.2050000000397)
(31, 1419.170000000039)
(32, 1410.125000000038)
(33, 1421.1800000000392)
(34, 1420.1750000000388)
(35, 1411.1300000000381)
(36, 1416.1550000000386)
(37, 1425.2000000000394)
(38, 1414.1450000000384)
(39, 1414.1450000000382)
(0, 1442.2850000000415)
(1, 1444.2950000000415)
(2, 1437.2600000000409)
(3, 1441.2800000000414)
(4, 1442.2850000000415)
(5, 1443.2900000000416)
(6, 1441.2800000000414)
(7, 1441.2800000000411)
(8, 1438.2650000000408)
(9, 1440.275000000041)
(10, 1445.3000000000418)
(11, 1444.2950000000415)
(12, 1448.3150000000421)
(13, 1440.275000000041)
(14, 1442.2850000000412)
(15, 1440.2750000000412)
(16, 1445.3000000000418)
(17, 1438.265000000041)
(18, 1439.2700000000411)
(19, 1446.3050000000419)
(20, 1442.2850000000412)
(21, 1445.3000000000416)
(22, 1442.2850000000412)
(23, 1441.2800000000411)
(24, 1442.2850000000415)
(25, 1438.265000000041)
(26, 1443.2900000000416)
(27, 1442.2850000000412)
(28, 1443.2900000000416)
(29, 1439.2700000000411)
(30, 1444.2950000000415)
(31, 1444.2950000000417)
(32, 1444.2950000000415)
(33, 1441.2800000000414)
(34, 1443.2900000000413)
(35, 1441.2800000000411)
(36, 1439.2700000000409)
(37, 1441.2800000000411)
(38, 1442.2850000000415)
(39, 1443.2900000000416)
Changed value of parameter MIPGap to 0.05
   Prev: 0.0001  Min: 0.0  Max: 1e+100  Default: 0.0001
Changed value of parameter TimeLimit to 1800.0
   Prev: 1e+100  Min: 0.0  Max: 1e+100  Default: 1e+100
Changed value of parameter Method to 2
   Prev: -1  Min: -1  Max: 4  Default: -1
Changed value of parameter MIPFocus to 1
   Prev: 0  Min: 0  Max: 3  Default: 0
Optimize a model with 3178 rows, 4617 columns and 9234 nonzeros
Variable types: 0 continuous, 4617 integer (4617 binary)
Coefficient statistics:
  Matrix range     [1e+00, 5e+00]
  Objective range  [1e+00, 1e+00]
  Bounds range     [1e+00, 1e+00]
  RHS range        [8e+01, 8e+01]
Found heuristic solution: objective 0
Presolve removed 3143 rows and 4289 columns
Presolve time: 0.00s
Presolved: 35 rows, 328 columns, 599 nonzeros
Variable types: 0 continuous, 328 integer (248 binary)
Presolved: 35 rows, 328 columns, 599 nonzeros

Root barrier log...

Ordering time: 0.00s

Barrier statistics:
 AA' NZ     : 2.600e+02
 Factor NZ  : 6.300e+02
 Factor Ops : 1.491e+04 (less than 1 second per iteration)
 Threads    : 1

                  Objective                Residual
Iter       Primal          Dual         Primal    Dual     Compl     Time
   0  -1.89493898e+03 -2.17354981e+03  1.13e+01 8.88e-16  2.62e+00     0s
   1  -1.48955119e+03 -1.77886798e+03  3.35e-01 3.34e-01  5.13e-01     0s
   2  -1.49994201e+03 -1.54529593e+03  2.22e-02 3.19e-02  6.86e-02     0s
   3  -1.50825748e+03 -1.52039539e+03  7.51e-03 8.88e-16  1.85e-02     0s
   4  -1.51400924e+03 -1.51631660e+03  5.21e-04 8.88e-16  3.48e-03     0s
   5  -1.51480290e+03 -1.51576939e+03  1.63e-04 8.88e-16  1.45e-03     0s
   6  -1.51529234e+03 -1.51537925e+03  0.00e+00 8.88e-16  1.29e-04     0s
   7  -1.51533375e+03 -1.51533384e+03  0.00e+00 8.88e-16  1.29e-07     0s
   8  -1.51533380e+03 -1.51533380e+03  0.00e+00 8.88e-16  1.33e-13     0s

Barrier solved model in 8 iterations and 0.01 seconds
Optimal objective -1.51533380e+03


Root relaxation: objective -1.515334e+03, 26 iterations, 0.00 seconds

    Nodes    |    Current Node    |     Objective Bounds      |     Work
 Expl Unexpl |  Obj  Depth IntInf | Incumbent    BestBd   Gap | It/Node Time

     0     0 -1515.3338    0   15    0.00000 -1515.3338      -     -    0s
H    0     0                    -1512.080000 -1515.3338  0.22%     -    0s

Explored 0 nodes (44 simplex iterations) in 0.01 seconds
Thread count was 20 (of 20 available processors)

Solution count 2: -1512.08 0 
Pool objective bound -1515.33

Optimal solution found (tolerance 5.00e-02)
Best objective -1.512080000000e+03, best bound -1.515330000000e+03, gap 0.2149%
(0, 1421.1799999999896)
(1, 1428.2499999999895)
(2, 1421.1799999999898)
(3, 1419.1599999999896)
(4, 1427.2399999999895)
(5, 1436.3299999999897)
(6, 1433.2999999999895)
(7, 1430.2699999999897)
(8, 1430.2699999999895)
(9, 1428.2499999999898)
(10, 1427.2399999999893)
(11, 1430.2699999999897)
(12, 1434.3099999999895)
(13, 1425.2199999999898)
(14, 1420.1699999999896)
(15, 1429.2599999999893)
(16, 1443.3999999999894)
(17, 1424.2099999999896)
(18, 1424.2099999999896)
(19, 1417.1399999999896)
(20, 1437.3399999999895)
(21, 1439.3599999999894)
(22, 1427.2399999999898)
(23, 1422.1899999999896)
(24, 1428.2499999999895)
(25, 1421.1799999999896)
(26, 1427.2399999999898)
(27, 1426.2299999999893)
(28, 1440.3699999999894)
(29, 1421.1799999999896)
(30, 1423.1999999999898)
(31, 1433.2999999999895)
(32, 1426.2299999999896)
(33, 1421.1799999999896)
(34, 1429.2599999999895)
(35, 1414.1099999999897)
(36, 1420.1699999999896)
(37, 1438.3499999999894)
(38, 1434.3099999999895)
(39, 1421.1799999999896)
(0, 1453.4999999999893)
(1, 1455.5199999999893)
(2, 1456.5299999999893)
(3, 1455.5199999999895)
(4, 1454.5099999999895)
(5, 1455.5199999999893)
(6, 1456.5299999999893)
(7, 1453.4999999999895)
(8, 1448.4499999999894)
(9, 1459.5599999999895)
(10, 1456.5299999999895)
(11, 1458.5499999999895)
(12, 1454.5099999999893)
(13, 1452.4899999999893)
(14, 1454.5099999999893)
(15, 1459.5599999999895)
(16, 1452.4899999999893)
(17, 1453.4999999999891)
(18, 1454.5099999999893)
(19, 1455.5199999999893)
(20, 1451.4799999999896)
(21, 1454.5099999999893)
(22, 1453.4999999999893)
(23, 1450.4699999999893)
(24, 1457.5399999999893)
(25, 1452.4899999999898)
(26, 1455.5199999999891)
(27, 1453.4999999999893)
(28, 1456.5299999999895)
(29, 1451.4799999999896)
(30, 1453.4999999999893)
(31, 1455.5199999999895)
(32, 1453.4999999999893)
(33, 1454.5099999999895)
(34, 1457.5399999999893)
(35, 1455.5199999999895)
(36, 1454.5099999999898)
(37, 1455.5199999999893)
(38, 1451.4799999999893)
(39, 1453.4999999999893)
Changed value of parameter MIPGap to 0.05
   Prev: 0.0001  Min: 0.0  Max: 1e+100  Default: 0.0001
Changed value of parameter TimeLimit to 1800.0
   Prev: 1e+100  Min: 0.0  Max: 1e+100  Default: 1e+100
Changed value of parameter Method to 2
   Prev: -1  Min: -1  Max: 4  Default: -1
Changed value of parameter MIPFocus to 1
   Prev: 0  Min: 0  Max: 3  Default: 0
Optimize a model with 3178 rows, 4617 columns and 9234 nonzeros
Variable types: 0 continuous, 4617 integer (4617 binary)
Coefficient statistics:
  Matrix range     [1e+00, 5e+00]
  Objective range  [1e+00, 1e+00]
  Bounds range     [1e+00, 1e+00]
  RHS range        [8e+01, 8e+01]
Found heuristic solution: objective 0
Presolve removed 3143 rows and 4289 columns
Presolve time: 0.00s
Presolved: 35 rows, 328 columns, 599 nonzeros
Variable types: 0 continuous, 328 integer (248 binary)
Presolved: 35 rows, 328 columns, 599 nonzeros

Root barrier log...

Ordering time: 0.00s

Barrier statistics:
 AA' NZ     : 2.600e+02
 Factor NZ  : 6.300e+02
 Factor Ops : 1.491e+04 (less than 1 second per iteration)
 Threads    : 1

                  Objective                Residual
Iter       Primal          Dual         Primal    Dual     Compl     Time
   0  -1.92483880e+03 -2.19957095e+03  1.13e+01 4.44e-16  2.63e+00     0s
   1  -1.51241598e+03 -1.80226393e+03  3.21e-01 3.30e-01  5.12e-01     0s
   2  -1.52220553e+03 -1.56888227e+03  1.85e-02 3.16e-02  7.07e-02     0s
   3  -1.53153751e+03 -1.54421192e+03  6.10e-03 2.66e-15  1.92e-02     0s
   4  -1.53754921e+03 -1.54104074e+03  8.33e-05 6.22e-15  5.12e-03     0s
   5  -1.53821838e+03 -1.53955397e+03  1.71e-06 1.78e-15  1.96e-03     0s
   6  -1.53854313e+03 -1.53870948e+03  0.00e+00 8.88e-16  2.43e-04     0s
   7  -1.53859351e+03 -1.53859372e+03  0.00e+00 8.88e-16  3.02e-07     0s
   8  -1.53859360e+03 -1.53859360e+03  0.00e+00 1.78e-15  3.36e-13     0s

Barrier solved model in 8 iterations and 0.01 seconds
Optimal objective -1.53859360e+03


Root relaxation: objective -1.538594e+03, 33 iterations, 0.00 seconds

    Nodes    |    Current Node    |     Objective Bounds      |     Work
 Expl Unexpl |  Obj  Depth IntInf | Incumbent    BestBd   Gap | It/Node Time

     0     0 -1538.5936    0   15    0.00000 -1538.5936      -     -    0s
H    0     0                    -1534.420000 -1538.5936  0.27%     -    0s

Explored 0 nodes (49 simplex iterations) in 0.01 seconds
Thread count was 20 (of 20 available processors)

Solution count 2: -1534.42 0 
Pool objective bound -1538.58

Optimal solution found (tolerance 5.00e-02)
Best objective -1.534420000000e+03, best bound -1.538580000000e+03, gap 0.2711%
(0, 1452.819999999979)
(1, 1456.8999999999789)
(2, 1442.6199999999792)
(3, 1448.7399999999789)
(4, 1451.7999999999788)
(5, 1446.6999999999798)
(6, 1454.859999999979)
(7, 1464.0399999999788)
(8, 1461.9999999999789)
(9, 1447.7199999999791)
(10, 1447.7199999999791)
(11, 1457.9199999999789)
(12, 1441.5999999999792)
(13, 1446.6999999999791)
(14, 1460.9799999999786)
(15, 1437.5199999999793)
(16, 1450.7799999999791)
(17, 1464.039999999979)
(18, 1448.7399999999791)
(19, 1449.7599999999791)
(20, 1449.7599999999791)
(21, 1445.6799999999789)
(22, 1456.8999999999792)
(23, 1470.1599999999787)
(24, 1451.799999999979)
(25, 1467.099999999979)
(26, 1437.5199999999793)
(27, 1454.8599999999792)
(28, 1447.7199999999789)
(29, 1450.7799999999791)
(30, 1463.0199999999788)
(31, 1463.0199999999791)
(32, 1461.9999999999786)
(33, 1452.8199999999788)
(34, 1463.0199999999786)
(35, 1460.9799999999789)
(36, 1452.819999999979)
(37, 1448.7399999999795)
(38, 1448.7399999999791)
(39, 1454.8599999999788)
(0, 1476.2799999999786)
(1, 1479.3399999999785)
(2, 1477.2999999999786)
(3, 1477.2999999999786)
(4, 1478.3199999999786)
(5, 1481.3799999999783)
(6, 1479.3399999999785)
(7, 1479.3399999999788)
(8, 1478.3199999999786)
(9, 1481.3799999999785)
(10, 1478.3199999999786)
(11, 1482.3999999999785)
(12, 1485.4599999999782)
(13, 1472.1999999999787)
(14, 1474.2399999999786)
(15, 1477.2999999999786)
(16, 1476.2799999999784)
(17, 1480.3599999999785)
(18, 1482.3999999999785)
(19, 1481.3799999999783)
(20, 1478.3199999999783)
(21, 1480.3599999999785)
(22, 1478.3199999999788)
(23, 1481.3799999999785)
(24, 1477.2999999999786)
(25, 1475.2599999999786)
(26, 1479.3399999999785)
(27, 1480.3599999999785)
(28, 1475.2599999999786)
(29, 1477.2999999999784)
(30, 1476.2799999999788)
(31, 1476.2799999999786)
(32, 1480.3599999999783)
(33, 1473.2199999999787)
(34, 1477.2999999999786)
(35, 1479.3399999999785)
(36, 1480.3599999999785)
(37, 1477.2999999999786)
(38, 1478.3199999999783)
(39, 1475.2599999999786)
Changed value of parameter MIPGap to 0.05
   Prev: 0.0001  Min: 0.0  Max: 1e+100  Default: 0.0001
Changed value of parameter TimeLimit to 1800.0
   Prev: 1e+100  Min: 0.0  Max: 1e+100  Default: 1e+100
Changed value of parameter Method to 2
   Prev: -1  Min: -1  Max: 4  Default: -1
Changed value of parameter MIPFocus to 1
   Prev: 0  Min: 0  Max: 3  Default: 0
Optimize a model with 3178 rows, 4617 columns and 9234 nonzeros
Variable types: 0 continuous, 4617 integer (4617 binary)
Coefficient statistics:
  Matrix range     [1e+00, 5e+00]
  Objective range  [1e+00, 1e+00]
  Bounds range     [1e+00, 1e+00]
  RHS range        [8e+01, 8e+01]
Found heuristic solution: objective 0
Presolve removed 3143 rows and 4289 columns
Presolve time: 0.00s
Presolved: 35 rows, 328 columns, 599 nonzeros
Variable types: 0 continuous, 328 integer (248 binary)
Presolved: 35 rows, 328 columns, 599 nonzeros

Root barrier log...

Ordering time: 0.00s

Barrier statistics:
 AA' NZ     : 2.600e+02
 Factor NZ  : 6.300e+02
 Factor Ops : 1.491e+04 (less than 1 second per iteration)
 Threads    : 1

                  Objective                Residual
Iter       Primal          Dual         Primal    Dual     Compl     Time
   0  -1.98463459e+03 -2.25161323e+03  1.13e+01 4.44e-16  2.65e+00     0s
   1  -1.55841991e+03 -1.84920276e+03  2.97e-01 3.24e-01  5.09e-01     0s
   2  -1.56937605e+03 -1.61343601e+03  3.20e-02 2.73e-02  6.79e-02     0s
   3  -1.57836749e+03 -1.59084350e+03  1.15e-02 1.78e-15  1.94e-02     0s
   4  -1.58364700e+03 -1.58820061e+03  1.28e-03 1.78e-15  6.86e-03     0s
   5  -1.58516567e+03 -1.58621874e+03  5.00e-05 8.88e-16  1.56e-03     0s
   6  -1.58540590e+03 -1.58578919e+03  8.18e-06 8.88e-16  5.63e-04     0s
   7  -1.58547407e+03 -1.58557755e+03  2.24e-06 1.78e-15  1.53e-04     0s
   8  -1.58550341e+03 -1.58552062e+03  0.00e+00 1.78e-15  2.55e-05     0s
   9  -1.58551199e+03 -1.58551201e+03  0.00e+00 1.78e-15  3.22e-08     0s
  10  -1.58551200e+03 -1.58551200e+03  0.00e+00 1.78e-15  3.39e-14     0s

Barrier solved model in 10 iterations and 0.01 seconds
Optimal objective -1.58551200e+03


Root relaxation: objective -1.585512e+03, 64 iterations, 0.00 seconds

    Nodes    |    Current Node    |     Objective Bounds      |     Work
 Expl Unexpl |  Obj  Depth IntInf | Incumbent    BestBd   Gap | It/Node Time

     0     0 -1585.5120    0   18    0.00000 -1585.5120      -     -    0s
H    0     0                    -1580.040000 -1585.5120  0.35%     -    0s

Explored 0 nodes (119 simplex iterations) in 0.01 seconds
Thread count was 20 (of 20 available processors)

Solution count 2: -1580.04 0 
Pool objective bound -1585.48

Optimal solution found (tolerance 5.00e-02)
Best objective -1.580040000000e+03, best bound -1.585480000000e+03, gap 0.3443%
(0, 1511.3999999999689)
(1, 1500.9999999999695)
(2, 1495.7999999999693)
(3, 1503.079999999969)
(4, 1498.9199999999691)
(5, 1502.0399999999693)
(6, 1498.9199999999694)
(7, 1484.3599999999703)
(8, 1507.2399999999691)
(9, 1500.9999999999693)
(10, 1485.3999999999699)
(11, 1478.1199999999701)
(12, 1512.4399999999689)
(13, 1485.3999999999701)
(14, 1487.47999999997)
(15, 1502.0399999999695)
(16, 1494.7599999999695)
(17, 1498.9199999999694)
(18, 1507.2399999999691)
(19, 1483.3199999999697)
(20, 1478.1199999999703)
(21, 1479.1599999999703)
(22, 1517.6399999999687)
(23, 1493.7199999999696)
(24, 1495.7999999999695)
(25, 1483.3199999999699)
(26, 1489.5599999999697)
(27, 1491.6399999999699)
(28, 1496.8399999999695)
(29, 1484.3599999999701)
(30, 1477.0799999999699)
(31, 1497.8799999999694)
(32, 1481.2399999999702)
(33, 1509.319999999969)
(34, 1493.7199999999696)
(35, 1502.039999999969)
(36, 1483.3199999999699)
(37, 1489.5599999999697)
(38, 1492.6799999999691)
(39, 1485.3999999999701)
(0, 1519.7199999999682)
(1, 1525.9599999999682)
(2, 1522.8399999999685)
(3, 1526.9999999999688)
(4, 1529.0799999999685)
(5, 1524.919999999968)
(6, 1519.7199999999686)
(7, 1523.8799999999685)
(8, 1525.9599999999684)
(9, 1522.8399999999685)
(10, 1529.0799999999683)
(11, 1525.9599999999682)
(12, 1528.0399999999686)
(13, 1523.8799999999685)
(14, 1528.0399999999688)
(15, 1529.0799999999681)
(16, 1524.9199999999689)
(17, 1518.6799999999689)
(18, 1529.0799999999681)
(19, 1523.8799999999685)
(20, 1529.0799999999685)
(21, 1526.9999999999682)
(22, 1529.0799999999683)
(23, 1523.8799999999683)
(24, 1519.7199999999686)
(25, 1524.9199999999687)
(26, 1528.0399999999684)
(27, 1521.7999999999686)
(28, 1525.9599999999684)
(29, 1523.8799999999687)
(30, 1528.0399999999684)
(31, 1522.8399999999685)
(32, 1520.7599999999686)
(33, 1521.7999999999686)
(34, 1523.8799999999685)
(35, 1525.9599999999687)
(36, 1524.9199999999687)
(37, 1526.9999999999682)
(38, 1524.9199999999685)
(39, 1523.8799999999685)
Changed value of parameter MIPGap to 0.05
   Prev: 0.0001  Min: 0.0  Max: 1e+100  Default: 0.0001
Changed value of parameter TimeLimit to 1800.0
   Prev: 1e+100  Min: 0.0  Max: 1e+100  Default: 1e+100
Changed value of parameter Method to 2
   Prev: -1  Min: -1  Max: 4  Default: -1
Changed value of parameter MIPFocus to 1
   Prev: 0  Min: 0  Max: 3  Default: 0
Optimize a model with 3178 rows, 4617 columns and 9234 nonzeros
Variable types: 0 continuous, 4617 integer (4617 binary)
Coefficient statistics:
  Matrix range     [1e+00, 5e+00]
  Objective range  [1e+00, 1e+00]
  Bounds range     [1e+00, 1e+00]
  RHS range        [8e+01, 8e+01]
Found heuristic solution: objective 0
Presolve removed 3143 rows and 4289 columns
Presolve time: 0.00s
Presolved: 35 rows, 328 columns, 599 nonzeros
Variable types: 0 continuous, 328 integer (248 binary)
Presolved: 35 rows, 328 columns, 599 nonzeros

Root barrier log...

Ordering time: 0.00s

Barrier statistics:
 AA' NZ     : 2.600e+02
 Factor NZ  : 6.300e+02
 Factor Ops : 1.491e+04 (less than 1 second per iteration)
 Threads    : 1

                  Objective                Residual
Iter       Primal          Dual         Primal    Dual     Compl     Time
   0  -2.01453059e+03 -2.27763437e+03  1.13e+01 8.88e-16  2.66e+00     0s
   1  -1.58154366e+03 -1.87273288e+03  2.85e-01 3.20e-01  5.08e-01     0s
   2  -1.59309654e+03 -1.63886034e+03  3.58e-02 2.90e-02  7.08e-02     0s
   3  -1.60208813e+03 -1.61560421e+03  1.29e-02 8.88e-16  2.10e-02     0s
   4  -1.60680002e+03 -1.61180855e+03  3.31e-03 8.88e-16  7.73e-03     0s
   5  -1.60847627e+03 -1.61078249e+03  1.44e-03 8.88e-16  3.55e-03     0s
   6  -1.60922457e+03 -1.61015224e+03  5.39e-04 8.88e-16  1.43e-03     0s
   7  -1.60969419e+03 -1.60983524e+03  5.43e-05 8.88e-16  2.18e-04     0s
   8  -1.60978983e+03 -1.60979013e+03  0.00e+00 8.88e-16  4.50e-07     0s
   9  -1.60979000e+03 -1.60979000e+03  0.00e+00 8.88e-16  4.50e-10     0s

Barrier solved model in 9 iterations and 0.01 seconds
Optimal objective -1.60979000e+03


Root relaxation: objective -1.609790e+03, 64 iterations, 0.00 seconds

    Nodes    |    Current Node    |     Objective Bounds      |     Work
 Expl Unexpl |  Obj  Depth IntInf | Incumbent    BestBd   Gap | It/Node Time

     0     0 -1609.7900    0   22    0.00000 -1609.7900      -     -    0s
H    0     0                    -1603.350000 -1609.7900  0.40%     -    0s

Explored 0 nodes (109 simplex iterations) in 0.01 seconds
Thread count was 20 (of 20 available processors)

Solution count 2: -1603.35 0 
Pool objective bound -1609.65

Optimal solution found (tolerance 5.00e-02)
Best objective -1.603350000000e+03, best bound -1.609650000000e+03, gap 0.3929%
(0, 1503.5999999999603)
(1, 1529.8499999999588)
(2, 1518.2999999999595)
(3, 1510.94999999996)
(4, 1516.1999999999596)
(5, 1516.1999999999596)
(6, 1504.6499999999605)
(7, 1516.1999999999593)
(8, 1546.6499999999583)
(9, 1537.1999999999587)
(10, 1510.94999999996)
(11, 1520.3999999999592)
(12, 1514.0999999999597)
(13, 1535.0999999999585)
(14, 1499.3999999999608)
(15, 1522.4999999999593)
(16, 1528.7999999999586)
(17, 1509.8999999999596)
(18, 1508.8499999999599)
(19, 1502.5499999999604)
(20, 1537.1999999999587)
(21, 1538.2499999999586)
(22, 1510.94999999996)
(23, 1519.3499999999592)
(24, 1526.6999999999591)
(25, 1519.3499999999594)
(26, 1532.9999999999586)
(27, 1508.8499999999601)
(28, 1517.2499999999595)
(29, 1504.6499999999605)
(30, 1517.2499999999595)
(31, 1511.9999999999598)
(32, 1509.8999999999598)
(33, 1513.0499999999597)
(34, 1508.8499999999597)
(35, 1527.7499999999588)
(36, 1505.6999999999603)
(37, 1507.7999999999599)
(38, 1502.5499999999599)
(39, 1513.0499999999597)
(0, 1550.8499999999581)
(1, 1553.9999999999579)
(2, 1552.9499999999582)
(3, 1551.899999999958)
(4, 1549.7999999999581)
(5, 1546.6499999999585)
(6, 1540.3499999999588)
(7, 1545.5999999999578)
(8, 1549.7999999999583)
(9, 1551.8999999999587)
(10, 1550.8499999999583)
(11, 1549.7999999999581)
(12, 1548.7499999999582)
(13, 1550.8499999999581)
(14, 1545.5999999999588)
(15, 1547.6999999999584)
(16, 1555.0499999999579)
(17, 1548.7499999999579)
(18, 1547.6999999999582)
(19, 1551.8999999999583)
(20, 1551.8999999999585)
(21, 1547.6999999999582)
(22, 1544.5499999999586)
(23, 1547.6999999999582)
(24, 1551.8999999999585)
(25, 1547.6999999999584)
(26, 1552.9499999999578)
(27, 1552.9499999999582)
(28, 1545.5999999999583)
(29, 1550.8499999999585)
(30, 1548.7499999999584)
(31, 1549.7999999999583)
(32, 1555.0499999999579)
(33, 1551.8999999999585)
(34, 1549.7999999999581)
(35, 1557.1499999999578)
(36, 1546.6499999999585)
(37, 1553.9999999999582)
(38, 1549.7999999999581)
(39, 1549.7999999999581)
Changed value of parameter MIPGap to 0.05
   Prev: 0.0001  Min: 0.0  Max: 1e+100  Default: 0.0001
Changed value of parameter TimeLimit to 1800.0
   Prev: 1e+100  Min: 0.0  Max: 1e+100  Default: 1e+100
Changed value of parameter Method to 2
   Prev: -1  Min: -1  Max: 4  Default: -1
Changed value of parameter MIPFocus to 1
   Prev: 0  Min: 0  Max: 3  Default: 0
Optimize a model with 3178 rows, 4617 columns and 9234 nonzeros
Variable types: 0 continuous, 4617 integer (4617 binary)
Coefficient statistics:
  Matrix range     [1e+00, 5e+00]
  Objective range  [1e+00, 2e+00]
  Bounds range     [1e+00, 1e+00]
  RHS range        [8e+01, 8e+01]
Found heuristic solution: objective 0
Presolve removed 3143 rows and 4289 columns
Presolve time: 0.00s
Presolved: 35 rows, 328 columns, 599 nonzeros
Variable types: 0 continuous, 328 integer (248 binary)
Presolved: 35 rows, 328 columns, 599 nonzeros

Root barrier log...

Ordering time: 0.00s

Barrier statistics:
 AA' NZ     : 2.600e+02
 Factor NZ  : 6.300e+02
 Factor Ops : 1.491e+04 (less than 1 second per iteration)
 Threads    : 1

                  Objective                Residual
Iter       Primal          Dual         Primal    Dual     Compl     Time
   0  -2.16399521e+03 -2.40804014e+03  1.13e+01 4.44e-16  2.71e+00     0s
   1  -1.69809331e+03 -1.99119375e+03  2.40e-01 3.05e-01  5.02e-01     0s
   2  -1.71587062e+03 -1.76460194e+03  2.72e-02 3.33e-02  7.41e-02     0s
   3  -1.72312262e+03 -1.74057828e+03  1.13e-02 3.55e-15  2.66e-02     0s
   4  -1.72911421e+03 -1.73331630e+03  2.50e-03 8.88e-16  6.40e-03     0s
   5  -1.73065952e+03 -1.73175542e+03  4.18e-04 1.78e-15  1.66e-03     0s
   6  -1.73117213e+03 -1.73138253e+03  4.35e-05 1.78e-15  3.13e-04     0s
   7  -1.73125313e+03 -1.73125644e+03  0.00e+00 1.78e-15  4.93e-06     0s
   8  -1.73125500e+03 -1.73125500e+03  0.00e+00 1.78e-15  3.71e-11     0s

Barrier solved model in 8 iterations and 0.01 seconds
Optimal objective -1.73125500e+03


Root relaxation: objective -1.731255e+03, 76 iterations, 0.00 seconds

    Nodes    |    Current Node    |     Objective Bounds      |     Work
 Expl Unexpl |  Obj  Depth IntInf | Incumbent    BestBd   Gap | It/Node Time

     0     0 -1731.2550    0   19    0.00000 -1731.2550      -     -    0s
H    0     0                    -1725.500000 -1731.2550  0.33%     -    0s

Explored 0 nodes (101 simplex iterations) in 0.01 seconds
Thread count was 20 (of 20 available processors)

Solution count 2: -1725.5 0 
Pool objective bound -1731.2

Optimal solution found (tolerance 5.00e-02)
Best objective -1.725500000000e+03, best bound -1.731200000000e+03, gap 0.3303%
(0, 1625.3999999999653)
(1, 1620.9999999999661)
(2, 1624.2999999999656)
(3, 1630.8999999999651)
(4, 1631.9999999999652)
(5, 1616.5999999999665)
(6, 1619.8999999999658)
(7, 1618.7999999999663)
(8, 1653.9999999999634)
(9, 1630.8999999999653)
(10, 1615.4999999999663)
(11, 1641.8999999999642)
(12, 1624.2999999999654)
(13, 1619.899999999966)
(14, 1622.0999999999658)
(15, 1634.1999999999648)
(16, 1616.5999999999663)
(17, 1627.599999999966)
(18, 1620.9999999999661)
(19, 1622.099999999966)
(20, 1626.4999999999654)
(21, 1640.7999999999645)
(22, 1623.1999999999659)
(23, 1626.4999999999654)
(24, 1616.5999999999663)
(25, 1623.1999999999659)
(26, 1629.7999999999654)
(27, 1638.5999999999649)
(28, 1620.9999999999659)
(29, 1623.1999999999662)
(30, 1628.6999999999653)
(31, 1627.5999999999658)
(32, 1628.6999999999655)
(33, 1618.7999999999661)
(34, 1627.5999999999651)
(35, 1631.9999999999652)
(36, 1622.0999999999658)
(37, 1629.7999999999654)
(38, 1636.3999999999651)
(39, 1624.2999999999656)
(0, 1666.0999999999622)
(1, 1667.1999999999621)
(2, 1671.5999999999617)
(3, 1666.0999999999624)
(4, 1672.6999999999618)
(5, 1672.6999999999618)
(6, 1668.299999999962)
(7, 1675.9999999999611)
(8, 1670.4999999999618)
(9, 1668.299999999962)
(10, 1666.0999999999622)
(11, 1668.2999999999622)
(12, 1674.8999999999617)
(13, 1663.8999999999628)
(14, 1670.499999999962)
(15, 1669.3999999999621)
(16, 1663.8999999999626)
(17, 1671.5999999999617)
(18, 1669.3999999999617)
(19, 1670.499999999962)
(20, 1672.6999999999618)
(21, 1671.5999999999619)
(22, 1666.0999999999619)
(23, 1666.0999999999626)
(24, 1667.1999999999621)
(25, 1667.1999999999625)
(26, 1668.2999999999618)
(27, 1662.7999999999627)
(28, 1662.7999999999627)
(29, 1672.6999999999614)
(30, 1663.8999999999626)
(31, 1668.299999999962)
(32, 1668.299999999962)
(33, 1662.7999999999622)
(34, 1664.9999999999625)
(35, 1672.6999999999618)
(36, 1669.3999999999621)
(37, 1666.0999999999624)
(38, 1666.0999999999622)
(39, 1669.3999999999619)
Changed value of parameter MIPGap to 0.05
   Prev: 0.0001  Min: 0.0  Max: 1e+100  Default: 0.0001
Changed value of parameter TimeLimit to 1800.0
   Prev: 1e+100  Min: 0.0  Max: 1e+100  Default: 1e+100
Changed value of parameter Method to 2
   Prev: -1  Min: -1  Max: 4  Default: -1
Changed value of parameter MIPFocus to 1
   Prev: 0  Min: 0  Max: 3  Default: 0
Optimize a model with 3178 rows, 4617 columns and 9234 nonzeros
Variable types: 0 continuous, 4617 integer (4617 binary)
Coefficient statistics:
  Matrix range     [1e+00, 5e+00]
  Objective range  [1e+00, 3e+00]
  Bounds range     [1e+00, 1e+00]
  RHS range        [8e+01, 8e+01]
Found heuristic solution: objective 0
Presolve removed 3143 rows and 4289 columns
Presolve time: 0.00s
Presolved: 35 rows, 328 columns, 599 nonzeros
Variable types: 0 continuous, 328 integer (248 binary)
Presolved: 35 rows, 328 columns, 599 nonzeros

Root barrier log...

Ordering time: 0.00s

Barrier statistics:
 AA' NZ     : 2.600e+02
 Factor NZ  : 6.300e+02
 Factor Ops : 1.491e+04 (less than 1 second per iteration)
 Threads    : 1

                  Objective                Residual
Iter       Primal          Dual         Primal    Dual     Compl     Time
   0  -2.46296210e+03 -2.67966024e+03  1.13e+01 8.88e-16  2.86e+00     0s
   1  -1.93446855e+03 -2.23874135e+03  1.43e-01 2.84e-01  4.98e-01     0s
   2  -1.96218741e+03 -2.01560629e+03  1.46e-02 3.47e-02  7.97e-02     0s
   3  -1.96878802e+03 -1.98170539e+03  7.85e-03 8.88e-16  1.95e-02     0s
   4  -1.97316415e+03 -1.97741100e+03  1.89e-03 1.78e-15  6.43e-03     0s
   5  -1.97493175e+03 -1.97627758e+03  5.04e-04 8.88e-16  2.03e-03     0s
   6  -1.97528711e+03 -1.97588075e+03  2.32e-04 8.88e-16  9.04e-04     0s
   7  -1.97569258e+03 -1.97571480e+03  0.00e+00 1.78e-15  3.24e-05     0s
   8  -1.97570000e+03 -1.97570001e+03  0.00e+00 1.78e-15  1.19e-08     0s
   9  -1.97570000e+03 -1.97570000e+03  0.00e+00 8.88e-16  1.19e-11     0s

Barrier solved model in 9 iterations and 0.01 seconds
Optimal objective -1.97570000e+03


Root relaxation: objective -1.975700e+03, 106 iterations, 0.00 seconds

    Nodes    |    Current Node    |     Objective Bounds      |     Work
 Expl Unexpl |  Obj  Depth IntInf | Incumbent    BestBd   Gap | It/Node Time

     0     0 -1975.7000    0   17    0.00000 -1975.7000      -     -    0s
H    0     0                    -1966.400000 -1975.7000  0.47%     -    0s

Explored 0 nodes (186 simplex iterations) in 0.01 seconds
Thread count was 20 (of 20 available processors)

Solution count 2: -1966.4 0 
Pool objective bound -1975.6

Optimal solution found (tolerance 5.00e-02)
Best objective -1.966400000000e+03, best bound -1.975600000000e+03, gap 0.4679%
(0, 1864.4000000000508)
(1, 1860.8000000000507)
(2, 1860.8000000000509)
(3, 1853.6000000000506)
(4, 1859.6000000000508)
(5, 1872.8000000000511)
(6, 1857.2000000000505)
(7, 1854.8000000000504)
(8, 1846.4000000000501)
(9, 1866.8000000000509)
(10, 1864.4000000000506)
(11, 1868.0000000000512)
(12, 1865.6000000000508)
(13, 1862.0000000000507)
(14, 1866.8000000000507)
(15, 1854.8000000000504)
(16, 1862.0000000000507)
(17, 1864.4000000000508)
(18, 1856.0000000000505)
(19, 1871.6000000000513)
(20, 1876.4000000000515)
(21, 1859.6000000000506)
(22, 1860.8000000000504)
(23, 1851.2000000000503)
(24, 1871.6000000000513)
(25, 1860.8000000000509)
(26, 1868.0000000000509)
(27, 1875.2000000000512)
(28, 1874.0000000000509)
(29, 1875.200000000051)
(30, 1857.2000000000505)
(31, 1884.8000000000513)
(32, 1854.8000000000504)
(33, 1870.4000000000513)
(34, 1859.6000000000506)
(35, 1866.8000000000509)
(36, 1858.4000000000506)
(37, 1852.4000000000503)
(38, 1875.2000000000512)
(39, 1851.2000000000503)
(0, 1906.4000000000524)
(1, 1900.4000000000522)
(2, 1905.2000000000523)
(3, 1901.6000000000522)
(4, 1902.800000000052)
(5, 1899.2000000000523)
(6, 1906.4000000000524)
(7, 1896.800000000052)
(8, 1902.800000000052)
(9, 1904.0000000000523)
(10, 1908.8000000000527)
(11, 1899.2000000000521)
(12, 1905.2000000000523)
(13, 1899.2000000000521)
(14, 1898.0000000000521)
(15, 1906.4000000000522)
(16, 1901.6000000000524)
(17, 1904.0000000000525)
(18, 1904.0000000000523)
(19, 1896.8000000000523)
(20, 1905.2000000000523)
(21, 1900.4000000000522)
(22, 1907.6000000000524)
(23, 1905.2000000000521)
(24, 1900.4000000000522)
(25, 1896.800000000052)
(26, 1896.800000000052)
(27, 1902.8000000000523)
(28, 1901.6000000000522)
(29, 1902.8000000000525)
(30, 1900.4000000000522)
(31, 1901.6000000000522)
(32, 1900.4000000000522)
(33, 1900.4000000000522)
(34, 1905.2000000000526)
(35, 1894.4000000000522)
(36, 1902.8000000000523)
(37, 1900.4000000000522)
(38, 1900.4000000000524)
(39, 1901.6000000000524)
Changed value of parameter MIPGap to 0.05
   Prev: 0.0001  Min: 0.0  Max: 1e+100  Default: 0.0001
Changed value of parameter TimeLimit to 1800.0
   Prev: 1e+100  Min: 0.0  Max: 1e+100  Default: 1e+100
Changed value of parameter Method to 2
   Prev: -1  Min: -1  Max: 4  Default: -1
Changed value of parameter MIPFocus to 1
   Prev: 0  Min: 0  Max: 3  Default: 0
Optimize a model with 3178 rows, 4617 columns and 9234 nonzeros
Variable types: 0 continuous, 4617 integer (4617 binary)
Coefficient statistics:
  Matrix range     [1e+00, 5e+00]
  Objective range  [1e+00, 4e+00]
  Bounds range     [1e+00, 1e+00]
  RHS range        [8e+01, 8e+01]
Found heuristic solution: objective 0
Presolve removed 3143 rows and 4292 columns
Presolve time: 0.00s
Presolved: 35 rows, 325 columns, 596 nonzeros
Variable types: 0 continuous, 325 integer (248 binary)
Presolved: 35 rows, 325 columns, 596 nonzeros

Root barrier log...

Ordering time: 0.00s

Barrier statistics:
 AA' NZ     : 2.600e+02
 Factor NZ  : 6.300e+02
 Factor Ops : 1.491e+04 (less than 1 second per iteration)
 Threads    : 1

                  Objective                Residual
Iter       Primal          Dual         Primal    Dual     Compl     Time
   0  -3.05462121e+03 -3.26042048e+03  1.12e+01 8.88e-16  3.31e+00     0s
   1  -2.41453995e+03 -2.76621613e+03  0.00e+00 2.83e-01  5.21e-01     0s
   2  -2.46668970e+03 -2.52653603e+03  0.00e+00 3.68e-02  8.76e-02     0s
   3  -2.47465956e+03 -2.49197061e+03  0.00e+00 1.78e-15  2.53e-02     0s
   4  -2.47983310e+03 -2.48562687e+03  0.00e+00 1.78e-15  8.46e-03     0s
   5  -2.48128460e+03 -2.48325433e+03  0.00e+00 8.88e-16  2.88e-03     0s
   6  -2.48217359e+03 -2.48225456e+03  0.00e+00 1.78e-15  1.18e-04     0s
   7  -2.48219999e+03 -2.48220001e+03  0.00e+00 8.88e-16  3.02e-08     0s
   8  -2.48220000e+03 -2.48220000e+03  0.00e+00 1.78e-15  3.04e-14     0s

Barrier solved model in 8 iterations and 0.01 seconds
Optimal objective -2.48220000e+03


Root relaxation: objective -2.482200e+03, 210 iterations, 0.00 seconds

    Nodes    |    Current Node    |     Objective Bounds      |     Work
 Expl Unexpl |  Obj  Depth IntInf | Incumbent    BestBd   Gap | It/Node Time

     0     0 -2482.2000    0   10    0.00000 -2482.2000      -     -    0s
H    0     0                    -2476.600000 -2482.2000  0.23%     -    0s

Explored 0 nodes (341 simplex iterations) in 0.01 seconds
Thread count was 20 (of 20 available processors)

Solution count 2: -2476.6 0 
Pool objective bound -2482.2

Optimal solution found (tolerance 5.00e-02)
Best objective -2.476600000000e+03, best bound -2.482200000000e+03, gap 0.2261%
(0, 2363.200000000083)
(1, 2354.8000000000825)
(2, 2347.800000000082)
(3, 2342.2000000000817)
(4, 2349.2000000000817)
(5, 2392.6000000000849)
(6, 2378.6000000000836)
(7, 2347.800000000082)
(8, 2361.8000000000829)
(9, 2363.2000000000826)
(10, 2343.6000000000818)
(11, 2342.2000000000821)
(12, 2366.0000000000832)
(13, 2352.0000000000823)
(14, 2357.6000000000827)
(15, 2356.2000000000821)
(16, 2361.8000000000829)
(17, 2364.6000000000827)
(18, 2347.800000000082)
(19, 2345.0000000000819)
(20, 2367.4000000000829)
(21, 2366.0000000000837)
(22, 2356.2000000000826)
(23, 2356.2000000000821)
(24, 2352.0000000000823)
(25, 2345.0000000000819)
(26, 2352.0000000000823)
(27, 2360.4000000000833)
(28, 2367.4000000000833)
(29, 2361.8000000000829)
(30, 2371.6000000000831)
(31, 2368.8000000000834)
(32, 2357.6000000000827)
(33, 2361.8000000000829)
(34, 2380.0000000000837)
(35, 2349.2000000000817)
(36, 2357.6000000000827)
(37, 2357.6000000000827)
(38, 2378.600000000084)
(39, 2359.0000000000828)
(0, 2394.000000000085)
(1, 2395.4000000000851)
(2, 2392.6000000000849)
(3, 2398.2000000000853)
(4, 2391.2000000000849)
(5, 2392.6000000000849)
(6, 2394.0000000000846)
(7, 2402.400000000086)
(8, 2394.000000000085)
(9, 2399.6000000000854)
(10, 2394.000000000085)
(11, 2389.8000000000848)
(12, 2394.000000000085)
(13, 2381.4000000000838)
(14, 2396.8000000000852)
(15, 2396.8000000000852)
(16, 2398.2000000000853)
(17, 2395.4000000000851)
(18, 2396.8000000000852)
(19, 2398.2000000000853)
(20, 2389.8000000000848)
(21, 2398.2000000000849)
(22, 2392.6000000000845)
(23, 2394.000000000085)
(24, 2398.2000000000849)
(25, 2396.8000000000852)
(26, 2396.8000000000852)
(27, 2396.8000000000848)
(28, 2392.6000000000845)
(29, 2391.2000000000849)
(30, 2396.8000000000852)
(31, 2394.000000000085)
(32, 2399.6000000000854)
(33, 2399.6000000000854)
(34, 2392.6000000000849)
(35, 2396.8000000000852)
(36, 2401.0000000000855)
(37, 2398.2000000000849)
(38, 2391.2000000000844)
(39, 2391.2000000000849)
Changed value of parameter MIPGap to 0.05
   Prev: 0.0001  Min: 0.0  Max: 1e+100  Default: 0.0001
Changed value of parameter TimeLimit to 1800.0
   Prev: 1e+100  Min: 0.0  Max: 1e+100  Default: 1e+100
Changed value of parameter Method to 2
   Prev: -1  Min: -1  Max: 4  Default: -1
Changed value of parameter MIPFocus to 1
   Prev: 0  Min: 0  Max: 3  Default: 0
Optimize a model with 3178 rows, 4617 columns and 9234 nonzeros
Variable types: 0 continuous, 4617 integer (4617 binary)
Coefficient statistics:
  Matrix range     [1e+00, 5e+00]
  Objective range  [2e+00, 5e+00]
  Bounds range     [1e+00, 1e+00]
  RHS range        [8e+01, 8e+01]
Found heuristic solution: objective 0
Presolve removed 3143 rows and 4289 columns
Presolve time: 0.00s
Presolved: 35 rows, 328 columns, 599 nonzeros
Variable types: 0 continuous, 328 integer (248 binary)
Presolved: 35 rows, 328 columns, 599 nonzeros

Root barrier log...

Ordering time: 0.00s

Barrier statistics:
 AA' NZ     : 2.600e+02
 Factor NZ  : 6.300e+02
 Factor Ops : 1.491e+04 (less than 1 second per iteration)
 Threads    : 1

                  Objective                Residual
Iter       Primal          Dual         Primal    Dual     Compl     Time
   0  -3.36119363e+03 -3.62449714e+03  1.13e+01 4.44e-16  3.78e+00     0s
   1  -2.65834471e+03 -3.06562189e+03  0.00e+00 3.31e-01  5.98e-01     0s
   2  -2.72042996e+03 -2.79483372e+03  0.00e+00 4.88e-02  1.08e-01     0s
   3  -2.73052274e+03 -2.75252339e+03  0.00e+00 1.78e-15  3.19e-02     0s
   4  -2.73722038e+03 -2.74205539e+03  0.00e+00 1.78e-15  7.00e-03     0s
   5  -2.73874051e+03 -2.73924227e+03  0.00e+00 1.78e-15  7.26e-04     0s
   6  -2.73899955e+03 -2.73900075e+03  0.00e+00 1.78e-15  1.73e-06     0s
   7  -2.73900000e+03 -2.73900000e+03  0.00e+00 1.78e-15  4.69e-12     0s

Barrier solved model in 7 iterations and 0.01 seconds
Optimal objective -2.73900000e+03


Root relaxation: objective -2.739000e+03, 209 iterations, 0.00 seconds

    Nodes    |    Current Node    |     Objective Bounds      |     Work
 Expl Unexpl |  Obj  Depth IntInf | Incumbent    BestBd   Gap | It/Node Time

     0     0 -2739.0000    0   10    0.00000 -2739.0000      -     -    0s
H    0     0                    -2731.500000 -2739.0000  0.27%     -    0s

Explored 0 nodes (311 simplex iterations) in 0.01 seconds
Thread count was 20 (of 20 available processors)

Solution count 2: -2731.5 0 
Pool objective bound -2739

Optimal solution found (tolerance 5.00e-02)
Best objective -2.731500000000e+03, best bound -2.739000000000e+03, gap 0.2746%
(0, 2614.5)
(1, 2616.0)
(2, 2601.0)
(3, 2611.5)
(4, 2598.0)
(5, 2590.5)
(6, 2601.0)
(7, 2622.0)
(8, 2589.0)
(9, 2608.5)
(10, 2619.0)
(11, 2614.5)
(12, 2604.0)
(13, 2592.0)
(14, 2596.5)
(15, 2593.5)
(16, 2602.5)
(17, 2605.5)
(18, 2593.5)
(19, 2611.5)
(20, 2593.5)
(21, 2616.0)
(22, 2607.0)
(23, 2614.5)
(24, 2605.5)
(25, 2598.0)
(26, 2631.0)
(27, 2586.0)
(28, 2587.5)
(29, 2619.0)
(30, 2596.5)
(31, 2593.5)
(32, 2617.5)
(33, 2601.0)
(34, 2610.0)
(35, 2650.5)
(36, 2598.0)
(37, 2610.0)
(38, 2595.0)
(39, 2601.0)
(0, 2653.5)
(1, 2647.5)
(2, 2640.0)
(3, 2646.0)
(4, 2653.5)
(5, 2641.5)
(6, 2644.5)
(7, 2650.5)
(8, 2646.0)
(9, 2649.0)
(10, 2649.0)
(11, 2649.0)
(12, 2641.5)
(13, 2641.5)
(14, 2649.0)
(15, 2640.0)
(16, 2644.5)
(17, 2641.5)
(18, 2644.5)
(19, 2641.5)
(20, 2647.5)
(21, 2643.0)
(22, 2646.0)
(23, 2638.5)
(24, 2644.5)
(25, 2641.5)
(26, 2644.5)
(27, 2646.0)
(28, 2646.0)
(29, 2634.0)
(30, 2649.0)
(31, 2647.5)
(32, 2641.5)
(33, 2644.5)
(34, 2638.5)
(35, 2653.5)
(36, 2634.0)
(37, 2644.5)
(38, 2647.5)
(39, 2647.5)
Changed value of parameter MIPGap to 0.05
   Prev: 0.0001  Min: 0.0  Max: 1e+100  Default: 0.0001
Changed value of parameter TimeLimit to 1800.0
   Prev: 1e+100  Min: 0.0  Max: 1e+100  Default: 1e+100
Changed value of parameter Method to 2
   Prev: -1  Min: -1  Max: 4  Default: -1
Changed value of parameter MIPFocus to 1
   Prev: 0  Min: 0  Max: 3  Default: 0
Optimize a model with 3178 rows, 4617 columns and 9234 nonzeros
Variable types: 0 continuous, 4617 integer (4617 binary)
Coefficient statistics:
  Matrix range     [1e+00, 5e+00]
  Objective range  [2e+00, 9e+00]
  Bounds range     [1e+00, 1e+00]
  RHS range        [8e+01, 8e+01]
Found heuristic solution: objective 0
Presolve removed 3143 rows and 4289 columns
Presolve time: 0.00s
Presolved: 35 rows, 328 columns, 599 nonzeros
Variable types: 0 continuous, 328 integer (248 binary)
Presolved: 35 rows, 328 columns, 599 nonzeros

Root barrier log...

Ordering time: 0.00s

Barrier statistics:
 AA' NZ     : 2.600e+02
 Factor NZ  : 6.300e+02
 Factor Ops : 1.491e+04 (less than 1 second per iteration)
 Threads    : 1

                  Objective                Residual
Iter       Primal          Dual         Primal    Dual     Compl     Time
   0  -4.86328886e+03 -5.78383337e+03  1.13e+01 8.88e-16  7.44e+00     0s
   1  -3.86137176e+03 -4.73386791e+03  0.00e+00 8.66e-01  1.29e+00     0s
   2  -3.98822302e+03 -4.12553191e+03  0.00e+00 1.17e-01  2.00e-01     0s
   3  -4.01254820e+03 -4.05443518e+03  0.00e+00 1.57e-02  6.07e-02     0s
   4  -4.02044752e+03 -4.03148773e+03  0.00e+00 3.55e-15  1.60e-02     0s
   5  -4.02201938e+03 -4.02470783e+03  0.00e+00 3.55e-15  3.89e-03     0s
   6  -4.02296069e+03 -4.02304748e+03  0.00e+00 3.55e-15  1.26e-04     0s
   7  -4.02300000e+03 -4.02300000e+03  0.00e+00 3.55e-15  9.36e-09     0s

Barrier solved model in 7 iterations and 0.01 seconds
Optimal objective -4.02300000e+03


Root relaxation: objective -4.023000e+03, 208 iterations, 0.00 seconds

    Nodes    |    Current Node    |     Objective Bounds      |     Work
 Expl Unexpl |  Obj  Depth IntInf | Incumbent    BestBd   Gap | It/Node Time

     0     0 -4023.0000    0   10    0.00000 -4023.0000      -     -    0s
H    0     0                    -4015.000000 -4023.0000  0.20%     -    0s

Explored 0 nodes (292 simplex iterations) in 0.01 seconds
Thread count was 20 (of 20 available processors)

Solution count 2: -4015 0 
Pool objective bound -4023

Optimal solution found (tolerance 5.00e-02)
Best objective -4.015000000000e+03, best bound -4.023000000000e+03, gap 0.1993%
(0, 3839.0)
(1, 3869.0)
(2, 3873.0)
(3, 3839.0)
(4, 3853.0)
(5, 3845.0)
(6, 3871.0)
(7, 3833.0)
(8, 3847.0)
(9, 3839.0)
(10, 3859.0)
(11, 3845.0)
(12, 3847.0)
(13, 3857.0)
(14, 3835.0)
(15, 3859.0)
(16, 3839.0)
(17, 3889.0)
(18, 3875.0)
(19, 3817.0)
(20, 3853.0)
(21, 3849.0)
(22, 3833.0)
(23, 3843.0)
(24, 3847.0)
(25, 3863.0)
(26, 3835.0)
(27, 3841.0)
(28, 3851.0)
(29, 3877.0)
(30, 3841.0)
(31, 3845.0)
(32, 3831.0)
(33, 3851.0)
(34, 3849.0)
(35, 3879.0)
(36, 3869.0)
(37, 3857.0)
(38, 3831.0)
(39, 3849.0)
(0, 3905.0)
(1, 3897.0)
(2, 3917.0)
(3, 3907.0)
(4, 3891.0)
(5, 3897.0)
(6, 3891.0)
(7, 3895.0)
(8, 3893.0)
(9, 3895.0)
(10, 3897.0)
(11, 3897.0)
(12, 3897.0)
(13, 3895.0)
(14, 3901.0)
(15, 3891.0)
(16, 3885.0)
(17, 3905.0)
(18, 3891.0)
(19, 3899.0)
(20, 3901.0)
(21, 3901.0)
(22, 3903.0)
(23, 3901.0)
(24, 3899.0)
(25, 3891.0)
(26, 3901.0)
(27, 3891.0)
(28, 3905.0)
(29, 3909.0)
(30, 3895.0)
(31, 3907.0)
(32, 3893.0)
(33, 3903.0)
(34, 3891.0)
(35, 3899.0)
(36, 3893.0)
(37, 3901.0)
(38, 3901.0)
(39, 3893.0)
Changed value of parameter MIPGap to 0.05
   Prev: 0.0001  Min: 0.0  Max: 1e+100  Default: 0.0001
Changed value of parameter TimeLimit to 1800.0
   Prev: 1e+100  Min: 0.0  Max: 1e+100  Default: 1e+100
Changed value of parameter Method to 2
   Prev: -1  Min: -1  Max: 4  Default: -1
Changed value of parameter MIPFocus to 1
   Prev: 0  Min: 0  Max: 3  Default: 0
Optimize a model with 3178 rows, 4617 columns and 9234 nonzeros
Variable types: 0 continuous, 4617 integer (4617 binary)
Coefficient statistics:
  Matrix range     [1e+00, 5e+00]
  Objective range  [3e+00, 2e+01]
  Bounds range     [1e+00, 1e+00]
  RHS range        [8e+01, 8e+01]
Found heuristic solution: objective 0
Presolve removed 3143 rows and 4289 columns
Presolve time: 0.00s
Presolved: 35 rows, 328 columns, 599 nonzeros
Variable types: 0 continuous, 328 integer (248 binary)
Presolved: 35 rows, 328 columns, 599 nonzeros

Root barrier log...

Ordering time: 0.00s

Barrier statistics:
 AA' NZ     : 2.600e+02
 Factor NZ  : 6.300e+02
 Factor Ops : 1.491e+04 (less than 1 second per iteration)
 Threads    : 1

                  Objective                Residual
Iter       Primal          Dual         Primal    Dual     Compl     Time
   0  -7.86481584e+03 -1.01025058e+04  1.14e+01 1.78e-15  1.48e+01     0s
   1  -6.28713140e+03 -8.07470132e+03  0.00e+00 1.95e+00  2.67e+00     0s
   2  -6.52086899e+03 -6.77699558e+03  0.00e+00 2.38e-01  3.74e-01     0s
   3  -6.57858748e+03 -6.63881021e+03  0.00e+00 3.00e-02  8.72e-02     0s
   4  -6.58390576e+03 -6.62640815e+03  0.00e+00 3.55e-15  6.16e-02     0s
   5  -6.58942398e+03 -6.60567132e+03  0.00e+00 3.55e-15  2.35e-02     0s
   6  -6.59072506e+03 -6.59188841e+03  0.00e+00 3.55e-15  1.68e-03     0s
   7  -6.59099988e+03 -6.59100468e+03  0.00e+00 3.55e-15  6.96e-06     0s
   8  -6.59100000e+03 -6.59100000e+03  0.00e+00 3.55e-15  7.01e-12     0s

Barrier solved model in 8 iterations and 0.01 seconds
Optimal objective -6.59100000e+03


Root relaxation: objective -6.591000e+03, 208 iterations, 0.00 seconds

    Nodes    |    Current Node    |     Objective Bounds      |     Work
 Expl Unexpl |  Obj  Depth IntInf | Incumbent    BestBd   Gap | It/Node Time

     0     0 -6591.0000    0   10    0.00000 -6591.0000      -     -    0s
H    0     0                    -6576.000000 -6591.0000  0.23%     -    0s

Explored 0 nodes (341 simplex iterations) in 0.01 seconds
Thread count was 20 (of 20 available processors)

Solution count 2: -6576 0 
Pool objective bound -6591

Optimal solution found (tolerance 5.00e-02)
Best objective -6.576000000000e+03, best bound -6.591000000000e+03, gap 0.2281%
(0, 6408.0)
(1, 6378.0)
(2, 6366.0)
(3, 6420.0)
(4, 6405.0)
(5, 6357.0)
(6, 6390.0)
(7, 6378.0)
(8, 6387.0)
(9, 6372.0)
(10, 6420.0)
(11, 6423.0)
(12, 6381.0)
(13, 6411.0)
(14, 6405.0)
(15, 6342.0)
(16, 6384.0)
(17, 6348.0)
(18, 6402.0)
(19, 6363.0)
(20, 6366.0)
(21, 6375.0)
(22, 6366.0)
(23, 6432.0)
(24, 6375.0)
(25, 6282.0)
(26, 6387.0)
(27, 6354.0)
(28, 6378.0)
(29, 6360.0)
(30, 6399.0)
(31, 6396.0)
(32, 6357.0)
(33, 6405.0)
(34, 6399.0)
(35, 6420.0)
(36, 6411.0)
(37, 6381.0)
(38, 6387.0)
(39, 6402.0)
(0, 6408.0)
(1, 6399.0)
(2, 6405.0)
(3, 6402.0)
(4, 6393.0)
(5, 6408.0)
(6, 6411.0)
(7, 6402.0)
(8, 6402.0)
(9, 6423.0)
(10, 6393.0)
(11, 6390.0)
(12, 6417.0)
(13, 6393.0)
(14, 6411.0)
(15, 6405.0)
(16, 6399.0)
(17, 6390.0)
(18, 6399.0)
(19, 6420.0)
(20, 6411.0)
(21, 6405.0)
(22, 6408.0)
(23, 6384.0)
(24, 6414.0)
(25, 6393.0)
(26, 6420.0)
(27, 6405.0)
(28, 6399.0)
(29, 6402.0)
(30, 6384.0)
(31, 6396.0)
(32, 6408.0)
(33, 6396.0)
(34, 6408.0)
(35, 6405.0)
(36, 6402.0)
(37, 6390.0)
(38, 6417.0)
(39, 6423.0)
Changed value of parameter MIPGap to 0.05
   Prev: 0.0001  Min: 0.0  Max: 1e+100  Default: 0.0001
Changed value of parameter TimeLimit to 1800.0
   Prev: 1e+100  Min: 0.0  Max: 1e+100  Default: 1e+100
Changed value of parameter Method to 2
   Prev: -1  Min: -1  Max: 4  Default: -1
Changed value of parameter MIPFocus to 1
   Prev: 0  Min: 0  Max: 3  Default: 0
Optimize a model with 3178 rows, 4617 columns and 9234 nonzeros
Variable types: 0 continuous, 4617 integer (4617 binary)
Coefficient statistics:
  Matrix range     [1e+00, 5e+00]
  Objective range  [5e+00, 3e+01]
  Bounds range     [1e+00, 1e+00]
  RHS range        [8e+01, 8e+01]
Found heuristic solution: objective 0
Presolve removed 3143 rows and 4289 columns
Presolve time: 0.00s
Presolved: 35 rows, 328 columns, 599 nonzeros
Variable types: 0 continuous, 328 integer (248 binary)
Presolved: 35 rows, 328 columns, 599 nonzeros

Root barrier log...

Ordering time: 0.00s

Barrier statistics:
 AA' NZ     : 2.600e+02
 Factor NZ  : 6.300e+02
 Factor Ops : 1.491e+04 (less than 1 second per iteration)
 Threads    : 1

                  Objective                Residual
Iter       Primal          Dual         Primal    Dual     Compl     Time
   0  -1.38665871e+04 -1.87778282e+04  1.14e+01 3.55e-15  2.96e+01     0s
   1  -1.11483872e+04 -1.47765409e+04  0.00e+00 4.14e+00  5.44e+00     0s
   2  -1.15943463e+04 -1.20549547e+04  0.00e+00 4.42e-01  6.73e-01     0s
   3  -1.17042372e+04 -1.18073308e+04  0.00e+00 5.87e-02  1.49e-01     0s
   4  -1.17222746e+04 -1.17523398e+04  0.00e+00 1.42e-14  4.35e-02     0s
   5  -1.17244707e+04 -1.17316518e+04  0.00e+00 7.11e-15  1.04e-02     0s
   6  -1.17269470e+04 -1.17270524e+04  0.00e+00 7.11e-15  1.53e-04     0s
   7  -1.17270000e+04 -1.17270000e+04  0.00e+00 1.42e-14  6.07e-09     0s

Barrier solved model in 7 iterations and 0.01 seconds
Optimal objective -1.17270000e+04


Root relaxation: objective -1.172700e+04, 207 iterations, 0.00 seconds

    Nodes    |    Current Node    |     Objective Bounds      |     Work
 Expl Unexpl |  Obj  Depth IntInf | Incumbent    BestBd   Gap | It/Node Time

     0     0 -11727.000    0   10    0.00000 -11727.000      -     -    0s
H    0     0                    -11702.00000 -11727.000  0.21%     -    0s

Explored 0 nodes (311 simplex iterations) in 0.01 seconds
Thread count was 20 (of 20 available processors)

Solution count 2: -11702 0 
Pool objective bound -11727

Optimal solution found (tolerance 5.00e-02)
Best objective -1.170200000000e+04, best bound -1.172700000000e+04, gap 0.2136%
(0, 11307.0)
(1, 11312.0)
(2, 11332.0)
(3, 11352.0)
(4, 11317.0)
(5, 11272.0)
(6, 11342.0)
(7, 11337.0)
(8, 11307.0)
(9, 11317.0)
(10, 11337.0)
(11, 11312.0)
(12, 11327.0)
(13, 11302.0)
(14, 11347.0)
(15, 11347.0)
(16, 11247.0)
(17, 11262.0)
(18, 11312.0)
(19, 11322.0)
(20, 11257.0)
(21, 11292.0)
(22, 11287.0)
(23, 11232.0)
(24, 11297.0)
(25, 11312.0)
(26, 11352.0)
(27, 11292.0)
(28, 11342.0)
(29, 11267.0)
(30, 11272.0)
(31, 11322.0)
(32, 11347.0)
(33, 11322.0)
(34, 11317.0)
(35, 11332.0)
(36, 11342.0)
(37, 11362.0)
(38, 11347.0)
(39, 11262.0)
(0, 11397.0)
(1, 11392.0)
(2, 11407.0)
(3, 11387.0)
(4, 11392.0)
(5, 11367.0)
(6, 11422.0)
(7, 11412.0)
(8, 11417.0)
(9, 11397.0)
(10, 11387.0)
(11, 11397.0)
(12, 11417.0)
(13, 11412.0)
(14, 11387.0)
(15, 11397.0)
(16, 11432.0)
(17, 11407.0)
(18, 11382.0)
(19, 11397.0)
(20, 11412.0)
(21, 11412.0)
(22, 11417.0)
(23, 11387.0)
(24, 11402.0)
(25, 11392.0)
(26, 11402.0)
(27, 11397.0)
(28, 11387.0)
(29, 11407.0)
(30, 11412.0)
(31, 11407.0)
(32, 11417.0)
(33, 11402.0)
(34, 11392.0)
(35, 11387.0)
(36, 11382.0)
(37, 11392.0)
(38, 11377.0)
(39, 11407.0)
Changed value of parameter MIPGap to 0.05
   Prev: 0.0001  Min: 0.0  Max: 1e+100  Default: 0.0001
Changed value of parameter TimeLimit to 1800.0
   Prev: 1e+100  Min: 0.0  Max: 1e+100  Default: 1e+100
Changed value of parameter Method to 2
   Prev: -1  Min: -1  Max: 4  Default: -1
Changed value of parameter MIPFocus to 1
   Prev: 0  Min: 0  Max: 3  Default: 0
Optimize a model with 3178 rows, 4617 columns and 9234 nonzeros
Variable types: 0 continuous, 4617 integer (4617 binary)
Coefficient statistics:
  Matrix range     [1e+00, 5e+00]
  Objective range  [6e+00, 4e+01]
  Bounds range     [1e+00, 1e+00]
  RHS range        [8e+01, 8e+01]
Found heuristic solution: objective 0
Presolve removed 3143 rows and 4289 columns
Presolve time: 0.00s
Presolved: 35 rows, 328 columns, 599 nonzeros
Variable types: 0 continuous, 328 integer (248 binary)
Presolved: 35 rows, 328 columns, 599 nonzeros

Root barrier log...

Ordering time: 0.00s

Barrier statistics:
 AA' NZ     : 2.600e+02
 Factor NZ  : 6.300e+02
 Factor Ops : 1.491e+04 (less than 1 second per iteration)
 Threads    : 1

                  Objective                Residual
Iter       Primal          Dual         Primal    Dual     Compl     Time
   0  -1.68673626e+04 -2.31300139e+04  1.14e+01 7.11e-15  3.70e+01     0s
   1  -1.35793531e+04 -1.81346424e+04  0.00e+00 5.26e+00  6.84e+00     0s
   2  -1.41296878e+04 -1.46989625e+04  0.00e+00 5.50e-01  8.33e-01     0s
   3  -1.42717973e+04 -1.43870951e+04  0.00e+00 6.11e-02  1.67e-01     0s
   4  -1.42802525e+04 -1.43639741e+04  0.00e+00 7.11e-15  1.21e-01     0s
   5  -1.42919377e+04 -1.43267170e+04  0.00e+00 1.42e-14  5.03e-02     0s
   6  -1.42946081e+04 -1.42963848e+04  0.00e+00 7.11e-15  2.57e-03     0s
   7  -1.42949999e+04 -1.42950053e+04  0.00e+00 1.42e-14  7.83e-06     0s
   8  -1.42950000e+04 -1.42950000e+04  0.00e+00 1.42e-14  8.68e-12     0s

Barrier solved model in 8 iterations and 0.01 seconds
Optimal objective -1.42950000e+04


Root relaxation: objective -1.429500e+04, 207 iterations, 0.00 seconds

    Nodes    |    Current Node    |     Objective Bounds      |     Work
 Expl Unexpl |  Obj  Depth IntInf | Incumbent    BestBd   Gap | It/Node Time

     0     0 -14295.000    0   14    0.00000 -14295.000      -     -    0s
H    0     0                    -14271.00000 -14295.000  0.17%     -    0s

Explored 0 nodes (280 simplex iterations) in 0.01 seconds
Thread count was 20 (of 20 available processors)

Solution count 2: -14271 0 
Pool objective bound -14295

Optimal solution found (tolerance 5.00e-02)
Best objective -1.427100000000e+04, best bound -1.429500000000e+04, gap 0.1682%
(0, 13773.0)
(1, 13719.0)
(2, 13833.0)
(3, 13857.0)
(4, 13773.0)
(5, 13725.0)
(6, 13815.0)
(7, 13767.0)
(8, 13839.0)
(9, 13725.0)
(10, 13833.0)
(11, 13839.0)
(12, 13845.0)
(13, 13803.0)
(14, 13749.0)
(15, 13797.0)
(16, 13875.0)
(17, 13815.0)
(18, 13851.0)
(19, 13815.0)
(20, 13761.0)
(21, 13809.0)
(22, 13809.0)
(23, 13773.0)
(24, 13821.0)
(25, 13821.0)
(26, 13755.0)
(27, 13815.0)
(28, 13785.0)
(29, 13815.0)
(30, 13833.0)
(31, 13749.0)
(32, 13731.0)
(33, 13761.0)
(34, 13851.0)
(35, 13839.0)
(36, 13815.0)
(37, 13863.0)
(38, 13785.0)
(39, 13785.0)
(0, 13899.0)
(1, 13893.0)
(2, 13899.0)
(3, 13929.0)
(4, 13929.0)
(5, 13881.0)
(6, 13893.0)
(7, 13935.0)
(8, 13887.0)
(9, 13911.0)
(10, 13899.0)
(11, 13905.0)
(12, 13911.0)
(13, 13887.0)
(14, 13887.0)
(15, 13893.0)
(16, 13911.0)
(17, 13887.0)
(18, 13893.0)
(19, 13929.0)
(20, 13893.0)
(21, 13917.0)
(22, 13911.0)
(23, 13899.0)
(24, 13905.0)
(25, 13899.0)
(26, 13923.0)
(27, 13923.0)
(28, 13887.0)
(29, 13905.0)
(30, 13917.0)
(31, 13887.0)
(32, 13899.0)
(33, 13911.0)
(34, 13893.0)
(35, 13905.0)
(36, 13899.0)
(37, 13905.0)
(38, 13905.0)
(39, 13941.0)
Changed value of parameter MIPGap to 0.05
   Prev: 0.0001  Min: 0.0  Max: 1e+100  Default: 0.0001
Changed value of parameter TimeLimit to 1800.0
   Prev: 1e+100  Min: 0.0  Max: 1e+100  Default: 1e+100
Changed value of parameter Method to 2
   Prev: -1  Min: -1  Max: 4  Default: -1
Changed value of parameter MIPFocus to 1
   Prev: 0  Min: 0  Max: 3  Default: 0
Optimize a model with 3178 rows, 4617 columns and 9234 nonzeros
Variable types: 0 continuous, 4617 integer (4617 binary)
Coefficient statistics:
  Matrix range     [1e+00, 5e+00]
  Objective range  [1e+01, 8e+01]
  Bounds range     [1e+00, 1e+00]
  RHS range        [8e+01, 8e+01]
Found heuristic solution: objective 0
Presolve removed 3143 rows and 4289 columns
Presolve time: 0.00s
Presolved: 35 rows, 328 columns, 599 nonzeros
Variable types: 0 continuous, 328 integer (248 binary)
Presolved: 35 rows, 328 columns, 599 nonzeros

Root barrier log...

Ordering time: 0.00s

Barrier statistics:
 AA' NZ     : 2.600e+02
 Factor NZ  : 6.300e+02
 Factor Ops : 1.491e+04 (less than 1 second per iteration)
 Threads    : 1

                  Objective                Residual
Iter       Primal          Dual         Primal    Dual     Compl     Time
   0  -3.18709011e+04 -4.48909425e+04  1.14e+01 1.42e-14  7.42e+01     0s
   1  -2.57368502e+04 -3.49256738e+04  0.00e+00 1.08e+01  1.38e+01     0s
   2  -2.68306866e+04 -2.78925002e+04  0.00e+00 1.05e+00  1.55e+00     0s
   3  -2.70861011e+04 -2.73041657e+04  0.00e+00 1.16e-01  3.16e-01     0s
   4  -2.71226522e+04 -2.71877385e+04  0.00e+00 1.42e-14  9.42e-02     0s
   5  -2.71284461e+04 -2.71475785e+04  0.00e+00 2.84e-14  2.77e-02     0s
   6  -2.71347967e+04 -2.71354775e+04  0.00e+00 2.84e-14  9.85e-04     0s
   7  -2.71350000e+04 -2.71350001e+04  0.00e+00 2.84e-14  8.75e-08     0s
   8  -2.71350000e+04 -2.71350000e+04  1.47e-15 2.84e-14  8.81e-14     0s

Barrier solved model in 8 iterations and 0.01 seconds
Optimal objective -2.71350000e+04


Root relaxation: objective -2.713500e+04, 207 iterations, 0.00 seconds

    Nodes    |    Current Node    |     Objective Bounds      |     Work
 Expl Unexpl |  Obj  Depth IntInf | Incumbent    BestBd   Gap | It/Node Time

     0     0 -27135.000    0   12    0.00000 -27135.000      -     -    0s
H    0     0                    -27091.00000 -27135.000  0.16%     -    0s

Explored 0 nodes (291 simplex iterations) in 0.01 seconds
Thread count was 20 (of 20 available processors)

Solution count 2: -27091 0 
Pool objective bound -27135

Optimal solution found (tolerance 5.00e-02)
Best objective -2.709100000000e+04, best bound -2.713500000000e+04, gap 0.1624%
(0, 26332.0)
(1, 26200.0)
(2, 26222.0)
(3, 26211.0)
(4, 26277.0)
(5, 26266.0)
(6, 26134.0)
(7, 26266.0)
(8, 26233.0)
(9, 26123.0)
(10, 26222.0)
(11, 26145.0)
(12, 26222.0)
(13, 26200.0)
(14, 26277.0)
(15, 26189.0)
(16, 26244.0)
(17, 26145.0)
(18, 26332.0)
(19, 26200.0)
(20, 26156.0)
(21, 26178.0)
(22, 26211.0)
(23, 26255.0)
(24, 26233.0)
(25, 26321.0)
(26, 26145.0)
(27, 26299.0)
(28, 26244.0)
(29, 26288.0)
(30, 26255.0)
(31, 26167.0)
(32, 26222.0)
(33, 26222.0)
(34, 26244.0)
(35, 26123.0)
(36, 26288.0)
(37, 26310.0)
(38, 26277.0)
(39, 26222.0)
(0, 26453.0)
(1, 26431.0)
(2, 26442.0)
(3, 26420.0)
(4, 26442.0)
(5, 26398.0)
(6, 26453.0)
(7, 26464.0)
(8, 26376.0)
(9, 26420.0)
(10, 26431.0)
(11, 26464.0)
(12, 26420.0)
(13, 26464.0)
(14, 26420.0)
(15, 26398.0)
(16, 26442.0)
(17, 26387.0)
(18, 26453.0)
(19, 26453.0)
(20, 26376.0)
(21, 26420.0)
(22, 26420.0)
(23, 26453.0)
(24, 26420.0)
(25, 26442.0)
(26, 26431.0)
(27, 26420.0)
(28, 26409.0)
(29, 26398.0)
(30, 26475.0)
(31, 26420.0)
(32, 26442.0)
(33, 26387.0)
(34, 26398.0)
(35, 26442.0)
(36, 26387.0)
(37, 26420.0)
(38, 26497.0)
(39, 26387.0)
Changed value of parameter MIPGap to 0.05
   Prev: 0.0001  Min: 0.0  Max: 1e+100  Default: 0.0001
Changed value of parameter TimeLimit to 1800.0
   Prev: 1e+100  Min: 0.0  Max: 1e+100  Default: 1e+100
Changed value of parameter Method to 2
   Prev: -1  Min: -1  Max: 4  Default: -1
Changed value of parameter MIPFocus to 1
   Prev: 0  Min: 0  Max: 3  Default: 0
Optimize a model with 3178 rows, 4617 columns and 9234 nonzeros
Variable types: 0 continuous, 4617 integer (4617 binary)
Coefficient statistics:
  Matrix range     [1e+00, 5e+00]
  Objective range  [2e+01, 2e+02]
  Bounds range     [1e+00, 1e+00]
  RHS range        [8e+01, 8e+01]
Found heuristic solution: objective 0
Presolve removed 3143 rows and 4289 columns
Presolve time: 0.00s
Presolved: 35 rows, 328 columns, 599 nonzeros
Variable types: 0 continuous, 328 integer (248 binary)
Presolved: 35 rows, 328 columns, 599 nonzeros

Root barrier log...

Ordering time: 0.00s

Barrier statistics:
 AA' NZ     : 2.600e+02
 Factor NZ  : 6.300e+02
 Factor Ops : 1.491e+04 (less than 1 second per iteration)
 Threads    : 1

                  Objective                Residual
Iter       Primal          Dual         Primal    Dual     Compl     Time
   0  -6.18776399e+04 -8.84127995e+04  1.14e+01 2.84e-14  1.49e+02     0s
   1  -5.00545504e+04 -6.85082594e+04  0.00e+00 2.19e+01  2.78e+01     0s
   2  -5.22080374e+04 -5.42901804e+04  0.00e+00 2.06e+00  3.05e+00     0s
   3  -5.27234026e+04 -5.31426593e+04  0.00e+00 2.35e-01  6.07e-01     0s
   4  -5.27937950e+04 -5.29197468e+04  0.00e+00 5.68e-14  1.82e-01     0s
   5  -5.28034464e+04 -5.28399148e+04  0.00e+00 5.68e-14  5.28e-02     0s
   6  -5.28146799e+04 -5.28156088e+04  0.00e+00 5.68e-14  1.34e-03     0s
   7  -5.28150000e+04 -5.28150000e+04  0.00e+00 5.68e-14  5.97e-08     0s
   8  -5.28150000e+04 -5.28150000e+04  1.03e-15 5.68e-14  6.17e-14     0s

Barrier solved model in 8 iterations and 0.01 seconds
Optimal objective -5.28150000e+04


Root relaxation: objective -5.281500e+04, 207 iterations, 0.00 seconds

    Nodes    |    Current Node    |     Objective Bounds      |     Work
 Expl Unexpl |  Obj  Depth IntInf | Incumbent    BestBd   Gap | It/Node Time

     0     0 -52815.000    0   12    0.00000 -52815.000      -     -    0s
H    0     0                    -52731.00000 -52815.000  0.16%     -    0s

Explored 0 nodes (295 simplex iterations) in 0.01 seconds
Thread count was 20 (of 20 available processors)

Solution count 2: -52731 0 
Pool objective bound -52815

Optimal solution found (tolerance 5.00e-02)
Best objective -5.273100000000e+04, best bound -5.281500000000e+04, gap 0.1593%
(0, 50904.0)
(1, 51009.0)
(2, 50988.0)
(3, 51114.0)
(4, 50904.0)
(5, 50799.0)
(6, 51261.0)
(7, 50925.0)
(8, 51030.0)
(9, 50715.0)
(10, 50862.0)
(11, 51051.0)
(12, 50820.0)
(13, 50904.0)
(14, 50967.0)
(15, 50799.0)
(16, 50799.0)
(17, 50967.0)
(18, 50988.0)
(19, 50883.0)
(20, 50883.0)
(21, 50904.0)
(22, 51366.0)
(23, 50883.0)
(24, 51093.0)
(25, 50988.0)
(26, 51219.0)
(27, 51324.0)
(28, 50862.0)
(29, 51345.0)
(30, 50715.0)
(31, 50904.0)
(32, 50946.0)
(33, 50820.0)
(34, 50925.0)
(35, 50904.0)
(36, 50904.0)
(37, 50946.0)
(38, 50967.0)
(39, 51009.0)
(0, 51408.0)
(1, 51471.0)
(2, 51408.0)
(3, 51324.0)
(4, 51324.0)
(5, 51429.0)
(6, 51387.0)
(7, 51450.0)
(8, 51513.0)
(9, 51450.0)
(10, 51408.0)
(11, 51492.0)
(12, 51429.0)
(13, 51303.0)
(14, 51366.0)
(15, 51408.0)
(16, 51429.0)
(17, 51387.0)
(18, 51408.0)
(19, 51429.0)
(20, 51450.0)
(21, 51492.0)
(22, 51324.0)
(23, 51366.0)
(24, 51429.0)
(25, 51450.0)
(26, 51408.0)
(27, 51492.0)
(28, 51345.0)
(29, 51345.0)
(30, 51366.0)
(31, 51450.0)
(32, 51387.0)
(33, 51387.0)
(34, 51408.0)
(35, 51513.0)
(36, 51429.0)
(37, 51345.0)
(38, 51387.0)
(39, 51408.0)
Changed value of parameter MIPGap to 0.05
   Prev: 0.0001  Min: 0.0  Max: 1e+100  Default: 0.0001
Changed value of parameter TimeLimit to 1800.0
   Prev: 1e+100  Min: 0.0  Max: 1e+100  Default: 1e+100
Changed value of parameter Method to 2
   Prev: -1  Min: -1  Max: 4  Default: -1
Changed value of parameter MIPFocus to 1
   Prev: 0  Min: 0  Max: 3  Default: 0
Optimize a model with 3178 rows, 4617 columns and 9234 nonzeros
Variable types: 0 continuous, 4617 integer (4617 binary)
Coefficient statistics:
  Matrix range     [1e+00, 5e+00]
  Objective range  [5e+01, 4e+02]
  Bounds range     [1e+00, 1e+00]
  RHS range        [8e+01, 8e+01]
Found heuristic solution: objective 0
Presolve removed 3143 rows and 4289 columns
Presolve time: 0.00s
Presolved: 35 rows, 328 columns, 599 nonzeros
Variable types: 0 continuous, 328 integer (248 binary)
Presolved: 35 rows, 328 columns, 599 nonzeros

Root barrier log...

Ordering time: 0.00s

Barrier statistics:
 AA' NZ     : 2.600e+02
 Factor NZ  : 6.300e+02
 Factor Ops : 1.491e+04 (less than 1 second per iteration)
 Threads    : 1

                  Objective                Residual
Iter       Primal          Dual         Primal    Dual     Compl     Time
   0  -1.51897587e+05 -2.18978371e+05  1.14e+01 5.68e-14  3.72e+02     0s
   1  -1.23009844e+05 -1.69256433e+05  0.00e+00 5.53e+01  6.97e+01     0s
   2  -1.28341564e+05 -1.33412115e+05  0.00e+00 5.00e+00  7.43e+00     0s
   3  -1.29662186e+05 -1.30576947e+05  0.00e+00 4.61e-01  1.33e+00     0s
   4  -1.29726719e+05 -1.30401718e+05  0.00e+00 1.14e-13  9.78e-01     0s
   5  -1.29826521e+05 -1.30103401e+05  0.00e+00 1.14e-13  4.01e-01     0s
   6  -1.29850979e+05 -1.29867675e+05  0.00e+00 1.14e-13  2.42e-02     0s
   7  -1.29854999e+05 -1.29855095e+05  0.00e+00 1.14e-13  1.39e-04     0s
   8  -1.29855000e+05 -1.29855000e+05  0.00e+00 1.14e-13  2.74e-10     0s

Barrier solved model in 8 iterations and 0.01 seconds
Optimal objective -1.29855000e+05


Root relaxation: objective -1.298550e+05, 207 iterations, 0.00 seconds

    Nodes    |    Current Node    |     Objective Bounds      |     Work
 Expl Unexpl |  Obj  Depth IntInf | Incumbent    BestBd   Gap | It/Node Time

     0     0 -129855.00    0   13    0.00000 -129855.00      -     -    0s
H    0     0                    -129651.0000 -129855.00  0.16%     -    0s

Explored 0 nodes (239 simplex iterations) in 0.01 seconds
Thread count was 20 (of 20 available processors)

Solution count 2: -129651 0 
Pool objective bound -129855

Optimal solution found (tolerance 5.00e-02)
Best objective -1.296510000000e+05, best bound -1.298550000000e+05, gap 0.1573%
(0, 124959.0)
(1, 124959.0)
(2, 125010.0)
(3, 125928.0)
(4, 124806.0)
(5, 125367.0)
(6, 124602.0)
(7, 124602.0)
(8, 125010.0)
(9, 126081.0)
(10, 124806.0)
(11, 125418.0)
(12, 124857.0)
(13, 125112.0)
(14, 124806.0)
(15, 124704.0)
(16, 125112.0)
(17, 125061.0)
(18, 125520.0)
(19, 125520.0)
(20, 125163.0)
(21, 124653.0)
(22, 125418.0)
(23, 125265.0)
(24, 124908.0)
(25, 125877.0)
(26, 125928.0)
(27, 125418.0)
(28, 125316.0)
(29, 125520.0)
(30, 124857.0)
(31, 124755.0)
(32, 124806.0)
(33, 125061.0)
(34, 125316.0)
(35, 125112.0)
(36, 125010.0)
(37, 125826.0)
(38, 125010.0)
(39, 124857.0)
(0, 126285.0)
(1, 126489.0)
(2, 126387.0)
(3, 126489.0)
(4, 126540.0)
(5, 126336.0)
(6, 126591.0)
(7, 126591.0)
(8, 126285.0)
(9, 126285.0)
(10, 126336.0)
(11, 126387.0)
(12, 126183.0)
(13, 126285.0)
(14, 126489.0)
(15, 126795.0)
(16, 126591.0)
(17, 126387.0)
(18, 126438.0)
(19, 126387.0)
(20, 126438.0)
(21, 126540.0)
(22, 126438.0)
(23, 126285.0)
(24, 126540.0)
(25, 126234.0)
(26, 126234.0)
(27, 126285.0)
(28, 126336.0)
(29, 126387.0)
(30, 126336.0)
(31, 126489.0)
(32, 126489.0)
(33, 126591.0)
(34, 126438.0)
(35, 126540.0)
(36, 126387.0)
(37, 126489.0)
(38, 126540.0)
(39, 126234.0)
Changed value of parameter MIPGap to 0.05
   Prev: 0.0001  Min: 0.0  Max: 1e+100  Default: 0.0001
Changed value of parameter TimeLimit to 1800.0
   Prev: 1e+100  Min: 0.0  Max: 1e+100  Default: 1e+100
Changed value of parameter Method to 2
   Prev: -1  Min: -1  Max: 4  Default: -1
Changed value of parameter MIPFocus to 1
   Prev: 0  Min: 0  Max: 3  Default: 0
Optimize a model with 3178 rows, 4617 columns and 9234 nonzeros
Variable types: 0 continuous, 4617 integer (4617 binary)
Coefficient statistics:
  Matrix range     [1e+00, 5e+00]
  Objective range  [5e+02, 4e+03]
  Bounds range     [1e+00, 1e+00]
  RHS range        [8e+01, 8e+01]
Found heuristic solution: objective 0
Presolve removed 3143 rows and 4289 columns
Presolve time: 0.00s
Presolved: 35 rows, 328 columns, 599 nonzeros
Variable types: 0 continuous, 328 integer (248 binary)
Presolved: 35 rows, 328 columns, 599 nonzeros

Root barrier log...

Ordering time: 0.00s

Barrier statistics:
 AA' NZ     : 2.600e+02
 Factor NZ  : 6.300e+02
 Factor Ops : 1.491e+04 (less than 1 second per iteration)
 Threads    : 1

                  Objective                Residual
Iter       Primal          Dual         Primal    Dual     Compl     Time
   0  -1.50219582e+06 -2.17746194e+06  1.14e+01 4.55e-13  3.72e+03     0s
   1  -1.21734719e+06 -1.68048054e+06  0.00e+00 5.55e+02  6.98e+02     0s
   2  -1.27035073e+06 -1.32022308e+06  0.00e+00 4.90e+01  7.31e+01     0s
   3  -1.28353594e+06 -1.29253355e+06  0.00e+00 4.54e+00  1.30e+01     0s
   4  -1.28416878e+06 -1.29081877e+06  0.00e+00 9.09e-13  9.64e+00     0s
   5  -1.28516500e+06 -1.28788412e+06  0.00e+00 9.09e-13  3.94e+00     0s
   6  -1.28541034e+06 -1.28559964e+06  0.00e+00 1.82e-12  2.74e-01     0s
   7  -1.28545498e+06 -1.28545598e+06  0.00e+00 9.09e-13  1.45e-03     0s
   8  -1.28545500e+06 -1.28545500e+06  0.00e+00 9.09e-13  4.12e-09     0s

Barrier solved model in 8 iterations and 0.01 seconds
Optimal objective -1.28545500e+06


Root relaxation: objective -1.285455e+06, 207 iterations, 0.00 seconds

    Nodes    |    Current Node    |     Objective Bounds      |     Work
 Expl Unexpl |  Obj  Depth IntInf | Incumbent    BestBd   Gap | It/Node Time

     0     0 -1285455.0    0   15    0.00000 -1285455.0      -     -    0s
H    0     0                    -1283451.000 -1285455.0  0.16%     -    0s

Explored 0 nodes (274 simplex iterations) in 0.01 seconds
Thread count was 20 (of 20 available processors)

Solution count 2: -1.28345e+06 0 
Pool objective bound -1.28546e+06

Optimal solution found (tolerance 5.00e-02)
Best objective -1.283451000000e+06, best bound -1.285455000000e+06, gap 0.1561%
(0, 1239864.0)
(1, 1241868.0)
(2, 1240365.0)
(3, 1239363.0)
(4, 1238361.0)
(5, 1241868.0)
(6, 1242870.0)
(7, 1247880.0)
(8, 1241367.0)
(9, 1241868.0)
(10, 1247880.0)
(11, 1235856.0)
(12, 1242870.0)
(13, 1241868.0)
(14, 1239864.0)
(15, 1240866.0)
(16, 1239864.0)
(17, 1241367.0)
(18, 1244874.0)
(19, 1244874.0)
(20, 1239363.0)
(21, 1240866.0)
(22, 1241367.0)
(23, 1244874.0)
(24, 1243371.0)
(25, 1240365.0)
(26, 1244874.0)
(27, 1241868.0)
(28, 1241367.0)
(29, 1233351.0)
(30, 1238862.0)
(31, 1245375.0)
(32, 1241367.0)
(33, 1242369.0)
(34, 1237860.0)
(35, 1240365.0)
(36, 1243872.0)
(37, 1242369.0)
(38, 1236858.0)
(39, 1239864.0)
(0, 1250886.0)
(1, 1253391.0)
(2, 1252890.0)
(3, 1252890.0)
(4, 1252389.0)
(5, 1250886.0)
(6, 1254894.0)
(7, 1251387.0)
(8, 1249884.0)
(9, 1250385.0)
(10, 1253391.0)
(11, 1250385.0)
(12, 1250886.0)
(13, 1250886.0)
(14, 1249884.0)
(15, 1250385.0)
(16, 1254393.0)
(17, 1249884.0)
(18, 1249884.0)
(19, 1254393.0)
(20, 1250886.0)
(21, 1250385.0)
(22, 1253391.0)
(23, 1248381.0)
(24, 1250385.0)
(25, 1252890.0)
(26, 1249884.0)
(27, 1251888.0)
(28, 1249884.0)
(29, 1252389.0)
(30, 1250886.0)
(31, 1251387.0)
(32, 1251888.0)
(33, 1249884.0)
(34, 1249884.0)
(35, 1251888.0)
(36, 1251888.0)
(37, 1250385.0)
(38, 1253892.0)
(39, 1249383.0)
