Changed value of parameter MIPGap to 0.05
   Prev: 0.0001  Min: 0.0  Max: 1e+100  Default: 0.0001
Changed value of parameter TimeLimit to 1800.0
   Prev: 1e+100  Min: 0.0  Max: 1e+100  Default: 1e+100
Changed value of parameter Method to 2
   Prev: -1  Min: -1  Max: 4  Default: -1
Changed value of parameter MIPFocus to 1
   Prev: 0  Min: 0  Max: 3  Default: 0
Optimize a model with 4106 rows, 6009 columns and 12018 nonzeros
Variable types: 0 continuous, 6009 integer (6009 binary)
Coefficient statistics:
  Matrix range     [1e+00, 5e+00]
  Objective range  [1e+00, 1e+00]
  Bounds range     [1e+00, 1e+00]
  RHS range        [8e+01, 8e+01]
Found heuristic solution: objective 0
Presolve removed 4042 rows and 4938 columns
Presolve time: 0.01s
Presolved: 64 rows, 1071 columns, 2036 nonzeros
Found heuristic solution: objective -1534.000000
Variable types: 0 continuous, 1071 integer (894 binary)
Presolved: 64 rows, 1071 columns, 2036 nonzeros

Root barrier log...

Ordering time: 0.00s

Barrier statistics:
 AA' NZ     : 9.300e+02
 Factor NZ  : 2.037e+03
 Factor Ops : 8.578e+04 (less than 1 second per iteration)
 Threads    : 1

                  Objective                Residual
Iter       Primal          Dual         Primal    Dual     Compl     Time
   0  -3.87928569e+03 -3.19741227e+03  2.97e+01 4.44e-16  2.63e+00     0s
   1  -1.86003756e+03 -2.45147999e+03  3.45e+00 3.59e-01  5.65e-01     0s
   2  -1.68457971e+03 -1.84419026e+03  1.38e-01 3.60e-02  8.16e-02     0s
   3  -1.71461186e+03 -1.74339018e+03  1.20e-02 3.30e-03  1.38e-02     0s
   4  -1.72112808e+03 -1.72834079e+03  2.07e-03 1.78e-15  3.42e-03     0s
   5  -1.72257192e+03 -1.72355109e+03  3.70e-04 1.78e-15  4.73e-04     0s
   6  -1.72299794e+03 -1.72300352e+03  6.83e-07 1.78e-15  2.59e-06     0s
   7  -1.72300000e+03 -1.72300000e+03  1.27e-12 8.88e-16  5.64e-12     0s

Barrier solved model in 7 iterations and 0.02 seconds
Optimal objective -1.72300000e+03


Root relaxation: objective -1.723000e+03, 337 iterations, 0.01 seconds

    Nodes    |    Current Node    |     Objective Bounds      |     Work
 Expl Unexpl |  Obj  Depth IntInf | Incumbent    BestBd   Gap | It/Node Time

     0     0 -1723.0000    0    9 -1534.0000 -1723.0000  12.3%     -    0s
H    0     0                    -1720.000000 -1723.0000  0.17%     -    0s

Explored 0 nodes (461 simplex iterations) in 0.02 seconds
Thread count was 20 (of 20 available processors)

Solution count 3: -1720 -1534 -158 
Pool objective bound -1723

Optimal solution found (tolerance 5.00e-02)
Best objective -1.720000000000e+03, best bound -1.723000000000e+03, gap 0.1744%
Changed value of parameter MIPGap to 0.05
   Prev: 0.0001  Min: 0.0  Max: 1e+100  Default: 0.0001
Changed value of parameter TimeLimit to 1800.0
   Prev: 1e+100  Min: 0.0  Max: 1e+100  Default: 1e+100
Changed value of parameter Method to 2
   Prev: -1  Min: -1  Max: 4  Default: -1
Changed value of parameter MIPFocus to 1
   Prev: 0  Min: 0  Max: 3  Default: 0
Optimize a model with 4106 rows, 6009 columns and 12018 nonzeros
Variable types: 0 continuous, 6009 integer (6009 binary)
Coefficient statistics:
  Matrix range     [1e+00, 5e+00]
  Objective range  [1e+00, 1e+00]
  Bounds range     [1e+00, 1e+00]
  RHS range        [8e+01, 8e+01]
Found heuristic solution: objective 0
Presolve removed 4042 rows and 4213 columns
Presolve time: 0.01s
Presolved: 64 rows, 1796 columns, 2857 nonzeros
Found heuristic solution: objective -1558.773117
Variable types: 0 continuous, 1796 integer (1735 binary)
Presolved: 64 rows, 1796 columns, 2857 nonzeros

Root barrier log...

Ordering time: 0.00s

Barrier statistics:
 AA' NZ     : 9.300e+02
 Factor NZ  : 2.037e+03 (roughly 1 MByte of memory)
 Factor Ops : 8.578e+04 (less than 1 second per iteration)
 Threads    : 1

                  Objective                Residual
Iter       Primal          Dual         Primal    Dual     Compl     Time
   0  -4.38909878e+03 -3.22458081e+03  2.64e+01 4.44e-16  1.64e+00     0s
   1  -1.97125194e+03 -2.54900869e+03  3.46e+00 2.68e-01  3.81e-01     0s
   2  -1.68780217e+03 -1.83949075e+03  9.85e-02 2.03e-02  4.63e-02     0s
   3  -1.71560877e+03 -1.74689137e+03  1.11e-02 2.75e-03  9.10e-03     0s
   4  -1.72263373e+03 -1.73061990e+03  1.49e-03 4.54e-04  2.26e-03     0s
   5  -1.72401568e+03 -1.72500469e+03  2.89e-04 1.78e-15  2.86e-04     0s
   6  -1.72425971e+03 -1.72468981e+03  1.15e-04 1.78e-15  1.24e-04     0s
   7  -1.72438962e+03 -1.72454986e+03  2.28e-05 1.78e-15  4.52e-05     0s
   8  -1.72442124e+03 -1.72447242e+03  6.31e-06 1.78e-15  1.44e-05     0s
   9  -1.72443207e+03 -1.72444845e+03  1.96e-06 1.78e-15  4.60e-06     0s
  10  -1.72443748e+03 -1.72444091e+03  1.80e-07 1.78e-15  9.51e-07     0s
  11  -1.72443825e+03 -1.72443949e+03  1.69e-08 1.78e-15  3.40e-07     0s
  12  -1.72443848e+03 -1.72443868e+03  0.00e+00 1.78e-15  5.47e-08     0s
  13  -1.72443849e+03 -1.72443849e+03  0.00e+00 1.78e-15  8.39e-10     0s

Barrier solved model in 13 iterations and 0.02 seconds
Optimal objective -1.72443849e+03


Root relaxation: objective -1.724438e+03, 136 iterations, 0.01 seconds

    Nodes    |    Current Node    |     Objective Bounds      |     Work
 Expl Unexpl |  Obj  Depth IntInf | Incumbent    BestBd   Gap | It/Node Time

     0     0 -1724.4385    0   12 -1558.7731 -1724.4385  10.6%     -    0s
H    0     0                    -1721.437335 -1724.4385  0.17%     -    0s

Explored 0 nodes (136 simplex iterations) in 0.02 seconds
Thread count was 20 (of 20 available processors)

Solution count 3: -1721.44 -1558.77 -143.137 
Pool objective bound -1724.44

Optimal solution found (tolerance 5.00e-02)
Best objective -1.721437335000e+03, best bound -1.724438490750e+03, gap 0.1743%
Changed value of parameter MIPGap to 0.05
   Prev: 0.0001  Min: 0.0  Max: 1e+100  Default: 0.0001
Changed value of parameter TimeLimit to 1800.0
   Prev: 1e+100  Min: 0.0  Max: 1e+100  Default: 1e+100
Changed value of parameter Method to 2
   Prev: -1  Min: -1  Max: 4  Default: -1
Changed value of parameter MIPFocus to 1
   Prev: 0  Min: 0  Max: 3  Default: 0
Optimize a model with 4106 rows, 6009 columns and 12018 nonzeros
Variable types: 0 continuous, 6009 integer (6009 binary)
Coefficient statistics:
  Matrix range     [1e+00, 5e+00]
  Objective range  [1e+00, 1e+00]
  Bounds range     [1e+00, 1e+00]
  RHS range        [8e+01, 8e+01]
Found heuristic solution: objective 0
Presolve removed 4042 rows and 4213 columns
Presolve time: 0.01s
Presolved: 64 rows, 1796 columns, 2857 nonzeros
Found heuristic solution: objective -1560.546235
Variable types: 0 continuous, 1796 integer (1735 binary)
Presolved: 64 rows, 1796 columns, 2857 nonzeros

Root barrier log...

Ordering time: 0.00s

Barrier statistics:
 AA' NZ     : 9.300e+02
 Factor NZ  : 2.037e+03 (roughly 1 MByte of memory)
 Factor Ops : 8.578e+04 (less than 1 second per iteration)
 Threads    : 1

                  Objective                Residual
Iter       Primal          Dual         Primal    Dual     Compl     Time
   0  -4.39312889e+03 -3.22771445e+03  2.64e+01 8.88e-16  1.65e+00     0s
   1  -1.97272775e+03 -2.55143305e+03  3.46e+00 2.68e-01  3.81e-01     0s
   2  -1.68917374e+03 -1.84095573e+03  9.72e-02 2.04e-02  4.63e-02     0s
   3  -1.71701451e+03 -1.74831088e+03  1.10e-02 2.75e-03  9.10e-03     0s
   4  -1.72410038e+03 -1.73197865e+03  1.41e-03 4.44e-04  2.23e-03     0s
   5  -1.72544594e+03 -1.72644522e+03  2.72e-04 1.78e-15  2.88e-04     0s
   6  -1.72571589e+03 -1.72610133e+03  8.97e-05 1.78e-15  1.10e-04     0s
   7  -1.72582887e+03 -1.72595782e+03  2.14e-05 1.78e-15  3.65e-05     0s
   8  -1.72585931e+03 -1.72590419e+03  6.61e-06 1.78e-15  1.27e-05     0s
   9  -1.72587037e+03 -1.72588670e+03  2.07e-06 1.78e-15  4.60e-06     0s
  10  -1.72587616e+03 -1.72587958e+03  1.09e-07 1.78e-15  9.47e-07     0s
  11  -1.72587687e+03 -1.72587765e+03  7.79e-09 1.78e-15  2.14e-07     0s
  12  -1.72587697e+03 -1.72587699e+03  0.00e+00 1.78e-15  5.28e-09     0s
  13  -1.72587698e+03 -1.72587698e+03  0.00e+00 1.78e-15  9.92e-13     0s

Barrier solved model in 13 iterations and 0.02 seconds
Optimal objective -1.72587698e+03


Root relaxation: objective -1.725877e+03, 15 iterations, 0.01 seconds

    Nodes    |    Current Node    |     Objective Bounds      |     Work
 Expl Unexpl |  Obj  Depth IntInf | Incumbent    BestBd   Gap | It/Node Time

     0     0 -1725.8770    0   12 -1560.5462 -1725.8770  10.6%     -    0s
H    0     0                    -1722.874670 -1725.8770  0.17%     -    0s

Explored 0 nodes (17 simplex iterations) in 0.02 seconds
Thread count was 20 (of 20 available processors)

Solution count 3: -1722.87 -1560.55 -143.275 
Pool objective bound -1725.88

Optimal solution found (tolerance 5.00e-02)
Best objective -1.722874670000e+03, best bound -1.725876981500e+03, gap 0.1743%
Changed value of parameter MIPGap to 0.05
   Prev: 0.0001  Min: 0.0  Max: 1e+100  Default: 0.0001
Changed value of parameter TimeLimit to 1800.0
   Prev: 1e+100  Min: 0.0  Max: 1e+100  Default: 1e+100
Changed value of parameter Method to 2
   Prev: -1  Min: -1  Max: 4  Default: -1
Changed value of parameter MIPFocus to 1
   Prev: 0  Min: 0  Max: 3  Default: 0
Optimize a model with 4106 rows, 6009 columns and 12018 nonzeros
Variable types: 0 continuous, 6009 integer (6009 binary)
Coefficient statistics:
  Matrix range     [1e+00, 5e+00]
  Objective range  [1e+00, 1e+00]
  Bounds range     [1e+00, 1e+00]
  RHS range        [8e+01, 8e+01]
Found heuristic solution: objective 0
Presolve removed 4042 rows and 4213 columns
Presolve time: 0.01s
Presolved: 64 rows, 1796 columns, 2857 nonzeros
Found heuristic solution: objective -1564.092470
Variable types: 0 continuous, 1796 integer (1735 binary)
Presolved: 64 rows, 1796 columns, 2857 nonzeros

Root barrier log...

Ordering time: 0.00s

Barrier statistics:
 AA' NZ     : 9.300e+02
 Factor NZ  : 2.037e+03 (roughly 1 MByte of memory)
 Factor Ops : 8.578e+04 (less than 1 second per iteration)
 Threads    : 1

                  Objective                Residual
Iter       Primal          Dual         Primal    Dual     Compl     Time
   0  -4.40118911e+03 -3.23398175e+03  2.64e+01 8.88e-16  1.65e+00     0s
   1  -1.97568080e+03 -2.55628286e+03  3.45e+00 2.68e-01  3.81e-01     0s
   2  -1.69191994e+03 -1.84388358e+03  9.47e-02 2.05e-02  4.62e-02     0s
   3  -1.71982599e+03 -1.75111971e+03  1.08e-02 2.74e-03  9.09e-03     0s
   4  -1.72693076e+03 -1.73467111e+03  1.39e-03 4.20e-04  2.19e-03     0s
   5  -1.72828234e+03 -1.72942452e+03  2.71e-04 1.78e-15  3.27e-04     0s
   6  -1.72865149e+03 -1.72903388e+03  3.84e-05 1.78e-15  1.07e-04     0s
   7  -1.72869927e+03 -1.72886216e+03  1.68e-05 1.78e-15  4.56e-05     0s
   8  -1.72872970e+03 -1.72879461e+03  6.43e-06 1.78e-15  1.82e-05     0s
   9  -1.72874367e+03 -1.72877906e+03  2.51e-06 1.78e-15  9.85e-06     0s
  10  -1.72875107e+03 -1.72876040e+03  5.70e-07 1.78e-15  2.59e-06     0s
  11  -1.72875367e+03 -1.72875523e+03  7.23e-10 1.78e-15  4.29e-07     0s
  12  -1.72875394e+03 -1.72875398e+03  0.00e+00 1.78e-15  1.17e-08     0s
  13  -1.72875396e+03 -1.72875396e+03  0.00e+00 1.78e-15  1.12e-12     0s

Barrier solved model in 13 iterations and 0.02 seconds
Optimal objective -1.72875396e+03


Root relaxation: objective -1.728754e+03, 15 iterations, 0.01 seconds

    Nodes    |    Current Node    |     Objective Bounds      |     Work
 Expl Unexpl |  Obj  Depth IntInf | Incumbent    BestBd   Gap | It/Node Time

     0     0 -1728.7540    0   12 -1564.0925 -1728.7540  10.5%     -    0s
H    0     0                    -1725.749340 -1728.7540  0.17%     -    0s

Explored 0 nodes (19 simplex iterations) in 0.02 seconds
Thread count was 20 (of 20 available processors)

Solution count 3: -1725.75 -1564.09 -143.549 
Pool objective bound -1728.75

Optimal solution found (tolerance 5.00e-02)
Best objective -1.725749340000e+03, best bound -1.728753963000e+03, gap 0.1741%
Changed value of parameter MIPGap to 0.05
   Prev: 0.0001  Min: 0.0  Max: 1e+100  Default: 0.0001
Changed value of parameter TimeLimit to 1800.0
   Prev: 1e+100  Min: 0.0  Max: 1e+100  Default: 1e+100
Changed value of parameter Method to 2
   Prev: -1  Min: -1  Max: 4  Default: -1
Changed value of parameter MIPFocus to 1
   Prev: 0  Min: 0  Max: 3  Default: 0
Optimize a model with 4106 rows, 6009 columns and 12018 nonzeros
Variable types: 0 continuous, 6009 integer (6009 binary)
Coefficient statistics:
  Matrix range     [1e+00, 5e+00]
  Objective range  [1e+00, 1e+00]
  Bounds range     [1e+00, 1e+00]
  RHS range        [8e+01, 8e+01]
Found heuristic solution: objective 0
Presolve removed 4042 rows and 4213 columns
Presolve time: 0.01s
Presolved: 64 rows, 1796 columns, 2857 nonzeros
Found heuristic solution: objective -1571.184940
Variable types: 0 continuous, 1796 integer (1735 binary)
Presolved: 64 rows, 1796 columns, 2857 nonzeros

Root barrier log...

Ordering time: 0.00s

Barrier statistics:
 AA' NZ     : 9.300e+02
 Factor NZ  : 2.037e+03 (roughly 1 MByte of memory)
 Factor Ops : 8.578e+04 (less than 1 second per iteration)
 Threads    : 1

                  Objective                Residual
Iter       Primal          Dual         Primal    Dual     Compl     Time
   0  -4.41730955e+03 -3.24651634e+03  2.64e+01 8.88e-16  1.65e+00     0s
   1  -1.98159265e+03 -2.56598682e+03  3.44e+00 2.69e-01  3.82e-01     0s
   2  -1.69733998e+03 -1.84979488e+03  8.87e-02 2.07e-02  4.61e-02     0s
   3  -1.72620691e+03 -1.75968391e+03  7.38e-03 3.27e-03  9.53e-03     0s
   4  -1.73284718e+03 -1.74104997e+03  7.81e-04 4.88e-04  2.29e-03     0s
   5  -1.73399052e+03 -1.73565633e+03  1.28e-04 1.44e-05  4.65e-04     0s
   6  -1.73433961e+03 -1.73502823e+03  2.73e-05 1.78e-15  1.91e-04     0s
   7  -1.73441722e+03 -1.73472194e+03  1.11e-05 1.78e-15  8.43e-05     0s
   8  -1.73446682e+03 -1.73457596e+03  3.83e-06 1.78e-15  3.02e-05     0s
   9  -1.73448991e+03 -1.73454560e+03  1.51e-06 1.78e-15  1.54e-05     0s
  10  -1.73449933e+03 -1.73451777e+03  6.53e-07 1.78e-15  5.11e-06     0s
  11  -1.73450685e+03 -1.73451045e+03  0.00e+00 1.78e-15  9.91e-07     0s
  12  -1.73450789e+03 -1.73450797e+03  0.00e+00 1.78e-15  2.21e-08     0s
  13  -1.73450793e+03 -1.73450793e+03  0.00e+00 1.78e-15  3.10e-12     0s

Barrier solved model in 13 iterations and 0.02 seconds
Optimal objective -1.73450793e+03


Root relaxation: objective -1.734508e+03, 18 iterations, 0.01 seconds

    Nodes    |    Current Node    |     Objective Bounds      |     Work
 Expl Unexpl |  Obj  Depth IntInf | Incumbent    BestBd   Gap | It/Node Time

     0     0 -1734.5079    0   12 -1571.1849 -1734.5079  10.4%     -    0s
H    0     0                    -1731.498680 -1734.5079  0.17%     -    0s

Explored 0 nodes (20 simplex iterations) in 0.02 seconds
Thread count was 20 (of 20 available processors)

Solution count 3: -1731.5 -1571.18 -144.099 
Pool objective bound -1734.51

Optimal solution found (tolerance 5.00e-02)
Best objective -1.731498680000e+03, best bound -1.734507926000e+03, gap 0.1738%
Changed value of parameter MIPGap to 0.05
   Prev: 0.0001  Min: 0.0  Max: 1e+100  Default: 0.0001
Changed value of parameter TimeLimit to 1800.0
   Prev: 1e+100  Min: 0.0  Max: 1e+100  Default: 1e+100
Changed value of parameter Method to 2
   Prev: -1  Min: -1  Max: 4  Default: -1
Changed value of parameter MIPFocus to 1
   Prev: 0  Min: 0  Max: 3  Default: 0
Optimize a model with 4106 rows, 6009 columns and 12018 nonzeros
Variable types: 0 continuous, 6009 integer (6009 binary)
Coefficient statistics:
  Matrix range     [1e+00, 5e+00]
  Objective range  [1e+00, 1e+00]
  Bounds range     [1e+00, 1e+00]
  RHS range        [8e+01, 8e+01]
Found heuristic solution: objective 0
Presolve removed 4042 rows and 4213 columns
Presolve time: 0.01s
Presolved: 64 rows, 1796 columns, 2857 nonzeros
Found heuristic solution: objective -1574.731175
Variable types: 0 continuous, 1796 integer (1735 binary)
Presolved: 64 rows, 1796 columns, 2857 nonzeros

Root barrier log...

Ordering time: 0.00s

Barrier statistics:
 AA' NZ     : 9.300e+02
 Factor NZ  : 2.037e+03 (roughly 1 MByte of memory)
 Factor Ops : 8.578e+04 (less than 1 second per iteration)
 Threads    : 1

                  Objective                Residual
Iter       Primal          Dual         Primal    Dual     Compl     Time
   0  -4.42536977e+03 -3.25278363e+03  2.64e+01 4.44e-16  1.66e+00     0s
   1  -1.98455142e+03 -2.57084095e+03  3.44e+00 2.69e-01  3.83e-01     0s
   2  -1.69979002e+03 -1.85158907e+03  8.26e-02 2.04e-02  4.56e-02     0s
   3  -1.72886444e+03 -1.76213676e+03  7.27e-03 3.15e-03  9.47e-03     0s
   4  -1.73568899e+03 -1.74348821e+03  7.45e-04 4.04e-04  2.18e-03     0s
   5  -1.73683940e+03 -1.73869795e+03  1.25e-04 2.08e-05  5.17e-04     0s
   6  -1.73717040e+03 -1.73797838e+03  3.48e-05 1.78e-15  2.24e-04     0s
   7  -1.73726762e+03 -1.73763715e+03  1.49e-05 1.78e-15  1.02e-04     0s
   8  -1.73733003e+03 -1.73746636e+03  5.53e-06 1.78e-15  3.78e-05     0s
   9  -1.73736024e+03 -1.73742391e+03  2.25e-06 1.78e-15  1.76e-05     0s
  10  -1.73737226e+03 -1.73739565e+03  1.08e-06 1.78e-15  6.50e-06     0s
  11  -1.73738339e+03 -1.73738740e+03  0.00e+00 1.78e-15  1.11e-06     0s
  12  -1.73738487e+03 -1.73738495e+03  0.00e+00 1.78e-15  2.06e-08     0s
  13  -1.73738491e+03 -1.73738491e+03  0.00e+00 1.78e-15  1.52e-12     0s

Barrier solved model in 13 iterations and 0.02 seconds
Optimal objective -1.73738491e+03


Root relaxation: objective -1.737385e+03, 18 iterations, 0.01 seconds

    Nodes    |    Current Node    |     Objective Bounds      |     Work
 Expl Unexpl |  Obj  Depth IntInf | Incumbent    BestBd   Gap | It/Node Time

     0     0 -1737.3849    0   12 -1574.7312 -1737.3849  10.3%     -    0s
H    0     0                    -1734.373350 -1737.3849  0.17%     -    0s

Explored 0 nodes (18 simplex iterations) in 0.02 seconds
Thread count was 20 (of 20 available processors)

Solution count 3: -1734.37 -1574.73 -144.373 
Pool objective bound -1737.38

Optimal solution found (tolerance 5.00e-02)
Best objective -1.734373350000e+03, best bound -1.737384907500e+03, gap 0.1736%
Changed value of parameter MIPGap to 0.05
   Prev: 0.0001  Min: 0.0  Max: 1e+100  Default: 0.0001
Changed value of parameter TimeLimit to 1800.0
   Prev: 1e+100  Min: 0.0  Max: 1e+100  Default: 1e+100
Changed value of parameter Method to 2
   Prev: -1  Min: -1  Max: 4  Default: -1
Changed value of parameter MIPFocus to 1
   Prev: 0  Min: 0  Max: 3  Default: 0
Optimize a model with 4106 rows, 6009 columns and 12018 nonzeros
Variable types: 0 continuous, 6009 integer (6009 binary)
Coefficient statistics:
  Matrix range     [1e+00, 5e+00]
  Objective range  [1e+00, 1e+00]
  Bounds range     [1e+00, 1e+00]
  RHS range        [8e+01, 8e+01]
Found heuristic solution: objective 0
Presolve removed 4042 rows and 4213 columns
Presolve time: 0.01s
Presolved: 64 rows, 1796 columns, 2857 nonzeros
Found heuristic solution: objective -1592.462350
Variable types: 0 continuous, 1796 integer (1735 binary)
Presolved: 64 rows, 1796 columns, 2857 nonzeros

Root barrier log...

Ordering time: 0.00s

Barrier statistics:
 AA' NZ     : 9.300e+02
 Factor NZ  : 2.037e+03 (roughly 1 MByte of memory)
 Factor Ops : 8.578e+04 (less than 1 second per iteration)
 Threads    : 1

                  Objective                Residual
Iter       Primal          Dual         Primal    Dual     Compl     Time
   0  -4.46567085e+03 -3.28412010e+03  2.64e+01 4.44e-16  1.67e+00     0s
   1  -1.99937368e+03 -2.59513287e+03  3.41e+00 2.71e-01  3.86e-01     0s
   2  -1.71546573e+03 -1.86584463e+03  9.12e-02 2.06e-02  4.57e-02     0s
   3  -1.74257222e+03 -1.77599913e+03  9.58e-03 2.72e-03  9.62e-03     0s
   4  -1.74981989e+03 -1.75756374e+03  1.03e-03 3.68e-04  2.17e-03     0s
   5  -1.75098925e+03 -1.75366563e+03  2.46e-04 5.71e-05  7.48e-04     0s
   6  -1.75144531e+03 -1.75265421e+03  7.54e-05 9.98e-06  3.36e-04     0s
   7  -1.75161263e+03 -1.75214166e+03  2.92e-05 1.78e-15  1.47e-04     0s
   8  -1.75168630e+03 -1.75193600e+03  1.34e-05 1.78e-15  6.94e-05     0s
   9  -1.75172532e+03 -1.75182210e+03  6.77e-06 1.78e-15  2.70e-05     0s
  10  -1.75176344e+03 -1.75178324e+03  3.68e-07 1.78e-15  5.48e-06     0s
  11  -1.75176938e+03 -1.75177401e+03  5.92e-09 1.78e-15  1.27e-06     0s
  12  -1.75176980e+03 -1.75176984e+03  0.00e+00 1.78e-15  1.11e-08     0s
  13  -1.75176981e+03 -1.75176982e+03  0.00e+00 1.78e-15  1.38e-13     0s

Barrier solved model in 13 iterations and 0.02 seconds
Optimal objective -1.75176981e+03


Root relaxation: objective -1.751770e+03, 26 iterations, 0.01 seconds

    Nodes    |    Current Node    |     Objective Bounds      |     Work
 Expl Unexpl |  Obj  Depth IntInf | Incumbent    BestBd   Gap | It/Node Time

     0     0 -1751.7698    0   12 -1592.4623 -1751.7698  10.0%     -    0s
H    0     0                    -1748.746700 -1751.7698  0.17%     -    0s

Explored 0 nodes (28 simplex iterations) in 0.02 seconds
Thread count was 20 (of 20 available processors)

Solution count 3: -1748.75 -1592.46 -145.746 
Pool objective bound -1751.77

Optimal solution found (tolerance 5.00e-02)
Best objective -1.748746700000e+03, best bound -1.751769815000e+03, gap 0.1729%
Changed value of parameter MIPGap to 0.05
   Prev: 0.0001  Min: 0.0  Max: 1e+100  Default: 0.0001
Changed value of parameter TimeLimit to 1800.0
   Prev: 1e+100  Min: 0.0  Max: 1e+100  Default: 1e+100
Changed value of parameter Method to 2
   Prev: -1  Min: -1  Max: 4  Default: -1
Changed value of parameter MIPFocus to 1
   Prev: 0  Min: 0  Max: 3  Default: 0
Optimize a model with 4106 rows, 6009 columns and 12018 nonzeros
Variable types: 0 continuous, 6009 integer (6009 binary)
Coefficient statistics:
  Matrix range     [1e+00, 5e+00]
  Objective range  [1e+00, 1e+00]
  Bounds range     [1e+00, 1e+00]
  RHS range        [8e+01, 8e+01]
Found heuristic solution: objective 0
Presolve removed 4042 rows and 4213 columns
Presolve time: 0.01s
Presolved: 64 rows, 1796 columns, 2857 nonzeros
Found heuristic solution: objective -1627.924700
Variable types: 0 continuous, 1796 integer (1735 binary)
Presolved: 64 rows, 1796 columns, 2857 nonzeros

Root barrier log...

Ordering time: 0.00s

Barrier statistics:
 AA' NZ     : 9.300e+02
 Factor NZ  : 2.037e+03 (roughly 1 MByte of memory)
 Factor Ops : 8.578e+04 (less than 1 second per iteration)
 Threads    : 1

                  Objective                Residual
Iter       Primal          Dual         Primal    Dual     Compl     Time
   0  -4.54627299e+03 -3.34679304e+03  2.64e+01 8.88e-16  1.70e+00     0s
   1  -2.02915804e+03 -2.64382012e+03  3.36e+00 2.75e-01  3.91e-01     0s
   2  -1.74625338e+03 -1.89263841e+03  9.87e-02 2.04e-02  4.50e-02     0s
   3  -1.77089472e+03 -1.79893078e+03  1.35e-02 2.05e-03  8.32e-03     0s
   4  -1.77860588e+03 -1.78494629e+03  9.70e-04 6.18e-05  1.79e-03     0s
   5  -1.77962117e+03 -1.78257287e+03  3.84e-04 8.88e-16  8.29e-04     0s
   6  -1.78004648e+03 -1.78137878e+03  1.82e-04 1.78e-15  3.75e-04     0s
   7  -1.78028901e+03 -1.78082436e+03  8.49e-05 1.78e-15  1.51e-04     0s
   8  -1.78040151e+03 -1.78063790e+03  4.56e-05 1.78e-15  6.73e-05     0s
   9  -1.78046656e+03 -1.78059278e+03  2.27e-05 1.78e-15  3.59e-05     0s
  10  -1.78053848e+03 -1.78055054e+03  0.00e+00 1.78e-15  3.30e-06     0s
  11  -1.78053957e+03 -1.78053996e+03  0.00e+00 1.78e-15  1.06e-07     0s
  12  -1.78053963e+03 -1.78053963e+03  0.00e+00 1.78e-15  1.06e-10     0s

Barrier solved model in 12 iterations and 0.02 seconds
Optimal objective -1.78053963e+03


Root relaxation: objective -1.780540e+03, 31 iterations, 0.01 seconds

    Nodes    |    Current Node    |     Objective Bounds      |     Work
 Expl Unexpl |  Obj  Depth IntInf | Incumbent    BestBd   Gap | It/Node Time

     0     0 -1780.5396    0   12 -1627.9247 -1780.5396  9.37%     -    0s
H    0     0                    -1777.493400 -1780.5396  0.17%     -    0s

Explored 0 nodes (33 simplex iterations) in 0.02 seconds
Thread count was 20 (of 20 available processors)

Solution count 3: -1777.49 -1627.92 -148.493 
Pool objective bound -1780.54

Optimal solution found (tolerance 5.00e-02)
Best objective -1.777493400000e+03, best bound -1.780539630000e+03, gap 0.1714%
Changed value of parameter MIPGap to 0.05
   Prev: 0.0001  Min: 0.0  Max: 1e+100  Default: 0.0001
Changed value of parameter TimeLimit to 1800.0
   Prev: 1e+100  Min: 0.0  Max: 1e+100  Default: 1e+100
Changed value of parameter Method to 2
   Prev: -1  Min: -1  Max: 4  Default: -1
Changed value of parameter MIPFocus to 1
   Prev: 0  Min: 0  Max: 3  Default: 0
Optimize a model with 4106 rows, 6009 columns and 12018 nonzeros
Variable types: 0 continuous, 6009 integer (6009 binary)
Coefficient statistics:
  Matrix range     [1e+00, 5e+00]
  Objective range  [1e+00, 1e+00]
  Bounds range     [1e+00, 1e+00]
  RHS range        [8e+01, 8e+01]
Found heuristic solution: objective 0
Presolve removed 4042 rows and 4213 columns
Presolve time: 0.01s
Presolved: 64 rows, 1796 columns, 2857 nonzeros
Found heuristic solution: objective -1698.849400
Variable types: 0 continuous, 1796 integer (1735 binary)
Presolved: 64 rows, 1796 columns, 2857 nonzeros

Root barrier log...

Ordering time: 0.00s

Barrier statistics:
 AA' NZ     : 9.300e+02
 Factor NZ  : 2.037e+03 (roughly 1 MByte of memory)
 Factor Ops : 8.578e+04 (less than 1 second per iteration)
 Threads    : 1

                  Objective                Residual
Iter       Primal          Dual         Primal    Dual     Compl     Time
   0  -4.70747712e+03 -3.47213893e+03  2.64e+01 4.44e-16  1.76e+00     0s
   1  -2.08926832e+03 -2.74158456e+03  3.25e+00 2.82e-01  4.02e-01     0s
   2  -1.80636499e+03 -1.94851620e+03  9.31e-02 1.84e-02  4.36e-02     0s
   3  -1.82951392e+03 -1.85075348e+03  2.04e-02 4.44e-15  6.80e-03     0s
   4  -1.83751938e+03 -1.84409453e+03  4.01e-03 1.78e-15  2.00e-03     0s
   5  -1.83886364e+03 -1.84233737e+03  2.14e-03 1.78e-15  1.06e-03     0s
   6  -1.83968235e+03 -1.84144248e+03  1.14e-03 1.78e-15  5.38e-04     0s
   7  -1.84017338e+03 -1.84099373e+03  5.99e-04 1.78e-15  2.54e-04     0s
   8  -1.84047279e+03 -1.84086231e+03  2.93e-04 8.88e-16  1.21e-04     0s
   9  -1.84063392e+03 -1.84081330e+03  1.17e-04 1.78e-15  5.50e-05     0s
  10  -1.84072638e+03 -1.84077971e+03  3.54e-05 1.78e-15  1.64e-05     0s
  11  -1.84076505e+03 -1.84077043e+03  3.74e-06 1.78e-15  1.66e-06     0s
  12  -1.84076981e+03 -1.84076982e+03  0.00e+00 1.78e-15  1.68e-09     0s

Barrier solved model in 12 iterations and 0.02 seconds
Optimal objective -1.84076981e+03


Root relaxation: objective -1.840770e+03, 39 iterations, 0.01 seconds

    Nodes    |    Current Node    |     Objective Bounds      |     Work
 Expl Unexpl |  Obj  Depth IntInf | Incumbent    BestBd   Gap | It/Node Time

     0     0 -1840.7698    0   33 -1698.8494 -1840.7698  8.35%     -    0s
H    0     0                    -1832.480000 -1840.7698  0.45%     -    0s

Explored 0 nodes (40 simplex iterations) in 0.03 seconds
Thread count was 20 (of 20 available processors)

Solution count 3: -1832.48 -1698.85 -153.986 
Pool objective bound -1840.77

Optimal solution found (tolerance 5.00e-02)
Best objective -1.832480000000e+03, best bound -1.840769820000e+03, gap 0.4524%
Changed value of parameter MIPGap to 0.05
   Prev: 0.0001  Min: 0.0  Max: 1e+100  Default: 0.0001
Changed value of parameter TimeLimit to 1800.0
   Prev: 1e+100  Min: 0.0  Max: 1e+100  Default: 1e+100
Changed value of parameter Method to 2
   Prev: -1  Min: -1  Max: 4  Default: -1
Changed value of parameter MIPFocus to 1
   Prev: 0  Min: 0  Max: 3  Default: 0
Optimize a model with 4106 rows, 6009 columns and 12018 nonzeros
Variable types: 0 continuous, 6009 integer (6009 binary)
Coefficient statistics:
  Matrix range     [1e+00, 5e+00]
  Objective range  [1e+00, 1e+00]
  Bounds range     [1e+00, 1e+00]
  RHS range        [8e+01, 8e+01]
Found heuristic solution: objective 0
Presolve removed 4042 rows and 4213 columns
Presolve time: 0.01s
Presolved: 64 rows, 1796 columns, 2857 nonzeros
Found heuristic solution: objective -1734.311750
Variable types: 0 continuous, 1796 integer (1735 binary)
Presolved: 64 rows, 1796 columns, 2857 nonzeros

Root barrier log...

Ordering time: 0.00s

Barrier statistics:
 AA' NZ     : 9.300e+02
 Factor NZ  : 2.037e+03 (roughly 1 MByte of memory)
 Factor Ops : 8.578e+04 (less than 1 second per iteration)
 Threads    : 1

                  Objective                Residual
Iter       Primal          Dual         Primal    Dual     Compl     Time
   0  -4.78807913e+03 -3.53481187e+03  2.64e+01 4.44e-16  1.79e+00     0s
   1  -2.11958395e+03 -2.79064898e+03  3.20e+00 2.86e-01  4.07e-01     0s
   2  -1.83315302e+03 -1.97707504e+03  8.99e-02 1.75e-02  4.40e-02     0s
   3  -1.85954489e+03 -1.89237787e+03  2.28e-02 1.78e-15  1.01e-02     0s
   4  -1.86721735e+03 -1.88189204e+03  9.09e-03 1.78e-15  4.46e-03     0s
   5  -1.87079501e+03 -1.87768359e+03  4.15e-03 1.78e-15  2.09e-03     0s
   6  -1.87252923e+03 -1.87598194e+03  2.03e-03 1.78e-15  1.04e-03     0s
   7  -1.87345581e+03 -1.87512361e+03  9.96e-04 1.78e-15  5.06e-04     0s
   8  -1.87403384e+03 -1.87473460e+03  3.91e-04 1.78e-15  2.11e-04     0s
   9  -1.87427164e+03 -1.87462465e+03  1.50e-04 1.78e-15  1.04e-04     0s
  10  -1.87440209e+03 -1.87447407e+03  2.58e-05 1.78e-15  2.11e-05     0s
  11  -1.87443290e+03 -1.87444840e+03  6.37e-06 1.78e-15  4.59e-06     0s
  12  -1.87444324e+03 -1.87444368e+03  0.00e+00 1.78e-15  1.22e-07     0s
  13  -1.87444335e+03 -1.87444335e+03  0.00e+00 2.66e-15  4.17e-10     0s

Barrier solved model in 13 iterations and 0.02 seconds
Optimal objective -1.87444335e+03


Root relaxation: objective -1.874443e+03, 31 iterations, 0.01 seconds

    Nodes    |    Current Node    |     Objective Bounds      |     Work
 Expl Unexpl |  Obj  Depth IntInf | Incumbent    BestBd   Gap | It/Node Time

     0     0 -1874.4434    0   35 -1734.3117 -1874.4434  8.08%     -    0s
H    0     0                    -1866.047500 -1874.4434  0.45%     -    0s

Explored 0 nodes (31 simplex iterations) in 0.03 seconds
Thread count was 20 (of 20 available processors)

Solution count 3: -1866.05 -1734.31 -156.732 
Pool objective bound -1874.44

Optimal solution found (tolerance 5.00e-02)
Best objective -1.866047500000e+03, best bound -1.874443350000e+03, gap 0.4499%
Changed value of parameter MIPGap to 0.05
   Prev: 0.0001  Min: 0.0  Max: 1e+100  Default: 0.0001
Changed value of parameter TimeLimit to 1800.0
   Prev: 1e+100  Min: 0.0  Max: 1e+100  Default: 1e+100
Changed value of parameter Method to 2
   Prev: -1  Min: -1  Max: 4  Default: -1
Changed value of parameter MIPFocus to 1
   Prev: 0  Min: 0  Max: 3  Default: 0
Optimize a model with 4106 rows, 6009 columns and 12018 nonzeros
Variable types: 0 continuous, 6009 integer (6009 binary)
Coefficient statistics:
  Matrix range     [1e+00, 5e+00]
  Objective range  [1e+00, 2e+00]
  Bounds range     [1e+00, 1e+00]
  RHS range        [8e+01, 8e+01]
Found heuristic solution: objective 0
Presolve removed 4042 rows and 4213 columns
Presolve time: 0.01s
Presolved: 64 rows, 1796 columns, 2857 nonzeros
Found heuristic solution: objective -1911.623500
Variable types: 0 continuous, 1796 integer (1735 binary)
Presolved: 64 rows, 1796 columns, 2857 nonzeros

Root barrier log...

Ordering time: 0.00s

Barrier statistics:
 AA' NZ     : 9.300e+02
 Factor NZ  : 2.037e+03 (roughly 1 MByte of memory)
 Factor Ops : 8.578e+04 (less than 1 second per iteration)
 Threads    : 1

                  Objective                Residual
Iter       Primal          Dual         Primal    Dual     Compl     Time
   0  -5.19133702e+03 -3.88471520e+03  2.64e+01 8.88e-16  1.98e+00     0s
   1  -2.26793479e+03 -3.06042824e+03  2.95e+00 3.13e-01  4.42e-01     0s
   2  -1.98374169e+03 -2.13443893e+03  1.74e-02 1.70e-02  4.23e-02     0s
   3  -2.01833382e+03 -2.06301268e+03  5.91e-03 1.78e-15  1.26e-02     0s
   4  -2.02995117e+03 -2.04758807e+03  2.30e-03 1.78e-15  4.97e-03     0s
   5  -2.03565674e+03 -2.04586488e+03  1.30e-03 1.78e-15  2.88e-03     0s
   6  -2.03885590e+03 -2.04452306e+03  7.56e-04 1.78e-15  1.60e-03     0s
   7  -2.04100663e+03 -2.04393962e+03  3.85e-04 1.78e-15  8.27e-04     0s
   8  -2.04213811e+03 -2.04366814e+03  1.98e-04 1.78e-15  4.32e-04     0s
   9  -2.04272602e+03 -2.04358408e+03  1.04e-04 1.78e-15  2.42e-04     0s
  10  -2.04318927e+03 -2.04348778e+03  3.04e-05 1.78e-15  8.39e-05     0s
  11  -2.04339720e+03 -2.04346059e+03  4.33e-06 1.78e-15  1.77e-05     0s
  12  -2.04343590e+03 -2.04343697e+03  4.17e-08 1.78e-15  2.98e-07     0s
  13  -2.04343670e+03 -2.04343670e+03  1.22e-12 1.78e-15  8.98e-11     0s

Barrier solved model in 13 iterations and 0.02 seconds
Optimal objective -2.04343670e+03


Root relaxation: objective -2.043437e+03, 32 iterations, 0.01 seconds

    Nodes    |    Current Node    |     Objective Bounds      |     Work
 Expl Unexpl |  Obj  Depth IntInf | Incumbent    BestBd   Gap | It/Node Time

     0     0 -2043.4367    0   35 -1911.6235 -2043.4367  6.90%     -    0s
H    0     0                    -2033.095000 -2043.4367  0.51%     -    0s

Explored 0 nodes (32 simplex iterations) in 0.03 seconds
Thread count was 20 (of 20 available processors)

Solution count 3: -2033.09 -1911.62 -170.464 
Pool objective bound -2043.44

Optimal solution found (tolerance 5.00e-02)
Best objective -2.033095000000e+03, best bound -2.043436700000e+03, gap 0.5087%
Changed value of parameter MIPGap to 0.05
   Prev: 0.0001  Min: 0.0  Max: 1e+100  Default: 0.0001
Changed value of parameter TimeLimit to 1800.0
   Prev: 1e+100  Min: 0.0  Max: 1e+100  Default: 1e+100
Changed value of parameter Method to 2
   Prev: -1  Min: -1  Max: 4  Default: -1
Changed value of parameter MIPFocus to 1
   Prev: 0  Min: 0  Max: 3  Default: 0
Optimize a model with 4106 rows, 6009 columns and 12018 nonzeros
Variable types: 0 continuous, 6009 integer (6009 binary)
Coefficient statistics:
  Matrix range     [1e+00, 5e+00]
  Objective range  [1e+00, 3e+00]
  Bounds range     [1e+00, 1e+00]
  RHS range        [8e+01, 8e+01]
Found heuristic solution: objective 0
Presolve removed 4042 rows and 4213 columns
Presolve time: 0.01s
Presolved: 64 rows, 1796 columns, 2857 nonzeros
Found heuristic solution: objective -2266.239000
Variable types: 0 continuous, 1796 integer (1735 binary)
Presolved: 64 rows, 1796 columns, 2857 nonzeros

Root barrier log...

Ordering time: 0.00s

Barrier statistics:
 AA' NZ     : 9.300e+02
 Factor NZ  : 2.037e+03 (roughly 1 MByte of memory)
 Factor Ops : 8.578e+04 (less than 1 second per iteration)
 Threads    : 1

                  Objective                Residual
Iter       Primal          Dual         Primal    Dual     Compl     Time
   0  -5.99839134e+03 -4.68048501e+03  2.64e+01 8.88e-16  2.45e+00     0s
   1  -2.56556713e+03 -3.66693727e+03  2.48e+00 3.95e-01  5.30e-01     0s
   2  -2.30408812e+03 -2.48363618e+03  2.83e-02 2.26e-02  5.11e-02     0s
   3  -2.35038360e+03 -2.40203643e+03  9.66e-03 7.11e-15  1.48e-02     0s
   4  -2.36591980e+03 -2.38808163e+03  4.21e-03 2.66e-15  6.36e-03     0s
   5  -2.37237208e+03 -2.38540532e+03  2.57e-03 1.78e-15  3.75e-03     0s
   6  -2.37803408e+03 -2.38413307e+03  1.18e-03 1.78e-15  1.75e-03     0s
   7  -2.37991535e+03 -2.38375766e+03  7.34e-04 1.78e-15  1.10e-03     0s
   8  -2.38110601e+03 -2.38352334e+03  4.61e-04 1.78e-15  6.95e-04     0s
   9  -2.38214120e+03 -2.38335701e+03  2.21e-04 1.78e-15  3.50e-04     0s
  10  -2.38292807e+03 -2.38328291e+03  5.68e-05 1.78e-15  1.02e-04     0s
  11  -2.38322550e+03 -2.38324394e+03  1.54e-06 1.78e-15  5.19e-06     0s
  12  -2.38323731e+03 -2.38323761e+03  0.00e+00 1.78e-15  8.21e-08     0s
  13  -2.38323738e+03 -2.38323738e+03  0.00e+00 1.78e-15  5.70e-10     0s

Barrier solved model in 13 iterations and 0.02 seconds
Optimal objective -2.38323738e+03


Root relaxation: objective -2.383237e+03, 28 iterations, 0.01 seconds

    Nodes    |    Current Node    |     Objective Bounds      |     Work
 Expl Unexpl |  Obj  Depth IntInf | Incumbent    BestBd   Gap | It/Node Time

     0     0 -2383.2374    0   36 -2266.2390 -2383.2374  5.16%     -    0s
H    0     0                    -2366.955000 -2383.2374  0.69%     -    0s

Explored 0 nodes (30 simplex iterations) in 0.03 seconds
Thread count was 20 (of 20 available processors)

Solution count 3: -2366.95 -2266.24 -197.928 
Pool objective bound -2383.24

Optimal solution found (tolerance 5.00e-02)
Best objective -2.366955000000e+03, best bound -2.383237382222e+03, gap 0.6879%
Changed value of parameter MIPGap to 0.05
   Prev: 0.0001  Min: 0.0  Max: 1e+100  Default: 0.0001
Changed value of parameter TimeLimit to 1800.0
   Prev: 1e+100  Min: 0.0  Max: 1e+100  Default: 1e+100
Changed value of parameter Method to 2
   Prev: -1  Min: -1  Max: 4  Default: -1
Changed value of parameter MIPFocus to 1
   Prev: 0  Min: 0  Max: 3  Default: 0
Optimize a model with 4106 rows, 6009 columns and 12018 nonzeros
Variable types: 0 continuous, 6009 integer (6009 binary)
Coefficient statistics:
  Matrix range     [1e+00, 5e+00]
  Objective range  [1e+00, 5e+00]
  Bounds range     [1e+00, 1e+00]
  RHS range        [8e+01, 8e+01]
Found heuristic solution: objective 0
Presolve removed 4042 rows and 4213 columns
Presolve time: 0.01s
Presolved: 64 rows, 1796 columns, 2857 nonzeros
Found heuristic solution: objective -2977.502000
Variable types: 0 continuous, 1796 integer (1735 binary)
Presolved: 64 rows, 1796 columns, 2857 nonzeros

Root barrier log...

Ordering time: 0.00s

Barrier statistics:
 AA' NZ     : 9.300e+02
 Factor NZ  : 2.037e+03 (roughly 1 MByte of memory)
 Factor Ops : 8.578e+04 (less than 1 second per iteration)
 Threads    : 1

                  Objective                Residual
Iter       Primal          Dual         Primal    Dual     Compl     Time
   0  -7.61218731e+03 -6.27202462e+03  2.64e+01 8.88e-16  3.38e+00     0s
   1  -3.20129971e+03 -4.89450476e+03  1.91e+00 5.59e-01  7.01e-01     0s
   2  -2.99415618e+03 -3.31111213e+03  7.84e-02 5.75e-02  9.32e-02     0s
   3  -3.07336058e+03 -3.18021421e+03  1.87e-02 1.19e-02  3.07e-02     0s
   4  -3.09794765e+03 -3.13891595e+03  5.67e-03 1.78e-15  1.17e-02     0s
   5  -3.10572941e+03 -3.12577790e+03  3.02e-03 1.78e-15  5.73e-03     0s
   6  -3.11156607e+03 -3.12032155e+03  1.06e-03 1.78e-15  2.49e-03     0s
   7  -3.11433223e+03 -3.11763669e+03  3.17e-04 1.78e-15  9.32e-04     0s
   8  -3.11541422e+03 -3.11620219e+03  6.20e-05 1.78e-15  2.21e-04     0s
   9  -3.11567772e+03 -3.11590133e+03  7.65e-06 1.78e-15  6.19e-05     0s
  10  -3.11571861e+03 -3.11572888e+03  2.04e-07 2.66e-15  2.86e-06     0s
  11  -3.11572318e+03 -3.11572556e+03  0.00e+00 1.78e-15  6.52e-07     0s
  12  -3.11572327e+03 -3.11572333e+03  0.00e+00 1.78e-15  1.77e-08     0s
  13  -3.11572330e+03 -3.11572330e+03  0.00e+00 1.78e-15  1.44e-13     0s

Barrier solved model in 13 iterations and 0.02 seconds
Optimal objective -3.11572330e+03


Root relaxation: objective -3.115723e+03, 28 iterations, 0.01 seconds

    Nodes    |    Current Node    |     Objective Bounds      |     Work
 Expl Unexpl |  Obj  Depth IntInf | Incumbent    BestBd   Gap | It/Node Time

     0     0 -3115.7233    0   32 -2977.5020 -3115.7233  4.64%     -    0s

Explored 0 nodes (30 simplex iterations) in 0.03 seconds
Thread count was 20 (of 20 available processors)

Solution count 2: -2977.5 -252.856 
Pool objective bound -3115.72

Optimal solution found (tolerance 5.00e-02)
Best objective -2.977502000000e+03, best bound -3.115723300000e+03, gap 4.6422%
Changed value of parameter MIPGap to 0.05
   Prev: 0.0001  Min: 0.0  Max: 1e+100  Default: 0.0001
Changed value of parameter TimeLimit to 1800.0
   Prev: 1e+100  Min: 0.0  Max: 1e+100  Default: 1e+100
Changed value of parameter Method to 2
   Prev: -1  Min: -1  Max: 4  Default: -1
Changed value of parameter MIPFocus to 1
   Prev: 0  Min: 0  Max: 3  Default: 0
Optimize a model with 4106 rows, 6009 columns and 12018 nonzeros
Variable types: 0 continuous, 6009 integer (6009 binary)
Coefficient statistics:
  Matrix range     [1e+00, 5e+00]
  Objective range  [1e+00, 6e+00]
  Bounds range     [1e+00, 1e+00]
  RHS range        [8e+01, 8e+01]
Found heuristic solution: objective 0
Presolve removed 4042 rows and 4213 columns
Presolve time: 0.01s
Presolved: 64 rows, 1796 columns, 2857 nonzeros
Found heuristic solution: objective -3333.127500
Variable types: 0 continuous, 1796 integer (1735 binary)
Presolved: 64 rows, 1796 columns, 2857 nonzeros

Root barrier log...

Ordering time: 0.00s

Barrier statistics:
 AA' NZ     : 9.300e+02
 Factor NZ  : 2.037e+03 (roughly 1 MByte of memory)
 Factor Ops : 8.578e+04 (less than 1 second per iteration)
 Threads    : 1

                  Objective                Residual
Iter       Primal          Dual         Primal    Dual     Compl     Time
   0  -8.41900438e+03 -7.06779443e+03  2.64e+01 1.78e-15  3.84e+00     0s
   1  -3.53035008e+03 -5.51184607e+03  1.73e+00 6.42e-01  7.85e-01     0s
   2  -3.35147431e+03 -3.72469398e+03  8.23e-02 7.10e-02  1.10e-01     0s
   3  -3.45812554e+03 -3.56346735e+03  1.16e-02 1.02e-02  2.99e-02     0s
   4  -3.48358814e+03 -3.51982384e+03  3.62e-03 1.78e-15  1.02e-02     0s
   5  -3.49154311e+03 -3.50822950e+03  1.88e-03 1.78e-15  4.74e-03     0s
   6  -3.49776856e+03 -3.50427314e+03  5.76e-04 1.78e-15  1.84e-03     0s
   7  -3.49994296e+03 -3.50205648e+03  1.99e-04 1.78e-15  5.99e-04     0s
   8  -3.50098226e+03 -3.50152845e+03  3.90e-05 2.66e-15  1.54e-04     0s
   9  -3.50124412e+03 -3.50126652e+03  1.54e-06 3.55e-15  6.30e-06     0s
  10  -3.50125686e+03 -3.50125688e+03  0.00e+00 2.66e-15  6.31e-09     0s

Barrier solved model in 10 iterations and 0.02 seconds
Optimal objective -3.50125686e+03


Root relaxation: objective -3.501257e+03, 36 iterations, 0.01 seconds

    Nodes    |    Current Node    |     Objective Bounds      |     Work
 Expl Unexpl |  Obj  Depth IntInf | Incumbent    BestBd   Gap | It/Node Time

     0     0 -3501.2569    0   32 -3333.1275 -3501.2569  5.04%     -    0s
H    0     0                    -3485.262500 -3501.2569  0.46%     -    0s

Explored 0 nodes (36 simplex iterations) in 0.03 seconds
Thread count was 20 (of 20 available processors)

Solution count 3: -3485.26 -3333.13 -280.32 
Pool objective bound -3501.26

Optimal solution found (tolerance 5.00e-02)
Best objective -3.485262500000e+03, best bound -3.501256875000e+03, gap 0.4589%
Changed value of parameter MIPGap to 0.05
   Prev: 0.0001  Min: 0.0  Max: 1e+100  Default: 0.0001
Changed value of parameter TimeLimit to 1800.0
   Prev: 1e+100  Min: 0.0  Max: 1e+100  Default: 1e+100
Changed value of parameter Method to 2
   Prev: -1  Min: -1  Max: 4  Default: -1
Changed value of parameter MIPFocus to 1
   Prev: 0  Min: 0  Max: 3  Default: 0
Optimize a model with 4106 rows, 6009 columns and 12018 nonzeros
Variable types: 0 continuous, 6009 integer (6009 binary)
Coefficient statistics:
  Matrix range     [1e+00, 5e+00]
  Objective range  [2e+00, 1e+01]
  Bounds range     [1e+00, 1e+00]
  RHS range        [8e+01, 8e+01]
Found heuristic solution: objective 0
Presolve removed 4042 rows and 4213 columns
Presolve time: 0.01s
Presolved: 64 rows, 1796 columns, 2857 nonzeros
Found heuristic solution: objective -5114.530000
Variable types: 0 continuous, 1796 integer (1735 binary)
Presolved: 64 rows, 1796 columns, 2857 nonzeros

Root barrier log...

Ordering time: 0.00s

Barrier statistics:
 AA' NZ     : 9.300e+02
 Factor NZ  : 2.037e+03 (roughly 1 MByte of memory)
 Factor Ops : 8.578e+04 (less than 1 second per iteration)
 Threads    : 1

                  Objective                Residual
Iter       Primal          Dual         Primal    Dual     Compl     Time
   0  -1.24531648e+04 -1.11558867e+04  2.64e+01 1.78e-15  6.27e+00     0s
   1  -5.21425030e+03 -8.67982030e+03  1.19e+00 1.08e+00  1.22e+00     0s
   2  -5.21096040e+03 -5.94367788e+03  2.81e-02 1.77e-01  2.06e-01     0s
   3  -5.39102139e+03 -5.52403638e+03  4.83e-05 1.64e-02  3.64e-02     0s
   4  -5.40355800e+03 -5.45502934e+03  0.00e+00 3.55e-15  1.41e-02     0s
   5  -5.42823790e+03 -5.44671400e+03  0.00e+00 3.55e-15  5.06e-03     0s
   6  -5.43493589e+03 -5.44245980e+03  0.00e+00 3.55e-15  2.06e-03     0s
   7  -5.43865058e+03 -5.44094157e+03  0.00e+00 3.55e-15  6.27e-04     0s
   8  -5.44003544e+03 -5.44051875e+03  0.00e+00 3.55e-15  1.32e-04     0s
   9  -5.44025854e+03 -5.44032149e+03  0.00e+00 3.55e-15  1.72e-05     0s
  10  -5.44026681e+03 -5.44026712e+03  0.00e+00 3.55e-15  8.48e-08     0s
  11  -5.44026700e+03 -5.44026700e+03  0.00e+00 4.44e-15  6.72e-12     0s

Barrier solved model in 11 iterations and 0.02 seconds
Optimal objective -5.44026700e+03


Root relaxation: objective -5.440267e+03, 35 iterations, 0.01 seconds

    Nodes    |    Current Node    |     Objective Bounds      |     Work
 Expl Unexpl |  Obj  Depth IntInf | Incumbent    BestBd   Gap | It/Node Time

     0     0 -5440.2670    0   34 -5114.5300 -5440.2670  6.37%     -    0s
H    0     0                    -5419.275000 -5440.2670  0.39%     -    0s

Explored 0 nodes (35 simplex iterations) in 0.03 seconds
Thread count was 20 (of 20 available processors)

Solution count 3: -5419.28 -5114.53 -417.64 
Pool objective bound -5440.27

Optimal solution found (tolerance 5.00e-02)
Best objective -5.419275000000e+03, best bound -5.440265000000e+03, gap 0.3873%
Changed value of parameter MIPGap to 0.05
   Prev: 0.0001  Min: 0.0  Max: 1e+100  Default: 0.0001
Changed value of parameter TimeLimit to 1800.0
   Prev: 1e+100  Min: 0.0  Max: 1e+100  Default: 1e+100
Changed value of parameter Method to 2
   Prev: -1  Min: -1  Max: 4  Default: -1
Changed value of parameter MIPFocus to 1
   Prev: 0  Min: 0  Max: 3  Default: 0
Optimize a model with 4106 rows, 6009 columns and 12018 nonzeros
Variable types: 0 continuous, 6009 integer (6009 binary)
Coefficient statistics:
  Matrix range     [1e+00, 5e+00]
  Objective range  [2e+00, 2e+01]
  Bounds range     [1e+00, 1e+00]
  RHS range        [8e+01, 8e+01]
Found heuristic solution: objective 0
Presolve removed 4042 rows and 4213 columns
Presolve time: 0.01s
Presolved: 64 rows, 1796 columns, 2857 nonzeros
Found heuristic solution: objective -8686.470000
Variable types: 0 continuous, 1796 integer (1735 binary)
Presolved: 64 rows, 1796 columns, 2857 nonzeros

Root barrier log...

Ordering time: 0.00s

Barrier statistics:
 AA' NZ     : 9.300e+02
 Factor NZ  : 2.037e+03 (roughly 1 MByte of memory)
 Factor Ops : 8.578e+04 (less than 1 second per iteration)
 Threads    : 1

                  Objective                Residual
Iter       Primal          Dual         Primal    Dual     Compl     Time
   0  -2.05212143e+04 -1.94685370e+04  2.64e+01 3.55e-15  1.13e+01     0s
   1  -8.68840915e+03 -1.51128923e+04  8.96e-01 2.01e+00  2.14e+00     0s
   2  -8.92950523e+03 -1.02331028e+04  0.00e+00 3.34e-01  3.58e-01     0s
   3  -9.25137768e+03 -9.44902308e+03  0.00e+00 2.78e-02  5.41e-02     0s
   4  -9.28185167e+03 -9.37346323e+03  0.00e+00 7.11e-15  2.51e-02     0s
   5  -9.31226925e+03 -9.34511321e+03  0.00e+00 7.11e-15  8.98e-03     0s
   6  -9.32422309e+03 -9.33565260e+03  0.00e+00 7.11e-15  3.13e-03     0s
   7  -9.32741877e+03 -9.33087185e+03  0.00e+00 7.11e-15  9.45e-04     0s
   8  -9.32911959e+03 -9.32959420e+03  0.00e+00 7.11e-15  1.30e-04     0s
   9  -9.32922775e+03 -9.32926627e+03  0.00e+00 7.11e-15  1.05e-05     0s
  10  -9.32924997e+03 -9.32925002e+03  0.00e+00 1.07e-14  1.25e-08     0s
  11  -9.32925000e+03 -9.32925000e+03  6.11e-15 7.11e-15  1.30e-14     0s

Barrier solved model in 11 iterations and 0.02 seconds
Optimal objective -9.32925000e+03


Root relaxation: objective -9.329250e+03, 31 iterations, 0.01 seconds

    Nodes    |    Current Node    |     Objective Bounds      |     Work
 Expl Unexpl |  Obj  Depth IntInf | Incumbent    BestBd   Gap | It/Node Time

     0     0 -9329.2500    0   32 -8686.4700 -9329.2500  7.40%     -    0s
H    0     0                    -9301.330000 -9329.2500  0.30%     -    0s

Explored 0 nodes (34 simplex iterations) in 0.03 seconds
Thread count was 20 (of 20 available processors)

Solution count 3: -9301.33 -8686.47 -692.28 
Pool objective bound -9329.25

Optimal solution found (tolerance 5.00e-02)
Best objective -9.301330000000e+03, best bound -9.329250000000e+03, gap 0.3002%
Changed value of parameter MIPGap to 0.05
   Prev: 0.0001  Min: 0.0  Max: 1e+100  Default: 0.0001
Changed value of parameter TimeLimit to 1800.0
   Prev: 1e+100  Min: 0.0  Max: 1e+100  Default: 1e+100
Changed value of parameter Method to 2
   Prev: -1  Min: -1  Max: 4  Default: -1
Changed value of parameter MIPFocus to 1
   Prev: 0  Min: 0  Max: 3  Default: 0
Optimize a model with 4106 rows, 6009 columns and 12018 nonzeros
Variable types: 0 continuous, 6009 integer (6009 binary)
Coefficient statistics:
  Matrix range     [1e+00, 5e+00]
  Objective range  [3e+00, 4e+01]
  Bounds range     [1e+00, 1e+00]
  RHS range        [8e+01, 8e+01]
Found heuristic solution: objective 0
Presolve removed 4042 rows and 4213 columns
Presolve time: 0.01s
Presolved: 64 rows, 1796 columns, 2857 nonzeros
Found heuristic solution: objective -15846.76000
Variable types: 0 continuous, 1796 integer (1735 binary)
Presolved: 64 rows, 1796 columns, 2857 nonzeros

Root barrier log...

Ordering time: 0.00s

Barrier statistics:
 AA' NZ     : 9.300e+02
 Factor NZ  : 2.037e+03 (roughly 1 MByte of memory)
 Factor Ops : 8.578e+04 (less than 1 second per iteration)
 Threads    : 1

                  Objective                Residual
Iter       Primal          Dual         Primal    Dual     Compl     Time
   0  -3.66578363e+04 -3.65474668e+04  2.64e+01 7.11e-15  2.17e+01     0s
   1  -1.57239516e+04 -2.82753660e+04  7.91e-01 3.98e+00  4.09e+00     0s
   2  -1.63596274e+04 -1.88015034e+04  0.00e+00 6.39e-01  6.71e-01     0s
   3  -1.69714423e+04 -1.73339959e+04  0.00e+00 5.68e-02  9.92e-02     0s
   4  -1.70658052e+04 -1.71653250e+04  0.00e+00 1.42e-14  2.72e-02     0s
   5  -1.70936590e+04 -1.71300634e+04  0.00e+00 1.42e-14  9.96e-03     0s
   6  -1.71071611e+04 -1.71189880e+04  0.00e+00 1.42e-14  3.24e-03     0s
   7  -1.71127946e+04 -1.71155260e+04  0.00e+00 1.42e-14  7.47e-04     0s
   8  -1.71144257e+04 -1.71147380e+04  0.00e+00 1.42e-14  8.54e-05     0s
   9  -1.71145385e+04 -1.71145407e+04  0.00e+00 2.13e-14  5.91e-07     0s
  10  -1.71145400e+04 -1.71145400e+04  0.00e+00 2.13e-14  5.91e-10     0s

Barrier solved model in 10 iterations and 0.02 seconds
Optimal objective -1.71145400e+04


Root relaxation: objective -1.711454e+04, 28 iterations, 0.01 seconds

    Nodes    |    Current Node    |     Objective Bounds      |     Work
 Expl Unexpl |  Obj  Depth IntInf | Incumbent    BestBd   Gap | It/Node Time

     0     0 -17114.540    0   33 -15846.760 -17114.540  8.00%     -    0s
H    0     0                    -17066.92000 -17114.540  0.28%     -    0s

Explored 0 nodes (34 simplex iterations) in 0.03 seconds
Thread count was 20 (of 20 available processors)

Solution count 3: -17066.9 -15846.8 -1241.56 
Pool objective bound -17114.5

Optimal solution found (tolerance 5.00e-02)
Best objective -1.706692000000e+04, best bound -1.711454000000e+04, gap 0.2790%
Changed value of parameter MIPGap to 0.05
   Prev: 0.0001  Min: 0.0  Max: 1e+100  Default: 0.0001
Changed value of parameter TimeLimit to 1800.0
   Prev: 1e+100  Min: 0.0  Max: 1e+100  Default: 1e+100
Changed value of parameter Method to 2
   Prev: -1  Min: -1  Max: 4  Default: -1
Changed value of parameter MIPFocus to 1
   Prev: 0  Min: 0  Max: 3  Default: 0
Optimize a model with 4106 rows, 6009 columns and 12018 nonzeros
Variable types: 0 continuous, 6009 integer (6009 binary)
Coefficient statistics:
  Matrix range     [1e+00, 5e+00]
  Objective range  [4e+00, 5e+01]
  Bounds range     [1e+00, 1e+00]
  RHS range        [8e+01, 8e+01]
Found heuristic solution: objective 0
Presolve removed 4042 rows and 4213 columns
Presolve time: 0.01s
Presolved: 64 rows, 1796 columns, 2857 nonzeros
Found heuristic solution: objective -19430.02500
Variable types: 0 continuous, 1796 integer (1735 binary)
Presolved: 64 rows, 1796 columns, 2857 nonzeros

Root barrier log...

Ordering time: 0.00s

Barrier statistics:
 AA' NZ     : 9.300e+02
 Factor NZ  : 2.037e+03 (roughly 1 MByte of memory)
 Factor Ops : 8.578e+04 (less than 1 second per iteration)
 Threads    : 1

                  Objective                Residual
Iter       Primal          Dual         Primal    Dual     Compl     Time
   0  -4.47266851e+04 -4.53664536e+04  2.64e+01 8.88e-15  2.72e+01     0s
   1  -1.92234334e+04 -3.50301219e+04  7.59e-01 5.04e+00  5.11e+00     0s
   2  -2.00653740e+04 -2.31180432e+04  0.00e+00 8.06e-01  8.39e-01     0s
   3  -2.08291064e+04 -2.12812419e+04  0.00e+00 7.28e-02  1.24e-01     0s
   4  -2.09595601e+04 -2.10893712e+04  0.00e+00 4.83e-05  3.55e-02     0s
   5  -2.09923208e+04 -2.10314210e+04  0.00e+00 1.42e-14  1.07e-02     0s
   6  -2.10039547e+04 -2.10148593e+04  0.00e+00 1.42e-14  2.98e-03     0s
   7  -2.10070834e+04 -2.10107737e+04  0.00e+00 1.42e-14  1.01e-03     0s
   8  -2.10079486e+04 -2.10083127e+04  0.00e+00 1.42e-14  9.96e-05     0s
   9  -2.10081480e+04 -2.10081512e+04  0.00e+00 1.42e-14  8.66e-07     0s
  10  -2.10081500e+04 -2.10081500e+04  0.00e+00 1.42e-14  8.66e-10     0s

Barrier solved model in 10 iterations and 0.02 seconds
Optimal objective -2.10081500e+04


Root relaxation: objective -2.100815e+04, 28 iterations, 0.01 seconds

    Nodes    |    Current Node    |     Objective Bounds      |     Work
 Expl Unexpl |  Obj  Depth IntInf | Incumbent    BestBd   Gap | It/Node Time

     0     0 -21008.150    0   32 -19430.025 -21008.150  8.12%     -    0s
H    0     0                    -20955.17500 -21008.150  0.25%     -    0s

Explored 0 nodes (35 simplex iterations) in 0.03 seconds
Thread count was 20 (of 20 available processors)

Solution count 3: -20955.2 -19430 -1516.2 
Pool objective bound -21008.2

Optimal solution found (tolerance 5.00e-02)
Best objective -2.095517500000e+04, best bound -2.100815000000e+04, gap 0.2528%
Changed value of parameter MIPGap to 0.05
   Prev: 0.0001  Min: 0.0  Max: 1e+100  Default: 0.0001
Changed value of parameter TimeLimit to 1800.0
   Prev: 1e+100  Min: 0.0  Max: 1e+100  Default: 1e+100
Changed value of parameter Method to 2
   Prev: -1  Min: -1  Max: 4  Default: -1
Changed value of parameter MIPFocus to 1
   Prev: 0  Min: 0  Max: 3  Default: 0
Optimize a model with 4106 rows, 6009 columns and 12018 nonzeros
Variable types: 0 continuous, 6009 integer (6009 binary)
Coefficient statistics:
  Matrix range     [1e+00, 5e+00]
  Objective range  [6e+00, 1e+02]
  Bounds range     [1e+00, 1e+00]
  RHS range        [8e+01, 8e+01]
Found heuristic solution: objective 0
Presolve removed 4042 rows and 4213 columns
Presolve time: 0.01s
Presolved: 64 rows, 1796 columns, 2857 nonzeros
Found heuristic solution: objective -37323.95000
Variable types: 0 continuous, 1796 integer (1735 binary)
Presolved: 64 rows, 1796 columns, 2857 nonzeros

Root barrier log...

Ordering time: 0.00s

Barrier statistics:
 AA' NZ     : 9.300e+02
 Factor NZ  : 2.037e+03 (roughly 1 MByte of memory)
 Factor Ops : 8.578e+04 (less than 1 second per iteration)
 Threads    : 1

                  Objective                Residual
Iter       Primal          Dual         Primal    Dual     Compl     Time
   0  -8.50702846e+04 -8.94613878e+04  2.64e+01 1.78e-14  5.46e+01     0s
   1  -3.67357417e+04 -6.88047358e+04  6.96e-01 1.03e+01  1.02e+01     0s
   2  -3.87184859e+04 -4.46078597e+04  0.00e+00 1.59e+00  1.62e+00     0s
   3  -4.01374552e+04 -4.09975652e+04  0.00e+00 1.43e-01  2.35e-01     0s
   4  -4.03798454e+04 -4.06229226e+04  0.00e+00 6.41e-03  6.65e-02     0s
   5  -4.04452608e+04 -4.05220123e+04  0.00e+00 2.84e-14  2.10e-02     0s
   6  -4.04690321e+04 -4.04863436e+04  0.00e+00 2.84e-14  4.74e-03     0s
   7  -4.04776281e+04 -4.04812490e+04  0.00e+00 2.84e-14  9.91e-04     0s
   8  -4.04784943e+04 -4.04789026e+04  0.00e+00 2.84e-14  1.12e-04     0s
   9  -4.04787730e+04 -4.04787753e+04  0.00e+00 2.84e-14  6.38e-07     0s
  10  -4.04787750e+04 -4.04787750e+04  0.00e+00 2.84e-14  6.38e-10     0s

Barrier solved model in 10 iterations and 0.08 seconds
Optimal objective -4.04787750e+04


Root relaxation: objective -4.047878e+04, 34 iterations, 0.07 seconds

    Nodes    |    Current Node    |     Objective Bounds      |     Work
 Expl Unexpl |  Obj  Depth IntInf | Incumbent    BestBd   Gap | It/Node Time

     0     0 -40478.775    0   25 -37323.950 -40478.775  8.45%     -    0s
H    0     0                    -40379.90000 -40478.775  0.24%     -    0s

Explored 0 nodes (39 simplex iterations) in 0.09 seconds
Thread count was 20 (of 20 available processors)

Solution count 3: -40379.9 -37323.9 -2889.4 
Pool objective bound -40478.8

Optimal solution found (tolerance 5.00e-02)
Best objective -4.037990000000e+04, best bound -4.047875000000e+04, gap 0.2448%
Changed value of parameter MIPGap to 0.05
   Prev: 0.0001  Min: 0.0  Max: 1e+100  Default: 0.0001
Changed value of parameter TimeLimit to 1800.0
   Prev: 1e+100  Min: 0.0  Max: 1e+100  Default: 1e+100
Changed value of parameter Method to 2
   Prev: -1  Min: -1  Max: 4  Default: -1
Changed value of parameter MIPFocus to 1
   Prev: 0  Min: 0  Max: 3  Default: 0
Optimize a model with 4106 rows, 6009 columns and 12018 nonzeros
Variable types: 0 continuous, 6009 integer (6009 binary)
Coefficient statistics:
  Matrix range     [1e+00, 5e+00]
  Objective range  [1e+01, 2e+02]
  Bounds range     [1e+00, 1e+00]
  RHS range        [8e+01, 8e+01]
Found heuristic solution: objective 0
Presolve removed 4042 rows and 4213 columns
Presolve time: 0.01s
Presolved: 64 rows, 1796 columns, 2857 nonzeros
Found heuristic solution: objective -73103.90000
Variable types: 0 continuous, 1796 integer (1735 binary)
Presolved: 64 rows, 1796 columns, 2857 nonzeros

Root barrier log...

Ordering time: 0.00s

Barrier statistics:
 AA' NZ     : 9.300e+02
 Factor NZ  : 2.037e+03 (roughly 1 MByte of memory)
 Factor Ops : 8.578e+04 (less than 1 second per iteration)
 Threads    : 1

                  Objective                Residual
Iter       Primal          Dual         Primal    Dual     Compl     Time
   0  -1.65756844e+05 -1.77651256e+05  2.64e+01 3.55e-14  1.09e+02     0s
   1  -7.17754091e+04 -1.36354861e+05  6.63e-01 2.09e+01  2.05e+01     0s
   2  -7.59110572e+04 -8.77030946e+04  0.00e+00 3.22e+00  3.24e+00     0s
   3  -7.87347079e+04 -8.04556252e+04  0.00e+00 2.91e-01  4.71e-01     0s
   4  -7.92136093e+04 -7.96568327e+04  0.00e+00 5.68e-14  1.21e-01     0s
   5  -7.93694196e+04 -7.95011004e+04  0.00e+00 8.53e-14  3.60e-02     0s
   6  -7.94104549e+04 -7.94434958e+04  0.00e+00 5.68e-14  9.04e-03     0s
   7  -7.94157636e+04 -7.94308055e+04  0.00e+00 4.26e-14  4.12e-03     0s
   8  -7.94219731e+04 -7.94242470e+04  0.00e+00 5.68e-14  6.22e-04     0s
   9  -7.94224351e+04 -7.94224585e+04  0.00e+00 8.53e-14  6.40e-06     0s
  10  -7.94224500e+04 -7.94224500e+04  0.00e+00 5.68e-14  6.40e-09     0s

Barrier solved model in 10 iterations and 0.02 seconds
Optimal objective -7.94224500e+04


Root relaxation: objective -7.942245e+04, 33 iterations, 0.01 seconds

    Nodes    |    Current Node    |     Objective Bounds      |     Work
 Expl Unexpl |  Obj  Depth IntInf | Incumbent    BestBd   Gap | It/Node Time

     0     0 -79422.450    0   26 -73103.900 -79422.450  8.64%     -    0s
H    0     0                    -79235.30000 -79422.450  0.24%     -    0s

Explored 0 nodes (38 simplex iterations) in 0.03 seconds
Thread count was 20 (of 20 available processors)

Solution count 3: -79235.3 -73103.9 -5635.8 
Pool objective bound -79422.4

Optimal solution found (tolerance 5.00e-02)
Best objective -7.923530000000e+04, best bound -7.942240000000e+04, gap 0.2361%
Changed value of parameter MIPGap to 0.05
   Prev: 0.0001  Min: 0.0  Max: 1e+100  Default: 0.0001
Changed value of parameter TimeLimit to 1800.0
   Prev: 1e+100  Min: 0.0  Max: 1e+100  Default: 1e+100
Changed value of parameter Method to 2
   Prev: -1  Min: -1  Max: 4  Default: -1
Changed value of parameter MIPFocus to 1
   Prev: 0  Min: 0  Max: 3  Default: 0
Optimize a model with 4106 rows, 6009 columns and 12018 nonzeros
Variable types: 0 continuous, 6009 integer (6009 binary)
Coefficient statistics:
  Matrix range     [1e+00, 5e+00]
  Objective range  [3e+01, 5e+02]
  Bounds range     [1e+00, 1e+00]
  RHS range        [8e+01, 8e+01]
Found heuristic solution: objective 0
Presolve removed 4042 rows and 4213 columns
Presolve time: 0.01s
Presolved: 64 rows, 1796 columns, 2857 nonzeros
Found heuristic solution: objective -180438.7500
Variable types: 0 continuous, 1796 integer (1735 binary)
Presolved: 64 rows, 1796 columns, 2857 nonzeros

Root barrier log...

Ordering time: 0.00s

Barrier statistics:
 AA' NZ     : 9.300e+02
 Factor NZ  : 2.037e+03 (roughly 1 MByte of memory)
 Factor Ops : 8.578e+04 (less than 1 second per iteration)
 Threads    : 1

                  Objective                Residual
Iter       Primal          Dual         Primal    Dual     Compl     Time
   0  -4.07816012e+05 -4.42220861e+05  2.64e+01 5.68e-14  2.74e+02     0s
   1  -1.76906678e+05 -3.39005945e+05  6.44e-01 5.27e+01  5.13e+01     0s
   2  -1.87493000e+05 -2.16911618e+05  0.00e+00 8.06e+00  8.09e+00     0s
   3  -1.94542004e+05 -1.98822148e+05  0.00e+00 7.33e-01  1.17e+00     0s
   4  -1.95736479e+05 -1.96815229e+05  0.00e+00 4.37e-03  2.95e-01     0s
   5  -1.96092949e+05 -1.96435301e+05  0.00e+00 1.14e-13  9.37e-02     0s
   6  -1.96192559e+05 -1.96308449e+05  0.00e+00 1.14e-13  3.17e-02     0s
   7  -1.96225185e+05 -1.96268474e+05  0.00e+00 1.14e-13  1.18e-02     0s
   8  -1.96254130e+05 -1.96257805e+05  0.00e+00 1.14e-13  1.01e-03     0s
   9  -1.96256122e+05 -1.96256128e+05  0.00e+00 1.42e-13  1.87e-06     0s
  10  -1.96256125e+05 -1.96256125e+05  0.00e+00 1.71e-13  1.87e-09     0s

Barrier solved model in 10 iterations and 0.02 seconds
Optimal objective -1.96256125e+05


Root relaxation: objective -1.962561e+05, 35 iterations, 0.01 seconds

    Nodes    |    Current Node    |     Objective Bounds      |     Work
 Expl Unexpl |  Obj  Depth IntInf | Incumbent    BestBd   Gap | It/Node Time

     0     0 -196256.12    0   28 -180438.75 -196256.12  8.77%     -    0s
H    0     0                    -195783.0000 -196256.12  0.24%     -    0s

Explored 0 nodes (39 simplex iterations) in 0.03 seconds
Thread count was 20 (of 20 available processors)

Solution count 3: -195783 -180439 -13875 
Pool objective bound -196256

Optimal solution found (tolerance 5.00e-02)
Best objective -1.957830000000e+05, best bound -1.962560000000e+05, gap 0.2416%
Changed value of parameter MIPGap to 0.05
   Prev: 0.0001  Min: 0.0  Max: 1e+100  Default: 0.0001
Changed value of parameter TimeLimit to 1800.0
   Prev: 1e+100  Min: 0.0  Max: 1e+100  Default: 1e+100
Changed value of parameter Method to 2
   Prev: -1  Min: -1  Max: 4  Default: -1
Changed value of parameter MIPFocus to 1
   Prev: 0  Min: 0  Max: 3  Default: 0
Optimize a model with 4106 rows, 6009 columns and 12018 nonzeros
Variable types: 0 continuous, 6009 integer (6009 binary)
Coefficient statistics:
  Matrix range     [1e+00, 5e+00]
  Objective range  [3e+02, 5e+03]
  Bounds range     [1e+00, 1e+00]
  RHS range        [8e+01, 8e+01]
Found heuristic solution: objective 0
Presolve removed 4042 rows and 4213 columns
Presolve time: 0.01s
Presolved: 64 rows, 1796 columns, 2857 nonzeros
Found heuristic solution: objective -1791094.500
Variable types: 0 continuous, 1796 integer (1735 binary)
Presolved: 64 rows, 1796 columns, 2857 nonzeros

Root barrier log...

Ordering time: 0.00s

Barrier statistics:
 AA' NZ     : 9.300e+02
 Factor NZ  : 2.037e+03 (roughly 1 MByte of memory)
 Factor Ops : 8.578e+04 (less than 1 second per iteration)
 Threads    : 1

                  Objective                Residual
Iter       Primal          Dual         Primal    Dual     Compl     Time
   0  -4.03870171e+06 -4.41076494e+06  2.64e+01 9.09e-13  2.74e+03     0s
   1  -1.75392032e+06 -3.37877475e+06  6.32e-01 5.29e+02  5.13e+02     0s
   2  -1.85804720e+06 -2.15043290e+06  0.00e+00 7.85e+01  8.04e+01     0s
   3  -1.93096452e+06 -1.97382768e+06  0.00e+00 6.96e+00  1.17e+01     0s
   4  -1.94484444e+06 -1.95696687e+06  0.00e+00 1.11e+00  3.32e+00     0s
   5  -1.94737462e+06 -1.95118843e+06  0.00e+00 9.09e-13  1.04e+00     0s
   6  -1.94823807e+06 -1.94942383e+06  0.00e+00 1.08e-03  3.24e-01     0s
   7  -1.94867435e+06 -1.94898080e+06  0.00e+00 1.14e-12  8.39e-02     0s
   8  -1.94876864e+06 -1.94878602e+06  0.00e+00 1.36e-12  4.76e-03     0s
   9  -1.94877400e+06 -1.94877401e+06  0.00e+00 1.82e-12  2.90e-06     0s
  10  -1.94877400e+06 -1.94877400e+06  0.00e+00 1.82e-12  2.90e-09     0s

Barrier solved model in 10 iterations and 0.02 seconds
Optimal objective -1.94877400e+06


Root relaxation: objective -1.948774e+06, 33 iterations, 0.01 seconds

    Nodes    |    Current Node    |     Objective Bounds      |     Work
 Expl Unexpl |  Obj  Depth IntInf | Incumbent    BestBd   Gap | It/Node Time

     0     0 -1948774.0    0   31 -1791094.5 -1948774.0  8.80%     -    0s
H    0     0                    -1943851.000 -1948774.0  0.25%     -    0s

Explored 0 nodes (33 simplex iterations) in 0.03 seconds
Thread count was 20 (of 20 available processors)

Solution count 3: -1.94385e+06 -1.79109e+06 -137463 
Pool objective bound -1.94877e+06

Optimal solution found (tolerance 5.00e-02)
Best objective -1.943851000000e+06, best bound -1.948774000000e+06, gap 0.2533%
