Changed value of parameter MIPGap to 0.05
   Prev: 0.0001  Min: 0.0  Max: 1e+100  Default: 0.0001
Changed value of parameter TimeLimit to 1800.0
   Prev: 1e+100  Min: 0.0  Max: 1e+100  Default: 1e+100
Changed value of parameter Method to 2
   Prev: -1  Min: -1  Max: 4  Default: -1
Changed value of parameter MIPFocus to 1
   Prev: 0  Min: 0  Max: 3  Default: 0
Optimize a model with 20300 rows, 108900 columns and 217800 nonzeros
Variable types: 0 continuous, 108900 integer (108900 binary)
Coefficient statistics:
  Matrix range     [1e+00, 2e+01]
  Objective range  [1e+00, 1e+00]
  Bounds range     [1e+00, 1e+00]
  RHS range        [8e+01, 8e+01]
Found heuristic solution: objective 0
Presolve time: 0.35s
Presolved: 20300 rows, 108900 columns, 217800 nonzeros
Variable types: 0 continuous, 108900 integer (108900 binary)
Presolved: 20300 rows, 108900 columns, 217800 nonzeros

Root barrier log...

Ordering time: 0.02s

Barrier statistics:
 AA' NZ     : 1.089e+05
 Factor NZ  : 3.530e+05 (roughly 50 MBytes of memory)
 Factor Ops : 4.442e+07 (less than 1 second per iteration)
 Threads    : 1

                  Objective                Residual
Iter       Primal          Dual         Primal    Dual     Compl     Time
   0  -5.29507641e+04 -8.15172726e+04  1.48e+02 0.00e+00  3.29e+00     1s
   1  -1.83871065e+04 -6.25931151e+04  3.16e+01 8.88e-16  7.61e-01     1s
   2  -9.90899379e+03 -2.70044089e+04  6.89e+00 1.11e-15  1.54e-01     1s
   3  -8.14973953e+03 -1.10596437e+04  3.10e+00 2.00e-15  3.26e-02     1s
   4  -6.65454802e+03 -7.36187384e+03  7.48e-04 2.66e-15  3.24e-03     1s
   5  -6.66656353e+03 -6.66702859e+03  6.66e-16 2.00e-15  2.13e-06     1s
   6  -6.66666667e+03 -6.66666667e+03  1.41e-14 2.00e-15  3.86e-12     1s

Barrier solved model in 6 iterations and 0.84 seconds
Optimal objective -6.66666667e+03


Root relaxation: objective -6.666667e+03, 89642 iterations, 2.14 seconds

    Nodes    |    Current Node    |     Objective Bounds      |     Work
 Expl Unexpl |  Obj  Depth IntInf | Incumbent    BestBd   Gap | It/Node Time

     0     0 -6666.6667    0  787    0.00000 -6666.6667      -     -    4s
H    0     0                    -6499.000000 -6666.6667  2.58%     -    4s

Explored 0 nodes (101078 simplex iterations) in 4.54 seconds
Thread count was 20 (of 20 available processors)

Solution count 2: -6499 0 
Pool objective bound -6666

Optimal solution found (tolerance 5.00e-02)
Best objective -6.499000000000e+03, best bound -6.666000000000e+03, gap 2.5696%
Changed value of parameter MIPGap to 0.05
   Prev: 0.0001  Min: 0.0  Max: 1e+100  Default: 0.0001
Changed value of parameter TimeLimit to 1800.0
   Prev: 1e+100  Min: 0.0  Max: 1e+100  Default: 1e+100
Changed value of parameter Method to 2
   Prev: -1  Min: -1  Max: 4  Default: -1
Changed value of parameter MIPFocus to 1
   Prev: 0  Min: 0  Max: 3  Default: 0
Optimize a model with 20300 rows, 108900 columns and 217800 nonzeros
Variable types: 0 continuous, 108900 integer (108900 binary)
Coefficient statistics:
  Matrix range     [1e+00, 2e+01]
  Objective range  [1e+00, 1e+00]
  Bounds range     [1e+00, 1e+00]
  RHS range        [8e+01, 8e+01]
Found heuristic solution: objective 0
Presolve time: 0.33s
Presolved: 20300 rows, 108900 columns, 217800 nonzeros
Variable types: 0 continuous, 108900 integer (108900 binary)
Presolved: 20300 rows, 108900 columns, 217800 nonzeros

Root barrier log...

Ordering time: 0.02s

Barrier statistics:
 AA' NZ     : 1.089e+05
 Factor NZ  : 3.530e+05 (roughly 50 MBytes of memory)
 Factor Ops : 4.442e+07 (less than 1 second per iteration)
 Threads    : 1

                  Objective                Residual
Iter       Primal          Dual         Primal    Dual     Compl     Time
   0  -5.29943337e+04 -8.15294069e+04  1.48e+02 0.00e+00  3.29e+00     1s
   1  -1.83932732e+04 -6.26046031e+04  3.16e+01 6.66e-16  7.61e-01     1s
   2  -9.91480079e+03 -2.70016924e+04  6.90e+00 8.88e-16  1.54e-01     1s
   3  -8.15441559e+03 -1.10632154e+04  3.10e+00 2.66e-15  3.26e-02     1s
   4  -6.65787410e+03 -7.36579338e+03  7.46e-04 2.44e-15  3.25e-03     1s
   5  -6.66989664e+03 -6.67036322e+03  5.55e-16 2.44e-15  2.14e-06     1s
   6  -6.67000000e+03 -6.67000000e+03  8.66e-15 1.78e-15  3.88e-12     1s

Barrier solved model in 6 iterations and 0.79 seconds
Optimal objective -6.67000000e+03


Root relaxation: objective -6.670000e+03, 89642 iterations, 2.20 seconds
Total elapsed time = 5.15s

    Nodes    |    Current Node    |     Objective Bounds      |     Work
 Expl Unexpl |  Obj  Depth IntInf | Incumbent    BestBd   Gap | It/Node Time

     0     0 -6670.0000    0  796    0.00000 -6670.0000      -     -    5s
H    0     0                    -6499.248000 -6670.0000  2.63%     -    5s

Explored 0 nodes (104112 simplex iterations) in 5.36 seconds
Thread count was 20 (of 20 available processors)

Solution count 2: -6499.25 0 
Pool objective bound -6670

Optimal solution found (tolerance 5.00e-02)
Best objective -6.499248000000e+03, best bound -6.670000000001e+03, gap 2.6273%
Changed value of parameter MIPGap to 0.05
   Prev: 0.0001  Min: 0.0  Max: 1e+100  Default: 0.0001
Changed value of parameter TimeLimit to 1800.0
   Prev: 1e+100  Min: 0.0  Max: 1e+100  Default: 1e+100
Changed value of parameter Method to 2
   Prev: -1  Min: -1  Max: 4  Default: -1
Changed value of parameter MIPFocus to 1
   Prev: 0  Min: 0  Max: 3  Default: 0
Optimize a model with 20300 rows, 108900 columns and 217800 nonzeros
Variable types: 0 continuous, 108900 integer (108900 binary)
Coefficient statistics:
  Matrix range     [1e+00, 2e+01]
  Objective range  [1e+00, 1e+00]
  Bounds range     [1e+00, 1e+00]
  RHS range        [8e+01, 8e+01]
Found heuristic solution: objective 0
Presolve time: 0.30s
Presolved: 20300 rows, 108900 columns, 217800 nonzeros
Variable types: 0 continuous, 108900 integer (108900 binary)
Presolved: 20300 rows, 108900 columns, 217800 nonzeros

Root barrier log...

Ordering time: 0.02s

Barrier statistics:
 AA' NZ     : 1.089e+05
 Factor NZ  : 3.530e+05 (roughly 50 MBytes of memory)
 Factor Ops : 4.442e+07 (less than 1 second per iteration)
 Threads    : 1

                  Objective                Residual
Iter       Primal          Dual         Primal    Dual     Compl     Time
   0  -5.30379034e+04 -8.15415412e+04  1.48e+02 0.00e+00  3.29e+00     0s
   1  -1.83993942e+04 -6.26160902e+04  3.16e+01 8.88e-16  7.60e-01     1s
   2  -9.92060125e+03 -2.69989232e+04  6.90e+00 8.88e-16  1.54e-01     1s
   3  -8.15908617e+03 -1.10667700e+04  3.10e+00 2.44e-15  3.26e-02     1s
   4  -6.66120021e+03 -7.36970678e+03  7.43e-04 2.44e-15  3.25e-03     1s
   5  -6.67322976e+03 -6.67369783e+03  5.55e-16 2.22e-15  2.14e-06     1s
   6  -6.67333333e+03 -6.67333333e+03  5.55e-15 1.78e-15  3.89e-12     1s

Barrier solved model in 6 iterations and 0.72 seconds
Optimal objective -6.67333333e+03


Root relaxation: objective -6.673333e+03, 89642 iterations, 2.00 seconds

    Nodes    |    Current Node    |     Objective Bounds      |     Work
 Expl Unexpl |  Obj  Depth IntInf | Incumbent    BestBd   Gap | It/Node Time

     0     0 -6673.3333    0  797    0.00000 -6673.3333      -     -    5s
H    0     0                    -6505.499000 -6673.3333  2.58%     -    5s

Explored 0 nodes (104277 simplex iterations) in 5.29 seconds
Thread count was 20 (of 20 available processors)

Solution count 2: -6505.5 0 
Pool objective bound -6673.33

Optimal solution found (tolerance 5.00e-02)
Best objective -6.505499000000e+03, best bound -6.673333333334e+03, gap 2.5799%
Changed value of parameter MIPGap to 0.05
   Prev: 0.0001  Min: 0.0  Max: 1e+100  Default: 0.0001
Changed value of parameter TimeLimit to 1800.0
   Prev: 1e+100  Min: 0.0  Max: 1e+100  Default: 1e+100
Changed value of parameter Method to 2
   Prev: -1  Min: -1  Max: 4  Default: -1
Changed value of parameter MIPFocus to 1
   Prev: 0  Min: 0  Max: 3  Default: 0
Optimize a model with 20300 rows, 108900 columns and 217800 nonzeros
Variable types: 0 continuous, 108900 integer (108900 binary)
Coefficient statistics:
  Matrix range     [1e+00, 2e+01]
  Objective range  [1e+00, 1e+00]
  Bounds range     [1e+00, 1e+00]
  RHS range        [8e+01, 8e+01]
Found heuristic solution: objective 0
Presolve time: 0.30s
Presolved: 20300 rows, 108900 columns, 217800 nonzeros
Variable types: 0 continuous, 108900 integer (108900 binary)
Presolved: 20300 rows, 108900 columns, 217800 nonzeros

Root barrier log...

Ordering time: 0.02s

Barrier statistics:
 AA' NZ     : 1.089e+05
 Factor NZ  : 3.530e+05 (roughly 50 MBytes of memory)
 Factor Ops : 4.442e+07 (less than 1 second per iteration)
 Threads    : 1

                  Objective                Residual
Iter       Primal          Dual         Primal    Dual     Compl     Time
   0  -5.31250426e+04 -8.15658097e+04  1.48e+02 0.00e+00  3.29e+00     0s
   1  -1.84114985e+04 -6.26390622e+04  3.15e+01 7.77e-16  7.60e-01     1s
   2  -9.93218246e+03 -2.69932258e+04  6.90e+00 1.33e-15  1.54e-01     1s
   3  -8.16841110e+03 -1.10738275e+04  3.10e+00 2.00e-15  3.26e-02     1s
   4  -6.66785250e+03 -7.37751417e+03  7.39e-04 2.44e-15  3.25e-03     1s
   5  -6.67989599e+03 -6.68036703e+03  5.55e-16 2.22e-15  2.16e-06     1s
   6  -6.68000000e+03 -6.68000000e+03  4.77e-15 1.78e-15  3.92e-12     1s

Barrier solved model in 6 iterations and 0.74 seconds
Optimal objective -6.68000000e+03


Root relaxation: objective -6.680000e+03, 89642 iterations, 2.12 seconds

    Nodes    |    Current Node    |     Objective Bounds      |     Work
 Expl Unexpl |  Obj  Depth IntInf | Incumbent    BestBd   Gap | It/Node Time

     0     0 -6680.0000    0  820    0.00000 -6680.0000      -     -    5s
H    0     0                    -6511.998000 -6680.0000  2.58%     -    5s

Explored 0 nodes (104381 simplex iterations) in 5.43 seconds
Thread count was 20 (of 20 available processors)

Solution count 2: -6512 0 
Pool objective bound -6680

Optimal solution found (tolerance 5.00e-02)
Best objective -6.511998000000e+03, best bound -6.680000000001e+03, gap 2.5799%
Changed value of parameter MIPGap to 0.05
   Prev: 0.0001  Min: 0.0  Max: 1e+100  Default: 0.0001
Changed value of parameter TimeLimit to 1800.0
   Prev: 1e+100  Min: 0.0  Max: 1e+100  Default: 1e+100
Changed value of parameter Method to 2
   Prev: -1  Min: -1  Max: 4  Default: -1
Changed value of parameter MIPFocus to 1
   Prev: 0  Min: 0  Max: 3  Default: 0
Optimize a model with 20300 rows, 108900 columns and 217800 nonzeros
Variable types: 0 continuous, 108900 integer (108900 binary)
Coefficient statistics:
  Matrix range     [1e+00, 2e+01]
  Objective range  [1e+00, 1e+00]
  Bounds range     [1e+00, 1e+00]
  RHS range        [8e+01, 8e+01]
Found heuristic solution: objective 0
Presolve time: 0.28s
Presolved: 20300 rows, 108900 columns, 217800 nonzeros
Variable types: 0 continuous, 108900 integer (108900 binary)
Presolved: 20300 rows, 108900 columns, 217800 nonzeros

Root barrier log...

Ordering time: 0.02s

Barrier statistics:
 AA' NZ     : 1.089e+05
 Factor NZ  : 3.530e+05 (roughly 50 MBytes of memory)
 Factor Ops : 4.442e+07 (less than 1 second per iteration)
 Threads    : 1

                  Objective                Residual
Iter       Primal          Dual         Primal    Dual     Compl     Time
   0  -5.32993206e+04 -8.16143467e+04  1.48e+02 0.00e+00  3.30e+00     0s
   1  -1.84351527e+04 -6.26849963e+04  3.15e+01 7.77e-16  7.59e-01     0s
   2  -9.95526570e+03 -2.69811923e+04  6.91e+00 9.44e-16  1.54e-01     1s
   3  -8.18699596e+03 -1.10877347e+04  3.11e+00 2.00e-15  3.26e-02     1s
   4  -6.68115747e+03 -7.39304526e+03  7.30e-04 2.66e-15  3.27e-03     1s
   5  -6.69322847e+03 -6.69370532e+03  6.66e-16 2.44e-15  2.18e-06     1s
   6  -6.69333333e+03 -6.69333333e+03  6.11e-15 2.22e-15  3.98e-12     1s

Barrier solved model in 6 iterations and 0.70 seconds
Optimal objective -6.69333333e+03


Root relaxation: objective -6.693333e+03, 89642 iterations, 1.97 seconds

    Nodes    |    Current Node    |     Objective Bounds      |     Work
 Expl Unexpl |  Obj  Depth IntInf | Incumbent    BestBd   Gap | It/Node Time

     0     0 -6693.3333    0  836    0.00000 -6693.3333      -     -    4s
H    0     0                    -6524.996000 -6693.3333  2.58%     -    4s

Explored 0 nodes (100932 simplex iterations) in 4.11 seconds
Thread count was 20 (of 20 available processors)

Solution count 2: -6525 0 
Pool objective bound -6693.33

Optimal solution found (tolerance 5.00e-02)
Best objective -6.524996000000e+03, best bound -6.693333333333e+03, gap 2.5799%
Changed value of parameter MIPGap to 0.05
   Prev: 0.0001  Min: 0.0  Max: 1e+100  Default: 0.0001
Changed value of parameter TimeLimit to 1800.0
   Prev: 1e+100  Min: 0.0  Max: 1e+100  Default: 1e+100
Changed value of parameter Method to 2
   Prev: -1  Min: -1  Max: 4  Default: -1
Changed value of parameter MIPFocus to 1
   Prev: 0  Min: 0  Max: 3  Default: 0
Optimize a model with 20300 rows, 108900 columns and 217800 nonzeros
Variable types: 0 continuous, 108900 integer (108900 binary)
Coefficient statistics:
  Matrix range     [1e+00, 2e+01]
  Objective range  [1e+00, 1e+00]
  Bounds range     [1e+00, 1e+00]
  RHS range        [8e+01, 8e+01]
Found heuristic solution: objective 0
Presolve time: 0.31s
Presolved: 20300 rows, 108900 columns, 217800 nonzeros
Variable types: 0 continuous, 108900 integer (108900 binary)
Presolved: 20300 rows, 108900 columns, 217800 nonzeros

Root barrier log...

Ordering time: 0.02s

Barrier statistics:
 AA' NZ     : 1.089e+05
 Factor NZ  : 3.530e+05 (roughly 50 MBytes of memory)
 Factor Ops : 4.442e+07 (less than 1 second per iteration)
 Threads    : 1

                  Objective                Residual
Iter       Primal          Dual         Primal    Dual     Compl     Time
   0  -5.33864594e+04 -8.16386152e+04  1.48e+02 0.00e+00  3.30e+00     1s
   1  -1.84467006e+04 -6.27079583e+04  3.14e+01 7.77e-16  7.59e-01     1s
   2  -9.96676747e+03 -2.69748541e+04  6.91e+00 1.11e-15  1.53e-01     1s
   3  -8.19625614e+03 -1.10945837e+04  3.11e+00 2.89e-15  3.26e-02     1s
   4  -6.68781015e+03 -7.40077211e+03  7.25e-04 2.44e-15  3.27e-03     1s
   5  -6.69989472e+03 -6.70037440e+03  5.55e-16 2.22e-15  2.20e-06     1s
   6  -6.70000000e+03 -6.70000000e+03  1.33e-14 2.00e-15  4.01e-12     1s

Barrier solved model in 6 iterations and 0.80 seconds
Optimal objective -6.70000000e+03


Root relaxation: objective -6.700000e+03, 89642 iterations, 2.15 seconds
Total elapsed time = 5.28s

    Nodes    |    Current Node    |     Objective Bounds      |     Work
 Expl Unexpl |  Obj  Depth IntInf | Incumbent    BestBd   Gap | It/Node Time

     0     0 -6700.0000    0  801    0.00000 -6700.0000      -     -    5s
H    0     0                    -6530.490000 -6700.0000  2.60%     -    5s

Explored 0 nodes (106174 simplex iterations) in 5.78 seconds
Thread count was 20 (of 20 available processors)

Solution count 2: -6530.49 0 
Pool objective bound -6700

Optimal solution found (tolerance 5.00e-02)
Best objective -6.530490000000e+03, best bound -6.700000000000e+03, gap 2.5957%
Changed value of parameter MIPGap to 0.05
   Prev: 0.0001  Min: 0.0  Max: 1e+100  Default: 0.0001
Changed value of parameter TimeLimit to 1800.0
   Prev: 1e+100  Min: 0.0  Max: 1e+100  Default: 1e+100
Changed value of parameter Method to 2
   Prev: -1  Min: -1  Max: 4  Default: -1
Changed value of parameter MIPFocus to 1
   Prev: 0  Min: 0  Max: 3  Default: 0
Optimize a model with 20300 rows, 108900 columns and 217800 nonzeros
Variable types: 0 continuous, 108900 integer (108900 binary)
Coefficient statistics:
  Matrix range     [1e+00, 2e+01]
  Objective range  [1e+00, 1e+00]
  Bounds range     [1e+00, 1e+00]
  RHS range        [8e+01, 8e+01]
Found heuristic solution: objective 0
Presolve time: 0.28s
Presolved: 20300 rows, 108900 columns, 217800 nonzeros
Variable types: 0 continuous, 108900 integer (108900 binary)
Presolved: 20300 rows, 108900 columns, 217800 nonzeros

Root barrier log...

Ordering time: 0.02s

Barrier statistics:
 AA' NZ     : 1.089e+05
 Factor NZ  : 3.530e+05 (roughly 50 MBytes of memory)
 Factor Ops : 4.442e+07 (less than 1 second per iteration)
 Threads    : 1

                  Objective                Residual
Iter       Primal          Dual         Primal    Dual     Compl     Time
   0  -5.38221515e+04 -8.17599578e+04  1.48e+02 0.00e+00  3.30e+00     0s
   1  -1.85016069e+04 -6.28227165e+04  3.12e+01 7.77e-16  7.56e-01     1s
   2  -1.00238727e+04 -2.69399058e+04  6.92e+00 1.05e-15  1.53e-01     1s
   3  -8.24223929e+03 -1.11279510e+04  3.12e+00 2.00e-15  3.27e-02     1s
   4  -6.72107540e+03 -7.43904498e+03  7.04e-04 2.00e-15  3.29e-03     1s
   5  -6.73322604e+03 -6.73371922e+03  6.66e-16 2.22e-15  2.26e-06     1s
   6  -6.73333333e+03 -6.73333333e+03  2.16e-14 1.78e-15  4.15e-12     1s

Barrier solved model in 6 iterations and 0.71 seconds
Optimal objective -6.73333333e+03


Root relaxation: objective -6.733333e+03, 89642 iterations, 2.00 seconds

    Nodes    |    Current Node    |     Objective Bounds      |     Work
 Expl Unexpl |  Obj  Depth IntInf | Incumbent    BestBd   Gap | It/Node Time

     0     0 -6733.3333    0  809    0.00000 -6733.3333      -     -    4s
H    0     0                    -6562.980000 -6733.3333  2.60%     -    4s

Explored 0 nodes (103621 simplex iterations) in 5.02 seconds
Thread count was 20 (of 20 available processors)

Solution count 2: -6562.98 0 
Pool objective bound -6733.33

Optimal solution found (tolerance 5.00e-02)
Best objective -6.562980000000e+03, best bound -6.733330000000e+03, gap 2.5956%
Changed value of parameter MIPGap to 0.05
   Prev: 0.0001  Min: 0.0  Max: 1e+100  Default: 0.0001
Changed value of parameter TimeLimit to 1800.0
   Prev: 1e+100  Min: 0.0  Max: 1e+100  Default: 1e+100
Changed value of parameter Method to 2
   Prev: -1  Min: -1  Max: 4  Default: -1
Changed value of parameter MIPFocus to 1
   Prev: 0  Min: 0  Max: 3  Default: 0
Optimize a model with 20300 rows, 108900 columns and 217800 nonzeros
Variable types: 0 continuous, 108900 integer (108900 binary)
Coefficient statistics:
  Matrix range     [1e+00, 2e+01]
  Objective range  [1e+00, 1e+00]
  Bounds range     [1e+00, 1e+00]
  RHS range        [8e+01, 8e+01]
Found heuristic solution: objective 0
Presolve time: 0.30s
Presolved: 20300 rows, 108900 columns, 217800 nonzeros
Variable types: 0 continuous, 108900 integer (108900 binary)
Presolved: 20300 rows, 108900 columns, 217800 nonzeros

Root barrier log...

Ordering time: 0.02s

Barrier statistics:
 AA' NZ     : 1.089e+05
 Factor NZ  : 3.530e+05 (roughly 50 MBytes of memory)
 Factor Ops : 4.442e+07 (less than 1 second per iteration)
 Threads    : 1

                  Objective                Residual
Iter       Primal          Dual         Primal    Dual     Compl     Time
   0  -5.46935261e+04 -8.20026429e+04  1.48e+02 0.00e+00  3.30e+00     0s
   1  -1.85968350e+04 -6.30519522e+04  3.08e+01 7.77e-16  7.51e-01     1s
   2  -1.01357638e+04 -2.68583145e+04  6.94e+00 1.11e-15  1.52e-01     1s
   3  -8.33621598e+03 -1.12634309e+04  3.14e+00 2.22e-15  3.31e-02     1s
   4  -6.78755486e+03 -7.52345398e+03  6.66e-04 2.66e-15  3.37e-03     1s
   5  -6.79988695e+03 -6.80042320e+03  5.55e-16 2.22e-15  2.46e-06     1s
   6  -6.80000000e+03 -6.80000000e+03  1.53e-14 2.00e-15  4.50e-12     1s

Barrier solved model in 6 iterations and 0.75 seconds
Optimal objective -6.80000000e+03


Root relaxation: objective -6.800000e+03, 89642 iterations, 2.13 seconds

    Nodes    |    Current Node    |     Objective Bounds      |     Work
 Expl Unexpl |  Obj  Depth IntInf | Incumbent    BestBd   Gap | It/Node Time

     0     0 -6800.0000    0  828    0.00000 -6800.0000      -     -    4s
H    0     0                    -6628.980000 -6800.0000  2.58%     -    4s

Explored 0 nodes (101725 simplex iterations) in 4.49 seconds
Thread count was 20 (of 20 available processors)

Solution count 2: -6628.98 0 
Pool objective bound -6800

Optimal solution found (tolerance 5.00e-02)
Best objective -6.628980000000e+03, best bound -6.800000000000e+03, gap 2.5799%
Changed value of parameter MIPGap to 0.05
   Prev: 0.0001  Min: 0.0  Max: 1e+100  Default: 0.0001
Changed value of parameter TimeLimit to 1800.0
   Prev: 1e+100  Min: 0.0  Max: 1e+100  Default: 1e+100
Changed value of parameter Method to 2
   Prev: -1  Min: -1  Max: 4  Default: -1
Changed value of parameter MIPFocus to 1
   Prev: 0  Min: 0  Max: 3  Default: 0
Optimize a model with 20300 rows, 108900 columns and 217800 nonzeros
Variable types: 0 continuous, 108900 integer (108900 binary)
Coefficient statistics:
  Matrix range     [1e+00, 2e+01]
  Objective range  [1e+00, 1e+00]
  Bounds range     [1e+00, 1e+00]
  RHS range        [8e+01, 8e+01]
Found heuristic solution: objective 0
Presolve time: 0.28s
Presolved: 20300 rows, 108900 columns, 217800 nonzeros
Variable types: 0 continuous, 108900 integer (108900 binary)
Presolved: 20300 rows, 108900 columns, 217800 nonzeros

Root barrier log...

Ordering time: 0.02s

Barrier statistics:
 AA' NZ     : 1.089e+05
 Factor NZ  : 3.530e+05 (roughly 50 MBytes of memory)
 Factor Ops : 4.442e+07 (less than 1 second per iteration)
 Threads    : 1

                  Objective                Residual
Iter       Primal          Dual         Primal    Dual     Compl     Time
   0  -5.64362367e+04 -8.24880131e+04  1.48e+02 0.00e+00  3.32e+00     0s
   1  -1.87251400e+04 -6.35091393e+04  2.98e+01 8.88e-16  7.38e-01     0s
   2  -1.03494773e+04 -2.66447978e+04  6.97e+00 1.11e-15  1.51e-01     1s
   3  -8.47742175e+03 -1.11328627e+04  3.14e+00 2.66e-15  3.14e-02     1s
   4  -6.91949215e+03 -7.53465031e+03  4.48e-04 2.44e-15  2.82e-03     1s
   5  -6.93324219e+03 -6.93356426e+03  6.66e-16 2.66e-15  1.48e-06     1s
   6  -6.93333333e+03 -6.93333333e+03  4.22e-15 1.78e-15  2.98e-12     1s

Barrier solved model in 6 iterations and 0.69 seconds
Optimal objective -6.93333333e+03


Root relaxation: objective -6.933333e+03, 89642 iterations, 1.89 seconds

    Nodes    |    Current Node    |     Objective Bounds      |     Work
 Expl Unexpl |  Obj  Depth IntInf | Incumbent    BestBd   Gap | It/Node Time

     0     0 -6933.3333    0  852    0.00000 -6933.3333      -     -    3s
H    0     0                    -6756.880000 -6933.3333  2.61%     -    3s

Explored 0 nodes (98981 simplex iterations) in 3.86 seconds
Thread count was 20 (of 20 available processors)

Solution count 2: -6756.88 0 
Pool objective bound -6933.32

Optimal solution found (tolerance 5.00e-02)
Best objective -6.756880000000e+03, best bound -6.933320000000e+03, gap 2.6113%
Changed value of parameter MIPGap to 0.05
   Prev: 0.0001  Min: 0.0  Max: 1e+100  Default: 0.0001
Changed value of parameter TimeLimit to 1800.0
   Prev: 1e+100  Min: 0.0  Max: 1e+100  Default: 1e+100
Changed value of parameter Method to 2
   Prev: -1  Min: -1  Max: 4  Default: -1
Changed value of parameter MIPFocus to 1
   Prev: 0  Min: 0  Max: 3  Default: 0
Optimize a model with 20300 rows, 108900 columns and 217800 nonzeros
Variable types: 0 continuous, 108900 integer (108900 binary)
Coefficient statistics:
  Matrix range     [1e+00, 2e+01]
  Objective range  [1e+00, 1e+00]
  Bounds range     [1e+00, 1e+00]
  RHS range        [8e+01, 8e+01]
Found heuristic solution: objective 0
Presolve time: 0.30s
Presolved: 20300 rows, 108900 columns, 217800 nonzeros
Variable types: 0 continuous, 108900 integer (108900 binary)
Presolved: 20300 rows, 108900 columns, 217800 nonzeros

Root barrier log...

Ordering time: 0.02s

Barrier statistics:
 AA' NZ     : 1.089e+05
 Factor NZ  : 3.530e+05 (roughly 50 MBytes of memory)
 Factor Ops : 4.442e+07 (less than 1 second per iteration)
 Threads    : 1

                  Objective                Residual
Iter       Primal          Dual         Primal    Dual     Compl     Time
   0  -5.73076357e+04 -8.30304735e+04  1.48e+02 0.00e+00  3.34e+00     0s
   1  -1.87843919e+04 -6.39539041e+04  2.93e+01 7.77e-16  7.35e-01     1s
   2  -1.05084221e+04 -2.68328882e+04  7.12e+00 1.28e-15  1.53e-01     1s
   3  -8.23875896e+03 -1.11111634e+04  2.52e+00 2.44e-15  2.84e-02     1s
   4  -6.98783073e+03 -7.43797345e+03  3.66e-04 2.44e-15  2.06e-03     1s
   5  -6.99995237e+03 -7.00011947e+03  5.55e-16 2.00e-15  7.65e-07     1s
   6  -7.00000000e+03 -7.00000000e+03  7.77e-16 2.66e-15  7.85e-13     1s

Barrier solved model in 6 iterations and 0.74 seconds
Optimal objective -7.00000000e+03


Root relaxation: objective -7.000000e+03, 89643 iterations, 2.04 seconds

    Nodes    |    Current Node    |     Objective Bounds      |     Work
 Expl Unexpl |  Obj  Depth IntInf | Incumbent    BestBd   Gap | It/Node Time

     0     0 -7000.0000    0  808    0.00000 -7000.0000      -     -    5s
H    0     0                    -6821.850000 -7000.0000  2.61%     -    5s

Explored 0 nodes (102918 simplex iterations) in 5.12 seconds
Thread count was 20 (of 20 available processors)

Solution count 2: -6821.85 0 
Pool objective bound -7000

Optimal solution found (tolerance 5.00e-02)
Best objective -6.821850000000e+03, best bound -7.000000000000e+03, gap 2.6115%
Changed value of parameter MIPGap to 0.05
   Prev: 0.0001  Min: 0.0  Max: 1e+100  Default: 0.0001
Changed value of parameter TimeLimit to 1800.0
   Prev: 1e+100  Min: 0.0  Max: 1e+100  Default: 1e+100
Changed value of parameter Method to 2
   Prev: -1  Min: -1  Max: 4  Default: -1
Changed value of parameter MIPFocus to 1
   Prev: 0  Min: 0  Max: 3  Default: 0
Optimize a model with 20300 rows, 108900 columns and 217800 nonzeros
Variable types: 0 continuous, 108900 integer (108900 binary)
Coefficient statistics:
  Matrix range     [1e+00, 2e+01]
  Objective range  [1e+00, 2e+00]
  Bounds range     [1e+00, 1e+00]
  RHS range        [8e+01, 8e+01]
Found heuristic solution: objective 0
Presolve time: 0.28s
Presolved: 20300 rows, 108900 columns, 217800 nonzeros
Variable types: 0 continuous, 108900 integer (108900 binary)
Presolved: 20300 rows, 108900 columns, 217800 nonzeros

Root barrier log...

Ordering time: 0.02s

Barrier statistics:
 AA' NZ     : 1.089e+05
 Factor NZ  : 3.530e+05 (roughly 50 MBytes of memory)
 Factor Ops : 4.442e+07 (less than 1 second per iteration)
 Threads    : 1

                  Objective                Residual
Iter       Primal          Dual         Primal    Dual     Compl     Time
   0  -6.16645202e+04 -8.57514321e+04  1.48e+02 0.00e+00  3.43e+00     0s
   1  -1.93497681e+04 -6.60213320e+04  2.78e+01 8.88e-16  7.33e-01     0s
   2  -1.09967954e+04 -2.68317510e+04  7.03e+00 1.11e-15  1.51e-01     1s
   3  -8.73919724e+03 -1.14331797e+04  2.70e+00 2.22e-15  2.91e-02     1s
   4  -7.32097100e+03 -7.82242967e+03  3.51e-04 2.22e-15  2.30e-03     1s
   5  -7.33327251e+03 -7.33349924e+03  5.55e-16 2.00e-15  1.04e-06     1s
   6  -7.33333333e+03 -7.33333333e+03  8.88e-16 1.78e-15  1.06e-12     1s

Barrier solved model in 6 iterations and 0.70 seconds
Optimal objective -7.33333333e+03


Root relaxation: objective -7.333333e+03, 89643 iterations, 1.97 seconds

    Nodes    |    Current Node    |     Objective Bounds      |     Work
 Expl Unexpl |  Obj  Depth IntInf | Incumbent    BestBd   Gap | It/Node Time

     0     0 -7333.3333    0  823    0.00000 -7333.3333      -     -    3s
H    0     0                    -7146.700000 -7333.3333  2.61%     -    3s

Explored 0 nodes (100863 simplex iterations) in 3.90 seconds
Thread count was 20 (of 20 available processors)

Solution count 2: -7146.7 0 
Pool objective bound -7333.3

Optimal solution found (tolerance 5.00e-02)
Best objective -7.146700000000e+03, best bound -7.333300000000e+03, gap 2.6110%
Changed value of parameter MIPGap to 0.05
   Prev: 0.0001  Min: 0.0  Max: 1e+100  Default: 0.0001
Changed value of parameter TimeLimit to 1800.0
   Prev: 1e+100  Min: 0.0  Max: 1e+100  Default: 1e+100
Changed value of parameter Method to 2
   Prev: -1  Min: -1  Max: 4  Default: -1
Changed value of parameter MIPFocus to 1
   Prev: 0  Min: 0  Max: 3  Default: 0
Optimize a model with 20300 rows, 108900 columns and 217800 nonzeros
Variable types: 0 continuous, 108900 integer (108900 binary)
Coefficient statistics:
  Matrix range     [1e+00, 2e+01]
  Objective range  [1e+00, 3e+00]
  Bounds range     [1e+00, 1e+00]
  RHS range        [8e+01, 8e+01]
Found heuristic solution: objective 0
Presolve time: 0.30s
Presolved: 20300 rows, 108900 columns, 217800 nonzeros
Variable types: 0 continuous, 108900 integer (108900 binary)
Presolved: 20300 rows, 108900 columns, 217800 nonzeros

Root barrier log...

Ordering time: 0.02s

Barrier statistics:
 AA' NZ     : 1.089e+05
 Factor NZ  : 3.530e+05 (roughly 50 MBytes of memory)
 Factor Ops : 4.442e+07 (less than 1 second per iteration)
 Threads    : 1

                  Objective                Residual
Iter       Primal          Dual         Primal    Dual     Compl     Time
   0  -7.03787286e+04 -9.42904465e+04  1.48e+02 0.00e+00  3.77e+00     0s
   1  -2.10655323e+04 -7.24248420e+04  2.68e+01 8.88e-16  7.86e-01     1s
   2  -1.22961698e+04 -2.88674421e+04  7.58e+00 1.78e-15  1.67e-01     1s
   3  -9.90658437e+03 -1.30978755e+04  3.27e+00 2.22e-15  3.83e-02     1s
   4  -7.98270393e+03 -8.96753563e+03  1.69e-05 2.22e-15  4.51e-03     1s
   5  -7.99972179e+03 -8.00153484e+03  7.77e-16 2.22e-15  8.31e-06     1s
   6  -8.00000000e+03 -8.00000000e+03  9.21e-15 1.78e-15  8.51e-12     1s

Barrier solved model in 6 iterations and 0.74 seconds
Optimal objective -8.00000000e+03


Root relaxation: objective -8.000000e+03, 89641 iterations, 2.10 seconds

    Nodes    |    Current Node    |     Objective Bounds      |     Work
 Expl Unexpl |  Obj  Depth IntInf | Incumbent    BestBd   Gap | It/Node Time

     0     0 -8000.0000    0  810    0.00000 -8000.0000      -     -    4s
H    0     0                    -7800.000000 -8000.0000  2.56%     -    4s

Explored 0 nodes (102824 simplex iterations) in 4.86 seconds
Thread count was 20 (of 20 available processors)

Solution count 2: -7800 0 
Pool objective bound -8000

Optimal solution found (tolerance 5.00e-02)
Best objective -7.800000000000e+03, best bound -7.999999999999e+03, gap 2.5641%
Changed value of parameter MIPGap to 0.05
   Prev: 0.0001  Min: 0.0  Max: 1e+100  Default: 0.0001
Changed value of parameter TimeLimit to 1800.0
   Prev: 1e+100  Min: 0.0  Max: 1e+100  Default: 1e+100
Changed value of parameter Method to 2
   Prev: -1  Min: -1  Max: 4  Default: -1
Changed value of parameter MIPFocus to 1
   Prev: 0  Min: 0  Max: 3  Default: 0
Optimize a model with 20300 rows, 108900 columns and 217800 nonzeros
Variable types: 0 continuous, 108900 integer (108900 binary)
Coefficient statistics:
  Matrix range     [1e+00, 2e+01]
  Objective range  [1e+00, 4e+00]
  Bounds range     [1e+00, 1e+00]
  RHS range        [8e+01, 8e+01]
Found heuristic solution: objective 0
Presolve time: 0.28s
Presolved: 20300 rows, 108900 columns, 217800 nonzeros
Variable types: 0 continuous, 108900 integer (108900 binary)
Presolved: 20300 rows, 108900 columns, 217800 nonzeros

Root barrier log...

Ordering time: 0.02s

Barrier statistics:
 AA' NZ     : 1.089e+05
 Factor NZ  : 3.530e+05 (roughly 50 MBytes of memory)
 Factor Ops : 4.442e+07 (less than 1 second per iteration)
 Threads    : 1

                  Objective                Residual
Iter       Primal          Dual         Primal    Dual     Compl     Time
   0  -8.78224264e+04 -1.84110689e+05  1.48e+02 0.00e+00  7.73e+00     0s
   1  -2.73162546e+04 -1.39069472e+05  3.07e+01 1.78e-15  1.75e+00     0s
   2  -1.39902778e+04 -5.53459930e+04  7.14e+00 2.66e-15  3.60e-01     1s
   3  -1.02887602e+04 -1.69092036e+04  1.51e+00 2.66e-15  4.61e-02     1s
   4  -9.28139459e+03 -9.58024195e+03  6.66e-16 1.78e-15  1.37e-03     1s
   5  -9.33320843e+03 -9.33339778e+03  5.55e-16 1.78e-15  8.67e-07     1s
   6  -9.33333333e+03 -9.33333333e+03  4.22e-15 1.78e-15  1.49e-12     1s

Barrier solved model in 6 iterations and 0.70 seconds
Optimal objective -9.33333333e+03


Root relaxation: objective -9.333333e+03, 89643 iterations, 2.00 seconds

    Nodes    |    Current Node    |     Objective Bounds      |     Work
 Expl Unexpl |  Obj  Depth IntInf | Incumbent    BestBd   Gap | It/Node Time

     0     0 -9333.3333    0  870    0.00000 -9333.3333      -     -    4s
H    0     0                    -9095.800000 -9333.3333  2.61%     -    4s

Explored 0 nodes (102042 simplex iterations) in 4.07 seconds
Thread count was 20 (of 20 available processors)

Solution count 2: -9095.8 0 
Pool objective bound -9332.4

Optimal solution found (tolerance 5.00e-02)
Best objective -9.095800000000e+03, best bound -9.332400000000e+03, gap 2.6012%
Changed value of parameter MIPGap to 0.05
   Prev: 0.0001  Min: 0.0  Max: 1e+100  Default: 0.0001
Changed value of parameter TimeLimit to 1800.0
   Prev: 1e+100  Min: 0.0  Max: 1e+100  Default: 1e+100
Changed value of parameter Method to 2
   Prev: -1  Min: -1  Max: 4  Default: -1
Changed value of parameter MIPFocus to 1
   Prev: 0  Min: 0  Max: 3  Default: 0
Optimize a model with 20300 rows, 108900 columns and 217800 nonzeros
Variable types: 0 continuous, 108900 integer (108900 binary)
Coefficient statistics:
  Matrix range     [1e+00, 2e+01]
  Objective range  [2e+00, 5e+00]
  Bounds range     [1e+00, 1e+00]
  RHS range        [8e+01, 8e+01]
Found heuristic solution: objective 0
Presolve time: 0.30s
Presolved: 20300 rows, 108900 columns, 217800 nonzeros
Variable types: 0 continuous, 108900 integer (108900 binary)
Presolved: 20300 rows, 108900 columns, 217800 nonzeros

Root barrier log...

Ordering time: 0.02s

Barrier statistics:
 AA' NZ     : 1.089e+05
 Factor NZ  : 3.530e+05 (roughly 50 MBytes of memory)
 Factor Ops : 4.442e+07 (less than 1 second per iteration)
 Threads    : 1

                  Objective                Residual
Iter       Primal          Dual         Primal    Dual     Compl     Time
   0  -9.65425265e+04 -2.29020810e+05  1.48e+02 0.00e+00  9.72e+00     0s
   1  -2.95817506e+04 -1.72178018e+05  3.05e+01 2.66e-15  2.19e+00     1s
   2  -1.47250040e+04 -6.72209906e+04  6.72e+00 2.44e-15  4.39e-01     1s
   3  -1.05528011e+04 -1.90058319e+04  8.75e-01 3.55e-15  4.95e-02     1s
   4  -9.93391375e+03 -1.18972495e+04  3.63e-03 2.66e-15  9.02e-03     1s
   5  -9.99684569e+03 -1.00060653e+04  7.78e-06 1.78e-15  4.23e-05     1s
   6  -9.99999998e+03 -1.00000001e+04  7.37e-11 1.78e-15  3.46e-10     1s

Barrier solved model in 6 iterations and 0.74 seconds
Optimal objective -9.99999998e+03


Root relaxation: objective -1.000000e+04, 89643 iterations, 2.12 seconds

    Nodes    |    Current Node    |     Objective Bounds      |     Work
 Expl Unexpl |  Obj  Depth IntInf | Incumbent    BestBd   Gap | It/Node Time

     0     0 -10000.000    0  843    0.00000 -10000.000      -     -    4s
H    0     0                    -9747.000000 -10000.000  2.60%     -    4s

Explored 0 nodes (101635 simplex iterations) in 4.75 seconds
Thread count was 20 (of 20 available processors)

Solution count 2: -9747 0 
Pool objective bound -10000

Optimal solution found (tolerance 5.00e-02)
Best objective -9.747000000000e+03, best bound -1.000000000000e+04, gap 2.5957%
Changed value of parameter MIPGap to 0.05
   Prev: 0.0001  Min: 0.0  Max: 1e+100  Default: 0.0001
Changed value of parameter TimeLimit to 1800.0
   Prev: 1e+100  Min: 0.0  Max: 1e+100  Default: 1e+100
Changed value of parameter Method to 2
   Prev: -1  Min: -1  Max: 4  Default: -1
Changed value of parameter MIPFocus to 1
   Prev: 0  Min: 0  Max: 3  Default: 0
Optimize a model with 20300 rows, 108900 columns and 217800 nonzeros
Variable types: 0 continuous, 108900 integer (108900 binary)
Coefficient statistics:
  Matrix range     [1e+00, 2e+01]
  Objective range  [2e+00, 9e+00]
  Bounds range     [1e+00, 1e+00]
  RHS range        [8e+01, 8e+01]
Found heuristic solution: objective 0
Presolve time: 0.28s
Presolved: 20300 rows, 108900 columns, 217800 nonzeros
Variable types: 0 continuous, 108900 integer (108900 binary)
Presolved: 20300 rows, 108900 columns, 217800 nonzeros

Root barrier log...

Ordering time: 0.02s

Barrier statistics:
 AA' NZ     : 1.089e+05
 Factor NZ  : 3.530e+05 (roughly 50 MBytes of memory)
 Factor Ops : 4.442e+07 (less than 1 second per iteration)
 Threads    : 1

                  Objective                Residual
Iter       Primal          Dual         Primal    Dual     Compl     Time
   0  -1.40139667e+05 -4.53571415e+05  1.48e+02 4.44e-16  1.96e+01     0s
   1  -4.16944625e+04 -3.37907094e+05  3.04e+01 4.88e-15  4.40e+00     0s
   2  -1.89281325e+04 -1.27791891e+05  5.79e+00 4.44e-15  8.34e-01     1s
   3  -1.33057542e+04 -2.98462749e+04  4.03e-02 4.00e-15  7.67e-02     1s
   4  -1.32837157e+04 -1.36344703e+04  4.44e-16 3.55e-15  1.61e-03     1s
   5  -1.33332878e+04 -1.33336819e+04  6.66e-16 3.55e-15  1.80e-06     1s
   6  -1.33333333e+04 -1.33333337e+04  5.44e-15 3.55e-15  1.80e-09     1s
   7  -1.33333333e+04 -1.33333333e+04  1.32e-14 5.33e-15  1.85e-15     1s

Barrier solved model in 7 iterations and 0.73 seconds
Optimal objective -1.33333333e+04


Root relaxation: objective -1.333333e+04, 89643 iterations, 2.05 seconds

    Nodes    |    Current Node    |     Objective Bounds      |     Work
 Expl Unexpl |  Obj  Depth IntInf | Incumbent    BestBd   Gap | It/Node Time

     0     0 -13333.333    0  822    0.00000 -13333.333      -     -    4s
H    0     0                    -12994.00000 -13333.333  2.61%     -    4s

Explored 0 nodes (103693 simplex iterations) in 4.74 seconds
Thread count was 20 (of 20 available processors)

Solution count 2: -12994 0 
Pool objective bound -13333

Optimal solution found (tolerance 5.00e-02)
Best objective -1.299400000000e+04, best bound -1.333300000000e+04, gap 2.6089%
Changed value of parameter MIPGap to 0.05
   Prev: 0.0001  Min: 0.0  Max: 1e+100  Default: 0.0001
Changed value of parameter TimeLimit to 1800.0
   Prev: 1e+100  Min: 0.0  Max: 1e+100  Default: 1e+100
Changed value of parameter Method to 2
   Prev: -1  Min: -1  Max: 4  Default: -1
Changed value of parameter MIPFocus to 1
   Prev: 0  Min: 0  Max: 3  Default: 0
Optimize a model with 20300 rows, 108900 columns and 217800 nonzeros
Variable types: 0 continuous, 108900 integer (108900 binary)
Coefficient statistics:
  Matrix range     [1e+00, 2e+01]
  Objective range  [3e+00, 2e+01]
  Bounds range     [1e+00, 1e+00]
  RHS range        [8e+01, 8e+01]
Found heuristic solution: objective 0
Presolve time: 0.30s
Presolved: 20300 rows, 108900 columns, 217800 nonzeros
Variable types: 0 continuous, 108900 integer (108900 binary)
Presolved: 20300 rows, 108900 columns, 217800 nonzeros

Root barrier log...

Ordering time: 0.02s

Barrier statistics:
 AA' NZ     : 1.089e+05
 Factor NZ  : 3.530e+05 (roughly 50 MBytes of memory)
 Factor Ops : 4.442e+07 (less than 1 second per iteration)
 Threads    : 1

                  Objective                Residual
Iter       Primal          Dual         Primal    Dual     Compl     Time
   0  -2.27330655e+05 -9.02672626e+05  1.48e+02 8.88e-16  3.95e+01     0s
   1  -6.40876748e+04 -6.70551560e+05  2.90e+01 7.99e-15  8.57e+00     1s
   2  -2.76753359e+04 -2.42045848e+05  5.09e+00 7.11e-15  1.56e+00     1s
   3  -1.99836803e+04 -5.29106251e+04  7.77e-16 8.66e-15  1.51e-01     1s
   4  -1.99951616e+04 -2.00329194e+04  6.66e-16 7.11e-15  1.73e-04     1s
   5  -1.99999952e+04 -2.00000329e+04  5.55e-16 7.11e-15  1.73e-07     1s
   6  -2.00000000e+04 -2.00000000e+04  5.55e-16 7.11e-15  1.73e-10     1s

Barrier solved model in 6 iterations and 0.75 seconds
Optimal objective -2.00000000e+04


Root relaxation: objective -2.000000e+04, 98661 iterations, 2.09 seconds

    Nodes    |    Current Node    |     Objective Bounds      |     Work
 Expl Unexpl |  Obj  Depth IntInf | Incumbent    BestBd   Gap | It/Node Time

     0     0 -20000.000    0  860    0.00000 -20000.000      -     -    4s
H    0     0                    -19512.00000 -20000.000  2.50%     -    4s

Explored 0 nodes (109775 simplex iterations) in 4.37 seconds
Thread count was 20 (of 20 available processors)

Solution count 2: -19512 0 
Pool objective bound -20000

Optimal solution found (tolerance 5.00e-02)
Best objective -1.951200000000e+04, best bound -2.000000000000e+04, gap 2.5010%
Changed value of parameter MIPGap to 0.05
   Prev: 0.0001  Min: 0.0  Max: 1e+100  Default: 0.0001
Changed value of parameter TimeLimit to 1800.0
   Prev: 1e+100  Min: 0.0  Max: 1e+100  Default: 1e+100
Changed value of parameter Method to 2
   Prev: -1  Min: -1  Max: 4  Default: -1
Changed value of parameter MIPFocus to 1
   Prev: 0  Min: 0  Max: 3  Default: 0
Optimize a model with 20300 rows, 108900 columns and 217800 nonzeros
Variable types: 0 continuous, 108900 integer (108900 binary)
Coefficient statistics:
  Matrix range     [1e+00, 2e+01]
  Objective range  [5e+00, 3e+01]
  Bounds range     [1e+00, 1e+00]
  RHS range        [8e+01, 8e+01]
Found heuristic solution: objective 0
Presolve time: 0.28s
Presolved: 20300 rows, 108900 columns, 217800 nonzeros
Variable types: 0 continuous, 108900 integer (108900 binary)
Presolved: 20300 rows, 108900 columns, 217800 nonzeros

Root barrier log...

Ordering time: 0.02s

Barrier statistics:
 AA' NZ     : 1.089e+05
 Factor NZ  : 3.530e+05 (roughly 50 MBytes of memory)
 Factor Ops : 4.442e+07 (less than 1 second per iteration)
 Threads    : 1

                  Objective                Residual
Iter       Primal          Dual         Primal    Dual     Compl     Time
   0  -4.01711012e+05 -1.80087505e+06  1.48e+02 1.78e-15  7.92e+01     0s
   1  -1.09123254e+05 -1.33584662e+06  2.81e+01 1.60e-14  1.68e+01     0s
   2  -4.55537671e+04 -4.68248265e+05  4.70e+00 1.78e-14  2.98e+00     1s
   3  -3.47038360e+04 -1.96891752e+05  4.35e-01 1.62e-14  7.95e-01     1s
   4  -3.38704278e+04 -9.67953274e+04  1.04e-03 1.42e-14  2.88e-01     1s
   5  -3.44673203e+04 -4.76250802e+04  4.44e-16 1.42e-14  6.03e-02     1s
   6  -3.56316672e+04 -4.07066526e+04  7.77e-16 1.42e-14  2.32e-02     1s
   7  -3.63433446e+04 -3.96544978e+04  8.88e-16 1.42e-14  1.52e-02     1s
   8  -3.66972730e+04 -3.94777550e+04  3.00e-15 1.42e-14  1.27e-02     1s
   9  -3.68673489e+04 -3.90091678e+04  1.58e-14 1.42e-14  9.81e-03     1s
  10  -3.71103976e+04 -3.87211109e+04  1.29e-14 1.42e-14  7.38e-03     1s
  11  -3.73548119e+04 -3.84184194e+04  9.66e-15 1.42e-14  4.87e-03     1s
  12  -3.74097038e+04 -3.83298217e+04  1.58e-14 1.42e-14  4.21e-03     1s
  13  -3.74264803e+04 -3.82697002e+04  1.57e-14 7.11e-15  3.86e-03     1s
  14  -3.74801442e+04 -3.81855507e+04  2.29e-14 1.42e-14  3.23e-03     1s
  15  -3.75250891e+04 -3.80819045e+04  9.30e-14 1.42e-14  2.55e-03     1s
  16  -3.75877281e+04 -3.79941120e+04  2.70e-13 7.11e-15  1.86e-03     1s
  17  -3.76268332e+04 -3.79581727e+04  2.95e-13 1.42e-14  1.52e-03     1s
  18  -3.76468281e+04 -3.79300100e+04  3.46e-13 7.11e-15  1.30e-03     1s
  19  -3.76588029e+04 -3.79162304e+04  3.63e-13 1.42e-14  1.18e-03     1s
  20  -3.76926725e+04 -3.78962156e+04  8.03e-13 7.11e-15  9.32e-04     1s
  21  -3.77323244e+04 -3.78811519e+04  7.13e-13 7.11e-15  6.82e-04     1s
  22  -3.77600596e+04 -3.78648745e+04  6.50e-13 1.42e-14  4.80e-04     1s
  23  -3.77727916e+04 -3.78596666e+04  1.14e-12 1.42e-14  3.98e-04     1s
  24  -3.77936559e+04 -3.78543209e+04  1.08e-12 1.42e-14  2.78e-04     1s
  25  -3.77981695e+04 -3.78510310e+04  1.00e-12 7.11e-15  2.42e-04     1s
  26  -3.78270759e+04 -3.78496574e+04  8.80e-12 1.42e-14  1.03e-04     1s
  27  -3.78405603e+04 -3.78433702e+04  5.30e-12 1.42e-14  1.29e-05     1s
  28  -3.78427029e+04 -3.78427107e+04  5.98e-12 1.42e-14  3.55e-08     2s
  29  -3.78427059e+04 -3.78427059e+04  5.21e-11 1.42e-14  3.55e-11     2s

Barrier solved model in 29 iterations and 1.58 seconds
Optimal objective -3.78427059e+04


Root relaxation: objective -3.784271e+04, 76128 iterations, 1.80 seconds

    Nodes    |    Current Node    |     Objective Bounds      |     Work
 Expl Unexpl |  Obj  Depth IntInf | Incumbent    BestBd   Gap | It/Node Time

     0     0 -37842.706    0  764    0.00000 -37842.706      -     -    3s
H    0     0                    -36678.00000 -37842.706  3.18%     -    3s

Explored 0 nodes (84142 simplex iterations) in 3.57 seconds
Thread count was 20 (of 20 available processors)

Solution count 2: -36678 0 
Pool objective bound -37842

Optimal solution found (tolerance 5.00e-02)
Best objective -3.667800000000e+04, best bound -3.784200000000e+04, gap 3.1736%
Changed value of parameter MIPGap to 0.05
   Prev: 0.0001  Min: 0.0  Max: 1e+100  Default: 0.0001
Changed value of parameter TimeLimit to 1800.0
   Prev: 1e+100  Min: 0.0  Max: 1e+100  Default: 1e+100
Changed value of parameter Method to 2
   Prev: -1  Min: -1  Max: 4  Default: -1
Changed value of parameter MIPFocus to 1
   Prev: 0  Min: 0  Max: 3  Default: 0
Optimize a model with 20300 rows, 108900 columns and 217800 nonzeros
Variable types: 0 continuous, 108900 integer (108900 binary)
Coefficient statistics:
  Matrix range     [1e+00, 2e+01]
  Objective range  [6e+00, 4e+01]
  Bounds range     [1e+00, 1e+00]
  RHS range        [8e+01, 8e+01]
Found heuristic solution: objective 0
Presolve time: 0.28s
Presolved: 20300 rows, 108900 columns, 217800 nonzeros
Variable types: 0 continuous, 108900 integer (108900 binary)
Presolved: 20300 rows, 108900 columns, 217800 nonzeros

Root barrier log...

Ordering time: 0.02s

Barrier statistics:
 AA' NZ     : 1.089e+05
 Factor NZ  : 3.530e+05 (roughly 50 MBytes of memory)
 Factor Ops : 4.442e+07 (less than 1 second per iteration)
 Threads    : 1

                  Objective                Residual
Iter       Primal          Dual         Primal    Dual     Compl     Time
   0  -4.88901030e+05 -2.24997626e+06  1.48e+02 3.55e-15  9.90e+01     0s
   1  -1.31688239e+05 -1.66849553e+06  2.80e+01 2.49e-14  2.10e+01     0s
   2  -5.45368542e+04 -5.81115638e+05  4.62e+00 2.13e-14  3.69e+00     1s
   3  -4.18027076e+04 -2.65175856e+05  4.52e-01 2.13e-14  1.09e+00     1s
   4  -4.08520936e+04 -1.27114777e+05  1.11e-03 1.42e-14  3.95e-01     1s
   5  -4.19540257e+04 -6.19977586e+04  4.44e-16 1.42e-14  9.18e-02     1s
   6  -4.37298330e+04 -5.23874623e+04  6.66e-16 1.42e-14  3.97e-02     1s
   7  -4.44282978e+04 -5.10587759e+04  5.55e-16 1.42e-14  3.04e-02     1s
   8  -4.47836000e+04 -4.97116416e+04  1.44e-15 1.42e-14  2.26e-02     1s
   9  -4.52598119e+04 -4.89645004e+04  1.79e-14 1.42e-14  1.70e-02     1s
  10  -4.56830979e+04 -4.83187243e+04  1.58e-14 1.42e-14  1.21e-02     1s
  11  -4.60066338e+04 -4.79505748e+04  1.44e-14 1.42e-14  8.90e-03     1s
  12  -4.61223733e+04 -4.77200188e+04  2.38e-14 1.42e-14  7.32e-03     1s
  13  -4.61962562e+04 -4.75048171e+04  3.49e-14 1.42e-14  5.99e-03     1s
  14  -4.63145515e+04 -4.73081991e+04  3.03e-14 1.42e-14  4.55e-03     1s
  15  -4.64152081e+04 -4.70753580e+04  5.14e-14 1.42e-14  3.02e-03     1s
  16  -4.64972864e+04 -4.69633003e+04  5.45e-14 1.42e-14  2.13e-03     1s
  17  -4.65505093e+04 -4.69082720e+04  7.72e-14 1.42e-14  1.64e-03     1s
  18  -4.65949743e+04 -4.68537932e+04  1.86e-13 1.42e-14  1.19e-03     1s
  19  -4.66608383e+04 -4.68246931e+04  2.23e-13 1.42e-14  7.51e-04     1s
  20  -4.66904350e+04 -4.67914657e+04  2.17e-13 1.42e-14  4.63e-04     1s
  21  -4.67061385e+04 -4.67814844e+04  1.88e-13 1.42e-14  3.45e-04     1s
  22  -4.67424684e+04 -4.67688392e+04  3.20e-12 1.42e-14  1.21e-04     1s
  23  -4.67638492e+04 -4.67642462e+04  7.61e-12 1.42e-14  1.82e-06     1s
  24  -4.67640588e+04 -4.67640588e+04  3.07e-12 1.42e-14  6.06e-11     1s

Barrier solved model in 24 iterations and 1.45 seconds
Optimal objective -4.67640588e+04


Root relaxation: objective -4.676406e+04, 76207 iterations, 1.70 seconds

    Nodes    |    Current Node    |     Objective Bounds      |     Work
 Expl Unexpl |  Obj  Depth IntInf | Incumbent    BestBd   Gap | It/Node Time

     0     0 -46764.059    0  772    0.00000 -46764.059      -     -    3s
H    0     0                    -45212.00000 -46764.059  3.43%     -    3s

Explored 0 nodes (85337 simplex iterations) in 3.73 seconds
Thread count was 20 (of 20 available processors)

Solution count 2: -45212 0 
Pool objective bound -46764

Optimal solution found (tolerance 5.00e-02)
Best objective -4.521200000000e+04, best bound -4.676400000000e+04, gap 3.4327%
Changed value of parameter MIPGap to 0.05
   Prev: 0.0001  Min: 0.0  Max: 1e+100  Default: 0.0001
Changed value of parameter TimeLimit to 1800.0
   Prev: 1e+100  Min: 0.0  Max: 1e+100  Default: 1e+100
Changed value of parameter Method to 2
   Prev: -1  Min: -1  Max: 4  Default: -1
Changed value of parameter MIPFocus to 1
   Prev: 0  Min: 0  Max: 3  Default: 0
Optimize a model with 20300 rows, 108900 columns and 217800 nonzeros
Variable types: 0 continuous, 108900 integer (108900 binary)
Coefficient statistics:
  Matrix range     [1e+00, 2e+01]
  Objective range  [1e+01, 8e+01]
  Bounds range     [1e+00, 1e+00]
  RHS range        [8e+01, 8e+01]
Found heuristic solution: objective 0
Presolve time: 0.30s
Presolved: 20300 rows, 108900 columns, 217800 nonzeros
Variable types: 0 continuous, 108900 integer (108900 binary)
Presolved: 20300 rows, 108900 columns, 217800 nonzeros

Root barrier log...

Ordering time: 0.02s

Barrier statistics:
 AA' NZ     : 1.089e+05
 Factor NZ  : 3.530e+05 (roughly 50 MBytes of memory)
 Factor Ops : 4.442e+07 (less than 1 second per iteration)
 Threads    : 1

                  Objective                Residual
Iter       Primal          Dual         Primal    Dual     Compl     Time
   0  -9.24850799e+05 -4.49548231e+06  1.48e+02 7.11e-15  1.98e+02     0s
   1  -2.44621390e+05 -3.33174178e+06  2.76e+01 4.26e-14  4.16e+01     1s
   2  -9.95445450e+04 -1.14494093e+06  4.45e+00 4.26e-14  7.24e+00     1s
   3  -7.71432357e+04 -5.88737263e+05  4.54e-01 3.33e-14  2.49e+00     1s
   4  -7.58288583e+04 -2.68919852e+05  1.22e-03 2.84e-14  8.85e-01     1s
   5  -8.00820028e+04 -1.32884254e+05  4.44e-16 2.84e-14  2.42e-01     1s
   6  -8.53438867e+04 -9.85658770e+04  6.66e-16 2.84e-14  6.06e-02     1s
   7  -8.62341297e+04 -9.77437834e+04  4.44e-16 2.84e-14  5.27e-02     1s
   8  -8.69515199e+04 -9.59938274e+04  3.89e-15 2.84e-14  4.14e-02     1s
   9  -8.73892391e+04 -9.45934751e+04  3.55e-15 2.84e-14  3.30e-02     1s
  10  -8.82284370e+04 -9.37070395e+04  6.55e-15 2.84e-14  2.51e-02     1s
  11  -8.92006928e+04 -9.31199136e+04  1.23e-14 2.84e-14  1.80e-02     1s
  12  -8.96246645e+04 -9.28594344e+04  2.30e-14 2.84e-14  1.48e-02     1s
  13  -8.98312686e+04 -9.24395470e+04  2.85e-14 2.84e-14  1.19e-02     1s
  14  -9.01180347e+04 -9.22015386e+04  1.61e-13 2.84e-14  9.54e-03     1s
  15  -9.03310218e+04 -9.19779002e+04  1.69e-13 2.84e-14  7.54e-03     1s
  16  -9.04476821e+04 -9.18436045e+04  1.55e-13 2.84e-14  6.39e-03     1s
  17  -9.06525320e+04 -9.16149950e+04  2.30e-13 2.84e-14  4.41e-03     1s
  18  -9.07881749e+04 -9.15574181e+04  2.01e-13 2.84e-14  3.52e-03     1s
  19  -9.09603121e+04 -9.15082088e+04  2.97e-13 2.84e-14  2.51e-03     1s
  20  -9.10777091e+04 -9.14792744e+04  7.19e-13 2.84e-14  1.84e-03     1s
  21  -9.11436885e+04 -9.14344345e+04  7.08e-13 2.84e-14  1.33e-03     1s
  22  -9.11930988e+04 -9.14101941e+04  5.89e-13 2.84e-14  9.94e-04     1s
  23  -9.13090168e+04 -9.14000348e+04  5.05e-12 2.84e-14  4.17e-04     1s
  24  -9.13682098e+04 -9.13729023e+04  4.81e-12 2.84e-14  2.15e-05     1s
  25  -9.13708203e+04 -9.13708334e+04  1.38e-12 2.84e-14  6.04e-08     2s
  26  -9.13708235e+04 -9.13708235e+04  2.49e-12 2.84e-14  1.52e-13     2s

Barrier solved model in 26 iterations and 1.57 seconds
Optimal objective -9.13708235e+04


Root relaxation: objective -9.137082e+04, 76133 iterations, 1.81 seconds

    Nodes    |    Current Node    |     Objective Bounds      |     Work
 Expl Unexpl |  Obj  Depth IntInf | Incumbent    BestBd   Gap | It/Node Time

     0     0 -91370.824    0  683    0.00000 -91370.824      -     -    3s
H    0     0                    -87934.00000 -91370.824  3.91%     -    3s

Explored 0 nodes (96355 simplex iterations) in 4.02 seconds
Thread count was 20 (of 20 available processors)

Solution count 2: -87934 0 
Pool objective bound -91370

Optimal solution found (tolerance 5.00e-02)
Best objective -8.793400000000e+04, best bound -9.137000000000e+04, gap 3.9075%
Changed value of parameter MIPGap to 0.05
   Prev: 0.0001  Min: 0.0  Max: 1e+100  Default: 0.0001
Changed value of parameter TimeLimit to 1800.0
   Prev: 1e+100  Min: 0.0  Max: 1e+100  Default: 1e+100
Changed value of parameter Method to 2
   Prev: -1  Min: -1  Max: 4  Default: -1
Changed value of parameter MIPFocus to 1
   Prev: 0  Min: 0  Max: 3  Default: 0
Optimize a model with 20300 rows, 108900 columns and 217800 nonzeros
Variable types: 0 continuous, 108900 integer (108900 binary)
Coefficient statistics:
  Matrix range     [1e+00, 2e+01]
  Objective range  [2e+01, 2e+02]
  Bounds range     [1e+00, 1e+00]
  RHS range        [8e+01, 8e+01]
Found heuristic solution: objective 0
Presolve time: 0.28s
Presolved: 20300 rows, 108900 columns, 217800 nonzeros
Variable types: 0 continuous, 108900 integer (108900 binary)
Presolved: 20300 rows, 108900 columns, 217800 nonzeros

Root barrier log...

Ordering time: 0.02s

Barrier statistics:
 AA' NZ     : 1.089e+05
 Factor NZ  : 3.530e+05 (roughly 50 MBytes of memory)
 Factor Ops : 4.442e+07 (less than 1 second per iteration)
 Threads    : 1

                  Objective                Residual
Iter       Primal          Dual         Primal    Dual     Compl     Time
   0  -1.79675002e+06 -8.98649442e+06  1.48e+02 1.42e-14  3.97e+02     0s
   1  -4.70605667e+05 -6.65823603e+06  2.73e+01 8.53e-14  8.28e+01     0s
   2  -1.89654747e+05 -2.27206855e+06  4.37e+00 8.53e-14  1.43e+01     1s
   3  -1.46052683e+05 -1.18191771e+06  2.83e-01 8.53e-14  4.93e+00     1s
   4  -1.45582792e+05 -5.21072958e+05  1.32e-02 5.68e-14  1.72e+00     1s
   5  -1.58041111e+05 -3.00092691e+05  5.22e-04 5.68e-14  6.51e-01     1s
   6  -1.66477352e+05 -2.25190290e+05  1.93e-04 5.68e-14  2.69e-01     1s
   7  -1.69832837e+05 -2.08641776e+05  1.52e-04 5.68e-14  1.78e-01     1s
   8  -1.72128730e+05 -1.99273131e+05  1.26e-04 5.68e-14  1.24e-01     1s
   9  -1.74153612e+05 -1.92798993e+05  9.72e-05 5.68e-14  8.54e-02     1s
  10  -1.75509433e+05 -1.89204787e+05  7.74e-05 5.68e-14  6.27e-02     1s
  11  -1.75896043e+05 -1.88177498e+05  7.21e-05 5.68e-14  5.63e-02     1s
  12  -1.76453610e+05 -1.85849162e+05  6.36e-05 5.68e-14  4.30e-02     1s
  13  -1.76733951e+05 -1.84597487e+05  5.97e-05 5.68e-14  3.60e-02     1s
  14  -1.77224128e+05 -1.83634813e+05  5.23e-05 5.68e-14  2.94e-02     1s
  15  -1.77746986e+05 -1.82673695e+05  4.49e-05 5.68e-14  2.26e-02     1s
  16  -1.78582745e+05 -1.81952589e+05  3.32e-05 5.68e-14  1.54e-02     1s
  17  -1.78887535e+05 -1.81480353e+05  2.81e-05 5.68e-14  1.19e-02     1s
  18  -1.79233299e+05 -1.81341361e+05  2.25e-05 5.68e-14  9.66e-03     1s
  19  -1.79474893e+05 -1.81215681e+05  1.86e-05 5.68e-14  7.98e-03     1s
  20  -1.79757240e+05 -1.80895590e+05  1.45e-05 5.68e-14  5.22e-03     1s
  21  -1.80090587e+05 -1.80741103e+05  8.62e-06 5.68e-14  2.98e-03     1s
  22  -1.80163622e+05 -1.80710027e+05  7.37e-06 5.68e-14  2.50e-03     1s
  23  -1.80327773e+05 -1.80636419e+05  3.54e-06 5.68e-14  1.41e-03     1s
  24  -1.80532817e+05 -1.80591597e+05  5.65e-07 5.68e-14  2.69e-04     1s
  25  -1.80583869e+05 -1.80585687e+05  5.20e-10 5.68e-14  8.33e-06     1s
  26  -1.80584353e+05 -1.80584353e+05  1.79e-12 5.68e-14  2.80e-11     1s

Barrier solved model in 26 iterations and 1.47 seconds
Optimal objective -1.80584353e+05


Root relaxation: objective -1.805844e+05, 76150 iterations, 1.69 seconds

    Nodes    |    Current Node    |     Objective Bounds      |     Work
 Expl Unexpl |  Obj  Depth IntInf | Incumbent    BestBd   Gap | It/Node Time

     0     0 -180584.35    0  762    0.00000 -180584.35      -     -    3s
H    0     0                    -172298.0000 -180584.35  4.81%     -    3s

Explored 0 nodes (84841 simplex iterations) in 3.63 seconds
Thread count was 20 (of 20 available processors)

Solution count 2: -172298 0 
Pool objective bound -180579

Optimal solution found (tolerance 5.00e-02)
Best objective -1.722980000000e+05, best bound -1.805790000000e+05, gap 4.8062%
Changed value of parameter MIPGap to 0.05
   Prev: 0.0001  Min: 0.0  Max: 1e+100  Default: 0.0001
Changed value of parameter TimeLimit to 1800.0
   Prev: 1e+100  Min: 0.0  Max: 1e+100  Default: 1e+100
Changed value of parameter Method to 2
   Prev: -1  Min: -1  Max: 4  Default: -1
Changed value of parameter MIPFocus to 1
   Prev: 0  Min: 0  Max: 3  Default: 0
Optimize a model with 20300 rows, 108900 columns and 217800 nonzeros
Variable types: 0 continuous, 108900 integer (108900 binary)
Coefficient statistics:
  Matrix range     [1e+00, 2e+01]
  Objective range  [5e+01, 4e+02]
  Bounds range     [1e+00, 1e+00]
  RHS range        [8e+01, 8e+01]
Found heuristic solution: objective 0
Presolve time: 0.28s
Presolved: 20300 rows, 108900 columns, 217800 nonzeros
Variable types: 0 continuous, 108900 integer (108900 binary)
Presolved: 20300 rows, 108900 columns, 217800 nonzeros

Root barrier log...

Ordering time: 0.02s

Barrier statistics:
 AA' NZ     : 1.089e+05
 Factor NZ  : 3.530e+05 (roughly 50 MBytes of memory)
 Factor Ops : 4.442e+07 (less than 1 second per iteration)
 Threads    : 1

                  Objective                Residual
Iter       Primal          Dual         Primal    Dual     Compl     Time
   0  -4.41244742e+06 -2.24595307e+07  1.48e+02 2.84e-14  9.92e+02     0s
   1  -1.14865991e+06 -1.66377202e+07  2.72e+01 2.27e-13  2.07e+02     0s
   2  -4.60063041e+05 -5.65302446e+06  4.31e+00 2.27e-13  3.56e+01     1s
   3  -3.55559685e+05 -3.02164940e+06  2.77e-01 1.71e-13  1.27e+01     1s
   4  -3.55344335e+05 -1.26517702e+06  4.52e-03 1.14e-13  4.17e+00     1s
   5  -3.91887670e+05 -7.52168030e+05  8.75e-05 1.14e-13  1.65e+00     1s
   6  -4.14039822e+05 -5.18467916e+05  1.66e-05 1.14e-13  4.78e-01     1s
   7  -4.19204971e+05 -4.97874776e+05  1.48e-05 1.14e-13  3.60e-01     1s
   8  -4.26483465e+05 -4.79847208e+05  1.21e-05 1.14e-13  2.44e-01     1s
   9  -4.29821797e+05 -4.70051053e+05  1.07e-05 1.14e-13  1.84e-01     1s
  10  -4.33654226e+05 -4.64598643e+05  9.00e-06 1.14e-13  1.42e-01     1s
  11  -4.38281195e+05 -4.61243287e+05  6.79e-06 1.14e-13  1.05e-01     1s
  12  -4.39739561e+05 -4.58513184e+05  5.94e-06 1.14e-13  8.60e-02     1s
  13  -4.41501652e+05 -4.55126863e+05  4.94e-06 1.14e-13  6.24e-02     1s
  14  -4.42856668e+05 -4.53004740e+05  4.06e-06 1.14e-13  4.65e-02     1s
  15  -4.44015705e+05 -4.51736043e+05  3.26e-06 1.14e-13  3.54e-02     1s
  16  -4.44915907e+05 -4.49781130e+05  2.64e-06 1.14e-13  2.23e-02     1s
  17  -4.46320884e+05 -4.48911801e+05  1.50e-06 1.14e-13  1.19e-02     1s
  18  -4.46496460e+05 -4.48671748e+05  1.37e-06 1.14e-13  9.97e-03     1s
  19  -4.46985906e+05 -4.48608022e+05  1.02e-06 1.14e-13  7.43e-03     1s
  20  -4.47052095e+05 -4.48483299e+05  9.68e-07 1.14e-13  6.56e-03     1s
  21  -4.47934887e+05 -4.48320850e+05  1.81e-07 1.14e-13  1.77e-03     1s
  22  -4.48216757e+05 -4.48234816e+05  4.12e-09 1.14e-13  8.27e-05     1s
  23  -4.48224933e+05 -4.48224951e+05  2.51e-12 1.14e-13  8.27e-08     1s
  24  -4.48224941e+05 -4.48224941e+05  8.87e-12 1.14e-13  8.27e-11     1s

Barrier solved model in 24 iterations and 1.39 seconds
Optimal objective -4.48224941e+05


Root relaxation: objective -4.482249e+05, 76216 iterations, 1.62 seconds

    Nodes    |    Current Node    |     Objective Bounds      |     Work
 Expl Unexpl |  Obj  Depth IntInf | Incumbent    BestBd   Gap | It/Node Time

     0     0 -448224.94    0  755    0.00000 -448224.94      -     -    3s
H    0     0                    -425317.0000 -448224.94  5.39%     -    3s
H    0     0                    -434230.0000 -448224.94  3.22%     -    8s

Explored 0 nodes (83632 simplex iterations) in 8.43 seconds
Thread count was 20 (of 20 available processors)

Solution count 3: -434230 -425317 0 
Pool objective bound -448224

Optimal solution found (tolerance 5.00e-02)
Best objective -4.342300000000e+05, best bound -4.482240000000e+05, gap 3.2227%
Changed value of parameter MIPGap to 0.05
   Prev: 0.0001  Min: 0.0  Max: 1e+100  Default: 0.0001
Changed value of parameter TimeLimit to 1800.0
   Prev: 1e+100  Min: 0.0  Max: 1e+100  Default: 1e+100
Changed value of parameter Method to 2
   Prev: -1  Min: -1  Max: 4  Default: -1
Changed value of parameter MIPFocus to 1
   Prev: 0  Min: 0  Max: 3  Default: 0
Optimize a model with 20300 rows, 108900 columns and 217800 nonzeros
Variable types: 0 continuous, 108900 integer (108900 binary)
Coefficient statistics:
  Matrix range     [1e+00, 2e+01]
  Objective range  [5e+02, 4e+03]
  Bounds range     [1e+00, 1e+00]
  RHS range        [8e+01, 8e+01]
Found heuristic solution: objective 0
Presolve time: 0.28s
Presolved: 20300 rows, 108900 columns, 217800 nonzeros
Variable types: 0 continuous, 108900 integer (108900 binary)
Presolved: 20300 rows, 108900 columns, 217800 nonzeros

Root barrier log...

Ordering time: 0.02s

Barrier statistics:
 AA' NZ     : 1.089e+05
 Factor NZ  : 3.530e+05 (roughly 50 MBytes of memory)
 Factor Ops : 4.442e+07 (less than 1 second per iteration)
 Threads    : 1

                  Objective                Residual
Iter       Primal          Dual         Primal    Dual     Compl     Time
   0  -4.36479075e+07 -2.24555075e+08  1.48e+02 2.27e-13  9.92e+03     0s
   1  -1.13198524e+07 -1.66329988e+08  2.71e+01 2.27e-12  2.06e+03     0s
   2  -4.51646306e+06 -5.63658080e+07  4.28e+00 2.27e-12  3.55e+02     1s
   3  -3.49831862e+06 -3.05893802e+07  2.73e-01 1.82e-12  1.29e+02     1s
   4  -3.50249894e+06 -1.26257378e+07  2.89e-03 1.39e-12  4.18e+01     1s
   5  -3.92416580e+06 -6.97700250e+06  2.01e-05 9.34e-13  1.40e+01     1s
   6  -4.10999436e+06 -5.00912233e+06  1.32e-05 9.09e-13  4.12e+00     1s
   7  -4.16787023e+06 -4.84010997e+06  1.16e-05 9.09e-13  3.08e+00     1s
   8  -4.23682679e+06 -4.72863749e+06  9.66e-06 9.09e-13  2.25e+00     1s
   9  -4.28700195e+06 -4.66650878e+06  8.08e-06 9.09e-13  1.74e+00     1s
  10  -4.33249089e+06 -4.62453488e+06  6.37e-06 9.09e-13  1.34e+00     1s
  11  -4.34403880e+06 -4.59911663e+06  5.93e-06 9.09e-13  1.17e+00     1s
  12  -4.36816596e+06 -4.56670879e+06  4.98e-06 9.09e-13  9.10e-01     1s
  13  -4.38291592e+06 -4.53914459e+06  4.31e-06 9.09e-13  7.16e-01     1s
  14  -4.39619373e+06 -4.52091995e+06  3.67e-06 9.09e-13  5.71e-01     1s
  15  -4.41101403e+06 -4.50325921e+06  2.99e-06 9.09e-13  4.23e-01     1s
  16  -4.41809826e+06 -4.48696222e+06  2.62e-06 9.09e-13  3.15e-01     1s
  17  -4.42549483e+06 -4.47966114e+06  2.23e-06 9.09e-13  2.48e-01     1s
  18  -4.43876094e+06 -4.47535343e+06  1.46e-06 9.09e-13  1.68e-01     1s
  19  -4.44368785e+06 -4.46902515e+06  1.20e-06 9.09e-13  1.16e-01     1s
  20  -4.44803617e+06 -4.46776320e+06  9.46e-07 9.09e-13  9.04e-02     1s
  21  -4.45126693e+06 -4.46567957e+06  7.60e-07 9.09e-13  6.60e-02     1s
  22  -4.45253304e+06 -4.46539340e+06  6.78e-07 9.09e-13  5.89e-02     1s
  23  -4.45691975e+06 -4.46380226e+06  3.97e-07 9.09e-13  3.15e-02     1s
  24  -4.46270907e+06 -4.46297545e+06  1.84e-09 9.09e-13  1.22e-03     1s
  25  -4.46283364e+06 -4.46283392e+06  7.60e-13 9.09e-13  1.31e-06     1s
  26  -4.46283376e+06 -4.46283376e+06  7.61e-12 9.09e-13  1.37e-12     2s

Barrier solved model in 26 iterations and 1.52 seconds
Optimal objective -4.46283376e+06


Root relaxation: objective -4.462834e+06, 76176 iterations, 1.78 seconds

    Nodes    |    Current Node    |     Objective Bounds      |     Work
 Expl Unexpl |  Obj  Depth IntInf | Incumbent    BestBd   Gap | It/Node Time

     0     0 -4462833.8    0  759    0.00000 -4462833.8      -     -    3s
H    0     0                    -4259224.000 -4462833.8  4.78%     -    3s

Explored 0 nodes (85531 simplex iterations) in 3.63 seconds
Thread count was 20 (of 20 available processors)

Solution count 2: -4.25922e+06 0 
Pool objective bound -4.46283e+06

Optimal solution found (tolerance 5.00e-02)
Best objective -4.259224000000e+06, best bound -4.462833764706e+06, gap 4.7804%
