Changed value of parameter MIPGap to 0.05
   Prev: 0.0001  Min: 0.0  Max: 1e+100  Default: 0.0001
Changed value of parameter TimeLimit to 1800.0
   Prev: 1e+100  Min: 0.0  Max: 1e+100  Default: 1e+100
Changed value of parameter Method to 2
   Prev: -1  Min: -1  Max: 4  Default: -1
Changed value of parameter MIPFocus to 1
   Prev: 0  Min: 0  Max: 3  Default: 0
Optimize a model with 3610 rows, 5265 columns and 10530 nonzeros
Variable types: 0 continuous, 5265 integer (5265 binary)
Coefficient statistics:
  Matrix range     [1e+00, 5e+00]
  Objective range  [1e+00, 1e+00]
  Bounds range     [1e+00, 1e+00]
  RHS range        [8e+01, 8e+01]
Found heuristic solution: objective 0
Presolve removed 3559 rows and 4658 columns
Presolve time: 0.01s
Presolved: 51 rows, 607 columns, 1142 nonzeros
Found heuristic solution: objective -1548.000000
Variable types: 0 continuous, 607 integer (502 binary)
Presolved: 51 rows, 607 columns, 1142 nonzeros

Root barrier log...

Ordering time: 0.00s

Barrier statistics:
 AA' NZ     : 5.170e+02
 Factor NZ  : 1.326e+03
 Factor Ops : 4.553e+04 (less than 1 second per iteration)
 Threads    : 1

                  Objective                Residual
Iter       Primal          Dual         Primal    Dual     Compl     Time
   0  -2.18869029e+03 -2.60050087e+03  9.63e+00 4.44e-16  1.83e+00     0s
   1  -1.62134938e+03 -1.97864569e+03  4.29e-01 2.37e-01  3.51e-01     0s
   2  -1.63580248e+03 -1.70621438e+03  3.39e-02 3.20e-02  5.90e-02     0s
   3  -1.64930182e+03 -1.66883772e+03  1.05e-02 1.78e-15  1.64e-02     0s
   4  -1.65563645e+03 -1.65997798e+03  1.56e-03 1.78e-15  3.61e-03     0s
   5  -1.65698888e+03 -1.65767617e+03  3.41e-04 8.88e-16  5.89e-04     0s
   6  -1.65749810e+03 -1.65750346e+03  0.00e+00 8.88e-16  4.30e-06     0s
   7  -1.65750000e+03 -1.65750000e+03  0.00e+00 1.78e-15  2.16e-11     0s

Barrier solved model in 7 iterations and 0.01 seconds
Optimal objective -1.65750000e+03


Root relaxation: objective -1.657500e+03, 61 iterations, 0.00 seconds

    Nodes    |    Current Node    |     Objective Bounds      |     Work
 Expl Unexpl |  Obj  Depth IntInf | Incumbent    BestBd   Gap | It/Node Time

     0     0 -1657.5000    0   24 -1548.0000 -1657.5000  7.07%     -    0s
H    0     0                    -1646.000000 -1657.5000  0.70%     -    0s

Explored 0 nodes (98 simplex iterations) in 0.02 seconds
Thread count was 20 (of 20 available processors)

Solution count 3: -1646 -1548 -537 
Pool objective bound -1657

Optimal solution found (tolerance 5.00e-02)
Best objective -1.646000000000e+03, best bound -1.657000000000e+03, gap 0.6683%
(0, 1546.0)
(1, 1512.0)
(2, 1544.0)
(3, 1534.0)
(4, 1542.0)
(5, 1541.0)
(6, 1566.0)
(7, 1537.0)
(8, 1514.0)
(9, 1552.0)
(10, 1522.0)
(11, 1537.0)
(12, 1531.0)
(13, 1543.0)
(14, 1523.0)
(15, 1546.0)
(16, 1550.0)
(17, 1520.0)
(18, 1539.0)
(19, 1524.0)
(20, 1540.0)
(21, 1531.0)
(22, 1539.0)
(23, 1519.0)
(24, 1530.0)
(25, 1535.0)
(26, 1521.0)
(27, 1527.0)
(28, 1569.0)
(29, 1527.0)
(30, 1552.0)
(31, 1533.0)
(32, 1520.0)
(33, 1539.0)
(34, 1535.0)
(35, 1547.0)
(36, 1529.0)
(37, 1537.0)
(38, 1544.0)
(39, 1548.0)
(0, 1569.0)
(1, 1569.0)
(2, 1573.0)
(3, 1570.0)
(4, 1570.0)
(5, 1569.0)
(6, 1568.0)
(7, 1568.0)
(8, 1575.0)
(9, 1568.0)
(10, 1572.0)
(11, 1569.0)
(12, 1570.0)
(13, 1569.0)
(14, 1570.0)
(15, 1567.0)
(16, 1567.0)
(17, 1568.0)
(18, 1562.0)
(19, 1566.0)
(20, 1572.0)
(21, 1566.0)
(22, 1565.0)
(23, 1564.0)
(24, 1568.0)
(25, 1563.0)
(26, 1564.0)
(27, 1561.0)
(28, 1571.0)
(29, 1572.0)
(30, 1569.0)
(31, 1568.0)
(32, 1561.0)
(33, 1569.0)
(34, 1566.0)
(35, 1564.0)
(36, 1567.0)
(37, 1565.0)
(38, 1567.0)
(39, 1562.0)
Changed value of parameter MIPGap to 0.05
   Prev: 0.0001  Min: 0.0  Max: 1e+100  Default: 0.0001
Changed value of parameter TimeLimit to 1800.0
   Prev: 1e+100  Min: 0.0  Max: 1e+100  Default: 1e+100
Changed value of parameter Method to 2
   Prev: -1  Min: -1  Max: 4  Default: -1
Changed value of parameter MIPFocus to 1
   Prev: 0  Min: 0  Max: 3  Default: 0
Optimize a model with 3610 rows, 5265 columns and 10530 nonzeros
Variable types: 0 continuous, 5265 integer (5265 binary)
Coefficient statistics:
  Matrix range     [1e+00, 5e+00]
  Objective range  [1e+00, 1e+00]
  Bounds range     [1e+00, 1e+00]
  RHS range        [8e+01, 8e+01]
Found heuristic solution: objective 0
Presolve removed 3559 rows and 4642 columns
Presolve time: 0.01s
Presolved: 51 rows, 623 columns, 1158 nonzeros
Found heuristic solution: objective -1546.336000
Variable types: 0 continuous, 623 integer (502 binary)
Presolved: 51 rows, 623 columns, 1158 nonzeros

Root barrier log...

Ordering time: 0.00s

Barrier statistics:
 AA' NZ     : 5.170e+02
 Factor NZ  : 1.326e+03
 Factor Ops : 4.553e+04 (less than 1 second per iteration)
 Threads    : 1

                  Objective                Residual
Iter       Primal          Dual         Primal    Dual     Compl     Time
   0  -2.31010297e+03 -2.65157039e+03  1.13e+01 8.88e-16  2.04e+00     0s
   1  -1.62353759e+03 -2.03167203e+03  5.03e-01 2.76e-01  3.97e-01     0s
   2  -1.63524853e+03 -1.71229897e+03  2.72e-02 3.43e-02  6.23e-02     0s
   3  -1.65047435e+03 -1.67273892e+03  6.74e-03 3.55e-15  1.79e-02     0s
   4  -1.65622802e+03 -1.66530652e+03  1.39e-03 3.32e-03  7.19e-03     0s
   5  -1.65812358e+03 -1.65919146e+03  1.85e-04 1.78e-15  8.59e-04     0s
   6  -1.65867688e+03 -1.65870430e+03  0.00e+00 5.48e-06  2.13e-05     0s
   7  -1.65868400e+03 -1.65868400e+03  0.00e+00 1.78e-15  1.37e-10     0s

Barrier solved model in 7 iterations and 0.01 seconds
Optimal objective -1.65868400e+03


Root relaxation: objective -1.658684e+03, 61 iterations, 0.00 seconds

    Nodes    |    Current Node    |     Objective Bounds      |     Work
 Expl Unexpl |  Obj  Depth IntInf | Incumbent    BestBd   Gap | It/Node Time

     0     0 -1658.6840    0   23 -1546.3360 -1658.6840  7.27%     -    0s
H    0     0                    -1648.180500 -1658.6840  0.64%     -    0s

Explored 0 nodes (121 simplex iterations) in 0.02 seconds
Thread count was 20 (of 20 available processors)

Solution count 3: -1648.18 -1546.34 -329.269 
Pool objective bound -1658.68

Optimal solution found (tolerance 5.00e-02)
Best objective -1.648180500000e+03, best bound -1.658684000000e+03, gap 0.6373%
(0, 1545.1290000000429)
(1, 1551.1320000000435)
(2, 1527.120000000041)
(3, 1511.1120000000394)
(4, 1548.1305000000432)
(5, 1535.1240000000419)
(6, 1551.1320000000435)
(7, 1539.1260000000423)
(8, 1544.1285000000428)
(9, 1532.1225000000416)
(10, 1548.1305000000432)
(11, 1532.1225000000416)
(12, 1534.1235000000418)
(13, 1525.1190000000408)
(14, 1546.129500000043)
(15, 1536.124500000042)
(16, 1528.1205000000411)
(17, 1548.1305000000432)
(18, 1547.1300000000431)
(19, 1560.1365000000444)
(20, 1507.110000000039)
(21, 1531.1220000000415)
(22, 1516.1145000000399)
(23, 1534.1235000000418)
(24, 1528.1205000000411)
(25, 1537.1250000000421)
(26, 1555.1340000000439)
(27, 1545.1290000000429)
(28, 1522.1175000000405)
(29, 1546.129500000043)
(30, 1546.129500000043)
(31, 1521.1170000000404)
(32, 1522.1175000000405)
(33, 1553.1330000000437)
(34, 1524.1185000000407)
(35, 1551.1320000000433)
(36, 1554.1335000000438)
(37, 1531.1220000000415)
(38, 1511.1120000000394)
(39, 1524.1185000000407)
(0, 1560.1365000000444)
(1, 1561.1370000000445)
(2, 1564.1385000000448)
(3, 1564.1385000000448)
(4, 1562.1375000000446)
(5, 1560.1365000000444)
(6, 1555.1340000000439)
(7, 1559.1360000000443)
(8, 1556.134500000044)
(9, 1559.1360000000443)
(10, 1559.1360000000443)
(11, 1558.1355000000442)
(12, 1562.1375000000446)
(13, 1561.1370000000443)
(14, 1559.1360000000443)
(15, 1564.1385000000448)
(16, 1557.1350000000441)
(17, 1560.1365000000444)
(18, 1559.1360000000443)
(19, 1557.1350000000439)
(20, 1565.1390000000449)
(21, 1562.1375000000446)
(22, 1563.1380000000447)
(23, 1561.1370000000445)
(24, 1565.1390000000449)
(25, 1556.134500000044)
(26, 1565.1390000000449)
(27, 1560.1365000000444)
(28, 1559.1360000000443)
(29, 1566.139500000045)
(30, 1555.1340000000439)
(31, 1564.1385000000446)
(32, 1567.1400000000451)
(33, 1562.1375000000446)
(34, 1563.1380000000447)
(35, 1565.1390000000449)
(36, 1567.1400000000451)
(37, 1562.1375000000446)
(38, 1561.1370000000445)
(39, 1568.1405000000452)
Changed value of parameter MIPGap to 0.05
   Prev: 0.0001  Min: 0.0  Max: 1e+100  Default: 0.0001
Changed value of parameter TimeLimit to 1800.0
   Prev: 1e+100  Min: 0.0  Max: 1e+100  Default: 1e+100
Changed value of parameter Method to 2
   Prev: -1  Min: -1  Max: 4  Default: -1
Changed value of parameter MIPFocus to 1
   Prev: 0  Min: 0  Max: 3  Default: 0
Optimize a model with 3610 rows, 5265 columns and 10530 nonzeros
Variable types: 0 continuous, 5265 integer (5265 binary)
Coefficient statistics:
  Matrix range     [1e+00, 5e+00]
  Objective range  [1e+00, 1e+00]
  Bounds range     [1e+00, 1e+00]
  RHS range        [8e+01, 8e+01]
Found heuristic solution: objective 0
Presolve removed 3559 rows and 4642 columns
Presolve time: 0.01s
Presolved: 51 rows, 623 columns, 1158 nonzeros
Found heuristic solution: objective -1547.672000
Variable types: 0 continuous, 623 integer (502 binary)
Presolved: 51 rows, 623 columns, 1158 nonzeros

Root barrier log...

Ordering time: 0.00s

Barrier statistics:
 AA' NZ     : 5.170e+02
 Factor NZ  : 1.326e+03
 Factor Ops : 4.553e+04 (less than 1 second per iteration)
 Threads    : 1

                  Objective                Residual
Iter       Primal          Dual         Primal    Dual     Compl     Time
   0  -2.31186698e+03 -2.65310804e+03  1.13e+01 4.44e-16  2.04e+00     0s
   1  -1.62470971e+03 -2.03298864e+03  5.02e-01 2.76e-01  3.97e-01     0s
   2  -1.63643958e+03 -1.71339857e+03  2.76e-02 3.41e-02  6.22e-02     0s
   3  -1.65164146e+03 -1.67394981e+03  6.96e-03 2.66e-15  1.79e-02     0s
   4  -1.65743307e+03 -1.66641123e+03  1.43e-03 3.28e-03  7.11e-03     0s
   5  -1.65927865e+03 -1.66037591e+03  2.15e-04 8.88e-16  8.84e-04     0s
   6  -1.65985927e+03 -1.65989082e+03  0.00e+00 6.26e-06  2.46e-05     0s
   7  -1.65986800e+03 -1.65986800e+03  0.00e+00 1.78e-15  2.65e-10     0s

Barrier solved model in 7 iterations and 0.01 seconds
Optimal objective -1.65986800e+03


Root relaxation: objective -1.659868e+03, 61 iterations, 0.00 seconds

    Nodes    |    Current Node    |     Objective Bounds      |     Work
 Expl Unexpl |  Obj  Depth IntInf | Incumbent    BestBd   Gap | It/Node Time

     0     0 -1659.8680    0   26 -1547.6720 -1659.8680  7.25%     -    0s
H    0     0                    -1647.366000 -1659.8680  0.76%     -    0s

Explored 0 nodes (95 simplex iterations) in 0.01 seconds
Thread count was 20 (of 20 available processors)

Solution count 3: -1647.37 -1547.67 -329.539 
Pool objective bound -1659.87

Optimal solution found (tolerance 5.00e-02)
Best objective -1.647366000000e+03, best bound -1.659868000000e+03, gap 0.7589%
(0, 1531.2499999999707)
(1, 1539.2579999999707)
(2, 1523.2419999999711)
(3, 1542.2609999999706)
(4, 1522.2409999999711)
(5, 1509.2279999999714)
(6, 1534.2529999999708)
(7, 1523.2419999999709)
(8, 1519.2379999999712)
(9, 1559.27799999997)
(10, 1529.2479999999709)
(11, 1559.2779999999702)
(12, 1518.236999999971)
(13, 1538.2569999999707)
(14, 1514.2329999999711)
(15, 1530.2489999999709)
(16, 1531.2499999999709)
(17, 1541.2599999999707)
(18, 1512.2309999999711)
(19, 1543.2619999999704)
(20, 1523.2419999999711)
(21, 1540.2589999999705)
(22, 1544.2629999999704)
(23, 1516.2349999999713)
(24, 1531.2499999999707)
(25, 1539.2579999999705)
(26, 1513.2319999999713)
(27, 1545.2639999999706)
(28, 1535.2539999999708)
(29, 1526.244999999971)
(30, 1527.2459999999708)
(31, 1524.2429999999708)
(32, 1520.2389999999712)
(33, 1531.2499999999709)
(34, 1508.2269999999712)
(35, 1534.2529999999706)
(36, 1514.2329999999713)
(37, 1525.2439999999708)
(38, 1534.2529999999708)
(39, 1513.2319999999711)
(0, 1559.2779999999702)
(1, 1561.27999999997)
(2, 1567.2859999999698)
(3, 1559.2779999999702)
(4, 1559.27799999997)
(5, 1565.2839999999701)
(6, 1560.2789999999702)
(7, 1564.2829999999701)
(8, 1563.2819999999701)
(9, 1559.2779999999702)
(10, 1561.27999999997)
(11, 1560.27899999997)
(12, 1562.2809999999702)
(13, 1561.27999999997)
(14, 1560.2789999999702)
(15, 1554.2729999999701)
(16, 1562.2809999999699)
(17, 1561.27999999997)
(18, 1562.2809999999702)
(19, 1568.2869999999698)
(20, 1559.2779999999702)
(21, 1561.27999999997)
(22, 1561.27999999997)
(23, 1564.2829999999701)
(24, 1561.2799999999702)
(25, 1565.2839999999701)
(26, 1557.2759999999703)
(27, 1559.2779999999702)
(28, 1559.2779999999702)
(29, 1560.27899999997)
(30, 1560.2789999999702)
(31, 1560.2789999999702)
(32, 1565.2839999999699)
(33, 1565.2839999999699)
(34, 1560.27899999997)
(35, 1567.28599999997)
(36, 1556.2749999999703)
(37, 1561.27999999997)
(38, 1563.2819999999701)
(39, 1567.2859999999698)
Changed value of parameter MIPGap to 0.05
   Prev: 0.0001  Min: 0.0  Max: 1e+100  Default: 0.0001
Changed value of parameter TimeLimit to 1800.0
   Prev: 1e+100  Min: 0.0  Max: 1e+100  Default: 1e+100
Changed value of parameter Method to 2
   Prev: -1  Min: -1  Max: 4  Default: -1
Changed value of parameter MIPFocus to 1
   Prev: 0  Min: 0  Max: 3  Default: 0
Optimize a model with 3610 rows, 5265 columns and 10530 nonzeros
Variable types: 0 continuous, 5265 integer (5265 binary)
Coefficient statistics:
  Matrix range     [1e+00, 5e+00]
  Objective range  [1e+00, 1e+00]
  Bounds range     [1e+00, 1e+00]
  RHS range        [8e+01, 8e+01]
Found heuristic solution: objective 0
Presolve removed 3559 rows and 4642 columns
Presolve time: 0.01s
Presolved: 51 rows, 623 columns, 1158 nonzeros
Found heuristic solution: objective -1550.344000
Variable types: 0 continuous, 623 integer (502 binary)
Presolved: 51 rows, 623 columns, 1158 nonzeros

Root barrier log...

Ordering time: 0.00s

Barrier statistics:
 AA' NZ     : 5.170e+02
 Factor NZ  : 1.326e+03
 Factor Ops : 4.553e+04 (less than 1 second per iteration)
 Threads    : 1

                  Objective                Residual
Iter       Primal          Dual         Primal    Dual     Compl     Time
   0  -2.31539500e+03 -2.65618335e+03  1.13e+01 8.88e-16  2.04e+00     0s
   1  -1.62705506e+03 -2.03562268e+03  5.01e-01 2.76e-01  3.97e-01     0s
   2  -1.63882383e+03 -1.71559378e+03  2.83e-02 3.39e-02  6.20e-02     0s
   3  -1.65397666e+03 -1.67637343e+03  7.42e-03 4.44e-15  1.80e-02     0s
   4  -1.65984980e+03 -1.66858715e+03  1.49e-03 3.19e-03  6.92e-03     0s
   5  -1.66159282e+03 -1.66274167e+03  2.76e-04 8.88e-16  9.28e-04     0s
   6  -1.66222270e+03 -1.66226481e+03  0.00e+00 8.02e-06  3.30e-05     0s
   7  -1.66223600e+03 -1.66223600e+03  0.00e+00 8.88e-16  1.08e-09     0s

Barrier solved model in 7 iterations and 0.01 seconds
Optimal objective -1.66223600e+03


Root relaxation: objective -1.662236e+03, 61 iterations, 0.00 seconds

    Nodes    |    Current Node    |     Objective Bounds      |     Work
 Expl Unexpl |  Obj  Depth IntInf | Incumbent    BestBd   Gap | It/Node Time

     0     0 -1662.2360    0   26 -1550.3440 -1662.2360  7.22%     -    0s
H    0     0                    -1650.706000 -1662.2360  0.70%     -    0s

Explored 0 nodes (82 simplex iterations) in 0.01 seconds
Thread count was 20 (of 20 available processors)

Solution count 3: -1650.71 -1550.34 -330.078 
Pool objective bound -1662.24

Optimal solution found (tolerance 5.00e-02)
Best objective -1.650706000000e+03, best bound -1.662236000000e+03, gap 0.6985%
(0, 1557.5199999999536)
(1, 1521.4479999999555)
(2, 1542.4899999999545)
(3, 1520.4459999999553)
(4, 1534.4739999999547)
(5, 1530.4659999999549)
(6, 1551.5079999999541)
(7, 1542.4899999999545)
(8, 1534.4739999999549)
(9, 1511.427999999956)
(10, 1534.4739999999547)
(11, 1532.4699999999548)
(12, 1543.4919999999545)
(13, 1517.4399999999557)
(14, 1514.4339999999561)
(15, 1548.5019999999543)
(16, 1530.4659999999549)
(17, 1519.4439999999554)
(18, 1520.4459999999556)
(19, 1522.4499999999557)
(20, 1527.459999999955)
(21, 1549.5039999999542)
(22, 1522.4499999999555)
(23, 1519.4439999999556)
(24, 1538.4819999999545)
(25, 1507.4199999999557)
(26, 1552.5099999999541)
(27, 1517.4399999999557)
(28, 1526.4579999999551)
(29, 1536.4779999999548)
(30, 1529.4639999999549)
(31, 1518.4419999999552)
(32, 1538.4819999999545)
(33, 1531.4679999999548)
(34, 1529.4639999999551)
(35, 1541.4879999999544)
(36, 1520.4459999999553)
(37, 1520.4459999999553)
(38, 1518.4419999999557)
(39, 1531.4679999999551)
(0, 1567.5399999999531)
(1, 1570.545999999953)
(2, 1573.5519999999531)
(3, 1565.5359999999532)
(4, 1572.5499999999531)
(5, 1571.5479999999532)
(6, 1565.5359999999532)
(7, 1567.5399999999531)
(8, 1566.5379999999534)
(9, 1567.5399999999534)
(10, 1566.5379999999534)
(11, 1563.5319999999533)
(12, 1572.5499999999529)
(13, 1567.5399999999531)
(14, 1562.5299999999536)
(15, 1568.5419999999533)
(16, 1567.5399999999534)
(17, 1570.5459999999532)
(18, 1566.5379999999532)
(19, 1573.5519999999528)
(20, 1568.5419999999531)
(21, 1566.5379999999534)
(22, 1566.5379999999532)
(23, 1563.5319999999535)
(24, 1569.543999999953)
(25, 1567.5399999999529)
(26, 1567.5399999999534)
(27, 1564.5339999999533)
(28, 1563.5319999999535)
(29, 1570.5459999999532)
(30, 1569.5439999999533)
(31, 1569.543999999953)
(32, 1568.5419999999533)
(33, 1568.5419999999531)
(34, 1569.5439999999533)
(35, 1570.545999999953)
(36, 1570.5459999999532)
(37, 1566.5379999999532)
(38, 1570.545999999953)
(39, 1566.5379999999532)
Changed value of parameter MIPGap to 0.05
   Prev: 0.0001  Min: 0.0  Max: 1e+100  Default: 0.0001
Changed value of parameter TimeLimit to 1800.0
   Prev: 1e+100  Min: 0.0  Max: 1e+100  Default: 1e+100
Changed value of parameter Method to 2
   Prev: -1  Min: -1  Max: 4  Default: -1
Changed value of parameter MIPFocus to 1
   Prev: 0  Min: 0  Max: 3  Default: 0
Optimize a model with 3610 rows, 5265 columns and 10530 nonzeros
Variable types: 0 continuous, 5265 integer (5265 binary)
Coefficient statistics:
  Matrix range     [1e+00, 5e+00]
  Objective range  [1e+00, 1e+00]
  Bounds range     [1e+00, 1e+00]
  RHS range        [8e+01, 8e+01]
Found heuristic solution: objective 0
Presolve removed 3559 rows and 4642 columns
Presolve time: 0.01s
Presolved: 51 rows, 623 columns, 1158 nonzeros
Found heuristic solution: objective -1555.688000
Variable types: 0 continuous, 623 integer (502 binary)
Presolved: 51 rows, 623 columns, 1158 nonzeros

Root barrier log...

Ordering time: 0.00s

Barrier statistics:
 AA' NZ     : 5.170e+02
 Factor NZ  : 1.326e+03
 Factor Ops : 4.553e+04 (less than 1 second per iteration)
 Threads    : 1

                  Objective                Residual
Iter       Primal          Dual         Primal    Dual     Compl     Time
   0  -2.32245100e+03 -2.66233396e+03  1.13e+01 4.44e-16  2.04e+00     0s
   1  -1.63175008e+03 -2.04089403e+03  4.99e-01 2.76e-01  3.97e-01     0s
   2  -1.64358078e+03 -1.71996897e+03  2.95e-02 3.35e-02  6.18e-02     0s
   3  -1.65865264e+03 -1.68120179e+03  7.84e-03 3.55e-15  1.81e-02     0s
   4  -1.66470870e+03 -1.67281500e+03  1.45e-03 2.92e-03  6.42e-03     0s
   5  -1.66624417e+03 -1.66745736e+03  3.56e-04 8.88e-16  9.84e-04     0s
   6  -1.66694170e+03 -1.66701648e+03  2.57e-06 1.17e-05  5.93e-05     0s
   7  -1.66697199e+03 -1.66697201e+03  0.00e+00 8.88e-16  1.57e-08     0s
   8  -1.66697200e+03 -1.66697200e+03  0.00e+00 1.78e-15  1.73e-14     0s

Barrier solved model in 8 iterations and 0.01 seconds
Optimal objective -1.66697200e+03


Root relaxation: objective -1.666972e+03, 61 iterations, 0.00 seconds

    Nodes    |    Current Node    |     Objective Bounds      |     Work
 Expl Unexpl |  Obj  Depth IntInf | Incumbent    BestBd   Gap | It/Node Time

     0     0 -1666.9720    0   25 -1555.6880 -1666.9720  7.15%     -    0s
H    0     0                    -1655.440000 -1666.9720  0.70%     -    0s

Explored 0 nodes (93 simplex iterations) in 0.02 seconds
Thread count was 20 (of 20 available processors)

Solution count 3: -1655.44 -1555.69 -331.156 
Pool objective bound -1666.97

Optimal solution found (tolerance 5.00e-02)
Best objective -1.655440000000e+03, best bound -1.666972000000e+03, gap 0.6966%
(0, 1564.0759999999634)
(1, 1575.1199999999624)
(2, 1574.1159999999625)
(3, 1531.9479999999664)
(4, 1564.0759999999634)
(5, 1523.915999999967)
(6, 1562.0679999999634)
(7, 1543.9959999999653)
(8, 1522.9119999999673)
(9, 1554.0359999999641)
(10, 1569.0959999999629)
(11, 1522.9119999999673)
(12, 1536.967999999966)
(13, 1560.0599999999636)
(14, 1574.1159999999625)
(15, 1553.0319999999642)
(16, 1529.9399999999669)
(17, 1529.9399999999669)
(18, 1525.9239999999668)
(19, 1536.9679999999657)
(20, 1524.9199999999671)
(21, 1529.9399999999666)
(22, 1533.9559999999658)
(23, 1522.9119999999673)
(24, 1527.9319999999668)
(25, 1556.0439999999639)
(26, 1524.9199999999671)
(27, 1553.0319999999645)
(28, 1527.9319999999666)
(29, 1569.0959999999629)
(30, 1534.9599999999662)
(31, 1546.0039999999649)
(32, 1570.0999999999631)
(33, 1535.9639999999658)
(34, 1523.915999999967)
(35, 1567.0879999999631)
(36, 1557.0479999999638)
(37, 1516.8879999999676)
(38, 1556.0439999999639)
(39, 1530.9439999999665)
(0, 1569.0959999999627)
(1, 1575.1199999999621)
(2, 1575.1199999999624)
(3, 1572.1079999999627)
(4, 1568.0919999999628)
(5, 1575.1199999999621)
(6, 1574.1159999999622)
(7, 1572.1079999999624)
(8, 1571.1039999999628)
(9, 1577.1279999999622)
(10, 1573.1119999999623)
(11, 1570.0999999999626)
(12, 1571.103999999963)
(13, 1573.1119999999621)
(14, 1570.0999999999628)
(15, 1575.1199999999624)
(16, 1568.091999999963)
(17, 1572.1079999999627)
(18, 1572.1079999999624)
(19, 1572.1079999999624)
(20, 1573.1119999999626)
(21, 1572.1079999999627)
(22, 1577.1279999999624)
(23, 1562.0679999999638)
(24, 1571.1039999999625)
(25, 1566.0839999999628)
(26, 1569.0959999999629)
(27, 1562.0679999999638)
(28, 1565.0799999999633)
(29, 1566.0839999999632)
(30, 1571.1039999999628)
(31, 1574.1159999999625)
(32, 1570.0999999999626)
(33, 1574.1159999999622)
(34, 1568.091999999963)
(35, 1566.0839999999635)
(36, 1566.0839999999632)
(37, 1568.0919999999628)
(38, 1575.1199999999621)
(39, 1571.1039999999628)
Changed value of parameter MIPGap to 0.05
   Prev: 0.0001  Min: 0.0  Max: 1e+100  Default: 0.0001
Changed value of parameter TimeLimit to 1800.0
   Prev: 1e+100  Min: 0.0  Max: 1e+100  Default: 1e+100
Changed value of parameter Method to 2
   Prev: -1  Min: -1  Max: 4  Default: -1
Changed value of parameter MIPFocus to 1
   Prev: 0  Min: 0  Max: 3  Default: 0
Optimize a model with 3610 rows, 5265 columns and 10530 nonzeros
Variable types: 0 continuous, 5265 integer (5265 binary)
Coefficient statistics:
  Matrix range     [1e+00, 5e+00]
  Objective range  [1e+00, 1e+00]
  Bounds range     [1e+00, 1e+00]
  RHS range        [8e+01, 8e+01]
Found heuristic solution: objective 0
Presolve removed 3559 rows and 4642 columns
Presolve time: 0.01s
Presolved: 51 rows, 623 columns, 1158 nonzeros
Found heuristic solution: objective -1558.360000
Variable types: 0 continuous, 623 integer (502 binary)
Presolved: 51 rows, 623 columns, 1158 nonzeros

Root barrier log...

Ordering time: 0.00s

Barrier statistics:
 AA' NZ     : 5.170e+02
 Factor NZ  : 1.326e+03
 Factor Ops : 4.553e+04 (less than 1 second per iteration)
 Threads    : 1

                  Objective                Residual
Iter       Primal          Dual         Primal    Dual     Compl     Time
   0  -2.32597898e+03 -2.66540927e+03  1.13e+01 4.44e-16  2.04e+00     0s
   1  -1.63409976e+03 -2.04353133e+03  4.98e-01 2.76e-01  3.97e-01     0s
   2  -1.64596030e+03 -1.72214073e+03  2.99e-02 3.33e-02  6.17e-02     0s
   3  -1.66099234e+03 -1.68361311e+03  8.01e-03 1.78e-15  1.82e-02     0s
   4  -1.66715193e+03 -1.67500140e+03  1.40e-03 2.83e-03  6.22e-03     0s
   5  -1.66859423e+03 -1.66981917e+03  3.72e-04 8.88e-16  9.95e-04     0s
   6  -1.66929634e+03 -1.66939500e+03  8.30e-06 1.38e-05  7.86e-05     0s
   7  -1.66933997e+03 -1.66934004e+03  0.00e+00 8.88e-16  5.17e-08     0s
   8  -1.66934000e+03 -1.66934000e+03  0.00e+00 1.78e-15  5.36e-14     0s

Barrier solved model in 8 iterations and 0.01 seconds
Optimal objective -1.66934000e+03


Root relaxation: objective -1.669340e+03, 61 iterations, 0.00 seconds

    Nodes    |    Current Node    |     Objective Bounds      |     Work
 Expl Unexpl |  Obj  Depth IntInf | Incumbent    BestBd   Gap | It/Node Time

     0     0 -1669.3400    0   25 -1558.3600 -1669.3400  7.12%     -    0s
H    0     0                    -1657.800000 -1669.3400  0.70%     -    0s

Explored 0 nodes (91 simplex iterations) in 0.02 seconds
Thread count was 20 (of 20 available processors)

Solution count 3: -1657.8 -1558.36 -331.695 
Pool objective bound -1669.34

Optimal solution found (tolerance 5.00e-02)
Best objective -1.657800000000e+03, best bound -1.669340000000e+03, gap 0.6961%
(0, 1524.1350000000502)
(1, 1527.1500000000506)
(2, 1546.2450000000526)
(3, 1528.1550000000507)
(4, 1520.1150000000498)
(5, 1524.1350000000502)
(6, 1528.1550000000507)
(7, 1550.2650000000531)
(8, 1541.2200000000521)
(9, 1537.2000000000517)
(10, 1525.1400000000503)
(11, 1560.3150000000542)
(12, 1544.2350000000524)
(13, 1551.270000000053)
(14, 1530.1650000000509)
(15, 1558.305000000054)
(16, 1560.3150000000542)
(17, 1573.3800000000556)
(18, 1516.0950000000494)
(19, 1530.1650000000509)
(20, 1542.2250000000522)
(21, 1570.3650000000553)
(22, 1547.2500000000528)
(23, 1557.3000000000538)
(24, 1526.1450000000505)
(25, 1543.2300000000523)
(26, 1565.3400000000547)
(27, 1520.1150000000498)
(28, 1542.2250000000522)
(29, 1523.1300000000501)
(30, 1542.2250000000522)
(31, 1536.1950000000516)
(32, 1536.1950000000513)
(33, 1524.1350000000502)
(34, 1522.12500000005)
(35, 1558.305000000054)
(36, 1533.1800000000512)
(37, 1544.2350000000524)
(38, 1563.3300000000545)
(39, 1553.2800000000534)
(0, 1574.3850000000557)
(1, 1574.3850000000557)
(2, 1570.3650000000553)
(3, 1574.3850000000557)
(4, 1571.3700000000554)
(5, 1576.3950000000559)
(6, 1574.3850000000557)
(7, 1573.3800000000556)
(8, 1576.3950000000559)
(9, 1571.3700000000554)
(10, 1572.3750000000555)
(11, 1570.3650000000553)
(12, 1573.3800000000556)
(13, 1569.3600000000552)
(14, 1576.3950000000559)
(15, 1576.3950000000559)
(16, 1570.3650000000553)
(17, 1569.3600000000552)
(18, 1574.3850000000557)
(19, 1567.3500000000549)
(20, 1577.400000000056)
(21, 1576.3950000000559)
(22, 1566.3450000000548)
(23, 1575.3900000000558)
(24, 1577.400000000056)
(25, 1569.3600000000552)
(26, 1569.3600000000552)
(27, 1576.3950000000559)
(28, 1574.3850000000557)
(29, 1570.3650000000553)
(30, 1574.3850000000557)
(31, 1578.4050000000561)
(32, 1571.3700000000554)
(33, 1583.4300000000567)
(34, 1570.3650000000553)
(35, 1570.3650000000553)
(36, 1579.4100000000562)
(37, 1576.3950000000559)
(38, 1575.3900000000558)
(39, 1576.3950000000559)
Changed value of parameter MIPGap to 0.05
   Prev: 0.0001  Min: 0.0  Max: 1e+100  Default: 0.0001
Changed value of parameter TimeLimit to 1800.0
   Prev: 1e+100  Min: 0.0  Max: 1e+100  Default: 1e+100
Changed value of parameter Method to 2
   Prev: -1  Min: -1  Max: 4  Default: -1
Changed value of parameter MIPFocus to 1
   Prev: 0  Min: 0  Max: 3  Default: 0
Optimize a model with 3610 rows, 5265 columns and 10530 nonzeros
Variable types: 0 continuous, 5265 integer (5265 binary)
Coefficient statistics:
  Matrix range     [1e+00, 5e+00]
  Objective range  [1e+00, 1e+00]
  Bounds range     [1e+00, 1e+00]
  RHS range        [8e+01, 8e+01]
Found heuristic solution: objective 0
Presolve removed 3559 rows and 4642 columns
Presolve time: 0.01s
Presolved: 51 rows, 623 columns, 1158 nonzeros
Found heuristic solution: objective -1571.720000
Variable types: 0 continuous, 623 integer (502 binary)
Presolved: 51 rows, 623 columns, 1158 nonzeros

Root barrier log...

Ordering time: 0.00s

Barrier statistics:
 AA' NZ     : 5.170e+02
 Factor NZ  : 1.326e+03
 Factor Ops : 4.553e+04 (less than 1 second per iteration)
 Threads    : 1

                  Objective                Residual
Iter       Primal          Dual         Primal    Dual     Compl     Time
   0  -2.34361870e+03 -2.68078580e+03  1.13e+01 8.88e-16  2.05e+00     0s
   1  -1.64586974e+03 -2.05673404e+03  4.92e-01 2.75e-01  3.98e-01     0s
   2  -1.65783806e+03 -1.73245192e+03  3.07e-02 3.28e-02  6.05e-02     0s
   3  -1.67276496e+03 -1.69449607e+03  8.70e-03 8.88e-16  1.75e-02     0s
   4  -1.67971795e+03 -1.68614511e+03  6.75e-04 8.88e-16  5.06e-03     0s
   5  -1.68065104e+03 -1.68153797e+03  2.18e-04 1.09e-04  7.18e-04     0s
   6  -1.68104621e+03 -1.68124334e+03  3.43e-05 1.78e-15  1.60e-04     0s
   7  -1.68117914e+03 -1.68118071e+03  8.51e-10 1.78e-15  1.24e-06     0s
   8  -1.68118000e+03 -1.68118000e+03  0.00e+00 8.88e-16  2.16e-11     0s

Barrier solved model in 8 iterations and 0.01 seconds
Optimal objective -1.68118000e+03


Root relaxation: objective -1.681180e+03, 61 iterations, 0.00 seconds

    Nodes    |    Current Node    |     Objective Bounds      |     Work
 Expl Unexpl |  Obj  Depth IntInf | Incumbent    BestBd   Gap | It/Node Time

     0     0 -1681.1800    0   26 -1571.7200 -1681.1800  6.96%     -    0s
H    0     0                    -1669.530000 -1681.1800  0.70%     -    0s

Explored 0 nodes (86 simplex iterations) in 0.01 seconds
Thread count was 20 (of 20 available processors)

Solution count 3: -1669.53 -1571.72 -334.39 
Pool objective bound -1681.18

Optimal solution found (tolerance 5.00e-02)
Best objective -1.669530000000e+03, best bound -1.681180000000e+03, gap 0.6978%
(0, 1532.1699999999885)
(1, 1578.6299999999878)
(2, 1570.5499999999881)
(3, 1538.2299999999884)
(4, 1539.2399999999882)
(5, 1537.2199999999884)
(6, 1576.6099999999878)
(7, 1546.3099999999881)
(8, 1557.419999999988)
(9, 1539.2399999999886)
(10, 1537.219999999988)
(11, 1538.2299999999884)
(12, 1576.6099999999878)
(13, 1540.2499999999882)
(14, 1554.389999999988)
(15, 1539.2399999999882)
(16, 1584.6899999999878)
(17, 1581.6599999999878)
(18, 1548.3299999999883)
(19, 1581.659999999988)
(20, 1562.4699999999882)
(21, 1541.2599999999884)
(22, 1544.2899999999881)
(23, 1577.6199999999881)
(24, 1565.4999999999879)
(25, 1555.3999999999883)
(26, 1582.6699999999878)
(27, 1556.4099999999885)
(28, 1534.1899999999882)
(29, 1553.3799999999881)
(30, 1579.6399999999878)
(31, 1536.2099999999882)
(32, 1548.3299999999883)
(33, 1534.1899999999882)
(34, 1537.2199999999884)
(35, 1545.2999999999884)
(36, 1554.389999999988)
(37, 1539.2399999999882)
(38, 1544.2899999999881)
(39, 1578.6299999999881)
(0, 1593.7799999999875)
(1, 1584.6899999999878)
(2, 1590.7499999999879)
(3, 1586.7099999999878)
(4, 1585.699999999988)
(5, 1584.689999999988)
(6, 1590.7499999999879)
(7, 1584.6899999999878)
(8, 1590.7499999999877)
(9, 1585.699999999988)
(10, 1586.7099999999878)
(11, 1584.6899999999878)
(12, 1588.7299999999877)
(13, 1587.7199999999882)
(14, 1590.7499999999879)
(15, 1592.7699999999877)
(16, 1587.719999999988)
(17, 1588.729999999988)
(18, 1590.7499999999875)
(19, 1586.7099999999878)
(20, 1588.729999999988)
(21, 1589.7399999999877)
(22, 1589.739999999988)
(23, 1586.709999999988)
(24, 1589.7399999999875)
(25, 1583.679999999988)
(26, 1587.719999999988)
(27, 1593.7799999999877)
(28, 1590.7499999999877)
(29, 1585.6999999999878)
(30, 1588.729999999988)
(31, 1580.6499999999878)
(32, 1594.7899999999877)
(33, 1587.7199999999877)
(34, 1591.7599999999877)
(35, 1592.7699999999879)
(36, 1593.7799999999877)
(37, 1588.7299999999877)
(38, 1582.6699999999878)
(39, 1590.7499999999877)
Changed value of parameter MIPGap to 0.05
   Prev: 0.0001  Min: 0.0  Max: 1e+100  Default: 0.0001
Changed value of parameter TimeLimit to 1800.0
   Prev: 1e+100  Min: 0.0  Max: 1e+100  Default: 1e+100
Changed value of parameter Method to 2
   Prev: -1  Min: -1  Max: 4  Default: -1
Changed value of parameter MIPFocus to 1
   Prev: 0  Min: 0  Max: 3  Default: 0
Optimize a model with 3610 rows, 5265 columns and 10530 nonzeros
Variable types: 0 continuous, 5265 integer (5265 binary)
Coefficient statistics:
  Matrix range     [1e+00, 5e+00]
  Objective range  [1e+00, 1e+00]
  Bounds range     [1e+00, 1e+00]
  RHS range        [8e+01, 8e+01]
Found heuristic solution: objective 0
Presolve removed 3559 rows and 4642 columns
Presolve time: 0.01s
Presolved: 51 rows, 623 columns, 1158 nonzeros
Found heuristic solution: objective -1598.440000
Variable types: 0 continuous, 623 integer (502 binary)
Presolved: 51 rows, 623 columns, 1158 nonzeros

Root barrier log...

Ordering time: 0.00s

Barrier statistics:
 AA' NZ     : 5.170e+02
 Factor NZ  : 1.326e+03
 Factor Ops : 4.553e+04 (less than 1 second per iteration)
 Threads    : 1

                  Objective                Residual
Iter       Primal          Dual         Primal    Dual     Compl     Time
   0  -2.37889720e+03 -2.71153886e+03  1.13e+01 4.44e-16  2.06e+00     0s
   1  -1.66951687e+03 -2.08321960e+03  4.80e-01 2.73e-01  3.99e-01     0s
   2  -1.68184990e+03 -1.75414248e+03  3.37e-02 3.11e-02  5.90e-02     0s
   3  -1.69642271e+03 -1.71872642e+03  1.01e-02 1.78e-15  1.81e-02     0s
   4  -1.70260732e+03 -1.71399638e+03  1.95e-03 5.47e-03  9.00e-03     0s
   5  -1.70434970e+03 -1.70625923e+03  2.62e-04 3.47e-04  1.51e-03     0s
   6  -1.70474718e+03 -1.70518935e+03  5.82e-05 8.88e-16  3.50e-04     0s
   7  -1.70488257e+03 -1.70489772e+03  0.00e+00 1.78e-15  1.17e-05     0s
   8  -1.70488399e+03 -1.70488402e+03  0.00e+00 8.88e-16  2.62e-08     0s
   9  -1.70488400e+03 -1.70488400e+03  0.00e+00 1.78e-15  2.62e-11     0s

Barrier solved model in 9 iterations and 0.01 seconds
Optimal objective -1.70488400e+03


Root relaxation: objective -1.704884e+03, 84 iterations, 0.00 seconds

    Nodes    |    Current Node    |     Objective Bounds      |     Work
 Expl Unexpl |  Obj  Depth IntInf | Incumbent    BestBd   Gap | It/Node Time

     0     0 -1704.8840    0   24 -1598.4400 -1704.8840  6.66%     -    0s
H    0     0                    -1694.360000 -1704.8840  0.62%     -    0s

Explored 0 nodes (118 simplex iterations) in 0.02 seconds
Thread count was 20 (of 20 available processors)

Solution count 3: -1694.36 -1598.44 -339.78 
Pool objective bound -1704.88

Optimal solution found (tolerance 5.00e-02)
Best objective -1.694360000000e+03, best bound -1.704880000000e+03, gap 0.6209%
(0, 1580.1199999999769)
(1, 1562.7799999999772)
(2, 1557.6799999999773)
(3, 1594.3999999999767)
(4, 1562.7799999999772)
(5, 1545.4399999999775)
(6, 1566.8599999999772)
(7, 1573.999999999977)
(8, 1563.7999999999772)
(9, 1567.8799999999769)
(10, 1598.4799999999766)
(11, 1605.6199999999762)
(12, 1551.5599999999774)
(13, 1562.7799999999772)
(14, 1550.5399999999775)
(15, 1561.759999999977)
(16, 1552.5799999999774)
(17, 1566.8599999999772)
(18, 1551.5599999999774)
(19, 1606.6399999999762)
(20, 1563.799999999977)
(21, 1557.6799999999773)
(22, 1552.5799999999774)
(23, 1558.6999999999771)
(24, 1570.9399999999771)
(25, 1573.999999999977)
(26, 1550.5399999999775)
(27, 1552.5799999999774)
(28, 1560.7399999999773)
(29, 1576.039999999977)
(30, 1568.8999999999771)
(31, 1586.2399999999768)
(32, 1537.2799999999779)
(33, 1559.7199999999771)
(34, 1551.5599999999774)
(35, 1572.9799999999771)
(36, 1550.5399999999775)
(37, 1592.3599999999767)
(38, 1595.4199999999764)
(39, 1576.039999999977)
(0, 1614.7999999999763)
(1, 1611.7399999999764)
(2, 1606.6399999999765)
(3, 1608.6799999999762)
(4, 1608.6799999999764)
(5, 1612.7599999999763)
(6, 1614.7999999999763)
(7, 1611.7399999999764)
(8, 1612.7599999999763)
(9, 1617.8599999999763)
(10, 1607.6599999999764)
(11, 1605.6199999999765)
(12, 1611.7399999999764)
(13, 1607.6599999999764)
(14, 1608.6799999999764)
(15, 1608.6799999999764)
(16, 1606.6399999999765)
(17, 1616.8399999999763)
(18, 1614.7999999999763)
(19, 1609.6999999999764)
(20, 1604.5999999999767)
(21, 1613.7799999999763)
(22, 1610.7199999999764)
(23, 1613.7799999999763)
(24, 1611.7399999999764)
(25, 1616.839999999976)
(26, 1605.6199999999765)
(27, 1603.5799999999763)
(28, 1611.7399999999764)
(29, 1610.7199999999764)
(30, 1607.6599999999762)
(31, 1614.7999999999763)
(32, 1610.7199999999764)
(33, 1610.7199999999764)
(34, 1612.7599999999763)
(35, 1603.5799999999765)
(36, 1606.6399999999765)
(37, 1609.6999999999764)
(38, 1615.8199999999763)
(39, 1613.7799999999763)
Changed value of parameter MIPGap to 0.05
   Prev: 0.0001  Min: 0.0  Max: 1e+100  Default: 0.0001
Changed value of parameter TimeLimit to 1800.0
   Prev: 1e+100  Min: 0.0  Max: 1e+100  Default: 1e+100
Changed value of parameter Method to 2
   Prev: -1  Min: -1  Max: 4  Default: -1
Changed value of parameter MIPFocus to 1
   Prev: 0  Min: 0  Max: 3  Default: 0
Optimize a model with 3610 rows, 5265 columns and 10530 nonzeros
Variable types: 0 continuous, 5265 integer (5265 binary)
Coefficient statistics:
  Matrix range     [1e+00, 5e+00]
  Objective range  [1e+00, 1e+00]
  Bounds range     [1e+00, 1e+00]
  RHS range        [8e+01, 8e+01]
Found heuristic solution: objective 0
Presolve removed 3559 rows and 4642 columns
Presolve time: 0.01s
Presolved: 51 rows, 623 columns, 1158 nonzeros
Found heuristic solution: objective -1651.880000
Variable types: 0 continuous, 623 integer (502 binary)
Presolved: 51 rows, 623 columns, 1158 nonzeros

Root barrier log...

Ordering time: 0.00s

Barrier statistics:
 AA' NZ     : 5.170e+02
 Factor NZ  : 1.326e+03
 Factor Ops : 4.553e+04 (less than 1 second per iteration)
 Threads    : 1

                  Objective                Residual
Iter       Primal          Dual         Primal    Dual     Compl     Time
   0  -2.44945053e+03 -2.77304498e+03  1.13e+01 4.44e-16  2.08e+00     0s
   1  -1.71723284e+03 -2.13650354e+03  4.56e-01 2.70e-01  4.01e-01     0s
   2  -1.73071416e+03 -1.79462848e+03  3.86e-02 2.40e-02  5.28e-02     0s
   3  -1.74452261e+03 -1.76600725e+03  1.32e-02 1.78e-15  1.77e-02     0s
   4  -1.75111353e+03 -1.75725776e+03  1.65e-03 8.88e-16  4.92e-03     0s
   5  -1.75254917e+03 -1.75433587e+03  1.96e-04 1.78e-15  1.41e-03     0s
   6  -1.75280936e+03 -1.75351360e+03  6.32e-05 8.88e-16  5.53e-04     0s
   7  -1.75291864e+03 -1.75325043e+03  2.96e-05 8.88e-16  2.61e-04     0s
   8  -1.75293657e+03 -1.75312909e+03  2.02e-05 1.78e-15  1.52e-04     0s
   9  -1.75300068e+03 -1.75300695e+03  0.00e+00 1.78e-15  4.85e-06     0s
  10  -1.75300400e+03 -1.75300400e+03  0.00e+00 1.78e-15  2.46e-09     0s

Barrier solved model in 10 iterations and 0.01 seconds
Optimal objective -1.75300400e+03


Root relaxation: objective -1.753004e+03, 200 iterations, 0.00 seconds

    Nodes    |    Current Node    |     Objective Bounds      |     Work
 Expl Unexpl |  Obj  Depth IntInf | Incumbent    BestBd   Gap | It/Node Time

     0     0 -1753.0040    0   24 -1651.8800 -1753.0040  6.12%     -    0s
H    0     0                    -1745.120000 -1753.0040  0.45%     -    0s

Explored 0 nodes (329 simplex iterations) in 0.02 seconds
Thread count was 20 (of 20 available processors)

Solution count 3: -1745.12 -1651.88 -350.56 
Pool objective bound -1753

Optimal solution found (tolerance 5.00e-02)
Best objective -1.745120000000e+03, best bound -1.753000000000e+03, gap 0.4515%
(0, 1593.2799999999663)
(1, 1598.4799999999659)
(2, 1593.2799999999659)
(3, 1645.2799999999638)
(4, 1643.1999999999641)
(5, 1591.1999999999664)
(6, 1594.3199999999661)
(7, 1588.0799999999665)
(8, 1613.0399999999656)
(9, 1636.9599999999646)
(10, 1591.1999999999664)
(11, 1585.9999999999661)
(12, 1589.1199999999662)
(13, 1617.1999999999653)
(14, 1640.0799999999642)
(15, 1608.8799999999655)
(16, 1600.5599999999656)
(17, 1595.359999999966)
(18, 1616.1599999999653)
(19, 1626.5599999999649)
(20, 1605.7599999999659)
(21, 1649.4399999999639)
(22, 1644.2399999999643)
(23, 1617.1999999999653)
(24, 1601.5999999999658)
(25, 1596.3999999999658)
(26, 1644.2399999999641)
(27, 1602.639999999966)
(28, 1583.9199999999669)
(29, 1626.5599999999649)
(30, 1616.1599999999655)
(31, 1599.5199999999659)
(32, 1595.3599999999658)
(33, 1598.4799999999659)
(34, 1650.4799999999639)
(35, 1604.7199999999657)
(36, 1596.3999999999662)
(37, 1625.519999999965)
(38, 1605.7599999999657)
(39, 1645.2799999999643)
(0, 1643.1999999999643)
(1, 1650.4799999999641)
(2, 1650.4799999999639)
(3, 1641.1199999999644)
(4, 1643.1999999999641)
(5, 1646.319999999964)
(6, 1647.3599999999644)
(7, 1642.1599999999646)
(8, 1646.3199999999645)
(9, 1642.1599999999644)
(10, 1643.1999999999646)
(11, 1640.0799999999647)
(12, 1648.3999999999642)
(13, 1646.3199999999645)
(14, 1648.3999999999639)
(15, 1648.3999999999642)
(16, 1650.4799999999643)
(17, 1645.279999999964)
(18, 1646.3199999999645)
(19, 1652.5599999999638)
(20, 1645.2799999999643)
(21, 1649.4399999999641)
(22, 1647.3599999999642)
(23, 1647.3599999999644)
(24, 1650.4799999999641)
(25, 1643.1999999999646)
(26, 1646.3199999999645)
(27, 1647.359999999964)
(28, 1648.3999999999644)
(29, 1647.3599999999644)
(30, 1650.4799999999643)
(31, 1646.3199999999647)
(32, 1646.3199999999642)
(33, 1639.0399999999647)
(34, 1650.4799999999643)
(35, 1649.4399999999639)
(36, 1643.1999999999646)
(37, 1644.2399999999643)
(38, 1650.4799999999639)
(39, 1650.4799999999641)
Changed value of parameter MIPGap to 0.05
   Prev: 0.0001  Min: 0.0  Max: 1e+100  Default: 0.0001
Changed value of parameter TimeLimit to 1800.0
   Prev: 1e+100  Min: 0.0  Max: 1e+100  Default: 1e+100
Changed value of parameter Method to 2
   Prev: -1  Min: -1  Max: 4  Default: -1
Changed value of parameter MIPFocus to 1
   Prev: 0  Min: 0  Max: 3  Default: 0
Optimize a model with 3610 rows, 5265 columns and 10530 nonzeros
Variable types: 0 continuous, 5265 integer (5265 binary)
Coefficient statistics:
  Matrix range     [1e+00, 5e+00]
  Objective range  [1e+00, 1e+00]
  Bounds range     [1e+00, 1e+00]
  RHS range        [8e+01, 8e+01]
Found heuristic solution: objective 0
Presolve removed 3559 rows and 4642 columns
Presolve time: 0.01s
Presolved: 51 rows, 623 columns, 1158 nonzeros
Found heuristic solution: objective -1678.600000
Variable types: 0 continuous, 623 integer (502 binary)
Presolved: 51 rows, 623 columns, 1158 nonzeros

Root barrier log...

Ordering time: 0.00s

Barrier statistics:
 AA' NZ     : 5.170e+02
 Factor NZ  : 1.326e+03
 Factor Ops : 4.553e+04 (less than 1 second per iteration)
 Threads    : 1

                  Objective                Residual
Iter       Primal          Dual         Primal    Dual     Compl     Time
   0  -2.48472542e+03 -2.80379804e+03  1.13e+01 8.88e-16  2.09e+00     0s
   1  -1.74129762e+03 -2.16329750e+03  4.44e-01 2.69e-01  4.02e-01     0s
   2  -1.75548093e+03 -1.81800686e+03  4.01e-02 2.26e-02  5.19e-02     0s
   3  -1.76931763e+03 -1.79139874e+03  1.41e-02 8.88e-16  1.82e-02     0s
   4  -1.77491801e+03 -1.78281877e+03  2.30e-03 1.78e-15  6.37e-03     0s
   5  -1.77731971e+03 -1.78100445e+03  8.25e-04 8.88e-16  2.95e-03     0s
   6  -1.77813575e+03 -1.77985031e+03  2.80e-04 1.78e-15  1.37e-03     0s
   7  -1.77855972e+03 -1.77945935e+03  6.88e-05 1.78e-15  7.10e-04     0s
   8  -1.77888372e+03 -1.77891098e+03  0.00e+00 1.78e-15  2.12e-05     0s
   9  -1.77889249e+03 -1.77889252e+03  0.00e+00 1.78e-15  2.15e-08     0s
  10  -1.77889250e+03 -1.77889250e+03  0.00e+00 1.78e-15  2.20e-14     0s

Barrier solved model in 10 iterations and 0.01 seconds
Optimal objective -1.77889250e+03


Root relaxation: objective -1.778892e+03, 196 iterations, 0.00 seconds

    Nodes    |    Current Node    |     Objective Bounds      |     Work
 Expl Unexpl |  Obj  Depth IntInf | Incumbent    BestBd   Gap | It/Node Time

     0     0 -1778.8925    0   26 -1678.6000 -1778.8925  5.97%     -    0s
H    0     0                    -1772.050000 -1778.8925  0.39%     -    0s

Explored 0 nodes (249 simplex iterations) in 0.01 seconds
Thread count was 20 (of 20 available processors)

Solution count 3: -1772.05 -1678.6 -355.95 
Pool objective bound -1778.7

Optimal solution found (tolerance 5.00e-02)
Best objective -1.772050000000e+03, best bound -1.778700000000e+03, gap 0.3753%
(0, 1609.2999999999552)
(1, 1632.3999999999546)
(2, 1667.0499999999527)
(3, 1627.1499999999546)
(4, 1630.2999999999549)
(5, 1611.3999999999553)
(6, 1629.2499999999548)
(7, 1638.6999999999541)
(8, 1628.1999999999546)
(9, 1643.9499999999539)
(10, 1599.849999999956)
(11, 1648.1499999999542)
(12, 1658.6499999999535)
(13, 1623.999999999955)
(14, 1638.6999999999543)
(15, 1630.2999999999549)
(16, 1634.4999999999548)
(17, 1654.4499999999537)
(18, 1635.5499999999543)
(19, 1634.4999999999548)
(20, 1635.5499999999547)
(21, 1629.249999999955)
(22, 1626.0999999999547)
(23, 1668.0999999999531)
(24, 1619.7999999999552)
(25, 1639.7499999999541)
(26, 1633.4499999999543)
(27, 1626.0999999999549)
(28, 1629.249999999955)
(29, 1629.249999999955)
(30, 1640.7999999999543)
(31, 1633.4499999999548)
(32, 1628.199999999955)
(33, 1607.1999999999557)
(34, 1621.8999999999548)
(35, 1637.6499999999544)
(36, 1616.6499999999553)
(37, 1626.0999999999549)
(38, 1637.6499999999544)
(39, 1642.8999999999542)
(0, 1668.0999999999528)
(1, 1668.0999999999531)
(2, 1669.1499999999528)
(3, 1671.2499999999532)
(4, 1672.2999999999529)
(5, 1672.2999999999529)
(6, 1668.0999999999531)
(7, 1673.3499999999528)
(8, 1670.199999999953)
(9, 1668.0999999999531)
(10, 1667.0499999999531)
(11, 1668.0999999999528)
(12, 1667.0499999999531)
(13, 1671.2499999999529)
(14, 1671.2499999999534)
(15, 1669.149999999953)
(16, 1677.5499999999527)
(17, 1668.0999999999531)
(18, 1662.8499999999535)
(19, 1671.2499999999527)
(20, 1675.4499999999528)
(21, 1671.2499999999527)
(22, 1662.8499999999538)
(23, 1671.2499999999527)
(24, 1671.2499999999527)
(25, 1663.8999999999537)
(26, 1667.0499999999533)
(27, 1677.5499999999527)
(28, 1660.7499999999538)
(29, 1672.2999999999527)
(30, 1667.0499999999524)
(31, 1667.0499999999533)
(32, 1665.9999999999527)
(33, 1665.9999999999534)
(34, 1664.9499999999539)
(35, 1670.1999999999528)
(36, 1669.149999999953)
(37, 1669.1499999999535)
(38, 1676.4999999999523)
(39, 1671.2499999999529)
Changed value of parameter MIPGap to 0.05
   Prev: 0.0001  Min: 0.0  Max: 1e+100  Default: 0.0001
Changed value of parameter TimeLimit to 1800.0
   Prev: 1e+100  Min: 0.0  Max: 1e+100  Default: 1e+100
Changed value of parameter Method to 2
   Prev: -1  Min: -1  Max: 4  Default: -1
Changed value of parameter MIPFocus to 1
   Prev: 0  Min: 0  Max: 3  Default: 0
Optimize a model with 3610 rows, 5265 columns and 10530 nonzeros
Variable types: 0 continuous, 5265 integer (5265 binary)
Coefficient statistics:
  Matrix range     [1e+00, 5e+00]
  Objective range  [1e+00, 2e+00]
  Bounds range     [1e+00, 1e+00]
  RHS range        [8e+01, 8e+01]
Found heuristic solution: objective 0
Presolve removed 3559 rows and 4642 columns
Presolve time: 0.01s
Presolved: 51 rows, 623 columns, 1158 nonzeros
Found heuristic solution: objective -1812.200000
Variable types: 0 continuous, 623 integer (502 binary)
Presolved: 51 rows, 623 columns, 1158 nonzeros

Root barrier log...

Ordering time: 0.00s

Barrier statistics:
 AA' NZ     : 5.170e+02
 Factor NZ  : 1.326e+03
 Factor Ops : 4.553e+04 (less than 1 second per iteration)
 Threads    : 1

                  Objective                Residual
Iter       Primal          Dual         Primal    Dual     Compl     Time
   0  -2.66108283e+03 -2.95756334e+03  1.13e+01 4.44e-16  2.15e+00     0s
   1  -1.86360487e+03 -2.29869999e+03  3.89e-01 2.62e-01  4.06e-01     0s
   2  -1.88227417e+03 -1.94741669e+03  4.01e-02 2.27e-02  5.39e-02     0s
   3  -1.89710866e+03 -1.92155562e+03  1.52e-02 1.78e-15  2.02e-02     0s
   4  -1.90529423e+03 -1.91278757e+03  3.01e-03 1.78e-15  6.07e-03     0s
   5  -1.90749909e+03 -1.90927245e+03  5.02e-04 1.78e-15  1.43e-03     0s
   6  -1.90823525e+03 -1.90875532e+03  0.00e+00 1.78e-15  4.02e-04     0s
   7  -1.90832841e+03 -1.90841902e+03  0.00e+00 1.78e-15  6.99e-05     0s
   8  -1.90833500e+03 -1.90833502e+03  0.00e+00 1.78e-15  2.08e-08     0s
   9  -1.90833500e+03 -1.90833500e+03  0.00e+00 1.78e-15  2.08e-11     0s

Barrier solved model in 9 iterations and 0.01 seconds
Optimal objective -1.90833500e+03


Root relaxation: objective -1.908335e+03, 196 iterations, 0.00 seconds

    Nodes    |    Current Node    |     Objective Bounds      |     Work
 Expl Unexpl |  Obj  Depth IntInf | Incumbent    BestBd   Gap | It/Node Time

     0     0 -1908.3350    0   20 -1812.2000 -1908.3350  5.30%     -    0s
H    0     0                    -1901.900000 -1908.3350  0.34%     -    0s

Explored 0 nodes (299 simplex iterations) in 0.02 seconds
Thread count was 20 (of 20 available processors)

Solution count 3: -1901.9 -1812.2 -382.9 
Pool objective bound -1908.3

Optimal solution found (tolerance 5.00e-02)
Best objective -1.901900000000e+03, best bound -1.908300000000e+03, gap 0.3365%
(0, 1756.699999999955)
(1, 1752.2999999999547)
(2, 1733.5999999999567)
(3, 1744.5999999999556)
(4, 1726.9999999999573)
(5, 1753.3999999999548)
(6, 1751.199999999955)
(7, 1757.7999999999545)
(8, 1736.8999999999562)
(9, 1745.6999999999555)
(10, 1732.4999999999566)
(11, 1737.9999999999559)
(12, 1762.1999999999543)
(13, 1756.6999999999548)
(14, 1729.1999999999568)
(15, 1742.3999999999558)
(16, 1734.6999999999566)
(17, 1759.9999999999543)
(18, 1770.9999999999536)
(19, 1726.9999999999573)
(20, 1753.3999999999553)
(21, 1778.6999999999528)
(22, 1733.5999999999565)
(23, 1728.0999999999569)
(24, 1764.3999999999542)
(25, 1744.5999999999558)
(26, 1746.7999999999554)
(27, 1765.4999999999541)
(28, 1763.299999999954)
(29, 1740.1999999999557)
(30, 1774.2999999999533)
(31, 1743.4999999999557)
(32, 1750.0999999999553)
(33, 1754.499999999955)
(34, 1774.2999999999536)
(35, 1745.6999999999555)
(36, 1780.8999999999528)
(37, 1724.7999999999574)
(38, 1741.2999999999561)
(39, 1741.2999999999563)
(0, 1792.9999999999513)
(1, 1798.4999999999509)
(2, 1791.8999999999517)
(3, 1792.9999999999518)
(4, 1790.799999999952)
(5, 1797.3999999999514)
(6, 1794.0999999999519)
(7, 1789.6999999999516)
(8, 1790.7999999999518)
(9, 1796.2999999999513)
(10, 1789.6999999999521)
(11, 1800.6999999999509)
(12, 1791.8999999999519)
(13, 1784.1999999999523)
(14, 1795.1999999999516)
(15, 1792.9999999999516)
(16, 1795.1999999999516)
(17, 1788.5999999999522)
(18, 1791.8999999999517)
(19, 1791.8999999999517)
(20, 1791.8999999999514)
(21, 1794.0999999999522)
(22, 1789.6999999999518)
(23, 1792.9999999999516)
(24, 1785.2999999999524)
(25, 1791.8999999999519)
(26, 1790.7999999999518)
(27, 1794.0999999999515)
(28, 1802.8999999999512)
(29, 1788.5999999999522)
(30, 1795.1999999999516)
(31, 1796.2999999999515)
(32, 1789.6999999999518)
(33, 1800.6999999999509)
(34, 1794.0999999999515)
(35, 1785.2999999999524)
(36, 1794.0999999999517)
(37, 1794.0999999999517)
(38, 1788.5999999999519)
(39, 1791.8999999999519)
Changed value of parameter MIPGap to 0.05
   Prev: 0.0001  Min: 0.0  Max: 1e+100  Default: 0.0001
Changed value of parameter TimeLimit to 1800.0
   Prev: 1e+100  Min: 0.0  Max: 1e+100  Default: 1e+100
Changed value of parameter Method to 2
   Prev: -1  Min: -1  Max: 4  Default: -1
Changed value of parameter MIPFocus to 1
   Prev: 0  Min: 0  Max: 3  Default: 0
Optimize a model with 3610 rows, 5265 columns and 10530 nonzeros
Variable types: 0 continuous, 5265 integer (5265 binary)
Coefficient statistics:
  Matrix range     [1e+00, 5e+00]
  Objective range  [1e+00, 3e+00]
  Bounds range     [1e+00, 1e+00]
  RHS range        [8e+01, 8e+01]
Found heuristic solution: objective 0
Presolve removed 3559 rows and 4642 columns
Presolve time: 0.01s
Presolved: 51 rows, 623 columns, 1158 nonzeros
Found heuristic solution: objective -2081.400000
Variable types: 0 continuous, 623 integer (502 binary)
Presolved: 51 rows, 623 columns, 1158 nonzeros

Root barrier log...

Ordering time: 0.00s

Barrier statistics:
 AA' NZ     : 5.170e+02
 Factor NZ  : 1.326e+03
 Factor Ops : 4.553e+04 (less than 1 second per iteration)
 Threads    : 1

                  Objective                Residual
Iter       Primal          Dual         Primal    Dual     Compl     Time
   0  -3.01376726e+03 -3.26881133e+03  1.13e+01 8.88e-16  2.28e+00     0s
   1  -2.11661582e+03 -2.57884411e+03  2.87e-01 2.52e-01  4.16e-01     0s
   2  -2.14886667e+03 -2.21877642e+03  2.77e-02 2.47e-02  5.67e-02     0s
   3  -2.15860280e+03 -2.17702423e+03  1.20e-02 1.78e-15  1.53e-02     0s
   4  -2.16665893e+03 -2.17119742e+03  1.28e-03 8.88e-16  3.65e-03     0s
   5  -2.16788874e+03 -2.17011987e+03  5.37e-04 1.78e-15  1.79e-03     0s
   6  -2.16819894e+03 -2.16910373e+03  3.31e-04 1.78e-15  7.42e-04     0s
   7  -2.16869028e+03 -2.16874072e+03  4.11e-06 1.78e-15  4.09e-05     0s
   8  -2.16872000e+03 -2.16872001e+03  2.59e-10 1.78e-15  7.01e-09     0s

Barrier solved model in 8 iterations and 0.01 seconds
Optimal objective -2.16872000e+03


Root relaxation: objective -2.168720e+03, 232 iterations, 0.00 seconds

    Nodes    |    Current Node    |     Objective Bounds      |     Work
 Expl Unexpl |  Obj  Depth IntInf | Incumbent    BestBd   Gap | It/Node Time

     0     0 -2168.7200    0   16 -2081.4000 -2168.7200  4.20%     -    0s

Explored 0 nodes (375 simplex iterations) in 0.02 seconds
Thread count was 20 (of 20 available processors)

Solution count 2: -2081.4 -436.8 
Pool objective bound -2168.6

Optimal solution found (tolerance 5.00e-02)
Best objective -2.081400000000e+03, best bound -2.168600000000e+03, gap 4.1895%
(0, 1930.2000000000542)
(1, 1953.0000000000553)
(2, 1927.8000000000545)
(3, 1955.4000000000556)
(4, 1935.0000000000546)
(5, 1945.8000000000552)
(6, 1953.0000000000553)
(7, 1950.6000000000554)
(8, 1953.0000000000546)
(9, 1951.8000000000552)
(10, 1938.6000000000549)
(11, 1941.0000000000548)
(12, 1933.8000000000543)
(13, 1947.000000000055)
(14, 1942.2000000000544)
(15, 1937.4000000000547)
(16, 1937.4000000000547)
(17, 1932.600000000054)
(18, 1951.8000000000552)
(19, 1953.0000000000555)
(20, 1931.4000000000547)
(21, 1933.8000000000548)
(22, 1942.2000000000546)
(23, 1935.0000000000543)
(24, 1960.2000000000558)
(25, 1933.8000000000545)
(26, 1955.4000000000551)
(27, 1929.0000000000537)
(28, 1951.8000000000554)
(29, 1935.0000000000539)
(30, 1943.4000000000551)
(31, 1938.6000000000538)
(32, 1929.0000000000537)
(33, 1943.4000000000551)
(34, 1936.2000000000546)
(35, 1949.4000000000551)
(36, 1949.4000000000553)
(37, 1937.400000000054)
(38, 1941.0000000000553)
(39, 1932.6000000000547)
(0, 1984.2000000000562)
(1, 1984.2000000000562)
(2, 1990.2000000000567)
(3, 1995.0000000000568)
(4, 1986.6000000000568)
(5, 1990.2000000000564)
(6, 1995.0000000000571)
(7, 1990.2000000000564)
(8, 1989.0000000000568)
(9, 1991.4000000000569)
(10, 1991.4000000000563)
(11, 1995.0000000000571)
(12, 1993.800000000057)
(13, 1991.4000000000567)
(14, 1980.6000000000556)
(15, 1992.600000000057)
(16, 1993.8000000000566)
(17, 1996.2000000000571)
(18, 1990.2000000000569)
(19, 1992.6000000000565)
(20, 1991.4000000000567)
(21, 1992.6000000000565)
(22, 1989.0000000000562)
(23, 1992.6000000000565)
(24, 1990.2000000000564)
(25, 1991.4000000000569)
(26, 1992.6000000000563)
(27, 1992.600000000057)
(28, 1993.800000000057)
(29, 1985.400000000056)
(30, 1990.200000000056)
(31, 1992.6000000000565)
(32, 1990.2000000000569)
(33, 1992.600000000057)
(34, 1995.0000000000571)
(35, 1987.8000000000563)
(36, 1992.600000000057)
(37, 1990.2000000000567)
(38, 1987.8000000000566)
(39, 1984.2000000000564)
Changed value of parameter MIPGap to 0.05
   Prev: 0.0001  Min: 0.0  Max: 1e+100  Default: 0.0001
Changed value of parameter TimeLimit to 1800.0
   Prev: 1e+100  Min: 0.0  Max: 1e+100  Default: 1e+100
Changed value of parameter Method to 2
   Prev: -1  Min: -1  Max: 4  Default: -1
Changed value of parameter MIPFocus to 1
   Prev: 0  Min: 0  Max: 3  Default: 0
Optimize a model with 3610 rows, 5265 columns and 10530 nonzeros
Variable types: 0 continuous, 5265 integer (5265 binary)
Coefficient statistics:
  Matrix range     [1e+00, 5e+00]
  Objective range  [1e+00, 4e+00]
  Bounds range     [1e+00, 1e+00]
  RHS range        [8e+01, 8e+01]
Found heuristic solution: objective 0
Presolve removed 3559 rows and 4644 columns
Presolve time: 0.01s
Presolved: 51 rows, 621 columns, 1156 nonzeros
Found heuristic solution: objective -2619.400000
Variable types: 0 continuous, 621 integer (502 binary)
Presolved: 51 rows, 621 columns, 1156 nonzeros

Root barrier log...

Ordering time: 0.00s

Barrier statistics:
 AA' NZ     : 5.170e+02
 Factor NZ  : 1.326e+03
 Factor Ops : 4.553e+04 (less than 1 second per iteration)
 Threads    : 1

                  Objective                Residual
Iter       Primal          Dual         Primal    Dual     Compl     Time
   0  -3.72375965e+03 -3.95664232e+03  1.13e+01 8.88e-16  2.66e+00     0s
   1  -2.63704855e+03 -3.24463309e+03  4.50e-02 2.62e-01  4.99e-01     0s
   2  -2.70303453e+03 -2.78398113e+03  5.15e-03 2.10e-02  6.34e-02     0s
   3  -2.71748450e+03 -2.74741152e+03  1.94e-03 1.78e-15  2.34e-02     0s
   4  -2.72298173e+03 -2.73524692e+03  3.69e-04 1.78e-15  9.59e-03     0s
   5  -2.72677832e+03 -2.72880266e+03  4.00e-05 1.78e-15  1.59e-03     0s
   6  -2.72787355e+03 -2.72791995e+03  6.29e-09 1.78e-15  3.61e-05     0s
   7  -2.72789997e+03 -2.72790002e+03  0.00e+00 1.78e-15  3.61e-08     0s
   8  -2.72790000e+03 -2.72790000e+03  0.00e+00 1.78e-15  3.62e-14     0s

Barrier solved model in 8 iterations and 0.01 seconds
Optimal objective -2.72790000e+03


Root relaxation: objective -2.727900e+03, 423 iterations, 0.00 seconds

    Nodes    |    Current Node    |     Objective Bounds      |     Work
 Expl Unexpl |  Obj  Depth IntInf | Incumbent    BestBd   Gap | It/Node Time

     0     0 -2727.9000    0   17 -2619.4000 -2727.9000  4.14%     -    0s

Explored 0 nodes (589 simplex iterations) in 0.02 seconds
Thread count was 20 (of 20 available processors)

Solution count 2: -2619.4 -544.6 
Pool objective bound -2727.2

Optimal solution found (tolerance 5.00e-02)
Best objective -2.619400000000e+03, best bound -2.727200000000e+03, gap 4.1154%
(0, 2472.4000000000901)
(1, 2469.6000000000904)
(2, 2478.0000000000914)
(3, 2447.2000000000894)
(4, 2450.0000000000891)
(5, 2455.6000000000895)
(6, 2447.2000000000894)
(7, 2450.0000000000891)
(8, 2440.2000000000885)
(9, 2445.8000000000889)
(10, 2450.0000000000891)
(11, 2445.8000000000889)
(12, 2461.2000000000903)
(13, 2452.8000000000893)
(14, 2445.8000000000893)
(15, 2444.4000000000892)
(16, 2452.8000000000893)
(17, 2443.0000000000887)
(18, 2450.0000000000891)
(19, 2459.8000000000898)
(20, 2455.6000000000899)
(21, 2454.2000000000899)
(22, 2444.4000000000892)
(23, 2444.4000000000888)
(24, 2454.2000000000894)
(25, 2464.0000000000905)
(26, 2455.6000000000899)
(27, 2440.2000000000885)
(28, 2448.6000000000895)
(29, 2443.0000000000891)
(30, 2438.8000000000884)
(31, 2443.0000000000887)
(32, 2443.0000000000887)
(33, 2447.2000000000894)
(34, 2444.4000000000892)
(35, 2445.8000000000893)
(36, 2457.0000000000896)
(37, 2454.2000000000899)
(38, 2451.4000000000897)
(39, 2458.4000000000901)
(0, 2507.4000000000929)
(1, 2513.0000000000937)
(2, 2510.200000000093)
(3, 2506.0000000000928)
(4, 2510.2000000000935)
(5, 2514.4000000000938)
(6, 2517.200000000094)
(7, 2518.6000000000931)
(8, 2513.0000000000932)
(9, 2521.4000000000942)
(10, 2507.4000000000929)
(11, 2513.0000000000932)
(12, 2518.6000000000936)
(13, 2506.0000000000928)
(14, 2510.200000000093)
(15, 2514.4000000000933)
(16, 2504.6000000000927)
(17, 2504.6000000000927)
(18, 2518.6000000000936)
(19, 2514.4000000000933)
(20, 2511.6000000000936)
(21, 2517.200000000094)
(22, 2507.4000000000929)
(23, 2514.4000000000933)
(24, 2513.0000000000932)
(25, 2514.4000000000938)
(26, 2511.6000000000936)
(27, 2510.200000000093)
(28, 2515.8000000000934)
(29, 2515.8000000000934)
(30, 2510.2000000000935)
(31, 2517.200000000094)
(32, 2503.2000000000926)
(33, 2514.4000000000938)
(34, 2508.8000000000934)
(35, 2514.4000000000933)
(36, 2517.2000000000935)
(37, 2513.0000000000932)
(38, 2511.6000000000931)
(39, 2510.2000000000935)
Changed value of parameter MIPGap to 0.05
   Prev: 0.0001  Min: 0.0  Max: 1e+100  Default: 0.0001
Changed value of parameter TimeLimit to 1800.0
   Prev: 1e+100  Min: 0.0  Max: 1e+100  Default: 1e+100
Changed value of parameter Method to 2
   Prev: -1  Min: -1  Max: 4  Default: -1
Changed value of parameter MIPFocus to 1
   Prev: 0  Min: 0  Max: 3  Default: 0
Optimize a model with 3610 rows, 5265 columns and 10530 nonzeros
Variable types: 0 continuous, 5265 integer (5265 binary)
Coefficient statistics:
  Matrix range     [1e+00, 5e+00]
  Objective range  [2e+00, 5e+00]
  Bounds range     [1e+00, 1e+00]
  RHS range        [8e+01, 8e+01]
Found heuristic solution: objective 0
Presolve removed 3559 rows and 4642 columns
Presolve time: 0.01s
Presolved: 51 rows, 623 columns, 1158 nonzeros
Found heuristic solution: objective -2894.500000
Variable types: 0 continuous, 623 integer (502 binary)
Presolved: 51 rows, 623 columns, 1158 nonzeros

Root barrier log...

Ordering time: 0.00s

Barrier statistics:
 AA' NZ     : 5.170e+02
 Factor NZ  : 1.326e+03
 Factor Ops : 4.553e+04 (less than 1 second per iteration)
 Threads    : 1

                  Objective                Residual
Iter       Primal          Dual         Primal    Dual     Compl     Time
   0  -4.07423191e+03 -4.40289327e+03  1.13e+01 4.44e-16  3.02e+00     0s
   1  -2.90332749e+03 -3.60379693e+03  2.05e-02 3.05e-01  5.69e-01     0s
   2  -2.99429004e+03 -3.07897887e+03  3.59e-03 2.29e-02  6.60e-02     0s
   3  -3.00768048e+03 -3.02898332e+03  1.43e-03 1.78e-15  1.67e-02     0s
   4  -3.01645792e+03 -3.01856942e+03  0.00e+00 1.78e-15  1.63e-03     0s
   5  -3.01721140e+03 -3.01732744e+03  0.00e+00 1.78e-15  8.99e-05     0s
   6  -3.01724999e+03 -3.01725000e+03  0.00e+00 1.78e-15  8.96e-09     0s

Barrier solved model in 6 iterations and 0.01 seconds
Optimal objective -3.01724999e+03


Root relaxation: objective -3.017250e+03, 426 iterations, 0.00 seconds

    Nodes    |    Current Node    |     Objective Bounds      |     Work
 Expl Unexpl |  Obj  Depth IntInf | Incumbent    BestBd   Gap | It/Node Time

     0     0 -3017.2500    0   17 -2894.5000 -3017.2500  4.24%     -    0s

Explored 0 nodes (512 simplex iterations) in 0.01 seconds
Thread count was 20 (of 20 available processors)

Solution count 2: -2894.5 -598.5 
Pool objective bound -3017

Optimal solution found (tolerance 5.00e-02)
Best objective -2.894500000000e+03, best bound -3.017000000000e+03, gap 4.2322%
(0, 2741.5)
(1, 2710.0)
(2, 2729.5)
(3, 2738.5)
(4, 2713.0)
(5, 2705.5)
(6, 2731.0)
(7, 2710.0)
(8, 2719.0)
(9, 2755.0)
(10, 2749.0)
(11, 2722.0)
(12, 2711.5)
(13, 2713.0)
(14, 2749.0)
(15, 2726.5)
(16, 2707.0)
(17, 2765.5)
(18, 2714.5)
(19, 2731.0)
(20, 2720.5)
(21, 2750.5)
(22, 2762.5)
(23, 2728.0)
(24, 2756.5)
(25, 2710.0)
(26, 2759.5)
(27, 2717.5)
(28, 2741.5)
(29, 2726.5)
(30, 2731.0)
(31, 2707.0)
(32, 2737.0)
(33, 2723.5)
(34, 2737.0)
(35, 2699.5)
(36, 2732.5)
(37, 2710.0)
(38, 2728.0)
(39, 2728.0)
(0, 2780.5)
(1, 2776.0)
(2, 2780.5)
(3, 2776.0)
(4, 2786.5)
(5, 2777.5)
(6, 2783.5)
(7, 2782.0)
(8, 2783.5)
(9, 2779.0)
(10, 2779.0)
(11, 2782.0)
(12, 2786.5)
(13, 2783.5)
(14, 2785.0)
(15, 2780.5)
(16, 2779.0)
(17, 2779.0)
(18, 2779.0)
(19, 2782.0)
(20, 2779.0)
(21, 2776.0)
(22, 2783.5)
(23, 2785.0)
(24, 2777.5)
(25, 2779.0)
(26, 2782.0)
(27, 2780.5)
(28, 2779.0)
(29, 2782.0)
(30, 2783.5)
(31, 2782.0)
(32, 2768.5)
(33, 2777.5)
(34, 2779.0)
(35, 2791.0)
(36, 2777.5)
(37, 2782.0)
(38, 2782.0)
(39, 2774.5)
Changed value of parameter MIPGap to 0.05
   Prev: 0.0001  Min: 0.0  Max: 1e+100  Default: 0.0001
Changed value of parameter TimeLimit to 1800.0
   Prev: 1e+100  Min: 0.0  Max: 1e+100  Default: 1e+100
Changed value of parameter Method to 2
   Prev: -1  Min: -1  Max: 4  Default: -1
Changed value of parameter MIPFocus to 1
   Prev: 0  Min: 0  Max: 3  Default: 0
Optimize a model with 3610 rows, 5265 columns and 10530 nonzeros
Variable types: 0 continuous, 5265 integer (5265 binary)
Coefficient statistics:
  Matrix range     [1e+00, 5e+00]
  Objective range  [2e+00, 9e+00]
  Bounds range     [1e+00, 1e+00]
  RHS range        [8e+01, 8e+01]
Found heuristic solution: objective 0
Presolve removed 3559 rows and 4642 columns
Presolve time: 0.01s
Presolved: 51 rows, 623 columns, 1158 nonzeros
Found heuristic solution: objective -4270.000000
Variable types: 0 continuous, 623 integer (502 binary)
Presolved: 51 rows, 623 columns, 1158 nonzeros

Root barrier log...

Ordering time: 0.00s

Barrier statistics:
 AA' NZ     : 5.170e+02
 Factor NZ  : 1.326e+03
 Factor Ops : 4.553e+04 (less than 1 second per iteration)
 Threads    : 1

                  Objective                Residual
Iter       Primal          Dual         Primal    Dual     Compl     Time
   0  -5.85046080e+03 -7.27282206e+03  1.13e+01 1.78e-15  6.03e+00     0s
   1  -4.19241244e+03 -5.58331095e+03  0.00e+00 8.17e-01  1.10e+00     0s
   2  -4.41803278e+03 -4.58231516e+03  0.00e+00 6.90e-02  1.27e-01     0s
   3  -4.45214689e+03 -4.50001788e+03  0.00e+00 3.13e-03  3.69e-02     0s
   4  -4.45837262e+03 -4.47100209e+03  0.00e+00 3.55e-15  9.75e-03     0s
   5  -4.46379362e+03 -4.46501646e+03  0.00e+00 3.55e-15  9.43e-04     0s
   6  -4.46396170e+03 -4.46400224e+03  0.00e+00 3.55e-15  3.13e-05     0s
   7  -4.46400000e+03 -4.46400000e+03  0.00e+00 3.55e-15  7.99e-11     0s

Barrier solved model in 7 iterations and 0.01 seconds
Optimal objective -4.46400000e+03


Root relaxation: objective -4.464000e+03, 424 iterations, 0.00 seconds

    Nodes    |    Current Node    |     Objective Bounds      |     Work
 Expl Unexpl |  Obj  Depth IntInf | Incumbent    BestBd   Gap | It/Node Time

     0     0 -4464.0000    0   13 -4270.0000 -4464.0000  4.54%     -    0s

Explored 0 nodes (697 simplex iterations) in 0.02 seconds
Thread count was 20 (of 20 available processors)

Solution count 2: -4270 -868 
Pool objective bound -4464

Optimal solution found (tolerance 5.00e-02)
Best objective -4.270000000000e+03, best bound -4.464000000000e+03, gap 4.5433%
(0, 4050.0)
(1, 4012.0)
(2, 4010.0)
(3, 4042.0)
(4, 4098.0)
(5, 4056.0)
(6, 4052.0)
(7, 4062.0)
(8, 4060.0)
(9, 4034.0)
(10, 4020.0)
(11, 4044.0)
(12, 4024.0)
(13, 4052.0)
(14, 4028.0)
(15, 4072.0)
(16, 4040.0)
(17, 4058.0)
(18, 4044.0)
(19, 4100.0)
(20, 4094.0)
(21, 4094.0)
(22, 4116.0)
(23, 4046.0)
(24, 4024.0)
(25, 4068.0)
(26, 4064.0)
(27, 4048.0)
(28, 4052.0)
(29, 4058.0)
(30, 4078.0)
(31, 4092.0)
(32, 4044.0)
(33, 4052.0)
(34, 4040.0)
(35, 4040.0)
(36, 4022.0)
(37, 4118.0)
(38, 4048.0)
(39, 4046.0)
(0, 4100.0)
(1, 4102.0)
(2, 4114.0)
(3, 4102.0)
(4, 4100.0)
(5, 4110.0)
(6, 4104.0)
(7, 4100.0)
(8, 4104.0)
(9, 4102.0)
(10, 4110.0)
(11, 4102.0)
(12, 4094.0)
(13, 4102.0)
(14, 4100.0)
(15, 4106.0)
(16, 4104.0)
(17, 4108.0)
(18, 4092.0)
(19, 4104.0)
(20, 4114.0)
(21, 4104.0)
(22, 4108.0)
(23, 4108.0)
(24, 4106.0)
(25, 4108.0)
(26, 4098.0)
(27, 4100.0)
(28, 4112.0)
(29, 4092.0)
(30, 4106.0)
(31, 4102.0)
(32, 4106.0)
(33, 4104.0)
(34, 4108.0)
(35, 4094.0)
(36, 4094.0)
(37, 4102.0)
(38, 4112.0)
(39, 4108.0)
Changed value of parameter MIPGap to 0.05
   Prev: 0.0001  Min: 0.0  Max: 1e+100  Default: 0.0001
Changed value of parameter TimeLimit to 1800.0
   Prev: 1e+100  Min: 0.0  Max: 1e+100  Default: 1e+100
Changed value of parameter Method to 2
   Prev: -1  Min: -1  Max: 4  Default: -1
Changed value of parameter MIPFocus to 1
   Prev: 0  Min: 0  Max: 3  Default: 0
Optimize a model with 3610 rows, 5265 columns and 10530 nonzeros
Variable types: 0 continuous, 5265 integer (5265 binary)
Coefficient statistics:
  Matrix range     [1e+00, 5e+00]
  Objective range  [3e+00, 2e+01]
  Bounds range     [1e+00, 1e+00]
  RHS range        [8e+01, 8e+01]
Found heuristic solution: objective 0
Presolve removed 3559 rows and 4642 columns
Presolve time: 0.01s
Presolved: 51 rows, 623 columns, 1158 nonzeros
Found heuristic solution: objective -7051.000000
Variable types: 0 continuous, 623 integer (502 binary)
Presolved: 51 rows, 623 columns, 1158 nonzeros

Root barrier log...

Ordering time: 0.00s

Barrier statistics:
 AA' NZ     : 5.170e+02
 Factor NZ  : 1.326e+03
 Factor Ops : 4.553e+04 (less than 1 second per iteration)
 Threads    : 1

                  Objective                Residual
Iter       Primal          Dual         Primal    Dual     Compl     Time
   0  -9.39776992e+03 -1.30913620e+04  1.13e+01 1.78e-15  1.22e+01     0s
   1  -6.83312567e+03 -9.72544227e+03  0.00e+00 1.87e+00  2.30e+00     0s
   2  -7.24661663e+03 -7.58550828e+03  0.00e+00 1.62e-01  2.63e-01     0s
   3  -7.33642888e+03 -7.43188321e+03  0.00e+00 2.83e-02  7.37e-02     0s
   4  -7.34917344e+03 -7.36773562e+03  0.00e+00 7.11e-15  1.43e-02     0s
   5  -7.35723025e+03 -7.35823962e+03  0.00e+00 7.11e-15  7.78e-04     0s
   6  -7.35749845e+03 -7.35750049e+03  0.00e+00 7.11e-15  1.58e-06     0s
   7  -7.35750000e+03 -7.35750000e+03  0.00e+00 3.55e-15  1.88e-12     0s

Barrier solved model in 7 iterations and 0.01 seconds
Optimal objective -7.35750000e+03


Root relaxation: objective -7.357500e+03, 424 iterations, 0.00 seconds

    Nodes    |    Current Node    |     Objective Bounds      |     Work
 Expl Unexpl |  Obj  Depth IntInf | Incumbent    BestBd   Gap | It/Node Time

     0     0 -7357.5000    0   17 -7051.0000 -7357.5000  4.35%     -    0s

Explored 0 nodes (610 simplex iterations) in 0.02 seconds
Thread count was 20 (of 20 available processors)

Solution count 2: -7051 -1407 
Pool objective bound -7357

Optimal solution found (tolerance 5.00e-02)
Best objective -7.051000000000e+03, best bound -7.357000000000e+03, gap 4.3398%
(0, 6718.0)
(1, 6709.0)
(2, 6778.0)
(3, 6757.0)
(4, 6715.0)
(5, 6715.0)
(6, 6715.0)
(7, 6724.0)
(8, 6715.0)
(9, 6721.0)
(10, 6703.0)
(11, 6706.0)
(12, 6730.0)
(13, 6721.0)
(14, 6781.0)
(15, 6700.0)
(16, 6742.0)
(17, 6748.0)
(18, 6733.0)
(19, 6739.0)
(20, 6739.0)
(21, 6697.0)
(22, 6775.0)
(23, 6766.0)
(24, 6763.0)
(25, 6709.0)
(26, 6685.0)
(27, 6730.0)
(28, 6739.0)
(29, 6712.0)
(30, 6691.0)
(31, 6727.0)
(32, 6727.0)
(33, 6775.0)
(34, 6766.0)
(35, 6748.0)
(36, 6727.0)
(37, 6724.0)
(38, 6742.0)
(39, 6736.0)
(0, 6814.0)
(1, 6829.0)
(2, 6832.0)
(3, 6826.0)
(4, 6814.0)
(5, 6814.0)
(6, 6826.0)
(7, 6826.0)
(8, 6811.0)
(9, 6838.0)
(10, 6814.0)
(11, 6814.0)
(12, 6811.0)
(13, 6853.0)
(14, 6832.0)
(15, 6814.0)
(16, 6814.0)
(17, 6817.0)
(18, 6817.0)
(19, 6832.0)
(20, 6826.0)
(21, 6820.0)
(22, 6826.0)
(23, 6826.0)
(24, 6832.0)
(25, 6826.0)
(26, 6829.0)
(27, 6817.0)
(28, 6805.0)
(29, 6826.0)
(30, 6832.0)
(31, 6817.0)
(32, 6853.0)
(33, 6847.0)
(34, 6817.0)
(35, 6805.0)
(36, 6805.0)
(37, 6817.0)
(38, 6832.0)
(39, 6838.0)
Changed value of parameter MIPGap to 0.05
   Prev: 0.0001  Min: 0.0  Max: 1e+100  Default: 0.0001
Changed value of parameter TimeLimit to 1800.0
   Prev: 1e+100  Min: 0.0  Max: 1e+100  Default: 1e+100
Changed value of parameter Method to 2
   Prev: -1  Min: -1  Max: 4  Default: -1
Changed value of parameter MIPFocus to 1
   Prev: 0  Min: 0  Max: 3  Default: 0
Optimize a model with 3610 rows, 5265 columns and 10530 nonzeros
Variable types: 0 continuous, 5265 integer (5265 binary)
Coefficient statistics:
  Matrix range     [1e+00, 5e+00]
  Objective range  [5e+00, 3e+01]
  Bounds range     [1e+00, 1e+00]
  RHS range        [8e+01, 8e+01]
Found heuristic solution: objective 0
Presolve removed 3559 rows and 4642 columns
Presolve time: 0.01s
Presolved: 51 rows, 623 columns, 1158 nonzeros
Found heuristic solution: objective -12631.00000
Variable types: 0 continuous, 623 integer (502 binary)
Presolved: 51 rows, 623 columns, 1158 nonzeros

Root barrier log...

Ordering time: 0.00s

Barrier statistics:
 AA' NZ     : 5.170e+02
 Factor NZ  : 1.326e+03
 Factor Ops : 4.553e+04 (less than 1 second per iteration)
 Threads    : 1

                  Objective                Residual
Iter       Primal          Dual         Primal    Dual     Compl     Time
   0  -1.64895431e+04 -2.47976012e+04  1.14e+01 3.55e-15  2.46e+01     0s
   1  -1.21359483e+04 -1.80478926e+04  0.00e+00 4.00e+00  4.72e+00     0s
   2  -1.29384438e+04 -1.35888987e+04  0.00e+00 3.37e-01  5.05e-01     0s
   3  -1.31115173e+04 -1.32704791e+04  0.00e+00 5.26e-02  1.23e-01     0s
   4  -1.31340170e+04 -1.31555821e+04  0.00e+00 7.11e-15  1.66e-02     0s
   5  -1.31441056e+04 -1.31451807e+04  0.00e+00 7.11e-15  8.29e-04     0s
   6  -1.31444998e+04 -1.31445003e+04  0.00e+00 1.42e-14  3.70e-07     0s
   7  -1.31445000e+04 -1.31445000e+04  0.00e+00 1.42e-14  4.14e-13     0s

Barrier solved model in 7 iterations and 0.01 seconds
Optimal objective -1.31445000e+04


Root relaxation: objective -1.314450e+04, 425 iterations, 0.00 seconds

    Nodes    |    Current Node    |     Objective Bounds      |     Work
 Expl Unexpl |  Obj  Depth IntInf | Incumbent    BestBd   Gap | It/Node Time

     0     0 -13144.500    0   15 -12631.000 -13144.500  4.07%     -    0s

Explored 0 nodes (610 simplex iterations) in 0.02 seconds
Thread count was 20 (of 20 available processors)

Solution count 2: -12631 -2485 
Pool objective bound -13144

Optimal solution found (tolerance 5.00e-02)
Best objective -1.263100000000e+04, best bound -1.314400000000e+04, gap 4.0614%
(0, 12126.0)
(1, 12036.0)
(2, 12081.0)
(3, 12041.0)
(4, 12066.0)
(5, 12031.0)
(6, 12141.0)
(7, 12096.0)
(8, 12146.0)
(9, 12106.0)
(10, 12126.0)
(11, 12056.0)
(12, 12076.0)
(13, 12106.0)
(14, 12061.0)
(15, 12051.0)
(16, 12266.0)
(17, 12086.0)
(18, 12156.0)
(19, 12071.0)
(20, 12031.0)
(21, 12061.0)
(22, 12146.0)
(23, 12076.0)
(24, 12116.0)
(25, 12066.0)
(26, 12056.0)
(27, 12101.0)
(28, 12146.0)
(29, 12066.0)
(30, 12071.0)
(31, 12061.0)
(32, 12031.0)
(33, 12116.0)
(34, 12006.0)
(35, 12091.0)
(36, 12106.0)
(37, 12146.0)
(38, 12101.0)
(39, 12171.0)
(0, 12251.0)
(1, 12281.0)
(2, 12226.0)
(3, 12236.0)
(4, 12246.0)
(5, 12251.0)
(6, 12246.0)
(7, 12276.0)
(8, 12236.0)
(9, 12246.0)
(10, 12241.0)
(11, 12256.0)
(12, 12256.0)
(13, 12251.0)
(14, 12256.0)
(15, 12241.0)
(16, 12246.0)
(17, 12256.0)
(18, 12226.0)
(19, 12246.0)
(20, 12221.0)
(21, 12256.0)
(22, 12266.0)
(23, 12246.0)
(24, 12266.0)
(25, 12261.0)
(26, 12221.0)
(27, 12241.0)
(28, 12291.0)
(29, 12221.0)
(30, 12271.0)
(31, 12251.0)
(32, 12236.0)
(33, 12286.0)
(34, 12256.0)
(35, 12251.0)
(36, 12221.0)
(37, 12286.0)
(38, 12256.0)
(39, 12246.0)
Changed value of parameter MIPGap to 0.05
   Prev: 0.0001  Min: 0.0  Max: 1e+100  Default: 0.0001
Changed value of parameter TimeLimit to 1800.0
   Prev: 1e+100  Min: 0.0  Max: 1e+100  Default: 1e+100
Changed value of parameter Method to 2
   Prev: -1  Min: -1  Max: 4  Default: -1
Changed value of parameter MIPFocus to 1
   Prev: 0  Min: 0  Max: 3  Default: 0
Optimize a model with 3610 rows, 5265 columns and 10530 nonzeros
Variable types: 0 continuous, 5265 integer (5265 binary)
Coefficient statistics:
  Matrix range     [1e+00, 5e+00]
  Objective range  [6e+00, 4e+01]
  Bounds range     [1e+00, 1e+00]
  RHS range        [8e+01, 8e+01]
Found heuristic solution: objective 0
Presolve removed 3559 rows and 4642 columns
Presolve time: 0.01s
Presolved: 51 rows, 623 columns, 1158 nonzeros
Found heuristic solution: objective -15419.00000
Variable types: 0 continuous, 623 integer (502 binary)
Presolved: 51 rows, 623 columns, 1158 nonzeros

Root barrier log...

Ordering time: 0.00s

Barrier statistics:
 AA' NZ     : 5.170e+02
 Factor NZ  : 1.326e+03
 Factor Ops : 4.553e+04 (less than 1 second per iteration)
 Threads    : 1

                  Objective                Residual
Iter       Primal          Dual         Primal    Dual     Compl     Time
   0  -2.00351071e+04 -3.06507208e+04  1.14e+01 7.11e-15  3.08e+01     0s
   1  -1.47901046e+04 -2.22100136e+04  0.00e+00 5.07e+00  5.93e+00     0s
   2  -1.57401420e+04 -1.65695687e+04  0.00e+00 4.04e-01  6.44e-01     0s
   3  -1.59952078e+04 -1.61975424e+04  0.00e+00 6.89e-02  1.56e-01     0s
   4  -1.60273967e+04 -1.60466906e+04  0.00e+00 7.11e-15  1.49e-02     0s
   5  -1.60376903e+04 -1.60385655e+04  0.00e+00 1.42e-14  6.75e-04     0s
   6  -1.60379997e+04 -1.60380001e+04  0.00e+00 1.42e-14  2.80e-07     0s
   7  -1.60380000e+04 -1.60380000e+04  2.37e-15 1.42e-14  2.80e-13     0s

Barrier solved model in 7 iterations and 0.01 seconds
Optimal objective -1.60380000e+04


Root relaxation: objective -1.603800e+04, 426 iterations, 0.00 seconds

    Nodes    |    Current Node    |     Objective Bounds      |     Work
 Expl Unexpl |  Obj  Depth IntInf | Incumbent    BestBd   Gap | It/Node Time

     0     0 -16038.000    0   21 -15419.000 -16038.000  4.01%     -    0s

Explored 0 nodes (536 simplex iterations) in 0.02 seconds
Thread count was 20 (of 20 available processors)

Solution count 2: -15419 -3024 
Pool objective bound -16038

Optimal solution found (tolerance 5.00e-02)
Best objective -1.541900000000e+04, best bound -1.603800000000e+04, gap 4.0145%
(0, 14717.0)
(1, 14771.0)
(2, 14855.0)
(3, 14723.0)
(4, 14669.0)
(5, 14765.0)
(6, 14825.0)
(7, 14735.0)
(8, 14867.0)
(9, 14861.0)
(10, 14849.0)
(11, 14759.0)
(12, 14747.0)
(13, 14807.0)
(14, 14705.0)
(15, 14831.0)
(16, 14747.0)
(17, 14813.0)
(18, 14729.0)
(19, 14747.0)
(20, 14783.0)
(21, 14729.0)
(22, 14723.0)
(23, 14747.0)
(24, 14771.0)
(25, 14915.0)
(26, 14771.0)
(27, 14735.0)
(28, 14729.0)
(29, 14717.0)
(30, 14855.0)
(31, 14849.0)
(32, 14765.0)
(33, 14693.0)
(34, 14729.0)
(35, 14903.0)
(36, 14729.0)
(37, 14729.0)
(38, 14837.0)
(39, 14819.0)
(0, 14981.0)
(1, 14975.0)
(2, 14963.0)
(3, 14957.0)
(4, 14951.0)
(5, 14987.0)
(6, 14945.0)
(7, 14957.0)
(8, 14939.0)
(9, 14939.0)
(10, 14915.0)
(11, 14915.0)
(12, 14945.0)
(13, 14939.0)
(14, 14963.0)
(15, 14969.0)
(16, 14927.0)
(17, 14915.0)
(18, 15023.0)
(19, 14957.0)
(20, 14939.0)
(21, 14951.0)
(22, 14975.0)
(23, 14933.0)
(24, 14945.0)
(25, 14951.0)
(26, 14933.0)
(27, 14927.0)
(28, 14945.0)
(29, 14963.0)
(30, 14951.0)
(31, 14963.0)
(32, 14933.0)
(33, 14957.0)
(34, 14945.0)
(35, 14945.0)
(36, 14933.0)
(37, 14993.0)
(38, 14963.0)
(39, 14951.0)
Changed value of parameter MIPGap to 0.05
   Prev: 0.0001  Min: 0.0  Max: 1e+100  Default: 0.0001
Changed value of parameter TimeLimit to 1800.0
   Prev: 1e+100  Min: 0.0  Max: 1e+100  Default: 1e+100
Changed value of parameter Method to 2
   Prev: -1  Min: -1  Max: 4  Default: -1
Changed value of parameter MIPFocus to 1
   Prev: 0  Min: 0  Max: 3  Default: 0
Optimize a model with 3610 rows, 5265 columns and 10530 nonzeros
Variable types: 0 continuous, 5265 integer (5265 binary)
Coefficient statistics:
  Matrix range     [1e+00, 5e+00]
  Objective range  [1e+01, 8e+01]
  Bounds range     [1e+00, 1e+00]
  RHS range        [8e+01, 8e+01]
Found heuristic solution: objective 0
Presolve removed 3559 rows and 4642 columns
Presolve time: 0.01s
Presolved: 51 rows, 623 columns, 1158 nonzeros
Found heuristic solution: objective -29359.00000
Variable types: 0 continuous, 623 integer (502 binary)
Presolved: 51 rows, 623 columns, 1158 nonzeros

Root barrier log...

Ordering time: 0.00s

Barrier statistics:
 AA' NZ     : 5.170e+02
 Factor NZ  : 1.326e+03
 Factor Ops : 4.553e+04 (less than 1 second per iteration)
 Threads    : 1

                  Objective                Residual
Iter       Primal          Dual         Primal    Dual     Compl     Time
   0  -3.77622890e+04 -5.99163188e+04  1.14e+01 1.42e-14  6.19e+01     0s
   1  -2.80664467e+04 -4.30222733e+04  0.00e+00 1.04e+01  1.20e+01     0s
   2  -2.99688968e+04 -3.15547915e+04  0.00e+00 8.24e-01  1.23e+00     0s
   3  -3.04486381e+04 -3.08056898e+04  0.00e+00 1.40e-01  2.75e-01     0s
   4  -3.04429553e+04 -3.05895199e+04  0.00e+00 1.42e-14  1.13e-01     0s
   5  -3.05029118e+04 -3.05211377e+04  0.00e+00 1.42e-14  1.41e-02     0s
   6  -3.05030167e+04 -3.05058692e+04  0.00e+00 2.84e-14  2.20e-03     0s
   7  -3.05054993e+04 -3.05055093e+04  0.00e+00 2.84e-14  7.70e-06     0s
   8  -3.05055000e+04 -3.05055000e+04  0.00e+00 1.42e-14  4.86e-11     0s

Barrier solved model in 8 iterations and 0.01 seconds
Optimal objective -3.05055000e+04


Root relaxation: objective -3.050550e+04, 426 iterations, 0.00 seconds

    Nodes    |    Current Node    |     Objective Bounds      |     Work
 Expl Unexpl |  Obj  Depth IntInf | Incumbent    BestBd   Gap | It/Node Time

     0     0 -30505.500    0   19 -29359.000 -30505.500  3.91%     -    0s

Explored 0 nodes (537 simplex iterations) in 0.01 seconds
Thread count was 20 (of 20 available processors)

Solution count 2: -29359 -5719 
Pool objective bound -30505

Optimal solution found (tolerance 5.00e-02)
Best objective -2.935900000000e+04, best bound -3.050500000000e+04, gap 3.9034%
(0, 28237.0)
(1, 28281.0)
(2, 28259.0)
(3, 28292.0)
(4, 28116.0)
(5, 28138.0)
(6, 28193.0)
(7, 28061.0)
(8, 28182.0)
(9, 28138.0)
(10, 28006.0)
(11, 28182.0)
(12, 28160.0)
(13, 28171.0)
(14, 28061.0)
(15, 28204.0)
(16, 28204.0)
(17, 28050.0)
(18, 28325.0)
(19, 28347.0)
(20, 28270.0)
(21, 28182.0)
(22, 28094.0)
(23, 28094.0)
(24, 28248.0)
(25, 28105.0)
(26, 28160.0)
(27, 28270.0)
(28, 28138.0)
(29, 28138.0)
(30, 28303.0)
(31, 28149.0)
(32, 28116.0)
(33, 28314.0)
(34, 28248.0)
(35, 28281.0)
(36, 28116.0)
(37, 28138.0)
(38, 28501.0)
(39, 28138.0)
(0, 28490.0)
(1, 28523.0)
(2, 28479.0)
(3, 28468.0)
(4, 28501.0)
(5, 28490.0)
(6, 28512.0)
(7, 28534.0)
(8, 28534.0)
(9, 28512.0)
(10, 28457.0)
(11, 28501.0)
(12, 28534.0)
(13, 28468.0)
(14, 28479.0)
(15, 28512.0)
(16, 28457.0)
(17, 28468.0)
(18, 28512.0)
(19, 28523.0)
(20, 28435.0)
(21, 28501.0)
(22, 28468.0)
(23, 28512.0)
(24, 28556.0)
(25, 28457.0)
(26, 28501.0)
(27, 28479.0)
(28, 28468.0)
(29, 28567.0)
(30, 28501.0)
(31, 28479.0)
(32, 28512.0)
(33, 28556.0)
(34, 28457.0)
(35, 28479.0)
(36, 28545.0)
(37, 28512.0)
(38, 28490.0)
(39, 28523.0)
Changed value of parameter MIPGap to 0.05
   Prev: 0.0001  Min: 0.0  Max: 1e+100  Default: 0.0001
Changed value of parameter TimeLimit to 1800.0
   Prev: 1e+100  Min: 0.0  Max: 1e+100  Default: 1e+100
Changed value of parameter Method to 2
   Prev: -1  Min: -1  Max: 4  Default: -1
Changed value of parameter MIPFocus to 1
   Prev: 0  Min: 0  Max: 3  Default: 0
Optimize a model with 3610 rows, 5265 columns and 10530 nonzeros
Variable types: 0 continuous, 5265 integer (5265 binary)
Coefficient statistics:
  Matrix range     [1e+00, 5e+00]
  Objective range  [2e+01, 2e+02]
  Bounds range     [1e+00, 1e+00]
  RHS range        [8e+01, 8e+01]
Found heuristic solution: objective 0
Presolve removed 3559 rows and 4642 columns
Presolve time: 0.01s
Presolved: 51 rows, 623 columns, 1158 nonzeros
Found heuristic solution: objective -57239.00000
Variable types: 0 continuous, 623 integer (502 binary)
Presolved: 51 rows, 623 columns, 1158 nonzeros

Root barrier log...

Ordering time: 0.00s

Barrier statistics:
 AA' NZ     : 5.170e+02
 Factor NZ  : 1.326e+03
 Factor Ops : 4.553e+04 (less than 1 second per iteration)
 Threads    : 1

                  Objective                Residual
Iter       Primal          Dual         Primal    Dual     Compl     Time
   0  -7.32160178e+04 -1.18447515e+05  1.14e+01 2.84e-14  1.24e+02     0s
   1  -5.46246775e+04 -8.46486133e+04  0.00e+00 2.11e+01  2.41e+01     0s
   2  -5.83632716e+04 -6.15161022e+04  0.00e+00 1.66e+00  2.45e+00     0s
   3  -5.92682296e+04 -6.00622695e+04  0.00e+00 3.02e-01  6.13e-01     0s
   4  -5.94081151e+04 -5.94689228e+04  0.00e+00 5.68e-14  4.69e-02     0s
   5  -5.94393593e+04 -5.94423051e+04  0.00e+00 5.68e-14  2.27e-03     0s
   6  -5.94404994e+04 -5.94405003e+04  0.00e+00 5.68e-14  7.00e-07     0s
   7  -5.94405000e+04 -5.94405000e+04  8.38e-16 5.68e-14  7.01e-13     0s

Barrier solved model in 7 iterations and 0.01 seconds
Optimal objective -5.94405000e+04


Root relaxation: objective -5.944050e+04, 426 iterations, 0.00 seconds

    Nodes    |    Current Node    |     Objective Bounds      |     Work
 Expl Unexpl |  Obj  Depth IntInf | Incumbent    BestBd   Gap | It/Node Time

     0     0 -59440.500    0   17 -57239.000 -59440.500  3.85%     -    0s

Explored 0 nodes (561 simplex iterations) in 0.02 seconds
Thread count was 20 (of 20 available processors)

Solution count 2: -57239 -11109 
Pool objective bound -59437

Optimal solution found (tolerance 5.00e-02)
Best objective -5.723900000000e+04, best bound -5.943700000000e+04, gap 3.8400%
(0, 55265.0)
(1, 55013.0)
(2, 54866.0)
(3, 55076.0)
(4, 55223.0)
(5, 55244.0)
(6, 54992.0)
(7, 54887.0)
(8, 54866.0)
(9, 55223.0)
(10, 55076.0)
(11, 55013.0)
(12, 55307.0)
(13, 54929.0)
(14, 55139.0)
(15, 55097.0)
(16, 54656.0)
(17, 54824.0)
(18, 55139.0)
(19, 54845.0)
(20, 54761.0)
(21, 54740.0)
(22, 55118.0)
(23, 54908.0)
(24, 54866.0)
(25, 54593.0)
(26, 55076.0)
(27, 54929.0)
(28, 55223.0)
(29, 55055.0)
(30, 55076.0)
(31, 54824.0)
(32, 54992.0)
(33, 54761.0)
(34, 55160.0)
(35, 55202.0)
(36, 55097.0)
(37, 54824.0)
(38, 55538.0)
(39, 54866.0)
(0, 55685.0)
(1, 55559.0)
(2, 55643.0)
(3, 55664.0)
(4, 55685.0)
(5, 55643.0)
(6, 55517.0)
(7, 55727.0)
(8, 55580.0)
(9, 55517.0)
(10, 55727.0)
(11, 55538.0)
(12, 55517.0)
(13, 55601.0)
(14, 55559.0)
(15, 55622.0)
(16, 55496.0)
(17, 55559.0)
(18, 55643.0)
(19, 55601.0)
(20, 55685.0)
(21, 55601.0)
(22, 55622.0)
(23, 55517.0)
(24, 55559.0)
(25, 55580.0)
(26, 55538.0)
(27, 55580.0)
(28, 55538.0)
(29, 55622.0)
(30, 55580.0)
(31, 55580.0)
(32, 55685.0)
(33, 55685.0)
(34, 55601.0)
(35, 55559.0)
(36, 55559.0)
(37, 55580.0)
(38, 55559.0)
(39, 55685.0)
Changed value of parameter MIPGap to 0.05
   Prev: 0.0001  Min: 0.0  Max: 1e+100  Default: 0.0001
Changed value of parameter TimeLimit to 1800.0
   Prev: 1e+100  Min: 0.0  Max: 1e+100  Default: 1e+100
Changed value of parameter Method to 2
   Prev: -1  Min: -1  Max: 4  Default: -1
Changed value of parameter MIPFocus to 1
   Prev: 0  Min: 0  Max: 3  Default: 0
Optimize a model with 3610 rows, 5265 columns and 10530 nonzeros
Variable types: 0 continuous, 5265 integer (5265 binary)
Coefficient statistics:
  Matrix range     [1e+00, 5e+00]
  Objective range  [5e+01, 4e+02]
  Bounds range     [1e+00, 1e+00]
  RHS range        [8e+01, 8e+01]
Found heuristic solution: objective 0
Presolve removed 3559 rows and 4642 columns
Presolve time: 0.01s
Presolved: 51 rows, 623 columns, 1158 nonzeros
Found heuristic solution: objective -140879.0000
Variable types: 0 continuous, 623 integer (502 binary)
Presolved: 51 rows, 623 columns, 1158 nonzeros

Root barrier log...

Ordering time: 0.00s

Barrier statistics:
 AA' NZ     : 5.170e+02
 Factor NZ  : 1.326e+03
 Factor Ops : 4.553e+04 (less than 1 second per iteration)
 Threads    : 1

                  Objective                Residual
Iter       Primal          Dual         Primal    Dual     Compl     Time
   0  -1.79576698e+05 -2.94041103e+05  1.14e+01 5.68e-14  3.11e+02     0s
   1  -1.34303974e+05 -2.09529021e+05  0.00e+00 5.31e+01  6.03e+01     0s
   2  -1.43547701e+05 -1.51399272e+05  0.00e+00 4.15e+00  6.11e+00     0s
   3  -1.46004517e+05 -1.47659131e+05  0.00e+00 7.02e-01  1.28e+00     0s
   4  -1.46181246e+05 -1.46297758e+05  0.00e+00 1.14e-13  8.98e-02     0s
   5  -1.46243100e+05 -1.46248015e+05  0.00e+00 1.14e-13  3.79e-03     0s
   6  -1.46245500e+05 -1.46245500e+05  0.00e+00 1.71e-13  6.80e-07     0s
   7  -1.46245500e+05 -1.46245500e+05  2.77e-15 1.71e-13  6.85e-13     0s

Barrier solved model in 7 iterations and 0.01 seconds
Optimal objective -1.46245500e+05


Root relaxation: objective -1.462455e+05, 426 iterations, 0.00 seconds

    Nodes    |    Current Node    |     Objective Bounds      |     Work
 Expl Unexpl |  Obj  Depth IntInf | Incumbent    BestBd   Gap | It/Node Time

     0     0 -146245.50    0   17 -140879.00 -146245.50  3.81%     -    0s

Explored 0 nodes (593 simplex iterations) in 0.02 seconds
Thread count was 20 (of 20 available processors)

Solution count 2: -140879 -27279 
Pool objective bound -146245

Optimal solution found (tolerance 5.00e-02)
Best objective -1.408790000000e+05, best bound -1.462450000000e+05, gap 3.8089%
(0, 136136.0)
(1, 136034.0)
(2, 135014.0)
(3, 135218.0)
(4, 135065.0)
(5, 136034.0)
(6, 135167.0)
(7, 134606.0)
(8, 135065.0)
(9, 136136.0)
(10, 136136.0)
(11, 137054.0)
(12, 135422.0)
(13, 135881.0)
(14, 135830.0)
(15, 134912.0)
(16, 134810.0)
(17, 135065.0)
(18, 135269.0)
(19, 135218.0)
(20, 134606.0)
(21, 135116.0)
(22, 135779.0)
(23, 136238.0)
(24, 135422.0)
(25, 135677.0)
(26, 135932.0)
(27, 135728.0)
(28, 135932.0)
(29, 135320.0)
(30, 134912.0)
(31, 134963.0)
(32, 135932.0)
(33, 134912.0)
(34, 135728.0)
(35, 135065.0)
(36, 134759.0)
(37, 135218.0)
(38, 135983.0)
(39, 134912.0)
(0, 136901.0)
(1, 136850.0)
(2, 136748.0)
(3, 137054.0)
(4, 136850.0)
(5, 136850.0)
(6, 136748.0)
(7, 137003.0)
(8, 136697.0)
(9, 136595.0)
(10, 136799.0)
(11, 136748.0)
(12, 137105.0)
(13, 136799.0)
(14, 136697.0)
(15, 136697.0)
(16, 137003.0)
(17, 136850.0)
(18, 136544.0)
(19, 137003.0)
(20, 136697.0)
(21, 136697.0)
(22, 136646.0)
(23, 136901.0)
(24, 136850.0)
(25, 137003.0)
(26, 137003.0)
(27, 136646.0)
(28, 137156.0)
(29, 136799.0)
(30, 136952.0)
(31, 137156.0)
(32, 136850.0)
(33, 137207.0)
(34, 136952.0)
(35, 136901.0)
(36, 136901.0)
(37, 136850.0)
(38, 136952.0)
(39, 136697.0)
Changed value of parameter MIPGap to 0.05
   Prev: 0.0001  Min: 0.0  Max: 1e+100  Default: 0.0001
Changed value of parameter TimeLimit to 1800.0
   Prev: 1e+100  Min: 0.0  Max: 1e+100  Default: 1e+100
Changed value of parameter Method to 2
   Prev: -1  Min: -1  Max: 4  Default: -1
Changed value of parameter MIPFocus to 1
   Prev: 0  Min: 0  Max: 3  Default: 0
Optimize a model with 3610 rows, 5265 columns and 10530 nonzeros
Variable types: 0 continuous, 5265 integer (5265 binary)
Coefficient statistics:
  Matrix range     [1e+00, 5e+00]
  Objective range  [5e+02, 4e+03]
  Bounds range     [1e+00, 1e+00]
  RHS range        [8e+01, 8e+01]
Found heuristic solution: objective 0
Presolve removed 3559 rows and 4642 columns
Presolve time: 0.01s
Presolved: 51 rows, 623 columns, 1158 nonzeros
Found heuristic solution: objective -1395479.000
Variable types: 0 continuous, 623 integer (502 binary)
Presolved: 51 rows, 623 columns, 1158 nonzeros

Root barrier log...

Ordering time: 0.00s

Barrier statistics:
 AA' NZ     : 5.170e+02
 Factor NZ  : 1.326e+03
 Factor Ops : 4.553e+04 (less than 1 second per iteration)
 Threads    : 1

                  Objective                Residual
Iter       Primal          Dual         Primal    Dual     Compl     Time
   0  -1.77498509e+06 -2.92794493e+06  1.14e+01 4.55e-13  3.11e+03     0s
   1  -1.32950948e+06 -2.08274058e+06  0.00e+00 5.34e+02  6.04e+02     0s
   2  -1.42132226e+06 -1.49975878e+06  0.00e+00 4.16e+01  6.11e+01     0s
   3  -1.44655150e+06 -1.46155170e+06  0.00e+00 6.33e+00  1.16e+01     0s
   4  -1.44599783e+06 -1.45113245e+06  0.00e+00 9.09e-13  3.97e+00     0s
   5  -1.44825223e+06 -1.44879583e+06  0.00e+00 1.36e-12  4.19e-01     0s
   6  -1.44829937e+06 -1.44832425e+06  0.00e+00 9.09e-13  1.92e-02     0s
   7  -1.44832050e+06 -1.44832050e+06  0.00e+00 9.09e-13  3.53e-06     0s
   8  -1.44832050e+06 -1.44832050e+06  5.73e-15 9.09e-13  2.63e-11     0s

Barrier solved model in 8 iterations and 0.01 seconds
Optimal objective -1.44832050e+06


Root relaxation: objective -1.448321e+06, 425 iterations, 0.00 seconds

    Nodes    |    Current Node    |     Objective Bounds      |     Work
 Expl Unexpl |  Obj  Depth IntInf | Incumbent    BestBd   Gap | It/Node Time

     0     0 -1448320.5    0   19 -1395479.0 -1448320.5  3.79%     -    0s

Explored 0 nodes (552 simplex iterations) in 0.02 seconds
Thread count was 20 (of 20 available processors)

Solution count 2: -1.39548e+06 -269829 
Pool objective bound -1.44832e+06

Optimal solution found (tolerance 5.00e-02)
Best objective -1.395479000000e+06, best bound -1.448320000000e+06, gap 3.7866%
(0, 1344377.0)
(1, 1350389.0)
(2, 1344878.0)
(3, 1334357.0)
(4, 1343375.0)
(5, 1337864.0)
(6, 1350389.0)
(7, 1342874.0)
(8, 1333856.0)
(9, 1340870.0)
(10, 1338365.0)
(11, 1338866.0)
(12, 1343876.0)
(13, 1331351.0)
(14, 1339868.0)
(15, 1339868.0)
(16, 1343876.0)
(17, 1344377.0)
(18, 1343375.0)
(19, 1352393.0)
(20, 1346381.0)
(21, 1341872.0)
(22, 1341872.0)
(23, 1336862.0)
(24, 1341872.0)
(25, 1341872.0)
(26, 1336862.0)
(27, 1343375.0)
(28, 1334858.0)
(29, 1347884.0)
(30, 1337363.0)
(31, 1343375.0)
(32, 1340870.0)
(33, 1335860.0)
(34, 1346882.0)
(35, 1340369.0)
(36, 1341371.0)
(37, 1336361.0)
(38, 1339868.0)
(39, 1341872.0)
(0, 1357403.0)
(1, 1353395.0)
(2, 1353896.0)
(3, 1356401.0)
(4, 1354898.0)
(5, 1357904.0)
(6, 1354898.0)
(7, 1352393.0)
(8, 1354397.0)
(9, 1355399.0)
(10, 1354898.0)
(11, 1356401.0)
(12, 1356401.0)
(13, 1356401.0)
(14, 1357904.0)
(15, 1355900.0)
(16, 1357904.0)
(17, 1356902.0)
(18, 1356401.0)
(19, 1353896.0)
(20, 1356401.0)
(21, 1357904.0)
(22, 1355399.0)
(23, 1356902.0)
(24, 1356401.0)
(25, 1356902.0)
(26, 1354898.0)
(27, 1354397.0)
(28, 1355399.0)
(29, 1356902.0)
(30, 1358405.0)
(31, 1356401.0)
(32, 1354898.0)
(33, 1357904.0)
(34, 1352894.0)
(35, 1359407.0)
(36, 1356401.0)
(37, 1355900.0)
(38, 1357904.0)
(39, 1354397.0)
