Changed value of parameter MIPGap to 0.05
   Prev: 0.0001  Min: 0.0  Max: 1e+100  Default: 0.0001
Changed value of parameter TimeLimit to 1800.0
   Prev: 1e+100  Min: 0.0  Max: 1e+100  Default: 1e+100
Changed value of parameter Method to 2
   Prev: -1  Min: -1  Max: 4  Default: -1
Changed value of parameter MIPFocus to 1
   Prev: 0  Min: 0  Max: 3  Default: 0
Optimize a model with 4178 rows, 6117 columns and 12234 nonzeros
Variable types: 0 continuous, 6117 integer (6117 binary)
Coefficient statistics:
  Matrix range     [1e+00, 5e+00]
  Objective range  [1e+00, 1e+00]
  Bounds range     [1e+00, 1e+00]
  RHS range        [8e+01, 8e+01]
Found heuristic solution: objective 0
Presolve removed 4107 rows and 4883 columns
Presolve time: 0.01s
Presolved: 71 rows, 1234 columns, 2356 nonzeros
Found heuristic solution: objective -1597.000000
Variable types: 0 continuous, 1234 integer (1018 binary)
Presolved: 71 rows, 1234 columns, 2356 nonzeros

Root barrier log...

Ordering time: 0.00s

Barrier statistics:
 AA' NZ     : 1.095e+03
 Factor NZ  : 2.510e+03 (roughly 1 MByte of memory)
 Factor Ops : 1.174e+05 (less than 1 second per iteration)
 Threads    : 1

                  Objective                Residual
Iter       Primal          Dual         Primal    Dual     Compl     Time
   0  -3.74767065e+03 -3.26161878e+03  2.08e+01 4.44e-16  2.06e+00     0s
   1  -1.89239776e+03 -2.51698035e+03  2.24e+00 2.93e-01  4.61e-01     0s
   2  -1.73734757e+03 -1.89549959e+03  9.70e-02 3.00e-02  6.93e-02     0s
   3  -1.76778621e+03 -1.79275141e+03  1.03e-02 7.30e-04  1.06e-02     0s
   4  -1.77509747e+03 -1.78234235e+03  1.26e-03 6.44e-04  2.95e-03     0s
   5  -1.77677481e+03 -1.77796573e+03  1.15e-04 8.88e-16  4.80e-04     0s
   6  -1.77709214e+03 -1.77720440e+03  0.00e+00 1.78e-15  4.43e-05     0s
   7  -1.77709999e+03 -1.77710001e+03  0.00e+00 8.88e-16  8.49e-09     0s
   8  -1.77710000e+03 -1.77710000e+03  7.91e-16 1.78e-15  8.56e-15     0s

Barrier solved model in 8 iterations and 0.02 seconds
Optimal objective -1.77710000e+03


Root relaxation: objective -1.777100e+03, 278 iterations, 0.02 seconds

    Nodes    |    Current Node    |     Objective Bounds      |     Work
 Expl Unexpl |  Obj  Depth IntInf | Incumbent    BestBd   Gap | It/Node Time

     0     0 -1777.1000    0   14 -1597.0000 -1777.1000  11.3%     -    0s
H    0     0                    -1770.000000 -1777.1000  0.40%     -    0s

Explored 0 nodes (481 simplex iterations) in 0.04 seconds
Thread count was 20 (of 20 available processors)

Solution count 3: -1770 -1597 -145 
Pool objective bound -1777

Optimal solution found (tolerance 5.00e-02)
Best objective -1.770000000000e+03, best bound -1.777000000000e+03, gap 0.3955%
Changed value of parameter MIPGap to 0.05
   Prev: 0.0001  Min: 0.0  Max: 1e+100  Default: 0.0001
Changed value of parameter TimeLimit to 1800.0
   Prev: 1e+100  Min: 0.0  Max: 1e+100  Default: 1e+100
Changed value of parameter Method to 2
   Prev: -1  Min: -1  Max: 4  Default: -1
Changed value of parameter MIPFocus to 1
   Prev: 0  Min: 0  Max: 3  Default: 0
Optimize a model with 4178 rows, 6117 columns and 12234 nonzeros
Variable types: 0 continuous, 6117 integer (6117 binary)
Coefficient statistics:
  Matrix range     [1e+00, 5e+00]
  Objective range  [1e+00, 1e+00]
  Bounds range     [1e+00, 1e+00]
  RHS range        [8e+01, 8e+01]
Found heuristic solution: objective 0
Presolve removed 4107 rows and 4194 columns
Presolve time: 0.01s
Presolved: 71 rows, 1923 columns, 3176 nonzeros
Found heuristic solution: objective -1626.183368
Variable types: 0 continuous, 1923 integer (1900 binary)
Presolved: 71 rows, 1923 columns, 3176 nonzeros

Root barrier log...

Ordering time: 0.00s

Barrier statistics:
 AA' NZ     : 1.095e+03
 Factor NZ  : 2.510e+03 (roughly 1 MByte of memory)
 Factor Ops : 1.174e+05 (less than 1 second per iteration)
 Threads    : 1

                  Objective                Residual
Iter       Primal          Dual         Primal    Dual     Compl     Time
   0  -4.54820619e+03 -3.32033771e+03  2.50e+01 8.88e-16  1.55e+00     0s
   1  -2.04005988e+03 -2.63305209e+03  3.20e+00 2.58e-01  3.58e-01     0s
   2  -1.74357052e+03 -1.91854813e+03  1.51e-01 2.54e-02  5.24e-02     0s
   3  -1.76762063e+03 -1.79946743e+03  2.35e-02 1.53e-03  9.26e-03     0s
   4  -1.77504713e+03 -1.78336704e+03  5.65e-03 1.37e-04  2.40e-03     0s
   5  -1.77739877e+03 -1.77899021e+03  7.91e-04 8.88e-16  4.46e-04     0s
   6  -1.77789952e+03 -1.77829084e+03  0.00e+00 1.78e-15  1.00e-04     0s
   7  -1.77790558e+03 -1.77807760e+03  0.00e+00 1.78e-15  4.39e-05     0s
   8  -1.77791199e+03 -1.77798044e+03  0.00e+00 1.78e-15  1.75e-05     0s
   9  -1.77791879e+03 -1.77795082e+03  0.00e+00 1.78e-15  8.18e-06     0s
  10  -1.77792160e+03 -1.77793545e+03  0.00e+00 1.78e-15  3.54e-06     0s
  11  -1.77792381e+03 -1.77792934e+03  0.00e+00 1.78e-15  1.41e-06     0s
  12  -1.77792519e+03 -1.77792649e+03  0.00e+00 1.78e-15  3.33e-07     0s
  13  -1.77792534e+03 -1.77792549e+03  0.00e+00 1.78e-15  3.71e-08     0s
  14  -1.77792537e+03 -1.77792538e+03  0.00e+00 1.78e-15  8.26e-10     0s

Barrier solved model in 14 iterations and 0.02 seconds
Optimal objective -1.77792537e+03


Root relaxation: objective -1.777925e+03, 215 iterations, 0.01 seconds

    Nodes    |    Current Node    |     Objective Bounds      |     Work
 Expl Unexpl |  Obj  Depth IntInf | Incumbent    BestBd   Gap | It/Node Time

     0     0 -1777.9254    0   22 -1626.1834 -1777.9254  9.33%     -    0s
H    0     0                    -1770.808604 -1777.9254  0.40%     -    0s

Explored 0 nodes (216 simplex iterations) in 0.03 seconds
Thread count was 20 (of 20 available processors)

Solution count 3: -1770.81 -1626.18 -92.0594 
Pool objective bound -1777.93

Optimal solution found (tolerance 5.00e-02)
Best objective -1.770808604000e+03, best bound -1.777925374200e+03, gap 0.4019%
Changed value of parameter MIPGap to 0.05
   Prev: 0.0001  Min: 0.0  Max: 1e+100  Default: 0.0001
Changed value of parameter TimeLimit to 1800.0
   Prev: 1e+100  Min: 0.0  Max: 1e+100  Default: 1e+100
Changed value of parameter Method to 2
   Prev: -1  Min: -1  Max: 4  Default: -1
Changed value of parameter MIPFocus to 1
   Prev: 0  Min: 0  Max: 3  Default: 0
Optimize a model with 4178 rows, 6117 columns and 12234 nonzeros
Variable types: 0 continuous, 6117 integer (6117 binary)
Coefficient statistics:
  Matrix range     [1e+00, 5e+00]
  Objective range  [1e+00, 1e+00]
  Bounds range     [1e+00, 1e+00]
  RHS range        [8e+01, 8e+01]
Found heuristic solution: objective 0
Presolve removed 4107 rows and 4194 columns
Presolve time: 0.01s
Presolved: 71 rows, 1923 columns, 3176 nonzeros
Found heuristic solution: objective -1627.366736
Variable types: 0 continuous, 1923 integer (1900 binary)
Presolved: 71 rows, 1923 columns, 3176 nonzeros

Root barrier log...

Ordering time: 0.00s

Barrier statistics:
 AA' NZ     : 1.095e+03
 Factor NZ  : 2.510e+03 (roughly 1 MByte of memory)
 Factor Ops : 1.174e+05 (less than 1 second per iteration)
 Threads    : 1

                  Objective                Residual
Iter       Primal          Dual         Primal    Dual     Compl     Time
   0  -4.55056310e+03 -3.32273986e+03  2.50e+01 8.88e-16  1.55e+00     0s
   1  -2.04060552e+03 -2.63481124e+03  3.20e+00 2.58e-01  3.59e-01     0s
   2  -1.74420765e+03 -1.91888186e+03  1.49e-01 2.53e-02  5.22e-02     0s
   3  -1.76837906e+03 -1.80044719e+03  2.34e-02 1.54e-03  9.31e-03     0s
   4  -1.77576941e+03 -1.78431142e+03  5.75e-03 1.39e-04  2.46e-03     0s
   5  -1.77814879e+03 -1.77986411e+03  8.90e-04 8.88e-16  4.82e-04     0s
   6  -1.77868683e+03 -1.77930218e+03  3.47e-05 8.88e-16  1.59e-04     0s
   7  -1.77870759e+03 -1.77895479e+03  1.64e-05 1.78e-15  6.41e-05     0s
   8  -1.77872388e+03 -1.77883542e+03  8.13e-06 1.78e-15  2.90e-05     0s
   9  -1.77873515e+03 -1.77879022e+03  4.12e-06 8.88e-16  1.43e-05     0s
  10  -1.77874482e+03 -1.77876764e+03  1.09e-06 1.78e-15  5.90e-06     0s
  11  -1.77874731e+03 -1.77875848e+03  5.49e-07 1.78e-15  2.89e-06     0s
  12  -1.77875057e+03 -1.77875157e+03  0.00e+00 1.78e-15  2.57e-07     0s
  13  -1.77875071e+03 -1.77875089e+03  0.00e+00 1.78e-15  4.62e-08     0s
  14  -1.77875075e+03 -1.77875075e+03  0.00e+00 1.78e-15  4.20e-10     0s

Barrier solved model in 14 iterations and 0.02 seconds
Optimal objective -1.77875075e+03


Root relaxation: objective -1.778751e+03, 70 iterations, 0.01 seconds

    Nodes    |    Current Node    |     Objective Bounds      |     Work
 Expl Unexpl |  Obj  Depth IntInf | Incumbent    BestBd   Gap | It/Node Time

     0     0 -1778.7507    0   22 -1627.3667 -1778.7507  9.30%     -    0s
H    0     0                    -1771.617208 -1778.7507  0.40%     -    0s

Explored 0 nodes (71 simplex iterations) in 0.03 seconds
Thread count was 20 (of 20 available processors)

Solution count 3: -1771.62 -1627.37 -92.1188 
Pool objective bound -1778.75

Optimal solution found (tolerance 5.00e-02)
Best objective -1.771617208000e+03, best bound -1.778750748400e+03, gap 0.4027%
Changed value of parameter MIPGap to 0.05
   Prev: 0.0001  Min: 0.0  Max: 1e+100  Default: 0.0001
Changed value of parameter TimeLimit to 1800.0
   Prev: 1e+100  Min: 0.0  Max: 1e+100  Default: 1e+100
Changed value of parameter Method to 2
   Prev: -1  Min: -1  Max: 4  Default: -1
Changed value of parameter MIPFocus to 1
   Prev: 0  Min: 0  Max: 3  Default: 0
Optimize a model with 4178 rows, 6117 columns and 12234 nonzeros
Variable types: 0 continuous, 6117 integer (6117 binary)
Coefficient statistics:
  Matrix range     [1e+00, 5e+00]
  Objective range  [1e+00, 1e+00]
  Bounds range     [1e+00, 1e+00]
  RHS range        [8e+01, 8e+01]
Found heuristic solution: objective 0
Presolve removed 4107 rows and 4194 columns
Presolve time: 0.01s
Presolved: 71 rows, 1923 columns, 3176 nonzeros
Found heuristic solution: objective -1629.733472
Variable types: 0 continuous, 1923 integer (1900 binary)
Presolved: 71 rows, 1923 columns, 3176 nonzeros

Root barrier log...

Ordering time: 0.00s

Barrier statistics:
 AA' NZ     : 1.095e+03
 Factor NZ  : 2.510e+03 (roughly 1 MByte of memory)
 Factor Ops : 1.174e+05 (less than 1 second per iteration)
 Threads    : 1

                  Objective                Residual
Iter       Primal          Dual         Primal    Dual     Compl     Time
   0  -4.55527691e+03 -3.32754415e+03  2.50e+01 8.88e-16  1.55e+00     0s
   1  -2.04169983e+03 -2.63833098e+03  3.19e+00 2.58e-01  3.59e-01     0s
   2  -1.74548777e+03 -1.91952797e+03  1.45e-01 2.49e-02  5.19e-02     0s
   3  -1.76989683e+03 -1.80240226e+03  2.30e-02 1.58e-03  9.41e-03     0s
   4  -1.77736177e+03 -1.78619470e+03  5.48e-03 2.66e-15  2.52e-03     0s
   5  -1.77979621e+03 -1.78162752e+03  7.82e-04 1.78e-15  5.07e-04     0s
   6  -1.78006534e+03 -1.78119660e+03  4.06e-04 8.88e-16  3.09e-04     0s
   7  -1.78014989e+03 -1.78065778e+03  2.87e-04 1.78e-15  1.44e-04     0s
   8  -1.78025775e+03 -1.78053400e+03  1.52e-04 8.88e-16  7.83e-05     0s
   9  -1.78031979e+03 -1.78047575e+03  8.35e-05 1.78e-15  4.41e-05     0s
  10  -1.78035142e+03 -1.78043500e+03  4.88e-05 8.88e-16  2.38e-05     0s
  11  -1.78037908e+03 -1.78041697e+03  2.11e-05 8.88e-16  1.08e-05     0s
  12  -1.78039530e+03 -1.78040851e+03  4.92e-06 1.78e-15  3.63e-06     0s
  13  -1.78040083e+03 -1.78040275e+03  4.71e-07 1.78e-15  5.16e-07     0s
  14  -1.78040148e+03 -1.78040153e+03  4.76e-09 1.78e-15  1.39e-08     0s
  15  -1.78040150e+03 -1.78040150e+03  1.02e-11 1.78e-15  2.55e-11     0s

Barrier solved model in 15 iterations and 0.02 seconds
Optimal objective -1.78040150e+03


Root relaxation: objective -1.780401e+03, 26 iterations, 0.01 seconds

    Nodes    |    Current Node    |     Objective Bounds      |     Work
 Expl Unexpl |  Obj  Depth IntInf | Incumbent    BestBd   Gap | It/Node Time

     0     0 -1780.4015    0   22 -1629.7335 -1780.4015  9.24%     -    0s
H    0     0                    -1773.234416 -1780.4015  0.40%     -    0s

Explored 0 nodes (26 simplex iterations) in 0.03 seconds
Thread count was 20 (of 20 available processors)

Solution count 3: -1773.23 -1629.73 -92.2377 
Pool objective bound -1780.4

Optimal solution found (tolerance 5.00e-02)
Best objective -1.773234416000e+03, best bound -1.780401496800e+03, gap 0.4042%
Changed value of parameter MIPGap to 0.05
   Prev: 0.0001  Min: 0.0  Max: 1e+100  Default: 0.0001
Changed value of parameter TimeLimit to 1800.0
   Prev: 1e+100  Min: 0.0  Max: 1e+100  Default: 1e+100
Changed value of parameter Method to 2
   Prev: -1  Min: -1  Max: 4  Default: -1
Changed value of parameter MIPFocus to 1
   Prev: 0  Min: 0  Max: 3  Default: 0
Optimize a model with 4178 rows, 6117 columns and 12234 nonzeros
Variable types: 0 continuous, 6117 integer (6117 binary)
Coefficient statistics:
  Matrix range     [1e+00, 5e+00]
  Objective range  [1e+00, 1e+00]
  Bounds range     [1e+00, 1e+00]
  RHS range        [8e+01, 8e+01]
Found heuristic solution: objective 0
Presolve removed 4107 rows and 4194 columns
Presolve time: 0.01s
Presolved: 71 rows, 1923 columns, 3176 nonzeros
Found heuristic solution: objective -1634.466944
Variable types: 0 continuous, 1923 integer (1900 binary)
Presolved: 71 rows, 1923 columns, 3176 nonzeros

Root barrier log...

Ordering time: 0.00s

Barrier statistics:
 AA' NZ     : 1.095e+03
 Factor NZ  : 2.510e+03 (roughly 1 MByte of memory)
 Factor Ops : 1.174e+05 (less than 1 second per iteration)
 Threads    : 1

                  Objective                Residual
Iter       Primal          Dual         Primal    Dual     Compl     Time
   0  -4.56470449e+03 -3.33715274e+03  2.50e+01 8.88e-16  1.56e+00     0s
   1  -2.04390062e+03 -2.64537617e+03  3.17e+00 2.59e-01  3.60e-01     0s
   2  -1.74807321e+03 -1.92073568e+03  1.37e-01 2.41e-02  5.11e-02     0s
   3  -1.77293666e+03 -1.80629872e+03  2.24e-02 1.63e-03  9.60e-03     0s
   4  -1.78124575e+03 -1.79013309e+03  3.06e-03 1.69e-04  2.42e-03     0s
   5  -1.78321407e+03 -1.78625360e+03  3.59e-04 5.47e-05  7.96e-04     0s
   6  -1.78342306e+03 -1.78466207e+03  1.42e-04 1.78e-15  3.25e-04     0s
   7  -1.78355922e+03 -1.78414859e+03  5.60e-05 1.78e-15  1.54e-04     0s
   8  -1.78361349e+03 -1.78390996e+03  3.06e-05 1.78e-15  7.76e-05     0s
   9  -1.78365932e+03 -1.78379706e+03  1.28e-05 8.88e-16  3.60e-05     0s
  10  -1.78368613e+03 -1.78372916e+03  4.31e-06 1.78e-15  1.13e-05     0s
  11  -1.78369897e+03 -1.78371029e+03  7.58e-07 1.78e-15  2.95e-06     0s
  12  -1.78370290e+03 -1.78370312e+03  6.15e-09 1.78e-15  5.64e-08     0s
  13  -1.78370299e+03 -1.78370300e+03  0.00e+00 1.78e-15  8.00e-10     0s

Barrier solved model in 13 iterations and 0.02 seconds
Optimal objective -1.78370299e+03


Root relaxation: objective -1.783703e+03, 58 iterations, 0.01 seconds

    Nodes    |    Current Node    |     Objective Bounds      |     Work
 Expl Unexpl |  Obj  Depth IntInf | Incumbent    BestBd   Gap | It/Node Time

     0     0 -1783.7030    0   22 -1634.4669 -1783.7030  9.13%     -    0s
H    0     0                    -1776.468832 -1783.7030  0.41%     -    0s

Explored 0 nodes (61 simplex iterations) in 0.03 seconds
Thread count was 20 (of 20 available processors)

Solution count 3: -1776.47 -1634.47 -92.4754 
Pool objective bound -1783.7

Optimal solution found (tolerance 5.00e-02)
Best objective -1.776468832000e+03, best bound -1.783702993600e+03, gap 0.4072%
Changed value of parameter MIPGap to 0.05
   Prev: 0.0001  Min: 0.0  Max: 1e+100  Default: 0.0001
Changed value of parameter TimeLimit to 1800.0
   Prev: 1e+100  Min: 0.0  Max: 1e+100  Default: 1e+100
Changed value of parameter Method to 2
   Prev: -1  Min: -1  Max: 4  Default: -1
Changed value of parameter MIPFocus to 1
   Prev: 0  Min: 0  Max: 3  Default: 0
Optimize a model with 4178 rows, 6117 columns and 12234 nonzeros
Variable types: 0 continuous, 6117 integer (6117 binary)
Coefficient statistics:
  Matrix range     [1e+00, 5e+00]
  Objective range  [1e+00, 1e+00]
  Bounds range     [1e+00, 1e+00]
  RHS range        [8e+01, 8e+01]
Found heuristic solution: objective 0
Presolve removed 4107 rows and 4194 columns
Presolve time: 0.01s
Presolved: 71 rows, 1923 columns, 3176 nonzeros
Found heuristic solution: objective -1636.833680
Variable types: 0 continuous, 1923 integer (1900 binary)
Presolved: 71 rows, 1923 columns, 3176 nonzeros

Root barrier log...

Ordering time: 0.00s

Barrier statistics:
 AA' NZ     : 1.095e+03
 Factor NZ  : 2.510e+03 (roughly 1 MByte of memory)
 Factor Ops : 1.174e+05 (less than 1 second per iteration)
 Threads    : 1

                  Objective                Residual
Iter       Primal          Dual         Primal    Dual     Compl     Time
   0  -4.56941826e+03 -3.34195704e+03  2.50e+01 8.88e-16  1.56e+00     0s
   1  -2.04500707e+03 -2.64890160e+03  3.17e+00 2.59e-01  3.60e-01     0s
   2  -1.74834756e+03 -1.91526635e+03  1.23e-01 2.64e-02  4.89e-02     0s
   3  -1.77441025e+03 -1.80690473e+03  2.08e-02 1.73e-03  9.31e-03     0s
   4  -1.78285060e+03 -1.79167629e+03  2.90e-03 1.78e-15  2.40e-03     0s
   5  -1.78480074e+03 -1.78839787e+03  3.92e-04 1.78e-15  9.40e-04     0s
   6  -1.78507829e+03 -1.78621578e+03  1.38e-04 8.88e-16  2.98e-04     0s
   7  -1.78522474e+03 -1.78577888e+03  4.89e-05 8.88e-16  1.44e-04     0s
   8  -1.78527665e+03 -1.78552754e+03  2.56e-05 8.88e-16  6.56e-05     0s
   9  -1.78532948e+03 -1.78542694e+03  6.33e-06 8.88e-16  2.53e-05     0s
  10  -1.78535122e+03 -1.78536801e+03  0.00e+00 8.88e-16  4.30e-06     0s
  11  -1.78535347e+03 -1.78535544e+03  0.00e+00 1.78e-15  5.05e-07     0s
  12  -1.78535373e+03 -1.78535376e+03  0.00e+00 1.78e-15  9.67e-09     0s
  13  -1.78535374e+03 -1.78535374e+03  0.00e+00 1.78e-15  1.02e-12     0s

Barrier solved model in 13 iterations and 0.02 seconds
Optimal objective -1.78535374e+03


Root relaxation: objective -1.785354e+03, 34 iterations, 0.01 seconds

    Nodes    |    Current Node    |     Objective Bounds      |     Work
 Expl Unexpl |  Obj  Depth IntInf | Incumbent    BestBd   Gap | It/Node Time

     0     0 -1785.3537    0   22 -1636.8337 -1785.3537  9.07%     -    0s
H    0     0                    -1778.086040 -1785.3537  0.41%     -    0s

Explored 0 nodes (34 simplex iterations) in 0.03 seconds
Thread count was 20 (of 20 available processors)

Solution count 3: -1778.09 -1636.83 -92.5942 
Pool objective bound -1785.35

Optimal solution found (tolerance 5.00e-02)
Best objective -1.778086040000e+03, best bound -1.785353742000e+03, gap 0.4087%
Changed value of parameter MIPGap to 0.05
   Prev: 0.0001  Min: 0.0  Max: 1e+100  Default: 0.0001
Changed value of parameter TimeLimit to 1800.0
   Prev: 1e+100  Min: 0.0  Max: 1e+100  Default: 1e+100
Changed value of parameter Method to 2
   Prev: -1  Min: -1  Max: 4  Default: -1
Changed value of parameter MIPFocus to 1
   Prev: 0  Min: 0  Max: 3  Default: 0
Optimize a model with 4178 rows, 6117 columns and 12234 nonzeros
Variable types: 0 continuous, 6117 integer (6117 binary)
Coefficient statistics:
  Matrix range     [1e+00, 5e+00]
  Objective range  [1e+00, 1e+00]
  Bounds range     [1e+00, 1e+00]
  RHS range        [8e+01, 8e+01]
Found heuristic solution: objective 0
Presolve removed 4107 rows and 4194 columns
Presolve time: 0.01s
Presolved: 71 rows, 1923 columns, 3176 nonzeros
Found heuristic solution: objective -1648.667360
Variable types: 0 continuous, 1923 integer (1900 binary)
Presolved: 71 rows, 1923 columns, 3176 nonzeros

Root barrier log...

Ordering time: 0.00s

Barrier statistics:
 AA' NZ     : 1.095e+03
 Factor NZ  : 2.510e+03 (roughly 1 MByte of memory)
 Factor Ops : 1.174e+05 (less than 1 second per iteration)
 Threads    : 1

                  Objective                Residual
Iter       Primal          Dual         Primal    Dual     Compl     Time
   0  -4.59298690e+03 -3.36597851e+03  2.50e+01 8.88e-16  1.57e+00     0s
   1  -2.05059962e+03 -2.66655678e+03  3.13e+00 2.61e-01  3.62e-01     0s
   2  -1.75498017e+03 -1.91818324e+03  1.04e-01 2.44e-02  4.71e-02     0s
   3  -1.78173632e+03 -1.81645332e+03  1.88e-02 1.85e-03  9.79e-03     0s
   4  -1.79006672e+03 -1.80046004e+03  3.41e-03 8.88e-16  2.82e-03     0s
   5  -1.79178828e+03 -1.79639875e+03  1.62e-03 8.88e-16  1.26e-03     0s
   6  -1.79261339e+03 -1.79475448e+03  8.06e-04 1.78e-15  5.88e-04     0s
   7  -1.79315046e+03 -1.79408706e+03  3.42e-04 8.88e-16  2.57e-04     0s
   8  -1.79337309e+03 -1.79380642e+03  1.63e-04 1.78e-15  1.19e-04     0s
   9  -1.79348471e+03 -1.79371719e+03  8.23e-05 1.78e-15  6.37e-05     0s
  10  -1.79358039e+03 -1.79364634e+03  1.44e-05 1.78e-15  1.76e-05     0s
  11  -1.79360468e+03 -1.79361115e+03  1.30e-06 1.78e-15  1.73e-06     0s
  12  -1.79360730e+03 -1.79360775e+03  6.69e-09 1.78e-15  1.15e-07     0s
  13  -1.79360748e+03 -1.79360748e+03  3.95e-11 1.78e-15  4.66e-10     0s

Barrier solved model in 13 iterations and 0.02 seconds
Optimal objective -1.79360748e+03


Root relaxation: objective -1.793607e+03, 48 iterations, 0.01 seconds

    Nodes    |    Current Node    |     Objective Bounds      |     Work
 Expl Unexpl |  Obj  Depth IntInf | Incumbent    BestBd   Gap | It/Node Time

     0     0 -1793.6075    0   22 -1648.6674 -1793.6075  8.79%     -    0s
H    0     0                    -1786.172080 -1793.6075  0.42%     -    0s

Explored 0 nodes (48 simplex iterations) in 0.03 seconds
Thread count was 20 (of 20 available processors)

Solution count 3: -1786.17 -1648.67 -93.1884 
Pool objective bound -1793.61

Optimal solution found (tolerance 5.00e-02)
Best objective -1.786172080000e+03, best bound -1.793607484000e+03, gap 0.4163%
Changed value of parameter MIPGap to 0.05
   Prev: 0.0001  Min: 0.0  Max: 1e+100  Default: 0.0001
Changed value of parameter TimeLimit to 1800.0
   Prev: 1e+100  Min: 0.0  Max: 1e+100  Default: 1e+100
Changed value of parameter Method to 2
   Prev: -1  Min: -1  Max: 4  Default: -1
Changed value of parameter MIPFocus to 1
   Prev: 0  Min: 0  Max: 3  Default: 0
Optimize a model with 4178 rows, 6117 columns and 12234 nonzeros
Variable types: 0 continuous, 6117 integer (6117 binary)
Coefficient statistics:
  Matrix range     [1e+00, 5e+00]
  Objective range  [1e+00, 1e+00]
  Bounds range     [1e+00, 1e+00]
  RHS range        [8e+01, 8e+01]
Found heuristic solution: objective 0
Presolve removed 4107 rows and 4194 columns
Presolve time: 0.01s
Presolved: 71 rows, 1923 columns, 3176 nonzeros
Found heuristic solution: objective -1672.334720
Variable types: 0 continuous, 1923 integer (1900 binary)
Presolved: 71 rows, 1923 columns, 3176 nonzeros

Root barrier log...

Ordering time: 0.00s

Barrier statistics:
 AA' NZ     : 1.095e+03
 Factor NZ  : 2.510e+03 (roughly 1 MByte of memory)
 Factor Ops : 1.174e+05 (less than 1 second per iteration)
 Threads    : 1

                  Objective                Residual
Iter       Primal          Dual         Primal    Dual     Compl     Time
   0  -4.64012319e+03 -3.41402146e+03  2.50e+01 8.88e-16  1.60e+00     0s
   1  -2.06208264e+03 -2.70200375e+03  3.05e+00 2.64e-01  3.66e-01     0s
   2  -1.76899525e+03 -1.92316385e+03  7.26e-02 2.02e-02  4.33e-02     0s
   3  -1.79841748e+03 -1.83692208e+03  1.24e-02 2.02e-03  1.05e-02     0s
   4  -1.80653485e+03 -1.81829918e+03  2.22e-03 1.78e-15  3.12e-03     0s
   5  -1.80882963e+03 -1.81299761e+03  5.40e-04 1.78e-15  1.10e-03     0s
   6  -1.80958494e+03 -1.81108569e+03  1.79e-04 1.78e-15  3.94e-04     0s
   7  -1.80983634e+03 -1.81054296e+03  8.62e-05 1.78e-15  1.86e-04     0s
   8  -1.80998646e+03 -1.81024413e+03  3.70e-05 1.78e-15  6.80e-05     0s
   9  -1.81007673e+03 -1.81016342e+03  9.29e-06 8.88e-16  2.27e-05     0s
  10  -1.81011379e+03 -1.81012086e+03  1.26e-07 1.78e-15  1.82e-06     0s
  11  -1.81011494e+03 -1.81011509e+03  0.00e+00 1.78e-15  3.93e-08     0s
  12  -1.81011497e+03 -1.81011497e+03  0.00e+00 1.78e-15  3.93e-11     0s

Barrier solved model in 12 iterations and 0.02 seconds
Optimal objective -1.81011497e+03


Root relaxation: objective -1.810115e+03, 36 iterations, 0.01 seconds

    Nodes    |    Current Node    |     Objective Bounds      |     Work
 Expl Unexpl |  Obj  Depth IntInf | Incumbent    BestBd   Gap | It/Node Time

     0     0 -1810.1150    0   22 -1672.3347 -1810.1150  8.24%     -    0s
H    0     0                    -1802.344160 -1810.1150  0.43%     -    0s

Explored 0 nodes (36 simplex iterations) in 0.03 seconds
Thread count was 20 (of 20 available processors)

Solution count 3: -1802.34 -1672.33 -94.3768 
Pool objective bound -1810.11

Optimal solution found (tolerance 5.00e-02)
Best objective -1.802344160000e+03, best bound -1.810114968000e+03, gap 0.4312%
Changed value of parameter MIPGap to 0.05
   Prev: 0.0001  Min: 0.0  Max: 1e+100  Default: 0.0001
Changed value of parameter TimeLimit to 1800.0
   Prev: 1e+100  Min: 0.0  Max: 1e+100  Default: 1e+100
Changed value of parameter Method to 2
   Prev: -1  Min: -1  Max: 4  Default: -1
Changed value of parameter MIPFocus to 1
   Prev: 0  Min: 0  Max: 3  Default: 0
Optimize a model with 4178 rows, 6117 columns and 12234 nonzeros
Variable types: 0 continuous, 6117 integer (6117 binary)
Coefficient statistics:
  Matrix range     [1e+00, 5e+00]
  Objective range  [1e+00, 1e+00]
  Bounds range     [1e+00, 1e+00]
  RHS range        [8e+01, 8e+01]
Found heuristic solution: objective 0
Presolve removed 4107 rows and 4194 columns
Presolve time: 0.01s
Presolved: 71 rows, 1923 columns, 3176 nonzeros
Found heuristic solution: objective -1719.669440
Variable types: 0 continuous, 1923 integer (1900 binary)
Presolved: 71 rows, 1923 columns, 3176 nonzeros

Root barrier log...

Ordering time: 0.00s

Barrier statistics:
 AA' NZ     : 1.095e+03
 Factor NZ  : 2.510e+03 (roughly 1 MByte of memory)
 Factor Ops : 1.174e+05 (less than 1 second per iteration)
 Threads    : 1

                  Objective                Residual
Iter       Primal          Dual         Primal    Dual     Compl     Time
   0  -4.73439204e+03 -3.51010736e+03  2.50e+01 8.88e-16  1.65e+00     0s
   1  -2.08620890e+03 -2.77341482e+03  2.90e+00 2.70e-01  3.73e-01     0s
   2  -1.79658265e+03 -1.96241950e+03  3.48e-02 2.11e-02  4.45e-02     0s
   3  -1.82917207e+03 -1.87562050e+03  9.50e-03 5.10e-04  1.24e-02     0s
   4  -1.83831946e+03 -1.85158609e+03  3.41e-03 1.78e-15  3.60e-03     0s
   5  -1.84207751e+03 -1.84847682e+03  1.57e-03 1.78e-15  1.73e-03     0s
   6  -1.84385710e+03 -1.84700480e+03  7.94e-04 1.78e-15  8.54e-04     0s
   7  -1.84474133e+03 -1.84649445e+03  4.35e-04 1.78e-15  4.75e-04     0s
   8  -1.84538983e+03 -1.84619524e+03  1.79e-04 1.78e-15  2.17e-04     0s
   9  -1.84565736e+03 -1.84603123e+03  8.18e-05 1.78e-15  1.01e-04     0s
  10  -1.84582519e+03 -1.84594361e+03  2.16e-05 1.78e-15  3.18e-05     0s
  11  -1.84588619e+03 -1.84591498e+03  4.88e-06 1.78e-15  7.72e-06     0s
  12  -1.84590528e+03 -1.84590613e+03  1.87e-07 1.78e-15  2.31e-07     0s
  13  -1.84590608e+03 -1.84590608e+03  0.00e+00 1.78e-15  1.78e-10     0s

Barrier solved model in 13 iterations and 0.02 seconds
Optimal objective -1.84590608e+03


Root relaxation: objective -1.845906e+03, 28 iterations, 0.01 seconds

    Nodes    |    Current Node    |     Objective Bounds      |     Work
 Expl Unexpl |  Obj  Depth IntInf | Incumbent    BestBd   Gap | It/Node Time

     0     0 -1845.9061    0   47 -1719.6694 -1845.9061  7.34%     -    0s
H    0     0                    -1831.542240 -1845.9061  0.78%     -    0s

Explored 0 nodes (32 simplex iterations) in 0.03 seconds
Thread count was 20 (of 20 available processors)

Solution count 3: -1831.54 -1719.67 -96.7536 
Pool objective bound -1845.91

Optimal solution found (tolerance 5.00e-02)
Best objective -1.831542240000e+03, best bound -1.845906080000e+03, gap 0.7842%
Changed value of parameter MIPGap to 0.05
   Prev: 0.0001  Min: 0.0  Max: 1e+100  Default: 0.0001
Changed value of parameter TimeLimit to 1800.0
   Prev: 1e+100  Min: 0.0  Max: 1e+100  Default: 1e+100
Changed value of parameter Method to 2
   Prev: -1  Min: -1  Max: 4  Default: -1
Changed value of parameter MIPFocus to 1
   Prev: 0  Min: 0  Max: 3  Default: 0
Optimize a model with 4178 rows, 6117 columns and 12234 nonzeros
Variable types: 0 continuous, 6117 integer (6117 binary)
Coefficient statistics:
  Matrix range     [1e+00, 5e+00]
  Objective range  [1e+00, 1e+00]
  Bounds range     [1e+00, 1e+00]
  RHS range        [8e+01, 8e+01]
Found heuristic solution: objective 0
Presolve removed 4107 rows and 4194 columns
Presolve time: 0.01s
Presolved: 71 rows, 1923 columns, 3176 nonzeros
Found heuristic solution: objective -1743.336800
Variable types: 0 continuous, 1923 integer (1900 binary)
Presolved: 71 rows, 1923 columns, 3176 nonzeros

Root barrier log...

Ordering time: 0.00s

Barrier statistics:
 AA' NZ     : 1.095e+03
 Factor NZ  : 2.510e+03 (roughly 1 MByte of memory)
 Factor Ops : 1.174e+05 (less than 1 second per iteration)
 Threads    : 1

                  Objective                Residual
Iter       Primal          Dual         Primal    Dual     Compl     Time
   0  -4.78152472e+03 -3.55815031e+03  2.50e+01 8.88e-16  1.67e+00     0s
   1  -2.09883348e+03 -2.80936306e+03  2.83e+00 2.74e-01  3.77e-01     0s
   2  -1.80631854e+03 -1.97636809e+03  2.86e-02 1.56e-02  4.53e-02     0s
   3  -1.84551682e+03 -1.90447665e+03  7.24e-03 2.05e-03  1.55e-02     0s
   4  -1.85612128e+03 -1.87565133e+03  2.94e-03 8.88e-16  5.18e-03     0s
   5  -1.86147654e+03 -1.87078090e+03  1.26e-03 1.78e-15  2.46e-03     0s
   6  -1.86341526e+03 -1.86876382e+03  6.94e-04 1.78e-15  1.41e-03     0s
   7  -1.86464728e+03 -1.86790375e+03  3.72e-04 1.78e-15  8.57e-04     0s
   8  -1.86539601e+03 -1.86703532e+03  1.97e-04 1.78e-15  4.32e-04     0s
   9  -1.86593511e+03 -1.86674127e+03  8.04e-05 8.88e-16  2.12e-04     0s
  10  -1.86620045e+03 -1.86646425e+03  2.50e-05 1.78e-15  6.92e-05     0s
  11  -1.86626854e+03 -1.86639422e+03  1.26e-05 1.78e-15  3.31e-05     0s
  12  -1.86633313e+03 -1.86635228e+03  1.59e-06 1.78e-15  5.04e-06     0s
  13  -1.86634588e+03 -1.86634779e+03  8.12e-08 1.78e-15  4.99e-07     0s
  14  -1.86634676e+03 -1.86634676e+03  0.00e+00 1.78e-15  1.06e-09     0s

Barrier solved model in 14 iterations and 0.02 seconds
Optimal objective -1.86634676e+03


Root relaxation: objective -1.866347e+03, 38 iterations, 0.01 seconds

    Nodes    |    Current Node    |     Objective Bounds      |     Work
 Expl Unexpl |  Obj  Depth IntInf | Incumbent    BestBd   Gap | It/Node Time

     0     0 -1866.3468    0   46 -1743.3368 -1866.3468  7.06%     -    0s
H    0     0                    -1852.771600 -1866.3468  0.73%     -    0s

Explored 0 nodes (38 simplex iterations) in 0.03 seconds
Thread count was 20 (of 20 available processors)

Solution count 3: -1852.77 -1743.34 -97.942 
Pool objective bound -1866.35

Optimal solution found (tolerance 5.00e-02)
Best objective -1.852771600000e+03, best bound -1.866346760000e+03, gap 0.7327%
Changed value of parameter MIPGap to 0.05
   Prev: 0.0001  Min: 0.0  Max: 1e+100  Default: 0.0001
Changed value of parameter TimeLimit to 1800.0
   Prev: 1e+100  Min: 0.0  Max: 1e+100  Default: 1e+100
Changed value of parameter Method to 2
   Prev: -1  Min: -1  Max: 4  Default: -1
Changed value of parameter MIPFocus to 1
   Prev: 0  Min: 0  Max: 3  Default: 0
Optimize a model with 4178 rows, 6117 columns and 12234 nonzeros
Variable types: 0 continuous, 6117 integer (6117 binary)
Coefficient statistics:
  Matrix range     [1e+00, 5e+00]
  Objective range  [1e+00, 2e+00]
  Bounds range     [1e+00, 1e+00]
  RHS range        [8e+01, 8e+01]
Found heuristic solution: objective 0
Presolve removed 4107 rows and 4194 columns
Presolve time: 0.01s
Presolved: 71 rows, 1923 columns, 3176 nonzeros
Found heuristic solution: objective -1861.673600
Variable types: 0 continuous, 1923 integer (1900 binary)
Presolved: 71 rows, 1923 columns, 3176 nonzeros

Root barrier log...

Ordering time: 0.00s

Barrier statistics:
 AA' NZ     : 1.095e+03
 Factor NZ  : 2.510e+03 (roughly 1 MByte of memory)
 Factor Ops : 1.174e+05 (less than 1 second per iteration)
 Threads    : 1

                  Objective                Residual
Iter       Primal          Dual         Primal    Dual     Compl     Time
   0  -5.01741126e+03 -3.83545098e+03  2.50e+01 4.44e-16  1.83e+00     0s
   1  -2.16198925e+03 -3.01479591e+03  2.49e+00 2.99e-01  4.03e-01     0s
   2  -1.90226911e+03 -2.06964423e+03  0.00e+00 1.56e-02  4.28e-02     0s
   3  -1.94285360e+03 -1.99610162e+03  0.00e+00 9.77e-15  1.36e-02     0s
   4  -1.95697096e+03 -1.97880351e+03  0.00e+00 3.55e-15  5.57e-03     0s
   5  -1.96273977e+03 -1.97462595e+03  0.00e+00 2.66e-15  3.03e-03     0s
   6  -1.96535592e+03 -1.97149376e+03  0.00e+00 1.78e-15  1.57e-03     0s
   7  -1.96689365e+03 -1.96987333e+03  0.00e+00 1.78e-15  7.61e-04     0s
   8  -1.96779757e+03 -1.96926848e+03  0.00e+00 1.78e-15  3.76e-04     0s
   9  -1.96816918e+03 -1.96895835e+03  0.00e+00 1.78e-15  2.01e-04     0s
  10  -1.96839024e+03 -1.96872811e+03  0.00e+00 1.78e-15  8.63e-05     0s
  11  -1.96855642e+03 -1.96869099e+03  0.00e+00 1.78e-15  3.44e-05     0s
  12  -1.96863007e+03 -1.96865522e+03  0.00e+00 1.78e-15  6.42e-06     0s
  13  -1.96864244e+03 -1.96864377e+03  0.00e+00 1.78e-15  3.41e-07     0s
  14  -1.96864352e+03 -1.96864352e+03  0.00e+00 1.78e-15  3.42e-10     0s

Barrier solved model in 14 iterations and 0.02 seconds
Optimal objective -1.96864352e+03


Root relaxation: objective -1.968644e+03, 29 iterations, 0.01 seconds

    Nodes    |    Current Node    |     Objective Bounds      |     Work
 Expl Unexpl |  Obj  Depth IntInf | Incumbent    BestBd   Gap | It/Node Time

     0     0 -1968.6435    0   46 -1861.6736 -1968.6435  5.75%     -    0s
H    0     0                    -1952.543200 -1968.6435  0.82%     -    0s

Explored 0 nodes (29 simplex iterations) in 0.03 seconds
Thread count was 20 (of 20 available processors)

Solution count 3: -1952.54 -1861.67 -103.884 
Pool objective bound -1968.64

Optimal solution found (tolerance 5.00e-02)
Best objective -1.952543200000e+03, best bound -1.968643520000e+03, gap 0.8246%
Changed value of parameter MIPGap to 0.05
   Prev: 0.0001  Min: 0.0  Max: 1e+100  Default: 0.0001
Changed value of parameter TimeLimit to 1800.0
   Prev: 1e+100  Min: 0.0  Max: 1e+100  Default: 1e+100
Changed value of parameter Method to 2
   Prev: -1  Min: -1  Max: 4  Default: -1
Changed value of parameter MIPFocus to 1
   Prev: 0  Min: 0  Max: 3  Default: 0
Optimize a model with 4178 rows, 6117 columns and 12234 nonzeros
Variable types: 0 continuous, 6117 integer (6117 binary)
Coefficient statistics:
  Matrix range     [1e+00, 5e+00]
  Objective range  [1e+00, 3e+00]
  Bounds range     [1e+00, 1e+00]
  RHS range        [8e+01, 8e+01]
Found heuristic solution: objective 0
Presolve removed 4107 rows and 4194 columns
Presolve time: 0.01s
Presolved: 71 rows, 1923 columns, 3176 nonzeros
Found heuristic solution: objective -2094.872000
Variable types: 0 continuous, 1923 integer (1900 binary)
Presolve removed 0 rows and 1 columns
Presolved: 71 rows, 1922 columns, 3175 nonzeros

Root barrier log...

Ordering time: 0.00s

Barrier statistics:
 AA' NZ     : 1.095e+03
 Factor NZ  : 2.510e+03 (roughly 1 MByte of memory)
 Factor Ops : 1.174e+05 (less than 1 second per iteration)
 Threads    : 1

                  Objective                Residual
Iter       Primal          Dual         Primal    Dual     Compl     Time
   0  -5.48721434e+03 -4.40596721e+03  2.50e+01 8.88e-16  2.17e+00     0s
   1  -2.31291173e+03 -3.44414333e+03  1.95e+00 3.56e-01  4.57e-01     0s
   2  -2.11715920e+03 -2.30040636e+03  5.08e-02 2.40e-02  5.01e-02     0s
   3  -2.15221554e+03 -2.20230777e+03  1.58e-02 1.78e-15  1.38e-02     0s
   4  -2.16321727e+03 -2.19064740e+03  7.78e-03 1.78e-15  7.49e-03     0s
   5  -2.16899583e+03 -2.18549533e+03  4.73e-03 1.78e-15  4.51e-03     0s
   6  -2.17329235e+03 -2.18186187e+03  2.55e-03 1.78e-15  2.35e-03     0s
   7  -2.17543700e+03 -2.18010478e+03  1.44e-03 1.78e-15  1.28e-03     0s
   8  -2.17687491e+03 -2.17938375e+03  7.40e-04 1.78e-15  6.88e-04     0s
   9  -2.17763772e+03 -2.17889405e+03  3.90e-04 1.78e-15  3.46e-04     0s
  10  -2.17831096e+03 -2.17874310e+03  9.14e-05 1.78e-15  1.16e-04     0s
  11  -2.17848401e+03 -2.17866633e+03  2.05e-05 1.78e-15  4.81e-05     0s
  12  -2.17854631e+03 -2.17857420e+03  2.86e-06 1.78e-15  7.34e-06     0s
  13  -2.17855718e+03 -2.17856161e+03  4.58e-08 1.78e-15  1.14e-06     0s
  14  -2.17855779e+03 -2.17855786e+03  0.00e+00 1.78e-15  1.66e-08     0s
  15  -2.17855781e+03 -2.17855781e+03  0.00e+00 1.78e-15  2.24e-14     0s

Barrier solved model in 15 iterations and 0.02 seconds
Optimal objective -2.17855781e+03


Root relaxation: objective -2.178558e+03, 25 iterations, 0.01 seconds

    Nodes    |    Current Node    |     Objective Bounds      |     Work
 Expl Unexpl |  Obj  Depth IntInf | Incumbent    BestBd   Gap | It/Node Time

     0     0 -2178.5578    0   49 -2094.8720 -2178.5578  3.99%     -    0s

Explored 0 nodes (29 simplex iterations) in 0.03 seconds
Thread count was 20 (of 20 available processors)

Solution count 2: -2094.87 -115.768 
Pool objective bound -2178.56

Optimal solution found (tolerance 5.00e-02)
Best objective -2.094872000000e+03, best bound -2.178557813333e+03, gap 3.9948%
Changed value of parameter MIPGap to 0.05
   Prev: 0.0001  Min: 0.0  Max: 1e+100  Default: 0.0001
Changed value of parameter TimeLimit to 1800.0
   Prev: 1e+100  Min: 0.0  Max: 1e+100  Default: 1e+100
Changed value of parameter Method to 2
   Prev: -1  Min: -1  Max: 4  Default: -1
Changed value of parameter MIPFocus to 1
   Prev: 0  Min: 0  Max: 3  Default: 0
Optimize a model with 4178 rows, 6117 columns and 12234 nonzeros
Variable types: 0 continuous, 6117 integer (6117 binary)
Coefficient statistics:
  Matrix range     [1e+00, 5e+00]
  Objective range  [1e+00, 5e+00]
  Bounds range     [1e+00, 1e+00]
  RHS range        [8e+01, 8e+01]
Found heuristic solution: objective 0
Presolve removed 4107 rows and 4194 columns
Presolve time: 0.01s
Presolved: 71 rows, 1923 columns, 3176 nonzeros
Found heuristic solution: objective -2569.176000
Variable types: 0 continuous, 1923 integer (1900 binary)
Presolved: 71 rows, 1923 columns, 3176 nonzeros

Root barrier log...

Ordering time: 0.00s

Barrier statistics:
 AA' NZ     : 1.095e+03
 Factor NZ  : 2.510e+03 (roughly 1 MByte of memory)
 Factor Ops : 1.174e+05 (less than 1 second per iteration)
 Threads    : 1

                  Objective                Residual
Iter       Primal          Dual         Primal    Dual     Compl     Time
   0  -6.43474203e+03 -6.33987351e+03  2.50e+01 1.33e-15  3.55e+00     0s
   1  -2.62878778e+03 -4.82762341e+03  1.11e+00 6.78e-01  7.14e-01     0s
   2  -2.56394271e+03 -2.94633806e+03  6.96e-03 7.86e-02  9.87e-02     0s
   3  -2.67117597e+03 -2.75226932e+03  0.00e+00 9.88e-03  2.08e-02     0s
   4  -2.69056226e+03 -2.71938922e+03  0.00e+00 1.78e-15  7.38e-03     0s
   5  -2.69780722e+03 -2.71003798e+03  0.00e+00 1.78e-15  3.13e-03     0s
   6  -2.70102146e+03 -2.70561080e+03  0.00e+00 1.78e-15  1.17e-03     0s
   7  -2.70272939e+03 -2.70428385e+03  0.00e+00 1.78e-15  3.98e-04     0s
   8  -2.70334326e+03 -2.70376384e+03  0.00e+00 1.78e-15  1.07e-04     0s
   9  -2.70345046e+03 -2.70350117e+03  0.00e+00 1.78e-15  1.29e-05     0s
  10  -2.70345839e+03 -2.70345844e+03  0.00e+00 1.78e-15  1.30e-08     0s
  11  -2.70345840e+03 -2.70345840e+03  3.97e-15 1.78e-15  1.32e-14     0s

Barrier solved model in 11 iterations and 0.02 seconds
Optimal objective -2.70345840e+03


Root relaxation: objective -2.703458e+03, 39 iterations, 0.01 seconds

    Nodes    |    Current Node    |     Objective Bounds      |     Work
 Expl Unexpl |  Obj  Depth IntInf | Incumbent    BestBd   Gap | It/Node Time

     0     0 -2703.4584    0   35 -2569.1760 -2703.4584  5.23%     -    0s
H    0     0                    -2690.920000 -2703.4584  0.47%     -    0s

Explored 0 nodes (39 simplex iterations) in 0.03 seconds
Thread count was 20 (of 20 available processors)

Solution count 3: -2690.92 -2569.18 -139.536 
Pool objective bound -2703.46

Optimal solution found (tolerance 5.00e-02)
Best objective -2.690920000000e+03, best bound -2.703458400000e+03, gap 0.4660%
Changed value of parameter MIPGap to 0.05
   Prev: 0.0001  Min: 0.0  Max: 1e+100  Default: 0.0001
Changed value of parameter TimeLimit to 1800.0
   Prev: 1e+100  Min: 0.0  Max: 1e+100  Default: 1e+100
Changed value of parameter Method to 2
   Prev: -1  Min: -1  Max: 4  Default: -1
Changed value of parameter MIPFocus to 1
   Prev: 0  Min: 0  Max: 3  Default: 0
Optimize a model with 4178 rows, 6117 columns and 12234 nonzeros
Variable types: 0 continuous, 6117 integer (6117 binary)
Coefficient statistics:
  Matrix range     [1e+00, 5e+00]
  Objective range  [1e+00, 6e+00]
  Bounds range     [1e+00, 1e+00]
  RHS range        [8e+01, 8e+01]
Found heuristic solution: objective 0
Presolve removed 4107 rows and 4194 columns
Presolve time: 0.01s
Presolved: 71 rows, 1923 columns, 3176 nonzeros
Found heuristic solution: objective -2804.512000
Variable types: 0 continuous, 1923 integer (1900 binary)
Presolved: 71 rows, 1923 columns, 3176 nonzeros

Root barrier log...

Ordering time: 0.00s

Barrier statistics:
 AA' NZ     : 1.095e+03
 Factor NZ  : 2.510e+03 (roughly 1 MByte of memory)
 Factor Ops : 1.174e+05 (less than 1 second per iteration)
 Threads    : 1

                  Objective                Residual
Iter       Primal          Dual         Primal    Dual     Compl     Time
   0  -6.90740741e+03 -7.58428314e+03  2.51e+01 1.33e-15  4.49e+00     0s
   1  -2.80082630e+03 -5.69832202e+03  8.38e-01 9.13e-01  8.91e-01     0s
   2  -2.79817436e+03 -3.27311931e+03  0.00e+00 1.05e-01  1.22e-01     0s
   3  -2.93435487e+03 -3.03055584e+03  0.00e+00 1.34e-02  2.46e-02     0s
   4  -2.94627412e+03 -2.99418367e+03  0.00e+00 1.78e-15  1.22e-02     0s
   5  -2.96417880e+03 -2.98258239e+03  0.00e+00 1.78e-15  4.70e-03     0s
   6  -2.97078286e+03 -2.97773986e+03  0.00e+00 1.78e-15  1.78e-03     0s
   7  -2.97249314e+03 -2.97564354e+03  0.00e+00 1.78e-15  8.04e-04     0s
   8  -2.97361045e+03 -2.97497531e+03  0.00e+00 1.78e-15  3.49e-04     0s
   9  -2.97430763e+03 -2.97459174e+03  0.00e+00 1.78e-15  7.25e-05     0s
  10  -2.97444668e+03 -2.97444925e+03  0.00e+00 2.66e-15  6.54e-07     0s
  11  -2.97444800e+03 -2.97444800e+03  0.00e+00 1.78e-15  2.37e-11     0s

Barrier solved model in 11 iterations and 0.02 seconds
Optimal objective -2.97444800e+03


Root relaxation: objective -2.974448e+03, 39 iterations, 0.01 seconds

    Nodes    |    Current Node    |     Objective Bounds      |     Work
 Expl Unexpl |  Obj  Depth IntInf | Incumbent    BestBd   Gap | It/Node Time

     0     0 -2974.4480    0   35 -2804.5120 -2974.4480  6.06%     -    0s
H    0     0                    -2961.400000 -2974.4480  0.44%     -    0s

Explored 0 nodes (43 simplex iterations) in 0.03 seconds
Thread count was 20 (of 20 available processors)

Solution count 3: -2961.4 -2804.51 -151.42 
Pool objective bound -2974.45

Optimal solution found (tolerance 5.00e-02)
Best objective -2.961400000000e+03, best bound -2.974448000000e+03, gap 0.4406%
Changed value of parameter MIPGap to 0.05
   Prev: 0.0001  Min: 0.0  Max: 1e+100  Default: 0.0001
Changed value of parameter TimeLimit to 1800.0
   Prev: 1e+100  Min: 0.0  Max: 1e+100  Default: 1e+100
Changed value of parameter Method to 2
   Prev: -1  Min: -1  Max: 4  Default: -1
Changed value of parameter MIPFocus to 1
   Prev: 0  Min: 0  Max: 3  Default: 0
Optimize a model with 4178 rows, 6117 columns and 12234 nonzeros
Variable types: 0 continuous, 6117 integer (6117 binary)
Coefficient statistics:
  Matrix range     [1e+00, 5e+00]
  Objective range  [1e+00, 1e+01]
  Bounds range     [1e+00, 1e+00]
  RHS range        [8e+01, 8e+01]
Found heuristic solution: objective 0
Presolve removed 4107 rows and 4194 columns
Presolve time: 0.01s
Presolved: 71 rows, 1923 columns, 3176 nonzeros
Found heuristic solution: objective -3993.564000
Variable types: 0 continuous, 1923 integer (1900 binary)
Presolved: 71 rows, 1923 columns, 3176 nonzeros

Root barrier log...

Ordering time: 0.00s

Barrier statistics:
 AA' NZ     : 1.095e+03
 Factor NZ  : 2.510e+03 (roughly 1 MByte of memory)
 Factor Ops : 1.174e+05 (less than 1 second per iteration)
 Threads    : 1

                  Objective                Residual
Iter       Primal          Dual         Primal    Dual     Compl     Time
   0  -9.26694192e+03 -1.38063313e+04  2.51e+01 2.66e-15  9.18e+00     0s
   1  -3.84238824e+03 -1.00544811e+04  5.09e-01 2.09e+00  1.81e+00     0s
   2  -4.03013975e+03 -5.08379459e+03  0.00e+00 2.91e-01  2.71e-01     0s
   3  -4.25253301e+03 -4.43837203e+03  0.00e+00 3.17e-02  4.75e-02     0s
   4  -4.30022294e+03 -4.36127750e+03  0.00e+00 3.55e-15  1.56e-02     0s
   5  -4.31997679e+03 -4.34423849e+03  0.00e+00 1.78e-15  6.19e-03     0s
   6  -4.32683668e+03 -4.33460895e+03  0.00e+00 2.66e-15  1.98e-03     0s
   7  -4.32898825e+03 -4.33180650e+03  0.00e+00 3.55e-15  7.20e-04     0s
   8  -4.32993763e+03 -4.33077225e+03  0.00e+00 3.55e-15  2.13e-04     0s
   9  -4.33025612e+03 -4.33048067e+03  0.00e+00 3.55e-15  5.73e-05     0s
  10  -4.33032328e+03 -4.33032501e+03  0.00e+00 3.55e-15  4.42e-07     0s
  11  -4.33032400e+03 -4.33032400e+03  0.00e+00 3.55e-15  1.07e-11     0s

Barrier solved model in 11 iterations and 0.02 seconds
Optimal objective -4.33032400e+03


Root relaxation: objective -4.330324e+03, 32 iterations, 0.01 seconds

    Nodes    |    Current Node    |     Objective Bounds      |     Work
 Expl Unexpl |  Obj  Depth IntInf | Incumbent    BestBd   Gap | It/Node Time

     0     0 -4330.3240    0   37 -3993.5640 -4330.3240  8.43%     -    0s
H    0     0                    -4314.120000 -4330.3240  0.38%     -    0s

Explored 0 nodes (34 simplex iterations) in 0.03 seconds
Thread count was 20 (of 20 available processors)

Solution count 3: -4314.12 -3993.56 -210.84 
Pool objective bound -4330.32

Optimal solution found (tolerance 5.00e-02)
Best objective -4.314120000000e+03, best bound -4.330324000000e+03, gap 0.3756%
Changed value of parameter MIPGap to 0.05
   Prev: 0.0001  Min: 0.0  Max: 1e+100  Default: 0.0001
Changed value of parameter TimeLimit to 1800.0
   Prev: 1e+100  Min: 0.0  Max: 1e+100  Default: 1e+100
Changed value of parameter Method to 2
   Prev: -1  Min: -1  Max: 4  Default: -1
Changed value of parameter MIPFocus to 1
   Prev: 0  Min: 0  Max: 3  Default: 0
Optimize a model with 4178 rows, 6117 columns and 12234 nonzeros
Variable types: 0 continuous, 6117 integer (6117 binary)
Coefficient statistics:
  Matrix range     [1e+00, 5e+00]
  Objective range  [1e+00, 2e+01]
  Bounds range     [1e+00, 1e+00]
  RHS range        [8e+01, 8e+01]
Found heuristic solution: objective 0
Presolve removed 4107 rows and 4194 columns
Presolve time: 0.01s
Presolved: 71 rows, 1923 columns, 3176 nonzeros
Found heuristic solution: objective -6401.088000
Variable types: 0 continuous, 1923 integer (1900 binary)
Presolved: 71 rows, 1923 columns, 3176 nonzeros

Root barrier log...

Ordering time: 0.00s

Barrier statistics:
 AA' NZ     : 1.095e+03
 Factor NZ  : 2.510e+03 (roughly 1 MByte of memory)
 Factor Ops : 1.174e+05 (less than 1 second per iteration)
 Threads    : 1

                  Objective                Residual
Iter       Primal          Dual         Primal    Dual     Compl     Time
   0  -1.39823601e+04 -2.62504276e+04  2.51e+01 5.33e-15  1.86e+01     0s
   1  -6.02368852e+03 -1.87730429e+04  3.44e-01 4.97e+00  3.63e+00     0s
   2  -6.48303017e+03 -8.62990922e+03  0.00e+00 6.29e-01  5.55e-01     0s
   3  -6.90595105e+03 -7.22609782e+03  0.00e+00 5.59e-02  8.19e-02     0s
   4  -7.02886991e+03 -7.09305501e+03  0.00e+00 7.16e-03  1.64e-02     0s
   5  -7.04510797e+03 -7.06999151e+03  0.00e+00 4.67e-03  6.36e-03     0s
   6  -7.04914792e+03 -7.05773194e+03  0.00e+00 1.22e-03  2.19e-03     0s
   7  -7.05128174e+03 -7.05453060e+03  0.00e+00 4.33e-04  8.30e-04     0s
   8  -7.05229800e+03 -7.05299008e+03  0.00e+00 7.36e-05  1.77e-04     0s
   9  -7.05253167e+03 -7.05255700e+03  0.00e+00 7.11e-15  6.47e-06     0s
  10  -7.05254599e+03 -7.05254601e+03  0.00e+00 7.11e-15  6.47e-09     0s

Barrier solved model in 10 iterations and 0.02 seconds
Optimal objective -7.05254599e+03


Root relaxation: objective -7.052546e+03, 31 iterations, 0.01 seconds

    Nodes    |    Current Node    |     Objective Bounds      |     Work
 Expl Unexpl |  Obj  Depth IntInf | Incumbent    BestBd   Gap | It/Node Time

     0     0 -7052.5460    0   38 -6401.0880 -7052.5460  10.2%     -    0s
H    0     0                    -7031.360000 -7052.5460  0.30%     -    0s

Explored 0 nodes (33 simplex iterations) in 0.03 seconds
Thread count was 20 (of 20 available processors)

Solution count 3: -7031.36 -6401.09 -329.68 
Pool objective bound -7052.55

Optimal solution found (tolerance 5.00e-02)
Best objective -7.031360000000e+03, best bound -7.052546000000e+03, gap 0.3013%
Changed value of parameter MIPGap to 0.05
   Prev: 0.0001  Min: 0.0  Max: 1e+100  Default: 0.0001
Changed value of parameter TimeLimit to 1800.0
   Prev: 1e+100  Min: 0.0  Max: 1e+100  Default: 1e+100
Changed value of parameter Method to 2
   Prev: -1  Min: -1  Max: 4  Default: -1
Changed value of parameter MIPFocus to 1
   Prev: 0  Min: 0  Max: 3  Default: 0
Optimize a model with 4178 rows, 6117 columns and 12234 nonzeros
Variable types: 0 continuous, 6117 integer (6117 binary)
Coefficient statistics:
  Matrix range     [1e+00, 5e+00]
  Objective range  [1e+00, 4e+01]
  Bounds range     [1e+00, 1e+00]
  RHS range        [8e+01, 8e+01]
Found heuristic solution: objective 0
Presolve removed 4107 rows and 4194 columns
Presolve time: 0.01s
Presolved: 71 rows, 1923 columns, 3176 nonzeros
Found heuristic solution: objective -11254.30400
Variable types: 0 continuous, 1923 integer (1900 binary)
Presolved: 71 rows, 1923 columns, 3176 nonzeros

Root barrier log...

Ordering time: 0.00s

Barrier statistics:
 AA' NZ     : 1.095e+03
 Factor NZ  : 2.510e+03 (roughly 1 MByte of memory)
 Factor Ops : 1.174e+05 (less than 1 second per iteration)
 Threads    : 1

                  Objective                Residual
Iter       Primal          Dual         Primal    Dual     Compl     Time
   0  -2.34114305e+04 -5.11386202e+04  2.51e+01 1.07e-14  3.73e+01     0s
   1  -1.04328624e+04 -3.62123888e+04  2.56e-01 1.07e+01  7.28e+00     0s
   2  -1.14214867e+04 -1.57128812e+04  0.00e+00 1.30e+00  1.11e+00     0s
   3  -1.22295761e+04 -1.28781419e+04  0.00e+00 1.26e-01  1.66e-01     0s
   4  -1.24748472e+04 -1.25990813e+04  0.00e+00 3.71e-02  3.18e-02     0s
   5  -1.25007515e+04 -1.25402884e+04  0.00e+00 1.13e-02  1.01e-02     0s
   6  -1.25093704e+04 -1.25227831e+04  0.00e+00 3.05e-03  3.43e-03     0s
   7  -1.25130681e+04 -1.25174638e+04  0.00e+00 8.43e-04  1.12e-03     0s
   8  -1.25147889e+04 -1.25156504e+04  0.00e+00 2.00e-04  2.20e-04     0s
   9  -1.25149478e+04 -1.25149683e+04  0.00e+00 1.42e-14  5.25e-06     0s
  10  -1.25149620e+04 -1.25149620e+04  0.00e+00 1.42e-14  5.25e-09     0s

Barrier solved model in 10 iterations and 0.02 seconds
Optimal objective -1.25149620e+04


Root relaxation: objective -1.251496e+04, 25 iterations, 0.01 seconds

    Nodes    |    Current Node    |     Objective Bounds      |     Work
 Expl Unexpl |  Obj  Depth IntInf | Incumbent    BestBd   Gap | It/Node Time

     0     0 -12514.962    0   37 -11254.304 -12514.962  11.2%     -    0s
H    0     0                    -12482.61600 -12514.962  0.26%     -    0s

Explored 0 nodes (30 simplex iterations) in 0.03 seconds
Thread count was 20 (of 20 available processors)

Solution count 3: -12482.6 -11254.3 -567.36 
Pool objective bound -12515

Optimal solution found (tolerance 5.00e-02)
Best objective -1.248261600000e+04, best bound -1.251496200000e+04, gap 0.2591%
Changed value of parameter MIPGap to 0.05
   Prev: 0.0001  Min: 0.0  Max: 1e+100  Default: 0.0001
Changed value of parameter TimeLimit to 1800.0
   Prev: 1e+100  Min: 0.0  Max: 1e+100  Default: 1e+100
Changed value of parameter Method to 2
   Prev: -1  Min: -1  Max: 4  Default: -1
Changed value of parameter MIPFocus to 1
   Prev: 0  Min: 0  Max: 3  Default: 0
Optimize a model with 4178 rows, 6117 columns and 12234 nonzeros
Variable types: 0 continuous, 6117 integer (6117 binary)
Coefficient statistics:
  Matrix range     [1e+00, 5e+00]
  Objective range  [1e+00, 5e+01]
  Bounds range     [1e+00, 1e+00]
  RHS range        [8e+01, 8e+01]
Found heuristic solution: objective 0
Presolve removed 4107 rows and 4194 columns
Presolve time: 0.01s
Presolved: 71 rows, 1923 columns, 3176 nonzeros
Found heuristic solution: objective -13684.00000
Variable types: 0 continuous, 1923 integer (1900 binary)
Presolved: 71 rows, 1923 columns, 3176 nonzeros

Root barrier log...

Ordering time: 0.00s

Barrier statistics:
 AA' NZ     : 1.095e+03
 Factor NZ  : 2.510e+03 (roughly 1 MByte of memory)
 Factor Ops : 1.174e+05 (less than 1 second per iteration)
 Threads    : 1

                  Objective                Residual
Iter       Primal          Dual         Primal    Dual     Compl     Time
   0  -2.81257917e+04 -6.35827165e+04  2.51e+01 1.95e-14  4.67e+01     0s
   1  -1.26422864e+04 -4.49322983e+04  2.39e-01 1.36e+01  9.10e+00     0s
   2  -1.38945724e+04 -1.92510059e+04  0.00e+00 1.63e+00  1.39e+00     0s
   3  -1.48951653e+04 -1.57272914e+04  0.00e+00 2.03e-01  2.13e-01     0s
   4  -1.51994020e+04 -1.53312163e+04  0.00e+00 4.33e-02  3.37e-02     0s
   5  -1.52256180e+04 -1.52756906e+04  0.00e+00 1.21e-02  1.28e-02     0s
   6  -1.52394229e+04 -1.52602005e+04  0.00e+00 4.76e-03  5.31e-03     0s
   7  -1.52455166e+04 -1.52527124e+04  0.00e+00 1.55e-03  1.84e-03     0s
   8  -1.52483594e+04 -1.52501984e+04  0.00e+00 5.26e-04  4.70e-04     0s
   9  -1.52487921e+04 -1.52489030e+04  0.00e+00 6.35e-06  2.83e-05     0s
  10  -1.52488199e+04 -1.52488201e+04  0.00e+00 1.42e-14  3.87e-08     0s
  11  -1.52488200e+04 -1.52488200e+04  2.96e-15 1.42e-14  3.96e-14     0s

Barrier solved model in 11 iterations and 0.02 seconds
Optimal objective -1.52488200e+04


Root relaxation: objective -1.524882e+04, 29 iterations, 0.01 seconds

    Nodes    |    Current Node    |     Objective Bounds      |     Work
 Expl Unexpl |  Obj  Depth IntInf | Incumbent    BestBd   Gap | It/Node Time

     0     0 -15248.820    0   31 -13684.000 -15248.820  11.4%     -    0s
H    0     0                    -15212.72000 -15248.820  0.24%     -    0s

Explored 0 nodes (35 simplex iterations) in 0.03 seconds
Thread count was 20 (of 20 available processors)

Solution count 3: -15212.7 -13684 -686.2 
Pool objective bound -15248.8

Optimal solution found (tolerance 5.00e-02)
Best objective -1.521272000000e+04, best bound -1.524882000000e+04, gap 0.2373%
Changed value of parameter MIPGap to 0.05
   Prev: 0.0001  Min: 0.0  Max: 1e+100  Default: 0.0001
Changed value of parameter TimeLimit to 1800.0
   Prev: 1e+100  Min: 0.0  Max: 1e+100  Default: 1e+100
Changed value of parameter Method to 2
   Prev: -1  Min: -1  Max: 4  Default: -1
Changed value of parameter MIPFocus to 1
   Prev: 0  Min: 0  Max: 3  Default: 0
Optimize a model with 4178 rows, 6117 columns and 12234 nonzeros
Variable types: 0 continuous, 6117 integer (6117 binary)
Coefficient statistics:
  Matrix range     [1e+00, 5e+00]
  Objective range  [1e+00, 9e+01]
  Bounds range     [1e+00, 1e+00]
  RHS range        [8e+01, 8e+01]
Found heuristic solution: objective 0
Presolve removed 4107 rows and 4194 columns
Presolve time: 0.01s
Presolved: 71 rows, 1923 columns, 3176 nonzeros
Found heuristic solution: objective -25689.52000
Variable types: 0 continuous, 1923 integer (1900 binary)
Presolved: 71 rows, 1923 columns, 3176 nonzeros

Root barrier log...

Ordering time: 0.00s

Barrier statistics:
 AA' NZ     : 1.095e+03
 Factor NZ  : 2.510e+03 (roughly 1 MByte of memory)
 Factor Ops : 1.174e+05 (less than 1 second per iteration)
 Threads    : 1

                  Objective                Residual
Iter       Primal          Dual         Primal    Dual     Compl     Time
   0  -5.16972524e+04 -1.25803198e+05  2.51e+01 4.26e-14  9.37e+01     0s
   1  -2.36992804e+04 -8.85323308e+04  2.03e-01 2.82e+01  1.82e+01     0s
   2  -2.62682959e+04 -3.69360664e+04  0.00e+00 3.40e+00  2.77e+00     0s
   3  -2.82312444e+04 -2.99482496e+04  0.00e+00 5.17e-01  4.41e-01     0s
   4  -2.88310062e+04 -2.91332447e+04  0.00e+00 1.04e-01  7.74e-02     0s
   5  -2.88902581e+04 -2.89891361e+04  0.00e+00 3.00e-02  2.53e-02     0s
   6  -2.89059470e+04 -2.89486915e+04  0.00e+00 1.08e-02  1.09e-02     0s
   7  -2.89191489e+04 -2.89336188e+04  0.00e+00 4.00e-03  3.70e-03     0s
   8  -2.89226300e+04 -2.89250669e+04  0.00e+00 3.41e-04  6.23e-04     0s
   9  -2.89240083e+04 -2.89240434e+04  0.00e+00 2.84e-14  8.96e-06     0s
  10  -2.89240300e+04 -2.89240300e+04  0.00e+00 2.84e-14  8.97e-09     0s

Barrier solved model in 10 iterations and 0.02 seconds
Optimal objective -2.89240300e+04


Root relaxation: objective -2.892403e+04, 32 iterations, 0.01 seconds

    Nodes    |    Current Node    |     Objective Bounds      |     Work
 Expl Unexpl |  Obj  Depth IntInf | Incumbent    BestBd   Gap | It/Node Time

     0     0 -28924.030    0   30 -25689.520 -28924.030  12.6%     -    0s
H    0     0                    -28866.52000 -28924.030  0.20%     -    0s

Explored 0 nodes (38 simplex iterations) in 0.03 seconds
Thread count was 20 (of 20 available processors)

Solution count 3: -28866.5 -25689.5 -1280.4 
Pool objective bound -28924

Optimal solution found (tolerance 5.00e-02)
Best objective -2.886652000000e+04, best bound -2.892400000000e+04, gap 0.1991%
Changed value of parameter MIPGap to 0.05
   Prev: 0.0001  Min: 0.0  Max: 1e+100  Default: 0.0001
Changed value of parameter TimeLimit to 1800.0
   Prev: 1e+100  Min: 0.0  Max: 1e+100  Default: 1e+100
Changed value of parameter Method to 2
   Prev: -1  Min: -1  Max: 4  Default: -1
Changed value of parameter MIPFocus to 1
   Prev: 0  Min: 0  Max: 3  Default: 0
Optimize a model with 4178 rows, 6117 columns and 12234 nonzeros
Variable types: 0 continuous, 6117 integer (6117 binary)
Coefficient statistics:
  Matrix range     [1e+00, 5e+00]
  Objective range  [1e+00, 2e+02]
  Bounds range     [1e+00, 1e+00]
  RHS range        [8e+01, 8e+01]
Found heuristic solution: objective 0
Presolve removed 4107 rows and 4194 columns
Presolve time: 0.01s
Presolved: 71 rows, 1923 columns, 3176 nonzeros
Found heuristic solution: objective -50006.96000
Variable types: 0 continuous, 1923 integer (1900 binary)
Presolved: 71 rows, 1923 columns, 3176 nonzeros

Root barrier log...

Ordering time: 0.00s

Barrier statistics:
 AA' NZ     : 1.095e+03
 Factor NZ  : 2.510e+03 (roughly 1 MByte of memory)
 Factor Ops : 1.174e+05 (less than 1 second per iteration)
 Threads    : 1

                  Objective                Residual
Iter       Primal          Dual         Primal    Dual     Compl     Time
   0  -9.88398297e+04 -2.50244161e+05  2.51e+01 8.62e-14  1.88e+02     0s
   1  -4.58232398e+04 -1.75732882e+05  1.85e-01 5.74e+01  3.64e+01     0s
   2  -5.10245467e+04 -7.23104320e+04  0.00e+00 6.99e+00  5.54e+00     0s
   3  -5.49112415e+04 -5.83730458e+04  0.00e+00 1.13e+00  8.90e-01     0s
   4  -5.60722065e+04 -5.67351038e+04  0.00e+00 2.34e-01  1.70e-01     0s
   5  -5.61955805e+04 -5.64100832e+04  0.00e+00 6.38e-02  5.49e-02     0s
   6  -5.62388904e+04 -5.63224798e+04  0.00e+00 1.98e-02  2.14e-02     0s
   7  -5.62693121e+04 -5.62913933e+04  0.00e+00 4.53e-03  5.65e-03     0s
   8  -5.62793391e+04 -5.62822220e+04  0.00e+00 4.59e-04  7.38e-04     0s
   9  -5.62806245e+04 -5.62808467e+04  0.00e+00 2.45e-05  5.69e-05     0s
  10  -5.62807199e+04 -5.62807201e+04  0.00e+00 8.53e-14  6.38e-08     0s
  11  -5.62807200e+04 -5.62807200e+04  3.85e-15 5.68e-14  6.68e-14     0s

Barrier solved model in 11 iterations and 0.02 seconds
Optimal objective -5.62807200e+04


Root relaxation: objective -5.628072e+04, 29 iterations, 0.01 seconds

    Nodes    |    Current Node    |     Objective Bounds      |     Work
 Expl Unexpl |  Obj  Depth IntInf | Incumbent    BestBd   Gap | It/Node Time

     0     0 -56280.720    0   32 -50006.960 -56280.720  12.5%     -    0s
H    0     0                    -56169.44000 -56280.720  0.20%     -    0s

Explored 0 nodes (31 simplex iterations) in 0.03 seconds
Thread count was 20 (of 20 available processors)

Solution count 3: -56169.4 -50007 -2468.8 
Pool objective bound -56280.7

Optimal solution found (tolerance 5.00e-02)
Best objective -5.616944000000e+04, best bound -5.628072000000e+04, gap 0.1981%
Changed value of parameter MIPGap to 0.05
   Prev: 0.0001  Min: 0.0  Max: 1e+100  Default: 0.0001
Changed value of parameter TimeLimit to 1800.0
   Prev: 1e+100  Min: 0.0  Max: 1e+100  Default: 1e+100
Changed value of parameter Method to 2
   Prev: -1  Min: -1  Max: 4  Default: -1
Changed value of parameter MIPFocus to 1
   Prev: 0  Min: 0  Max: 3  Default: 0
Optimize a model with 4178 rows, 6117 columns and 12234 nonzeros
Variable types: 0 continuous, 6117 integer (6117 binary)
Coefficient statistics:
  Matrix range     [1e+00, 5e+00]
  Objective range  [2e+00, 5e+02]
  Bounds range     [1e+00, 1e+00]
  RHS range        [8e+01, 8e+01]
Found heuristic solution: objective 0
Presolve removed 4107 rows and 4194 columns
Presolve time: 0.01s
Presolved: 71 rows, 1923 columns, 3176 nonzeros
Found heuristic solution: objective -122826.2000
Variable types: 0 continuous, 1923 integer (1900 binary)
Presolved: 71 rows, 1923 columns, 3176 nonzeros

Root barrier log...

Ordering time: 0.00s

Barrier statistics:
 AA' NZ     : 1.095e+03
 Factor NZ  : 2.510e+03 (roughly 1 MByte of memory)
 Factor Ops : 1.174e+05 (less than 1 second per iteration)
 Threads    : 1

                  Objective                Residual
Iter       Primal          Dual         Primal    Dual     Compl     Time
   0  -2.40267287e+05 -6.23567050e+05  2.51e+01 1.85e-13  4.69e+02     0s
   1  -1.12203113e+05 -4.37334979e+05  1.74e-01 1.45e+02  9.10e+01     0s
   2  -1.25300663e+05 -1.78432651e+05  0.00e+00 1.77e+01  1.38e+01     0s
   3  -1.34958773e+05 -1.43631672e+05  0.00e+00 2.95e+00  2.23e+00     0s
   4  -1.37837771e+05 -1.39561086e+05  0.00e+00 6.39e-01  4.42e-01     0s
   5  -1.38150116e+05 -1.38738837e+05  0.00e+00 1.93e-01  1.51e-01     0s
   6  -1.38266217e+05 -1.38474239e+05  0.00e+00 5.21e-02  5.33e-02     0s
   7  -1.38331181e+05 -1.38411687e+05  0.00e+00 2.25e-02  2.06e-02     0s
   8  -1.38354170e+05 -1.38366819e+05  0.00e+00 3.25e-03  3.24e-03     0s
   9  -1.38357827e+05 -1.38358171e+05  0.00e+00 6.60e-05  8.81e-05     0s
  10  -1.38357900e+05 -1.38357900e+05  0.00e+00 1.14e-13  8.81e-08     0s
  11  -1.38357900e+05 -1.38357900e+05  6.30e-15 1.14e-13  9.19e-14     0s

Barrier solved model in 11 iterations and 0.02 seconds
Optimal objective -1.38357900e+05


Root relaxation: objective -1.383579e+05, 27 iterations, 0.01 seconds

    Nodes    |    Current Node    |     Objective Bounds      |     Work
 Expl Unexpl |  Obj  Depth IntInf | Incumbent    BestBd   Gap | It/Node Time

     0     0 -138357.90    0   31 -122826.20 -138357.90  12.6%     -    0s
H    0     0                    -138108.0000 -138357.90  0.18%     -    0s

Explored 0 nodes (32 simplex iterations) in 0.03 seconds
Thread count was 20 (of 20 available processors)

Solution count 3: -138108 -122826 -6034 
Pool objective bound -138358

Optimal solution found (tolerance 5.00e-02)
Best objective -1.381080000000e+05, best bound -1.383578000000e+05, gap 0.1809%
Changed value of parameter MIPGap to 0.05
   Prev: 0.0001  Min: 0.0  Max: 1e+100  Default: 0.0001
Changed value of parameter TimeLimit to 1800.0
   Prev: 1e+100  Min: 0.0  Max: 1e+100  Default: 1e+100
Changed value of parameter Method to 2
   Prev: -1  Min: -1  Max: 4  Default: -1
Changed value of parameter MIPFocus to 1
   Prev: 0  Min: 0  Max: 3  Default: 0
Optimize a model with 4178 rows, 6117 columns and 12234 nonzeros
Variable types: 0 continuous, 6117 integer (6117 binary)
Coefficient statistics:
  Matrix range     [1e+00, 5e+00]
  Objective range  [9e+00, 5e+03]
  Bounds range     [1e+00, 1e+00]
  RHS range        [8e+01, 8e+01]
Found heuristic solution: objective 0
Presolve removed 4107 rows and 4194 columns
Presolve time: 0.01s
Presolved: 71 rows, 1923 columns, 3176 nonzeros
Found heuristic solution: objective -1213894.000
Variable types: 0 continuous, 1923 integer (1900 binary)
Presolved: 71 rows, 1923 columns, 3176 nonzeros

Root barrier log...

Ordering time: 0.00s

Barrier statistics:
 AA' NZ     : 1.095e+03
 Factor NZ  : 2.510e+03 (roughly 1 MByte of memory)
 Factor Ops : 1.174e+05 (less than 1 second per iteration)
 Threads    : 1

                  Objective                Residual
Iter       Primal          Dual         Primal    Dual     Compl     Time
   0  -2.36167816e+06 -6.22341038e+06  2.51e+01 9.09e-13  4.69e+03     0s
   1  -1.10793031e+06 -4.36136784e+06  1.67e-01 1.46e+03  9.10e+02     0s
   2  -1.23946960e+06 -1.77021477e+06  0.00e+00 1.79e+02  1.38e+02     0s
   3  -1.33570509e+06 -1.42245596e+06  0.00e+00 3.04e+01  2.23e+01     0s
   4  -1.36446402e+06 -1.38169881e+06  0.00e+00 6.64e+00  4.42e+00     0s
   5  -1.36735691e+06 -1.37314449e+06  0.00e+00 1.89e+00  1.48e+00     0s
   6  -1.36865426e+06 -1.37072448e+06  0.00e+00 5.83e-01  5.30e-01     0s
   7  -1.36921031e+06 -1.37011123e+06  0.00e+00 2.67e-01  2.31e-01     0s
   8  -1.36945335e+06 -1.36962720e+06  0.00e+00 3.05e-02  4.45e-02     0s
   9  -1.36953480e+06 -1.36954166e+06  0.00e+00 1.66e-03  1.76e-03     0s
  10  -1.36953600e+06 -1.36953601e+06  0.00e+00 1.36e-12  1.76e-06     0s
  11  -1.36953600e+06 -1.36953600e+06  7.83e-15 9.09e-13  1.79e-12     0s

Barrier solved model in 11 iterations and 0.02 seconds
Optimal objective -1.36953600e+06


Root relaxation: objective -1.369536e+06, 28 iterations, 0.01 seconds

    Nodes    |    Current Node    |     Objective Bounds      |     Work
 Expl Unexpl |  Obj  Depth IntInf | Incumbent    BestBd   Gap | It/Node Time

     0     0 -1369536.0    0   32 -1213894.0 -1369536.0  12.8%     -    0s
H    0     0                    -1367112.000 -1369536.0  0.18%     -    0s

Explored 0 nodes (32 simplex iterations) in 0.03 seconds
Thread count was 20 (of 20 available processors)

Solution count 3: -1.36711e+06 -1.21389e+06 -59512 
Pool objective bound -1.36954e+06

Optimal solution found (tolerance 5.00e-02)
Best objective -1.367112000000e+06, best bound -1.369536000000e+06, gap 0.1773%
