Changed value of parameter MIPGap to 0.05
   Prev: 0.0001  Min: 0.0  Max: 1e+100  Default: 0.0001
Changed value of parameter TimeLimit to 1800.0
   Prev: 1e+100  Min: 0.0  Max: 1e+100  Default: 1e+100
Changed value of parameter Method to 2
   Prev: -1  Min: -1  Max: 4  Default: -1
Changed value of parameter MIPFocus to 1
   Prev: 0  Min: 0  Max: 3  Default: 0
Optimize a model with 21410 rows, 31815 columns and 63630 nonzeros
Variable types: 0 continuous, 31815 integer (31815 binary)
Coefficient statistics:
  Matrix range     [1e+00, 5e+00]
  Objective range  [1e+00, 1e+00]
  Bounds range     [1e+00, 1e+00]
  RHS range        [8e+01, 8e+01]
Found heuristic solution: objective 0
Presolve removed 21210 rows and 22397 columns
Presolve time: 0.11s
Presolved: 200 rows, 9418 columns, 18836 nonzeros
Variable types: 0 continuous, 9418 integer (8231 binary)
Presolved: 200 rows, 9418 columns, 18836 nonzeros

Root barrier log...

Ordering time: 0.00s

Barrier statistics:
 AA' NZ     : 9.165e+03
 Factor NZ  : 1.907e+04 (roughly 4 MBytes of memory)
 Factor Ops : 2.405e+06 (less than 1 second per iteration)
 Threads    : 1

                  Objective                Residual
Iter       Primal          Dual         Primal    Dual     Compl     Time
   0  -2.13350890e+04 -9.75674442e+03  6.72e+01 2.22e-16  1.33e+00     0s
   1  -3.69563065e+03 -7.09531827e+03  0.00e+00 1.78e-15  1.79e-01     0s
   2  -3.97104770e+03 -4.17614544e+03  0.00e+00 1.78e-15  1.08e-02     0s
   3  -3.99995723e+03 -4.00019288e+03  0.00e+00 1.78e-15  1.24e-05     0s
   4  -3.99999996e+03 -4.00000019e+03  0.00e+00 1.78e-15  1.24e-08     0s
   5  -4.00000000e+03 -4.00000000e+03  8.30e-15 1.78e-15  1.25e-14     0s

Barrier solved model in 5 iterations and 0.23 seconds
Optimal objective -4.00000000e+03


Root relaxation: objective -4.000000e+03, 8174 iterations, 0.14 seconds

    Nodes    |    Current Node    |     Objective Bounds      |     Work
 Expl Unexpl |  Obj  Depth IntInf | Incumbent    BestBd   Gap | It/Node Time

*    0     0               0    -4000.000000 -4000.0000  0.00%     -    0s

Explored 0 nodes (8174 simplex iterations) in 0.33 seconds
Thread count was 20 (of 20 available processors)

Solution count 2: -4000 0 
Pool objective bound -4000

Optimal solution found (tolerance 5.00e-02)
Best objective -4.000000000000e+03, best bound -4.000000000000e+03, gap 0.0000%
(0, 3728.0)
(1, 3719.0)
(2, 3728.0)
(3, 3720.0)
(4, 3717.0)
(5, 3729.0)
(6, 3727.0)
(7, 3735.0)
(8, 3730.0)
(9, 3722.0)
(10, 3708.0)
(11, 3723.0)
(12, 3723.0)
(13, 3728.0)
(14, 3726.0)
(15, 3728.0)
(16, 3722.0)
(17, 3721.0)
(18, 3727.0)
(19, 3725.0)
(20, 3710.0)
(21, 3724.0)
(22, 3720.0)
(23, 3729.0)
(24, 3719.0)
(25, 3719.0)
(26, 3734.0)
(27, 3729.0)
(28, 3730.0)
(29, 3726.0)
(30, 3734.0)
(31, 3719.0)
(32, 3732.0)
(33, 3725.0)
(34, 3722.0)
(35, 3715.0)
(36, 3727.0)
(37, 3723.0)
(38, 3720.0)
(39, 3713.0)
(0, 3729.0)
(1, 3730.0)
(2, 3721.0)
(3, 3728.0)
(4, 3721.0)
(5, 3728.0)
(6, 3723.0)
(7, 3728.0)
(8, 3730.0)
(9, 3728.0)
(10, 3721.0)
(11, 3712.0)
(12, 3720.0)
(13, 3719.0)
(14, 3722.0)
(15, 3723.0)
(16, 3727.0)
(17, 3715.0)
(18, 3727.0)
(19, 3725.0)
(20, 3720.0)
(21, 3725.0)
(22, 3723.0)
(23, 3722.0)
(24, 3725.0)
(25, 3733.0)
(26, 3734.0)
(27, 3732.0)
(28, 3732.0)
(29, 3730.0)
(30, 3726.0)
(31, 3726.0)
(32, 3714.0)
(33, 3720.0)
(34, 3726.0)
(35, 3728.0)
(36, 3723.0)
(37, 3717.0)
(38, 3712.0)
(39, 3738.0)
Changed value of parameter MIPGap to 0.05
   Prev: 0.0001  Min: 0.0  Max: 1e+100  Default: 0.0001
Changed value of parameter TimeLimit to 1800.0
   Prev: 1e+100  Min: 0.0  Max: 1e+100  Default: 1e+100
Changed value of parameter Method to 2
   Prev: -1  Min: -1  Max: 4  Default: -1
Changed value of parameter MIPFocus to 1
   Prev: 0  Min: 0  Max: 3  Default: 0
Optimize a model with 21410 rows, 31815 columns and 63630 nonzeros
Variable types: 0 continuous, 31815 integer (31815 binary)
Coefficient statistics:
  Matrix range     [1e+00, 5e+00]
  Objective range  [1e+00, 1e+00]
  Bounds range     [1e+00, 1e+00]
  RHS range        [8e+01, 8e+01]
Found heuristic solution: objective 0
Presolve removed 21210 rows and 22397 columns
Presolve time: 0.05s
Presolved: 200 rows, 9418 columns, 18836 nonzeros
Variable types: 0 continuous, 9418 integer (8231 binary)
Presolved: 200 rows, 9418 columns, 18836 nonzeros

Root barrier log...

Ordering time: 0.00s

Barrier statistics:
 AA' NZ     : 9.165e+03
 Factor NZ  : 1.907e+04 (roughly 4 MBytes of memory)
 Factor Ops : 2.405e+06 (less than 1 second per iteration)
 Threads    : 1

                  Objective                Residual
Iter       Primal          Dual         Primal    Dual     Compl     Time
   0  -2.13494203e+04 -9.75026145e+03  6.72e+01 2.22e-16  1.32e+00     0s
   1  -3.69818474e+03 -7.09266501e+03  0.00e+00 1.78e-15  1.78e-01     0s
   2  -3.97311478e+03 -4.17795632e+03  0.00e+00 1.78e-15  1.08e-02     0s
   3  -4.00195728e+03 -4.00219269e+03  0.00e+00 1.78e-15  1.24e-05     0s
   4  -4.00199996e+03 -4.00200019e+03  0.00e+00 1.78e-15  1.24e-08     0s
   5  -4.00200000e+03 -4.00200000e+03  7.59e-15 2.66e-15  1.25e-14     0s

Barrier solved model in 5 iterations and 0.08 seconds
Optimal objective -4.00200000e+03


Root relaxation: objective -4.002000e+03, 8174 iterations, 0.06 seconds

    Nodes    |    Current Node    |     Objective Bounds      |     Work
 Expl Unexpl |  Obj  Depth IntInf | Incumbent    BestBd   Gap | It/Node Time

*    0     0               0    -4002.000000 -4002.0000  0.00%     -    0s

Explored 0 nodes (8267 simplex iterations) in 0.14 seconds
Thread count was 20 (of 20 available processors)

Solution count 2: -4002 0 
Pool objective bound -4002

Optimal solution found (tolerance 5.00e-02)
Best objective -4.002000000000e+03, best bound -4.002000000000e+03, gap 0.0000%
(0, 3728.863500000265)
(1, 3729.8640000002652)
(2, 3722.8605000002644)
(3, 3729.8640000002652)
(4, 3720.8595000002642)
(5, 3730.8645000002653)
(6, 3722.8605000002644)
(7, 3726.8625000002648)
(8, 3721.8600000002643)
(9, 3714.8565000002636)
(10, 3734.8665000002657)
(11, 3722.8605000002644)
(12, 3737.868000000266)
(13, 3728.863500000265)
(14, 3723.8610000002645)
(15, 3732.8655000002655)
(16, 3719.8590000002641)
(17, 3734.8665000002657)
(18, 3727.8630000002649)
(19, 3723.8610000002645)
(20, 3731.8650000002654)
(21, 3723.8610000002645)
(22, 3740.8695000002663)
(23, 3737.868000000266)
(24, 3733.8660000002656)
(25, 3720.8595000002642)
(26, 3733.8660000002656)
(27, 3724.8615000002646)
(28, 3729.8640000002652)
(29, 3732.8655000002655)
(30, 3731.8650000002654)
(31, 3726.8625000002648)
(32, 3731.8650000002654)
(33, 3720.8595000002642)
(34, 3729.8640000002652)
(35, 3724.8615000002646)
(36, 3733.8660000002656)
(37, 3731.8650000002654)
(38, 3735.8670000002658)
(39, 3727.8630000002649)
(0, 3722.8605000002644)
(1, 3726.8625000002648)
(2, 3733.8660000002656)
(3, 3730.8645000002653)
(4, 3729.8640000002652)
(5, 3740.8695000002663)
(6, 3730.8645000002653)
(7, 3724.8615000002646)
(8, 3735.8670000002658)
(9, 3735.8670000002658)
(10, 3724.8615000002646)
(11, 3729.8640000002652)
(12, 3730.8645000002653)
(13, 3715.8570000002637)
(14, 3717.8580000002639)
(15, 3728.863500000265)
(16, 3732.8655000002655)
(17, 3721.8600000002643)
(18, 3724.8615000002646)
(19, 3725.8620000002647)
(20, 3732.8655000002655)
(21, 3739.8690000002662)
(22, 3726.8625000002648)
(23, 3744.8715000002667)
(24, 3734.8665000002657)
(25, 3724.8615000002646)
(26, 3737.868000000266)
(27, 3740.8695000002663)
(28, 3725.8620000002647)
(29, 3725.8620000002647)
(30, 3726.8625000002648)
(31, 3728.863500000265)
(32, 3738.8685000002661)
(33, 3725.8620000002647)
(34, 3714.8565000002636)
(35, 3736.8675000002659)
(36, 3732.8655000002655)
(37, 3721.8600000002643)
(38, 3719.8590000002641)
(39, 3724.8615000002646)
Changed value of parameter MIPGap to 0.05
   Prev: 0.0001  Min: 0.0  Max: 1e+100  Default: 0.0001
Changed value of parameter TimeLimit to 1800.0
   Prev: 1e+100  Min: 0.0  Max: 1e+100  Default: 1e+100
Changed value of parameter Method to 2
   Prev: -1  Min: -1  Max: 4  Default: -1
Changed value of parameter MIPFocus to 1
   Prev: 0  Min: 0  Max: 3  Default: 0
Optimize a model with 21410 rows, 31815 columns and 63630 nonzeros
Variable types: 0 continuous, 31815 integer (31815 binary)
Coefficient statistics:
  Matrix range     [1e+00, 5e+00]
  Objective range  [1e+00, 1e+00]
  Bounds range     [1e+00, 1e+00]
  RHS range        [8e+01, 8e+01]
Found heuristic solution: objective 0
Presolve removed 21210 rows and 22397 columns
Presolve time: 0.05s
Presolved: 200 rows, 9418 columns, 18836 nonzeros
Variable types: 0 continuous, 9418 integer (8231 binary)
Presolved: 200 rows, 9418 columns, 18836 nonzeros

Root barrier log...

Ordering time: 0.00s

Barrier statistics:
 AA' NZ     : 9.165e+03
 Factor NZ  : 1.907e+04 (roughly 4 MBytes of memory)
 Factor Ops : 2.405e+06 (less than 1 second per iteration)
 Threads    : 1

                  Objective                Residual
Iter       Primal          Dual         Primal    Dual     Compl     Time
   0  -2.13637512e+04 -9.74377849e+03  6.72e+01 2.22e-16  1.32e+00     0s
   1  -3.70073871e+03 -7.09001170e+03  0.00e+00 1.78e-15  1.78e-01     0s
   2  -3.97518178e+03 -4.17976749e+03  0.00e+00 1.78e-15  1.07e-02     0s
   3  -4.00395734e+03 -4.00419251e+03  0.00e+00 1.78e-15  1.24e-05     0s
   4  -4.00399996e+03 -4.00400019e+03  0.00e+00 1.78e-15  1.24e-08     0s
   5  -4.00400000e+03 -4.00400000e+03  9.73e-15 1.78e-15  1.25e-14     0s

Barrier solved model in 5 iterations and 0.08 seconds
Optimal objective -4.00400000e+03


Root relaxation: objective -4.004000e+03, 8174 iterations, 0.06 seconds

    Nodes    |    Current Node    |     Objective Bounds      |     Work
 Expl Unexpl |  Obj  Depth IntInf | Incumbent    BestBd   Gap | It/Node Time

*    0     0               0    -4004.000000 -4004.0000  0.00%     -    0s

Explored 0 nodes (8425 simplex iterations) in 0.14 seconds
Thread count was 20 (of 20 available processors)

Solution count 2: -4004 0 
Pool objective bound -4004

Optimal solution found (tolerance 5.00e-02)
Best objective -4.004000000000e+03, best bound -4.004000000000e+03, gap 0.0000%
(0, 3735.7320000003024)
(1, 3750.7470000003054)
(2, 3739.7360000003032)
(3, 3745.7420000003044)
(4, 3737.7340000003028)
(5, 3747.7440000003048)
(6, 3741.7380000003036)
(7, 3745.7420000003044)
(8, 3744.7410000003042)
(9, 3736.7330000003026)
(10, 3742.7390000003038)
(11, 3741.7380000003036)
(12, 3742.7390000003038)
(13, 3743.740000000304)
(14, 3741.7380000003036)
(15, 3728.725000000301)
(16, 3735.7320000003024)
(17, 3736.7330000003026)
(18, 3735.7320000003024)
(19, 3738.735000000303)
(20, 3743.740000000304)
(21, 3743.740000000304)
(22, 3731.7280000003016)
(23, 3743.740000000304)
(24, 3748.745000000305)
(25, 3741.7380000003036)
(26, 3742.7390000003038)
(27, 3748.745000000305)
(28, 3753.750000000306)
(29, 3730.7270000003014)
(30, 3748.745000000305)
(31, 3743.740000000304)
(32, 3743.740000000304)
(33, 3732.7290000003018)
(34, 3743.740000000304)
(35, 3748.745000000305)
(36, 3731.7280000003016)
(37, 3745.7420000003044)
(38, 3731.7280000003016)
(39, 3732.7290000003018)
(0, 3732.7290000003018)
(1, 3741.7380000003036)
(2, 3750.7470000003054)
(3, 3740.7370000003034)
(4, 3745.7420000003044)
(5, 3731.7280000003016)
(6, 3743.740000000304)
(7, 3732.7290000003018)
(8, 3742.7390000003038)
(9, 3731.7280000003016)
(10, 3740.7370000003034)
(11, 3743.740000000304)
(12, 3743.740000000304)
(13, 3741.7380000003036)
(14, 3732.7290000003018)
(15, 3746.7430000003046)
(16, 3736.7330000003026)
(17, 3739.7360000003032)
(18, 3744.7410000003042)
(19, 3734.7310000003022)
(20, 3743.740000000304)
(21, 3747.7440000003048)
(22, 3736.7330000003026)
(23, 3735.7320000003024)
(24, 3742.7390000003038)
(25, 3739.7360000003032)
(26, 3735.7320000003024)
(27, 3732.7290000003018)
(28, 3742.7390000003038)
(29, 3750.7470000003054)
(30, 3745.7420000003044)
(31, 3737.7340000003028)
(32, 3741.7380000003036)
(33, 3743.740000000304)
(34, 3733.730000000302)
(35, 3740.7370000003034)
(36, 3744.7410000003042)
(37, 3744.7410000003042)
(38, 3746.7430000003046)
(39, 3743.740000000304)
Changed value of parameter MIPGap to 0.05
   Prev: 0.0001  Min: 0.0  Max: 1e+100  Default: 0.0001
Changed value of parameter TimeLimit to 1800.0
   Prev: 1e+100  Min: 0.0  Max: 1e+100  Default: 1e+100
Changed value of parameter Method to 2
   Prev: -1  Min: -1  Max: 4  Default: -1
Changed value of parameter MIPFocus to 1
   Prev: 0  Min: 0  Max: 3  Default: 0
Optimize a model with 21410 rows, 31815 columns and 63630 nonzeros
Variable types: 0 continuous, 31815 integer (31815 binary)
Coefficient statistics:
  Matrix range     [1e+00, 5e+00]
  Objective range  [1e+00, 1e+00]
  Bounds range     [1e+00, 1e+00]
  RHS range        [8e+01, 8e+01]
Found heuristic solution: objective 0
Presolve removed 21210 rows and 22397 columns
Presolve time: 0.05s
Presolved: 200 rows, 9418 columns, 18836 nonzeros
Variable types: 0 continuous, 9418 integer (8231 binary)
Presolved: 200 rows, 9418 columns, 18836 nonzeros

Root barrier log...

Ordering time: 0.00s

Barrier statistics:
 AA' NZ     : 9.165e+03
 Factor NZ  : 1.907e+04 (roughly 4 MBytes of memory)
 Factor Ops : 2.405e+06 (less than 1 second per iteration)
 Threads    : 1

                  Objective                Residual
Iter       Primal          Dual         Primal    Dual     Compl     Time
   0  -2.13924116e+04 -9.73081256e+03  6.72e+01 2.22e-16  1.32e+00     0s
   1  -3.70584629e+03 -7.08470492e+03  0.00e+00 1.78e-15  1.78e-01     0s
   2  -3.97931553e+03 -4.18339060e+03  0.00e+00 1.78e-15  1.07e-02     0s
   3  -4.00795745e+03 -4.00819214e+03  0.00e+00 1.78e-15  1.23e-05     0s
   4  -4.00799996e+03 -4.00800019e+03  0.00e+00 1.78e-15  1.23e-08     0s
   5  -4.00800000e+03 -4.00800000e+03  8.34e-15 1.78e-15  1.25e-14     0s

Barrier solved model in 5 iterations and 0.08 seconds
Optimal objective -4.00800000e+03


Root relaxation: objective -4.008000e+03, 8174 iterations, 0.06 seconds

    Nodes    |    Current Node    |     Objective Bounds      |     Work
 Expl Unexpl |  Obj  Depth IntInf | Incumbent    BestBd   Gap | It/Node Time

*    0     0               0    -4008.000000 -4008.0000  0.00%     -    0s

Explored 0 nodes (8295 simplex iterations) in 0.14 seconds
Thread count was 20 (of 20 available processors)

Solution count 2: -4008 0 
Pool objective bound -4008

Optimal solution found (tolerance 5.00e-02)
Best objective -4.008000000000e+03, best bound -4.008000000000e+03, gap 0.0000%
(0, 3730.4459999998517)
(1, 3720.4259999998521)
(2, 3727.4399999998518)
(3, 3720.4259999998521)
(4, 3725.4359999998519)
(5, 3716.4179999998523)
(6, 3717.4199999998523)
(7, 3720.4259999998521)
(8, 3714.4139999998524)
(9, 3720.4259999998521)
(10, 3720.4259999998521)
(11, 3711.4079999998526)
(12, 3724.4339999998519)
(13, 3715.4159999998524)
(14, 3722.429999999852)
(15, 3725.4359999998519)
(16, 3718.4219999998522)
(17, 3710.4059999998526)
(18, 3729.4439999998517)
(19, 3725.4359999998519)
(20, 3724.4339999998519)
(21, 3725.4359999998519)
(22, 3721.4279999998521)
(23, 3725.4359999998519)
(24, 3717.4199999998523)
(25, 3716.4179999998523)
(26, 3720.4259999998521)
(27, 3706.3979999998528)
(28, 3727.4399999998518)
(29, 3718.4219999998522)
(30, 3714.4139999998524)
(31, 3709.4039999998527)
(32, 3731.4479999998516)
(33, 3716.4179999998523)
(34, 3717.4199999998523)
(35, 3717.4199999998523)
(36, 3730.4459999998517)
(37, 3721.4279999998521)
(38, 3725.4359999998519)
(39, 3722.429999999852)
(0, 3718.4219999998522)
(1, 3728.4419999998518)
(2, 3716.4179999998523)
(3, 3722.429999999852)
(4, 3718.4219999998522)
(5, 3718.4219999998522)
(6, 3716.4179999998523)
(7, 3722.429999999852)
(8, 3725.4359999998519)
(9, 3716.4179999998523)
(10, 3720.4259999998521)
(11, 3712.4099999998525)
(12, 3720.4259999998521)
(13, 3717.4199999998523)
(14, 3730.4459999998517)
(15, 3730.4459999998517)
(16, 3709.4039999998527)
(17, 3730.4459999998517)
(18, 3719.4239999998522)
(19, 3715.4159999998524)
(20, 3719.4239999998522)
(21, 3720.4259999998521)
(22, 3716.4179999998523)
(23, 3714.4139999998524)
(24, 3731.4479999998516)
(25, 3727.4399999998518)
(26, 3717.4199999998523)
(27, 3713.4119999998525)
(28, 3722.429999999852)
(29, 3719.4239999998522)
(30, 3718.4219999998522)
(31, 3718.4219999998522)
(32, 3721.4279999998521)
(33, 3726.4379999998519)
(34, 3724.4339999998519)
(35, 3726.4379999998519)
(36, 3725.4359999998519)
(37, 3713.4119999998525)
(38, 3725.4359999998519)
(39, 3733.4519999998515)
Changed value of parameter MIPGap to 0.05
   Prev: 0.0001  Min: 0.0  Max: 1e+100  Default: 0.0001
Changed value of parameter TimeLimit to 1800.0
   Prev: 1e+100  Min: 0.0  Max: 1e+100  Default: 1e+100
Changed value of parameter Method to 2
   Prev: -1  Min: -1  Max: 4  Default: -1
Changed value of parameter MIPFocus to 1
   Prev: 0  Min: 0  Max: 3  Default: 0
Optimize a model with 21410 rows, 31815 columns and 63630 nonzeros
Variable types: 0 continuous, 31815 integer (31815 binary)
Coefficient statistics:
  Matrix range     [1e+00, 5e+00]
  Objective range  [1e+00, 1e+00]
  Bounds range     [1e+00, 1e+00]
  RHS range        [8e+01, 8e+01]
Found heuristic solution: objective 0
Presolve removed 21210 rows and 22397 columns
Presolve time: 0.05s
Presolved: 200 rows, 9418 columns, 18836 nonzeros
Variable types: 0 continuous, 9418 integer (8231 binary)
Presolved: 200 rows, 9418 columns, 18836 nonzeros

Root barrier log...

Ordering time: 0.00s

Barrier statistics:
 AA' NZ     : 9.165e+03
 Factor NZ  : 1.907e+04 (roughly 4 MBytes of memory)
 Factor Ops : 2.405e+06 (less than 1 second per iteration)
 Threads    : 1

                  Objective                Residual
Iter       Primal          Dual         Primal    Dual     Compl     Time
   0  -2.14497271e+04 -9.70488071e+03  6.72e+01 2.22e-16  1.31e+00     0s
   1  -3.71605981e+03 -7.07409070e+03  0.00e+00 1.78e-15  1.76e-01     0s
   2  -3.98758194e+03 -4.19063206e+03  0.00e+00 1.78e-15  1.07e-02     0s
   3  -4.01595767e+03 -4.01619139e+03  0.00e+00 1.78e-15  1.23e-05     0s
   4  -4.01599996e+03 -4.01600019e+03  0.00e+00 1.78e-15  1.23e-08     0s
   5  -4.01600000e+03 -4.01600000e+03  6.74e-15 1.78e-15  1.24e-14     0s

Barrier solved model in 5 iterations and 0.08 seconds
Optimal objective -4.01600000e+03


Root relaxation: objective -4.016000e+03, 8174 iterations, 0.06 seconds

    Nodes    |    Current Node    |     Objective Bounds      |     Work
 Expl Unexpl |  Obj  Depth IntInf | Incumbent    BestBd   Gap | It/Node Time

*    0     0               0    -4016.000000 -4016.0000  0.00%     -    0s

Explored 0 nodes (8174 simplex iterations) in 0.13 seconds
Thread count was 20 (of 20 available processors)

Solution count 2: -4016 0 
Pool objective bound -4016

Optimal solution found (tolerance 5.00e-02)
Best objective -4.016000000000e+03, best bound -4.016000000000e+03, gap 0.0000%
(0, 3759.9799999997558)
(1, 3764.9999999997553)
(2, 3742.9119999997574)
(3, 3761.9879999997556)
(4, 3752.9519999997565)
(5, 3753.9559999997564)
(6, 3755.9639999997562)
(7, 3760.9839999997557)
(8, 3753.9559999997564)
(9, 3751.9479999997566)
(10, 3760.9839999997557)
(11, 3755.9639999997562)
(12, 3756.9679999997561)
(13, 3754.9599999997563)
(14, 3755.9639999997562)
(15, 3746.927999999757)
(16, 3754.9599999997563)
(17, 3761.9879999997556)
(18, 3751.9479999997566)
(19, 3754.9599999997563)
(20, 3756.9679999997561)
(21, 3757.971999999756)
(22, 3758.9759999997559)
(23, 3754.9599999997563)
(24, 3762.9919999997555)
(25, 3754.9599999997563)
(26, 3751.9479999997566)
(27, 3743.9159999997573)
(28, 3746.927999999757)
(29, 3762.9919999997555)
(30, 3759.9799999997558)
(31, 3749.9399999997568)
(32, 3759.9799999997558)
(33, 3756.9679999997561)
(34, 3770.0199999997549)
(35, 3756.9679999997561)
(36, 3764.9999999997553)
(37, 3764.9999999997553)
(38, 3753.9559999997564)
(39, 3744.9199999997572)
(0, 3753.9559999997564)
(1, 3750.9439999997567)
(2, 3761.9879999997556)
(3, 3756.9679999997561)
(4, 3761.9879999997556)
(5, 3755.9639999997562)
(6, 3744.9199999997572)
(7, 3767.0079999997552)
(8, 3757.971999999756)
(9, 3749.9399999997568)
(10, 3766.0039999997553)
(11, 3748.9359999997569)
(12, 3755.9639999997562)
(13, 3753.9559999997564)
(14, 3749.9399999997568)
(15, 3751.9479999997566)
(16, 3758.9759999997559)
(17, 3755.9639999997562)
(18, 3744.9199999997572)
(19, 3754.9599999997563)
(20, 3754.9599999997563)
(21, 3752.9519999997565)
(22, 3761.9879999997556)
(23, 3757.971999999756)
(24, 3756.9679999997561)
(25, 3738.8959999997578)
(26, 3754.9599999997563)
(27, 3759.9799999997558)
(28, 3746.927999999757)
(29, 3756.9679999997561)
(30, 3751.9479999997566)
(31, 3745.9239999997571)
(32, 3767.0079999997552)
(33, 3759.9799999997558)
(34, 3757.971999999756)
(35, 3758.9759999997559)
(36, 3755.9639999997562)
(37, 3753.9559999997564)
(38, 3748.9359999997569)
(39, 3759.9799999997558)
Changed value of parameter MIPGap to 0.05
   Prev: 0.0001  Min: 0.0  Max: 1e+100  Default: 0.0001
Changed value of parameter TimeLimit to 1800.0
   Prev: 1e+100  Min: 0.0  Max: 1e+100  Default: 1e+100
Changed value of parameter Method to 2
   Prev: -1  Min: -1  Max: 4  Default: -1
Changed value of parameter MIPFocus to 1
   Prev: 0  Min: 0  Max: 3  Default: 0
Optimize a model with 21410 rows, 31815 columns and 63630 nonzeros
Variable types: 0 continuous, 31815 integer (31815 binary)
Coefficient statistics:
  Matrix range     [1e+00, 5e+00]
  Objective range  [1e+00, 1e+00]
  Bounds range     [1e+00, 1e+00]
  RHS range        [8e+01, 8e+01]
Found heuristic solution: objective 0
Presolve removed 21210 rows and 22397 columns
Presolve time: 0.05s
Presolved: 200 rows, 9418 columns, 18836 nonzeros
Variable types: 0 continuous, 9418 integer (8231 binary)
Presolved: 200 rows, 9418 columns, 18836 nonzeros

Root barrier log...

Ordering time: 0.00s

Barrier statistics:
 AA' NZ     : 9.165e+03
 Factor NZ  : 1.907e+04 (roughly 4 MBytes of memory)
 Factor Ops : 2.405e+06 (less than 1 second per iteration)
 Threads    : 1

                  Objective                Residual
Iter       Primal          Dual         Primal    Dual     Compl     Time
   0  -2.14783822e+04 -9.69191479e+03  6.72e+01 2.22e-16  1.31e+00     0s
   1  -3.72116566e+03 -7.06878326e+03  0.00e+00 1.78e-15  1.76e-01     0s
   2  -3.99171464e+03 -4.19425056e+03  0.00e+00 1.78e-15  1.06e-02     0s
   3  -4.01995778e+03 -4.02019102e+03  0.00e+00 1.78e-15  1.23e-05     0s
   4  -4.01999996e+03 -4.02000019e+03  0.00e+00 1.78e-15  1.23e-08     0s
   5  -4.02000000e+03 -4.02000000e+03  7.99e-15 2.66e-15  1.24e-14     0s

Barrier solved model in 5 iterations and 0.08 seconds
Optimal objective -4.02000000e+03


Root relaxation: objective -4.020000e+03, 8174 iterations, 0.06 seconds

    Nodes    |    Current Node    |     Objective Bounds      |     Work
 Expl Unexpl |  Obj  Depth IntInf | Incumbent    BestBd   Gap | It/Node Time

*    0     0               0    -4020.000000 -4020.0000  0.00%     -    0s

Explored 0 nodes (8174 simplex iterations) in 0.14 seconds
Thread count was 20 (of 20 available processors)

Solution count 2: -4020 0 
Pool objective bound -4020

Optimal solution found (tolerance 5.00e-02)
Best objective -4.020000000000e+03, best bound -4.020000000000e+03, gap 0.0000%
(0, 3745.6350000002913)
(1, 3744.6300000002911)
(2, 3743.625000000291)
(3, 3739.6050000002906)
(4, 3726.5400000002892)
(5, 3731.5650000002897)
(6, 3730.5600000002896)
(7, 3735.5850000002902)
(8, 3730.5600000002896)
(9, 3745.6350000002913)
(10, 3743.625000000291)
(11, 3740.6100000002907)
(12, 3750.6600000002918)
(13, 3736.5900000002903)
(14, 3742.6200000002909)
(15, 3741.6150000002908)
(16, 3735.5850000002902)
(17, 3738.6000000002905)
(18, 3732.5700000002898)
(19, 3732.5700000002898)
(20, 3727.5450000002893)
(21, 3732.5700000002898)
(22, 3737.5950000002904)
(23, 3750.6600000002918)
(24, 3740.6100000002907)
(25, 3737.5950000002904)
(26, 3732.5700000002898)
(27, 3744.6300000002911)
(28, 3727.5450000002893)
(29, 3738.6000000002905)
(30, 3732.5700000002898)
(31, 3734.5800000002901)
(32, 3723.5250000002889)
(33, 3733.5750000002899)
(34, 3729.5550000002895)
(35, 3739.6050000002906)
(36, 3743.625000000291)
(37, 3745.6350000002913)
(38, 3742.6200000002909)
(39, 3729.5550000002895)
(0, 3739.6050000002906)
(1, 3743.625000000291)
(2, 3742.6200000002909)
(3, 3743.625000000291)
(4, 3737.5950000002904)
(5, 3736.5900000002903)
(6, 3739.6050000002906)
(7, 3743.625000000291)
(8, 3736.5900000002903)
(9, 3737.5950000002904)
(10, 3739.6050000002906)
(11, 3739.6050000002906)
(12, 3737.5950000002904)
(13, 3730.5600000002896)
(14, 3729.5550000002895)
(15, 3734.5800000002901)
(16, 3731.5650000002897)
(17, 3741.6150000002908)
(18, 3743.625000000291)
(19, 3735.5850000002902)
(20, 3733.5750000002899)
(21, 3736.5900000002903)
(22, 3741.6150000002908)
(23, 3745.6350000002913)
(24, 3733.5750000002899)
(25, 3735.5850000002902)
(26, 3746.6400000002914)
(27, 3736.5900000002903)
(28, 3730.5600000002896)
(29, 3741.6150000002908)
(30, 3739.6050000002906)
(31, 3725.5350000002891)
(32, 3738.6000000002905)
(33, 3744.6300000002911)
(34, 3736.5900000002903)
(35, 3740.6100000002907)
(36, 3741.6150000002908)
(37, 3738.6000000002905)
(38, 3743.625000000291)
(39, 3741.6150000002908)
Changed value of parameter MIPGap to 0.05
   Prev: 0.0001  Min: 0.0  Max: 1e+100  Default: 0.0001
Changed value of parameter TimeLimit to 1800.0
   Prev: 1e+100  Min: 0.0  Max: 1e+100  Default: 1e+100
Changed value of parameter Method to 2
   Prev: -1  Min: -1  Max: 4  Default: -1
Changed value of parameter MIPFocus to 1
   Prev: 0  Min: 0  Max: 3  Default: 0
Optimize a model with 21410 rows, 31815 columns and 63630 nonzeros
Variable types: 0 continuous, 31815 integer (31815 binary)
Coefficient statistics:
  Matrix range     [1e+00, 5e+00]
  Objective range  [1e+00, 1e+00]
  Bounds range     [1e+00, 1e+00]
  RHS range        [8e+01, 8e+01]
Found heuristic solution: objective 0
Presolve removed 21210 rows and 22397 columns
Presolve time: 0.05s
Presolved: 200 rows, 9418 columns, 18836 nonzeros
Variable types: 0 continuous, 9418 integer (8231 binary)
Presolved: 200 rows, 9418 columns, 18836 nonzeros

Root barrier log...

Ordering time: 0.00s

Barrier statistics:
 AA' NZ     : 9.165e+03
 Factor NZ  : 1.907e+04 (roughly 4 MBytes of memory)
 Factor Ops : 2.405e+06 (less than 1 second per iteration)
 Threads    : 1

                  Objective                Residual
Iter       Primal          Dual         Primal    Dual     Compl     Time
   0  -2.16216298e+04 -9.62708516e+03  6.72e+01 2.22e-16  1.29e+00     0s
   1  -3.74668306e+03 -7.04224267e+03  0.00e+00 1.78e-15  1.73e-01     0s
   2  -4.01233102e+03 -4.21227143e+03  0.00e+00 1.78e-15  1.05e-02     0s
   3  -4.03995829e+03 -4.04018921e+03  0.00e+00 1.78e-15  1.21e-05     0s
   4  -4.03999996e+03 -4.04000019e+03  0.00e+00 2.66e-15  1.21e-08     0s
   5  -4.04000000e+03 -4.04000000e+03  6.17e-15 2.66e-15  1.23e-14     0s

Barrier solved model in 5 iterations and 0.08 seconds
Optimal objective -4.04000000e+03


Root relaxation: objective -4.040000e+03, 8175 iterations, 0.06 seconds

    Nodes    |    Current Node    |     Objective Bounds      |     Work
 Expl Unexpl |  Obj  Depth IntInf | Incumbent    BestBd   Gap | It/Node Time

*    0     0               0    -4040.000000 -4040.0000  0.00%     -    0s

Explored 0 nodes (8175 simplex iterations) in 0.14 seconds
Thread count was 20 (of 20 available processors)

Solution count 2: -4040 0 
Pool objective bound -4040

Optimal solution found (tolerance 5.00e-02)
Best objective -4.040000000000e+03, best bound -4.040000000000e+03, gap 0.0000%
(0, 3768.3100000003551)
(1, 3770.3300000003555)
(2, 3766.2900000003547)
(3, 3764.2700000003542)
(4, 3773.3600000003562)
(5, 3766.2900000003547)
(6, 3774.3700000003564)
(7, 3775.3800000003566)
(8, 3765.2800000003544)
(9, 3778.4100000003573)
(10, 3774.3700000003564)
(11, 3776.3900000003568)
(12, 3768.3100000003551)
(13, 3775.3800000003566)
(14, 3774.3700000003564)
(15, 3766.2900000003547)
(16, 3768.3100000003551)
(17, 3775.3800000003566)
(18, 3767.3000000003549)
(19, 3764.2700000003542)
(20, 3777.4000000003571)
(21, 3760.2300000003534)
(22, 3773.3600000003562)
(23, 3770.3300000003555)
(24, 3766.2900000003547)
(25, 3771.3400000003558)
(26, 3779.4200000003575)
(27, 3766.2900000003547)
(28, 3767.3000000003549)
(29, 3764.2700000003542)
(30, 3765.2800000003544)
(31, 3767.3000000003549)
(32, 3762.2500000003538)
(33, 3773.3600000003562)
(34, 3772.350000000356)
(35, 3766.2900000003547)
(36, 3770.3300000003555)
(37, 3777.4000000003571)
(38, 3772.350000000356)
(39, 3763.260000000354)
(0, 3767.3000000003549)
(1, 3772.350000000356)
(2, 3763.260000000354)
(3, 3758.2100000003529)
(4, 3767.3000000003549)
(5, 3768.3100000003551)
(6, 3775.3800000003566)
(7, 3771.3400000003558)
(8, 3765.2800000003544)
(9, 3773.3600000003562)
(10, 3765.2800000003544)
(11, 3757.2000000003527)
(12, 3772.350000000356)
(13, 3776.3900000003568)
(14, 3767.3000000003549)
(15, 3761.2400000003536)
(16, 3768.3100000003551)
(17, 3774.3700000003564)
(18, 3764.2700000003542)
(19, 3769.3200000003553)
(20, 3777.4000000003571)
(21, 3768.3100000003551)
(22, 3768.3100000003551)
(23, 3758.2100000003529)
(24, 3770.3300000003555)
(25, 3761.2400000003536)
(26, 3756.1900000003525)
(27, 3768.3100000003551)
(28, 3768.3100000003551)
(29, 3758.2100000003529)
(30, 3772.350000000356)
(31, 3760.2300000003534)
(32, 3764.2700000003542)
(33, 3776.3900000003568)
(34, 3771.3400000003558)
(35, 3767.3000000003549)
(36, 3774.3700000003564)
(37, 3761.2400000003536)
(38, 3765.2800000003544)
(39, 3769.3200000003553)
Changed value of parameter MIPGap to 0.05
   Prev: 0.0001  Min: 0.0  Max: 1e+100  Default: 0.0001
Changed value of parameter TimeLimit to 1800.0
   Prev: 1e+100  Min: 0.0  Max: 1e+100  Default: 1e+100
Changed value of parameter Method to 2
   Prev: -1  Min: -1  Max: 4  Default: -1
Changed value of parameter MIPFocus to 1
   Prev: 0  Min: 0  Max: 3  Default: 0
Optimize a model with 21410 rows, 31815 columns and 63630 nonzeros
Variable types: 0 continuous, 31815 integer (31815 binary)
Coefficient statistics:
  Matrix range     [1e+00, 5e+00]
  Objective range  [1e+00, 1e+00]
  Bounds range     [1e+00, 1e+00]
  RHS range        [8e+01, 8e+01]
Found heuristic solution: objective 0
Presolve removed 21210 rows and 22397 columns
Presolve time: 0.05s
Presolved: 200 rows, 9418 columns, 18836 nonzeros
Variable types: 0 continuous, 9418 integer (8231 binary)
Presolved: 200 rows, 9418 columns, 18836 nonzeros

Root barrier log...

Ordering time: 0.00s

Barrier statistics:
 AA' NZ     : 9.165e+03
 Factor NZ  : 1.907e+04 (roughly 4 MBytes of memory)
 Factor Ops : 2.405e+06 (less than 1 second per iteration)
 Threads    : 1

                  Objective                Residual
Iter       Primal          Dual         Primal    Dual     Compl     Time
   0  -2.19079794e+04 -9.49742591e+03  6.72e+01 2.22e-16  1.25e+00     0s
   1  -3.79763220e+03 -6.98914652e+03  0.00e+00 1.78e-15  1.68e-01     0s
   2  -4.05328799e+03 -4.24785823e+03  0.00e+00 1.78e-15  1.02e-02     0s
   3  -4.07995910e+03 -4.08018589e+03  0.00e+00 2.66e-15  1.19e-05     0s
   4  -4.07999996e+03 -4.08000019e+03  0.00e+00 2.66e-15  1.19e-08     0s
   5  -4.08000000e+03 -4.08000000e+03  7.93e-15 1.78e-15  1.21e-14     0s

Barrier solved model in 5 iterations and 0.08 seconds
Optimal objective -4.08000000e+03


Root relaxation: objective -4.080000e+03, 8174 iterations, 0.06 seconds

    Nodes    |    Current Node    |     Objective Bounds      |     Work
 Expl Unexpl |  Obj  Depth IntInf | Incumbent    BestBd   Gap | It/Node Time

*    0     0               0    -4080.000000 -4080.0000  0.00%     -    0s

Explored 0 nodes (8174 simplex iterations) in 0.14 seconds
Thread count was 20 (of 20 available processors)

Solution count 2: -4080 0 
Pool objective bound -4080

Optimal solution found (tolerance 5.00e-02)
Best objective -4.080000000000e+03, best bound -4.080000000000e+03, gap 0.0000%
(0, 3806.639999999938)
(1, 3799.4999999999382)
(2, 3807.659999999938)
(3, 3818.8799999999378)
(4, 3803.5799999999381)
(5, 3806.639999999938)
(6, 3805.619999999938)
(7, 3796.4399999999382)
(8, 3809.699999999938)
(9, 3809.699999999938)
(10, 3804.5999999999381)
(11, 3814.7999999999379)
(12, 3811.7399999999379)
(13, 3807.659999999938)
(14, 3809.699999999938)
(15, 3813.7799999999379)
(16, 3810.719999999938)
(17, 3801.5399999999381)
(18, 3812.7599999999379)
(19, 3806.639999999938)
(20, 3801.5399999999381)
(21, 3800.5199999999381)
(22, 3806.639999999938)
(23, 3807.659999999938)
(24, 3806.639999999938)
(25, 3814.7999999999379)
(26, 3810.719999999938)
(27, 3811.7399999999379)
(28, 3791.3399999999383)
(29, 3810.719999999938)
(30, 3809.699999999938)
(31, 3806.639999999938)
(32, 3802.5599999999381)
(33, 3808.679999999938)
(34, 3803.5799999999381)
(35, 3798.4799999999382)
(36, 3796.4399999999382)
(37, 3812.7599999999379)
(38, 3813.7799999999379)
(39, 3806.639999999938)
(0, 3813.7799999999379)
(1, 3809.699999999938)
(2, 3800.5199999999381)
(3, 3807.659999999938)
(4, 3819.8999999999378)
(5, 3805.619999999938)
(6, 3806.639999999938)
(7, 3811.7399999999379)
(8, 3811.7399999999379)
(9, 3811.7399999999379)
(10, 3799.4999999999382)
(11, 3808.679999999938)
(12, 3802.5599999999381)
(13, 3803.5799999999381)
(14, 3798.4799999999382)
(15, 3792.3599999999383)
(16, 3810.719999999938)
(17, 3809.699999999938)
(18, 3805.619999999938)
(19, 3811.7399999999379)
(20, 3808.679999999938)
(21, 3804.5999999999381)
(22, 3814.7999999999379)
(23, 3811.7399999999379)
(24, 3796.4399999999382)
(25, 3799.4999999999382)
(26, 3798.4799999999382)
(27, 3800.5199999999381)
(28, 3800.5199999999381)
(29, 3818.8799999999378)
(30, 3809.699999999938)
(31, 3810.719999999938)
(32, 3800.5199999999381)
(33, 3806.639999999938)
(34, 3806.639999999938)
(35, 3810.719999999938)
(36, 3803.5799999999381)
(37, 3813.7799999999379)
(38, 3808.679999999938)
(39, 3803.5799999999381)
Changed value of parameter MIPGap to 0.05
   Prev: 0.0001  Min: 0.0  Max: 1e+100  Default: 0.0001
Changed value of parameter TimeLimit to 1800.0
   Prev: 1e+100  Min: 0.0  Max: 1e+100  Default: 1e+100
Changed value of parameter Method to 2
   Prev: -1  Min: -1  Max: 4  Default: -1
Changed value of parameter MIPFocus to 1
   Prev: 0  Min: 0  Max: 3  Default: 0
Optimize a model with 21410 rows, 31815 columns and 63630 nonzeros
Variable types: 0 continuous, 31815 integer (31815 binary)
Coefficient statistics:
  Matrix range     [1e+00, 5e+00]
  Objective range  [1e+00, 1e+00]
  Bounds range     [1e+00, 1e+00]
  RHS range        [8e+01, 8e+01]
Found heuristic solution: objective 0
Presolve removed 21210 rows and 22397 columns
Presolve time: 0.05s
Presolved: 200 rows, 9418 columns, 18836 nonzeros
Variable types: 0 continuous, 9418 integer (8231 binary)
Presolved: 200 rows, 9418 columns, 18836 nonzeros

Root barrier log...

Ordering time: 0.00s

Barrier statistics:
 AA' NZ     : 9.165e+03
 Factor NZ  : 1.907e+04 (roughly 4 MBytes of memory)
 Factor Ops : 2.405e+06 (less than 1 second per iteration)
 Threads    : 1

                  Objective                Residual
Iter       Primal          Dual         Primal    Dual     Compl     Time
   0  -2.24800278e+04 -9.23810740e+03  6.72e+01 2.22e-16  1.16e+00     0s
   1  -4.02044433e+03 -6.88443893e+03  4.38e-01 1.78e-15  1.61e-01     0s
   2  -4.13800670e+03 -4.32869562e+03  1.01e-02 1.78e-15  1.02e-02     0s
   3  -4.15995827e+03 -4.16018944e+03  0.00e+00 1.78e-15  1.21e-05     0s
   4  -4.15999996e+03 -4.16000019e+03  0.00e+00 2.66e-15  1.21e-08     0s
   5  -4.16000000e+03 -4.16000000e+03  7.52e-15 1.78e-15  1.23e-14     0s

Barrier solved model in 5 iterations and 0.08 seconds
Optimal objective -4.16000000e+03


Root relaxation: objective -4.160000e+03, 8175 iterations, 0.06 seconds

    Nodes    |    Current Node    |     Objective Bounds      |     Work
 Expl Unexpl |  Obj  Depth IntInf | Incumbent    BestBd   Gap | It/Node Time

*    0     0               0    -4160.000000 -4160.0000  0.00%     -    0s

Explored 0 nodes (8389 simplex iterations) in 0.14 seconds
Thread count was 20 (of 20 available processors)

Solution count 2: -4160 0 
Pool objective bound -4160

Optimal solution found (tolerance 5.00e-02)
Best objective -4.160000000000e+03, best bound -4.160000000000e+03, gap 0.0000%
(0, 3861.5199999998872)
(1, 3882.3199999998865)
(2, 3883.3599999998864)
(3, 3871.9199999998868)
(4, 3872.9599999998868)
(5, 3865.6799999998871)
(6, 3868.7999999998869)
(7, 3885.4399999998864)
(8, 3877.1199999998867)
(9, 3870.8799999998869)
(10, 3879.1999999998866)
(11, 3862.5599999998872)
(12, 3879.1999999998866)
(13, 3872.9599999998868)
(14, 3870.8799999998869)
(15, 3880.2399999998865)
(16, 3872.9599999998868)
(17, 3882.3199999998865)
(18, 3875.0399999998867)
(19, 3880.2399999998865)
(20, 3881.2799999998865)
(21, 3864.6399999998871)
(22, 3880.2399999998865)
(23, 3863.5999999998871)
(24, 3879.1999999998866)
(25, 3870.8799999998869)
(26, 3865.6799999998871)
(27, 3868.7999999998869)
(28, 3876.0799999998867)
(29, 3877.1199999998867)
(30, 3879.1999999998866)
(31, 3857.3599999998873)
(32, 3864.6399999998871)
(33, 3869.8399999998869)
(34, 3876.0799999998867)
(35, 3870.8799999998869)
(36, 3882.3199999998865)
(37, 3880.2399999998865)
(38, 3858.3999999998873)
(39, 3878.1599999998866)
(0, 3864.6399999998871)
(1, 3863.5999999998871)
(2, 3869.8399999998869)
(3, 3875.0399999998867)
(4, 3877.1199999998867)
(5, 3857.3599999998873)
(6, 3866.719999999887)
(7, 3877.1199999998867)
(8, 3883.3599999998864)
(9, 3882.3199999998865)
(10, 3869.8399999998869)
(11, 3882.3199999998865)
(12, 3870.8799999998869)
(13, 3861.5199999998872)
(14, 3876.0799999998867)
(15, 3865.6799999998871)
(16, 3863.5999999998871)
(17, 3873.9999999998868)
(18, 3873.9999999998868)
(19, 3865.6799999998871)
(20, 3877.1199999998867)
(21, 3865.6799999998871)
(22, 3876.0799999998867)
(23, 3873.9999999998868)
(24, 3876.0799999998867)
(25, 3873.9999999998868)
(26, 3869.8399999998869)
(27, 3879.1999999998866)
(28, 3862.5599999998872)
(29, 3872.9599999998868)
(30, 3875.0399999998867)
(31, 3870.8799999998869)
(32, 3861.5199999998872)
(33, 3868.7999999998869)
(34, 3875.0399999998867)
(35, 3878.1599999998866)
(36, 3875.0399999998867)
(37, 3875.0399999998867)
(38, 3870.8799999998869)
(39, 3880.2399999998865)
Changed value of parameter MIPGap to 0.05
   Prev: 0.0001  Min: 0.0  Max: 1e+100  Default: 0.0001
Changed value of parameter TimeLimit to 1800.0
   Prev: 1e+100  Min: 0.0  Max: 1e+100  Default: 1e+100
Changed value of parameter Method to 2
   Prev: -1  Min: -1  Max: 4  Default: -1
Changed value of parameter MIPFocus to 1
   Prev: 0  Min: 0  Max: 3  Default: 0
Optimize a model with 21410 rows, 31815 columns and 63630 nonzeros
Variable types: 0 continuous, 31815 integer (31815 binary)
Coefficient statistics:
  Matrix range     [1e+00, 5e+00]
  Objective range  [1e+00, 1e+00]
  Bounds range     [1e+00, 1e+00]
  RHS range        [8e+01, 8e+01]
Found heuristic solution: objective 0
Presolve removed 21210 rows and 22397 columns
Presolve time: 0.05s
Presolved: 200 rows, 9418 columns, 18836 nonzeros
Variable types: 0 continuous, 9418 integer (8231 binary)
Presolved: 200 rows, 9418 columns, 18836 nonzeros

Root barrier log...

Ordering time: 0.00s

Barrier statistics:
 AA' NZ     : 9.165e+03
 Factor NZ  : 1.907e+04 (roughly 4 MBytes of memory)
 Factor Ops : 2.405e+06 (less than 1 second per iteration)
 Threads    : 1

                  Objective                Residual
Iter       Primal          Dual         Primal    Dual     Compl     Time
   0  -2.27656807e+04 -9.10844815e+03  6.72e+01 2.22e-16  1.12e+00     0s
   1  -4.27391729e+03 -6.83117944e+03  1.16e+00 1.78e-15  1.62e-01     0s
   2  -4.18466849e+03 -4.37704246e+03  3.15e-02 2.66e-15  1.06e-02     0s
   3  -4.19995446e+03 -4.20020509e+03  0.00e+00 1.78e-15  1.32e-05     0s
   4  -4.19999995e+03 -4.20000021e+03  0.00e+00 2.66e-15  1.32e-08     0s
   5  -4.20000000e+03 -4.20000000e+03  8.94e-15 1.78e-15  1.34e-14     0s

Barrier solved model in 5 iterations and 0.08 seconds
Optimal objective -4.20000000e+03


Root relaxation: objective -4.200000e+03, 8173 iterations, 0.06 seconds

    Nodes    |    Current Node    |     Objective Bounds      |     Work
 Expl Unexpl |  Obj  Depth IntInf | Incumbent    BestBd   Gap | It/Node Time

*    0     0               0    -4200.000000 -4200.0000  0.00%     -    0s

Explored 0 nodes (8324 simplex iterations) in 0.14 seconds
Thread count was 20 (of 20 available processors)

Solution count 2: -4200 0 
Pool objective bound -4200

Optimal solution found (tolerance 5.00e-02)
Best objective -4.200000000000e+03, best bound -4.200000000000e+03, gap 0.0000%
(0, 3907.0500000002594)
(1, 3908.1000000002596)
(2, 3908.1000000002596)
(3, 3915.4500000002608)
(4, 3910.2000000002599)
(5, 3920.7000000002618)
(6, 3912.3000000002603)
(7, 3895.5000000002574)
(8, 3900.7500000002583)
(9, 3903.9000000002588)
(10, 3927.0000000002628)
(11, 3898.6500000002579)
(12, 3906.0000000002592)
(13, 3889.2000000002563)
(14, 3900.7500000002583)
(15, 3902.8500000002587)
(16, 3912.3000000002603)
(17, 3909.1500000002598)
(18, 3911.2500000002601)
(19, 3909.1500000002598)
(20, 3908.1000000002596)
(21, 3915.4500000002608)
(22, 3917.5500000002612)
(23, 3898.6500000002579)
(24, 3911.2500000002601)
(25, 3907.0500000002594)
(26, 3911.2500000002601)
(27, 3919.6500000002616)
(28, 3917.5500000002612)
(29, 3913.3500000002605)
(30, 3902.8500000002587)
(31, 3908.1000000002596)
(32, 3902.8500000002587)
(33, 3908.1000000002596)
(34, 3911.2500000002601)
(35, 3896.5500000002576)
(36, 3907.0500000002594)
(37, 3913.3500000002605)
(38, 3902.8500000002587)
(39, 3909.1500000002598)
(0, 3910.2000000002599)
(1, 3909.1500000002598)
(2, 3899.7000000002581)
(3, 3915.4500000002608)
(4, 3902.8500000002587)
(5, 3913.3500000002605)
(6, 3907.0500000002594)
(7, 3920.7000000002618)
(8, 3915.4500000002608)
(9, 3906.0000000002592)
(10, 3901.8000000002585)
(11, 3911.2500000002601)
(12, 3910.2000000002599)
(13, 3923.8500000002623)
(14, 3911.2500000002601)
(15, 3911.2500000002601)
(16, 3908.1000000002596)
(17, 3917.5500000002612)
(18, 3913.3500000002605)
(19, 3903.9000000002588)
(20, 3908.1000000002596)
(21, 3904.950000000259)
(22, 3913.3500000002605)
(23, 3893.400000000257)
(24, 3900.7500000002583)
(25, 3918.6000000002614)
(26, 3908.1000000002596)
(27, 3911.2500000002601)
(28, 3901.8000000002585)
(29, 3906.0000000002592)
(30, 3918.6000000002614)
(31, 3903.9000000002588)
(32, 3908.1000000002596)
(33, 3916.500000000261)
(34, 3902.8500000002587)
(35, 3910.2000000002599)
(36, 3912.3000000002603)
(37, 3920.7000000002618)
(38, 3911.2500000002601)
(39, 3914.4000000002607)
Changed value of parameter MIPGap to 0.05
   Prev: 0.0001  Min: 0.0  Max: 1e+100  Default: 0.0001
Changed value of parameter TimeLimit to 1800.0
   Prev: 1e+100  Min: 0.0  Max: 1e+100  Default: 1e+100
Changed value of parameter Method to 2
   Prev: -1  Min: -1  Max: 4  Default: -1
Changed value of parameter MIPFocus to 1
   Prev: 0  Min: 0  Max: 3  Default: 0
Optimize a model with 21410 rows, 31815 columns and 63630 nonzeros
Variable types: 0 continuous, 31815 integer (31815 binary)
Coefficient statistics:
  Matrix range     [1e+00, 5e+00]
  Objective range  [1e+00, 2e+00]
  Bounds range     [1e+00, 1e+00]
  RHS range        [8e+01, 8e+01]
Found heuristic solution: objective 0
Presolve removed 21210 rows and 22397 columns
Presolve time: 0.05s
Presolved: 200 rows, 9418 columns, 18836 nonzeros
Variable types: 0 continuous, 9418 integer (8231 binary)
Presolved: 200 rows, 9418 columns, 18836 nonzeros

Root barrier log...

Ordering time: 0.00s

Barrier statistics:
 AA' NZ     : 9.165e+03
 Factor NZ  : 1.907e+04 (roughly 4 MBytes of memory)
 Factor Ops : 2.405e+06 (less than 1 second per iteration)
 Threads    : 1

                  Objective                Residual
Iter       Primal          Dual         Primal    Dual     Compl     Time
   0  -2.41889664e+04 -8.46015188e+03  6.71e+01 2.22e-16  9.24e-01     0s
   1  -4.93374819e+03 -6.58373243e+03  2.51e+00 1.78e-15  1.44e-01     0s
   2  -4.39025597e+03 -4.58433560e+03  5.06e-02 1.78e-15  1.11e-02     0s
   3  -4.39992690e+03 -4.40039993e+03  0.00e+00 2.66e-15  2.48e-05     0s
   4  -4.39999993e+03 -4.40000040e+03  0.00e+00 1.78e-15  2.48e-08     0s
   5  -4.40000000e+03 -4.40000000e+03  1.33e-14 1.78e-15  2.52e-14     0s

Barrier solved model in 5 iterations and 0.08 seconds
Optimal objective -4.40000000e+03


Root relaxation: objective -4.400000e+03, 8171 iterations, 0.06 seconds

    Nodes    |    Current Node    |     Objective Bounds      |     Work
 Expl Unexpl |  Obj  Depth IntInf | Incumbent    BestBd   Gap | It/Node Time

*    0     0               0    -4400.000000 -4400.0000  0.00%     -    0s

Explored 0 nodes (8171 simplex iterations) in 0.13 seconds
Thread count was 20 (of 20 available processors)

Solution count 2: -4400 0 
Pool objective bound -4400

Optimal solution found (tolerance 5.00e-02)
Best objective -4.400000000000e+03, best bound -4.400000000000e+03, gap 0.0000%
(0, 4099.6999999997624)
(1, 4096.3999999997613)
(2, 4090.8999999997613)
(3, 4107.399999999765)
(4, 4096.3999999997613)
(5, 4095.299999999761)
(6, 4099.6999999997624)
(7, 4094.1999999997611)
(8, 4097.4999999997617)
(9, 4098.5999999997621)
(10, 4105.1999999997643)
(11, 4084.2999999997619)
(12, 4105.1999999997643)
(13, 4099.6999999997624)
(14, 4109.5999999997657)
(15, 4095.299999999761)
(16, 4087.5999999997616)
(17, 4089.7999999997614)
(18, 4106.2999999997646)
(19, 4096.3999999997613)
(20, 4091.9999999997613)
(21, 4105.1999999997643)
(22, 4099.6999999997624)
(23, 4101.8999999997632)
(24, 4096.3999999997613)
(25, 4098.5999999997621)
(26, 4099.6999999997624)
(27, 4096.3999999997613)
(28, 4098.5999999997621)
(29, 4107.399999999765)
(30, 4097.4999999997617)
(31, 4093.0999999997612)
(32, 4105.1999999997643)
(33, 4087.5999999997616)
(34, 4097.4999999997617)
(35, 4098.5999999997621)
(36, 4104.0999999997639)
(37, 4094.1999999997611)
(38, 4097.4999999997617)
(39, 4097.4999999997617)
(0, 4105.1999999997643)
(1, 4102.9999999997635)
(2, 4094.1999999997611)
(3, 4099.6999999997624)
(4, 4084.2999999997619)
(5, 4094.1999999997611)
(6, 4100.7999999997628)
(7, 4102.9999999997635)
(8, 4087.5999999997616)
(9, 4091.9999999997613)
(10, 4095.299999999761)
(11, 4094.1999999997611)
(12, 4096.3999999997613)
(13, 4102.9999999997635)
(14, 4095.299999999761)
(15, 4088.6999999997615)
(16, 4094.1999999997611)
(17, 4089.7999999997614)
(18, 4094.1999999997611)
(19, 4098.5999999997621)
(20, 4091.9999999997613)
(21, 4095.299999999761)
(22, 4088.6999999997615)
(23, 4104.0999999997639)
(24, 4099.6999999997624)
(25, 4102.9999999997635)
(26, 4102.9999999997635)
(27, 4098.5999999997621)
(28, 4101.8999999997632)
(29, 4098.5999999997621)
(30, 4091.9999999997613)
(31, 4097.4999999997617)
(32, 4098.5999999997621)
(33, 4096.3999999997613)
(34, 4093.0999999997612)
(35, 4101.8999999997632)
(36, 4088.6999999997615)
(37, 4102.9999999997635)
(38, 4107.399999999765)
(39, 4084.2999999997619)
Changed value of parameter MIPGap to 0.05
   Prev: 0.0001  Min: 0.0  Max: 1e+100  Default: 0.0001
Changed value of parameter TimeLimit to 1800.0
   Prev: 1e+100  Min: 0.0  Max: 1e+100  Default: 1e+100
Changed value of parameter Method to 2
   Prev: -1  Min: -1  Max: 4  Default: -1
Changed value of parameter MIPFocus to 1
   Prev: 0  Min: 0  Max: 3  Default: 0
Optimize a model with 21410 rows, 31815 columns and 63630 nonzeros
Variable types: 0 continuous, 31815 integer (31815 binary)
Coefficient statistics:
  Matrix range     [1e+00, 5e+00]
  Objective range  [1e+00, 3e+00]
  Bounds range     [1e+00, 1e+00]
  RHS range        [8e+01, 8e+01]
Found heuristic solution: objective 0
Presolve removed 21210 rows and 22397 columns
Presolve time: 0.05s
Presolved: 200 rows, 9418 columns, 18836 nonzeros
Variable types: 0 continuous, 9418 integer (8231 binary)
Presolved: 200 rows, 9418 columns, 18836 nonzeros

Root barrier log...

Ordering time: 0.00s

Barrier statistics:
 AA' NZ     : 9.165e+03
 Factor NZ  : 1.907e+04 (roughly 4 MBytes of memory)
 Factor Ops : 2.405e+06 (less than 1 second per iteration)
 Threads    : 1

                  Objective                Residual
Iter       Primal          Dual         Primal    Dual     Compl     Time
   0  -2.69810342e+04 -7.16355934e+03  6.69e+01 0.00e+00  5.24e-01     0s
   1  -5.21710794e+03 -6.03007991e+03  1.58e+00 1.78e-15  7.66e-02     0s
   2  -4.78736674e+03 -4.91008608e+03  1.72e-02 2.66e-15  6.76e-03     0s
   3  -4.79993831e+03 -4.80079589e+03  0.00e+00 1.78e-15  4.51e-05     0s
   4  -4.79999994e+03 -4.80000080e+03  0.00e+00 1.78e-15  4.51e-08     0s
   5  -4.80000000e+03 -4.80000000e+03  0.00e+00 1.78e-15  4.53e-14     0s

Barrier solved model in 5 iterations and 0.08 seconds
Optimal objective -4.80000000e+03


Root relaxation: objective -4.800000e+03, 8171 iterations, 0.06 seconds

    Nodes    |    Current Node    |     Objective Bounds      |     Work
 Expl Unexpl |  Obj  Depth IntInf | Incumbent    BestBd   Gap | It/Node Time

*    0     0               0    -4800.000000 -4800.0000  0.00%     -    0s

Explored 0 nodes (8171 simplex iterations) in 0.13 seconds
Thread count was 20 (of 20 available processors)

Solution count 2: -4800 0 
Pool objective bound -4800

Optimal solution found (tolerance 5.00e-02)
Best objective -4.800000000000e+03, best bound -4.800000000000e+03, gap 0.0000%
(0, 4480.7999999996864)
(1, 4463.999999999689)
(2, 4480.7999999996864)
(3, 4475.9999999996871)
(4, 4467.5999999996884)
(5, 4478.3999999996868)
(6, 4477.199999999687)
(7, 4479.5999999996866)
(8, 4457.9999999996899)
(9, 4467.5999999996884)
(10, 4474.7999999996873)
(11, 4472.3999999996877)
(12, 4480.7999999996864)
(13, 4480.7999999996864)
(14, 4465.1999999996888)
(15, 4485.5999999996857)
(16, 4475.9999999996871)
(17, 4472.3999999996877)
(18, 4483.199999999686)
(19, 4469.999999999688)
(20, 4475.9999999996871)
(21, 4475.9999999996871)
(22, 4481.9999999996862)
(23, 4469.999999999688)
(24, 4491.5999999996848)
(25, 4469.999999999688)
(26, 4481.9999999996862)
(27, 4486.7999999996855)
(28, 4480.7999999996864)
(29, 4483.199999999686)
(30, 4477.199999999687)
(31, 4472.3999999996877)
(32, 4467.5999999996884)
(33, 4480.7999999996864)
(34, 4475.9999999996871)
(35, 4480.7999999996864)
(36, 4469.999999999688)
(37, 4487.9999999996853)
(38, 4471.1999999996879)
(39, 4474.7999999996873)
(0, 4472.3999999996877)
(1, 4468.7999999996882)
(2, 4468.7999999996882)
(3, 4469.999999999688)
(4, 4475.9999999996871)
(5, 4487.9999999996853)
(6, 4466.3999999996886)
(7, 4475.9999999996871)
(8, 4484.3999999996859)
(9, 4486.7999999996855)
(10, 4457.9999999996899)
(11, 4473.5999999996875)
(12, 4468.7999999996882)
(13, 4471.1999999996879)
(14, 4481.9999999996862)
(15, 4466.3999999996886)
(16, 4465.1999999996888)
(17, 4483.199999999686)
(18, 4496.399999999684)
(19, 4463.999999999689)
(20, 4481.9999999996862)
(21, 4477.199999999687)
(22, 4474.7999999996873)
(23, 4469.999999999688)
(24, 4478.3999999996868)
(25, 4471.1999999996879)
(26, 4461.5999999996893)
(27, 4479.5999999996866)
(28, 4471.1999999996879)
(29, 4478.3999999996868)
(30, 4468.7999999996882)
(31, 4474.7999999996873)
(32, 4474.7999999996873)
(33, 4465.1999999996888)
(34, 4477.199999999687)
(35, 4467.5999999996884)
(36, 4478.3999999996868)
(37, 4479.5999999996866)
(38, 4474.7999999996873)
(39, 4462.7999999996891)
Changed value of parameter MIPGap to 0.05
   Prev: 0.0001  Min: 0.0  Max: 1e+100  Default: 0.0001
Changed value of parameter TimeLimit to 1800.0
   Prev: 1e+100  Min: 0.0  Max: 1e+100  Default: 1e+100
Changed value of parameter Method to 2
   Prev: -1  Min: -1  Max: 4  Default: -1
Changed value of parameter MIPFocus to 1
   Prev: 0  Min: 0  Max: 3  Default: 0
Optimize a model with 21410 rows, 31815 columns and 63630 nonzeros
Variable types: 0 continuous, 31815 integer (31815 binary)
Coefficient statistics:
  Matrix range     [1e+00, 5e+00]
  Objective range  [1e+00, 4e+00]
  Bounds range     [1e+00, 1e+00]
  RHS range        [8e+01, 8e+01]
Found heuristic solution: objective 0
Presolve removed 21210 rows and 22397 columns
Presolve time: 0.05s
Presolved: 200 rows, 9418 columns, 18836 nonzeros
Variable types: 0 continuous, 9418 integer (8231 binary)
Presolved: 200 rows, 9418 columns, 18836 nonzeros

Root barrier log...

Ordering time: 0.00s

Barrier statistics:
 AA' NZ     : 9.165e+03
 Factor NZ  : 1.907e+04 (roughly 4 MBytes of memory)
 Factor Ops : 2.405e+06 (less than 1 second per iteration)
 Threads    : 1

                  Objective                Residual
Iter       Primal          Dual         Primal    Dual     Compl     Time
   0  -3.27323006e+04 -9.02827151e+03  6.69e+01 0.00e+00  6.28e-01     0s
   1  -8.19007966e+03 -7.60233080e+03  5.23e+00 1.78e-15  1.03e-01     0s
   2  -6.51956681e+03 -6.60993709e+03  6.21e-01 1.78e-15  1.93e-02     0s
   3  -6.41430574e+03 -6.44537874e+03  2.53e-01 1.78e-15  7.38e-03     0s
   4  -6.36676848e+03 -6.37035970e+03  9.15e-02 1.78e-15  2.23e-03     0s
   5  -6.34660774e+03 -6.34427931e+03  2.55e-02 1.78e-15  4.42e-04     0s
   6  -6.33883536e+03 -6.33871806e+03  1.06e-03 1.78e-15  1.74e-05     0s
   7  -6.33850000e+03 -6.33850008e+03  1.92e-07 2.66e-15  8.56e-09     0s
   8  -6.33850000e+03 -6.33850000e+03  2.85e-13 2.66e-15  8.73e-15     0s

Barrier solved model in 8 iterations and 0.09 seconds
Optimal objective -6.33850000e+03


Root relaxation: objective -6.338500e+03, 6826 iterations, 0.06 seconds

    Nodes    |    Current Node    |     Objective Bounds      |     Work
 Expl Unexpl |  Obj  Depth IntInf | Incumbent    BestBd   Gap | It/Node Time

     0     0 -6338.5000    0   68    0.00000 -6338.5000      -     -    0s
H    0     0                    -6305.600000 -6338.5000  0.52%     -    0s

Explored 0 nodes (7501 simplex iterations) in 0.23 seconds
Thread count was 20 (of 20 available processors)

Solution count 2: -6305.6 0 
Pool objective bound -6337.8

Optimal solution found (tolerance 5.00e-02)
Best objective -6.305600000000e+03, best bound -6.337800000000e+03, gap 0.5107%
(0, 5560.7999999996591)
(1, 5602.7999999996528)
(2, 5580.3999999996586)
(3, 5573.3999999996586)
(4, 5577.5999999996457)
(5, 5553.7999999996673)
(6, 5555.1999999996578)
(7, 5578.999999999658)
(8, 5562.1999999996606)
(9, 5595.7999999996528)
(10, 5570.5999999996538)
(11, 5585.9999999996526)
(12, 5620.9999999996471)
(13, 5573.3999999996577)
(14, 5585.9999999996617)
(15, 5573.3999999996531)
(16, 5553.7999999996664)
(17, 5577.5999999996629)
(18, 5581.7999999996528)
(19, 5597.1999999996551)
(20, 5588.7999999996618)
(21, 5587.3999999996568)
(22, 5601.3999999996613)
(23, 5570.5999999996584)
(24, 5571.9999999996571)
(25, 5569.1999999996642)
(26, 5587.3999999996413)
(27, 5559.3999999996677)
(28, 5598.5999999996575)
(29, 5553.7999999996618)
(30, 5627.9999999996426)
(31, 5570.5999999996584)
(32, 5597.1999999996515)
(33, 5566.3999999996659)
(34, 5574.7999999996609)
(35, 5595.7999999996673)
(36, 5543.999999999658)
(37, 5536.9999999996644)
(38, 5585.9999999996471)
(39, 5615.3999999996477)
(0, 5524.3999999996668)
(1, 5532.7999999996719)
(2, 5529.9999999996653)
(3, 5539.7999999996609)
(4, 5545.3999999996568)
(5, 5524.3999999996649)
(6, 5550.9999999996662)
(7, 5532.7999999996719)
(8, 5545.3999999996595)
(9, 5538.3999999996586)
(10, 5542.5999999996684)
(11, 5529.9999999996771)
(12, 5552.3999999996568)
(13, 5531.3999999996704)
(14, 5545.3999999996622)
(15, 5541.199999999666)
(16, 5521.5999999996793)
(17, 5528.599999999672)
(18, 5550.9999999996608)
(19, 5529.9999999996699)
(20, 5522.9999999996689)
(21, 5531.3999999996622)
(22, 5525.79999999967)
(23, 5538.3999999996613)
(24, 5527.1999999996742)
(25, 5546.7999999996628)
(26, 5545.3999999996613)
(27, 5532.7999999996646)
(28, 5542.5999999996602)
(29, 5535.5999999996684)
(30, 5531.3999999996695)
(31, 5529.9999999996689)
(32, 5539.7999999996673)
(33, 5527.1999999996688)
(34, 5539.7999999996673)
(35, 5536.9999999996717)
(36, 5538.3999999996649)
(37, 5541.1999999996578)
(38, 5555.1999999996542)
(39, 5527.1999999996651)
Changed value of parameter MIPGap to 0.05
   Prev: 0.0001  Min: 0.0  Max: 1e+100  Default: 0.0001
Changed value of parameter TimeLimit to 1800.0
   Prev: 1e+100  Min: 0.0  Max: 1e+100  Default: 1e+100
Changed value of parameter Method to 2
   Prev: -1  Min: -1  Max: 4  Default: -1
Changed value of parameter MIPFocus to 1
   Prev: 0  Min: 0  Max: 3  Default: 0
Optimize a model with 21410 rows, 31815 columns and 63630 nonzeros
Variable types: 0 continuous, 31815 integer (31815 binary)
Coefficient statistics:
  Matrix range     [1e+00, 5e+00]
  Objective range  [2e+00, 5e+00]
  Bounds range     [1e+00, 1e+00]
  RHS range        [8e+01, 8e+01]
Found heuristic solution: objective 0
Presolve removed 21210 rows and 22397 columns
Presolve time: 0.05s
Presolved: 200 rows, 9418 columns, 18836 nonzeros
Variable types: 0 continuous, 9418 integer (8231 binary)
Presolved: 200 rows, 9418 columns, 18836 nonzeros

Root barrier log...

Ordering time: 0.00s

Barrier statistics:
 AA' NZ     : 9.165e+03
 Factor NZ  : 1.907e+04 (roughly 4 MBytes of memory)
 Factor Ops : 2.405e+06 (less than 1 second per iteration)
 Threads    : 1

                  Objective                Residual
Iter       Primal          Dual         Primal    Dual     Compl     Time
   0  -3.56940342e+04 -1.18452229e+04  6.71e+01 0.00e+00  1.06e+00     0s
   1  -9.23177137e+03 -9.45712239e+03  5.39e+00 1.78e-15  1.77e-01     0s
   2  -7.49835196e+03 -7.81237317e+03  6.81e-01 1.78e-15  3.47e-02     0s
   3  -7.39305375e+03 -7.44024305e+03  2.68e-01 1.78e-15  9.26e-03     0s
   4  -7.35444599e+03 -7.38705500e+03  1.21e-01 2.66e-15  4.74e-03     0s
   5  -7.33114241e+03 -7.33221311e+03  4.09e-02 2.66e-15  1.06e-03     0s
   6  -7.31951930e+03 -7.31945448e+03  2.40e-03 2.66e-15  5.55e-05     0s
   7  -7.31875136e+03 -7.31875037e+03  4.25e-06 2.66e-15  5.18e-08     0s
   8  -7.31875000e+03 -7.31875000e+03  4.29e-12 3.55e-15  5.26e-14     0s

Barrier solved model in 8 iterations and 0.09 seconds
Optimal objective -7.31875000e+03


Root relaxation: objective -7.318750e+03, 6829 iterations, 0.06 seconds

    Nodes    |    Current Node    |     Objective Bounds      |     Work
 Expl Unexpl |  Obj  Depth IntInf | Incumbent    BestBd   Gap | It/Node Time

     0     0 -7318.7500    0   75    0.00000 -7318.7500      -     -    0s
H    0     0                    -7279.500000 -7318.7500  0.54%     -    0s

Explored 0 nodes (7659 simplex iterations) in 0.20 seconds
Thread count was 20 (of 20 available processors)

Solution count 2: -7279.5 0 
Pool objective bound -7318.5

Optimal solution found (tolerance 5.00e-02)
Best objective -7.279500000000e+03, best bound -7.318500000000e+03, gap 0.5358%
(0, 6469.5)
(1, 6511.5)
(2, 6500.5)
(3, 6495.5)
(4, 6490.5)
(5, 6504.0)
(6, 6540.0)
(7, 6506.5)
(8, 6501.0)
(9, 6461.5)
(10, 6487.5)
(11, 6447.5)
(12, 6482.5)
(13, 6496.0)
(14, 6465.0)
(15, 6573.5)
(16, 6468.0)
(17, 6582.5)
(18, 6452.5)
(19, 6455.5)
(20, 6545.5)
(21, 6537.0)
(22, 6504.5)
(23, 6520.0)
(24, 6483.5)
(25, 6442.0)
(26, 6486.5)
(27, 6477.0)
(28, 6556.0)
(29, 6484.0)
(30, 6581.0)
(31, 6524.5)
(32, 6489.0)
(33, 6505.0)
(34, 6482.5)
(35, 6511.0)
(36, 6517.5)
(37, 6550.0)
(38, 6433.0)
(39, 6490.0)
(0, 6410.5)
(1, 6398.0)
(2, 6407.0)
(3, 6411.5)
(4, 6414.0)
(5, 6424.0)
(6, 6419.5)
(7, 6416.0)
(8, 6398.5)
(9, 6416.5)
(10, 6399.5)
(11, 6434.0)
(12, 6429.0)
(13, 6399.5)
(14, 6389.0)
(15, 6418.5)
(16, 6413.0)
(17, 6402.5)
(18, 6399.5)
(19, 6404.5)
(20, 6400.5)
(21, 6423.5)
(22, 6417.5)
(23, 6413.5)
(24, 6390.5)
(25, 6413.0)
(26, 6430.0)
(27, 6397.0)
(28, 6386.0)
(29, 6425.5)
(30, 6436.0)
(31, 6406.0)
(32, 6393.5)
(33, 6421.0)
(34, 6397.5)
(35, 6400.5)
(36, 6384.5)
(37, 6415.5)
(38, 6417.0)
(39, 6383.5)
Changed value of parameter MIPGap to 0.05
   Prev: 0.0001  Min: 0.0  Max: 1e+100  Default: 0.0001
Changed value of parameter TimeLimit to 1800.0
   Prev: 1e+100  Min: 0.0  Max: 1e+100  Default: 1e+100
Changed value of parameter Method to 2
   Prev: -1  Min: -1  Max: 4  Default: -1
Changed value of parameter MIPFocus to 1
   Prev: 0  Min: 0  Max: 3  Default: 0
Optimize a model with 21410 rows, 31815 columns and 63630 nonzeros
Variable types: 0 continuous, 31815 integer (31815 binary)
Coefficient statistics:
  Matrix range     [1e+00, 5e+00]
  Objective range  [2e+00, 9e+00]
  Bounds range     [1e+00, 1e+00]
  RHS range        [8e+01, 8e+01]
Found heuristic solution: objective 0
Presolve removed 21210 rows and 22397 columns
Presolve time: 0.05s
Presolved: 200 rows, 9418 columns, 18836 nonzeros
Variable types: 0 continuous, 9418 integer (8231 binary)
Presolved: 200 rows, 9418 columns, 18836 nonzeros

Root barrier log...

Ordering time: 0.00s

Barrier statistics:
 AA' NZ     : 9.165e+03
 Factor NZ  : 1.907e+04 (roughly 4 MBytes of memory)
 Factor Ops : 2.405e+06 (less than 1 second per iteration)
 Threads    : 1

                  Objective                Residual
Iter       Primal          Dual         Primal    Dual     Compl     Time
   0  -5.02195858e+04 -2.60544690e+04  6.73e+01 0.00e+00  3.27e+00     0s
   1  -1.41440160e+04 -1.87698743e+04  5.46e+00 5.33e-15  5.48e-01     0s
   2  -1.22817985e+04 -1.38117299e+04  6.97e-01 3.55e-15  1.11e-01     0s
   3  -1.22567995e+04 -1.26100249e+04  2.75e-01 3.55e-15  2.94e-02     0s
   4  -1.22411104e+04 -1.23560387e+04  1.11e-01 3.55e-15  1.02e-02     0s
   5  -1.22379273e+04 -1.23022723e+04  8.28e-02 3.55e-15  6.48e-03     0s
   6  -1.22287616e+04 -1.22356319e+04  3.47e-02 3.55e-15  1.64e-03     0s
   7  -1.22202806e+04 -1.22205190e+04  9.08e-04 5.33e-15  4.60e-05     0s
   8  -1.22200000e+04 -1.22200000e+04  1.08e-07 5.33e-15  4.24e-09     0s

Barrier solved model in 8 iterations and 0.09 seconds
Optimal objective -1.22200000e+04


Root relaxation: objective -1.222000e+04, 6828 iterations, 0.06 seconds

    Nodes    |    Current Node    |     Objective Bounds      |     Work
 Expl Unexpl |  Obj  Depth IntInf | Incumbent    BestBd   Gap | It/Node Time

     0     0 -12220.000    0   64    0.00000 -12220.000      -     -    0s
H    0     0                    -12163.00000 -12220.000  0.47%     -    0s

Explored 0 nodes (7928 simplex iterations) in 0.29 seconds
Thread count was 20 (of 20 available processors)

Solution count 2: -12163 0 
Pool objective bound -12220

Optimal solution found (tolerance 5.00e-02)
Best objective -1.216300000000e+04, best bound -1.222000000000e+04, gap 0.4686%
(0, 11100.0)
(1, 11105.0)
(2, 11075.0)
(3, 11071.0)
(4, 11067.0)
(5, 11001.0)
(6, 11091.0)
(7, 11087.0)
(8, 11105.0)
(9, 11067.0)
(10, 10952.0)
(11, 11065.0)
(12, 11037.0)
(13, 11041.0)
(14, 11012.0)
(15, 11090.0)
(16, 11088.0)
(17, 11094.0)
(18, 11033.0)
(19, 11019.0)
(20, 11061.0)
(21, 11047.0)
(22, 11032.0)
(23, 11112.0)
(24, 11118.0)
(25, 11062.0)
(26, 11140.0)
(27, 11063.0)
(28, 11043.0)
(29, 10970.0)
(30, 10997.0)
(31, 11062.0)
(32, 11095.0)
(33, 11099.0)
(34, 11001.0)
(35, 11014.0)
(36, 11080.0)
(37, 11026.0)
(38, 11080.0)
(39, 10992.0)
(0, 11008.0)
(1, 10997.0)
(2, 10945.0)
(3, 11026.0)
(4, 10968.0)
(5, 11013.0)
(6, 11005.0)
(7, 10974.0)
(8, 10959.0)
(9, 11003.0)
(10, 10970.0)
(11, 11016.0)
(12, 10986.0)
(13, 11037.0)
(14, 10940.0)
(15, 11016.0)
(16, 10953.0)
(17, 11011.0)
(18, 10990.0)
(19, 10945.0)
(20, 11013.0)
(21, 10930.0)
(22, 10999.0)
(23, 10968.0)
(24, 10995.0)
(25, 10955.0)
(26, 11043.0)
(27, 11004.0)
(28, 11002.0)
(29, 11008.0)
(30, 10945.0)
(31, 10990.0)
(32, 11015.0)
(33, 10967.0)
(34, 10990.0)
(35, 10970.0)
(36, 10948.0)
(37, 11020.0)
(38, 11030.0)
(39, 11000.0)
Changed value of parameter MIPGap to 0.05
   Prev: 0.0001  Min: 0.0  Max: 1e+100  Default: 0.0001
Changed value of parameter TimeLimit to 1800.0
   Prev: 1e+100  Min: 0.0  Max: 1e+100  Default: 1e+100
Changed value of parameter Method to 2
   Prev: -1  Min: -1  Max: 4  Default: -1
Changed value of parameter MIPFocus to 1
   Prev: 0  Min: 0  Max: 3  Default: 0
Optimize a model with 21410 rows, 31815 columns and 63630 nonzeros
Variable types: 0 continuous, 31815 integer (31815 binary)
Coefficient statistics:
  Matrix range     [1e+00, 5e+00]
  Objective range  [3e+00, 2e+01]
  Bounds range     [1e+00, 1e+00]
  RHS range        [8e+01, 8e+01]
Found heuristic solution: objective 0
Presolve removed 21210 rows and 22397 columns
Presolve time: 0.05s
Presolved: 200 rows, 9418 columns, 18836 nonzeros
Variable types: 0 continuous, 9418 integer (8231 binary)
Presolved: 200 rows, 9418 columns, 18836 nonzeros

Root barrier log...

Ordering time: 0.00s

Barrier statistics:
 AA' NZ     : 9.165e+03
 Factor NZ  : 1.907e+04 (roughly 4 MBytes of memory)
 Factor Ops : 2.405e+06 (less than 1 second per iteration)
 Threads    : 1

                  Objective                Residual
Iter       Primal          Dual         Primal    Dual     Compl     Time
   0  -7.91494780e+04 -5.44729612e+04  6.73e+01 1.78e-15  7.68e+00     0s
   1  -2.38105053e+04 -3.73702968e+04  5.42e+00 1.07e-14  1.29e+00     0s
   2  -2.18235422e+04 -2.58186477e+04  6.89e-01 7.11e-15  2.64e-01     0s
   3  -2.19724218e+04 -2.29408574e+04  2.74e-01 7.11e-15  6.95e-02     0s
   4  -2.20217812e+04 -2.23376438e+04  8.89e-02 8.88e-15  2.22e-02     0s
   5  -2.20223726e+04 -2.22413020e+04  1.96e-02 1.07e-14  1.27e-02     0s
   6  -2.20221123e+04 -2.21442323e+04  1.76e-02 7.11e-15  7.51e-03     0s
   7  -2.20224993e+04 -2.20368024e+04  2.69e-03 1.07e-14  9.18e-04     0s
   8  -2.20224996e+04 -2.20225077e+04  5.85e-06 1.24e-14  7.89e-07     0s
   9  -2.20225000e+04 -2.20225000e+04  3.40e-09 1.07e-14  6.28e-10     0s

Barrier solved model in 9 iterations and 0.09 seconds
Optimal objective -2.20225000e+04


Root relaxation: objective -2.202250e+04, 6828 iterations, 0.06 seconds

    Nodes    |    Current Node    |     Objective Bounds      |     Work
 Expl Unexpl |  Obj  Depth IntInf | Incumbent    BestBd   Gap | It/Node Time

     0     0 -22022.500    0   71    0.00000 -22022.500      -     -    0s
H    0     0                    -21920.00000 -22022.500  0.47%     -    0s

Explored 0 nodes (7617 simplex iterations) in 0.21 seconds
Thread count was 20 (of 20 available processors)

Solution count 2: -21920 0 
Pool objective bound -22022

Optimal solution found (tolerance 5.00e-02)
Best objective -2.192000000000e+04, best bound -2.202200000000e+04, gap 0.4653%
(0, 20471.0)
(1, 20496.0)
(2, 20505.0)
(3, 20418.0)
(4, 20492.0)
(5, 20426.0)
(6, 20481.0)
(7, 20513.0)
(8, 20505.0)
(9, 20454.0)
(10, 20519.0)
(11, 20371.0)
(12, 20507.0)
(13, 20323.0)
(14, 20493.0)
(15, 20502.0)
(16, 20572.0)
(17, 20539.0)
(18, 20484.0)
(19, 20530.0)
(20, 20489.0)
(21, 20475.0)
(22, 20573.0)
(23, 20490.0)
(24, 20503.0)
(25, 20466.0)
(26, 20426.0)
(27, 20516.0)
(28, 20530.0)
(29, 20377.0)
(30, 20342.0)
(31, 20499.0)
(32, 20505.0)
(33, 20480.0)
(34, 20314.0)
(35, 20426.0)
(36, 20561.0)
(37, 20396.0)
(38, 20476.0)
(39, 20495.0)
(0, 19987.0)
(1, 19987.0)
(2, 19969.0)
(3, 19972.0)
(4, 20010.0)
(5, 19999.0)
(6, 19984.0)
(7, 20002.0)
(8, 20005.0)
(9, 19999.0)
(10, 19983.0)
(11, 19999.0)
(12, 19989.0)
(13, 19990.0)
(14, 19996.0)
(15, 19993.0)
(16, 20016.0)
(17, 19974.0)
(18, 19978.0)
(19, 19992.0)
(20, 19962.0)
(21, 19981.0)
(22, 19990.0)
(23, 20019.0)
(24, 19984.0)
(25, 19989.0)
(26, 19996.0)
(27, 20008.0)
(28, 19977.0)
(29, 19993.0)
(30, 19999.0)
(31, 19990.0)
(32, 19984.0)
(33, 20008.0)
(34, 19974.0)
(35, 19986.0)
(36, 20005.0)
(37, 20002.0)
(38, 20035.0)
(39, 20002.0)
Changed value of parameter MIPGap to 0.05
   Prev: 0.0001  Min: 0.0  Max: 1e+100  Default: 0.0001
Changed value of parameter TimeLimit to 1800.0
   Prev: 1e+100  Min: 0.0  Max: 1e+100  Default: 1e+100
Changed value of parameter Method to 2
   Prev: -1  Min: -1  Max: 4  Default: -1
Changed value of parameter MIPFocus to 1
   Prev: 0  Min: 0  Max: 3  Default: 0
Optimize a model with 21410 rows, 31815 columns and 63630 nonzeros
Variable types: 0 continuous, 31815 integer (31815 binary)
Coefficient statistics:
  Matrix range     [1e+00, 5e+00]
  Objective range  [5e+00, 3e+01]
  Bounds range     [1e+00, 1e+00]
  RHS range        [8e+01, 8e+01]
Found heuristic solution: objective 0
Presolve removed 21210 rows and 22397 columns
Presolve time: 0.05s
Presolved: 200 rows, 9418 columns, 18836 nonzeros
Variable types: 0 continuous, 9418 integer (8231 binary)
Presolved: 200 rows, 9418 columns, 18836 nonzeros

Root barrier log...

Ordering time: 0.00s

Barrier statistics:
 AA' NZ     : 9.165e+03
 Factor NZ  : 1.907e+04 (roughly 4 MBytes of memory)
 Factor Ops : 2.405e+06 (less than 1 second per iteration)
 Threads    : 1

                  Objective                Residual
Iter       Primal          Dual         Primal    Dual     Compl     Time
   0  -1.36977660e+05 -1.11369530e+05  6.73e+01 3.55e-15  1.65e+01     0s
   1  -4.31867138e+04 -7.45949294e+04  5.39e+00 2.13e-14  2.77e+00     0s
   2  -4.09130029e+04 -4.98415566e+04  6.82e-01 1.42e-14  5.70e-01     0s
   3  -4.14041848e+04 -4.35916658e+04  2.72e-01 1.42e-14  1.49e-01     0s
   4  -4.15890481e+04 -4.23050626e+04  8.79e-02 2.49e-14  4.77e-02     0s
   5  -4.16203477e+04 -4.20141158e+04  1.92e-02 1.78e-14  2.29e-02     0s
   6  -4.16204585e+04 -4.17953787e+04  9.95e-03 1.78e-14  1.03e-02     0s
   7  -4.16265205e+04 -4.16690298e+04  9.96e-04 2.49e-14  2.34e-03     0s
   8  -4.16273142e+04 -4.16284410e+04  1.67e-04 3.55e-14  7.78e-05     0s
   9  -4.16275000e+04 -4.16275009e+04  1.51e-08 2.84e-14  5.19e-08     0s
  10  -4.16275000e+04 -4.16275000e+04  2.92e-14 3.20e-14  5.26e-14     0s

Barrier solved model in 10 iterations and 0.09 seconds
Optimal objective -4.16275000e+04


Root relaxation: objective -4.162750e+04, 6825 iterations, 0.06 seconds

    Nodes    |    Current Node    |     Objective Bounds      |     Work
 Expl Unexpl |  Obj  Depth IntInf | Incumbent    BestBd   Gap | It/Node Time

     0     0 -41627.500    0   75    0.00000 -41627.500      -     -    0s
H    0     0                    -41415.00000 -41627.500  0.51%     -    0s

Explored 0 nodes (8015 simplex iterations) in 0.24 seconds
Thread count was 20 (of 20 available processors)

Solution count 2: -41415 0 
Pool objective bound -41627

Optimal solution found (tolerance 5.00e-02)
Best objective -4.141500000000e+04, best bound -4.162700000000e+04, gap 0.5119%
(0, 38632.0)
(1, 38728.0)
(2, 38635.0)
(3, 38678.0)
(4, 38668.0)
(5, 38757.0)
(6, 38465.0)
(7, 38495.0)
(8, 38645.0)
(9, 38673.0)
(10, 38629.0)
(11, 38774.0)
(12, 38391.0)
(13, 38581.0)
(14, 38525.0)
(15, 38614.0)
(16, 38721.0)
(17, 38637.0)
(18, 38644.0)
(19, 38898.0)
(20, 38312.0)
(21, 38495.0)
(22, 38627.0)
(23, 38351.0)
(24, 38648.0)
(25, 38650.0)
(26, 38731.0)
(27, 38769.0)
(28, 38659.0)
(29, 38611.0)
(30, 38569.0)
(31, 38623.0)
(32, 38622.0)
(33, 38705.0)
(34, 38677.0)
(35, 38548.0)
(36, 38794.0)
(37, 38533.0)
(38, 38368.0)
(39, 38949.0)
(0, 37973.0)
(1, 37939.0)
(2, 38020.0)
(3, 37914.0)
(4, 37972.0)
(5, 37962.0)
(6, 38018.0)
(7, 37919.0)
(8, 37954.0)
(9, 38010.0)
(10, 37934.0)
(11, 37944.0)
(12, 37840.0)
(13, 37952.0)
(14, 37967.0)
(15, 37931.0)
(16, 37901.0)
(17, 37942.0)
(18, 37939.0)
(19, 37987.0)
(20, 37673.0)
(21, 37919.0)
(22, 37944.0)
(23, 37886.0)
(24, 37939.0)
(25, 37957.0)
(26, 38071.0)
(27, 37927.0)
(28, 37772.0)
(29, 37886.0)
(30, 37997.0)
(31, 37927.0)
(32, 37698.0)
(33, 37942.0)
(34, 37881.0)
(35, 37929.0)
(36, 37995.0)
(37, 37904.0)
(38, 37959.0)
(39, 37949.0)
Changed value of parameter MIPGap to 0.05
   Prev: 0.0001  Min: 0.0  Max: 1e+100  Default: 0.0001
Changed value of parameter TimeLimit to 1800.0
   Prev: 1e+100  Min: 0.0  Max: 1e+100  Default: 1e+100
Changed value of parameter Method to 2
   Prev: -1  Min: -1  Max: 4  Default: -1
Changed value of parameter MIPFocus to 1
   Prev: 0  Min: 0  Max: 3  Default: 0
Optimize a model with 21410 rows, 31815 columns and 63630 nonzeros
Variable types: 0 continuous, 31815 integer (31815 binary)
Coefficient statistics:
  Matrix range     [1e+00, 5e+00]
  Objective range  [6e+00, 4e+01]
  Bounds range     [1e+00, 1e+00]
  RHS range        [8e+01, 8e+01]
Found heuristic solution: objective 0
Presolve removed 21210 rows and 22397 columns
Presolve time: 0.05s
Presolved: 200 rows, 9418 columns, 18836 nonzeros
Variable types: 0 continuous, 9418 integer (8231 binary)
Presolved: 200 rows, 9418 columns, 18836 nonzeros

Root barrier log...

Ordering time: 0.00s

Barrier statistics:
 AA' NZ     : 9.165e+03
 Factor NZ  : 1.907e+04 (roughly 4 MBytes of memory)
 Factor Ops : 2.405e+06 (less than 1 second per iteration)
 Threads    : 1

                  Objective                Residual
Iter       Primal          Dual         Primal    Dual     Compl     Time
   0  -1.65889251e+05 -1.39818608e+05  6.73e+01 3.55e-15  2.09e+01     0s
   1  -5.28821008e+04 -9.32071467e+04  5.39e+00 2.13e-14  3.51e+00     0s
   2  -5.04590958e+04 -6.18547747e+04  6.80e-01 2.13e-14  7.23e-01     0s
   3  -5.11203697e+04 -5.39154610e+04  2.72e-01 2.49e-14  1.88e-01     0s
   4  -5.13727658e+04 -5.22884289e+04  8.78e-02 2.13e-14  6.05e-02     0s
   5  -5.14193807e+04 -5.18938639e+04  1.93e-02 2.49e-14  2.76e-02     0s
   6  -5.14205969e+04 -5.16343967e+04  1.06e-02 2.84e-14  1.27e-02     0s
   7  -5.14295880e+04 -5.14335009e+04  2.61e-04 3.91e-14  2.41e-04     0s
   8  -5.14299999e+04 -5.14300005e+04  2.60e-09 3.20e-14  3.17e-08     0s
   9  -5.14300000e+04 -5.14300000e+04  0.00e+00 2.84e-14  3.17e-11     0s

Barrier solved model in 9 iterations and 0.09 seconds
Optimal objective -5.14300000e+04


Root relaxation: objective -5.143000e+04, 6825 iterations, 0.06 seconds

    Nodes    |    Current Node    |     Objective Bounds      |     Work
 Expl Unexpl |  Obj  Depth IntInf | Incumbent    BestBd   Gap | It/Node Time

     0     0 -51430.000    0   56    0.00000 -51430.000      -     -    0s
H    0     0                    -51278.00000 -51430.000  0.30%     -    0s

Explored 0 nodes (8490 simplex iterations) in 0.30 seconds
Thread count was 20 (of 20 available processors)

Solution count 2: -51278 0 
Pool objective bound -51430

Optimal solution found (tolerance 5.00e-02)
Best objective -5.127800000000e+04, best bound -5.143000000000e+04, gap 0.2964%
(0, 47791.0)
(1, 47908.0)
(2, 47385.0)
(3, 47259.0)
(4, 48048.0)
(5, 47978.0)
(6, 47881.0)
(7, 47816.0)
(8, 47697.0)
(9, 48065.0)
(10, 47838.0)
(11, 47890.0)
(12, 47658.0)
(13, 47457.0)
(14, 47849.0)
(15, 47364.0)
(16, 48152.0)
(17, 47949.0)
(18, 47417.0)
(19, 47535.0)
(20, 47796.0)
(21, 47981.0)
(22, 47587.0)
(23, 47640.0)
(24, 47995.0)
(25, 47696.0)
(26, 47614.0)
(27, 47703.0)
(28, 47686.0)
(29, 47325.0)
(30, 47394.0)
(31, 48012.0)
(32, 48201.0)
(33, 47802.0)
(34, 47617.0)
(35, 47462.0)
(36, 47897.0)
(37, 47720.0)
(38, 48096.0)
(39, 47605.0)
(0, 47251.0)
(1, 46949.0)
(2, 47211.0)
(3, 47209.0)
(4, 47275.0)
(5, 47186.0)
(6, 47246.0)
(7, 47333.0)
(8, 47094.0)
(9, 47234.0)
(10, 47094.0)
(11, 47259.0)
(12, 47206.0)
(13, 47329.0)
(14, 47299.0)
(15, 47227.0)
(16, 47234.0)
(17, 47305.0)
(18, 47293.0)
(19, 47157.0)
(20, 47263.0)
(21, 47252.0)
(22, 47165.0)
(23, 47317.0)
(24, 47204.0)
(25, 47229.0)
(26, 47204.0)
(27, 47036.0)
(28, 47317.0)
(29, 47228.0)
(30, 47222.0)
(31, 47240.0)
(32, 47205.0)
(33, 47194.0)
(34, 47228.0)
(35, 46995.0)
(36, 47287.0)
(37, 47031.0)
(38, 47187.0)
(39, 47142.0)
Changed value of parameter MIPGap to 0.05
   Prev: 0.0001  Min: 0.0  Max: 1e+100  Default: 0.0001
Changed value of parameter TimeLimit to 1800.0
   Prev: 1e+100  Min: 0.0  Max: 1e+100  Default: 1e+100
Changed value of parameter Method to 2
   Prev: -1  Min: -1  Max: 4  Default: -1
Changed value of parameter MIPFocus to 1
   Prev: 0  Min: 0  Max: 3  Default: 0
Optimize a model with 21410 rows, 31815 columns and 63630 nonzeros
Variable types: 0 continuous, 31815 integer (31815 binary)
Coefficient statistics:
  Matrix range     [1e+00, 5e+00]
  Objective range  [1e+01, 8e+01]
  Bounds range     [1e+00, 1e+00]
  RHS range        [8e+01, 8e+01]
Found heuristic solution: objective 0
Presolve removed 21210 rows and 22397 columns
Presolve time: 0.05s
Presolved: 200 rows, 9418 columns, 18836 nonzeros
Variable types: 0 continuous, 9418 integer (8231 binary)
Presolved: 200 rows, 9418 columns, 18836 nonzeros

Root barrier log...

Ordering time: 0.00s

Barrier statistics:
 AA' NZ     : 9.165e+03
 Factor NZ  : 1.907e+04 (roughly 4 MBytes of memory)
 Factor Ops : 2.405e+06 (less than 1 second per iteration)
 Threads    : 1

                  Objective                Residual
Iter       Primal          Dual         Primal    Dual     Compl     Time
   0  -3.10442728e+05 -2.82063998e+05  6.73e+01 7.11e-15  4.30e+01     0s
   1  -1.01371554e+05 -1.86266922e+05  5.37e+00 4.26e-14  7.21e+00     0s
   2  -9.81927581e+04 -1.21924375e+05  6.78e-01 4.26e-14  1.49e+00     0s
   3  -9.97019340e+04 -1.05530823e+05  2.71e-01 4.97e-14  3.86e-01     0s
   4  -1.00290724e+05 -1.02203970e+05  8.78e-02 4.26e-14  1.24e-01     0s
   5  -1.00414397e+05 -1.01291638e+05  1.96e-02 3.55e-14  5.13e-02     0s
   6  -1.00419382e+05 -1.00813963e+05  1.32e-02 3.55e-14  2.42e-02     0s
   7  -1.00440483e+05 -1.00452876e+05  7.87e-04 6.39e-14  8.55e-04     0s
   8  -1.00442488e+05 -1.00442611e+05  1.00e-06 6.39e-14  6.73e-06     0s
   9  -1.00442500e+05 -1.00442500e+05  0.00e+00 5.68e-14  6.73e-09     0s

Barrier solved model in 9 iterations and 0.09 seconds
Optimal objective -1.00442500e+05


Root relaxation: objective -1.004425e+05, 6824 iterations, 0.06 seconds

    Nodes    |    Current Node    |     Objective Bounds      |     Work
 Expl Unexpl |  Obj  Depth IntInf | Incumbent    BestBd   Gap | It/Node Time

     0     0 -100442.50    0   77    0.00000 -100442.50      -     -    0s
H    0     0                    -99911.00000 -100442.50  0.53%     -    0s

Explored 0 nodes (7782 simplex iterations) in 0.29 seconds
Thread count was 20 (of 20 available processors)

Solution count 2: -99911 0 
Pool objective bound -100442

Optimal solution found (tolerance 5.00e-02)
Best objective -9.991100000000e+04, best bound -1.004420000000e+05, gap 0.5315%
(0, 93928.0)
(1, 93081.0)
(2, 93405.0)
(3, 93655.0)
(4, 93401.0)
(5, 93158.0)
(6, 93931.0)
(7, 93608.0)
(8, 93350.0)
(9, 93895.0)
(10, 93357.0)
(11, 93235.0)
(12, 94100.0)
(13, 93990.0)
(14, 93850.0)
(15, 94097.0)
(16, 93843.0)
(17, 93463.0)
(18, 93674.0)
(19, 93964.0)
(20, 94123.0)
(21, 93607.0)
(22, 94126.0)
(23, 93751.0)
(24, 94159.0)
(25, 92819.0)
(26, 93375.0)
(27, 93574.0)
(28, 93994.0)
(29, 93570.0)
(30, 94068.0)
(31, 94012.0)
(32, 93906.0)
(33, 93633.0)
(34, 93773.0)
(35, 93545.0)
(36, 94240.0)
(37, 93287.0)
(38, 93618.0)
(39, 93275.0)
(0, 92349.0)
(1, 92062.0)
(2, 92224.0)
(3, 91926.0)
(4, 92132.0)
(5, 91922.0)
(6, 92191.0)
(7, 92154.0)
(8, 92014.0)
(9, 92040.0)
(10, 92132.0)
(11, 92073.0)
(12, 91937.0)
(13, 92154.0)
(14, 92018.0)
(15, 91922.0)
(16, 92294.0)
(17, 92088.0)
(18, 91933.0)
(19, 92073.0)
(20, 92360.0)
(21, 92500.0)
(22, 91948.0)
(23, 92143.0)
(24, 92220.0)
(25, 91926.0)
(26, 92121.0)
(27, 92177.0)
(28, 92143.0)
(29, 92695.0)
(30, 91970.0)
(31, 92073.0)
(32, 92176.0)
(33, 91915.0)
(34, 92257.0)
(35, 92165.0)
(36, 92202.0)
(37, 91889.0)
(38, 92213.0)
(39, 91867.0)
Changed value of parameter MIPGap to 0.05
   Prev: 0.0001  Min: 0.0  Max: 1e+100  Default: 0.0001
Changed value of parameter TimeLimit to 1800.0
   Prev: 1e+100  Min: 0.0  Max: 1e+100  Default: 1e+100
Changed value of parameter Method to 2
   Prev: -1  Min: -1  Max: 4  Default: -1
Changed value of parameter MIPFocus to 1
   Prev: 0  Min: 0  Max: 3  Default: 0
Optimize a model with 21410 rows, 31815 columns and 63630 nonzeros
Variable types: 0 continuous, 31815 integer (31815 binary)
Coefficient statistics:
  Matrix range     [1e+00, 5e+00]
  Objective range  [2e+01, 2e+02]
  Bounds range     [1e+00, 1e+00]
  RHS range        [8e+01, 8e+01]
Found heuristic solution: objective 0
Presolve removed 21210 rows and 22397 columns
Presolve time: 0.05s
Presolved: 200 rows, 9418 columns, 18836 nonzeros
Variable types: 0 continuous, 9418 integer (8231 binary)
Presolved: 200 rows, 9418 columns, 18836 nonzeros

Root barrier log...

Ordering time: 0.00s

Barrier statistics:
 AA' NZ     : 9.165e+03
 Factor NZ  : 1.907e+04 (roughly 4 MBytes of memory)
 Factor Ops : 2.405e+06 (less than 1 second per iteration)
 Threads    : 1

                  Objective                Residual
Iter       Primal          Dual         Primal    Dual     Compl     Time
   0  -5.99545440e+05 -5.66554778e+05  6.74e+01 1.42e-14  8.72e+01     0s
   1  -1.98363594e+05 -3.72385384e+05  5.37e+00 9.95e-14  1.46e+01     0s
   2  -1.93656628e+05 -2.42085594e+05  6.76e-01 8.53e-14  3.02e+00     0s
   3  -1.96862146e+05 -2.08822607e+05  2.71e-01 9.95e-14  7.84e-01     0s
   4  -1.98125149e+05 -2.02052932e+05  8.79e-02 8.53e-14  2.53e-01     0s
   5  -1.98404080e+05 -2.00091124e+05  1.97e-02 7.11e-14  9.88e-02     0s
   6  -1.98415568e+05 -1.99188447e+05  1.42e-02 7.11e-14  4.78e-02     0s
   7  -1.98463536e+05 -1.98491612e+05  7.20e-04 1.42e-13  1.84e-03     0s
   8  -1.98467451e+05 -1.98467901e+05  2.05e-06 1.14e-13  2.47e-05     0s
   9  -1.98467500e+05 -1.98467500e+05  0.00e+00 2.13e-13  2.47e-08     0s
  10  -1.98467500e+05 -1.98467500e+05  2.37e-14 1.28e-13  2.82e-14     0s

Barrier solved model in 10 iterations and 0.09 seconds
Optimal objective -1.98467500e+05


Root relaxation: objective -1.984675e+05, 6825 iterations, 0.06 seconds

    Nodes    |    Current Node    |     Objective Bounds      |     Work
 Expl Unexpl |  Obj  Depth IntInf | Incumbent    BestBd   Gap | It/Node Time

     0     0 -198467.50    0   65    0.00000 -198467.50      -     -    0s
H    0     0                    -197953.0000 -198467.50  0.26%     -    0s

Explored 0 nodes (7981 simplex iterations) in 0.30 seconds
Thread count was 20 (of 20 available processors)

Solution count 2: -197953 0 
Pool objective bound -198464

Optimal solution found (tolerance 5.00e-02)
Best objective -1.979530000000e+05, best bound -1.984640000000e+05, gap 0.2581%
(0, 184800.0)
(1, 186928.0)
(2, 186872.0)
(3, 186046.0)
(4, 186627.0)
(5, 186585.0)
(6, 187320.0)
(7, 186354.0)
(8, 186774.0)
(9, 187012.0)
(10, 187005.0)
(11, 185794.0)
(12, 186452.0)
(13, 187222.0)
(14, 187026.0)
(15, 185948.0)
(16, 187145.0)
(17, 186543.0)
(18, 186389.0)
(19, 186809.0)
(20, 186291.0)
(21, 186627.0)
(22, 185843.0)
(23, 186270.0)
(24, 184177.0)
(25, 186382.0)
(26, 186354.0)
(27, 186011.0)
(28, 183841.0)
(29, 187257.0)
(30, 184261.0)
(31, 185150.0)
(32, 186165.0)
(33, 187439.0)
(34, 185318.0)
(35, 183750.0)
(36, 187075.0)
(37, 186823.0)
(38, 186725.0)
(39, 186865.0)
(0, 183120.0)
(1, 183281.0)
(2, 182014.0)
(3, 182777.0)
(4, 182707.0)
(5, 183358.0)
(6, 183078.0)
(7, 183197.0)
(8, 183435.0)
(9, 183099.0)
(10, 183827.0)
(11, 183582.0)
(12, 182392.0)
(13, 182672.0)
(14, 182511.0)
(15, 182735.0)
(16, 181986.0)
(17, 181993.0)
(18, 183274.0)
(19, 182644.0)
(20, 183722.0)
(21, 183057.0)
(22, 182000.0)
(23, 182770.0)
(24, 183120.0)
(25, 182749.0)
(26, 183414.0)
(27, 182931.0)
(28, 182693.0)
(29, 181853.0)
(30, 182595.0)
(31, 182070.0)
(32, 181909.0)
(33, 181972.0)
(34, 182231.0)
(35, 182644.0)
(36, 183855.0)
(37, 183351.0)
(38, 182707.0)
(39, 183309.0)
Changed value of parameter MIPGap to 0.05
   Prev: 0.0001  Min: 0.0  Max: 1e+100  Default: 0.0001
Changed value of parameter TimeLimit to 1800.0
   Prev: 1e+100  Min: 0.0  Max: 1e+100  Default: 1e+100
Changed value of parameter Method to 2
   Prev: -1  Min: -1  Max: 4  Default: -1
Changed value of parameter MIPFocus to 1
   Prev: 0  Min: 0  Max: 3  Default: 0
Optimize a model with 21410 rows, 31815 columns and 63630 nonzeros
Variable types: 0 continuous, 31815 integer (31815 binary)
Coefficient statistics:
  Matrix range     [1e+00, 5e+00]
  Objective range  [5e+01, 4e+02]
  Bounds range     [1e+00, 1e+00]
  RHS range        [8e+01, 8e+01]
Found heuristic solution: objective 0
Presolve removed 21210 rows and 22397 columns
Presolve time: 0.05s
Presolved: 200 rows, 9418 columns, 18836 nonzeros
Variable types: 0 continuous, 9418 integer (8231 binary)
Presolved: 200 rows, 9418 columns, 18836 nonzeros

Root barrier log...

Ordering time: 0.00s

Barrier statistics:
 AA' NZ     : 9.165e+03
 Factor NZ  : 1.907e+04 (roughly 4 MBytes of memory)
 Factor Ops : 2.405e+06 (less than 1 second per iteration)
 Threads    : 1

                  Objective                Residual
Iter       Primal          Dual         Primal    Dual     Compl     Time
   0  -1.46685034e+06 -1.42002712e+06  6.74e+01 5.68e-14  2.20e+02     0s
   1  -4.89349133e+05 -9.30739886e+05  5.36e+00 2.56e-13  3.68e+01     0s
   2  -4.80036938e+05 -6.02611044e+05  6.76e-01 1.71e-13  7.62e+00     0s
   3  -4.88335655e+05 -5.18759637e+05  2.71e-01 1.99e-13  1.98e+00     0s
   4  -4.91621757e+05 -5.01620436e+05  8.82e-02 1.99e-13  6.40e-01     0s
   5  -4.92372124e+05 -4.96491403e+05  1.99e-02 1.71e-13  2.42e-01     0s
   6  -4.92402552e+05 -4.94315686e+05  1.48e-02 1.99e-13  1.19e-01     0s
   7  -4.92532563e+05 -4.92616858e+05  6.85e-04 4.83e-13  5.28e-03     0s
   8  -4.92542205e+05 -4.92544544e+05  4.66e-06 4.55e-13  1.29e-04     0s
   9  -4.92542500e+05 -4.92542502e+05  0.00e+00 3.98e-13  1.29e-07     0s
  10  -4.92542500e+05 -4.92542500e+05  2.16e-14 3.69e-13  1.45e-13     0s

Barrier solved model in 10 iterations and 0.09 seconds
Optimal objective -4.92542500e+05


Root relaxation: objective -4.925425e+05, 6825 iterations, 0.06 seconds

    Nodes    |    Current Node    |     Objective Bounds      |     Work
 Expl Unexpl |  Obj  Depth IntInf | Incumbent    BestBd   Gap | It/Node Time

     0     0 -492542.50    0   58    0.00000 -492542.50      -     -    0s
H    0     0                    -491198.0000 -492542.50  0.27%     -    0s

Explored 0 nodes (7936 simplex iterations) in 0.29 seconds
Thread count was 20 (of 20 available processors)

Solution count 2: -491198 0 
Pool objective bound -492542

Optimal solution found (tolerance 5.00e-02)
Best objective -4.911980000000e+05, best bound -4.925420000000e+05, gap 0.2736%
(0, 464262.0)
(1, 462570.0)
(2, 462570.0)
(3, 465122.0)
(4, 464160.0)
(5, 464466.0)
(6, 461615.0)
(7, 461228.0)
(8, 462651.0)
(9, 462162.0)
(10, 461819.0)
(11, 459865.0)
(12, 460711.0)
(13, 463715.0)
(14, 458101.0)
(15, 463912.0)
(16, 458400.0)
(17, 460368.0)
(18, 461214.0)
(19, 459304.0)
(20, 462950.0)
(21, 465173.0)
(22, 464955.0)
(23, 463001.0)
(24, 466471.0)
(25, 461156.0)
(26, 462512.0)
(27, 464109.0)
(28, 462709.0)
(29, 464218.0)
(30, 456752.0)
(31, 463664.0)
(32, 464058.0)
(33, 461710.0)
(34, 460697.0)
(35, 466369.0)
(36, 461768.0)
(37, 461761.0)
(38, 460646.0)
(39, 464160.0)
(0, 457679.0)
(1, 453625.0)
(2, 454026.0)
(3, 454923.0)
(4, 455790.0)
(5, 453122.0)
(6, 453268.0)
(7, 452670.0)
(8, 451029.0)
(9, 453129.0)
(10, 452575.0)
(11, 453669.0)
(12, 453822.0)
(13, 453530.0)
(14, 451583.0)
(15, 452167.0)
(16, 453676.0)
(17, 453472.0)
(18, 455630.0)
(19, 454427.0)
(20, 451919.0)
(21, 453924.0)
(22, 452028.0)
(23, 453122.0)
(24, 451423.0)
(25, 452779.0)
(26, 454624.0)
(27, 452867.0)
(28, 450584.0)
(29, 453778.0)
(30, 453020.0)
(31, 454777.0)
(32, 453122.0)
(33, 453676.0)
(34, 452626.0)
(35, 451627.0)
(36, 453727.0)
(37, 454427.0)
(38, 453924.0)
(39, 453924.0)
Changed value of parameter MIPGap to 0.05
   Prev: 0.0001  Min: 0.0  Max: 1e+100  Default: 0.0001
Changed value of parameter TimeLimit to 1800.0
   Prev: 1e+100  Min: 0.0  Max: 1e+100  Default: 1e+100
Changed value of parameter Method to 2
   Prev: -1  Min: -1  Max: 4  Default: -1
Changed value of parameter MIPFocus to 1
   Prev: 0  Min: 0  Max: 3  Default: 0
Optimize a model with 21410 rows, 31815 columns and 63630 nonzeros
Variable types: 0 continuous, 31815 integer (31815 binary)
Coefficient statistics:
  Matrix range     [1e+00, 5e+00]
  Objective range  [5e+02, 4e+03]
  Bounds range     [1e+00, 1e+00]
  RHS range        [8e+01, 8e+01]
Found heuristic solution: objective 0
Presolve removed 21210 rows and 22397 columns
Presolve time: 0.05s
Presolved: 200 rows, 9418 columns, 18836 nonzeros
Variable types: 0 continuous, 9418 integer (8231 binary)
Presolved: 200 rows, 9418 columns, 18836 nonzeros

Root barrier log...

Ordering time: 0.00s

Barrier statistics:
 AA' NZ     : 9.165e+03
 Factor NZ  : 1.907e+04 (roughly 4 MBytes of memory)
 Factor Ops : 2.405e+06 (less than 1 second per iteration)
 Threads    : 1

                  Objective                Residual
Iter       Primal          Dual         Primal    Dual     Compl     Time
   0  -1.44764125e+07 -1.42221122e+07  6.74e+01 4.55e-13  2.21e+03     0s
   1  -4.85416697e+06 -9.30605243e+06  5.36e+00 2.50e-12  3.70e+02     0s
   2  -4.77575066e+06 -6.01050691e+06  6.75e-01 2.27e-12  7.66e+01     0s
   3  -4.86043923e+06 -5.16782979e+06  2.71e-01 2.27e-12  2.00e+01     0s
   4  -4.89406604e+06 -4.99512069e+06  8.84e-02 2.50e-12  6.45e+00     0s
   5  -4.90189178e+06 -4.94249278e+06  2.00e-02 3.18e-12  2.38e+00     0s
   6  -4.90220403e+06 -4.92122951e+06  1.52e-02 1.82e-12  1.19e+00     0s
   7  -4.90356789e+06 -4.90438691e+06  6.65e-04 5.23e-12  5.12e-02     0s
   8  -4.90366413e+06 -4.90369293e+06  5.33e-06 3.18e-12  1.58e-03     0s
   9  -4.90366750e+06 -4.90366753e+06  0.00e+00 3.18e-12  1.58e-06     0s
  10  -4.90366750e+06 -4.90366750e+06  5.01e-14 4.09e-12  1.71e-12     0s

Barrier solved model in 10 iterations and 0.09 seconds
Optimal objective -4.90366750e+06


Root relaxation: objective -4.903667e+06, 6825 iterations, 0.06 seconds

    Nodes    |    Current Node    |     Objective Bounds      |     Work
 Expl Unexpl |  Obj  Depth IntInf | Incumbent    BestBd   Gap | It/Node Time

     0     0 -4903667.5    0   90    0.00000 -4903667.5      -     -    0s
H    0     0                    -4865411.000 -4903667.5  0.79%     -    0s

Explored 0 nodes (7305 simplex iterations) in 0.23 seconds
Thread count was 20 (of 20 available processors)

Solution count 2: -4.86541e+06 0 
Pool objective bound -4.90367e+06

Optimal solution found (tolerance 5.00e-02)
Best objective -4.865411000000e+06, best bound -4.903667000000e+06, gap 0.7863%
(0, 4594566.0)
(1, 4606068.0)
(2, 4602074.0)
(3, 4606576.0)
(4, 4594573.0)
(5, 4609067.0)
(6, 4593070.0)
(7, 4605581.0)
(8, 4590078.0)
(9, 4591567.0)
(10, 4611071.0)
(11, 4610069.0)
(12, 4619066.0)
(13, 4614077.0)
(14, 4605567.0)
(15, 4593557.0)
(16, 4626574.0)
(17, 4570560.0)
(18, 4604064.0)
(19, 4607077.0)
(20, 4578576.0)
(21, 4588575.0)
(22, 4577066.0)
(23, 4592569.0)
(24, 4574554.0)
(25, 4601072.0)
(26, 4597572.0)
(27, 4593564.0)
(28, 4618586.0)
(29, 4572056.0)
(30, 4595568.0)
(31, 4561048.0)
(32, 4610570.0)
(33, 4615587.0)
(34, 4631577.0)
(35, 4586056.0)
(36, 4627082.0)
(37, 4566058.0)
(38, 4594573.0)
(39, 4602081.0)
(0, 4509522.0)
(1, 4509021.0)
(2, 4514017.0)
(3, 4510023.0)
(4, 4508520.0)
(5, 4515520.0)
(6, 4508026.0)
(7, 4511526.0)
(8, 4504025.0)
(9, 4514518.0)
(10, 4506022.0)
(11, 4530522.0)
(12, 4489517.0)
(13, 4536534.0)
(14, 4527036.0)
(15, 4496023.0)
(16, 4502021.0)
(17, 4514024.0)
(18, 4494019.0)
(19, 4513015.0)
(20, 4509522.0)
(21, 4516522.0)
(22, 4517524.0)
(23, 4489517.0)
(24, 4506022.0)
(25, 4509522.0)
(26, 4527029.0)
(27, 4510524.0)
(28, 4526521.0)
(29, 4500518.0)
(30, 4510016.0)
(31, 4540535.0)
(32, 4535031.0)
(33, 4532032.0)
(34, 4520022.0)
(35, 4501019.0)
(36, 4515019.0)
(37, 4524531.0)
(38, 4517023.0)
(39, 4506516.0)
