Changed value of parameter MIPGap to 0.05
   Prev: 0.0001  Min: 0.0  Max: 1e+100  Default: 0.0001
Changed value of parameter TimeLimit to 1800.0
   Prev: 1e+100  Min: 0.0  Max: 1e+100  Default: 1e+100
Changed value of parameter Method to 2
   Prev: -1  Min: -1  Max: 4  Default: -1
Changed value of parameter MIPFocus to 1
   Prev: 0  Min: 0  Max: 3  Default: 0
Optimize a model with 5188 rows, 25784 columns and 51568 nonzeros
Variable types: 0 continuous, 25784 integer (25784 binary)
Coefficient statistics:
  Matrix range     [1e+00, 2e+01]
  Objective range  [1e+00, 1e+00]
  Bounds range     [1e+00, 1e+00]
  RHS range        [8e+01, 8e+01]
Found heuristic solution: objective 0
Presolve time: 0.10s
Presolved: 5188 rows, 25784 columns, 51568 nonzeros
Variable types: 0 continuous, 25784 integer (25784 binary)
Presolved: 5188 rows, 25784 columns, 51568 nonzeros

Root barrier log...

Ordering time: 0.09s

Barrier statistics:
 AA' NZ     : 2.578e+04
 Factor NZ  : 1.606e+05 (roughly 14 MBytes of memory)
 Factor Ops : 3.021e+07 (less than 1 second per iteration)
 Threads    : 1

                  Objective                Residual
Iter       Primal          Dual         Primal    Dual     Compl     Time
   0  -1.64350341e+04 -2.25384831e+04  1.57e+02 0.00e+00  4.85e+00     0s
   1  -5.03627569e+03 -2.00155174e+04  9.60e+00 6.66e-16  9.53e-01     0s
   2  -2.61060276e+03 -8.26764602e+03  3.44e-01 7.73e-14  1.42e-01     0s
   3  -2.32514787e+03 -2.59443790e+03  6.66e-16 5.55e-15  5.17e-03     0s
   4  -2.34388889e+03 -2.34425303e+03  6.66e-16 4.44e-16  6.99e-06     0s
   5  -2.34399989e+03 -2.34400025e+03  6.66e-16 4.44e-16  6.99e-09     0s
   6  -2.34400000e+03 -2.34400000e+03  6.66e-16 6.66e-16  6.99e-12     0s

Barrier solved model in 6 iterations and 0.34 seconds
Optimal objective -2.34400000e+03


Root relaxation: objective -2.344000e+03, 22401 iterations, 0.27 seconds

    Nodes    |    Current Node    |     Objective Bounds      |     Work
 Expl Unexpl |  Obj  Depth IntInf | Incumbent    BestBd   Gap | It/Node Time

*    0     0               0    -2344.000000 -2344.0000  0.00%     -    0s

Explored 0 nodes (25490 simplex iterations) in 0.49 seconds
Thread count was 20 (of 20 available processors)

Solution count 2: -2344 0 
Pool objective bound -2344

Optimal solution found (tolerance 5.00e-02)
Best objective -2.344000000000e+03, best bound -2.344000000000e+03, gap 0.0000%
(0, 2344.0)
(1, 2344.0)
(2, 2344.0)
(3, 2344.0)
(4, 2344.0)
(5, 2344.0)
(6, 2344.0)
(7, 2344.0)
(8, 2344.0)
(9, 2344.0)
(10, 2344.0)
(11, 2344.0)
(12, 2344.0)
(13, 2344.0)
(14, 2344.0)
(15, 2344.0)
(16, 2344.0)
(17, 2344.0)
(18, 2344.0)
(19, 2344.0)
(20, 2344.0)
(21, 2344.0)
(22, 2344.0)
(23, 2344.0)
(24, 2344.0)
(25, 2344.0)
(26, 2344.0)
(27, 2344.0)
(28, 2344.0)
(29, 2344.0)
(30, 2344.0)
(31, 2344.0)
(32, 2344.0)
(33, 2344.0)
(34, 2344.0)
(35, 2344.0)
(36, 2344.0)
(37, 2344.0)
(38, 2344.0)
(39, 2344.0)
(0, 2344.0)
(1, 2344.0)
(2, 2344.0)
(3, 2344.0)
(4, 2344.0)
(5, 2344.0)
(6, 2344.0)
(7, 2344.0)
(8, 2344.0)
(9, 2344.0)
(10, 2344.0)
(11, 2344.0)
(12, 2344.0)
(13, 2344.0)
(14, 2344.0)
(15, 2344.0)
(16, 2344.0)
(17, 2344.0)
(18, 2344.0)
(19, 2344.0)
(20, 2344.0)
(21, 2344.0)
(22, 2344.0)
(23, 2344.0)
(24, 2344.0)
(25, 2344.0)
(26, 2344.0)
(27, 2344.0)
(28, 2344.0)
(29, 2344.0)
(30, 2344.0)
(31, 2344.0)
(32, 2344.0)
(33, 2344.0)
(34, 2344.0)
(35, 2344.0)
(36, 2344.0)
(37, 2344.0)
(38, 2344.0)
(39, 2344.0)
Changed value of parameter MIPGap to 0.05
   Prev: 0.0001  Min: 0.0  Max: 1e+100  Default: 0.0001
Changed value of parameter TimeLimit to 1800.0
   Prev: 1e+100  Min: 0.0  Max: 1e+100  Default: 1e+100
Changed value of parameter Method to 2
   Prev: -1  Min: -1  Max: 4  Default: -1
Changed value of parameter MIPFocus to 1
   Prev: 0  Min: 0  Max: 3  Default: 0
Optimize a model with 5188 rows, 25784 columns and 51568 nonzeros
Variable types: 0 continuous, 25784 integer (25784 binary)
Coefficient statistics:
  Matrix range     [1e+00, 2e+01]
  Objective range  [1e+00, 1e+00]
  Bounds range     [1e+00, 1e+00]
  RHS range        [8e+01, 8e+01]
Found heuristic solution: objective 0
Presolve time: 0.07s
Presolved: 5188 rows, 25784 columns, 51568 nonzeros
Variable types: 0 continuous, 25784 integer (25784 binary)
Presolved: 5188 rows, 25784 columns, 51568 nonzeros

Root barrier log...

Ordering time: 0.11s

Barrier statistics:
 AA' NZ     : 2.578e+04
 Factor NZ  : 1.606e+05 (roughly 14 MBytes of memory)
 Factor Ops : 3.021e+07 (less than 1 second per iteration)
 Threads    : 1

                  Objective                Residual
Iter       Primal          Dual         Primal    Dual     Compl     Time
   0  -1.64495090e+04 -2.25501326e+04  1.57e+02 2.22e-16  4.85e+00     0s
   1  -5.04092514e+03 -2.00258719e+04  9.60e+00 6.66e-16  9.53e-01     0s
   2  -2.61251508e+03 -8.27326048e+03  3.43e-01 6.66e-14  1.42e-01     0s
   3  -2.32719249e+03 -2.59616350e+03  7.77e-16 8.22e-15  5.17e-03     0s
   4  -2.34593285e+03 -2.34629620e+03  6.66e-16 6.66e-16  6.98e-06     0s
   5  -2.34604339e+03 -2.34604375e+03  6.66e-16 6.66e-16  6.98e-09     0s
   6  -2.34604350e+03 -2.34604350e+03  6.66e-16 6.66e-16  6.98e-12     0s

Barrier solved model in 6 iterations and 0.30 seconds
Optimal objective -2.34604350e+03


Root relaxation: objective -2.346044e+03, 22401 iterations, 0.26 seconds

    Nodes    |    Current Node    |     Objective Bounds      |     Work
 Expl Unexpl |  Obj  Depth IntInf | Incumbent    BestBd   Gap | It/Node Time

*    0     0               0    -2346.043500 -2346.0435  0.00%     -    0s

Explored 0 nodes (24717 simplex iterations) in 0.42 seconds
Thread count was 20 (of 20 available processors)

Solution count 2: -2346.04 0 
Pool objective bound -2346.04

Optimal solution found (tolerance 5.00e-02)
Best objective -2.346043500000e+03, best bound -2.346043500000e+03, gap 0.0000%
(0, 2346.043500000128)
(1, 2346.0435000001285)
(2, 2346.0435000001285)
(3, 2346.043500000128)
(4, 2346.0435000001285)
(5, 2346.0435000001276)
(6, 2346.043500000128)
(7, 2346.0435000001276)
(8, 2346.043500000128)
(9, 2346.043500000128)
(10, 2346.0435000001276)
(11, 2346.043500000128)
(12, 2346.0435000001285)
(13, 2346.043500000128)
(14, 2346.043500000128)
(15, 2346.043500000128)
(16, 2346.043500000128)
(17, 2346.043500000128)
(18, 2346.0435000001285)
(19, 2346.043500000128)
(20, 2346.043500000128)
(21, 2346.0435000001285)
(22, 2346.043500000128)
(23, 2346.043500000128)
(24, 2346.043500000128)
(25, 2346.043500000128)
(26, 2346.043500000128)
(27, 2346.0435000001285)
(28, 2346.043500000128)
(29, 2346.043500000128)
(30, 2346.0435000001285)
(31, 2346.043500000128)
(32, 2346.043500000128)
(33, 2346.0435000001285)
(34, 2346.0435000001285)
(35, 2346.0435000001285)
(36, 2346.043500000128)
(37, 2346.043500000128)
(38, 2346.043500000128)
(39, 2346.043500000128)
(0, 2346.043500000128)
(1, 2346.0435000001285)
(2, 2346.043500000128)
(3, 2346.043500000128)
(4, 2346.043500000128)
(5, 2346.0435000001285)
(6, 2346.043500000128)
(7, 2346.043500000128)
(8, 2346.0435000001276)
(9, 2346.0435000001285)
(10, 2346.0435000001276)
(11, 2346.0435000001285)
(12, 2346.0435000001285)
(13, 2346.043500000128)
(14, 2346.043500000128)
(15, 2346.0435000001285)
(16, 2346.043500000128)
(17, 2346.0435000001285)
(18, 2346.0435000001285)
(19, 2346.043500000128)
(20, 2346.043500000128)
(21, 2346.043500000128)
(22, 2346.0435000001276)
(23, 2346.043500000128)
(24, 2346.043500000128)
(25, 2346.0435000001285)
(26, 2346.043500000128)
(27, 2346.043500000128)
(28, 2346.0435000001276)
(29, 2346.043500000128)
(30, 2346.043500000128)
(31, 2346.0435000001285)
(32, 2346.043500000128)
(33, 2346.043500000128)
(34, 2346.0435000001276)
(35, 2346.043500000128)
(36, 2346.043500000128)
(37, 2346.0435000001285)
(38, 2346.0435000001285)
(39, 2346.0435000001285)
Changed value of parameter MIPGap to 0.05
   Prev: 0.0001  Min: 0.0  Max: 1e+100  Default: 0.0001
Changed value of parameter TimeLimit to 1800.0
   Prev: 1e+100  Min: 0.0  Max: 1e+100  Default: 1e+100
Changed value of parameter Method to 2
   Prev: -1  Min: -1  Max: 4  Default: -1
Changed value of parameter MIPFocus to 1
   Prev: 0  Min: 0  Max: 3  Default: 0
Optimize a model with 5188 rows, 25784 columns and 51568 nonzeros
Variable types: 0 continuous, 25784 integer (25784 binary)
Coefficient statistics:
  Matrix range     [1e+00, 2e+01]
  Objective range  [1e+00, 1e+00]
  Bounds range     [1e+00, 1e+00]
  RHS range        [8e+01, 8e+01]
Found heuristic solution: objective 0
Presolve time: 0.07s
Presolved: 5188 rows, 25784 columns, 51568 nonzeros
Variable types: 0 continuous, 25784 integer (25784 binary)
Presolved: 5188 rows, 25784 columns, 51568 nonzeros

Root barrier log...

Ordering time: 0.10s

Barrier statistics:
 AA' NZ     : 2.578e+04
 Factor NZ  : 1.606e+05 (roughly 14 MBytes of memory)
 Factor Ops : 3.021e+07 (less than 1 second per iteration)
 Threads    : 1

                  Objective                Residual
Iter       Primal          Dual         Primal    Dual     Compl     Time
   0  -1.64639839e+04 -2.25617821e+04  1.57e+02 0.00e+00  4.85e+00     0s
   1  -5.04557568e+03 -2.00362267e+04  9.60e+00 6.66e-16  9.54e-01     0s
   2  -2.61442227e+03 -8.27887060e+03  3.41e-01 7.68e-14  1.42e-01     0s
   3  -2.32923756e+03 -2.59788234e+03  6.66e-16 6.22e-15  5.16e-03     0s
   4  -2.34797682e+03 -2.34833937e+03  7.77e-16 6.66e-16  6.96e-06     0s
   5  -2.34808689e+03 -2.34808725e+03  6.66e-16 6.66e-16  6.96e-09     0s
   6  -2.34808700e+03 -2.34808700e+03  6.66e-16 6.66e-16  6.96e-12     0s

Barrier solved model in 6 iterations and 0.29 seconds
Optimal objective -2.34808700e+03


Root relaxation: objective -2.348087e+03, 22401 iterations, 0.25 seconds

    Nodes    |    Current Node    |     Objective Bounds      |     Work
 Expl Unexpl |  Obj  Depth IntInf | Incumbent    BestBd   Gap | It/Node Time

*    0     0               0    -2348.087000 -2348.0870  0.00%     -    0s

Explored 0 nodes (26297 simplex iterations) in 0.40 seconds
Thread count was 20 (of 20 available processors)

Solution count 2: -2348.09 0 
Pool objective bound -2348.09

Optimal solution found (tolerance 5.00e-02)
Best objective -2.348087000000e+03, best bound -2.348087000000e+03, gap 0.0000%
(0, 2348.0870000000205)
(1, 2348.0870000000205)
(2, 2348.0870000000205)
(3, 2348.0870000000205)
(4, 2348.0870000000205)
(5, 2348.0870000000205)
(6, 2348.0870000000205)
(7, 2348.0870000000205)
(8, 2348.0870000000205)
(9, 2348.0870000000205)
(10, 2348.0870000000205)
(11, 2348.0870000000209)
(12, 2348.0870000000205)
(13, 2348.0870000000205)
(14, 2348.0870000000205)
(15, 2348.0870000000209)
(16, 2348.0870000000205)
(17, 2348.0870000000214)
(18, 2348.08700000002)
(19, 2348.0870000000218)
(20, 2348.0870000000205)
(21, 2348.0870000000205)
(22, 2348.0870000000205)
(23, 2348.0870000000205)
(24, 2348.0870000000205)
(25, 2348.0870000000205)
(26, 2348.0870000000205)
(27, 2348.08700000002)
(28, 2348.0870000000214)
(29, 2348.0870000000205)
(30, 2348.0870000000205)
(31, 2348.0870000000205)
(32, 2348.0870000000205)
(33, 2348.0870000000205)
(34, 2348.0870000000205)
(35, 2348.0870000000205)
(36, 2348.0870000000205)
(37, 2348.0870000000205)
(38, 2348.0870000000205)
(39, 2348.0870000000209)
(0, 2348.0870000000205)
(1, 2348.0870000000205)
(2, 2348.0870000000205)
(3, 2348.0870000000205)
(4, 2348.0870000000205)
(5, 2348.0870000000205)
(6, 2348.0870000000205)
(7, 2348.0870000000205)
(8, 2348.0870000000205)
(9, 2348.0870000000205)
(10, 2348.0870000000209)
(11, 2348.0870000000205)
(12, 2348.0870000000205)
(13, 2348.0870000000205)
(14, 2348.0870000000205)
(15, 2348.0870000000205)
(16, 2348.0870000000205)
(17, 2348.0870000000205)
(18, 2348.0870000000205)
(19, 2348.0870000000205)
(20, 2348.0870000000205)
(21, 2348.0870000000205)
(22, 2348.0870000000205)
(23, 2348.0870000000205)
(24, 2348.0870000000205)
(25, 2348.0870000000205)
(26, 2348.0870000000205)
(27, 2348.0870000000205)
(28, 2348.0870000000209)
(29, 2348.0870000000205)
(30, 2348.0870000000205)
(31, 2348.0870000000205)
(32, 2348.0870000000205)
(33, 2348.0870000000205)
(34, 2348.0870000000205)
(35, 2348.0870000000205)
(36, 2348.0870000000205)
(37, 2348.0870000000205)
(38, 2348.0870000000205)
(39, 2348.0870000000205)
Changed value of parameter MIPGap to 0.05
   Prev: 0.0001  Min: 0.0  Max: 1e+100  Default: 0.0001
Changed value of parameter TimeLimit to 1800.0
   Prev: 1e+100  Min: 0.0  Max: 1e+100  Default: 1e+100
Changed value of parameter Method to 2
   Prev: -1  Min: -1  Max: 4  Default: -1
Changed value of parameter MIPFocus to 1
   Prev: 0  Min: 0  Max: 3  Default: 0
Optimize a model with 5188 rows, 25784 columns and 51568 nonzeros
Variable types: 0 continuous, 25784 integer (25784 binary)
Coefficient statistics:
  Matrix range     [1e+00, 2e+01]
  Objective range  [1e+00, 1e+00]
  Bounds range     [1e+00, 1e+00]
  RHS range        [8e+01, 8e+01]
Found heuristic solution: objective 0
Presolve time: 0.07s
Presolved: 5188 rows, 25784 columns, 51568 nonzeros
Variable types: 0 continuous, 25784 integer (25784 binary)
Presolved: 5188 rows, 25784 columns, 51568 nonzeros

Root barrier log...

Ordering time: 0.10s

Barrier statistics:
 AA' NZ     : 2.578e+04
 Factor NZ  : 1.606e+05 (roughly 14 MBytes of memory)
 Factor Ops : 3.021e+07 (less than 1 second per iteration)
 Threads    : 1

                  Objective                Residual
Iter       Primal          Dual         Primal    Dual     Compl     Time
   0  -1.64929338e+04 -2.25850810e+04  1.57e+02 2.22e-16  4.86e+00     0s
   1  -5.05488004e+03 -2.00569366e+04  9.61e+00 8.88e-16  9.54e-01     0s
   2  -2.61822154e+03 -8.29007800e+03  3.39e-01 9.66e-14  1.43e-01     0s
   3  -2.33332900e+03 -2.60130018e+03  6.66e-16 5.77e-15  5.15e-03     0s
   4  -2.35206477e+03 -2.35242568e+03  7.77e-16 6.66e-16  6.93e-06     0s
   5  -2.35217389e+03 -2.35217425e+03  7.77e-16 6.66e-16  6.93e-09     0s
   6  -2.35217400e+03 -2.35217400e+03  7.77e-16 6.66e-16  6.93e-12     0s

Barrier solved model in 6 iterations and 0.29 seconds
Optimal objective -2.35217400e+03


Root relaxation: objective -2.352174e+03, 22401 iterations, 0.25 seconds

    Nodes    |    Current Node    |     Objective Bounds      |     Work
 Expl Unexpl |  Obj  Depth IntInf | Incumbent    BestBd   Gap | It/Node Time

*    0     0               0    -2352.174000 -2352.1740  0.00%     -    0s

Explored 0 nodes (25471 simplex iterations) in 0.41 seconds
Thread count was 20 (of 20 available processors)

Solution count 2: -2352.17 0 
Pool objective bound -2352.17

Optimal solution found (tolerance 5.00e-02)
Best objective -2.352174000000e+03, best bound -2.352174000000e+03, gap 0.0000%
(0, 2352.1739999999172)
(1, 2352.1739999999172)
(2, 2352.1739999999168)
(3, 2352.1739999999172)
(4, 2352.1739999999168)
(5, 2352.1739999999172)
(6, 2352.1739999999168)
(7, 2352.1739999999172)
(8, 2352.1739999999168)
(9, 2352.1739999999172)
(10, 2352.1739999999168)
(11, 2352.1739999999168)
(12, 2352.1739999999168)
(13, 2352.1739999999172)
(14, 2352.1739999999172)
(15, 2352.1739999999172)
(16, 2352.1739999999168)
(17, 2352.1739999999168)
(18, 2352.1739999999168)
(19, 2352.1739999999172)
(20, 2352.1739999999168)
(21, 2352.1739999999172)
(22, 2352.1739999999172)
(23, 2352.1739999999172)
(24, 2352.1739999999168)
(25, 2352.1739999999172)
(26, 2352.1739999999168)
(27, 2352.1739999999172)
(28, 2352.1739999999168)
(29, 2352.1739999999172)
(30, 2352.1739999999172)
(31, 2352.1739999999172)
(32, 2352.1739999999168)
(33, 2352.1739999999172)
(34, 2352.1739999999172)
(35, 2352.1739999999168)
(36, 2352.1739999999172)
(37, 2352.1739999999172)
(38, 2352.1739999999168)
(39, 2352.1739999999172)
(0, 2352.1739999999168)
(1, 2352.1739999999172)
(2, 2352.1739999999168)
(3, 2352.1739999999172)
(4, 2352.1739999999172)
(5, 2352.1739999999168)
(6, 2352.1739999999168)
(7, 2352.1739999999172)
(8, 2352.1739999999168)
(9, 2352.1739999999172)
(10, 2352.1739999999168)
(11, 2352.1739999999172)
(12, 2352.1739999999172)
(13, 2352.1739999999168)
(14, 2352.1739999999172)
(15, 2352.1739999999168)
(16, 2352.1739999999172)
(17, 2352.1739999999172)
(18, 2352.1739999999168)
(19, 2352.1739999999172)
(20, 2352.1739999999172)
(21, 2352.1739999999172)
(22, 2352.1739999999168)
(23, 2352.1739999999172)
(24, 2352.1739999999168)
(25, 2352.1739999999172)
(26, 2352.1739999999168)
(27, 2352.1739999999168)
(28, 2352.1739999999168)
(29, 2352.1739999999172)
(30, 2352.1739999999172)
(31, 2352.1739999999172)
(32, 2352.1739999999168)
(33, 2352.1739999999168)
(34, 2352.1739999999168)
(35, 2352.1739999999172)
(36, 2352.1739999999172)
(37, 2352.1739999999168)
(38, 2352.1739999999172)
(39, 2352.1739999999168)
Changed value of parameter MIPGap to 0.05
   Prev: 0.0001  Min: 0.0  Max: 1e+100  Default: 0.0001
Changed value of parameter TimeLimit to 1800.0
   Prev: 1e+100  Min: 0.0  Max: 1e+100  Default: 1e+100
Changed value of parameter Method to 2
   Prev: -1  Min: -1  Max: 4  Default: -1
Changed value of parameter MIPFocus to 1
   Prev: 0  Min: 0  Max: 3  Default: 0
Optimize a model with 5188 rows, 25784 columns and 51568 nonzeros
Variable types: 0 continuous, 25784 integer (25784 binary)
Coefficient statistics:
  Matrix range     [1e+00, 2e+01]
  Objective range  [1e+00, 1e+00]
  Bounds range     [1e+00, 1e+00]
  RHS range        [8e+01, 8e+01]
Found heuristic solution: objective 0
Presolve time: 0.07s
Presolved: 5188 rows, 25784 columns, 51568 nonzeros
Variable types: 0 continuous, 25784 integer (25784 binary)
Presolved: 5188 rows, 25784 columns, 51568 nonzeros

Root barrier log...

Ordering time: 0.10s

Barrier statistics:
 AA' NZ     : 2.578e+04
 Factor NZ  : 1.606e+05 (roughly 14 MBytes of memory)
 Factor Ops : 3.021e+07 (less than 1 second per iteration)
 Threads    : 1

                  Objective                Residual
Iter       Primal          Dual         Primal    Dual     Compl     Time
   0  -1.65508334e+04 -2.26316789e+04  1.57e+02 0.00e+00  4.87e+00     0s
   1  -5.07350176e+03 -2.00983588e+04  9.61e+00 6.66e-16  9.56e-01     0s
   2  -2.62576054e+03 -8.31244333e+03  3.34e-01 5.24e-14  1.43e-01     0s
   3  -2.34151715e+03 -2.60805761e+03  6.66e-16 6.88e-15  5.12e-03     0s
   4  -2.36024075e+03 -2.36059823e+03  6.66e-16 6.66e-16  6.87e-06     0s
   5  -2.36034789e+03 -2.36034825e+03  6.66e-16 6.66e-16  6.87e-09     0s
   6  -2.36034800e+03 -2.36034800e+03  6.66e-16 6.66e-16  6.87e-12     0s

Barrier solved model in 6 iterations and 0.29 seconds
Optimal objective -2.36034800e+03


Root relaxation: objective -2.360348e+03, 22401 iterations, 0.25 seconds

    Nodes    |    Current Node    |     Objective Bounds      |     Work
 Expl Unexpl |  Obj  Depth IntInf | Incumbent    BestBd   Gap | It/Node Time

     0     0 -2360.3480    0    2    0.00000 -2360.3480      -     -    0s
H    0     0                    -2360.348000 -2360.3480  0.00%     -    0s

Explored 0 nodes (29583 simplex iterations) in 0.44 seconds
Thread count was 20 (of 20 available processors)

Solution count 2: -2360.35 0 
Pool objective bound -2360.35

Optimal solution found (tolerance 5.00e-02)
Best objective -2.360348000000e+03, best bound -2.360348000000e+03, gap 0.0000%
(0, 2360.347999999884)
(1, 2360.347999999884)
(2, 2360.3479999998845)
(3, 2360.3479999998845)
(4, 2360.3479999998849)
(5, 2360.347999999884)
(6, 2360.347999999884)
(7, 2360.3479999998845)
(8, 2360.3479999998849)
(9, 2360.3479999998849)
(10, 2360.3479999998845)
(11, 2360.347999999884)
(12, 2360.3479999998849)
(13, 2360.347999999884)
(14, 2360.3479999998845)
(15, 2360.3479999998845)
(16, 2360.3479999998845)
(17, 2360.347999999884)
(18, 2360.3479999998845)
(19, 2360.347999999884)
(20, 2360.3479999998849)
(21, 2360.347999999884)
(22, 2360.3479999998845)
(23, 2360.347999999884)
(24, 2360.3479999998845)
(25, 2360.3479999998845)
(26, 2360.3479999998845)
(27, 2360.347999999884)
(28, 2360.3479999998835)
(29, 2360.3479999998845)
(30, 2360.347999999884)
(31, 2360.3479999998845)
(32, 2360.347999999884)
(33, 2360.3479999998845)
(34, 2360.3479999998849)
(35, 2360.3479999998849)
(36, 2360.3479999998845)
(37, 2360.347999999884)
(38, 2360.3479999998845)
(39, 2360.3479999998845)
(0, 2360.3479999998845)
(1, 2360.3479999998849)
(2, 2360.3479999998845)
(3, 2360.3479999998849)
(4, 2360.3479999998845)
(5, 2360.3479999998849)
(6, 2360.3479999998845)
(7, 2360.3479999998845)
(8, 2360.3479999998845)
(9, 2360.3479999998849)
(10, 2360.3479999998845)
(11, 2360.3479999998845)
(12, 2360.3479999998845)
(13, 2360.3479999998845)
(14, 2360.3479999998845)
(15, 2360.3479999998845)
(16, 2360.347999999884)
(17, 2360.3479999998845)
(18, 2360.3479999998845)
(19, 2360.3479999998845)
(20, 2360.3479999998845)
(21, 2360.3479999998849)
(22, 2360.3479999998845)
(23, 2360.3479999998845)
(24, 2360.3479999998845)
(25, 2360.347999999884)
(26, 2360.3479999998845)
(27, 2360.3479999998849)
(28, 2360.3479999998845)
(29, 2360.347999999884)
(30, 2360.3479999998845)
(31, 2360.3479999998845)
(32, 2360.3479999998849)
(33, 2360.3479999998845)
(34, 2360.3479999998845)
(35, 2360.3479999998845)
(36, 2360.347999999884)
(37, 2360.3479999998845)
(38, 2360.347999999884)
(39, 2360.3479999998845)
Changed value of parameter MIPGap to 0.05
   Prev: 0.0001  Min: 0.0  Max: 1e+100  Default: 0.0001
Changed value of parameter TimeLimit to 1800.0
   Prev: 1e+100  Min: 0.0  Max: 1e+100  Default: 1e+100
Changed value of parameter Method to 2
   Prev: -1  Min: -1  Max: 4  Default: -1
Changed value of parameter MIPFocus to 1
   Prev: 0  Min: 0  Max: 3  Default: 0
Optimize a model with 5188 rows, 25784 columns and 51568 nonzeros
Variable types: 0 continuous, 25784 integer (25784 binary)
Coefficient statistics:
  Matrix range     [1e+00, 2e+01]
  Objective range  [1e+00, 1e+00]
  Bounds range     [1e+00, 1e+00]
  RHS range        [8e+01, 8e+01]
Found heuristic solution: objective 0
Presolve time: 0.07s
Presolved: 5188 rows, 25784 columns, 51568 nonzeros
Variable types: 0 continuous, 25784 integer (25784 binary)
Presolved: 5188 rows, 25784 columns, 51568 nonzeros

Root barrier log...

Ordering time: 0.09s

Barrier statistics:
 AA' NZ     : 2.578e+04
 Factor NZ  : 1.606e+05 (roughly 14 MBytes of memory)
 Factor Ops : 3.021e+07 (less than 1 second per iteration)
 Threads    : 1

                  Objective                Residual
Iter       Primal          Dual         Primal    Dual     Compl     Time
   0  -1.65797832e+04 -2.26549779e+04  1.57e+02 0.00e+00  4.87e+00     0s
   1  -5.08281908e+03 -2.01190711e+04  9.61e+00 8.88e-16  9.57e-01     0s
   2  -2.62950114e+03 -8.32360314e+03  3.32e-01 5.93e-14  1.43e-01     0s
   3  -2.34561388e+03 -2.61139807e+03  6.66e-16 8.22e-15  5.10e-03     0s
   4  -2.36432877e+03 -2.36468446e+03  6.66e-16 6.66e-16  6.83e-06     0s
   5  -2.36443489e+03 -2.36443525e+03  6.66e-16 4.44e-16  6.83e-09     0s
   6  -2.36443500e+03 -2.36443500e+03  7.77e-16 6.66e-16  6.83e-12     0s

Barrier solved model in 6 iterations and 0.29 seconds
Optimal objective -2.36443500e+03


Root relaxation: objective -2.364435e+03, 22401 iterations, 0.25 seconds

    Nodes    |    Current Node    |     Objective Bounds      |     Work
 Expl Unexpl |  Obj  Depth IntInf | Incumbent    BestBd   Gap | It/Node Time

*    0     0               0    -2364.435000 -2364.4350  0.00%     -    0s

Explored 0 nodes (24571 simplex iterations) in 0.40 seconds
Thread count was 20 (of 20 available processors)

Solution count 2: -2364.43 0 
Pool objective bound -2364.43

Optimal solution found (tolerance 5.00e-02)
Best objective -2.364435000000e+03, best bound -2.364435000000e+03, gap 0.0000%
(0, 2364.4350000001441)
(1, 2364.4350000001441)
(2, 2364.4350000001441)
(3, 2364.4350000001441)
(4, 2364.4350000001446)
(5, 2364.4350000001441)
(6, 2364.4350000001441)
(7, 2364.4350000001446)
(8, 2364.4350000001441)
(9, 2364.4350000001446)
(10, 2364.4350000001441)
(11, 2364.4350000001441)
(12, 2364.4350000001441)
(13, 2364.4350000001441)
(14, 2364.4350000001446)
(15, 2364.4350000001441)
(16, 2364.4350000001446)
(17, 2364.4350000001441)
(18, 2364.4350000001432)
(19, 2364.4350000001441)
(20, 2364.4350000001441)
(21, 2364.4350000001441)
(22, 2364.4350000001441)
(23, 2364.4350000001441)
(24, 2364.4350000001441)
(25, 2364.4350000001441)
(26, 2364.4350000001446)
(27, 2364.4350000001446)
(28, 2364.4350000001441)
(29, 2364.4350000001441)
(30, 2364.4350000001446)
(31, 2364.4350000001441)
(32, 2364.4350000001446)
(33, 2364.4350000001446)
(34, 2364.4350000001432)
(35, 2364.4350000001441)
(36, 2364.4350000001441)
(37, 2364.4350000001436)
(38, 2364.4350000001441)
(39, 2364.4350000001446)
(0, 2364.4350000001441)
(1, 2364.4350000001441)
(2, 2364.4350000001441)
(3, 2364.4350000001441)
(4, 2364.4350000001441)
(5, 2364.4350000001446)
(6, 2364.4350000001446)
(7, 2364.4350000001441)
(8, 2364.4350000001441)
(9, 2364.4350000001441)
(10, 2364.4350000001446)
(11, 2364.4350000001441)
(12, 2364.4350000001441)
(13, 2364.4350000001446)
(14, 2364.4350000001446)
(15, 2364.4350000001441)
(16, 2364.4350000001441)
(17, 2364.4350000001441)
(18, 2364.4350000001441)
(19, 2364.4350000001446)
(20, 2364.4350000001441)
(21, 2364.4350000001446)
(22, 2364.4350000001441)
(23, 2364.4350000001441)
(24, 2364.4350000001446)
(25, 2364.4350000001441)
(26, 2364.4350000001441)
(27, 2364.4350000001441)
(28, 2364.4350000001441)
(29, 2364.4350000001441)
(30, 2364.4350000001441)
(31, 2364.4350000001441)
(32, 2364.4350000001441)
(33, 2364.4350000001436)
(34, 2364.4350000001441)
(35, 2364.4350000001441)
(36, 2364.4350000001441)
(37, 2364.4350000001441)
(38, 2364.4350000001446)
(39, 2364.4350000001441)
Changed value of parameter MIPGap to 0.05
   Prev: 0.0001  Min: 0.0  Max: 1e+100  Default: 0.0001
Changed value of parameter TimeLimit to 1800.0
   Prev: 1e+100  Min: 0.0  Max: 1e+100  Default: 1e+100
Changed value of parameter Method to 2
   Prev: -1  Min: -1  Max: 4  Default: -1
Changed value of parameter MIPFocus to 1
   Prev: 0  Min: 0  Max: 3  Default: 0
Optimize a model with 5188 rows, 25784 columns and 51568 nonzeros
Variable types: 0 continuous, 25784 integer (25784 binary)
Coefficient statistics:
  Matrix range     [1e+00, 2e+01]
  Objective range  [1e+00, 1e+00]
  Bounds range     [1e+00, 1e+00]
  RHS range        [8e+01, 8e+01]
Found heuristic solution: objective 0
Presolve time: 0.07s
Presolved: 5188 rows, 25784 columns, 51568 nonzeros
Variable types: 0 continuous, 25784 integer (25784 binary)
Presolved: 5188 rows, 25784 columns, 51568 nonzeros

Root barrier log...

Ordering time: 0.10s

Barrier statistics:
 AA' NZ     : 2.578e+04
 Factor NZ  : 1.606e+05 (roughly 14 MBytes of memory)
 Factor Ops : 3.021e+07 (less than 1 second per iteration)
 Threads    : 1

                  Objective                Residual
Iter       Primal          Dual         Primal    Dual     Compl     Time
   0  -1.67245319e+04 -2.27714726e+04  1.57e+02 2.22e-16  4.89e+00     0s
   1  -5.12946896e+03 -2.02226432e+04  9.62e+00 6.66e-16  9.62e-01     0s
   2  -2.64792386e+03 -8.37918471e+03  3.19e-01 7.90e-14  1.43e-01     0s
   3  -2.36612376e+03 -2.62773162e+03  5.55e-16 6.62e-14  5.02e-03     0s
   4  -2.38476916e+03 -2.38511526e+03  6.66e-16 6.66e-16  6.65e-06     0s
   5  -2.38486990e+03 -2.38487025e+03  7.77e-16 6.66e-16  6.65e-09     0s
   6  -2.38487000e+03 -2.38487000e+03  6.66e-16 6.66e-16  6.65e-12     0s

Barrier solved model in 6 iterations and 0.29 seconds
Optimal objective -2.38487000e+03


Root relaxation: objective -2.384870e+03, 22401 iterations, 0.25 seconds

    Nodes    |    Current Node    |     Objective Bounds      |     Work
 Expl Unexpl |  Obj  Depth IntInf | Incumbent    BestBd   Gap | It/Node Time

*    0     0               0    -2384.870000 -2384.8700  0.00%     -    0s

Explored 0 nodes (24014 simplex iterations) in 0.39 seconds
Thread count was 20 (of 20 available processors)

Solution count 2: -2384.87 0 
Pool objective bound -2384.87

Optimal solution found (tolerance 5.00e-02)
Best objective -2.384870000000e+03, best bound -2.384870000000e+03, gap 0.0000%
(0, 2384.8700000000563)
(1, 2384.8700000000563)
(2, 2384.8700000000567)
(3, 2384.8700000000563)
(4, 2384.8700000000567)
(5, 2384.8700000000558)
(6, 2384.8700000000567)
(7, 2384.8700000000563)
(8, 2384.8700000000567)
(9, 2384.8700000000567)
(10, 2384.8700000000563)
(11, 2384.8700000000572)
(12, 2384.8700000000563)
(13, 2384.8700000000572)
(14, 2384.8700000000572)
(15, 2384.8700000000563)
(16, 2384.8700000000563)
(17, 2384.8700000000572)
(18, 2384.8700000000563)
(19, 2384.8700000000572)
(20, 2384.8700000000567)
(21, 2384.8700000000563)
(22, 2384.8700000000563)
(23, 2384.8700000000567)
(24, 2384.8700000000567)
(25, 2384.8700000000567)
(26, 2384.8700000000563)
(27, 2384.8700000000563)
(28, 2384.8700000000563)
(29, 2384.8700000000558)
(30, 2384.8700000000563)
(31, 2384.8700000000567)
(32, 2384.8700000000563)
(33, 2384.8700000000563)
(34, 2384.8700000000563)
(35, 2384.8700000000563)
(36, 2384.8700000000563)
(37, 2384.8700000000563)
(38, 2384.8700000000563)
(39, 2384.8700000000563)
(0, 2384.8700000000563)
(1, 2384.8700000000563)
(2, 2384.8700000000563)
(3, 2384.8700000000563)
(4, 2384.8700000000563)
(5, 2384.8700000000563)
(6, 2384.8700000000563)
(7, 2384.8700000000563)
(8, 2384.8700000000567)
(9, 2384.8700000000563)
(10, 2384.8700000000563)
(11, 2384.8700000000563)
(12, 2384.8700000000567)
(13, 2384.8700000000563)
(14, 2384.8700000000563)
(15, 2384.8700000000563)
(16, 2384.8700000000563)
(17, 2384.8700000000563)
(18, 2384.8700000000563)
(19, 2384.8700000000563)
(20, 2384.8700000000567)
(21, 2384.8700000000563)
(22, 2384.8700000000563)
(23, 2384.8700000000567)
(24, 2384.8700000000567)
(25, 2384.8700000000563)
(26, 2384.8700000000563)
(27, 2384.8700000000567)
(28, 2384.8700000000563)
(29, 2384.8700000000563)
(30, 2384.8700000000563)
(31, 2384.8700000000563)
(32, 2384.8700000000567)
(33, 2384.8700000000563)
(34, 2384.8700000000563)
(35, 2384.8700000000563)
(36, 2384.8700000000563)
(37, 2384.8700000000563)
(38, 2384.8700000000572)
(39, 2384.8700000000567)
Changed value of parameter MIPGap to 0.05
   Prev: 0.0001  Min: 0.0  Max: 1e+100  Default: 0.0001
Changed value of parameter TimeLimit to 1800.0
   Prev: 1e+100  Min: 0.0  Max: 1e+100  Default: 1e+100
Changed value of parameter Method to 2
   Prev: -1  Min: -1  Max: 4  Default: -1
Changed value of parameter MIPFocus to 1
   Prev: 0  Min: 0  Max: 3  Default: 0
Optimize a model with 5188 rows, 25784 columns and 51568 nonzeros
Variable types: 0 continuous, 25784 integer (25784 binary)
Coefficient statistics:
  Matrix range     [1e+00, 2e+01]
  Objective range  [1e+00, 1e+00]
  Bounds range     [1e+00, 1e+00]
  RHS range        [8e+01, 8e+01]
Found heuristic solution: objective 0
Presolve time: 0.07s
Presolved: 5188 rows, 25784 columns, 51568 nonzeros
Variable types: 0 continuous, 25784 integer (25784 binary)
Presolved: 5188 rows, 25784 columns, 51568 nonzeros

Root barrier log...

Ordering time: 0.10s

Barrier statistics:
 AA' NZ     : 2.578e+04
 Factor NZ  : 1.606e+05 (roughly 14 MBytes of memory)
 Factor Ops : 3.021e+07 (less than 1 second per iteration)
 Threads    : 1

                  Objective                Residual
Iter       Primal          Dual         Primal    Dual     Compl     Time
   0  -1.70140280e+04 -2.30044621e+04  1.57e+02 0.00e+00  4.94e+00     0s
   1  -5.22307409e+03 -2.04298410e+04  9.64e+00 6.66e-16  9.71e-01     0s
   2  -2.68345993e+03 -8.48939700e+03  3.06e-01 6.31e-14  1.44e-01     0s
   3  -2.40727214e+03 -2.65869117e+03  5.55e-16 8.88e-15  4.83e-03     0s
   4  -2.42565103e+03 -2.42597512e+03  7.77e-16 6.66e-16  6.22e-06     0s
   5  -2.42573991e+03 -2.42574024e+03  7.77e-16 6.66e-16  6.22e-09     0s
   6  -2.42574000e+03 -2.42574000e+03  7.77e-16 6.66e-16  6.22e-12     0s

Barrier solved model in 6 iterations and 0.29 seconds
Optimal objective -2.42574000e+03


Root relaxation: objective -2.425740e+03, 22401 iterations, 0.25 seconds

    Nodes    |    Current Node    |     Objective Bounds      |     Work
 Expl Unexpl |  Obj  Depth IntInf | Incumbent    BestBd   Gap | It/Node Time

     0     0 -2425.7400    0    2    0.00000 -2425.7400      -     -    0s
H    0     0                    -2425.740000 -2425.7400  0.00%     -    0s

Explored 0 nodes (30385 simplex iterations) in 0.44 seconds
Thread count was 20 (of 20 available processors)

Solution count 2: -2425.74 0 
Pool objective bound -2425.74

Optimal solution found (tolerance 5.00e-02)
Best objective -2.425740000000e+03, best bound -2.425740000000e+03, gap 0.0000%
(0, 2425.7399999999675)
(1, 2425.7399999999675)
(2, 2425.7399999999666)
(3, 2425.739999999967)
(4, 2425.7399999999666)
(5, 2425.739999999967)
(6, 2425.7399999999661)
(7, 2425.7399999999675)
(8, 2425.7399999999675)
(9, 2425.739999999967)
(10, 2425.739999999967)
(11, 2425.7399999999675)
(12, 2425.7399999999675)
(13, 2425.7399999999675)
(14, 2425.7399999999661)
(15, 2425.739999999967)
(16, 2425.739999999967)
(17, 2425.739999999967)
(18, 2425.7399999999675)
(19, 2425.7399999999675)
(20, 2425.7399999999666)
(21, 2425.7399999999675)
(22, 2425.7399999999675)
(23, 2425.739999999967)
(24, 2425.739999999967)
(25, 2425.7399999999666)
(26, 2425.739999999967)
(27, 2425.739999999967)
(28, 2425.739999999967)
(29, 2425.739999999967)
(30, 2425.7399999999675)
(31, 2425.739999999967)
(32, 2425.739999999967)
(33, 2425.7399999999675)
(34, 2425.739999999967)
(35, 2425.739999999967)
(36, 2425.739999999967)
(37, 2425.7399999999675)
(38, 2425.739999999967)
(39, 2425.7399999999675)
(0, 2425.739999999967)
(1, 2425.7399999999675)
(2, 2425.739999999967)
(3, 2425.7399999999675)
(4, 2425.7399999999675)
(5, 2425.739999999967)
(6, 2425.739999999967)
(7, 2425.739999999967)
(8, 2425.739999999967)
(9, 2425.7399999999666)
(10, 2425.7399999999666)
(11, 2425.7399999999666)
(12, 2425.7399999999666)
(13, 2425.739999999967)
(14, 2425.7399999999675)
(15, 2425.7399999999675)
(16, 2425.739999999967)
(17, 2425.739999999967)
(18, 2425.7399999999675)
(19, 2425.7399999999666)
(20, 2425.739999999967)
(21, 2425.7399999999666)
(22, 2425.7399999999675)
(23, 2425.739999999967)
(24, 2425.7399999999675)
(25, 2425.7399999999675)
(26, 2425.739999999967)
(27, 2425.7399999999675)
(28, 2425.739999999967)
(29, 2425.7399999999675)
(30, 2425.739999999967)
(31, 2425.739999999967)
(32, 2425.739999999967)
(33, 2425.739999999967)
(34, 2425.739999999967)
(35, 2425.739999999967)
(36, 2425.7399999999666)
(37, 2425.739999999967)
(38, 2425.7399999999666)
(39, 2425.739999999967)
Changed value of parameter MIPGap to 0.05
   Prev: 0.0001  Min: 0.0  Max: 1e+100  Default: 0.0001
Changed value of parameter TimeLimit to 1800.0
   Prev: 1e+100  Min: 0.0  Max: 1e+100  Default: 1e+100
Changed value of parameter Method to 2
   Prev: -1  Min: -1  Max: 4  Default: -1
Changed value of parameter MIPFocus to 1
   Prev: 0  Min: 0  Max: 3  Default: 0
Optimize a model with 5188 rows, 25784 columns and 51568 nonzeros
Variable types: 0 continuous, 25784 integer (25784 binary)
Coefficient statistics:
  Matrix range     [1e+00, 2e+01]
  Objective range  [1e+00, 1e+00]
  Bounds range     [1e+00, 1e+00]
  RHS range        [8e+01, 8e+01]
Found heuristic solution: objective 0
Presolve time: 0.07s
Presolved: 5188 rows, 25784 columns, 51568 nonzeros
Variable types: 0 continuous, 25784 integer (25784 binary)
Presolved: 5188 rows, 25784 columns, 51568 nonzeros

Root barrier log...

Ordering time: 0.10s

Barrier statistics:
 AA' NZ     : 2.578e+04
 Factor NZ  : 1.606e+05 (roughly 14 MBytes of memory)
 Factor Ops : 3.021e+07 (less than 1 second per iteration)
 Threads    : 1

                  Objective                Residual
Iter       Primal          Dual         Primal    Dual     Compl     Time
   0  -1.75930147e+04 -2.34704410e+04  1.57e+02 0.00e+00  5.03e+00     0s
   1  -5.41135321e+03 -2.08445664e+04  9.68e+00 6.66e-16  9.89e-01     0s
   2  -2.74986788e+03 -8.70638330e+03  2.80e-01 5.57e-14  1.45e-01     0s
   3  -2.49003249e+03 -2.71490848e+03  5.55e-16 5.55e-15  4.32e-03     0s
   4  -2.50741644e+03 -2.50768908e+03  6.66e-16 4.44e-16  5.24e-06     0s
   5  -2.50747994e+03 -2.50748021e+03  6.66e-16 6.66e-16  5.24e-09     0s
   6  -2.50748000e+03 -2.50748000e+03  6.66e-16 4.44e-16  5.24e-12     0s

Barrier solved model in 6 iterations and 0.29 seconds
Optimal objective -2.50748000e+03


Root relaxation: objective -2.507480e+03, 22400 iterations, 0.24 seconds

    Nodes    |    Current Node    |     Objective Bounds      |     Work
 Expl Unexpl |  Obj  Depth IntInf | Incumbent    BestBd   Gap | It/Node Time

     0     0 -2507.4800    0    2    0.00000 -2507.4800      -     -    0s
H    0     0                    -2507.480000 -2507.4800  0.00%     -    0s

Explored 0 nodes (30381 simplex iterations) in 0.44 seconds
Thread count was 20 (of 20 available processors)

Solution count 2: -2507.48 0 
Pool objective bound -2507.48

Optimal solution found (tolerance 5.00e-02)
Best objective -2.507480000000e+03, best bound -2.507480000000e+03, gap 0.0000%
(0, 2507.479999999935)
(1, 2507.4799999999318)
(2, 2507.4799999999304)
(3, 2507.4799999999304)
(4, 2507.4799999999314)
(5, 2507.4799999999314)
(6, 2507.4799999999318)
(7, 2507.4799999999336)
(8, 2507.4799999999309)
(9, 2507.4799999999323)
(10, 2507.4799999999314)
(11, 2507.4799999999327)
(12, 2507.4799999999318)
(13, 2507.4799999999318)
(14, 2507.4799999999304)
(15, 2507.4799999999323)
(16, 2507.4799999999323)
(17, 2507.4799999999323)
(18, 2507.4799999999336)
(19, 2507.4799999999314)
(20, 2507.4799999999309)
(21, 2507.4799999999327)
(22, 2507.4799999999327)
(23, 2507.4799999999318)
(24, 2507.4799999999318)
(25, 2507.4799999999314)
(26, 2507.4799999999314)
(27, 2507.4799999999314)
(28, 2507.4799999999318)
(29, 2507.4799999999323)
(30, 2507.4799999999309)
(31, 2507.4799999999318)
(32, 2507.4799999999314)
(33, 2507.4799999999323)
(34, 2507.4799999999318)
(35, 2507.4799999999327)
(36, 2507.4799999999304)
(37, 2507.4799999999323)
(38, 2507.4799999999327)
(39, 2507.4799999999318)
(0, 2507.4799999999309)
(1, 2507.4799999999323)
(2, 2507.4799999999318)
(3, 2507.4799999999318)
(4, 2507.4799999999327)
(5, 2507.4799999999314)
(6, 2507.4799999999309)
(7, 2507.4799999999323)
(8, 2507.4799999999314)
(9, 2507.4799999999304)
(10, 2507.4799999999318)
(11, 2507.4799999999327)
(12, 2507.4799999999309)
(13, 2507.4799999999318)
(14, 2507.4799999999332)
(15, 2507.4799999999314)
(16, 2507.4799999999327)
(17, 2507.4799999999309)
(18, 2507.4799999999304)
(19, 2507.4799999999327)
(20, 2507.4799999999327)
(21, 2507.4799999999304)
(22, 2507.4799999999323)
(23, 2507.4799999999318)
(24, 2507.4799999999323)
(25, 2507.4799999999323)
(26, 2507.4799999999314)
(27, 2507.4799999999323)
(28, 2507.4799999999336)
(29, 2507.4799999999304)
(30, 2507.4799999999309)
(31, 2507.4799999999332)
(32, 2507.4799999999332)
(33, 2507.4799999999318)
(34, 2507.4799999999318)
(35, 2507.4799999999314)
(36, 2507.4799999999304)
(37, 2507.4799999999304)
(38, 2507.4799999999323)
(39, 2507.4799999999318)
Changed value of parameter MIPGap to 0.05
   Prev: 0.0001  Min: 0.0  Max: 1e+100  Default: 0.0001
Changed value of parameter TimeLimit to 1800.0
   Prev: 1e+100  Min: 0.0  Max: 1e+100  Default: 1e+100
Changed value of parameter Method to 2
   Prev: -1  Min: -1  Max: 4  Default: -1
Changed value of parameter MIPFocus to 1
   Prev: 0  Min: 0  Max: 3  Default: 0
Optimize a model with 5188 rows, 25784 columns and 51568 nonzeros
Variable types: 0 continuous, 25784 integer (25784 binary)
Coefficient statistics:
  Matrix range     [1e+00, 2e+01]
  Objective range  [1e+00, 1e+00]
  Bounds range     [1e+00, 1e+00]
  RHS range        [8e+01, 8e+01]
Found heuristic solution: objective 0
Presolve time: 0.07s
Presolved: 5188 rows, 25784 columns, 51568 nonzeros
Variable types: 0 continuous, 25784 integer (25784 binary)
Presolved: 5188 rows, 25784 columns, 51568 nonzeros

Root barrier log...

Ordering time: 0.10s

Barrier statistics:
 AA' NZ     : 2.578e+04
 Factor NZ  : 1.606e+05 (roughly 14 MBytes of memory)
 Factor Ops : 3.021e+07 (less than 1 second per iteration)
 Threads    : 1

                  Objective                Residual
Iter       Primal          Dual         Primal    Dual     Compl     Time
   0  -1.78826531e+04 -2.43189407e+04  1.57e+02 2.22e-16  5.22e+00     0s
   1  -5.41920065e+03 -2.15973758e+04  8.70e+00 6.66e-16  1.01e+00     0s
   2  -2.76571025e+03 -8.86452741e+03  2.49e-01 6.28e-14  1.45e-01     0s
   3  -2.53185222e+03 -2.72677688e+03  5.55e-16 3.11e-15  3.74e-03     0s
   4  -2.54830638e+03 -2.54852968e+03  6.66e-16 6.66e-16  4.29e-06     0s
   5  -2.54834996e+03 -2.54835018e+03  7.77e-16 6.66e-16  4.29e-09     0s
   6  -2.54835000e+03 -2.54835000e+03  7.77e-16 6.66e-16  4.29e-12     0s

Barrier solved model in 6 iterations and 0.29 seconds
Optimal objective -2.54835000e+03


Root relaxation: objective -2.548350e+03, 22401 iterations, 0.25 seconds

    Nodes    |    Current Node    |     Objective Bounds      |     Work
 Expl Unexpl |  Obj  Depth IntInf | Incumbent    BestBd   Gap | It/Node Time

*    0     0               0    -2548.350000 -2548.3500  0.00%     -    0s

Explored 0 nodes (26308 simplex iterations) in 0.42 seconds
Thread count was 20 (of 20 available processors)

Solution count 2: -2548.35 0 
Pool objective bound -2548.35

Optimal solution found (tolerance 5.00e-02)
Best objective -2.548350000000e+03, best bound -2.548350000000e+03, gap 0.0000%
(0, 2548.3500000000204)
(1, 2548.3500000000199)
(2, 2548.3500000000204)
(3, 2548.3500000000204)
(4, 2548.3500000000199)
(5, 2548.3500000000195)
(6, 2548.3500000000213)
(7, 2548.3500000000208)
(8, 2548.3500000000195)
(9, 2548.3500000000204)
(10, 2548.3500000000199)
(11, 2548.3500000000204)
(12, 2548.3500000000195)
(13, 2548.3500000000199)
(14, 2548.3500000000199)
(15, 2548.3500000000199)
(16, 2548.3500000000199)
(17, 2548.3500000000204)
(18, 2548.3500000000208)
(19, 2548.3500000000204)
(20, 2548.3500000000208)
(21, 2548.3500000000199)
(22, 2548.3500000000199)
(23, 2548.3500000000213)
(24, 2548.350000000019)
(25, 2548.3500000000199)
(26, 2548.3500000000208)
(27, 2548.3500000000204)
(28, 2548.3500000000204)
(29, 2548.3500000000204)
(30, 2548.3500000000199)
(31, 2548.3500000000199)
(32, 2548.3500000000199)
(33, 2548.3500000000204)
(34, 2548.3500000000199)
(35, 2548.3500000000195)
(36, 2548.3500000000199)
(37, 2548.350000000019)
(38, 2548.3500000000204)
(39, 2548.3500000000195)
(0, 2548.3500000000195)
(1, 2548.3500000000204)
(2, 2548.3500000000208)
(3, 2548.3500000000199)
(4, 2548.3500000000204)
(5, 2548.3500000000208)
(6, 2548.3500000000199)
(7, 2548.3500000000199)
(8, 2548.3500000000199)
(9, 2548.3500000000208)
(10, 2548.3500000000195)
(11, 2548.3500000000195)
(12, 2548.3500000000208)
(13, 2548.3500000000208)
(14, 2548.3500000000199)
(15, 2548.3500000000195)
(16, 2548.3500000000199)
(17, 2548.3500000000195)
(18, 2548.3500000000204)
(19, 2548.3500000000204)
(20, 2548.3500000000204)
(21, 2548.3500000000199)
(22, 2548.3500000000195)
(23, 2548.3500000000208)
(24, 2548.3500000000199)
(25, 2548.3500000000199)
(26, 2548.3500000000195)
(27, 2548.350000000019)
(28, 2548.3500000000204)
(29, 2548.3500000000204)
(30, 2548.3500000000204)
(31, 2548.350000000019)
(32, 2548.3500000000199)
(33, 2548.3500000000204)
(34, 2548.3500000000199)
(35, 2548.3500000000199)
(36, 2548.3500000000195)
(37, 2548.3500000000204)
(38, 2548.3500000000199)
(39, 2548.350000000019)
Changed value of parameter MIPGap to 0.05
   Prev: 0.0001  Min: 0.0  Max: 1e+100  Default: 0.0001
Changed value of parameter TimeLimit to 1800.0
   Prev: 1e+100  Min: 0.0  Max: 1e+100  Default: 1e+100
Changed value of parameter Method to 2
   Prev: -1  Min: -1  Max: 4  Default: -1
Changed value of parameter MIPFocus to 1
   Prev: 0  Min: 0  Max: 3  Default: 0
Optimize a model with 5188 rows, 25784 columns and 51568 nonzeros
Variable types: 0 continuous, 25784 integer (25784 binary)
Coefficient statistics:
  Matrix range     [1e+00, 2e+01]
  Objective range  [1e+00, 2e+00]
  Bounds range     [1e+00, 1e+00]
  RHS range        [8e+01, 8e+01]
Found heuristic solution: objective 0
Presolve time: 0.07s
Presolved: 5188 rows, 25784 columns, 51568 nonzeros
Variable types: 0 continuous, 25784 integer (25784 binary)
Presolved: 5188 rows, 25784 columns, 51568 nonzeros

Root barrier log...

Ordering time: 0.10s

Barrier statistics:
 AA' NZ     : 2.578e+04
 Factor NZ  : 1.606e+05 (roughly 14 MBytes of memory)
 Factor Ops : 3.021e+07 (less than 1 second per iteration)
 Threads    : 1

                  Objective                Residual
Iter       Primal          Dual         Primal    Dual     Compl     Time
   0  -1.93314696e+04 -3.21059945e+04  1.57e+02 2.22e-16  7.07e+00     0s
   1  -5.10166820e+03 -2.84889806e+04  5.98e+00 1.11e-15  1.12e+00     0s
   2  -2.85340288e+03 -1.03964290e+04  8.68e-02 5.33e-14  1.57e-01     0s
   3  -2.74978690e+03 -2.78820162e+03  5.55e-16 2.38e-14  7.38e-04     0s
   4  -2.75269714e+03 -2.75273555e+03  6.66e-16 6.66e-16  7.38e-07     0s
   5  -2.75270000e+03 -2.75270004e+03  6.66e-16 6.66e-16  7.38e-10     0s
   6  -2.75270000e+03 -2.75270000e+03  6.66e-16 6.66e-16  7.38e-13     0s

Barrier solved model in 6 iterations and 0.29 seconds
Optimal objective -2.75270000e+03


Root relaxation: objective -2.752700e+03, 22398 iterations, 0.26 seconds

    Nodes    |    Current Node    |     Objective Bounds      |     Work
 Expl Unexpl |  Obj  Depth IntInf | Incumbent    BestBd   Gap | It/Node Time

*    0     0               0    -2752.700000 -2752.7000  0.00%     -    0s

Explored 0 nodes (24070 simplex iterations) in 0.42 seconds
Thread count was 20 (of 20 available processors)

Solution count 2: -2752.7 0 
Pool objective bound -2752.7

Optimal solution found (tolerance 5.00e-02)
Best objective -2.752700000000e+03, best bound -2.752700000000e+03, gap 0.0000%
(0, 2752.699999999867)
(1, 2752.6999999998675)
(2, 2752.6999999998675)
(3, 2752.6999999998666)
(4, 2752.6999999998675)
(5, 2752.699999999867)
(6, 2752.6999999998666)
(7, 2752.699999999867)
(8, 2752.6999999998675)
(9, 2752.699999999867)
(10, 2752.6999999998675)
(11, 2752.6999999998675)
(12, 2752.6999999998675)
(13, 2752.6999999998675)
(14, 2752.699999999867)
(15, 2752.699999999867)
(16, 2752.6999999998679)
(17, 2752.6999999998666)
(18, 2752.6999999998675)
(19, 2752.6999999998684)
(20, 2752.6999999998675)
(21, 2752.6999999998666)
(22, 2752.699999999867)
(23, 2752.6999999998675)
(24, 2752.6999999998675)
(25, 2752.699999999867)
(26, 2752.699999999867)
(27, 2752.6999999998666)
(28, 2752.699999999867)
(29, 2752.6999999998666)
(30, 2752.699999999867)
(31, 2752.6999999998666)
(32, 2752.6999999998679)
(33, 2752.699999999867)
(34, 2752.699999999867)
(35, 2752.699999999867)
(36, 2752.6999999998666)
(37, 2752.6999999998675)
(38, 2752.699999999867)
(39, 2752.6999999998675)
(0, 2752.6999999998666)
(1, 2752.6999999998675)
(2, 2752.6999999998666)
(3, 2752.699999999867)
(4, 2752.6999999998666)
(5, 2752.699999999867)
(6, 2752.6999999998679)
(7, 2752.6999999998675)
(8, 2752.6999999998661)
(9, 2752.6999999998679)
(10, 2752.6999999998675)
(11, 2752.699999999867)
(12, 2752.6999999998679)
(13, 2752.6999999998675)
(14, 2752.699999999867)
(15, 2752.699999999867)
(16, 2752.6999999998666)
(17, 2752.6999999998675)
(18, 2752.6999999998666)
(19, 2752.699999999867)
(20, 2752.6999999998661)
(21, 2752.699999999867)
(22, 2752.699999999867)
(23, 2752.6999999998675)
(24, 2752.6999999998679)
(25, 2752.699999999867)
(26, 2752.6999999998675)
(27, 2752.699999999867)
(28, 2752.6999999998657)
(29, 2752.6999999998679)
(30, 2752.6999999998675)
(31, 2752.6999999998661)
(32, 2752.6999999998666)
(33, 2752.6999999998675)
(34, 2752.6999999998666)
(35, 2752.699999999867)
(36, 2752.6999999998679)
(37, 2752.699999999867)
(38, 2752.6999999998675)
(39, 2752.6999999998675)
Changed value of parameter MIPGap to 0.05
   Prev: 0.0001  Min: 0.0  Max: 1e+100  Default: 0.0001
Changed value of parameter TimeLimit to 1800.0
   Prev: 1e+100  Min: 0.0  Max: 1e+100  Default: 1e+100
Changed value of parameter Method to 2
   Prev: -1  Min: -1  Max: 4  Default: -1
Changed value of parameter MIPFocus to 1
   Prev: 0  Min: 0  Max: 3  Default: 0
Optimize a model with 5188 rows, 25784 columns and 51568 nonzeros
Variable types: 0 continuous, 25784 integer (25784 binary)
Coefficient statistics:
  Matrix range     [1e+00, 2e+01]
  Objective range  [1e+00, 3e+00]
  Bounds range     [1e+00, 1e+00]
  RHS range        [8e+01, 8e+01]
Found heuristic solution: objective 0
Presolve time: 0.07s
Presolved: 5188 rows, 25784 columns, 51568 nonzeros
Variable types: 0 continuous, 25784 integer (25784 binary)
Presolved: 5188 rows, 25784 columns, 51568 nonzeros

Root barrier log...

Ordering time: 0.07s

Barrier statistics:
 AA' NZ     : 2.578e+04
 Factor NZ  : 1.606e+05 (roughly 14 MBytes of memory)
 Factor Ops : 3.021e+07 (less than 1 second per iteration)
 Threads    : 1

                  Objective                Residual
Iter       Primal          Dual         Primal    Dual     Compl     Time
   0  -2.22285297e+04 -4.76801020e+04  1.57e+02 2.22e-16  1.08e+01     0s
   1  -5.30824112e+03 -4.22177983e+04  4.52e+00 2.39e-02  1.48e+00     0s
   2  -3.24361524e+03 -1.37062254e+04  8.23e-02 1.60e-14  2.17e-01     0s
   3  -3.15001051e+03 -3.20304837e+03  7.77e-16 2.66e-14  1.02e-03     0s
   4  -3.16138880e+03 -3.16144184e+03  7.77e-16 1.33e-15  1.02e-06     0s
   5  -3.16139999e+03 -3.16140004e+03  6.66e-16 1.33e-15  1.02e-09     0s
   6  -3.16140000e+03 -3.16140000e+03  5.55e-16 1.33e-15  1.02e-12     0s

Barrier solved model in 6 iterations and 0.27 seconds
Optimal objective -3.16140000e+03


Root relaxation: objective -3.161400e+03, 22398 iterations, 0.22 seconds

    Nodes    |    Current Node    |     Objective Bounds      |     Work
 Expl Unexpl |  Obj  Depth IntInf | Incumbent    BestBd   Gap | It/Node Time

*    0     0               0    -3161.400000 -3161.4000  0.00%     -    0s

Explored 0 nodes (29499 simplex iterations) in 0.42 seconds
Thread count was 20 (of 20 available processors)

Solution count 2: -3161.4 0 
Pool objective bound -3161.4

Optimal solution found (tolerance 5.00e-02)
Best objective -3.161400000000e+03, best bound -3.161400000000e+03, gap 0.0000%
(0, 3161.3999999998832)
(1, 3161.3999999998837)
(2, 3161.3999999998832)
(3, 3161.3999999998837)
(4, 3161.3999999998832)
(5, 3161.3999999998837)
(6, 3161.3999999998837)
(7, 3161.3999999998841)
(8, 3161.3999999998841)
(9, 3161.3999999998837)
(10, 3161.3999999998832)
(11, 3161.3999999998846)
(12, 3161.3999999998837)
(13, 3161.3999999998837)
(14, 3161.3999999998841)
(15, 3161.3999999998832)
(16, 3161.3999999998841)
(17, 3161.3999999998841)
(18, 3161.3999999998837)
(19, 3161.3999999998837)
(20, 3161.3999999998846)
(21, 3161.3999999998837)
(22, 3161.3999999998841)
(23, 3161.3999999998841)
(24, 3161.3999999998841)
(25, 3161.3999999998837)
(26, 3161.3999999998841)
(27, 3161.3999999998841)
(28, 3161.3999999998841)
(29, 3161.3999999998841)
(30, 3161.3999999998841)
(31, 3161.3999999998846)
(32, 3161.3999999998841)
(33, 3161.3999999998832)
(34, 3161.3999999998832)
(35, 3161.3999999998841)
(36, 3161.3999999998837)
(37, 3161.3999999998837)
(38, 3161.399999999885)
(39, 3161.3999999998832)
(0, 3161.3999999998841)
(1, 3161.3999999998837)
(2, 3161.3999999998841)
(3, 3161.3999999998832)
(4, 3161.3999999998837)
(5, 3161.3999999998837)
(6, 3161.3999999998837)
(7, 3161.3999999998832)
(8, 3161.3999999998841)
(9, 3161.3999999998841)
(10, 3161.3999999998832)
(11, 3161.3999999998841)
(12, 3161.3999999998841)
(13, 3161.3999999998841)
(14, 3161.3999999998837)
(15, 3161.3999999998841)
(16, 3161.3999999998846)
(17, 3161.3999999998837)
(18, 3161.3999999998841)
(19, 3161.3999999998837)
(20, 3161.3999999998832)
(21, 3161.3999999998841)
(22, 3161.3999999998837)
(23, 3161.3999999998837)
(24, 3161.3999999998841)
(25, 3161.3999999998841)
(26, 3161.3999999998837)
(27, 3161.3999999998837)
(28, 3161.3999999998837)
(29, 3161.3999999998841)
(30, 3161.3999999998832)
(31, 3161.3999999998841)
(32, 3161.3999999998837)
(33, 3161.3999999998841)
(34, 3161.3999999998841)
(35, 3161.3999999998837)
(36, 3161.3999999998837)
(37, 3161.3999999998841)
(38, 3161.3999999998837)
(39, 3161.3999999998837)
Changed value of parameter MIPGap to 0.05
   Prev: 0.0001  Min: 0.0  Max: 1e+100  Default: 0.0001
Changed value of parameter TimeLimit to 1800.0
   Prev: 1e+100  Min: 0.0  Max: 1e+100  Default: 1e+100
Changed value of parameter Method to 2
   Prev: -1  Min: -1  Max: 4  Default: -1
Changed value of parameter MIPFocus to 1
   Prev: 0  Min: 0  Max: 3  Default: 0
Optimize a model with 5188 rows, 25784 columns and 51568 nonzeros
Variable types: 0 continuous, 25784 integer (25784 binary)
Coefficient statistics:
  Matrix range     [1e+00, 2e+01]
  Objective range  [1e+00, 4e+00]
  Bounds range     [1e+00, 1e+00]
  RHS range        [8e+01, 8e+01]
Found heuristic solution: objective 0
Presolve time: 0.07s
Presolved: 5188 rows, 25784 columns, 51568 nonzeros
Variable types: 0 continuous, 25784 integer (25784 binary)
Presolved: 5188 rows, 25784 columns, 51568 nonzeros

Root barrier log...

Ordering time: 0.09s

Barrier statistics:
 AA' NZ     : 2.578e+04
 Factor NZ  : 1.606e+05 (roughly 14 MBytes of memory)
 Factor Ops : 3.021e+07 (less than 1 second per iteration)
 Threads    : 1

                  Objective                Residual
Iter       Primal          Dual         Primal    Dual     Compl     Time
   0  -2.80219893e+04 -7.88283172e+04  1.57e+02 4.44e-16  1.82e+01     0s
   1  -5.97568382e+03 -6.96051322e+04  3.17e+00 1.23e-01  2.18e+00     0s
   2  -3.93577064e+03 -1.76791886e+04  3.89e-02 8.35e-14  2.74e-01     0s
   3  -3.93982711e+03 -3.99384682e+03  6.66e-16 5.60e-14  1.04e-03     0s
   4  -3.97876106e+03 -3.97881508e+03  4.44e-16 1.78e-15  1.04e-06     0s
   5  -3.97879996e+03 -3.97880002e+03  4.44e-16 2.66e-15  1.04e-09     0s
   6  -3.97880000e+03 -3.97880000e+03  4.44e-16 1.78e-15  1.04e-12     0s

Barrier solved model in 6 iterations and 0.28 seconds
Optimal objective -3.97880000e+03


Root relaxation: objective -3.978800e+03, 22404 iterations, 0.24 seconds

    Nodes    |    Current Node    |     Objective Bounds      |     Work
 Expl Unexpl |  Obj  Depth IntInf | Incumbent    BestBd   Gap | It/Node Time

*    0     0               0    -3978.800000 -3978.8000  0.00%     -    0s

Explored 0 nodes (28009 simplex iterations) in 0.44 seconds
Thread count was 20 (of 20 available processors)

Solution count 2: -3978.8 0 
Pool objective bound -3978.8

Optimal solution found (tolerance 5.00e-02)
Best objective -3.978800000000e+03, best bound -3.978800000000e+03, gap 0.0000%
(0, 3978.8000000001871)
(1, 3978.8000000001853)
(2, 3978.800000000188)
(3, 3978.8000000001884)
(4, 3978.8000000001871)
(5, 3978.800000000188)
(6, 3978.800000000188)
(7, 3978.8000000001894)
(8, 3978.8000000001884)
(9, 3978.8000000001866)
(10, 3978.8000000001889)
(11, 3978.8000000001871)
(12, 3978.8000000001889)
(13, 3978.800000000188)
(14, 3978.800000000188)
(15, 3978.8000000001894)
(16, 3978.8000000001884)
(17, 3978.8000000001884)
(18, 3978.800000000188)
(19, 3978.800000000188)
(20, 3978.8000000001875)
(21, 3978.8000000001894)
(22, 3978.8000000001884)
(23, 3978.8000000001889)
(24, 3978.800000000188)
(25, 3978.8000000001884)
(26, 3978.8000000001884)
(27, 3978.8000000001884)
(28, 3978.8000000001875)
(29, 3978.800000000188)
(30, 3978.8000000001875)
(31, 3978.8000000001866)
(32, 3978.8000000001884)
(33, 3978.8000000001862)
(34, 3978.800000000188)
(35, 3978.8000000001889)
(36, 3978.8000000001875)
(37, 3978.800000000188)
(38, 3978.8000000001884)
(39, 3978.8000000001884)
(0, 3978.8000000001884)
(1, 3978.8000000001884)
(2, 3978.8000000001875)
(3, 3978.8000000001889)
(4, 3978.8000000001871)
(5, 3978.8000000001871)
(6, 3978.8000000001871)
(7, 3978.8000000001884)
(8, 3978.8000000001884)
(9, 3978.800000000188)
(10, 3978.8000000001889)
(11, 3978.8000000001894)
(12, 3978.800000000188)
(13, 3978.800000000188)
(14, 3978.800000000188)
(15, 3978.800000000188)
(16, 3978.8000000001884)
(17, 3978.8000000001875)
(18, 3978.8000000001889)
(19, 3978.800000000188)
(20, 3978.8000000001875)
(21, 3978.8000000001889)
(22, 3978.800000000188)
(23, 3978.8000000001889)
(24, 3978.8000000001884)
(25, 3978.8000000001894)
(26, 3978.8000000001875)
(27, 3978.8000000001884)
(28, 3978.800000000188)
(29, 3978.800000000188)
(30, 3978.800000000188)
(31, 3978.8000000001894)
(32, 3978.8000000001889)
(33, 3978.8000000001875)
(34, 3978.8000000001875)
(35, 3978.800000000188)
(36, 3978.8000000001884)
(37, 3978.8000000001884)
(38, 3978.8000000001889)
(39, 3978.8000000001889)
Changed value of parameter MIPGap to 0.05
   Prev: 0.0001  Min: 0.0  Max: 1e+100  Default: 0.0001
Changed value of parameter TimeLimit to 1800.0
   Prev: 1e+100  Min: 0.0  Max: 1e+100  Default: 1e+100
Changed value of parameter Method to 2
   Prev: -1  Min: -1  Max: 4  Default: -1
Changed value of parameter MIPFocus to 1
   Prev: 0  Min: 0  Max: 3  Default: 0
Optimize a model with 5188 rows, 25784 columns and 51568 nonzeros
Variable types: 0 continuous, 25784 integer (25784 binary)
Coefficient statistics:
  Matrix range     [1e+00, 2e+01]
  Objective range  [2e+00, 5e+00]
  Bounds range     [1e+00, 1e+00]
  RHS range        [8e+01, 8e+01]
Found heuristic solution: objective 0
Presolve time: 0.07s
Presolved: 5188 rows, 25784 columns, 51568 nonzeros
Variable types: 0 continuous, 25784 integer (25784 binary)
Presolved: 5188 rows, 25784 columns, 51568 nonzeros

Root barrier log...

Ordering time: 0.08s

Barrier statistics:
 AA' NZ     : 2.578e+04
 Factor NZ  : 1.606e+05 (roughly 14 MBytes of memory)
 Factor Ops : 3.021e+07 (less than 1 second per iteration)
 Threads    : 1

                  Objective                Residual
Iter       Primal          Dual         Primal    Dual     Compl     Time
   0  -3.09186120e+04 -9.44024247e+04  1.57e+02 4.44e-16  2.19e+01     0s
   1  -6.51787431e+03 -8.33000159e+04  3.07e+00 1.71e-01  2.59e+00     0s
   2  -4.31528802e+03 -2.02985609e+04  3.12e-02 7.73e-14  3.16e-01     0s
   3  -4.33878678e+03 -4.40521686e+03  6.66e-16 1.33e-14  1.28e-03     0s
   4  -4.38745132e+03 -4.38751775e+03  4.44e-16 2.66e-15  1.28e-06     0s
   5  -4.38749995e+03 -4.38750002e+03  4.44e-16 1.78e-15  1.28e-09     0s
   6  -4.38750000e+03 -4.38750000e+03  4.44e-16 2.66e-15  1.28e-12     0s

Barrier solved model in 6 iterations and 0.28 seconds
Optimal objective -4.38750000e+03


Root relaxation: objective -4.387500e+03, 22412 iterations, 0.24 seconds

    Nodes    |    Current Node    |     Objective Bounds      |     Work
 Expl Unexpl |  Obj  Depth IntInf | Incumbent    BestBd   Gap | It/Node Time

*    0     0               0    -4387.500000 -4387.5000  0.00%     -    0s

Explored 0 nodes (24398 simplex iterations) in 0.37 seconds
Thread count was 20 (of 20 available processors)

Solution count 2: -4387.5 0 
Pool objective bound -4387.5

Optimal solution found (tolerance 5.00e-02)
Best objective -4.387500000000e+03, best bound -4.387500000000e+03, gap 0.0000%
(0, 4387.5)
(1, 4387.5)
(2, 4387.5)
(3, 4387.5)
(4, 4387.5)
(5, 4387.5)
(6, 4387.5)
(7, 4387.5)
(8, 4387.5)
(9, 4387.5)
(10, 4387.5)
(11, 4387.5)
(12, 4387.5)
(13, 4387.5)
(14, 4387.5)
(15, 4387.5)
(16, 4387.5)
(17, 4387.5)
(18, 4387.5)
(19, 4387.5)
(20, 4387.5)
(21, 4387.5)
(22, 4387.5)
(23, 4387.5)
(24, 4387.5)
(25, 4387.5)
(26, 4387.5)
(27, 4387.5)
(28, 4387.5)
(29, 4387.5)
(30, 4387.5)
(31, 4387.5)
(32, 4387.5)
(33, 4387.5)
(34, 4387.5)
(35, 4387.5)
(36, 4387.5)
(37, 4387.5)
(38, 4387.5)
(39, 4387.5)
(0, 4387.5)
(1, 4387.5)
(2, 4387.5)
(3, 4387.5)
(4, 4387.5)
(5, 4387.5)
(6, 4387.5)
(7, 4387.5)
(8, 4387.5)
(9, 4387.5)
(10, 4387.5)
(11, 4387.5)
(12, 4387.5)
(13, 4387.5)
(14, 4387.5)
(15, 4387.5)
(16, 4387.5)
(17, 4387.5)
(18, 4387.5)
(19, 4387.5)
(20, 4387.5)
(21, 4387.5)
(22, 4387.5)
(23, 4387.5)
(24, 4387.5)
(25, 4387.5)
(26, 4387.5)
(27, 4387.5)
(28, 4387.5)
(29, 4387.5)
(30, 4387.5)
(31, 4387.5)
(32, 4387.5)
(33, 4387.5)
(34, 4387.5)
(35, 4387.5)
(36, 4387.5)
(37, 4387.5)
(38, 4387.5)
(39, 4387.5)
Changed value of parameter MIPGap to 0.05
   Prev: 0.0001  Min: 0.0  Max: 1e+100  Default: 0.0001
Changed value of parameter TimeLimit to 1800.0
   Prev: 1e+100  Min: 0.0  Max: 1e+100  Default: 1e+100
Changed value of parameter Method to 2
   Prev: -1  Min: -1  Max: 4  Default: -1
Changed value of parameter MIPFocus to 1
   Prev: 0  Min: 0  Max: 3  Default: 0
Optimize a model with 5188 rows, 25784 columns and 51568 nonzeros
Variable types: 0 continuous, 25784 integer (25784 binary)
Coefficient statistics:
  Matrix range     [1e+00, 2e+01]
  Objective range  [2e+00, 9e+00]
  Bounds range     [1e+00, 1e+00]
  RHS range        [8e+01, 8e+01]
Found heuristic solution: objective 0
Presolve time: 0.07s
Presolved: 5188 rows, 25784 columns, 51568 nonzeros
Variable types: 0 continuous, 25784 integer (25784 binary)
Presolved: 5188 rows, 25784 columns, 51568 nonzeros

Root barrier log...

Ordering time: 0.10s

Barrier statistics:
 AA' NZ     : 2.578e+04
 Factor NZ  : 1.606e+05 (roughly 14 MBytes of memory)
 Factor Ops : 3.021e+07 (less than 1 second per iteration)
 Threads    : 1

                  Objective                Residual
Iter       Primal          Dual         Primal    Dual     Compl     Time
   0  -4.54014394e+04 -1.72272963e+05  1.57e+02 8.88e-16  4.03e+01     0s
   1  -8.90290856e+03 -1.46746429e+05  2.49e+00 3.66e-01  4.39e+00     0s
   2  -6.31617849e+03 -3.01263496e+04  4.50e-02 2.17e-13  4.78e-01     0s
   3  -6.32702887e+03 -6.45772525e+03  5.55e-16 8.88e-15  2.51e-03     0s
   4  -6.43089594e+03 -6.43102665e+03  4.44e-16 3.55e-15  2.51e-06     0s
   5  -6.43099990e+03 -6.43100003e+03  4.44e-16 5.33e-15  2.51e-09     0s
   6  -6.43100000e+03 -6.43100000e+03  5.55e-16 3.55e-15  2.51e-12     0s

Barrier solved model in 6 iterations and 0.29 seconds
Optimal objective -6.43100000e+03


Root relaxation: objective -6.431000e+03, 22398 iterations, 0.25 seconds

    Nodes    |    Current Node    |     Objective Bounds      |     Work
 Expl Unexpl |  Obj  Depth IntInf | Incumbent    BestBd   Gap | It/Node Time

*    0     0               0    -6431.000000 -6431.0000  0.00%     -    0s

Explored 0 nodes (27128 simplex iterations) in 0.42 seconds
Thread count was 20 (of 20 available processors)

Solution count 2: -6431 0 
Pool objective bound -6431

Optimal solution found (tolerance 5.00e-02)
Best objective -6.431000000000e+03, best bound -6.431000000000e+03, gap 0.0000%
(0, 6431.0)
(1, 6431.0)
(2, 6431.0)
(3, 6431.0)
(4, 6431.0)
(5, 6431.0)
(6, 6431.0)
(7, 6431.0)
(8, 6431.0)
(9, 6431.0)
(10, 6431.0)
(11, 6431.0)
(12, 6431.0)
(13, 6431.0)
(14, 6431.0)
(15, 6431.0)
(16, 6431.0)
(17, 6431.0)
(18, 6431.0)
(19, 6431.0)
(20, 6431.0)
(21, 6431.0)
(22, 6431.0)
(23, 6431.0)
(24, 6431.0)
(25, 6431.0)
(26, 6431.0)
(27, 6431.0)
(28, 6431.0)
(29, 6431.0)
(30, 6431.0)
(31, 6431.0)
(32, 6431.0)
(33, 6431.0)
(34, 6431.0)
(35, 6431.0)
(36, 6431.0)
(37, 6431.0)
(38, 6431.0)
(39, 6431.0)
(0, 6431.0)
(1, 6431.0)
(2, 6431.0)
(3, 6431.0)
(4, 6431.0)
(5, 6431.0)
(6, 6431.0)
(7, 6431.0)
(8, 6431.0)
(9, 6431.0)
(10, 6431.0)
(11, 6431.0)
(12, 6431.0)
(13, 6431.0)
(14, 6431.0)
(15, 6431.0)
(16, 6431.0)
(17, 6431.0)
(18, 6431.0)
(19, 6431.0)
(20, 6431.0)
(21, 6431.0)
(22, 6431.0)
(23, 6431.0)
(24, 6431.0)
(25, 6431.0)
(26, 6431.0)
(27, 6431.0)
(28, 6431.0)
(29, 6431.0)
(30, 6431.0)
(31, 6431.0)
(32, 6431.0)
(33, 6431.0)
(34, 6431.0)
(35, 6431.0)
(36, 6431.0)
(37, 6431.0)
(38, 6431.0)
(39, 6431.0)
Changed value of parameter MIPGap to 0.05
   Prev: 0.0001  Min: 0.0  Max: 1e+100  Default: 0.0001
Changed value of parameter TimeLimit to 1800.0
   Prev: 1e+100  Min: 0.0  Max: 1e+100  Default: 1e+100
Changed value of parameter Method to 2
   Prev: -1  Min: -1  Max: 4  Default: -1
Changed value of parameter MIPFocus to 1
   Prev: 0  Min: 0  Max: 3  Default: 0
Optimize a model with 5188 rows, 25784 columns and 51568 nonzeros
Variable types: 0 continuous, 25784 integer (25784 binary)
Coefficient statistics:
  Matrix range     [1e+00, 2e+01]
  Objective range  [3e+00, 2e+01]
  Bounds range     [1e+00, 1e+00]
  RHS range        [8e+01, 8e+01]
Found heuristic solution: objective 0
Presolve time: 0.07s
Presolved: 5188 rows, 25784 columns, 51568 nonzeros
Variable types: 0 continuous, 25784 integer (25784 binary)
Presolved: 5188 rows, 25784 columns, 51568 nonzeros

Root barrier log...

Ordering time: 0.10s

Barrier statistics:
 AA' NZ     : 2.578e+04
 Factor NZ  : 1.606e+05 (roughly 14 MBytes of memory)
 Factor Ops : 3.021e+07 (less than 1 second per iteration)
 Threads    : 1

                  Objective                Residual
Iter       Primal          Dual         Primal    Dual     Compl     Time
   0  -7.43667578e+04 -3.28014038e+05  1.57e+02 1.78e-15  7.73e+01     0s
   1  -1.36776634e+04 -2.78103895e+05  1.79e+00 7.25e-01  7.64e+00     0s
   2  -1.01479070e+04 -4.49766972e+04  7.80e-03 1.61e-13  6.75e-01     0s
   3  -1.03516514e+04 -1.05691299e+04  5.55e-16 7.11e-15  4.18e-03     0s
   4  -1.05178339e+04 -1.05180515e+04  5.55e-16 1.07e-14  4.18e-06     0s
   5  -1.05180000e+04 -1.05180000e+04  6.66e-16 7.11e-15  5.41e-12     0s

Barrier solved model in 5 iterations and 0.28 seconds
Optimal objective -1.05180000e+04


Root relaxation: objective -1.051800e+04, 22401 iterations, 0.24 seconds

    Nodes    |    Current Node    |     Objective Bounds      |     Work
 Expl Unexpl |  Obj  Depth IntInf | Incumbent    BestBd   Gap | It/Node Time

*    0     0               0    -10518.00000 -10518.000  0.00%     -    0s

Explored 0 nodes (24027 simplex iterations) in 0.38 seconds
Thread count was 20 (of 20 available processors)

Solution count 2: -10518 0 
Pool objective bound -10518

Optimal solution found (tolerance 5.00e-02)
Best objective -1.051800000000e+04, best bound -1.051800000000e+04, gap 0.0000%
(0, 10518.0)
(1, 10518.0)
(2, 10518.0)
(3, 10518.0)
(4, 10518.0)
(5, 10518.0)
(6, 10518.0)
(7, 10518.0)
(8, 10518.0)
(9, 10518.0)
(10, 10518.0)
(11, 10518.0)
(12, 10518.0)
(13, 10518.0)
(14, 10518.0)
(15, 10518.0)
(16, 10518.0)
(17, 10518.0)
(18, 10518.0)
(19, 10518.0)
(20, 10518.0)
(21, 10518.0)
(22, 10518.0)
(23, 10518.0)
(24, 10518.0)
(25, 10518.0)
(26, 10518.0)
(27, 10518.0)
(28, 10518.0)
(29, 10518.0)
(30, 10518.0)
(31, 10518.0)
(32, 10518.0)
(33, 10518.0)
(34, 10518.0)
(35, 10518.0)
(36, 10518.0)
(37, 10518.0)
(38, 10518.0)
(39, 10518.0)
(0, 10518.0)
(1, 10518.0)
(2, 10518.0)
(3, 10518.0)
(4, 10518.0)
(5, 10518.0)
(6, 10518.0)
(7, 10518.0)
(8, 10518.0)
(9, 10518.0)
(10, 10518.0)
(11, 10518.0)
(12, 10518.0)
(13, 10518.0)
(14, 10518.0)
(15, 10518.0)
(16, 10518.0)
(17, 10518.0)
(18, 10518.0)
(19, 10518.0)
(20, 10518.0)
(21, 10518.0)
(22, 10518.0)
(23, 10518.0)
(24, 10518.0)
(25, 10518.0)
(26, 10518.0)
(27, 10518.0)
(28, 10518.0)
(29, 10518.0)
(30, 10518.0)
(31, 10518.0)
(32, 10518.0)
(33, 10518.0)
(34, 10518.0)
(35, 10518.0)
(36, 10518.0)
(37, 10518.0)
(38, 10518.0)
(39, 10518.0)
Changed value of parameter MIPGap to 0.05
   Prev: 0.0001  Min: 0.0  Max: 1e+100  Default: 0.0001
Changed value of parameter TimeLimit to 1800.0
   Prev: 1e+100  Min: 0.0  Max: 1e+100  Default: 1e+100
Changed value of parameter Method to 2
   Prev: -1  Min: -1  Max: 4  Default: -1
Changed value of parameter MIPFocus to 1
   Prev: 0  Min: 0  Max: 3  Default: 0
Optimize a model with 5188 rows, 25784 columns and 51568 nonzeros
Variable types: 0 continuous, 25784 integer (25784 binary)
Coefficient statistics:
  Matrix range     [1e+00, 2e+01]
  Objective range  [5e+00, 3e+01]
  Bounds range     [1e+00, 1e+00]
  RHS range        [8e+01, 8e+01]
Found heuristic solution: objective 0
Presolve time: 0.07s
Presolved: 5188 rows, 25784 columns, 51568 nonzeros
Variable types: 0 continuous, 25784 integer (25784 binary)
Presolved: 5188 rows, 25784 columns, 51568 nonzeros

Root barrier log...

Ordering time: 0.10s

Barrier statistics:
 AA' NZ     : 2.578e+04
 Factor NZ  : 1.606e+05 (roughly 14 MBytes of memory)
 Factor Ops : 3.021e+07 (less than 1 second per iteration)
 Threads    : 1

                  Objective                Residual
Iter       Primal          Dual         Primal    Dual     Compl     Time
   0  -1.32297200e+05 -6.39496189e+05  1.57e+02 3.55e-15  1.51e+02     0s
   1  -2.34226119e+04 -5.40768372e+05  1.39e+00 1.42e+00  1.41e+01     0s
   2  -1.80098726e+04 -7.33412316e+04  4.44e-16 3.02e-13  1.06e+00     0s
   3  -1.84228065e+04 -1.87726907e+04  6.66e-16 1.42e-14  6.72e-03     0s
   4  -1.86917314e+04 -1.86920813e+04  4.44e-16 1.42e-14  6.72e-06     0s
   5  -1.86920000e+04 -1.86920000e+04  5.55e-16 1.42e-14  9.40e-12     0s

Barrier solved model in 5 iterations and 0.27 seconds
Optimal objective -1.86920000e+04


Root relaxation: objective -1.869200e+04, 22401 iterations, 0.24 seconds

    Nodes    |    Current Node    |     Objective Bounds      |     Work
 Expl Unexpl |  Obj  Depth IntInf | Incumbent    BestBd   Gap | It/Node Time

*    0     0               0    -18692.00000 -18692.000  0.00%     -    0s

Explored 0 nodes (24016 simplex iterations) in 0.38 seconds
Thread count was 20 (of 20 available processors)

Solution count 2: -18692 0 
Pool objective bound -18692

Optimal solution found (tolerance 5.00e-02)
Best objective -1.869200000000e+04, best bound -1.869200000000e+04, gap 0.0000%
(0, 18692.0)
(1, 18692.0)
(2, 18692.0)
(3, 18692.0)
(4, 18692.0)
(5, 18692.0)
(6, 18692.0)
(7, 18692.0)
(8, 18692.0)
(9, 18692.0)
(10, 18692.0)
(11, 18692.0)
(12, 18692.0)
(13, 18692.0)
(14, 18692.0)
(15, 18692.0)
(16, 18692.0)
(17, 18692.0)
(18, 18692.0)
(19, 18692.0)
(20, 18692.0)
(21, 18692.0)
(22, 18692.0)
(23, 18692.0)
(24, 18692.0)
(25, 18692.0)
(26, 18692.0)
(27, 18692.0)
(28, 18692.0)
(29, 18692.0)
(30, 18692.0)
(31, 18692.0)
(32, 18692.0)
(33, 18692.0)
(34, 18692.0)
(35, 18692.0)
(36, 18692.0)
(37, 18692.0)
(38, 18692.0)
(39, 18692.0)
(0, 18692.0)
(1, 18692.0)
(2, 18692.0)
(3, 18692.0)
(4, 18692.0)
(5, 18692.0)
(6, 18692.0)
(7, 18692.0)
(8, 18692.0)
(9, 18692.0)
(10, 18692.0)
(11, 18692.0)
(12, 18692.0)
(13, 18692.0)
(14, 18692.0)
(15, 18692.0)
(16, 18692.0)
(17, 18692.0)
(18, 18692.0)
(19, 18692.0)
(20, 18692.0)
(21, 18692.0)
(22, 18692.0)
(23, 18692.0)
(24, 18692.0)
(25, 18692.0)
(26, 18692.0)
(27, 18692.0)
(28, 18692.0)
(29, 18692.0)
(30, 18692.0)
(31, 18692.0)
(32, 18692.0)
(33, 18692.0)
(34, 18692.0)
(35, 18692.0)
(36, 18692.0)
(37, 18692.0)
(38, 18692.0)
(39, 18692.0)
Changed value of parameter MIPGap to 0.05
   Prev: 0.0001  Min: 0.0  Max: 1e+100  Default: 0.0001
Changed value of parameter TimeLimit to 1800.0
   Prev: 1e+100  Min: 0.0  Max: 1e+100  Default: 1e+100
Changed value of parameter Method to 2
   Prev: -1  Min: -1  Max: 4  Default: -1
Changed value of parameter MIPFocus to 1
   Prev: 0  Min: 0  Max: 3  Default: 0
Optimize a model with 5188 rows, 25784 columns and 51568 nonzeros
Variable types: 0 continuous, 25784 integer (25784 binary)
Coefficient statistics:
  Matrix range     [1e+00, 2e+01]
  Objective range  [6e+00, 4e+01]
  Bounds range     [1e+00, 1e+00]
  RHS range        [8e+01, 8e+01]
Found heuristic solution: objective 0
Presolve time: 0.07s
Presolved: 5188 rows, 25784 columns, 51568 nonzeros
Variable types: 0 continuous, 25784 integer (25784 binary)
Presolved: 5188 rows, 25784 columns, 51568 nonzeros

Root barrier log...

Ordering time: 0.08s

Barrier statistics:
 AA' NZ     : 2.578e+04
 Factor NZ  : 1.606e+05 (roughly 14 MBytes of memory)
 Factor Ops : 3.021e+07 (less than 1 second per iteration)
 Threads    : 1

                  Objective                Residual
Iter       Primal          Dual         Primal    Dual     Compl     Time
   0  -1.61262400e+05 -7.95237265e+05  1.57e+02 3.55e-15  1.88e+02     0s
   1  -2.83173183e+04 -6.72094930e+05  1.31e+00 1.77e+00  1.73e+01     0s
   2  -2.19701581e+04 -8.77049062e+04  5.55e-16 3.52e-13  1.26e+00     0s
   3  -2.24626730e+04 -2.28727970e+04  5.55e-16 2.13e-14  7.88e-03     0s
   4  -2.27786844e+04 -2.27790946e+04  5.55e-16 2.13e-14  7.88e-06     0s
   5  -2.27790000e+04 -2.27790000e+04  5.55e-16 1.42e-14  1.10e-11     0s

Barrier solved model in 5 iterations and 0.25 seconds
Optimal objective -2.27790000e+04


Root relaxation: objective -2.277900e+04, 22401 iterations, 0.21 seconds

    Nodes    |    Current Node    |     Objective Bounds      |     Work
 Expl Unexpl |  Obj  Depth IntInf | Incumbent    BestBd   Gap | It/Node Time

     0     0 -22779.000    0    2    0.00000 -22779.000      -     -    0s
H    0     0                    -22779.00000 -22779.000  0.00%     -    0s

Explored 0 nodes (27991 simplex iterations) in 0.39 seconds
Thread count was 20 (of 20 available processors)

Solution count 2: -22779 0 
Pool objective bound -22779

Optimal solution found (tolerance 5.00e-02)
Best objective -2.277900000000e+04, best bound -2.277900000000e+04, gap 0.0000%
(0, 22779.0)
(1, 22779.0)
(2, 22779.0)
(3, 22779.0)
(4, 22779.0)
(5, 22779.0)
(6, 22779.0)
(7, 22779.0)
(8, 22779.0)
(9, 22779.0)
(10, 22779.0)
(11, 22779.0)
(12, 22779.0)
(13, 22779.0)
(14, 22779.0)
(15, 22779.0)
(16, 22779.0)
(17, 22779.0)
(18, 22779.0)
(19, 22779.0)
(20, 22779.0)
(21, 22779.0)
(22, 22779.0)
(23, 22779.0)
(24, 22779.0)
(25, 22779.0)
(26, 22779.0)
(27, 22779.0)
(28, 22779.0)
(29, 22779.0)
(30, 22779.0)
(31, 22779.0)
(32, 22779.0)
(33, 22779.0)
(34, 22779.0)
(35, 22779.0)
(36, 22779.0)
(37, 22779.0)
(38, 22779.0)
(39, 22779.0)
(0, 22779.0)
(1, 22779.0)
(2, 22779.0)
(3, 22779.0)
(4, 22779.0)
(5, 22779.0)
(6, 22779.0)
(7, 22779.0)
(8, 22779.0)
(9, 22779.0)
(10, 22779.0)
(11, 22779.0)
(12, 22779.0)
(13, 22779.0)
(14, 22779.0)
(15, 22779.0)
(16, 22779.0)
(17, 22779.0)
(18, 22779.0)
(19, 22779.0)
(20, 22779.0)
(21, 22779.0)
(22, 22779.0)
(23, 22779.0)
(24, 22779.0)
(25, 22779.0)
(26, 22779.0)
(27, 22779.0)
(28, 22779.0)
(29, 22779.0)
(30, 22779.0)
(31, 22779.0)
(32, 22779.0)
(33, 22779.0)
(34, 22779.0)
(35, 22779.0)
(36, 22779.0)
(37, 22779.0)
(38, 22779.0)
(39, 22779.0)
Changed value of parameter MIPGap to 0.05
   Prev: 0.0001  Min: 0.0  Max: 1e+100  Default: 0.0001
Changed value of parameter TimeLimit to 1800.0
   Prev: 1e+100  Min: 0.0  Max: 1e+100  Default: 1e+100
Changed value of parameter Method to 2
   Prev: -1  Min: -1  Max: 4  Default: -1
Changed value of parameter MIPFocus to 1
   Prev: 0  Min: 0  Max: 3  Default: 0
Optimize a model with 5188 rows, 25784 columns and 51568 nonzeros
Variable types: 0 continuous, 25784 integer (25784 binary)
Coefficient statistics:
  Matrix range     [1e+00, 2e+01]
  Objective range  [1e+01, 8e+01]
  Bounds range     [1e+00, 1e+00]
  RHS range        [8e+01, 8e+01]
Found heuristic solution: objective 0
Presolve time: 0.07s
Presolved: 5188 rows, 25784 columns, 51568 nonzeros
Variable types: 0 continuous, 25784 integer (25784 binary)
Presolved: 5188 rows, 25784 columns, 51568 nonzeros

Root barrier log...

Ordering time: 0.10s

Barrier statistics:
 AA' NZ     : 2.578e+04
 Factor NZ  : 1.606e+05 (roughly 14 MBytes of memory)
 Factor Ops : 3.021e+07 (less than 1 second per iteration)
 Threads    : 1

                  Objective                Residual
Iter       Primal          Dual         Primal    Dual     Compl     Time
   0  -3.06088358e+05 -1.57394264e+06  1.57e+02 7.11e-15  3.73e+02     0s
   1  -5.31191684e+04 -1.32858035e+06  1.20e+00 3.50e+00  3.37e+01     0s
   2  -4.17530519e+04 -1.89341087e+05  5.55e-16 1.08e-12  2.83e+00     0s
   3  -4.26064504e+04 -4.34170803e+04  6.66e-16 4.26e-14  1.56e-02     0s
   4  -4.32133940e+04 -4.32142049e+04  4.44e-16 4.26e-14  1.56e-05     0s
   5  -4.32140000e+04 -4.32140000e+04  7.77e-16 4.26e-14  2.25e-11     0s

Barrier solved model in 5 iterations and 0.28 seconds
Optimal objective -4.32140000e+04


Root relaxation: objective -4.321400e+04, 22400 iterations, 0.24 seconds

    Nodes    |    Current Node    |     Objective Bounds      |     Work
 Expl Unexpl |  Obj  Depth IntInf | Incumbent    BestBd   Gap | It/Node Time

*    0     0               0    -43214.00000 -43214.000  0.00%     -    0s

Explored 0 nodes (24428 simplex iterations) in 0.38 seconds
Thread count was 20 (of 20 available processors)

Solution count 2: -43214 0 
Pool objective bound -43214

Optimal solution found (tolerance 5.00e-02)
Best objective -4.321400000000e+04, best bound -4.321400000000e+04, gap 0.0000%
(0, 43214.0)
(1, 43214.0)
(2, 43214.0)
(3, 43214.0)
(4, 43214.0)
(5, 43214.0)
(6, 43214.0)
(7, 43214.0)
(8, 43214.0)
(9, 43214.0)
(10, 43214.0)
(11, 43214.0)
(12, 43214.0)
(13, 43214.0)
(14, 43214.0)
(15, 43214.0)
(16, 43214.0)
(17, 43214.0)
(18, 43214.0)
(19, 43214.0)
(20, 43214.0)
(21, 43214.0)
(22, 43214.0)
(23, 43214.0)
(24, 43214.0)
(25, 43214.0)
(26, 43214.0)
(27, 43214.0)
(28, 43214.0)
(29, 43214.0)
(30, 43214.0)
(31, 43214.0)
(32, 43214.0)
(33, 43214.0)
(34, 43214.0)
(35, 43214.0)
(36, 43214.0)
(37, 43214.0)
(38, 43214.0)
(39, 43214.0)
(0, 43214.0)
(1, 43214.0)
(2, 43214.0)
(3, 43214.0)
(4, 43214.0)
(5, 43214.0)
(6, 43214.0)
(7, 43214.0)
(8, 43214.0)
(9, 43214.0)
(10, 43214.0)
(11, 43214.0)
(12, 43214.0)
(13, 43214.0)
(14, 43214.0)
(15, 43214.0)
(16, 43214.0)
(17, 43214.0)
(18, 43214.0)
(19, 43214.0)
(20, 43214.0)
(21, 43214.0)
(22, 43214.0)
(23, 43214.0)
(24, 43214.0)
(25, 43214.0)
(26, 43214.0)
(27, 43214.0)
(28, 43214.0)
(29, 43214.0)
(30, 43214.0)
(31, 43214.0)
(32, 43214.0)
(33, 43214.0)
(34, 43214.0)
(35, 43214.0)
(36, 43214.0)
(37, 43214.0)
(38, 43214.0)
(39, 43214.0)
Changed value of parameter MIPGap to 0.05
   Prev: 0.0001  Min: 0.0  Max: 1e+100  Default: 0.0001
Changed value of parameter TimeLimit to 1800.0
   Prev: 1e+100  Min: 0.0  Max: 1e+100  Default: 1e+100
Changed value of parameter Method to 2
   Prev: -1  Min: -1  Max: 4  Default: -1
Changed value of parameter MIPFocus to 1
   Prev: 0  Min: 0  Max: 3  Default: 0
Optimize a model with 5188 rows, 25784 columns and 51568 nonzeros
Variable types: 0 continuous, 25784 integer (25784 binary)
Coefficient statistics:
  Matrix range     [1e+00, 2e+01]
  Objective range  [2e+01, 2e+02]
  Bounds range     [1e+00, 1e+00]
  RHS range        [8e+01, 8e+01]
Found heuristic solution: objective 0
Presolve time: 0.07s
Presolved: 5188 rows, 25784 columns, 51568 nonzeros
Variable types: 0 continuous, 25784 integer (25784 binary)
Presolved: 5188 rows, 25784 columns, 51568 nonzeros

Root barrier log...

Ordering time: 0.10s

Barrier statistics:
 AA' NZ     : 2.578e+04
 Factor NZ  : 1.606e+05 (roughly 14 MBytes of memory)
 Factor Ops : 3.021e+07 (less than 1 second per iteration)
 Threads    : 1

                  Objective                Residual
Iter       Primal          Dual         Primal    Dual     Compl     Time
   0  -5.95740230e+05 -3.13135340e+06  1.57e+02 1.42e-14  7.43e+02     0s
   1  -1.03059846e+05 -2.64168049e+06  1.18e+00 6.96e+00  6.69e+01     0s
   2  -8.12651110e+04 -3.71454899e+05  4.44e-16 6.25e-13  5.57e+00     0s
   3  -8.29010237e+04 -8.44787276e+04  5.55e-16 8.53e-14  3.03e-02     0s
   4  -8.40828201e+04 -8.40843985e+04  5.55e-16 8.53e-14  3.03e-05     0s
   5  -8.40840000e+04 -8.40840000e+04  7.77e-16 5.68e-14  4.37e-11     0s

Barrier solved model in 5 iterations and 0.27 seconds
Optimal objective -8.40840000e+04


Root relaxation: objective -8.408400e+04, 22399 iterations, 0.24 seconds

    Nodes    |    Current Node    |     Objective Bounds      |     Work
 Expl Unexpl |  Obj  Depth IntInf | Incumbent    BestBd   Gap | It/Node Time

*    0     0               0    -84084.00000 -84084.000  0.00%     -    0s

Explored 0 nodes (28011 simplex iterations) in 0.42 seconds
Thread count was 20 (of 20 available processors)

Solution count 2: -84084 0 
Pool objective bound -84084

Optimal solution found (tolerance 5.00e-02)
Best objective -8.408400000000e+04, best bound -8.408400000000e+04, gap 0.0000%
(0, 84084.0)
(1, 84084.0)
(2, 84084.0)
(3, 84084.0)
(4, 84084.0)
(5, 84084.0)
(6, 84084.0)
(7, 84084.0)
(8, 84084.0)
(9, 84084.0)
(10, 84084.0)
(11, 84084.0)
(12, 84084.0)
(13, 84084.0)
(14, 84084.0)
(15, 84084.0)
(16, 84084.0)
(17, 84084.0)
(18, 84084.0)
(19, 84084.0)
(20, 84084.0)
(21, 84084.0)
(22, 84084.0)
(23, 84084.0)
(24, 84084.0)
(25, 84084.0)
(26, 84084.0)
(27, 84084.0)
(28, 84084.0)
(29, 84084.0)
(30, 84084.0)
(31, 84084.0)
(32, 84084.0)
(33, 84084.0)
(34, 84084.0)
(35, 84084.0)
(36, 84084.0)
(37, 84084.0)
(38, 84084.0)
(39, 84084.0)
(0, 84084.0)
(1, 84084.0)
(2, 84084.0)
(3, 84084.0)
(4, 84084.0)
(5, 84084.0)
(6, 84084.0)
(7, 84084.0)
(8, 84084.0)
(9, 84084.0)
(10, 84084.0)
(11, 84084.0)
(12, 84084.0)
(13, 84084.0)
(14, 84084.0)
(15, 84084.0)
(16, 84084.0)
(17, 84084.0)
(18, 84084.0)
(19, 84084.0)
(20, 84084.0)
(21, 84084.0)
(22, 84084.0)
(23, 84084.0)
(24, 84084.0)
(25, 84084.0)
(26, 84084.0)
(27, 84084.0)
(28, 84084.0)
(29, 84084.0)
(30, 84084.0)
(31, 84084.0)
(32, 84084.0)
(33, 84084.0)
(34, 84084.0)
(35, 84084.0)
(36, 84084.0)
(37, 84084.0)
(38, 84084.0)
(39, 84084.0)
Changed value of parameter MIPGap to 0.05
   Prev: 0.0001  Min: 0.0  Max: 1e+100  Default: 0.0001
Changed value of parameter TimeLimit to 1800.0
   Prev: 1e+100  Min: 0.0  Max: 1e+100  Default: 1e+100
Changed value of parameter Method to 2
   Prev: -1  Min: -1  Max: 4  Default: -1
Changed value of parameter MIPFocus to 1
   Prev: 0  Min: 0  Max: 3  Default: 0
Optimize a model with 5188 rows, 25784 columns and 51568 nonzeros
Variable types: 0 continuous, 25784 integer (25784 binary)
Coefficient statistics:
  Matrix range     [1e+00, 2e+01]
  Objective range  [5e+01, 4e+02]
  Bounds range     [1e+00, 1e+00]
  RHS range        [8e+01, 8e+01]
Found heuristic solution: objective 0
Presolve time: 0.07s
Presolved: 5188 rows, 25784 columns, 51568 nonzeros
Variable types: 0 continuous, 25784 integer (25784 binary)
Presolved: 5188 rows, 25784 columns, 51568 nonzeros

Root barrier log...

Ordering time: 0.10s

Barrier statistics:
 AA' NZ     : 2.578e+04
 Factor NZ  : 1.606e+05 (roughly 14 MBytes of memory)
 Factor Ops : 3.021e+07 (less than 1 second per iteration)
 Threads    : 1

                  Objective                Residual
Iter       Primal          Dual         Primal    Dual     Compl     Time
   0  -1.46469581e+06 -7.80358567e+06  1.57e+02 5.68e-14  1.85e+03     0s
   1  -2.52897603e+05 -6.58097080e+06  1.17e+00 1.73e+01  1.67e+02     0s
   2  -1.99803329e+05 -9.17798576e+05  4.44e-16 2.13e-12  1.38e+01     0s
   3  -2.03786321e+05 -2.07663561e+05  5.55e-16 2.27e-13  7.45e-02     0s
   4  -2.06691100e+05 -2.06694979e+05  4.44e-16 1.14e-13  7.45e-05     0s
   5  -2.06694000e+05 -2.06694000e+05  8.88e-16 1.71e-13  1.07e-10     0s

Barrier solved model in 5 iterations and 0.27 seconds
Optimal objective -2.06694000e+05


Root relaxation: objective -2.066940e+05, 22400 iterations, 0.24 seconds

    Nodes    |    Current Node    |     Objective Bounds      |     Work
 Expl Unexpl |  Obj  Depth IntInf | Incumbent    BestBd   Gap | It/Node Time

*    0     0               0    -206694.0000 -206694.00  0.00%     -    0s

Explored 0 nodes (29445 simplex iterations) in 0.43 seconds
Thread count was 20 (of 20 available processors)

Solution count 2: -206694 0 
Pool objective bound -206694

Optimal solution found (tolerance 5.00e-02)
Best objective -2.066940000000e+05, best bound -2.066940000000e+05, gap 0.0000%
(0, 206694.0)
(1, 206694.0)
(2, 206694.0)
(3, 206694.0)
(4, 206694.0)
(5, 206694.0)
(6, 206694.0)
(7, 206694.0)
(8, 206694.0)
(9, 206694.0)
(10, 206694.0)
(11, 206694.0)
(12, 206694.0)
(13, 206694.0)
(14, 206694.0)
(15, 206694.0)
(16, 206694.0)
(17, 206694.0)
(18, 206694.0)
(19, 206694.0)
(20, 206694.0)
(21, 206694.0)
(22, 206694.0)
(23, 206694.0)
(24, 206694.0)
(25, 206694.0)
(26, 206694.0)
(27, 206694.0)
(28, 206694.0)
(29, 206694.0)
(30, 206694.0)
(31, 206694.0)
(32, 206694.0)
(33, 206694.0)
(34, 206694.0)
(35, 206694.0)
(36, 206694.0)
(37, 206694.0)
(38, 206694.0)
(39, 206694.0)
(0, 206694.0)
(1, 206694.0)
(2, 206694.0)
(3, 206694.0)
(4, 206694.0)
(5, 206694.0)
(6, 206694.0)
(7, 206694.0)
(8, 206694.0)
(9, 206694.0)
(10, 206694.0)
(11, 206694.0)
(12, 206694.0)
(13, 206694.0)
(14, 206694.0)
(15, 206694.0)
(16, 206694.0)
(17, 206694.0)
(18, 206694.0)
(19, 206694.0)
(20, 206694.0)
(21, 206694.0)
(22, 206694.0)
(23, 206694.0)
(24, 206694.0)
(25, 206694.0)
(26, 206694.0)
(27, 206694.0)
(28, 206694.0)
(29, 206694.0)
(30, 206694.0)
(31, 206694.0)
(32, 206694.0)
(33, 206694.0)
(34, 206694.0)
(35, 206694.0)
(36, 206694.0)
(37, 206694.0)
(38, 206694.0)
(39, 206694.0)
Changed value of parameter MIPGap to 0.05
   Prev: 0.0001  Min: 0.0  Max: 1e+100  Default: 0.0001
Changed value of parameter TimeLimit to 1800.0
   Prev: 1e+100  Min: 0.0  Max: 1e+100  Default: 1e+100
Changed value of parameter Method to 2
   Prev: -1  Min: -1  Max: 4  Default: -1
Changed value of parameter MIPFocus to 1
   Prev: 0  Min: 0  Max: 3  Default: 0
Optimize a model with 5188 rows, 25784 columns and 51568 nonzeros
Variable types: 0 continuous, 25784 integer (25784 binary)
Coefficient statistics:
  Matrix range     [1e+00, 2e+01]
  Objective range  [5e+02, 4e+03]
  Bounds range     [1e+00, 1e+00]
  RHS range        [8e+01, 8e+01]
Found heuristic solution: objective 0
Presolve time: 0.07s
Presolved: 5188 rows, 25784 columns, 51568 nonzeros
Variable types: 0 continuous, 25784 integer (25784 binary)
Presolved: 5188 rows, 25784 columns, 51568 nonzeros

Root barrier log...

Ordering time: 0.10s

Barrier statistics:
 AA' NZ     : 2.578e+04
 Factor NZ  : 1.606e+05 (roughly 14 MBytes of memory)
 Factor Ops : 3.021e+07 (less than 1 second per iteration)
 Threads    : 1

                  Objective                Residual
Iter       Primal          Dual         Primal    Dual     Compl     Time
   0  -1.44990294e+07 -7.78870697e+07  1.57e+02 4.55e-13  1.85e+04     0s
   1  -2.50052115e+06 -6.56702884e+07  1.16e+00 1.73e+02  1.66e+03     0s
   2  -1.97788828e+06 -9.11296487e+06  4.44e-16 1.36e-11  1.37e+02     0s
   3  -2.01707322e+06 -2.05543538e+06  6.66e-16 2.73e-12  7.37e-01     0s
   4  -2.04581531e+06 -2.04585369e+06  5.55e-16 1.36e-12  7.37e-04     0s
   5  -2.04584400e+06 -2.04584400e+06  5.55e-16 1.36e-12  1.06e-09     0s

Barrier solved model in 5 iterations and 0.27 seconds
Optimal objective -2.04584400e+06


Root relaxation: objective -2.045844e+06, 22397 iterations, 0.24 seconds

    Nodes    |    Current Node    |     Objective Bounds      |     Work
 Expl Unexpl |  Obj  Depth IntInf | Incumbent    BestBd   Gap | It/Node Time

*    0     0               0    -2045844.000 -2045844.0  0.00%     -    0s

Explored 0 nodes (24020 simplex iterations) in 0.38 seconds
Thread count was 20 (of 20 available processors)

Solution count 2: -2.04584e+06 0 
Pool objective bound -2.04584e+06

Optimal solution found (tolerance 5.00e-02)
Best objective -2.045844000000e+06, best bound -2.045844000000e+06, gap 0.0000%
(0, 2045844.0)
(1, 2045844.0)
(2, 2045844.0)
(3, 2045844.0)
(4, 2045844.0)
(5, 2045844.0)
(6, 2045844.0)
(7, 2045844.0)
(8, 2045844.0)
(9, 2045844.0)
(10, 2045844.0)
(11, 2045844.0)
(12, 2045844.0)
(13, 2045844.0)
(14, 2045844.0)
(15, 2045844.0)
(16, 2045844.0)
(17, 2045844.0)
(18, 2045844.0)
(19, 2045844.0)
(20, 2045844.0)
(21, 2045844.0)
(22, 2045844.0)
(23, 2045844.0)
(24, 2045844.0)
(25, 2045844.0)
(26, 2045844.0)
(27, 2045844.0)
(28, 2045844.0)
(29, 2045844.0)
(30, 2045844.0)
(31, 2045844.0)
(32, 2045844.0)
(33, 2045844.0)
(34, 2045844.0)
(35, 2045844.0)
(36, 2045844.0)
(37, 2045844.0)
(38, 2045844.0)
(39, 2045844.0)
(0, 2045844.0)
(1, 2045844.0)
(2, 2045844.0)
(3, 2045844.0)
(4, 2045844.0)
(5, 2045844.0)
(6, 2045844.0)
(7, 2045844.0)
(8, 2045844.0)
(9, 2045844.0)
(10, 2045844.0)
(11, 2045844.0)
(12, 2045844.0)
(13, 2045844.0)
(14, 2045844.0)
(15, 2045844.0)
(16, 2045844.0)
(17, 2045844.0)
(18, 2045844.0)
(19, 2045844.0)
(20, 2045844.0)
(21, 2045844.0)
(22, 2045844.0)
(23, 2045844.0)
(24, 2045844.0)
(25, 2045844.0)
(26, 2045844.0)
(27, 2045844.0)
(28, 2045844.0)
(29, 2045844.0)
(30, 2045844.0)
(31, 2045844.0)
(32, 2045844.0)
(33, 2045844.0)
(34, 2045844.0)
(35, 2045844.0)
(36, 2045844.0)
(37, 2045844.0)
(38, 2045844.0)
(39, 2045844.0)
