Changed value of parameter MIPGap to 0.05
   Prev: 0.0001  Min: 0.0  Max: 1e+100  Default: 0.0001
Changed value of parameter TimeLimit to 1800.0
   Prev: 1e+100  Min: 0.0  Max: 1e+100  Default: 1e+100
Changed value of parameter Method to 2
   Prev: -1  Min: -1  Max: 4  Default: -1
Changed value of parameter MIPFocus to 1
   Prev: 0  Min: 0  Max: 3  Default: 0
Optimize a model with 4216 rows, 6174 columns and 12348 nonzeros
Variable types: 0 continuous, 6174 integer (6174 binary)
Coefficient statistics:
  Matrix range     [1e+00, 5e+00]
  Objective range  [1e+00, 1e+00]
  Bounds range     [1e+00, 1e+00]
  RHS range        [8e+01, 8e+01]
Found heuristic solution: objective 0
Presolve removed 4148 rows and 5028 columns
Presolve time: 0.01s
Presolved: 68 rows, 1146 columns, 2195 nonzeros
Variable types: 0 continuous, 1146 integer (955 binary)
Presolved: 68 rows, 1146 columns, 2195 nonzeros

Root barrier log...

Ordering time: 0.00s

Barrier statistics:
 AA' NZ     : 1.021e+03
 Factor NZ  : 2.300e+03 (roughly 1 MByte of memory)
 Factor Ops : 1.030e+05 (less than 1 second per iteration)
 Threads    : 1

                  Objective                Residual
Iter       Primal          Dual         Primal    Dual     Compl     Time
   0  -5.18954587e+03 -3.31228566e+03  3.69e+01 4.44e-16  3.32e+00     0s
   1  -1.91067204e+03 -2.71001741e+03  2.72e+00 3.53e-01  6.24e-01     0s
   2  -1.73857449e+03 -1.90197077e+03  1.40e-01 3.30e-02  7.86e-02     0s
   3  -1.76672465e+03 -1.79998217e+03  1.52e-02 4.52e-03  1.51e-02     0s
   4  -1.77435285e+03 -1.78830132e+03  2.64e-03 1.91e-03  6.10e-03     0s
   5  -1.77615781e+03 -1.78081031e+03  5.36e-04 5.69e-04  2.02e-03     0s
   6  -1.77681076e+03 -1.77742852e+03  2.62e-05 5.85e-05  2.65e-04     0s
   7  -1.77689656e+03 -1.77690618e+03  0.00e+00 8.88e-16  4.08e-06     0s
   8  -1.77690000e+03 -1.77690000e+03  0.00e+00 1.78e-15  8.87e-12     0s

Barrier solved model in 8 iterations and 0.02 seconds
Optimal objective -1.77690000e+03


Root relaxation: objective -1.776900e+03, 317 iterations, 0.01 seconds

    Nodes    |    Current Node    |     Objective Bounds      |     Work
 Expl Unexpl |  Obj  Depth IntInf | Incumbent    BestBd   Gap | It/Node Time

     0     0 -1776.9000    0   11    0.00000 -1776.9000      -     -    0s
H    0     0                    -1771.000000 -1776.9000  0.33%     -    0s

Explored 0 nodes (377 simplex iterations) in 0.02 seconds
Thread count was 20 (of 20 available processors)

Solution count 2: -1771 0 
Pool objective bound -1776

Optimal solution found (tolerance 5.00e-02)
Best objective -1.771000000000e+03, best bound -1.776000000000e+03, gap 0.2823%
Changed value of parameter MIPGap to 0.05
   Prev: 0.0001  Min: 0.0  Max: 1e+100  Default: 0.0001
Changed value of parameter TimeLimit to 1800.0
   Prev: 1e+100  Min: 0.0  Max: 1e+100  Default: 1e+100
Changed value of parameter Method to 2
   Prev: -1  Min: -1  Max: 4  Default: -1
Changed value of parameter MIPFocus to 1
   Prev: 0  Min: 0  Max: 3  Default: 0
Optimize a model with 4216 rows, 6174 columns and 12348 nonzeros
Variable types: 0 continuous, 6174 integer (6174 binary)
Coefficient statistics:
  Matrix range     [1e+00, 5e+00]
  Objective range  [1e+00, 1e+00]
  Bounds range     [1e+00, 1e+00]
  RHS range        [8e+01, 8e+01]
Found heuristic solution: objective 0
Presolve removed 4148 rows and 5025 columns
Presolve time: 0.01s
Presolved: 68 rows, 1149 columns, 2198 nonzeros
Variable types: 0 continuous, 1149 integer (955 binary)
Presolved: 68 rows, 1149 columns, 2198 nonzeros

Root barrier log...

Ordering time: 0.00s

Barrier statistics:
 AA' NZ     : 1.021e+03
 Factor NZ  : 2.300e+03 (roughly 1 MByte of memory)
 Factor Ops : 1.030e+05 (less than 1 second per iteration)
 Threads    : 1

                  Objective                Residual
Iter       Primal          Dual         Primal    Dual     Compl     Time
   0  -5.20023993e+03 -3.40059415e+03  3.69e+01 8.88e-16  3.47e+00     0s
   1  -1.90295554e+03 -2.76793354e+03  2.68e+00 3.80e-01  6.58e-01     0s
   2  -1.73568752e+03 -1.90585228e+03  1.32e-01 3.43e-02  8.09e-02     0s
   3  -1.76699677e+03 -1.79849687e+03  1.32e-02 3.83e-03  1.42e-02     0s
   4  -1.77465873e+03 -1.78899051e+03  2.35e-03 1.88e-03  6.23e-03     0s
   5  -1.77651681e+03 -1.78092318e+03  5.96e-04 5.34e-04  1.91e-03     0s
   6  -1.77729909e+03 -1.77809969e+03  2.81e-05 7.19e-05  3.43e-04     0s
   7  -1.77742952e+03 -1.77745498e+03  0.00e+00 1.78e-15  1.08e-05     0s
   8  -1.77743872e+03 -1.77743890e+03  0.00e+00 1.78e-15  7.63e-08     0s
   9  -1.77743872e+03 -1.77743873e+03  0.00e+00 1.78e-15  7.63e-11     0s

Barrier solved model in 9 iterations and 0.01 seconds
Optimal objective -1.77743872e+03


Root relaxation: objective -1.777439e+03, 315 iterations, 0.01 seconds

    Nodes    |    Current Node    |     Objective Bounds      |     Work
 Expl Unexpl |  Obj  Depth IntInf | Incumbent    BestBd   Gap | It/Node Time

     0     0 -1777.4387    0   17    0.00000 -1777.4387      -     -    0s
H    0     0                    -1771.540250 -1777.4387  0.33%     -    0s

Explored 0 nodes (374 simplex iterations) in 0.02 seconds
Thread count was 20 (of 20 available processors)

Solution count 2: -1771.54 0 
Pool objective bound -1777.44

Optimal solution found (tolerance 5.00e-02)
Best objective -1.771540250000e+03, best bound -1.777438725000e+03, gap 0.3330%
Changed value of parameter MIPGap to 0.05
   Prev: 0.0001  Min: 0.0  Max: 1e+100  Default: 0.0001
Changed value of parameter TimeLimit to 1800.0
   Prev: 1e+100  Min: 0.0  Max: 1e+100  Default: 1e+100
Changed value of parameter Method to 2
   Prev: -1  Min: -1  Max: 4  Default: -1
Changed value of parameter MIPFocus to 1
   Prev: 0  Min: 0  Max: 3  Default: 0
Optimize a model with 4216 rows, 6174 columns and 12348 nonzeros
Variable types: 0 continuous, 6174 integer (6174 binary)
Coefficient statistics:
  Matrix range     [1e+00, 5e+00]
  Objective range  [1e+00, 1e+00]
  Bounds range     [1e+00, 1e+00]
  RHS range        [8e+01, 8e+01]
Found heuristic solution: objective 0
Presolve removed 4148 rows and 5025 columns
Presolve time: 0.01s
Presolved: 68 rows, 1149 columns, 2198 nonzeros
Variable types: 0 continuous, 1149 integer (955 binary)
Presolved: 68 rows, 1149 columns, 2198 nonzeros

Root barrier log...

Ordering time: 0.00s

Barrier statistics:
 AA' NZ     : 1.021e+03
 Factor NZ  : 2.300e+03 (roughly 1 MByte of memory)
 Factor Ops : 1.030e+05 (less than 1 second per iteration)
 Threads    : 1

                  Objective                Residual
Iter       Primal          Dual         Primal    Dual     Compl     Time
   0  -5.20260664e+03 -3.40139406e+03  3.69e+01 8.88e-16  3.47e+00     0s
   1  -1.90372252e+03 -2.76860292e+03  2.68e+00 3.80e-01  6.57e-01     0s
   2  -1.73633567e+03 -1.90581295e+03  1.32e-01 3.40e-02  8.06e-02     0s
   3  -1.76751082e+03 -1.79909355e+03  1.34e-02 3.83e-03  1.42e-02     0s
   4  -1.77506095e+03 -1.78950489e+03  2.85e-03 1.87e-03  6.31e-03     0s
   5  -1.77690597e+03 -1.78183761e+03  8.94e-04 5.28e-04  2.15e-03     0s
   6  -1.77782299e+03 -1.77846658e+03  6.66e-05 4.28e-05  2.78e-04     0s
   7  -1.77792282e+03 -1.77799792e+03  2.18e-05 1.78e-15  3.36e-05     0s
   8  -1.77797742e+03 -1.77797765e+03  4.16e-09 1.78e-15  9.97e-08     0s
   9  -1.77797745e+03 -1.77797745e+03  0.00e+00 1.78e-15  9.99e-11     0s

Barrier solved model in 9 iterations and 0.01 seconds
Optimal objective -1.77797745e+03


Root relaxation: objective -1.777977e+03, 315 iterations, 0.01 seconds

    Nodes    |    Current Node    |     Objective Bounds      |     Work
 Expl Unexpl |  Obj  Depth IntInf | Incumbent    BestBd   Gap | It/Node Time

     0     0 -1777.9775    0   14    0.00000 -1777.9775      -     -    0s
H    0     0                    -1772.080500 -1777.9775  0.33%     -    0s

Explored 0 nodes (387 simplex iterations) in 0.02 seconds
Thread count was 20 (of 20 available processors)

Solution count 2: -1772.08 0 
Pool objective bound -1777.98

Optimal solution found (tolerance 5.00e-02)
Best objective -1.772080500000e+03, best bound -1.777977450000e+03, gap 0.3328%
Changed value of parameter MIPGap to 0.05
   Prev: 0.0001  Min: 0.0  Max: 1e+100  Default: 0.0001
Changed value of parameter TimeLimit to 1800.0
   Prev: 1e+100  Min: 0.0  Max: 1e+100  Default: 1e+100
Changed value of parameter Method to 2
   Prev: -1  Min: -1  Max: 4  Default: -1
Changed value of parameter MIPFocus to 1
   Prev: 0  Min: 0  Max: 3  Default: 0
Optimize a model with 4216 rows, 6174 columns and 12348 nonzeros
Variable types: 0 continuous, 6174 integer (6174 binary)
Coefficient statistics:
  Matrix range     [1e+00, 5e+00]
  Objective range  [1e+00, 1e+00]
  Bounds range     [1e+00, 1e+00]
  RHS range        [8e+01, 8e+01]
Found heuristic solution: objective 0
Presolve removed 4148 rows and 5025 columns
Presolve time: 0.01s
Presolved: 68 rows, 1149 columns, 2198 nonzeros
Variable types: 0 continuous, 1149 integer (955 binary)
Presolved: 68 rows, 1149 columns, 2198 nonzeros

Root barrier log...

Ordering time: 0.00s

Barrier statistics:
 AA' NZ     : 1.021e+03
 Factor NZ  : 2.300e+03 (roughly 1 MByte of memory)
 Factor Ops : 1.030e+05 (less than 1 second per iteration)
 Threads    : 1

                  Objective                Residual
Iter       Primal          Dual         Primal    Dual     Compl     Time
   0  -5.20734003e+03 -3.40299389e+03  3.69e+01 4.44e-16  3.47e+00     0s
   1  -1.90525744e+03 -2.76994210e+03  2.68e+00 3.79e-01  6.57e-01     0s
   2  -1.73763439e+03 -1.90572684e+03  1.31e-01 3.34e-02  8.00e-02     0s
   3  -1.76846326e+03 -1.80245812e+03  1.37e-02 4.46e-03  1.53e-02     0s
   4  -1.77478071e+03 -1.79292085e+03  4.74e-03 2.42e-03  7.99e-03     0s
   5  -1.77734694e+03 -1.78369680e+03  1.74e-03 7.77e-04  2.80e-03     0s
   6  -1.77854578e+03 -1.78010215e+03  4.22e-04 1.35e-04  6.88e-04     0s
   7  -1.77904427e+03 -1.77914984e+03  3.76e-06 1.01e-05  4.51e-05     0s
   8  -1.77905422e+03 -1.77905654e+03  0.00e+00 1.78e-15  9.78e-07     0s
   9  -1.77905490e+03 -1.77905490e+03  0.00e+00 1.78e-15  9.78e-10     0s

Barrier solved model in 9 iterations and 0.01 seconds
Optimal objective -1.77905490e+03


Root relaxation: objective -1.779055e+03, 314 iterations, 0.01 seconds

    Nodes    |    Current Node    |     Objective Bounds      |     Work
 Expl Unexpl |  Obj  Depth IntInf | Incumbent    BestBd   Gap | It/Node Time

     0     0 -1779.0549    0   14    0.00000 -1779.0549      -     -    0s
H    0     0                    -1773.161000 -1779.0549  0.33%     -    0s

Explored 0 nodes (406 simplex iterations) in 0.02 seconds
Thread count was 20 (of 20 available processors)

Solution count 2: -1773.16 0 
Pool objective bound -1779.05

Optimal solution found (tolerance 5.00e-02)
Best objective -1.773161000000e+03, best bound -1.779054900000e+03, gap 0.3324%
Changed value of parameter MIPGap to 0.05
   Prev: 0.0001  Min: 0.0  Max: 1e+100  Default: 0.0001
Changed value of parameter TimeLimit to 1800.0
   Prev: 1e+100  Min: 0.0  Max: 1e+100  Default: 1e+100
Changed value of parameter Method to 2
   Prev: -1  Min: -1  Max: 4  Default: -1
Changed value of parameter MIPFocus to 1
   Prev: 0  Min: 0  Max: 3  Default: 0
Optimize a model with 4216 rows, 6174 columns and 12348 nonzeros
Variable types: 0 continuous, 6174 integer (6174 binary)
Coefficient statistics:
  Matrix range     [1e+00, 5e+00]
  Objective range  [1e+00, 1e+00]
  Bounds range     [1e+00, 1e+00]
  RHS range        [8e+01, 8e+01]
Found heuristic solution: objective 0
Presolve removed 4148 rows and 5025 columns
Presolve time: 0.01s
Presolved: 68 rows, 1149 columns, 2198 nonzeros
Variable types: 0 continuous, 1149 integer (955 binary)
Presolved: 68 rows, 1149 columns, 2198 nonzeros

Root barrier log...

Ordering time: 0.00s

Barrier statistics:
 AA' NZ     : 1.021e+03
 Factor NZ  : 2.300e+03 (roughly 1 MByte of memory)
 Factor Ops : 1.030e+05 (less than 1 second per iteration)
 Threads    : 1

                  Objective                Residual
Iter       Primal          Dual         Primal    Dual     Compl     Time
   0  -5.21680676e+03 -3.40619355e+03  3.69e+01 8.88e-16  3.47e+00     0s
   1  -1.90833116e+03 -2.77262216e+03  2.68e+00 3.78e-01  6.57e-01     0s
   2  -1.74024150e+03 -1.90550524e+03  1.30e-01 3.22e-02  7.87e-02     0s
   3  -1.77055416e+03 -1.80438499e+03  1.45e-02 4.28e-03  1.52e-02     0s
   4  -1.77703254e+03 -1.78942096e+03  4.82e-03 1.68e-03  5.55e-03     0s
   5  -1.77990708e+03 -1.78382365e+03  1.25e-03 4.95e-04  1.74e-03     0s
   6  -1.78104603e+03 -1.78178630e+03  1.09e-04 8.08e-05  3.22e-04     0s
   7  -1.78119995e+03 -1.78126332e+03  3.52e-06 6.26e-06  2.72e-05     0s
   8  -1.78120960e+03 -1.78121013e+03  0.00e+00 1.78e-15  2.22e-07     0s
   9  -1.78120980e+03 -1.78120980e+03  0.00e+00 1.78e-15  2.22e-10     0s

Barrier solved model in 9 iterations and 0.01 seconds
Optimal objective -1.78120980e+03


Root relaxation: objective -1.781210e+03, 314 iterations, 0.01 seconds

    Nodes    |    Current Node    |     Objective Bounds      |     Work
 Expl Unexpl |  Obj  Depth IntInf | Incumbent    BestBd   Gap | It/Node Time

     0     0 -1781.2098    0   16    0.00000 -1781.2098      -     -    0s
H    0     0                    -1775.322000 -1781.2098  0.33%     -    0s

Explored 0 nodes (366 simplex iterations) in 0.02 seconds
Thread count was 20 (of 20 available processors)

Solution count 2: -1775.32 0 
Pool objective bound -1781.21

Optimal solution found (tolerance 5.00e-02)
Best objective -1.775322000000e+03, best bound -1.781209800000e+03, gap 0.3316%
Changed value of parameter MIPGap to 0.05
   Prev: 0.0001  Min: 0.0  Max: 1e+100  Default: 0.0001
Changed value of parameter TimeLimit to 1800.0
   Prev: 1e+100  Min: 0.0  Max: 1e+100  Default: 1e+100
Changed value of parameter Method to 2
   Prev: -1  Min: -1  Max: 4  Default: -1
Changed value of parameter MIPFocus to 1
   Prev: 0  Min: 0  Max: 3  Default: 0
Optimize a model with 4216 rows, 6174 columns and 12348 nonzeros
Variable types: 0 continuous, 6174 integer (6174 binary)
Coefficient statistics:
  Matrix range     [1e+00, 5e+00]
  Objective range  [1e+00, 1e+00]
  Bounds range     [1e+00, 1e+00]
  RHS range        [8e+01, 8e+01]
Found heuristic solution: objective 0
Presolve removed 4148 rows and 5025 columns
Presolve time: 0.01s
Presolved: 68 rows, 1149 columns, 2198 nonzeros
Variable types: 0 continuous, 1149 integer (955 binary)
Presolved: 68 rows, 1149 columns, 2198 nonzeros

Root barrier log...

Ordering time: 0.00s

Barrier statistics:
 AA' NZ     : 1.021e+03
 Factor NZ  : 2.300e+03 (roughly 1 MByte of memory)
 Factor Ops : 1.030e+05 (less than 1 second per iteration)
 Threads    : 1

                  Objective                Residual
Iter       Primal          Dual         Primal    Dual     Compl     Time
   0  -5.22154010e+03 -3.40779338e+03  3.69e+01 4.44e-16  3.47e+00     0s
   1  -1.90986997e+03 -2.77396303e+03  2.67e+00 3.77e-01  6.56e-01     0s
   2  -1.74155028e+03 -1.90536804e+03  1.29e-01 3.17e-02  7.80e-02     0s
   3  -1.77160250e+03 -1.80522484e+03  1.48e-02 4.15e-03  1.52e-02     0s
   4  -1.77821684e+03 -1.79040314e+03  4.72e-03 1.65e-03  5.46e-03     0s
   5  -1.78099249e+03 -1.78483043e+03  1.25e-03 4.76e-04  1.71e-03     0s
   6  -1.78213273e+03 -1.78288034e+03  9.81e-05 8.28e-05  3.24e-04     0s
   7  -1.78227807e+03 -1.78233907e+03  2.61e-06 5.81e-06  2.62e-05     0s
   8  -1.78228713e+03 -1.78228745e+03  0.00e+00 1.78e-15  1.32e-07     0s
   9  -1.78228725e+03 -1.78228725e+03  0.00e+00 1.78e-15  1.32e-10     0s

Barrier solved model in 9 iterations and 0.01 seconds
Optimal objective -1.78228725e+03


Root relaxation: objective -1.782287e+03, 313 iterations, 0.01 seconds

    Nodes    |    Current Node    |     Objective Bounds      |     Work
 Expl Unexpl |  Obj  Depth IntInf | Incumbent    BestBd   Gap | It/Node Time

     0     0 -1782.2873    0   14    0.00000 -1782.2873      -     -    0s
H    0     0                    -1776.402500 -1782.2873  0.33%     -    0s

Explored 0 nodes (399 simplex iterations) in 0.02 seconds
Thread count was 20 (of 20 available processors)

Solution count 2: -1776.4 0 
Pool objective bound -1782.29

Optimal solution found (tolerance 5.00e-02)
Best objective -1.776402500000e+03, best bound -1.782287250000e+03, gap 0.3313%
Changed value of parameter MIPGap to 0.05
   Prev: 0.0001  Min: 0.0  Max: 1e+100  Default: 0.0001
Changed value of parameter TimeLimit to 1800.0
   Prev: 1e+100  Min: 0.0  Max: 1e+100  Default: 1e+100
Changed value of parameter Method to 2
   Prev: -1  Min: -1  Max: 4  Default: -1
Changed value of parameter MIPFocus to 1
   Prev: 0  Min: 0  Max: 3  Default: 0
Optimize a model with 4216 rows, 6174 columns and 12348 nonzeros
Variable types: 0 continuous, 6174 integer (6174 binary)
Coefficient statistics:
  Matrix range     [1e+00, 5e+00]
  Objective range  [1e+00, 1e+00]
  Bounds range     [1e+00, 1e+00]
  RHS range        [8e+01, 8e+01]
Found heuristic solution: objective 0
Presolve removed 4148 rows and 5025 columns
Presolve time: 0.01s
Presolved: 68 rows, 1149 columns, 2198 nonzeros
Variable types: 0 continuous, 1149 integer (955 binary)
Presolved: 68 rows, 1149 columns, 2198 nonzeros

Root barrier log...

Ordering time: 0.00s

Barrier statistics:
 AA' NZ     : 1.021e+03
 Factor NZ  : 2.300e+03 (roughly 1 MByte of memory)
 Factor Ops : 1.030e+05 (less than 1 second per iteration)
 Threads    : 1

                  Objective                Residual
Iter       Primal          Dual         Primal    Dual     Compl     Time
   0  -5.24520648e+03 -3.41579254e+03  3.69e+01 4.44e-16  3.47e+00     0s
   1  -1.91758341e+03 -2.78067596e+03  2.67e+00 3.74e-01  6.55e-01     0s
   2  -1.74814113e+03 -1.90431944e+03  1.26e-01 2.86e-02  7.45e-02     0s
   3  -1.77687307e+03 -1.80987912e+03  1.58e-02 3.37e-03  1.49e-02     0s
   4  -1.78399400e+03 -1.79553713e+03  4.20e-03 1.41e-03  5.15e-03     0s
   5  -1.78635863e+03 -1.78994045e+03  1.30e-03 3.73e-04  1.60e-03     0s
   6  -1.78751215e+03 -1.78852662e+03  1.01e-04 1.17e-04  4.38e-04     0s
   7  -1.78766657e+03 -1.78770331e+03  0.00e+00 1.94e-06  1.57e-05     0s
   8  -1.78767449e+03 -1.78767452e+03  0.00e+00 1.78e-15  1.60e-08     0s
   9  -1.78767450e+03 -1.78767450e+03  0.00e+00 1.78e-15  1.60e-11     0s

Barrier solved model in 9 iterations and 0.02 seconds
Optimal objective -1.78767450e+03


Root relaxation: objective -1.787675e+03, 313 iterations, 0.01 seconds

    Nodes    |    Current Node    |     Objective Bounds      |     Work
 Expl Unexpl |  Obj  Depth IntInf | Incumbent    BestBd   Gap | It/Node Time

     0     0 -1787.6745    0   14    0.00000 -1787.6745      -     -    0s
H    0     0                    -1781.805000 -1787.6745  0.33%     -    0s

Explored 0 nodes (397 simplex iterations) in 0.02 seconds
Thread count was 20 (of 20 available processors)

Solution count 2: -1781.8 0 
Pool objective bound -1787.67

Optimal solution found (tolerance 5.00e-02)
Best objective -1.781805000000e+03, best bound -1.787670000000e+03, gap 0.3292%
Changed value of parameter MIPGap to 0.05
   Prev: 0.0001  Min: 0.0  Max: 1e+100  Default: 0.0001
Changed value of parameter TimeLimit to 1800.0
   Prev: 1e+100  Min: 0.0  Max: 1e+100  Default: 1e+100
Changed value of parameter Method to 2
   Prev: -1  Min: -1  Max: 4  Default: -1
Changed value of parameter MIPFocus to 1
   Prev: 0  Min: 0  Max: 3  Default: 0
Optimize a model with 4216 rows, 6174 columns and 12348 nonzeros
Variable types: 0 continuous, 6174 integer (6174 binary)
Coefficient statistics:
  Matrix range     [1e+00, 5e+00]
  Objective range  [1e+00, 1e+00]
  Bounds range     [1e+00, 1e+00]
  RHS range        [8e+01, 8e+01]
Found heuristic solution: objective 0
Presolve removed 4148 rows and 5025 columns
Presolve time: 0.01s
Presolved: 68 rows, 1149 columns, 2198 nonzeros
Variable types: 0 continuous, 1149 integer (955 binary)
Presolved: 68 rows, 1149 columns, 2198 nonzeros

Root barrier log...

Ordering time: 0.00s

Barrier statistics:
 AA' NZ     : 1.021e+03
 Factor NZ  : 2.300e+03 (roughly 1 MByte of memory)
 Factor Ops : 1.030e+05 (less than 1 second per iteration)
 Threads    : 1

                  Objective                Residual
Iter       Primal          Dual         Primal    Dual     Compl     Time
   0  -5.29253779e+03 -3.43179084e+03  3.69e+01 8.88e-16  3.47e+00     0s
   1  -1.93310766e+03 -2.79414483e+03  2.65e+00 3.68e-01  6.53e-01     0s
   2  -1.76217495e+03 -1.91705900e+03  8.67e-02 2.18e-02  7.15e-02     0s
   3  -1.78778102e+03 -1.81550283e+03  1.42e-02 9.05e-04  1.26e-02     0s
   4  -1.79470726e+03 -1.80468587e+03  3.29e-03 6.36e-04  4.44e-03     0s
   5  -1.79655800e+03 -1.80040744e+03  1.61e-03 9.12e-05  1.73e-03     0s
   6  -1.79764311e+03 -1.79914614e+03  6.50e-04 2.34e-05  6.79e-04     0s
   7  -1.79836189e+03 -1.79874662e+03  5.29e-05 5.04e-06  1.67e-04     0s
   8  -1.79844825e+03 -1.79845053e+03  0.00e+00 1.78e-15  9.81e-07     0s
   9  -1.79844900e+03 -1.79844900e+03  0.00e+00 1.78e-15  9.81e-10     0s

Barrier solved model in 9 iterations and 0.01 seconds
Optimal objective -1.79844900e+03


Root relaxation: objective -1.798449e+03, 313 iterations, 0.01 seconds

    Nodes    |    Current Node    |     Objective Bounds      |     Work
 Expl Unexpl |  Obj  Depth IntInf | Incumbent    BestBd   Gap | It/Node Time

     0     0 -1798.4490    0   16    0.00000 -1798.4490      -     -    0s
H    0     0                    -1792.610000 -1798.4490  0.33%     -    0s

Explored 0 nodes (397 simplex iterations) in 0.02 seconds
Thread count was 20 (of 20 available processors)

Solution count 2: -1792.61 0 
Pool objective bound -1798.44

Optimal solution found (tolerance 5.00e-02)
Best objective -1.792610000000e+03, best bound -1.798440000000e+03, gap 0.3252%
Changed value of parameter MIPGap to 0.05
   Prev: 0.0001  Min: 0.0  Max: 1e+100  Default: 0.0001
Changed value of parameter TimeLimit to 1800.0
   Prev: 1e+100  Min: 0.0  Max: 1e+100  Default: 1e+100
Changed value of parameter Method to 2
   Prev: -1  Min: -1  Max: 4  Default: -1
Changed value of parameter MIPFocus to 1
   Prev: 0  Min: 0  Max: 3  Default: 0
Optimize a model with 4216 rows, 6174 columns and 12348 nonzeros
Variable types: 0 continuous, 6174 integer (6174 binary)
Coefficient statistics:
  Matrix range     [1e+00, 5e+00]
  Objective range  [1e+00, 1e+00]
  Bounds range     [1e+00, 1e+00]
  RHS range        [8e+01, 8e+01]
Found heuristic solution: objective 0
Presolve removed 4148 rows and 5025 columns
Presolve time: 0.01s
Presolved: 68 rows, 1149 columns, 2198 nonzeros
Variable types: 0 continuous, 1149 integer (955 binary)
Presolved: 68 rows, 1149 columns, 2198 nonzeros

Root barrier log...

Ordering time: 0.00s

Barrier statistics:
 AA' NZ     : 1.021e+03
 Factor NZ  : 2.300e+03 (roughly 1 MByte of memory)
 Factor Ops : 1.030e+05 (less than 1 second per iteration)
 Threads    : 1

                  Objective                Residual
Iter       Primal          Dual         Primal    Dual     Compl     Time
   0  -5.38719452e+03 -3.46378746e+03  3.69e+01 4.44e-16  3.47e+00     0s
   1  -1.96454695e+03 -2.82125780e+03  2.60e+00 3.56e-01  6.48e-01     0s
   2  -1.79010873e+03 -1.94912534e+03  7.68e-02 1.93e-02  7.27e-02     0s
   3  -1.81419256e+03 -1.84570150e+03  1.42e-02 3.56e-04  1.42e-02     0s
   4  -1.81829195e+03 -1.82792653e+03  5.77e-03 1.78e-15  4.43e-03     0s
   5  -1.82020244e+03 -1.82528071e+03  3.61e-03 1.78e-15  2.37e-03     0s
   6  -1.82195708e+03 -1.82374787e+03  1.39e-03 1.78e-15  8.45e-04     0s
   7  -1.82293223e+03 -1.82316242e+03  2.20e-04 2.66e-15  1.11e-04     0s
   8  -1.82311185e+03 -1.82315579e+03  1.66e-05 1.78e-15  1.96e-05     0s
   9  -1.82312953e+03 -1.82313015e+03  0.00e+00 1.78e-15  2.62e-07     0s
  10  -1.82313000e+03 -1.82313000e+03  0.00e+00 1.78e-15  2.16e-12     0s

Barrier solved model in 10 iterations and 0.01 seconds
Optimal objective -1.82313000e+03


Root relaxation: objective -1.823130e+03, 523 iterations, 0.01 seconds

    Nodes    |    Current Node    |     Objective Bounds      |     Work
 Expl Unexpl |  Obj  Depth IntInf | Incumbent    BestBd   Gap | It/Node Time

     0     0 -1823.1300    0   28    0.00000 -1823.1300      -     -    0s
H    0     0                    -1812.900000 -1823.1300  0.56%     -    0s

Explored 0 nodes (711 simplex iterations) in 0.03 seconds
Thread count was 20 (of 20 available processors)

Solution count 2: -1812.9 0 
Pool objective bound -1823.1

Optimal solution found (tolerance 5.00e-02)
Best objective -1.812900000000e+03, best bound -1.823100000000e+03, gap 0.5626%
Changed value of parameter MIPGap to 0.05
   Prev: 0.0001  Min: 0.0  Max: 1e+100  Default: 0.0001
Changed value of parameter TimeLimit to 1800.0
   Prev: 1e+100  Min: 0.0  Max: 1e+100  Default: 1e+100
Changed value of parameter Method to 2
   Prev: -1  Min: -1  Max: 4  Default: -1
Changed value of parameter MIPFocus to 1
   Prev: 0  Min: 0  Max: 3  Default: 0
Optimize a model with 4216 rows, 6174 columns and 12348 nonzeros
Variable types: 0 continuous, 6174 integer (6174 binary)
Coefficient statistics:
  Matrix range     [1e+00, 5e+00]
  Objective range  [1e+00, 1e+00]
  Bounds range     [1e+00, 1e+00]
  RHS range        [8e+01, 8e+01]
Found heuristic solution: objective 0
Presolve removed 4148 rows and 5025 columns
Presolve time: 0.01s
Presolved: 68 rows, 1149 columns, 2198 nonzeros
Variable types: 0 continuous, 1149 integer (955 binary)
Presolved: 68 rows, 1149 columns, 2198 nonzeros

Root barrier log...

Ordering time: 0.00s

Barrier statistics:
 AA' NZ     : 1.021e+03
 Factor NZ  : 2.300e+03 (roughly 1 MByte of memory)
 Factor Ops : 1.030e+05 (less than 1 second per iteration)
 Threads    : 1

                  Objective                Residual
Iter       Primal          Dual         Primal    Dual     Compl     Time
   0  -5.43451994e+03 -3.47978576e+03  3.69e+01 4.44e-16  3.47e+00     0s
   1  -1.98046265e+03 -2.83490367e+03  2.58e+00 3.50e-01  6.45e-01     0s
   2  -1.80480166e+03 -1.96190858e+03  7.50e-02 1.86e-02  7.17e-02     0s
   3  -1.82928735e+03 -1.85756295e+03  1.47e-02 4.44e-15  1.29e-02     0s
   4  -1.83248457e+03 -1.84563253e+03  8.98e-03 1.78e-15  6.11e-03     0s
   5  -1.83594392e+03 -1.84137027e+03  4.31e-03 1.78e-15  2.56e-03     0s
   6  -1.83777715e+03 -1.83994906e+03  1.75e-03 1.78e-15  1.03e-03     0s
   7  -1.83870761e+03 -1.83913614e+03  4.73e-04 1.78e-15  2.11e-04     0s
   8  -1.83899098e+03 -1.83907987e+03  2.17e-05 1.78e-15  3.91e-05     0s
   9  -1.83903649e+03 -1.83903909e+03  0.00e+00 1.78e-15  1.10e-06     0s
  10  -1.83903750e+03 -1.83903750e+03  0.00e+00 1.78e-15  5.69e-11     0s

Barrier solved model in 10 iterations and 0.01 seconds
Optimal objective -1.83903750e+03


Root relaxation: objective -1.839038e+03, 523 iterations, 0.01 seconds

    Nodes    |    Current Node    |     Objective Bounds      |     Work
 Expl Unexpl |  Obj  Depth IntInf | Incumbent    BestBd   Gap | It/Node Time

     0     0 -1839.0375    0   33    0.00000 -1839.0375      -     -    0s
H    0     0                    -1828.250000 -1839.0375  0.59%     -    0s

Explored 0 nodes (661 simplex iterations) in 0.03 seconds
Thread count was 20 (of 20 available processors)

Solution count 2: -1828.25 0 
Pool objective bound -1839.03

Optimal solution found (tolerance 5.00e-02)
Best objective -1.828250000000e+03, best bound -1.839025000000e+03, gap 0.5894%
Changed value of parameter MIPGap to 0.05
   Prev: 0.0001  Min: 0.0  Max: 1e+100  Default: 0.0001
Changed value of parameter TimeLimit to 1800.0
   Prev: 1e+100  Min: 0.0  Max: 1e+100  Default: 1e+100
Changed value of parameter Method to 2
   Prev: -1  Min: -1  Max: 4  Default: -1
Changed value of parameter MIPFocus to 1
   Prev: 0  Min: 0  Max: 3  Default: 0
Optimize a model with 4216 rows, 6174 columns and 12348 nonzeros
Variable types: 0 continuous, 6174 integer (6174 binary)
Coefficient statistics:
  Matrix range     [1e+00, 5e+00]
  Objective range  [1e+00, 2e+00]
  Bounds range     [1e+00, 1e+00]
  RHS range        [8e+01, 8e+01]
Found heuristic solution: objective 0
Presolve removed 4148 rows and 5025 columns
Presolve time: 0.01s
Presolved: 68 rows, 1149 columns, 2198 nonzeros
Variable types: 0 continuous, 1149 integer (955 binary)
Presolved: 68 rows, 1149 columns, 2198 nonzeros

Root barrier log...

Ordering time: 0.00s

Barrier statistics:
 AA' NZ     : 1.021e+03
 Factor NZ  : 2.300e+03 (roughly 1 MByte of memory)
 Factor Ops : 1.030e+05 (less than 1 second per iteration)
 Threads    : 1

                  Objective                Residual
Iter       Primal          Dual         Primal    Dual     Compl     Time
   0  -5.67111764e+03 -3.55977730e+03  3.69e+01 8.88e-16  3.46e+00     0s
   1  -2.06204914e+03 -2.91056842e+03  2.48e+00 3.28e-01  6.34e-01     0s
   2  -1.87924125e+03 -2.03639977e+03  4.96e-02 1.79e-02  7.01e-02     0s
   3  -1.90847414e+03 -1.94070160e+03  1.10e-02 1.78e-15  1.43e-02     0s
   4  -1.91268940e+03 -1.92314184e+03  3.59e-03 1.78e-15  4.66e-03     0s
   5  -1.91735918e+03 -1.92094120e+03  9.94e-04 1.78e-15  1.58e-03     0s
   6  -1.91851135e+03 -1.91972234e+03  3.27e-05 1.78e-15  5.16e-04     0s
   7  -1.91876582e+03 -1.91904098e+03  0.00e+00 1.78e-15  1.17e-04     0s
   8  -1.91880229e+03 -1.91894546e+03  0.00e+00 1.78e-15  6.06e-05     0s
   9  -1.91884137e+03 -1.91886372e+03  0.00e+00 1.78e-15  9.46e-06     0s
  10  -1.91884428e+03 -1.91884530e+03  0.00e+00 1.78e-15  4.30e-07     0s
  11  -1.91884500e+03 -1.91884500e+03  0.00e+00 1.78e-15  4.68e-10     0s

Barrier solved model in 11 iterations and 0.02 seconds
Optimal objective -1.91884500e+03


Root relaxation: objective -1.918845e+03, 562 iterations, 0.01 seconds

    Nodes    |    Current Node    |     Objective Bounds      |     Work
 Expl Unexpl |  Obj  Depth IntInf | Incumbent    BestBd   Gap | It/Node Time

     0     0 -1918.8450    0   33    0.00000 -1918.8450      -     -    0s
H    0     0                    -1907.250000 -1918.8450  0.61%     -    0s

Explored 0 nodes (706 simplex iterations) in 0.03 seconds
Thread count was 20 (of 20 available processors)

Solution count 2: -1907.25 0 
Pool objective bound -1918.8

Optimal solution found (tolerance 5.00e-02)
Best objective -1.907250000000e+03, best bound -1.918800000000e+03, gap 0.6056%
Changed value of parameter MIPGap to 0.05
   Prev: 0.0001  Min: 0.0  Max: 1e+100  Default: 0.0001
Changed value of parameter TimeLimit to 1800.0
   Prev: 1e+100  Min: 0.0  Max: 1e+100  Default: 1e+100
Changed value of parameter Method to 2
   Prev: -1  Min: -1  Max: 4  Default: -1
Changed value of parameter MIPFocus to 1
   Prev: 0  Min: 0  Max: 3  Default: 0
Optimize a model with 4216 rows, 6174 columns and 12348 nonzeros
Variable types: 0 continuous, 6174 integer (6174 binary)
Coefficient statistics:
  Matrix range     [1e+00, 5e+00]
  Objective range  [1e+00, 3e+00]
  Bounds range     [1e+00, 1e+00]
  RHS range        [8e+01, 8e+01]
Found heuristic solution: objective 0
Presolve removed 4148 rows and 5025 columns
Presolve time: 0.01s
Presolved: 68 rows, 1149 columns, 2198 nonzeros
Variable types: 0 continuous, 1149 integer (955 binary)
Presolved: 68 rows, 1149 columns, 2198 nonzeros

Root barrier log...

Ordering time: 0.00s

Barrier statistics:
 AA' NZ     : 1.021e+03
 Factor NZ  : 2.300e+03 (roughly 1 MByte of memory)
 Factor Ops : 1.030e+05 (less than 1 second per iteration)
 Threads    : 1

                  Objective                Residual
Iter       Primal          Dual         Primal    Dual     Compl     Time
   0  -6.14416570e+03 -3.71976036e+03  3.68e+01 4.44e-16  3.45e+00     0s
   1  -2.23499798e+03 -3.07170967e+03  2.26e+00 3.10e-01  6.11e-01     0s
   2  -2.05621805e+03 -2.19057024e+03  1.05e-02 1.18e-02  5.77e-02     0s
   3  -2.07362879e+03 -2.09566694e+03  2.64e-03 2.66e-15  9.52e-03     0s
   4  -2.07662584e+03 -2.08774984e+03  1.39e-03 1.78e-15  4.81e-03     0s
   5  -2.07970325e+03 -2.08462170e+03  7.38e-04 1.78e-15  2.14e-03     0s
   6  -2.08105277e+03 -2.08339555e+03  4.01e-04 1.78e-15  1.02e-03     0s
   7  -2.08166494e+03 -2.08286895e+03  2.46e-04 1.78e-15  5.29e-04     0s
   8  -2.08254718e+03 -2.08268682e+03  2.32e-05 1.78e-15  6.13e-05     0s
   9  -2.08265487e+03 -2.08265509e+03  0.00e+00 1.78e-15  9.53e-08     0s
  10  -2.08265500e+03 -2.08265500e+03  0.00e+00 1.78e-15  9.63e-14     0s

Barrier solved model in 10 iterations and 0.02 seconds
Optimal objective -2.08265500e+03


Root relaxation: objective -2.082655e+03, 704 iterations, 0.01 seconds

    Nodes    |    Current Node    |     Objective Bounds      |     Work
 Expl Unexpl |  Obj  Depth IntInf | Incumbent    BestBd   Gap | It/Node Time

     0     0 -2082.6550    0   29    0.00000 -2082.6550      -     -    0s
H    0     0                    -2068.200000 -2082.6550  0.70%     -    0s

Explored 0 nodes (813 simplex iterations) in 0.03 seconds
Thread count was 20 (of 20 available processors)

Solution count 2: -2068.2 0 
Pool objective bound -2082.6

Optimal solution found (tolerance 5.00e-02)
Best objective -2.068200000000e+03, best bound -2.082600000000e+03, gap 0.6963%
Changed value of parameter MIPGap to 0.05
   Prev: 0.0001  Min: 0.0  Max: 1e+100  Default: 0.0001
Changed value of parameter TimeLimit to 1800.0
   Prev: 1e+100  Min: 0.0  Max: 1e+100  Default: 1e+100
Changed value of parameter Method to 2
   Prev: -1  Min: -1  Max: 4  Default: -1
Changed value of parameter MIPFocus to 1
   Prev: 0  Min: 0  Max: 3  Default: 0
Optimize a model with 4216 rows, 6174 columns and 12348 nonzeros
Variable types: 0 continuous, 6174 integer (6174 binary)
Coefficient statistics:
  Matrix range     [1e+00, 5e+00]
  Objective range  [1e+00, 4e+00]
  Bounds range     [1e+00, 1e+00]
  RHS range        [8e+01, 8e+01]
Found heuristic solution: objective 0
Presolve removed 4148 rows and 5025 columns
Presolve time: 0.01s
Presolved: 68 rows, 1149 columns, 2198 nonzeros
Variable types: 0 continuous, 1149 integer (955 binary)
Presolved: 68 rows, 1149 columns, 2198 nonzeros

Root barrier log...

Ordering time: 0.00s

Barrier statistics:
 AA' NZ     : 1.021e+03
 Factor NZ  : 2.300e+03 (roughly 1 MByte of memory)
 Factor Ops : 1.030e+05 (less than 1 second per iteration)
 Threads    : 1

                  Objective                Residual
Iter       Primal          Dual         Primal    Dual     Compl     Time
   0  -7.09382571e+03 -4.38975336e+03  3.69e+01 8.88e-16  4.08e+00     0s
   1  -2.56949864e+03 -3.64462116e+03  1.63e+00 3.87e-01  6.82e-01     0s
   2  -2.47618615e+03 -2.63205813e+03  1.81e-02 2.49e-02  6.77e-02     0s
   3  -2.51137012e+03 -2.55574204e+03  4.23e-03 1.57e-03  1.91e-02     0s
   4  -2.51644908e+03 -2.52692821e+03  7.48e-05 1.78e-15  4.47e-03     0s
   5  -2.52039040e+03 -2.52088989e+03  0.00e+00 1.78e-15  2.14e-04     0s
   6  -2.52059943e+03 -2.52060083e+03  0.00e+00 1.78e-15  6.03e-07     0s
   7  -2.52060000e+03 -2.52060000e+03  0.00e+00 1.78e-15  8.76e-13     0s

Barrier solved model in 7 iterations and 0.01 seconds
Optimal objective -2.52060000e+03


Root relaxation: objective -2.520600e+03, 867 iterations, 0.01 seconds

    Nodes    |    Current Node    |     Objective Bounds      |     Work
 Expl Unexpl |  Obj  Depth IntInf | Incumbent    BestBd   Gap | It/Node Time

     0     0 -2520.6000    0   22    0.00000 -2520.6000      -     -    0s
H    0     0                    -2511.000000 -2520.6000  0.38%     -    0s

Explored 0 nodes (1019 simplex iterations) in 0.03 seconds
Thread count was 20 (of 20 available processors)

Solution count 2: -2511 0 
Pool objective bound -2520.6

Optimal solution found (tolerance 5.00e-02)
Best objective -2.511000000000e+03, best bound -2.520600000000e+03, gap 0.3823%
Changed value of parameter MIPGap to 0.05
   Prev: 0.0001  Min: 0.0  Max: 1e+100  Default: 0.0001
Changed value of parameter TimeLimit to 1800.0
   Prev: 1e+100  Min: 0.0  Max: 1e+100  Default: 1e+100
Changed value of parameter Method to 2
   Prev: -1  Min: -1  Max: 4  Default: -1
Changed value of parameter MIPFocus to 1
   Prev: 0  Min: 0  Max: 3  Default: 0
Optimize a model with 4216 rows, 6174 columns and 12348 nonzeros
Variable types: 0 continuous, 6174 integer (6174 binary)
Coefficient statistics:
  Matrix range     [1e+00, 5e+00]
  Objective range  [1e+00, 5e+00]
  Bounds range     [1e+00, 1e+00]
  RHS range        [8e+01, 8e+01]
Found heuristic solution: objective 0
Presolve removed 4148 rows and 5025 columns
Presolve time: 0.01s
Presolved: 68 rows, 1149 columns, 2198 nonzeros
Variable types: 0 continuous, 1149 integer (955 binary)
Presolved: 68 rows, 1149 columns, 2198 nonzeros

Root barrier log...

Ordering time: 0.00s

Barrier statistics:
 AA' NZ     : 1.021e+03
 Factor NZ  : 2.300e+03 (roughly 1 MByte of memory)
 Factor Ops : 1.030e+05 (less than 1 second per iteration)
 Threads    : 1

                  Objective                Residual
Iter       Primal          Dual         Primal    Dual     Compl     Time
   0  -7.57214584e+03 -5.14988439e+03  3.69e+01 4.44e-16  5.20e+00     0s
   1  -2.71049110e+03 -4.21847552e+03  1.29e+00 5.64e-01  8.73e-01     0s
   2  -2.68323642e+03 -2.88096281e+03  6.84e-03 3.73e-02  8.45e-02     0s
   3  -2.73629136e+03 -2.77093944e+03  9.52e-04 1.78e-15  1.47e-02     0s
   4  -2.74250413e+03 -2.75071992e+03  0.00e+00 1.78e-15  3.48e-03     0s
   5  -2.74575065e+03 -2.74696619e+03  0.00e+00 1.78e-15  5.16e-04     0s
   6  -2.74618093e+03 -2.74627848e+03  0.00e+00 1.78e-15  4.12e-05     0s
   7  -2.74624999e+03 -2.74625010e+03  0.00e+00 1.78e-15  4.57e-08     0s
   8  -2.74625000e+03 -2.74625000e+03  0.00e+00 1.78e-15  1.47e-13     0s

Barrier solved model in 8 iterations and 0.01 seconds
Optimal objective -2.74625000e+03


Root relaxation: objective -2.746250e+03, 870 iterations, 0.01 seconds

    Nodes    |    Current Node    |     Objective Bounds      |     Work
 Expl Unexpl |  Obj  Depth IntInf | Incumbent    BestBd   Gap | It/Node Time

     0     0 -2746.2500    0   22    0.00000 -2746.2500      -     -    0s
H    0     0                    -2737.500000 -2746.2500  0.32%     -    0s

Explored 0 nodes (983 simplex iterations) in 0.02 seconds
Thread count was 20 (of 20 available processors)

Solution count 2: -2737.5 0 
Pool objective bound -2746.25

Optimal solution found (tolerance 5.00e-02)
Best objective -2.737500000000e+03, best bound -2.746250000000e+03, gap 0.3196%
Changed value of parameter MIPGap to 0.05
   Prev: 0.0001  Min: 0.0  Max: 1e+100  Default: 0.0001
Changed value of parameter TimeLimit to 1800.0
   Prev: 1e+100  Min: 0.0  Max: 1e+100  Default: 1e+100
Changed value of parameter Method to 2
   Prev: -1  Min: -1  Max: 4  Default: -1
Changed value of parameter MIPFocus to 1
   Prev: 0  Min: 0  Max: 3  Default: 0
Optimize a model with 4216 rows, 6174 columns and 12348 nonzeros
Variable types: 0 continuous, 6174 integer (6174 binary)
Coefficient statistics:
  Matrix range     [1e+00, 5e+00]
  Objective range  [2e+00, 9e+00]
  Bounds range     [1e+00, 1e+00]
  RHS range        [8e+01, 8e+01]
Found heuristic solution: objective 0
Presolve removed 4148 rows and 5025 columns
Presolve time: 0.01s
Presolved: 68 rows, 1149 columns, 2198 nonzeros
Variable types: 0 continuous, 1149 integer (955 binary)
Presolved: 68 rows, 1149 columns, 2198 nonzeros

Root barrier log...

Ordering time: 0.00s

Barrier statistics:
 AA' NZ     : 1.021e+03
 Factor NZ  : 2.300e+03 (roughly 1 MByte of memory)
 Factor Ops : 1.030e+05 (less than 1 second per iteration)
 Threads    : 1

                  Objective                Residual
Iter       Primal          Dual         Primal    Dual     Compl     Time
   0  -9.95501686e+03 -8.95053953e+03  3.69e+01 1.78e-15  1.08e+01     0s
   1  -3.58308249e+03 -7.10974873e+03  7.39e-01 1.47e+00  1.84e+00     0s
   2  -3.73702968e+03 -4.14925974e+03  0.00e+00 1.02e-01  1.75e-01     0s
   3  -3.86281734e+03 -3.92334023e+03  0.00e+00 7.49e-03  2.56e-02     0s
   4  -3.86563763e+03 -3.87861087e+03  0.00e+00 3.55e-15  5.49e-03     0s
   5  -3.87435864e+03 -3.87498464e+03  0.00e+00 3.55e-15  2.65e-04     0s
   6  -3.87450000e+03 -3.87450001e+03  0.00e+00 3.55e-15  3.97e-09     0s

Barrier solved model in 6 iterations and 0.01 seconds
Optimal objective -3.87450000e+03


Root relaxation: objective -3.874500e+03, 866 iterations, 0.01 seconds

    Nodes    |    Current Node    |     Objective Bounds      |     Work
 Expl Unexpl |  Obj  Depth IntInf | Incumbent    BestBd   Gap | It/Node Time

     0     0 -3874.5000    0   22    0.00000 -3874.5000      -     -    0s
H    0     0                    -3862.500000 -3874.5000  0.31%     -    0s

Explored 0 nodes (1083 simplex iterations) in 0.03 seconds
Thread count was 20 (of 20 available processors)

Solution count 2: -3862.5 0 
Pool objective bound -3874.5

Optimal solution found (tolerance 5.00e-02)
Best objective -3.862500000000e+03, best bound -3.874500000000e+03, gap 0.3107%
Changed value of parameter MIPGap to 0.05
   Prev: 0.0001  Min: 0.0  Max: 1e+100  Default: 0.0001
Changed value of parameter TimeLimit to 1800.0
   Prev: 1e+100  Min: 0.0  Max: 1e+100  Default: 1e+100
Changed value of parameter Method to 2
   Prev: -1  Min: -1  Max: 4  Default: -1
Changed value of parameter MIPFocus to 1
   Prev: 0  Min: 0  Max: 3  Default: 0
Optimize a model with 4216 rows, 6174 columns and 12348 nonzeros
Variable types: 0 continuous, 6174 integer (6174 binary)
Coefficient statistics:
  Matrix range     [1e+00, 5e+00]
  Objective range  [2e+00, 2e+01]
  Bounds range     [1e+00, 1e+00]
  RHS range        [8e+01, 8e+01]
Found heuristic solution: objective 0
Presolve removed 4148 rows and 5025 columns
Presolve time: 0.01s
Presolved: 68 rows, 1149 columns, 2198 nonzeros
Variable types: 0 continuous, 1149 integer (955 binary)
Presolved: 68 rows, 1149 columns, 2198 nonzeros

Root barrier log...

Ordering time: 0.00s

Barrier statistics:
 AA' NZ     : 1.021e+03
 Factor NZ  : 2.300e+03 (roughly 1 MByte of memory)
 Factor Ops : 1.030e+05 (less than 1 second per iteration)
 Threads    : 1

                  Objective                Residual
Iter       Primal          Dual         Primal    Dual     Compl     Time
   0  -1.47124602e+04 -1.65518498e+04  3.70e+01 3.55e-15  2.19e+01     0s
   1  -5.47457246e+03 -1.29095086e+04  4.43e-01 3.28e+00  3.74e+00     0s
   2  -5.84328643e+03 -6.58320415e+03  0.00e+00 1.99e-01  3.16e-01     0s
   3  -6.09869891e+03 -6.19977632e+03  0.00e+00 9.42e-03  4.28e-02     0s
   4  -6.11484410e+03 -6.14089386e+03  0.00e+00 7.11e-15  1.10e-02     0s
   5  -6.12987695e+03 -6.13308039e+03  0.00e+00 3.55e-15  1.35e-03     0s
   6  -6.13097889e+03 -6.13101536e+03  0.00e+00 3.55e-15  1.54e-05     0s
   7  -6.13100000e+03 -6.13100000e+03  0.00e+00 3.55e-15  2.40e-11     0s

Barrier solved model in 7 iterations and 0.01 seconds
Optimal objective -6.13100000e+03


Root relaxation: objective -6.131000e+03, 867 iterations, 0.01 seconds

    Nodes    |    Current Node    |     Objective Bounds      |     Work
 Expl Unexpl |  Obj  Depth IntInf | Incumbent    BestBd   Gap | It/Node Time

     0     0 -6131.0000    0   24    0.00000 -6131.0000      -     -    0s
H    0     0                    -6115.000000 -6131.0000  0.26%     -    0s

Explored 0 nodes (1084 simplex iterations) in 0.03 seconds
Thread count was 20 (of 20 available processors)

Solution count 2: -6115 0 
Pool objective bound -6131

Optimal solution found (tolerance 5.00e-02)
Best objective -6.115000000000e+03, best bound -6.131000000000e+03, gap 0.2617%
Changed value of parameter MIPGap to 0.05
   Prev: 0.0001  Min: 0.0  Max: 1e+100  Default: 0.0001
Changed value of parameter TimeLimit to 1800.0
   Prev: 1e+100  Min: 0.0  Max: 1e+100  Default: 1e+100
Changed value of parameter Method to 2
   Prev: -1  Min: -1  Max: 4  Default: -1
Changed value of parameter MIPFocus to 1
   Prev: 0  Min: 0  Max: 3  Default: 0
Optimize a model with 4216 rows, 6174 columns and 12348 nonzeros
Variable types: 0 continuous, 6174 integer (6174 binary)
Coefficient statistics:
  Matrix range     [1e+00, 5e+00]
  Objective range  [3e+00, 3e+01]
  Bounds range     [1e+00, 1e+00]
  RHS range        [8e+01, 8e+01]
Found heuristic solution: objective 0
Presolve removed 4148 rows and 5025 columns
Presolve time: 0.01s
Presolved: 68 rows, 1149 columns, 2198 nonzeros
Variable types: 0 continuous, 1149 integer (955 binary)
Presolved: 68 rows, 1149 columns, 2198 nonzeros

Root barrier log...

Ordering time: 0.00s

Barrier statistics:
 AA' NZ     : 1.021e+03
 Factor NZ  : 2.300e+03 (roughly 1 MByte of memory)
 Factor Ops : 1.030e+05 (less than 1 second per iteration)
 Threads    : 1

                  Objective                Residual
Iter       Primal          Dual         Primal    Dual     Compl     Time
   0  -2.42233758e+04 -3.17544704e+04  3.70e+01 7.11e-15  4.41e+01     0s
   1  -9.33874948e+03 -2.45164455e+04  3.04e-01 6.93e+00  7.54e+00     0s
   2  -1.01035397e+04 -1.14375780e+04  0.00e+00 3.60e-01  5.72e-01     0s
   3  -1.05713829e+04 -1.08000009e+04  0.00e+00 3.63e-02  9.68e-02     0s
   4  -1.06213330e+04 -1.06622896e+04  0.00e+00 1.42e-14  1.73e-02     0s
   5  -1.06388053e+04 -1.06478725e+04  0.00e+00 7.11e-15  3.83e-03     0s
   6  -1.06439374e+04 -1.06442670e+04  0.00e+00 7.11e-15  1.39e-04     0s
   7  -1.06440000e+04 -1.06440000e+04  0.00e+00 1.42e-14  8.20e-09     0s

Barrier solved model in 7 iterations and 0.01 seconds
Optimal objective -1.06440000e+04


Root relaxation: objective -1.064400e+04, 868 iterations, 0.01 seconds

    Nodes    |    Current Node    |     Objective Bounds      |     Work
 Expl Unexpl |  Obj  Depth IntInf | Incumbent    BestBd   Gap | It/Node Time

     0     0 -10644.000    0   20    0.00000 -10644.000      -     -    0s
H    0     0                    -10623.00000 -10644.000  0.20%     -    0s

Explored 0 nodes (1101 simplex iterations) in 0.03 seconds
Thread count was 20 (of 20 available processors)

Solution count 2: -10623 0 
Pool objective bound -10644

Optimal solution found (tolerance 5.00e-02)
Best objective -1.062300000000e+04, best bound -1.064400000000e+04, gap 0.1977%
Changed value of parameter MIPGap to 0.05
   Prev: 0.0001  Min: 0.0  Max: 1e+100  Default: 0.0001
Changed value of parameter TimeLimit to 1800.0
   Prev: 1e+100  Min: 0.0  Max: 1e+100  Default: 1e+100
Changed value of parameter Method to 2
   Prev: -1  Min: -1  Max: 4  Default: -1
Changed value of parameter MIPFocus to 1
   Prev: 0  Min: 0  Max: 3  Default: 0
Optimize a model with 4216 rows, 6174 columns and 12348 nonzeros
Variable types: 0 continuous, 6174 integer (6174 binary)
Coefficient statistics:
  Matrix range     [1e+00, 5e+00]
  Objective range  [4e+00, 4e+01]
  Bounds range     [1e+00, 1e+00]
  RHS range        [8e+01, 8e+01]
Found heuristic solution: objective 0
Presolve removed 4148 rows and 5025 columns
Presolve time: 0.01s
Presolved: 68 rows, 1149 columns, 2198 nonzeros
Variable types: 0 continuous, 1149 integer (955 binary)
Presolved: 68 rows, 1149 columns, 2198 nonzeros

Root barrier log...

Ordering time: 0.00s

Barrier statistics:
 AA' NZ     : 1.021e+03
 Factor NZ  : 2.300e+03 (roughly 1 MByte of memory)
 Factor Ops : 1.030e+05 (less than 1 second per iteration)
 Threads    : 1

                  Objective                Residual
Iter       Primal          Dual         Primal    Dual     Compl     Time
   0  -2.89784442e+04 -3.93557807e+04  3.70e+01 7.11e-15  5.52e+01     0s
   1  -1.12791698e+04 -3.03205787e+04  2.75e-01 8.75e+00  9.43e+00     0s
   2  -1.22402034e+04 -1.38620107e+04  0.00e+00 4.38e-01  6.96e-01     0s
   3  -1.28101968e+04 -1.30897217e+04  0.00e+00 4.53e-02  1.18e-01     0s
   4  -1.28735058e+04 -1.29246327e+04  0.00e+00 2.13e-14  2.16e-02     0s
   5  -1.28895614e+04 -1.29083106e+04  0.00e+00 1.42e-14  7.93e-03     0s
   6  -1.29002387e+04 -1.29018344e+04  0.00e+00 1.42e-14  6.74e-04     0s
   7  -1.29004990e+04 -1.29005017e+04  0.00e+00 1.42e-14  1.14e-06     0s
   8  -1.29005000e+04 -1.29005000e+04  0.00e+00 2.13e-14  1.23e-12     0s

Barrier solved model in 8 iterations and 0.01 seconds
Optimal objective -1.29005000e+04


Root relaxation: objective -1.290050e+04, 867 iterations, 0.01 seconds

    Nodes    |    Current Node    |     Objective Bounds      |     Work
 Expl Unexpl |  Obj  Depth IntInf | Incumbent    BestBd   Gap | It/Node Time

     0     0 -12900.500    0   22    0.00000 -12900.500      -     -    0s
H    0     0                    -12872.50000 -12900.500  0.22%     -    0s

Explored 0 nodes (1058 simplex iterations) in 0.03 seconds
Thread count was 20 (of 20 available processors)

Solution count 2: -12872.5 0 
Pool objective bound -12900.5

Optimal solution found (tolerance 5.00e-02)
Best objective -1.287250000000e+04, best bound -1.290050000000e+04, gap 0.2175%
Changed value of parameter MIPGap to 0.05
   Prev: 0.0001  Min: 0.0  Max: 1e+100  Default: 0.0001
Changed value of parameter TimeLimit to 1800.0
   Prev: 1e+100  Min: 0.0  Max: 1e+100  Default: 1e+100
Changed value of parameter Method to 2
   Prev: -1  Min: -1  Max: 4  Default: -1
Changed value of parameter MIPFocus to 1
   Prev: 0  Min: 0  Max: 3  Default: 0
Optimize a model with 4216 rows, 6174 columns and 12348 nonzeros
Variable types: 0 continuous, 6174 integer (6174 binary)
Coefficient statistics:
  Matrix range     [1e+00, 5e+00]
  Objective range  [6e+00, 8e+01]
  Bounds range     [1e+00, 1e+00]
  RHS range        [8e+01, 8e+01]
Found heuristic solution: objective 0
Presolve removed 4148 rows and 5025 columns
Presolve time: 0.01s
Presolved: 68 rows, 1149 columns, 2198 nonzeros
Variable types: 0 continuous, 1149 integer (955 binary)
Presolved: 68 rows, 1149 columns, 2198 nonzeros

Root barrier log...

Ordering time: 0.00s

Barrier statistics:
 AA' NZ     : 1.021e+03
 Factor NZ  : 2.300e+03 (roughly 1 MByte of memory)
 Factor Ops : 1.030e+05 (less than 1 second per iteration)
 Threads    : 1

                  Objective                Residual
Iter       Primal          Dual         Primal    Dual     Compl     Time
   0  -5.27530153e+04 -7.73623321e+04  3.70e+01 1.42e-14  1.11e+02     0s
   1  -2.09979018e+04 -5.93425803e+04  2.22e-01 1.79e+01  1.89e+01     0s
   2  -2.29391474e+04 -2.59775429e+04  0.00e+00 8.19e-01  1.31e+00     0s
   3  -2.39960737e+04 -2.45189116e+04  0.00e+00 7.82e-02  2.22e-01     0s
   4  -2.41269567e+04 -2.42374473e+04  0.00e+00 2.84e-14  4.67e-02     0s
   5  -2.41651956e+04 -2.42026736e+04  0.00e+00 2.84e-14  1.58e-02     0s
   6  -2.41824537e+04 -2.41848292e+04  0.00e+00 2.84e-14  1.00e-03     0s
   7  -2.41829985e+04 -2.41830017e+04  0.00e+00 2.84e-14  1.35e-06     0s
   8  -2.41830000e+04 -2.41830000e+04  0.00e+00 2.84e-14  1.38e-12     0s

Barrier solved model in 8 iterations and 0.01 seconds
Optimal objective -2.41830000e+04


Root relaxation: objective -2.418300e+04, 866 iterations, 0.01 seconds

    Nodes    |    Current Node    |     Objective Bounds      |     Work
 Expl Unexpl |  Obj  Depth IntInf | Incumbent    BestBd   Gap | It/Node Time

     0     0 -24183.000    0   18    0.00000 -24183.000      -     -    0s
H    0     0                    -24135.00000 -24183.000  0.20%     -    0s

Explored 0 nodes (1140 simplex iterations) in 0.03 seconds
Thread count was 20 (of 20 available processors)

Solution count 2: -24135 0 
Pool objective bound -24183

Optimal solution found (tolerance 5.00e-02)
Best objective -2.413500000000e+04, best bound -2.418300000000e+04, gap 0.1989%
Changed value of parameter MIPGap to 0.05
   Prev: 0.0001  Min: 0.0  Max: 1e+100  Default: 0.0001
Changed value of parameter TimeLimit to 1800.0
   Prev: 1e+100  Min: 0.0  Max: 1e+100  Default: 1e+100
Changed value of parameter Method to 2
   Prev: -1  Min: -1  Max: 4  Default: -1
Changed value of parameter MIPFocus to 1
   Prev: 0  Min: 0  Max: 3  Default: 0
Optimize a model with 4216 rows, 6174 columns and 12348 nonzeros
Variable types: 0 continuous, 6174 integer (6174 binary)
Coefficient statistics:
  Matrix range     [1e+00, 5e+00]
  Objective range  [1e+01, 2e+02]
  Bounds range     [1e+00, 1e+00]
  RHS range        [8e+01, 8e+01]
Found heuristic solution: objective 0
Presolve removed 4148 rows and 5025 columns
Presolve time: 0.01s
Presolved: 68 rows, 1149 columns, 2198 nonzeros
Variable types: 0 continuous, 1149 integer (955 binary)
Presolved: 68 rows, 1149 columns, 2198 nonzeros

Root barrier log...

Ordering time: 0.00s

Barrier statistics:
 AA' NZ     : 1.021e+03
 Factor NZ  : 2.300e+03 (roughly 1 MByte of memory)
 Factor Ops : 1.030e+05 (less than 1 second per iteration)
 Threads    : 1

                  Objective                Residual
Iter       Primal          Dual         Primal    Dual     Compl     Time
   0  -1.00301390e+05 -1.53375435e+05  3.70e+01 2.84e-14  2.22e+02     0s
   1  -4.04521840e+04 -1.17387989e+05  1.95e-01 3.61e+01  3.78e+01     0s
   2  -4.43539798e+04 -5.02070144e+04  0.00e+00 1.57e+00  2.52e+00     0s
   3  -4.63890514e+04 -4.74039494e+04  0.00e+00 1.43e-01  4.30e-01     0s
   4  -4.66388502e+04 -4.68541545e+04  0.00e+00 5.68e-14  9.10e-02     0s
   5  -4.67187942e+04 -4.67867392e+04  0.00e+00 5.68e-14  2.87e-02     0s
   6  -4.67470166e+04 -4.67509393e+04  0.00e+00 5.68e-14  1.66e-03     0s
   7  -4.67479993e+04 -4.67480015e+04  0.00e+00 5.68e-14  9.56e-07     0s
   8  -4.67480000e+04 -4.67480000e+04  0.00e+00 5.68e-14  9.79e-13     0s

Barrier solved model in 8 iterations and 0.01 seconds
Optimal objective -4.67480000e+04


Root relaxation: objective -4.674800e+04, 868 iterations, 0.01 seconds

    Nodes    |    Current Node    |     Objective Bounds      |     Work
 Expl Unexpl |  Obj  Depth IntInf | Incumbent    BestBd   Gap | It/Node Time

     0     0 -46748.000    0   26    0.00000 -46748.000      -     -    0s
H    0     0                    -46660.00000 -46748.000  0.19%     -    0s

Explored 0 nodes (1048 simplex iterations) in 0.03 seconds
Thread count was 20 (of 20 available processors)

Solution count 2: -46660 0 
Pool objective bound -46748

Optimal solution found (tolerance 5.00e-02)
Best objective -4.666000000000e+04, best bound -4.674800000000e+04, gap 0.1886%
Changed value of parameter MIPGap to 0.05
   Prev: 0.0001  Min: 0.0  Max: 1e+100  Default: 0.0001
Changed value of parameter TimeLimit to 1800.0
   Prev: 1e+100  Min: 0.0  Max: 1e+100  Default: 1e+100
Changed value of parameter Method to 2
   Prev: -1  Min: -1  Max: 4  Default: -1
Changed value of parameter MIPFocus to 1
   Prev: 0  Min: 0  Max: 3  Default: 0
Optimize a model with 4216 rows, 6174 columns and 12348 nonzeros
Variable types: 0 continuous, 6174 integer (6174 binary)
Coefficient statistics:
  Matrix range     [1e+00, 5e+00]
  Objective range  [3e+01, 4e+02]
  Bounds range     [1e+00, 1e+00]
  RHS range        [8e+01, 8e+01]
Found heuristic solution: objective 0
Presolve removed 4148 rows and 5025 columns
Presolve time: 0.01s
Presolved: 68 rows, 1149 columns, 2198 nonzeros
Variable types: 0 continuous, 1149 integer (955 binary)
Presolved: 68 rows, 1149 columns, 2198 nonzeros

Root barrier log...

Ordering time: 0.00s

Barrier statistics:
 AA' NZ     : 1.021e+03
 Factor NZ  : 2.300e+03 (roughly 1 MByte of memory)
 Factor Ops : 1.030e+05 (less than 1 second per iteration)
 Threads    : 1

                  Objective                Residual
Iter       Primal          Dual         Primal    Dual     Compl     Time
   0  -2.42945904e+05 -3.81414744e+05  3.70e+01 5.68e-14  5.55e+02     0s
   1  -9.88284763e+04 -2.91525275e+05  1.79e-01 9.08e+01  9.46e+01     0s
   2  -1.08613301e+05 -1.22903650e+05  0.00e+00 3.84e+00  6.15e+00     0s
   3  -1.13603100e+05 -1.16019339e+05  0.00e+00 3.42e-01  1.02e+00     0s
   4  -1.14183250e+05 -1.14731039e+05  0.00e+00 1.71e-13  2.32e-01     0s
   5  -1.14360402e+05 -1.14545346e+05  0.00e+00 1.14e-13  7.82e-02     0s
   6  -1.14439818e+05 -1.14451531e+05  0.00e+00 1.14e-13  4.95e-03     0s
   7  -1.14442990e+05 -1.14443014e+05  0.00e+00 1.71e-13  1.03e-05     0s
   8  -1.14443000e+05 -1.14443000e+05  0.00e+00 1.14e-13  1.06e-11     0s

Barrier solved model in 8 iterations and 0.01 seconds
Optimal objective -1.14443000e+05


Root relaxation: objective -1.144430e+05, 868 iterations, 0.01 seconds

    Nodes    |    Current Node    |     Objective Bounds      |     Work
 Expl Unexpl |  Obj  Depth IntInf | Incumbent    BestBd   Gap | It/Node Time

     0     0 -114443.00    0   22    0.00000 -114443.00      -     -    0s
H    0     0                    -114235.0000 -114443.00  0.18%     -    0s

Explored 0 nodes (1081 simplex iterations) in 0.03 seconds
Thread count was 20 (of 20 available processors)

Solution count 2: -114235 0 
Pool objective bound -114443

Optimal solution found (tolerance 5.00e-02)
Best objective -1.142350000000e+05, best bound -1.144430000000e+05, gap 0.1821%
Changed value of parameter MIPGap to 0.05
   Prev: 0.0001  Min: 0.0  Max: 1e+100  Default: 0.0001
Changed value of parameter TimeLimit to 1800.0
   Prev: 1e+100  Min: 0.0  Max: 1e+100  Default: 1e+100
Changed value of parameter Method to 2
   Prev: -1  Min: -1  Max: 4  Default: -1
Changed value of parameter MIPFocus to 1
   Prev: 0  Min: 0  Max: 3  Default: 0
Optimize a model with 4216 rows, 6174 columns and 12348 nonzeros
Variable types: 0 continuous, 6174 integer (6174 binary)
Coefficient statistics:
  Matrix range     [1e+00, 5e+00]
  Objective range  [3e+02, 4e+03]
  Bounds range     [1e+00, 1e+00]
  RHS range        [8e+01, 8e+01]
Found heuristic solution: objective 0
Presolve removed 4148 rows and 5025 columns
Presolve time: 0.01s
Presolved: 68 rows, 1149 columns, 2198 nonzeros
Variable types: 0 continuous, 1149 integer (955 binary)
Presolved: 68 rows, 1149 columns, 2198 nonzeros

Root barrier log...

Ordering time: 0.00s

Barrier statistics:
 AA' NZ     : 1.021e+03
 Factor NZ  : 2.300e+03 (roughly 1 MByte of memory)
 Factor Ops : 1.030e+05 (less than 1 second per iteration)
 Threads    : 1

                  Objective                Residual
Iter       Primal          Dual         Primal    Dual     Compl     Time
   0  -2.38261141e+06 -3.80200437e+06  3.70e+01 9.09e-13  5.56e+03     0s
   1  -9.74521362e+05 -2.90358820e+06  1.69e-01 9.11e+02  9.47e+02     0s
   2  -1.07256043e+06 -1.21352014e+06  0.00e+00 3.79e+01  6.07e+01     0s
   3  -1.12155352e+06 -1.14536858e+06  0.00e+00 3.38e+00  1.01e+01     0s
   4  -1.12729570e+06 -1.13284993e+06  0.00e+00 1.36e-12  2.35e+00     0s
   5  -1.12906989e+06 -1.13093933e+06  0.00e+00 9.09e-13  7.90e-01     0s
   6  -1.12983578e+06 -1.12995791e+06  0.00e+00 1.36e-12  5.16e-02     0s
   7  -1.12986788e+06 -1.12986817e+06  0.00e+00 1.36e-12  1.23e-04     0s
   8  -1.12986800e+06 -1.12986800e+06  0.00e+00 9.09e-13  1.27e-10     0s

Barrier solved model in 8 iterations and 0.01 seconds
Optimal objective -1.12986800e+06


Root relaxation: objective -1.129868e+06, 867 iterations, 0.01 seconds

    Nodes    |    Current Node    |     Objective Bounds      |     Work
 Expl Unexpl |  Obj  Depth IntInf | Incumbent    BestBd   Gap | It/Node Time

     0     0 -1129868.0    0   18    0.00000 -1129868.0      -     -    0s
H    0     0                    -1128111.000 -1129868.0  0.16%     -    0s

Explored 0 nodes (1126 simplex iterations) in 0.03 seconds
Thread count was 20 (of 20 available processors)

Solution count 2: -1.12811e+06 0 
Pool objective bound -1.12987e+06

Optimal solution found (tolerance 5.00e-02)
Best objective -1.128111000000e+06, best bound -1.129868000000e+06, gap 0.1557%
