Changed value of parameter MIPGap to 0.05
   Prev: 0.0001  Min: 0.0  Max: 1e+100  Default: 0.0001
Changed value of parameter TimeLimit to 1800.0
   Prev: 1e+100  Min: 0.0  Max: 1e+100  Default: 1e+100
Changed value of parameter Method to 2
   Prev: -1  Min: -1  Max: 4  Default: -1
Changed value of parameter MIPFocus to 1
   Prev: 0  Min: 0  Max: 3  Default: 0
Optimize a model with 3610 rows, 5265 columns and 10530 nonzeros
Variable types: 0 continuous, 5265 integer (5265 binary)
Coefficient statistics:
  Matrix range     [1e+00, 5e+00]
  Objective range  [1e+00, 1e+00]
  Bounds range     [1e+00, 1e+00]
  RHS range        [8e+01, 8e+01]
Found heuristic solution: objective 0
Presolve removed 3562 rows and 4736 columns
Presolve time: 0.01s
Presolved: 48 rows, 529 columns, 999 nonzeros
Variable types: 0 continuous, 529 integer (432 binary)
Presolved: 48 rows, 529 columns, 999 nonzeros

Root barrier log...

Ordering time: 0.00s

Barrier statistics:
 AA' NZ     : 4.550e+02
 Factor NZ  : 1.176e+03
 Factor Ops : 3.802e+04 (less than 1 second per iteration)
 Threads    : 1

                  Objective                Residual
Iter       Primal          Dual         Primal    Dual     Compl     Time
   0  -2.58021670e+03 -2.59707512e+03  1.84e+01 4.44e-16  2.82e+00     0s
   1  -1.68034208e+03 -2.11182459e+03  1.21e+00 3.44e-01  5.69e-01     0s
   2  -1.64998215e+03 -1.72706441e+03  2.95e-02 3.28e-02  7.42e-02     0s
   3  -1.66511016e+03 -1.68562905e+03  1.19e-02 5.34e-03  1.98e-02     0s
   4  -1.67174252e+03 -1.67828526e+03  2.35e-03 1.26e-03  6.25e-03     0s
   5  -1.67369266e+03 -1.67585227e+03  7.19e-04 1.62e-04  2.07e-03     0s
   6  -1.67457367e+03 -1.67536818e+03  8.39e-05 8.45e-05  7.36e-04     0s
   7  -1.67477611e+03 -1.67481739e+03  0.00e+00 8.88e-16  3.85e-05     0s
   8  -1.67479999e+03 -1.67480000e+03  3.79e-10 1.78e-15  1.37e-08     0s
   9  -1.67480000e+03 -1.67480000e+03  0.00e+00 1.78e-15  1.37e-11     0s

Barrier solved model in 9 iterations and 0.01 seconds
Optimal objective -1.67480000e+03


Root relaxation: objective -1.674800e+03, 46 iterations, 0.00 seconds

    Nodes    |    Current Node    |     Objective Bounds      |     Work
 Expl Unexpl |  Obj  Depth IntInf | Incumbent    BestBd   Gap | It/Node Time

     0     0 -1674.8000    0   20    0.00000 -1674.8000      -     -    0s
H    0     0                    -1668.000000 -1674.8000  0.41%     -    0s

Explored 0 nodes (73 simplex iterations) in 0.02 seconds
Thread count was 20 (of 20 available processors)

Solution count 2: -1668 0 
Pool objective bound -1674

Optimal solution found (tolerance 5.00e-02)
Best objective -1.668000000000e+03, best bound -1.674000000000e+03, gap 0.3597%
(0, 1554.0)
(1, 1561.0)
(2, 1566.0)
(3, 1553.0)
(4, 1549.0)
(5, 1572.0)
(6, 1564.0)
(7, 1567.0)
(8, 1553.0)
(9, 1551.0)
(10, 1555.0)
(11, 1547.0)
(12, 1553.0)
(13, 1572.0)
(14, 1573.0)
(15, 1558.0)
(16, 1557.0)
(17, 1539.0)
(18, 1569.0)
(19, 1568.0)
(20, 1566.0)
(21, 1550.0)
(22, 1570.0)
(23, 1563.0)
(24, 1548.0)
(25, 1551.0)
(26, 1558.0)
(27, 1564.0)
(28, 1566.0)
(29, 1565.0)
(30, 1559.0)
(31, 1555.0)
(32, 1546.0)
(33, 1556.0)
(34, 1555.0)
(35, 1558.0)
(36, 1566.0)
(37, 1556.0)
(38, 1575.0)
(39, 1555.0)
(0, 1588.0)
(1, 1594.0)
(2, 1588.0)
(3, 1594.0)
(4, 1590.0)
(5, 1595.0)
(6, 1590.0)
(7, 1589.0)
(8, 1596.0)
(9, 1595.0)
(10, 1600.0)
(11, 1593.0)
(12, 1595.0)
(13, 1590.0)
(14, 1585.0)
(15, 1591.0)
(16, 1596.0)
(17, 1592.0)
(18, 1594.0)
(19, 1594.0)
(20, 1590.0)
(21, 1594.0)
(22, 1591.0)
(23, 1590.0)
(24, 1592.0)
(25, 1589.0)
(26, 1585.0)
(27, 1587.0)
(28, 1595.0)
(29, 1587.0)
(30, 1591.0)
(31, 1589.0)
(32, 1591.0)
(33, 1593.0)
(34, 1587.0)
(35, 1590.0)
(36, 1592.0)
(37, 1587.0)
(38, 1594.0)
(39, 1589.0)
Changed value of parameter MIPGap to 0.05
   Prev: 0.0001  Min: 0.0  Max: 1e+100  Default: 0.0001
Changed value of parameter TimeLimit to 1800.0
   Prev: 1e+100  Min: 0.0  Max: 1e+100  Default: 1e+100
Changed value of parameter Method to 2
   Prev: -1  Min: -1  Max: 4  Default: -1
Changed value of parameter MIPFocus to 1
   Prev: 0  Min: 0  Max: 3  Default: 0
Optimize a model with 3610 rows, 5265 columns and 10530 nonzeros
Variable types: 0 continuous, 5265 integer (5265 binary)
Coefficient statistics:
  Matrix range     [1e+00, 5e+00]
  Objective range  [1e+00, 1e+00]
  Bounds range     [1e+00, 1e+00]
  RHS range        [8e+01, 8e+01]
Found heuristic solution: objective 0
Presolve removed 3562 rows and 4721 columns
Presolve time: 0.01s
Presolved: 48 rows, 544 columns, 1015 nonzeros
Variable types: 0 continuous, 544 integer (433 binary)
Presolved: 48 rows, 544 columns, 1015 nonzeros

Root barrier log...

Ordering time: 0.00s

Barrier statistics:
 AA' NZ     : 4.550e+02
 Factor NZ  : 1.176e+03
 Factor Ops : 3.802e+04 (less than 1 second per iteration)
 Threads    : 1

                  Objective                Residual
Iter       Primal          Dual         Primal    Dual     Compl     Time
   0  -2.60126653e+03 -2.63529224e+03  1.83e+01 8.88e-16  2.84e+00     0s
   1  -1.68230747e+03 -2.12545969e+03  1.25e+00 3.48e-01  5.76e-01     0s
   2  -1.65074405e+03 -1.72789749e+03  2.21e-02 3.39e-02  7.18e-02     0s
   3  -1.66620259e+03 -1.68653211e+03  9.80e-03 5.40e-03  1.90e-02     0s
   4  -1.67258957e+03 -1.67932085e+03  1.92e-03 1.24e-03  6.25e-03     0s
   5  -1.67423184e+03 -1.67682077e+03  1.00e-03 6.89e-05  2.45e-03     0s
   6  -1.67527501e+03 -1.67628878e+03  3.97e-04 3.61e-06  9.58e-04     0s
   7  -1.67572600e+03 -1.67599372e+03  1.23e-04 8.88e-16  2.58e-04     0s
   8  -1.67595824e+03 -1.67596078e+03  8.29e-07 8.88e-16  2.39e-06     0s
   9  -1.67596010e+03 -1.67596010e+03  0.00e+00 8.88e-16  2.39e-09     0s

Barrier solved model in 9 iterations and 0.01 seconds
Optimal objective -1.67596010e+03


Root relaxation: objective -1.675960e+03, 46 iterations, 0.00 seconds

    Nodes    |    Current Node    |     Objective Bounds      |     Work
 Expl Unexpl |  Obj  Depth IntInf | Incumbent    BestBd   Gap | It/Node Time

     0     0 -1675.9601    0   19    0.00000 -1675.9601      -     -    0s
H    0     0                    -1668.159000 -1675.9601  0.47%     -    0s

Explored 0 nodes (71 simplex iterations) in 0.01 seconds
Thread count was 20 (of 20 available processors)

Solution count 2: -1668.16 0 
Pool objective bound -1675.96

Optimal solution found (tolerance 5.00e-02)
Best objective -1.668159000000e+03, best bound -1.675960100000e+03, gap 0.4676%
(0, 1553.1015000000436)
(1, 1527.088500000041)
(2, 1547.098500000043)
(3, 1558.1040000000442)
(4, 1546.0980000000429)
(5, 1531.0905000000414)
(6, 1541.0955000000424)
(7, 1539.0945000000422)
(8, 1552.1010000000435)
(9, 1537.093500000042)
(10, 1539.0945000000422)
(11, 1555.1025000000438)
(12, 1539.0945000000422)
(13, 1581.1155000000465)
(14, 1545.0975000000428)
(15, 1543.0965000000426)
(16, 1550.1000000000433)
(17, 1541.0955000000424)
(18, 1544.0970000000427)
(19, 1546.0980000000429)
(20, 1540.0950000000423)
(21, 1553.1015000000436)
(22, 1546.0980000000429)
(23, 1567.1085000000451)
(24, 1543.0965000000426)
(25, 1547.098500000043)
(26, 1540.0950000000423)
(27, 1542.0960000000425)
(28, 1538.0940000000421)
(29, 1538.0940000000421)
(30, 1544.0970000000427)
(31, 1541.0955000000424)
(32, 1553.1015000000436)
(33, 1542.0960000000425)
(34, 1543.0965000000426)
(35, 1566.108000000045)
(36, 1561.1055000000445)
(37, 1538.0940000000421)
(38, 1544.0970000000427)
(39, 1551.1005000000434)
(0, 1589.1195000000473)
(1, 1588.1190000000472)
(2, 1581.1155000000465)
(3, 1593.1215000000477)
(4, 1586.118000000047)
(5, 1591.1205000000475)
(6, 1589.1195000000473)
(7, 1590.1200000000474)
(8, 1584.1170000000468)
(9, 1582.1160000000466)
(10, 1585.1175000000469)
(11, 1587.1185000000471)
(12, 1591.1205000000475)
(13, 1588.1190000000472)
(14, 1589.1195000000473)
(15, 1591.1205000000475)
(16, 1586.118000000047)
(17, 1588.1190000000472)
(18, 1591.1205000000475)
(19, 1590.1200000000474)
(20, 1591.1205000000475)
(21, 1592.1210000000476)
(22, 1586.118000000047)
(23, 1588.1190000000472)
(24, 1584.1170000000468)
(25, 1587.1185000000471)
(26, 1591.1205000000475)
(27, 1592.1210000000476)
(28, 1591.1205000000475)
(29, 1594.1220000000478)
(30, 1588.1190000000472)
(31, 1591.1205000000475)
(32, 1593.1215000000477)
(33, 1587.1185000000471)
(34, 1596.123000000048)
(35, 1584.1170000000468)
(36, 1588.1190000000472)
(37, 1590.1200000000474)
(38, 1587.1185000000471)
(39, 1588.1190000000472)
Changed value of parameter MIPGap to 0.05
   Prev: 0.0001  Min: 0.0  Max: 1e+100  Default: 0.0001
Changed value of parameter TimeLimit to 1800.0
   Prev: 1e+100  Min: 0.0  Max: 1e+100  Default: 1e+100
Changed value of parameter Method to 2
   Prev: -1  Min: -1  Max: 4  Default: -1
Changed value of parameter MIPFocus to 1
   Prev: 0  Min: 0  Max: 3  Default: 0
Optimize a model with 3610 rows, 5265 columns and 10530 nonzeros
Variable types: 0 continuous, 5265 integer (5265 binary)
Coefficient statistics:
  Matrix range     [1e+00, 5e+00]
  Objective range  [1e+00, 1e+00]
  Bounds range     [1e+00, 1e+00]
  RHS range        [8e+01, 8e+01]
Found heuristic solution: objective 0
Presolve removed 3562 rows and 4721 columns
Presolve time: 0.01s
Presolved: 48 rows, 544 columns, 1015 nonzeros
Variable types: 0 continuous, 544 integer (433 binary)
Presolved: 48 rows, 544 columns, 1015 nonzeros

Root barrier log...

Ordering time: 0.00s

Barrier statistics:
 AA' NZ     : 4.550e+02
 Factor NZ  : 1.176e+03
 Factor Ops : 3.802e+04 (less than 1 second per iteration)
 Threads    : 1

                  Objective                Residual
Iter       Primal          Dual         Primal    Dual     Compl     Time
   0  -2.60322024e+03 -2.63675508e+03  1.83e+01 4.44e-16  2.84e+00     0s
   1  -1.68349535e+03 -2.12667388e+03  1.25e+00 3.48e-01  5.76e-01     0s
   2  -1.65193952e+03 -1.72884366e+03  2.23e-02 3.37e-02  7.16e-02     0s
   3  -1.66736213e+03 -1.68770337e+03  9.85e-03 5.39e-03  1.90e-02     0s
   4  -1.67381662e+03 -1.68046130e+03  1.88e-03 1.22e-03  6.17e-03     0s
   5  -1.67543079e+03 -1.67796413e+03  8.84e-04 6.29e-05  2.39e-03     0s
   6  -1.67645668e+03 -1.67746998e+03  3.48e-04 3.46e-06  9.54e-04     0s
   7  -1.67697470e+03 -1.67716019e+03  7.51e-05 1.78e-15  1.77e-04     0s
   8  -1.67711941e+03 -1.67712050e+03  4.69e-07 8.88e-16  1.00e-06     0s
   9  -1.67712020e+03 -1.67712020e+03  0.00e+00 1.78e-15  1.00e-09     0s

Barrier solved model in 9 iterations and 0.01 seconds
Optimal objective -1.67712020e+03


Root relaxation: objective -1.677120e+03, 46 iterations, 0.00 seconds

    Nodes    |    Current Node    |     Objective Bounds      |     Work
 Expl Unexpl |  Obj  Depth IntInf | Incumbent    BestBd   Gap | It/Node Time

     0     0 -1677.1202    0   21    0.00000 -1677.1202      -     -    0s
H    0     0                    -1669.311000 -1677.1202  0.47%     -    0s

Explored 0 nodes (71 simplex iterations) in 0.01 seconds
Thread count was 20 (of 20 available processors)

Solution count 2: -1669.31 0 
Pool objective bound -1677.12

Optimal solution found (tolerance 5.00e-02)
Best objective -1.669311000000e+03, best bound -1.677120200000e+03, gap 0.4678%
(0, 1544.1859999999704)
(1, 1548.1899999999703)
(2, 1540.1819999999707)
(3, 1537.1789999999708)
(4, 1544.1859999999704)
(5, 1553.1949999999702)
(6, 1542.1839999999706)
(7, 1543.1849999999704)
(8, 1559.20099999997)
(9, 1553.1949999999702)
(10, 1542.1839999999704)
(11, 1550.1919999999704)
(12, 1543.1849999999704)
(13, 1550.1919999999702)
(14, 1549.1909999999705)
(15, 1560.20199999997)
(16, 1550.1919999999702)
(17, 1549.1909999999702)
(18, 1546.1879999999703)
(19, 1552.1939999999702)
(20, 1543.1849999999704)
(21, 1540.1819999999707)
(22, 1544.1859999999704)
(23, 1544.1859999999704)
(24, 1547.1889999999703)
(25, 1543.1849999999704)
(26, 1544.1859999999704)
(27, 1543.1849999999704)
(28, 1547.1889999999703)
(29, 1545.1869999999703)
(30, 1550.1919999999702)
(31, 1558.19999999997)
(32, 1549.1909999999702)
(33, 1587.2289999999693)
(34, 1546.1879999999703)
(35, 1543.1849999999706)
(36, 1551.1929999999702)
(37, 1540.1819999999707)
(38, 1557.1989999999701)
(39, 1571.2129999999697)
(0, 1595.2369999999694)
(1, 1584.2259999999694)
(2, 1589.2309999999695)
(3, 1590.2319999999693)
(4, 1594.2359999999692)
(5, 1593.2349999999692)
(6, 1593.2349999999692)
(7, 1585.2269999999694)
(8, 1589.2309999999693)
(9, 1587.2289999999693)
(10, 1594.2359999999692)
(11, 1590.2319999999693)
(12, 1586.2279999999694)
(13, 1592.2339999999692)
(14, 1592.2339999999692)
(15, 1587.2289999999696)
(16, 1588.2299999999693)
(17, 1592.2339999999692)
(18, 1594.2359999999692)
(19, 1592.2339999999692)
(20, 1587.2289999999693)
(21, 1585.2269999999694)
(22, 1589.2309999999695)
(23, 1591.2329999999693)
(24, 1586.2279999999694)
(25, 1595.2369999999692)
(26, 1586.2279999999694)
(27, 1594.2359999999692)
(28, 1593.2349999999692)
(29, 1590.2319999999693)
(30, 1590.2319999999695)
(31, 1585.2269999999694)
(32, 1590.2319999999693)
(33, 1583.2249999999694)
(34, 1591.2329999999695)
(35, 1592.2339999999692)
(36, 1585.2269999999694)
(37, 1587.2289999999693)
(38, 1590.2319999999695)
(39, 1588.2299999999693)
Changed value of parameter MIPGap to 0.05
   Prev: 0.0001  Min: 0.0  Max: 1e+100  Default: 0.0001
Changed value of parameter TimeLimit to 1800.0
   Prev: 1e+100  Min: 0.0  Max: 1e+100  Default: 1e+100
Changed value of parameter Method to 2
   Prev: -1  Min: -1  Max: 4  Default: -1
Changed value of parameter MIPFocus to 1
   Prev: 0  Min: 0  Max: 3  Default: 0
Optimize a model with 3610 rows, 5265 columns and 10530 nonzeros
Variable types: 0 continuous, 5265 integer (5265 binary)
Coefficient statistics:
  Matrix range     [1e+00, 5e+00]
  Objective range  [1e+00, 1e+00]
  Bounds range     [1e+00, 1e+00]
  RHS range        [8e+01, 8e+01]
Found heuristic solution: objective 0
Presolve removed 3562 rows and 4721 columns
Presolve time: 0.01s
Presolved: 48 rows, 544 columns, 1015 nonzeros
Variable types: 0 continuous, 544 integer (433 binary)
Presolved: 48 rows, 544 columns, 1015 nonzeros

Root barrier log...

Ordering time: 0.00s

Barrier statistics:
 AA' NZ     : 4.550e+02
 Factor NZ  : 1.176e+03
 Factor Ops : 3.802e+04 (less than 1 second per iteration)
 Threads    : 1

                  Objective                Residual
Iter       Primal          Dual         Primal    Dual     Compl     Time
   0  -2.60712765e+03 -2.63968077e+03  1.83e+01 8.88e-16  2.84e+00     0s
   1  -1.68587181e+03 -2.12910261e+03  1.25e+00 3.47e-01  5.76e-01     0s
   2  -1.65433260e+03 -1.73073023e+03  2.27e-02 3.32e-02  7.12e-02     0s
   3  -1.66968287e+03 -1.69003782e+03  9.95e-03 5.36e-03  1.90e-02     0s
   4  -1.67628107e+03 -1.68273976e+03  1.79e-03 1.19e-03  5.99e-03     0s
   5  -1.67795482e+03 -1.68024215e+03  7.61e-04 4.74e-05  2.15e-03     0s
   6  -1.67891424e+03 -1.67985414e+03  2.66e-04 4.86e-06  8.76e-04     0s
   7  -1.67933612e+03 -1.67946806e+03  5.93e-05 8.88e-16  1.26e-04     0s
   8  -1.67943915e+03 -1.67944095e+03  6.14e-07 8.88e-16  1.68e-06     0s
   9  -1.67944040e+03 -1.67944040e+03  0.00e+00 8.88e-16  1.68e-09     0s

Barrier solved model in 9 iterations and 0.01 seconds
Optimal objective -1.67944040e+03


Root relaxation: objective -1.679440e+03, 46 iterations, 0.00 seconds

    Nodes    |    Current Node    |     Objective Bounds      |     Work
 Expl Unexpl |  Obj  Depth IntInf | Incumbent    BestBd   Gap | It/Node Time

     0     0 -1679.4404    0   21    0.00000 -1679.4404      -     -    0s
H    0     0                    -1671.622000 -1679.4404  0.47%     -    0s

Explored 0 nodes (70 simplex iterations) in 0.01 seconds
Thread count was 20 (of 20 available processors)

Solution count 2: -1671.62 0 
Pool objective bound -1679.44

Optimal solution found (tolerance 5.00e-02)
Best objective -1.671622000000e+03, best bound -1.679440400000e+03, gap 0.4677%
(0, 1553.385999999954)
(1, 1550.3799999999542)
(2, 1572.4239999999531)
(3, 1545.3699999999546)
(4, 1559.3979999999538)
(5, 1552.3839999999539)
(6, 1556.3919999999539)
(7, 1559.3979999999535)
(8, 1541.3619999999546)
(9, 1550.3799999999542)
(10, 1555.3899999999539)
(11, 1544.3679999999545)
(12, 1550.3799999999542)
(13, 1548.375999999954)
(14, 1552.3839999999541)
(15, 1540.3599999999547)
(16, 1544.3679999999545)
(17, 1541.3619999999546)
(18, 1534.3479999999547)
(19, 1544.3679999999545)
(20, 1556.3919999999539)
(21, 1555.3899999999542)
(22, 1559.3979999999538)
(23, 1552.3839999999541)
(24, 1551.3819999999541)
(25, 1543.3659999999545)
(26, 1544.3679999999545)
(27, 1551.3819999999537)
(28, 1548.3759999999543)
(29, 1566.4119999999532)
(30, 1567.4139999999534)
(31, 1564.4079999999535)
(32, 1554.3879999999538)
(33, 1552.3839999999541)
(34, 1545.3699999999544)
(35, 1562.4039999999534)
(36, 1559.3979999999538)
(37, 1535.3499999999547)
(38, 1549.3779999999542)
(39, 1548.375999999954)
(0, 1595.4699999999521)
(1, 1592.4639999999524)
(2, 1592.463999999952)
(3, 1592.4639999999522)
(4, 1591.461999999952)
(5, 1589.4579999999521)
(6, 1598.4759999999521)
(7, 1591.4619999999525)
(8, 1591.4619999999522)
(9, 1592.4639999999522)
(10, 1588.4559999999524)
(11, 1587.4539999999524)
(12, 1591.4619999999522)
(13, 1589.4579999999523)
(14, 1593.4659999999521)
(15, 1588.4559999999522)
(16, 1589.4579999999523)
(17, 1591.4619999999522)
(18, 1590.4599999999525)
(19, 1591.4619999999522)
(20, 1598.4759999999519)
(21, 1597.473999999952)
(22, 1595.4699999999518)
(23, 1592.4639999999522)
(24, 1592.4639999999522)
(25, 1595.4699999999518)
(26, 1593.4659999999521)
(27, 1590.4599999999521)
(28, 1591.4619999999522)
(29, 1590.4599999999523)
(30, 1588.4559999999524)
(31, 1590.4599999999525)
(32, 1591.4619999999522)
(33, 1590.4599999999523)
(34, 1591.4619999999525)
(35, 1592.4639999999522)
(36, 1589.4579999999523)
(37, 1592.4639999999522)
(38, 1595.4699999999521)
(39, 1592.4639999999522)
Changed value of parameter MIPGap to 0.05
   Prev: 0.0001  Min: 0.0  Max: 1e+100  Default: 0.0001
Changed value of parameter TimeLimit to 1800.0
   Prev: 1e+100  Min: 0.0  Max: 1e+100  Default: 1e+100
Changed value of parameter Method to 2
   Prev: -1  Min: -1  Max: 4  Default: -1
Changed value of parameter MIPFocus to 1
   Prev: 0  Min: 0  Max: 3  Default: 0
Optimize a model with 3610 rows, 5265 columns and 10530 nonzeros
Variable types: 0 continuous, 5265 integer (5265 binary)
Coefficient statistics:
  Matrix range     [1e+00, 5e+00]
  Objective range  [1e+00, 1e+00]
  Bounds range     [1e+00, 1e+00]
  RHS range        [8e+01, 8e+01]
Found heuristic solution: objective 0
Presolve removed 3562 rows and 4721 columns
Presolve time: 0.01s
Presolved: 48 rows, 544 columns, 1015 nonzeros
Variable types: 0 continuous, 544 integer (433 binary)
Presolved: 48 rows, 544 columns, 1015 nonzeros

Root barrier log...

Ordering time: 0.00s

Barrier statistics:
 AA' NZ     : 4.550e+02
 Factor NZ  : 1.176e+03
 Factor Ops : 3.802e+04 (less than 1 second per iteration)
 Threads    : 1

                  Objective                Residual
Iter       Primal          Dual         Primal    Dual     Compl     Time
   0  -2.61494241e+03 -2.64553213e+03  1.83e+01 4.44e-16  2.84e+00     0s
   1  -1.69062754e+03 -2.13396158e+03  1.25e+00 3.46e-01  5.76e-01     0s
   2  -1.65912712e+03 -1.73448118e+03  2.35e-02 3.22e-02  7.03e-02     0s
   3  -1.67432760e+03 -1.69467701e+03  1.02e-02 5.26e-03  1.90e-02     0s
   4  -1.68093815e+03 -1.68728616e+03  1.84e-03 1.12e-03  5.90e-03     0s
   5  -1.68298122e+03 -1.68495897e+03  5.41e-04 9.25e-05  1.84e-03     0s
   6  -1.68378910e+03 -1.68453361e+03  9.77e-05 4.52e-05  6.77e-04     0s
   7  -1.68404447e+03 -1.68414024e+03  9.37e-06 1.78e-15  8.68e-05     0s
   8  -1.68408076e+03 -1.68408082e+03  6.86e-09 1.78e-15  6.04e-08     0s
   9  -1.68408080e+03 -1.68408080e+03  0.00e+00 1.78e-15  6.04e-11     0s

Barrier solved model in 9 iterations and 0.01 seconds
Optimal objective -1.68408080e+03


Root relaxation: objective -1.684081e+03, 46 iterations, 0.00 seconds

    Nodes    |    Current Node    |     Objective Bounds      |     Work
 Expl Unexpl |  Obj  Depth IntInf | Incumbent    BestBd   Gap | It/Node Time

     0     0 -1684.0808    0   21    0.00000 -1684.0808      -     -    0s
H    0     0                    -1676.272000 -1684.0808  0.47%     -    0s

Explored 0 nodes (58 simplex iterations) in 0.01 seconds
Thread count was 20 (of 20 available processors)

Solution count 2: -1676.27 0 
Pool objective bound -1684.08

Optimal solution found (tolerance 5.00e-02)
Best objective -1.676272000000e+03, best bound -1.684080800000e+03, gap 0.4658%
(0, 1564.8279999999627)
(1, 1549.7679999999643)
(2, 1560.8119999999635)
(3, 1547.7599999999645)
(4, 1548.7639999999647)
(5, 1551.7759999999641)
(6, 1593.9439999999604)
(7, 1553.7839999999642)
(8, 1558.8039999999635)
(9, 1558.8039999999637)
(10, 1565.831999999963)
(11, 1553.783999999964)
(12, 1546.7559999999646)
(13, 1568.8439999999625)
(14, 1556.7959999999639)
(15, 1535.7119999999659)
(16, 1561.8159999999634)
(17, 1549.7679999999646)
(18, 1559.8079999999634)
(19, 1546.7559999999648)
(20, 1562.8199999999633)
(21, 1537.7199999999657)
(22, 1562.8199999999633)
(23, 1578.8839999999618)
(24, 1556.7959999999639)
(25, 1578.8839999999618)
(26, 1554.7879999999639)
(27, 1553.783999999964)
(28, 1544.7479999999648)
(29, 1554.7879999999641)
(30, 1552.7799999999645)
(31, 1579.8879999999617)
(32, 1555.7919999999638)
(33, 1570.8519999999628)
(34, 1565.831999999963)
(35, 1546.7559999999648)
(36, 1577.8799999999621)
(37, 1550.7719999999645)
(38, 1587.919999999961)
(39, 1588.9239999999609)
(0, 1598.9639999999597)
(1, 1588.9239999999606)
(2, 1593.9439999999602)
(3, 1591.9359999999606)
(4, 1593.9439999999602)
(5, 1599.9679999999598)
(6, 1601.9759999999596)
(7, 1600.9719999999595)
(8, 1596.9559999999599)
(9, 1597.9599999999598)
(10, 1595.9519999999602)
(11, 1595.9519999999602)
(12, 1598.9639999999599)
(13, 1593.9439999999604)
(14, 1590.9319999999607)
(15, 1595.9519999999602)
(16, 1593.9439999999602)
(17, 1594.9479999999601)
(18, 1596.9559999999599)
(19, 1596.9559999999601)
(20, 1596.9559999999601)
(21, 1595.95199999996)
(22, 1598.9639999999597)
(23, 1595.95199999996)
(24, 1588.9239999999604)
(25, 1597.9599999999602)
(26, 1597.9599999999598)
(27, 1594.9479999999603)
(28, 1595.9519999999602)
(29, 1596.9559999999599)
(30, 1590.9319999999607)
(31, 1593.9439999999604)
(32, 1594.9479999999605)
(33, 1594.9479999999601)
(34, 1597.9599999999598)
(35, 1595.95199999996)
(36, 1600.9719999999595)
(37, 1590.9319999999605)
(38, 1594.9479999999605)
(39, 1601.9759999999594)
Changed value of parameter MIPGap to 0.05
   Prev: 0.0001  Min: 0.0  Max: 1e+100  Default: 0.0001
Changed value of parameter TimeLimit to 1800.0
   Prev: 1e+100  Min: 0.0  Max: 1e+100  Default: 1e+100
Changed value of parameter Method to 2
   Prev: -1  Min: -1  Max: 4  Default: -1
Changed value of parameter MIPFocus to 1
   Prev: 0  Min: 0  Max: 3  Default: 0
Optimize a model with 3610 rows, 5265 columns and 10530 nonzeros
Variable types: 0 continuous, 5265 integer (5265 binary)
Coefficient statistics:
  Matrix range     [1e+00, 5e+00]
  Objective range  [1e+00, 1e+00]
  Bounds range     [1e+00, 1e+00]
  RHS range        [8e+01, 8e+01]
Found heuristic solution: objective 0
Presolve removed 3562 rows and 4721 columns
Presolve time: 0.01s
Presolved: 48 rows, 544 columns, 1015 nonzeros
Variable types: 0 continuous, 544 integer (433 binary)
Presolved: 48 rows, 544 columns, 1015 nonzeros

Root barrier log...

Ordering time: 0.00s

Barrier statistics:
 AA' NZ     : 4.550e+02
 Factor NZ  : 1.176e+03
 Factor Ops : 3.802e+04 (less than 1 second per iteration)
 Threads    : 1

                  Objective                Residual
Iter       Primal          Dual         Primal    Dual     Compl     Time
   0  -2.61884978e+03 -2.64845781e+03  1.83e+01 4.44e-16  2.85e+00     0s
   1  -1.69300681e+03 -2.13639181e+03  1.25e+00 3.46e-01  5.76e-01     0s
   2  -1.66152709e+03 -1.73634253e+03  2.39e-02 3.17e-02  6.98e-02     0s
   3  -1.67665080e+03 -1.69698859e+03  1.03e-02 5.20e-03  1.90e-02     0s
   4  -1.68324065e+03 -1.68956047e+03  1.88e-03 1.08e-03  5.88e-03     0s
   5  -1.68527681e+03 -1.68735735e+03  5.64e-04 1.32e-04  1.94e-03     0s
   6  -1.68602231e+03 -1.68689821e+03  1.47e-04 6.60e-05  8.02e-04     0s
   7  -1.68634709e+03 -1.68643225e+03  2.46e-05 8.88e-16  7.91e-05     0s
   8  -1.68640073e+03 -1.68640112e+03  8.40e-08 8.88e-16  3.61e-07     0s
   9  -1.68640100e+03 -1.68640100e+03  0.00e+00 8.88e-16  3.61e-10     0s

Barrier solved model in 9 iterations and 0.01 seconds
Optimal objective -1.68640100e+03


Root relaxation: objective -1.686401e+03, 46 iterations, 0.00 seconds

    Nodes    |    Current Node    |     Objective Bounds      |     Work
 Expl Unexpl |  Obj  Depth IntInf | Incumbent    BestBd   Gap | It/Node Time

     0     0 -1686.4010    0   21    0.00000 -1686.4010      -     -    0s
H    0     0                    -1678.590000 -1686.4010  0.47%     -    0s

Explored 0 nodes (58 simplex iterations) in 0.01 seconds
Thread count was 20 (of 20 available processors)

Solution count 2: -1678.59 0 
Pool objective bound -1686.4

Optimal solution found (tolerance 5.00e-02)
Best objective -1.678590000000e+03, best bound -1.686400000000e+03, gap 0.4653%
(0, 1551.9600000000535)
(1, 1552.9650000000536)
(2, 1550.9550000000531)
(3, 1548.9450000000531)
(4, 1567.0350000000549)
(5, 1562.0100000000546)
(6, 1563.0150000000544)
(7, 1548.9450000000529)
(8, 1544.9250000000525)
(9, 1553.9700000000537)
(10, 1547.940000000053)
(11, 1545.9300000000526)
(12, 1538.8950000000518)
(13, 1547.9400000000528)
(14, 1555.9800000000537)
(15, 1565.0250000000547)
(16, 1547.940000000053)
(17, 1572.0600000000554)
(18, 1573.0650000000555)
(19, 1553.9700000000537)
(20, 1573.0650000000555)
(21, 1552.9650000000534)
(22, 1557.9900000000539)
(23, 1547.9400000000528)
(24, 1548.9450000000529)
(25, 1550.9550000000531)
(26, 1582.1100000000565)
(27, 1554.9750000000536)
(28, 1558.9950000000542)
(29, 1549.950000000053)
(30, 1589.1450000000573)
(31, 1546.9350000000527)
(32, 1541.9100000000522)
(33, 1561.0050000000542)
(34, 1557.9900000000539)
(35, 1580.1000000000565)
(36, 1544.9250000000525)
(37, 1551.9600000000532)
(38, 1548.9450000000531)
(39, 1557.9900000000541)
(0, 1597.1850000000582)
(1, 1599.1950000000584)
(2, 1596.180000000058)
(3, 1594.1700000000578)
(4, 1596.180000000058)
(5, 1594.1700000000581)
(6, 1599.1950000000584)
(7, 1599.1950000000586)
(8, 1597.1850000000582)
(9, 1592.1600000000576)
(10, 1593.1650000000579)
(11, 1600.2000000000585)
(12, 1593.1650000000577)
(13, 1600.2000000000587)
(14, 1601.2050000000586)
(15, 1601.2050000000586)
(16, 1596.180000000058)
(17, 1603.2150000000588)
(18, 1597.1850000000584)
(19, 1599.1950000000584)
(20, 1603.2150000000588)
(21, 1599.1950000000584)
(22, 1594.1700000000578)
(23, 1599.1950000000584)
(24, 1600.2000000000587)
(25, 1600.2000000000585)
(26, 1600.2000000000587)
(27, 1600.2000000000585)
(28, 1593.1650000000579)
(29, 1599.1950000000584)
(30, 1597.1850000000582)
(31, 1598.1900000000585)
(32, 1595.1750000000582)
(33, 1596.180000000058)
(34, 1589.1450000000575)
(35, 1595.1750000000579)
(36, 1597.1850000000582)
(37, 1598.1900000000583)
(38, 1598.1900000000585)
(39, 1604.2200000000591)
Changed value of parameter MIPGap to 0.05
   Prev: 0.0001  Min: 0.0  Max: 1e+100  Default: 0.0001
Changed value of parameter TimeLimit to 1800.0
   Prev: 1e+100  Min: 0.0  Max: 1e+100  Default: 1e+100
Changed value of parameter Method to 2
   Prev: -1  Min: -1  Max: 4  Default: -1
Changed value of parameter MIPFocus to 1
   Prev: 0  Min: 0  Max: 3  Default: 0
Optimize a model with 3610 rows, 5265 columns and 10530 nonzeros
Variable types: 0 continuous, 5265 integer (5265 binary)
Coefficient statistics:
  Matrix range     [1e+00, 5e+00]
  Objective range  [1e+00, 1e+00]
  Bounds range     [1e+00, 1e+00]
  RHS range        [8e+01, 8e+01]
Found heuristic solution: objective 0
Presolve removed 3562 rows and 4721 columns
Presolve time: 0.01s
Presolved: 48 rows, 544 columns, 1015 nonzeros
Variable types: 0 continuous, 544 integer (433 binary)
Presolved: 48 rows, 544 columns, 1015 nonzeros

Root barrier log...

Ordering time: 0.00s

Barrier statistics:
 AA' NZ     : 4.550e+02
 Factor NZ  : 1.176e+03
 Factor Ops : 3.802e+04 (less than 1 second per iteration)
 Threads    : 1

                  Objective                Residual
Iter       Primal          Dual         Primal    Dual     Compl     Time
   0  -2.63838636e+03 -2.66308622e+03  1.83e+01 8.88e-16  2.85e+00     0s
   1  -1.70491711e+03 -2.14855049e+03  1.24e+00 3.43e-01  5.75e-01     0s
   2  -1.67354723e+03 -1.74557251e+03  2.54e-02 2.92e-02  6.74e-02     0s
   3  -1.68828496e+03 -1.70849850e+03  1.06e-02 4.84e-03  1.89e-02     0s
   4  -1.69474054e+03 -1.70124328e+03  2.07e-03 1.07e-03  6.06e-03     0s
   5  -1.69673412e+03 -1.69896189e+03  8.34e-04 2.14e-04  2.09e-03     0s
   6  -1.69756653e+03 -1.69831494e+03  2.75e-04 4.73e-05  7.01e-04     0s
   7  -1.69788101e+03 -1.69804999e+03  7.93e-05 4.98e-07  1.60e-04     0s
   8  -1.69799802e+03 -1.69800313e+03  2.58e-06 8.88e-16  4.85e-06     0s
   9  -1.69800200e+03 -1.69800200e+03  0.00e+00 8.88e-16  4.91e-09     0s

Barrier solved model in 9 iterations and 0.01 seconds
Optimal objective -1.69800200e+03


Root relaxation: objective -1.698002e+03, 47 iterations, 0.00 seconds

    Nodes    |    Current Node    |     Objective Bounds      |     Work
 Expl Unexpl |  Obj  Depth IntInf | Incumbent    BestBd   Gap | It/Node Time

     0     0 -1698.0020    0   21    0.00000 -1698.0020      -     -    0s
H    0     0                    -1690.180000 -1698.0020  0.46%     -    0s

Explored 0 nodes (61 simplex iterations) in 0.01 seconds
Thread count was 20 (of 20 available processors)

Solution count 2: -1690.18 0 
Pool objective bound -1698

Optimal solution found (tolerance 5.00e-02)
Best objective -1.690180000000e+03, best bound -1.698000000000e+03, gap 0.4627%
(0, 1567.969999999988)
(1, 1557.8699999999878)
(2, 1569.9899999999877)
(3, 1569.9899999999877)
(4, 1603.3199999999872)
(5, 1585.1399999999878)
(6, 1591.1999999999878)
(7, 1563.9299999999878)
(8, 1576.0499999999874)
(9, 1559.889999999988)
(10, 1599.2799999999879)
(11, 1555.8499999999879)
(12, 1564.939999999988)
(13, 1566.9599999999878)
(14, 1579.0799999999876)
(15, 1591.1999999999875)
(16, 1564.939999999988)
(17, 1566.959999999988)
(18, 1600.2899999999872)
(19, 1575.0399999999877)
(20, 1565.949999999988)
(21, 1601.2999999999877)
(22, 1594.2299999999877)
(23, 1569.989999999988)
(24, 1594.2299999999877)
(25, 1559.889999999988)
(26, 1582.1099999999876)
(27, 1572.0099999999875)
(28, 1602.3099999999874)
(29, 1582.1099999999878)
(30, 1558.8799999999881)
(31, 1566.959999999988)
(32, 1576.0499999999879)
(33, 1577.0599999999877)
(34, 1562.919999999988)
(35, 1557.8699999999883)
(36, 1558.8799999999878)
(37, 1554.8399999999879)
(38, 1559.889999999988)
(39, 1561.909999999988)
(0, 1614.4299999999873)
(1, 1607.3599999999876)
(2, 1607.3599999999876)
(3, 1605.3399999999874)
(4, 1604.3299999999876)
(5, 1609.3799999999871)
(6, 1606.3499999999876)
(7, 1606.3499999999876)
(8, 1608.3699999999874)
(9, 1605.3399999999876)
(10, 1609.3799999999874)
(11, 1609.3799999999874)
(12, 1607.3599999999876)
(13, 1610.3899999999874)
(14, 1608.3699999999876)
(15, 1616.4499999999875)
(16, 1605.3399999999874)
(17, 1606.3499999999874)
(18, 1608.3699999999874)
(19, 1606.3499999999874)
(20, 1607.3599999999872)
(21, 1611.3999999999874)
(22, 1602.3099999999874)
(23, 1612.4099999999876)
(24, 1608.3699999999874)
(25, 1611.3999999999874)
(26, 1606.3499999999874)
(27, 1607.3599999999876)
(28, 1609.3799999999874)
(29, 1608.3699999999876)
(30, 1604.3299999999876)
(31, 1607.3599999999874)
(32, 1604.3299999999874)
(33, 1610.3899999999876)
(34, 1610.3899999999876)
(35, 1610.3899999999876)
(36, 1610.3899999999874)
(37, 1604.3299999999872)
(38, 1602.3099999999874)
(39, 1608.3699999999878)
Changed value of parameter MIPGap to 0.05
   Prev: 0.0001  Min: 0.0  Max: 1e+100  Default: 0.0001
Changed value of parameter TimeLimit to 1800.0
   Prev: 1e+100  Min: 0.0  Max: 1e+100  Default: 1e+100
Changed value of parameter Method to 2
   Prev: -1  Min: -1  Max: 4  Default: -1
Changed value of parameter MIPFocus to 1
   Prev: 0  Min: 0  Max: 3  Default: 0
Optimize a model with 3610 rows, 5265 columns and 10530 nonzeros
Variable types: 0 continuous, 5265 integer (5265 binary)
Coefficient statistics:
  Matrix range     [1e+00, 5e+00]
  Objective range  [1e+00, 1e+00]
  Bounds range     [1e+00, 1e+00]
  RHS range        [8e+01, 8e+01]
Found heuristic solution: objective 0
Presolve removed 3562 rows and 4721 columns
Presolve time: 0.01s
Presolved: 48 rows, 544 columns, 1015 nonzeros
Variable types: 0 continuous, 544 integer (433 binary)
Presolved: 48 rows, 544 columns, 1015 nonzeros

Root barrier log...

Ordering time: 0.00s

Barrier statistics:
 AA' NZ     : 4.550e+02
 Factor NZ  : 1.176e+03
 Factor Ops : 3.802e+04 (less than 1 second per iteration)
 Threads    : 1

                  Objective                Residual
Iter       Primal          Dual         Primal    Dual     Compl     Time
   0  -2.67745980e+03 -2.69248883e+03  1.83e+01 4.44e-16  2.87e+00     0s
   1  -1.72878755e+03 -2.17298362e+03  1.22e+00 3.38e-01  5.74e-01     0s
   2  -1.69774786e+03 -1.77027024e+03  2.87e-02 2.89e-02  6.80e-02     0s
   3  -1.71169410e+03 -1.73180071e+03  1.11e-02 4.11e-03  1.89e-02     0s
   4  -1.71766112e+03 -1.72517216e+03  2.75e-03 9.47e-04  7.00e-03     0s
   5  -1.72003527e+03 -1.72248117e+03  7.24e-04 1.06e-04  2.27e-03     0s
   6  -1.72086068e+03 -1.72166271e+03  1.80e-04 1.70e-05  7.38e-04     0s
   7  -1.72116656e+03 -1.72131306e+03  7.30e-06 1.78e-15  1.31e-04     0s
   8  -1.72120342e+03 -1.72120543e+03  0.00e+00 1.78e-15  1.78e-06     0s
   9  -1.72120400e+03 -1.72120400e+03  0.00e+00 8.88e-16  1.78e-09     0s

Barrier solved model in 9 iterations and 0.01 seconds
Optimal objective -1.72120400e+03


Root relaxation: objective -1.721204e+03, 46 iterations, 0.00 seconds

    Nodes    |    Current Node    |     Objective Bounds      |     Work
 Expl Unexpl |  Obj  Depth IntInf | Incumbent    BestBd   Gap | It/Node Time

     0     0 -1721.2040    0   21    0.00000 -1721.2040      -     -    0s
H    0     0                    -1714.240000 -1721.2040  0.41%     -    0s

Explored 0 nodes (69 simplex iterations) in 0.01 seconds
Thread count was 20 (of 20 available processors)

Solution count 2: -1714.24 0 
Pool objective bound -1721.2

Optimal solution found (tolerance 5.00e-02)
Best objective -1.714240000000e+03, best bound -1.721200000000e+03, gap 0.4060%
(0, 1595.9199999999769)
(1, 1578.5799999999772)
(2, 1570.4199999999771)
(3, 1597.9599999999768)
(4, 1596.9399999999769)
(5, 1582.6599999999771)
(6, 1609.1799999999764)
(7, 1609.1799999999766)
(8, 1603.0599999999768)
(9, 1598.9799999999768)
(10, 1587.759999999977)
(11, 1581.6399999999769)
(12, 1616.3199999999765)
(13, 1607.1399999999767)
(14, 1595.9199999999767)
(15, 1589.799999999977)
(16, 1595.9199999999769)
(17, 1601.0199999999766)
(18, 1582.6599999999771)
(19, 1588.779999999977)
(20, 1588.7799999999768)
(21, 1592.8599999999769)
(22, 1582.6599999999769)
(23, 1619.3799999999762)
(24, 1575.519999999977)
(25, 1605.0999999999767)
(26, 1594.8999999999769)
(27, 1602.0399999999768)
(28, 1595.9199999999767)
(29, 1615.2999999999765)
(30, 1594.8999999999769)
(31, 1589.799999999977)
(32, 1585.7199999999768)
(33, 1597.9599999999768)
(34, 1585.7199999999771)
(35, 1586.7399999999768)
(36, 1593.8799999999769)
(37, 1610.1999999999766)
(38, 1599.9999999999768)
(39, 1597.9599999999768)
(0, 1633.6599999999762)
(1, 1633.659999999976)
(2, 1632.6399999999762)
(3, 1631.6199999999762)
(4, 1636.7199999999759)
(5, 1627.5399999999763)
(6, 1628.5599999999763)
(7, 1623.4599999999766)
(8, 1631.6199999999762)
(9, 1630.5999999999763)
(10, 1620.3999999999767)
(11, 1627.5399999999761)
(12, 1631.6199999999762)
(13, 1634.6799999999762)
(14, 1631.6199999999762)
(15, 1630.5999999999763)
(16, 1636.7199999999762)
(17, 1631.6199999999762)
(18, 1629.5799999999765)
(19, 1629.5799999999761)
(20, 1632.6399999999762)
(21, 1634.679999999976)
(22, 1639.7799999999761)
(23, 1622.4399999999764)
(24, 1632.6399999999762)
(25, 1631.619999999976)
(26, 1628.5599999999763)
(27, 1628.5599999999763)
(28, 1625.4999999999764)
(29, 1637.7399999999761)
(30, 1625.4999999999761)
(31, 1630.599999999976)
(32, 1632.6399999999762)
(33, 1633.659999999976)
(34, 1632.6399999999762)
(35, 1626.5199999999763)
(36, 1629.5799999999761)
(37, 1632.6399999999762)
(38, 1634.6799999999762)
(39, 1629.5799999999761)
Changed value of parameter MIPGap to 0.05
   Prev: 0.0001  Min: 0.0  Max: 1e+100  Default: 0.0001
Changed value of parameter TimeLimit to 1800.0
   Prev: 1e+100  Min: 0.0  Max: 1e+100  Default: 1e+100
Changed value of parameter Method to 2
   Prev: -1  Min: -1  Max: 4  Default: -1
Changed value of parameter MIPFocus to 1
   Prev: 0  Min: 0  Max: 3  Default: 0
Optimize a model with 3610 rows, 5265 columns and 10530 nonzeros
Variable types: 0 continuous, 5265 integer (5265 binary)
Coefficient statistics:
  Matrix range     [1e+00, 5e+00]
  Objective range  [1e+00, 1e+00]
  Bounds range     [1e+00, 1e+00]
  RHS range        [8e+01, 8e+01]
Found heuristic solution: objective 0
Presolve removed 3562 rows and 4721 columns
Presolve time: 0.01s
Presolved: 48 rows, 544 columns, 1015 nonzeros
Variable types: 0 continuous, 544 integer (433 binary)
Presolved: 48 rows, 544 columns, 1015 nonzeros

Root barrier log...

Ordering time: 0.00s

Barrier statistics:
 AA' NZ     : 4.550e+02
 Factor NZ  : 1.176e+03
 Factor Ops : 3.802e+04 (less than 1 second per iteration)
 Threads    : 1

                  Objective                Residual
Iter       Primal          Dual         Primal    Dual     Compl     Time
   0  -2.75561068e+03 -2.75213724e+03  1.83e+01 4.44e-16  2.90e+00     0s
   1  -1.77669162e+03 -2.22245448e+03  1.19e+00 3.28e-01  5.73e-01     0s
   2  -1.74687444e+03 -1.82180062e+03  3.78e-02 2.76e-02  7.06e-02     0s
   3  -1.75957005e+03 -1.77921212e+03  1.21e-02 1.43e-03  1.87e-02     0s
   4  -1.76508087e+03 -1.77144060e+03  3.43e-03 5.33e-15  6.01e-03     0s
   5  -1.76663529e+03 -1.76932692e+03  1.78e-03 1.78e-15  2.58e-03     0s
   6  -1.76783635e+03 -1.76866259e+03  6.15e-04 8.88e-16  7.84e-04     0s
   7  -1.76797749e+03 -1.76847149e+03  4.23e-04 8.88e-16  4.73e-04     0s
   8  -1.76812106e+03 -1.76834793e+03  2.21e-04 1.78e-15  2.20e-04     0s
   9  -1.76827434e+03 -1.76828781e+03  1.24e-06 8.88e-16  1.21e-05     0s
  10  -1.76827994e+03 -1.76828012e+03  0.00e+00 1.78e-15  1.60e-07     0s
  11  -1.76828000e+03 -1.76828000e+03  0.00e+00 1.78e-15  1.60e-10     0s

Barrier solved model in 11 iterations and 0.01 seconds
Optimal objective -1.76828000e+03


Root relaxation: objective -1.768280e+03, 108 iterations, 0.00 seconds

    Nodes    |    Current Node    |     Objective Bounds      |     Work
 Expl Unexpl |  Obj  Depth IntInf | Incumbent    BestBd   Gap | It/Node Time

     0     0 -1768.2800    0   24    0.00000 -1768.2800      -     -    0s
H    0     0                    -1761.600000 -1768.2800  0.38%     -    0s

Explored 0 nodes (179 simplex iterations) in 0.01 seconds
Thread count was 20 (of 20 available processors)

Solution count 2: -1761.6 0 
Pool objective bound -1768.28

Optimal solution found (tolerance 5.00e-02)
Best objective -1.761600000000e+03, best bound -1.768280000000e+03, gap 0.3792%
(0, 1660.7199999999641)
(1, 1605.5999999999658)
(2, 1631.5999999999651)
(3, 1619.1199999999651)
(4, 1639.9199999999648)
(5, 1654.4799999999643)
(6, 1644.0799999999642)
(7, 1619.1199999999651)
(8, 1610.7999999999656)
(9, 1611.8399999999656)
(10, 1655.5199999999643)
(11, 1658.6399999999642)
(12, 1605.5999999999656)
(13, 1662.799999999964)
(14, 1664.879999999964)
(15, 1639.9199999999646)
(16, 1658.6399999999639)
(17, 1656.5599999999642)
(18, 1614.9599999999657)
(19, 1618.0799999999656)
(20, 1617.0399999999652)
(21, 1613.9199999999657)
(22, 1626.3999999999651)
(23, 1653.4399999999644)
(24, 1656.5599999999642)
(25, 1675.2799999999634)
(26, 1605.5999999999656)
(27, 1618.0799999999654)
(28, 1661.7599999999638)
(29, 1605.599999999966)
(30, 1648.2399999999643)
(31, 1643.0399999999645)
(32, 1658.6399999999642)
(33, 1656.559999999964)
(34, 1661.7599999999641)
(35, 1659.6799999999641)
(36, 1608.7199999999655)
(37, 1651.3599999999642)
(38, 1607.6799999999655)
(39, 1657.599999999964)
(0, 1666.9599999999639)
(1, 1663.8399999999638)
(2, 1661.7599999999638)
(3, 1665.9199999999639)
(4, 1661.7599999999641)
(5, 1664.8799999999635)
(6, 1662.799999999964)
(7, 1666.9599999999639)
(8, 1656.5599999999642)
(9, 1664.8799999999637)
(10, 1664.879999999964)
(11, 1661.7599999999641)
(12, 1658.6399999999639)
(13, 1669.0399999999636)
(14, 1666.9599999999639)
(15, 1664.879999999964)
(16, 1658.6399999999642)
(17, 1661.7599999999641)
(18, 1656.5599999999638)
(19, 1665.9199999999639)
(20, 1660.7199999999636)
(21, 1660.7199999999636)
(22, 1663.839999999964)
(23, 1661.7599999999641)
(24, 1662.7999999999636)
(25, 1662.7999999999638)
(26, 1661.7599999999641)
(27, 1663.8399999999638)
(28, 1659.6799999999639)
(29, 1662.799999999964)
(30, 1672.1599999999635)
(31, 1667.9999999999638)
(32, 1665.9199999999637)
(33, 1659.6799999999637)
(34, 1661.7599999999636)
(35, 1660.7199999999641)
(36, 1655.5199999999636)
(37, 1659.6799999999639)
(38, 1669.0399999999638)
(39, 1665.9199999999639)
Changed value of parameter MIPGap to 0.05
   Prev: 0.0001  Min: 0.0  Max: 1e+100  Default: 0.0001
Changed value of parameter TimeLimit to 1800.0
   Prev: 1e+100  Min: 0.0  Max: 1e+100  Default: 1e+100
Changed value of parameter Method to 2
   Prev: -1  Min: -1  Max: 4  Default: -1
Changed value of parameter MIPFocus to 1
   Prev: 0  Min: 0  Max: 3  Default: 0
Optimize a model with 3610 rows, 5265 columns and 10530 nonzeros
Variable types: 0 continuous, 5265 integer (5265 binary)
Coefficient statistics:
  Matrix range     [1e+00, 5e+00]
  Objective range  [1e+00, 1e+00]
  Bounds range     [1e+00, 1e+00]
  RHS range        [8e+01, 8e+01]
Found heuristic solution: objective 0
Presolve removed 3562 rows and 4721 columns
Presolve time: 0.01s
Presolved: 48 rows, 544 columns, 1015 nonzeros
Variable types: 0 continuous, 544 integer (433 binary)
Presolved: 48 rows, 544 columns, 1015 nonzeros

Root barrier log...

Ordering time: 0.00s

Barrier statistics:
 AA' NZ     : 4.550e+02
 Factor NZ  : 1.176e+03
 Factor Ops : 3.802e+04 (less than 1 second per iteration)
 Threads    : 1

                  Objective                Residual
Iter       Primal          Dual         Primal    Dual     Compl     Time
   0  -2.79468424e+03 -2.78196145e+03  1.83e+01 8.88e-16  2.91e+00     0s
   1  -1.80077989e+03 -2.24726649e+03  1.17e+00 3.23e-01  5.72e-01     0s
   2  -1.77159184e+03 -1.84789892e+03  3.83e-02 2.80e-02  7.19e-02     0s
   3  -1.78432901e+03 -1.80490043e+03  1.20e-02 1.17e-03  1.94e-02     0s
   4  -1.78934361e+03 -1.79801830e+03  4.75e-03 3.55e-15  8.17e-03     0s
   5  -1.79178955e+03 -1.79551839e+03  2.04e-03 1.78e-15  3.52e-03     0s
   6  -1.79266343e+03 -1.79459828e+03  1.15e-03 1.78e-15  1.84e-03     0s
   7  -1.79339621e+03 -1.79395062e+03  3.52e-04 1.78e-15  5.31e-04     0s
   8  -1.79373682e+03 -1.79376204e+03  8.77e-06 1.78e-15  2.35e-05     0s
   9  -1.79374999e+03 -1.79375001e+03  0.00e+00 1.78e-15  2.35e-08     0s
  10  -1.79375000e+03 -1.79375000e+03  0.00e+00 1.78e-15  2.39e-14     0s

Barrier solved model in 10 iterations and 0.01 seconds
Optimal objective -1.79375000e+03


Root relaxation: objective -1.793750e+03, 109 iterations, 0.00 seconds

    Nodes    |    Current Node    |     Objective Bounds      |     Work
 Expl Unexpl |  Obj  Depth IntInf | Incumbent    BestBd   Gap | It/Node Time

     0     0 -1793.7500    0   28    0.00000 -1793.7500      -     -    0s
H    0     0                    -1787.100000 -1793.7500  0.37%     -    0s

Explored 0 nodes (136 simplex iterations) in 0.01 seconds
Thread count was 20 (of 20 available processors)

Solution count 2: -1787.1 0 
Pool objective bound -1793.75

Optimal solution found (tolerance 5.00e-02)
Best objective -1.787100000000e+03, best bound -1.793750000000e+03, gap 0.3721%
(0, 1612.7999999999556)
(1, 1629.5999999999549)
(2, 1649.549999999954)
(3, 1668.4499999999537)
(4, 1662.1499999999533)
(5, 1624.3499999999551)
(6, 1666.3499999999535)
(7, 1626.449999999955)
(8, 1667.3999999999535)
(9, 1630.6499999999546)
(10, 1629.5999999999551)
(11, 1649.5499999999538)
(12, 1682.0999999999528)
(13, 1656.8999999999537)
(14, 1669.4999999999536)
(15, 1635.8999999999546)
(16, 1653.7499999999543)
(17, 1674.7499999999532)
(18, 1641.1499999999544)
(19, 1681.0499999999529)
(20, 1681.0499999999531)
(21, 1647.4499999999543)
(22, 1677.899999999953)
(23, 1637.9999999999545)
(24, 1651.6499999999542)
(25, 1684.199999999953)
(26, 1679.9999999999529)
(27, 1636.9499999999543)
(28, 1644.2999999999545)
(29, 1636.9499999999546)
(30, 1639.0499999999545)
(31, 1620.1499999999553)
(32, 1670.5499999999531)
(33, 1648.4999999999545)
(34, 1618.0499999999554)
(35, 1675.7999999999531)
(36, 1662.1499999999537)
(37, 1619.0999999999551)
(38, 1686.2999999999527)
(39, 1683.1499999999528)
(0, 1683.1499999999528)
(1, 1686.2999999999527)
(2, 1692.5999999999522)
(3, 1693.6499999999521)
(4, 1682.0999999999528)
(5, 1692.5999999999519)
(6, 1688.3999999999523)
(7, 1682.0999999999528)
(8, 1688.3999999999521)
(9, 1673.6999999999534)
(10, 1687.3499999999528)
(11, 1688.3999999999528)
(12, 1686.2999999999524)
(13, 1687.3499999999528)
(14, 1692.5999999999519)
(15, 1685.2499999999527)
(16, 1686.2999999999524)
(17, 1685.2499999999529)
(18, 1683.1499999999528)
(19, 1688.3999999999528)
(20, 1686.2999999999524)
(21, 1687.3499999999522)
(22, 1688.3999999999528)
(23, 1690.4999999999525)
(24, 1689.4499999999528)
(25, 1693.6499999999519)
(26, 1677.899999999953)
(27, 1685.2499999999527)
(28, 1691.549999999952)
(29, 1681.0499999999527)
(30, 1686.2999999999522)
(31, 1686.2999999999527)
(32, 1685.2499999999529)
(33, 1686.2999999999524)
(34, 1688.3999999999526)
(35, 1690.499999999952)
(36, 1684.199999999953)
(37, 1687.3499999999526)
(38, 1679.9999999999527)
(39, 1676.8499999999531)
Changed value of parameter MIPGap to 0.05
   Prev: 0.0001  Min: 0.0  Max: 1e+100  Default: 0.0001
Changed value of parameter TimeLimit to 1800.0
   Prev: 1e+100  Min: 0.0  Max: 1e+100  Default: 1e+100
Changed value of parameter Method to 2
   Prev: -1  Min: -1  Max: 4  Default: -1
Changed value of parameter MIPFocus to 1
   Prev: 0  Min: 0  Max: 3  Default: 0
Optimize a model with 3610 rows, 5265 columns and 10530 nonzeros
Variable types: 0 continuous, 5265 integer (5265 binary)
Coefficient statistics:
  Matrix range     [1e+00, 5e+00]
  Objective range  [1e+00, 2e+00]
  Bounds range     [1e+00, 1e+00]
  RHS range        [8e+01, 8e+01]
Found heuristic solution: objective 0
Presolve removed 3562 rows and 4721 columns
Presolve time: 0.01s
Presolved: 48 rows, 544 columns, 1015 nonzeros
Variable types: 0 continuous, 544 integer (433 binary)
Presolved: 48 rows, 544 columns, 1015 nonzeros

Root barrier log...

Ordering time: 0.00s

Barrier statistics:
 AA' NZ     : 4.550e+02
 Factor NZ  : 1.176e+03
 Factor Ops : 3.802e+04 (less than 1 second per iteration)
 Threads    : 1

                  Objective                Residual
Iter       Primal          Dual         Primal    Dual     Compl     Time
   0  -2.99003403e+03 -2.93108249e+03  1.83e+01 4.44e-16  2.99e+00     0s
   1  -1.92252656e+03 -2.37261715e+03  1.09e+00 3.00e-01  5.68e-01     0s
   2  -1.89779458e+03 -1.97925971e+03  3.98e-02 2.91e-02  7.63e-02     0s
   3  -1.91064271e+03 -1.93182082e+03  1.54e-02 1.78e-15  2.02e-02     0s
   4  -1.91364476e+03 -1.92397912e+03  1.01e-02 4.44e-15  1.01e-02     0s
   5  -1.91879728e+03 -1.92258778e+03  3.03e-03 1.78e-15  3.65e-03     0s
   6  -1.92021791e+03 -1.92184819e+03  9.25e-04 8.88e-16  1.54e-03     0s
   7  -1.92037475e+03 -1.92160961e+03  7.37e-04 8.88e-16  1.17e-03     0s
   8  -1.92072649e+03 -1.92140517e+03  3.96e-04 1.78e-15  6.41e-04     0s
   9  -1.92099643e+03 -1.92119743e+03  1.18e-04 1.78e-15  1.90e-04     0s
  10  -1.92112021e+03 -1.92112713e+03  1.18e-06 1.78e-15  6.25e-06     0s
  11  -1.92112250e+03 -1.92112250e+03  0.00e+00 1.78e-15  6.25e-09     0s

Barrier solved model in 11 iterations and 0.01 seconds
Optimal objective -1.92112250e+03


Root relaxation: objective -1.921122e+03, 113 iterations, 0.00 seconds

    Nodes    |    Current Node    |     Objective Bounds      |     Work
 Expl Unexpl |  Obj  Depth IntInf | Incumbent    BestBd   Gap | It/Node Time

     0     0 -1921.1225    0   24    0.00000 -1921.1225      -     -    0s
H    0     0                    -1912.800000 -1921.1225  0.44%     -    0s

Explored 0 nodes (230 simplex iterations) in 0.02 seconds
Thread count was 20 (of 20 available processors)

Solution count 2: -1912.8 0 
Pool objective bound -1921.1

Optimal solution found (tolerance 5.00e-02)
Best objective -1.912800000000e+03, best bound -1.921100000000e+03, gap 0.4339%
(0, 1782.9999999999527)
(1, 1793.9999999999516)
(2, 1793.9999999999518)
(3, 1746.6999999999559)
(4, 1765.3999999999542)
(5, 1777.4999999999536)
(6, 1771.9999999999536)
(7, 1758.7999999999545)
(8, 1773.0999999999535)
(9, 1797.2999999999513)
(10, 1775.2999999999533)
(11, 1758.7999999999549)
(12, 1812.6999999999505)
(13, 1789.5999999999522)
(14, 1793.999999999952)
(15, 1793.999999999952)
(16, 1785.1999999999528)
(17, 1749.9999999999554)
(18, 1751.0999999999556)
(19, 1766.4999999999541)
(20, 1800.5999999999515)
(21, 1812.6999999999507)
(22, 1765.3999999999539)
(23, 1769.7999999999538)
(24, 1765.3999999999544)
(25, 1790.6999999999521)
(26, 1774.1999999999534)
(27, 1798.3999999999514)
(28, 1791.7999999999518)
(29, 1766.4999999999543)
(30, 1773.0999999999538)
(31, 1798.3999999999514)
(32, 1787.3999999999523)
(33, 1807.1999999999509)
(34, 1789.5999999999524)
(35, 1799.4999999999513)
(36, 1763.1999999999543)
(37, 1763.1999999999543)
(38, 1779.699999999953)
(39, 1743.3999999999564)
(0, 1801.6999999999514)
(1, 1800.5999999999513)
(2, 1802.7999999999511)
(3, 1802.7999999999511)
(4, 1798.3999999999519)
(5, 1801.6999999999509)
(6, 1800.5999999999515)
(7, 1803.8999999999512)
(8, 1801.6999999999512)
(9, 1806.0999999999508)
(10, 1803.8999999999512)
(11, 1795.0999999999517)
(12, 1800.5999999999513)
(13, 1797.2999999999518)
(14, 1795.0999999999519)
(15, 1800.5999999999513)
(16, 1801.6999999999512)
(17, 1802.7999999999511)
(18, 1799.4999999999516)
(19, 1800.5999999999515)
(20, 1803.899999999951)
(21, 1798.3999999999512)
(22, 1803.899999999951)
(23, 1797.2999999999513)
(24, 1796.1999999999516)
(25, 1804.9999999999509)
(26, 1800.5999999999513)
(27, 1798.3999999999514)
(28, 1804.9999999999507)
(29, 1801.6999999999512)
(30, 1802.7999999999508)
(31, 1796.1999999999514)
(32, 1804.9999999999511)
(33, 1799.4999999999511)
(34, 1800.5999999999508)
(35, 1808.2999999999508)
(36, 1797.2999999999518)
(37, 1799.4999999999511)
(38, 1807.1999999999505)
(39, 1804.9999999999509)
Changed value of parameter MIPGap to 0.05
   Prev: 0.0001  Min: 0.0  Max: 1e+100  Default: 0.0001
Changed value of parameter TimeLimit to 1800.0
   Prev: 1e+100  Min: 0.0  Max: 1e+100  Default: 1e+100
Changed value of parameter Method to 2
   Prev: -1  Min: -1  Max: 4  Default: -1
Changed value of parameter MIPFocus to 1
   Prev: 0  Min: 0  Max: 3  Default: 0
Optimize a model with 3610 rows, 5265 columns and 10530 nonzeros
Variable types: 0 continuous, 5265 integer (5265 binary)
Coefficient statistics:
  Matrix range     [1e+00, 5e+00]
  Objective range  [1e+00, 3e+00]
  Bounds range     [1e+00, 1e+00]
  RHS range        [8e+01, 8e+01]
Found heuristic solution: objective 0
Presolve removed 3562 rows and 4721 columns
Presolve time: 0.01s
Presolved: 48 rows, 544 columns, 1015 nonzeros
Variable types: 0 continuous, 544 integer (433 binary)
Presolved: 48 rows, 544 columns, 1015 nonzeros

Root barrier log...

Ordering time: 0.00s

Barrier statistics:
 AA' NZ     : 4.550e+02
 Factor NZ  : 1.176e+03
 Factor Ops : 3.802e+04 (less than 1 second per iteration)
 Threads    : 1

                  Objective                Residual
Iter       Primal          Dual         Primal    Dual     Compl     Time
   0  -3.38085972e+03 -3.24690022e+03  1.83e+01 8.88e-16  3.19e+00     0s
   1  -2.16987961e+03 -2.65004731e+03  9.10e-01 2.82e-01  5.80e-01     0s
   2  -2.16084734e+03 -2.25024271e+03  3.78e-02 3.21e-02  8.34e-02     0s
   3  -2.16980987e+03 -2.20014679e+03  1.60e-02 1.78e-15  2.84e-02     0s
   4  -2.17452723e+03 -2.18316599e+03  4.25e-03 1.78e-15  8.06e-03     0s
   5  -2.17642981e+03 -2.18039829e+03  2.45e-03 8.88e-16  3.75e-03     0s
   6  -2.17761726e+03 -2.17973531e+03  1.22e-03 8.88e-16  1.99e-03     0s
   7  -2.17806855e+03 -2.17923497e+03  6.99e-04 8.88e-16  1.10e-03     0s
   8  -2.17815122e+03 -2.17886878e+03  5.99e-04 1.78e-15  6.94e-04     0s
   9  -2.17838006e+03 -2.17871254e+03  3.10e-04 1.78e-15  3.25e-04     0s
  10  -2.17857764e+03 -2.17863169e+03  4.72e-05 1.78e-15  5.29e-05     0s
  11  -2.17861994e+03 -2.17862007e+03  0.00e+00 1.78e-15  1.06e-07     0s
  12  -2.17862000e+03 -2.17862000e+03  0.00e+00 1.78e-15  1.10e-13     0s

Barrier solved model in 12 iterations and 0.01 seconds
Optimal objective -2.17862000e+03


Root relaxation: objective -2.178620e+03, 192 iterations, 0.00 seconds

    Nodes    |    Current Node    |     Objective Bounds      |     Work
 Expl Unexpl |  Obj  Depth IntInf | Incumbent    BestBd   Gap | It/Node Time

     0     0 -2178.6200    0   16    0.00000 -2178.6200      -     -    0s
H    0     0                    -2168.400000 -2178.6200  0.47%     -    0s

Explored 0 nodes (315 simplex iterations) in 0.01 seconds
Thread count was 20 (of 20 available processors)

Solution count 2: -2168.4 0 
Pool objective bound -2178.6

Optimal solution found (tolerance 5.00e-02)
Best objective -2.168400000000e+03, best bound -2.178600000000e+03, gap 0.4704%
(0, 1982.4000000000551)
(1, 2049.6000000000572)
(2, 1999.2000000000558)
(3, 2031.6000000000572)
(4, 2047.2000000000576)
(5, 2037.6000000000572)
(6, 2056.8000000000561)
(7, 2031.600000000057)
(8, 2030.4000000000572)
(9, 2055.6000000000563)
(10, 2049.6000000000572)
(11, 2023.2000000000567)
(12, 2040.0000000000573)
(13, 2001.6000000000558)
(14, 2036.4000000000572)
(15, 1983.6000000000552)
(16, 2049.6000000000572)
(17, 2034.0000000000571)
(18, 2034.0000000000571)
(19, 2024.4000000000565)
(20, 2005.2000000000562)
(21, 2012.400000000056)
(22, 2038.8000000000573)
(23, 2029.2000000000571)
(24, 2028.0000000000571)
(25, 2034.0000000000573)
(26, 2024.4000000000567)
(27, 2026.800000000057)
(28, 2042.4000000000576)
(29, 2035.2000000000571)
(30, 2038.8000000000575)
(31, 2007.6000000000561)
(32, 2018.4000000000563)
(33, 2041.2000000000576)
(34, 2055.6000000000563)
(35, 1995.6000000000556)
(36, 2026.800000000057)
(37, 1984.8000000000554)
(38, 1989.6000000000554)
(39, 2055.6000000000563)
(0, 2052.0000000000568)
(1, 2044.8000000000575)
(2, 2048.4000000000578)
(3, 2055.6000000000563)
(4, 2037.600000000057)
(5, 2052.0000000000568)
(6, 2043.6000000000574)
(7, 2046.0000000000575)
(8, 2038.8000000000575)
(9, 2040.0000000000573)
(10, 2044.8000000000575)
(11, 2044.8000000000575)
(12, 2046.0000000000578)
(13, 2043.6000000000577)
(14, 2046.0000000000575)
(15, 2054.4000000000565)
(16, 2046.0000000000578)
(17, 2044.8000000000577)
(18, 2049.6000000000577)
(19, 2049.6000000000577)
(20, 2047.2000000000573)
(21, 2054.4000000000565)
(22, 2044.8000000000575)
(23, 2046.0000000000575)
(24, 2046.0000000000573)
(25, 2049.6000000000572)
(26, 2055.6000000000563)
(27, 2054.4000000000565)
(28, 2048.4000000000574)
(29, 2043.6000000000574)
(30, 2041.2000000000576)
(31, 2050.800000000057)
(32, 2041.2000000000571)
(33, 2049.6000000000577)
(34, 2048.4000000000578)
(35, 2041.2000000000573)
(36, 2050.800000000057)
(37, 2042.4000000000576)
(38, 2053.2000000000567)
(39, 2043.6000000000574)
Changed value of parameter MIPGap to 0.05
   Prev: 0.0001  Min: 0.0  Max: 1e+100  Default: 0.0001
Changed value of parameter TimeLimit to 1800.0
   Prev: 1e+100  Min: 0.0  Max: 1e+100  Default: 1e+100
Changed value of parameter Method to 2
   Prev: -1  Min: -1  Max: 4  Default: -1
Changed value of parameter MIPFocus to 1
   Prev: 0  Min: 0  Max: 3  Default: 0
Optimize a model with 3610 rows, 5265 columns and 10530 nonzeros
Variable types: 0 continuous, 5265 integer (5265 binary)
Coefficient statistics:
  Matrix range     [1e+00, 5e+00]
  Objective range  [1e+00, 4e+00]
  Bounds range     [1e+00, 1e+00]
  RHS range        [8e+01, 8e+01]
Found heuristic solution: objective 0
Presolve removed 3562 rows and 4721 columns
Presolve time: 0.01s
Presolved: 48 rows, 544 columns, 1015 nonzeros
Variable types: 0 continuous, 544 integer (433 binary)
Presolved: 48 rows, 544 columns, 1015 nonzeros

Root barrier log...

Ordering time: 0.00s

Barrier statistics:
 AA' NZ     : 4.550e+02
 Factor NZ  : 1.176e+03
 Factor Ops : 3.802e+04 (less than 1 second per iteration)
 Threads    : 1

                  Objective                Residual
Iter       Primal          Dual         Primal    Dual     Compl     Time
   0  -4.16293793e+03 -3.92290766e+03  1.83e+01 8.88e-16  3.71e+00     0s
   1  -2.67846872e+03 -3.24215961e+03  5.96e-01 3.03e-01  6.25e-01     0s
   2  -2.69949691e+03 -2.80526086e+03  2.35e-02 3.91e-02  9.70e-02     0s
   3  -2.71354925e+03 -2.74219932e+03  7.97e-03 1.78e-15  2.63e-02     0s
   4  -2.71858501e+03 -2.72764879e+03  2.91e-03 1.78e-15  8.39e-03     0s
   5  -2.72170251e+03 -2.72297817e+03  4.41e-04 1.78e-15  1.19e-03     0s
   6  -2.72229937e+03 -2.72230204e+03  0.00e+00 1.78e-15  2.39e-06     0s
   7  -2.72230000e+03 -2.72230000e+03  0.00e+00 1.78e-15  2.47e-12     0s

Barrier solved model in 7 iterations and 0.01 seconds
Optimal objective -2.72230000e+03


Root relaxation: objective -2.722300e+03, 369 iterations, 0.00 seconds

    Nodes    |    Current Node    |     Objective Bounds      |     Work
 Expl Unexpl |  Obj  Depth IntInf | Incumbent    BestBd   Gap | It/Node Time

     0     0 -2722.3000    0    9    0.00000 -2722.3000      -     -    0s
H    0     0                    -2716.000000 -2722.3000  0.23%     -    0s

Explored 0 nodes (528 simplex iterations) in 0.02 seconds
Thread count was 20 (of 20 available processors)

Solution count 2: -2716 0 
Pool objective bound -2721.6

Optimal solution found (tolerance 5.00e-02)
Best objective -2.716000000000e+03, best bound -2.721600000000e+03, gap 0.2062%
(0, 2493.4000000000924)
(1, 2528.4000000000942)
(2, 2521.4000000000942)
(3, 2482.2000000000921)
(4, 2524.2000000000944)
(5, 2503.200000000093)
(6, 2504.6000000000931)
(7, 2503.2000000000935)
(8, 2534.000000000095)
(9, 2529.8000000000952)
(10, 2508.8000000000934)
(11, 2499.0000000000928)
(12, 2521.4000000000938)
(13, 2525.6000000000945)
(14, 2517.200000000094)
(15, 2515.8000000000939)
(16, 2549.400000000096)
(17, 2492.0000000000923)
(18, 2494.800000000093)
(19, 2528.4000000000947)
(20, 2508.8000000000934)
(21, 2514.4000000000938)
(22, 2531.2000000000949)
(23, 2493.4000000000924)
(24, 2534.000000000095)
(25, 2510.2000000000935)
(26, 2501.8000000000934)
(27, 2517.200000000094)
(28, 2508.8000000000939)
(29, 2517.2000000000944)
(30, 2487.800000000092)
(31, 2549.4000000000956)
(32, 2511.600000000094)
(33, 2513.0000000000937)
(34, 2515.8000000000943)
(35, 2520.0000000000941)
(36, 2529.8000000000943)
(37, 2508.8000000000934)
(38, 2508.8000000000939)
(39, 2550.8000000000961)
(0, 2556.4000000000965)
(1, 2553.6000000000963)
(2, 2553.6000000000963)
(3, 2560.6000000000968)
(4, 2559.2000000000967)
(5, 2555.0000000000964)
(6, 2549.400000000096)
(7, 2559.2000000000971)
(8, 2555.0000000000964)
(9, 2550.8000000000966)
(10, 2559.2000000000971)
(11, 2562.0000000000969)
(12, 2562.0000000000973)
(13, 2567.6000000000972)
(14, 2562.0000000000973)
(15, 2553.6000000000963)
(16, 2562.0000000000969)
(17, 2559.2000000000967)
(18, 2557.800000000097)
(19, 2557.800000000097)
(20, 2566.2000000000971)
(21, 2562.0000000000969)
(22, 2555.0000000000964)
(23, 2557.800000000097)
(24, 2557.8000000000966)
(25, 2552.2000000000962)
(26, 2562.0000000000969)
(27, 2550.8000000000961)
(28, 2559.2000000000962)
(29, 2553.6000000000963)
(30, 2557.8000000000966)
(31, 2566.2000000000971)
(32, 2567.6000000000977)
(33, 2559.2000000000971)
(34, 2553.6000000000963)
(35, 2559.2000000000971)
(36, 2559.2000000000967)
(37, 2563.400000000097)
(38, 2557.8000000000966)
(39, 2557.8000000000966)
Changed value of parameter MIPGap to 0.05
   Prev: 0.0001  Min: 0.0  Max: 1e+100  Default: 0.0001
Changed value of parameter TimeLimit to 1800.0
   Prev: 1e+100  Min: 0.0  Max: 1e+100  Default: 1e+100
Changed value of parameter Method to 2
   Prev: -1  Min: -1  Max: 4  Default: -1
Changed value of parameter MIPFocus to 1
   Prev: 0  Min: 0  Max: 3  Default: 0
Optimize a model with 3610 rows, 5265 columns and 10530 nonzeros
Variable types: 0 continuous, 5265 integer (5265 binary)
Coefficient statistics:
  Matrix range     [1e+00, 5e+00]
  Objective range  [2e+00, 5e+00]
  Bounds range     [1e+00, 1e+00]
  RHS range        [8e+01, 8e+01]
Found heuristic solution: objective 0
Presolve removed 3562 rows and 4721 columns
Presolve time: 0.01s
Presolved: 48 rows, 544 columns, 1015 nonzeros
Variable types: 0 continuous, 544 integer (433 binary)
Presolved: 48 rows, 544 columns, 1015 nonzeros

Root barrier log...

Ordering time: 0.00s

Barrier statistics:
 AA' NZ     : 4.550e+02
 Factor NZ  : 1.176e+03
 Factor Ops : 3.802e+04 (less than 1 second per iteration)
 Threads    : 1

                  Objective                Residual
Iter       Primal          Dual         Primal    Dual     Compl     Time
   0  -4.55403687e+03 -4.26696930e+03  1.83e+01 4.44e-16  3.98e+00     0s
   1  -2.93733108e+03 -3.54577827e+03  4.56e-01 3.23e-01  6.48e-01     0s
   2  -2.97544957e+03 -3.08127037e+03  2.48e-02 3.77e-02  9.77e-02     0s
   3  -2.99201931e+03 -3.02375469e+03  8.16e-03 1.78e-15  2.93e-02     0s
   4  -2.99716681e+03 -3.00629126e+03  4.98e-04 1.78e-15  8.19e-03     0s
   5  -3.00099406e+03 -3.00197899e+03  9.67e-06 1.78e-15  8.84e-04     0s
   6  -3.00124838e+03 -3.00125247e+03  0.00e+00 1.78e-15  3.60e-06     0s
   7  -3.00125000e+03 -3.00125000e+03  0.00e+00 1.78e-15  3.94e-12     0s

Barrier solved model in 7 iterations and 0.01 seconds
Optimal objective -3.00125000e+03


Root relaxation: objective -3.001250e+03, 368 iterations, 0.00 seconds

    Nodes    |    Current Node    |     Objective Bounds      |     Work
 Expl Unexpl |  Obj  Depth IntInf | Incumbent    BestBd   Gap | It/Node Time

     0     0 -3001.2500    0   13    0.00000 -3001.2500      -     -    0s
H    0     0                    -2993.000000 -3001.2500  0.28%     -    0s

Explored 0 nodes (540 simplex iterations) in 0.02 seconds
Thread count was 20 (of 20 available processors)

Solution count 2: -2993 0 
Pool objective bound -3001

Optimal solution found (tolerance 5.00e-02)
Best objective -2.993000000000e+03, best bound -3.001000000000e+03, gap 0.2673%
(0, 2765.0)
(1, 2771.0)
(2, 2789.0)
(3, 2762.0)
(4, 2760.5)
(5, 2790.5)
(6, 2789.0)
(7, 2771.0)
(8, 2772.5)
(9, 2826.5)
(10, 2763.5)
(11, 2750.0)
(12, 2808.5)
(13, 2787.5)
(14, 2771.0)
(15, 2774.0)
(16, 2763.5)
(17, 2769.5)
(18, 2766.5)
(19, 2757.5)
(20, 2792.0)
(21, 2762.0)
(22, 2766.5)
(23, 2762.0)
(24, 2763.5)
(25, 2763.5)
(26, 2772.5)
(27, 2787.5)
(28, 2792.0)
(29, 2787.5)
(30, 2760.5)
(31, 2775.5)
(32, 2774.0)
(33, 2781.5)
(34, 2768.0)
(35, 2754.5)
(36, 2769.5)
(37, 2765.0)
(38, 2789.0)
(39, 2804.0)
(0, 2804.0)
(1, 2825.0)
(2, 2811.5)
(3, 2802.5)
(4, 2820.5)
(5, 2810.0)
(6, 2820.5)
(7, 2813.0)
(8, 2811.5)
(9, 2817.5)
(10, 2822.0)
(11, 2816.0)
(12, 2813.0)
(13, 2813.0)
(14, 2817.5)
(15, 2810.0)
(16, 2804.0)
(17, 2813.0)
(18, 2822.0)
(19, 2814.5)
(20, 2814.5)
(21, 2808.5)
(22, 2810.0)
(23, 2820.5)
(24, 2810.0)
(25, 2816.0)
(26, 2814.5)
(27, 2819.0)
(28, 2820.5)
(29, 2817.5)
(30, 2817.5)
(31, 2813.0)
(32, 2823.5)
(33, 2825.0)
(34, 2813.0)
(35, 2816.0)
(36, 2817.5)
(37, 2807.0)
(38, 2807.0)
(39, 2811.5)
Changed value of parameter MIPGap to 0.05
   Prev: 0.0001  Min: 0.0  Max: 1e+100  Default: 0.0001
Changed value of parameter TimeLimit to 1800.0
   Prev: 1e+100  Min: 0.0  Max: 1e+100  Default: 1e+100
Changed value of parameter Method to 2
   Prev: -1  Min: -1  Max: 4  Default: -1
Changed value of parameter MIPFocus to 1
   Prev: 0  Min: 0  Max: 3  Default: 0
Optimize a model with 3610 rows, 5265 columns and 10530 nonzeros
Variable types: 0 continuous, 5265 integer (5265 binary)
Coefficient statistics:
  Matrix range     [1e+00, 5e+00]
  Objective range  [2e+00, 9e+00]
  Bounds range     [1e+00, 1e+00]
  RHS range        [8e+01, 8e+01]
Found heuristic solution: objective 0
Presolve removed 3562 rows and 4721 columns
Presolve time: 0.01s
Presolved: 48 rows, 544 columns, 1015 nonzeros
Variable types: 0 continuous, 544 integer (433 binary)
Presolved: 48 rows, 544 columns, 1015 nonzeros

Root barrier log...

Ordering time: 0.00s

Barrier statistics:
 AA' NZ     : 4.550e+02
 Factor NZ  : 1.176e+03
 Factor Ops : 3.802e+04 (less than 1 second per iteration)
 Threads    : 1

                  Objective                Residual
Iter       Primal          Dual         Primal    Dual     Compl     Time
   0  -6.51957083e+03 -7.04564154e+03  1.84e+01 8.88e-16  8.18e+00     0s
   1  -4.18278243e+03 -5.63700622e+03  6.77e-02 9.74e-01  1.42e+00     0s
   2  -4.33582774e+03 -4.57734567e+03  5.91e-04 1.22e-01  2.15e-01     0s
   3  -4.38236648e+03 -4.43735281e+03  0.00e+00 3.62e-03  4.85e-02     0s
   4  -4.39024354e+03 -4.40444565e+03  0.00e+00 1.78e-15  1.25e-02     0s
   5  -4.39543512e+03 -4.39774753e+03  0.00e+00 1.78e-15  2.04e-03     0s
   6  -4.39597625e+03 -4.39602308e+03  0.00e+00 3.55e-15  4.12e-05     0s
   7  -4.39600000e+03 -4.39600000e+03  0.00e+00 1.78e-15  4.46e-10     0s

Barrier solved model in 7 iterations and 0.01 seconds
Optimal objective -4.39600000e+03


Root relaxation: objective -4.396000e+03, 368 iterations, 0.00 seconds

    Nodes    |    Current Node    |     Objective Bounds      |     Work
 Expl Unexpl |  Obj  Depth IntInf | Incumbent    BestBd   Gap | It/Node Time

     0     0 -4396.0000    0   11    0.00000 -4396.0000      -     -    0s
H    0     0                    -4385.000000 -4396.0000  0.25%     -    0s

Explored 0 nodes (523 simplex iterations) in 0.02 seconds
Thread count was 20 (of 20 available processors)

Solution count 2: -4385 0 
Pool objective bound -4396

Optimal solution found (tolerance 5.00e-02)
Best objective -4.385000000000e+03, best bound -4.396000000000e+03, gap 0.2509%
(0, 4159.0)
(1, 4093.0)
(2, 4117.0)
(3, 4127.0)
(4, 4131.0)
(5, 4139.0)
(6, 4091.0)
(7, 4137.0)
(8, 4065.0)
(9, 4105.0)
(10, 4121.0)
(11, 4147.0)
(12, 4109.0)
(13, 4097.0)
(14, 4109.0)
(15, 4155.0)
(16, 4157.0)
(17, 4131.0)
(18, 4131.0)
(19, 4197.0)
(20, 4149.0)
(21, 4099.0)
(22, 4137.0)
(23, 4169.0)
(24, 4089.0)
(25, 4127.0)
(26, 4111.0)
(27, 4087.0)
(28, 4169.0)
(29, 4147.0)
(30, 4091.0)
(31, 4179.0)
(32, 4185.0)
(33, 4155.0)
(34, 4123.0)
(35, 4169.0)
(36, 4139.0)
(37, 4115.0)
(38, 4179.0)
(39, 4129.0)
(0, 4165.0)
(1, 4163.0)
(2, 4153.0)
(3, 4149.0)
(4, 4145.0)
(5, 4163.0)
(6, 4153.0)
(7, 4153.0)
(8, 4155.0)
(9, 4149.0)
(10, 4135.0)
(11, 4153.0)
(12, 4149.0)
(13, 4151.0)
(14, 4143.0)
(15, 4155.0)
(16, 4153.0)
(17, 4157.0)
(18, 4147.0)
(19, 4149.0)
(20, 4149.0)
(21, 4147.0)
(22, 4145.0)
(23, 4161.0)
(24, 4161.0)
(25, 4155.0)
(26, 4151.0)
(27, 4153.0)
(28, 4151.0)
(29, 4157.0)
(30, 4153.0)
(31, 4157.0)
(32, 4145.0)
(33, 4153.0)
(34, 4159.0)
(35, 4143.0)
(36, 4157.0)
(37, 4157.0)
(38, 4149.0)
(39, 4163.0)
Changed value of parameter MIPGap to 0.05
   Prev: 0.0001  Min: 0.0  Max: 1e+100  Default: 0.0001
Changed value of parameter TimeLimit to 1800.0
   Prev: 1e+100  Min: 0.0  Max: 1e+100  Default: 1e+100
Changed value of parameter Method to 2
   Prev: -1  Min: -1  Max: 4  Default: -1
Changed value of parameter MIPFocus to 1
   Prev: 0  Min: 0  Max: 3  Default: 0
Optimize a model with 3610 rows, 5265 columns and 10530 nonzeros
Variable types: 0 continuous, 5265 integer (5265 binary)
Coefficient statistics:
  Matrix range     [1e+00, 5e+00]
  Objective range  [3e+00, 2e+01]
  Bounds range     [1e+00, 1e+00]
  RHS range        [8e+01, 8e+01]
Found heuristic solution: objective 0
Presolve removed 3562 rows and 4721 columns
Presolve time: 0.01s
Presolved: 48 rows, 544 columns, 1015 nonzeros
Variable types: 0 continuous, 544 integer (433 binary)
Presolved: 48 rows, 544 columns, 1015 nonzeros

Root barrier log...

Ordering time: 0.00s

Barrier statistics:
 AA' NZ     : 4.550e+02
 Factor NZ  : 1.176e+03
 Factor Ops : 3.802e+04 (less than 1 second per iteration)
 Threads    : 1

                  Objective                Residual
Iter       Primal          Dual         Primal    Dual     Compl     Time
   0  -1.04450698e+04 -1.26253075e+04  1.84e+01 1.78e-15  1.66e+01     0s
   1  -6.72747279e+03 -9.84129513e+03  1.65e-02 2.30e+00  2.96e+00     0s
   2  -7.06733269e+03 -7.51647207e+03  0.00e+00 2.55e-01  3.99e-01     0s
   3  -7.17208724e+03 -7.24717000e+03  0.00e+00 1.81e-02  6.62e-02     0s
   4  -7.18060077e+03 -7.19249300e+03  0.00e+00 7.11e-15  1.05e-02     0s
   5  -7.18531543e+03 -7.18583121e+03  0.00e+00 3.55e-15  4.54e-04     0s
   6  -7.18549999e+03 -7.18550002e+03  0.00e+00 3.55e-15  2.39e-08     0s
   7  -7.18550000e+03 -7.18550000e+03  1.86e-15 3.55e-15  2.94e-14     0s

Barrier solved model in 7 iterations and 0.01 seconds
Optimal objective -7.18550000e+03


Root relaxation: objective -7.185500e+03, 368 iterations, 0.00 seconds

    Nodes    |    Current Node    |     Objective Bounds      |     Work
 Expl Unexpl |  Obj  Depth IntInf | Incumbent    BestBd   Gap | It/Node Time

     0     0 -7185.5000    0   11    0.00000 -7185.5000      -     -    0s
H    0     0                    -7169.000000 -7185.5000  0.23%     -    0s

Explored 0 nodes (536 simplex iterations) in 0.02 seconds
Thread count was 20 (of 20 available processors)

Solution count 2: -7169 0 
Pool objective bound -7185

Optimal solution found (tolerance 5.00e-02)
Best objective -7.169000000000e+03, best bound -7.185000000000e+03, gap 0.2232%
(0, 6914.0)
(1, 6875.0)
(2, 6710.0)
(3, 6746.0)
(4, 6836.0)
(5, 6821.0)
(6, 6851.0)
(7, 6845.0)
(8, 6830.0)
(9, 6707.0)
(10, 6878.0)
(11, 6785.0)
(12, 6914.0)
(13, 6821.0)
(14, 6764.0)
(15, 6725.0)
(16, 6830.0)
(17, 6887.0)
(18, 6791.0)
(19, 6857.0)
(20, 6767.0)
(21, 6848.0)
(22, 6851.0)
(23, 6785.0)
(24, 6812.0)
(25, 6695.0)
(26, 6776.0)
(27, 6803.0)
(28, 6914.0)
(29, 6800.0)
(30, 6815.0)
(31, 6833.0)
(32, 6773.0)
(33, 6725.0)
(34, 6710.0)
(35, 6815.0)
(36, 6884.0)
(37, 6728.0)
(38, 6773.0)
(39, 6764.0)
(0, 6821.0)
(1, 6818.0)
(2, 6836.0)
(3, 6803.0)
(4, 6818.0)
(5, 6821.0)
(6, 6830.0)
(7, 6824.0)
(8, 6824.0)
(9, 6815.0)
(10, 6839.0)
(11, 6797.0)
(12, 6818.0)
(13, 6824.0)
(14, 6827.0)
(15, 6824.0)
(16, 6818.0)
(17, 6809.0)
(18, 6824.0)
(19, 6824.0)
(20, 6818.0)
(21, 6803.0)
(22, 6803.0)
(23, 6824.0)
(24, 6839.0)
(25, 6815.0)
(26, 6812.0)
(27, 6833.0)
(28, 6821.0)
(29, 6821.0)
(30, 6830.0)
(31, 6836.0)
(32, 6824.0)
(33, 6800.0)
(34, 6839.0)
(35, 6836.0)
(36, 6809.0)
(37, 6809.0)
(38, 6818.0)
(39, 6809.0)
Changed value of parameter MIPGap to 0.05
   Prev: 0.0001  Min: 0.0  Max: 1e+100  Default: 0.0001
Changed value of parameter TimeLimit to 1800.0
   Prev: 1e+100  Min: 0.0  Max: 1e+100  Default: 1e+100
Changed value of parameter Method to 2
   Prev: -1  Min: -1  Max: 4  Default: -1
Changed value of parameter MIPFocus to 1
   Prev: 0  Min: 0  Max: 3  Default: 0
Optimize a model with 3610 rows, 5265 columns and 10530 nonzeros
Variable types: 0 continuous, 5265 integer (5265 binary)
Coefficient statistics:
  Matrix range     [1e+00, 5e+00]
  Objective range  [5e+00, 3e+01]
  Bounds range     [1e+00, 1e+00]
  RHS range        [8e+01, 8e+01]
Found heuristic solution: objective 0
Presolve removed 3562 rows and 4721 columns
Presolve time: 0.01s
Presolved: 48 rows, 544 columns, 1015 nonzeros
Variable types: 0 continuous, 544 integer (433 binary)
Presolved: 48 rows, 544 columns, 1015 nonzeros

Root barrier log...

Ordering time: 0.00s

Barrier statistics:
 AA' NZ     : 4.550e+02
 Factor NZ  : 1.176e+03
 Factor Ops : 3.802e+04 (less than 1 second per iteration)
 Threads    : 1

                  Objective                Residual
Iter       Primal          Dual         Primal    Dual     Compl     Time
   0  -1.82932301e+04 -2.37846394e+04  1.84e+01 3.55e-15  3.36e+01     0s
   1  -1.18513716e+04 -1.82544909e+04  1.15e-02 4.97e+00  6.03e+00     0s
   2  -1.25275526e+04 -1.33480268e+04  0.00e+00 4.75e-01  7.31e-01     0s
   3  -1.27421270e+04 -1.28601665e+04  0.00e+00 2.43e-02  1.04e-01     0s
   4  -1.27563501e+04 -1.27778146e+04  0.00e+00 1.42e-14  1.89e-02     0s
   5  -1.27641597e+04 -1.27651005e+04  0.00e+00 1.42e-14  8.28e-04     0s
   6  -1.27645000e+04 -1.27645000e+04  0.00e+00 7.11e-15  5.03e-08     0s
   7  -1.27645000e+04 -1.27645000e+04  0.00e+00 7.11e-15  5.74e-14     0s

Barrier solved model in 7 iterations and 0.01 seconds
Optimal objective -1.27645000e+04


Root relaxation: objective -1.276450e+04, 367 iterations, 0.00 seconds

    Nodes    |    Current Node    |     Objective Bounds      |     Work
 Expl Unexpl |  Obj  Depth IntInf | Incumbent    BestBd   Gap | It/Node Time

     0     0 -12764.500    0   13    0.00000 -12764.500      -     -    0s
H    0     0                    -12742.00000 -12764.500  0.18%     -    0s

Explored 0 nodes (554 simplex iterations) in 0.02 seconds
Thread count was 20 (of 20 available processors)

Solution count 2: -12742 0 
Pool objective bound -12764

Optimal solution found (tolerance 5.00e-02)
Best objective -1.274200000000e+04, best bound -1.276400000000e+04, gap 0.1727%
(0, 12012.0)
(1, 12007.0)
(2, 12217.0)
(3, 12232.0)
(4, 12227.0)
(5, 12247.0)
(6, 12262.0)
(7, 12252.0)
(8, 12207.0)
(9, 11987.0)
(10, 12232.0)
(11, 12292.0)
(12, 12062.0)
(13, 12262.0)
(14, 12162.0)
(15, 12252.0)
(16, 12267.0)
(17, 12247.0)
(18, 12212.0)
(19, 12267.0)
(20, 12152.0)
(21, 12082.0)
(22, 12282.0)
(23, 12272.0)
(24, 12302.0)
(25, 12167.0)
(26, 12117.0)
(27, 12277.0)
(28, 12187.0)
(29, 12202.0)
(30, 11997.0)
(31, 12182.0)
(32, 12062.0)
(33, 12067.0)
(34, 12217.0)
(35, 12197.0)
(36, 12127.0)
(37, 12042.0)
(38, 12257.0)
(39, 12197.0)
(0, 12127.0)
(1, 12147.0)
(2, 12122.0)
(3, 12132.0)
(4, 12147.0)
(5, 12127.0)
(6, 12132.0)
(7, 12112.0)
(8, 12142.0)
(9, 12127.0)
(10, 12142.0)
(11, 12132.0)
(12, 12112.0)
(13, 12127.0)
(14, 12142.0)
(15, 12112.0)
(16, 12162.0)
(17, 12137.0)
(18, 12167.0)
(19, 12132.0)
(20, 12122.0)
(21, 12152.0)
(22, 12132.0)
(23, 12117.0)
(24, 12157.0)
(25, 12167.0)
(26, 12142.0)
(27, 12142.0)
(28, 12142.0)
(29, 12142.0)
(30, 12162.0)
(31, 12157.0)
(32, 12147.0)
(33, 12137.0)
(34, 12132.0)
(35, 12127.0)
(36, 12152.0)
(37, 12122.0)
(38, 12177.0)
(39, 12157.0)
Changed value of parameter MIPGap to 0.05
   Prev: 0.0001  Min: 0.0  Max: 1e+100  Default: 0.0001
Changed value of parameter TimeLimit to 1800.0
   Prev: 1e+100  Min: 0.0  Max: 1e+100  Default: 1e+100
Changed value of parameter Method to 2
   Prev: -1  Min: -1  Max: 4  Default: -1
Changed value of parameter MIPFocus to 1
   Prev: 0  Min: 0  Max: 3  Default: 0
Optimize a model with 3610 rows, 5265 columns and 10530 nonzeros
Variable types: 0 continuous, 5265 integer (5265 binary)
Coefficient statistics:
  Matrix range     [1e+00, 5e+00]
  Objective range  [6e+00, 4e+01]
  Bounds range     [1e+00, 1e+00]
  RHS range        [8e+01, 8e+01]
Found heuristic solution: objective 0
Presolve removed 3562 rows and 4721 columns
Presolve time: 0.01s
Presolved: 48 rows, 544 columns, 1015 nonzeros
Variable types: 0 continuous, 544 integer (433 binary)
Presolved: 48 rows, 544 columns, 1015 nonzeros

Root barrier log...

Ordering time: 0.00s

Barrier statistics:
 AA' NZ     : 4.550e+02
 Factor NZ  : 1.176e+03
 Factor Ops : 3.802e+04 (less than 1 second per iteration)
 Threads    : 1

                  Objective                Residual
Iter       Primal          Dual         Primal    Dual     Compl     Time
   0  -2.22170306e+04 -2.93643054e+04  1.84e+01 7.11e-15  4.20e+01     0s
   1  -1.44170630e+04 -2.24614857e+04  1.05e-02 6.30e+00  7.57e+00     0s
   2  -1.52577658e+04 -1.62715005e+04  0.00e+00 5.91e-01  9.04e-01     0s
   3  -1.55250723e+04 -1.56680874e+04  0.00e+00 2.89e-02  1.26e-01     0s
   4  -1.55439051e+04 -1.55714769e+04  0.00e+00 1.42e-14  2.43e-02     0s
   5  -1.55535622e+04 -1.55547459e+04  0.00e+00 1.42e-14  1.04e-03     0s
   6  -1.55540000e+04 -1.55540001e+04  0.00e+00 1.42e-14  7.35e-08     0s
   7  -1.55540000e+04 -1.55540000e+04  0.00e+00 7.11e-15  8.25e-14     0s

Barrier solved model in 7 iterations and 0.01 seconds
Optimal objective -1.55540000e+04


Root relaxation: objective -1.555400e+04, 367 iterations, 0.00 seconds

    Nodes    |    Current Node    |     Objective Bounds      |     Work
 Expl Unexpl |  Obj  Depth IntInf | Incumbent    BestBd   Gap | It/Node Time

     0     0 -15554.000    0   13    0.00000 -15554.000      -     -    0s
H    0     0                    -15521.00000 -15554.000  0.21%     -    0s

Explored 0 nodes (480 simplex iterations) in 0.02 seconds
Thread count was 20 (of 20 available processors)

Solution count 2: -15521 0 
Pool objective bound -15554

Optimal solution found (tolerance 5.00e-02)
Best objective -1.552100000000e+04, best bound -1.555400000000e+04, gap 0.2126%
(0, 14831.0)
(1, 14717.0)
(2, 14909.0)
(3, 14723.0)
(4, 14687.0)
(5, 14831.0)
(6, 14621.0)
(7, 14681.0)
(8, 14717.0)
(9, 14741.0)
(10, 14753.0)
(11, 14903.0)
(12, 14843.0)
(13, 14771.0)
(14, 14681.0)
(15, 14891.0)
(16, 14909.0)
(17, 14627.0)
(18, 14819.0)
(19, 14555.0)
(20, 14939.0)
(21, 14801.0)
(22, 14675.0)
(23, 14759.0)
(24, 14723.0)
(25, 14753.0)
(26, 14789.0)
(27, 14849.0)
(28, 14609.0)
(29, 14771.0)
(30, 14687.0)
(31, 14825.0)
(32, 15011.0)
(33, 14681.0)
(34, 14801.0)
(35, 14687.0)
(36, 14825.0)
(37, 14645.0)
(38, 14915.0)
(39, 14933.0)
(0, 14825.0)
(1, 14837.0)
(2, 14801.0)
(3, 14807.0)
(4, 14813.0)
(5, 14819.0)
(6, 14789.0)
(7, 14795.0)
(8, 14795.0)
(9, 14795.0)
(10, 14807.0)
(11, 14783.0)
(12, 14813.0)
(13, 14807.0)
(14, 14819.0)
(15, 14843.0)
(16, 14825.0)
(17, 14831.0)
(18, 14795.0)
(19, 14771.0)
(20, 14813.0)
(21, 14771.0)
(22, 14849.0)
(23, 14825.0)
(24, 14813.0)
(25, 14825.0)
(26, 14783.0)
(27, 14807.0)
(28, 14801.0)
(29, 14837.0)
(30, 14831.0)
(31, 14813.0)
(32, 14795.0)
(33, 14783.0)
(34, 14777.0)
(35, 14777.0)
(36, 14795.0)
(37, 14837.0)
(38, 14813.0)
(39, 14795.0)
Changed value of parameter MIPGap to 0.05
   Prev: 0.0001  Min: 0.0  Max: 1e+100  Default: 0.0001
Changed value of parameter TimeLimit to 1800.0
   Prev: 1e+100  Min: 0.0  Max: 1e+100  Default: 1e+100
Changed value of parameter Method to 2
   Prev: -1  Min: -1  Max: 4  Default: -1
Changed value of parameter MIPFocus to 1
   Prev: 0  Min: 0  Max: 3  Default: 0
Optimize a model with 3610 rows, 5265 columns and 10530 nonzeros
Variable types: 0 continuous, 5265 integer (5265 binary)
Coefficient statistics:
  Matrix range     [1e+00, 5e+00]
  Objective range  [1e+01, 8e+01]
  Bounds range     [1e+00, 1e+00]
  RHS range        [8e+01, 8e+01]
Found heuristic solution: objective 0
Presolve removed 3562 rows and 4721 columns
Presolve time: 0.01s
Presolved: 48 rows, 544 columns, 1015 nonzeros
Variable types: 0 continuous, 544 integer (433 binary)
Presolved: 48 rows, 544 columns, 1015 nonzeros

Root barrier log...

Ordering time: 0.00s

Barrier statistics:
 AA' NZ     : 4.550e+02
 Factor NZ  : 1.176e+03
 Factor Ops : 3.802e+04 (less than 1 second per iteration)
 Threads    : 1

                  Objective                Residual
Iter       Primal          Dual         Primal    Dual     Compl     Time
   0  -4.18354781e+04 -5.72626352e+04  1.84e+01 1.42e-14  8.43e+01     0s
   1  -2.72531224e+04 -4.34972728e+04  8.48e-03 1.30e+01  1.52e+01     0s
   2  -2.89520594e+04 -3.08426001e+04  0.00e+00 1.12e+00  1.69e+00     0s
   3  -2.94514803e+04 -2.97092985e+04  0.00e+00 5.25e-02  2.27e-01     0s
   4  -2.94836867e+04 -2.95344981e+04  0.00e+00 2.84e-14  4.47e-02     0s
   5  -2.95006865e+04 -2.95027967e+04  0.00e+00 2.84e-14  1.86e-03     0s
   6  -2.95015000e+04 -2.95015001e+04  0.00e+00 1.42e-14  1.33e-07     0s
   7  -2.95015000e+04 -2.95015000e+04  0.00e+00 2.84e-14  1.50e-13     0s

Barrier solved model in 7 iterations and 0.01 seconds
Optimal objective -2.95015000e+04


Root relaxation: objective -2.950150e+04, 367 iterations, 0.00 seconds

    Nodes    |    Current Node    |     Objective Bounds      |     Work
 Expl Unexpl |  Obj  Depth IntInf | Incumbent    BestBd   Gap | It/Node Time

     0     0 -29501.500    0    9    0.00000 -29501.500      -     -    0s
H    0     0                    -29452.00000 -29501.500  0.17%     -    0s

Explored 0 nodes (519 simplex iterations) in 0.02 seconds
Thread count was 20 (of 20 available processors)

Solution count 2: -29452 0 
Pool objective bound -29501

Optimal solution found (tolerance 5.00e-02)
Best objective -2.945200000000e+04, best bound -2.950100000000e+04, gap 0.1664%
(0, 28440.0)
(1, 27923.0)
(2, 28418.0)
(3, 28407.0)
(4, 28066.0)
(5, 28473.0)
(6, 28011.0)
(7, 28121.0)
(8, 28176.0)
(9, 28440.0)
(10, 28297.0)
(11, 27956.0)
(12, 28352.0)
(13, 28011.0)
(14, 28154.0)
(15, 28286.0)
(16, 28396.0)
(17, 28517.0)
(18, 27868.0)
(19, 27791.0)
(20, 28495.0)
(21, 27857.0)
(22, 27846.0)
(23, 28176.0)
(24, 28462.0)
(25, 28451.0)
(26, 28429.0)
(27, 27868.0)
(28, 28473.0)
(29, 28440.0)
(30, 28176.0)
(31, 27956.0)
(32, 28484.0)
(33, 28176.0)
(34, 28418.0)
(35, 28374.0)
(36, 28528.0)
(37, 28374.0)
(38, 27780.0)
(39, 28495.0)
(0, 28154.0)
(1, 28176.0)
(2, 28187.0)
(3, 28198.0)
(4, 28132.0)
(5, 28132.0)
(6, 28143.0)
(7, 28198.0)
(8, 28165.0)
(9, 28154.0)
(10, 28132.0)
(11, 28132.0)
(12, 28143.0)
(13, 28198.0)
(14, 28176.0)
(15, 28209.0)
(16, 28077.0)
(17, 28198.0)
(18, 28154.0)
(19, 28143.0)
(20, 28187.0)
(21, 28132.0)
(22, 28176.0)
(23, 28132.0)
(24, 28154.0)
(25, 28176.0)
(26, 28176.0)
(27, 28132.0)
(28, 28187.0)
(29, 28143.0)
(30, 28143.0)
(31, 28176.0)
(32, 28176.0)
(33, 28143.0)
(34, 28132.0)
(35, 28121.0)
(36, 28165.0)
(37, 28209.0)
(38, 28176.0)
(39, 28110.0)
Changed value of parameter MIPGap to 0.05
   Prev: 0.0001  Min: 0.0  Max: 1e+100  Default: 0.0001
Changed value of parameter TimeLimit to 1800.0
   Prev: 1e+100  Min: 0.0  Max: 1e+100  Default: 1e+100
Changed value of parameter Method to 2
   Prev: -1  Min: -1  Max: 4  Default: -1
Changed value of parameter MIPFocus to 1
   Prev: 0  Min: 0  Max: 3  Default: 0
Optimize a model with 3610 rows, 5265 columns and 10530 nonzeros
Variable types: 0 continuous, 5265 integer (5265 binary)
Coefficient statistics:
  Matrix range     [1e+00, 5e+00]
  Objective range  [2e+01, 2e+02]
  Bounds range     [1e+00, 1e+00]
  RHS range        [8e+01, 8e+01]
Found heuristic solution: objective 0
Presolve removed 3562 rows and 4721 columns
Presolve time: 0.01s
Presolved: 48 rows, 544 columns, 1015 nonzeros
Variable types: 0 continuous, 544 integer (433 binary)
Presolved: 48 rows, 544 columns, 1015 nonzeros

Root barrier log...

Ordering time: 0.00s

Barrier statistics:
 AA' NZ     : 4.550e+02
 Factor NZ  : 1.176e+03
 Factor Ops : 3.802e+04 (less than 1 second per iteration)
 Threads    : 1

                  Objective                Residual
Iter       Primal          Dual         Primal    Dual     Compl     Time
   0  -8.10718200e+04 -1.13059295e+05  1.84e+01 2.84e-14  1.69e+02     0s
   1  -5.29328262e+04 -8.55697317e+04  7.47e-03 2.63e+01  3.05e+01     0s
   2  -5.63765723e+04 -5.99443212e+04  0.00e+00 2.14e+00  3.18e+00     0s
   3  -5.73052921e+04 -5.77937949e+04  0.00e+00 1.01e-01  4.30e-01     0s
   4  -5.73634802e+04 -5.74580511e+04  0.00e+00 5.68e-14  8.33e-02     0s
   5  -5.73950214e+04 -5.73987896e+04  0.00e+00 5.68e-14  3.32e-03     0s
   6  -5.73964999e+04 -5.73965002e+04  0.00e+00 5.68e-14  2.20e-07     0s
   7  -5.73965000e+04 -5.73965000e+04  0.00e+00 5.68e-14  2.51e-13     0s

Barrier solved model in 7 iterations and 0.01 seconds
Optimal objective -5.73965000e+04


Root relaxation: objective -5.739650e+04, 366 iterations, 0.00 seconds

    Nodes    |    Current Node    |     Objective Bounds      |     Work
 Expl Unexpl |  Obj  Depth IntInf | Incumbent    BestBd   Gap | It/Node Time

     0     0 -57396.500    0   13    0.00000 -57396.500      -     -    0s
H    0     0                    -57302.00000 -57396.500  0.16%     -    0s

Explored 0 nodes (483 simplex iterations) in 0.02 seconds
Thread count was 20 (of 20 available processors)

Solution count 2: -57302 0 
Pool objective bound -57393

Optimal solution found (tolerance 5.00e-02)
Best objective -5.730200000000e+04, best bound -5.739300000000e+04, gap 0.1588%
(0, 54614.0)
(1, 55097.0)
(2, 54236.0)
(3, 54383.0)
(4, 55013.0)
(5, 55055.0)
(6, 54530.0)
(7, 54698.0)
(8, 55328.0)
(9, 54866.0)
(10, 54362.0)
(11, 55244.0)
(12, 55370.0)
(13, 55244.0)
(14, 54656.0)
(15, 54509.0)
(16, 54845.0)
(17, 55055.0)
(18, 54803.0)
(19, 54194.0)
(20, 55517.0)
(21, 54719.0)
(22, 55202.0)
(23, 54614.0)
(24, 55160.0)
(25, 54656.0)
(26, 55034.0)
(27, 55013.0)
(28, 55433.0)
(29, 54887.0)
(30, 55013.0)
(31, 54089.0)
(32, 54971.0)
(33, 54236.0)
(34, 54593.0)
(35, 54173.0)
(36, 54236.0)
(37, 55034.0)
(38, 54992.0)
(39, 54530.0)
(0, 54803.0)
(1, 54719.0)
(2, 54782.0)
(3, 54803.0)
(4, 54803.0)
(5, 54971.0)
(6, 54761.0)
(7, 54761.0)
(8, 54950.0)
(9, 54845.0)
(10, 54761.0)
(11, 54824.0)
(12, 54824.0)
(13, 54782.0)
(14, 54845.0)
(15, 54803.0)
(16, 54782.0)
(17, 54761.0)
(18, 54698.0)
(19, 54887.0)
(20, 54845.0)
(21, 54824.0)
(22, 54866.0)
(23, 54761.0)
(24, 54782.0)
(25, 54740.0)
(26, 54971.0)
(27, 54824.0)
(28, 54719.0)
(29, 54824.0)
(30, 54803.0)
(31, 54782.0)
(32, 54929.0)
(33, 54824.0)
(34, 54761.0)
(35, 54719.0)
(36, 54845.0)
(37, 54887.0)
(38, 54908.0)
(39, 54845.0)
Changed value of parameter MIPGap to 0.05
   Prev: 0.0001  Min: 0.0  Max: 1e+100  Default: 0.0001
Changed value of parameter TimeLimit to 1800.0
   Prev: 1e+100  Min: 0.0  Max: 1e+100  Default: 1e+100
Changed value of parameter Method to 2
   Prev: -1  Min: -1  Max: 4  Default: -1
Changed value of parameter MIPFocus to 1
   Prev: 0  Min: 0  Max: 3  Default: 0
Optimize a model with 3610 rows, 5265 columns and 10530 nonzeros
Variable types: 0 continuous, 5265 integer (5265 binary)
Coefficient statistics:
  Matrix range     [1e+00, 5e+00]
  Objective range  [5e+01, 4e+02]
  Bounds range     [1e+00, 1e+00]
  RHS range        [8e+01, 8e+01]
Found heuristic solution: objective 0
Presolve removed 3562 rows and 4721 columns
Presolve time: 0.01s
Presolved: 48 rows, 544 columns, 1015 nonzeros
Variable types: 0 continuous, 544 integer (433 binary)
Presolved: 48 rows, 544 columns, 1015 nonzeros

Root barrier log...

Ordering time: 0.00s

Barrier statistics:
 AA' NZ     : 4.550e+02
 Factor NZ  : 1.176e+03
 Factor Ops : 3.802e+04 (less than 1 second per iteration)
 Threads    : 1

                  Objective                Residual
Iter       Primal          Dual         Primal    Dual     Compl     Time
   0  -1.98780405e+05 -2.80449274e+05  1.84e+01 5.68e-14  4.23e+02     0s
   1  -1.29978086e+05 -2.11787611e+05  6.86e-03 6.63e+01  7.65e+01     0s
   2  -1.38529934e+05 -1.47370511e+05  0.00e+00 5.32e+00  7.89e+00     0s
   3  -1.40856676e+05 -1.42036467e+05  0.00e+00 2.37e-01  1.04e+00     0s
   4  -1.40999674e+05 -1.41237324e+05  0.00e+00 1.14e-13  2.09e-01     0s
   5  -1.41077767e+05 -1.41087186e+05  0.00e+00 1.14e-13  8.29e-03     0s
   6  -1.41081500e+05 -1.41081501e+05  0.00e+00 1.71e-13  9.21e-07     0s
   7  -1.41081500e+05 -1.41081500e+05  0.00e+00 1.14e-13  1.04e-12     0s

Barrier solved model in 7 iterations and 0.01 seconds
Optimal objective -1.41081500e+05


Root relaxation: objective -1.410815e+05, 367 iterations, 0.00 seconds

    Nodes    |    Current Node    |     Objective Bounds      |     Work
 Expl Unexpl |  Obj  Depth IntInf | Incumbent    BestBd   Gap | It/Node Time

     0     0 -141081.50    0   13    0.00000 -141081.50      -     -    0s
H    0     0                    -140852.0000 -141081.50  0.16%     -    0s

Explored 0 nodes (476 simplex iterations) in 0.02 seconds
Thread count was 20 (of 20 available processors)

Solution count 2: -140852 0 
Pool objective bound -141081

Optimal solution found (tolerance 5.00e-02)
Best objective -1.408520000000e+05, best bound -1.410810000000e+05, gap 0.1626%
(0, 134885.0)
(1, 134222.0)
(2, 134426.0)
(3, 132743.0)
(4, 133253.0)
(5, 134375.0)
(6, 134069.0)
(7, 135701.0)
(8, 132947.0)
(9, 133457.0)
(10, 133202.0)
(11, 135956.0)
(12, 135497.0)
(13, 134987.0)
(14, 134324.0)
(15, 134579.0)
(16, 136007.0)
(17, 136058.0)
(18, 133100.0)
(19, 134171.0)
(20, 133457.0)
(21, 132794.0)
(22, 136109.0)
(23, 135038.0)
(24, 134273.0)
(25, 135344.0)
(26, 135752.0)
(27, 135752.0)
(28, 136415.0)
(29, 134783.0)
(30, 133814.0)
(31, 134222.0)
(32, 136262.0)
(33, 134783.0)
(34, 135752.0)
(35, 136109.0)
(36, 133916.0)
(37, 135599.0)
(38, 134681.0)
(39, 135548.0)
(0, 134885.0)
(1, 135038.0)
(2, 135038.0)
(3, 134987.0)
(4, 134936.0)
(5, 134783.0)
(6, 134987.0)
(7, 135140.0)
(8, 134987.0)
(9, 134987.0)
(10, 134783.0)
(11, 134732.0)
(12, 134834.0)
(13, 135038.0)
(14, 134783.0)
(15, 134834.0)
(16, 134987.0)
(17, 135038.0)
(18, 135191.0)
(19, 135038.0)
(20, 134987.0)
(21, 134987.0)
(22, 134681.0)
(23, 134987.0)
(24, 134834.0)
(25, 134834.0)
(26, 134834.0)
(27, 134681.0)
(28, 135089.0)
(29, 135191.0)
(30, 134987.0)
(31, 134783.0)
(32, 134885.0)
(33, 135293.0)
(34, 134783.0)
(35, 134834.0)
(36, 134936.0)
(37, 134834.0)
(38, 134783.0)
(39, 134783.0)
Changed value of parameter MIPGap to 0.05
   Prev: 0.0001  Min: 0.0  Max: 1e+100  Default: 0.0001
Changed value of parameter TimeLimit to 1800.0
   Prev: 1e+100  Min: 0.0  Max: 1e+100  Default: 1e+100
Changed value of parameter Method to 2
   Prev: -1  Min: -1  Max: 4  Default: -1
Changed value of parameter MIPFocus to 1
   Prev: 0  Min: 0  Max: 3  Default: 0
Optimize a model with 3610 rows, 5265 columns and 10530 nonzeros
Variable types: 0 continuous, 5265 integer (5265 binary)
Coefficient statistics:
  Matrix range     [1e+00, 5e+00]
  Objective range  [5e+02, 4e+03]
  Bounds range     [1e+00, 1e+00]
  RHS range        [8e+01, 8e+01]
Found heuristic solution: objective 0
Presolve removed 3562 rows and 4721 columns
Presolve time: 0.01s
Presolved: 48 rows, 544 columns, 1015 nonzeros
Variable types: 0 continuous, 544 integer (433 binary)
Presolved: 48 rows, 544 columns, 1015 nonzeros

Root barrier log...

Ordering time: 0.00s

Barrier statistics:
 AA' NZ     : 4.550e+02
 Factor NZ  : 1.176e+03
 Factor Ops : 3.802e+04 (less than 1 second per iteration)
 Threads    : 1

                  Objective                Residual
Iter       Primal          Dual         Primal    Dual     Compl     Time
   0  -1.96440759e+06 -2.79129896e+06  1.84e+01 4.55e-13  4.23e+03     0s
   1  -1.28568015e+06 -2.10505829e+06  6.50e-03 6.67e+02  7.66e+02     0s
   2  -1.37084448e+06 -1.45864277e+06  0.00e+00 5.29e+01  7.84e+01     0s
   3  -1.39409701e+06 -1.40568454e+06  0.00e+00 2.28e+00  1.02e+01     0s
   4  -1.39552466e+06 -1.39793604e+06  0.00e+00 9.09e-13  2.12e+00     0s
   5  -1.39632128e+06 -1.39642419e+06  0.00e+00 9.09e-13  9.06e-02     0s
   6  -1.39635650e+06 -1.39635651e+06  0.00e+00 9.09e-13  7.33e-06     0s
   7  -1.39635650e+06 -1.39635650e+06  0.00e+00 1.36e-12  7.73e-12     0s

Barrier solved model in 7 iterations and 0.01 seconds
Optimal objective -1.39635650e+06


Root relaxation: objective -1.396357e+06, 367 iterations, 0.00 seconds

    Nodes    |    Current Node    |     Objective Bounds      |     Work
 Expl Unexpl |  Obj  Depth IntInf | Incumbent    BestBd   Gap | It/Node Time

     0     0 -1396356.5    0   13    0.00000 -1396356.5      -     -    0s
H    0     0                    -1394102.000 -1396356.5  0.16%     -    0s

Explored 0 nodes (440 simplex iterations) in 0.02 seconds
Thread count was 20 (of 20 available processors)

Solution count 2: -1.3941e+06 0 
Pool objective bound -1.39636e+06

Optimal solution found (tolerance 5.00e-02)
Best objective -1.394102000000e+06, best bound -1.396356000000e+06, gap 0.1617%
(0, 1339493.0)
(1, 1318451.0)
(2, 1318952.0)
(3, 1324463.0)
(4, 1316447.0)
(5, 1312439.0)
(6, 1322960.0)
(7, 1335485.0)
(8, 1316447.0)
(9, 1326467.0)
(10, 1328471.0)
(11, 1325465.0)
(12, 1332479.0)
(13, 1324463.0)
(14, 1336487.0)
(15, 1326968.0)
(16, 1326467.0)
(17, 1330475.0)
(18, 1321457.0)
(19, 1324463.0)
(20, 1332479.0)
(21, 1322459.0)
(22, 1325966.0)
(23, 1324964.0)
(24, 1317449.0)
(25, 1345004.0)
(26, 1332980.0)
(27, 1333481.0)
(28, 1337489.0)
(29, 1318952.0)
(30, 1326467.0)
(31, 1324463.0)
(32, 1322459.0)
(33, 1318952.0)
(34, 1319954.0)
(35, 1315445.0)
(36, 1341497.0)
(37, 1319453.0)
(38, 1319453.0)
(39, 1320956.0)
(0, 1331978.0)
(1, 1331477.0)
(2, 1334483.0)
(3, 1335485.0)
(4, 1332479.0)
(5, 1330475.0)
(6, 1329974.0)
(7, 1330475.0)
(8, 1330475.0)
(9, 1331978.0)
(10, 1334984.0)
(11, 1333481.0)
(12, 1333481.0)
(13, 1329974.0)
(14, 1335986.0)
(15, 1330475.0)
(16, 1332980.0)
(17, 1333982.0)
(18, 1333481.0)
(19, 1329974.0)
(20, 1334483.0)
(21, 1333481.0)
(22, 1335986.0)
(23, 1331477.0)
(24, 1331477.0)
(25, 1332980.0)
(26, 1330475.0)
(27, 1333982.0)
(28, 1330976.0)
(29, 1329473.0)
(30, 1333481.0)
(31, 1328972.0)
(32, 1334984.0)
(33, 1334984.0)
(34, 1330976.0)
(35, 1332479.0)
(36, 1337489.0)
(37, 1331978.0)
(38, 1329974.0)
(39, 1332479.0)
