Changed value of parameter MIPGap to 0.05
   Prev: 0.0001  Min: 0.0  Max: 1e+100  Default: 0.0001
Changed value of parameter TimeLimit to 1800.0
   Prev: 1e+100  Min: 0.0  Max: 1e+100  Default: 1e+100
Changed value of parameter Method to 2
   Prev: -1  Min: -1  Max: 4  Default: -1
Changed value of parameter MIPFocus to 1
   Prev: 0  Min: 0  Max: 3  Default: 0
Optimize a model with 4616 rows, 6774 columns and 13548 nonzeros
Variable types: 0 continuous, 6774 integer (6774 binary)
Coefficient statistics:
  Matrix range     [1e+00, 5e+00]
  Objective range  [1e+00, 1e+00]
  Bounds range     [1e+00, 1e+00]
  RHS range        [8e+01, 8e+01]
Found heuristic solution: objective 0
Presolve removed 4527 rows and 4941 columns
Presolve time: 0.03s
Presolved: 89 rows, 1833 columns, 3565 nonzeros
Found heuristic solution: objective -1647.000000
Variable types: 0 continuous, 1833 integer (1581 binary)
Presolved: 89 rows, 1833 columns, 3565 nonzeros

Root barrier log...

Ordering time: 0.00s

Barrier statistics:
 AA' NZ     : 1.679e+03
 Factor NZ  : 3.830e+03 (roughly 1 MByte of memory)
 Factor Ops : 2.184e+05 (less than 1 second per iteration)
 Threads    : 1

                  Objective                Residual
Iter       Primal          Dual         Primal    Dual     Compl     Time
   0  -8.31823359e+03 -3.78209304e+03  5.18e+01 4.44e-16  3.32e+00     0s
   1  -2.15645696e+03 -3.23228941e+03  3.26e+00 3.47e-01  5.58e-01     0s
   2  -1.82822321e+03 -2.05805131e+03  1.45e-01 2.30e-02  6.93e-02     0s
   3  -1.86362124e+03 -1.91674947e+03  7.07e-03 3.68e-03  1.46e-02     0s
   4  -1.87128633e+03 -1.89190592e+03  8.15e-04 1.08e-03  5.55e-03     0s
   5  -1.87292650e+03 -1.87859851e+03  1.52e-04 8.88e-16  1.53e-03     0s
   6  -1.87381107e+03 -1.87432720e+03  1.16e-06 8.88e-16  1.38e-04     0s
   7  -1.87389995e+03 -1.87390032e+03  0.00e+00 1.78e-15  9.90e-08     0s
   8  -1.87390000e+03 -1.87390000e+03  0.00e+00 8.88e-16  1.00e-13     0s

Barrier solved model in 8 iterations and 0.08 seconds
Optimal objective -1.87390000e+03


Root relaxation: objective -1.873900e+03, 592 iterations, 0.04 seconds

    Nodes    |    Current Node    |     Objective Bounds      |     Work
 Expl Unexpl |  Obj  Depth IntInf | Incumbent    BestBd   Gap | It/Node Time

     0     0 -1873.9000    0   10 -1647.0000 -1873.9000  13.8%     -    0s
H    0     0                    -1869.000000 -1873.9000  0.26%     -    0s

Explored 0 nodes (822 simplex iterations) in 0.11 seconds
Thread count was 20 (of 20 available processors)

Solution count 3: -1869 -1647 -30 
Pool objective bound -1873

Optimal solution found (tolerance 5.00e-02)
Best objective -1.869000000000e+03, best bound -1.873000000000e+03, gap 0.2140%
(0, 1697.0)
(1, 1709.0)
(2, 1689.0)
(3, 1711.0)
(4, 1707.0)
(5, 1706.0)
(6, 1711.0)
(7, 1723.0)
(8, 1693.0)
(9, 1700.0)
(10, 1712.0)
(11, 1692.0)
(12, 1712.0)
(13, 1716.0)
(14, 1692.0)
(15, 1688.0)
(16, 1681.0)
(17, 1683.0)
(18, 1695.0)
(19, 1711.0)
(20, 1703.0)
(21, 1696.0)
(22, 1711.0)
(23, 1704.0)
(24, 1702.0)
(25, 1701.0)
(26, 1711.0)
(27, 1684.0)
(28, 1699.0)
(29, 1703.0)
(30, 1701.0)
(31, 1674.0)
(32, 1709.0)
(33, 1701.0)
(34, 1710.0)
(35, 1702.0)
(36, 1719.0)
(37, 1675.0)
(38, 1704.0)
(39, 1701.0)
(0, 1782.0)
(1, 1778.0)
(2, 1778.0)
(3, 1777.0)
(4, 1784.0)
(5, 1776.0)
(6, 1772.0)
(7, 1782.0)
(8, 1782.0)
(9, 1782.0)
(10, 1777.0)
(11, 1784.0)
(12, 1779.0)
(13, 1784.0)
(14, 1776.0)
(15, 1781.0)
(16, 1782.0)
(17, 1780.0)
(18, 1780.0)
(19, 1779.0)
(20, 1781.0)
(21, 1779.0)
(22, 1782.0)
(23, 1784.0)
(24, 1777.0)
(25, 1778.0)
(26, 1783.0)
(27, 1777.0)
(28, 1783.0)
(29, 1784.0)
(30, 1784.0)
(31, 1782.0)
(32, 1782.0)
(33, 1782.0)
(34, 1781.0)
(35, 1775.0)
(36, 1778.0)
(37, 1777.0)
(38, 1783.0)
(39, 1780.0)
Changed value of parameter MIPGap to 0.05
   Prev: 0.0001  Min: 0.0  Max: 1e+100  Default: 0.0001
Changed value of parameter TimeLimit to 1800.0
   Prev: 1e+100  Min: 0.0  Max: 1e+100  Default: 1e+100
Changed value of parameter Method to 2
   Prev: -1  Min: -1  Max: 4  Default: -1
Changed value of parameter MIPFocus to 1
   Prev: 0  Min: 0  Max: 3  Default: 0
Optimize a model with 4616 rows, 6774 columns and 13548 nonzeros
Variable types: 0 continuous, 6774 integer (6774 binary)
Coefficient statistics:
  Matrix range     [1e+00, 5e+00]
  Objective range  [1e+00, 1e+00]
  Bounds range     [1e+00, 1e+00]
  RHS range        [8e+01, 8e+01]
Found heuristic solution: objective 0
Presolve removed 4527 rows and 4939 columns
Presolve time: 0.01s
Presolved: 89 rows, 1835 columns, 3567 nonzeros
Found heuristic solution: objective -1648.387000
Variable types: 0 continuous, 1835 integer (1581 binary)
Presolved: 89 rows, 1835 columns, 3567 nonzeros

Root barrier log...

Ordering time: 0.00s

Barrier statistics:
 AA' NZ     : 1.679e+03
 Factor NZ  : 3.830e+03 (roughly 1 MByte of memory)
 Factor Ops : 2.184e+05 (less than 1 second per iteration)
 Threads    : 1

                  Objective                Residual
Iter       Primal          Dual         Primal    Dual     Compl     Time
   0  -8.33041899e+03 -3.78936473e+03  5.19e+01 8.88e-16  3.33e+00     0s
   1  -2.16949340e+03 -3.23747397e+03  3.35e+00 3.47e-01  5.63e-01     0s
   2  -1.82959703e+03 -2.06155608e+03  1.51e-01 2.30e-02  7.01e-02     0s
   3  -1.86454542e+03 -1.91655659e+03  7.57e-03 3.44e-03  1.43e-02     0s
   4  -1.87224766e+03 -1.89267781e+03  9.04e-04 1.02e-03  5.50e-03     0s
   5  -1.87382601e+03 -1.88228608e+03  2.17e-04 1.97e-04  2.27e-03     0s
   6  -1.87477499e+03 -1.87538584e+03  0.00e+00 1.78e-15  1.64e-04     0s
   7  -1.87490473e+03 -1.87490524e+03  0.00e+00 1.78e-15  1.36e-07     0s
   8  -1.87490485e+03 -1.87490485e+03  0.00e+00 1.78e-15  1.38e-13     0s

Barrier solved model in 8 iterations and 0.02 seconds
Optimal objective -1.87490485e+03


Root relaxation: objective -1.874905e+03, 592 iterations, 0.01 seconds

    Nodes    |    Current Node    |     Objective Bounds      |     Work
 Expl Unexpl |  Obj  Depth IntInf | Incumbent    BestBd   Gap | It/Node Time

     0     0 -1874.9049    0   10 -1648.3870 -1874.9049  13.7%     -    0s
H    0     0                    -1870.004500 -1874.9049  0.26%     -    0s

Explored 0 nodes (784 simplex iterations) in 0.03 seconds
Thread count was 20 (of 20 available processors)

Solution count 3: -1870 -1648.39 -26.02 
Pool objective bound -1874.9

Optimal solution found (tolerance 5.00e-02)
Best objective -1.870004500000e+03, best bound -1.874904850000e+03, gap 0.2621%
(0, 1692.9160000000577)
(1, 1690.9150000000575)
(2, 1684.9120000000569)
(3, 1689.9145000000574)
(4, 1688.9140000000573)
(5, 1679.9095000000564)
(6, 1682.9110000000567)
(7, 1684.9120000000569)
(8, 1707.9235000000592)
(9, 1709.9245000000594)
(10, 1683.9115000000568)
(11, 1677.9085000000562)
(12, 1694.9170000000579)
(13, 1682.9110000000567)
(14, 1697.9185000000582)
(15, 1700.9200000000585)
(16, 1711.9255000000596)
(17, 1690.9150000000575)
(18, 1691.9155000000576)
(19, 1692.9160000000577)
(20, 1676.9080000000561)
(21, 1713.9265000000598)
(22, 1687.9135000000572)
(23, 1722.9310000000607)
(24, 1684.9120000000569)
(25, 1700.9200000000585)
(26, 1710.9250000000595)
(27, 1692.9160000000577)
(28, 1686.9130000000571)
(29, 1699.9195000000584)
(30, 1699.9195000000584)
(31, 1679.9095000000564)
(32, 1672.9060000000557)
(33, 1705.922500000059)
(34, 1691.9155000000576)
(35, 1685.912500000057)
(36, 1687.9135000000572)
(37, 1674.9070000000559)
(38, 1676.9080000000561)
(39, 1693.9165000000578)
(0, 1776.9580000000662)
(1, 1782.9610000000669)
(2, 1780.9600000000667)
(3, 1779.9595000000666)
(4, 1779.9595000000666)
(5, 1779.9595000000666)
(6, 1772.9560000000658)
(7, 1776.9580000000662)
(8, 1779.9595000000666)
(9, 1781.9605000000668)
(10, 1778.9590000000665)
(11, 1779.9595000000666)
(12, 1783.961500000067)
(13, 1775.9575000000661)
(14, 1779.9595000000666)
(15, 1780.9600000000667)
(16, 1783.961500000067)
(17, 1774.957000000066)
(18, 1783.961500000067)
(19, 1771.9555000000657)
(20, 1785.9625000000672)
(21, 1770.9550000000656)
(22, 1775.9575000000661)
(23, 1776.9580000000662)
(24, 1773.9565000000659)
(25, 1774.957000000066)
(26, 1777.9585000000664)
(27, 1784.9620000000671)
(28, 1779.9595000000666)
(29, 1776.9580000000662)
(30, 1781.9605000000668)
(31, 1772.9560000000658)
(32, 1777.9585000000664)
(33, 1780.9600000000667)
(34, 1782.9610000000669)
(35, 1772.9560000000658)
(36, 1780.9600000000667)
(37, 1777.9585000000664)
(38, 1777.9585000000664)
(39, 1778.9590000000665)
Changed value of parameter MIPGap to 0.05
   Prev: 0.0001  Min: 0.0  Max: 1e+100  Default: 0.0001
Changed value of parameter TimeLimit to 1800.0
   Prev: 1e+100  Min: 0.0  Max: 1e+100  Default: 1e+100
Changed value of parameter Method to 2
   Prev: -1  Min: -1  Max: 4  Default: -1
Changed value of parameter MIPFocus to 1
   Prev: 0  Min: 0  Max: 3  Default: 0
Optimize a model with 4616 rows, 6774 columns and 13548 nonzeros
Variable types: 0 continuous, 6774 integer (6774 binary)
Coefficient statistics:
  Matrix range     [1e+00, 5e+00]
  Objective range  [1e+00, 1e+00]
  Bounds range     [1e+00, 1e+00]
  RHS range        [8e+01, 8e+01]
Found heuristic solution: objective 0
Presolve removed 4527 rows and 4939 columns
Presolve time: 0.01s
Presolved: 89 rows, 1835 columns, 3567 nonzeros
Found heuristic solution: objective -1649.774000
Variable types: 0 continuous, 1835 integer (1581 binary)
Presolved: 89 rows, 1835 columns, 3567 nonzeros

Root barrier log...

Ordering time: 0.00s

Barrier statistics:
 AA' NZ     : 1.679e+03
 Factor NZ  : 3.830e+03 (roughly 1 MByte of memory)
 Factor Ops : 2.184e+05 (less than 1 second per iteration)
 Threads    : 1

                  Objective                Residual
Iter       Primal          Dual         Primal    Dual     Compl     Time
   0  -8.33589564e+03 -3.79122691e+03  5.19e+01 4.44e-16  3.33e+00     0s
   1  -2.17085219e+03 -3.23907521e+03  3.35e+00 3.47e-01  5.63e-01     0s
   2  -1.83063540e+03 -2.06263777e+03  1.51e-01 2.30e-02  7.01e-02     0s
   3  -1.86557417e+03 -1.91757053e+03  7.58e-03 3.45e-03  1.43e-02     0s
   4  -1.87319335e+03 -1.89326857e+03  9.56e-04 9.82e-04  5.41e-03     0s
   5  -1.87477106e+03 -1.88094982e+03  1.59e-04 9.30e-06  1.66e-03     0s
   6  -1.87583062e+03 -1.87623473e+03  0.00e+00 1.78e-15  1.08e-04     0s
   7  -1.87590968e+03 -1.87590975e+03  0.00e+00 1.78e-15  1.71e-08     0s
   8  -1.87590970e+03 -1.87590970e+03  4.44e-15 1.78e-15  1.72e-14     0s

Barrier solved model in 8 iterations and 0.02 seconds
Optimal objective -1.87590970e+03


Root relaxation: objective -1.875910e+03, 592 iterations, 0.01 seconds

    Nodes    |    Current Node    |     Objective Bounds      |     Work
 Expl Unexpl |  Obj  Depth IntInf | Incumbent    BestBd   Gap | It/Node Time

     0     0 -1875.9097    0   10 -1649.7740 -1875.9097  13.7%     -    0s
H    0     0                    -1872.010000 -1875.9097  0.21%     -    0s

Explored 0 nodes (726 simplex iterations) in 0.03 seconds
Thread count was 20 (of 20 available processors)

Solution count 3: -1872.01 -1649.77 -26.04 
Pool objective bound -1875.91

Optimal solution found (tolerance 5.00e-02)
Best objective -1.872010000000e+03, best bound -1.875909700000e+03, gap 0.2083%
(0, 1729.8679999999661)
(1, 1730.868999999966)
(2, 1730.868999999966)
(3, 1672.8109999999674)
(4, 1693.8319999999669)
(5, 1672.8109999999674)
(6, 1720.8589999999663)
(7, 1671.8099999999674)
(8, 1716.8549999999664)
(9, 1705.8439999999666)
(10, 1717.8559999999663)
(11, 1723.8619999999662)
(12, 1721.8599999999662)
(13, 1709.8479999999665)
(14, 1688.826999999967)
(15, 1698.8369999999668)
(16, 1726.8649999999661)
(17, 1705.8439999999666)
(18, 1720.8589999999663)
(19, 1708.8469999999666)
(20, 1717.8559999999663)
(21, 1717.8559999999663)
(22, 1728.8669999999661)
(23, 1712.8509999999665)
(24, 1710.8489999999665)
(25, 1726.8649999999661)
(26, 1717.8559999999663)
(27, 1722.8609999999662)
(28, 1708.8469999999666)
(29, 1697.8359999999668)
(30, 1684.8229999999671)
(31, 1723.8619999999662)
(32, 1695.8339999999669)
(33, 1707.8459999999666)
(34, 1700.8389999999667)
(35, 1717.8559999999663)
(36, 1709.8479999999665)
(37, 1718.8569999999663)
(38, 1717.8559999999663)
(39, 1695.8339999999669)
(0, 1777.9159999999649)
(1, 1783.9219999999648)
(2, 1780.9189999999649)
(3, 1783.9219999999648)
(4, 1780.9189999999649)
(5, 1776.9149999999649)
(6, 1779.9179999999649)
(7, 1782.9209999999648)
(8, 1782.9209999999648)
(9, 1782.9209999999648)
(10, 1776.9149999999649)
(11, 1785.9239999999647)
(12, 1777.9159999999649)
(13, 1781.9199999999648)
(14, 1783.9219999999648)
(15, 1777.9159999999649)
(16, 1779.9179999999649)
(17, 1778.9169999999649)
(18, 1774.912999999965)
(19, 1781.9199999999648)
(20, 1782.9209999999648)
(21, 1782.9209999999648)
(22, 1781.9199999999648)
(23, 1780.9189999999649)
(24, 1782.9209999999648)
(25, 1781.9199999999648)
(26, 1780.9189999999649)
(27, 1785.9239999999647)
(28, 1777.9159999999649)
(29, 1780.9189999999649)
(30, 1780.9189999999649)
(31, 1776.9149999999649)
(32, 1783.9219999999648)
(33, 1780.9189999999649)
(34, 1778.9169999999649)
(35, 1782.9209999999648)
(36, 1778.9169999999649)
(37, 1774.912999999965)
(38, 1779.9179999999649)
(39, 1777.9159999999649)
Changed value of parameter MIPGap to 0.05
   Prev: 0.0001  Min: 0.0  Max: 1e+100  Default: 0.0001
Changed value of parameter TimeLimit to 1800.0
   Prev: 1e+100  Min: 0.0  Max: 1e+100  Default: 1e+100
Changed value of parameter Method to 2
   Prev: -1  Min: -1  Max: 4  Default: -1
Changed value of parameter MIPFocus to 1
   Prev: 0  Min: 0  Max: 3  Default: 0
Optimize a model with 4616 rows, 6774 columns and 13548 nonzeros
Variable types: 0 continuous, 6774 integer (6774 binary)
Coefficient statistics:
  Matrix range     [1e+00, 5e+00]
  Objective range  [1e+00, 1e+00]
  Bounds range     [1e+00, 1e+00]
  RHS range        [8e+01, 8e+01]
Found heuristic solution: objective 0
Presolve removed 4527 rows and 4939 columns
Presolve time: 0.01s
Presolved: 89 rows, 1835 columns, 3567 nonzeros
Found heuristic solution: objective -1652.548000
Variable types: 0 continuous, 1835 integer (1581 binary)
Presolved: 89 rows, 1835 columns, 3567 nonzeros

Root barrier log...

Ordering time: 0.00s

Barrier statistics:
 AA' NZ     : 1.679e+03
 Factor NZ  : 3.830e+03 (roughly 1 MByte of memory)
 Factor Ops : 2.184e+05 (less than 1 second per iteration)
 Threads    : 1

                  Objective                Residual
Iter       Primal          Dual         Primal    Dual     Compl     Time
   0  -8.34684893e+03 -3.79495126e+03  5.19e+01 8.88e-16  3.33e+00     0s
   1  -2.17357103e+03 -3.24227807e+03  3.35e+00 3.47e-01  5.63e-01     0s
   2  -1.83270976e+03 -2.06501999e+03  1.50e-01 2.30e-02  7.01e-02     0s
   3  -1.86763323e+03 -1.91891929e+03  7.55e-03 3.33e-03  1.41e-02     0s
   4  -1.87541888e+03 -1.89491427e+03  7.88e-04 9.08e-04  5.25e-03     0s
   5  -1.87682513e+03 -1.88275982e+03  1.21e-04 8.88e-16  1.60e-03     0s
   6  -1.87784429e+03 -1.87816922e+03  0.00e+00 1.78e-15  8.72e-05     0s
   7  -1.87791939e+03 -1.87791943e+03  0.00e+00 1.78e-15  1.05e-08     0s
   8  -1.87791940e+03 -1.87791940e+03  4.86e-15 1.78e-15  1.07e-14     0s

Barrier solved model in 8 iterations and 0.02 seconds
Optimal objective -1.87791940e+03


Root relaxation: objective -1.877919e+03, 593 iterations, 0.01 seconds

    Nodes    |    Current Node    |     Objective Bounds      |     Work
 Expl Unexpl |  Obj  Depth IntInf | Incumbent    BestBd   Gap | It/Node Time

     0     0 -1877.9194    0   10 -1652.5480 -1877.9194  13.6%     -    0s
H    0     0                    -1873.018000 -1877.9194  0.26%     -    0s

Explored 0 nodes (796 simplex iterations) in 0.03 seconds
Thread count was 20 (of 20 available processors)

Solution count 3: -1873.02 -1652.55 -26.08 
Pool objective bound -1877.92

Optimal solution found (tolerance 5.00e-02)
Best objective -1.873018000000e+03, best bound -1.877919400000e+03, gap 0.2617%
(0, 1694.6619999999477)
(1, 1700.6739999999475)
(2, 1730.7339999999458)
(3, 1729.7319999999459)
(4, 1732.7379999999457)
(5, 1700.6739999999472)
(6, 1686.6459999999479)
(7, 1694.6619999999475)
(8, 1680.6339999999482)
(9, 1719.7119999999463)
(10, 1698.6699999999475)
(11, 1709.6919999999468)
(12, 1671.6159999999488)
(13, 1707.6879999999471)
(14, 1747.767999999945)
(15, 1711.6959999999469)
(16, 1702.6779999999471)
(17, 1693.6599999999476)
(18, 1718.7099999999464)
(19, 1689.651999999948)
(20, 1695.6639999999477)
(21, 1683.6399999999483)
(22, 1688.649999999948)
(23, 1738.7499999999454)
(24, 1709.691999999947)
(25, 1713.6999999999468)
(26, 1688.649999999948)
(27, 1689.6519999999477)
(28, 1727.7279999999462)
(29, 1707.6879999999471)
(30, 1676.6259999999484)
(31, 1679.6319999999482)
(32, 1702.6779999999471)
(33, 1709.6919999999468)
(34, 1710.693999999947)
(35, 1717.7079999999464)
(36, 1717.7079999999464)
(37, 1708.6899999999468)
(38, 1691.6559999999479)
(39, 1719.7119999999466)
(0, 1778.8299999999438)
(1, 1777.8279999999436)
(2, 1781.8359999999434)
(3, 1779.8319999999437)
(4, 1780.8339999999434)
(5, 1781.8359999999436)
(6, 1777.8279999999438)
(7, 1773.8199999999438)
(8, 1781.8359999999434)
(9, 1778.8299999999435)
(10, 1778.8299999999435)
(11, 1775.8239999999439)
(12, 1780.8339999999437)
(13, 1776.8259999999436)
(14, 1776.8259999999439)
(15, 1776.8259999999436)
(16, 1784.8419999999435)
(17, 1778.8299999999435)
(18, 1781.8359999999434)
(19, 1787.8479999999431)
(20, 1774.8219999999437)
(21, 1782.8379999999436)
(22, 1780.8339999999434)
(23, 1778.8299999999435)
(24, 1777.8279999999436)
(25, 1780.8339999999434)
(26, 1781.8359999999434)
(27, 1773.8199999999438)
(28, 1774.8219999999437)
(29, 1779.8319999999437)
(30, 1774.8219999999437)
(31, 1782.8379999999433)
(32, 1783.8399999999435)
(33, 1775.8239999999437)
(34, 1783.8399999999433)
(35, 1781.8359999999436)
(36, 1780.8339999999437)
(37, 1777.8279999999436)
(38, 1778.8299999999435)
(39, 1776.8259999999436)
Changed value of parameter MIPGap to 0.05
   Prev: 0.0001  Min: 0.0  Max: 1e+100  Default: 0.0001
Changed value of parameter TimeLimit to 1800.0
   Prev: 1e+100  Min: 0.0  Max: 1e+100  Default: 1e+100
Changed value of parameter Method to 2
   Prev: -1  Min: -1  Max: 4  Default: -1
Changed value of parameter MIPFocus to 1
   Prev: 0  Min: 0  Max: 3  Default: 0
Optimize a model with 4616 rows, 6774 columns and 13548 nonzeros
Variable types: 0 continuous, 6774 integer (6774 binary)
Coefficient statistics:
  Matrix range     [1e+00, 5e+00]
  Objective range  [1e+00, 1e+00]
  Bounds range     [1e+00, 1e+00]
  RHS range        [8e+01, 8e+01]
Found heuristic solution: objective 0
Presolve removed 4527 rows and 4939 columns
Presolve time: 0.01s
Presolved: 89 rows, 1835 columns, 3567 nonzeros
Found heuristic solution: objective -1658.096000
Variable types: 0 continuous, 1835 integer (1581 binary)
Presolved: 89 rows, 1835 columns, 3567 nonzeros

Root barrier log...

Ordering time: 0.00s

Barrier statistics:
 AA' NZ     : 1.679e+03
 Factor NZ  : 3.830e+03 (roughly 1 MByte of memory)
 Factor Ops : 2.184e+05 (less than 1 second per iteration)
 Threads    : 1

                  Objective                Residual
Iter       Primal          Dual         Primal    Dual     Compl     Time
   0  -8.36875546e+03 -3.80239997e+03  5.19e+01 4.44e-16  3.33e+00     0s
   1  -2.17901372e+03 -3.24868534e+03  3.34e+00 3.46e-01  5.63e-01     0s
   2  -1.83685881e+03 -2.06976551e+03  1.47e-01 2.30e-02  7.02e-02     0s
   3  -1.87234243e+03 -1.92919947e+03  3.67e-03 3.89e-03  1.54e-02     0s
   4  -1.87853209e+03 -1.90047144e+03  7.45e-04 9.81e-04  5.90e-03     0s
   5  -1.88045804e+03 -1.88889328e+03  1.46e-04 1.05e-04  2.27e-03     0s
   6  -1.88181634e+03 -1.88225588e+03  0.00e+00 1.78e-15  1.18e-04     0s
   7  -1.88193857e+03 -1.88193948e+03  0.00e+00 1.78e-15  2.42e-07     0s
   8  -1.88193880e+03 -1.88193880e+03  0.00e+00 1.78e-15  2.46e-13     0s

Barrier solved model in 8 iterations and 0.02 seconds
Optimal objective -1.88193880e+03


Root relaxation: objective -1.881939e+03, 592 iterations, 0.01 seconds

    Nodes    |    Current Node    |     Objective Bounds      |     Work
 Expl Unexpl |  Obj  Depth IntInf | Incumbent    BestBd   Gap | It/Node Time

     0     0 -1881.9388    0   10 -1658.0960 -1881.9388  13.5%     -    0s
H    0     0                    -1877.036000 -1881.9388  0.26%     -    0s

Explored 0 nodes (951 simplex iterations) in 0.03 seconds
Thread count was 20 (of 20 available processors)

Solution count 3: -1877.04 -1658.1 -26.16 
Pool objective bound -1881.94

Optimal solution found (tolerance 5.00e-02)
Best objective -1.877036000000e+03, best bound -1.881938800000e+03, gap 0.2612%
(0, 1736.4759999999465)
(1, 1731.4559999999469)
(2, 1677.239999999952)
(3, 1729.4479999999471)
(4, 1697.3199999999501)
(5, 1689.2879999999509)
(6, 1716.3959999999483)
(7, 1718.4039999999482)
(8, 1716.3959999999483)
(9, 1726.4359999999474)
(10, 1730.451999999947)
(11, 1712.3799999999487)
(12, 1700.3319999999499)
(13, 1729.4479999999471)
(14, 1742.4999999999459)
(15, 1702.3399999999497)
(16, 1708.3639999999491)
(17, 1730.451999999947)
(18, 1739.4879999999462)
(19, 1703.3439999999496)
(20, 1692.2999999999506)
(21, 1735.4719999999465)
(22, 1717.3999999999482)
(23, 1687.2799999999511)
(24, 1732.4599999999468)
(25, 1715.3919999999484)
(26, 1682.2599999999516)
(27, 1718.4039999999482)
(28, 1709.367999999949)
(29, 1696.3159999999502)
(30, 1701.3359999999498)
(31, 1734.4679999999466)
(32, 1711.3759999999488)
(33, 1702.3399999999497)
(34, 1715.3919999999484)
(35, 1733.4639999999467)
(36, 1720.411999999948)
(37, 1701.3359999999498)
(38, 1732.4599999999468)
(39, 1731.4559999999469)
(0, 1788.6839999999415)
(1, 1780.6519999999423)
(2, 1786.6759999999417)
(3, 1782.6599999999421)
(4, 1787.6799999999416)
(5, 1779.6479999999424)
(6, 1793.7039999999411)
(7, 1782.6599999999421)
(8, 1786.6759999999417)
(9, 1792.6999999999412)
(10, 1790.6919999999413)
(11, 1785.6719999999418)
(12, 1790.6919999999413)
(13, 1781.6559999999422)
(14, 1790.6919999999413)
(15, 1785.6719999999418)
(16, 1787.6799999999416)
(17, 1786.6759999999417)
(18, 1788.6839999999415)
(19, 1779.6479999999424)
(20, 1787.6799999999416)
(21, 1785.6719999999418)
(22, 1777.6399999999426)
(23, 1784.6679999999419)
(24, 1788.6839999999415)
(25, 1785.6719999999418)
(26, 1782.6599999999421)
(27, 1781.6559999999422)
(28, 1784.6679999999419)
(29, 1785.6719999999418)
(30, 1793.7039999999411)
(31, 1791.6959999999413)
(32, 1783.663999999942)
(33, 1782.6599999999421)
(34, 1785.6719999999418)
(35, 1789.6879999999414)
(36, 1783.663999999942)
(37, 1780.6519999999423)
(38, 1790.6919999999413)
(39, 1785.6719999999418)
Changed value of parameter MIPGap to 0.05
   Prev: 0.0001  Min: 0.0  Max: 1e+100  Default: 0.0001
Changed value of parameter TimeLimit to 1800.0
   Prev: 1e+100  Min: 0.0  Max: 1e+100  Default: 1e+100
Changed value of parameter Method to 2
   Prev: -1  Min: -1  Max: 4  Default: -1
Changed value of parameter MIPFocus to 1
   Prev: 0  Min: 0  Max: 3  Default: 0
Optimize a model with 4616 rows, 6774 columns and 13548 nonzeros
Variable types: 0 continuous, 6774 integer (6774 binary)
Coefficient statistics:
  Matrix range     [1e+00, 5e+00]
  Objective range  [1e+00, 1e+00]
  Bounds range     [1e+00, 1e+00]
  RHS range        [8e+01, 8e+01]
Found heuristic solution: objective 0
Presolve removed 4527 rows and 4939 columns
Presolve time: 0.01s
Presolved: 89 rows, 1835 columns, 3567 nonzeros
Found heuristic solution: objective -1660.870000
Variable types: 0 continuous, 1835 integer (1581 binary)
Presolved: 89 rows, 1835 columns, 3567 nonzeros

Root barrier log...

Ordering time: 0.00s

Barrier statistics:
 AA' NZ     : 1.679e+03
 Factor NZ  : 3.830e+03 (roughly 1 MByte of memory)
 Factor Ops : 2.184e+05 (less than 1 second per iteration)
 Threads    : 1

                  Objective                Residual
Iter       Primal          Dual         Primal    Dual     Compl     Time
   0  -8.37970871e+03 -3.80612432e+03  5.19e+01 4.44e-16  3.34e+00     0s
   1  -2.18173758e+03 -3.25188976e+03  3.34e+00 3.46e-01  5.63e-01     0s
   2  -1.83893231e+03 -2.07197890e+03  1.46e-01 2.30e-02  7.01e-02     0s
   3  -1.87441414e+03 -1.92974758e+03  3.69e-03 3.68e-03  1.50e-02     0s
   4  -1.88056758e+03 -1.90184165e+03  8.44e-04 8.93e-04  5.73e-03     0s
   5  -1.88248261e+03 -1.89275665e+03  2.50e-04 3.12e-04  2.76e-03     0s
   6  -1.88371180e+03 -1.88457021e+03  9.33e-08 1.78e-15  2.31e-04     0s
   7  -1.88394776e+03 -1.88394902e+03  0.00e+00 1.78e-15  3.40e-07     0s
   8  -1.88394850e+03 -1.88394850e+03  0.00e+00 1.78e-15  3.44e-13     0s

Barrier solved model in 8 iterations and 0.02 seconds
Optimal objective -1.88394850e+03


Root relaxation: objective -1.883949e+03, 592 iterations, 0.01 seconds

    Nodes    |    Current Node    |     Objective Bounds      |     Work
 Expl Unexpl |  Obj  Depth IntInf | Incumbent    BestBd   Gap | It/Node Time

     0     0 -1883.9485    0   10 -1660.8700 -1883.9485  13.4%     -    0s
H    0     0                    -1879.045000 -1883.9485  0.26%     -    0s

Explored 0 nodes (803 simplex iterations) in 0.03 seconds
Thread count was 20 (of 20 available processors)

Solution count 3: -1879.04 -1660.87 -26.2 
Pool objective bound -1883.95

Optimal solution found (tolerance 5.00e-02)
Best objective -1.879045000000e+03, best bound -1.883945000000e+03, gap 0.2608%
(0, 1704.1750000000695)
(1, 1691.1100000000681)
(2, 1690.105000000068)
(3, 1684.0750000000673)
(4, 1680.0550000000669)
(5, 1686.0850000000676)
(6, 1706.1850000000697)
(7, 1698.1450000000689)
(8, 1686.0850000000676)
(9, 1697.1400000000688)
(10, 1686.0850000000676)
(11, 1691.1100000000681)
(12, 1697.1400000000688)
(13, 1697.1400000000688)
(14, 1693.1200000000683)
(15, 1704.1750000000695)
(16, 1688.0950000000678)
(17, 1693.1200000000683)
(18, 1687.0900000000677)
(19, 1691.1100000000681)
(20, 1710.2050000000702)
(21, 1723.2700000000716)
(22, 1692.1150000000682)
(23, 1680.0550000000669)
(24, 1708.19500000007)
(25, 1689.1000000000679)
(26, 1705.1800000000696)
(27, 1696.1350000000687)
(28, 1686.0850000000676)
(29, 1722.2650000000715)
(30, 1708.19500000007)
(31, 1698.1450000000689)
(32, 1676.0350000000665)
(33, 1684.0750000000673)
(34, 1674.0250000000663)
(35, 1702.1650000000693)
(36, 1688.0950000000678)
(37, 1692.1150000000682)
(38, 1716.2350000000708)
(39, 1686.0850000000676)
(0, 1781.5600000000779)
(1, 1785.5800000000784)
(2, 1783.5700000000782)
(3, 1779.5500000000777)
(4, 1785.5800000000784)
(5, 1785.5800000000784)
(6, 1793.6200000000792)
(7, 1787.5900000000786)
(8, 1781.5600000000779)
(9, 1789.6000000000788)
(10, 1783.5700000000782)
(11, 1785.5800000000784)
(12, 1780.5550000000778)
(13, 1783.5700000000782)
(14, 1784.5750000000783)
(15, 1788.5950000000787)
(16, 1782.565000000078)
(17, 1782.565000000078)
(18, 1782.565000000078)
(19, 1787.5900000000786)
(20, 1781.5600000000779)
(21, 1781.5600000000779)
(22, 1783.5700000000782)
(23, 1781.5600000000779)
(24, 1781.5600000000779)
(25, 1782.565000000078)
(26, 1788.5950000000787)
(27, 1787.5900000000786)
(28, 1782.565000000078)
(29, 1785.5800000000784)
(30, 1784.5750000000783)
(31, 1785.5800000000784)
(32, 1784.5750000000783)
(33, 1784.5750000000783)
(34, 1793.6200000000792)
(35, 1782.565000000078)
(36, 1785.5800000000784)
(37, 1789.6000000000788)
(38, 1783.5700000000782)
(39, 1782.565000000078)
Changed value of parameter MIPGap to 0.05
   Prev: 0.0001  Min: 0.0  Max: 1e+100  Default: 0.0001
Changed value of parameter TimeLimit to 1800.0
   Prev: 1e+100  Min: 0.0  Max: 1e+100  Default: 1e+100
Changed value of parameter Method to 2
   Prev: -1  Min: -1  Max: 4  Default: -1
Changed value of parameter MIPFocus to 1
   Prev: 0  Min: 0  Max: 3  Default: 0
Optimize a model with 4616 rows, 6774 columns and 13548 nonzeros
Variable types: 0 continuous, 6774 integer (6774 binary)
Coefficient statistics:
  Matrix range     [1e+00, 5e+00]
  Objective range  [1e+00, 1e+00]
  Bounds range     [1e+00, 1e+00]
  RHS range        [8e+01, 8e+01]
Found heuristic solution: objective 0
Presolve removed 4527 rows and 4939 columns
Presolve time: 0.01s
Presolved: 89 rows, 1835 columns, 3567 nonzeros
Found heuristic solution: objective -1674.740000
Variable types: 0 continuous, 1835 integer (1581 binary)
Presolved: 89 rows, 1835 columns, 3567 nonzeros

Root barrier log...

Ordering time: 0.00s

Barrier statistics:
 AA' NZ     : 1.679e+03
 Factor NZ  : 3.830e+03 (roughly 1 MByte of memory)
 Factor Ops : 2.184e+05 (less than 1 second per iteration)
 Threads    : 1

                  Objective                Residual
Iter       Primal          Dual         Primal    Dual     Compl     Time
   0  -8.43447469e+03 -3.82474608e+03  5.19e+01 8.88e-16  3.35e+00     0s
   1  -2.19538198e+03 -3.26791965e+03  3.34e+00 3.45e-01  5.64e-01     0s
   2  -1.84930631e+03 -2.08305014e+03  1.39e-01 2.29e-02  7.00e-02     0s
   3  -1.88386643e+03 -1.93284353e+03  7.64e-03 2.73e-03  1.34e-02     0s
   4  -1.88970399e+03 -1.91830575e+03  2.70e-03 2.15e-03  7.77e-03     0s
   5  -1.89200425e+03 -1.90364828e+03  8.07e-04 4.89e-04  3.15e-03     0s
   6  -1.89346098e+03 -1.89872785e+03  1.05e-04 1.90e-04  1.41e-03     0s
   7  -1.89394098e+03 -1.89417780e+03  0.00e+00 1.78e-15  6.35e-05     0s
   8  -1.89399698e+03 -1.89399715e+03  0.00e+00 1.78e-15  4.53e-08     0s
   9  -1.89399700e+03 -1.89399700e+03  0.00e+00 2.66e-15  4.53e-11     0s

Barrier solved model in 9 iterations and 0.02 seconds
Optimal objective -1.89399700e+03


Root relaxation: objective -1.893997e+03, 593 iterations, 0.01 seconds

    Nodes    |    Current Node    |     Objective Bounds      |     Work
 Expl Unexpl |  Obj  Depth IntInf | Incumbent    BestBd   Gap | It/Node Time

     0     0 -1893.9970    0   10 -1674.7400 -1893.9970  13.1%     -    0s
H    0     0                    -1890.100000 -1893.9970  0.21%     -    0s

Explored 0 nodes (820 simplex iterations) in 0.03 seconds
Thread count was 20 (of 20 available processors)

Solution count 3: -1890.1 -1674.74 -26.4 
Pool objective bound -1893.99

Optimal solution found (tolerance 5.00e-02)
Best objective -1.890100000000e+03, best bound -1.893990000000e+03, gap 0.2058%
(0, 1707.2899999999861)
(1, 1708.2999999999861)
(2, 1701.2299999999861)
(3, 1714.359999999986)
(4, 1705.2699999999861)
(5, 1714.359999999986)
(6, 1735.5699999999858)
(7, 1701.2299999999861)
(8, 1718.399999999986)
(9, 1730.5199999999859)
(10, 1728.4999999999859)
(11, 1725.4699999999859)
(12, 1693.1499999999862)
(13, 1724.4599999999859)
(14, 1710.3199999999861)
(15, 1726.4799999999859)
(16, 1717.389999999986)
(17, 1723.4499999999859)
(18, 1726.4799999999859)
(19, 1719.409999999986)
(20, 1722.439999999986)
(21, 1721.429999999986)
(22, 1723.4499999999859)
(23, 1714.359999999986)
(24, 1721.429999999986)
(25, 1724.4599999999859)
(26, 1688.0999999999863)
(27, 1725.4699999999859)
(28, 1730.5199999999859)
(29, 1721.429999999986)
(30, 1721.429999999986)
(31, 1710.3199999999861)
(32, 1717.389999999986)
(33, 1733.5499999999859)
(34, 1715.369999999986)
(35, 1725.4699999999859)
(36, 1719.409999999986)
(37, 1720.419999999986)
(38, 1728.4999999999859)
(39, 1716.379999999986)
(0, 1793.1399999999853)
(1, 1795.1599999999853)
(2, 1800.2099999999853)
(3, 1796.1699999999853)
(4, 1798.1899999999853)
(5, 1805.2599999999852)
(6, 1796.1699999999853)
(7, 1793.1399999999853)
(8, 1794.1499999999853)
(9, 1790.1099999999853)
(10, 1800.2099999999853)
(11, 1797.1799999999853)
(12, 1800.2099999999853)
(13, 1798.1899999999853)
(14, 1796.1699999999853)
(15, 1802.2299999999852)
(16, 1797.1799999999853)
(17, 1794.1499999999853)
(18, 1798.1899999999853)
(19, 1789.0999999999854)
(20, 1796.1699999999853)
(21, 1798.1899999999853)
(22, 1788.0899999999854)
(23, 1798.1899999999853)
(24, 1797.1799999999853)
(25, 1793.1399999999853)
(26, 1794.1499999999853)
(27, 1796.1699999999853)
(28, 1795.1599999999853)
(29, 1800.2099999999853)
(30, 1797.1799999999853)
(31, 1801.2199999999852)
(32, 1792.1299999999853)
(33, 1797.1799999999853)
(34, 1795.1599999999853)
(35, 1797.1799999999853)
(36, 1797.1799999999853)
(37, 1795.1599999999853)
(38, 1790.1099999999853)
(39, 1797.1799999999853)
Changed value of parameter MIPGap to 0.05
   Prev: 0.0001  Min: 0.0  Max: 1e+100  Default: 0.0001
Changed value of parameter TimeLimit to 1800.0
   Prev: 1e+100  Min: 0.0  Max: 1e+100  Default: 1e+100
Changed value of parameter Method to 2
   Prev: -1  Min: -1  Max: 4  Default: -1
Changed value of parameter MIPFocus to 1
   Prev: 0  Min: 0  Max: 3  Default: 0
Optimize a model with 4616 rows, 6774 columns and 13548 nonzeros
Variable types: 0 continuous, 6774 integer (6774 binary)
Coefficient statistics:
  Matrix range     [1e+00, 5e+00]
  Objective range  [1e+00, 1e+00]
  Bounds range     [1e+00, 1e+00]
  RHS range        [8e+01, 8e+01]
Found heuristic solution: objective 0
Presolve removed 4527 rows and 4939 columns
Presolve time: 0.01s
Presolved: 89 rows, 1835 columns, 3567 nonzeros
Found heuristic solution: objective -1702.480000
Variable types: 0 continuous, 1835 integer (1581 binary)
Presolved: 89 rows, 1835 columns, 3567 nonzeros

Root barrier log...

Ordering time: 0.00s

Barrier statistics:
 AA' NZ     : 1.679e+03
 Factor NZ  : 3.830e+03 (roughly 1 MByte of memory)
 Factor Ops : 2.184e+05 (less than 1 second per iteration)
 Threads    : 1

                  Objective                Residual
Iter       Primal          Dual         Primal    Dual     Compl     Time
   0  -8.54400549e+03 -3.86198961e+03  5.19e+01 4.44e-16  3.36e+00     0s
   1  -2.22279617e+03 -3.30001827e+03  3.32e+00 3.43e-01  5.66e-01     0s
   2  -1.87018131e+03 -2.10615942e+03  1.26e-01 2.28e-02  6.99e-02     0s
   3  -1.90270360e+03 -1.94789882e+03  1.64e-02 1.93e-03  1.29e-02     0s
   4  -1.90956259e+03 -1.93416819e+03  5.81e-03 1.29e-03  6.85e-03     0s
   5  -1.91138813e+03 -1.92578262e+03  3.12e-03 7.27e-04  3.99e-03     0s
   6  -1.91287471e+03 -1.91875488e+03  1.08e-03 2.44e-04  1.62e-03     0s
   7  -1.91376562e+03 -1.91539263e+03  1.94e-04 3.57e-05  4.45e-04     0s
   8  -1.91407864e+03 -1.91412125e+03  0.00e+00 1.78e-15  1.15e-05     0s
   9  -1.91409398e+03 -1.91409403e+03  0.00e+00 1.78e-15  1.16e-08     0s
  10  -1.91409400e+03 -1.91409400e+03  2.88e-15 1.78e-15  1.18e-14     0s

Barrier solved model in 10 iterations and 0.02 seconds
Optimal objective -1.91409400e+03


Root relaxation: objective -1.914094e+03, 593 iterations, 0.01 seconds

    Nodes    |    Current Node    |     Objective Bounds      |     Work
 Expl Unexpl |  Obj  Depth IntInf | Incumbent    BestBd   Gap | It/Node Time

     0     0 -1914.0940    0   10 -1702.4800 -1914.0940  12.4%     -    0s
H    0     0                    -1909.180000 -1914.0940  0.26%     -    0s

Explored 0 nodes (717 simplex iterations) in 0.03 seconds
Thread count was 20 (of 20 available processors)

Solution count 3: -1909.18 -1702.48 -26.8 
Pool objective bound -1914.08

Optimal solution found (tolerance 5.00e-02)
Best objective -1.909180000000e+03, best bound -1.914080000000e+03, gap 0.2567%
(0, 1704.1599999999753)
(1, 1719.459999999975)
(2, 1718.439999999975)
(3, 1721.499999999975)
(4, 1698.0399999999754)
(5, 1714.3599999999751)
(6, 1704.1599999999753)
(7, 1707.2199999999752)
(8, 1740.8799999999746)
(9, 1725.5799999999749)
(10, 1707.2199999999752)
(11, 1706.1999999999753)
(12, 1717.4199999999751)
(13, 1722.519999999975)
(14, 1713.3399999999751)
(15, 1737.8199999999747)
(16, 1702.1199999999753)
(17, 1727.6199999999749)
(18, 1737.8199999999747)
(19, 1707.2199999999752)
(20, 1707.2199999999752)
(21, 1720.479999999975)
(22, 1731.6999999999748)
(23, 1741.8999999999746)
(24, 1724.5599999999749)
(25, 1727.6199999999749)
(26, 1726.5999999999749)
(27, 1719.459999999975)
(28, 1735.7799999999747)
(29, 1723.539999999975)
(30, 1714.3599999999751)
(31, 1718.439999999975)
(32, 1703.1399999999753)
(33, 1716.3999999999751)
(34, 1723.539999999975)
(35, 1716.3999999999751)
(36, 1710.2799999999752)
(37, 1711.2999999999752)
(38, 1734.7599999999748)
(39, 1705.1799999999753)
(0, 1824.5199999999732)
(1, 1820.4399999999732)
(2, 1823.4999999999732)
(3, 1823.4999999999732)
(4, 1819.4199999999732)
(5, 1818.3999999999733)
(6, 1820.4399999999732)
(7, 1824.5199999999732)
(8, 1814.3199999999733)
(9, 1821.4599999999732)
(10, 1816.3599999999733)
(11, 1825.5399999999731)
(12, 1822.4799999999732)
(13, 1820.4399999999732)
(14, 1822.4799999999732)
(15, 1819.4199999999732)
(16, 1824.5199999999732)
(17, 1819.4199999999732)
(18, 1823.4999999999732)
(19, 1818.3999999999733)
(20, 1819.4199999999732)
(21, 1818.3999999999733)
(22, 1821.4599999999732)
(23, 1824.5199999999732)
(24, 1818.3999999999733)
(25, 1811.2599999999734)
(26, 1813.2999999999734)
(27, 1818.3999999999733)
(28, 1820.4399999999732)
(29, 1816.3599999999733)
(30, 1819.4199999999732)
(31, 1815.3399999999733)
(32, 1820.4399999999732)
(33, 1814.3199999999733)
(34, 1817.3799999999733)
(35, 1820.4399999999732)
(36, 1821.4599999999732)
(37, 1817.3799999999733)
(38, 1822.4799999999732)
(39, 1817.3799999999733)
Changed value of parameter MIPGap to 0.05
   Prev: 0.0001  Min: 0.0  Max: 1e+100  Default: 0.0001
Changed value of parameter TimeLimit to 1800.0
   Prev: 1e+100  Min: 0.0  Max: 1e+100  Default: 1e+100
Changed value of parameter Method to 2
   Prev: -1  Min: -1  Max: 4  Default: -1
Changed value of parameter MIPFocus to 1
   Prev: 0  Min: 0  Max: 3  Default: 0
Optimize a model with 4616 rows, 6774 columns and 13548 nonzeros
Variable types: 0 continuous, 6774 integer (6774 binary)
Coefficient statistics:
  Matrix range     [1e+00, 5e+00]
  Objective range  [1e+00, 1e+00]
  Bounds range     [1e+00, 1e+00]
  RHS range        [8e+01, 8e+01]
Found heuristic solution: objective 0
Presolve removed 4527 rows and 4939 columns
Presolve time: 0.01s
Presolved: 89 rows, 1835 columns, 3567 nonzeros
Found heuristic solution: objective -1757.960000
Variable types: 0 continuous, 1835 integer (1581 binary)
Presolved: 89 rows, 1835 columns, 3567 nonzeros

Root barrier log...

Ordering time: 0.00s

Barrier statistics:
 AA' NZ     : 1.679e+03
 Factor NZ  : 3.830e+03 (roughly 1 MByte of memory)
 Factor Ops : 2.184e+05 (less than 1 second per iteration)
 Threads    : 1

                  Objective                Residual
Iter       Primal          Dual         Primal    Dual     Compl     Time
   0  -8.76306252e+03 -3.93647666e+03  5.18e+01 4.44e-16  3.40e+00     0s
   1  -2.27812452e+03 -3.36437021e+03  3.29e+00 3.38e-01  5.70e-01     0s
   2  -1.91272346e+03 -2.14991219e+03  9.97e-02 2.17e-02  6.88e-02     0s
   3  -1.94550115e+03 -1.97693066e+03  1.60e-02 1.33e-14  9.15e-03     0s
   4  -1.94979080e+03 -1.97117704e+03  9.01e-03 7.99e-15  6.14e-03     0s
   5  -1.95297499e+03 -1.96332728e+03  3.84e-03 4.44e-15  2.95e-03     0s
   6  -1.95423064e+03 -1.95810427e+03  1.97e-03 1.78e-15  1.13e-03     0s
   7  -1.95548718e+03 -1.95582603e+03  1.34e-05 1.78e-15  9.13e-05     0s
   8  -1.95553693e+03 -1.95554280e+03  0.00e+00 1.78e-15  1.56e-06     0s
   9  -1.95553800e+03 -1.95553800e+03  0.00e+00 1.78e-15  1.56e-09     0s

Barrier solved model in 9 iterations and 0.02 seconds
Optimal objective -1.95553800e+03


Root relaxation: objective -1.955538e+03, 925 iterations, 0.01 seconds

    Nodes    |    Current Node    |     Objective Bounds      |     Work
 Expl Unexpl |  Obj  Depth IntInf | Incumbent    BestBd   Gap | It/Node Time

     0     0 -1955.5380    0   42 -1757.9600 -1955.5380  11.2%     -    0s
H    0     0                    -1943.960000 -1955.5380  0.60%     -    0s

Explored 0 nodes (1096 simplex iterations) in 0.04 seconds
Thread count was 20 (of 20 available processors)

Solution count 3: -1943.96 -1757.96 -27.6 
Pool objective bound -1955.52

Optimal solution found (tolerance 5.00e-02)
Best objective -1.943960000000e+03, best bound -1.955520000000e+03, gap 0.5947%
(0, 1736.9999999999611)
(1, 1747.399999999961)
(2, 1765.0799999999604)
(3, 1743.2399999999611)
(4, 1773.3999999999601)
(5, 1731.7999999999613)
(6, 1734.9199999999612)
(7, 1726.5999999999617)
(8, 1767.1599999999603)
(9, 1767.1599999999603)
(10, 1731.7999999999615)
(11, 1744.2799999999611)
(12, 1747.3999999999608)
(13, 1778.5999999999599)
(14, 1757.7999999999606)
(15, 1751.5599999999606)
(16, 1773.3999999999601)
(17, 1769.2399999999602)
(18, 1735.9599999999614)
(19, 1754.6799999999607)
(20, 1744.2799999999609)
(21, 1760.9199999999605)
(22, 1754.6799999999607)
(23, 1734.9199999999614)
(24, 1774.4399999999598)
(25, 1757.7999999999606)
(26, 1758.8399999999606)
(27, 1761.9599999999605)
(28, 1758.8399999999606)
(29, 1757.7999999999606)
(30, 1704.7599999999625)
(31, 1700.5999999999626)
(32, 1774.43999999996)
(33, 1743.2399999999611)
(34, 1723.4799999999618)
(35, 1729.7199999999616)
(36, 1734.9199999999614)
(37, 1744.2799999999611)
(38, 1764.0399999999604)
(39, 1728.6799999999614)
(0, 1810.8399999999588)
(1, 1807.7199999999589)
(2, 1816.0399999999586)
(3, 1816.0399999999586)
(4, 1816.0399999999584)
(5, 1809.7999999999588)
(6, 1804.599999999959)
(7, 1814.9999999999586)
(8, 1813.9599999999587)
(9, 1804.599999999959)
(10, 1806.6799999999589)
(11, 1809.7999999999588)
(12, 1804.5999999999588)
(13, 1812.9199999999587)
(14, 1813.9599999999587)
(15, 1808.7599999999588)
(16, 1809.7999999999586)
(17, 1808.7599999999588)
(18, 1802.5199999999591)
(19, 1812.9199999999587)
(20, 1814.9999999999586)
(21, 1808.7599999999586)
(22, 1818.1199999999585)
(23, 1808.7599999999588)
(24, 1820.1999999999584)
(25, 1806.6799999999589)
(26, 1809.7999999999588)
(27, 1811.8799999999587)
(28, 1813.9599999999587)
(29, 1821.2399999999584)
(30, 1811.8799999999587)
(31, 1814.9999999999586)
(32, 1809.7999999999588)
(33, 1813.9599999999587)
(34, 1816.0399999999586)
(35, 1810.8399999999588)
(36, 1808.7599999999588)
(37, 1809.7999999999588)
(38, 1809.7999999999588)
(39, 1816.0399999999584)
Changed value of parameter MIPGap to 0.05
   Prev: 0.0001  Min: 0.0  Max: 1e+100  Default: 0.0001
Changed value of parameter TimeLimit to 1800.0
   Prev: 1e+100  Min: 0.0  Max: 1e+100  Default: 1e+100
Changed value of parameter Method to 2
   Prev: -1  Min: -1  Max: 4  Default: -1
Changed value of parameter MIPFocus to 1
   Prev: 0  Min: 0  Max: 3  Default: 0
Optimize a model with 4616 rows, 6774 columns and 13548 nonzeros
Variable types: 0 continuous, 6774 integer (6774 binary)
Coefficient statistics:
  Matrix range     [1e+00, 5e+00]
  Objective range  [1e+00, 1e+00]
  Bounds range     [1e+00, 1e+00]
  RHS range        [8e+01, 8e+01]
Found heuristic solution: objective 0
Presolve removed 4527 rows and 4939 columns
Presolve time: 0.01s
Presolved: 89 rows, 1835 columns, 3567 nonzeros
Found heuristic solution: objective -1785.700000
Variable types: 0 continuous, 1835 integer (1581 binary)
Presolved: 89 rows, 1835 columns, 3567 nonzeros

Root barrier log...

Ordering time: 0.00s

Barrier statistics:
 AA' NZ     : 1.679e+03
 Factor NZ  : 3.830e+03 (roughly 1 MByte of memory)
 Factor Ops : 2.184e+05 (less than 1 second per iteration)
 Threads    : 1

                  Objective                Residual
Iter       Primal          Dual         Primal    Dual     Compl     Time
   0  -8.87258880e+03 -3.97372018e+03  5.18e+01 8.88e-16  3.41e+00     0s
   1  -2.30603759e+03 -3.39662305e+03  3.28e+00 3.36e-01  5.72e-01     0s
   2  -1.93546342e+03 -2.17181856e+03  9.58e-02 2.11e-02  6.83e-02     0s
   3  -1.96827060e+03 -2.00467636e+03  1.70e-02 2.13e-14  1.05e-02     0s
   4  -1.97133586e+03 -1.98873392e+03  1.23e-02 1.07e-14  5.23e-03     0s
   5  -1.97654401e+03 -1.98224703e+03  4.70e-03 1.78e-15  1.75e-03     0s
   6  -1.97957579e+03 -1.98004054e+03  3.13e-04 1.78e-15  1.40e-04     0s
   7  -1.97985360e+03 -1.97985409e+03  3.32e-08 1.78e-15  1.33e-07     0s
   8  -1.97985375e+03 -1.97985375e+03  3.58e-14 2.66e-15  1.34e-13     0s

Barrier solved model in 8 iterations and 0.02 seconds
Optimal objective -1.97985375e+03


Root relaxation: objective -1.979854e+03, 924 iterations, 0.01 seconds

    Nodes    |    Current Node    |     Objective Bounds      |     Work
 Expl Unexpl |  Obj  Depth IntInf | Incumbent    BestBd   Gap | It/Node Time

     0     0 -1979.8537    0   35 -1785.7000 -1979.8537  10.9%     -    0s
H    0     0                    -1968.050000 -1979.8537  0.60%     -    0s

Explored 0 nodes (1239 simplex iterations) in 0.04 seconds
Thread count was 20 (of 20 available processors)

Solution count 3: -1968.05 -1785.7 -28 
Pool objective bound -1979.6

Optimal solution found (tolerance 5.00e-02)
Best objective -1.968050000000e+03, best bound -1.979600000000e+03, gap 0.5869%
(0, 1767.4999999999498)
(1, 1738.099999999951)
(2, 1723.3999999999517)
(3, 1746.4999999999507)
(4, 1740.1999999999509)
(5, 1737.0499999999511)
(6, 1753.8499999999503)
(7, 1730.7499999999513)
(8, 1732.8499999999513)
(9, 1732.8499999999513)
(10, 1734.9499999999512)
(11, 1743.3499999999508)
(12, 1772.7499999999495)
(13, 1759.0999999999501)
(14, 1714.999999999952)
(15, 1737.0499999999511)
(16, 1774.8499999999494)
(17, 1760.1499999999501)
(18, 1731.7999999999513)
(19, 1735.9999999999509)
(20, 1762.24999999995)
(21, 1737.0499999999511)
(22, 1791.6499999999487)
(23, 1767.4999999999498)
(24, 1734.9499999999512)
(25, 1753.8499999999506)
(26, 1737.0499999999511)
(27, 1720.2499999999516)
(28, 1758.0499999999502)
(29, 1737.0499999999511)
(30, 1760.1499999999501)
(31, 1724.4499999999514)
(32, 1734.9499999999512)
(33, 1728.6499999999512)
(34, 1741.2499999999509)
(35, 1737.0499999999511)
(36, 1750.6999999999505)
(37, 1742.2999999999508)
(38, 1724.4499999999516)
(39, 1734.9499999999512)
(0, 1835.7499999999468)
(1, 1836.7999999999467)
(2, 1839.9499999999466)
(3, 1833.6499999999469)
(4, 1828.3999999999471)
(5, 1839.9499999999466)
(6, 1834.6999999999468)
(7, 1848.3499999999462)
(8, 1836.7999999999467)
(9, 1839.9499999999466)
(10, 1843.0999999999465)
(11, 1842.0499999999463)
(12, 1840.9999999999466)
(13, 1834.6999999999466)
(14, 1834.6999999999466)
(15, 1836.7999999999467)
(16, 1838.8999999999467)
(17, 1836.7999999999467)
(18, 1836.7999999999467)
(19, 1836.7999999999467)
(20, 1839.9499999999466)
(21, 1838.8999999999467)
(22, 1839.9499999999466)
(23, 1840.9999999999466)
(24, 1835.7499999999468)
(25, 1842.0499999999465)
(26, 1839.9499999999466)
(27, 1833.6499999999467)
(28, 1829.4499999999471)
(29, 1839.9499999999466)
(30, 1847.2999999999463)
(31, 1845.1999999999464)
(32, 1832.5999999999469)
(33, 1839.9499999999466)
(34, 1831.549999999947)
(35, 1840.9999999999466)
(36, 1838.8999999999467)
(37, 1839.9499999999466)
(38, 1842.0499999999463)
(39, 1832.5999999999469)
Changed value of parameter MIPGap to 0.05
   Prev: 0.0001  Min: 0.0  Max: 1e+100  Default: 0.0001
Changed value of parameter TimeLimit to 1800.0
   Prev: 1e+100  Min: 0.0  Max: 1e+100  Default: 1e+100
Changed value of parameter Method to 2
   Prev: -1  Min: -1  Max: 4  Default: -1
Changed value of parameter MIPFocus to 1
   Prev: 0  Min: 0  Max: 3  Default: 0
Optimize a model with 4616 rows, 6774 columns and 13548 nonzeros
Variable types: 0 continuous, 6774 integer (6774 binary)
Coefficient statistics:
  Matrix range     [1e+00, 5e+00]
  Objective range  [1e+00, 2e+00]
  Bounds range     [1e+00, 1e+00]
  RHS range        [8e+01, 8e+01]
Found heuristic solution: objective 0
Presolve removed 4527 rows and 4939 columns
Presolve time: 0.01s
Presolved: 89 rows, 1835 columns, 3567 nonzeros
Found heuristic solution: objective -1924.400000
Variable types: 0 continuous, 1835 integer (1581 binary)
Presolved: 89 rows, 1835 columns, 3567 nonzeros

Root barrier log...

Ordering time: 0.00s

Barrier statistics:
 AA' NZ     : 1.679e+03
 Factor NZ  : 3.830e+03 (roughly 1 MByte of memory)
 Factor Ops : 2.184e+05 (less than 1 second per iteration)
 Threads    : 1

                  Objective                Residual
Iter       Primal          Dual         Primal    Dual     Compl     Time
   0  -9.42019871e+03 -4.15993781e+03  5.18e+01 4.44e-16  3.50e+00     0s
   1  -2.44806354e+03 -3.55864525e+03  3.22e+00 3.26e-01  5.81e-01     0s
   2  -2.05199797e+03 -2.26292231e+03  8.44e-02 1.63e-02  6.10e-02     0s
   3  -2.08622353e+03 -2.14435711e+03  1.81e-02 8.88e-15  1.64e-02     0s
   4  -2.09455698e+03 -2.10936998e+03  6.21e-03 1.78e-15  4.26e-03     0s
   5  -2.09824123e+03 -2.10453469e+03  2.81e-03 1.78e-15  1.82e-03     0s
   6  -2.10073678e+03 -2.10314701e+03  4.31e-04 1.78e-15  6.65e-04     0s
   7  -2.10136412e+03 -2.10194806e+03  1.43e-06 1.78e-15  1.56e-04     0s
   8  -2.10142993e+03 -2.10144017e+03  0.00e+00 1.78e-15  2.73e-06     0s
   9  -2.10143250e+03 -2.10143251e+03  0.00e+00 1.78e-15  2.73e-09     0s

Barrier solved model in 9 iterations and 0.02 seconds
Optimal objective -2.10143250e+03


Root relaxation: objective -2.101432e+03, 923 iterations, 0.01 seconds

    Nodes    |    Current Node    |     Objective Bounds      |     Work
 Expl Unexpl |  Obj  Depth IntInf | Incumbent    BestBd   Gap | It/Node Time

     0     0 -2101.4325    0   29 -1924.4000 -2101.4325  9.20%     -    0s
H    0     0                    -2088.900000 -2101.4325  0.60%     -    0s

Explored 0 nodes (1296 simplex iterations) in 0.04 seconds
Thread count was 20 (of 20 available processors)

Solution count 3: -2088.9 -1924.4 -30 
Pool objective bound -2101.4

Optimal solution found (tolerance 5.00e-02)
Best objective -2.088900000000e+03, best bound -2.101400000000e+03, gap 0.5984%
(0, 1829.299999999949)
(1, 1885.3999999999442)
(2, 1872.1999999999452)
(3, 1866.6999999999459)
(4, 1845.7999999999477)
(5, 1824.8999999999494)
(6, 1834.7999999999486)
(7, 1894.1999999999434)
(8, 1894.1999999999434)
(9, 1851.299999999947)
(10, 1857.8999999999464)
(11, 1839.1999999999482)
(12, 1850.1999999999473)
(13, 1877.699999999945)
(14, 1843.5999999999476)
(15, 1899.6999999999432)
(16, 1899.6999999999432)
(17, 1842.4999999999479)
(18, 1847.9999999999475)
(19, 1876.5999999999451)
(20, 1856.7999999999465)
(21, 1861.1999999999464)
(22, 1901.8999999999428)
(23, 1842.4999999999479)
(24, 1856.7999999999465)
(25, 1835.8999999999482)
(26, 1894.1999999999434)
(27, 1839.1999999999482)
(28, 1865.5999999999458)
(29, 1879.8999999999446)
(30, 1884.2999999999442)
(31, 1861.1999999999464)
(32, 1895.2999999999433)
(33, 1832.5999999999487)
(34, 1875.4999999999452)
(35, 1893.0999999999437)
(36, 1852.3999999999471)
(37, 1878.7999999999449)
(38, 1849.0999999999472)
(39, 1894.1999999999434)
(0, 1944.7999999999392)
(1, 1946.9999999999391)
(2, 1946.9999999999393)
(3, 1950.299999999939)
(4, 1944.7999999999392)
(5, 1951.3999999999389)
(6, 1948.099999999939)
(7, 1948.099999999939)
(8, 1951.3999999999389)
(9, 1945.8999999999394)
(10, 1953.5999999999385)
(11, 1950.2999999999388)
(12, 1944.7999999999395)
(13, 1950.2999999999388)
(14, 1942.5999999999394)
(15, 1946.9999999999391)
(16, 1943.6999999999396)
(17, 1943.6999999999396)
(18, 1952.4999999999388)
(19, 1944.7999999999395)
(20, 1945.8999999999394)
(21, 1946.9999999999393)
(22, 1950.2999999999388)
(23, 1939.2999999999399)
(24, 1945.8999999999392)
(25, 1940.3999999999398)
(26, 1939.2999999999399)
(27, 1944.7999999999395)
(28, 1945.8999999999394)
(29, 1943.6999999999393)
(30, 1948.0999999999392)
(31, 1942.5999999999394)
(32, 1939.2999999999399)
(33, 1950.299999999939)
(34, 1952.4999999999386)
(35, 1950.299999999939)
(36, 1953.5999999999385)
(37, 1946.9999999999393)
(38, 1945.8999999999394)
(39, 1945.8999999999392)
Changed value of parameter MIPGap to 0.05
   Prev: 0.0001  Min: 0.0  Max: 1e+100  Default: 0.0001
Changed value of parameter TimeLimit to 1800.0
   Prev: 1e+100  Min: 0.0  Max: 1e+100  Default: 1e+100
Changed value of parameter Method to 2
   Prev: -1  Min: -1  Max: 4  Default: -1
Changed value of parameter MIPFocus to 1
   Prev: 0  Min: 0  Max: 3  Default: 0
Optimize a model with 4616 rows, 6774 columns and 13548 nonzeros
Variable types: 0 continuous, 6774 integer (6774 binary)
Coefficient statistics:
  Matrix range     [1e+00, 5e+00]
  Objective range  [1e+00, 3e+00]
  Bounds range     [1e+00, 1e+00]
  RHS range        [8e+01, 8e+01]
Found heuristic solution: objective 0
Presolve removed 4527 rows and 4939 columns
Presolve time: 0.01s
Presolved: 89 rows, 1835 columns, 3567 nonzeros
Found heuristic solution: objective -2215.800000
Variable types: 0 continuous, 1835 integer (1581 binary)
Presolved: 89 rows, 1835 columns, 3567 nonzeros

Root barrier log...

Ordering time: 0.00s

Barrier statistics:
 AA' NZ     : 1.679e+03
 Factor NZ  : 3.830e+03 (roughly 1 MByte of memory)
 Factor Ops : 2.184e+05 (less than 1 second per iteration)
 Threads    : 1

                  Objective                Residual
Iter       Primal          Dual         Primal    Dual     Compl     Time
   0  -1.05153407e+04 -4.53454196e+03  5.18e+01 4.44e-16  3.67e+00     0s
   1  -2.74359798e+03 -3.88874215e+03  3.11e+00 3.07e-01  5.98e-01     0s
   2  -2.30590605e+03 -2.51187274e+03  4.30e-02 1.48e-02  5.75e-02     0s
   3  -2.32965566e+03 -2.38125108e+03  1.10e-02 6.66e-15  1.44e-02     0s
   4  -2.33598900e+03 -2.36092723e+03  5.36e-03 2.66e-15  6.94e-03     0s
   5  -2.34088902e+03 -2.34977718e+03  2.77e-03 1.78e-15  2.52e-03     0s
   6  -2.34274308e+03 -2.34650297e+03  1.65e-03 1.78e-15  1.09e-03     0s
   7  -2.34508708e+03 -2.34573789e+03  2.42e-04 1.78e-15  1.88e-04     0s
   8  -2.34558860e+03 -2.34559317e+03  8.05e-08 1.78e-15  1.23e-06     0s
   9  -2.34559000e+03 -2.34559000e+03  0.00e+00 1.78e-15  1.23e-09     0s

Barrier solved model in 9 iterations and 0.02 seconds
Optimal objective -2.34559000e+03


Root relaxation: objective -2.345590e+03, 962 iterations, 0.01 seconds

    Nodes    |    Current Node    |     Objective Bounds      |     Work
 Expl Unexpl |  Obj  Depth IntInf | Incumbent    BestBd   Gap | It/Node Time

     0     0 -2345.5900    0   36 -2215.8000 -2345.5900  5.86%     -    0s
H    0     0                    -2328.400000 -2345.5900  0.74%     -    0s

Explored 0 nodes (1294 simplex iterations) in 0.04 seconds
Thread count was 20 (of 20 available processors)

Solution count 3: -2328.4 -2215.8 -34 
Pool objective bound -2345.4

Optimal solution found (tolerance 5.00e-02)
Best objective -2.328400000000e+03, best bound -2.345400000000e+03, gap 0.7301%
(0, 2104.0000000000468)
(1, 2110.0000000000459)
(2, 2132.8000000000425)
(3, 2046.4000000000551)
(4, 2075.2000000000512)
(5, 2113.6000000000454)
(6, 2084.8000000000497)
(7, 2053.6000000000545)
(8, 2083.6000000000499)
(9, 2072.8000000000516)
(10, 2048.8000000000552)
(11, 2072.8000000000516)
(12, 2054.8000000000543)
(13, 2058.4000000000538)
(14, 2130.4000000000428)
(15, 2063.200000000053)
(16, 2069.2000000000521)
(17, 2076.400000000051)
(18, 2108.8000000000461)
(19, 2105.2000000000467)
(20, 2102.800000000047)
(21, 2080.0000000000505)
(22, 2059.6000000000536)
(23, 2065.6000000000527)
(24, 2086.0000000000496)
(25, 2146.0000000000405)
(26, 2110.0000000000459)
(27, 2072.8000000000516)
(28, 2069.2000000000521)
(29, 2086.0000000000496)
(30, 2096.8000000000479)
(31, 2071.6000000000518)
(32, 2093.2000000000485)
(33, 2146.0000000000405)
(34, 2081.2000000000503)
(35, 2071.6000000000518)
(36, 2058.4000000000538)
(37, 2053.6000000000545)
(38, 2089.600000000049)
(39, 2054.8000000000543)
(0, 2174.8000000000361)
(1, 2172.4000000000365)
(2, 2174.8000000000361)
(3, 2171.2000000000367)
(4, 2177.2000000000357)
(5, 2162.8000000000379)
(6, 2173.6000000000363)
(7, 2170.0000000000368)
(8, 2170.0000000000368)
(9, 2165.2000000000376)
(10, 2165.2000000000376)
(11, 2165.2000000000376)
(12, 2168.800000000037)
(13, 2174.8000000000361)
(14, 2166.4000000000374)
(15, 2167.6000000000372)
(16, 2165.2000000000376)
(17, 2162.8000000000379)
(18, 2171.2000000000367)
(19, 2166.4000000000374)
(20, 2167.6000000000372)
(21, 2172.4000000000365)
(22, 2173.6000000000363)
(23, 2168.800000000037)
(24, 2168.800000000037)
(25, 2168.800000000037)
(26, 2166.4000000000374)
(27, 2164.0000000000377)
(28, 2165.2000000000376)
(29, 2171.2000000000367)
(30, 2165.2000000000376)
(31, 2168.800000000037)
(32, 2176.0000000000359)
(33, 2164.0000000000377)
(34, 2166.4000000000374)
(35, 2166.4000000000374)
(36, 2165.2000000000376)
(37, 2174.8000000000361)
(38, 2166.4000000000374)
(39, 2162.8000000000379)
Changed value of parameter MIPGap to 0.05
   Prev: 0.0001  Min: 0.0  Max: 1e+100  Default: 0.0001
Changed value of parameter TimeLimit to 1800.0
   Prev: 1e+100  Min: 0.0  Max: 1e+100  Default: 1e+100
Changed value of parameter Method to 2
   Prev: -1  Min: -1  Max: 4  Default: -1
Changed value of parameter MIPFocus to 1
   Prev: 0  Min: 0  Max: 3  Default: 0
Optimize a model with 4616 rows, 6774 columns and 13548 nonzeros
Variable types: 0 continuous, 6774 integer (6774 binary)
Coefficient statistics:
  Matrix range     [1e+00, 5e+00]
  Objective range  [1e+00, 4e+00]
  Bounds range     [1e+00, 1e+00]
  RHS range        [8e+01, 8e+01]
Found heuristic solution: objective 0
Presolve removed 4527 rows and 4940 columns
Presolve time: 0.01s
Presolved: 89 rows, 1834 columns, 3566 nonzeros
Found heuristic solution: objective -2791.600000
Variable types: 0 continuous, 1834 integer (1580 binary)
Presolved: 89 rows, 1834 columns, 3566 nonzeros

Root barrier log...

Ordering time: 0.00s

Barrier statistics:
 AA' NZ     : 1.679e+03
 Factor NZ  : 3.830e+03 (roughly 1 MByte of memory)
 Factor Ops : 2.184e+05 (less than 1 second per iteration)
 Threads    : 1

                  Objective                Residual
Iter       Primal          Dual         Primal    Dual     Compl     Time
   0  -1.27019979e+04 -5.40242418e+03  5.18e+01 8.88e-16  4.21e+00     0s
   1  -3.35572785e+03 -4.66204902e+03  2.88e+00 3.20e-01  6.63e-01     0s
   2  -2.90291399e+03 -3.13778304e+03  8.86e-02 1.81e-02  6.86e-02     0s
   3  -2.93070640e+03 -3.00211807e+03  2.02e-02 5.33e-15  2.02e-02     0s
   4  -2.93581983e+03 -2.95738289e+03  2.68e-03 1.78e-15  5.91e-03     0s
   5  -2.94073729e+03 -2.94295825e+03  5.50e-04 1.78e-15  6.28e-04     0s
   6  -2.94129103e+03 -2.94145944e+03  0.00e+00 1.78e-15  4.49e-05     0s
   7  -2.94139997e+03 -2.94140036e+03  0.00e+00 1.78e-15  1.04e-07     0s
   8  -2.94140000e+03 -2.94140000e+03  0.00e+00 1.78e-15  4.81e-13     0s

Barrier solved model in 8 iterations and 0.02 seconds
Optimal objective -2.94140000e+03


Root relaxation: objective -2.941400e+03, 1458 iterations, 0.01 seconds

    Nodes    |    Current Node    |     Objective Bounds      |     Work
 Expl Unexpl |  Obj  Depth IntInf | Incumbent    BestBd   Gap | It/Node Time

     0     0 -2941.4000    0   30 -2791.6000 -2941.4000  5.37%     -    0s
H    0     0                    -2926.000000 -2941.4000  0.53%     -    0s

Explored 0 nodes (1816 simplex iterations) in 0.04 seconds
Thread count was 20 (of 20 available processors)

Solution count 3: -2926 -2791.6 -42 
Pool objective bound -2941.4

Optimal solution found (tolerance 5.00e-02)
Best objective -2.926000000000e+03, best bound -2.941400000000e+03, gap 0.5263%
(0, 2651.6000000001045)
(1, 2661.4000000001065)
(2, 2637.6000000001045)
(3, 2703.4000000001083)
(4, 2678.2000000001062)
(5, 2648.8000000001039)
(6, 2636.200000000104)
(7, 2683.8000000001066)
(8, 2646.0000000001055)
(9, 2641.8000000001025)
(10, 2623.6000000001013)
(11, 2637.600000000104)
(12, 2669.800000000107)
(13, 2634.8000000001043)
(14, 2641.8000000001034)
(15, 2661.4000000001047)
(16, 2655.8000000001052)
(17, 2639.0000000001037)
(18, 2627.8000000001039)
(19, 2692.2000000001076)
(20, 2655.8000000001057)
(21, 2664.2000000001053)
(22, 2660.000000000105)
(23, 2669.8000000001043)
(24, 2639.0000000001037)
(25, 2660.0000000001037)
(26, 2672.6000000001063)
(27, 2655.8000000001057)
(28, 2644.600000000104)
(29, 2661.4000000001042)
(30, 2681.0000000001055)
(31, 2657.2000000001044)
(32, 2699.200000000108)
(33, 2647.4000000001038)
(34, 2686.6000000001072)
(35, 2657.2000000001049)
(36, 2660.0000000001041)
(37, 2706.2000000001085)
(38, 2665.6000000001054)
(39, 2637.6000000001018)
(0, 2658.6000000001059)
(1, 2662.8000000001057)
(2, 2669.8000000001057)
(3, 2669.8000000001052)
(4, 2661.4000000001056)
(5, 2653.0000000001037)
(6, 2655.8000000001052)
(7, 2669.8000000001043)
(8, 2661.4000000001051)
(9, 2660.0000000001032)
(10, 2669.800000000107)
(11, 2669.800000000107)
(12, 2660.000000000106)
(13, 2664.2000000001053)
(14, 2674.0000000001064)
(15, 2674.0000000001069)
(16, 2653.000000000105)
(17, 2658.600000000105)
(18, 2660.000000000105)
(19, 2668.400000000106)
(20, 2661.4000000001051)
(21, 2662.8000000001048)
(22, 2660.000000000105)
(23, 2662.8000000001066)
(24, 2671.2000000001071)
(25, 2664.2000000001058)
(26, 2667.000000000105)
(27, 2681.0000000001082)
(28, 2655.8000000001052)
(29, 2660.0000000001032)
(30, 2665.6000000001054)
(31, 2658.6000000001045)
(32, 2678.2000000001058)
(33, 2657.2000000001049)
(34, 2662.8000000001052)
(35, 2667.0000000001055)
(36, 2655.8000000001039)
(37, 2664.2000000001053)
(38, 2664.2000000001053)
(39, 2667.0000000001073)
Changed value of parameter MIPGap to 0.05
   Prev: 0.0001  Min: 0.0  Max: 1e+100  Default: 0.0001
Changed value of parameter TimeLimit to 1800.0
   Prev: 1e+100  Min: 0.0  Max: 1e+100  Default: 1e+100
Changed value of parameter Method to 2
   Prev: -1  Min: -1  Max: 4  Default: -1
Changed value of parameter MIPFocus to 1
   Prev: 0  Min: 0  Max: 3  Default: 0
Optimize a model with 4616 rows, 6774 columns and 13548 nonzeros
Variable types: 0 continuous, 6774 integer (6774 binary)
Coefficient statistics:
  Matrix range     [1e+00, 5e+00]
  Objective range  [2e+00, 5e+00]
  Bounds range     [1e+00, 1e+00]
  RHS range        [8e+01, 8e+01]
Found heuristic solution: objective 0
Presolve removed 4527 rows and 4939 columns
Presolve time: 0.01s
Presolved: 89 rows, 1835 columns, 3567 nonzeros
Found heuristic solution: objective -3081.000000
Variable types: 0 continuous, 1835 integer (1581 binary)
Presolved: 89 rows, 1835 columns, 3567 nonzeros

Root barrier log...

Ordering time: 0.00s

Barrier statistics:
 AA' NZ     : 1.679e+03
 Factor NZ  : 3.830e+03 (roughly 1 MByte of memory)
 Factor Ops : 2.184e+05 (less than 1 second per iteration)
 Threads    : 1

                  Objective                Residual
Iter       Primal          Dual         Primal    Dual     Compl     Time
   0  -1.38037047e+04 -5.97513000e+03  5.18e+01 4.44e-16  4.70e+00     0s
   1  -3.65469321e+03 -5.16131477e+03  2.72e+00 3.65e-01  7.30e-01     0s
   2  -3.22066951e+03 -3.50848103e+03  7.88e-02 2.33e-02  8.26e-02     0s
   3  -3.25770695e+03 -3.33697091e+03  1.88e-02 2.66e-15  2.23e-02     0s
   4  -3.26851513e+03 -3.27274889e+03  3.08e-03 1.78e-15  1.33e-03     0s
   5  -3.26948694e+03 -3.26950902e+03  4.92e-05 4.44e-15  9.15e-06     0s
   6  -3.26950000e+03 -3.26950000e+03  4.99e-11 1.78e-15  1.06e-11     0s

Barrier solved model in 6 iterations and 0.02 seconds
Optimal objective -3.26950000e+03


Root relaxation: objective -3.269500e+03, 1458 iterations, 0.01 seconds

    Nodes    |    Current Node    |     Objective Bounds      |     Work
 Expl Unexpl |  Obj  Depth IntInf | Incumbent    BestBd   Gap | It/Node Time

     0     0 -3269.5000    0   26 -3081.0000 -3269.5000  6.12%     -    0s
H    0     0                    -3254.500000 -3269.5000  0.46%     -    0s

Explored 0 nodes (1768 simplex iterations) in 0.05 seconds
Thread count was 20 (of 20 available processors)

Solution count 3: -3254.5 -3081 -46 
Pool objective bound -3269.5

Optimal solution found (tolerance 5.00e-02)
Best objective -3.254500000000e+03, best bound -3.269500000000e+03, gap 0.4609%
(0, 2956.0)
(1, 2987.5)
(2, 2963.5)
(3, 3011.5)
(4, 3011.5)
(5, 2962.0)
(6, 3010.0)
(7, 3023.5)
(8, 2948.5)
(9, 2963.5)
(10, 2950.0)
(11, 2944.0)
(12, 3010.0)
(13, 2944.0)
(14, 2969.5)
(15, 2936.5)
(16, 2969.5)
(17, 2947.0)
(18, 3026.5)
(19, 2965.0)
(20, 2963.5)
(21, 2941.0)
(22, 2941.0)
(23, 2956.0)
(24, 2965.0)
(25, 2942.5)
(26, 2945.5)
(27, 2954.5)
(28, 2974.0)
(29, 2959.0)
(30, 2951.5)
(31, 2956.0)
(32, 2932.0)
(33, 2954.5)
(34, 2971.0)
(35, 2984.5)
(36, 2995.0)
(37, 3014.5)
(38, 2957.5)
(39, 2954.5)
(0, 2969.5)
(1, 2993.5)
(2, 2980.0)
(3, 2990.5)
(4, 2983.0)
(5, 2983.0)
(6, 2996.5)
(7, 2977.0)
(8, 2983.0)
(9, 2981.5)
(10, 2978.5)
(11, 2981.5)
(12, 2981.5)
(13, 2971.0)
(14, 2983.0)
(15, 2989.0)
(16, 2974.0)
(17, 2983.0)
(18, 2989.0)
(19, 2971.0)
(20, 2983.0)
(21, 2983.0)
(22, 2977.0)
(23, 2975.5)
(24, 2983.0)
(25, 2987.5)
(26, 2992.0)
(27, 2981.5)
(28, 2981.5)
(29, 2971.0)
(30, 2977.0)
(31, 2977.0)
(32, 2978.5)
(33, 2975.5)
(34, 2980.0)
(35, 2984.5)
(36, 2981.5)
(37, 2984.5)
(38, 2978.5)
(39, 2993.5)
Changed value of parameter MIPGap to 0.05
   Prev: 0.0001  Min: 0.0  Max: 1e+100  Default: 0.0001
Changed value of parameter TimeLimit to 1800.0
   Prev: 1e+100  Min: 0.0  Max: 1e+100  Default: 1e+100
Changed value of parameter Method to 2
   Prev: -1  Min: -1  Max: 4  Default: -1
Changed value of parameter MIPFocus to 1
   Prev: 0  Min: 0  Max: 3  Default: 0
Optimize a model with 4616 rows, 6774 columns and 13548 nonzeros
Variable types: 0 continuous, 6774 integer (6774 binary)
Coefficient statistics:
  Matrix range     [1e+00, 5e+00]
  Objective range  [2e+00, 9e+00]
  Bounds range     [1e+00, 1e+00]
  RHS range        [8e+01, 8e+01]
Found heuristic solution: objective 0
Presolve removed 4527 rows and 4939 columns
Presolve time: 0.01s
Presolved: 89 rows, 1835 columns, 3567 nonzeros
Found heuristic solution: objective -4555.000000
Variable types: 0 continuous, 1835 integer (1581 binary)
Presolved: 89 rows, 1835 columns, 3567 nonzeros

Root barrier log...

Ordering time: 0.00s

Barrier statistics:
 AA' NZ     : 1.679e+03
 Factor NZ  : 3.830e+03 (roughly 1 MByte of memory)
 Factor Ops : 2.184e+05 (less than 1 second per iteration)
 Threads    : 1

                  Objective                Residual
Iter       Primal          Dual         Primal    Dual     Compl     Time
   0  -1.92979786e+04 -1.03359827e+04  5.19e+01 8.88e-16  9.52e+00     0s
   1  -5.03051524e+03 -8.82381944e+03  1.88e+00 9.89e-01  1.45e+00     0s
   2  -4.78041441e+03 -5.34351309e+03  1.85e-02 7.13e-02  1.53e-01     0s
   3  -4.88568937e+03 -4.95506999e+03  2.34e-03 3.55e-15  1.88e-02     0s
   4  -4.90163699e+03 -4.91404732e+03  0.00e+00 3.55e-15  3.31e-03     0s
   5  -4.90971206e+03 -4.91098351e+03  0.00e+00 3.55e-15  3.39e-04     0s
   6  -4.90993991e+03 -4.91008263e+03  0.00e+00 3.55e-15  3.80e-05     0s
   7  -4.90999992e+03 -4.91000012e+03  0.00e+00 3.55e-15  5.26e-08     0s
   8  -4.91000000e+03 -4.91000000e+03  1.05e-14 1.78e-15  1.12e-13     0s

Barrier solved model in 8 iterations and 0.02 seconds
Optimal objective -4.91000000e+03


Root relaxation: objective -4.910000e+03, 1457 iterations, 0.01 seconds

    Nodes    |    Current Node    |     Objective Bounds      |     Work
 Expl Unexpl |  Obj  Depth IntInf | Incumbent    BestBd   Gap | It/Node Time

     0     0 -4910.0000    0   28 -4555.0000 -4910.0000  7.79%     -    0s
H    0     0                    -4890.000000 -4910.0000  0.41%     -    0s

Explored 0 nodes (1746 simplex iterations) in 0.04 seconds
Thread count was 20 (of 20 available processors)

Solution count 3: -4890 -4555 -66 
Pool objective bound -4910

Optimal solution found (tolerance 5.00e-02)
Best objective -4.890000000000e+03, best bound -4.910000000000e+03, gap 0.4090%
(0, 4508.0)
(1, 4506.0)
(2, 4484.0)
(3, 4476.0)
(4, 4488.0)
(5, 4494.0)
(6, 4498.0)
(7, 4470.0)
(8, 4464.0)
(9, 4470.0)
(10, 4530.0)
(11, 4510.0)
(12, 4467.0)
(13, 4480.0)
(14, 4500.0)
(15, 4477.0)
(16, 4471.0)
(17, 4538.0)
(18, 4496.0)
(19, 4476.0)
(20, 4594.0)
(21, 4502.0)
(22, 4484.0)
(23, 4476.0)
(24, 4486.0)
(25, 4476.0)
(26, 4472.0)
(27, 4478.0)
(28, 4500.0)
(29, 4492.0)
(30, 4494.0)
(31, 4570.0)
(32, 4492.0)
(33, 4476.0)
(34, 4494.0)
(35, 4476.0)
(36, 4472.0)
(37, 4486.0)
(38, 4474.0)
(39, 4504.0)
(0, 4532.0)
(1, 4526.0)
(2, 4514.0)
(3, 4530.0)
(4, 4524.0)
(5, 4516.0)
(6, 4520.0)
(7, 4520.0)
(8, 4506.0)
(9, 4532.0)
(10, 4514.0)
(11, 4534.0)
(12, 4522.0)
(13, 4524.0)
(14, 4509.0)
(15, 4516.0)
(16, 4514.0)
(17, 4524.0)
(18, 4536.0)
(19, 4524.0)
(20, 4522.0)
(21, 4536.0)
(22, 4518.0)
(23, 4532.0)
(24, 4516.0)
(25, 4540.0)
(26, 4530.0)
(27, 4524.0)
(28, 4508.0)
(29, 4530.0)
(30, 4534.0)
(31, 4524.0)
(32, 4514.0)
(33, 4520.0)
(34, 4516.0)
(35, 4522.0)
(36, 4524.0)
(37, 4526.0)
(38, 4522.0)
(39, 4526.0)
Changed value of parameter MIPGap to 0.05
   Prev: 0.0001  Min: 0.0  Max: 1e+100  Default: 0.0001
Changed value of parameter TimeLimit to 1800.0
   Prev: 1e+100  Min: 0.0  Max: 1e+100  Default: 1e+100
Changed value of parameter Method to 2
   Prev: -1  Min: -1  Max: 4  Default: -1
Changed value of parameter MIPFocus to 1
   Prev: 0  Min: 0  Max: 3  Default: 0
Optimize a model with 4616 rows, 6774 columns and 13548 nonzeros
Variable types: 0 continuous, 6774 integer (6774 binary)
Coefficient statistics:
  Matrix range     [1e+00, 5e+00]
  Objective range  [3e+00, 2e+01]
  Bounds range     [1e+00, 1e+00]
  RHS range        [8e+01, 8e+01]
Found heuristic solution: objective 0
Presolve removed 4527 rows and 4939 columns
Presolve time: 0.01s
Presolved: 89 rows, 1835 columns, 3567 nonzeros
Found heuristic solution: objective -7550.000000
Variable types: 0 continuous, 1835 integer (1581 binary)
Presolved: 89 rows, 1835 columns, 3567 nonzeros

Root barrier log...

Ordering time: 0.00s

Barrier statistics:
 AA' NZ     : 1.679e+03
 Factor NZ  : 3.830e+03 (roughly 1 MByte of memory)
 Factor Ops : 2.184e+05 (less than 1 second per iteration)
 Threads    : 1

                  Objective                Residual
Iter       Primal          Dual         Primal    Dual     Compl     Time
   0  -3.02779103e+04 -1.92015275e+04  5.19e+01 1.78e-15  1.94e+01     0s
   1  -7.92474454e+03 -1.62604256e+04  1.32e+00 2.30e+00  2.88e+00     0s
   2  -7.91431667e+03 -8.93196736e+03  0.00e+00 1.47e-01  2.72e-01     0s
   3  -8.16344730e+03 -8.26268779e+03  0.00e+00 7.11e-15  2.64e-02     0s
   4  -8.18929036e+03 -8.19525118e+03  0.00e+00 5.33e-15  1.59e-03     0s
   5  -8.19098035e+03 -8.19101662e+03  0.00e+00 7.11e-15  9.65e-06     0s
   6  -8.19100000e+03 -8.19100000e+03  0.00e+00 7.11e-15  1.76e-10     0s

Barrier solved model in 6 iterations and 0.02 seconds
Optimal objective -8.19100000e+03


Root relaxation: objective -8.191000e+03, 1460 iterations, 0.01 seconds

    Nodes    |    Current Node    |     Objective Bounds      |     Work
 Expl Unexpl |  Obj  Depth IntInf | Incumbent    BestBd   Gap | It/Node Time

     0     0 -8191.0000    0   36 -7550.0000 -8191.0000  8.49%     -    0s
H    0     0                    -8158.000000 -8191.0000  0.40%     -    0s

Explored 0 nodes (1635 simplex iterations) in 0.03 seconds
Thread count was 20 (of 20 available processors)

Solution count 3: -8158 -7550 -106 
Pool objective bound -8191

Optimal solution found (tolerance 5.00e-02)
Best objective -8.158000000000e+03, best bound -8.191000000000e+03, gap 0.4045%
(0, 7579.0)
(1, 7546.0)
(2, 7630.0)
(3, 7552.0)
(4, 7573.0)
(5, 7543.0)
(6, 7609.0)
(7, 7582.0)
(8, 7588.0)
(9, 7516.0)
(10, 7588.0)
(11, 7546.0)
(12, 7594.0)
(13, 7666.0)
(14, 7630.0)
(15, 7531.0)
(16, 7579.0)
(17, 7579.0)
(18, 7678.0)
(19, 7528.0)
(20, 7684.0)
(21, 7558.0)
(22, 7633.0)
(23, 7561.0)
(24, 7639.0)
(25, 7666.0)
(26, 7600.0)
(27, 7546.0)
(28, 7564.0)
(29, 7654.0)
(30, 7624.0)
(31, 7669.0)
(32, 7498.0)
(33, 7618.0)
(34, 7624.0)
(35, 7600.0)
(36, 7543.0)
(37, 7633.0)
(38, 7657.0)
(39, 7564.0)
(0, 7597.0)
(1, 7603.0)
(2, 7606.0)
(3, 7600.0)
(4, 7609.0)
(5, 7594.0)
(6, 7591.0)
(7, 7594.0)
(8, 7594.0)
(9, 7588.0)
(10, 7597.0)
(11, 7612.0)
(12, 7606.0)
(13, 7597.0)
(14, 7594.0)
(15, 7591.0)
(16, 7594.0)
(17, 7642.0)
(18, 7582.0)
(19, 7624.0)
(20, 7582.0)
(21, 7594.0)
(22, 7591.0)
(23, 7603.0)
(24, 7594.0)
(25, 7588.0)
(26, 7606.0)
(27, 7618.0)
(28, 7582.0)
(29, 7588.0)
(30, 7642.0)
(31, 7606.0)
(32, 7606.0)
(33, 7579.0)
(34, 7639.0)
(35, 7612.0)
(36, 7594.0)
(37, 7615.0)
(38, 7582.0)
(39, 7615.0)
Changed value of parameter MIPGap to 0.05
   Prev: 0.0001  Min: 0.0  Max: 1e+100  Default: 0.0001
Changed value of parameter TimeLimit to 1800.0
   Prev: 1e+100  Min: 0.0  Max: 1e+100  Default: 1e+100
Changed value of parameter Method to 2
   Prev: -1  Min: -1  Max: 4  Default: -1
Changed value of parameter MIPFocus to 1
   Prev: 0  Min: 0  Max: 3  Default: 0
Optimize a model with 4616 rows, 6774 columns and 13548 nonzeros
Variable types: 0 continuous, 6774 integer (6774 binary)
Coefficient statistics:
  Matrix range     [1e+00, 5e+00]
  Objective range  [5e+00, 3e+01]
  Bounds range     [1e+00, 1e+00]
  RHS range        [8e+01, 8e+01]
Found heuristic solution: objective 0
Presolve removed 4527 rows and 4939 columns
Presolve time: 0.01s
Presolved: 89 rows, 1835 columns, 3567 nonzeros
Found heuristic solution: objective -13549.00000
Variable types: 0 continuous, 1835 integer (1581 binary)
Presolved: 89 rows, 1835 columns, 3567 nonzeros

Root barrier log...

Ordering time: 0.00s

Barrier statistics:
 AA' NZ     : 1.679e+03
 Factor NZ  : 3.830e+03 (roughly 1 MByte of memory)
 Factor Ops : 2.184e+05 (less than 1 second per iteration)
 Threads    : 1

                  Objective                Residual
Iter       Primal          Dual         Primal    Dual     Compl     Time
   0  -5.22329652e+04 -3.69326170e+04  5.19e+01 3.55e-15  3.91e+01     0s
   1  -1.38614171e+04 -3.11304219e+04  1.05e+00 4.92e+00  5.75e+00     0s
   2  -1.41919945e+04 -1.62038984e+04  0.00e+00 3.23e-01  5.39e-01     0s
   3  -1.46941159e+04 -1.48935823e+04  0.00e+00 1.42e-14  5.31e-02     0s
   4  -1.47136856e+04 -1.47616151e+04  0.00e+00 1.07e-14  1.28e-02     0s
   5  -1.47522421e+04 -1.47545031e+04  0.00e+00 7.11e-15  6.01e-04     0s
   6  -1.47529992e+04 -1.47530016e+04  0.00e+00 1.42e-14  6.43e-07     0s
   7  -1.47530000e+04 -1.47530000e+04  0.00e+00 1.42e-14  6.50e-13     0s

Barrier solved model in 7 iterations and 0.02 seconds
Optimal objective -1.47530000e+04


Root relaxation: objective -1.475300e+04, 1461 iterations, 0.01 seconds

    Nodes    |    Current Node    |     Objective Bounds      |     Work
 Expl Unexpl |  Obj  Depth IntInf | Incumbent    BestBd   Gap | It/Node Time

     0     0 -14753.000    0   24 -13549.000 -14753.000  8.89%     -    0s
H    0     0                    -14698.00000 -14753.000  0.37%     -    0s

Explored 0 nodes (2040 simplex iterations) in 0.04 seconds
Thread count was 20 (of 20 available processors)

Solution count 3: -14698 -13549 -186 
Pool objective bound -14753

Optimal solution found (tolerance 5.00e-02)
Best objective -1.469800000000e+04, best bound -1.475300000000e+04, gap 0.3742%
(0, 13688.0)
(1, 13723.0)
(2, 13743.0)
(3, 13668.0)
(4, 13638.0)
(5, 13728.0)
(6, 13708.0)
(7, 13733.0)
(8, 13763.0)
(9, 13853.0)
(10, 13713.0)
(11, 13738.0)
(12, 13603.0)
(13, 13663.0)
(14, 13688.0)
(15, 13623.0)
(16, 13648.0)
(17, 13633.0)
(18, 13693.0)
(19, 13698.0)
(20, 13758.0)
(21, 13678.0)
(22, 13693.0)
(23, 13688.0)
(24, 13668.0)
(25, 13678.0)
(26, 13588.0)
(27, 13738.0)
(28, 13673.0)
(29, 13713.0)
(30, 13723.0)
(31, 13693.0)
(32, 13713.0)
(33, 13728.0)
(34, 13668.0)
(35, 13738.0)
(36, 13703.0)
(37, 13718.0)
(38, 13763.0)
(39, 13733.0)
(0, 13758.0)
(1, 13793.0)
(2, 13758.0)
(3, 13743.0)
(4, 13723.0)
(5, 13793.0)
(6, 13743.0)
(7, 13758.0)
(8, 13733.0)
(9, 13698.0)
(10, 13778.0)
(11, 13748.0)
(12, 13768.0)
(13, 13773.0)
(14, 13743.0)
(15, 13798.0)
(16, 13768.0)
(17, 13748.0)
(18, 13768.0)
(19, 13773.0)
(20, 13763.0)
(21, 13743.0)
(22, 13758.0)
(23, 13768.0)
(24, 13733.0)
(25, 13763.0)
(26, 13758.0)
(27, 13748.0)
(28, 13778.0)
(29, 13788.0)
(30, 13798.0)
(31, 13708.0)
(32, 13768.0)
(33, 13738.0)
(34, 13753.0)
(35, 13778.0)
(36, 13778.0)
(37, 13778.0)
(38, 13753.0)
(39, 13768.0)
Changed value of parameter MIPGap to 0.05
   Prev: 0.0001  Min: 0.0  Max: 1e+100  Default: 0.0001
Changed value of parameter TimeLimit to 1800.0
   Prev: 1e+100  Min: 0.0  Max: 1e+100  Default: 1e+100
Changed value of parameter Method to 2
   Prev: -1  Min: -1  Max: 4  Default: -1
Changed value of parameter MIPFocus to 1
   Prev: 0  Min: 0  Max: 3  Default: 0
Optimize a model with 4616 rows, 6774 columns and 13548 nonzeros
Variable types: 0 continuous, 6774 integer (6774 binary)
Coefficient statistics:
  Matrix range     [1e+00, 5e+00]
  Objective range  [6e+00, 4e+01]
  Bounds range     [1e+00, 1e+00]
  RHS range        [8e+01, 8e+01]
Found heuristic solution: objective 0
Presolve removed 4527 rows and 4939 columns
Presolve time: 0.01s
Presolved: 89 rows, 1835 columns, 3567 nonzeros
Found heuristic solution: objective -16543.00000
Variable types: 0 continuous, 1835 integer (1581 binary)
Presolved: 89 rows, 1835 columns, 3567 nonzeros

Root barrier log...

Ordering time: 0.00s

Barrier statistics:
 AA' NZ     : 1.679e+03
 Factor NZ  : 3.830e+03 (roughly 1 MByte of memory)
 Factor Ops : 2.184e+05 (less than 1 second per iteration)
 Threads    : 1

                  Objective                Residual
Iter       Primal          Dual         Primal    Dual     Compl     Time
   0  -6.32100223e+04 -4.57981617e+04  5.19e+01 7.11e-15  4.89e+01     0s
   1  -1.68692484e+04 -3.85661455e+04  1.02e+00 6.24e+00  7.20e+00     0s
   2  -1.73301226e+04 -1.98372031e+04  0.00e+00 4.06e-01  6.72e-01     0s
   3  -1.79570808e+04 -1.82091804e+04  0.00e+00 1.42e-14  6.71e-02     0s
   4  -1.79856915e+04 -1.80449539e+04  0.00e+00 1.42e-14  1.58e-02     0s
   5  -1.80327003e+04 -1.80360206e+04  0.00e+00 1.42e-14  8.83e-04     0s
   6  -1.80339979e+04 -1.80340074e+04  0.00e+00 1.42e-14  2.52e-06     0s
   7  -1.80340000e+04 -1.80340000e+04  0.00e+00 1.42e-14  2.56e-12     0s

Barrier solved model in 7 iterations and 0.02 seconds
Optimal objective -1.80340000e+04


Root relaxation: objective -1.803400e+04, 1462 iterations, 0.01 seconds

    Nodes    |    Current Node    |     Objective Bounds      |     Work
 Expl Unexpl |  Obj  Depth IntInf | Incumbent    BestBd   Gap | It/Node Time

     0     0 -18034.000    0   28 -16543.000 -18034.000  9.01%     -    0s
H    0     0                    -17968.00000 -18034.000  0.37%     -    0s

Explored 0 nodes (1905 simplex iterations) in 0.04 seconds
Thread count was 20 (of 20 available processors)

Solution count 3: -17968 -16543 -226 
Pool objective bound -18034

Optimal solution found (tolerance 5.00e-02)
Best objective -1.796800000000e+04, best bound -1.803400000000e+04, gap 0.3673%
(0, 16942.0)
(1, 16792.0)
(2, 16756.0)
(3, 16744.0)
(4, 16708.0)
(5, 16822.0)
(6, 16918.0)
(7, 16792.0)
(8, 16996.0)
(9, 16828.0)
(10, 16852.0)
(11, 16858.0)
(12, 16876.0)
(13, 16840.0)
(14, 16798.0)
(15, 16828.0)
(16, 16822.0)
(17, 16894.0)
(18, 16948.0)
(19, 16948.0)
(20, 16906.0)
(21, 16768.0)
(22, 16954.0)
(23, 16960.0)
(24, 16894.0)
(25, 16774.0)
(26, 16966.0)
(27, 16936.0)
(28, 16876.0)
(29, 16960.0)
(30, 16840.0)
(31, 16798.0)
(32, 16798.0)
(33, 16948.0)
(34, 16978.0)
(35, 16942.0)
(36, 16810.0)
(37, 16948.0)
(38, 16918.0)
(39, 16780.0)
(0, 16882.0)
(1, 16864.0)
(2, 16852.0)
(3, 16846.0)
(4, 16822.0)
(5, 16828.0)
(6, 16846.0)
(7, 16828.0)
(8, 16882.0)
(9, 16810.0)
(10, 16828.0)
(11, 16822.0)
(12, 16846.0)
(13, 16864.0)
(14, 16852.0)
(15, 16900.0)
(16, 16846.0)
(17, 16870.0)
(18, 16858.0)
(19, 16852.0)
(20, 16858.0)
(21, 16816.0)
(22, 16840.0)
(23, 16804.0)
(24, 16846.0)
(25, 16834.0)
(26, 16822.0)
(27, 16894.0)
(28, 16864.0)
(29, 16876.0)
(30, 16858.0)
(31, 16846.0)
(32, 16846.0)
(33, 16822.0)
(34, 16858.0)
(35, 16840.0)
(36, 16882.0)
(37, 16834.0)
(38, 16906.0)
(39, 16834.0)
Changed value of parameter MIPGap to 0.05
   Prev: 0.0001  Min: 0.0  Max: 1e+100  Default: 0.0001
Changed value of parameter TimeLimit to 1800.0
   Prev: 1e+100  Min: 0.0  Max: 1e+100  Default: 1e+100
Changed value of parameter Method to 2
   Prev: -1  Min: -1  Max: 4  Default: -1
Changed value of parameter MIPFocus to 1
   Prev: 0  Min: 0  Max: 3  Default: 0
Optimize a model with 4616 rows, 6774 columns and 13548 nonzeros
Variable types: 0 continuous, 6774 integer (6774 binary)
Coefficient statistics:
  Matrix range     [1e+00, 5e+00]
  Objective range  [1e+01, 8e+01]
  Bounds range     [1e+00, 1e+00]
  RHS range        [8e+01, 8e+01]
Found heuristic solution: objective 0
Presolve removed 4527 rows and 4939 columns
Presolve time: 0.01s
Presolved: 89 rows, 1835 columns, 3567 nonzeros
Found heuristic solution: objective -31513.00000
Variable types: 0 continuous, 1835 integer (1581 binary)
Presolved: 89 rows, 1835 columns, 3567 nonzeros

Root barrier log...

Ordering time: 0.00s

Barrier statistics:
 AA' NZ     : 1.679e+03
 Factor NZ  : 3.830e+03 (roughly 1 MByte of memory)
 Factor Ops : 2.184e+05 (less than 1 second per iteration)
 Threads    : 1

                  Objective                Residual
Iter       Primal          Dual         Primal    Dual     Compl     Time
   0  -1.18094377e+05 -9.01258855e+04  5.19e+01 1.42e-14  9.82e+01     0s
   1  -3.19247681e+04 -7.57446944e+04  9.68e-01 1.28e+01  1.45e+01     0s
   2  -3.31089579e+04 -3.79196626e+04  0.00e+00 8.89e-01  1.29e+00     0s
   3  -3.43005852e+04 -3.47713833e+04  0.00e+00 2.84e-14  1.25e-01     0s
   4  -3.43579239e+04 -3.44564657e+04  0.00e+00 2.84e-14  2.63e-02     0s
   5  -3.44362987e+04 -3.44413449e+04  0.00e+00 2.84e-14  1.34e-03     0s
   6  -3.44389820e+04 -3.44390278e+04  0.00e+00 2.84e-14  1.22e-05     0s
   7  -3.44390000e+04 -3.44390000e+04  0.00e+00 2.84e-14  1.41e-11     0s

Barrier solved model in 7 iterations and 0.02 seconds
Optimal objective -3.44390000e+04


Root relaxation: objective -3.443900e+04, 1462 iterations, 0.01 seconds

    Nodes    |    Current Node    |     Objective Bounds      |     Work
 Expl Unexpl |  Obj  Depth IntInf | Incumbent    BestBd   Gap | It/Node Time

     0     0 -34439.000    0   28 -31513.000 -34439.000  9.29%     -    0s
H    0     0                    -34307.00000 -34439.000  0.38%     -    0s

Explored 0 nodes (1858 simplex iterations) in 0.04 seconds
Thread count was 20 (of 20 available processors)

Solution count 3: -34307 -31513 -426 
Pool objective bound -34439

Optimal solution found (tolerance 5.00e-02)
Best objective -3.430700000000e+04, best bound -3.443900000000e+04, gap 0.3848%
(0, 32140.0)
(1, 32437.0)
(2, 32404.0)
(3, 32118.0)
(4, 32349.0)
(5, 32173.0)
(6, 32173.0)
(7, 32360.0)
(8, 32459.0)
(9, 32085.0)
(10, 32459.0)
(11, 32063.0)
(12, 32481.0)
(13, 32536.0)
(14, 32228.0)
(15, 32063.0)
(16, 32492.0)
(17, 32371.0)
(18, 32624.0)
(19, 32206.0)
(20, 32250.0)
(21, 32206.0)
(22, 32470.0)
(23, 32151.0)
(24, 32437.0)
(25, 32404.0)
(26, 32415.0)
(27, 32426.0)
(28, 32173.0)
(29, 32404.0)
(30, 32195.0)
(31, 32382.0)
(32, 32063.0)
(33, 32602.0)
(34, 32382.0)
(35, 32360.0)
(36, 31986.0)
(37, 32173.0)
(38, 32140.0)
(39, 32327.0)
(0, 32283.0)
(1, 32272.0)
(2, 32327.0)
(3, 32250.0)
(4, 32316.0)
(5, 32217.0)
(6, 32393.0)
(7, 32316.0)
(8, 32305.0)
(9, 32371.0)
(10, 32228.0)
(11, 32272.0)
(12, 32239.0)
(13, 32250.0)
(14, 32250.0)
(15, 32316.0)
(16, 32261.0)
(17, 32316.0)
(18, 32261.0)
(19, 32327.0)
(20, 32327.0)
(21, 32349.0)
(22, 32250.0)
(23, 32261.0)
(24, 32327.0)
(25, 32305.0)
(26, 32294.0)
(27, 32261.0)
(28, 32228.0)
(29, 32250.0)
(30, 32294.0)
(31, 32305.0)
(32, 32316.0)
(33, 32305.0)
(34, 32250.0)
(35, 32272.0)
(36, 32283.0)
(37, 32305.0)
(38, 32184.0)
(39, 32261.0)
Changed value of parameter MIPGap to 0.05
   Prev: 0.0001  Min: 0.0  Max: 1e+100  Default: 0.0001
Changed value of parameter TimeLimit to 1800.0
   Prev: 1e+100  Min: 0.0  Max: 1e+100  Default: 1e+100
Changed value of parameter Method to 2
   Prev: -1  Min: -1  Max: 4  Default: -1
Changed value of parameter MIPFocus to 1
   Prev: 0  Min: 0  Max: 3  Default: 0
Optimize a model with 4616 rows, 6774 columns and 13548 nonzeros
Variable types: 0 continuous, 6774 integer (6774 binary)
Coefficient statistics:
  Matrix range     [1e+00, 5e+00]
  Objective range  [2e+01, 2e+02]
  Bounds range     [1e+00, 1e+00]
  RHS range        [8e+01, 8e+01]
Found heuristic solution: objective 0
Presolve removed 4527 rows and 4939 columns
Presolve time: 0.01s
Presolved: 89 rows, 1835 columns, 3567 nonzeros
Found heuristic solution: objective -61453.00000
Variable types: 0 continuous, 1835 integer (1581 binary)
Presolved: 89 rows, 1835 columns, 3567 nonzeros

Root barrier log...

Ordering time: 0.00s

Barrier statistics:
 AA' NZ     : 1.679e+03
 Factor NZ  : 3.830e+03 (roughly 1 MByte of memory)
 Factor Ops : 2.184e+05 (less than 1 second per iteration)
 Threads    : 1

                  Objective                Residual
Iter       Primal          Dual         Primal    Dual     Compl     Time
   0  -2.27862160e+05 -1.78781333e+05  5.19e+01 2.84e-14  1.97e+02     0s
   1  -6.20524653e+04 -1.50101720e+05  9.41e-01 2.59e+01  2.90e+01     0s
   2  -6.47668417e+04 -7.40717284e+04  0.00e+00 1.75e+00  2.50e+00     0s
   3  -6.69889585e+04 -6.79133740e+04  0.00e+00 5.68e-14  2.46e-01     0s
   4  -6.71036914e+04 -6.72815872e+04  0.00e+00 5.68e-14  4.74e-02     0s
   5  -6.72428107e+04 -6.72535448e+04  0.00e+00 5.68e-14  2.86e-03     0s
   6  -6.72489302e+04 -6.72491002e+04  0.00e+00 5.68e-14  4.52e-05     0s
   7  -6.72490000e+04 -6.72490000e+04  0.00e+00 5.68e-14  8.72e-11     0s

Barrier solved model in 7 iterations and 0.02 seconds
Optimal objective -6.72490000e+04


Root relaxation: objective -6.724900e+04, 1462 iterations, 0.01 seconds

    Nodes    |    Current Node    |     Objective Bounds      |     Work
 Expl Unexpl |  Obj  Depth IntInf | Incumbent    BestBd   Gap | It/Node Time

     0     0 -67249.000    0   26 -61453.000 -67249.000  9.43%     -    0s
H    0     0                    -67039.00000 -67249.000  0.31%     -    0s

Explored 0 nodes (1844 simplex iterations) in 0.05 seconds
Thread count was 20 (of 20 available processors)

Solution count 3: -67039 -61453 -826 
Pool objective bound -67249

Optimal solution found (tolerance 5.00e-02)
Best objective -6.703900000000e+04, best bound -6.724900000000e+04, gap 0.3133%
(0, 63301.0)
(1, 62545.0)
(2, 62818.0)
(3, 62524.0)
(4, 63049.0)
(5, 62986.0)
(6, 62650.0)
(7, 63280.0)
(8, 62587.0)
(9, 62608.0)
(10, 63217.0)
(11, 62776.0)
(12, 63637.0)
(13, 62755.0)
(14, 62440.0)
(15, 63469.0)
(16, 63448.0)
(17, 62587.0)
(18, 62566.0)
(19, 62545.0)
(20, 62902.0)
(21, 63091.0)
(22, 62755.0)
(23, 62776.0)
(24, 62713.0)
(25, 62923.0)
(26, 62629.0)
(27, 62566.0)
(28, 62965.0)
(29, 62692.0)
(30, 62524.0)
(31, 63616.0)
(32, 62797.0)
(33, 62398.0)
(34, 62587.0)
(35, 62713.0)
(36, 62881.0)
(37, 62524.0)
(38, 63364.0)
(39, 63763.0)
(0, 63217.0)
(1, 63175.0)
(2, 63070.0)
(3, 63070.0)
(4, 63217.0)
(5, 63091.0)
(6, 63091.0)
(7, 63154.0)
(8, 63259.0)
(9, 63112.0)
(10, 63133.0)
(11, 62965.0)
(12, 63175.0)
(13, 62986.0)
(14, 63049.0)
(15, 63154.0)
(16, 63028.0)
(17, 63112.0)
(18, 63175.0)
(19, 63238.0)
(20, 63259.0)
(21, 63280.0)
(22, 63217.0)
(23, 63217.0)
(24, 63028.0)
(25, 63112.0)
(26, 62902.0)
(27, 63028.0)
(28, 63280.0)
(29, 63238.0)
(30, 63175.0)
(31, 62944.0)
(32, 63028.0)
(33, 63112.0)
(34, 63007.0)
(35, 62881.0)
(36, 62986.0)
(37, 63259.0)
(38, 63217.0)
(39, 63112.0)
Changed value of parameter MIPGap to 0.05
   Prev: 0.0001  Min: 0.0  Max: 1e+100  Default: 0.0001
Changed value of parameter TimeLimit to 1800.0
   Prev: 1e+100  Min: 0.0  Max: 1e+100  Default: 1e+100
Changed value of parameter Method to 2
   Prev: -1  Min: -1  Max: 4  Default: -1
Changed value of parameter MIPFocus to 1
   Prev: 0  Min: 0  Max: 3  Default: 0
Optimize a model with 4616 rows, 6774 columns and 13548 nonzeros
Variable types: 0 continuous, 6774 integer (6774 binary)
Coefficient statistics:
  Matrix range     [1e+00, 5e+00]
  Objective range  [5e+01, 4e+02]
  Bounds range     [1e+00, 1e+00]
  RHS range        [8e+01, 8e+01]
Found heuristic solution: objective 0
Presolve removed 4527 rows and 4939 columns
Presolve time: 0.01s
Presolved: 89 rows, 1835 columns, 3567 nonzeros
Found heuristic solution: objective -151273.0000
Variable types: 0 continuous, 1835 integer (1581 binary)
Presolved: 89 rows, 1835 columns, 3567 nonzeros

Root barrier log...

Ordering time: 0.00s

Barrier statistics:
 AA' NZ     : 1.679e+03
 Factor NZ  : 3.830e+03 (roughly 1 MByte of memory)
 Factor Ops : 2.184e+05 (less than 1 second per iteration)
 Threads    : 1

                  Objective                Residual
Iter       Primal          Dual         Primal    Dual     Compl     Time
   0  -5.57164775e+05 -4.44747676e+05  5.19e+01 5.68e-14  4.93e+02     0s
   1  -1.52449093e+05 -3.73172738e+05  9.24e-01 6.54e+01  7.25e+01     0s
   2  -1.59474461e+05 -1.82608255e+05  0.00e+00 4.37e+00  6.21e+00     0s
   3  -1.65056263e+05 -1.67264536e+05  0.00e+00 1.71e-13  5.88e-01     0s
   4  -1.65338932e+05 -1.65754123e+05  0.00e+00 1.14e-13  1.11e-01     0s
   5  -1.65663122e+05 -1.65689904e+05  0.00e+00 1.14e-13  7.12e-03     0s
   6  -1.65678792e+05 -1.65679302e+05  0.00e+00 1.71e-13  1.36e-04     0s
   7  -1.65679000e+05 -1.65679000e+05  0.00e+00 1.71e-13  3.53e-10     0s

Barrier solved model in 7 iterations and 0.02 seconds
Optimal objective -1.65679000e+05


Root relaxation: objective -1.656790e+05, 1462 iterations, 0.01 seconds

    Nodes    |    Current Node    |     Objective Bounds      |     Work
 Expl Unexpl |  Obj  Depth IntInf | Incumbent    BestBd   Gap | It/Node Time

     0     0 -165679.00    0   28 -151273.00 -165679.00  9.52%     -    0s
H    0     0                    -165118.0000 -165679.00  0.34%     -    0s

Explored 0 nodes (1793 simplex iterations) in 0.04 seconds
Thread count was 20 (of 20 available processors)

Solution count 3: -165118 -151273 -2026 
Pool objective bound -165679

Optimal solution found (tolerance 5.00e-02)
Best objective -1.651180000000e+05, best bound -1.656790000000e+05, gap 0.3398%
(0, 154816.0)
(1, 154816.0)
(2, 154204.0)
(3, 154510.0)
(4, 154561.0)
(5, 157060.0)
(6, 154663.0)
(7, 157162.0)
(8, 153898.0)
(9, 154561.0)
(10, 154612.0)
(11, 156142.0)
(12, 154306.0)
(13, 154561.0)
(14, 155530.0)
(15, 154765.0)
(16, 154561.0)
(17, 154255.0)
(18, 154765.0)
(19, 154357.0)
(20, 155887.0)
(21, 154408.0)
(22, 155071.0)
(23, 154255.0)
(24, 156142.0)
(25, 154561.0)
(26, 155377.0)
(27, 154204.0)
(28, 154663.0)
(29, 155224.0)
(30, 154816.0)
(31, 154663.0)
(32, 153949.0)
(33, 154204.0)
(34, 155071.0)
(35, 154561.0)
(36, 154714.0)
(37, 154204.0)
(38, 154612.0)
(39, 154561.0)
(0, 155020.0)
(1, 155581.0)
(2, 155479.0)
(3, 155581.0)
(4, 155785.0)
(5, 155581.0)
(6, 155428.0)
(7, 155581.0)
(8, 155428.0)
(9, 155326.0)
(10, 155581.0)
(11, 155275.0)
(12, 155479.0)
(13, 155479.0)
(14, 155377.0)
(15, 155224.0)
(16, 155428.0)
(17, 155173.0)
(18, 155173.0)
(19, 155224.0)
(20, 155224.0)
(21, 155275.0)
(22, 155326.0)
(23, 155581.0)
(24, 155632.0)
(25, 155326.0)
(26, 155530.0)
(27, 155581.0)
(28, 155632.0)
(29, 155632.0)
(30, 155173.0)
(31, 155122.0)
(32, 155479.0)
(33, 155326.0)
(34, 155326.0)
(35, 155530.0)
(36, 155479.0)
(37, 155734.0)
(38, 155479.0)
(39, 155224.0)
Changed value of parameter MIPGap to 0.05
   Prev: 0.0001  Min: 0.0  Max: 1e+100  Default: 0.0001
Changed value of parameter TimeLimit to 1800.0
   Prev: 1e+100  Min: 0.0  Max: 1e+100  Default: 1e+100
Changed value of parameter Method to 2
   Prev: -1  Min: -1  Max: 4  Default: -1
Changed value of parameter MIPFocus to 1
   Prev: 0  Min: 0  Max: 3  Default: 0
Optimize a model with 4616 rows, 6774 columns and 13548 nonzeros
Variable types: 0 continuous, 6774 integer (6774 binary)
Coefficient statistics:
  Matrix range     [1e+00, 5e+00]
  Objective range  [5e+02, 4e+03]
  Bounds range     [1e+00, 1e+00]
  RHS range        [8e+01, 8e+01]
Found heuristic solution: objective 0
Presolve removed 4527 rows and 4939 columns
Presolve time: 0.01s
Presolved: 89 rows, 1835 columns, 3567 nonzeros
Found heuristic solution: objective -1498573.000
Variable types: 0 continuous, 1835 integer (1581 binary)
Presolved: 89 rows, 1835 columns, 3567 nonzeros

Root barrier log...

Ordering time: 0.00s

Barrier statistics:
 AA' NZ     : 1.679e+03
 Factor NZ  : 3.830e+03 (roughly 1 MByte of memory)
 Factor Ops : 2.184e+05 (less than 1 second per iteration)
 Threads    : 1

                  Objective                Residual
Iter       Primal          Dual         Primal    Dual     Compl     Time
   0  -5.49670134e+06 -4.43424282e+06  5.19e+01 4.55e-13  4.93e+03     0s
   1  -1.50844765e+06 -3.71923779e+06  9.15e-01 6.57e+02  7.25e+02     0s
   2  -1.58010760e+06 -1.81065647e+06  0.00e+00 4.36e+01  6.19e+01     0s
   3  -1.63601778e+06 -1.65829488e+06  0.00e+00 9.09e-13  5.93e+00     0s
   4  -1.63884152e+06 -1.64283701e+06  0.00e+00 9.09e-13  1.06e+00     0s
   5  -1.64196020e+06 -1.64223598e+06  0.00e+00 1.36e-12  7.34e-02     0s
   6  -1.64212650e+06 -1.64213253e+06  0.00e+00 1.82e-12  1.61e-03     0s
   7  -1.64212900e+06 -1.64212900e+06  0.00e+00 1.82e-12  6.30e-09     0s

Barrier solved model in 7 iterations and 0.02 seconds
Optimal objective -1.64212900e+06


Root relaxation: objective -1.642129e+06, 1464 iterations, 0.01 seconds

    Nodes    |    Current Node    |     Objective Bounds      |     Work
 Expl Unexpl |  Obj  Depth IntInf | Incumbent    BestBd   Gap | It/Node Time

     0     0 -1642129.0    0   30 -1498573.0 -1642129.0  9.58%     -    0s
H    0     0                    -1636618.000 -1642129.0  0.34%     -    0s

Explored 0 nodes (1709 simplex iterations) in 0.04 seconds
Thread count was 20 (of 20 available processors)

Solution count 3: -1.63662e+06 -1.49857e+06 -20026 
Pool objective bound -1.64213e+06

Optimal solution found (tolerance 5.00e-02)
Best objective -1.636618000000e+06, best bound -1.642129000000e+06, gap 0.3367%
(0, 1529905.0)
(1, 1555456.0)
(2, 1544434.0)
(3, 1537420.0)
(4, 1527400.0)
(5, 1536418.0)
(6, 1530907.0)
(7, 1544935.0)
(8, 1540426.0)
(9, 1542430.0)
(10, 1551448.0)
(11, 1539424.0)
(12, 1547941.0)
(13, 1557961.0)
(14, 1529905.0)
(15, 1542430.0)
(16, 1551949.0)
(17, 1543432.0)
(18, 1538422.0)
(19, 1535917.0)
(20, 1542430.0)
(21, 1543432.0)
(22, 1548943.0)
(23, 1548943.0)
(24, 1550446.0)
(25, 1538923.0)
(26, 1537921.0)
(27, 1543432.0)
(28, 1537420.0)
(29, 1550947.0)
(30, 1546939.0)
(31, 1551949.0)
(32, 1553953.0)
(33, 1535416.0)
(34, 1543933.0)
(35, 1546438.0)
(36, 1543432.0)
(37, 1551448.0)
(38, 1542931.0)
(39, 1544434.0)
(0, 1540927.0)
(1, 1539925.0)
(2, 1538923.0)
(3, 1541929.0)
(4, 1537921.0)
(5, 1538422.0)
(6, 1541428.0)
(7, 1543933.0)
(8, 1541428.0)
(9, 1539424.0)
(10, 1541428.0)
(11, 1540927.0)
(12, 1544434.0)
(13, 1537921.0)
(14, 1542430.0)
(15, 1539925.0)
(16, 1541929.0)
(17, 1540927.0)
(18, 1539925.0)
(19, 1537921.0)
(20, 1540927.0)
(21, 1537921.0)
(22, 1539424.0)
(23, 1540927.0)
(24, 1541929.0)
(25, 1546438.0)
(26, 1540927.0)
(27, 1543432.0)
(28, 1541929.0)
(29, 1542931.0)
(30, 1538422.0)
(31, 1543432.0)
(32, 1541428.0)
(33, 1538422.0)
(34, 1541929.0)
(35, 1536418.0)
(36, 1542430.0)
(37, 1538422.0)
(38, 1538923.0)
(39, 1540927.0)
