Changed value of parameter MIPGap to 0.05
   Prev: 0.0001  Min: 0.0  Max: 1e+100  Default: 0.0001
Changed value of parameter TimeLimit to 1800.0
   Prev: 1e+100  Min: 0.0  Max: 1e+100  Default: 1e+100
Changed value of parameter Method to 2
   Prev: -1  Min: -1  Max: 4  Default: -1
Changed value of parameter MIPFocus to 1
   Prev: 0  Min: 0  Max: 3  Default: 0
Optimize a model with 3916 rows, 5724 columns and 11448 nonzeros
Variable types: 0 continuous, 5724 integer (5724 binary)
Coefficient statistics:
  Matrix range     [1e+00, 5e+00]
  Objective range  [1e+00, 1e+00]
  Bounds range     [1e+00, 1e+00]
  RHS range        [8e+01, 8e+01]
Found heuristic solution: objective 0
Presolve removed 3858 rows and 4872 columns
Presolve time: 0.01s
Presolved: 58 rows, 852 columns, 1616 nonzeros
Found heuristic solution: objective -1574.000000
Variable types: 0 continuous, 852 integer (695 binary)
Presolved: 58 rows, 852 columns, 1616 nonzeros

Root barrier log...

Ordering time: 0.00s

Barrier statistics:
 AA' NZ     : 7.490e+02
 Factor NZ  : 1.666e+03
 Factor Ops : 6.353e+04 (less than 1 second per iteration)
 Threads    : 1

                  Objective                Residual
Iter       Primal          Dual         Primal    Dual     Compl     Time
   0  -2.95099348e+03 -3.04675556e+03  1.79e+01 4.44e-16  2.44e+00     0s
   1  -1.70789240e+03 -2.36970680e+03  1.53e+00 3.37e-01  5.61e-01     0s
   2  -1.66496949e+03 -1.78213346e+03  2.32e-02 3.09e-02  6.91e-02     0s
   3  -1.68505791e+03 -1.70799469e+03  6.51e-03 1.66e-03  1.37e-02     0s
   4  -1.69171019e+03 -1.69980428e+03  2.86e-03 1.04e-04  4.89e-03     0s
   5  -1.69568874e+03 -1.69783842e+03  8.40e-04 8.88e-16  1.30e-03     0s
   6  -1.69710939e+03 -1.69728253e+03  3.74e-05 1.78e-15  1.01e-04     0s
   7  -1.69719984e+03 -1.69720014e+03  8.07e-09 8.88e-16  1.70e-07     0s
   8  -1.69720000e+03 -1.69720000e+03  0.00e+00 1.78e-15  1.79e-13     0s

Barrier solved model in 8 iterations and 0.01 seconds
Optimal objective -1.69720000e+03


Root relaxation: objective -1.697200e+03, 244 iterations, 0.01 seconds

    Nodes    |    Current Node    |     Objective Bounds      |     Work
 Expl Unexpl |  Obj  Depth IntInf | Incumbent    BestBd   Gap | It/Node Time

     0     0 -1697.2000    0   15 -1574.0000 -1697.2000  7.83%     -    0s
H    0     0                    -1692.000000 -1697.2000  0.31%     -    0s

Explored 0 nodes (324 simplex iterations) in 0.02 seconds
Thread count was 20 (of 20 available processors)

Solution count 3: -1692 -1574 -271 
Pool objective bound -1697

Optimal solution found (tolerance 5.00e-02)
Best objective -1.692000000000e+03, best bound -1.697000000000e+03, gap 0.2955%
Changed value of parameter MIPGap to 0.05
   Prev: 0.0001  Min: 0.0  Max: 1e+100  Default: 0.0001
Changed value of parameter TimeLimit to 1800.0
   Prev: 1e+100  Min: 0.0  Max: 1e+100  Default: 1e+100
Changed value of parameter Method to 2
   Prev: -1  Min: -1  Max: 4  Default: -1
Changed value of parameter MIPFocus to 1
   Prev: 0  Min: 0  Max: 3  Default: 0
Optimize a model with 3916 rows, 5724 columns and 11448 nonzeros
Variable types: 0 continuous, 5724 integer (5724 binary)
Coefficient statistics:
  Matrix range     [1e+00, 5e+00]
  Objective range  [1e+00, 1e+00]
  Bounds range     [1e+00, 1e+00]
  RHS range        [8e+01, 8e+01]
Found heuristic solution: objective 0
Presolve removed 3858 rows and 4673 columns
Presolve time: 0.01s
Presolved: 58 rows, 1051 columns, 1870 nonzeros
Found heuristic solution: objective -1549.971850
Variable types: 0 continuous, 1051 integer (847 binary)
Presolved: 58 rows, 1051 columns, 1870 nonzeros

Root barrier log...

Ordering time: 0.00s

Barrier statistics:
 AA' NZ     : 7.490e+02
 Factor NZ  : 1.666e+03
 Factor Ops : 6.353e+04 (less than 1 second per iteration)
 Threads    : 1

                  Objective                Residual
Iter       Primal          Dual         Primal    Dual     Compl     Time
   0  -3.68486036e+03 -3.21662966e+03  2.67e+01 8.88e-16  2.73e+00     0s
   1  -1.76236754e+03 -2.56120922e+03  2.40e+00 3.74e-01  6.09e-01     0s
   2  -1.66079905e+03 -1.80378054e+03  6.89e-02 3.11e-02  7.12e-02     0s
   3  -1.68624979e+03 -1.70870614e+03  1.27e-02 1.39e-03  1.12e-02     0s
   4  -1.68996364e+03 -1.70635252e+03  8.40e-03 1.16e-03  8.13e-03     0s
   5  -1.69531814e+03 -1.70154065e+03  2.52e-03 5.16e-04  3.05e-03     0s
   6  -1.69676814e+03 -1.69873832e+03  9.53e-04 7.96e-05  9.77e-04     0s
   7  -1.69776850e+03 -1.69794218e+03  3.87e-05 1.78e-15  8.34e-05     0s
   8  -1.69780129e+03 -1.69788837e+03  2.40e-05 1.78e-15  4.22e-05     0s
   9  -1.69784809e+03 -1.69787044e+03  4.01e-06 8.88e-16  1.07e-05     0s
  10  -1.69785428e+03 -1.69786593e+03  1.63e-06 1.78e-15  5.54e-06     0s
  11  -1.69785815e+03 -1.69786250e+03  3.76e-07 1.78e-15  2.06e-06     0s
  12  -1.69785936e+03 -1.69786116e+03  1.08e-07 1.78e-15  8.48e-07     0s
  13  -1.69786020e+03 -1.69786037e+03  0.00e+00 1.78e-15  8.12e-08     0s
  14  -1.69786028e+03 -1.69786028e+03  0.00e+00 1.78e-15  4.78e-10     0s

Barrier solved model in 14 iterations and 0.02 seconds
Optimal objective -1.69786028e+03


Root relaxation: objective -1.697860e+03, 199 iterations, 0.01 seconds

    Nodes    |    Current Node    |     Objective Bounds      |     Work
 Expl Unexpl |  Obj  Depth IntInf | Incumbent    BestBd   Gap | It/Node Time

     0     0 -1697.8603    0   16 -1549.9719 -1697.8603  9.54%     -    0s
H    0     0                    -1692.649620 -1697.8603  0.31%     -    0s

Explored 0 nodes (208 simplex iterations) in 0.02 seconds
Thread count was 20 (of 20 available processors)

Solution count 3: -1692.65 -1549.97 -306.151 
Pool objective bound -1697.86

Optimal solution found (tolerance 5.00e-02)
Best objective -1.692649620000e+03, best bound -1.697860284000e+03, gap 0.3078%
Changed value of parameter MIPGap to 0.05
   Prev: 0.0001  Min: 0.0  Max: 1e+100  Default: 0.0001
Changed value of parameter TimeLimit to 1800.0
   Prev: 1e+100  Min: 0.0  Max: 1e+100  Default: 1e+100
Changed value of parameter Method to 2
   Prev: -1  Min: -1  Max: 4  Default: -1
Changed value of parameter MIPFocus to 1
   Prev: 0  Min: 0  Max: 3  Default: 0
Optimize a model with 3916 rows, 5724 columns and 11448 nonzeros
Variable types: 0 continuous, 5724 integer (5724 binary)
Coefficient statistics:
  Matrix range     [1e+00, 5e+00]
  Objective range  [1e+00, 1e+00]
  Bounds range     [1e+00, 1e+00]
  RHS range        [8e+01, 8e+01]
Found heuristic solution: objective 0
Presolve removed 3858 rows and 4673 columns
Presolve time: 0.01s
Presolved: 58 rows, 1051 columns, 1870 nonzeros
Found heuristic solution: objective -1550.943700
Variable types: 0 continuous, 1051 integer (847 binary)
Presolved: 58 rows, 1051 columns, 1870 nonzeros

Root barrier log...

Ordering time: 0.00s

Barrier statistics:
 AA' NZ     : 7.490e+02
 Factor NZ  : 1.666e+03
 Factor Ops : 6.353e+04 (less than 1 second per iteration)
 Threads    : 1

                  Objective                Residual
Iter       Primal          Dual         Primal    Dual     Compl     Time
   0  -3.68668640e+03 -3.21709885e+03  2.67e+01 8.88e-16  2.73e+00     0s
   1  -1.76320549e+03 -2.56169815e+03  2.40e+00 3.73e-01  6.09e-01     0s
   2  -1.66154457e+03 -1.80404335e+03  6.89e-02 3.09e-02  7.09e-02     0s
   3  -1.68690708e+03 -1.70939136e+03  1.27e-02 1.27e-03  1.12e-02     0s
   4  -1.69063702e+03 -1.70701990e+03  8.42e-03 1.08e-03  8.13e-03     0s
   5  -1.69596849e+03 -1.70222044e+03  2.54e-03 4.97e-04  3.06e-03     0s
   6  -1.69738839e+03 -1.69939655e+03  1.00e-03 7.58e-05  9.97e-04     0s
   7  -1.69832552e+03 -1.69862696e+03  1.38e-04 1.78e-15  1.50e-04     0s
   8  -1.69844913e+03 -1.69855527e+03  4.66e-05 1.78e-15  5.25e-05     0s
   9  -1.69849959e+03 -1.69853427e+03  1.19e-05 8.88e-16  1.69e-05     0s
  10  -1.69850796e+03 -1.69852643e+03  6.92e-06 1.78e-15  9.06e-06     0s
  11  -1.69851613e+03 -1.69852242e+03  2.16e-06 8.88e-16  3.07e-06     0s
  12  -1.69851963e+03 -1.69852152e+03  3.70e-07 1.78e-15  9.09e-07     0s
  13  -1.69852053e+03 -1.69852061e+03  7.50e-10 1.78e-15  3.67e-08     0s
  14  -1.69852057e+03 -1.69852057e+03  2.43e-13 1.78e-15  1.00e-11     0s

Barrier solved model in 14 iterations and 0.02 seconds
Optimal objective -1.69852057e+03


Root relaxation: objective -1.698521e+03, 22 iterations, 0.01 seconds

    Nodes    |    Current Node    |     Objective Bounds      |     Work
 Expl Unexpl |  Obj  Depth IntInf | Incumbent    BestBd   Gap | It/Node Time

     0     0 -1698.5206    0   16 -1550.9437 -1698.5206  9.52%     -    0s
H    0     0                    -1693.299240 -1698.5206  0.31%     -    0s

Explored 0 nodes (39 simplex iterations) in 0.02 seconds
Thread count was 20 (of 20 available processors)

Solution count 3: -1693.3 -1550.94 -306.303 
Pool objective bound -1698.52

Optimal solution found (tolerance 5.00e-02)
Best objective -1.693299240000e+03, best bound -1.698520568000e+03, gap 0.3084%
Changed value of parameter MIPGap to 0.05
   Prev: 0.0001  Min: 0.0  Max: 1e+100  Default: 0.0001
Changed value of parameter TimeLimit to 1800.0
   Prev: 1e+100  Min: 0.0  Max: 1e+100  Default: 1e+100
Changed value of parameter Method to 2
   Prev: -1  Min: -1  Max: 4  Default: -1
Changed value of parameter MIPFocus to 1
   Prev: 0  Min: 0  Max: 3  Default: 0
Optimize a model with 3916 rows, 5724 columns and 11448 nonzeros
Variable types: 0 continuous, 5724 integer (5724 binary)
Coefficient statistics:
  Matrix range     [1e+00, 5e+00]
  Objective range  [1e+00, 1e+00]
  Bounds range     [1e+00, 1e+00]
  RHS range        [8e+01, 8e+01]
Found heuristic solution: objective 0
Presolve removed 3858 rows and 4673 columns
Presolve time: 0.01s
Presolved: 58 rows, 1051 columns, 1870 nonzeros
Found heuristic solution: objective -1552.887400
Variable types: 0 continuous, 1051 integer (847 binary)
Presolved: 58 rows, 1051 columns, 1870 nonzeros

Root barrier log...

Ordering time: 0.00s

Barrier statistics:
 AA' NZ     : 7.490e+02
 Factor NZ  : 1.666e+03
 Factor Ops : 6.353e+04 (less than 1 second per iteration)
 Threads    : 1

                  Objective                Residual
Iter       Primal          Dual         Primal    Dual     Compl     Time
   0  -3.69033846e+03 -3.21803724e+03  2.67e+01 8.88e-16  2.73e+00     0s
   1  -1.76488216e+03 -2.56267655e+03  2.40e+00 3.73e-01  6.09e-01     0s
   2  -1.66303845e+03 -1.80456005e+03  6.89e-02 3.05e-02  7.05e-02     0s
   3  -1.68821779e+03 -1.71086149e+03  1.29e-02 1.03e-03  1.13e-02     0s
   4  -1.69204428e+03 -1.70840966e+03  8.39e-03 9.15e-04  8.12e-03     0s
   5  -1.69728711e+03 -1.70356503e+03  2.55e-03 4.53e-04  3.08e-03     0s
   6  -1.69867783e+03 -1.70071779e+03  1.04e-03 6.66e-05  1.01e-03     0s
   7  -1.69956089e+03 -1.70002553e+03  2.10e-04 1.78e-15  2.30e-04     0s
   8  -1.69973526e+03 -1.69990779e+03  7.22e-05 1.78e-15  8.50e-05     0s
   9  -1.69980613e+03 -1.69986997e+03  2.06e-05 1.78e-15  3.10e-05     0s
  10  -1.69982314e+03 -1.69985284e+03  9.92e-06 8.88e-16  1.45e-05     0s
  11  -1.69983458e+03 -1.69984451e+03  3.18e-06 1.78e-15  4.83e-06     0s
  12  -1.69984044e+03 -1.69984242e+03  1.93e-07 1.78e-15  9.36e-07     0s
  13  -1.69984113e+03 -1.69984115e+03  0.00e+00 1.78e-15  9.50e-09     0s
  14  -1.69984114e+03 -1.69984114e+03  0.00e+00 1.78e-15  3.74e-13     0s

Barrier solved model in 14 iterations and 0.02 seconds
Optimal objective -1.69984114e+03


Root relaxation: objective -1.699841e+03, 22 iterations, 0.01 seconds

    Nodes    |    Current Node    |     Objective Bounds      |     Work
 Expl Unexpl |  Obj  Depth IntInf | Incumbent    BestBd   Gap | It/Node Time

     0     0 -1699.8411    0   16 -1552.8874 -1699.8411  9.46%     -    0s
H    0     0                    -1694.598480 -1699.8411  0.31%     -    0s

Explored 0 nodes (41 simplex iterations) in 0.02 seconds
Thread count was 20 (of 20 available processors)

Solution count 3: -1694.6 -1552.89 -306.606 
Pool objective bound -1699.84

Optimal solution found (tolerance 5.00e-02)
Best objective -1.694598480000e+03, best bound -1.699841136000e+03, gap 0.3094%
Changed value of parameter MIPGap to 0.05
   Prev: 0.0001  Min: 0.0  Max: 1e+100  Default: 0.0001
Changed value of parameter TimeLimit to 1800.0
   Prev: 1e+100  Min: 0.0  Max: 1e+100  Default: 1e+100
Changed value of parameter Method to 2
   Prev: -1  Min: -1  Max: 4  Default: -1
Changed value of parameter MIPFocus to 1
   Prev: 0  Min: 0  Max: 3  Default: 0
Optimize a model with 3916 rows, 5724 columns and 11448 nonzeros
Variable types: 0 continuous, 5724 integer (5724 binary)
Coefficient statistics:
  Matrix range     [1e+00, 5e+00]
  Objective range  [1e+00, 1e+00]
  Bounds range     [1e+00, 1e+00]
  RHS range        [8e+01, 8e+01]
Found heuristic solution: objective 0
Presolve removed 3858 rows and 4673 columns
Presolve time: 0.01s
Presolved: 58 rows, 1051 columns, 1870 nonzeros
Found heuristic solution: objective -1556.774800
Variable types: 0 continuous, 1051 integer (847 binary)
Presolved: 58 rows, 1051 columns, 1870 nonzeros

Root barrier log...

Ordering time: 0.00s

Barrier statistics:
 AA' NZ     : 7.490e+02
 Factor NZ  : 1.666e+03
 Factor Ops : 6.353e+04 (less than 1 second per iteration)
 Threads    : 1

                  Objective                Residual
Iter       Primal          Dual         Primal    Dual     Compl     Time
   0  -3.69764248e+03 -3.21991400e+03  2.67e+01 8.88e-16  2.73e+00     0s
   1  -1.76823853e+03 -2.56463553e+03  2.39e+00 3.71e-01  6.08e-01     0s
   2  -1.66603713e+03 -1.80554975e+03  6.90e-02 2.96e-02  6.95e-02     0s
   3  -1.69084731e+03 -1.71375052e+03  1.32e-02 4.75e-04  1.15e-02     0s
   4  -1.69485339e+03 -1.71116021e+03  8.30e-03 5.87e-04  8.09e-03     0s
   5  -1.69992112e+03 -1.70625784e+03  2.57e-03 3.48e-04  3.10e-03     0s
   6  -1.70134766e+03 -1.70334931e+03  1.00e-03 4.23e-05  9.94e-04     0s
   7  -1.70216797e+03 -1.70270102e+03  2.29e-04 1.78e-15  2.63e-04     0s
   8  -1.70234362e+03 -1.70258413e+03  9.28e-05 1.78e-15  1.18e-04     0s
   9  -1.70242813e+03 -1.70252247e+03  3.12e-05 8.88e-16  4.60e-05     0s
  10  -1.70245397e+03 -1.70249973e+03  1.46e-05 8.88e-16  2.23e-05     0s
  11  -1.70247354e+03 -1.70248896e+03  4.05e-06 1.78e-15  7.45e-06     0s
  12  -1.70248108e+03 -1.70248368e+03  4.18e-07 1.78e-15  1.24e-06     0s
  13  -1.70248226e+03 -1.70248228e+03  1.58e-09 1.78e-15  9.28e-09     0s
  14  -1.70248227e+03 -1.70248227e+03  1.31e-14 1.78e-15  7.19e-14     0s

Barrier solved model in 14 iterations and 0.02 seconds
Optimal objective -1.70248227e+03


Root relaxation: objective -1.702482e+03, 24 iterations, 0.01 seconds

    Nodes    |    Current Node    |     Objective Bounds      |     Work
 Expl Unexpl |  Obj  Depth IntInf | Incumbent    BestBd   Gap | It/Node Time

     0     0 -1702.4823    0   16 -1556.7748 -1702.4823  9.36%     -    0s
H    0     0                    -1697.196960 -1702.4823  0.31%     -    0s

Explored 0 nodes (41 simplex iterations) in 0.02 seconds
Thread count was 20 (of 20 available processors)

Solution count 3: -1697.2 -1556.77 -307.211 
Pool objective bound -1702.48

Optimal solution found (tolerance 5.00e-02)
Best objective -1.697196960000e+03, best bound -1.702482272000e+03, gap 0.3114%
Changed value of parameter MIPGap to 0.05
   Prev: 0.0001  Min: 0.0  Max: 1e+100  Default: 0.0001
Changed value of parameter TimeLimit to 1800.0
   Prev: 1e+100  Min: 0.0  Max: 1e+100  Default: 1e+100
Changed value of parameter Method to 2
   Prev: -1  Min: -1  Max: 4  Default: -1
Changed value of parameter MIPFocus to 1
   Prev: 0  Min: 0  Max: 3  Default: 0
Optimize a model with 3916 rows, 5724 columns and 11448 nonzeros
Variable types: 0 continuous, 5724 integer (5724 binary)
Coefficient statistics:
  Matrix range     [1e+00, 5e+00]
  Objective range  [1e+00, 1e+00]
  Bounds range     [1e+00, 1e+00]
  RHS range        [8e+01, 8e+01]
Found heuristic solution: objective 0
Presolve removed 3858 rows and 4673 columns
Presolve time: 0.01s
Presolved: 58 rows, 1051 columns, 1870 nonzeros
Found heuristic solution: objective -1558.718500
Variable types: 0 continuous, 1051 integer (847 binary)
Presolved: 58 rows, 1051 columns, 1870 nonzeros

Root barrier log...

Ordering time: 0.00s

Barrier statistics:
 AA' NZ     : 7.490e+02
 Factor NZ  : 1.666e+03
 Factor Ops : 6.353e+04 (less than 1 second per iteration)
 Threads    : 1

                  Objective                Residual
Iter       Primal          Dual         Primal    Dual     Compl     Time
   0  -3.70129443e+03 -3.22085238e+03  2.67e+01 8.88e-16  2.72e+00     0s
   1  -1.76991822e+03 -2.56561612e+03  2.39e+00 3.70e-01  6.07e-01     0s
   2  -1.66754176e+03 -1.80602292e+03  6.90e-02 2.91e-02  6.90e-02     0s
   3  -1.69216657e+03 -1.71516090e+03  1.34e-02 4.56e-04  1.15e-02     0s
   4  -1.69626868e+03 -1.71251337e+03  8.25e-03 5.92e-04  8.05e-03     0s
   5  -1.70124222e+03 -1.70759403e+03  2.58e-03 3.53e-04  3.11e-03     0s
   6  -1.70270178e+03 -1.70466022e+03  9.62e-04 4.03e-05  9.72e-04     0s
   7  -1.70349946e+03 -1.70404336e+03  2.14e-04 1.78e-15  2.67e-04     0s
   8  -1.70363710e+03 -1.70389705e+03  1.10e-04 1.78e-15  1.28e-04     0s
   9  -1.70373121e+03 -1.70386116e+03  4.34e-05 1.78e-15  6.33e-05     0s
  10  -1.70376510e+03 -1.70382643e+03  2.12e-05 1.78e-15  2.99e-05     0s
  11  -1.70378899e+03 -1.70380992e+03  6.98e-06 1.78e-15  1.02e-05     0s
  12  -1.70380118e+03 -1.70380542e+03  6.45e-07 8.88e-16  2.02e-06     0s
  13  -1.70380282e+03 -1.70380287e+03  0.00e+00 1.78e-15  2.10e-08     0s
  14  -1.70380284e+03 -1.70380284e+03  0.00e+00 1.78e-15  3.90e-13     0s

Barrier solved model in 14 iterations and 0.02 seconds
Optimal objective -1.70380284e+03


Root relaxation: objective -1.703803e+03, 24 iterations, 0.01 seconds

    Nodes    |    Current Node    |     Objective Bounds      |     Work
 Expl Unexpl |  Obj  Depth IntInf | Incumbent    BestBd   Gap | It/Node Time

     0     0 -1703.8028    0   16 -1558.7185 -1703.8028  9.31%     -    0s
H    0     0                    -1698.496200 -1703.8028  0.31%     -    0s

Explored 0 nodes (46 simplex iterations) in 0.02 seconds
Thread count was 20 (of 20 available processors)

Solution count 3: -1698.5 -1558.72 -307.514 
Pool objective bound -1703.8

Optimal solution found (tolerance 5.00e-02)
Best objective -1.698496200000e+03, best bound -1.703802840000e+03, gap 0.3124%
Changed value of parameter MIPGap to 0.05
   Prev: 0.0001  Min: 0.0  Max: 1e+100  Default: 0.0001
Changed value of parameter TimeLimit to 1800.0
   Prev: 1e+100  Min: 0.0  Max: 1e+100  Default: 1e+100
Changed value of parameter Method to 2
   Prev: -1  Min: -1  Max: 4  Default: -1
Changed value of parameter MIPFocus to 1
   Prev: 0  Min: 0  Max: 3  Default: 0
Optimize a model with 3916 rows, 5724 columns and 11448 nonzeros
Variable types: 0 continuous, 5724 integer (5724 binary)
Coefficient statistics:
  Matrix range     [1e+00, 5e+00]
  Objective range  [1e+00, 1e+00]
  Bounds range     [1e+00, 1e+00]
  RHS range        [8e+01, 8e+01]
Found heuristic solution: objective 0
Presolve removed 3858 rows and 4673 columns
Presolve time: 0.01s
Presolved: 58 rows, 1051 columns, 1870 nonzeros
Found heuristic solution: objective -1568.437000
Variable types: 0 continuous, 1051 integer (847 binary)
Presolved: 58 rows, 1051 columns, 1870 nonzeros

Root barrier log...

Ordering time: 0.00s

Barrier statistics:
 AA' NZ     : 7.490e+02
 Factor NZ  : 1.666e+03
 Factor Ops : 6.353e+04 (less than 1 second per iteration)
 Threads    : 1

                  Objective                Residual
Iter       Primal          Dual         Primal    Dual     Compl     Time
   0  -3.71955362e+03 -3.22554429e+03  2.67e+01 8.88e-16  2.72e+00     0s
   1  -1.77833179e+03 -2.57053003e+03  2.38e+00 3.67e-01  6.05e-01     0s
   2  -1.67511696e+03 -1.80822519e+03  6.91e-02 2.67e-02  6.65e-02     0s
   3  -1.69882670e+03 -1.72312165e+03  1.38e-02 1.24e-04  1.21e-02     0s
   4  -1.70175946e+03 -1.72101982e+03  1.01e-02 3.77e-04  9.57e-03     0s
   5  -1.70752560e+03 -1.71486735e+03  3.28e-03 7.70e-05  3.61e-03     0s
   6  -1.70916015e+03 -1.71150202e+03  1.13e-03 8.88e-16  1.16e-03     0s
   7  -1.71000303e+03 -1.71079375e+03  3.03e-04 1.78e-15  3.87e-04     0s
   8  -1.71015330e+03 -1.71059842e+03  1.78e-04 8.88e-16  2.19e-04     0s
   9  -1.71036375e+03 -1.71046265e+03  1.74e-05 8.88e-16  4.71e-05     0s
  10  -1.71038810e+03 -1.71042736e+03  6.13e-06 8.88e-16  1.86e-05     0s
  11  -1.71040417e+03 -1.71040949e+03  8.14e-09 1.78e-15  2.48e-06     0s
  12  -1.71040566e+03 -1.71040574e+03  0.00e+00 1.78e-15  3.82e-08     0s
  13  -1.71040568e+03 -1.71040568e+03  0.00e+00 1.78e-15  3.82e-11     0s

Barrier solved model in 13 iterations and 0.02 seconds
Optimal objective -1.71040568e+03


Root relaxation: objective -1.710406e+03, 25 iterations, 0.01 seconds

    Nodes    |    Current Node    |     Objective Bounds      |     Work
 Expl Unexpl |  Obj  Depth IntInf | Incumbent    BestBd   Gap | It/Node Time

     0     0 -1710.4057    0   16 -1568.4370 -1710.4057  9.05%     -    0s
H    0     0                    -1704.992400 -1710.4057  0.32%     -    0s

Explored 0 nodes (49 simplex iterations) in 0.02 seconds
Thread count was 20 (of 20 available processors)

Solution count 3: -1704.99 -1568.44 -309.028 
Pool objective bound -1710.41

Optimal solution found (tolerance 5.00e-02)
Best objective -1.704992400000e+03, best bound -1.710405680000e+03, gap 0.3175%
Changed value of parameter MIPGap to 0.05
   Prev: 0.0001  Min: 0.0  Max: 1e+100  Default: 0.0001
Changed value of parameter TimeLimit to 1800.0
   Prev: 1e+100  Min: 0.0  Max: 1e+100  Default: 1e+100
Changed value of parameter Method to 2
   Prev: -1  Min: -1  Max: 4  Default: -1
Changed value of parameter MIPFocus to 1
   Prev: 0  Min: 0  Max: 3  Default: 0
Optimize a model with 3916 rows, 5724 columns and 11448 nonzeros
Variable types: 0 continuous, 5724 integer (5724 binary)
Coefficient statistics:
  Matrix range     [1e+00, 5e+00]
  Objective range  [1e+00, 1e+00]
  Bounds range     [1e+00, 1e+00]
  RHS range        [8e+01, 8e+01]
Found heuristic solution: objective 0
Presolve removed 3858 rows and 4673 columns
Presolve time: 0.01s
Presolved: 58 rows, 1051 columns, 1870 nonzeros
Found heuristic solution: objective -1587.874000
Variable types: 0 continuous, 1051 integer (847 binary)
Presolved: 58 rows, 1051 columns, 1870 nonzeros

Root barrier log...

Ordering time: 0.00s

Barrier statistics:
 AA' NZ     : 7.490e+02
 Factor NZ  : 1.666e+03
 Factor Ops : 6.353e+04 (less than 1 second per iteration)
 Threads    : 1

                  Objective                Residual
Iter       Primal          Dual         Primal    Dual     Compl     Time
   0  -3.75606918e+03 -3.23492810e+03  2.67e+01 4.44e-16  2.71e+00     0s
   1  -1.79523433e+03 -2.58041363e+03  2.37e+00 3.60e-01  5.99e-01     0s
   2  -1.69059366e+03 -1.82276570e+03  7.09e-02 2.65e-02  6.62e-02     0s
   3  -1.71283071e+03 -1.73897104e+03  1.48e-02 1.78e-15  1.30e-02     0s
   4  -1.71900557e+03 -1.73518472e+03  4.80e-03 8.88e-16  7.81e-03     0s
   5  -1.72175759e+03 -1.72781440e+03  1.54e-03 8.88e-16  2.91e-03     0s
   6  -1.72290982e+03 -1.72485810e+03  3.82e-04 8.88e-16  9.31e-04     0s
   7  -1.72319588e+03 -1.72409487e+03  2.00e-04 1.78e-15  4.32e-04     0s
   8  -1.72345509e+03 -1.72380885e+03  6.33e-05 1.78e-15  1.69e-04     0s
   9  -1.72357595e+03 -1.72366811e+03  9.60e-06 1.78e-15  4.35e-05     0s
  10  -1.72360255e+03 -1.72363669e+03  1.42e-06 8.88e-16  1.60e-05     0s
  11  -1.72361070e+03 -1.72361220e+03  0.00e+00 1.78e-15  7.02e-07     0s
  12  -1.72361136e+03 -1.72361136e+03  0.00e+00 1.78e-15  4.14e-10     0s

Barrier solved model in 12 iterations and 0.02 seconds
Optimal objective -1.72361136e+03


Root relaxation: objective -1.723611e+03, 31 iterations, 0.01 seconds

    Nodes    |    Current Node    |     Objective Bounds      |     Work
 Expl Unexpl |  Obj  Depth IntInf | Incumbent    BestBd   Gap | It/Node Time

     0     0 -1723.6114    0   14 -1587.8740 -1723.6114  8.55%     -    0s
H    0     0                    -1717.984800 -1723.6114  0.33%     -    0s

Explored 0 nodes (39 simplex iterations) in 0.02 seconds
Thread count was 20 (of 20 available processors)

Solution count 3: -1717.98 -1587.87 -312.056 
Pool objective bound -1723.61

Optimal solution found (tolerance 5.00e-02)
Best objective -1.717984800000e+03, best bound -1.723611360000e+03, gap 0.3275%
Changed value of parameter MIPGap to 0.05
   Prev: 0.0001  Min: 0.0  Max: 1e+100  Default: 0.0001
Changed value of parameter TimeLimit to 1800.0
   Prev: 1e+100  Min: 0.0  Max: 1e+100  Default: 1e+100
Changed value of parameter Method to 2
   Prev: -1  Min: -1  Max: 4  Default: -1
Changed value of parameter MIPFocus to 1
   Prev: 0  Min: 0  Max: 3  Default: 0
Optimize a model with 3916 rows, 5724 columns and 11448 nonzeros
Variable types: 0 continuous, 5724 integer (5724 binary)
Coefficient statistics:
  Matrix range     [1e+00, 5e+00]
  Objective range  [1e+00, 1e+00]
  Bounds range     [1e+00, 1e+00]
  RHS range        [8e+01, 8e+01]
Found heuristic solution: objective 0
Presolve removed 3858 rows and 4673 columns
Presolve time: 0.01s
Presolved: 58 rows, 1051 columns, 1870 nonzeros
Found heuristic solution: objective -1626.748000
Variable types: 0 continuous, 1051 integer (847 binary)
Presolved: 58 rows, 1051 columns, 1870 nonzeros

Root barrier log...

Ordering time: 0.00s

Barrier statistics:
 AA' NZ     : 7.490e+02
 Factor NZ  : 1.666e+03
 Factor Ops : 6.353e+04 (less than 1 second per iteration)
 Threads    : 1

                  Objective                Residual
Iter       Primal          Dual         Primal    Dual     Compl     Time
   0  -3.82908887e+03 -3.25369573e+03  2.67e+01 4.44e-16  2.68e+00     0s
   1  -1.82933989e+03 -2.60041048e+03  2.34e+00 3.45e-01  5.89e-01     0s
   2  -1.71869332e+03 -1.85059433e+03  6.85e-02 2.50e-02  6.58e-02     0s
   3  -1.74269778e+03 -1.76829627e+03  1.49e-02 5.33e-15  1.28e-02     0s
   4  -1.74913682e+03 -1.75905898e+03  4.08e-03 2.66e-15  4.85e-03     0s
   5  -1.75159268e+03 -1.75650045e+03  2.15e-03 1.78e-15  2.40e-03     0s
   6  -1.75288773e+03 -1.75538748e+03  1.14e-03 1.78e-15  1.23e-03     0s
   7  -1.75341450e+03 -1.75499359e+03  7.44e-04 1.78e-15  7.78e-04     0s
   8  -1.75379119e+03 -1.75482065e+03  4.69e-04 8.88e-16  5.07e-04     0s
   9  -1.75400633e+03 -1.75462981e+03  3.10e-04 1.78e-15  3.09e-04     0s
  10  -1.75418122e+03 -1.75458436e+03  1.82e-04 8.88e-16  1.98e-04     0s
  11  -1.75436679e+03 -1.75447860e+03  3.91e-05 1.78e-15  5.44e-05     0s
  12  -1.75442553e+03 -1.75445386e+03  3.71e-06 1.78e-15  1.34e-05     0s
  13  -1.75443710e+03 -1.75443924e+03  9.33e-08 1.78e-15  1.00e-06     0s
  14  -1.75443768e+03 -1.75443768e+03  9.55e-11 1.78e-15  2.45e-09     0s

Barrier solved model in 14 iterations and 0.02 seconds
Optimal objective -1.75443768e+03


Root relaxation: objective -1.754438e+03, 81 iterations, 0.01 seconds

    Nodes    |    Current Node    |     Objective Bounds      |     Work
 Expl Unexpl |  Obj  Depth IntInf | Incumbent    BestBd   Gap | It/Node Time

     0     0 -1754.4377    0   30 -1626.7480 -1754.4377  7.85%     -    0s
H    0     0                    -1743.716800 -1754.4377  0.61%     -    0s

Explored 0 nodes (131 simplex iterations) in 0.02 seconds
Thread count was 20 (of 20 available processors)

Solution count 3: -1743.72 -1626.75 -318.112 
Pool objective bound -1754.44

Optimal solution found (tolerance 5.00e-02)
Best objective -1.743716800000e+03, best bound -1.754437680000e+03, gap 0.6148%
Changed value of parameter MIPGap to 0.05
   Prev: 0.0001  Min: 0.0  Max: 1e+100  Default: 0.0001
Changed value of parameter TimeLimit to 1800.0
   Prev: 1e+100  Min: 0.0  Max: 1e+100  Default: 1e+100
Changed value of parameter Method to 2
   Prev: -1  Min: -1  Max: 4  Default: -1
Changed value of parameter MIPFocus to 1
   Prev: 0  Min: 0  Max: 3  Default: 0
Optimize a model with 3916 rows, 5724 columns and 11448 nonzeros
Variable types: 0 continuous, 5724 integer (5724 binary)
Coefficient statistics:
  Matrix range     [1e+00, 5e+00]
  Objective range  [1e+00, 1e+00]
  Bounds range     [1e+00, 1e+00]
  RHS range        [8e+01, 8e+01]
Found heuristic solution: objective 0
Presolve removed 3858 rows and 4673 columns
Presolve time: 0.01s
Presolved: 58 rows, 1051 columns, 1870 nonzeros
Found heuristic solution: objective -1646.185000
Variable types: 0 continuous, 1051 integer (847 binary)
Presolved: 58 rows, 1051 columns, 1870 nonzeros

Root barrier log...

Ordering time: 0.00s

Barrier statistics:
 AA' NZ     : 7.490e+02
 Factor NZ  : 1.666e+03
 Factor Ops : 6.353e+04 (less than 1 second per iteration)
 Threads    : 1

                  Objective                Residual
Iter       Primal          Dual         Primal    Dual     Compl     Time
   0  -3.86559290e+03 -3.26307955e+03  2.67e+01 8.88e-16  2.67e+00     0s
   1  -1.84654202e+03 -2.61052761e+03  2.32e+00 3.38e-01  5.84e-01     0s
   2  -1.73513050e+03 -1.86474424e+03  5.48e-02 2.43e-02  6.41e-02     0s
   3  -1.75886980e+03 -1.78565947e+03  1.26e-02 1.78e-15  1.32e-02     0s
   4  -1.76659604e+03 -1.77601402e+03  3.36e-03 1.78e-15  4.59e-03     0s
   5  -1.76947348e+03 -1.77438411e+03  1.47e-03 1.78e-15  2.38e-03     0s
   6  -1.77027046e+03 -1.77330989e+03  9.27e-04 8.88e-16  1.47e-03     0s
   7  -1.77100312e+03 -1.77268081e+03  5.23e-04 8.88e-16  8.14e-04     0s
   8  -1.77137652e+03 -1.77238997e+03  3.26e-04 8.88e-16  4.92e-04     0s
   9  -1.77164178e+03 -1.77217611e+03  1.79e-04 1.78e-15  2.60e-04     0s
  10  -1.77186910e+03 -1.77208293e+03  6.32e-05 8.88e-16  1.04e-04     0s
  11  -1.77198623e+03 -1.77201955e+03  3.32e-06 1.78e-15  1.58e-05     0s
  12  -1.77200240e+03 -1.77200410e+03  7.16e-08 1.78e-15  8.03e-07     0s
  13  -1.77200335e+03 -1.77200335e+03  0.00e+00 1.78e-15  8.13e-10     0s

Barrier solved model in 13 iterations and 0.02 seconds
Optimal objective -1.77200335e+03


Root relaxation: objective -1.772003e+03, 71 iterations, 0.01 seconds

    Nodes    |    Current Node    |     Objective Bounds      |     Work
 Expl Unexpl |  Obj  Depth IntInf | Incumbent    BestBd   Gap | It/Node Time

     0     0 -1772.0033    0   27 -1646.1850 -1772.0033  7.64%     -    0s
H    0     0                    -1761.934000 -1772.0033  0.57%     -    0s

Explored 0 nodes (131 simplex iterations) in 0.02 seconds
Thread count was 20 (of 20 available processors)

Solution count 3: -1761.93 -1646.19 -321.14 
Pool objective bound -1772

Optimal solution found (tolerance 5.00e-02)
Best objective -1.761934000000e+03, best bound -1.772003350000e+03, gap 0.5715%
Changed value of parameter MIPGap to 0.05
   Prev: 0.0001  Min: 0.0  Max: 1e+100  Default: 0.0001
Changed value of parameter TimeLimit to 1800.0
   Prev: 1e+100  Min: 0.0  Max: 1e+100  Default: 1e+100
Changed value of parameter Method to 2
   Prev: -1  Min: -1  Max: 4  Default: -1
Changed value of parameter MIPFocus to 1
   Prev: 0  Min: 0  Max: 3  Default: 0
Optimize a model with 3916 rows, 5724 columns and 11448 nonzeros
Variable types: 0 continuous, 5724 integer (5724 binary)
Coefficient statistics:
  Matrix range     [1e+00, 5e+00]
  Objective range  [1e+00, 2e+00]
  Bounds range     [1e+00, 1e+00]
  RHS range        [8e+01, 8e+01]
Found heuristic solution: objective 0
Presolve removed 3858 rows and 4673 columns
Presolve time: 0.01s
Presolved: 58 rows, 1051 columns, 1870 nonzeros
Found heuristic solution: objective -1743.370000
Variable types: 0 continuous, 1051 integer (847 binary)
Presolved: 58 rows, 1051 columns, 1870 nonzeros

Root barrier log...

Ordering time: 0.00s

Barrier statistics:
 AA' NZ     : 7.490e+02
 Factor NZ  : 1.666e+03
 Factor Ops : 6.353e+04 (less than 1 second per iteration)
 Threads    : 1

                  Objective                Residual
Iter       Primal          Dual         Primal    Dual     Compl     Time
   0  -4.04805285e+03 -3.30999862e+03  2.67e+01 4.44e-16  2.61e+00     0s
   1  -1.93401804e+03 -2.66237927e+03  2.22e+00 3.03e-01  5.56e-01     0s
   2  -1.81905632e+03 -1.94217443e+03  2.59e-02 2.05e-02  5.90e-02     0s
   3  -1.84490445e+03 -1.87379447e+03  6.81e-03 2.66e-15  1.38e-02     0s
   4  -1.85129140e+03 -1.86602597e+03  3.09e-03 1.78e-15  7.04e-03     0s
   5  -1.85646519e+03 -1.86270936e+03  1.25e-03 1.78e-15  2.98e-03     0s
   6  -1.85788761e+03 -1.86143532e+03  7.50e-04 1.78e-15  1.70e-03     0s
   7  -1.85833495e+03 -1.86080868e+03  5.79e-04 8.88e-16  1.19e-03     0s
   8  -1.85892167e+03 -1.86041630e+03  3.47e-04 1.78e-15  7.18e-04     0s
   9  -1.85950297e+03 -1.86017551e+03  1.40e-04 1.78e-15  3.22e-04     0s
  10  -1.85976016e+03 -1.86007919e+03  6.13e-05 1.78e-15  1.52e-04     0s
  11  -1.85990669e+03 -1.86000809e+03  1.67e-05 1.78e-15  4.84e-05     0s
  12  -1.85995560e+03 -1.85999380e+03  5.93e-06 1.78e-15  1.82e-05     0s
  13  -1.85998614e+03 -1.85998673e+03  0.00e+00 1.78e-15  2.73e-07     0s
  14  -1.85998639e+03 -1.85998639e+03  0.00e+00 1.78e-15  2.10e-11     0s

Barrier solved model in 14 iterations and 0.02 seconds
Optimal objective -1.85998639e+03


Root relaxation: objective -1.859986e+03, 56 iterations, 0.01 seconds

    Nodes    |    Current Node    |     Objective Bounds      |     Work
 Expl Unexpl |  Obj  Depth IntInf | Incumbent    BestBd   Gap | It/Node Time

     0     0 -1859.9864    0   30 -1743.3700 -1859.9864  6.69%     -    0s
H    0     0                    -1848.476000 -1859.9864  0.62%     -    0s

Explored 0 nodes (94 simplex iterations) in 0.02 seconds
Thread count was 20 (of 20 available processors)

Solution count 3: -1848.48 -1743.37 -336.28 
Pool objective bound -1859.99

Optimal solution found (tolerance 5.00e-02)
Best objective -1.848476000000e+03, best bound -1.859986385714e+03, gap 0.6227%
Changed value of parameter MIPGap to 0.05
   Prev: 0.0001  Min: 0.0  Max: 1e+100  Default: 0.0001
Changed value of parameter TimeLimit to 1800.0
   Prev: 1e+100  Min: 0.0  Max: 1e+100  Default: 1e+100
Changed value of parameter Method to 2
   Prev: -1  Min: -1  Max: 4  Default: -1
Changed value of parameter MIPFocus to 1
   Prev: 0  Min: 0  Max: 3  Default: 0
Optimize a model with 3916 rows, 5724 columns and 11448 nonzeros
Variable types: 0 continuous, 5724 integer (5724 binary)
Coefficient statistics:
  Matrix range     [1e+00, 5e+00]
  Objective range  [1e+00, 3e+00]
  Bounds range     [1e+00, 1e+00]
  RHS range        [8e+01, 8e+01]
Found heuristic solution: objective 0
Presolve removed 3858 rows and 4673 columns
Presolve time: 0.01s
Presolved: 58 rows, 1051 columns, 1870 nonzeros
Found heuristic solution: objective -1940.124000
Variable types: 0 continuous, 1051 integer (847 binary)
Presolved: 58 rows, 1051 columns, 1870 nonzeros

Root barrier log...

Ordering time: 0.00s

Barrier statistics:
 AA' NZ     : 7.490e+02
 Factor NZ  : 1.666e+03
 Factor Ops : 6.353e+04 (less than 1 second per iteration)
 Threads    : 1

                  Objective                Residual
Iter       Primal          Dual         Primal    Dual     Compl     Time
   0  -4.41401398e+03 -3.54083620e+03  2.67e+01 4.44e-16  2.71e+00     0s
   1  -2.09673523e+03 -2.86611373e+03  1.83e+00 3.12e-01  5.47e-01     0s
   2  -2.01589188e+03 -2.13378108e+03  2.75e-02 2.18e-02  5.65e-02     0s
   3  -2.03167122e+03 -2.05973558e+03  8.45e-03 1.78e-15  1.35e-02     0s
   4  -2.03675752e+03 -2.05146445e+03  3.18e-03 1.78e-15  7.02e-03     0s
   5  -2.03963783e+03 -2.04865034e+03  1.95e-03 1.78e-15  4.30e-03     0s
   6  -2.04202752e+03 -2.04659502e+03  9.45e-04 1.78e-15  2.18e-03     0s
   7  -2.04356339e+03 -2.04545725e+03  3.61e-04 1.78e-15  9.02e-04     0s
   8  -2.04419589e+03 -2.04493861e+03  1.37e-04 1.78e-15  3.54e-04     0s
   9  -2.04453749e+03 -2.04475772e+03  3.25e-05 1.78e-15  1.04e-04     0s
  10  -2.04461035e+03 -2.04470623e+03  1.41e-05 1.78e-15  4.55e-05     0s
  11  -2.04467207e+03 -2.04467665e+03  0.00e+00 1.78e-15  2.14e-06     0s
  12  -2.04467420e+03 -2.04467421e+03  0.00e+00 1.78e-15  4.19e-09     0s

Barrier solved model in 12 iterations and 0.01 seconds
Optimal objective -2.04467420e+03


Root relaxation: objective -2.044674e+03, 41 iterations, 0.01 seconds

    Nodes    |    Current Node    |     Objective Bounds      |     Work
 Expl Unexpl |  Obj  Depth IntInf | Incumbent    BestBd   Gap | It/Node Time

     0     0 -2044.6742    0   32 -1940.1240 -2044.6742  5.39%     -    0s
H    0     0                    -2033.404000 -2044.6742  0.55%     -    0s

Explored 0 nodes (44 simplex iterations) in 0.02 seconds
Thread count was 20 (of 20 available processors)

Solution count 3: -2033.4 -1940.12 -366.56 
Pool objective bound -2044.67

Optimal solution found (tolerance 5.00e-02)
Best objective -2.033404000000e+03, best bound -2.044674200000e+03, gap 0.5543%
Changed value of parameter MIPGap to 0.05
   Prev: 0.0001  Min: 0.0  Max: 1e+100  Default: 0.0001
Changed value of parameter TimeLimit to 1800.0
   Prev: 1e+100  Min: 0.0  Max: 1e+100  Default: 1e+100
Changed value of parameter Method to 2
   Prev: -1  Min: -1  Max: 4  Default: -1
Changed value of parameter MIPFocus to 1
   Prev: 0  Min: 0  Max: 3  Default: 0
Optimize a model with 3916 rows, 5724 columns and 11448 nonzeros
Variable types: 0 continuous, 5724 integer (5724 binary)
Coefficient statistics:
  Matrix range     [1e+00, 5e+00]
  Objective range  [1e+00, 5e+00]
  Bounds range     [1e+00, 1e+00]
  RHS range        [8e+01, 8e+01]
Found heuristic solution: objective 0
Presolve removed 3858 rows and 4673 columns
Presolve time: 0.01s
Presolved: 58 rows, 1051 columns, 1870 nonzeros
Found heuristic solution: objective -2346.816000
Variable types: 0 continuous, 1051 integer (847 binary)
Presolved: 58 rows, 1051 columns, 1870 nonzeros

Root barrier log...

Ordering time: 0.00s

Barrier statistics:
 AA' NZ     : 7.490e+02
 Factor NZ  : 1.666e+03
 Factor Ops : 6.353e+04 (less than 1 second per iteration)
 Threads    : 1

                  Objective                Residual
Iter       Primal          Dual         Primal    Dual     Compl     Time
   0  -5.15034219e+03 -4.56440308e+03  2.67e+01 8.88e-16  3.79e+00     0s
   1  -2.40176050e+03 -3.66870885e+03  9.51e-01 5.25e-01  7.31e-01     0s
   2  -2.43420468e+03 -2.65023194e+03  1.76e-03 6.39e-02  1.01e-01     0s
   3  -2.47736251e+03 -2.52835917e+03  2.65e-04 4.54e-03  2.37e-02     0s
   4  -2.48727336e+03 -2.51251775e+03  5.28e-05 1.78e-15  1.17e-02     0s
   5  -2.49626005e+03 -2.50897408e+03  0.00e+00 1.78e-15  5.90e-03     0s
   6  -2.49885925e+03 -2.50626196e+03  0.00e+00 1.78e-15  3.44e-03     0s
   7  -2.50158038e+03 -2.50513991e+03  0.00e+00 1.78e-15  1.65e-03     0s
   8  -2.50316491e+03 -2.50465802e+03  0.00e+00 1.78e-15  6.93e-04     0s
   9  -2.50363630e+03 -2.50418640e+03  0.00e+00 1.78e-15  2.55e-04     0s
  10  -2.50389221e+03 -2.50407362e+03  0.00e+00 1.78e-15  8.42e-05     0s
  11  -2.50401748e+03 -2.50402325e+03  0.00e+00 1.78e-15  2.68e-06     0s
  12  -2.50402000e+03 -2.50402000e+03  0.00e+00 1.78e-15  1.93e-10     0s

Barrier solved model in 12 iterations and 0.01 seconds
Optimal objective -2.50402000e+03


Root relaxation: objective -2.504020e+03, 82 iterations, 0.01 seconds

    Nodes    |    Current Node    |     Objective Bounds      |     Work
 Expl Unexpl |  Obj  Depth IntInf | Incumbent    BestBd   Gap | It/Node Time

     0     0 -2504.0200    0   23 -2346.8160 -2504.0200  6.70%     -    0s
H    0     0                    -2495.272000 -2504.0200  0.35%     -    0s

Explored 0 nodes (144 simplex iterations) in 0.03 seconds
Thread count was 20 (of 20 available processors)

Solution count 3: -2495.27 -2346.82 -427.12 
Pool objective bound -2504.02

Optimal solution found (tolerance 5.00e-02)
Best objective -2.495272000000e+03, best bound -2.504020000000e+03, gap 0.3506%
Changed value of parameter MIPGap to 0.05
   Prev: 0.0001  Min: 0.0  Max: 1e+100  Default: 0.0001
Changed value of parameter TimeLimit to 1800.0
   Prev: 1e+100  Min: 0.0  Max: 1e+100  Default: 1e+100
Changed value of parameter Method to 2
   Prev: -1  Min: -1  Max: 4  Default: -1
Changed value of parameter MIPFocus to 1
   Prev: 0  Min: 0  Max: 3  Default: 0
Optimize a model with 3916 rows, 5724 columns and 11448 nonzeros
Variable types: 0 continuous, 5724 integer (5724 binary)
Coefficient statistics:
  Matrix range     [1e+00, 5e+00]
  Objective range  [1e+00, 6e+00]
  Bounds range     [1e+00, 1e+00]
  RHS range        [8e+01, 8e+01]
Found heuristic solution: objective 0
Presolve removed 3858 rows and 4673 columns
Presolve time: 0.01s
Presolved: 58 rows, 1051 columns, 1870 nonzeros
Found heuristic solution: objective -2557.240000
Variable types: 0 continuous, 1051 integer (847 binary)
Presolved: 58 rows, 1051 columns, 1870 nonzeros

Root barrier log...

Ordering time: 0.00s

Barrier statistics:
 AA' NZ     : 7.490e+02
 Factor NZ  : 1.666e+03
 Factor Ops : 6.353e+04 (less than 1 second per iteration)
 Threads    : 1

                  Objective                Residual
Iter       Primal          Dual         Primal    Dual     Compl     Time
   0  -5.51941357e+03 -5.32732598e+03  2.68e+01 8.88e-16  4.72e+00     0s
   1  -2.55229348e+03 -4.23224286e+03  5.99e-01 7.32e-01  9.05e-01     0s
   2  -2.64655423e+03 -2.94835830e+03  0.00e+00 1.02e-01  1.41e-01     0s
   3  -2.70903127e+03 -2.78082096e+03  0.00e+00 1.58e-02  3.33e-02     0s
   4  -2.71961958e+03 -2.74251255e+03  0.00e+00 1.78e-15  1.06e-02     0s
   5  -2.72728001e+03 -2.74022985e+03  0.00e+00 8.88e-16  6.00e-03     0s
   6  -2.72993574e+03 -2.73740566e+03  0.00e+00 1.78e-15  3.46e-03     0s
   7  -2.73285305e+03 -2.73624051e+03  0.00e+00 1.78e-15  1.57e-03     0s
   8  -2.73399374e+03 -2.73554893e+03  0.00e+00 1.78e-15  7.21e-04     0s
   9  -2.73486002e+03 -2.73522382e+03  0.00e+00 1.78e-15  1.69e-04     0s
  10  -2.73512161e+03 -2.73516858e+03  0.00e+00 1.78e-15  2.18e-05     0s
  11  -2.73514994e+03 -2.73515004e+03  0.00e+00 1.78e-15  4.61e-08     0s
  12  -2.73515000e+03 -2.73515000e+03  0.00e+00 1.78e-15  4.69e-14     0s

Barrier solved model in 12 iterations and 0.02 seconds
Optimal objective -2.73515000e+03


Root relaxation: objective -2.735150e+03, 82 iterations, 0.01 seconds

    Nodes    |    Current Node    |     Objective Bounds      |     Work
 Expl Unexpl |  Obj  Depth IntInf | Incumbent    BestBd   Gap | It/Node Time

     0     0 -2735.1500    0   23 -2557.2400 -2735.1500  6.96%     -    0s
H    0     0                    -2725.230000 -2735.1500  0.36%     -    0s

Explored 0 nodes (119 simplex iterations) in 0.02 seconds
Thread count was 20 (of 20 available processors)

Solution count 3: -2725.23 -2557.24 -457.4 
Pool objective bound -2735.15

Optimal solution found (tolerance 5.00e-02)
Best objective -2.725230000000e+03, best bound -2.735150000000e+03, gap 0.3640%
Changed value of parameter MIPGap to 0.05
   Prev: 0.0001  Min: 0.0  Max: 1e+100  Default: 0.0001
Changed value of parameter TimeLimit to 1800.0
   Prev: 1e+100  Min: 0.0  Max: 1e+100  Default: 1e+100
Changed value of parameter Method to 2
   Prev: -1  Min: -1  Max: 4  Default: -1
Changed value of parameter MIPFocus to 1
   Prev: 0  Min: 0  Max: 3  Default: 0
Optimize a model with 3916 rows, 5724 columns and 11448 nonzeros
Variable types: 0 continuous, 5724 integer (5724 binary)
Coefficient statistics:
  Matrix range     [1e+00, 5e+00]
  Objective range  [1e+00, 1e+01]
  Bounds range     [1e+00, 1e+00]
  RHS range        [8e+01, 8e+01]
Found heuristic solution: objective 0
Presolve removed 3858 rows and 4673 columns
Presolve time: 0.01s
Presolved: 58 rows, 1051 columns, 1870 nonzeros
Found heuristic solution: objective -3630.880000
Variable types: 0 continuous, 1051 integer (847 binary)
Presolved: 58 rows, 1051 columns, 1870 nonzeros

Root barrier log...

Ordering time: 0.00s

Barrier statistics:
 AA' NZ     : 7.490e+02
 Factor NZ  : 1.666e+03
 Factor Ops : 6.353e+04 (less than 1 second per iteration)
 Threads    : 1

                  Objective                Residual
Iter       Primal          Dual         Primal    Dual     Compl     Time
   0  -7.35993392e+03 -9.14574317e+03  2.68e+01 1.78e-15  9.41e+00     0s
   1  -3.45400851e+03 -7.06153762e+03  4.58e-02 1.78e+00  1.79e+00     0s
   2  -3.72861660e+03 -4.28228754e+03  0.00e+00 2.31e-01  2.59e-01     0s
   3  -3.86470666e+03 -3.94058328e+03  0.00e+00 1.96e-02  3.52e-02     0s
   4  -3.87672683e+03 -3.90296585e+03  0.00e+00 3.55e-15  1.22e-02     0s
   5  -3.88405508e+03 -3.89829580e+03  0.00e+00 1.78e-15  6.59e-03     0s
   6  -3.88864280e+03 -3.89435806e+03  0.00e+00 3.55e-15  2.65e-03     0s
   7  -3.89045771e+03 -3.89249657e+03  0.00e+00 2.66e-15  9.44e-04     0s
   8  -3.89131646e+03 -3.89163899e+03  0.00e+00 3.55e-15  1.49e-04     0s
   9  -3.89151794e+03 -3.89152278e+03  0.00e+00 3.55e-15  2.24e-06     0s
  10  -3.89152000e+03 -3.89152000e+03  0.00e+00 3.55e-15  2.04e-10     0s

Barrier solved model in 10 iterations and 0.01 seconds
Optimal objective -3.89152000e+03


Root relaxation: objective -3.891520e+03, 49 iterations, 0.01 seconds

    Nodes    |    Current Node    |     Objective Bounds      |     Work
 Expl Unexpl |  Obj  Depth IntInf | Incumbent    BestBd   Gap | It/Node Time

     0     0 -3891.5200    0   19 -3630.8800 -3891.5200  7.18%     -    0s
H    0     0                    -3880.540000 -3891.5200  0.28%     -    0s

Explored 0 nodes (94 simplex iterations) in 0.02 seconds
Thread count was 20 (of 20 available processors)

Solution count 3: -3880.54 -3630.88 -608.8 
Pool objective bound -3891.52

Optimal solution found (tolerance 5.00e-02)
Best objective -3.880540000000e+03, best bound -3.891520000000e+03, gap 0.2830%
Changed value of parameter MIPGap to 0.05
   Prev: 0.0001  Min: 0.0  Max: 1e+100  Default: 0.0001
Changed value of parameter TimeLimit to 1800.0
   Prev: 1e+100  Min: 0.0  Max: 1e+100  Default: 1e+100
Changed value of parameter Method to 2
   Prev: -1  Min: -1  Max: 4  Default: -1
Changed value of parameter MIPFocus to 1
   Prev: 0  Min: 0  Max: 3  Default: 0
Optimize a model with 3916 rows, 5724 columns and 11448 nonzeros
Variable types: 0 continuous, 5724 integer (5724 binary)
Coefficient statistics:
  Matrix range     [1e+00, 5e+00]
  Objective range  [2e+00, 2e+01]
  Bounds range     [1e+00, 1e+00]
  RHS range        [8e+01, 8e+01]
Found heuristic solution: objective 0
Presolve removed 3858 rows and 4673 columns
Presolve time: 0.01s
Presolved: 58 rows, 1051 columns, 1870 nonzeros
Found heuristic solution: objective -5817.520000
Variable types: 0 continuous, 1051 integer (847 binary)
Presolved: 58 rows, 1051 columns, 1870 nonzeros

Root barrier log...

Ordering time: 0.00s

Barrier statistics:
 AA' NZ     : 7.490e+02
 Factor NZ  : 1.666e+03
 Factor Ops : 6.353e+04 (less than 1 second per iteration)
 Threads    : 1

                  Objective                Residual
Iter       Primal          Dual         Primal    Dual     Compl     Time
   0  -1.10362797e+04 -1.70470146e+04  2.68e+01 5.33e-15  1.92e+01     0s
   1  -5.36050203e+03 -1.28877588e+04  0.00e+00 3.98e+00  3.60e+00     0s
   2  -5.92476889e+03 -6.86319838e+03  0.00e+00 4.20e-01  4.40e-01     0s
   3  -6.14763454e+03 -6.27973289e+03  0.00e+00 3.16e-02  6.13e-02     0s
   4  -6.18367225e+03 -6.22458731e+03  0.00e+00 7.11e-15  1.90e-02     0s
   5  -6.19358853e+03 -6.21890209e+03  0.00e+00 3.55e-15  1.17e-02     0s
   6  -6.20151323e+03 -6.21103058e+03  0.00e+00 3.55e-15  4.41e-03     0s
   7  -6.20510842e+03 -6.20838042e+03  0.00e+00 7.11e-15  1.52e-03     0s
   8  -6.20584700e+03 -6.20718279e+03  0.00e+00 3.55e-15  6.18e-04     0s
   9  -6.20616490e+03 -6.20646529e+03  0.00e+00 3.55e-15  1.39e-04     0s
  10  -6.20632199e+03 -6.20634488e+03  0.00e+00 7.11e-15  1.06e-05     0s
  11  -6.20633996e+03 -6.20634002e+03  0.00e+00 7.11e-15  2.71e-08     0s
  12  -6.20634000e+03 -6.20634000e+03  0.00e+00 7.11e-15  2.81e-14     0s

Barrier solved model in 12 iterations and 0.02 seconds
Optimal objective -6.20634000e+03


Root relaxation: objective -6.206340e+03, 55 iterations, 0.01 seconds

    Nodes    |    Current Node    |     Objective Bounds      |     Work
 Expl Unexpl |  Obj  Depth IntInf | Incumbent    BestBd   Gap | It/Node Time

     0     0 -6206.3400    0   27 -5817.5200 -6206.3400  6.68%     -    0s
H    0     0                    -6191.280000 -6206.3400  0.24%     -    0s

Explored 0 nodes (84 simplex iterations) in 0.03 seconds
Thread count was 20 (of 20 available processors)

Solution count 3: -6191.28 -5817.52 -911.6 
Pool objective bound -6206.32

Optimal solution found (tolerance 5.00e-02)
Best objective -6.191280000000e+03, best bound -6.206320000000e+03, gap 0.2429%
Changed value of parameter MIPGap to 0.05
   Prev: 0.0001  Min: 0.0  Max: 1e+100  Default: 0.0001
Changed value of parameter TimeLimit to 1800.0
   Prev: 1e+100  Min: 0.0  Max: 1e+100  Default: 1e+100
Changed value of parameter Method to 2
   Prev: -1  Min: -1  Max: 4  Default: -1
Changed value of parameter MIPFocus to 1
   Prev: 0  Min: 0  Max: 3  Default: 0
Optimize a model with 3916 rows, 5724 columns and 11448 nonzeros
Variable types: 0 continuous, 5724 integer (5724 binary)
Coefficient statistics:
  Matrix range     [1e+00, 5e+00]
  Objective range  [2e+00, 4e+01]
  Bounds range     [1e+00, 1e+00]
  RHS range        [8e+01, 8e+01]
Found heuristic solution: objective 0
Presolve removed 3858 rows and 4673 columns
Presolve time: 0.01s
Presolved: 58 rows, 1051 columns, 1870 nonzeros
Found heuristic solution: objective -10187.36000
Variable types: 0 continuous, 1051 integer (847 binary)
Presolved: 58 rows, 1051 columns, 1870 nonzeros

Root barrier log...

Ordering time: 0.00s

Barrier statistics:
 AA' NZ     : 7.490e+02
 Factor NZ  : 1.666e+03
 Factor Ops : 6.353e+04 (less than 1 second per iteration)
 Threads    : 1

                  Objective                Residual
Iter       Primal          Dual         Primal    Dual     Compl     Time
   0  -1.83861642e+04 -3.28495574e+04  2.68e+01 1.07e-14  3.88e+01     0s
   1  -9.29290415e+03 -2.45536511e+04  0.00e+00 8.38e+00  7.33e+00     0s
   2  -1.03318873e+04 -1.20860557e+04  0.00e+00 8.12e-01  8.26e-01     0s
   3  -1.07258011e+04 -1.09839840e+04  0.00e+00 6.38e-02  1.20e-01     0s
   4  -1.08010799e+04 -1.08880839e+04  0.00e+00 1.46e-02  4.03e-02     0s
   5  -1.08242057e+04 -1.08600656e+04  0.00e+00 3.49e-03  1.66e-02     0s
   6  -1.08342210e+04 -1.08503900e+04  0.00e+00 1.28e-03  7.49e-03     0s
   7  -1.08385093e+04 -1.08475406e+04  0.00e+00 7.30e-04  4.18e-03     0s
   8  -1.08413981e+04 -1.08454048e+04  0.00e+00 2.89e-04  1.86e-03     0s
   9  -1.08432265e+04 -1.08441831e+04  0.00e+00 1.09e-04  4.43e-04     0s
  10  -1.08435968e+04 -1.08437151e+04  0.00e+00 7.15e-06  5.48e-05     0s
  11  -1.08436590e+04 -1.08436601e+04  0.00e+00 1.42e-14  5.07e-07     0s
  12  -1.08436600e+04 -1.08436600e+04  0.00e+00 1.42e-14  6.57e-13     0s

Barrier solved model in 12 iterations and 0.01 seconds
Optimal objective -1.08436600e+04


Root relaxation: objective -1.084366e+04, 112 iterations, 0.01 seconds

    Nodes    |    Current Node    |     Objective Bounds      |     Work
 Expl Unexpl |  Obj  Depth IntInf | Incumbent    BestBd   Gap | It/Node Time

     0     0 -10843.660    0   19 -10187.360 -10843.660  6.44%     -    0s
H    0     0                    -10823.32000 -10843.660  0.19%     -    0s

Explored 0 nodes (232 simplex iterations) in 0.03 seconds
Thread count was 20 (of 20 available processors)

Solution count 3: -10823.3 -10187.4 -1517.2 
Pool objective bound -10843.6

Optimal solution found (tolerance 5.00e-02)
Best objective -1.082332000000e+04, best bound -1.084364000000e+04, gap 0.1877%
Changed value of parameter MIPGap to 0.05
   Prev: 0.0001  Min: 0.0  Max: 1e+100  Default: 0.0001
Changed value of parameter TimeLimit to 1800.0
   Prev: 1e+100  Min: 0.0  Max: 1e+100  Default: 1e+100
Changed value of parameter Method to 2
   Prev: -1  Min: -1  Max: 4  Default: -1
Changed value of parameter MIPFocus to 1
   Prev: 0  Min: 0  Max: 3  Default: 0
Optimize a model with 3916 rows, 5724 columns and 11448 nonzeros
Variable types: 0 continuous, 5724 integer (5724 binary)
Coefficient statistics:
  Matrix range     [1e+00, 5e+00]
  Objective range  [2e+00, 5e+01]
  Bounds range     [1e+00, 1e+00]
  RHS range        [8e+01, 8e+01]
Found heuristic solution: objective 0
Presolve removed 3858 rows and 4673 columns
Presolve time: 0.01s
Presolved: 58 rows, 1051 columns, 1870 nonzeros
Found heuristic solution: objective -12373.70000
Variable types: 0 continuous, 1051 integer (847 binary)
Presolved: 58 rows, 1051 columns, 1870 nonzeros

Root barrier log...

Ordering time: 0.00s

Barrier statistics:
 AA' NZ     : 7.490e+02
 Factor NZ  : 1.666e+03
 Factor Ops : 6.353e+04 (less than 1 second per iteration)
 Threads    : 1

                  Objective                Residual
Iter       Primal          Dual         Primal    Dual     Compl     Time
   0  -2.20608330e+04 -4.07508288e+04  2.68e+01 1.07e-14  4.86e+01     0s
   1  -1.12626852e+04 -3.03870338e+04  0.00e+00 1.06e+01  9.20e+00     0s
   2  -1.25406608e+04 -1.46982011e+04  0.00e+00 1.01e+00  1.02e+00     0s
   3  -1.30158472e+04 -1.33482051e+04  0.00e+00 8.67e-02  1.55e-01     0s
   4  -1.31063665e+04 -1.32192994e+04  0.00e+00 2.01e-02  5.24e-02     0s
   5  -1.31244044e+04 -1.31889207e+04  0.00e+00 6.95e-03  2.99e-02     0s
   6  -1.31469462e+04 -1.31778434e+04  0.00e+00 3.28e-03  1.43e-02     0s
   7  -1.31571157e+04 -1.31697262e+04  0.00e+00 6.07e-04  5.84e-03     0s
   8  -1.31636305e+04 -1.31663405e+04  0.00e+00 1.42e-14  1.25e-03     0s
   9  -1.31653388e+04 -1.31654766e+04  0.00e+00 1.42e-14  6.38e-05     0s
  10  -1.31654491e+04 -1.31654504e+04  0.00e+00 1.42e-14  5.73e-07     0s
  11  -1.31654500e+04 -1.31654500e+04  0.00e+00 1.42e-14  5.73e-10     0s

Barrier solved model in 11 iterations and 0.01 seconds
Optimal objective -1.31654500e+04


Root relaxation: objective -1.316545e+04, 113 iterations, 0.01 seconds

    Nodes    |    Current Node    |     Objective Bounds      |     Work
 Expl Unexpl |  Obj  Depth IntInf | Incumbent    BestBd   Gap | It/Node Time

     0     0 -13165.450    0   23 -12373.700 -13165.450  6.40%     -    0s
H    0     0                    -13141.90000 -13165.450  0.18%     -    0s

Explored 0 nodes (150 simplex iterations) in 0.02 seconds
Thread count was 20 (of 20 available processors)

Solution count 3: -13141.9 -12373.7 -1820 
Pool objective bound -13165.4

Optimal solution found (tolerance 5.00e-02)
Best objective -1.314190000000e+04, best bound -1.316540000000e+04, gap 0.1788%
Changed value of parameter MIPGap to 0.05
   Prev: 0.0001  Min: 0.0  Max: 1e+100  Default: 0.0001
Changed value of parameter TimeLimit to 1800.0
   Prev: 1e+100  Min: 0.0  Max: 1e+100  Default: 1e+100
Changed value of parameter Method to 2
   Prev: -1  Min: -1  Max: 4  Default: -1
Changed value of parameter MIPFocus to 1
   Prev: 0  Min: 0  Max: 3  Default: 0
Optimize a model with 3916 rows, 5724 columns and 11448 nonzeros
Variable types: 0 continuous, 5724 integer (5724 binary)
Coefficient statistics:
  Matrix range     [1e+00, 5e+00]
  Objective range  [4e+00, 1e+02]
  Bounds range     [1e+00, 1e+00]
  RHS range        [8e+01, 8e+01]
Found heuristic solution: objective 0
Presolve removed 3858 rows and 4673 columns
Presolve time: 0.01s
Presolved: 58 rows, 1051 columns, 1870 nonzeros
Found heuristic solution: objective -23305.40000
Variable types: 0 continuous, 1051 integer (847 binary)
Presolved: 58 rows, 1051 columns, 1870 nonzeros

Root barrier log...

Ordering time: 0.00s

Barrier statistics:
 AA' NZ     : 7.490e+02
 Factor NZ  : 1.666e+03
 Factor Ops : 6.353e+04 (less than 1 second per iteration)
 Threads    : 1

                  Objective                Residual
Iter       Primal          Dual         Primal    Dual     Compl     Time
   0  -4.04336368e+04 -8.02571858e+04  2.68e+01 2.84e-14  9.75e+01     0s
   1  -2.11187546e+04 -5.95548612e+04  0.00e+00 2.16e+01  1.85e+01     0s
   2  -2.35187646e+04 -2.78673360e+04  0.00e+00 2.04e+00  2.05e+00     0s
   3  -2.44634512e+04 -2.51815716e+04  0.00e+00 2.05e-01  3.34e-01     0s
   4  -2.46627450e+04 -2.48983120e+04  0.00e+00 5.23e-02  1.09e-01     0s
   5  -2.46968816e+04 -2.48213421e+04  0.00e+00 1.46e-02  5.77e-02     0s
   6  -2.47423198e+04 -2.47990367e+04  0.00e+00 5.93e-03  2.63e-02     0s
   7  -2.47649262e+04 -2.47817979e+04  0.00e+00 1.30e-03  7.82e-03     0s
   8  -2.47709981e+04 -2.47756485e+04  0.00e+00 9.79e-05  2.15e-03     0s
   9  -2.47743249e+04 -2.47744933e+04  0.00e+00 4.26e-14  7.80e-05     0s
  10  -2.47744000e+04 -2.47744000e+04  0.00e+00 2.84e-14  9.80e-09     0s

Barrier solved model in 10 iterations and 0.01 seconds
Optimal objective -2.47744000e+04


Root relaxation: objective -2.477440e+04, 210 iterations, 0.01 seconds

    Nodes    |    Current Node    |     Objective Bounds      |     Work
 Expl Unexpl |  Obj  Depth IntInf | Incumbent    BestBd   Gap | It/Node Time

     0     0 -24774.400    0   21 -23305.400 -24774.400  6.30%     -    0s
H    0     0                    -24733.00000 -24774.400  0.17%     -    0s

Explored 0 nodes (290 simplex iterations) in 0.03 seconds
Thread count was 20 (of 20 available processors)

Solution count 3: -24733 -23305.4 -3334 
Pool objective bound -24774.4

Optimal solution found (tolerance 5.00e-02)
Best objective -2.473300000000e+04, best bound -2.477440000000e+04, gap 0.1674%
Changed value of parameter MIPGap to 0.05
   Prev: 0.0001  Min: 0.0  Max: 1e+100  Default: 0.0001
Changed value of parameter TimeLimit to 1800.0
   Prev: 1e+100  Min: 0.0  Max: 1e+100  Default: 1e+100
Changed value of parameter Method to 2
   Prev: -1  Min: -1  Max: 4  Default: -1
Changed value of parameter MIPFocus to 1
   Prev: 0  Min: 0  Max: 3  Default: 0
Optimize a model with 3916 rows, 5724 columns and 11448 nonzeros
Variable types: 0 continuous, 5724 integer (5724 binary)
Coefficient statistics:
  Matrix range     [1e+00, 5e+00]
  Objective range  [6e+00, 2e+02]
  Bounds range     [1e+00, 1e+00]
  RHS range        [8e+01, 8e+01]
Found heuristic solution: objective 0
Presolve removed 3858 rows and 4673 columns
Presolve time: 0.01s
Presolved: 58 rows, 1051 columns, 1870 nonzeros
Found heuristic solution: objective -45351.80000
Variable types: 0 continuous, 1051 integer (847 binary)
Presolved: 58 rows, 1051 columns, 1870 nonzeros

Root barrier log...

Ordering time: 0.00s

Barrier statistics:
 AA' NZ     : 7.490e+02
 Factor NZ  : 1.666e+03
 Factor Ops : 6.353e+04 (less than 1 second per iteration)
 Threads    : 1

                  Objective                Residual
Iter       Primal          Dual         Primal    Dual     Compl     Time
   0  -7.71787078e+04 -1.59269900e+05  2.68e+01 4.26e-14  1.95e+02     0s
   1  -4.08381046e+04 -1.17896995e+05  0.00e+00 4.36e+01  3.71e+01     0s
   2  -4.55711453e+04 -5.42303012e+04  0.00e+00 4.11e+00  4.09e+00     0s
   3  -4.73809071e+04 -4.88484591e+04  0.00e+00 4.40e-01  6.83e-01     0s
   4  -4.78032461e+04 -4.82477822e+04  0.00e+00 1.09e-01  2.06e-01     0s
   5  -4.78644975e+04 -4.80990374e+04  0.00e+00 3.72e-02  1.09e-01     0s
   6  -4.79445513e+04 -4.80527202e+04  0.00e+00 1.58e-02  5.01e-02     0s
   7  -4.79804390e+04 -4.80273396e+04  0.00e+00 5.00e-03  2.17e-02     0s
   8  -4.80011695e+04 -4.80181538e+04  0.00e+00 1.80e-03  7.87e-03     0s
   9  -4.80101135e+04 -4.80123747e+04  0.00e+00 5.68e-14  1.05e-03     0s
  10  -4.80112927e+04 -4.80113108e+04  0.00e+00 8.53e-14  8.39e-06     0s
  11  -4.80113000e+04 -4.80113000e+04  0.00e+00 5.68e-14  8.39e-09     0s

Barrier solved model in 11 iterations and 0.01 seconds
Optimal objective -4.80113000e+04


Root relaxation: objective -4.801130e+04, 76 iterations, 0.01 seconds

    Nodes    |    Current Node    |     Objective Bounds      |     Work
 Expl Unexpl |  Obj  Depth IntInf | Incumbent    BestBd   Gap | It/Node Time

     0     0 -48011.300    0   25 -45351.800 -48011.300  5.86%     -    0s
H    0     0                    -47940.60000 -48011.300  0.15%     -    0s

Explored 0 nodes (101 simplex iterations) in 0.02 seconds
Thread count was 20 (of 20 available processors)

Solution count 3: -47940.6 -45351.8 -6362 
Pool objective bound -48011.2

Optimal solution found (tolerance 5.00e-02)
Best objective -4.794060000000e+04, best bound -4.801120000000e+04, gap 0.1473%
Changed value of parameter MIPGap to 0.05
   Prev: 0.0001  Min: 0.0  Max: 1e+100  Default: 0.0001
Changed value of parameter TimeLimit to 1800.0
   Prev: 1e+100  Min: 0.0  Max: 1e+100  Default: 1e+100
Changed value of parameter Method to 2
   Prev: -1  Min: -1  Max: 4  Default: -1
Changed value of parameter MIPFocus to 1
   Prev: 0  Min: 0  Max: 3  Default: 0
Optimize a model with 3916 rows, 5724 columns and 11448 nonzeros
Variable types: 0 continuous, 5724 integer (5724 binary)
Coefficient statistics:
  Matrix range     [1e+00, 5e+00]
  Objective range  [1e+01, 5e+02]
  Bounds range     [1e+00, 1e+00]
  RHS range        [8e+01, 8e+01]
Found heuristic solution: objective 0
Presolve removed 3858 rows and 4673 columns
Presolve time: 0.01s
Presolved: 58 rows, 1051 columns, 1870 nonzeros
Found heuristic solution: objective -111239.0000
Variable types: 0 continuous, 1051 integer (847 binary)
Presolved: 58 rows, 1051 columns, 1870 nonzeros

Root barrier log...

Ordering time: 0.00s

Barrier statistics:
 AA' NZ     : 7.490e+02
 Factor NZ  : 1.666e+03
 Factor Ops : 6.353e+04 (less than 1 second per iteration)
 Threads    : 1

                  Objective                Residual
Iter       Primal          Dual         Primal    Dual     Compl     Time
   0  -1.87413494e+05 -3.96308042e+05  2.68e+01 5.68e-14  4.89e+02     0s
   1  -1.00002104e+05 -2.92927123e+05  0.00e+00 1.10e+02  9.30e+01     0s
   2  -1.11738211e+05 -1.33314740e+05  0.00e+00 1.03e+01  1.02e+01     0s
   3  -1.16142510e+05 -1.19856841e+05  0.00e+00 1.14e+00  1.73e+00     0s
   4  -1.17247220e+05 -1.18285193e+05  0.00e+00 2.70e-01  4.82e-01     0s
   5  -1.17386769e+05 -1.17994134e+05  0.00e+00 1.26e-01  2.82e-01     0s
   6  -1.17569403e+05 -1.17840611e+05  0.00e+00 5.12e-02  1.26e-01     0s
   7  -1.17639275e+05 -1.17760632e+05  0.00e+00 1.39e-02  5.62e-02     0s
   8  -1.17702010e+05 -1.17742317e+05  0.00e+00 7.05e-03  1.87e-02     0s
   9  -1.17719172e+05 -1.17723302e+05  0.00e+00 9.88e-05  1.91e-03     0s
  10  -1.17721992e+05 -1.17722009e+05  0.00e+00 1.14e-13  8.04e-06     0s
  11  -1.17722000e+05 -1.17722000e+05  0.00e+00 1.14e-13  8.04e-09     0s

Barrier solved model in 11 iterations and 0.01 seconds
Optimal objective -1.17722000e+05


Root relaxation: objective -1.177220e+05, 76 iterations, 0.01 seconds

    Nodes    |    Current Node    |     Objective Bounds      |     Work
 Expl Unexpl |  Obj  Depth IntInf | Incumbent    BestBd   Gap | It/Node Time

     0     0 -117722.00    0   19 -111239.00 -117722.00  5.83%     -    0s
H    0     0                    -117554.0000 -117722.00  0.14%     -    0s

Explored 0 nodes (136 simplex iterations) in 0.03 seconds
Thread count was 20 (of 20 available processors)

Solution count 3: -117554 -111239 -15446 
Pool objective bound -117722

Optimal solution found (tolerance 5.00e-02)
Best objective -1.175540000000e+05, best bound -1.177220000000e+05, gap 0.1429%
Changed value of parameter MIPGap to 0.05
   Prev: 0.0001  Min: 0.0  Max: 1e+100  Default: 0.0001
Changed value of parameter TimeLimit to 1800.0
   Prev: 1e+100  Min: 0.0  Max: 1e+100  Default: 1e+100
Changed value of parameter Method to 2
   Prev: -1  Min: -1  Max: 4  Default: -1
Changed value of parameter MIPFocus to 1
   Prev: 0  Min: 0  Max: 3  Default: 0
Optimize a model with 3916 rows, 5724 columns and 11448 nonzeros
Variable types: 0 continuous, 5724 integer (5724 binary)
Coefficient statistics:
  Matrix range     [1e+00, 5e+00]
  Objective range  [1e+02, 5e+03]
  Bounds range     [1e+00, 1e+00]
  RHS range        [8e+01, 8e+01]
Found heuristic solution: objective 0
Presolve removed 3858 rows and 4673 columns
Presolve time: 0.01s
Presolved: 58 rows, 1051 columns, 1870 nonzeros
Found heuristic solution: objective -1099547.000
Variable types: 0 continuous, 1051 integer (847 binary)
Presolved: 58 rows, 1051 columns, 1870 nonzeros

Root barrier log...

Ordering time: 0.00s

Barrier statistics:
 AA' NZ     : 7.490e+02
 Factor NZ  : 1.666e+03
 Factor Ops : 6.353e+04 (less than 1 second per iteration)
 Threads    : 1

                  Objective                Residual
Iter       Primal          Dual         Primal    Dual     Compl     Time
   0  -1.84093376e+06 -3.95188018e+06  2.68e+01 9.09e-13  4.89e+03     0s
   1  -9.87483162e+05 -2.91838140e+06  0.00e+00 1.10e+03  9.31e+02     0s
   2  -1.10428303e+06 -1.31961063e+06  0.00e+00 1.03e+02  1.02e+02     0s
   3  -1.14781885e+06 -1.18500394e+06  0.00e+00 1.17e+01  1.73e+01     0s
   4  -1.15861205e+06 -1.16891621e+06  0.00e+00 2.70e+00  4.78e+00     0s
   5  -1.16004391e+06 -1.16569690e+06  0.00e+00 1.01e+00  2.62e+00     0s
   6  -1.16193966e+06 -1.16436113e+06  0.00e+00 3.86e-01  1.12e+00     0s
   7  -1.16290656e+06 -1.16375469e+06  0.00e+00 1.28e-01  3.93e-01     0s
   8  -1.16323857e+06 -1.16343038e+06  0.00e+00 4.16e-03  8.88e-02     0s
   9  -1.16337763e+06 -1.16338458e+06  0.00e+00 1.82e-12  3.22e-03     0s
  10  -1.16338250e+06 -1.16338250e+06  0.00e+00 9.09e-13  5.40e-07     0s
  11  -1.16338250e+06 -1.16338250e+06  0.00e+00 1.82e-12  5.40e-10     0s

Barrier solved model in 11 iterations and 0.01 seconds
Optimal objective -1.16338250e+06


Root relaxation: objective -1.163382e+06, 74 iterations, 0.01 seconds

    Nodes    |    Current Node    |     Objective Bounds      |     Work
 Expl Unexpl |  Obj  Depth IntInf | Incumbent    BestBd   Gap | It/Node Time

     0     0 -1163382.5    0   21 -1099547.0 -1163382.5  5.81%     -    0s
H    0     0                    -1161770.000 -1163382.5  0.14%     -    0s

Explored 0 nodes (128 simplex iterations) in 0.02 seconds
Thread count was 20 (of 20 available processors)

Solution count 3: -1.16177e+06 -1.09955e+06 -151706 
Pool objective bound -1.16338e+06

Optimal solution found (tolerance 5.00e-02)
Best objective -1.161770000000e+06, best bound -1.163382000000e+06, gap 0.1388%
