Changed value of parameter MIPGap to 0.05
   Prev: 0.0001  Min: 0.0  Max: 1e+100  Default: 0.0001
Changed value of parameter TimeLimit to 1800.0
   Prev: 1e+100  Min: 0.0  Max: 1e+100  Default: 1e+100
Changed value of parameter Method to 2
   Prev: -1  Min: -1  Max: 4  Default: -1
Changed value of parameter MIPFocus to 1
   Prev: 0  Min: 0  Max: 3  Default: 0
Optimize a model with 10760 rows, 56430 columns and 112860 nonzeros
Variable types: 0 continuous, 56430 integer (56430 binary)
Coefficient statistics:
  Matrix range     [1e+00, 2e+01]
  Objective range  [1e+00, 1e+00]
  Bounds range     [1e+00, 1e+00]
  RHS range        [8e+01, 8e+01]
Found heuristic solution: objective 0
Presolve time: 0.18s
Presolved: 10760 rows, 56430 columns, 112860 nonzeros
Variable types: 0 continuous, 56430 integer (56430 binary)
Presolved: 10760 rows, 56430 columns, 112860 nonzeros

Root barrier log...

Ordering time: 0.01s

Barrier statistics:
 AA' NZ     : 5.643e+04
 Factor NZ  : 2.370e+05 (roughly 30 MBytes of memory)
 Factor Ops : 3.824e+07 (less than 1 second per iteration)
 Threads    : 1

                  Objective                Residual
Iter       Primal          Dual         Primal    Dual     Compl     Time
   0  -2.34009221e+04 -4.77138281e+04  8.23e+01 0.00e+00  3.06e+00     0s
   1  -9.45098082e+03 -3.50099119e+04  1.91e+01 6.66e-16  7.44e-01     0s
   2  -5.56183306e+03 -1.75060784e+04  3.45e+00 8.88e-16  1.65e-01     0s
   3  -4.64774725e+03 -7.48670957e+03  1.90e-01 1.33e-15  2.65e-02     0s
   4  -4.69000725e+03 -5.19882632e+03  2.59e-02 6.18e-16  4.61e-03     0s
   5  -4.69840963e+03 -4.96481162e+03  1.37e-02 6.66e-16  2.41e-03     0s
   6  -4.70239125e+03 -4.79362462e+03  8.56e-03 6.14e-16  8.39e-04     0s
   7  -4.70523991e+03 -4.74128733e+03  5.27e-03 5.84e-16  3.39e-04     0s
   8  -4.70779961e+03 -4.72047725e+03  2.33e-03 4.85e-16  1.21e-04     1s
   9  -4.70925226e+03 -4.71284408e+03  8.49e-04 4.62e-16  3.50e-05     1s
  10  -4.70986011e+03 -4.71027112e+03  1.72e-04 7.70e-16  4.30e-06     1s
  11  -4.71001879e+03 -4.71002740e+03  5.81e-08 7.53e-16  7.63e-08     1s
  12  -4.71001992e+03 -4.71001992e+03  2.76e-13 6.37e-16  3.28e-13     1s

Barrier solved model in 12 iterations and 0.63 seconds
Optimal objective -4.71001992e+03


Root relaxation: objective -4.710020e+03, 45994 iterations, 0.73 seconds

    Nodes    |    Current Node    |     Objective Bounds      |     Work
 Expl Unexpl |  Obj  Depth IntInf | Incumbent    BestBd   Gap | It/Node Time

     0     0 -4710.0199    0  254    0.00000 -4710.0199      -     -    1s
H    0     0                    -4680.000000 -4710.0199  0.64%     -    1s

Explored 0 nodes (60982 simplex iterations) in 1.45 seconds
Thread count was 20 (of 20 available processors)

Solution count 2: -4680 0 
Pool objective bound -4710

Optimal solution found (tolerance 5.00e-02)
Best objective -4.680000000000e+03, best bound -4.710000000000e+03, gap 0.6410%
Changed value of parameter MIPGap to 0.05
   Prev: 0.0001  Min: 0.0  Max: 1e+100  Default: 0.0001
Changed value of parameter TimeLimit to 1800.0
   Prev: 1e+100  Min: 0.0  Max: 1e+100  Default: 1e+100
Changed value of parameter Method to 2
   Prev: -1  Min: -1  Max: 4  Default: -1
Changed value of parameter MIPFocus to 1
   Prev: 0  Min: 0  Max: 3  Default: 0
Optimize a model with 10760 rows, 56430 columns and 112860 nonzeros
Variable types: 0 continuous, 56430 integer (56430 binary)
Coefficient statistics:
  Matrix range     [1e+00, 2e+01]
  Objective range  [1e+00, 1e+00]
  Bounds range     [1e+00, 1e+00]
  RHS range        [8e+01, 8e+01]
Found heuristic solution: objective 0
Presolve time: 0.17s
Presolved: 10760 rows, 56430 columns, 112860 nonzeros
Variable types: 0 continuous, 56430 integer (56430 binary)
Presolved: 10760 rows, 56430 columns, 112860 nonzeros

Root barrier log...

Ordering time: 0.01s

Barrier statistics:
 AA' NZ     : 5.643e+04
 Factor NZ  : 2.370e+05 (roughly 30 MBytes of memory)
 Factor Ops : 3.824e+07 (less than 1 second per iteration)
 Threads    : 1

                  Objective                Residual
Iter       Primal          Dual         Primal    Dual     Compl     Time
   0  -2.34200716e+04 -4.77156170e+04  8.23e+01 2.22e-16  3.06e+00     0s
   1  -9.45938408e+03 -3.50127780e+04  1.91e+01 8.88e-16  7.44e-01     0s
   2  -5.56658289e+03 -1.75095363e+04  3.45e+00 1.33e-15  1.65e-01     0s
   3  -4.65070624e+03 -7.49016525e+03  1.90e-01 1.11e-15  2.65e-02     0s
   4  -4.69294307e+03 -5.20079805e+03  2.55e-02 8.08e-16  4.60e-03     0s
   5  -4.70127540e+03 -4.96661104e+03  1.36e-02 6.06e-16  2.40e-03     0s
   6  -4.70525165e+03 -4.79587898e+03  8.44e-03 5.98e-16  8.33e-04     0s
   7  -4.70800385e+03 -4.73565417e+03  5.31e-03 6.77e-16  2.65e-04     0s
   8  -4.71065109e+03 -4.72182452e+03  2.30e-03 6.66e-16  1.08e-04     0s
   9  -4.71194288e+03 -4.71465706e+03  9.74e-04 6.85e-16  2.77e-05     0s
  10  -4.71269756e+03 -4.71318669e+03  1.50e-04 7.11e-16  4.90e-06     0s
  11  -4.71279521e+03 -4.71290133e+03  5.22e-05 5.52e-16  1.14e-06     1s
  12  -4.71281906e+03 -4.71287274e+03  2.83e-05 5.17e-16  5.84e-07     1s
  13  -4.71283669e+03 -4.71285463e+03  1.08e-05 7.15e-16  2.00e-07     1s
  14  -4.71284414e+03 -4.71284868e+03  3.44e-06 6.07e-16  5.35e-08     1s
  15  -4.71284767e+03 -4.71284768e+03  4.37e-10 7.60e-16  1.19e-10     1s

Barrier solved model in 15 iterations and 0.63 seconds
Optimal objective -4.71284767e+03


Root relaxation: objective -4.712848e+03, 46046 iterations, 0.73 seconds

    Nodes    |    Current Node    |     Objective Bounds      |     Work
 Expl Unexpl |  Obj  Depth IntInf | Incumbent    BestBd   Gap | It/Node Time

     0     0 -4712.8477    0  231    0.00000 -4712.8477      -     -    1s
H    0     0                    -4682.775920 -4712.8477  0.64%     -    1s

Explored 0 nodes (58276 simplex iterations) in 1.35 seconds
Thread count was 20 (of 20 available processors)

Solution count 2: -4682.78 0 
Pool objective bound -4712.85

Optimal solution found (tolerance 5.00e-02)
Best objective -4.682775920000e+03, best bound -4.712847677005e+03, gap 0.6422%
Changed value of parameter MIPGap to 0.05
   Prev: 0.0001  Min: 0.0  Max: 1e+100  Default: 0.0001
Changed value of parameter TimeLimit to 1800.0
   Prev: 1e+100  Min: 0.0  Max: 1e+100  Default: 1e+100
Changed value of parameter Method to 2
   Prev: -1  Min: -1  Max: 4  Default: -1
Changed value of parameter MIPFocus to 1
   Prev: 0  Min: 0  Max: 3  Default: 0
Optimize a model with 10760 rows, 56430 columns and 112860 nonzeros
Variable types: 0 continuous, 56430 integer (56430 binary)
Coefficient statistics:
  Matrix range     [1e+00, 2e+01]
  Objective range  [1e+00, 1e+00]
  Bounds range     [1e+00, 1e+00]
  RHS range        [8e+01, 8e+01]
Found heuristic solution: objective 0
Presolve time: 0.16s
Presolved: 10760 rows, 56430 columns, 112860 nonzeros
Variable types: 0 continuous, 56430 integer (56430 binary)
Presolved: 10760 rows, 56430 columns, 112860 nonzeros

Root barrier log...

Ordering time: 0.01s

Barrier statistics:
 AA' NZ     : 5.643e+04
 Factor NZ  : 2.370e+05 (roughly 30 MBytes of memory)
 Factor Ops : 3.824e+07 (less than 1 second per iteration)
 Threads    : 1

                  Objective                Residual
Iter       Primal          Dual         Primal    Dual     Compl     Time
   0  -2.34392210e+04 -4.77174059e+04  8.23e+01 2.22e-16  3.06e+00     0s
   1  -9.46779101e+03 -3.50156444e+04  1.91e+01 8.88e-16  7.44e-01     0s
   2  -5.57132991e+03 -1.75129962e+04  3.46e+00 8.88e-16  1.65e-01     0s
   3  -4.65335011e+03 -7.49267092e+03  1.90e-01 1.11e-15  2.65e-02     0s
   4  -4.69592563e+03 -5.19487352e+03  2.45e-02 2.22e-15  4.51e-03     0s
   5  -4.70408088e+03 -4.96612725e+03  1.31e-02 1.11e-15  2.37e-03     0s
   6  -4.70806224e+03 -4.79759977e+03  8.19e-03 5.10e-16  8.23e-04     0s
   7  -4.71079940e+03 -4.73852298e+03  5.19e-03 6.66e-16  2.65e-04     0s
   8  -4.71366899e+03 -4.72422078e+03  2.02e-03 6.66e-16  1.01e-04     0s
   9  -4.71490284e+03 -4.71813295e+03  7.47e-04 6.10e-16  3.14e-05     0s
  10  -4.71559108e+03 -4.71602599e+03  6.95e-05 6.66e-16  4.11e-06     0s
  11  -4.71563877e+03 -4.71575457e+03  2.97e-05 4.44e-16  1.14e-06     1s
  12  -4.71566639e+03 -4.71570443e+03  7.17e-06 6.66e-16  3.64e-07     1s
  13  -4.71567101e+03 -4.71568122e+03  3.47e-06 7.13e-16  1.04e-07     1s
  14  -4.71567541e+03 -4.71567592e+03  2.58e-09 8.41e-16  4.46e-09     1s
  15  -4.71567543e+03 -4.71567543e+03  9.99e-15 5.43e-16  4.46e-12     1s

Barrier solved model in 15 iterations and 0.60 seconds
Optimal objective -4.71567543e+03


Root relaxation: objective -4.715675e+03, 45839 iterations, 0.70 seconds

    Nodes    |    Current Node    |     Objective Bounds      |     Work
 Expl Unexpl |  Obj  Depth IntInf | Incumbent    BestBd   Gap | It/Node Time

     0     0 -4715.6754    0  221    0.00000 -4715.6754      -     -    1s
H    0     0                    -4685.555110 -4715.6754  0.64%     -    1s

Explored 0 nodes (60738 simplex iterations) in 1.30 seconds
Thread count was 20 (of 20 available processors)

Solution count 2: -4685.56 0 
Pool objective bound -4715.68

Optimal solution found (tolerance 5.00e-02)
Best objective -4.685555110000e+03, best bound -4.715675432270e+03, gap 0.6428%
Changed value of parameter MIPGap to 0.05
   Prev: 0.0001  Min: 0.0  Max: 1e+100  Default: 0.0001
Changed value of parameter TimeLimit to 1800.0
   Prev: 1e+100  Min: 0.0  Max: 1e+100  Default: 1e+100
Changed value of parameter Method to 2
   Prev: -1  Min: -1  Max: 4  Default: -1
Changed value of parameter MIPFocus to 1
   Prev: 0  Min: 0  Max: 3  Default: 0
Optimize a model with 10760 rows, 56430 columns and 112860 nonzeros
Variable types: 0 continuous, 56430 integer (56430 binary)
Coefficient statistics:
  Matrix range     [1e+00, 2e+01]
  Objective range  [1e+00, 1e+00]
  Bounds range     [1e+00, 1e+00]
  RHS range        [8e+01, 8e+01]
Found heuristic solution: objective 0
Presolve time: 0.17s
Presolved: 10760 rows, 56430 columns, 112860 nonzeros
Variable types: 0 continuous, 56430 integer (56430 binary)
Presolved: 10760 rows, 56430 columns, 112860 nonzeros

Root barrier log...

Ordering time: 0.01s

Barrier statistics:
 AA' NZ     : 5.643e+04
 Factor NZ  : 2.370e+05 (roughly 30 MBytes of memory)
 Factor Ops : 3.824e+07 (less than 1 second per iteration)
 Threads    : 1

                  Objective                Residual
Iter       Primal          Dual         Primal    Dual     Compl     Time
   0  -2.34775198e+04 -4.77209838e+04  8.23e+01 2.22e-16  3.06e+00     0s
   1  -9.48461588e+03 -3.50213783e+04  1.91e+01 7.22e-16  7.44e-01     0s
   2  -5.58083532e+03 -1.75199218e+04  3.47e+00 1.11e-15  1.65e-01     0s
   3  -4.65889520e+03 -7.49951865e+03  1.90e-01 1.55e-15  2.65e-02     0s
   4  -4.70175045e+03 -5.20004712e+03  2.36e-02 8.88e-16  4.50e-03     0s
   5  -4.70980523e+03 -4.97026347e+03  1.27e-02 7.35e-16  2.35e-03     0s
   6  -4.71377419e+03 -4.80214775e+03  7.89e-03 6.66e-16  8.11e-04     0s
   7  -4.71647748e+03 -4.74353497e+03  5.01e-03 6.66e-16  2.58e-04     0s
   8  -4.71933514e+03 -4.72983826e+03  1.95e-03 6.38e-16  1.00e-04     0s
   9  -4.72052425e+03 -4.72276251e+03  7.51e-04 5.75e-16  2.27e-05     0s
  10  -4.72119590e+03 -4.72169713e+03  1.19e-04 6.83e-16  4.89e-06     1s
  11  -4.72127544e+03 -4.72144615e+03  4.81e-05 6.66e-16  1.69e-06     1s
  12  -4.72131415e+03 -4.72135282e+03  1.44e-05 6.66e-16  3.97e-07     1s
  13  -4.72132362e+03 -4.72133377e+03  6.21e-06 6.26e-16  1.14e-07     1s
  14  -4.72133092e+03 -4.72133112e+03  1.16e-08 5.16e-16  1.85e-09     1s
  15  -4.72133094e+03 -4.72133094e+03  1.59e-14 6.66e-16  1.85e-12     1s

Barrier solved model in 15 iterations and 0.61 seconds
Optimal objective -4.72133094e+03


Root relaxation: objective -4.721331e+03, 45826 iterations, 0.70 seconds

    Nodes    |    Current Node    |     Objective Bounds      |     Work
 Expl Unexpl |  Obj  Depth IntInf | Incumbent    BestBd   Gap | It/Node Time

     0     0 -4721.3309    0  242    0.00000 -4721.3309      -     -    1s
H    0     0                    -4688.067780 -4721.3309  0.71%     -    1s

Explored 0 nodes (60670 simplex iterations) in 1.40 seconds
Thread count was 20 (of 20 available processors)

Solution count 2: -4688.07 0 
Pool objective bound -4721.33

Optimal solution found (tolerance 5.00e-02)
Best objective -4.688067780000e+03, best bound -4.721330942799e+03, gap 0.7095%
Changed value of parameter MIPGap to 0.05
   Prev: 0.0001  Min: 0.0  Max: 1e+100  Default: 0.0001
Changed value of parameter TimeLimit to 1800.0
   Prev: 1e+100  Min: 0.0  Max: 1e+100  Default: 1e+100
Changed value of parameter Method to 2
   Prev: -1  Min: -1  Max: 4  Default: -1
Changed value of parameter MIPFocus to 1
   Prev: 0  Min: 0  Max: 3  Default: 0
Optimize a model with 10760 rows, 56430 columns and 112860 nonzeros
Variable types: 0 continuous, 56430 integer (56430 binary)
Coefficient statistics:
  Matrix range     [1e+00, 2e+01]
  Objective range  [1e+00, 1e+00]
  Bounds range     [1e+00, 1e+00]
  RHS range        [8e+01, 8e+01]
Found heuristic solution: objective 0
Presolve time: 0.16s
Presolved: 10760 rows, 56430 columns, 112860 nonzeros
Variable types: 0 continuous, 56430 integer (56430 binary)
Presolved: 10760 rows, 56430 columns, 112860 nonzeros

Root barrier log...

Ordering time: 0.01s

Barrier statistics:
 AA' NZ     : 5.643e+04
 Factor NZ  : 2.370e+05 (roughly 30 MBytes of memory)
 Factor Ops : 3.824e+07 (less than 1 second per iteration)
 Threads    : 1

                  Objective                Residual
Iter       Primal          Dual         Primal    Dual     Compl     Time
   0  -2.35541174e+04 -4.77295423e+04  8.23e+01 2.22e-16  3.05e+00     0s
   1  -9.51827264e+03 -3.50338164e+04  1.91e+01 6.66e-16  7.45e-01     0s
   2  -5.59982936e+03 -1.75341908e+04  3.48e+00 9.99e-16  1.66e-01     0s
   3  -4.67060862e+03 -7.51400148e+03  1.91e-01 1.33e-15  2.66e-02     0s
   4  -4.71335694e+03 -5.20869864e+03  2.25e-02 8.88e-16  4.47e-03     0s
   5  -4.72129521e+03 -4.97811769e+03  1.20e-02 5.60e-16  2.32e-03     0s
   6  -4.72572764e+03 -4.81400769e+03  6.81e-03 5.41e-16  8.06e-04     0s
   7  -4.72838879e+03 -4.76313788e+03  4.10e-03 6.13e-16  3.23e-04     0s
   8  -4.73027990e+03 -4.74242189e+03  2.22e-03 7.19e-16  1.16e-04     0s
   9  -4.73183646e+03 -4.73492367e+03  7.97e-04 7.73e-16  3.04e-05     0s
  10  -4.73232555e+03 -4.73302248e+03  3.09e-04 5.63e-16  7.36e-06     0s
  11  -4.73255586e+03 -4.73278502e+03  8.24e-05 6.66e-16  2.34e-06     1s
  12  -4.73261140e+03 -4.73268669e+03  2.89e-05 6.40e-16  7.78e-07     1s
  13  -4.73264093e+03 -4.73265289e+03  7.48e-07 6.27e-16  1.08e-07     1s
  14  -4.73264196e+03 -4.73264198e+03  3.45e-09 6.09e-16  2.38e-10     1s

Barrier solved model in 14 iterations and 0.58 seconds
Optimal objective -4.73264196e+03


Root relaxation: objective -4.732642e+03, 45935 iterations, 0.68 seconds

    Nodes    |    Current Node    |     Objective Bounds      |     Work
 Expl Unexpl |  Obj  Depth IntInf | Incumbent    BestBd   Gap | It/Node Time

     0     0 -4732.6420    0  259    0.00000 -4732.6420      -     -    1s
H    0     0                    -4699.181280 -4732.6420  0.71%     -    1s

Explored 0 nodes (60841 simplex iterations) in 1.39 seconds
Thread count was 20 (of 20 available processors)

Solution count 2: -4699.18 0 
Pool objective bound -4732.64

Optimal solution found (tolerance 5.00e-02)
Best objective -4.699181280000e+03, best bound -4.732641963857e+03, gap 0.7121%
Changed value of parameter MIPGap to 0.05
   Prev: 0.0001  Min: 0.0  Max: 1e+100  Default: 0.0001
Changed value of parameter TimeLimit to 1800.0
   Prev: 1e+100  Min: 0.0  Max: 1e+100  Default: 1e+100
Changed value of parameter Method to 2
   Prev: -1  Min: -1  Max: 4  Default: -1
Changed value of parameter MIPFocus to 1
   Prev: 0  Min: 0  Max: 3  Default: 0
Optimize a model with 10760 rows, 56430 columns and 112860 nonzeros
Variable types: 0 continuous, 56430 integer (56430 binary)
Coefficient statistics:
  Matrix range     [1e+00, 2e+01]
  Objective range  [1e+00, 1e+00]
  Bounds range     [1e+00, 1e+00]
  RHS range        [8e+01, 8e+01]
Found heuristic solution: objective 0
Presolve time: 0.16s
Presolved: 10760 rows, 56430 columns, 112860 nonzeros
Variable types: 0 continuous, 56430 integer (56430 binary)
Presolved: 10760 rows, 56430 columns, 112860 nonzeros

Root barrier log...

Ordering time: 0.01s

Barrier statistics:
 AA' NZ     : 5.643e+04
 Factor NZ  : 2.370e+05 (roughly 30 MBytes of memory)
 Factor Ops : 3.824e+07 (less than 1 second per iteration)
 Threads    : 1

                  Objective                Residual
Iter       Primal          Dual         Primal    Dual     Compl     Time
   0  -2.35924187e+04 -4.77480831e+04  8.23e+01 2.22e-16  3.06e+00     0s
   1  -9.53474591e+03 -3.50498607e+04  1.91e+01 6.66e-16  7.45e-01     0s
   2  -5.60903648e+03 -1.75453417e+04  3.49e+00 8.88e-16  1.66e-01     0s
   3  -4.67676033e+03 -7.52116318e+03  1.93e-01 1.33e-15  2.66e-02     0s
   4  -4.71908431e+03 -5.21384240e+03  2.25e-02 6.56e-16  4.47e-03     0s
   5  -4.72716158e+03 -4.98265597e+03  1.18e-02 7.34e-16  2.30e-03     0s
   6  -4.73143362e+03 -4.81920221e+03  6.75e-03 4.44e-16  8.01e-04     0s
   7  -4.73410521e+03 -4.76868544e+03  4.02e-03 8.88e-16  3.21e-04     0s
   8  -4.73598234e+03 -4.74857532e+03  2.16e-03 6.24e-16  1.20e-04     0s
   9  -4.73739982e+03 -4.74110160e+03  9.07e-04 5.92e-16  3.62e-05     0s
  10  -4.73792573e+03 -4.73877967e+03  3.70e-04 1.33e-15  8.99e-06     0s
  11  -4.73814231e+03 -4.73847651e+03  1.53e-04 5.81e-16  3.55e-06     1s
  12  -4.73824845e+03 -4.73836424e+03  4.77e-05 7.23e-16  1.21e-06     1s
  13  -4.73828751e+03 -4.73831847e+03  9.38e-06 6.66e-16  3.10e-07     1s
  14  -4.73829703e+03 -4.73829789e+03  3.83e-07 6.94e-16  9.08e-09     1s
  15  -4.73829747e+03 -4.73829747e+03  1.30e-14 7.03e-16  9.07e-12     1s

Barrier solved model in 15 iterations and 0.60 seconds
Optimal objective -4.73829747e+03


Root relaxation: objective -4.738297e+03, 45806 iterations, 0.70 seconds

    Nodes    |    Current Node    |     Objective Bounds      |     Work
 Expl Unexpl |  Obj  Depth IntInf | Incumbent    BestBd   Gap | It/Node Time

     0     0 -4738.2975    0  322    0.00000 -4738.2975      -     -    1s
H    0     0                    -4699.636100 -4738.2975  0.82%     -    1s

Explored 0 nodes (56771 simplex iterations) in 1.32 seconds
Thread count was 20 (of 20 available processors)

Solution count 2: -4699.64 0 
Pool objective bound -4738.3

Optimal solution found (tolerance 5.00e-02)
Best objective -4.699636100000e+03, best bound -4.738297474386e+03, gap 0.8226%
Changed value of parameter MIPGap to 0.05
   Prev: 0.0001  Min: 0.0  Max: 1e+100  Default: 0.0001
Changed value of parameter TimeLimit to 1800.0
   Prev: 1e+100  Min: 0.0  Max: 1e+100  Default: 1e+100
Changed value of parameter Method to 2
   Prev: -1  Min: -1  Max: 4  Default: -1
Changed value of parameter MIPFocus to 1
   Prev: 0  Min: 0  Max: 3  Default: 0
Optimize a model with 10760 rows, 56430 columns and 112860 nonzeros
Variable types: 0 continuous, 56430 integer (56430 binary)
Coefficient statistics:
  Matrix range     [1e+00, 2e+01]
  Objective range  [1e+00, 1e+00]
  Bounds range     [1e+00, 1e+00]
  RHS range        [8e+01, 8e+01]
Found heuristic solution: objective 0
Presolve time: 0.16s
Presolved: 10760 rows, 56430 columns, 112860 nonzeros
Variable types: 0 continuous, 56430 integer (56430 binary)
Presolved: 10760 rows, 56430 columns, 112860 nonzeros

Root barrier log...

Ordering time: 0.01s

Barrier statistics:
 AA' NZ     : 5.643e+04
 Factor NZ  : 2.370e+05 (roughly 30 MBytes of memory)
 Factor Ops : 3.824e+07 (less than 1 second per iteration)
 Threads    : 1

                  Objective                Residual
Iter       Primal          Dual         Primal    Dual     Compl     Time
   0  -2.37839241e+04 -4.78407874e+04  8.23e+01 0.00e+00  3.06e+00     0s
   1  -9.61727693e+03 -3.51300998e+04  1.92e+01 8.88e-16  7.47e-01     0s
   2  -5.65515783e+03 -1.76011985e+04  3.53e+00 8.88e-16  1.67e-01     0s
   3  -4.70384685e+03 -7.55584400e+03  1.90e-01 1.33e-15  2.67e-02     0s
   4  -4.74740740e+03 -5.24440963e+03  2.14e-02 1.55e-15  4.48e-03     0s
   5  -4.75664629e+03 -5.00625172e+03  9.65e-03 6.66e-16  2.24e-03     0s
   6  -4.76004510e+03 -4.84351314e+03  5.93e-03 5.21e-16  7.60e-04     0s
   7  -4.76298475e+03 -4.80417353e+03  3.20e-03 6.58e-16  3.76e-04     0s
   8  -4.76418477e+03 -4.78221595e+03  2.08e-03 6.66e-16  1.67e-04     0s
   9  -4.76518787e+03 -4.77240619e+03  1.19e-03 6.12e-16  6.84e-05     0s
  10  -4.76613111e+03 -4.76818870e+03  3.65e-04 6.30e-16  1.96e-05     0s
  11  -4.76637154e+03 -4.76696826e+03  1.64e-04 8.31e-16  5.91e-06     1s
  12  -4.76651804e+03 -4.76666206e+03  4.57e-05 8.10e-16  1.45e-06     1s
  13  -4.76657242e+03 -4.76659911e+03  1.70e-06 6.74e-16  2.42e-07     1s
  14  -4.76657501e+03 -4.76657504e+03  7.79e-09 6.40e-16  2.79e-10     1s

Barrier solved model in 14 iterations and 0.57 seconds
Optimal objective -4.76657501e+03


Root relaxation: objective -4.766575e+03, 45927 iterations, 0.68 seconds

    Nodes    |    Current Node    |     Objective Bounds      |     Work
 Expl Unexpl |  Obj  Depth IntInf | Incumbent    BestBd   Gap | It/Node Time

     0     0 -4766.5750    0  224    0.00000 -4766.5750      -     -    1s
H    0     0                    -4736.670800 -4766.5750  0.63%     -    1s

Explored 0 nodes (60871 simplex iterations) in 1.33 seconds
Thread count was 20 (of 20 available processors)

Solution count 2: -4736.67 0 
Pool objective bound -4766.58

Optimal solution found (tolerance 5.00e-02)
Best objective -4.736670800000e+03, best bound -4.766575027032e+03, gap 0.6313%
Changed value of parameter MIPGap to 0.05
   Prev: 0.0001  Min: 0.0  Max: 1e+100  Default: 0.0001
Changed value of parameter TimeLimit to 1800.0
   Prev: 1e+100  Min: 0.0  Max: 1e+100  Default: 1e+100
Changed value of parameter Method to 2
   Prev: -1  Min: -1  Max: 4  Default: -1
Changed value of parameter MIPFocus to 1
   Prev: 0  Min: 0  Max: 3  Default: 0
Optimize a model with 10760 rows, 56430 columns and 112860 nonzeros
Variable types: 0 continuous, 56430 integer (56430 binary)
Coefficient statistics:
  Matrix range     [1e+00, 2e+01]
  Objective range  [1e+00, 1e+00]
  Bounds range     [1e+00, 1e+00]
  RHS range        [8e+01, 8e+01]
Found heuristic solution: objective 0
Presolve time: 0.16s
Presolved: 10760 rows, 56430 columns, 112860 nonzeros
Variable types: 0 continuous, 56430 integer (56430 binary)
Presolved: 10760 rows, 56430 columns, 112860 nonzeros

Root barrier log...

Ordering time: 0.01s

Barrier statistics:
 AA' NZ     : 5.643e+04
 Factor NZ  : 2.370e+05 (roughly 30 MBytes of memory)
 Factor Ops : 3.824e+07 (less than 1 second per iteration)
 Threads    : 1

                  Objective                Residual
Iter       Primal          Dual         Primal    Dual     Compl     Time
   0  -2.41669298e+04 -4.80261958e+04  8.23e+01 0.00e+00  3.07e+00     0s
   1  -9.78314752e+03 -3.52906600e+04  1.93e+01 7.77e-16  7.52e-01     0s
   2  -5.74711696e+03 -1.77134007e+04  3.60e+00 8.88e-16  1.68e-01     0s
   3  -4.75797920e+03 -7.63072386e+03  1.83e-01 1.11e-15  2.68e-02     0s
   4  -4.80425273e+03 -5.28398992e+03  1.77e-02 2.89e-15  4.31e-03     0s
   5  -4.81258141e+03 -5.05350716e+03  8.74e-03 1.33e-15  2.16e-03     0s
   6  -4.81660587e+03 -4.89706702e+03  5.00e-03 6.32e-16  7.30e-04     0s
   7  -4.81926315e+03 -4.85373866e+03  2.88e-03 6.17e-16  3.16e-04     0s
   8  -4.82051970e+03 -4.83891901e+03  1.91e-03 5.79e-16  1.70e-04     0s
   9  -4.82149541e+03 -4.82914989e+03  1.18e-03 5.79e-16  7.22e-05     0s
  10  -4.82228996e+03 -4.82442895e+03  6.00e-04 7.43e-16  2.13e-05     0s
  11  -4.82291131e+03 -4.82336876e+03  1.52e-04 5.48e-16  4.64e-06     1s
  12  -4.82311380e+03 -4.82320217e+03  9.98e-06 6.89e-16  8.20e-07     1s
  13  -4.82312986e+03 -4.82313115e+03  1.37e-07 8.88e-16  1.19e-08     1s
  14  -4.82313013e+03 -4.82313013e+03  5.01e-13 8.09e-16  5.01e-14     1s

Barrier solved model in 14 iterations and 0.57 seconds
Optimal objective -4.82313013e+03


Root relaxation: objective -4.823130e+03, 45761 iterations, 0.68 seconds

    Nodes    |    Current Node    |     Objective Bounds      |     Work
 Expl Unexpl |  Obj  Depth IntInf | Incumbent    BestBd   Gap | It/Node Time

     0     0 -4823.1301    0  354    0.00000 -4823.1301      -     -    1s
H    0     0                    -4782.469800 -4823.1301  0.85%     -    1s

Explored 0 nodes (55312 simplex iterations) in 1.30 seconds
Thread count was 20 (of 20 available processors)

Solution count 2: -4782.47 0 
Pool objective bound -4823.13

Optimal solution found (tolerance 5.00e-02)
Best objective -4.782469800000e+03, best bound -4.823130132324e+03, gap 0.8502%
Changed value of parameter MIPGap to 0.05
   Prev: 0.0001  Min: 0.0  Max: 1e+100  Default: 0.0001
Changed value of parameter TimeLimit to 1800.0
   Prev: 1e+100  Min: 0.0  Max: 1e+100  Default: 1e+100
Changed value of parameter Method to 2
   Prev: -1  Min: -1  Max: 4  Default: -1
Changed value of parameter MIPFocus to 1
   Prev: 0  Min: 0  Max: 3  Default: 0
Optimize a model with 10760 rows, 56430 columns and 112860 nonzeros
Variable types: 0 continuous, 56430 integer (56430 binary)
Coefficient statistics:
  Matrix range     [1e+00, 2e+01]
  Objective range  [1e+00, 1e+00]
  Bounds range     [1e+00, 1e+00]
  RHS range        [8e+01, 8e+01]
Found heuristic solution: objective 0
Presolve time: 0.16s
Presolved: 10760 rows, 56430 columns, 112860 nonzeros
Variable types: 0 continuous, 56430 integer (56430 binary)
Presolved: 10760 rows, 56430 columns, 112860 nonzeros

Root barrier log...

Ordering time: 0.01s

Barrier statistics:
 AA' NZ     : 5.643e+04
 Factor NZ  : 2.370e+05 (roughly 30 MBytes of memory)
 Factor Ops : 3.824e+07 (less than 1 second per iteration)
 Threads    : 1

                  Objective                Residual
Iter       Primal          Dual         Primal    Dual     Compl     Time
   0  -2.49329211e+04 -4.83970128e+04  8.23e+01 0.00e+00  3.08e+00     0s
   1  -1.01179929e+04 -3.56120678e+04  1.95e+01 7.77e-16  7.61e-01     0s
   2  -5.93798919e+03 -1.79344907e+04  3.76e+00 9.44e-16  1.72e-01     0s
   3  -4.86745209e+03 -7.78631871e+03  1.70e-01 1.11e-15  2.71e-02     0s
   4  -4.91319044e+03 -5.45460452e+03  2.60e-02 8.88e-16  4.90e-03     0s
   5  -4.92284547e+03 -5.16702931e+03  1.39e-02 6.66e-16  2.22e-03     0s
   6  -4.92773930e+03 -5.02788556e+03  8.40e-03 5.79e-16  9.19e-04     0s
   7  -4.93134367e+03 -4.95950740e+03  4.66e-03 5.18e-16  2.67e-04     0s
   8  -4.93286126e+03 -4.94986330e+03  3.20e-03 6.75e-16  1.63e-04     0s
   9  -4.93414137e+03 -4.94172121e+03  2.07e-03 6.91e-16  7.53e-05     0s
  10  -4.93512343e+03 -4.93759860e+03  1.13e-03 6.66e-16  2.64e-05     0s
  11  -4.93559727e+03 -4.93681745e+03  6.74e-04 5.54e-16  1.35e-05     1s
  12  -4.93578074e+03 -4.93655900e+03  5.01e-04 5.27e-16  8.89e-06     1s
  13  -4.93604752e+03 -4.93649085e+03  2.49e-04 6.76e-16  4.92e-06     1s
  14  -4.93629408e+03 -4.93640333e+03  1.69e-05 7.52e-16  1.03e-06     1s
  15  -4.93631475e+03 -4.93632127e+03  3.99e-07 6.66e-16  5.92e-08     1s
  16  -4.93631543e+03 -4.93631544e+03  9.07e-14 7.16e-16  6.02e-11     1s

Barrier solved model in 16 iterations and 0.62 seconds
Optimal objective -4.93631543e+03


Root relaxation: objective -4.936315e+03, 45836 iterations, 0.72 seconds

    Nodes    |    Current Node    |     Objective Bounds      |     Work
 Expl Unexpl |  Obj  Depth IntInf | Incumbent    BestBd   Gap | It/Node Time

     0     0 -4936.3154    0  302    0.00000 -4936.3154      -     -    1s
H    0     0                    -4894.801200 -4936.3154  0.85%     -    1s

Explored 0 nodes (55367 simplex iterations) in 1.37 seconds
Thread count was 20 (of 20 available processors)

Solution count 2: -4894.8 0 
Pool objective bound -4936.32

Optimal solution found (tolerance 5.00e-02)
Best objective -4.894801200000e+03, best bound -4.936315432907e+03, gap 0.8481%
Changed value of parameter MIPGap to 0.05
   Prev: 0.0001  Min: 0.0  Max: 1e+100  Default: 0.0001
Changed value of parameter TimeLimit to 1800.0
   Prev: 1e+100  Min: 0.0  Max: 1e+100  Default: 1e+100
Changed value of parameter Method to 2
   Prev: -1  Min: -1  Max: 4  Default: -1
Changed value of parameter MIPFocus to 1
   Prev: 0  Min: 0  Max: 3  Default: 0
Optimize a model with 10760 rows, 56430 columns and 112860 nonzeros
Variable types: 0 continuous, 56430 integer (56430 binary)
Coefficient statistics:
  Matrix range     [1e+00, 2e+01]
  Objective range  [1e+00, 1e+00]
  Bounds range     [1e+00, 1e+00]
  RHS range        [8e+01, 8e+01]
Found heuristic solution: objective 0
Presolve time: 0.16s
Presolved: 10760 rows, 56430 columns, 112860 nonzeros
Variable types: 0 continuous, 56430 integer (56430 binary)
Presolved: 10760 rows, 56430 columns, 112860 nonzeros

Root barrier log...

Ordering time: 0.01s

Barrier statistics:
 AA' NZ     : 5.643e+04
 Factor NZ  : 2.370e+05 (roughly 30 MBytes of memory)
 Factor Ops : 3.824e+07 (less than 1 second per iteration)
 Threads    : 1

                  Objective                Residual
Iter       Primal          Dual         Primal    Dual     Compl     Time
   0  -2.53159067e+04 -4.85824213e+04  8.23e+01 0.00e+00  3.09e+00     0s
   1  -1.02868929e+04 -3.57728930e+04  1.96e+01 7.77e-16  7.65e-01     0s
   2  -6.05303945e+03 -1.80482294e+04  3.90e+00 1.11e-15  1.75e-01     0s
   3  -4.93213982e+03 -7.70338287e+03  1.77e-01 1.33e-15  2.59e-02     0s
   4  -4.96433661e+03 -5.75774177e+03  2.94e-02 8.88e-16  7.15e-03     0s
   5  -4.97863986e+03 -5.30631011e+03  1.29e-02 7.48e-16  2.95e-03     0s
   6  -4.98425405e+03 -5.10066143e+03  7.14e-03 6.66e-16  1.06e-03     0s
   7  -4.98819019e+03 -5.02672498e+03  3.76e-03 5.84e-16  3.56e-04     0s
   8  -4.98979185e+03 -5.00741389e+03  2.49e-03 5.26e-16  1.66e-04     0s
   9  -4.99089035e+03 -4.99635830e+03  1.69e-03 6.15e-16  5.52e-05     0s
  10  -4.99168868e+03 -4.99449649e+03  1.09e-03 6.66e-16  2.92e-05     0s
  11  -4.99217679e+03 -4.99378419e+03  7.15e-04 6.09e-16  1.71e-05     1s
  12  -4.99277345e+03 -4.99337333e+03  2.30e-04 6.49e-16  6.23e-06     1s
  13  -4.99297714e+03 -4.99317773e+03  6.88e-05 7.25e-16  2.05e-06     1s
  14  -4.99300658e+03 -4.99310778e+03  4.61e-05 6.66e-16  1.08e-06     1s
  15  -4.99306108e+03 -4.99306960e+03  4.69e-06 8.99e-16  9.45e-08     1s
  16  -4.99306738e+03 -4.99306753e+03  1.10e-09 6.66e-16  1.34e-09     1s
  17  -4.99306740e+03 -4.99306740e+03  9.78e-13 7.17e-16  9.48e-12     1s

Barrier solved model in 17 iterations and 0.65 seconds
Optimal objective -4.99306740e+03


Root relaxation: objective -4.993067e+03, 45844 iterations, 0.75 seconds

    Nodes    |    Current Node    |     Objective Bounds      |     Work
 Expl Unexpl |  Obj  Depth IntInf | Incumbent    BestBd   Gap | It/Node Time

     0     0 -4993.0674    0  278    0.00000 -4993.0674      -     -    1s
H    0     0                    -4955.692000 -4993.0674  0.75%     -    1s

Explored 0 nodes (56754 simplex iterations) in 1.38 seconds
Thread count was 20 (of 20 available processors)

Solution count 2: -4955.69 0 
Pool objective bound -4993.07

Optimal solution found (tolerance 5.00e-02)
Best objective -4.955692000000e+03, best bound -4.993067400804e+03, gap 0.7542%
Changed value of parameter MIPGap to 0.05
   Prev: 0.0001  Min: 0.0  Max: 1e+100  Default: 0.0001
Changed value of parameter TimeLimit to 1800.0
   Prev: 1e+100  Min: 0.0  Max: 1e+100  Default: 1e+100
Changed value of parameter Method to 2
   Prev: -1  Min: -1  Max: 4  Default: -1
Changed value of parameter MIPFocus to 1
   Prev: 0  Min: 0  Max: 3  Default: 0
Optimize a model with 10760 rows, 56430 columns and 112860 nonzeros
Variable types: 0 continuous, 56430 integer (56430 binary)
Coefficient statistics:
  Matrix range     [1e+00, 2e+01]
  Objective range  [1e+00, 2e+00]
  Bounds range     [1e+00, 1e+00]
  RHS range        [8e+01, 8e+01]
Found heuristic solution: objective 0
Presolve time: 0.16s
Presolved: 10760 rows, 56430 columns, 112860 nonzeros
Variable types: 0 continuous, 56430 integer (56430 binary)
Presolved: 10760 rows, 56430 columns, 112860 nonzeros

Root barrier log...

Ordering time: 0.01s

Barrier statistics:
 AA' NZ     : 5.643e+04
 Factor NZ  : 2.370e+05 (roughly 30 MBytes of memory)
 Factor Ops : 3.824e+07 (less than 1 second per iteration)
 Threads    : 1

                  Objective                Residual
Iter       Primal          Dual         Primal    Dual     Compl     Time
   0  -2.72324665e+04 -5.70796536e+04  8.23e+01 0.00e+00  3.67e+00     0s
   1  -1.09160094e+04 -4.17940794e+04  1.94e+01 1.11e-15  9.05e-01     0s
   2  -6.42310831e+03 -2.07563321e+04  3.97e+00 1.11e-15  2.08e-01     0s
   3  -5.19766166e+03 -8.63041502e+03  1.69e-01 1.33e-15  3.18e-02     0s
   4  -5.24087849e+03 -5.98469599e+03  1.13e-02 9.26e-16  6.62e-03     0s
   5  -5.26104601e+03 -5.61014560e+03  4.40e-03 7.78e-16  3.10e-03     0s
   6  -5.26730962e+03 -5.40365233e+03  2.65e-03 6.66e-16  1.21e-03     0s
   7  -5.27101255e+03 -5.32543319e+03  1.72e-03 6.66e-16  4.88e-04     0s
   8  -5.27308324e+03 -5.29731023e+03  1.23e-03 6.66e-16  2.19e-04     0s
   9  -5.27484796e+03 -5.28498193e+03  8.35e-04 9.69e-16  9.31e-05     0s
  10  -5.27670249e+03 -5.28067671e+03  4.09e-04 6.66e-16  3.69e-05     0s
  11  -5.27741950e+03 -5.27918934e+03  2.58e-04 5.57e-16  1.68e-05     1s
  12  -5.27805644e+03 -5.27888003e+03  1.13e-04 4.97e-16  7.76e-06     1s
  13  -5.27819436e+03 -5.27868699e+03  8.15e-05 8.88e-16  4.71e-06     1s
  14  -5.27828314e+03 -5.27860397e+03  6.14e-05 6.66e-16  3.10e-06     1s
  15  -5.27855108e+03 -5.27856575e+03  1.05e-06 6.68e-16  1.34e-07     1s
  16  -5.27855714e+03 -5.27855715e+03  1.54e-13 8.88e-16  1.37e-10     1s

Barrier solved model in 16 iterations and 0.63 seconds
Optimal objective -5.27855714e+03


Root relaxation: objective -5.278557e+03, 45819 iterations, 0.73 seconds

    Nodes    |    Current Node    |     Objective Bounds      |     Work
 Expl Unexpl |  Obj  Depth IntInf | Incumbent    BestBd   Gap | It/Node Time

     0     0 -5278.5571    0  243    0.00000 -5278.5571      -     -    1s
H    0     0                    -5237.330000 -5278.5571  0.79%     -    1s

Explored 0 nodes (60682 simplex iterations) in 1.34 seconds
Thread count was 20 (of 20 available processors)

Solution count 2: -5237.33 0 
Pool objective bound -5278.56

Optimal solution found (tolerance 5.00e-02)
Best objective -5.237330000000e+03, best bound -5.278557144462e+03, gap 0.7872%
Changed value of parameter MIPGap to 0.05
   Prev: 0.0001  Min: 0.0  Max: 1e+100  Default: 0.0001
Changed value of parameter TimeLimit to 1800.0
   Prev: 1e+100  Min: 0.0  Max: 1e+100  Default: 1e+100
Changed value of parameter Method to 2
   Prev: -1  Min: -1  Max: 4  Default: -1
Changed value of parameter MIPFocus to 1
   Prev: 0  Min: 0  Max: 3  Default: 0
Optimize a model with 10760 rows, 56430 columns and 112860 nonzeros
Variable types: 0 continuous, 56430 integer (56430 binary)
Coefficient statistics:
  Matrix range     [1e+00, 2e+01]
  Objective range  [1e+00, 3e+00]
  Bounds range     [1e+00, 1e+00]
  RHS range        [8e+01, 8e+01]
Found heuristic solution: objective 0
Presolve time: 0.16s
Presolved: 10760 rows, 56430 columns, 112860 nonzeros
Variable types: 0 continuous, 56430 integer (56430 binary)
Presolved: 10760 rows, 56430 columns, 112860 nonzeros

Root barrier log...

Ordering time: 0.01s

Barrier statistics:
 AA' NZ     : 5.643e+04
 Factor NZ  : 2.370e+05 (roughly 30 MBytes of memory)
 Factor Ops : 3.824e+07 (less than 1 second per iteration)
 Threads    : 1

                  Objective                Residual
Iter       Primal          Dual         Primal    Dual     Compl     Time
   0  -3.10675374e+04 -9.01572827e+04  8.23e+01 0.00e+00  5.99e+00     0s
   1  -1.20380936e+04 -6.49568410e+04  1.89e+01 1.33e-15  1.44e+00     0s
   2  -6.97095809e+03 -3.07326466e+04  3.54e+00 1.33e-15  3.23e-01     0s
   3  -5.71354270e+03 -9.83928438e+03  4.83e-02 1.55e-15  3.69e-02     0s
   4  -5.81654702e+03 -6.32453060e+03  5.50e-03 8.88e-16  4.51e-03     0s
   5  -5.83707419e+03 -6.06740265e+03  3.04e-03 8.88e-16  2.05e-03     0s
   6  -5.84492256e+03 -5.94570093e+03  2.25e-03 8.88e-16  9.01e-04     0s
   7  -5.85161162e+03 -5.90551680e+03  1.62e-03 8.88e-16  4.84e-04     0s
   8  -5.85518250e+03 -5.88729203e+03  1.27e-03 8.88e-16  2.90e-04     0s
   9  -5.85899483e+03 -5.87658264e+03  9.12e-04 9.76e-16  1.60e-04     0s
  10  -5.86243888e+03 -5.87158943e+03  5.80e-04 8.88e-16  8.37e-05     0s
  11  -5.86443294e+03 -5.86933952e+03  3.92e-04 8.88e-16  4.53e-05     1s
  12  -5.86478567e+03 -5.86909261e+03  3.56e-04 8.88e-16  3.98e-05     1s
  13  -5.86636469e+03 -5.86870547e+03  1.93e-04 8.88e-16  2.16e-05     1s
  14  -5.86713112e+03 -5.86848840e+03  1.16e-04 8.88e-16  1.26e-05     1s
  15  -5.86798530e+03 -5.86837091e+03  3.04e-05 8.88e-16  3.56e-06     1s
  16  -5.86828276e+03 -5.86832190e+03  9.31e-07 8.88e-16  3.50e-07     1s
  17  -5.86829539e+03 -5.86829553e+03  6.50e-12 8.88e-16  1.16e-09     1s
  18  -5.86829541e+03 -5.86829541e+03  1.11e-11 8.88e-16  1.97e-14     1s

Barrier solved model in 18 iterations and 0.67 seconds
Optimal objective -5.86829541e+03


Root relaxation: objective -5.868295e+03, 46017 iterations, 0.87 seconds

    Nodes    |    Current Node    |     Objective Bounds      |     Work
 Expl Unexpl |  Obj  Depth IntInf | Incumbent    BestBd   Gap | It/Node Time

     0     0 -5868.2954    0  453    0.00000 -5868.2954      -     -    1s
H    0     0                    -5798.222000 -5868.2954  1.21%     -    1s

Explored 0 nodes (54368 simplex iterations) in 1.46 seconds
Thread count was 20 (of 20 available processors)

Solution count 2: -5798.22 0 
Pool objective bound -5868.3

Optimal solution found (tolerance 5.00e-02)
Best objective -5.798222000000e+03, best bound -5.868295413605e+03, gap 1.2085%
Changed value of parameter MIPGap to 0.05
   Prev: 0.0001  Min: 0.0  Max: 1e+100  Default: 0.0001
Changed value of parameter TimeLimit to 1800.0
   Prev: 1e+100  Min: 0.0  Max: 1e+100  Default: 1e+100
Changed value of parameter Method to 2
   Prev: -1  Min: -1  Max: 4  Default: -1
Changed value of parameter MIPFocus to 1
   Prev: 0  Min: 0  Max: 3  Default: 0
Optimize a model with 10760 rows, 56430 columns and 112860 nonzeros
Variable types: 0 continuous, 56430 integer (56430 binary)
Coefficient statistics:
  Matrix range     [1e+00, 2e+01]
  Objective range  [1e+00, 5e+00]
  Bounds range     [1e+00, 1e+00]
  RHS range        [8e+01, 8e+01]
Found heuristic solution: objective 0
Presolve time: 0.16s
Presolved: 10760 rows, 56430 columns, 112860 nonzeros
Variable types: 0 continuous, 56430 integer (56430 binary)
Presolved: 10760 rows, 56430 columns, 112860 nonzeros

Root barrier log...

Ordering time: 0.01s

Barrier statistics:
 AA' NZ     : 5.643e+04
 Factor NZ  : 2.370e+05 (roughly 30 MBytes of memory)
 Factor Ops : 3.824e+07 (less than 1 second per iteration)
 Threads    : 1

                  Objective                Residual
Iter       Primal          Dual         Primal    Dual     Compl     Time
   0  -3.87353579e+04 -1.56312541e+05  8.23e+01 4.44e-16  1.06e+01     0s
   1  -1.45359509e+04 -1.11550471e+05  1.85e+01 2.66e-15  2.52e+00     0s
   2  -8.08295898e+03 -5.03174492e+04  2.75e+00 2.66e-15  5.23e-01     0s
   3  -6.87096807e+03 -1.48515261e+04  6.07e-03 4.00e-15  7.05e-02     0s
   4  -6.97864855e+03 -8.40241597e+03  1.13e-03 1.78e-15  1.26e-02     0s
   5  -7.01592473e+03 -7.83525254e+03  8.03e-04 1.15e-15  7.24e-03     0s
   6  -7.04710245e+03 -7.45358793e+03  5.53e-04 1.12e-15  3.59e-03     0s
   7  -7.07302398e+03 -7.22932956e+03  3.61e-04 1.78e-15  1.38e-03     0s
   8  -7.07855291e+03 -7.19694217e+03  3.19e-04 1.78e-15  1.05e-03     0s
   9  -7.09249311e+03 -7.16460570e+03  2.25e-04 9.55e-16  6.39e-04     0s
  10  -7.09416473e+03 -7.15999226e+03  2.16e-04 1.78e-15  5.83e-04     0s
  11  -7.09912782e+03 -7.14882553e+03  1.76e-04 1.78e-15  4.40e-04     1s
  12  -7.10197955e+03 -7.14163041e+03  1.55e-04 1.01e-15  3.52e-04     1s
  13  -7.10561301e+03 -7.13384305e+03  1.29e-04 8.88e-16  2.51e-04     1s
  14  -7.10887432e+03 -7.13093488e+03  1.05e-04 8.88e-16  1.96e-04     1s
  15  -7.11136314e+03 -7.12853070e+03  8.74e-05 8.88e-16  1.52e-04     1s
  16  -7.11447107e+03 -7.12697510e+03  6.96e-05 8.88e-16  1.11e-04     1s
  17  -7.11605777e+03 -7.12636374e+03  5.90e-05 8.88e-16  9.16e-05     1s
  18  -7.11707495e+03 -7.12542900e+03  5.14e-05 1.78e-15  7.43e-05     1s
  19  -7.11888163e+03 -7.12515095e+03  3.79e-05 1.78e-15  5.57e-05     1s
  20  -7.12002997e+03 -7.12475308e+03  2.93e-05 8.88e-16  4.20e-05     1s
  21  -7.12098868e+03 -7.12440853e+03  2.38e-05 1.78e-15  3.04e-05     1s
  22  -7.12171800e+03 -7.12420490e+03  1.92e-05 8.88e-16  2.21e-05     1s
  23  -7.12198649e+03 -7.12416615e+03  1.74e-05 8.88e-16  1.94e-05     1s
  24  -7.12246718e+03 -7.12416409e+03  1.32e-05 1.78e-15  1.51e-05     1s
  25  -7.12259647e+03 -7.12412546e+03  1.21e-05 8.88e-16  1.36e-05     1s
  26  -7.12337576e+03 -7.12408341e+03  5.45e-06 1.78e-15  6.30e-06     1s
  27  -7.12352929e+03 -7.12407574e+03  4.27e-06 1.78e-15  4.86e-06     1s
  28  -7.12401203e+03 -7.12404428e+03  2.06e-08 1.78e-15  2.85e-07     1s
  29  -7.12402209e+03 -7.12402222e+03  2.00e-13 1.78e-15  1.08e-09     1s
  30  -7.12402211e+03 -7.12402211e+03  3.90e-12 1.78e-15  4.14e-15     1s

Barrier solved model in 30 iterations and 0.94 seconds
Optimal objective -7.12402211e+03


Root relaxation: objective -7.124022e+03, 43426 iterations, 1.02 seconds

    Nodes    |    Current Node    |     Objective Bounds      |     Work
 Expl Unexpl |  Obj  Depth IntInf | Incumbent    BestBd   Gap | It/Node Time

     0     0 -7124.0221    0  378    0.00000 -7124.0221      -     -    1s
H    0     0                    -7036.556000 -7124.0221  1.24%     -    1s

Explored 0 nodes (58819 simplex iterations) in 1.73 seconds
Thread count was 20 (of 20 available processors)

Solution count 2: -7036.56 0 
Pool objective bound -7124.02

Optimal solution found (tolerance 5.00e-02)
Best objective -7.036556000000e+03, best bound -7.124022106329e+03, gap 1.2430%
Changed value of parameter MIPGap to 0.05
   Prev: 0.0001  Min: 0.0  Max: 1e+100  Default: 0.0001
Changed value of parameter TimeLimit to 1800.0
   Prev: 1e+100  Min: 0.0  Max: 1e+100  Default: 1e+100
Changed value of parameter Method to 2
   Prev: -1  Min: -1  Max: 4  Default: -1
Changed value of parameter MIPFocus to 1
   Prev: 0  Min: 0  Max: 3  Default: 0
Optimize a model with 10760 rows, 56430 columns and 112860 nonzeros
Variable types: 0 continuous, 56430 integer (56430 binary)
Coefficient statistics:
  Matrix range     [1e+00, 2e+01]
  Objective range  [1e+00, 5e+00]
  Bounds range     [1e+00, 1e+00]
  RHS range        [8e+01, 8e+01]
Found heuristic solution: objective 0
Presolve time: 0.16s
Presolved: 10760 rows, 56430 columns, 112860 nonzeros
Variable types: 0 continuous, 56430 integer (56430 binary)
Presolved: 10760 rows, 56430 columns, 112860 nonzeros

Root barrier log...

Ordering time: 0.01s

Barrier statistics:
 AA' NZ     : 5.643e+04
 Factor NZ  : 2.370e+05 (roughly 30 MBytes of memory)
 Factor Ops : 3.824e+07 (less than 1 second per iteration)
 Threads    : 1

                  Objective                Residual
Iter       Primal          Dual         Primal    Dual     Compl     Time
   0  -4.25689384e+04 -1.89390170e+05  8.23e+01 6.66e-16  1.29e+01     0s
   1  -1.58987737e+04 -1.34877272e+05  1.85e+01 2.66e-15  3.08e+00     0s
   2  -8.40870821e+03 -5.67541814e+04  2.03e+00 3.77e-15  5.55e-01     0s
   3  -7.46767308e+03 -2.17489179e+04  7.16e-03 3.55e-15  1.26e-01     0s
   4  -7.60810884e+03 -9.26280719e+03  5.55e-04 1.78e-15  1.46e-02     0s
   5  -7.66518302e+03 -8.39512194e+03  2.69e-04 1.78e-15  6.44e-03     0s
   6  -7.70423410e+03 -7.95146320e+03  1.25e-04 1.78e-15  2.18e-03     0s
   7  -7.72200180e+03 -7.84773297e+03  7.61e-05 1.78e-15  1.11e-03     0s
   8  -7.73146774e+03 -7.80543735e+03  5.25e-05 1.78e-15  6.54e-04     0s
   9  -7.73704758e+03 -7.78483314e+03  3.96e-05 1.78e-15  4.22e-04     0s
  10  -7.73988883e+03 -7.77731678e+03  3.35e-05 1.04e-15  3.31e-04     0s
  11  -7.74213784e+03 -7.77226073e+03  2.84e-05 1.78e-15  2.66e-04     1s
  12  -7.74483971e+03 -7.76699455e+03  2.22e-05 1.78e-15  1.96e-04     1s
  13  -7.74583276e+03 -7.76383020e+03  2.01e-05 1.00e-15  1.59e-04     1s
  14  -7.74820520e+03 -7.76045787e+03  1.52e-05 8.88e-16  1.08e-04     1s
  15  -7.74971247e+03 -7.75905559e+03  1.19e-05 9.37e-16  8.27e-05     1s
  16  -7.75121151e+03 -7.75809673e+03  9.66e-06 1.78e-15  6.10e-05     1s
  17  -7.75220605e+03 -7.75707492e+03  7.65e-06 1.07e-15  4.31e-05     1s
  18  -7.75317206e+03 -7.75650474e+03  6.44e-06 1.78e-15  2.95e-05     1s
  19  -7.75404653e+03 -7.75633210e+03  4.27e-06 8.88e-16  2.03e-05     1s
  20  -7.75439181e+03 -7.75610203e+03  3.42e-06 1.78e-15  1.52e-05     1s
  21  -7.75499247e+03 -7.75606440e+03  2.08e-06 1.78e-15  9.50e-06     1s
  22  -7.75532442e+03 -7.75603470e+03  1.82e-06 8.88e-16  6.30e-06     1s
  23  -7.75556346e+03 -7.75602591e+03  1.17e-06 1.78e-15  4.10e-06     1s
  24  -7.75558770e+03 -7.75602213e+03  1.14e-06 1.78e-15  3.85e-06     1s
  25  -7.75574962e+03 -7.75602112e+03  6.98e-07 1.78e-15  2.41e-06     1s
  26  -7.75582789e+03 -7.75601514e+03  5.76e-07 1.78e-15  1.66e-06     1s
  27  -7.75592722e+03 -7.75601237e+03  2.39e-07 1.78e-15  7.55e-07     1s
  28  -7.75600262e+03 -7.75600614e+03  1.50e-09 1.78e-15  3.12e-08     1s
  29  -7.75600406e+03 -7.75600410e+03  3.10e-12 1.78e-15  3.02e-10     1s

Barrier solved model in 29 iterations and 0.93 seconds
Optimal objective -7.75600406e+03


Root relaxation: objective -7.756004e+03, 44797 iterations, 0.97 seconds

    Nodes    |    Current Node    |     Objective Bounds      |     Work
 Expl Unexpl |  Obj  Depth IntInf | Incumbent    BestBd   Gap | It/Node Time

     0     0 -7756.0041    0  447    0.00000 -7756.0041      -     -    1s
H    0     0                    -7649.345000 -7756.0041  1.39%     -    1s

Explored 0 nodes (57459 simplex iterations) in 1.62 seconds
Thread count was 20 (of 20 available processors)

Solution count 2: -7649.34 0 
Pool objective bound -7756

Optimal solution found (tolerance 5.00e-02)
Best objective -7.649345000000e+03, best bound -7.756000000000e+03, gap 1.3943%
Changed value of parameter MIPGap to 0.05
   Prev: 0.0001  Min: 0.0  Max: 1e+100  Default: 0.0001
Changed value of parameter TimeLimit to 1800.0
   Prev: 1e+100  Min: 0.0  Max: 1e+100  Default: 1e+100
Changed value of parameter Method to 2
   Prev: -1  Min: -1  Max: 4  Default: -1
Changed value of parameter MIPFocus to 1
   Prev: 0  Min: 0  Max: 3  Default: 0
Optimize a model with 10760 rows, 56430 columns and 112860 nonzeros
Variable types: 0 continuous, 56430 integer (56430 binary)
Coefficient statistics:
  Matrix range     [1e+00, 2e+01]
  Objective range  [1e+00, 1e+01]
  Bounds range     [1e+00, 1e+00]
  RHS range        [8e+01, 8e+01]
Found heuristic solution: objective 0
Presolve time: 0.16s
Presolved: 10760 rows, 56430 columns, 112860 nonzeros
Variable types: 0 continuous, 56430 integer (56430 binary)
Presolved: 10760 rows, 56430 columns, 112860 nonzeros

Root barrier log...

Ordering time: 0.01s

Barrier statistics:
 AA' NZ     : 5.643e+04
 Factor NZ  : 2.370e+05 (roughly 30 MBytes of memory)
 Factor Ops : 3.824e+07 (less than 1 second per iteration)
 Threads    : 1

                  Objective                Residual
Iter       Primal          Dual         Primal    Dual     Compl     Time
   0  -6.17360344e+04 -3.54778316e+05  8.23e+01 1.33e-15  2.45e+01     0s
   1  -2.28208096e+04 -2.51511829e+05  1.87e+01 6.22e-15  5.88e+00     0s
   2  -1.17555579e+04 -1.05699863e+05  1.93e+00 5.77e-15  1.06e+00     0s
   3  -1.05268024e+04 -4.37348328e+04  1.96e-02 5.33e-15  2.94e-01     0s
   4  -1.07280805e+04 -1.52218067e+04  1.59e-03 3.55e-15  3.97e-02     0s
   5  -1.08254509e+04 -1.15700074e+04  2.53e-04 3.55e-15  6.58e-03     0s
   6  -1.08863731e+04 -1.12843622e+04  9.23e-05 3.55e-15  3.51e-03     0s
   7  -1.08973398e+04 -1.11222246e+04  7.17e-05 1.98e-15  1.99e-03     0s
   8  -1.09056085e+04 -1.10403844e+04  5.72e-05 3.55e-15  1.19e-03     0s
   9  -1.09127343e+04 -1.10156137e+04  4.55e-05 1.78e-15  9.09e-04     0s
  10  -1.09167143e+04 -1.09886455e+04  3.91e-05 3.55e-15  6.36e-04     0s
  11  -1.09202800e+04 -1.09811104e+04  3.34e-05 3.55e-15  5.38e-04     1s
  12  -1.09240321e+04 -1.09654335e+04  2.75e-05 3.55e-15  3.66e-04     1s
  13  -1.09279641e+04 -1.09596517e+04  2.14e-05 3.55e-15  2.80e-04     1s
  14  -1.09301897e+04 -1.09536120e+04  1.77e-05 3.55e-15  2.07e-04     1s
  15  -1.09320401e+04 -1.09489206e+04  1.45e-05 1.78e-15  1.49e-04     1s
  16  -1.09344999e+04 -1.09463449e+04  1.09e-05 3.55e-15  1.05e-04     1s
  17  -1.09364804e+04 -1.09440056e+04  8.24e-06 3.55e-15  6.66e-05     1s
  18  -1.09377692e+04 -1.09431979e+04  6.15e-06 3.55e-15  4.81e-05     1s
  19  -1.09387746e+04 -1.09428571e+04  4.58e-06 1.78e-15  3.61e-05     1s
  20  -1.09390859e+04 -1.09424886e+04  4.09e-06 1.78e-15  3.01e-05     1s
  21  -1.09397147e+04 -1.09422853e+04  3.11e-06 3.55e-15  2.28e-05     1s
  22  -1.09400905e+04 -1.09420952e+04  2.52e-06 3.55e-15  1.78e-05     1s
  23  -1.09408283e+04 -1.09419019e+04  1.46e-06 1.78e-15  9.52e-06     1s
  24  -1.09411911e+04 -1.09418907e+04  9.15e-07 3.55e-15  6.20e-06     1s
  25  -1.09413762e+04 -1.09418766e+04  6.44e-07 3.55e-15  4.43e-06     1s
  26  -1.09415720e+04 -1.09418690e+04  3.61e-07 3.55e-15  2.63e-06     1s
  27  -1.09418372e+04 -1.09418450e+04  4.32e-09 3.55e-15  6.89e-08     1s
  28  -1.09418418e+04 -1.09418418e+04  2.65e-13 3.55e-15  6.91e-11     1s

Barrier solved model in 28 iterations and 0.89 seconds
Optimal objective -1.09418418e+04


Root relaxation: objective -1.094184e+04, 43415 iterations, 0.98 seconds

    Nodes    |    Current Node    |     Objective Bounds      |     Work
 Expl Unexpl |  Obj  Depth IntInf | Incumbent    BestBd   Gap | It/Node Time

     0     0 -10941.842    0  493    0.00000 -10941.842      -     -    1s
H    0     0                    -10749.47000 -10941.842  1.79%     -    1s

Explored 0 nodes (57406 simplex iterations) in 1.64 seconds
Thread count was 20 (of 20 available processors)

Solution count 2: -10749.5 0 
Pool objective bound -10941.8

Optimal solution found (tolerance 5.00e-02)
Best objective -1.074947000000e+04, best bound -1.094184000000e+04, gap 1.7896%
Changed value of parameter MIPGap to 0.05
   Prev: 0.0001  Min: 0.0  Max: 1e+100  Default: 0.0001
Changed value of parameter TimeLimit to 1800.0
   Prev: 1e+100  Min: 0.0  Max: 1e+100  Default: 1e+100
Changed value of parameter Method to 2
   Prev: -1  Min: -1  Max: 4  Default: -1
Changed value of parameter MIPFocus to 1
   Prev: 0  Min: 0  Max: 3  Default: 0
Optimize a model with 10760 rows, 56430 columns and 112860 nonzeros
Variable types: 0 continuous, 56430 integer (56430 binary)
Coefficient statistics:
  Matrix range     [1e+00, 2e+01]
  Objective range  [1e+00, 2e+01]
  Bounds range     [1e+00, 1e+00]
  RHS range        [8e+01, 8e+01]
Found heuristic solution: objective 0
Presolve time: 0.16s
Presolved: 10760 rows, 56430 columns, 112860 nonzeros
Variable types: 0 continuous, 56430 integer (56430 binary)
Presolved: 10760 rows, 56430 columns, 112860 nonzeros

Root barrier log...

Ordering time: 0.01s

Barrier statistics:
 AA' NZ     : 5.643e+04
 Factor NZ  : 2.370e+05 (roughly 30 MBytes of memory)
 Factor Ops : 3.824e+07 (less than 1 second per iteration)
 Threads    : 1

                  Objective                Residual
Iter       Primal          Dual         Primal    Dual     Compl     Time
   0  -1.00069328e+05 -6.85554607e+05  8.23e+01 2.66e-15  4.77e+01     0s
   1  -3.67405928e+04 -4.84814118e+05  1.89e+01 1.07e-14  1.15e+01     0s
   2  -1.86761471e+04 -2.03138785e+05  1.98e+00 9.77e-15  2.08e+00     0s
   3  -1.69174820e+04 -1.01255382e+05  1.98e-01 1.07e-14  7.68e-01     0s
   4  -1.70447455e+04 -2.69903691e+04  1.15e-03 7.77e-15  8.78e-02     0s
   5  -1.73129792e+04 -2.15712027e+04  2.89e-04 7.11e-15  3.76e-02     0s
   6  -1.74876568e+04 -2.00928368e+04  1.55e-04 7.11e-15  2.30e-02     0s
   7  -1.75490679e+04 -1.93819275e+04  1.19e-04 7.11e-15  1.62e-02     0s
   8  -1.75913598e+04 -1.89366724e+04  1.00e-04 3.55e-15  1.19e-02     0s
   9  -1.76389455e+04 -1.85969322e+04  8.18e-05 3.55e-15  8.46e-03     0s
  10  -1.76615152e+04 -1.85217439e+04  7.35e-05 3.81e-15  7.59e-03     0s
  11  -1.76854903e+04 -1.84626663e+04  6.49e-05 7.11e-15  6.86e-03     1s
  12  -1.77258442e+04 -1.82845055e+04  4.82e-05 7.11e-15  4.93e-03     1s
  13  -1.77557481e+04 -1.81739715e+04  3.62e-05 7.11e-15  3.69e-03     1s
  14  -1.77814894e+04 -1.80612970e+04  2.64e-05 3.55e-15  2.47e-03     1s
  15  -1.77929089e+04 -1.80139200e+04  2.26e-05 7.11e-15  1.95e-03     1s
  16  -1.78253676e+04 -1.79689835e+04  1.50e-05 3.55e-15  1.27e-03     1s
  17  -1.78357864e+04 -1.79417858e+04  1.25e-05 3.55e-15  9.36e-04     1s
  18  -1.78510379e+04 -1.79282944e+04  8.94e-06 7.11e-15  6.82e-04     1s
  19  -1.78538005e+04 -1.79189863e+04  8.10e-06 3.55e-15  5.76e-04     1s
  20  -1.78572123e+04 -1.79081089e+04  7.10e-06 3.55e-15  4.50e-04     1s
  21  -1.78633958e+04 -1.79026589e+04  5.49e-06 3.55e-15  3.47e-04     1s
  22  -1.78703974e+04 -1.79000106e+04  4.14e-06 3.55e-15  2.62e-04     1s
  23  -1.78751884e+04 -1.78947736e+04  3.34e-06 7.11e-15  1.73e-04     1s
  24  -1.78790391e+04 -1.78924612e+04  2.53e-06 3.55e-15  1.19e-04     1s
  25  -1.78811699e+04 -1.78914610e+04  2.00e-06 7.11e-15  9.09e-05     1s
  26  -1.78835201e+04 -1.78905891e+04  1.41e-06 7.11e-15  6.25e-05     1s
  27  -1.78853217e+04 -1.78900895e+04  9.67e-07 3.55e-15  4.21e-05     1s
  28  -1.78862848e+04 -1.78895096e+04  7.46e-07 7.11e-15  2.85e-05     1s
  29  -1.78868659e+04 -1.78894593e+04  6.00e-07 7.11e-15  2.29e-05     1s
  30  -1.78884479e+04 -1.78893475e+04  2.06e-07 7.11e-15  7.95e-06     1s
  31  -1.78890060e+04 -1.78893228e+04  6.92e-08 3.55e-15  2.80e-06     1s
  32  -1.78891346e+04 -1.78893127e+04  3.88e-08 7.11e-15  1.57e-06     1s
  33  -1.78892964e+04 -1.78893064e+04  3.48e-10 7.11e-15  8.86e-08     1s
  34  -1.78892989e+04 -1.78892989e+04  1.59e-12 7.11e-15  1.86e-10     1s

Barrier solved model in 34 iterations and 1.02 seconds
Optimal objective -1.78892989e+04


Root relaxation: objective -1.788930e+04, 37096 iterations, 1.00 seconds

    Nodes    |    Current Node    |     Objective Bounds      |     Work
 Expl Unexpl |  Obj  Depth IntInf | Incumbent    BestBd   Gap | It/Node Time

     0     0 -17889.299    0  441    0.00000 -17889.299      -     -    1s
H    0     0                    -17641.66000 -17889.299  1.40%     -    1s

Explored 0 nodes (50988 simplex iterations) in 1.65 seconds
Thread count was 20 (of 20 available processors)

Solution count 2: -17641.7 0 
Pool objective bound -17889.3

Optimal solution found (tolerance 5.00e-02)
Best objective -1.764166000000e+04, best bound -1.788929891950e+04, gap 1.4037%
Changed value of parameter MIPGap to 0.05
   Prev: 0.0001  Min: 0.0  Max: 1e+100  Default: 0.0001
Changed value of parameter TimeLimit to 1800.0
   Prev: 1e+100  Min: 0.0  Max: 1e+100  Default: 1e+100
Changed value of parameter Method to 2
   Prev: -1  Min: -1  Max: 4  Default: -1
Changed value of parameter MIPFocus to 1
   Prev: 0  Min: 0  Max: 3  Default: 0
Optimize a model with 10760 rows, 56430 columns and 112860 nonzeros
Variable types: 0 continuous, 56430 integer (56430 binary)
Coefficient statistics:
  Matrix range     [1e+00, 2e+01]
  Objective range  [1e+00, 4e+01]
  Bounds range     [1e+00, 1e+00]
  RHS range        [8e+01, 8e+01]
Found heuristic solution: objective 0
Presolve time: 0.16s
Presolved: 10760 rows, 56430 columns, 112860 nonzeros
Variable types: 0 continuous, 56430 integer (56430 binary)
Presolved: 10760 rows, 56430 columns, 112860 nonzeros

Root barrier log...

Ordering time: 0.01s

Barrier statistics:
 AA' NZ     : 5.643e+04
 Factor NZ  : 2.370e+05 (roughly 30 MBytes of memory)
 Factor Ops : 3.824e+07 (less than 1 second per iteration)
 Threads    : 1

                  Objective                Residual
Iter       Primal          Dual         Primal    Dual     Compl     Time
   0  -1.76735422e+05 -1.34710719e+06  8.23e+01 5.33e-15  9.41e+01     0s
   1  -6.46021428e+04 -9.51451325e+05  1.90e+01 2.49e-14  2.27e+01     0s
   2  -3.25036689e+04 -3.98022669e+05  1.99e+00 2.13e-14  4.13e+00     0s
   3  -2.95353908e+04 -2.09058696e+05  1.89e-01 1.78e-14  1.63e+00     0s
   4  -2.99512072e+04 -5.24502613e+04  1.92e-02 1.42e-14  2.00e-01     0s
   5  -3.05054445e+04 -4.20308391e+04  1.04e-02 1.07e-14  1.02e-01     0s
   6  -3.09644346e+04 -3.92896867e+04  5.80e-03 7.12e-15  7.37e-02     0s
   7  -3.10233869e+04 -3.67085494e+04  5.42e-03 7.11e-15  5.03e-02     0s
   8  -3.12503446e+04 -3.53921099e+04  4.16e-03 7.11e-15  3.67e-02     0s
   9  -3.13822018e+04 -3.46750283e+04  3.53e-03 7.11e-15  2.92e-02     0s
  10  -3.14339860e+04 -3.43712867e+04  3.29e-03 1.07e-14  2.60e-02     0s
  11  -3.15438435e+04 -3.38021786e+04  2.78e-03 7.11e-15  2.00e-02     1s
  12  -3.16840711e+04 -3.33140528e+04  2.17e-03 7.11e-15  1.44e-02     1s
  13  -3.17324888e+04 -3.29914305e+04  1.97e-03 7.11e-15  1.12e-02     1s
  14  -3.17726648e+04 -3.28744520e+04  1.82e-03 7.22e-15  9.77e-03     1s
  15  -3.18418639e+04 -3.26712506e+04  1.54e-03 7.11e-15  7.36e-03     1s
  16  -3.19226973e+04 -3.25120653e+04  1.24e-03 7.11e-15  5.24e-03     1s
  17  -3.19694725e+04 -3.24379492e+04  1.09e-03 7.11e-15  4.16e-03     1s
  18  -3.20015738e+04 -3.23862646e+04  9.67e-04 7.11e-15  3.42e-03     1s
  19  -3.20203650e+04 -3.23521928e+04  8.87e-04 7.11e-15  2.95e-03     1s
  20  -3.20469297e+04 -3.23175243e+04  7.74e-04 7.11e-15  2.41e-03     1s
  21  -3.20643517e+04 -3.22994431e+04  7.00e-04 7.11e-15  2.09e-03     1s
  22  -3.20858207e+04 -3.22747212e+04  6.17e-04 7.11e-15  1.68e-03     1s
  23  -3.21176802e+04 -3.22607319e+04  5.05e-04 1.42e-14  1.28e-03     1s
  24  -3.21351571e+04 -3.22528350e+04  4.38e-04 7.11e-15  1.05e-03     1s
  25  -3.21427765e+04 -3.22482332e+04  4.03e-04 7.11e-15  9.42e-04     1s
  26  -3.21568106e+04 -3.22431724e+04  3.37e-04 7.11e-15  7.71e-04     1s
  27  -3.21638403e+04 -3.22407756e+04  3.04e-04 1.42e-14  6.87e-04     1s
  28  -3.21769558e+04 -3.22381792e+04  2.49e-04 1.42e-14  5.47e-04     1s
  29  -3.21816329e+04 -3.22364301e+04  2.26e-04 7.11e-15  4.90e-04     1s
  30  -3.21981536e+04 -3.22347247e+04  1.58e-04 7.11e-15  3.27e-04     1s
  31  -3.22032970e+04 -3.22330233e+04  1.39e-04 7.11e-15  2.66e-04     1s
  32  -3.22082051e+04 -3.22312801e+04  1.15e-04 7.11e-15  2.07e-04     1s
  33  -3.22125172e+04 -3.22309233e+04  9.18e-05 7.11e-15  1.65e-04     1s
  34  -3.22166446e+04 -3.22307058e+04  6.97e-05 7.13e-15  1.26e-04     1s
  35  -3.22189836e+04 -3.22303948e+04  5.73e-05 7.11e-15  1.02e-04     1s
  36  -3.22201363e+04 -3.22302444e+04  5.22e-05 7.11e-15  9.06e-05     1s
  37  -3.22275153e+04 -3.22301426e+04  1.40e-05 7.11e-15  2.36e-05     1s
  38  -3.22291745e+04 -3.22300115e+04  3.94e-06 7.11e-15  7.49e-06     1s
  39  -3.22294069e+04 -3.22299725e+04  2.62e-06 7.11e-15  5.06e-06     1s
  40  -3.22298603e+04 -3.22298894e+04  1.23e-07 1.07e-14  2.60e-07     1s
  41  -3.22298834e+04 -3.22298834e+04  2.35e-11 7.11e-15  4.30e-11     1s

Barrier solved model in 41 iterations and 1.17 seconds
Optimal objective -3.22298834e+04


Root relaxation: objective -3.222988e+04, 35611 iterations, 1.27 seconds

    Nodes    |    Current Node    |     Objective Bounds      |     Work
 Expl Unexpl |  Obj  Depth IntInf | Incumbent    BestBd   Gap | It/Node Time

     0     0 -32229.883    0  454    0.00000 -32229.883      -     -    1s
H    0     0                    -31594.64000 -32229.883  2.01%     -    1s

Explored 0 nodes (46700 simplex iterations) in 1.89 seconds
Thread count was 20 (of 20 available processors)

Solution count 2: -31594.6 0 
Pool objective bound -32229.9

Optimal solution found (tolerance 5.00e-02)
Best objective -3.159464000000e+04, best bound -3.222988000000e+04, gap 2.0106%
Changed value of parameter MIPGap to 0.05
   Prev: 0.0001  Min: 0.0  Max: 1e+100  Default: 0.0001
Changed value of parameter TimeLimit to 1800.0
   Prev: 1e+100  Min: 0.0  Max: 1e+100  Default: 1e+100
Changed value of parameter Method to 2
   Prev: -1  Min: -1  Max: 4  Default: -1
Changed value of parameter MIPFocus to 1
   Prev: 0  Min: 0  Max: 3  Default: 0
Optimize a model with 10760 rows, 56430 columns and 112860 nonzeros
Variable types: 0 continuous, 56430 integer (56430 binary)
Coefficient statistics:
  Matrix range     [1e+00, 2e+01]
  Objective range  [1e+00, 5e+01]
  Bounds range     [1e+00, 1e+00]
  RHS range        [8e+01, 8e+01]
Found heuristic solution: objective 0
Presolve time: 0.16s
Presolved: 10760 rows, 56430 columns, 112860 nonzeros
Variable types: 0 continuous, 56430 integer (56430 binary)
Presolved: 10760 rows, 56430 columns, 112860 nonzeros

Root barrier log...

Ordering time: 0.01s

Barrier statistics:
 AA' NZ     : 5.643e+04
 Factor NZ  : 2.370e+05 (roughly 30 MBytes of memory)
 Factor Ops : 3.824e+07 (less than 1 second per iteration)
 Threads    : 1

                  Objective                Residual
Iter       Primal          Dual         Primal    Dual     Compl     Time
   0  -2.15068416e+05 -1.67788348e+06  8.23e+01 7.11e-15  1.17e+02     0s
   1  -7.85332658e+04 -1.18477260e+06  1.90e+01 2.84e-14  2.83e+01     0s
   2  -3.94168282e+04 -4.95462086e+05  1.99e+00 2.84e-14  5.15e+00     0s
   3  -3.58528622e+04 -2.62903372e+05  1.86e-01 2.84e-14  2.06e+00     0s
   4  -3.64002597e+04 -6.57901662e+04  2.19e-02 2.53e-14  2.61e-01     0s
   5  -3.71481992e+04 -5.30727806e+04  1.17e-02 1.21e-14  1.41e-01     0s
   6  -3.77380628e+04 -4.82754083e+04  6.54e-03 1.42e-14  9.33e-02     0s
   7  -3.79633610e+04 -4.57190070e+04  5.55e-03 7.13e-15  6.87e-02     0s
   8  -3.81888599e+04 -4.39801014e+04  4.50e-03 7.11e-15  5.13e-02     0s
   9  -3.83554379e+04 -4.28694987e+04  3.78e-03 1.42e-14  4.00e-02     0s
  10  -3.85299975e+04 -4.20854008e+04  3.09e-03 1.42e-14  3.15e-02     0s
  11  -3.86629253e+04 -4.14949822e+04  2.61e-03 1.42e-14  2.51e-02     1s
  12  -3.87442526e+04 -4.09850188e+04  2.31e-03 7.11e-15  1.99e-02     1s
  13  -3.88271531e+04 -4.06575049e+04  2.01e-03 1.42e-14  1.62e-02     1s
  14  -3.89367554e+04 -4.05663596e+04  1.66e-03 1.42e-14  1.44e-02     1s
  15  -3.89818213e+04 -4.05023016e+04  1.50e-03 1.42e-14  1.35e-02     1s
  16  -3.90417424e+04 -4.01402899e+04  1.32e-03 1.42e-14  9.74e-03     1s
  17  -3.91280848e+04 -3.98131774e+04  1.02e-03 1.42e-14  6.08e-03     1s
  18  -3.91741742e+04 -3.96856616e+04  8.70e-04 1.42e-14  4.54e-03     1s
  19  -3.92109910e+04 -3.95957196e+04  7.41e-04 7.11e-15  3.42e-03     1s
  20  -3.92433686e+04 -3.95556465e+04  6.28e-04 1.42e-14  2.78e-03     1s
  21  -3.92757810e+04 -3.95230219e+04  5.15e-04 7.90e-15  2.20e-03     1s
  22  -3.92892210e+04 -3.94926961e+04  4.68e-04 7.30e-15  1.81e-03     1s
  23  -3.93274167e+04 -3.94689211e+04  3.40e-04 1.42e-14  1.26e-03     1s
  24  -3.93460478e+04 -3.94548706e+04  2.84e-04 7.11e-15  9.70e-04     1s
  25  -3.93555012e+04 -3.94458373e+04  2.49e-04 7.26e-15  8.06e-04     1s
  26  -3.93695213e+04 -3.94405707e+04  1.97e-04 1.42e-14  6.34e-04     1s
  27  -3.93779144e+04 -3.94374244e+04  1.66e-04 7.11e-15  5.31e-04     1s
  28  -3.93819108e+04 -3.94330442e+04  1.54e-04 7.11e-15  4.57e-04     1s
  29  -3.93877343e+04 -3.94308512e+04  1.33e-04 7.11e-15  3.85e-04     1s
  30  -3.93991292e+04 -3.94285958e+04  9.52e-05 7.11e-15  2.63e-04     1s
  31  -3.94096425e+04 -3.94260590e+04  5.56e-05 7.11e-15  1.47e-04     1s
  32  -3.94150566e+04 -3.94252311e+04  3.53e-05 1.42e-14  9.10e-05     1s
  33  -3.94192953e+04 -3.94249507e+04  1.83e-05 1.42e-14  5.05e-05     1s
  34  -3.94225771e+04 -3.94243916e+04  5.42e-06 1.42e-14  1.62e-05     1s
  35  -3.94238147e+04 -3.94240671e+04  6.75e-07 1.42e-14  2.25e-06     1s
  36  -3.94240073e+04 -3.94240075e+04  3.73e-14 1.42e-14  2.26e-09     1s

Barrier solved model in 36 iterations and 1.09 seconds
Optimal objective -3.94240073e+04


Root relaxation: objective -3.942401e+04, 35418 iterations, 1.15 seconds

    Nodes    |    Current Node    |     Objective Bounds      |     Work
 Expl Unexpl |  Obj  Depth IntInf | Incumbent    BestBd   Gap | It/Node Time

     0     0 -39424.007    0  420    0.00000 -39424.007      -     -    1s
H    0     0                    -38450.70000 -39424.007  2.53%     -    1s

Explored 0 nodes (55947 simplex iterations) in 1.84 seconds
Thread count was 20 (of 20 available processors)

Solution count 2: -38450.7 0 
Pool objective bound -39424

Optimal solution found (tolerance 5.00e-02)
Best objective -3.845070000000e+04, best bound -3.942400000000e+04, gap 2.5313%
Changed value of parameter MIPGap to 0.05
   Prev: 0.0001  Min: 0.0  Max: 1e+100  Default: 0.0001
Changed value of parameter TimeLimit to 1800.0
   Prev: 1e+100  Min: 0.0  Max: 1e+100  Default: 1e+100
Changed value of parameter Method to 2
   Prev: -1  Min: -1  Max: 4  Default: -1
Changed value of parameter MIPFocus to 1
   Prev: 0  Min: 0  Max: 3  Default: 0
Optimize a model with 10760 rows, 56430 columns and 112860 nonzeros
Variable types: 0 continuous, 56430 integer (56430 binary)
Coefficient statistics:
  Matrix range     [1e+00, 2e+01]
  Objective range  [1e+00, 9e+01]
  Bounds range     [1e+00, 1e+00]
  RHS range        [8e+01, 8e+01]
Found heuristic solution: objective 0
Presolve time: 0.16s
Presolved: 10760 rows, 56430 columns, 112860 nonzeros
Variable types: 0 continuous, 56430 integer (56430 binary)
Presolved: 10760 rows, 56430 columns, 112860 nonzeros

Root barrier log...

Ordering time: 0.01s

Barrier statistics:
 AA' NZ     : 5.643e+04
 Factor NZ  : 2.370e+05 (roughly 30 MBytes of memory)
 Factor Ops : 3.824e+07 (less than 1 second per iteration)
 Threads    : 1

                  Objective                Residual
Iter       Primal          Dual         Primal    Dual     Compl     Time
   0  -4.06733285e+05 -3.33176493e+06  8.23e+01 1.07e-14  2.33e+02     0s
   1  -1.48192545e+05 -2.35138572e+06  1.90e+01 5.68e-14  5.63e+01     0s
   2  -7.39841648e+04 -9.82666715e+05  1.98e+00 5.68e-14  1.02e+01     0s
   3  -6.74598532e+04 -5.31637272e+05  1.80e-01 5.68e-14  4.21e+00     0s
   4  -6.86599565e+04 -1.38015835e+05  9.98e-03 3.46e-14  6.14e-01     0s
   5  -7.01717933e+04 -1.10252781e+05  5.52e-03 2.84e-14  3.54e-01     0s
   6  -7.12152730e+04 -9.78932936e+04  3.58e-03 1.75e-14  2.36e-01     0s
   7  -7.18962322e+04 -8.99988442e+04  2.91e-03 2.84e-14  1.60e-01     0s
   8  -7.22567946e+04 -8.67801608e+04  2.60e-03 1.66e-14  1.28e-01     0s
   9  -7.26847645e+04 -8.40051353e+04  2.22e-03 2.84e-14  1.00e-01     0s
  10  -7.30666918e+04 -8.18796757e+04  1.89e-03 1.45e-14  7.79e-02     0s
  11  -7.34155646e+04 -8.04575368e+04  1.60e-03 2.84e-14  6.23e-02     1s
  12  -7.37436389e+04 -7.94417480e+04  1.32e-03 1.79e-14  5.04e-02     1s
  13  -7.39731569e+04 -7.82520343e+04  1.13e-03 1.46e-14  3.78e-02     1s
  14  -7.43235638e+04 -7.72828632e+04  8.56e-04 1.42e-14  2.62e-02     1s
  15  -7.45019209e+04 -7.68703137e+04  7.14e-04 2.84e-14  2.10e-02     1s
  16  -7.47250358e+04 -7.64319407e+04  5.47e-04 1.42e-14  1.51e-02     1s
  17  -7.48851280e+04 -7.58747246e+04  4.29e-04 1.42e-14  8.76e-03     1s
  18  -7.50615557e+04 -7.57386184e+04  3.01e-04 1.42e-14  6.00e-03     1s
  19  -7.51145870e+04 -7.56701699e+04  2.58e-04 2.84e-14  4.92e-03     1s
  20  -7.51670161e+04 -7.56124916e+04  2.16e-04 2.84e-14  3.95e-03     1s
  21  -7.51991580e+04 -7.55833528e+04  1.91e-04 1.42e-14  3.40e-03     1s
  22  -7.52595311e+04 -7.55272604e+04  1.51e-04 1.42e-14  2.37e-03     1s
  23  -7.53102753e+04 -7.54857471e+04  1.13e-04 2.84e-14  1.56e-03     1s
  24  -7.53508721e+04 -7.54723735e+04  8.25e-05 1.42e-14  1.08e-03     1s
  25  -7.53703120e+04 -7.54623269e+04  6.51e-05 2.84e-14  8.17e-04     1s
  26  -7.53919594e+04 -7.54560706e+04  4.57e-05 1.42e-14  5.69e-04     1s
  27  -7.54091689e+04 -7.54520894e+04  3.06e-05 2.84e-14  3.81e-04     1s
  28  -7.54201362e+04 -7.54477243e+04  2.12e-05 1.42e-14  2.45e-04     1s
  29  -7.54301299e+04 -7.54468449e+04  1.23e-05 2.84e-14  1.48e-04     1s
  30  -7.54431197e+04 -7.54455946e+04  1.13e-06 1.42e-14  2.19e-05     1s
  31  -7.54445580e+04 -7.54445750e+04  2.17e-09 2.84e-14  1.50e-07     1s
  32  -7.54445642e+04 -7.54445642e+04  8.23e-13 2.84e-14  1.50e-10     1s

Barrier solved model in 32 iterations and 0.98 seconds
Optimal objective -7.54445642e+04


Root relaxation: objective -7.544456e+04, 34802 iterations, 0.97 seconds

    Nodes    |    Current Node    |     Objective Bounds      |     Work
 Expl Unexpl |  Obj  Depth IntInf | Incumbent    BestBd   Gap | It/Node Time

     0     0 -75444.564    0  387    0.00000 -75444.564      -     -    1s
H    0     0                    -73847.50000 -75444.564  2.16%     -    1s

Explored 0 nodes (52673 simplex iterations) in 1.67 seconds
Thread count was 20 (of 20 available processors)

Solution count 2: -73847.5 0 
Pool objective bound -75444.5

Optimal solution found (tolerance 5.00e-02)
Best objective -7.384750000000e+04, best bound -7.544450000000e+04, gap 2.1626%
Changed value of parameter MIPGap to 0.05
   Prev: 0.0001  Min: 0.0  Max: 1e+100  Default: 0.0001
Changed value of parameter TimeLimit to 1800.0
   Prev: 1e+100  Min: 0.0  Max: 1e+100  Default: 1e+100
Changed value of parameter Method to 2
   Prev: -1  Min: -1  Max: 4  Default: -1
Changed value of parameter MIPFocus to 1
   Prev: 0  Min: 0  Max: 3  Default: 0
Optimize a model with 10760 rows, 56430 columns and 112860 nonzeros
Variable types: 0 continuous, 56430 integer (56430 binary)
Coefficient statistics:
  Matrix range     [1e+00, 2e+01]
  Objective range  [2e+00, 2e+02]
  Bounds range     [1e+00, 1e+00]
  RHS range        [8e+01, 8e+01]
Found heuristic solution: objective 0
Presolve time: 0.16s
Presolved: 10760 rows, 56430 columns, 112860 nonzeros
Variable types: 0 continuous, 56430 integer (56430 binary)
Presolved: 10760 rows, 56430 columns, 112860 nonzeros

Root barrier log...

Ordering time: 0.01s

Barrier statistics:
 AA' NZ     : 5.643e+04
 Factor NZ  : 2.370e+05 (roughly 30 MBytes of memory)
 Factor Ops : 3.824e+07 (less than 1 second per iteration)
 Threads    : 1

                  Objective                Residual
Iter       Primal          Dual         Primal    Dual     Compl     Time
   0  -7.90062914e+05 -6.63952784e+06  8.23e+01 2.13e-14  4.65e+02     0s
   1  -2.87517903e+05 -4.68461937e+06  1.90e+01 9.95e-14  1.12e+02     0s
   2  -1.43121681e+05 -1.95710752e+06  1.98e+00 9.24e-14  2.04e+01     0s
   3  -1.30696202e+05 -1.06751121e+06  1.76e-01 8.53e-14  8.49e+00     0s
   4  -1.33178720e+05 -2.77018571e+05  1.13e-02 6.22e-14  1.27e+00     0s
   5  -1.36368900e+05 -2.19408058e+05  6.43e-03 5.68e-14  7.34e-01     0s
   6  -1.38750558e+05 -1.89697161e+05  4.14e-03 5.68e-14  4.50e-01     0s
   7  -1.39760589e+05 -1.78142187e+05  3.60e-03 5.68e-14  3.39e-01     0s
   8  -1.40872777e+05 -1.71657501e+05  3.06e-03 3.04e-14  2.72e-01     0s
   9  -1.41711157e+05 -1.64964742e+05  2.63e-03 5.68e-14  2.06e-01     0s
  10  -1.42629417e+05 -1.60557590e+05  2.20e-03 3.23e-14  1.59e-01     0s
  11  -1.43527973e+05 -1.57377504e+05  1.77e-03 5.68e-14  1.22e-01     1s
  12  -1.44110326e+05 -1.55398692e+05  1.49e-03 5.68e-14  9.98e-02     1s
  13  -1.44693281e+05 -1.53229016e+05  1.23e-03 5.68e-14  7.55e-02     1s
  14  -1.45277863e+05 -1.50900667e+05  9.73e-04 2.84e-14  4.98e-02     1s
  15  -1.45678762e+05 -1.49544927e+05  7.93e-04 2.84e-14  3.42e-02     1s
  16  -1.46025903e+05 -1.48782023e+05  6.39e-04 5.68e-14  2.44e-02     1s
  17  -1.46356787e+05 -1.48295404e+05  5.10e-04 5.68e-14  1.72e-02     1s
  18  -1.46561061e+05 -1.48097935e+05  4.20e-04 5.68e-14  1.36e-02     1s
  19  -1.46773019e+05 -1.47985493e+05  3.27e-04 5.68e-14  1.07e-02     1s
  20  -1.46920050e+05 -1.47821019e+05  2.62e-04 5.68e-14  7.99e-03     1s
  21  -1.47085950e+05 -1.47743090e+05  1.90e-04 5.68e-14  5.83e-03     1s
  22  -1.47150231e+05 -1.47623794e+05  1.63e-04 5.68e-14  4.20e-03     1s
  23  -1.47268944e+05 -1.47594153e+05  1.13e-04 2.84e-14  2.89e-03     1s
  24  -1.47361870e+05 -1.47575467e+05  7.51e-05 2.84e-14  1.90e-03     1s
  25  -1.47381876e+05 -1.47561158e+05  6.62e-05 2.84e-14  1.59e-03     1s
  26  -1.47425920e+05 -1.47557556e+05  4.69e-05 2.84e-14  1.17e-03     1s
  27  -1.47461754e+05 -1.47549682e+05  3.13e-05 5.68e-14  7.81e-04     1s
  28  -1.47475893e+05 -1.47542708e+05  2.65e-05 2.84e-14  5.94e-04     1s
  29  -1.47493938e+05 -1.47541242e+05  1.83e-05 5.68e-14  4.20e-04     1s
  30  -1.47510874e+05 -1.47538492e+05  1.08e-05 5.68e-14  2.45e-04     1s
  31  -1.47518986e+05 -1.47536919e+05  7.45e-06 5.68e-14  1.59e-04     1s
  32  -1.47522292e+05 -1.47536745e+05  6.00e-06 5.68e-14  1.28e-04     1s
  33  -1.47526469e+05 -1.47536652e+05  4.12e-06 5.68e-14  9.05e-05     1s
  34  -1.47533642e+05 -1.47536628e+05  9.38e-07 5.68e-14  2.65e-05     1s
  35  -1.47535988e+05 -1.47536038e+05  4.82e-09 5.68e-14  4.40e-07     1s
  36  -1.47536002e+05 -1.47536002e+05  3.37e-13 2.84e-14  5.65e-10     1s

Barrier solved model in 36 iterations and 1.07 seconds
Optimal objective -1.47536002e+05


Root relaxation: objective -1.475360e+05, 34614 iterations, 1.17 seconds

    Nodes    |    Current Node    |     Objective Bounds      |     Work
 Expl Unexpl |  Obj  Depth IntInf | Incumbent    BestBd   Gap | It/Node Time

     0     0 -147536.00    0  441    0.00000 -147536.00      -     -    1s
H    0     0                    -143245.2000 -147536.00  3.00%     -    1s

Explored 0 nodes (47013 simplex iterations) in 1.79 seconds
Thread count was 20 (of 20 available processors)

Solution count 2: -143245 0 
Pool objective bound -147536

Optimal solution found (tolerance 5.00e-02)
Best objective -1.432452000000e+05, best bound -1.475360000000e+05, gap 2.9954%
Changed value of parameter MIPGap to 0.05
   Prev: 0.0001  Min: 0.0  Max: 1e+100  Default: 0.0001
Changed value of parameter TimeLimit to 1800.0
   Prev: 1e+100  Min: 0.0  Max: 1e+100  Default: 1e+100
Changed value of parameter Method to 2
   Prev: -1  Min: -1  Max: 4  Default: -1
Changed value of parameter MIPFocus to 1
   Prev: 0  Min: 0  Max: 3  Default: 0
Optimize a model with 10760 rows, 56430 columns and 112860 nonzeros
Variable types: 0 continuous, 56430 integer (56430 binary)
Coefficient statistics:
  Matrix range     [1e+00, 2e+01]
  Objective range  [2e+00, 4e+02]
  Bounds range     [1e+00, 1e+00]
  RHS range        [8e+01, 8e+01]
Found heuristic solution: objective 0
Presolve time: 0.16s
Presolved: 10760 rows, 56430 columns, 112860 nonzeros
Variable types: 0 continuous, 56430 integer (56430 binary)
Presolved: 10760 rows, 56430 columns, 112860 nonzeros

Root barrier log...

Ordering time: 0.01s

Barrier statistics:
 AA' NZ     : 5.643e+04
 Factor NZ  : 2.370e+05 (roughly 30 MBytes of memory)
 Factor Ops : 3.824e+07 (less than 1 second per iteration)
 Threads    : 1

                  Objective                Residual
Iter       Primal          Dual         Primal    Dual     Compl     Time
   0  -1.94005172e+06 -1.65628166e+07  8.23e+01 5.68e-14  1.16e+03     0s
   1  -7.05492840e+05 -1.16843229e+07  1.90e+01 3.41e-13  2.81e+02     0s
   2  -3.50536799e+05 -4.88042652e+06  1.98e+00 2.84e-13  5.10e+01     0s
   3  -3.20484218e+05 -2.71434267e+06  2.05e-01 2.27e-13  2.18e+01     0s
   4  -3.26661570e+05 -6.74262026e+05  2.28e-02 1.49e-13  3.08e+00     0s
   5  -3.35172709e+05 -5.24459615e+05  1.35e-02 1.14e-13  1.68e+00     0s
   6  -3.39040990e+05 -4.73560484e+05  1.13e-02 1.14e-13  1.19e+00     0s
   7  -3.41675789e+05 -4.39400641e+05  9.73e-03 1.14e-13  8.67e-01     0s
   8  -3.45124379e+05 -4.19990670e+05  7.93e-03 1.14e-13  6.64e-01     0s
   9  -3.48282824e+05 -4.07199825e+05  6.42e-03 1.14e-13  5.22e-01     0s
  10  -3.50828422e+05 -3.98358007e+05  5.31e-03 1.14e-13  4.21e-01     0s
  11  -3.52384861e+05 -3.90421536e+05  4.64e-03 1.14e-13  3.37e-01     1s
  12  -3.54386760e+05 -3.82585790e+05  3.80e-03 1.14e-13  2.50e-01     1s
  13  -3.55936634e+05 -3.79555524e+05  3.15e-03 1.14e-13  2.10e-01     1s
  14  -3.57109551e+05 -3.76145634e+05  2.68e-03 1.14e-13  1.69e-01     1s
  15  -3.58285619e+05 -3.71833387e+05  2.19e-03 1.14e-13  1.20e-01     1s
  16  -3.59001141e+05 -3.68996448e+05  1.90e-03 1.14e-13  8.88e-02     1s
  17  -3.60569220e+05 -3.66603404e+05  1.29e-03 1.14e-13  5.37e-02     1s
  18  -3.61235205e+05 -3.65672192e+05  1.04e-03 1.14e-13  3.95e-02     1s
  19  -3.61570065e+05 -3.65121102e+05  9.08e-04 1.14e-13  3.16e-02     1s
  20  -3.62015262e+05 -3.64711101e+05  7.29e-04 1.14e-13  2.40e-02     1s
  21  -3.62351755e+05 -3.64474744e+05  5.94e-04 1.14e-13  1.89e-02     1s
  22  -3.62702543e+05 -3.64209805e+05  4.70e-04 1.14e-13  1.35e-02     1s
  23  -3.63044192e+05 -3.64087660e+05  3.43e-04 1.14e-13  9.32e-03     1s
  24  -3.63193269e+05 -3.63989383e+05  2.83e-04 1.14e-13  7.12e-03     1s
  25  -3.63322628e+05 -3.63942092e+05  2.26e-04 1.14e-13  5.54e-03     1s
  26  -3.63383969e+05 -3.63920914e+05  1.99e-04 1.14e-13  4.80e-03     1s
  27  -3.63465209e+05 -3.63903934e+05  1.64e-04 1.14e-13  3.92e-03     1s
  28  -3.63570465e+05 -3.63893245e+05  1.25e-04 1.14e-13  2.89e-03     1s
  29  -3.63657895e+05 -3.63878504e+05  8.55e-05 1.14e-13  1.97e-03     1s
  30  -3.63697243e+05 -3.63863092e+05  7.04e-05 1.14e-13  1.49e-03     1s
  31  -3.63728277e+05 -3.63851010e+05  5.75e-05 1.14e-13  1.10e-03     1s
  32  -3.63796751e+05 -3.63851999e+05  2.35e-05 1.14e-13  4.95e-04     1s
  33  -3.63837733e+05 -3.63846984e+05  3.91e-06 1.14e-13  8.29e-05     1s
  34  -3.63845946e+05 -3.63845991e+05  5.11e-09 1.14e-13  3.99e-07     1s
  35  -3.63845960e+05 -3.63845960e+05  1.76e-13 1.14e-13  1.86e-12     1s

Barrier solved model in 35 iterations and 1.04 seconds
Optimal objective -3.63845960e+05


Root relaxation: objective -3.638460e+05, 34434 iterations, 1.13 seconds

    Nodes    |    Current Node    |     Objective Bounds      |     Work
 Expl Unexpl |  Obj  Depth IntInf | Incumbent    BestBd   Gap | It/Node Time

     0     0 -363845.96    0  369    0.00000 -363845.96      -     -    1s
H    0     0                    -355016.5000 -363845.96  2.49%     -    1s

Explored 0 nodes (52280 simplex iterations) in 1.79 seconds
Thread count was 20 (of 20 available processors)

Solution count 2: -355016 0 
Pool objective bound -363846

Optimal solution found (tolerance 5.00e-02)
Best objective -3.550165000000e+05, best bound -3.638455000000e+05, gap 2.4869%
Changed value of parameter MIPGap to 0.05
   Prev: 0.0001  Min: 0.0  Max: 1e+100  Default: 0.0001
Changed value of parameter TimeLimit to 1800.0
   Prev: 1e+100  Min: 0.0  Max: 1e+100  Default: 1e+100
Changed value of parameter Method to 2
   Prev: -1  Min: -1  Max: 4  Default: -1
Changed value of parameter MIPFocus to 1
   Prev: 0  Min: 0  Max: 3  Default: 0
Optimize a model with 10760 rows, 56430 columns and 112860 nonzeros
Variable types: 0 continuous, 56430 integer (56430 binary)
Coefficient statistics:
  Matrix range     [1e+00, 2e+01]
  Objective range  [2e+01, 4e+03]
  Bounds range     [1e+00, 1e+00]
  RHS range        [8e+01, 8e+01]
Found heuristic solution: objective 0
Presolve time: 0.16s
Presolved: 10760 rows, 56430 columns, 112860 nonzeros
Variable types: 0 continuous, 56430 integer (56430 binary)
Presolved: 10760 rows, 56430 columns, 112860 nonzeros

Root barrier log...

Ordering time: 0.01s

Barrier statistics:
 AA' NZ     : 5.643e+04
 Factor NZ  : 2.370e+05 (roughly 30 MBytes of memory)
 Factor Ops : 3.824e+07 (less than 1 second per iteration)
 Threads    : 1

                  Objective                Residual
Iter       Primal          Dual         Primal    Dual     Compl     Time
   0  -1.91898834e+07 -1.65412148e+08  8.23e+01 4.55e-13  1.16e+04     0s
   1  -6.97511457e+06 -1.16679887e+08  1.90e+01 2.73e-12  2.80e+03     0s
   2  -3.46177355e+06 -4.87301924e+07  1.97e+00 2.50e-12  5.10e+02     0s
   3  -3.16681914e+06 -2.71793036e+07  2.03e-01 2.53e-12  2.18e+02     0s
   4  -3.22972703e+06 -6.88799992e+06  1.78e-02 1.82e-12  3.24e+01     0s
   5  -3.31653152e+06 -5.30212897e+06  1.03e-02 1.25e-12  1.76e+01     0s
   6  -3.35670205e+06 -4.75635948e+06  8.61e-03 9.88e-13  1.24e+01     0s
   7  -3.38261651e+06 -4.40404542e+06  7.45e-03 9.09e-13  9.05e+00     0s
   8  -3.41929599e+06 -4.20076255e+06  6.00e-03 9.09e-13  6.92e+00     0s
   9  -3.44743596e+06 -4.07506018e+06  4.98e-03 9.09e-13  5.56e+00     0s
  10  -3.47277070e+06 -3.95733814e+06  4.07e-03 9.18e-13  4.29e+00     0s
  11  -3.48925225e+06 -3.87398234e+06  3.53e-03 9.09e-13  3.41e+00     1s
  12  -3.51148889e+06 -3.80792323e+06  2.82e-03 9.09e-13  2.63e+00     1s
  13  -3.52447444e+06 -3.75742645e+06  2.42e-03 9.09e-13  2.06e+00     1s
  14  -3.53889820e+06 -3.70768138e+06  2.02e-03 9.09e-13  1.50e+00     1s
  15  -3.54806251e+06 -3.69108830e+06  1.75e-03 9.09e-13  1.27e+00     1s
  16  -3.55546381e+06 -3.66643366e+06  1.55e-03 9.09e-13  9.84e-01     1s
  17  -3.56953162e+06 -3.64725984e+06  1.18e-03 9.09e-13  6.90e-01     1s
  18  -3.57579856e+06 -3.63321929e+06  1.00e-03 9.09e-13  5.10e-01     1s
  19  -3.58179885e+06 -3.62573180e+06  8.19e-04 9.36e-13  3.90e-01     1s
  20  -3.58556605e+06 -3.62112667e+06  7.01e-04 9.09e-13  3.16e-01     1s
  21  -3.59104438e+06 -3.61743495e+06  5.32e-04 9.09e-13  2.35e-01     1s
  22  -3.59451612e+06 -3.61401343e+06  4.35e-04 9.09e-13  1.74e-01     1s
  23  -3.59789468e+06 -3.61206332e+06  3.40e-04 9.09e-13  1.26e-01     1s
  24  -3.60087698e+06 -3.61117514e+06  2.51e-04 9.09e-13  9.17e-02     1s
  25  -3.60159763e+06 -3.61092213e+06  2.27e-04 9.09e-13  8.30e-02     1s
  26  -3.60269426e+06 -3.61026046e+06  1.91e-04 9.09e-13  6.74e-02     1s
  27  -3.60390593e+06 -3.60984884e+06  1.52e-04 9.09e-13  5.29e-02     1s
  28  -3.60474268e+06 -3.60944934e+06  1.29e-04 9.09e-13  4.20e-02     1s
  29  -3.60534188e+06 -3.60929210e+06  1.09e-04 9.09e-13  3.52e-02     1s
  30  -3.60591750e+06 -3.60914281e+06  8.97e-05 9.09e-13  2.88e-02     1s
  31  -3.60716270e+06 -3.60880178e+06  4.72e-05 9.09e-13  1.46e-02     1s
  32  -3.60763981e+06 -3.60877824e+06  3.34e-05 9.09e-13  1.02e-02     1s
  33  -3.60785979e+06 -3.60873603e+06  2.61e-05 9.09e-13  7.82e-03     1s
  34  -3.60815050e+06 -3.60871552e+06  1.64e-05 9.09e-13  5.04e-03     1s
  35  -3.60845295e+06 -3.60866295e+06  6.55e-06 1.82e-12  1.88e-03     1s
  36  -3.60851612e+06 -3.60865890e+06  4.49e-06 9.09e-13  1.28e-03     1s
  37  -3.60858510e+06 -3.60865877e+06  2.55e-06 9.09e-13  6.58e-04     1s
  38  -3.60864671e+06 -3.60865558e+06  2.86e-07 9.09e-13  7.92e-05     1s
  39  -3.60865461e+06 -3.60865475e+06  5.07e-09 9.09e-13  1.29e-06     1s
  40  -3.60865475e+06 -3.60865475e+06  1.27e-11 1.36e-12  1.16e-11     1s

Barrier solved model in 40 iterations and 1.15 seconds
Optimal objective -3.60865475e+06


Root relaxation: objective -3.608655e+06, 33529 iterations, 1.27 seconds

    Nodes    |    Current Node    |     Objective Bounds      |     Work
 Expl Unexpl |  Obj  Depth IntInf | Incumbent    BestBd   Gap | It/Node Time

     0     0 -3608654.7    0  301    0.00000 -3608654.7      -     -    1s
H    0     0                    -3545561.000 -3608654.7  1.78%     -    1s

Explored 0 nodes (54041 simplex iterations) in 2.00 seconds
Thread count was 20 (of 20 available processors)

Solution count 2: -3.54556e+06 0 
Pool objective bound -3.60865e+06

Optimal solution found (tolerance 5.00e-02)
Best objective -3.545561000000e+06, best bound -3.608654748039e+06, gap 1.7795%
