Changed value of parameter MIPGap to 0.05
   Prev: 0.0001  Min: 0.0  Max: 1e+100  Default: 0.0001
Changed value of parameter TimeLimit to 1800.0
   Prev: 1e+100  Min: 0.0  Max: 1e+100  Default: 1e+100
Changed value of parameter Method to 2
   Prev: -1  Min: -1  Max: 4  Default: -1
Changed value of parameter MIPFocus to 1
   Prev: 0  Min: 0  Max: 3  Default: 0
Optimize a model with 4102 rows, 6003 columns and 12006 nonzeros
Variable types: 0 continuous, 6003 integer (6003 binary)
Coefficient statistics:
  Matrix range     [1e+00, 5e+00]
  Objective range  [1e+00, 1e+00]
  Bounds range     [1e+00, 1e+00]
  RHS range        [8e+01, 8e+01]
Found heuristic solution: objective 0
Presolve removed 4041 rows and 5020 columns
Presolve time: 0.01s
Presolved: 61 rows, 983 columns, 1871 nonzeros
Found heuristic solution: objective -1570.000000
Variable types: 0 continuous, 983 integer (794 binary)
Presolved: 61 rows, 983 columns, 1871 nonzeros

Root barrier log...

Ordering time: 0.00s

Barrier statistics:
 AA' NZ     : 8.690e+02
 Factor NZ  : 1.891e+03
 Factor Ops : 7.753e+04 (less than 1 second per iteration)
 Threads    : 1

                  Objective                Residual
Iter       Primal          Dual         Primal    Dual     Compl     Time
   0  -2.76014954e+03 -3.02129848e+03  1.45e+01 4.44e-16  1.73e+00     0s
   1  -1.75425732e+03 -2.21691117e+03  1.45e+00 9.57e-02  3.65e-01     0s
   2  -1.71246858e+03 -1.81289460e+03  2.16e-02 2.04e-14  5.15e-02     0s
   3  -1.73316259e+03 -1.75184605e+03  2.43e-03 2.66e-15  9.42e-03     0s
   4  -1.73660744e+03 -1.74251217e+03  4.46e-04 8.88e-16  2.97e-03     0s
   5  -1.73765785e+03 -1.73853090e+03  1.65e-04 8.88e-16  4.49e-04     0s
   6  -1.73829365e+03 -1.73830138e+03  1.13e-06 1.78e-15  3.98e-06     0s
   7  -1.73830000e+03 -1.73830000e+03  1.39e-11 8.88e-16  4.43e-11     0s

Barrier solved model in 7 iterations and 0.02 seconds
Optimal objective -1.73830000e+03


Root relaxation: objective -1.738300e+03, 354 iterations, 0.01 seconds

    Nodes    |    Current Node    |     Objective Bounds      |     Work
 Expl Unexpl |  Obj  Depth IntInf | Incumbent    BestBd   Gap | It/Node Time

     0     0 -1738.3000    0    8 -1570.0000 -1738.3000  10.7%     -    0s
H    0     0                    -1735.000000 -1738.3000  0.19%     -    0s

Explored 0 nodes (446 simplex iterations) in 0.03 seconds
Thread count was 20 (of 20 available processors)

Solution count 3: -1735 -1570 -227 
Pool objective bound -1738

Optimal solution found (tolerance 5.00e-02)
Best objective -1.735000000000e+03, best bound -1.738000000000e+03, gap 0.1729%
Changed value of parameter MIPGap to 0.05
   Prev: 0.0001  Min: 0.0  Max: 1e+100  Default: 0.0001
Changed value of parameter TimeLimit to 1800.0
   Prev: 1e+100  Min: 0.0  Max: 1e+100  Default: 1e+100
Changed value of parameter Method to 2
   Prev: -1  Min: -1  Max: 4  Default: -1
Changed value of parameter MIPFocus to 1
   Prev: 0  Min: 0  Max: 3  Default: 0
Optimize a model with 4102 rows, 6003 columns and 12006 nonzeros
Variable types: 0 continuous, 6003 integer (6003 binary)
Coefficient statistics:
  Matrix range     [1e+00, 5e+00]
  Objective range  [1e+00, 1e+00]
  Bounds range     [1e+00, 1e+00]
  RHS range        [8e+01, 8e+01]
Found heuristic solution: objective 0
Presolve removed 4041 rows and 4263 columns
Presolve time: 0.01s
Presolved: 61 rows, 1740 columns, 2746 nonzeros
Found heuristic solution: objective -1599.772516
Variable types: 0 continuous, 1740 integer (1655 binary)
Presolved: 61 rows, 1740 columns, 2746 nonzeros

Root barrier log...

Ordering time: 0.00s

Barrier statistics:
 AA' NZ     : 8.690e+02
 Factor NZ  : 1.891e+03 (roughly 1 MByte of memory)
 Factor Ops : 7.753e+04 (less than 1 second per iteration)
 Threads    : 1

                  Objective                Residual
Iter       Primal          Dual         Primal    Dual     Compl     Time
   0  -3.17519892e+03 -3.17285052e+03  1.45e+01 8.88e-16  1.15e+00     0s
   1  -1.84130938e+03 -2.33480617e+03  1.95e+00 1.34e-01  2.65e-01     0s
   2  -1.70478256e+03 -1.84824080e+03  4.36e-02 1.86e-02  4.31e-02     0s
   3  -1.73384743e+03 -1.76096765e+03  3.14e-03 3.75e-03  7.85e-03     0s
   4  -1.73826973e+03 -1.74518377e+03  5.05e-04 5.21e-04  1.99e-03     0s
   5  -1.73954972e+03 -1.74028355e+03  2.67e-05 1.78e-15  2.12e-04     0s
   6  -1.73980727e+03 -1.73997532e+03  2.73e-06 1.78e-15  4.81e-05     0s
   7  -1.73982981e+03 -1.73990093e+03  1.25e-06 1.78e-15  2.04e-05     0s
   8  -1.73984672e+03 -1.73987349e+03  3.80e-07 1.78e-15  7.66e-06     0s
   9  -1.73985462e+03 -1.73986388e+03  7.90e-08 1.78e-15  2.64e-06     0s
  10  -1.73985721e+03 -1.73985990e+03  5.59e-09 1.78e-15  7.63e-07     0s
  11  -1.73985756e+03 -1.73985868e+03  0.00e+00 1.78e-15  3.18e-07     0s
  12  -1.73985784e+03 -1.73985786e+03  0.00e+00 1.78e-15  8.01e-09     0s
  13  -1.73985785e+03 -1.73985785e+03  0.00e+00 1.78e-15  6.86e-12     0s

Barrier solved model in 13 iterations and 0.02 seconds
Optimal objective -1.73985785e+03


Root relaxation: objective -1.739858e+03, 29 iterations, 0.01 seconds

    Nodes    |    Current Node    |     Objective Bounds      |     Work
 Expl Unexpl |  Obj  Depth IntInf | Incumbent    BestBd   Gap | It/Node Time

     0     0 -1739.8578    0    9 -1599.7725 -1739.8578  8.76%     -    0s
H    0     0                    -1736.552466 -1739.8578  0.19%     -    0s

Explored 0 nodes (33 simplex iterations) in 0.02 seconds
Thread count was 20 (of 20 available processors)

Solution count 3: -1736.55 -1599.77 -168.174 
Pool objective bound -1739.86

Optimal solution found (tolerance 5.00e-02)
Best objective -1.736552466000e+03, best bound -1.739857848000e+03, gap 0.1903%
Changed value of parameter MIPGap to 0.05
   Prev: 0.0001  Min: 0.0  Max: 1e+100  Default: 0.0001
Changed value of parameter TimeLimit to 1800.0
   Prev: 1e+100  Min: 0.0  Max: 1e+100  Default: 1e+100
Changed value of parameter Method to 2
   Prev: -1  Min: -1  Max: 4  Default: -1
Changed value of parameter MIPFocus to 1
   Prev: 0  Min: 0  Max: 3  Default: 0
Optimize a model with 4102 rows, 6003 columns and 12006 nonzeros
Variable types: 0 continuous, 6003 integer (6003 binary)
Coefficient statistics:
  Matrix range     [1e+00, 5e+00]
  Objective range  [1e+00, 1e+00]
  Bounds range     [1e+00, 1e+00]
  RHS range        [8e+01, 8e+01]
Found heuristic solution: objective 0
Presolve removed 4041 rows and 4263 columns
Presolve time: 0.01s
Presolved: 61 rows, 1740 columns, 2746 nonzeros
Found heuristic solution: objective -1601.545032
Variable types: 0 continuous, 1740 integer (1655 binary)
Presolved: 61 rows, 1740 columns, 2746 nonzeros

Root barrier log...

Ordering time: 0.00s

Barrier statistics:
 AA' NZ     : 8.690e+02
 Factor NZ  : 1.891e+03 (roughly 1 MByte of memory)
 Factor Ops : 7.753e+04 (less than 1 second per iteration)
 Threads    : 1

                  Objective                Residual
Iter       Primal          Dual         Primal    Dual     Compl     Time
   0  -3.17827980e+03 -3.17572366e+03  1.45e+01 4.44e-16  1.15e+00     0s
   1  -1.84283535e+03 -2.33673261e+03  1.95e+00 1.34e-01  2.65e-01     0s
   2  -1.70637938e+03 -1.84981810e+03  4.41e-02 1.86e-02  4.31e-02     0s
   3  -1.73543862e+03 -1.76254380e+03  3.08e-03 3.75e-03  7.85e-03     0s
   4  -1.73975881e+03 -1.74667234e+03  5.35e-04 5.26e-04  2.00e-03     0s
   5  -1.74107729e+03 -1.74184683e+03  3.34e-05 1.78e-15  2.23e-04     0s
   6  -1.74133486e+03 -1.74157334e+03  5.74e-06 1.78e-15  6.84e-05     0s
   7  -1.74137273e+03 -1.74147133e+03  2.60e-06 1.78e-15  2.84e-05     0s
   8  -1.74139901e+03 -1.74143771e+03  7.10e-07 1.78e-15  1.11e-05     0s
   9  -1.74141036e+03 -1.74142501e+03  1.42e-07 1.78e-15  4.19e-06     0s
  10  -1.74141439e+03 -1.74141787e+03  0.00e+00 1.78e-15  9.95e-07     0s
  11  -1.74141553e+03 -1.74141623e+03  0.00e+00 1.78e-15  1.99e-07     0s
  12  -1.74141569e+03 -1.74141570e+03  0.00e+00 1.78e-15  6.68e-10     0s

Barrier solved model in 12 iterations and 0.02 seconds
Optimal objective -1.74141569e+03


Root relaxation: objective -1.741416e+03, 151 iterations, 0.01 seconds

    Nodes    |    Current Node    |     Objective Bounds      |     Work
 Expl Unexpl |  Obj  Depth IntInf | Incumbent    BestBd   Gap | It/Node Time

     0     0 -1741.4157    0    9 -1601.5450 -1741.4157  8.73%     -    0s
H    0     0                    -1738.104932 -1741.4157  0.19%     -    0s

Explored 0 nodes (155 simplex iterations) in 0.02 seconds
Thread count was 20 (of 20 available processors)

Solution count 3: -1738.1 -1601.55 -168.347 
Pool objective bound -1741.42

Optimal solution found (tolerance 5.00e-02)
Best objective -1.738104932000e+03, best bound -1.741415696000e+03, gap 0.1905%
Changed value of parameter MIPGap to 0.05
   Prev: 0.0001  Min: 0.0  Max: 1e+100  Default: 0.0001
Changed value of parameter TimeLimit to 1800.0
   Prev: 1e+100  Min: 0.0  Max: 1e+100  Default: 1e+100
Changed value of parameter Method to 2
   Prev: -1  Min: -1  Max: 4  Default: -1
Changed value of parameter MIPFocus to 1
   Prev: 0  Min: 0  Max: 3  Default: 0
Optimize a model with 4102 rows, 6003 columns and 12006 nonzeros
Variable types: 0 continuous, 6003 integer (6003 binary)
Coefficient statistics:
  Matrix range     [1e+00, 5e+00]
  Objective range  [1e+00, 1e+00]
  Bounds range     [1e+00, 1e+00]
  RHS range        [8e+01, 8e+01]
Found heuristic solution: objective 0
Presolve removed 4041 rows and 4263 columns
Presolve time: 0.01s
Presolved: 61 rows, 1740 columns, 2746 nonzeros
Found heuristic solution: objective -1605.090064
Variable types: 0 continuous, 1740 integer (1655 binary)
Presolved: 61 rows, 1740 columns, 2746 nonzeros

Root barrier log...

Ordering time: 0.00s

Barrier statistics:
 AA' NZ     : 8.690e+02
 Factor NZ  : 1.891e+03 (roughly 1 MByte of memory)
 Factor Ops : 7.753e+04 (less than 1 second per iteration)
 Threads    : 1

                  Objective                Residual
Iter       Primal          Dual         Primal    Dual     Compl     Time
   0  -3.18444156e+03 -3.18146996e+03  1.45e+01 8.88e-16  1.16e+00     0s
   1  -1.84588748e+03 -2.34058608e+03  1.94e+00 1.33e-01  2.65e-01     0s
   2  -1.71339302e+03 -1.84724228e+03  9.24e-02 1.52e-02  4.28e-02     0s
   3  -1.73859111e+03 -1.76470565e+03  5.92e-03 2.83e-03  7.74e-03     0s
   4  -1.74225472e+03 -1.75013371e+03  1.72e-03 2.69e-04  2.34e-03     0s
   5  -1.74407350e+03 -1.74522300e+03  2.22e-04 1.78e-15  3.41e-04     0s
   6  -1.74436623e+03 -1.74476227e+03  6.65e-05 1.78e-15  1.17e-04     0s
   7  -1.74445099e+03 -1.74462332e+03  2.86e-05 1.78e-15  5.08e-05     0s
   8  -1.74450422e+03 -1.74456852e+03  8.26e-06 1.78e-15  1.88e-05     0s
   9  -1.74452346e+03 -1.74454695e+03  1.99e-06 1.78e-15  6.80e-06     0s
  10  -1.74452946e+03 -1.74453518e+03  3.03e-07 1.78e-15  1.65e-06     0s
  11  -1.74453117e+03 -1.74453229e+03  3.51e-09 1.78e-15  3.18e-07     0s
  12  -1.74453139e+03 -1.74453139e+03  0.00e+00 1.78e-15  1.50e-09     0s

Barrier solved model in 12 iterations and 0.02 seconds
Optimal objective -1.74453139e+03


Root relaxation: objective -1.744531e+03, 150 iterations, 0.01 seconds

    Nodes    |    Current Node    |     Objective Bounds      |     Work
 Expl Unexpl |  Obj  Depth IntInf | Incumbent    BestBd   Gap | It/Node Time

     0     0 -1744.5314    0    9 -1605.0901 -1744.5314  8.69%     -    0s
H    0     0                    -1741.209864 -1744.5314  0.19%     -    0s

Explored 0 nodes (154 simplex iterations) in 0.02 seconds
Thread count was 20 (of 20 available processors)

Solution count 3: -1741.21 -1605.09 -168.695 
Pool objective bound -1744.53

Optimal solution found (tolerance 5.00e-02)
Best objective -1.741209864000e+03, best bound -1.744531392000e+03, gap 0.1908%
Changed value of parameter MIPGap to 0.05
   Prev: 0.0001  Min: 0.0  Max: 1e+100  Default: 0.0001
Changed value of parameter TimeLimit to 1800.0
   Prev: 1e+100  Min: 0.0  Max: 1e+100  Default: 1e+100
Changed value of parameter Method to 2
   Prev: -1  Min: -1  Max: 4  Default: -1
Changed value of parameter MIPFocus to 1
   Prev: 0  Min: 0  Max: 3  Default: 0
Optimize a model with 4102 rows, 6003 columns and 12006 nonzeros
Variable types: 0 continuous, 6003 integer (6003 binary)
Coefficient statistics:
  Matrix range     [1e+00, 5e+00]
  Objective range  [1e+00, 1e+00]
  Bounds range     [1e+00, 1e+00]
  RHS range        [8e+01, 8e+01]
Found heuristic solution: objective 0
Presolve removed 4041 rows and 4263 columns
Presolve time: 0.01s
Presolved: 61 rows, 1740 columns, 2746 nonzeros
Found heuristic solution: objective -1612.180128
Variable types: 0 continuous, 1740 integer (1655 binary)
Presolved: 61 rows, 1740 columns, 2746 nonzeros

Root barrier log...

Ordering time: 0.00s

Barrier statistics:
 AA' NZ     : 8.690e+02
 Factor NZ  : 1.891e+03 (roughly 1 MByte of memory)
 Factor Ops : 7.753e+04 (less than 1 second per iteration)
 Threads    : 1

                  Objective                Residual
Iter       Primal          Dual         Primal    Dual     Compl     Time
   0  -3.19676509e+03 -3.19296254e+03  1.45e+01 4.44e-16  1.16e+00     0s
   1  -1.85199251e+03 -2.34829536e+03  1.93e+00 1.33e-01  2.65e-01     0s
   2  -1.71986310e+03 -1.84992072e+03  9.52e-02 1.40e-02  4.19e-02     0s
   3  -1.74467225e+03 -1.77038645e+03  6.65e-03 2.15e-03  7.66e-03     0s
   4  -1.74837081e+03 -1.75618346e+03  1.95e-03 4.52e-04  2.33e-03     0s
   5  -1.74991220e+03 -1.75188576e+03  5.49e-04 1.78e-15  5.94e-04     0s
   6  -1.75041929e+03 -1.75115870e+03  1.93e-04 1.78e-15  2.22e-04     0s
   7  -1.75060184e+03 -1.75092274e+03  8.06e-05 1.78e-15  9.61e-05     0s
   8  -1.75070246e+03 -1.75083269e+03  2.69e-05 1.78e-15  3.86e-05     0s
   9  -1.75074347e+03 -1.75079215e+03  7.52e-06 1.78e-15  1.43e-05     0s
  10  -1.75075842e+03 -1.75076980e+03  1.19e-06 1.78e-15  3.31e-06     0s
  11  -1.75076207e+03 -1.75076444e+03  1.13e-07 1.78e-15  6.81e-07     0s
  12  -1.75076276e+03 -1.75076280e+03  0.00e+00 2.66e-15  1.06e-08     0s
  13  -1.75076278e+03 -1.75076278e+03  0.00e+00 1.78e-15  3.44e-13     0s

Barrier solved model in 13 iterations and 0.02 seconds
Optimal objective -1.75076278e+03


Root relaxation: objective -1.750763e+03, 17 iterations, 0.01 seconds

    Nodes    |    Current Node    |     Objective Bounds      |     Work
 Expl Unexpl |  Obj  Depth IntInf | Incumbent    BestBd   Gap | It/Node Time

     0     0 -1750.7628    0    9 -1612.1801 -1750.7628  8.60%     -    0s
H    0     0                    -1747.419728 -1750.7628  0.19%     -    0s

Explored 0 nodes (26 simplex iterations) in 0.02 seconds
Thread count was 20 (of 20 available processors)

Solution count 3: -1747.42 -1612.18 -169.389 
Pool objective bound -1750.76

Optimal solution found (tolerance 5.00e-02)
Best objective -1.747419728000e+03, best bound -1.750762784000e+03, gap 0.1913%
Changed value of parameter MIPGap to 0.05
   Prev: 0.0001  Min: 0.0  Max: 1e+100  Default: 0.0001
Changed value of parameter TimeLimit to 1800.0
   Prev: 1e+100  Min: 0.0  Max: 1e+100  Default: 1e+100
Changed value of parameter Method to 2
   Prev: -1  Min: -1  Max: 4  Default: -1
Changed value of parameter MIPFocus to 1
   Prev: 0  Min: 0  Max: 3  Default: 0
Optimize a model with 4102 rows, 6003 columns and 12006 nonzeros
Variable types: 0 continuous, 6003 integer (6003 binary)
Coefficient statistics:
  Matrix range     [1e+00, 5e+00]
  Objective range  [1e+00, 1e+00]
  Bounds range     [1e+00, 1e+00]
  RHS range        [8e+01, 8e+01]
Found heuristic solution: objective 0
Presolve removed 4041 rows and 4263 columns
Presolve time: 0.01s
Presolved: 61 rows, 1740 columns, 2746 nonzeros
Found heuristic solution: objective -1615.725160
Variable types: 0 continuous, 1740 integer (1655 binary)
Presolved: 61 rows, 1740 columns, 2746 nonzeros

Root barrier log...

Ordering time: 0.00s

Barrier statistics:
 AA' NZ     : 8.690e+02
 Factor NZ  : 1.891e+03 (roughly 1 MByte of memory)
 Factor Ops : 7.753e+04 (less than 1 second per iteration)
 Threads    : 1

                  Objective                Residual
Iter       Primal          Dual         Primal    Dual     Compl     Time
   0  -3.20292685e+03 -3.19870884e+03  1.45e+01 4.44e-16  1.16e+00     0s
   1  -1.85504541e+03 -2.35215117e+03  1.93e+00 1.32e-01  2.65e-01     0s
   2  -1.72310116e+03 -1.85127677e+03  9.66e-02 1.34e-02  4.14e-02     0s
   3  -1.74770707e+03 -1.77318633e+03  7.06e-03 1.70e-03  7.62e-03     0s
   4  -1.75137837e+03 -1.75913476e+03  2.31e-03 2.18e-04  2.33e-03     0s
   5  -1.75280328e+03 -1.75514032e+03  8.24e-04 1.78e-15  7.13e-04     0s
   6  -1.75336347e+03 -1.75433385e+03  3.59e-04 1.78e-15  2.97e-04     0s
   7  -1.75366140e+03 -1.75404224e+03  1.37e-04 1.78e-15  1.16e-04     0s
   8  -1.75379489e+03 -1.75394368e+03  4.86e-05 1.78e-15  4.52e-05     0s
   9  -1.75384607e+03 -1.75390591e+03  1.77e-05 1.78e-15  1.81e-05     0s
  10  -1.75387123e+03 -1.75388624e+03  3.27e-06 1.78e-15  4.47e-06     0s
  11  -1.75387735e+03 -1.75387960e+03  3.76e-07 1.78e-15  6.63e-07     0s
  12  -1.75387847e+03 -1.75387848e+03  0.00e+00 1.78e-15  3.37e-09     0s

Barrier solved model in 12 iterations and 0.02 seconds
Optimal objective -1.75387847e+03


Root relaxation: objective -1.753878e+03, 175 iterations, 0.01 seconds

    Nodes    |    Current Node    |     Objective Bounds      |     Work
 Expl Unexpl |  Obj  Depth IntInf | Incumbent    BestBd   Gap | It/Node Time

     0     0 -1753.8785    0    9 -1615.7252 -1753.8785  8.55%     -    0s
H    0     0                    -1750.524660 -1753.8785  0.19%     -    0s

Explored 0 nodes (182 simplex iterations) in 0.02 seconds
Thread count was 20 (of 20 available processors)

Solution count 3: -1750.52 -1615.73 -169.736 
Pool objective bound -1753.88

Optimal solution found (tolerance 5.00e-02)
Best objective -1.750524660000e+03, best bound -1.753878480000e+03, gap 0.1916%
Changed value of parameter MIPGap to 0.05
   Prev: 0.0001  Min: 0.0  Max: 1e+100  Default: 0.0001
Changed value of parameter TimeLimit to 1800.0
   Prev: 1e+100  Min: 0.0  Max: 1e+100  Default: 1e+100
Changed value of parameter Method to 2
   Prev: -1  Min: -1  Max: 4  Default: -1
Changed value of parameter MIPFocus to 1
   Prev: 0  Min: 0  Max: 3  Default: 0
Optimize a model with 4102 rows, 6003 columns and 12006 nonzeros
Variable types: 0 continuous, 6003 integer (6003 binary)
Coefficient statistics:
  Matrix range     [1e+00, 5e+00]
  Objective range  [1e+00, 1e+00]
  Bounds range     [1e+00, 1e+00]
  RHS range        [8e+01, 8e+01]
Found heuristic solution: objective 0
Presolve removed 4041 rows and 4263 columns
Presolve time: 0.01s
Presolved: 61 rows, 1740 columns, 2746 nonzeros
Found heuristic solution: objective -1633.450320
Variable types: 0 continuous, 1740 integer (1655 binary)
Presolved: 61 rows, 1740 columns, 2746 nonzeros

Root barrier log...

Ordering time: 0.00s

Barrier statistics:
 AA' NZ     : 8.690e+02
 Factor NZ  : 1.891e+03 (roughly 1 MByte of memory)
 Factor Ops : 7.753e+04 (less than 1 second per iteration)
 Threads    : 1

                  Objective                Residual
Iter       Primal          Dual         Primal    Dual     Compl     Time
   0  -3.23373565e+03 -3.22744030e+03  1.45e+01 4.44e-16  1.17e+00     0s
   1  -1.87031378e+03 -2.37144189e+03  1.91e+00 1.31e-01  2.66e-01     0s
   2  -1.73498894e+03 -1.87203068e+03  5.00e-02 1.55e-02  4.16e-02     0s
   3  -1.76325267e+03 -1.78904946e+03  2.11e-03 2.48e-03  7.43e-03     0s
   4  -1.76789143e+03 -1.77620054e+03  1.80e-04 9.04e-04  2.36e-03     0s
   5  -1.76850282e+03 -1.77137339e+03  7.97e-05 1.21e-04  8.18e-04     0s
   6  -1.76890992e+03 -1.77043201e+03  3.48e-05 4.57e-05  4.34e-04     0s
   7  -1.76918192e+03 -1.76983608e+03  1.22e-05 7.49e-06  1.86e-04     0s
   8  -1.76935758e+03 -1.76961618e+03  2.30e-06 1.38e-06  7.36e-05     0s
   9  -1.76941012e+03 -1.76951669e+03  9.32e-07 1.78e-15  3.03e-05     0s
  10  -1.76944939e+03 -1.76947142e+03  0.00e+00 1.78e-15  6.25e-06     0s
  11  -1.76945639e+03 -1.76945772e+03  0.00e+00 1.78e-15  3.78e-07     0s
  12  -1.76945696e+03 -1.76945696e+03  0.00e+00 1.78e-15  3.85e-10     0s

Barrier solved model in 12 iterations and 0.02 seconds
Optimal objective -1.76945696e+03


Root relaxation: objective -1.769457e+03, 40 iterations, 0.01 seconds

    Nodes    |    Current Node    |     Objective Bounds      |     Work
 Expl Unexpl |  Obj  Depth IntInf | Incumbent    BestBd   Gap | It/Node Time

     0     0 -1769.4570    0    9 -1633.4503 -1769.4570  8.33%     -    0s
H    0     0                    -1766.049320 -1769.4570  0.19%     -    0s

Explored 0 nodes (47 simplex iterations) in 0.02 seconds
Thread count was 20 (of 20 available processors)

Solution count 3: -1766.05 -1633.45 -171.473 
Pool objective bound -1769.46

Optimal solution found (tolerance 5.00e-02)
Best objective -1.766049320000e+03, best bound -1.769456960000e+03, gap 0.1930%
Changed value of parameter MIPGap to 0.05
   Prev: 0.0001  Min: 0.0  Max: 1e+100  Default: 0.0001
Changed value of parameter TimeLimit to 1800.0
   Prev: 1e+100  Min: 0.0  Max: 1e+100  Default: 1e+100
Changed value of parameter Method to 2
   Prev: -1  Min: -1  Max: 4  Default: -1
Changed value of parameter MIPFocus to 1
   Prev: 0  Min: 0  Max: 3  Default: 0
Optimize a model with 4102 rows, 6003 columns and 12006 nonzeros
Variable types: 0 continuous, 6003 integer (6003 binary)
Coefficient statistics:
  Matrix range     [1e+00, 5e+00]
  Objective range  [1e+00, 1e+00]
  Bounds range     [1e+00, 1e+00]
  RHS range        [8e+01, 8e+01]
Found heuristic solution: objective 0
Presolve removed 4041 rows and 4263 columns
Presolve time: 0.01s
Presolved: 61 rows, 1740 columns, 2746 nonzeros
Found heuristic solution: objective -1668.900640
Variable types: 0 continuous, 1740 integer (1655 binary)
Presolved: 61 rows, 1740 columns, 2746 nonzeros

Root barrier log...

Ordering time: 0.00s

Barrier statistics:
 AA' NZ     : 8.690e+02
 Factor NZ  : 1.891e+03 (roughly 1 MByte of memory)
 Factor Ops : 7.753e+04 (less than 1 second per iteration)
 Threads    : 1

                  Objective                Residual
Iter       Primal          Dual         Primal    Dual     Compl     Time
   0  -3.29535315e+03 -3.28490324e+03  1.45e+01 4.44e-16  1.19e+00     0s
   1  -1.90086993e+03 -2.41008120e+03  1.87e+00 1.28e-01  2.67e-01     0s
   2  -1.76670858e+03 -1.90782769e+03  5.22e-02 1.49e-02  4.29e-02     0s
   3  -1.79458837e+03 -1.81842952e+03  2.00e-03 2.77e-03  6.87e-03     0s
   4  -1.79915401e+03 -1.80661513e+03  3.53e-05 5.56e-04  2.11e-03     0s
   5  -1.79976098e+03 -1.80314727e+03  0.00e+00 1.79e-04  9.58e-04     0s
   6  -1.80012599e+03 -1.80173740e+03  0.00e+00 7.39e-05  4.56e-04     0s
   7  -1.80035841e+03 -1.80103549e+03  0.00e+00 1.68e-05  1.92e-04     0s
   8  -1.80051405e+03 -1.80079596e+03  0.00e+00 4.18e-06  7.98e-05     0s
   9  -1.80057520e+03 -1.80070627e+03  0.00e+00 1.53e-06  3.71e-05     0s
  10  -1.80060326e+03 -1.80063451e+03  0.00e+00 1.78e-15  8.84e-06     0s
  11  -1.80061368e+03 -1.80061477e+03  0.00e+00 1.78e-15  3.06e-07     0s
  12  -1.80061392e+03 -1.80061392e+03  0.00e+00 1.78e-15  3.07e-10     0s

Barrier solved model in 12 iterations and 0.02 seconds
Optimal objective -1.80061392e+03


Root relaxation: objective -1.800614e+03, 39 iterations, 0.01 seconds

    Nodes    |    Current Node    |     Objective Bounds      |     Work
 Expl Unexpl |  Obj  Depth IntInf | Incumbent    BestBd   Gap | It/Node Time

     0     0 -1800.6139    0    9 -1668.9006 -1800.6139  7.89%     -    0s
H    0     0                    -1797.098640 -1800.6139  0.20%     -    0s

Explored 0 nodes (44 simplex iterations) in 0.02 seconds
Thread count was 20 (of 20 available processors)

Solution count 3: -1797.1 -1668.9 -174.946 
Pool objective bound -1800.61

Optimal solution found (tolerance 5.00e-02)
Best objective -1.797098640000e+03, best bound -1.800613920000e+03, gap 0.1956%
Changed value of parameter MIPGap to 0.05
   Prev: 0.0001  Min: 0.0  Max: 1e+100  Default: 0.0001
Changed value of parameter TimeLimit to 1800.0
   Prev: 1e+100  Min: 0.0  Max: 1e+100  Default: 1e+100
Changed value of parameter Method to 2
   Prev: -1  Min: -1  Max: 4  Default: -1
Changed value of parameter MIPFocus to 1
   Prev: 0  Min: 0  Max: 3  Default: 0
Optimize a model with 4102 rows, 6003 columns and 12006 nonzeros
Variable types: 0 continuous, 6003 integer (6003 binary)
Coefficient statistics:
  Matrix range     [1e+00, 5e+00]
  Objective range  [1e+00, 1e+00]
  Bounds range     [1e+00, 1e+00]
  RHS range        [8e+01, 8e+01]
Found heuristic solution: objective 0
Presolve removed 4041 rows and 4263 columns
Presolve time: 0.01s
Presolved: 61 rows, 1740 columns, 2746 nonzeros
Found heuristic solution: objective -1739.801280
Variable types: 0 continuous, 1740 integer (1655 binary)
Presolved: 61 rows, 1740 columns, 2746 nonzeros

Root barrier log...

Ordering time: 0.00s

Barrier statistics:
 AA' NZ     : 8.690e+02
 Factor NZ  : 1.891e+03 (roughly 1 MByte of memory)
 Factor Ops : 7.753e+04 (less than 1 second per iteration)
 Threads    : 1

                  Objective                Residual
Iter       Primal          Dual         Primal    Dual     Compl     Time
   0  -3.41858786e+03 -3.39982910e+03  1.45e+01 4.44e-16  1.23e+00     0s
   1  -1.96207664e+03 -2.48942527e+03  1.78e+00 1.21e-01  2.71e-01     0s
   2  -1.83262252e+03 -1.96666525e+03  7.85e-02 9.61e-03  4.23e-02     0s
   3  -1.85160249e+03 -1.87896295e+03  2.29e-02 4.44e-15  8.98e-03     0s
   4  -1.86224526e+03 -1.86784624e+03  1.27e-03 1.78e-15  1.66e-03     0s
   5  -1.86310134e+03 -1.86568877e+03  5.76e-04 1.78e-15  7.65e-04     0s
   6  -1.86362618e+03 -1.86472873e+03  2.39e-04 1.78e-15  3.26e-04     0s
   7  -1.86386083e+03 -1.86439522e+03  1.12e-04 1.78e-15  1.58e-04     0s
   8  -1.86400168e+03 -1.86419377e+03  4.06e-05 1.78e-15  5.68e-05     0s
   9  -1.86405662e+03 -1.86413165e+03  1.59e-05 1.78e-15  2.22e-05     0s
  10  -1.86409628e+03 -1.86410215e+03  2.86e-07 1.78e-15  1.68e-06     0s
  11  -1.86409762e+03 -1.86409827e+03  2.34e-08 1.78e-15  1.85e-07     0s
  12  -1.86409776e+03 -1.86409776e+03  0.00e+00 1.78e-15  1.86e-10     0s

Barrier solved model in 12 iterations and 0.02 seconds
Optimal objective -1.86409776e+03


Root relaxation: objective -1.864098e+03, 25 iterations, 0.01 seconds

    Nodes    |    Current Node    |     Objective Bounds      |     Work
 Expl Unexpl |  Obj  Depth IntInf | Incumbent    BestBd   Gap | It/Node Time

     0     0 -1864.0978    0   33 -1739.8013 -1864.0978  7.14%     -    0s
H    0     0                    -1854.708160 -1864.0978  0.51%     -    0s

Explored 0 nodes (28 simplex iterations) in 0.03 seconds
Thread count was 20 (of 20 available processors)

Solution count 3: -1854.71 -1739.8 -181.891 
Pool objective bound -1864.1

Optimal solution found (tolerance 5.00e-02)
Best objective -1.854708160000e+03, best bound -1.864097760000e+03, gap 0.5063%
Changed value of parameter MIPGap to 0.05
   Prev: 0.0001  Min: 0.0  Max: 1e+100  Default: 0.0001
Changed value of parameter TimeLimit to 1800.0
   Prev: 1e+100  Min: 0.0  Max: 1e+100  Default: 1e+100
Changed value of parameter Method to 2
   Prev: -1  Min: -1  Max: 4  Default: -1
Changed value of parameter MIPFocus to 1
   Prev: 0  Min: 0  Max: 3  Default: 0
Optimize a model with 4102 rows, 6003 columns and 12006 nonzeros
Variable types: 0 continuous, 6003 integer (6003 binary)
Coefficient statistics:
  Matrix range     [1e+00, 5e+00]
  Objective range  [1e+00, 1e+00]
  Bounds range     [1e+00, 1e+00]
  RHS range        [8e+01, 8e+01]
Found heuristic solution: objective 0
Presolve removed 4041 rows and 4263 columns
Presolve time: 0.01s
Presolved: 61 rows, 1740 columns, 2746 nonzeros
Found heuristic solution: objective -1775.251600
Variable types: 0 continuous, 1740 integer (1655 binary)
Presolved: 61 rows, 1740 columns, 2746 nonzeros

Root barrier log...

Ordering time: 0.00s

Barrier statistics:
 AA' NZ     : 8.690e+02
 Factor NZ  : 1.891e+03 (roughly 1 MByte of memory)
 Factor Ops : 7.753e+04 (less than 1 second per iteration)
 Threads    : 1

                  Objective                Residual
Iter       Primal          Dual         Primal    Dual     Compl     Time
   0  -3.48020506e+03 -3.45729204e+03  1.45e+01 8.88e-16  1.24e+00     0s
   1  -1.99272296e+03 -2.52966021e+03  1.74e+00 1.17e-01  2.72e-01     0s
   2  -1.88722131e+03 -2.01480893e+03  2.00e-01 1.22e-02  4.69e-02     0s
   3  -1.89318719e+03 -1.91697649e+03  1.94e-02 2.66e-15  7.76e-03     0s
   4  -1.89672014e+03 -1.90319860e+03  3.03e-03 1.78e-15  2.00e-03     0s
   5  -1.89768945e+03 -1.90066194e+03  1.23e-03 1.78e-15  9.07e-04     0s
   6  -1.89813994e+03 -1.89966550e+03  6.06e-04 1.78e-15  4.64e-04     0s
   7  -1.89840364e+03 -1.89906829e+03  2.95e-04 1.78e-15  2.04e-04     0s
   8  -1.89853759e+03 -1.89883570e+03  1.57e-04 1.78e-15  9.29e-05     0s
   9  -1.89865231e+03 -1.89875747e+03  4.43e-05 1.78e-15  3.22e-05     0s
  10  -1.89869268e+03 -1.89871116e+03  7.10e-06 1.78e-15  5.63e-06     0s
  11  -1.89869938e+03 -1.89870356e+03  2.10e-06 1.78e-15  1.31e-06     0s
  12  -1.89870249e+03 -1.89870251e+03  0.00e+00 1.78e-15  3.83e-09     0s

Barrier solved model in 12 iterations and 0.02 seconds
Optimal objective -1.89870249e+03


Root relaxation: objective -1.898702e+03, 46 iterations, 0.01 seconds

    Nodes    |    Current Node    |     Objective Bounds      |     Work
 Expl Unexpl |  Obj  Depth IntInf | Incumbent    BestBd   Gap | It/Node Time

     0     0 -1898.7025    0   34 -1775.2516 -1898.7025  6.95%     -    0s
H    0     0                    -1889.980400 -1898.7025  0.46%     -    0s

Explored 0 nodes (50 simplex iterations) in 0.03 seconds
Thread count was 20 (of 20 available processors)

Solution count 3: -1889.98 -1775.25 -185.364 
Pool objective bound -1898.7

Optimal solution found (tolerance 5.00e-02)
Best objective -1.889980400000e+03, best bound -1.898702500000e+03, gap 0.4615%
Changed value of parameter MIPGap to 0.05
   Prev: 0.0001  Min: 0.0  Max: 1e+100  Default: 0.0001
Changed value of parameter TimeLimit to 1800.0
   Prev: 1e+100  Min: 0.0  Max: 1e+100  Default: 1e+100
Changed value of parameter Method to 2
   Prev: -1  Min: -1  Max: 4  Default: -1
Changed value of parameter MIPFocus to 1
   Prev: 0  Min: 0  Max: 3  Default: 0
Optimize a model with 4102 rows, 6003 columns and 12006 nonzeros
Variable types: 0 continuous, 6003 integer (6003 binary)
Coefficient statistics:
  Matrix range     [1e+00, 5e+00]
  Objective range  [1e+00, 2e+00]
  Bounds range     [1e+00, 1e+00]
  RHS range        [8e+01, 8e+01]
Found heuristic solution: objective 0
Presolve removed 4041 rows and 4263 columns
Presolve time: 0.01s
Presolved: 61 rows, 1740 columns, 2746 nonzeros
Found heuristic solution: objective -1952.503200
Variable types: 0 continuous, 1740 integer (1655 binary)
Presolved: 61 rows, 1740 columns, 2746 nonzeros

Root barrier log...

Ordering time: 0.00s

Barrier statistics:
 AA' NZ     : 8.690e+02
 Factor NZ  : 1.891e+03 (roughly 1 MByte of memory)
 Factor Ops : 7.753e+04 (less than 1 second per iteration)
 Threads    : 1

                  Objective                Residual
Iter       Primal          Dual         Primal    Dual     Compl     Time
   0  -3.78828978e+03 -3.74460670e+03  1.45e+01 8.88e-16  1.33e+00     0s
   1  -2.15148392e+03 -2.73167212e+03  1.59e+00 1.08e-01  2.82e-01     0s
   2  -2.06627224e+03 -2.18848662e+03  3.71e-01 8.97e-03  5.57e-02     0s
   3  -2.06647375e+03 -2.09600412e+03  7.61e-02 1.24e-14  1.25e-02     0s
   4  -2.06887744e+03 -2.08026184e+03  2.96e-02 3.55e-15  4.82e-03     0s
   5  -2.07003468e+03 -2.07611032e+03  1.94e-02 1.78e-15  2.76e-03     0s
   6  -2.07109550e+03 -2.07459903e+03  1.13e-02 1.78e-15  1.60e-03     0s
   7  -2.07170667e+03 -2.07365580e+03  6.91e-03 1.78e-15  9.23e-04     0s
   8  -2.07213999e+03 -2.07318808e+03  4.00e-03 1.78e-15  5.12e-04     0s
   9  -2.07244011e+03 -2.07297671e+03  2.00e-03 1.78e-15  2.59e-04     0s
  10  -2.07260661e+03 -2.07285909e+03  9.52e-04 1.78e-15  1.23e-04     0s
  11  -2.07271520e+03 -2.07281797e+03  3.27e-04 1.78e-15  4.68e-05     0s
  12  -2.07275566e+03 -2.07278419e+03  1.14e-04 1.78e-15  1.43e-05     0s
  13  -2.07277827e+03 -2.07278179e+03  5.77e-06 1.78e-15  1.31e-06     0s
  14  -2.07278000e+03 -2.07278000e+03  0.00e+00 1.78e-15  1.44e-09     0s

Barrier solved model in 14 iterations and 0.02 seconds
Optimal objective -2.07278000e+03


Root relaxation: objective -2.072780e+03, 33 iterations, 0.01 seconds

    Nodes    |    Current Node    |     Objective Bounds      |     Work
 Expl Unexpl |  Obj  Depth IntInf | Incumbent    BestBd   Gap | It/Node Time

     0     0 -2072.7800    0   34 -1952.5032 -2072.7800  6.16%     -    0s
H    0     0                    -2061.960800 -2072.7800  0.52%     -    0s

Explored 0 nodes (35 simplex iterations) in 0.03 seconds
Thread count was 20 (of 20 available processors)

Solution count 3: -2061.96 -1952.5 -202.728 
Pool objective bound -2072.78

Optimal solution found (tolerance 5.00e-02)
Best objective -2.061960800000e+03, best bound -2.072780000000e+03, gap 0.5247%
Changed value of parameter MIPGap to 0.05
   Prev: 0.0001  Min: 0.0  Max: 1e+100  Default: 0.0001
Changed value of parameter TimeLimit to 1800.0
   Prev: 1e+100  Min: 0.0  Max: 1e+100  Default: 1e+100
Changed value of parameter Method to 2
   Prev: -1  Min: -1  Max: 4  Default: -1
Changed value of parameter MIPFocus to 1
   Prev: 0  Min: 0  Max: 3  Default: 0
Optimize a model with 4102 rows, 6003 columns and 12006 nonzeros
Variable types: 0 continuous, 6003 integer (6003 binary)
Coefficient statistics:
  Matrix range     [1e+00, 5e+00]
  Objective range  [1e+00, 3e+00]
  Bounds range     [1e+00, 1e+00]
  RHS range        [8e+01, 8e+01]
Found heuristic solution: objective 0
Presolve removed 4041 rows and 4263 columns
Presolve time: 0.01s
Presolved: 61 rows, 1740 columns, 2746 nonzeros
Found heuristic solution: objective -2311.111200
Variable types: 0 continuous, 1740 integer (1655 binary)
Presolved: 61 rows, 1740 columns, 2746 nonzeros

Root barrier log...

Ordering time: 0.00s

Barrier statistics:
 AA' NZ     : 8.690e+02
 Factor NZ  : 1.891e+03 (roughly 1 MByte of memory)
 Factor Ops : 7.753e+04 (less than 1 second per iteration)
 Threads    : 1

                  Objective                Residual
Iter       Primal          Dual         Primal    Dual     Compl     Time
   0  -4.40486160e+03 -4.37551297e+03  1.45e+01 8.88e-16  1.56e+00     0s
   1  -2.47511046e+03 -3.17914948e+03  1.36e+00 1.14e-01  3.16e-01     0s
   2  -2.41542899e+03 -2.55640842e+03  4.92e-01 6.94e-03  7.16e-02     0s
   3  -2.41504574e+03 -2.43345601e+03  1.04e-01 3.55e-15  1.15e-02     0s
   4  -2.41770507e+03 -2.42648082e+03  3.85e-02 1.78e-15  4.81e-03     0s
   5  -2.41882761e+03 -2.42336044e+03  2.29e-02 1.78e-15  2.66e-03     0s
   6  -2.41957149e+03 -2.42215383e+03  1.42e-02 1.78e-15  1.59e-03     0s
   7  -2.41991662e+03 -2.42164500e+03  1.04e-02 1.78e-15  1.11e-03     0s
   8  -2.42031573e+03 -2.42125697e+03  6.02e-03 1.78e-15  6.30e-04     0s
   9  -2.42059146e+03 -2.42107362e+03  3.22e-03 1.78e-15  3.30e-04     0s
  10  -2.42075970e+03 -2.42097446e+03  1.53e-03 1.78e-15  1.53e-04     0s
  11  -2.42083215e+03 -2.42095690e+03  8.17e-04 1.78e-15  8.47e-05     0s
  12  -2.42088722e+03 -2.42093835e+03  3.76e-04 1.78e-15  3.72e-05     0s
  13  -2.42090314e+03 -2.42093768e+03  2.43e-04 1.78e-15  2.45e-05     0s
  14  -2.42093189e+03 -2.42093532e+03  2.23e-05 1.78e-15  2.33e-06     0s
  15  -2.42093492e+03 -2.42093508e+03  1.18e-07 1.78e-15  5.49e-08     0s
  16  -2.42093500e+03 -2.42093500e+03  0.00e+00 1.78e-15  5.49e-11     0s

Barrier solved model in 16 iterations and 0.02 seconds
Optimal objective -2.42093500e+03


Root relaxation: objective -2.420935e+03, 29 iterations, 0.01 seconds

    Nodes    |    Current Node    |     Objective Bounds      |     Work
 Expl Unexpl |  Obj  Depth IntInf | Incumbent    BestBd   Gap | It/Node Time

     0     0 -2420.9350    0   34 -2311.1112 -2420.9350  4.75%     -    0s

Explored 0 nodes (29 simplex iterations) in 0.03 seconds
Thread count was 20 (of 20 available processors)

Solution count 2: -2311.11 -237.455 
Pool objective bound -2420.93

Optimal solution found (tolerance 5.00e-02)
Best objective -2.311111200000e+03, best bound -2.420935000000e+03, gap 4.7520%
Changed value of parameter MIPGap to 0.05
   Prev: 0.0001  Min: 0.0  Max: 1e+100  Default: 0.0001
Changed value of parameter TimeLimit to 1800.0
   Prev: 1e+100  Min: 0.0  Max: 1e+100  Default: 1e+100
Changed value of parameter Method to 2
   Prev: -1  Min: -1  Max: 4  Default: -1
Changed value of parameter MIPFocus to 1
   Prev: 0  Min: 0  Max: 3  Default: 0
Optimize a model with 4102 rows, 6003 columns and 12006 nonzeros
Variable types: 0 continuous, 6003 integer (6003 binary)
Coefficient statistics:
  Matrix range     [1e+00, 5e+00]
  Objective range  [1e+00, 5e+00]
  Bounds range     [1e+00, 1e+00]
  RHS range        [8e+01, 8e+01]
Found heuristic solution: objective 0
Presolve removed 4041 rows and 4263 columns
Presolve time: 0.01s
Presolved: 61 rows, 1740 columns, 2746 nonzeros
Found heuristic solution: objective -3023.222400
Variable types: 0 continuous, 1740 integer (1655 binary)
Presolved: 61 rows, 1740 columns, 2746 nonzeros

Root barrier log...

Ordering time: 0.00s

Barrier statistics:
 AA' NZ     : 8.690e+02
 Factor NZ  : 1.891e+03 (roughly 1 MByte of memory)
 Factor Ops : 7.753e+04 (less than 1 second per iteration)
 Threads    : 1

                  Objective                Residual
Iter       Primal          Dual         Primal    Dual     Compl     Time
   0  -5.63946923e+03 -5.86928078e+03  1.45e+01 8.88e-16  2.16e+00     0s
   1  -3.12035230e+03 -4.24494527e+03  9.84e-01 1.94e-01  4.32e-01     0s
   2  -3.08275121e+03 -3.30227504e+03  2.12e-01 1.30e-02  7.95e-02     0s
   3  -3.12215337e+03 -3.17252246e+03  6.08e-02 1.78e-15  1.90e-02     0s
   4  -3.13775072e+03 -3.15702927e+03  1.47e-02 1.78e-15  6.60e-03     0s
   5  -3.14156682e+03 -3.15017379e+03  7.37e-03 1.78e-15  3.01e-03     0s
   6  -3.14418681e+03 -3.14784544e+03  2.91e-03 1.78e-15  1.26e-03     0s
   7  -3.14550368e+03 -3.14680862e+03  8.14e-04 1.78e-15  4.33e-04     0s
   8  -3.14596934e+03 -3.14632403e+03  1.60e-04 1.78e-15  1.13e-04     0s
   9  -3.14607245e+03 -3.14619271e+03  3.13e-05 1.78e-15  3.65e-05     0s
  10  -3.14610151e+03 -3.14610503e+03  1.02e-06 1.78e-15  1.08e-06     0s
  11  -3.14610299e+03 -3.14610300e+03  3.14e-09 1.78e-15  3.11e-09     0s

Barrier solved model in 11 iterations and 0.02 seconds
Optimal objective -3.14610299e+03


Root relaxation: objective -3.146103e+03, 31 iterations, 0.01 seconds

    Nodes    |    Current Node    |     Objective Bounds      |     Work
 Expl Unexpl |  Obj  Depth IntInf | Incumbent    BestBd   Gap | It/Node Time

     0     0 -3146.1030    0   36 -3023.2224 -3146.1030  4.06%     -    0s

Explored 0 nodes (32 simplex iterations) in 0.03 seconds
Thread count was 20 (of 20 available processors)

Solution count 2: -3023.22 -306.91 
Pool objective bound -3146.1

Optimal solution found (tolerance 5.00e-02)
Best objective -3.023222400000e+03, best bound -3.146103000000e+03, gap 4.0646%
Changed value of parameter MIPGap to 0.05
   Prev: 0.0001  Min: 0.0  Max: 1e+100  Default: 0.0001
Changed value of parameter TimeLimit to 1800.0
   Prev: 1e+100  Min: 0.0  Max: 1e+100  Default: 1e+100
Changed value of parameter Method to 2
   Prev: -1  Min: -1  Max: 4  Default: -1
Changed value of parameter MIPFocus to 1
   Prev: 0  Min: 0  Max: 3  Default: 0
Optimize a model with 4102 rows, 6003 columns and 12006 nonzeros
Variable types: 0 continuous, 6003 integer (6003 binary)
Coefficient statistics:
  Matrix range     [1e+00, 5e+00]
  Objective range  [2e+00, 6e+00]
  Bounds range     [1e+00, 1e+00]
  RHS range        [8e+01, 8e+01]
Found heuristic solution: objective 0
Presolve removed 4041 rows and 4263 columns
Presolve time: 0.01s
Presolved: 61 rows, 1740 columns, 2746 nonzeros
Found heuristic solution: objective -3379.380000
Variable types: 0 continuous, 1740 integer (1655 binary)
Presolve removed 0 rows and 1 columns
Presolved: 61 rows, 1739 columns, 2745 nonzeros

Root barrier log...

Ordering time: 0.00s

Barrier statistics:
 AA' NZ     : 8.690e+02
 Factor NZ  : 1.891e+03 (roughly 1 MByte of memory)
 Factor Ops : 7.753e+04 (less than 1 second per iteration)
 Threads    : 1

                  Objective                Residual
Iter       Primal          Dual         Primal    Dual     Compl     Time
   0  -6.25543232e+03 -6.61551401e+03  1.45e+01 1.78e-15  2.47e+00     0s
   1  -3.45240164e+03 -4.78032942e+03  8.69e-01 2.35e-01  4.89e-01     0s
   2  -3.43722320e+03 -3.74523407e+03  1.72e-01 3.03e-02  1.03e-01     0s
   3  -3.50228741e+03 -3.55890423e+03  3.06e-02 2.66e-15  1.88e-02     0s
   4  -3.51892801e+03 -3.53593138e+03  5.95e-03 3.55e-15  5.34e-03     0s
   5  -3.52242642e+03 -3.52992121e+03  2.49e-03 1.78e-15  2.34e-03     0s
   6  -3.52426010e+03 -3.52693882e+03  8.71e-04 1.78e-15  8.37e-04     0s
   7  -3.52491237e+03 -3.52590999e+03  3.92e-04 2.66e-15  3.18e-04     0s
   8  -3.52530254e+03 -3.52562846e+03  1.09e-04 1.78e-15  1.02e-04     0s
   9  -3.52542645e+03 -3.52550801e+03  2.57e-05 1.78e-15  2.55e-05     0s
  10  -3.52546666e+03 -3.52546721e+03  1.02e-07 3.55e-15  1.67e-07     0s
  11  -3.52546700e+03 -3.52546700e+03  1.69e-12 1.78e-15  1.86e-12     0s

Barrier solved model in 11 iterations and 0.02 seconds
Optimal objective -3.52546700e+03


Root relaxation: objective -3.525467e+03, 22 iterations, 0.01 seconds

    Nodes    |    Current Node    |     Objective Bounds      |     Work
 Expl Unexpl |  Obj  Depth IntInf | Incumbent    BestBd   Gap | It/Node Time

     0     0 -3525.4670    0   39 -3379.3800 -3525.4670  4.32%     -    0s

Explored 0 nodes (25 simplex iterations) in 0.03 seconds
Thread count was 20 (of 20 available processors)

Solution count 2: -3379.38 -341.638 
Pool objective bound -3525.47

Optimal solution found (tolerance 5.00e-02)
Best objective -3.379380000000e+03, best bound -3.525467000000e+03, gap 4.3229%
Changed value of parameter MIPGap to 0.05
   Prev: 0.0001  Min: 0.0  Max: 1e+100  Default: 0.0001
Changed value of parameter TimeLimit to 1800.0
   Prev: 1e+100  Min: 0.0  Max: 1e+100  Default: 1e+100
Changed value of parameter Method to 2
   Prev: -1  Min: -1  Max: 4  Default: -1
Changed value of parameter MIPFocus to 1
   Prev: 0  Min: 0  Max: 3  Default: 0
Optimize a model with 4102 rows, 6003 columns and 12006 nonzeros
Variable types: 0 continuous, 6003 integer (6003 binary)
Coefficient statistics:
  Matrix range     [1e+00, 5e+00]
  Objective range  [2e+00, 1e+01]
  Bounds range     [1e+00, 1e+00]
  RHS range        [8e+01, 8e+01]
Found heuristic solution: objective 0
Presolve removed 4041 rows and 4263 columns
Presolve time: 0.01s
Presolved: 61 rows, 1740 columns, 2746 nonzeros
Found heuristic solution: objective -5161.472000
Variable types: 0 continuous, 1740 integer (1655 binary)
Presolved: 61 rows, 1740 columns, 2746 nonzeros

Root barrier log...

Ordering time: 0.00s

Barrier statistics:
 AA' NZ     : 8.690e+02
 Factor NZ  : 1.891e+03 (roughly 1 MByte of memory)
 Factor Ops : 7.753e+04 (less than 1 second per iteration)
 Threads    : 1

                  Objective                Residual
Iter       Primal          Dual         Primal    Dual     Compl     Time
   0  -9.34248746e+03 -1.03505842e+04  1.45e+01 1.78e-15  3.98e+00     0s
   1  -5.14960383e+03 -7.48007479e+03  5.57e-01 4.48e-01  7.76e-01     0s
   2  -5.22167482e+03 -5.81694537e+03  2.15e-01 6.94e-02  2.00e-01     0s
   3  -5.29714223e+03 -5.50215857e+03  1.22e-01 5.33e-15  7.43e-02     0s
   4  -5.40561495e+03 -5.45592569e+03  1.70e-02 3.55e-15  1.65e-02     0s
   5  -5.41995245e+03 -5.44172695e+03  7.35e-03 3.55e-15  7.15e-03     0s
   6  -5.42617825e+03 -5.43570668e+03  3.41e-03 3.55e-15  3.16e-03     0s
   7  -5.42941059e+03 -5.43338986e+03  1.54e-03 3.55e-15  1.33e-03     0s
   8  -5.43114238e+03 -5.43274480e+03  5.84e-04 3.55e-15  5.33e-04     0s
   9  -5.43210435e+03 -5.43239443e+03  5.50e-05 3.55e-15  8.97e-05     0s
  10  -5.43223833e+03 -5.43224345e+03  1.89e-07 3.55e-15  1.48e-06     0s
  11  -5.43224000e+03 -5.43224000e+03  4.03e-11 3.55e-15  1.59e-10     0s

Barrier solved model in 11 iterations and 0.07 seconds
Optimal objective -5.43224000e+03


Root relaxation: objective -5.432240e+03, 29 iterations, 0.06 seconds

    Nodes    |    Current Node    |     Objective Bounds      |     Work
 Expl Unexpl |  Obj  Depth IntInf | Incumbent    BestBd   Gap | It/Node Time

     0     0 -5432.2400    0   35 -5161.4720 -5432.2400  5.25%     -    0s
H    0     0                    -5408.632000 -5432.2400  0.44%     -    0s

Explored 0 nodes (40 simplex iterations) in 0.08 seconds
Thread count was 20 (of 20 available processors)

Solution count 3: -5408.63 -5161.47 -515.276 
Pool objective bound -5432.24

Optimal solution found (tolerance 5.00e-02)
Best objective -5.408632000000e+03, best bound -5.432240000000e+03, gap 0.4365%
Changed value of parameter MIPGap to 0.05
   Prev: 0.0001  Min: 0.0  Max: 1e+100  Default: 0.0001
Changed value of parameter TimeLimit to 1800.0
   Prev: 1e+100  Min: 0.0  Max: 1e+100  Default: 1e+100
Changed value of parameter Method to 2
   Prev: -1  Min: -1  Max: 4  Default: -1
Changed value of parameter MIPFocus to 1
   Prev: 0  Min: 0  Max: 3  Default: 0
Optimize a model with 4102 rows, 6003 columns and 12006 nonzeros
Variable types: 0 continuous, 6003 integer (6003 binary)
Coefficient statistics:
  Matrix range     [1e+00, 5e+00]
  Objective range  [3e+00, 2e+01]
  Bounds range     [1e+00, 1e+00]
  RHS range        [8e+01, 8e+01]
Found heuristic solution: objective 0
Presolve removed 4041 rows and 4263 columns
Presolve time: 0.01s
Presolved: 61 rows, 1740 columns, 2746 nonzeros
Found heuristic solution: objective -8721.760000
Variable types: 0 continuous, 1740 integer (1655 binary)
Presolved: 61 rows, 1740 columns, 2746 nonzeros

Root barrier log...

Ordering time: 0.00s

Barrier statistics:
 AA' NZ     : 8.690e+02
 Factor NZ  : 1.891e+03 (roughly 1 MByte of memory)
 Factor Ops : 7.753e+04 (less than 1 second per iteration)
 Threads    : 1

                  Objective                Residual
Iter       Primal          Dual         Primal    Dual     Compl     Time
   0  -1.55139548e+04 -1.79119499e+04  1.45e+01 3.55e-15  7.08e+00     0s
   1  -8.59687445e+03 -1.29573619e+04  3.45e-01 9.10e-01  1.37e+00     0s
   2  -8.80578000e+03 -9.90275651e+03  1.47e-01 1.39e-01  3.48e-01     0s
   3  -8.98540044e+03 -9.34205290e+03  7.25e-02 7.11e-15  1.18e-01     0s
   4  -9.19750961e+03 -9.27816437e+03  1.09e-02 7.11e-15  2.54e-02     0s
   5  -9.22698375e+03 -9.26109691e+03  4.48e-03 3.55e-15  1.07e-02     0s
   6  -9.24028445e+03 -9.25560487e+03  1.69e-03 7.11e-15  4.74e-03     0s
   7  -9.24717688e+03 -9.25115925e+03  3.81e-04 7.11e-15  1.22e-03     0s
   8  -9.24918244e+03 -9.24994439e+03  3.01e-05 7.11e-15  2.23e-04     0s
   9  -9.24939329e+03 -9.24943942e+03  3.61e-06 7.11e-15  1.40e-05     0s
  10  -9.24942396e+03 -9.24942403e+03  0.00e+00 7.11e-15  1.93e-08     0s
  11  -9.24942400e+03 -9.24942400e+03  4.40e-15 7.11e-15  1.95e-14     0s

Barrier solved model in 11 iterations and 0.02 seconds
Optimal objective -9.24942400e+03


Root relaxation: objective -9.249424e+03, 23 iterations, 0.01 seconds

    Nodes    |    Current Node    |     Objective Bounds      |     Work
 Expl Unexpl |  Obj  Depth IntInf | Incumbent    BestBd   Gap | It/Node Time

     0     0 -9249.4240    0   32 -8721.7600 -9249.4240  6.05%     -    0s
H    0     0                    -9211.632000 -9249.4240  0.41%     -    0s

Explored 0 nodes (29 simplex iterations) in 0.03 seconds
Thread count was 20 (of 20 available processors)

Solution count 3: -9211.63 -8721.76 -862.552 
Pool objective bound -9249.42

Optimal solution found (tolerance 5.00e-02)
Best objective -9.211632000000e+03, best bound -9.249424000000e+03, gap 0.4103%
Changed value of parameter MIPGap to 0.05
   Prev: 0.0001  Min: 0.0  Max: 1e+100  Default: 0.0001
Changed value of parameter TimeLimit to 1800.0
   Prev: 1e+100  Min: 0.0  Max: 1e+100  Default: 1e+100
Changed value of parameter Method to 2
   Prev: -1  Min: -1  Max: 4  Default: -1
Changed value of parameter MIPFocus to 1
   Prev: 0  Min: 0  Max: 3  Default: 0
Optimize a model with 4102 rows, 6003 columns and 12006 nonzeros
Variable types: 0 continuous, 6003 integer (6003 binary)
Coefficient statistics:
  Matrix range     [1e+00, 5e+00]
  Objective range  [6e+00, 4e+01]
  Bounds range     [1e+00, 1e+00]
  RHS range        [8e+01, 8e+01]
Found heuristic solution: objective 0
Presolve removed 4041 rows and 4263 columns
Presolve time: 0.01s
Presolved: 61 rows, 1740 columns, 2746 nonzeros
Found heuristic solution: objective -15855.52000
Variable types: 0 continuous, 1740 integer (1655 binary)
Presolved: 61 rows, 1740 columns, 2746 nonzeros

Root barrier log...

Ordering time: 0.00s

Barrier statistics:
 AA' NZ     : 8.690e+02
 Factor NZ  : 1.891e+03 (roughly 1 MByte of memory)
 Factor Ops : 7.753e+04 (less than 1 second per iteration)
 Threads    : 1

                  Objective                Residual
Iter       Primal          Dual         Primal    Dual     Compl     Time
   0  -2.78615932e+04 -3.46019025e+04  1.45e+01 7.11e-15  1.44e+01     0s
   1  -1.54339149e+04 -2.49013136e+04  1.97e-01 2.35e+00  2.85e+00     0s
   2  -1.59033443e+04 -1.82829602e+04  7.18e-02 3.79e-01  7.12e-01     0s
   3  -1.63445456e+04 -1.71568475e+04  3.08e-02 1.42e-14  2.45e-01     0s
   4  -1.67419560e+04 -1.69425869e+04  6.45e-03 1.42e-14  6.01e-02     0s
   5  -1.68138431e+04 -1.69123070e+04  3.15e-03 1.42e-14  2.95e-02     0s
   6  -1.68475266e+04 -1.69001891e+04  1.63e-03 1.07e-14  1.58e-02     0s
   7  -1.68722856e+04 -1.68933904e+04  5.84e-04 1.42e-14  6.29e-03     0s
   8  -1.68855783e+04 -1.68896712e+04  5.28e-05 1.42e-14  1.19e-03     0s
   9  -1.68873121e+04 -1.68882993e+04  6.01e-06 1.42e-14  2.83e-04     0s
  10  -1.68876136e+04 -1.68876189e+04  0.00e+00 1.42e-14  1.49e-06     0s
  11  -1.68876160e+04 -1.68876160e+04  0.00e+00 1.42e-14  5.61e-12     0s

Barrier solved model in 11 iterations and 0.02 seconds
Optimal objective -1.68876160e+04


Root relaxation: objective -1.688762e+04, 29 iterations, 0.01 seconds

    Nodes    |    Current Node    |     Objective Bounds      |     Work
 Expl Unexpl |  Obj  Depth IntInf | Incumbent    BestBd   Gap | It/Node Time

     0     0 -16887.616    0   34 -15855.520 -16887.616  6.51%     -    0s
H    0     0                    -16826.00000 -16887.616  0.37%     -    0s

Explored 0 nodes (37 simplex iterations) in 0.03 seconds
Thread count was 20 (of 20 available processors)

Solution count 3: -16826 -15855.5 -1557.1 
Pool objective bound -16887.6

Optimal solution found (tolerance 5.00e-02)
Best objective -1.682600000000e+04, best bound -1.688761600000e+04, gap 0.3662%
Changed value of parameter MIPGap to 0.05
   Prev: 0.0001  Min: 0.0  Max: 1e+100  Default: 0.0001
Changed value of parameter TimeLimit to 1800.0
   Prev: 1e+100  Min: 0.0  Max: 1e+100  Default: 1e+100
Changed value of parameter Method to 2
   Prev: -1  Min: -1  Max: 4  Default: -1
Changed value of parameter MIPFocus to 1
   Prev: 0  Min: 0  Max: 3  Default: 0
Optimize a model with 4102 rows, 6003 columns and 12006 nonzeros
Variable types: 0 continuous, 6003 integer (6003 binary)
Coefficient statistics:
  Matrix range     [1e+00, 5e+00]
  Objective range  [7e+00, 5e+01]
  Bounds range     [1e+00, 1e+00]
  RHS range        [8e+01, 8e+01]
Found heuristic solution: objective 0
Presolve removed 4041 rows and 4263 columns
Presolve time: 0.01s
Presolved: 61 rows, 1740 columns, 2746 nonzeros
Found heuristic solution: objective -19422.40000
Variable types: 0 continuous, 1740 integer (1655 binary)
Presolved: 61 rows, 1740 columns, 2746 nonzeros

Root barrier log...

Ordering time: 0.00s

Barrier statistics:
 AA' NZ     : 8.690e+02
 Factor NZ  : 1.891e+03 (roughly 1 MByte of memory)
 Factor Ops : 7.753e+04 (less than 1 second per iteration)
 Threads    : 1

                  Objective                Residual
Iter       Primal          Dual         Primal    Dual     Compl     Time
   0  -3.40350615e+04 -4.29468788e+04  1.45e+01 7.11e-15  1.80e+01     0s
   1  -1.88599952e+04 -3.08708254e+04  1.67e-01 3.08e+00  3.59e+00     0s
   2  -1.95844244e+04 -2.25889722e+04  5.60e-02 5.28e-01  8.90e-01     0s
   3  -2.00819788e+04 -2.10429854e+04  2.39e-02 1.42e-14  2.87e-01     0s
   4  -2.05085290e+04 -2.07592866e+04  6.48e-03 1.42e-14  7.53e-02     0s
   5  -2.05978094e+04 -2.07319743e+04  3.46e-03 1.42e-14  4.03e-02     0s
   6  -2.06427136e+04 -2.07206329e+04  1.97e-03 1.42e-14  2.34e-02     0s
   7  -2.06814518e+04 -2.07119797e+04  7.66e-04 2.13e-14  9.16e-03     0s
   8  -2.07012148e+04 -2.07095142e+04  1.62e-04 1.42e-14  2.46e-03     0s
   9  -2.07039352e+04 -2.07075645e+04  8.55e-05 1.42e-14  1.09e-03     0s
  10  -2.07071112e+04 -2.07073210e+04  0.00e+00 1.42e-14  5.95e-05     0s
  11  -2.07072192e+04 -2.07072226e+04  0.00e+00 1.42e-14  9.71e-07     0s
  12  -2.07072200e+04 -2.07072200e+04  0.00e+00 1.42e-14  9.71e-10     0s

Barrier solved model in 12 iterations and 0.02 seconds
Optimal objective -2.07072200e+04


Root relaxation: objective -2.070722e+04, 31 iterations, 0.01 seconds

    Nodes    |    Current Node    |     Objective Bounds      |     Work
 Expl Unexpl |  Obj  Depth IntInf | Incumbent    BestBd   Gap | It/Node Time

     0     0 -20707.220    0   32 -19422.400 -20707.220  6.62%     -    0s
H    0     0                    -20638.96000 -20707.220  0.33%     -    0s

Explored 0 nodes (39 simplex iterations) in 0.03 seconds
Thread count was 20 (of 20 available processors)

Solution count 3: -20639 -19422.4 -1904.38 
Pool objective bound -20707.2

Optimal solution found (tolerance 5.00e-02)
Best objective -2.063896000000e+04, best bound -2.070722000000e+04, gap 0.3307%
Changed value of parameter MIPGap to 0.05
   Prev: 0.0001  Min: 0.0  Max: 1e+100  Default: 0.0001
Changed value of parameter TimeLimit to 1800.0
   Prev: 1e+100  Min: 0.0  Max: 1e+100  Default: 1e+100
Changed value of parameter Method to 2
   Prev: -1  Min: -1  Max: 4  Default: -1
Changed value of parameter MIPFocus to 1
   Prev: 0  Min: 0  Max: 3  Default: 0
Optimize a model with 4102 rows, 6003 columns and 12006 nonzeros
Variable types: 0 continuous, 6003 integer (6003 binary)
Coefficient statistics:
  Matrix range     [1e+00, 5e+00]
  Objective range  [1e+01, 1e+02]
  Bounds range     [1e+00, 1e+00]
  RHS range        [8e+01, 8e+01]
Found heuristic solution: objective 0
Presolve removed 4041 rows and 4263 columns
Presolve time: 0.01s
Presolved: 61 rows, 1740 columns, 2746 nonzeros
Found heuristic solution: objective -37256.80000
Variable types: 0 continuous, 1740 integer (1655 binary)
Presolved: 61 rows, 1740 columns, 2746 nonzeros

Root barrier log...

Ordering time: 0.00s

Barrier statistics:
 AA' NZ     : 8.690e+02
 Factor NZ  : 1.891e+03 (roughly 1 MByte of memory)
 Factor Ops : 7.753e+04 (less than 1 second per iteration)
 Threads    : 1

                  Objective                Residual
Iter       Primal          Dual         Primal    Dual     Compl     Time
   0  -6.49017160e+04 -8.46717605e+04  1.45e+01 1.42e-14  3.63e+01     0s
   1  -3.60057623e+04 -6.07136235e+04  1.07e-01 6.71e+00  7.28e+00     0s
   2  -3.74199839e+04 -4.36472476e+04  3.17e-02 1.16e+00  1.81e+00     0s
   3  -3.85380887e+04 -4.04916995e+04  1.07e-02 2.84e-14  5.70e-01     0s
   4  -3.95207880e+04 -3.99141478e+04  1.47e-03 2.84e-14  1.14e-01     0s
   5  -3.96256913e+04 -3.98483362e+04  8.89e-04 2.84e-14  6.48e-02     0s
   6  -3.97080593e+04 -3.98226533e+04  4.60e-04 2.84e-14  3.34e-02     0s
   7  -3.97669216e+04 -3.98130995e+04  1.63e-04 2.84e-14  1.34e-02     0s
   8  -3.97993121e+04 -3.98091817e+04  1.67e-05 2.84e-14  2.85e-03     0s
   9  -3.98053294e+04 -3.98061470e+04  7.81e-07 4.26e-14  2.35e-04     0s
  10  -3.98058994e+04 -3.98059002e+04  0.00e+00 2.84e-14  2.36e-07     0s
  11  -3.98059000e+04 -3.98059000e+04  9.06e-16 2.84e-14  2.37e-13     0s

Barrier solved model in 11 iterations and 0.02 seconds
Optimal objective -3.98059000e+04


Root relaxation: objective -3.980590e+04, 33 iterations, 0.01 seconds

    Nodes    |    Current Node    |     Objective Bounds      |     Work
 Expl Unexpl |  Obj  Depth IntInf | Incumbent    BestBd   Gap | It/Node Time

     0     0 -39805.900    0   29 -37256.800 -39805.900  6.84%     -    0s
H    0     0                    -39675.92000 -39805.900  0.33%     -    0s

Explored 0 nodes (37 simplex iterations) in 0.03 seconds
Thread count was 20 (of 20 available processors)

Solution count 3: -39675.9 -37256.8 -3640.76 
Pool objective bound -39805.9

Optimal solution found (tolerance 5.00e-02)
Best objective -3.967592000000e+04, best bound -3.980588000000e+04, gap 0.3276%
Changed value of parameter MIPGap to 0.05
   Prev: 0.0001  Min: 0.0  Max: 1e+100  Default: 0.0001
Changed value of parameter TimeLimit to 1800.0
   Prev: 1e+100  Min: 0.0  Max: 1e+100  Default: 1e+100
Changed value of parameter Method to 2
   Prev: -1  Min: -1  Max: 4  Default: -1
Changed value of parameter MIPFocus to 1
   Prev: 0  Min: 0  Max: 3  Default: 0
Optimize a model with 4102 rows, 6003 columns and 12006 nonzeros
Variable types: 0 continuous, 6003 integer (6003 binary)
Coefficient statistics:
  Matrix range     [1e+00, 5e+00]
  Objective range  [2e+01, 2e+02]
  Bounds range     [1e+00, 1e+00]
  RHS range        [8e+01, 8e+01]
Found heuristic solution: objective 0
Presolve removed 4041 rows and 4263 columns
Presolve time: 0.01s
Presolved: 61 rows, 1740 columns, 2746 nonzeros
Found heuristic solution: objective -72925.60000
Variable types: 0 continuous, 1740 integer (1655 binary)
Presolved: 61 rows, 1740 columns, 2746 nonzeros

Root barrier log...

Ordering time: 0.00s

Barrier statistics:
 AA' NZ     : 8.690e+02
 Factor NZ  : 1.891e+03 (roughly 1 MByte of memory)
 Factor Ops : 7.753e+04 (less than 1 second per iteration)
 Threads    : 1

                  Objective                Residual
Iter       Primal          Dual         Primal    Dual     Compl     Time
   0  -1.26634346e+05 -1.68121524e+05  1.45e+01 3.91e-14  7.29e+01     0s
   1  -7.03129528e+04 -1.20394873e+05  7.62e-02 1.40e+01  1.47e+01     0s
   2  -7.33125965e+04 -8.57271939e+04  2.18e-02 2.43e+00  3.59e+00     0s
   3  -7.55626793e+04 -7.91418813e+04  8.12e-03 5.68e-14  1.04e+00     0s
   4  -7.74276136e+04 -7.83200840e+04  8.39e-04 5.68e-14  2.57e-01     0s
   5  -7.77581830e+04 -7.81146936e+04  2.92e-04 5.68e-14  1.03e-01     0s
   6  -7.79070462e+04 -7.80488732e+04  9.79e-05 5.68e-14  4.09e-02     0s
   7  -7.79633954e+04 -7.80150766e+04  3.30e-05 5.68e-14  1.49e-02     0s
   8  -7.79910360e+04 -7.80061612e+04  9.49e-06 5.68e-14  4.37e-03     0s
   9  -7.80007761e+04 -7.80046506e+04  1.66e-06 5.68e-14  1.12e-03     0s
  10  -7.80036223e+04 -7.80036391e+04  0.00e+00 5.68e-14  4.75e-06     0s
  11  -7.80036300e+04 -7.80036300e+04  0.00e+00 5.68e-14  1.04e-08     0s
  12  -7.80036300e+04 -7.80036300e+04  0.00e+00 5.68e-14  1.04e-11     0s

Barrier solved model in 12 iterations and 0.02 seconds
Optimal objective -7.80036300e+04


Root relaxation: objective -7.800363e+04, 27 iterations, 0.01 seconds

    Nodes    |    Current Node    |     Objective Bounds      |     Work
 Expl Unexpl |  Obj  Depth IntInf | Incumbent    BestBd   Gap | It/Node Time

     0     0 -78003.630    0   31 -72925.600 -78003.630  6.96%     -    0s
H    0     0                    -77734.44000 -78003.630  0.35%     -    0s

Explored 0 nodes (29 simplex iterations) in 0.03 seconds
Thread count was 20 (of 20 available processors)

Solution count 3: -77734.4 -72925.6 -7113.52 
Pool objective bound -78003.6

Optimal solution found (tolerance 5.00e-02)
Best objective -7.773444000000e+04, best bound -7.800360000000e+04, gap 0.3463%
Changed value of parameter MIPGap to 0.05
   Prev: 0.0001  Min: 0.0  Max: 1e+100  Default: 0.0001
Changed value of parameter TimeLimit to 1800.0
   Prev: 1e+100  Min: 0.0  Max: 1e+100  Default: 1e+100
Changed value of parameter Method to 2
   Prev: -1  Min: -1  Max: 4  Default: -1
Changed value of parameter MIPFocus to 1
   Prev: 0  Min: 0  Max: 3  Default: 0
Optimize a model with 4102 rows, 6003 columns and 12006 nonzeros
Variable types: 0 continuous, 6003 integer (6003 binary)
Coefficient statistics:
  Matrix range     [1e+00, 5e+00]
  Objective range  [6e+01, 5e+02]
  Bounds range     [1e+00, 1e+00]
  RHS range        [8e+01, 8e+01]
Found heuristic solution: objective 0
Presolve removed 4041 rows and 4263 columns
Presolve time: 0.01s
Presolved: 61 rows, 1740 columns, 2746 nonzeros
Found heuristic solution: objective -179932.0000
Variable types: 0 continuous, 1740 integer (1655 binary)
Presolved: 61 rows, 1740 columns, 2746 nonzeros

Root barrier log...

Ordering time: 0.00s

Barrier statistics:
 AA' NZ     : 8.690e+02
 Factor NZ  : 1.891e+03 (roughly 1 MByte of memory)
 Factor Ops : 7.753e+04 (less than 1 second per iteration)
 Threads    : 1

                  Objective                Residual
Iter       Primal          Dual         Primal    Dual     Compl     Time
   0  -3.11831697e+05 -4.18470814e+05  1.45e+01 8.53e-14  1.83e+02     0s
   1  -1.73247172e+05 -2.99435151e+05  5.79e-02 3.59e+01  3.68e+01     0s
   2  -1.81009748e+05 -2.11954359e+05  1.63e-02 6.21e+00  8.91e+00     0s
   3  -1.86588822e+05 -1.95378175e+05  6.02e-03 1.71e-13  2.54e+00     0s
   4  -1.91177437e+05 -1.93367451e+05  2.92e-04 1.14e-13  6.29e-01     0s
   5  -1.91995216e+05 -1.92875798e+05  7.20e-05 1.14e-13  2.53e-01     0s
   6  -1.92350484e+05 -1.92695643e+05  1.73e-05 1.14e-13  9.92e-02     0s
   7  -1.92499293e+05 -1.92625526e+05  1.95e-07 1.14e-13  3.63e-02     0s
   8  -1.92578754e+05 -1.92607537e+05  0.00e+00 1.14e-13  8.26e-03     0s
   9  -1.92597774e+05 -1.92598624e+05  0.00e+00 1.71e-13  2.42e-04     0s
  10  -1.92598150e+05 -1.92598150e+05  0.00e+00 1.71e-13  2.42e-07     0s
  11  -1.92598150e+05 -1.92598150e+05  1.86e-14 1.14e-13  2.45e-13     0s

Barrier solved model in 11 iterations and 0.02 seconds
Optimal objective -1.92598150e+05


Root relaxation: objective -1.925982e+05, 29 iterations, 0.01 seconds

    Nodes    |    Current Node    |     Objective Bounds      |     Work
 Expl Unexpl |  Obj  Depth IntInf | Incumbent    BestBd   Gap | It/Node Time

     0     0 -192598.15    0   30 -179932.00 -192598.15  7.04%     -    0s
H    0     0                    -191928.8000 -192598.15  0.35%     -    0s

Explored 0 nodes (33 simplex iterations) in 0.03 seconds
Thread count was 20 (of 20 available processors)

Solution count 3: -191929 -179932 -17531.8 
Pool objective bound -192598

Optimal solution found (tolerance 5.00e-02)
Best objective -1.919288000000e+05, best bound -1.925980000000e+05, gap 0.3487%
Changed value of parameter MIPGap to 0.05
   Prev: 0.0001  Min: 0.0  Max: 1e+100  Default: 0.0001
Changed value of parameter TimeLimit to 1800.0
   Prev: 1e+100  Min: 0.0  Max: 1e+100  Default: 1e+100
Changed value of parameter Method to 2
   Prev: -1  Min: -1  Max: 4  Default: -1
Changed value of parameter MIPFocus to 1
   Prev: 0  Min: 0  Max: 3  Default: 0
Optimize a model with 4102 rows, 6003 columns and 12006 nonzeros
Variable types: 0 continuous, 6003 integer (6003 binary)
Coefficient statistics:
  Matrix range     [1e+00, 5e+00]
  Objective range  [6e+02, 5e+03]
  Bounds range     [1e+00, 1e+00]
  RHS range        [8e+01, 8e+01]
Found heuristic solution: objective 0
Presolve removed 4041 rows and 4263 columns
Presolve time: 0.01s
Presolved: 61 rows, 1740 columns, 2746 nonzeros
Found heuristic solution: objective -1785028.000
Variable types: 0 continuous, 1740 integer (1655 binary)
Presolved: 61 rows, 1740 columns, 2746 nonzeros

Root barrier log...

Ordering time: 0.00s

Barrier statistics:
 AA' NZ     : 8.690e+02
 Factor NZ  : 1.891e+03 (roughly 1 MByte of memory)
 Factor Ops : 7.753e+04 (less than 1 second per iteration)
 Threads    : 1

                  Objective                Residual
Iter       Primal          Dual         Primal    Dual     Compl     Time
   0  -3.08979003e+06 -4.17371016e+06  1.45e+01 4.55e-13  1.83e+03     0s
   1  -1.71730595e+06 -2.98502745e+06  4.68e-02 3.64e+02  3.69e+02     0s
   2  -1.79653714e+06 -2.10530937e+06  1.32e-02 6.29e+01  8.87e+01     0s
   3  -1.85201275e+06 -1.93883795e+06  4.85e-03 1.82e-12  2.50e+01     0s
   4  -1.89727792e+06 -1.91908910e+06  0.00e+00 1.82e-12  6.26e+00     0s
   5  -1.90551478e+06 -1.91429947e+06  0.00e+00 9.09e-13  2.52e+00     0s
   6  -1.90905401e+06 -1.91241856e+06  0.00e+00 9.09e-13  9.65e-01     0s
   7  -1.91067046e+06 -1.91180453e+06  0.00e+00 9.09e-13  3.25e-01     0s
   8  -1.91135349e+06 -1.91158772e+06  0.00e+00 1.36e-12  6.71e-02     0s
   9  -1.91151534e+06 -1.91151682e+06  0.00e+00 1.82e-12  4.21e-04     0s
  10  -1.91151625e+06 -1.91151625e+06  0.00e+00 1.82e-12  4.21e-07     0s
  11  -1.91151625e+06 -1.91151625e+06  1.54e-14 1.82e-12  4.58e-13     0s

Barrier solved model in 11 iterations and 0.02 seconds
Optimal objective -1.91151625e+06


Root relaxation: objective -1.911516e+06, 29 iterations, 0.01 seconds

    Nodes    |    Current Node    |     Objective Bounds      |     Work
 Expl Unexpl |  Obj  Depth IntInf | Incumbent    BestBd   Gap | It/Node Time

     0     0 -1911516.2    0   30 -1785028.0 -1911516.2  7.09%     -    0s
H    0     0                    -1904888.000 -1911516.2  0.35%     -    0s

Explored 0 nodes (30 simplex iterations) in 0.03 seconds
Thread count was 20 (of 20 available processors)

Solution count 3: -1.90489e+06 -1.78503e+06 -173806 
Pool objective bound -1.91152e+06

Optimal solution found (tolerance 5.00e-02)
Best objective -1.904888000000e+06, best bound -1.911516000000e+06, gap 0.3479%
