Changed value of parameter MIPGap to 0.05
   Prev: 0.0001  Min: 0.0  Max: 1e+100  Default: 0.0001
Changed value of parameter TimeLimit to 1800.0
   Prev: 1e+100  Min: 0.0  Max: 1e+100  Default: 1e+100
Changed value of parameter Method to 2
   Prev: -1  Min: -1  Max: 4  Default: -1
Changed value of parameter MIPFocus to 1
   Prev: 0  Min: 0  Max: 3  Default: 0
Optimize a model with 16090 rows, 23985 columns and 47970 nonzeros
Variable types: 0 continuous, 23985 integer (23985 binary)
Coefficient statistics:
  Matrix range     [1e+00, 4e+00]
  Objective range  [1e+00, 1e+00]
  Bounds range     [1e+00, 1e+00]
  RHS range        [8e+01, 8e+01]
Found heuristic solution: objective 0
Presolve removed 15990 rows and 18612 columns
Presolve time: 0.15s
Presolved: 100 rows, 5373 columns, 10746 nonzeros
Variable types: 0 continuous, 5373 integer (2751 binary)
Presolved: 100 rows, 5373 columns, 10746 nonzeros

Root barrier log...

Ordering time: 0.00s

Barrier statistics:
 AA' NZ     : 4.768e+03
 Factor NZ  : 5.050e+03 (roughly 2 MBytes of memory)
 Factor Ops : 3.384e+05 (less than 1 second per iteration)
 Threads    : 1

                  Objective                Residual
Iter       Primal          Dual         Primal    Dual     Compl     Time
   0  -1.02953542e+04 -6.43662075e+03  1.00e+02 0.00e+00  1.33e+00     0s
   1  -1.94880053e+03 -3.88252228e+03  0.00e+00 1.11e-15  1.79e-01     0s
   2  -1.99708690e+03 -2.00791658e+03  3.68e-04 8.88e-16  1.00e-03     0s
   3  -1.99999704e+03 -2.00000791e+03  0.00e+00 8.88e-16  1.00e-06     0s
   4  -2.00000000e+03 -2.00000001e+03  0.00e+00 4.44e-16  1.00e-09     0s

Barrier solved model in 4 iterations and 0.50 seconds
Optimal objective -2.00000000e+03


Root relaxation: objective -2.000000e+03, 4544 iterations, 0.16 seconds

    Nodes    |    Current Node    |     Objective Bounds      |     Work
 Expl Unexpl |  Obj  Depth IntInf | Incumbent    BestBd   Gap | It/Node Time

*    0     0               0    -2000.000000 -2000.0000  0.00%     -    0s

Explored 0 nodes (4544 simplex iterations) in 0.58 seconds
Thread count was 20 (of 20 available processors)

Solution count 2: -2000 0 
Pool objective bound -2000

Optimal solution found (tolerance 5.00e-02)
Best objective -2.000000000000e+03, best bound -2.000000000000e+03, gap 0.0000%
(0, 1861.0)
(1, 1867.0)
(2, 1871.0)
(3, 1862.0)
(4, 1858.0)
(5, 1859.0)
(6, 1865.0)
(7, 1866.0)
(8, 1863.0)
(9, 1858.0)
(10, 1859.0)
(11, 1863.0)
(12, 1863.0)
(13, 1866.0)
(14, 1857.0)
(15, 1861.0)
(16, 1863.0)
(17, 1852.0)
(18, 1863.0)
(19, 1863.0)
(20, 1869.0)
(21, 1864.0)
(22, 1859.0)
(23, 1859.0)
(24, 1862.0)
(25, 1863.0)
(26, 1865.0)
(27, 1868.0)
(28, 1865.0)
(29, 1863.0)
(30, 1870.0)
(31, 1865.0)
(32, 1859.0)
(33, 1863.0)
(34, 1860.0)
(35, 1868.0)
(36, 1867.0)
(37, 1867.0)
(38, 1858.0)
(39, 1861.0)
(0, 1863.0)
(1, 1861.0)
(2, 1861.0)
(3, 1866.0)
(4, 1857.0)
(5, 1864.0)
(6, 1855.0)
(7, 1861.0)
(8, 1859.0)
(9, 1857.0)
(10, 1860.0)
(11, 1862.0)
(12, 1865.0)
(13, 1863.0)
(14, 1852.0)
(15, 1865.0)
(16, 1858.0)
(17, 1869.0)
(18, 1865.0)
(19, 1857.0)
(20, 1863.0)
(21, 1874.0)
(22, 1867.0)
(23, 1856.0)
(24, 1861.0)
(25, 1854.0)
(26, 1861.0)
(27, 1869.0)
(28, 1859.0)
(29, 1858.0)
(30, 1861.0)
(31, 1868.0)
(32, 1858.0)
(33, 1866.0)
(34, 1863.0)
(35, 1866.0)
(36, 1864.0)
(37, 1870.0)
(38, 1862.0)
(39, 1867.0)
Changed value of parameter MIPGap to 0.05
   Prev: 0.0001  Min: 0.0  Max: 1e+100  Default: 0.0001
Changed value of parameter TimeLimit to 1800.0
   Prev: 1e+100  Min: 0.0  Max: 1e+100  Default: 1e+100
Changed value of parameter Method to 2
   Prev: -1  Min: -1  Max: 4  Default: -1
Changed value of parameter MIPFocus to 1
   Prev: 0  Min: 0  Max: 3  Default: 0
Optimize a model with 16090 rows, 23985 columns and 47970 nonzeros
Variable types: 0 continuous, 23985 integer (23985 binary)
Coefficient statistics:
  Matrix range     [1e+00, 4e+00]
  Objective range  [1e+00, 1e+00]
  Bounds range     [1e+00, 1e+00]
  RHS range        [8e+01, 8e+01]
Found heuristic solution: objective 0
Presolve removed 15990 rows and 18612 columns
Presolve time: 0.04s
Presolved: 100 rows, 5373 columns, 10746 nonzeros
Variable types: 0 continuous, 5373 integer (2751 binary)
Presolved: 100 rows, 5373 columns, 10746 nonzeros

Root barrier log...

Ordering time: 0.00s

Barrier statistics:
 AA' NZ     : 4.768e+03
 Factor NZ  : 5.050e+03 (roughly 2 MBytes of memory)
 Factor Ops : 3.384e+05 (less than 1 second per iteration)
 Threads    : 1

                  Objective                Residual
Iter       Primal          Dual         Primal    Dual     Compl     Time
   0  -1.03035809e+04 -6.42408414e+03  1.00e+02 0.00e+00  1.33e+00     0s
   1  -1.94999219e+03 -3.87776923e+03  0.00e+00 8.88e-16  1.78e-01     0s
   2  -1.99809943e+03 -2.00888870e+03  3.68e-04 8.88e-16  9.98e-04     0s
   3  -2.00099705e+03 -2.00100788e+03  0.00e+00 8.88e-16  9.98e-07     0s
   4  -2.00100000e+03 -2.00100001e+03  0.00e+00 8.88e-16  9.98e-10     0s

Barrier solved model in 4 iterations and 0.05 seconds
Optimal objective -2.00100000e+03


Root relaxation: objective -2.001000e+03, 4544 iterations, 0.03 seconds

    Nodes    |    Current Node    |     Objective Bounds      |     Work
 Expl Unexpl |  Obj  Depth IntInf | Incumbent    BestBd   Gap | It/Node Time

*    0     0               0    -2001.000000 -2001.0000  0.00%     -    0s

Explored 0 nodes (4544 simplex iterations) in 0.08 seconds
Thread count was 20 (of 20 available processors)

Solution count 2: -2001 0 
Pool objective bound -2001

Optimal solution found (tolerance 5.00e-02)
Best objective -2.001000000000e+03, best bound -2.001000000000e+03, gap 0.0000%
(0, 1865.9325000000754)
(1, 1868.9340000000757)
(2, 1859.9295000000748)
(3, 1872.9360000000761)
(4, 1867.9335000000756)
(5, 1857.9285000000746)
(6, 1873.9365000000762)
(7, 1869.9345000000758)
(8, 1872.9360000000761)
(9, 1868.9340000000757)
(10, 1860.9300000000749)
(11, 1870.9350000000759)
(12, 1870.9350000000759)
(13, 1865.9325000000754)
(14, 1867.9335000000756)
(15, 1863.9315000000752)
(16, 1864.9320000000753)
(17, 1869.9345000000758)
(18, 1863.9315000000752)
(19, 1866.9330000000755)
(20, 1869.9345000000758)
(21, 1872.9360000000761)
(22, 1866.9330000000755)
(23, 1876.9380000000765)
(24, 1871.935500000076)
(25, 1869.9345000000758)
(26, 1866.9330000000755)
(27, 1866.9330000000755)
(28, 1861.930500000075)
(29, 1871.935500000076)
(30, 1875.9375000000764)
(31, 1865.9325000000754)
(32, 1873.9365000000762)
(33, 1866.9330000000755)
(34, 1871.935500000076)
(35, 1870.9350000000759)
(36, 1862.9310000000751)
(37, 1868.9340000000757)
(38, 1865.9325000000754)
(39, 1858.9290000000747)
(0, 1859.9295000000748)
(1, 1868.9340000000757)
(2, 1864.9320000000753)
(3, 1863.9315000000752)
(4, 1867.9335000000756)
(5, 1863.9315000000752)
(6, 1863.9315000000752)
(7, 1868.9340000000757)
(8, 1871.935500000076)
(9, 1867.9335000000756)
(10, 1869.9345000000758)
(11, 1865.9325000000754)
(12, 1866.9330000000755)
(13, 1863.9315000000752)
(14, 1875.9375000000764)
(15, 1872.9360000000761)
(16, 1858.9290000000747)
(17, 1869.9345000000758)
(18, 1867.9335000000756)
(19, 1861.930500000075)
(20, 1859.9295000000748)
(21, 1870.9350000000759)
(22, 1863.9315000000752)
(23, 1860.9300000000749)
(24, 1869.9345000000758)
(25, 1865.9325000000754)
(26, 1862.9310000000751)
(27, 1867.9335000000756)
(28, 1862.9310000000751)
(29, 1870.9350000000759)
(30, 1864.9320000000753)
(31, 1866.9330000000755)
(32, 1865.9325000000754)
(33, 1862.9310000000751)
(34, 1856.9280000000745)
(35, 1856.9280000000745)
(36, 1865.9325000000754)
(37, 1856.9280000000745)
(38, 1861.930500000075)
(39, 1866.9330000000755)
Changed value of parameter MIPGap to 0.05
   Prev: 0.0001  Min: 0.0  Max: 1e+100  Default: 0.0001
Changed value of parameter TimeLimit to 1800.0
   Prev: 1e+100  Min: 0.0  Max: 1e+100  Default: 1e+100
Changed value of parameter Method to 2
   Prev: -1  Min: -1  Max: 4  Default: -1
Changed value of parameter MIPFocus to 1
   Prev: 0  Min: 0  Max: 3  Default: 0
Optimize a model with 16090 rows, 23985 columns and 47970 nonzeros
Variable types: 0 continuous, 23985 integer (23985 binary)
Coefficient statistics:
  Matrix range     [1e+00, 4e+00]
  Objective range  [1e+00, 1e+00]
  Bounds range     [1e+00, 1e+00]
  RHS range        [8e+01, 8e+01]
Found heuristic solution: objective 0
Presolve removed 15990 rows and 18612 columns
Presolve time: 0.04s
Presolved: 100 rows, 5373 columns, 10746 nonzeros
Variable types: 0 continuous, 5373 integer (2751 binary)
Presolved: 100 rows, 5373 columns, 10746 nonzeros

Root barrier log...

Ordering time: 0.00s

Barrier statistics:
 AA' NZ     : 4.768e+03
 Factor NZ  : 5.050e+03 (roughly 2 MBytes of memory)
 Factor Ops : 3.384e+05 (less than 1 second per iteration)
 Threads    : 1

                  Objective                Residual
Iter       Primal          Dual         Primal    Dual     Compl     Time
   0  -1.03118070e+04 -6.41154753e+03  1.00e+02 0.00e+00  1.33e+00     0s
   1  -1.95118400e+03 -3.87301622e+03  0.00e+00 8.88e-16  1.78e-01     0s
   2  -1.99911197e+03 -2.00986080e+03  3.68e-04 8.88e-16  9.94e-04     0s
   3  -2.00199707e+03 -2.00200785e+03  0.00e+00 8.88e-16  9.94e-07     0s
   4  -2.00200000e+03 -2.00200001e+03  0.00e+00 8.88e-16  9.94e-10     0s

Barrier solved model in 4 iterations and 0.05 seconds
Optimal objective -2.00200000e+03


Root relaxation: objective -2.002000e+03, 4544 iterations, 0.03 seconds

    Nodes    |    Current Node    |     Objective Bounds      |     Work
 Expl Unexpl |  Obj  Depth IntInf | Incumbent    BestBd   Gap | It/Node Time

*    0     0               0    -2002.000000 -2002.0000  0.00%     -    0s

Explored 0 nodes (4544 simplex iterations) in 0.08 seconds
Thread count was 20 (of 20 available processors)

Solution count 2: -2002 0 
Pool objective bound -2002

Optimal solution found (tolerance 5.00e-02)
Best objective -2.002000000000e+03, best bound -2.002000000000e+03, gap 0.0000%
(0, 1858.8569999999631)
(1, 1867.8659999999629)
(2, 1861.8599999999631)
(3, 1854.8529999999632)
(4, 1855.8539999999632)
(5, 1857.8559999999632)
(6, 1863.861999999963)
(7, 1857.8559999999632)
(8, 1857.8559999999632)
(9, 1855.8539999999632)
(10, 1861.8599999999631)
(11, 1863.861999999963)
(12, 1855.8539999999632)
(13, 1857.8559999999632)
(14, 1843.8419999999635)
(15, 1860.8589999999631)
(16, 1859.8579999999631)
(17, 1860.8589999999631)
(18, 1857.8559999999632)
(19, 1858.8569999999631)
(20, 1864.862999999963)
(21, 1852.8509999999633)
(22, 1856.8549999999632)
(23, 1867.8659999999629)
(24, 1862.860999999963)
(25, 1852.8509999999633)
(26, 1862.860999999963)
(27, 1863.861999999963)
(28, 1866.8649999999629)
(29, 1869.8679999999629)
(30, 1875.8739999999627)
(31, 1859.8579999999631)
(32, 1867.8659999999629)
(33, 1862.860999999963)
(34, 1862.860999999963)
(35, 1859.8579999999631)
(36, 1861.8599999999631)
(37, 1855.8539999999632)
(38, 1860.8589999999631)
(39, 1867.8659999999629)
(0, 1855.8539999999632)
(1, 1864.862999999963)
(2, 1867.8659999999629)
(3, 1864.862999999963)
(4, 1854.8529999999632)
(5, 1855.8539999999632)
(6, 1866.8649999999629)
(7, 1852.8509999999633)
(8, 1860.8589999999631)
(9, 1858.8569999999631)
(10, 1866.8649999999629)
(11, 1856.8549999999632)
(12, 1853.8519999999633)
(13, 1850.8489999999633)
(14, 1853.8519999999633)
(15, 1853.8519999999633)
(16, 1863.861999999963)
(17, 1867.8659999999629)
(18, 1852.8509999999633)
(19, 1862.860999999963)
(20, 1857.8559999999632)
(21, 1862.860999999963)
(22, 1851.8499999999633)
(23, 1859.8579999999631)
(24, 1863.861999999963)
(25, 1857.8559999999632)
(26, 1856.8549999999632)
(27, 1851.8499999999633)
(28, 1866.8649999999629)
(29, 1859.8579999999631)
(30, 1860.8589999999631)
(31, 1869.8679999999629)
(32, 1856.8549999999632)
(33, 1862.860999999963)
(34, 1859.8579999999631)
(35, 1860.8589999999631)
(36, 1860.8589999999631)
(37, 1862.860999999963)
(38, 1864.862999999963)
(39, 1856.8549999999632)
Changed value of parameter MIPGap to 0.05
   Prev: 0.0001  Min: 0.0  Max: 1e+100  Default: 0.0001
Changed value of parameter TimeLimit to 1800.0
   Prev: 1e+100  Min: 0.0  Max: 1e+100  Default: 1e+100
Changed value of parameter Method to 2
   Prev: -1  Min: -1  Max: 4  Default: -1
Changed value of parameter MIPFocus to 1
   Prev: 0  Min: 0  Max: 3  Default: 0
Optimize a model with 16090 rows, 23985 columns and 47970 nonzeros
Variable types: 0 continuous, 23985 integer (23985 binary)
Coefficient statistics:
  Matrix range     [1e+00, 4e+00]
  Objective range  [1e+00, 1e+00]
  Bounds range     [1e+00, 1e+00]
  RHS range        [8e+01, 8e+01]
Found heuristic solution: objective 0
Presolve removed 15990 rows and 18612 columns
Presolve time: 0.04s
Presolved: 100 rows, 5373 columns, 10746 nonzeros
Variable types: 0 continuous, 5373 integer (2751 binary)
Presolved: 100 rows, 5373 columns, 10746 nonzeros

Root barrier log...

Ordering time: 0.00s

Barrier statistics:
 AA' NZ     : 4.768e+03
 Factor NZ  : 5.050e+03 (roughly 2 MBytes of memory)
 Factor Ops : 3.384e+05 (less than 1 second per iteration)
 Threads    : 1

                  Objective                Residual
Iter       Primal          Dual         Primal    Dual     Compl     Time
   0  -1.03282570e+04 -6.38647431e+03  1.00e+02 0.00e+00  1.32e+00     0s
   1  -1.95356899e+03 -3.86351045e+03  0.00e+00 1.11e-15  1.77e-01     0s
   2  -2.00113700e+03 -2.01180495e+03  3.67e-04 8.88e-16  9.87e-04     0s
   3  -2.00399709e+03 -2.00400779e+03  0.00e+00 1.33e-15  9.87e-07     0s
   4  -2.00400000e+03 -2.00400001e+03  0.00e+00 8.88e-16  9.87e-10     0s

Barrier solved model in 4 iterations and 0.05 seconds
Optimal objective -2.00400000e+03


Root relaxation: objective -2.004000e+03, 4544 iterations, 0.03 seconds

    Nodes    |    Current Node    |     Objective Bounds      |     Work
 Expl Unexpl |  Obj  Depth IntInf | Incumbent    BestBd   Gap | It/Node Time

*    0     0               0    -2004.000000 -2004.0000  0.00%     -    0s

Explored 0 nodes (4544 simplex iterations) in 0.08 seconds
Thread count was 20 (of 20 available processors)

Solution count 2: -2004 0 
Pool objective bound -2004

Optimal solution found (tolerance 5.00e-02)
Best objective -2.004000000000e+03, best bound -2.004000000000e+03, gap 0.0000%
(0, 1858.7099999999398)
(1, 1864.7219999999395)
(2, 1866.7259999999394)
(3, 1859.7119999999397)
(4, 1866.7259999999394)
(5, 1855.7039999999399)
(6, 1861.7159999999396)
(7, 1861.7159999999396)
(8, 1864.7219999999395)
(9, 1863.7199999999395)
(10, 1859.7119999999397)
(11, 1865.7239999999395)
(12, 1863.7199999999395)
(13, 1865.7239999999395)
(14, 1860.7139999999397)
(15, 1866.7259999999394)
(16, 1864.7219999999395)
(17, 1861.7159999999396)
(18, 1852.6979999999401)
(19, 1866.7259999999394)
(20, 1861.7159999999396)
(21, 1855.7039999999399)
(22, 1861.7159999999396)
(23, 1857.7079999999398)
(24, 1856.7059999999399)
(25, 1861.7159999999396)
(26, 1853.69999999994)
(27, 1868.7299999999393)
(28, 1857.7079999999398)
(29, 1864.7219999999395)
(30, 1863.7199999999395)
(31, 1865.7239999999395)
(32, 1862.7179999999396)
(33, 1858.7099999999398)
(34, 1866.7259999999394)
(35, 1871.7359999999392)
(36, 1861.7159999999396)
(37, 1860.7139999999397)
(38, 1869.7319999999393)
(39, 1861.7159999999396)
(0, 1863.7199999999395)
(1, 1860.7139999999397)
(2, 1854.70199999994)
(3, 1866.7259999999394)
(4, 1865.7239999999395)
(5, 1859.7119999999397)
(6, 1865.7239999999395)
(7, 1860.7139999999397)
(8, 1867.7279999999394)
(9, 1854.70199999994)
(10, 1862.7179999999396)
(11, 1876.7459999999389)
(12, 1856.7059999999399)
(13, 1862.7179999999396)
(14, 1857.7079999999398)
(15, 1850.6939999999402)
(16, 1859.7119999999397)
(17, 1858.7099999999398)
(18, 1863.7199999999395)
(19, 1865.7239999999395)
(20, 1866.7259999999394)
(21, 1862.7179999999396)
(22, 1871.7359999999392)
(23, 1862.7179999999396)
(24, 1861.7159999999396)
(25, 1855.7039999999399)
(26, 1866.7259999999394)
(27, 1858.7099999999398)
(28, 1857.7079999999398)
(29, 1863.7199999999395)
(30, 1858.7099999999398)
(31, 1856.7059999999399)
(32, 1853.69999999994)
(33, 1865.7239999999395)
(34, 1861.7159999999396)
(35, 1868.7299999999393)
(36, 1862.7179999999396)
(37, 1870.7339999999392)
(38, 1858.7099999999398)
(39, 1859.7119999999397)
Changed value of parameter MIPGap to 0.05
   Prev: 0.0001  Min: 0.0  Max: 1e+100  Default: 0.0001
Changed value of parameter TimeLimit to 1800.0
   Prev: 1e+100  Min: 0.0  Max: 1e+100  Default: 1e+100
Changed value of parameter Method to 2
   Prev: -1  Min: -1  Max: 4  Default: -1
Changed value of parameter MIPFocus to 1
   Prev: 0  Min: 0  Max: 3  Default: 0
Optimize a model with 16090 rows, 23985 columns and 47970 nonzeros
Variable types: 0 continuous, 23985 integer (23985 binary)
Coefficient statistics:
  Matrix range     [1e+00, 4e+00]
  Objective range  [1e+00, 1e+00]
  Bounds range     [1e+00, 1e+00]
  RHS range        [8e+01, 8e+01]
Found heuristic solution: objective 0
Presolve removed 15990 rows and 18612 columns
Presolve time: 0.04s
Presolved: 100 rows, 5373 columns, 10746 nonzeros
Variable types: 0 continuous, 5373 integer (2751 binary)
Presolved: 100 rows, 5373 columns, 10746 nonzeros

Root barrier log...

Ordering time: 0.00s

Barrier statistics:
 AA' NZ     : 4.768e+03
 Factor NZ  : 5.050e+03 (roughly 2 MBytes of memory)
 Factor Ops : 3.384e+05 (less than 1 second per iteration)
 Threads    : 1

                  Objective                Residual
Iter       Primal          Dual         Primal    Dual     Compl     Time
   0  -1.03611483e+04 -6.33632787e+03  1.00e+02 0.00e+00  1.30e+00     0s
   1  -1.95834631e+03 -3.84450046e+03  0.00e+00 8.88e-16  1.75e-01     0s
   2  -2.00518693e+03 -2.01569369e+03  3.66e-04 1.11e-15  9.72e-04     0s
   3  -2.00799714e+03 -2.00800768e+03  0.00e+00 8.88e-16  9.72e-07     0s
   4  -2.00800000e+03 -2.00800001e+03  0.00e+00 8.88e-16  9.72e-10     0s

Barrier solved model in 4 iterations and 0.05 seconds
Optimal objective -2.00800000e+03


Root relaxation: objective -2.008000e+03, 4544 iterations, 0.03 seconds

    Nodes    |    Current Node    |     Objective Bounds      |     Work
 Expl Unexpl |  Obj  Depth IntInf | Incumbent    BestBd   Gap | It/Node Time

*    0     0               0    -2008.000000 -2008.0000  0.00%     -    0s

Explored 0 nodes (4544 simplex iterations) in 0.08 seconds
Thread count was 20 (of 20 available processors)

Solution count 2: -2008 0 
Pool objective bound -2008

Optimal solution found (tolerance 5.00e-02)
Best objective -2.008000000000e+03, best bound -2.008000000000e+03, gap 0.0000%
(0, 1864.4279999999344)
(1, 1876.4759999999333)
(2, 1863.4239999999345)
(3, 1871.4559999999337)
(4, 1864.4279999999344)
(5, 1868.443999999934)
(6, 1868.443999999934)
(7, 1865.4319999999343)
(8, 1863.4239999999345)
(9, 1869.4479999999339)
(10, 1869.4479999999339)
(11, 1868.443999999934)
(12, 1870.4519999999338)
(13, 1866.4359999999342)
(14, 1867.4399999999341)
(15, 1867.4399999999341)
(16, 1869.4479999999339)
(17, 1870.4519999999338)
(18, 1870.4519999999338)
(19, 1873.4639999999335)
(20, 1868.443999999934)
(21, 1865.4319999999343)
(22, 1864.4279999999344)
(23, 1867.4399999999341)
(24, 1861.4159999999347)
(25, 1875.4719999999334)
(26, 1873.4639999999335)
(27, 1866.4359999999342)
(28, 1873.4639999999335)
(29, 1869.4479999999339)
(30, 1881.4959999999328)
(31, 1878.4839999999331)
(32, 1872.4599999999336)
(33, 1874.4679999999335)
(34, 1874.4679999999335)
(35, 1871.4559999999337)
(36, 1868.443999999934)
(37, 1869.4479999999339)
(38, 1870.4519999999338)
(39, 1874.4679999999335)
(0, 1867.4399999999341)
(1, 1867.4399999999341)
(2, 1873.4639999999335)
(3, 1868.443999999934)
(4, 1872.4599999999336)
(5, 1869.4479999999339)
(6, 1866.4359999999342)
(7, 1865.4319999999343)
(8, 1868.443999999934)
(9, 1866.4359999999342)
(10, 1859.4079999999349)
(11, 1876.4759999999333)
(12, 1879.487999999933)
(13, 1868.443999999934)
(14, 1864.4279999999344)
(15, 1864.4279999999344)
(16, 1873.4639999999335)
(17, 1867.4399999999341)
(18, 1872.4599999999336)
(19, 1867.4399999999341)
(20, 1872.4599999999336)
(21, 1869.4479999999339)
(22, 1875.4719999999334)
(23, 1874.4679999999335)
(24, 1868.443999999934)
(25, 1872.4599999999336)
(26, 1874.4679999999335)
(27, 1871.4559999999337)
(28, 1874.4679999999335)
(29, 1868.443999999934)
(30, 1873.4639999999335)
(31, 1864.4279999999344)
(32, 1864.4279999999344)
(33, 1862.4199999999346)
(34, 1863.4239999999345)
(35, 1866.4359999999342)
(36, 1872.4599999999336)
(37, 1868.443999999934)
(38, 1858.403999999935)
(39, 1869.4479999999339)
Changed value of parameter MIPGap to 0.05
   Prev: 0.0001  Min: 0.0  Max: 1e+100  Default: 0.0001
Changed value of parameter TimeLimit to 1800.0
   Prev: 1e+100  Min: 0.0  Max: 1e+100  Default: 1e+100
Changed value of parameter Method to 2
   Prev: -1  Min: -1  Max: 4  Default: -1
Changed value of parameter MIPFocus to 1
   Prev: 0  Min: 0  Max: 3  Default: 0
Optimize a model with 16090 rows, 23985 columns and 47970 nonzeros
Variable types: 0 continuous, 23985 integer (23985 binary)
Coefficient statistics:
  Matrix range     [1e+00, 4e+00]
  Objective range  [1e+00, 1e+00]
  Bounds range     [1e+00, 1e+00]
  RHS range        [8e+01, 8e+01]
Found heuristic solution: objective 0
Presolve removed 15990 rows and 18612 columns
Presolve time: 0.04s
Presolved: 100 rows, 5373 columns, 10746 nonzeros
Variable types: 0 continuous, 5373 integer (2751 binary)
Presolved: 100 rows, 5373 columns, 10746 nonzeros

Root barrier log...

Ordering time: 0.00s

Barrier statistics:
 AA' NZ     : 4.768e+03
 Factor NZ  : 5.050e+03 (roughly 2 MBytes of memory)
 Factor Ops : 3.384e+05 (less than 1 second per iteration)
 Threads    : 1

                  Objective                Residual
Iter       Primal          Dual         Primal    Dual     Compl     Time
   0  -1.03775895e+04 -6.31125466e+03  1.00e+02 0.00e+00  1.29e+00     0s
   1  -1.96073735e+03 -3.83499591e+03  0.00e+00 8.88e-16  1.74e-01     0s
   2  -2.00721191e+03 -2.01763799e+03  3.65e-04 1.33e-15  9.65e-04     0s
   3  -2.00999717e+03 -2.01000763e+03  0.00e+00 1.33e-15  9.65e-07     0s
   4  -2.01000000e+03 -2.01000001e+03  0.00e+00 8.88e-16  9.65e-10     0s

Barrier solved model in 4 iterations and 0.05 seconds
Optimal objective -2.01000000e+03


Root relaxation: objective -2.010000e+03, 4544 iterations, 0.03 seconds

    Nodes    |    Current Node    |     Objective Bounds      |     Work
 Expl Unexpl |  Obj  Depth IntInf | Incumbent    BestBd   Gap | It/Node Time

*    0     0               0    -2010.000000 -2010.0000  0.00%     -    0s

Explored 0 nodes (4544 simplex iterations) in 0.08 seconds
Thread count was 20 (of 20 available processors)

Solution count 2: -2010 0 
Pool objective bound -2010

Optimal solution found (tolerance 5.00e-02)
Best objective -2.010000000000e+03, best bound -2.010000000000e+03, gap 0.0000%
(0, 1869.3000000000875)
(1, 1871.3100000000877)
(2, 1869.3000000000875)
(3, 1870.3050000000876)
(4, 1865.2800000000871)
(5, 1868.2950000000874)
(6, 1867.2900000000873)
(7, 1871.3100000000877)
(8, 1861.2600000000866)
(9, 1870.3050000000876)
(10, 1867.2900000000873)
(11, 1873.3200000000879)
(12, 1868.2950000000874)
(13, 1869.3000000000875)
(14, 1873.3200000000879)
(15, 1877.3400000000884)
(16, 1870.3050000000876)
(17, 1868.2950000000874)
(18, 1875.3300000000881)
(19, 1873.3200000000879)
(20, 1869.3000000000875)
(21, 1866.2850000000872)
(22, 1875.3300000000881)
(23, 1861.2600000000866)
(24, 1859.2500000000864)
(25, 1867.2900000000873)
(26, 1879.3500000000886)
(27, 1871.3100000000877)
(28, 1870.3050000000876)
(29, 1869.3000000000875)
(30, 1876.3350000000883)
(31, 1871.3100000000877)
(32, 1875.3300000000881)
(33, 1874.325000000088)
(34, 1874.325000000088)
(35, 1877.3400000000884)
(36, 1867.2900000000873)
(37, 1871.3100000000877)
(38, 1866.2850000000872)
(39, 1880.3550000000887)
(0, 1871.3100000000877)
(1, 1874.325000000088)
(2, 1869.3000000000875)
(3, 1868.2950000000874)
(4, 1873.3200000000879)
(5, 1874.325000000088)
(6, 1878.3450000000885)
(7, 1868.2950000000874)
(8, 1876.3350000000883)
(9, 1873.3200000000879)
(10, 1879.3500000000886)
(11, 1862.2650000000867)
(12, 1869.3000000000875)
(13, 1869.3000000000875)
(14, 1869.3000000000875)
(15, 1864.2750000000869)
(16, 1866.2850000000872)
(17, 1866.2850000000872)
(18, 1878.3450000000885)
(19, 1869.3000000000875)
(20, 1872.3150000000878)
(21, 1877.3400000000884)
(22, 1881.3600000000888)
(23, 1872.3150000000878)
(24, 1867.2900000000873)
(25, 1872.3150000000878)
(26, 1870.3050000000876)
(27, 1871.3100000000877)
(28, 1862.2650000000867)
(29, 1864.2750000000869)
(30, 1864.2750000000869)
(31, 1870.3050000000876)
(32, 1869.3000000000875)
(33, 1870.3050000000876)
(34, 1867.2900000000873)
(35, 1862.2650000000867)
(36, 1878.3450000000885)
(37, 1872.3150000000878)
(38, 1869.3000000000875)
(39, 1871.3100000000877)
Changed value of parameter MIPGap to 0.05
   Prev: 0.0001  Min: 0.0  Max: 1e+100  Default: 0.0001
Changed value of parameter TimeLimit to 1800.0
   Prev: 1e+100  Min: 0.0  Max: 1e+100  Default: 1e+100
Changed value of parameter Method to 2
   Prev: -1  Min: -1  Max: 4  Default: -1
Changed value of parameter MIPFocus to 1
   Prev: 0  Min: 0  Max: 3  Default: 0
Optimize a model with 16090 rows, 23985 columns and 47970 nonzeros
Variable types: 0 continuous, 23985 integer (23985 binary)
Coefficient statistics:
  Matrix range     [1e+00, 4e+00]
  Objective range  [1e+00, 1e+00]
  Bounds range     [1e+00, 1e+00]
  RHS range        [8e+01, 8e+01]
Found heuristic solution: objective 0
Presolve removed 15990 rows and 18612 columns
Presolve time: 0.04s
Presolved: 100 rows, 5373 columns, 10746 nonzeros
Variable types: 0 continuous, 5373 integer (2751 binary)
Presolved: 100 rows, 5373 columns, 10746 nonzeros

Root barrier log...

Ordering time: 0.00s

Barrier statistics:
 AA' NZ     : 4.768e+03
 Factor NZ  : 5.050e+03 (roughly 2 MBytes of memory)
 Factor Ops : 3.384e+05 (less than 1 second per iteration)
 Threads    : 1

                  Objective                Residual
Iter       Primal          Dual         Primal    Dual     Compl     Time
   0  -1.04597486e+04 -6.18588856e+03  1.00e+02 0.00e+00  1.25e+00     0s
   1  -1.97274261e+03 -3.78748106e+03  0.00e+00 8.88e-16  1.68e-01     0s
   2  -2.01733710e+03 -2.02735653e+03  3.61e-04 8.88e-16  9.27e-04     0s
   3  -2.01999729e+03 -2.02000735e+03  0.00e+00 1.33e-15  9.27e-07     0s
   4  -2.02000000e+03 -2.02000001e+03  0.00e+00 8.88e-16  9.27e-10     0s

Barrier solved model in 4 iterations and 0.05 seconds
Optimal objective -2.02000000e+03


Root relaxation: objective -2.020000e+03, 4544 iterations, 0.03 seconds

    Nodes    |    Current Node    |     Objective Bounds      |     Work
 Expl Unexpl |  Obj  Depth IntInf | Incumbent    BestBd   Gap | It/Node Time

*    0     0               0    -2020.000000 -2020.0000  0.00%     -    0s

Explored 0 nodes (4544 simplex iterations) in 0.08 seconds
Thread count was 20 (of 20 available processors)

Solution count 2: -2020 0 
Pool objective bound -2020

Optimal solution found (tolerance 5.00e-02)
Best objective -2.020000000000e+03, best bound -2.020000000000e+03, gap 0.0000%
(0, 1867.4899999999848)
(1, 1872.5399999999847)
(2, 1866.4799999999848)
(3, 1863.4499999999848)
(4, 1866.4799999999848)
(5, 1864.4599999999848)
(6, 1859.4099999999848)
(7, 1864.4599999999848)
(8, 1853.3499999999849)
(9, 1868.4999999999848)
(10, 1853.3499999999849)
(11, 1862.4399999999848)
(12, 1855.3699999999849)
(13, 1870.5199999999847)
(14, 1870.5199999999847)
(15, 1862.4399999999848)
(16, 1854.3599999999849)
(17, 1874.5599999999847)
(18, 1860.4199999999848)
(19, 1865.4699999999848)
(20, 1857.3899999999849)
(21, 1871.5299999999847)
(22, 1868.4999999999848)
(23, 1869.5099999999848)
(24, 1872.5399999999847)
(25, 1865.4699999999848)
(26, 1869.5099999999848)
(27, 1856.3799999999849)
(28, 1863.4499999999848)
(29, 1872.5399999999847)
(30, 1858.3999999999849)
(31, 1868.4999999999848)
(32, 1862.4399999999848)
(33, 1871.5299999999847)
(34, 1872.5399999999847)
(35, 1870.5199999999847)
(36, 1860.4199999999848)
(37, 1870.5199999999847)
(38, 1877.5899999999847)
(39, 1850.3199999999849)
(0, 1866.4799999999848)
(1, 1865.4699999999848)
(2, 1872.5399999999847)
(3, 1866.4799999999848)
(4, 1868.4999999999848)
(5, 1862.4399999999848)
(6, 1870.5199999999847)
(7, 1861.4299999999848)
(8, 1861.4299999999848)
(9, 1861.4299999999848)
(10, 1872.5399999999847)
(11, 1868.4999999999848)
(12, 1865.4699999999848)
(13, 1867.4899999999848)
(14, 1853.3499999999849)
(15, 1859.4099999999848)
(16, 1865.4699999999848)
(17, 1869.5099999999848)
(18, 1868.4999999999848)
(19, 1866.4799999999848)
(20, 1869.5099999999848)
(21, 1867.4899999999848)
(22, 1874.5599999999847)
(23, 1871.5299999999847)
(24, 1861.4299999999848)
(25, 1864.4599999999848)
(26, 1868.4999999999848)
(27, 1860.4199999999848)
(28, 1869.5099999999848)
(29, 1867.4899999999848)
(30, 1862.4399999999848)
(31, 1870.5199999999847)
(32, 1865.4699999999848)
(33, 1879.6099999999847)
(34, 1861.4299999999848)
(35, 1864.4599999999848)
(36, 1863.4499999999848)
(37, 1870.5199999999847)
(38, 1872.5399999999847)
(39, 1862.4399999999848)
Changed value of parameter MIPGap to 0.05
   Prev: 0.0001  Min: 0.0  Max: 1e+100  Default: 0.0001
Changed value of parameter TimeLimit to 1800.0
   Prev: 1e+100  Min: 0.0  Max: 1e+100  Default: 1e+100
Changed value of parameter Method to 2
   Prev: -1  Min: -1  Max: 4  Default: -1
Changed value of parameter MIPFocus to 1
   Prev: 0  Min: 0  Max: 3  Default: 0
Optimize a model with 16090 rows, 23985 columns and 47970 nonzeros
Variable types: 0 continuous, 23985 integer (23985 binary)
Coefficient statistics:
  Matrix range     [1e+00, 4e+00]
  Objective range  [1e+00, 1e+00]
  Bounds range     [1e+00, 1e+00]
  RHS range        [8e+01, 8e+01]
Found heuristic solution: objective 0
Presolve removed 15990 rows and 18612 columns
Presolve time: 0.04s
Presolved: 100 rows, 5373 columns, 10746 nonzeros
Variable types: 0 continuous, 5373 integer (2751 binary)
Presolved: 100 rows, 5373 columns, 10746 nonzeros

Root barrier log...

Ordering time: 0.00s

Barrier statistics:
 AA' NZ     : 4.768e+03
 Factor NZ  : 5.050e+03 (roughly 2 MBytes of memory)
 Factor Ops : 3.384e+05 (less than 1 second per iteration)
 Threads    : 1

                  Objective                Residual
Iter       Primal          Dual         Primal    Dual     Compl     Time
   0  -1.06238066e+04 -5.93515637e+03  1.00e+02 2.22e-16  1.17e+00     0s
   1  -1.99696940e+03 -3.69249033e+03  0.00e+00 8.88e-16  1.57e-01     0s
   2  -2.03757970e+03 -2.04659857e+03  3.60e-04 8.88e-16  8.35e-04     0s
   3  -2.03999754e+03 -2.04000659e+03  0.00e+00 1.33e-15  8.35e-07     0s
   4  -2.04000000e+03 -2.04000001e+03  0.00e+00 8.88e-16  8.35e-10     0s

Barrier solved model in 4 iterations and 0.05 seconds
Optimal objective -2.04000000e+03


Root relaxation: objective -2.040000e+03, 4544 iterations, 0.03 seconds

    Nodes    |    Current Node    |     Objective Bounds      |     Work
 Expl Unexpl |  Obj  Depth IntInf | Incumbent    BestBd   Gap | It/Node Time

*    0     0               0    -2040.000000 -2040.0000  0.00%     -    0s

Explored 0 nodes (4544 simplex iterations) in 0.08 seconds
Thread count was 20 (of 20 available processors)

Solution count 2: -2040 0 
Pool objective bound -2040

Optimal solution found (tolerance 5.00e-02)
Best objective -2.040000000000e+03, best bound -2.040000000000e+03, gap 0.0000%
(0, 1904.3399999999717)
(1, 1903.3199999999717)
(2, 1906.3799999999717)
(3, 1904.3399999999717)
(4, 1909.4399999999716)
(5, 1910.4599999999716)
(6, 1908.4199999999717)
(7, 1905.3599999999717)
(8, 1901.2799999999718)
(9, 1900.2599999999718)
(10, 1907.3999999999717)
(11, 1913.5199999999716)
(12, 1909.4399999999716)
(13, 1912.4999999999716)
(14, 1909.4399999999716)
(15, 1900.2599999999718)
(16, 1905.3599999999717)
(17, 1909.4399999999716)
(18, 1904.3399999999717)
(19, 1906.3799999999717)
(20, 1904.3399999999717)
(21, 1911.4799999999716)
(22, 1906.3799999999717)
(23, 1901.2799999999718)
(24, 1904.3399999999717)
(25, 1900.2599999999718)
(26, 1907.3999999999717)
(27, 1908.4199999999717)
(28, 1906.3799999999717)
(29, 1901.2799999999718)
(30, 1909.4399999999716)
(31, 1901.2799999999718)
(32, 1905.3599999999717)
(33, 1907.3999999999717)
(34, 1910.4599999999716)
(35, 1904.3399999999717)
(36, 1906.3799999999717)
(37, 1905.3599999999717)
(38, 1903.3199999999717)
(39, 1903.3199999999717)
(0, 1907.3999999999717)
(1, 1911.4799999999716)
(2, 1906.3799999999717)
(3, 1907.3999999999717)
(4, 1902.2999999999718)
(5, 1904.3399999999717)
(6, 1901.2799999999718)
(7, 1908.4199999999717)
(8, 1905.3599999999717)
(9, 1907.3999999999717)
(10, 1906.3799999999717)
(11, 1910.4599999999716)
(12, 1908.4199999999717)
(13, 1907.3999999999717)
(14, 1901.2799999999718)
(15, 1907.3999999999717)
(16, 1902.2999999999718)
(17, 1901.2799999999718)
(18, 1903.3199999999717)
(19, 1903.3199999999717)
(20, 1908.4199999999717)
(21, 1902.2999999999718)
(22, 1905.3599999999717)
(23, 1910.4599999999716)
(24, 1903.3199999999717)
(25, 1907.3999999999717)
(26, 1900.2599999999718)
(27, 1904.3399999999717)
(28, 1911.4799999999716)
(29, 1904.3399999999717)
(30, 1906.3799999999717)
(31, 1907.3999999999717)
(32, 1909.4399999999716)
(33, 1910.4599999999716)
(34, 1906.3799999999717)
(35, 1910.4599999999716)
(36, 1907.3999999999717)
(37, 1911.4799999999716)
(38, 1905.3599999999717)
(39, 1903.3199999999717)
Changed value of parameter MIPGap to 0.05
   Prev: 0.0001  Min: 0.0  Max: 1e+100  Default: 0.0001
Changed value of parameter TimeLimit to 1800.0
   Prev: 1e+100  Min: 0.0  Max: 1e+100  Default: 1e+100
Changed value of parameter Method to 2
   Prev: -1  Min: -1  Max: 4  Default: -1
Changed value of parameter MIPFocus to 1
   Prev: 0  Min: 0  Max: 3  Default: 0
Optimize a model with 16090 rows, 23985 columns and 47970 nonzeros
Variable types: 0 continuous, 23985 integer (23985 binary)
Coefficient statistics:
  Matrix range     [1e+00, 4e+00]
  Objective range  [1e+00, 1e+00]
  Bounds range     [1e+00, 1e+00]
  RHS range        [8e+01, 8e+01]
Found heuristic solution: objective 0
Presolve removed 15990 rows and 18612 columns
Presolve time: 0.04s
Presolved: 100 rows, 5373 columns, 10746 nonzeros
Variable types: 0 continuous, 5373 integer (2751 binary)
Presolved: 100 rows, 5373 columns, 10746 nonzeros

Root barrier log...

Ordering time: 0.00s

Barrier statistics:
 AA' NZ     : 4.768e+03
 Factor NZ  : 5.050e+03 (roughly 2 MBytes of memory)
 Factor Ops : 3.384e+05 (less than 1 second per iteration)
 Threads    : 1

                  Objective                Residual
Iter       Primal          Dual         Primal    Dual     Compl     Time
   0  -1.09505901e+04 -5.43369198e+03  1.00e+02 2.22e-16  1.01e+00     0s
   1  -2.04650347e+03 -3.50257730e+03  1.64e-02 8.88e-16  1.35e-01     0s
   2  -2.07804359e+03 -2.08530839e+03  3.50e-04 8.88e-16  6.73e-04     0s
   3  -2.07999800e+03 -2.08000530e+03  0.00e+00 8.88e-16  6.73e-07     0s
   4  -2.08000000e+03 -2.08000001e+03  0.00e+00 8.88e-16  6.73e-10     0s

Barrier solved model in 4 iterations and 0.05 seconds
Optimal objective -2.08000000e+03


Root relaxation: objective -2.080000e+03, 4544 iterations, 0.03 seconds

    Nodes    |    Current Node    |     Objective Bounds      |     Work
 Expl Unexpl |  Obj  Depth IntInf | Incumbent    BestBd   Gap | It/Node Time

*    0     0               0    -2080.000000 -2080.0000  0.00%     -    0s

Explored 0 nodes (4544 simplex iterations) in 0.08 seconds
Thread count was 20 (of 20 available processors)

Solution count 2: -2080 0 
Pool objective bound -2080

Optimal solution found (tolerance 5.00e-02)
Best objective -2.080000000000e+03, best bound -2.080000000000e+03, gap 0.0000%
(0, 1937.5199999999545)
(1, 1932.3199999999547)
(2, 1938.5599999999545)
(3, 1944.7999999999543)
(4, 1946.8799999999542)
(5, 1940.6399999999544)
(6, 1937.5199999999545)
(7, 1941.6799999999544)
(8, 1947.9199999999541)
(9, 1944.7999999999543)
(10, 1942.7199999999543)
(11, 1941.6799999999544)
(12, 1938.5599999999545)
(13, 1942.7199999999543)
(14, 1946.8799999999542)
(15, 1940.6399999999544)
(16, 1938.5599999999545)
(17, 1946.8799999999542)
(18, 1937.5199999999545)
(19, 1936.4799999999545)
(20, 1948.9599999999541)
(21, 1937.5199999999545)
(22, 1937.5199999999545)
(23, 1936.4799999999545)
(24, 1943.7599999999543)
(25, 1942.7199999999543)
(26, 1937.5199999999545)
(27, 1949.9999999999541)
(28, 1943.7599999999543)
(29, 1944.7999999999543)
(30, 1937.5199999999545)
(31, 1938.5599999999545)
(32, 1940.6399999999544)
(33, 1942.7199999999543)
(34, 1939.5999999999544)
(35, 1936.4799999999545)
(36, 1939.5999999999544)
(37, 1939.5999999999544)
(38, 1934.3999999999546)
(39, 1943.7599999999543)
(0, 1935.4399999999546)
(1, 1948.9599999999541)
(2, 1938.5599999999545)
(3, 1940.6399999999544)
(4, 1937.5199999999545)
(5, 1945.8399999999542)
(6, 1939.5999999999544)
(7, 1936.4799999999545)
(8, 1938.5599999999545)
(9, 1947.9199999999541)
(10, 1941.6799999999544)
(11, 1941.6799999999544)
(12, 1929.1999999999548)
(13, 1933.3599999999547)
(14, 1942.7199999999543)
(15, 1935.4399999999546)
(16, 1940.6399999999544)
(17, 1935.4399999999546)
(18, 1940.6399999999544)
(19, 1941.6799999999544)
(20, 1936.4799999999545)
(21, 1948.9599999999541)
(22, 1937.5199999999545)
(23, 1937.5199999999545)
(24, 1940.6399999999544)
(25, 1952.079999999954)
(26, 1941.6799999999544)
(27, 1942.7199999999543)
(28, 1945.8399999999542)
(29, 1944.7999999999543)
(30, 1943.7599999999543)
(31, 1938.5599999999545)
(32, 1941.6799999999544)
(33, 1945.8399999999542)
(34, 1942.7199999999543)
(35, 1941.6799999999544)
(36, 1953.119999999954)
(37, 1938.5599999999545)
(38, 1943.7599999999543)
(39, 1937.5199999999545)
Changed value of parameter MIPGap to 0.05
   Prev: 0.0001  Min: 0.0  Max: 1e+100  Default: 0.0001
Changed value of parameter TimeLimit to 1800.0
   Prev: 1e+100  Min: 0.0  Max: 1e+100  Default: 1e+100
Changed value of parameter Method to 2
   Prev: -1  Min: -1  Max: 4  Default: -1
Changed value of parameter MIPFocus to 1
   Prev: 0  Min: 0  Max: 3  Default: 0
Optimize a model with 16090 rows, 23985 columns and 47970 nonzeros
Variable types: 0 continuous, 23985 integer (23985 binary)
Coefficient statistics:
  Matrix range     [1e+00, 4e+00]
  Objective range  [1e+00, 1e+00]
  Bounds range     [1e+00, 1e+00]
  RHS range        [8e+01, 8e+01]
Found heuristic solution: objective 0
Presolve removed 15990 rows and 18612 columns
Presolve time: 0.04s
Presolved: 100 rows, 5373 columns, 10746 nonzeros
Variable types: 0 continuous, 5373 integer (2751 binary)
Presolved: 100 rows, 5373 columns, 10746 nonzeros

Root barrier log...

Ordering time: 0.00s

Barrier statistics:
 AA' NZ     : 4.768e+03
 Factor NZ  : 5.050e+03 (roughly 2 MBytes of memory)
 Factor Ops : 3.384e+05 (less than 1 second per iteration)
 Threads    : 1

                  Objective                Residual
Iter       Primal          Dual         Primal    Dual     Compl     Time
   0  -1.11130842e+04 -5.18295979e+03  1.00e+02 0.00e+00  9.26e-01     0s
   1  -2.07162949e+03 -3.40768784e+03  3.68e-02 8.88e-16  1.24e-01     0s
   2  -2.09827154e+03 -2.10474299e+03  3.47e-04 8.88e-16  6.00e-04     0s
   3  -2.09999823e+03 -2.10000474e+03  0.00e+00 1.33e-15  6.00e-07     0s
   4  -2.10000000e+03 -2.10000000e+03  0.00e+00 8.88e-16  6.00e-10     0s

Barrier solved model in 4 iterations and 0.05 seconds
Optimal objective -2.10000000e+03


Root relaxation: objective -2.100000e+03, 4544 iterations, 0.03 seconds

    Nodes    |    Current Node    |     Objective Bounds      |     Work
 Expl Unexpl |  Obj  Depth IntInf | Incumbent    BestBd   Gap | It/Node Time

*    0     0               0    -2100.000000 -2100.0000  0.00%     -    0s

Explored 0 nodes (4823 simplex iterations) in 0.08 seconds
Thread count was 20 (of 20 available processors)

Solution count 2: -2100 0 
Pool objective bound -2100

Optimal solution found (tolerance 5.00e-02)
Best objective -2.100000000000e+03, best bound -2.100000000000e+03, gap 0.0000%
(0, 1957.1999999999414)
(1, 1949.8499999999417)
(2, 1951.9499999999416)
(3, 1939.3499999999422)
(4, 1942.499999999942)
(5, 1944.5999999999419)
(6, 1946.6999999999418)
(7, 1951.9499999999416)
(8, 1939.3499999999422)
(9, 1948.7999999999417)
(10, 1935.1499999999423)
(11, 1944.5999999999419)
(12, 1950.8999999999417)
(13, 1944.5999999999419)
(14, 1950.8999999999417)
(15, 1958.2499999999413)
(16, 1949.8499999999417)
(17, 1951.9499999999416)
(18, 1944.5999999999419)
(19, 1958.2499999999413)
(20, 1954.0499999999415)
(21, 1941.4499999999421)
(22, 1943.549999999942)
(23, 1955.0999999999415)
(24, 1951.9499999999416)
(25, 1947.7499999999418)
(26, 1944.5999999999419)
(27, 1954.0499999999415)
(28, 1958.2499999999413)
(29, 1955.0999999999415)
(30, 1947.7499999999418)
(31, 1941.4499999999421)
(32, 1946.6999999999418)
(33, 1944.5999999999419)
(34, 1957.1999999999414)
(35, 1952.9999999999416)
(36, 1940.3999999999421)
(37, 1952.9999999999416)
(38, 1939.3499999999422)
(39, 1941.4499999999421)
(0, 1945.6499999999419)
(1, 1947.7499999999418)
(2, 1952.9999999999416)
(3, 1947.7499999999418)
(4, 1947.7499999999418)
(5, 1940.3999999999421)
(6, 1944.5999999999419)
(7, 1940.3999999999421)
(8, 1957.1999999999414)
(9, 1951.9499999999416)
(10, 1949.8499999999417)
(11, 1943.549999999942)
(12, 1951.9499999999416)
(13, 1937.2499999999422)
(14, 1952.9999999999416)
(15, 1950.8999999999417)
(16, 1954.0499999999415)
(17, 1952.9999999999416)
(18, 1951.9499999999416)
(19, 1940.3999999999421)
(20, 1955.0999999999415)
(21, 1944.5999999999419)
(22, 1949.8499999999417)
(23, 1946.6999999999418)
(24, 1948.7999999999417)
(25, 1950.8999999999417)
(26, 1945.6499999999419)
(27, 1956.1499999999414)
(28, 1947.7499999999418)
(29, 1947.7499999999418)
(30, 1955.0999999999415)
(31, 1940.3999999999421)
(32, 1949.8499999999417)
(33, 1955.0999999999415)
(34, 1944.5999999999419)
(35, 1948.7999999999417)
(36, 1945.6499999999419)
(37, 1945.6499999999419)
(38, 1948.7999999999417)
(39, 1956.1499999999414)
Changed value of parameter MIPGap to 0.05
   Prev: 0.0001  Min: 0.0  Max: 1e+100  Default: 0.0001
Changed value of parameter TimeLimit to 1800.0
   Prev: 1e+100  Min: 0.0  Max: 1e+100  Default: 1e+100
Changed value of parameter Method to 2
   Prev: -1  Min: -1  Max: 4  Default: -1
Changed value of parameter MIPFocus to 1
   Prev: 0  Min: 0  Max: 3  Default: 0
Optimize a model with 16090 rows, 23985 columns and 47970 nonzeros
Variable types: 0 continuous, 23985 integer (23985 binary)
Coefficient statistics:
  Matrix range     [1e+00, 4e+00]
  Objective range  [1e+00, 2e+00]
  Bounds range     [1e+00, 1e+00]
  RHS range        [8e+01, 8e+01]
Found heuristic solution: objective 0
Presolve removed 15990 rows and 18612 columns
Presolve time: 0.04s
Presolved: 100 rows, 5373 columns, 10746 nonzeros
Variable types: 0 continuous, 5373 integer (2751 binary)
Presolved: 100 rows, 5373 columns, 10746 nonzeros

Root barrier log...

Ordering time: 0.00s

Barrier statistics:
 AA' NZ     : 4.768e+03
 Factor NZ  : 5.050e+03 (roughly 2 MBytes of memory)
 Factor Ops : 3.384e+05 (less than 1 second per iteration)
 Threads    : 1

                  Objective                Residual
Iter       Primal          Dual         Primal    Dual     Compl     Time
   0  -1.19055570e+04 -3.92929882e+03  9.96e+01 2.22e-16  5.18e-01     0s
   1  -2.37296066e+03 -2.94183033e+03  1.93e+00 8.88e-16  7.38e-02     0s
   2  -2.19860662e+03 -2.20560867e+03  0.00e+00 8.88e-16  6.46e-04     0s
   3  -2.19999860e+03 -2.20000560e+03  0.00e+00 8.88e-16  6.46e-07     0s
   4  -2.20000000e+03 -2.20000001e+03  0.00e+00 8.88e-16  6.46e-10     0s

Barrier solved model in 4 iterations and 0.05 seconds
Optimal objective -2.20000000e+03


Root relaxation: objective -2.200000e+03, 4544 iterations, 0.03 seconds

    Nodes    |    Current Node    |     Objective Bounds      |     Work
 Expl Unexpl |  Obj  Depth IntInf | Incumbent    BestBd   Gap | It/Node Time

*    0     0               0    -2200.000000 -2200.0000  0.00%     -    0s

Explored 0 nodes (4544 simplex iterations) in 0.08 seconds
Thread count was 20 (of 20 available processors)

Solution count 2: -2200 0 
Pool objective bound -2200

Optimal solution found (tolerance 5.00e-02)
Best objective -2.200000000000e+03, best bound -2.200000000000e+03, gap 0.0000%
(0, 2058.0999999999294)
(1, 2038.2999999999311)
(2, 2038.2999999999311)
(3, 2041.5999999999308)
(4, 2049.2999999999302)
(5, 2051.49999999993)
(6, 2048.1999999999302)
(7, 2042.6999999999307)
(8, 2061.3999999999292)
(9, 2041.5999999999308)
(10, 2042.6999999999307)
(11, 2047.0999999999303)
(12, 2045.9999999999304)
(13, 2044.8999999999305)
(14, 2044.8999999999305)
(15, 2049.2999999999302)
(16, 2048.1999999999302)
(17, 2055.8999999999296)
(18, 2042.6999999999307)
(19, 2037.1999999999312)
(20, 2048.1999999999302)
(21, 2045.9999999999304)
(22, 2042.6999999999307)
(23, 2050.3999999999301)
(24, 2052.5999999999299)
(25, 2050.3999999999301)
(26, 2052.5999999999299)
(27, 2051.49999999993)
(28, 2047.0999999999303)
(29, 2044.8999999999305)
(30, 2052.5999999999299)
(31, 2052.5999999999299)
(32, 2051.49999999993)
(33, 2043.7999999999306)
(34, 2045.9999999999304)
(35, 2050.3999999999301)
(36, 2039.399999999931)
(37, 2051.49999999993)
(38, 2058.0999999999294)
(39, 2038.2999999999311)
(0, 2055.8999999999296)
(1, 2047.0999999999303)
(2, 2055.8999999999296)
(3, 2058.0999999999294)
(4, 2052.5999999999299)
(5, 2041.5999999999308)
(6, 2048.1999999999302)
(7, 2048.1999999999302)
(8, 2042.6999999999307)
(9, 2062.4999999999291)
(10, 2047.0999999999303)
(11, 2047.0999999999303)
(12, 2041.5999999999308)
(13, 2048.1999999999302)
(14, 2048.1999999999302)
(15, 2041.5999999999308)
(16, 2047.0999999999303)
(17, 2041.5999999999308)
(18, 2047.0999999999303)
(19, 2049.2999999999302)
(20, 2041.5999999999308)
(21, 2044.8999999999305)
(22, 2053.6999999999298)
(23, 2054.7999999999297)
(24, 2041.5999999999308)
(25, 2050.3999999999301)
(26, 2045.9999999999304)
(27, 2047.0999999999303)
(28, 2041.5999999999308)
(29, 2053.6999999999298)
(30, 2051.49999999993)
(31, 2041.5999999999308)
(32, 2043.7999999999306)
(33, 2052.5999999999299)
(34, 2042.6999999999307)
(35, 2050.3999999999301)
(36, 2044.8999999999305)
(37, 2037.1999999999312)
(38, 2033.8999999999314)
(39, 2052.5999999999299)
Changed value of parameter MIPGap to 0.05
   Prev: 0.0001  Min: 0.0  Max: 1e+100  Default: 0.0001
Changed value of parameter TimeLimit to 1800.0
   Prev: 1e+100  Min: 0.0  Max: 1e+100  Default: 1e+100
Changed value of parameter Method to 2
   Prev: -1  Min: -1  Max: 4  Default: -1
Changed value of parameter MIPFocus to 1
   Prev: 0  Min: 0  Max: 3  Default: 0
Optimize a model with 16090 rows, 23985 columns and 47970 nonzeros
Variable types: 0 continuous, 23985 integer (23985 binary)
Coefficient statistics:
  Matrix range     [1e+00, 4e+00]
  Objective range  [1e+00, 3e+00]
  Bounds range     [1e+00, 1e+00]
  RHS range        [8e+01, 8e+01]
Found heuristic solution: objective 0
Presolve removed 15990 rows and 18612 columns
Presolve time: 0.04s
Presolved: 100 rows, 5373 columns, 10746 nonzeros
Variable types: 0 continuous, 5373 integer (2751 binary)
Presolved: 100 rows, 5373 columns, 10746 nonzeros

Root barrier log...

Ordering time: 0.00s

Barrier statistics:
 AA' NZ     : 4.768e+03
 Factor NZ  : 5.050e+03 (roughly 2 MBytes of memory)
 Factor Ops : 3.384e+05 (less than 1 second per iteration)
 Threads    : 1

                  Objective                Residual
Iter       Primal          Dual         Primal    Dual     Compl     Time
   0  -1.34840285e+04 -3.54956124e+03  9.89e+01 0.00e+00  3.13e-01     0s
   1  -2.62880396e+03 -2.87986959e+03  1.39e+00 8.88e-16  3.90e-02     0s
   2  -2.54353674e+03 -2.59674554e+03  4.38e-02 8.88e-16  5.38e-03     0s
   3  -2.55653567e+03 -2.57086513e+03  9.01e-03 8.88e-16  1.42e-03     0s
   4  -2.55930247e+03 -2.56215776e+03  2.12e-03 8.88e-16  2.86e-04     0s
   5  -2.55998825e+03 -2.56040231e+03  5.90e-04 8.88e-16  4.45e-05     0s
   6  -2.56018965e+03 -2.56020742e+03  2.41e-05 8.88e-16  1.90e-06     0s
   7  -2.56020000e+03 -2.56020000e+03  3.11e-09 8.88e-16  3.19e-10     0s

Barrier solved model in 7 iterations and 0.05 seconds
Optimal objective -2.56020000e+03


Root relaxation: objective -2.560200e+03, 3719 iterations, 0.02 seconds

    Nodes    |    Current Node    |     Objective Bounds      |     Work
 Expl Unexpl |  Obj  Depth IntInf | Incumbent    BestBd   Gap | It/Node Time

*    0     0               0    -2560.200000 -2560.2000  0.00%     -    0s

Explored 0 nodes (4117 simplex iterations) in 0.08 seconds
Thread count was 20 (of 20 available processors)

Solution count 2: -2560.2 0 
Pool objective bound -2560.2

Optimal solution found (tolerance 5.00e-02)
Best objective -2.560200000000e+03, best bound -2.560200000000e+03, gap 0.0000%
(0, 2255.7999999999683)
(1, 2286.3999999999692)
(2, 2273.7999999999683)
(3, 2263.3999999999692)
(4, 2275.7999999999693)
(5, 2262.3999999999719)
(6, 2241.5999999999731)
(7, 2227.3999999999796)
(8, 2266.7999999999674)
(9, 2268.9999999999718)
(10, 2266.599999999969)
(11, 2273.5999999999681)
(12, 2241.1999999999707)
(13, 2241.1999999999712)
(14, 2275.3999999999705)
(15, 2248.9999999999704)
(16, 2278.1999999999675)
(17, 2269.9999999999682)
(18, 2267.399999999971)
(19, 2246.7999999999702)
(20, 2263.599999999974)
(21, 2238.7999999999752)
(22, 2267.7999999999711)
(23, 2281.1999999999703)
(24, 2287.9999999999668)
(25, 2265.3999999999683)
(26, 2250.5999999999735)
(27, 2245.5999999999704)
(28, 2251.5999999999708)
(29, 2266.99999999997)
(30, 2249.5999999999726)
(31, 2245.3999999999746)
(32, 2233.5999999999744)
(33, 2245.5999999999722)
(34, 2260.3999999999683)
(35, 2251.5999999999717)
(36, 2270.3999999999696)
(37, 2216.1999999999794)
(38, 2267.9999999999686)
(39, 2256.5999999999735)
(0, 2223.7999999999761)
(1, 2223.5999999999754)
(2, 2226.9999999999736)
(3, 2211.7999999999761)
(4, 2221.1999999999757)
(5, 2217.7999999999747)
(6, 2218.3999999999755)
(7, 2213.1999999999757)
(8, 2219.3999999999733)
(9, 2217.1999999999748)
(10, 2227.7999999999765)
(11, 2219.599999999974)
(12, 2218.7999999999738)
(13, 2219.1999999999803)
(14, 2203.9999999999773)
(15, 2217.5999999999731)
(16, 2221.399999999976)
(17, 2220.5999999999731)
(18, 2218.5999999999767)
(19, 2203.7999999999779)
(20, 2216.5999999999731)
(21, 2228.9999999999741)
(22, 2230.9999999999736)
(23, 2219.9999999999759)
(24, 2216.1999999999744)
(25, 2220.3999999999733)
(26, 2218.5999999999767)
(27, 2217.1999999999748)
(28, 2218.599999999974)
(29, 2211.5999999999776)
(30, 2219.799999999977)
(31, 2212.3999999999724)
(32, 2214.7999999999734)
(33, 2214.5999999999749)
(34, 2198.5999999999781)
(35, 2241.3999999999701)
(36, 2218.3999999999783)
(37, 2223.5999999999772)
(38, 2212.7999999999779)
(39, 2217.7999999999729)
Changed value of parameter MIPGap to 0.05
   Prev: 0.0001  Min: 0.0  Max: 1e+100  Default: 0.0001
Changed value of parameter TimeLimit to 1800.0
   Prev: 1e+100  Min: 0.0  Max: 1e+100  Default: 1e+100
Changed value of parameter Method to 2
   Prev: -1  Min: -1  Max: 4  Default: -1
Changed value of parameter MIPFocus to 1
   Prev: 0  Min: 0  Max: 3  Default: 0
Optimize a model with 16090 rows, 23985 columns and 47970 nonzeros
Variable types: 0 continuous, 23985 integer (23985 binary)
Coefficient statistics:
  Matrix range     [1e+00, 4e+00]
  Objective range  [1e+00, 4e+00]
  Bounds range     [1e+00, 1e+00]
  RHS range        [8e+01, 8e+01]
Found heuristic solution: objective 0
Presolve removed 15990 rows and 18612 columns
Presolve time: 0.04s
Presolved: 100 rows, 5373 columns, 10746 nonzeros
Variable types: 0 continuous, 5373 integer (2751 binary)
Presolved: 100 rows, 5373 columns, 10746 nonzeros

Root barrier log...

Ordering time: 0.00s

Barrier statistics:
 AA' NZ     : 4.768e+03
 Factor NZ  : 5.050e+03 (roughly 2 MBytes of memory)
 Factor Ops : 3.384e+05 (less than 1 second per iteration)
 Threads    : 1

                  Objective                Residual
Iter       Primal          Dual         Primal    Dual     Compl     Time
   0  -1.69458602e+04 -9.93781400e+03  1.00e+02 0.00e+00  1.95e+00     0s
   1  -3.32660734e+03 -5.86460166e+03  0.00e+00 1.33e-15  2.34e-01     0s
   2  -3.78961509e+03 -4.17681281e+03  0.00e+00 1.78e-15  3.57e-02     0s
   3  -3.88530630e+03 -3.99097225e+03  0.00e+00 1.33e-15  9.74e-03     0s
   4  -3.91358623e+03 -3.93720445e+03  0.00e+00 1.33e-15  2.18e-03     0s
   5  -3.91949994e+03 -3.92291240e+03  0.00e+00 1.78e-15  3.15e-04     0s
   6  -3.92132476e+03 -3.92144664e+03  0.00e+00 1.78e-15  1.12e-05     0s
   7  -3.92139999e+03 -3.92140000e+03  0.00e+00 1.78e-15  1.34e-09     0s

Barrier solved model in 7 iterations and 0.06 seconds
Optimal objective -3.92139999e+03


Root relaxation: objective -3.921400e+03, 3719 iterations, 0.02 seconds

    Nodes    |    Current Node    |     Objective Bounds      |     Work
 Expl Unexpl |  Obj  Depth IntInf | Incumbent    BestBd   Gap | It/Node Time

     0     0 -3921.4000    0    4    0.00000 -3921.4000      -     -    0s
H    0     0                    -3918.600000 -3921.4000  0.07%     -    0s

Explored 0 nodes (4300 simplex iterations) in 0.08 seconds
Thread count was 20 (of 20 available processors)

Solution count 2: -3918.6 0 
Pool objective bound -3921.4

Optimal solution found (tolerance 5.00e-02)
Best objective -3.918600000000e+03, best bound -3.921400000000e+03, gap 0.0715%
(0, 3541.9999999999868)
(1, 3558.7999999999847)
(2, 3571.3999999999864)
(3, 3527.9999999999864)
(4, 3485.9999999999873)
(5, 3522.3999999999828)
(6, 3572.7999999999861)
(7, 3544.7999999999834)
(8, 3548.999999999985)
(9, 3512.5999999999872)
(10, 3525.199999999983)
(11, 3544.7999999999847)
(12, 3533.5999999999885)
(13, 3534.9999999999854)
(14, 3533.5999999999881)
(15, 3548.9999999999882)
(16, 3527.9999999999868)
(17, 3523.7999999999861)
(18, 3565.7999999999865)
(19, 3534.9999999999836)
(20, 3523.7999999999861)
(21, 3543.3999999999842)
(22, 3555.9999999999854)
(23, 3546.1999999999862)
(24, 3539.1999999999875)
(25, 3526.5999999999872)
(26, 3526.5999999999872)
(27, 3550.3999999999874)
(28, 3537.7999999999884)
(29, 3543.3999999999855)
(30, 3499.9999999999882)
(31, 3495.799999999987)
(32, 3523.7999999999865)
(33, 3550.3999999999869)
(34, 3529.3999999999883)
(35, 3525.1999999999839)
(36, 3547.5999999999854)
(37, 3551.7999999999838)
(38, 3533.5999999999881)
(39, 3543.3999999999864)
(0, 3457.9999999999868)
(1, 3459.3999999999892)
(2, 3457.9999999999864)
(3, 3459.3999999999874)
(4, 3498.5999999999885)
(5, 3459.3999999999883)
(6, 3456.5999999999885)
(7, 3462.1999999999894)
(8, 3456.5999999999876)
(9, 3457.9999999999882)
(10, 3457.9999999999882)
(11, 3450.9999999999882)
(12, 3459.3999999999878)
(13, 3439.7999999999902)
(14, 3490.1999999999894)
(15, 3443.9999999999877)
(16, 3466.3999999999883)
(17, 3462.1999999999889)
(18, 3450.9999999999895)
(19, 3460.7999999999897)
(20, 3453.7999999999879)
(21, 3464.99999999999)
(22, 3459.399999999986)
(23, 3470.5999999999885)
(24, 3473.3999999999883)
(25, 3455.1999999999889)
(26, 3441.1999999999862)
(27, 3460.7999999999884)
(28, 3457.99999999999)
(29, 3455.1999999999866)
(30, 3457.9999999999886)
(31, 3452.3999999999869)
(32, 3494.3999999999896)
(33, 3457.9999999999864)
(34, 3460.7999999999884)
(35, 3469.1999999999889)
(36, 3469.199999999988)
(37, 3487.3999999999878)
(38, 3456.5999999999876)
(39, 3497.199999999988)
Changed value of parameter MIPGap to 0.05
   Prev: 0.0001  Min: 0.0  Max: 1e+100  Default: 0.0001
Changed value of parameter TimeLimit to 1800.0
   Prev: 1e+100  Min: 0.0  Max: 1e+100  Default: 1e+100
Changed value of parameter Method to 2
   Prev: -1  Min: -1  Max: 4  Default: -1
Changed value of parameter MIPFocus to 1
   Prev: 0  Min: 0  Max: 3  Default: 0
Optimize a model with 16090 rows, 23985 columns and 47970 nonzeros
Variable types: 0 continuous, 23985 integer (23985 binary)
Coefficient statistics:
  Matrix range     [1e+00, 4e+00]
  Objective range  [2e+00, 5e+00]
  Bounds range     [1e+00, 1e+00]
  RHS range        [8e+01, 8e+01]
Found heuristic solution: objective 0
Presolve removed 15990 rows and 18612 columns
Presolve time: 0.04s
Presolved: 100 rows, 5373 columns, 10746 nonzeros
Variable types: 0 continuous, 5373 integer (2751 binary)
Presolved: 100 rows, 5373 columns, 10746 nonzeros

Root barrier log...

Ordering time: 0.00s

Barrier statistics:
 AA' NZ     : 4.768e+03
 Factor NZ  : 5.050e+03 (roughly 2 MBytes of memory)
 Factor Ops : 3.384e+05 (less than 1 second per iteration)
 Threads    : 1

                  Objective                Residual
Iter       Primal          Dual         Primal    Dual     Compl     Time
   0  -1.86198710e+04 -1.31319404e+04  1.00e+02 0.00e+00  2.76e+00     0s
   1  -3.75279539e+03 -7.35650532e+03  0.00e+00 1.78e-15  3.32e-01     0s
   2  -4.41423761e+03 -4.97187945e+03  0.00e+00 1.78e-15  5.14e-02     0s
   3  -4.55120641e+03 -4.70284076e+03  0.00e+00 1.78e-15  1.40e-02     0s
   4  -4.59076994e+03 -4.62428395e+03  0.00e+00 1.78e-15  3.09e-03     0s
   5  -4.59930252e+03 -4.60406493e+03  0.00e+00 1.78e-15  4.39e-04     0s
   6  -4.60189444e+03 -4.60206523e+03  0.00e+00 1.78e-15  1.57e-05     0s
   7  -4.60199999e+03 -4.60200001e+03  0.00e+00 1.78e-15  1.78e-09     0s

Barrier solved model in 7 iterations and 0.05 seconds
Optimal objective -4.60199999e+03


Root relaxation: objective -4.602000e+03, 3719 iterations, 0.02 seconds

    Nodes    |    Current Node    |     Objective Bounds      |     Work
 Expl Unexpl |  Obj  Depth IntInf | Incumbent    BestBd   Gap | It/Node Time

     0     0 -4602.0000    0    8    0.00000 -4602.0000      -     -    0s
H    0     0                    -4602.000000 -4602.0000  0.00%     -    0s

Explored 0 nodes (3892 simplex iterations) in 0.08 seconds
Thread count was 20 (of 20 available processors)

Solution count 2: -4602 0 
Pool objective bound -4602

Optimal solution found (tolerance 5.00e-02)
Best objective -4.602000000000e+03, best bound -4.602000000000e+03, gap 0.0000%
(0, 4180.5)
(1, 4198.0)
(2, 4133.0)
(3, 4188.0)
(4, 4128.0)
(5, 4179.0)
(6, 4145.0)
(7, 4153.0)
(8, 4164.0)
(9, 4182.0)
(10, 4117.5)
(11, 4175.5)
(12, 4160.5)
(13, 4209.0)
(14, 4108.5)
(15, 4181.0)
(16, 4151.5)
(17, 4150.0)
(18, 4164.5)
(19, 4140.0)
(20, 4143.5)
(21, 4140.0)
(22, 4164.0)
(23, 4162.5)
(24, 4167.5)
(25, 4123.5)
(26, 4150.0)
(27, 4120.0)
(28, 4187.5)
(29, 4194.0)
(30, 4183.0)
(31, 4180.0)
(32, 4137.5)
(33, 4157.0)
(34, 4163.5)
(35, 4109.5)
(36, 4213.0)
(37, 4100.0)
(38, 4173.5)
(39, 4183.0)
(0, 4078.5)
(1, 4085.0)
(2, 4061.0)
(3, 4071.5)
(4, 4091.5)
(5, 4066.0)
(6, 4060.5)
(7, 4076.0)
(8, 4079.5)
(9, 4076.5)
(10, 4044.0)
(11, 4056.0)
(12, 4078.5)
(13, 4068.5)
(14, 4055.5)
(15, 4067.0)
(16, 4086.5)
(17, 4062.0)
(18, 4040.0)
(19, 4077.5)
(20, 4074.0)
(21, 4056.0)
(22, 4073.5)
(23, 4073.0)
(24, 4078.5)
(25, 4079.5)
(26, 4102.5)
(27, 4073.5)
(28, 4063.0)
(29, 4080.5)
(30, 4069.5)
(31, 4083.0)
(32, 4049.0)
(33, 4083.0)
(34, 4057.0)
(35, 4079.0)
(36, 4080.0)
(37, 4107.5)
(38, 4093.0)
(39, 4059.0)
Changed value of parameter MIPGap to 0.05
   Prev: 0.0001  Min: 0.0  Max: 1e+100  Default: 0.0001
Changed value of parameter TimeLimit to 1800.0
   Prev: 1e+100  Min: 0.0  Max: 1e+100  Default: 1e+100
Changed value of parameter Method to 2
   Prev: -1  Min: -1  Max: 4  Default: -1
Changed value of parameter MIPFocus to 1
   Prev: 0  Min: 0  Max: 3  Default: 0
Optimize a model with 16090 rows, 23985 columns and 47970 nonzeros
Variable types: 0 continuous, 23985 integer (23985 binary)
Coefficient statistics:
  Matrix range     [1e+00, 4e+00]
  Objective range  [2e+00, 9e+00]
  Bounds range     [1e+00, 1e+00]
  RHS range        [8e+01, 8e+01]
Found heuristic solution: objective 0
Presolve removed 15990 rows and 18612 columns
Presolve time: 0.04s
Presolved: 100 rows, 5373 columns, 10746 nonzeros
Variable types: 0 continuous, 5373 integer (2751 binary)
Presolved: 100 rows, 5373 columns, 10746 nonzeros

Root barrier log...

Ordering time: 0.00s

Barrier statistics:
 AA' NZ     : 4.768e+03
 Factor NZ  : 5.050e+03 (roughly 2 MBytes of memory)
 Factor Ops : 3.384e+05 (less than 1 second per iteration)
 Threads    : 1

                  Objective                Residual
Iter       Primal          Dual         Primal    Dual     Compl     Time
   0  -2.69629771e+04 -2.91025723e+04  1.00e+02 0.00e+00  6.85e+00     0s
   1  -5.89435728e+03 -1.48146987e+04  0.00e+00 4.44e-15  8.22e-01     0s
   2  -7.53677867e+03 -8.93862289e+03  0.00e+00 3.55e-15  1.29e-01     0s
   3  -7.88074790e+03 -8.26109254e+03  0.00e+00 3.55e-15  3.51e-02     0s
   4  -7.97671640e+03 -8.06004312e+03  0.00e+00 3.55e-15  7.68e-03     0s
   5  -7.99828894e+03 -8.00990907e+03  0.00e+00 3.55e-15  1.07e-03     0s
   6  -8.00473949e+03 -8.00516074e+03  0.00e+00 3.55e-15  3.88e-05     0s
   7  -8.00499997e+03 -8.00500001e+03  0.00e+00 3.55e-15  4.34e-09     0s

Barrier solved model in 7 iterations and 0.05 seconds
Optimal objective -8.00499997e+03


Root relaxation: objective -8.005000e+03, 3719 iterations, 0.02 seconds

    Nodes    |    Current Node    |     Objective Bounds      |     Work
 Expl Unexpl |  Obj  Depth IntInf | Incumbent    BestBd   Gap | It/Node Time

*    0     0               0    -8005.000000 -8005.0000  0.00%     -    0s

Explored 0 nodes (3759 simplex iterations) in 0.08 seconds
Thread count was 20 (of 20 available processors)

Solution count 2: -8005 0 
Pool objective bound -8005

Optimal solution found (tolerance 5.00e-02)
Best objective -8.005000000000e+03, best bound -8.005000000000e+03, gap 0.0000%
(0, 7353.0)
(1, 7382.0)
(2, 7334.0)
(3, 7319.0)
(4, 7280.0)
(5, 7278.0)
(6, 7227.0)
(7, 7295.0)
(8, 7223.0)
(9, 7335.0)
(10, 7290.0)
(11, 7352.0)
(12, 7351.0)
(13, 7312.0)
(14, 7351.0)
(15, 7296.0)
(16, 7301.0)
(17, 7377.0)
(18, 7284.0)
(19, 7373.0)
(20, 7330.0)
(21, 7364.0)
(22, 7334.0)
(23, 7281.0)
(24, 7336.0)
(25, 7307.0)
(26, 7302.0)
(27, 7337.0)
(28, 7343.0)
(29, 7353.0)
(30, 7251.0)
(31, 7261.0)
(32, 7291.0)
(33, 7373.0)
(34, 7295.0)
(35, 7285.0)
(36, 7289.0)
(37, 7263.0)
(38, 7278.0)
(39, 7334.0)
(0, 7156.0)
(1, 7219.0)
(2, 7283.0)
(3, 7199.0)
(4, 7222.0)
(5, 7173.0)
(6, 7205.0)
(7, 7221.0)
(8, 7193.0)
(9, 7192.0)
(10, 7171.0)
(11, 7219.0)
(12, 7219.0)
(13, 7175.0)
(14, 7161.0)
(15, 7250.0)
(16, 7162.0)
(17, 7194.0)
(18, 7190.0)
(19, 7203.0)
(20, 7219.0)
(21, 7201.0)
(22, 7203.0)
(23, 7184.0)
(24, 7186.0)
(25, 7190.0)
(26, 7223.0)
(27, 7185.0)
(28, 7217.0)
(29, 7178.0)
(30, 7229.0)
(31, 7215.0)
(32, 7182.0)
(33, 7180.0)
(34, 7186.0)
(35, 7218.0)
(36, 7180.0)
(37, 7176.0)
(38, 7154.0)
(39, 7188.0)
Changed value of parameter MIPGap to 0.05
   Prev: 0.0001  Min: 0.0  Max: 1e+100  Default: 0.0001
Changed value of parameter TimeLimit to 1800.0
   Prev: 1e+100  Min: 0.0  Max: 1e+100  Default: 1e+100
Changed value of parameter Method to 2
   Prev: -1  Min: -1  Max: 4  Default: -1
Changed value of parameter MIPFocus to 1
   Prev: 0  Min: 0  Max: 3  Default: 0
Optimize a model with 16090 rows, 23985 columns and 47970 nonzeros
Variable types: 0 continuous, 23985 integer (23985 binary)
Coefficient statistics:
  Matrix range     [1e+00, 4e+00]
  Objective range  [3e+00, 2e+01]
  Bounds range     [1e+00, 1e+00]
  RHS range        [8e+01, 8e+01]
Found heuristic solution: objective 0
Presolve removed 15990 rows and 18612 columns
Presolve time: 0.04s
Presolved: 100 rows, 5373 columns, 10746 nonzeros
Variable types: 0 continuous, 5373 integer (2751 binary)
Presolved: 100 rows, 5373 columns, 10746 nonzeros

Root barrier log...

Ordering time: 0.00s

Barrier statistics:
 AA' NZ     : 4.768e+03
 Factor NZ  : 5.050e+03 (roughly 2 MBytes of memory)
 Factor Ops : 3.384e+05 (less than 1 second per iteration)
 Threads    : 1

                  Objective                Residual
Iter       Primal          Dual         Primal    Dual     Compl     Time
   0  -4.36316292e+04 -6.10438361e+04  1.00e+02 8.88e-16  1.50e+01     0s
   1  -1.01855738e+04 -2.97290563e+04  0.00e+00 7.99e-15  1.80e+00     0s
   2  -1.37777039e+04 -1.68614748e+04  0.00e+00 7.11e-15  2.84e-01     0s
   3  -1.45388392e+04 -1.53739142e+04  0.00e+00 3.55e-15  7.70e-02     0s
   4  -1.47485209e+04 -1.49309142e+04  0.00e+00 7.11e-15  1.68e-02     0s
   5  -1.47962380e+04 -1.48215365e+04  0.00e+00 7.11e-15  2.33e-03     0s
   6  -1.48104311e+04 -1.48113512e+04  0.00e+00 7.99e-15  8.48e-05     0s
   7  -1.48109999e+04 -1.48110000e+04  0.00e+00 7.99e-15  9.70e-09     0s

Barrier solved model in 7 iterations and 0.06 seconds
Optimal objective -1.48109999e+04


Root relaxation: objective -1.481100e+04, 3719 iterations, 0.02 seconds

    Nodes    |    Current Node    |     Objective Bounds      |     Work
 Expl Unexpl |  Obj  Depth IntInf | Incumbent    BestBd   Gap | It/Node Time

     0     0 -14811.000    0    2    0.00000 -14811.000      -     -    0s
H    0     0                    -14800.00000 -14811.000  0.07%     -    0s

Explored 0 nodes (4255 simplex iterations) in 0.09 seconds
Thread count was 20 (of 20 available processors)

Solution count 2: -14800 0 
Pool objective bound -14811

Optimal solution found (tolerance 5.00e-02)
Best objective -1.480000000000e+04, best bound -1.481100000000e+04, gap 0.0743%
(0, 13858.0)
(1, 13932.0)
(2, 13904.0)
(3, 13910.0)
(4, 13804.0)
(5, 13909.0)
(6, 13972.0)
(7, 13839.0)
(8, 13870.0)
(9, 13905.0)
(10, 13934.0)
(11, 13969.0)
(12, 13941.0)
(13, 13858.0)
(14, 13920.0)
(15, 13729.0)
(16, 13960.0)
(17, 13858.0)
(18, 14003.0)
(19, 13975.0)
(20, 13721.0)
(21, 13960.0)
(22, 13870.0)
(23, 13902.0)
(24, 13956.0)
(25, 13893.0)
(26, 13961.0)
(27, 13858.0)
(28, 13742.0)
(29, 13717.0)
(30, 13892.0)
(31, 13881.0)
(32, 13892.0)
(33, 13791.0)
(34, 13808.0)
(35, 13914.0)
(36, 13867.0)
(37, 13911.0)
(38, 13913.0)
(39, 13935.0)
(0, 13419.0)
(1, 13461.0)
(2, 13600.0)
(3, 13535.0)
(4, 13600.0)
(5, 13410.0)
(6, 13478.0)
(7, 13592.0)
(8, 13452.0)
(9, 13436.0)
(10, 13403.0)
(11, 13445.0)
(12, 13501.0)
(13, 13577.0)
(14, 13447.0)
(15, 13424.0)
(16, 13444.0)
(17, 13461.0)
(18, 13444.0)
(19, 13561.0)
(20, 13601.0)
(21, 13436.0)
(22, 13464.0)
(23, 13394.0)
(24, 13526.0)
(25, 13727.0)
(26, 13428.0)
(27, 13595.0)
(28, 13430.0)
(29, 13449.0)
(30, 13656.0)
(31, 13456.0)
(32, 13417.0)
(33, 13456.0)
(34, 13472.0)
(35, 13432.0)
(36, 13452.0)
(37, 13431.0)
(38, 13397.0)
(39, 13506.0)
Changed value of parameter MIPGap to 0.05
   Prev: 0.0001  Min: 0.0  Max: 1e+100  Default: 0.0001
Changed value of parameter TimeLimit to 1800.0
   Prev: 1e+100  Min: 0.0  Max: 1e+100  Default: 1e+100
Changed value of parameter Method to 2
   Prev: -1  Min: -1  Max: 4  Default: -1
Changed value of parameter MIPFocus to 1
   Prev: 0  Min: 0  Max: 3  Default: 0
Optimize a model with 16090 rows, 23985 columns and 47970 nonzeros
Variable types: 0 continuous, 23985 integer (23985 binary)
Coefficient statistics:
  Matrix range     [1e+00, 4e+00]
  Objective range  [5e+00, 3e+01]
  Bounds range     [1e+00, 1e+00]
  RHS range        [8e+01, 8e+01]
Found heuristic solution: objective 0
Presolve removed 15990 rows and 18612 columns
Presolve time: 0.04s
Presolved: 100 rows, 5373 columns, 10746 nonzeros
Variable types: 0 continuous, 5373 integer (2751 binary)
Presolved: 100 rows, 5373 columns, 10746 nonzeros

Root barrier log...

Ordering time: 0.00s

Barrier statistics:
 AA' NZ     : 4.768e+03
 Factor NZ  : 5.050e+03 (roughly 2 MBytes of memory)
 Factor Ops : 3.384e+05 (less than 1 second per iteration)
 Threads    : 1

                  Objective                Residual
Iter       Primal          Dual         Primal    Dual     Compl     Time
   0  -7.69627180e+04 -1.24926364e+05  1.00e+02 1.78e-15  3.14e+01     0s
   1  -1.87728332e+04 -5.95566704e+04  0.00e+00 1.78e-14  3.76e+00     0s
   2  -2.62617666e+04 -3.26884795e+04  0.00e+00 1.42e-14  5.93e-01     0s
   3  -2.78560443e+04 -2.95967026e+04  0.00e+00 8.88e-15  1.60e-01     0s
   4  -2.82919990e+04 -2.86724757e+04  0.00e+00 1.60e-14  3.51e-02     0s
   5  -2.83921161e+04 -2.84448456e+04  0.00e+00 1.42e-14  4.86e-03     0s
   6  -2.84218105e+04 -2.84237339e+04  0.00e+00 1.42e-14  1.77e-04     0s
   7  -2.84229998e+04 -2.84230001e+04  0.00e+00 1.42e-14  2.10e-08     0s
   8  -2.84230000e+04 -2.84230000e+04  5.13e-14 1.78e-14  2.19e-14     0s

Barrier solved model in 8 iterations and 0.06 seconds
Optimal objective -2.84230000e+04


Root relaxation: objective -2.842300e+04, 3719 iterations, 0.03 seconds

    Nodes    |    Current Node    |     Objective Bounds      |     Work
 Expl Unexpl |  Obj  Depth IntInf | Incumbent    BestBd   Gap | It/Node Time

     0     0 -28423.000    0    6    0.00000 -28423.000      -     -    0s
H    0     0                    -28372.00000 -28423.000  0.18%     -    0s

Explored 0 nodes (4315 simplex iterations) in 0.08 seconds
Thread count was 20 (of 20 available processors)

Solution count 2: -28372 0 
Pool objective bound -28423

Optimal solution found (tolerance 5.00e-02)
Best objective -2.837200000000e+04, best bound -2.842300000000e+04, gap 0.1798%
(0, 26586.0)
(1, 26579.0)
(2, 26649.0)
(3, 26809.0)
(4, 26685.0)
(5, 26634.0)
(6, 26601.0)
(7, 26360.0)
(8, 26618.0)
(9, 26576.0)
(10, 26796.0)
(11, 26597.0)
(12, 26672.0)
(13, 26659.0)
(14, 26560.0)
(15, 26576.0)
(16, 26477.0)
(17, 26637.0)
(18, 26581.0)
(19, 26730.0)
(20, 26870.0)
(21, 26599.0)
(22, 26517.0)
(23, 26525.0)
(24, 26698.0)
(25, 26438.0)
(26, 26832.0)
(27, 26662.0)
(28, 26650.0)
(29, 26637.0)
(30, 26657.0)
(31, 26641.0)
(32, 26865.0)
(33, 26870.0)
(34, 26781.0)
(35, 26687.0)
(36, 26439.0)
(37, 26754.0)
(38, 26667.0)
(39, 26591.0)
(0, 26007.0)
(1, 26015.0)
(2, 26193.0)
(3, 26038.0)
(4, 26096.0)
(5, 25979.0)
(6, 25982.0)
(7, 26155.0)
(8, 26086.0)
(9, 25992.0)
(10, 26203.0)
(11, 26180.0)
(12, 25949.0)
(13, 26010.0)
(14, 26058.0)
(15, 26228.0)
(16, 25987.0)
(17, 25926.0)
(18, 26015.0)
(19, 26178.0)
(20, 26175.0)
(21, 26040.0)
(22, 26223.0)
(23, 26178.0)
(24, 26297.0)
(25, 26119.0)
(26, 26320.0)
(27, 25837.0)
(28, 25990.0)
(29, 26053.0)
(30, 26274.0)
(31, 26015.0)
(32, 25908.0)
(33, 25959.0)
(34, 25951.0)
(35, 26030.0)
(36, 26007.0)
(37, 25944.0)
(38, 26178.0)
(39, 26150.0)
Changed value of parameter MIPGap to 0.05
   Prev: 0.0001  Min: 0.0  Max: 1e+100  Default: 0.0001
Changed value of parameter TimeLimit to 1800.0
   Prev: 1e+100  Min: 0.0  Max: 1e+100  Default: 1e+100
Changed value of parameter Method to 2
   Prev: -1  Min: -1  Max: 4  Default: -1
Changed value of parameter MIPFocus to 1
   Prev: 0  Min: 0  Max: 3  Default: 0
Optimize a model with 16090 rows, 23985 columns and 47970 nonzeros
Variable types: 0 continuous, 23985 integer (23985 binary)
Coefficient statistics:
  Matrix range     [1e+00, 4e+00]
  Objective range  [6e+00, 4e+01]
  Bounds range     [1e+00, 1e+00]
  RHS range        [8e+01, 8e+01]
Found heuristic solution: objective 0
Presolve removed 15990 rows and 18612 columns
Presolve time: 0.04s
Presolved: 100 rows, 5373 columns, 10746 nonzeros
Variable types: 0 continuous, 5373 integer (2751 binary)
Presolved: 100 rows, 5373 columns, 10746 nonzeros

Root barrier log...

Ordering time: 0.00s

Barrier statistics:
 AA' NZ     : 4.768e+03
 Factor NZ  : 5.050e+03 (roughly 2 MBytes of memory)
 Factor Ops : 3.384e+05 (less than 1 second per iteration)
 Threads    : 1

                  Objective                Residual
Iter       Primal          Dual         Primal    Dual     Compl     Time
   0  -9.36277232e+04 -1.56867628e+05  1.00e+02 3.55e-15  3.95e+01     0s
   1  -2.30669789e+04 -7.44703638e+04  0.00e+00 2.13e-14  4.74e+00     0s
   2  -3.25041184e+04 -4.05990386e+04  0.00e+00 1.42e-14  7.46e-01     0s
   3  -3.45147938e+04 -3.67076491e+04  0.00e+00 1.42e-14  2.02e-01     0s
   4  -3.50637165e+04 -3.55432344e+04  0.00e+00 1.42e-14  4.42e-02     0s
   5  -3.51900512e+04 -3.52565102e+04  0.00e+00 1.60e-14  6.13e-03     0s
   6  -3.52274994e+04 -3.52299256e+04  0.00e+00 1.78e-14  2.24e-04     0s
   7  -3.52289998e+04 -3.52290001e+04  0.00e+00 1.60e-14  2.67e-08     0s
   8  -3.52290000e+04 -3.52290000e+04  6.35e-13 1.42e-14  2.81e-14     0s

Barrier solved model in 8 iterations and 0.06 seconds
Optimal objective -3.52290000e+04


Root relaxation: objective -3.522900e+04, 3719 iterations, 0.03 seconds

    Nodes    |    Current Node    |     Objective Bounds      |     Work
 Expl Unexpl |  Obj  Depth IntInf | Incumbent    BestBd   Gap | It/Node Time

*    0     0               0    -35229.00000 -35229.000  0.00%     -    0s

Explored 0 nodes (4123 simplex iterations) in 0.08 seconds
Thread count was 20 (of 20 available processors)

Solution count 2: -35229 0 
Pool objective bound -35229

Optimal solution found (tolerance 5.00e-02)
Best objective -3.522900000000e+04, best bound -3.522900000000e+04, gap 0.0000%
(0, 32806.0)
(1, 32975.0)
(2, 32758.0)
(3, 33250.0)
(4, 33180.0)
(5, 32713.0)
(6, 32672.0)
(7, 32876.0)
(8, 32794.0)
(9, 32986.0)
(10, 32929.0)
(11, 33268.0)
(12, 33179.0)
(13, 32684.0)
(14, 32933.0)
(15, 33359.0)
(16, 33097.0)
(17, 32847.0)
(18, 33086.0)
(19, 32974.0)
(20, 32811.0)
(21, 32788.0)
(22, 32852.0)
(23, 33038.0)
(24, 32824.0)
(25, 32421.0)
(26, 32981.0)
(27, 33039.0)
(28, 33180.0)
(29, 32980.0)
(30, 32898.0)
(31, 33161.0)
(32, 32946.0)
(33, 32619.0)
(34, 33172.0)
(35, 33168.0)
(36, 33056.0)
(37, 32863.0)
(38, 32699.0)
(39, 32957.0)
(0, 32423.0)
(1, 32061.0)
(2, 32259.0)
(3, 32218.0)
(4, 32137.0)
(5, 32282.0)
(6, 32429.0)
(7, 32429.0)
(8, 31996.0)
(9, 32055.0)
(10, 32423.0)
(11, 32446.0)
(12, 32435.0)
(13, 32224.0)
(14, 32095.0)
(15, 32148.0)
(16, 32464.0)
(17, 32300.0)
(18, 32084.0)
(19, 32125.0)
(20, 32125.0)
(21, 32090.0)
(22, 32137.0)
(23, 32090.0)
(24, 32137.0)
(25, 32283.0)
(26, 32119.0)
(27, 32125.0)
(28, 32236.0)
(29, 32148.0)
(30, 32084.0)
(31, 32347.0)
(32, 32440.0)
(33, 32446.0)
(34, 32119.0)
(35, 32125.0)
(36, 32125.0)
(37, 32230.0)
(38, 32201.0)
(39, 32113.0)
Changed value of parameter MIPGap to 0.05
   Prev: 0.0001  Min: 0.0  Max: 1e+100  Default: 0.0001
Changed value of parameter TimeLimit to 1800.0
   Prev: 1e+100  Min: 0.0  Max: 1e+100  Default: 1e+100
Changed value of parameter Method to 2
   Prev: -1  Min: -1  Max: 4  Default: -1
Changed value of parameter MIPFocus to 1
   Prev: 0  Min: 0  Max: 3  Default: 0
Optimize a model with 16090 rows, 23985 columns and 47970 nonzeros
Variable types: 0 continuous, 23985 integer (23985 binary)
Coefficient statistics:
  Matrix range     [1e+00, 4e+00]
  Objective range  [1e+01, 8e+01]
  Bounds range     [1e+00, 1e+00]
  RHS range        [8e+01, 8e+01]
Found heuristic solution: objective 0
Presolve removed 15990 rows and 18612 columns
Presolve time: 0.04s
Presolved: 100 rows, 5373 columns, 10746 nonzeros
Variable types: 0 continuous, 5373 integer (2751 binary)
Presolved: 100 rows, 5373 columns, 10746 nonzeros

Root barrier log...

Ordering time: 0.00s

Barrier statistics:
 AA' NZ     : 4.768e+03
 Factor NZ  : 5.050e+03 (roughly 2 MBytes of memory)
 Factor Ops : 3.384e+05 (less than 1 second per iteration)
 Threads    : 1

                  Objective                Residual
Iter       Primal          Dual         Primal    Dual     Compl     Time
   0  -1.76951741e+05 -3.16573947e+05  1.00e+02 7.11e-15  8.04e+01     0s
   1  -4.45387717e+04 -1.49038600e+05  0.00e+00 4.26e-14  9.63e+00     0s
   2  -6.37166499e+04 -8.01443546e+04  0.00e+00 3.20e-14  1.51e+00     0s
   3  -6.78089049e+04 -7.22612514e+04  0.00e+00 2.84e-14  4.11e-01     0s
   4  -6.89222459e+04 -6.98969769e+04  0.00e+00 2.84e-14  8.99e-02     0s
   5  -6.91797166e+04 -6.93148607e+04  0.00e+00 2.84e-14  1.25e-02     0s
   6  -6.92559423e+04 -6.92608851e+04  0.00e+00 2.84e-14  4.56e-04     0s
   7  -6.92589996e+04 -6.92590002e+04  0.00e+00 3.91e-14  5.55e-08     0s
   8  -6.92590000e+04 -6.92590000e+04  2.20e-13 4.26e-14  5.84e-14     0s

Barrier solved model in 8 iterations and 0.06 seconds
Optimal objective -6.92590000e+04


Root relaxation: objective -6.925900e+04, 3718 iterations, 0.03 seconds

    Nodes    |    Current Node    |     Objective Bounds      |     Work
 Expl Unexpl |  Obj  Depth IntInf | Incumbent    BestBd   Gap | It/Node Time

*    0     0               0    -69259.00000 -69259.000  0.00%     -    0s

Explored 0 nodes (3950 simplex iterations) in 0.08 seconds
Thread count was 20 (of 20 available processors)

Solution count 2: -69259 0 
Pool objective bound -69259

Optimal solution found (tolerance 5.00e-02)
Best objective -6.925900000000e+04, best bound -6.925900000000e+04, gap 0.0000%
(0, 64664.0)
(1, 65360.0)
(2, 64841.0)
(3, 64793.0)
(4, 64513.0)
(5, 65544.0)
(6, 64340.0)
(7, 64461.0)
(8, 64874.0)
(9, 64863.0)
(10, 64988.0)
(11, 64594.0)
(12, 64218.0)
(13, 64907.0)
(14, 65161.0)
(15, 64874.0)
(16, 65069.0)
(17, 65338.0)
(18, 64189.0)
(19, 64030.0)
(20, 64163.0)
(21, 64697.0)
(22, 64159.0)
(23, 65242.0)
(24, 64918.0)
(25, 64789.0)
(26, 65025.0)
(27, 64528.0)
(28, 64719.0)
(29, 64089.0)
(30, 64233.0)
(31, 64889.0)
(32, 64815.0)
(33, 64310.0)
(34, 63979.0)
(35, 64568.0)
(36, 64303.0)
(37, 64277.0)
(38, 64325.0)
(39, 64137.0)
(0, 63508.0)
(1, 63648.0)
(2, 63703.0)
(3, 63206.0)
(4, 63777.0)
(5, 63600.0)
(6, 63563.0)
(7, 64020.0)
(8, 64035.0)
(9, 63906.0)
(10, 63567.0)
(11, 63438.0)
(12, 63497.0)
(13, 64020.0)
(14, 63346.0)
(15, 63309.0)
(16, 63681.0)
(17, 63508.0)
(18, 63486.0)
(19, 63114.0)
(20, 63961.0)
(21, 63696.0)
(22, 63987.0)
(23, 64057.0)
(24, 64020.0)
(25, 63600.0)
(26, 63983.0)
(27, 63449.0)
(28, 63368.0)
(29, 63622.0)
(30, 63578.0)
(31, 63611.0)
(32, 63825.0)
(33, 63600.0)
(34, 64101.0)
(35, 63906.0)
(36, 63486.0)
(37, 63486.0)
(38, 63545.0)
(39, 63836.0)
Changed value of parameter MIPGap to 0.05
   Prev: 0.0001  Min: 0.0  Max: 1e+100  Default: 0.0001
Changed value of parameter TimeLimit to 1800.0
   Prev: 1e+100  Min: 0.0  Max: 1e+100  Default: 1e+100
Changed value of parameter Method to 2
   Prev: -1  Min: -1  Max: 4  Default: -1
Changed value of parameter MIPFocus to 1
   Prev: 0  Min: 0  Max: 3  Default: 0
Optimize a model with 16090 rows, 23985 columns and 47970 nonzeros
Variable types: 0 continuous, 23985 integer (23985 binary)
Coefficient statistics:
  Matrix range     [1e+00, 4e+00]
  Objective range  [2e+01, 2e+02]
  Bounds range     [1e+00, 1e+00]
  RHS range        [8e+01, 8e+01]
Found heuristic solution: objective 0
Presolve removed 15990 rows and 18612 columns
Presolve time: 0.04s
Presolved: 100 rows, 5373 columns, 10746 nonzeros
Variable types: 0 continuous, 5373 integer (2751 binary)
Presolved: 100 rows, 5373 columns, 10746 nonzeros

Root barrier log...

Ordering time: 0.00s

Barrier statistics:
 AA' NZ     : 4.768e+03
 Factor NZ  : 5.050e+03 (roughly 2 MBytes of memory)
 Factor Ops : 3.384e+05 (less than 1 second per iteration)
 Threads    : 1

                  Objective                Residual
Iter       Primal          Dual         Primal    Dual     Compl     Time
   0  -3.43598801e+05 -6.35986585e+05  1.00e+02 1.42e-14  1.62e+02     0s
   1  -8.74834374e+04 -2.98174839e+05  0.00e+00 8.53e-14  1.94e+01     0s
   2  -1.26143222e+05 -1.59226518e+05  0.00e+00 5.68e-14  3.05e+00     0s
   3  -1.34397737e+05 -1.43367335e+05  0.00e+00 5.68e-14  8.27e-01     0s
   4  -1.36639224e+05 -1.38604441e+05  0.00e+00 6.39e-14  1.81e-01     0s
   5  -1.37159035e+05 -1.37431600e+05  0.00e+00 6.39e-14  2.51e-02     0s
   6  -1.37312825e+05 -1.37322805e+05  0.00e+00 7.11e-14  9.20e-04     0s
   7  -1.37318999e+05 -1.37319000e+05  0.00e+00 9.95e-14  1.07e-07     0s
   8  -1.37319000e+05 -1.37319000e+05  2.05e-13 7.11e-14  1.20e-13     0s

Barrier solved model in 8 iterations and 0.06 seconds
Optimal objective -1.37319000e+05


Root relaxation: objective -1.373190e+05, 3718 iterations, 0.03 seconds

    Nodes    |    Current Node    |     Objective Bounds      |     Work
 Expl Unexpl |  Obj  Depth IntInf | Incumbent    BestBd   Gap | It/Node Time

*    0     0               0    -137319.0000 -137319.00  0.00%     -    0s

Explored 0 nodes (3718 simplex iterations) in 0.08 seconds
Thread count was 20 (of 20 available processors)

Solution count 2: -137319 0 
Pool objective bound -137319

Optimal solution found (tolerance 5.00e-02)
Best objective -1.373190000000e+05, best bound -1.373190000000e+05, gap 0.0000%
(0, 128135.0)
(1, 129143.0)
(2, 127050.0)
(3, 128394.0)
(4, 127953.0)
(5, 128317.0)
(6, 129458.0)
(7, 128884.0)
(8, 129297.0)
(9, 128072.0)
(10, 129199.0)
(11, 127358.0)
(12, 127897.0)
(13, 128317.0)
(14, 129955.0)
(15, 128254.0)
(16, 128079.0)
(17, 128716.0)
(18, 129640.0)
(19, 128800.0)
(20, 128982.0)
(21, 127911.0)
(22, 128940.0)
(23, 126518.0)
(24, 126546.0)
(25, 127260.0)
(26, 127253.0)
(27, 127470.0)
(28, 128471.0)
(29, 128856.0)
(30, 128695.0)
(31, 127995.0)
(32, 128009.0)
(33, 128373.0)
(34, 127757.0)
(35, 129542.0)
(36, 127428.0)
(37, 129437.0)
(38, 129073.0)
(39, 129416.0)
(0, 126910.0)
(1, 126756.0)
(2, 126868.0)
(3, 126252.0)
(4, 126854.0)
(5, 127232.0)
(6, 126833.0)
(7, 126735.0)
(8, 126308.0)
(9, 126952.0)
(10, 125482.0)
(11, 126728.0)
(12, 125650.0)
(13, 126875.0)
(14, 126805.0)
(15, 126028.0)
(16, 126189.0)
(17, 125587.0)
(18, 126588.0)
(19, 126749.0)
(20, 126707.0)
(21, 126889.0)
(22, 126875.0)
(23, 126847.0)
(24, 126651.0)
(25, 126847.0)
(26, 126756.0)
(27, 125629.0)
(28, 126070.0)
(29, 126210.0)
(30, 126630.0)
(31, 126756.0)
(32, 126812.0)
(33, 126014.0)
(34, 126609.0)
(35, 125951.0)
(36, 126931.0)
(37, 126833.0)
(38, 126847.0)
(39, 125748.0)
Changed value of parameter MIPGap to 0.05
   Prev: 0.0001  Min: 0.0  Max: 1e+100  Default: 0.0001
Changed value of parameter TimeLimit to 1800.0
   Prev: 1e+100  Min: 0.0  Max: 1e+100  Default: 1e+100
Changed value of parameter Method to 2
   Prev: -1  Min: -1  Max: 4  Default: -1
Changed value of parameter MIPFocus to 1
   Prev: 0  Min: 0  Max: 3  Default: 0
Optimize a model with 16090 rows, 23985 columns and 47970 nonzeros
Variable types: 0 continuous, 23985 integer (23985 binary)
Coefficient statistics:
  Matrix range     [1e+00, 4e+00]
  Objective range  [5e+01, 4e+02]
  Bounds range     [1e+00, 1e+00]
  RHS range        [8e+01, 8e+01]
Found heuristic solution: objective 0
Presolve removed 15990 rows and 18612 columns
Presolve time: 0.04s
Presolved: 100 rows, 5373 columns, 10746 nonzeros
Variable types: 0 continuous, 5373 integer (2751 binary)
Presolved: 100 rows, 5373 columns, 10746 nonzeros

Root barrier log...

Ordering time: 0.00s

Barrier statistics:
 AA' NZ     : 4.768e+03
 Factor NZ  : 5.050e+03 (roughly 2 MBytes of memory)
 Factor Ops : 3.384e+05 (less than 1 second per iteration)
 Threads    : 1

                  Objective                Residual
Iter       Primal          Dual         Primal    Dual     Compl     Time
   0  -8.43539222e+05 -1.59422450e+06  1.00e+02 2.84e-14  4.07e+02     0s
   1  -2.16318310e+05 -7.45583369e+05  0.00e+00 3.13e-13  4.88e+01     0s
   2  -3.13427261e+05 -3.96465422e+05  0.00e+00 1.56e-13  7.66e+00     0s
   3  -3.34166115e+05 -3.56685291e+05  0.00e+00 1.14e-13  2.08e+00     0s
   4  -3.39790061e+05 -3.44726882e+05  0.00e+00 1.42e-13  4.55e-01     0s
   5  -3.41097002e+05 -3.41781858e+05  0.00e+00 1.85e-13  6.31e-02     0s
   6  -3.41483472e+05 -3.41508567e+05  0.00e+00 1.56e-13  2.31e-03     0s
   7  -3.41498998e+05 -3.41499001e+05  0.00e+00 2.42e-13  2.69e-07     0s
   8  -3.41499000e+05 -3.41499000e+05  4.61e-12 1.71e-13  2.88e-13     0s

Barrier solved model in 8 iterations and 0.06 seconds
Optimal objective -3.41499000e+05


Root relaxation: objective -3.414990e+05, 3718 iterations, 0.03 seconds

    Nodes    |    Current Node    |     Objective Bounds      |     Work
 Expl Unexpl |  Obj  Depth IntInf | Incumbent    BestBd   Gap | It/Node Time

     0     0 -341499.00    0    4    0.00000 -341499.00      -     -    0s
H    0     0                    -340901.0000 -341499.00  0.18%     -    0s

Explored 0 nodes (4259 simplex iterations) in 0.08 seconds
Thread count was 20 (of 20 available processors)

Solution count 2: -340901 0 
Pool objective bound -341499

Optimal solution found (tolerance 5.00e-02)
Best objective -3.409010000000e+05, best bound -3.414990000000e+05, gap 0.1754%
(0, 315517.0)
(1, 310464.0)
(2, 314467.0)
(3, 313461.0)
(4, 313672.0)
(5, 316414.0)
(6, 313417.0)
(7, 315823.0)
(8, 313322.0)
(9, 316020.0)
(10, 315918.0)
(11, 314868.0)
(12, 316020.0)
(13, 315123.0)
(14, 315473.0)
(15, 316968.0)
(16, 314671.0)
(17, 313920.0)
(18, 314124.0)
(19, 315072.0)
(20, 315779.0)
(21, 310369.0)
(22, 313104.0)
(23, 314627.0)
(24, 314525.0)
(25, 313417.0)
(26, 315772.0)
(27, 313213.0)
(28, 316574.0)
(29, 315772.0)
(30, 312476.0)
(31, 311011.0)
(32, 318484.0)
(33, 313927.0)
(34, 314423.0)
(35, 317420.0)
(36, 315378.0)
(37, 313964.0)
(38, 316129.0)
(39, 312870.0)
(0, 317624.0)
(1, 318382.0)
(2, 318229.0)
(3, 317828.0)
(4, 317726.0)
(5, 319279.0)
(6, 319775.0)
(7, 319082.0)
(8, 317580.0)
(9, 318032.0)
(10, 317376.0)
(11, 319279.0)
(12, 317930.0)
(13, 317879.0)
(14, 318025.0)
(15, 319228.0)
(16, 318579.0)
(17, 317281.0)
(18, 319177.0)
(19, 319279.0)
(20, 318528.0)
(21, 319075.0)
(22, 318426.0)
(23, 317828.0)
(24, 318579.0)
(25, 317930.0)
(26, 318076.0)
(27, 319279.0)
(28, 317879.0)
(29, 319520.0)
(30, 317478.0)
(31, 317631.0)
(32, 318280.0)
(33, 315976.0)
(34, 319177.0)
(35, 318732.0)
(36, 317135.0)
(37, 314926.0)
(38, 317879.0)
(39, 318630.0)
Changed value of parameter MIPGap to 0.05
   Prev: 0.0001  Min: 0.0  Max: 1e+100  Default: 0.0001
Changed value of parameter TimeLimit to 1800.0
   Prev: 1e+100  Min: 0.0  Max: 1e+100  Default: 1e+100
Changed value of parameter Method to 2
   Prev: -1  Min: -1  Max: 4  Default: -1
Changed value of parameter MIPFocus to 1
   Prev: 0  Min: 0  Max: 3  Default: 0
Optimize a model with 16090 rows, 23985 columns and 47970 nonzeros
Variable types: 0 continuous, 23985 integer (23985 binary)
Coefficient statistics:
  Matrix range     [1e+00, 4e+00]
  Objective range  [5e+02, 4e+03]
  Bounds range     [1e+00, 1e+00]
  RHS range        [8e+01, 8e+01]
Found heuristic solution: objective 0
Presolve removed 15990 rows and 18612 columns
Presolve time: 0.03s
Presolved: 100 rows, 5373 columns, 10746 nonzeros
Variable types: 0 continuous, 5373 integer (2751 binary)
Presolved: 100 rows, 5373 columns, 10746 nonzeros

Root barrier log...

Ordering time: 0.00s

Barrier statistics:
 AA' NZ     : 4.768e+03
 Factor NZ  : 5.050e+03 (roughly 2 MBytes of memory)
 Factor Ops : 3.384e+05 (less than 1 second per iteration)
 Threads    : 1

                  Objective                Residual
Iter       Primal          Dual         Primal    Dual     Compl     Time
   0  -8.34264286e+06 -1.59677932e+07  1.00e+02 2.27e-13  4.08e+03     0s
   1  -2.14884458e+06 -7.45671065e+06  0.00e+00 2.27e-12  4.89e+02     0s
   2  -3.12269016e+06 -3.95502003e+06  0.00e+00 1.36e-12  7.67e+01     0s
   3  -3.33069666e+06 -3.55645113e+06  0.00e+00 1.36e-12  2.08e+01     0s
   4  -3.38705287e+06 -3.43656286e+06  0.00e+00 1.82e-12  4.56e+00     0s
   5  -3.40016665e+06 -3.40703573e+06  0.00e+00 1.82e-12  6.33e-01     0s
   6  -3.40404318e+06 -3.40429499e+06  0.00e+00 1.93e-12  2.32e-02     0s
   7  -3.40419898e+06 -3.40419901e+06  0.00e+00 1.82e-12  2.70e-06     0s
   8  -3.40419900e+06 -3.40419900e+06  4.47e-13 1.36e-12  2.99e-12     0s

Barrier solved model in 8 iterations and 0.05 seconds
Optimal objective -3.40419900e+06


Root relaxation: objective -3.404199e+06, 3718 iterations, 0.02 seconds

    Nodes    |    Current Node    |     Objective Bounds      |     Work
 Expl Unexpl |  Obj  Depth IntInf | Incumbent    BestBd   Gap | It/Node Time

     0     0 -3404199.0    0    2    0.00000 -3404199.0      -     -    0s
H    0     0                    -3403698.000 -3404199.0  0.01%     -    0s

Explored 0 nodes (4118 simplex iterations) in 0.08 seconds
Thread count was 20 (of 20 available processors)

Solution count 2: -3.4037e+06 0 
Pool objective bound -3.4042e+06

Optimal solution found (tolerance 5.00e-02)
Best objective -3.403698000000e+06, best bound -3.404199000000e+06, gap 0.0147%
(0, 3200572.0)
(1, 3187087.0)
(2, 3180080.0)
(3, 3178076.0)
(4, 3183079.0)
(5, 3188583.0)
(6, 3160569.0)
(7, 3224592.0)
(8, 3221579.0)
(9, 3193586.0)
(10, 3224578.0)
(11, 3198582.0)
(12, 3165078.0)
(13, 3163575.0)
(14, 3224585.0)
(15, 3205582.0)
(16, 3239587.0)
(17, 3221586.0)
(18, 3221586.0)
(19, 3179579.0)
(20, 3217077.0)
(21, 3194581.0)
(22, 3200586.0)
(23, 3200078.0)
(24, 3204573.0)
(25, 3200078.0)
(26, 3223590.0)
(27, 3231585.0)
(28, 3211079.0)
(29, 3221586.0)
(30, 3187080.0)
(31, 3214071.0)
(32, 3221085.0)
(33, 3205081.0)
(34, 3200085.0)
(35, 3194588.0)
(36, 3172572.0)
(37, 3234090.0)
(38, 3214078.0)
(39, 3172579.0)
(0, 3133056.0)
(1, 3146562.0)
(2, 3133056.0)
(3, 3160068.0)
(4, 3155566.0)
(5, 3131059.0)
(6, 3147564.0)
(7, 3136563.0)
(8, 3137057.0)
(9, 3142561.0)
(10, 3162566.0)
(11, 3159567.0)
(12, 3140063.0)
(13, 3155566.0)
(14, 3159567.0)
(15, 3160068.0)
(16, 3152066.0)
(17, 3159567.0)
(18, 3141058.0)
(19, 3159567.0)
(20, 3151565.0)
(21, 3151565.0)
(22, 3146562.0)
(23, 3136563.0)
(24, 3146562.0)
(25, 3139562.0)
(26, 3162566.0)
(27, 3152066.0)
(28, 3143062.0)
(29, 3145560.0)
(30, 3134058.0)
(31, 3134559.0)
(32, 3160061.0)
(33, 3127559.0)
(34, 3160569.0)
(35, 3160562.0)
(36, 3162566.0)
(37, 3131059.0)
(38, 3164062.0)
(39, 3159066.0)
