Changed value of parameter MIPGap to 0.05
   Prev: 0.0001  Min: 0.0  Max: 1e+100  Default: 0.0001
Changed value of parameter TimeLimit to 1800.0
   Prev: 1e+100  Min: 0.0  Max: 1e+100  Default: 1e+100
Changed value of parameter Method to 2
   Prev: -1  Min: -1  Max: 4  Default: -1
Changed value of parameter MIPFocus to 1
   Prev: 0  Min: 0  Max: 3  Default: 0
Optimize a model with 4206 rows, 6159 columns and 12318 nonzeros
Variable types: 0 continuous, 6159 integer (6159 binary)
Coefficient statistics:
  Matrix range     [1e+00, 5e+00]
  Objective range  [1e+00, 1e+00]
  Bounds range     [1e+00, 1e+00]
  RHS range        [8e+01, 8e+01]
Found heuristic solution: objective 0
Presolve removed 4134 rows and 4899 columns
Presolve time: 0.01s
Presolved: 72 rows, 1260 columns, 2413 nonzeros
Found heuristic solution: objective -1576.000000
Variable types: 0 continuous, 1260 integer (1039 binary)
Presolved: 72 rows, 1260 columns, 2413 nonzeros

Root barrier log...

Ordering time: 0.00s

Barrier statistics:
 AA' NZ     : 1.125e+03
 Factor NZ  : 2.628e+03 (roughly 1 MByte of memory)
 Factor Ops : 1.270e+05 (less than 1 second per iteration)
 Threads    : 1

                  Objective                Residual
Iter       Primal          Dual         Primal    Dual     Compl     Time
   0  -3.80097168e+03 -3.33039788e+03  2.10e+01 4.44e-16  2.09e+00     0s
   1  -1.90297758e+03 -2.55196296e+03  2.29e+00 2.95e-01  4.68e-01     0s
   2  -1.74160319e+03 -1.90531107e+03  1.03e-01 2.94e-02  7.05e-02     0s
   3  -1.77205367e+03 -1.81046339e+03  1.25e-02 3.90e-03  1.57e-02     0s
   4  -1.77990406e+03 -1.79238315e+03  1.11e-03 3.77e-04  4.89e-03     0s
   5  -1.78153840e+03 -1.78365042e+03  3.07e-04 8.88e-16  8.39e-04     0s
   6  -1.78237244e+03 -1.78257165e+03  7.69e-06 8.88e-16  7.76e-05     0s
   7  -1.78239995e+03 -1.78240007e+03  0.00e+00 8.88e-16  4.68e-08     0s
   8  -1.78240000e+03 -1.78240000e+03  0.00e+00 1.78e-15  4.69e-14     0s

Barrier solved model in 8 iterations and 0.02 seconds
Optimal objective -1.78240000e+03


Root relaxation: objective -1.782400e+03, 306 iterations, 0.01 seconds

    Nodes    |    Current Node    |     Objective Bounds      |     Work
 Expl Unexpl |  Obj  Depth IntInf | Incumbent    BestBd   Gap | It/Node Time

     0     0 -1782.4000    0   14 -1576.0000 -1782.4000  13.1%     -    0s
H    0     0                    -1776.000000 -1782.4000  0.36%     -    0s

Explored 0 nodes (459 simplex iterations) in 0.02 seconds
Thread count was 20 (of 20 available processors)

Solution count 3: -1776 -1576 -149 
Pool objective bound -1782

Optimal solution found (tolerance 5.00e-02)
Best objective -1.776000000000e+03, best bound -1.782000000000e+03, gap 0.3378%
Changed value of parameter MIPGap to 0.05
   Prev: 0.0001  Min: 0.0  Max: 1e+100  Default: 0.0001
Changed value of parameter TimeLimit to 1800.0
   Prev: 1e+100  Min: 0.0  Max: 1e+100  Default: 1e+100
Changed value of parameter Method to 2
   Prev: -1  Min: -1  Max: 4  Default: -1
Changed value of parameter MIPFocus to 1
   Prev: 0  Min: 0  Max: 3  Default: 0
Optimize a model with 4206 rows, 6159 columns and 12318 nonzeros
Variable types: 0 continuous, 6159 integer (6159 binary)
Coefficient statistics:
  Matrix range     [1e+00, 5e+00]
  Objective range  [1e+00, 1e+00]
  Bounds range     [1e+00, 1e+00]
  RHS range        [8e+01, 8e+01]
Found heuristic solution: objective 0
Presolve removed 4134 rows and 4255 columns
Presolve time: 0.01s
Presolved: 72 rows, 1904 columns, 3192 nonzeros
Found heuristic solution: objective -1614.909920
Variable types: 0 continuous, 1904 integer (1853 binary)
Presolved: 72 rows, 1904 columns, 3192 nonzeros

Root barrier log...

Ordering time: 0.00s

Barrier statistics:
 AA' NZ     : 1.125e+03
 Factor NZ  : 2.628e+03 (roughly 1 MByte of memory)
 Factor Ops : 1.270e+05 (less than 1 second per iteration)
 Threads    : 1

                  Objective                Residual
Iter       Primal          Dual         Primal    Dual     Compl     Time
   0  -4.52483048e+03 -3.41272298e+03  2.54e+01 8.88e-16  1.61e+00     0s
   1  -2.02611506e+03 -2.68125533e+03  3.15e+00 2.71e-01  3.73e-01     0s
   2  -1.74561563e+03 -1.92209346e+03  8.17e-02 2.63e-02  4.96e-02     0s
   3  -1.77307752e+03 -1.80818302e+03  1.31e-02 2.22e-03  9.68e-03     0s
   4  -1.78024474e+03 -1.78965474e+03  3.77e-03 8.88e-16  2.61e-03     0s
   5  -1.78313288e+03 -1.78485507e+03  8.18e-04 8.88e-16  4.84e-04     0s
   6  -1.78402058e+03 -1.78418416e+03  3.42e-06 1.78e-15  4.24e-05     0s
   7  -1.78402978e+03 -1.78409564e+03  1.41e-06 1.78e-15  1.71e-05     0s
   8  -1.78403544e+03 -1.78407053e+03  5.87e-07 1.78e-15  9.11e-06     0s
   9  -1.78403883e+03 -1.78405843e+03  3.43e-07 8.88e-16  5.09e-06     0s
  10  -1.78404231e+03 -1.78405211e+03  1.15e-07 1.78e-15  2.54e-06     0s
  11  -1.78404361e+03 -1.78404765e+03  3.75e-08 1.78e-15  1.05e-06     0s
  12  -1.78404474e+03 -1.78404570e+03  0.00e+00 1.78e-15  2.49e-07     0s
  13  -1.78404503e+03 -1.78404505e+03  0.00e+00 1.78e-15  5.46e-09     0s
  14  -1.78404504e+03 -1.78404504e+03  0.00e+00 1.78e-15  5.50e-12     0s

Barrier solved model in 14 iterations and 0.02 seconds
Optimal objective -1.78404504e+03


Root relaxation: objective -1.784045e+03, 24 iterations, 0.01 seconds

    Nodes    |    Current Node    |     Objective Bounds      |     Work
 Expl Unexpl |  Obj  Depth IntInf | Incumbent    BestBd   Gap | It/Node Time

     0     0 -1784.0450    0   14 -1614.9099 -1784.0450  10.5%     -    0s
H    0     0                    -1777.628496 -1784.0450  0.36%     -    0s

Explored 0 nodes (25 simplex iterations) in 0.03 seconds
Thread count was 20 (of 20 available processors)

Solution count 3: -1777.63 -1614.91 -95.1015 
Pool objective bound -1784.05

Optimal solution found (tolerance 5.00e-02)
Best objective -1.777628496000e+03, best bound -1.784045042000e+03, gap 0.3610%
Changed value of parameter MIPGap to 0.05
   Prev: 0.0001  Min: 0.0  Max: 1e+100  Default: 0.0001
Changed value of parameter TimeLimit to 1800.0
   Prev: 1e+100  Min: 0.0  Max: 1e+100  Default: 1e+100
Changed value of parameter Method to 2
   Prev: -1  Min: -1  Max: 4  Default: -1
Changed value of parameter MIPFocus to 1
   Prev: 0  Min: 0  Max: 3  Default: 0
Optimize a model with 4206 rows, 6159 columns and 12318 nonzeros
Variable types: 0 continuous, 6159 integer (6159 binary)
Coefficient statistics:
  Matrix range     [1e+00, 5e+00]
  Objective range  [1e+00, 1e+00]
  Bounds range     [1e+00, 1e+00]
  RHS range        [8e+01, 8e+01]
Found heuristic solution: objective 0
Presolve removed 4134 rows and 4255 columns
Presolve time: 0.01s
Presolved: 72 rows, 1904 columns, 3192 nonzeros
Found heuristic solution: objective -1616.819840
Variable types: 0 continuous, 1904 integer (1853 binary)
Presolved: 72 rows, 1904 columns, 3192 nonzeros

Root barrier log...

Ordering time: 0.00s

Barrier statistics:
 AA' NZ     : 1.125e+03
 Factor NZ  : 2.628e+03 (roughly 1 MByte of memory)
 Factor Ops : 1.270e+05 (less than 1 second per iteration)
 Threads    : 1

                  Objective                Residual
Iter       Primal          Dual         Primal    Dual     Compl     Time
   0  -4.52927984e+03 -3.41653366e+03  2.54e+01 8.88e-16  1.61e+00     0s
   1  -2.02769297e+03 -2.68414223e+03  3.15e+00 2.71e-01  3.74e-01     0s
   2  -1.74719265e+03 -1.92307223e+03  8.09e-02 2.60e-02  4.94e-02     0s
   3  -1.77469978e+03 -1.80918998e+03  1.30e-02 2.07e-03  9.52e-03     0s
   4  -1.78181692e+03 -1.79123979e+03  3.81e-03 8.88e-16  2.61e-03     0s
   5  -1.78468791e+03 -1.78652389e+03  8.94e-04 1.78e-15  5.17e-04     0s
   6  -1.78565089e+03 -1.78590091e+03  5.92e-06 1.78e-15  6.49e-05     0s
   7  -1.78566858e+03 -1.78578572e+03  1.48e-06 1.78e-15  3.04e-05     0s
   8  -1.78567812e+03 -1.78574169e+03  2.84e-07 1.78e-15  1.64e-05     0s
   9  -1.78568241e+03 -1.78570779e+03  1.45e-07 1.78e-15  6.57e-06     0s
  10  -1.78568598e+03 -1.78569749e+03  2.59e-08 1.78e-15  2.98e-06     0s
  11  -1.78568820e+03 -1.78569345e+03  0.00e+00 1.78e-15  1.36e-06     0s
  12  -1.78568920e+03 -1.78569075e+03  0.00e+00 1.78e-15  4.04e-07     0s
  13  -1.78569006e+03 -1.78569010e+03  0.00e+00 1.78e-15  1.18e-08     0s
  14  -1.78569008e+03 -1.78569008e+03  0.00e+00 1.78e-15  1.97e-11     0s

Barrier solved model in 14 iterations and 0.02 seconds
Optimal objective -1.78569008e+03


Root relaxation: objective -1.785690e+03, 30 iterations, 0.01 seconds

    Nodes    |    Current Node    |     Objective Bounds      |     Work
 Expl Unexpl |  Obj  Depth IntInf | Incumbent    BestBd   Gap | It/Node Time

     0     0 -1785.6901    0   14 -1616.8198 -1785.6901  10.4%     -    0s
H    0     0                    -1779.256992 -1785.6901  0.36%     -    0s

Explored 0 nodes (34 simplex iterations) in 0.03 seconds
Thread count was 20 (of 20 available processors)

Solution count 3: -1779.26 -1616.82 -95.2029 
Pool objective bound -1785.69

Optimal solution found (tolerance 5.00e-02)
Best objective -1.779256992000e+03, best bound -1.785690084000e+03, gap 0.3616%
Changed value of parameter MIPGap to 0.05
   Prev: 0.0001  Min: 0.0  Max: 1e+100  Default: 0.0001
Changed value of parameter TimeLimit to 1800.0
   Prev: 1e+100  Min: 0.0  Max: 1e+100  Default: 1e+100
Changed value of parameter Method to 2
   Prev: -1  Min: -1  Max: 4  Default: -1
Changed value of parameter MIPFocus to 1
   Prev: 0  Min: 0  Max: 3  Default: 0
Optimize a model with 4206 rows, 6159 columns and 12318 nonzeros
Variable types: 0 continuous, 6159 integer (6159 binary)
Coefficient statistics:
  Matrix range     [1e+00, 5e+00]
  Objective range  [1e+00, 1e+00]
  Bounds range     [1e+00, 1e+00]
  RHS range        [8e+01, 8e+01]
Found heuristic solution: objective 0
Presolve removed 4134 rows and 4255 columns
Presolve time: 0.01s
Presolved: 72 rows, 1904 columns, 3192 nonzeros
Found heuristic solution: objective -1620.639680
Variable types: 0 continuous, 1904 integer (1853 binary)
Presolved: 72 rows, 1904 columns, 3192 nonzeros

Root barrier log...

Ordering time: 0.00s

Barrier statistics:
 AA' NZ     : 1.125e+03
 Factor NZ  : 2.628e+03 (roughly 1 MByte of memory)
 Factor Ops : 1.270e+05 (less than 1 second per iteration)
 Threads    : 1

                  Objective                Residual
Iter       Primal          Dual         Primal    Dual     Compl     Time
   0  -4.53817856e+03 -3.42415502e+03  2.54e+01 8.88e-16  1.62e+00     0s
   1  -2.03085100e+03 -2.68991719e+03  3.14e+00 2.72e-01  3.74e-01     0s
   2  -1.75034818e+03 -1.92499840e+03  7.93e-02 2.55e-02  4.90e-02     0s
   3  -1.77794711e+03 -1.81115828e+03  1.28e-02 1.75e-03  9.18e-03     0s
   4  -1.78497720e+03 -1.79437825e+03  3.88e-03 8.88e-16  2.61e-03     0s
   5  -1.78779351e+03 -1.78985657e+03  1.05e-03 1.78e-15  5.83e-04     0s
   6  -1.78873299e+03 -1.78929965e+03  1.86e-04 8.88e-16  1.55e-04     0s
   7  -1.78885416e+03 -1.78911693e+03  8.53e-05 1.78e-15  7.20e-05     0s
   8  -1.78889956e+03 -1.78905499e+03  5.19e-05 1.78e-15  4.27e-05     0s
   9  -1.78893045e+03 -1.78900554e+03  3.06e-05 1.78e-15  2.09e-05     0s
  10  -1.78895950e+03 -1.78898854e+03  1.19e-05 1.78e-15  8.10e-06     0s
  11  -1.78897365e+03 -1.78898386e+03  3.47e-06 1.78e-15  2.82e-06     0s
  12  -1.78897932e+03 -1.78898077e+03  3.60e-07 1.78e-15  3.93e-07     0s
  13  -1.78898017e+03 -1.78898017e+03  0.00e+00 1.78e-15  8.50e-10     0s

Barrier solved model in 13 iterations and 0.02 seconds
Optimal objective -1.78898017e+03


Root relaxation: objective -1.788980e+03, 101 iterations, 0.01 seconds

    Nodes    |    Current Node    |     Objective Bounds      |     Work
 Expl Unexpl |  Obj  Depth IntInf | Incumbent    BestBd   Gap | It/Node Time

     0     0 -1788.9802    0   14 -1620.6397 -1788.9802  10.4%     -    0s
H    0     0                    -1782.513984 -1788.9802  0.36%     -    0s

Explored 0 nodes (102 simplex iterations) in 0.03 seconds
Thread count was 20 (of 20 available processors)

Solution count 3: -1782.51 -1620.64 -95.4058 
Pool objective bound -1788.98

Optimal solution found (tolerance 5.00e-02)
Best objective -1.782513984000e+03, best bound -1.788980168000e+03, gap 0.3628%
Changed value of parameter MIPGap to 0.05
   Prev: 0.0001  Min: 0.0  Max: 1e+100  Default: 0.0001
Changed value of parameter TimeLimit to 1800.0
   Prev: 1e+100  Min: 0.0  Max: 1e+100  Default: 1e+100
Changed value of parameter Method to 2
   Prev: -1  Min: -1  Max: 4  Default: -1
Changed value of parameter MIPFocus to 1
   Prev: 0  Min: 0  Max: 3  Default: 0
Optimize a model with 4206 rows, 6159 columns and 12318 nonzeros
Variable types: 0 continuous, 6159 integer (6159 binary)
Coefficient statistics:
  Matrix range     [1e+00, 5e+00]
  Objective range  [1e+00, 1e+00]
  Bounds range     [1e+00, 1e+00]
  RHS range        [8e+01, 8e+01]
Found heuristic solution: objective 0
Presolve removed 4134 rows and 4255 columns
Presolve time: 0.01s
Presolved: 72 rows, 1904 columns, 3192 nonzeros
Found heuristic solution: objective -1628.279360
Variable types: 0 continuous, 1904 integer (1853 binary)
Presolved: 72 rows, 1904 columns, 3192 nonzeros

Root barrier log...

Ordering time: 0.00s

Barrier statistics:
 AA' NZ     : 1.125e+03
 Factor NZ  : 2.628e+03 (roughly 1 MByte of memory)
 Factor Ops : 1.270e+05 (less than 1 second per iteration)
 Threads    : 1

                  Objective                Residual
Iter       Primal          Dual         Primal    Dual     Compl     Time
   0  -4.55597599e+03 -3.43939775e+03  2.54e+01 8.88e-16  1.62e+00     0s
   1  -2.03717586e+03 -2.70147178e+03  3.13e+00 2.72e-01  3.76e-01     0s
   2  -1.75666373e+03 -1.92872695e+03  7.60e-02 2.45e-02  4.82e-02     0s
   3  -1.78444834e+03 -1.81493913e+03  1.23e-02 1.23e-03  8.46e-03     0s
   4  -1.79303804e+03 -1.80247732e+03  1.58e-03 1.09e-04  2.52e-03     0s
   5  -1.79469217e+03 -1.79663973e+03  4.45e-04 1.78e-15  5.26e-04     0s
   6  -1.79515803e+03 -1.79605749e+03  1.77e-04 8.88e-16  2.42e-04     0s
   7  -1.79540086e+03 -1.79580238e+03  5.98e-05 1.78e-15  1.07e-04     0s
   8  -1.79545865e+03 -1.79565016e+03  3.68e-05 1.78e-15  5.15e-05     0s
   9  -1.79550618e+03 -1.79560187e+03  1.89e-05 8.88e-16  2.58e-05     0s
  10  -1.79555357e+03 -1.79557709e+03  1.66e-06 1.78e-15  6.16e-06     0s
  11  -1.79555736e+03 -1.79556458e+03  6.16e-07 1.78e-15  1.90e-06     0s
  12  -1.79556025e+03 -1.79556040e+03  0.00e+00 1.78e-15  3.84e-08     0s
  13  -1.79556034e+03 -1.79556034e+03  0.00e+00 1.78e-15  3.95e-11     0s

Barrier solved model in 13 iterations and 0.02 seconds
Optimal objective -1.79556034e+03


Root relaxation: objective -1.795560e+03, 26 iterations, 0.01 seconds

    Nodes    |    Current Node    |     Objective Bounds      |     Work
 Expl Unexpl |  Obj  Depth IntInf | Incumbent    BestBd   Gap | It/Node Time

     0     0 -1795.5603    0   14 -1628.2794 -1795.5603  10.3%     -    0s
H    0     0                    -1789.027968 -1795.5603  0.37%     -    0s

Explored 0 nodes (28 simplex iterations) in 0.03 seconds
Thread count was 20 (of 20 available processors)

Solution count 3: -1789.03 -1628.28 -95.8117 
Pool objective bound -1795.56

Optimal solution found (tolerance 5.00e-02)
Best objective -1.789027968000e+03, best bound -1.795560336000e+03, gap 0.3651%
Changed value of parameter MIPGap to 0.05
   Prev: 0.0001  Min: 0.0  Max: 1e+100  Default: 0.0001
Changed value of parameter TimeLimit to 1800.0
   Prev: 1e+100  Min: 0.0  Max: 1e+100  Default: 1e+100
Changed value of parameter Method to 2
   Prev: -1  Min: -1  Max: 4  Default: -1
Changed value of parameter MIPFocus to 1
   Prev: 0  Min: 0  Max: 3  Default: 0
Optimize a model with 4206 rows, 6159 columns and 12318 nonzeros
Variable types: 0 continuous, 6159 integer (6159 binary)
Coefficient statistics:
  Matrix range     [1e+00, 5e+00]
  Objective range  [1e+00, 1e+00]
  Bounds range     [1e+00, 1e+00]
  RHS range        [8e+01, 8e+01]
Found heuristic solution: objective 0
Presolve removed 4134 rows and 4255 columns
Presolve time: 0.01s
Presolved: 72 rows, 1904 columns, 3192 nonzeros
Found heuristic solution: objective -1632.099200
Variable types: 0 continuous, 1904 integer (1853 binary)
Presolved: 72 rows, 1904 columns, 3192 nonzeros

Root barrier log...

Ordering time: 0.00s

Barrier statistics:
 AA' NZ     : 1.125e+03
 Factor NZ  : 2.628e+03 (roughly 1 MByte of memory)
 Factor Ops : 1.270e+05 (less than 1 second per iteration)
 Threads    : 1

                  Objective                Residual
Iter       Primal          Dual         Primal    Dual     Compl     Time
   0  -4.56487469e+03 -3.44701911e+03  2.54e+01 8.88e-16  1.63e+00     0s
   1  -2.04034266e+03 -2.70725139e+03  3.12e+00 2.73e-01  3.76e-01     0s
   2  -1.75982235e+03 -1.93052518e+03  7.43e-02 2.40e-02  4.78e-02     0s
   3  -1.78770627e+03 -1.81767226e+03  1.21e-02 9.35e-04  8.31e-03     0s
   4  -1.79511726e+03 -1.80626619e+03  2.59e-03 8.88e-16  3.00e-03     0s
   5  -1.79725494e+03 -1.80023149e+03  1.02e-03 1.63e-04  8.18e-04     0s
   6  -1.79812170e+03 -1.79941641e+03  4.33e-04 1.78e-15  3.55e-04     0s
   7  -1.79843473e+03 -1.79913481e+03  2.32e-04 1.78e-15  1.92e-04     0s
   8  -1.79860562e+03 -1.79898005e+03  1.33e-04 1.78e-15  1.03e-04     0s
   9  -1.79870030e+03 -1.79892538e+03  7.92e-05 8.88e-16  6.20e-05     0s
  10  -1.79880120e+03 -1.79888267e+03  2.29e-05 1.78e-15  2.22e-05     0s
  11  -1.79883239e+03 -1.79886108e+03  8.06e-06 1.78e-15  7.81e-06     0s
  12  -1.79885014e+03 -1.79885192e+03  0.00e+00 1.78e-15  4.60e-07     0s
  13  -1.79885042e+03 -1.79885042e+03  0.00e+00 1.78e-15  1.96e-09     0s

Barrier solved model in 13 iterations and 0.02 seconds
Optimal objective -1.79885042e+03


Root relaxation: objective -1.798850e+03, 91 iterations, 0.01 seconds

    Nodes    |    Current Node    |     Objective Bounds      |     Work
 Expl Unexpl |  Obj  Depth IntInf | Incumbent    BestBd   Gap | It/Node Time

     0     0 -1798.8504    0   14 -1632.0992 -1798.8504  10.2%     -    0s
H    0     0                    -1792.284960 -1798.8504  0.37%     -    0s

Explored 0 nodes (94 simplex iterations) in 0.03 seconds
Thread count was 20 (of 20 available processors)

Solution count 3: -1792.28 -1632.1 -96.0146 
Pool objective bound -1798.85

Optimal solution found (tolerance 5.00e-02)
Best objective -1.792284960000e+03, best bound -1.798850420000e+03, gap 0.3663%
Changed value of parameter MIPGap to 0.05
   Prev: 0.0001  Min: 0.0  Max: 1e+100  Default: 0.0001
Changed value of parameter TimeLimit to 1800.0
   Prev: 1e+100  Min: 0.0  Max: 1e+100  Default: 1e+100
Changed value of parameter Method to 2
   Prev: -1  Min: -1  Max: 4  Default: -1
Changed value of parameter MIPFocus to 1
   Prev: 0  Min: 0  Max: 3  Default: 0
Optimize a model with 4206 rows, 6159 columns and 12318 nonzeros
Variable types: 0 continuous, 6159 integer (6159 binary)
Coefficient statistics:
  Matrix range     [1e+00, 5e+00]
  Objective range  [1e+00, 1e+00]
  Bounds range     [1e+00, 1e+00]
  RHS range        [8e+01, 8e+01]
Found heuristic solution: objective 0
Presolve removed 4134 rows and 4255 columns
Presolve time: 0.01s
Presolved: 72 rows, 1904 columns, 3192 nonzeros
Found heuristic solution: objective -1651.198400
Variable types: 0 continuous, 1904 integer (1853 binary)
Presolved: 72 rows, 1904 columns, 3192 nonzeros

Root barrier log...

Ordering time: 0.00s

Barrier statistics:
 AA' NZ     : 1.125e+03
 Factor NZ  : 2.628e+03 (roughly 1 MByte of memory)
 Factor Ops : 1.270e+05 (less than 1 second per iteration)
 Threads    : 1

                  Objective                Residual
Iter       Primal          Dual         Primal    Dual     Compl     Time
   0  -4.60936813e+03 -3.48512592e+03  2.54e+01 8.88e-16  1.65e+00     0s
   1  -2.05621989e+03 -2.73617212e+03  3.09e+00 2.75e-01  3.80e-01     0s
   2  -1.77562534e+03 -1.93946141e+03  6.55e-02 2.14e-02  4.56e-02     0s
   3  -1.80339659e+03 -1.83186217e+03  1.20e-02 2.90e-04  7.92e-03     0s
   4  -1.81160666e+03 -1.82169090e+03  2.66e-03 1.78e-15  2.73e-03     0s
   5  -1.81356313e+03 -1.81734891e+03  1.11e-03 1.78e-15  1.03e-03     0s
   6  -1.81437615e+03 -1.81627631e+03  5.35e-04 1.78e-15  5.17e-04     0s
   7  -1.81482845e+03 -1.81578328e+03  2.48e-04 8.88e-16  2.59e-04     0s
   8  -1.81499033e+03 -1.81550556e+03  1.59e-04 1.78e-15  1.41e-04     0s
   9  -1.81516176e+03 -1.81538767e+03  6.79e-05 1.78e-15  6.17e-05     0s
  10  -1.81527401e+03 -1.81534175e+03  9.97e-06 1.78e-15  1.80e-05     0s
  11  -1.81529398e+03 -1.81531212e+03  2.24e-06 1.78e-15  4.80e-06     0s
  12  -1.81530072e+03 -1.81530100e+03  0.00e+00 1.78e-15  7.14e-08     0s
  13  -1.81530084e+03 -1.81530084e+03  0.00e+00 1.78e-15  7.15e-11     0s

Barrier solved model in 13 iterations and 0.02 seconds
Optimal objective -1.81530084e+03


Root relaxation: objective -1.815301e+03, 31 iterations, 0.01 seconds

    Nodes    |    Current Node    |     Objective Bounds      |     Work
 Expl Unexpl |  Obj  Depth IntInf | Incumbent    BestBd   Gap | It/Node Time

     0     0 -1815.3008    0   14 -1651.1984 -1815.3008  9.94%     -    0s
H    0     0                    -1808.569920 -1815.3008  0.37%     -    0s

Explored 0 nodes (34 simplex iterations) in 0.03 seconds
Thread count was 20 (of 20 available processors)

Solution count 3: -1808.57 -1651.2 -97.0292 
Pool objective bound -1815.3

Optimal solution found (tolerance 5.00e-02)
Best objective -1.808569920000e+03, best bound -1.815300840000e+03, gap 0.3722%
Changed value of parameter MIPGap to 0.05
   Prev: 0.0001  Min: 0.0  Max: 1e+100  Default: 0.0001
Changed value of parameter TimeLimit to 1800.0
   Prev: 1e+100  Min: 0.0  Max: 1e+100  Default: 1e+100
Changed value of parameter Method to 2
   Prev: -1  Min: -1  Max: 4  Default: -1
Changed value of parameter MIPFocus to 1
   Prev: 0  Min: 0  Max: 3  Default: 0
Optimize a model with 4206 rows, 6159 columns and 12318 nonzeros
Variable types: 0 continuous, 6159 integer (6159 binary)
Coefficient statistics:
  Matrix range     [1e+00, 5e+00]
  Objective range  [1e+00, 1e+00]
  Bounds range     [1e+00, 1e+00]
  RHS range        [8e+01, 8e+01]
Found heuristic solution: objective 0
Presolve removed 4134 rows and 4255 columns
Presolve time: 0.01s
Presolved: 72 rows, 1904 columns, 3192 nonzeros
Found heuristic solution: objective -1689.396800
Variable types: 0 continuous, 1904 integer (1853 binary)
Presolved: 72 rows, 1904 columns, 3192 nonzeros

Root barrier log...

Ordering time: 0.00s

Barrier statistics:
 AA' NZ     : 1.125e+03
 Factor NZ  : 2.628e+03 (roughly 1 MByte of memory)
 Factor Ops : 1.270e+05 (less than 1 second per iteration)
 Threads    : 1

                  Objective                Residual
Iter       Primal          Dual         Primal    Dual     Compl     Time
   0  -4.69835463e+03 -3.56133955e+03  2.54e+01 8.88e-16  1.68e+00     0s
   1  -2.08818558e+03 -2.79412316e+03  3.03e+00 2.80e-01  3.86e-01     0s
   2  -1.80533744e+03 -1.96907254e+03  5.89e-02 2.00e-02  4.53e-02     0s
   3  -1.83561992e+03 -1.87519897e+03  1.15e-02 1.97e-03  1.08e-02     0s
   4  -1.84390383e+03 -1.85493762e+03  2.61e-03 1.78e-15  2.98e-03     0s
   5  -1.84625953e+03 -1.85049902e+03  1.02e-03 8.88e-16  1.15e-03     0s
   6  -1.84741108e+03 -1.84936197e+03  3.58e-04 1.78e-15  5.22e-04     0s
   7  -1.84769708e+03 -1.84866651e+03  2.20e-04 1.78e-15  2.62e-04     0s
   8  -1.84795014e+03 -1.84843305e+03  1.03e-04 1.78e-15  1.30e-04     0s
   9  -1.84809365e+03 -1.84831742e+03  4.08e-05 1.78e-15  6.00e-05     0s
  10  -1.84817361e+03 -1.84823536e+03  8.37e-06 1.78e-15  1.64e-05     0s
  11  -1.84819600e+03 -1.84820578e+03  1.52e-06 1.78e-15  2.62e-06     0s
  12  -1.84820167e+03 -1.84820168e+03  0.00e+00 1.78e-15  2.95e-09     0s

Barrier solved model in 12 iterations and 0.02 seconds
Optimal objective -1.84820167e+03


Root relaxation: objective -1.848202e+03, 67 iterations, 0.01 seconds

    Nodes    |    Current Node    |     Objective Bounds      |     Work
 Expl Unexpl |  Obj  Depth IntInf | Incumbent    BestBd   Gap | It/Node Time

     0     0 -1848.2017    0   14 -1689.3968 -1848.2017  9.40%     -    0s
H    0     0                    -1841.139840 -1848.2017  0.38%     -    0s

Explored 0 nodes (72 simplex iterations) in 0.02 seconds
Thread count was 20 (of 20 available processors)

Solution count 3: -1841.14 -1689.4 -99.0583 
Pool objective bound -1848.2

Optimal solution found (tolerance 5.00e-02)
Best objective -1.841139840000e+03, best bound -1.848201680000e+03, gap 0.3836%
Changed value of parameter MIPGap to 0.05
   Prev: 0.0001  Min: 0.0  Max: 1e+100  Default: 0.0001
Changed value of parameter TimeLimit to 1800.0
   Prev: 1e+100  Min: 0.0  Max: 1e+100  Default: 1e+100
Changed value of parameter Method to 2
   Prev: -1  Min: -1  Max: 4  Default: -1
Changed value of parameter MIPFocus to 1
   Prev: 0  Min: 0  Max: 3  Default: 0
Optimize a model with 4206 rows, 6159 columns and 12318 nonzeros
Variable types: 0 continuous, 6159 integer (6159 binary)
Coefficient statistics:
  Matrix range     [1e+00, 5e+00]
  Objective range  [1e+00, 1e+00]
  Bounds range     [1e+00, 1e+00]
  RHS range        [8e+01, 8e+01]
Found heuristic solution: objective 0
Presolve removed 4134 rows and 4255 columns
Presolve time: 0.01s
Presolved: 72 rows, 1904 columns, 3192 nonzeros
Found heuristic solution: objective -1765.793600
Variable types: 0 continuous, 1904 integer (1853 binary)
Presolved: 72 rows, 1904 columns, 3192 nonzeros

Root barrier log...

Ordering time: 0.00s

Barrier statistics:
 AA' NZ     : 1.125e+03
 Factor NZ  : 2.628e+03 (roughly 1 MByte of memory)
 Factor Ops : 1.270e+05 (less than 1 second per iteration)
 Threads    : 1

                  Objective                Residual
Iter       Primal          Dual         Primal    Dual     Compl     Time
   0  -4.87632621e+03 -3.71376680e+03  2.54e+01 4.44e-16  1.76e+00     0s
   1  -2.15292004e+03 -2.91043162e+03  2.91e+00 2.89e-01  3.99e-01     0s
   2  -1.87064814e+03 -2.04623496e+03  3.68e-02 2.26e-02  4.74e-02     0s
   3  -1.90338728e+03 -1.93937243e+03  6.46e-03 1.78e-15  9.63e-03     0s
   4  -1.91217848e+03 -1.92068437e+03  9.50e-04 1.78e-15  2.25e-03     0s
   5  -1.91367719e+03 -1.91787378e+03  4.42e-04 1.78e-15  1.11e-03     0s
   6  -1.91467286e+03 -1.91653777e+03  1.71e-04 1.78e-15  4.92e-04     0s
   7  -1.91513022e+03 -1.91598601e+03  6.55e-05 1.78e-15  2.25e-04     0s
   8  -1.91535887e+03 -1.91565396e+03  1.90e-05 1.78e-15  7.74e-05     0s
   9  -1.91544570e+03 -1.91555836e+03  4.27e-06 1.78e-15  2.94e-05     0s
  10  -1.91547757e+03 -1.91549854e+03  5.30e-07 1.78e-15  5.47e-06     0s
  11  -1.91548385e+03 -1.91548656e+03  9.90e-08 1.78e-15  7.14e-07     0s
  12  -1.91548545e+03 -1.91548558e+03  0.00e+00 1.78e-15  3.31e-08     0s
  13  -1.91548552e+03 -1.91548552e+03  0.00e+00 1.78e-15  3.39e-11     0s

Barrier solved model in 13 iterations and 0.02 seconds
Optimal objective -1.91548552e+03


Root relaxation: objective -1.915486e+03, 39 iterations, 0.01 seconds

    Nodes    |    Current Node    |     Objective Bounds      |     Work
 Expl Unexpl |  Obj  Depth IntInf | Incumbent    BestBd   Gap | It/Node Time

     0     0 -1915.4855    0   34 -1765.7936 -1915.4855  8.48%     -    0s
H    0     0                    -1901.672160 -1915.4855  0.73%     -    0s

Explored 0 nodes (46 simplex iterations) in 0.03 seconds
Thread count was 20 (of 20 available processors)

Solution count 3: -1901.67 -1765.79 -103.117 
Pool objective bound -1915.49

Optimal solution found (tolerance 5.00e-02)
Best objective -1.901672160000e+03, best bound -1.915485520000e+03, gap 0.7264%
Changed value of parameter MIPGap to 0.05
   Prev: 0.0001  Min: 0.0  Max: 1e+100  Default: 0.0001
Changed value of parameter TimeLimit to 1800.0
   Prev: 1e+100  Min: 0.0  Max: 1e+100  Default: 1e+100
Changed value of parameter Method to 2
   Prev: -1  Min: -1  Max: 4  Default: -1
Changed value of parameter MIPFocus to 1
   Prev: 0  Min: 0  Max: 3  Default: 0
Optimize a model with 4206 rows, 6159 columns and 12318 nonzeros
Variable types: 0 continuous, 6159 integer (6159 binary)
Coefficient statistics:
  Matrix range     [1e+00, 5e+00]
  Objective range  [1e+00, 1e+00]
  Bounds range     [1e+00, 1e+00]
  RHS range        [8e+01, 8e+01]
Found heuristic solution: objective 0
Presolve removed 4134 rows and 4255 columns
Presolve time: 0.01s
Presolved: 72 rows, 1904 columns, 3192 nonzeros
Found heuristic solution: objective -1803.992000
Variable types: 0 continuous, 1904 integer (1853 binary)
Presolved: 72 rows, 1904 columns, 3192 nonzeros

Root barrier log...

Ordering time: 0.00s

Barrier statistics:
 AA' NZ     : 1.125e+03
 Factor NZ  : 2.628e+03 (roughly 1 MByte of memory)
 Factor Ops : 1.270e+05 (less than 1 second per iteration)
 Threads    : 1

                  Objective                Residual
Iter       Primal          Dual         Primal    Dual     Compl     Time
   0  -4.96531134e+03 -3.78998043e+03  2.54e+01 4.44e-16  1.79e+00     0s
   1  -2.18566575e+03 -2.96877229e+03  2.85e+00 2.94e-01  4.06e-01     0s
   2  -1.90423396e+03 -2.08309564e+03  3.17e-02 2.32e-02  4.79e-02     0s
   3  -1.93528918e+03 -1.97783654e+03  7.90e-03 3.55e-15  1.14e-02     0s
   4  -1.94558036e+03 -1.96181937e+03  2.23e-03 1.78e-15  4.31e-03     0s
   5  -1.94911208e+03 -1.95560015e+03  7.94e-04 1.78e-15  1.72e-03     0s
   6  -1.95038710e+03 -1.95360923e+03  4.02e-04 1.78e-15  8.54e-04     0s
   7  -1.95120600e+03 -1.95268738e+03  1.76e-04 1.78e-15  3.92e-04     0s
   8  -1.95154349e+03 -1.95229237e+03  9.40e-05 1.78e-15  1.98e-04     0s
   9  -1.95175755e+03 -1.95211691e+03  4.39e-05 1.78e-15  9.52e-05     0s
  10  -1.95188289e+03 -1.95200772e+03  1.52e-05 1.78e-15  3.31e-05     0s
  11  -1.95194810e+03 -1.95198433e+03  3.16e-06 1.78e-15  9.54e-06     0s
  12  -1.95196482e+03 -1.95197075e+03  1.03e-07 1.78e-15  1.54e-06     0s
  13  -1.95196638e+03 -1.95196643e+03  0.00e+00 1.78e-15  1.35e-08     0s
  14  -1.95196640e+03 -1.95196640e+03  0.00e+00 1.78e-15  1.35e-11     0s

Barrier solved model in 14 iterations and 0.02 seconds
Optimal objective -1.95196640e+03


Root relaxation: objective -1.951966e+03, 34 iterations, 0.01 seconds

    Nodes    |    Current Node    |     Objective Bounds      |     Work
 Expl Unexpl |  Obj  Depth IntInf | Incumbent    BestBd   Gap | It/Node Time

     0     0 -1951.9664    0   36 -1803.9920 -1951.9664  8.20%     -    0s
H    0     0                    -1939.137200 -1951.9664  0.66%     -    0s

Explored 0 nodes (36 simplex iterations) in 0.03 seconds
Thread count was 20 (of 20 available processors)

Solution count 3: -1939.14 -1803.99 -105.146 
Pool objective bound -1951.97

Optimal solution found (tolerance 5.00e-02)
Best objective -1.939137200000e+03, best bound -1.951966400000e+03, gap 0.6616%
Changed value of parameter MIPGap to 0.05
   Prev: 0.0001  Min: 0.0  Max: 1e+100  Default: 0.0001
Changed value of parameter TimeLimit to 1800.0
   Prev: 1e+100  Min: 0.0  Max: 1e+100  Default: 1e+100
Changed value of parameter Method to 2
   Prev: -1  Min: -1  Max: 4  Default: -1
Changed value of parameter MIPFocus to 1
   Prev: 0  Min: 0  Max: 3  Default: 0
Optimize a model with 4206 rows, 6159 columns and 12318 nonzeros
Variable types: 0 continuous, 6159 integer (6159 binary)
Coefficient statistics:
  Matrix range     [1e+00, 5e+00]
  Objective range  [1e+00, 2e+00]
  Bounds range     [1e+00, 1e+00]
  RHS range        [8e+01, 8e+01]
Found heuristic solution: objective 0
Presolve removed 4134 rows and 4255 columns
Presolve time: 0.01s
Presolved: 72 rows, 1904 columns, 3192 nonzeros
Found heuristic solution: objective -1994.984000
Variable types: 0 continuous, 1904 integer (1853 binary)
Presolved: 72 rows, 1904 columns, 3192 nonzeros

Root barrier log...

Ordering time: 0.00s

Barrier statistics:
 AA' NZ     : 1.125e+03
 Factor NZ  : 2.628e+03 (roughly 1 MByte of memory)
 Factor Ops : 1.270e+05 (less than 1 second per iteration)
 Threads    : 1

                  Objective                Residual
Iter       Primal          Dual         Primal    Dual     Compl     Time
   0  -5.41023144e+03 -4.17104857e+03  2.54e+01 8.88e-16  1.98e+00     0s
   1  -2.35275337e+03 -3.26206304e+03  2.61e+00 3.18e-01  4.39e-01     0s
   2  -2.07304964e+03 -2.24364635e+03  0.00e+00 1.90e-02  4.40e-02     0s
   3  -2.10905288e+03 -2.16458179e+03  0.00e+00 1.78e-15  1.43e-02     0s
   4  -2.12045790e+03 -2.14399349e+03  0.00e+00 1.78e-15  6.07e-03     0s
   5  -2.12803011e+03 -2.13905821e+03  0.00e+00 1.78e-15  2.84e-03     0s
   6  -2.13100045e+03 -2.13708001e+03  0.00e+00 1.78e-15  1.57e-03     0s
   7  -2.13245518e+03 -2.13604995e+03  0.00e+00 1.78e-15  9.27e-04     0s
   8  -2.13342859e+03 -2.13552959e+03  0.00e+00 1.78e-15  5.42e-04     0s
   9  -2.13400112e+03 -2.13520025e+03  0.00e+00 1.78e-15  3.09e-04     0s
  10  -2.13453865e+03 -2.13494342e+03  0.00e+00 1.78e-15  1.04e-04     0s
  11  -2.13469126e+03 -2.13489950e+03  0.00e+00 1.78e-15  5.37e-05     0s
  12  -2.13482907e+03 -2.13486385e+03  0.00e+00 1.78e-15  8.96e-06     0s
  13  -2.13485774e+03 -2.13485787e+03  0.00e+00 1.78e-15  3.24e-08     0s
  14  -2.13485780e+03 -2.13485780e+03  0.00e+00 1.78e-15  3.24e-11     0s

Barrier solved model in 14 iterations and 0.02 seconds
Optimal objective -2.13485780e+03


Root relaxation: objective -2.134858e+03, 36 iterations, 0.01 seconds

    Nodes    |    Current Node    |     Objective Bounds      |     Work
 Expl Unexpl |  Obj  Depth IntInf | Incumbent    BestBd   Gap | It/Node Time

     0     0 -2134.8578    0   36 -1994.9840 -2134.8578  7.01%     -    0s
H    0     0                    -2119.274400 -2134.8578  0.74%     -    0s

Explored 0 nodes (37 simplex iterations) in 0.03 seconds
Thread count was 20 (of 20 available processors)

Solution count 3: -2119.27 -1994.98 -115.292 
Pool objective bound -2134.86

Optimal solution found (tolerance 5.00e-02)
Best objective -2.119274400000e+03, best bound -2.134857800000e+03, gap 0.7353%
Changed value of parameter MIPGap to 0.05
   Prev: 0.0001  Min: 0.0  Max: 1e+100  Default: 0.0001
Changed value of parameter TimeLimit to 1800.0
   Prev: 1e+100  Min: 0.0  Max: 1e+100  Default: 1e+100
Changed value of parameter Method to 2
   Prev: -1  Min: -1  Max: 4  Default: -1
Changed value of parameter MIPFocus to 1
   Prev: 0  Min: 0  Max: 3  Default: 0
Optimize a model with 4206 rows, 6159 columns and 12318 nonzeros
Variable types: 0 continuous, 6159 integer (6159 binary)
Coefficient statistics:
  Matrix range     [1e+00, 5e+00]
  Objective range  [1e+00, 3e+00]
  Bounds range     [1e+00, 1e+00]
  RHS range        [8e+01, 8e+01]
Found heuristic solution: objective 0
Presolve removed 4134 rows and 4255 columns
Presolve time: 0.01s
Presolved: 72 rows, 1904 columns, 3192 nonzeros
Found heuristic solution: objective -2376.968000
Variable types: 0 continuous, 1904 integer (1853 binary)
Presolved: 72 rows, 1904 columns, 3192 nonzeros

Root barrier log...

Ordering time: 0.00s

Barrier statistics:
 AA' NZ     : 1.125e+03
 Factor NZ  : 2.628e+03 (roughly 1 MByte of memory)
 Factor Ops : 1.270e+05 (less than 1 second per iteration)
 Threads    : 1

                  Objective                Residual
Iter       Primal          Dual         Primal    Dual     Compl     Time
   0  -6.30011417e+03 -4.94333143e+03  2.54e+01 8.88e-16  2.36e+00     0s
   1  -2.69907649e+03 -3.86099238e+03  2.23e+00 3.70e-01  5.07e-01     0s
   2  -2.44077462e+03 -2.61450169e+03  5.35e-02 2.04e-02  4.84e-02     0s
   3  -2.47474076e+03 -2.53356449e+03  1.84e-02 1.78e-15  1.64e-02     0s
   4  -2.48541784e+03 -2.50884256e+03  7.90e-03 1.78e-15  6.55e-03     0s
   5  -2.49268546e+03 -2.50550418e+03  4.25e-03 1.78e-15  3.58e-03     0s
   6  -2.49561308e+03 -2.50357758e+03  2.83e-03 1.78e-15  2.24e-03     0s
   7  -2.49828380e+03 -2.50253742e+03  1.58e-03 1.78e-15  1.20e-03     0s
   8  -2.49997213e+03 -2.50208752e+03  7.71e-04 1.78e-15  5.95e-04     0s
   9  -2.50090563e+03 -2.50185230e+03  3.30e-04 1.78e-15  2.66e-04     0s
  10  -2.50140514e+03 -2.50176520e+03  1.13e-04 1.78e-15  1.00e-04     0s
  11  -2.50152975e+03 -2.50171049e+03  6.13e-05 1.78e-15  5.07e-05     0s
  12  -2.50165846e+03 -2.50169241e+03  8.52e-06 1.78e-15  9.37e-06     0s
  13  -2.50168526e+03 -2.50168534e+03  0.00e+00 1.78e-15  2.00e-08     0s
  14  -2.50168531e+03 -2.50168531e+03  0.00e+00 1.78e-15  2.00e-11     0s

Barrier solved model in 14 iterations and 0.02 seconds
Optimal objective -2.50168531e+03


Root relaxation: objective -2.501685e+03, 33 iterations, 0.01 seconds

    Nodes    |    Current Node    |     Objective Bounds      |     Work
 Expl Unexpl |  Obj  Depth IntInf | Incumbent    BestBd   Gap | It/Node Time

     0     0 -2501.6853    0   40 -2376.9680 -2501.6853  5.25%     -    0s
H    0     0                    -2477.049600 -2501.6853  0.99%     -    0s

Explored 0 nodes (37 simplex iterations) in 0.03 seconds
Thread count was 20 (of 20 available processors)

Solution count 3: -2477.05 -2376.97 -135.583 
Pool objective bound -2501.69

Optimal solution found (tolerance 5.00e-02)
Best objective -2.477049600000e+03, best bound -2.501685306667e+03, gap 0.9946%
Changed value of parameter MIPGap to 0.05
   Prev: 0.0001  Min: 0.0  Max: 1e+100  Default: 0.0001
Changed value of parameter TimeLimit to 1800.0
   Prev: 1e+100  Min: 0.0  Max: 1e+100  Default: 1e+100
Changed value of parameter Method to 2
   Prev: -1  Min: -1  Max: 4  Default: -1
Changed value of parameter MIPFocus to 1
   Prev: 0  Min: 0  Max: 3  Default: 0
Optimize a model with 4206 rows, 6159 columns and 12318 nonzeros
Variable types: 0 continuous, 6159 integer (6159 binary)
Coefficient statistics:
  Matrix range     [1e+00, 5e+00]
  Objective range  [1e+00, 5e+00]
  Bounds range     [1e+00, 1e+00]
  RHS range        [8e+01, 8e+01]
Found heuristic solution: objective 0
Presolve removed 4134 rows and 4255 columns
Presolve time: 0.01s
Presolved: 72 rows, 1904 columns, 3192 nonzeros
Found heuristic solution: objective -3140.936000
Variable types: 0 continuous, 1904 integer (1853 binary)
Presolved: 72 rows, 1904 columns, 3192 nonzeros

Root barrier log...

Ordering time: 0.00s

Barrier statistics:
 AA' NZ     : 1.125e+03
 Factor NZ  : 2.628e+03 (roughly 1 MByte of memory)
 Factor Ops : 1.270e+05 (less than 1 second per iteration)
 Threads    : 1

                  Objective                Residual
Iter       Primal          Dual         Primal    Dual     Compl     Time
   0  -8.08032912e+03 -6.57937971e+03  2.54e+01 8.88e-16  3.20e+00     0s
   1  -3.41763949e+03 -5.12976231e+03  1.76e+00 4.98e-01  6.61e-01     0s
   2  -3.20790050e+03 -3.46117915e+03  1.04e-01 3.82e-02  7.40e-02     0s
   3  -3.25066415e+03 -3.33109714e+03  3.17e-02 7.11e-15  2.32e-02     0s
   4  -3.26964562e+03 -3.29511658e+03  9.05e-03 2.66e-15  7.28e-03     0s
   5  -3.27654712e+03 -3.28918510e+03  4.83e-03 1.78e-15  3.64e-03     0s
   6  -3.28098444e+03 -3.28712137e+03  2.19e-03 1.78e-15  1.76e-03     0s
   7  -3.28296740e+03 -3.28573625e+03  9.83e-04 1.78e-15  7.92e-04     0s
   8  -3.28447046e+03 -3.28521310e+03  1.79e-04 1.78e-15  2.06e-04     0s
   9  -3.28480033e+03 -3.28494937e+03  3.15e-05 1.78e-15  4.11e-05     0s
  10  -3.28487874e+03 -3.28488246e+03  0.00e+00 1.78e-15  9.59e-07     0s
  11  -3.28487960e+03 -3.28487961e+03  0.00e+00 1.78e-15  2.30e-09     0s

Barrier solved model in 11 iterations and 0.02 seconds
Optimal objective -3.28487960e+03


Root relaxation: objective -3.284880e+03, 36 iterations, 0.01 seconds

    Nodes    |    Current Node    |     Objective Bounds      |     Work
 Expl Unexpl |  Obj  Depth IntInf | Incumbent    BestBd   Gap | It/Node Time

     0     0 -3284.8796    0   37 -3140.9360 -3284.8796  4.58%     -    0s

Explored 0 nodes (41 simplex iterations) in 0.03 seconds
Thread count was 20 (of 20 available processors)

Solution count 2: -3140.94 -176.166 
Pool objective bound -3284.88

Optimal solution found (tolerance 5.00e-02)
Best objective -3.140936000000e+03, best bound -3.284879600000e+03, gap 4.5828%
Changed value of parameter MIPGap to 0.05
   Prev: 0.0001  Min: 0.0  Max: 1e+100  Default: 0.0001
Changed value of parameter TimeLimit to 1800.0
   Prev: 1e+100  Min: 0.0  Max: 1e+100  Default: 1e+100
Changed value of parameter Method to 2
   Prev: -1  Min: -1  Max: 4  Default: -1
Changed value of parameter MIPFocus to 1
   Prev: 0  Min: 0  Max: 3  Default: 0
Optimize a model with 4206 rows, 6159 columns and 12318 nonzeros
Variable types: 0 continuous, 6159 integer (6159 binary)
Coefficient statistics:
  Matrix range     [1e+00, 5e+00]
  Objective range  [2e+00, 6e+00]
  Bounds range     [1e+00, 1e+00]
  RHS range        [8e+01, 8e+01]
Found heuristic solution: objective 0
Presolve removed 4134 rows and 4255 columns
Presolve time: 0.01s
Presolved: 72 rows, 1904 columns, 3192 nonzeros
Found heuristic solution: objective -3522.920000
Variable types: 0 continuous, 1904 integer (1853 binary)
Presolved: 72 rows, 1904 columns, 3192 nonzeros

Root barrier log...

Ordering time: 0.00s

Barrier statistics:
 AA' NZ     : 1.125e+03
 Factor NZ  : 2.628e+03 (roughly 1 MByte of memory)
 Factor Ops : 1.270e+05 (less than 1 second per iteration)
 Threads    : 1

                  Objective                Residual
Iter       Primal          Dual         Primal    Dual     Compl     Time
   0  -8.97039137e+03 -7.39740384e+03  2.54e+01 1.78e-15  3.62e+00     0s
   1  -3.78764282e+03 -5.76777003e+03  1.61e+00 5.62e-01  7.37e-01     0s
   2  -3.60418113e+03 -3.92559148e+03  8.47e-02 5.48e-02  9.09e-02     0s
   3  -3.65625802e+03 -3.78678181e+03  2.63e-02 1.43e-02  3.60e-02     0s
   4  -3.68155529e+03 -3.72279372e+03  7.28e-03 1.78e-15  1.13e-02     0s
   5  -3.69400733e+03 -3.70678256e+03  1.65e-03 1.78e-15  3.45e-03     0s
   6  -3.69692216e+03 -3.70133621e+03  6.17e-04 2.66e-15  1.20e-03     0s
   7  -3.69862107e+03 -3.69955361e+03  9.81e-05 1.78e-15  2.50e-04     0s
   8  -3.69895450e+03 -3.69917855e+03  1.24e-05 2.66e-15  5.91e-05     0s
   9  -3.69901621e+03 -3.69902422e+03  1.77e-07 2.66e-15  2.09e-06     0s
  10  -3.69901800e+03 -3.69901800e+03  1.28e-10 3.55e-15  1.35e-09     0s

Barrier solved model in 10 iterations and 0.02 seconds
Optimal objective -3.69901800e+03


Root relaxation: objective -3.699018e+03, 37 iterations, 0.01 seconds

    Nodes    |    Current Node    |     Objective Bounds      |     Work
 Expl Unexpl |  Obj  Depth IntInf | Incumbent    BestBd   Gap | It/Node Time

     0     0 -3699.0180    0   39 -3522.9200 -3699.0180  5.00%     -    0s

Explored 0 nodes (45 simplex iterations) in 0.03 seconds
Thread count was 20 (of 20 available processors)

Solution count 2: -3522.92 -196.458 
Pool objective bound -3699.02

Optimal solution found (tolerance 5.00e-02)
Best objective -3.522920000000e+03, best bound -3.699018000000e+03, gap 4.9986%
Changed value of parameter MIPGap to 0.05
   Prev: 0.0001  Min: 0.0  Max: 1e+100  Default: 0.0001
Changed value of parameter TimeLimit to 1800.0
   Prev: 1e+100  Min: 0.0  Max: 1e+100  Default: 1e+100
Changed value of parameter Method to 2
   Prev: -1  Min: -1  Max: 4  Default: -1
Changed value of parameter MIPFocus to 1
   Prev: 0  Min: 0  Max: 3  Default: 0
Optimize a model with 4206 rows, 6159 columns and 12318 nonzeros
Variable types: 0 continuous, 6159 integer (6159 binary)
Coefficient statistics:
  Matrix range     [1e+00, 5e+00]
  Objective range  [2e+00, 1e+01]
  Bounds range     [1e+00, 1e+00]
  RHS range        [8e+01, 8e+01]
Found heuristic solution: objective 0
Presolve removed 4134 rows and 4255 columns
Presolve time: 0.01s
Presolved: 72 rows, 1904 columns, 3192 nonzeros
Found heuristic solution: objective -5434.388000
Variable types: 0 continuous, 1904 integer (1853 binary)
Presolved: 72 rows, 1904 columns, 3192 nonzeros

Root barrier log...

Ordering time: 0.00s

Barrier statistics:
 AA' NZ     : 1.125e+03
 Factor NZ  : 2.628e+03 (roughly 1 MByte of memory)
 Factor Ops : 1.270e+05 (less than 1 second per iteration)
 Threads    : 1

                  Objective                Residual
Iter       Primal          Dual         Primal    Dual     Compl     Time
   0  -1.34209759e+04 -1.15897368e+04  2.54e+01 1.78e-15  5.81e+00     0s
   1  -5.67547514e+03 -9.03458870e+03  1.20e+00 9.11e-01  1.14e+00     0s
   2  -5.59003785e+03 -6.24594261e+03  5.46e-02 1.30e-01  1.78e-01     0s
   3  -5.70875832e+03 -5.91070870e+03  1.39e-02 1.70e-02  5.42e-02     0s
   4  -5.74856048e+03 -5.80246260e+03  3.72e-03 3.55e-15  1.45e-02     0s
   5  -5.76675816e+03 -5.78715713e+03  1.14e-03 3.55e-15  5.45e-03     0s
   6  -5.77197693e+03 -5.78049019e+03  4.20e-04 3.55e-15  2.27e-03     0s
   7  -5.77430816e+03 -5.77784148e+03  1.85e-04 3.55e-15  9.45e-04     0s
   8  -5.77563484e+03 -5.77716421e+03  6.10e-05 3.55e-15  4.06e-04     0s
   9  -5.77609713e+03 -5.77654004e+03  2.02e-05 3.55e-15  1.18e-04     0s
  10  -5.77636449e+03 -5.77637103e+03  7.48e-08 3.55e-15  1.72e-06     0s
  11  -5.77636800e+03 -5.77636800e+03  5.30e-12 3.55e-15  9.68e-11     0s

Barrier solved model in 11 iterations and 0.02 seconds
Optimal objective -5.77636800e+03


Root relaxation: objective -5.776368e+03, 33 iterations, 0.01 seconds

    Nodes    |    Current Node    |     Objective Bounds      |     Work
 Expl Unexpl |  Obj  Depth IntInf | Incumbent    BestBd   Gap | It/Node Time

     0     0 -5776.3680    0   35 -5434.3880 -5776.3680  6.29%     -    0s
H    0     0                    -5752.228000 -5776.3680  0.42%     -    0s

Explored 0 nodes (48 simplex iterations) in 0.03 seconds
Thread count was 20 (of 20 available processors)

Solution count 3: -5752.23 -5434.39 -297.916 
Pool objective bound -5776.37

Optimal solution found (tolerance 5.00e-02)
Best objective -5.752228000000e+03, best bound -5.776368000000e+03, gap 0.4197%
Changed value of parameter MIPGap to 0.05
   Prev: 0.0001  Min: 0.0  Max: 1e+100  Default: 0.0001
Changed value of parameter TimeLimit to 1800.0
   Prev: 1e+100  Min: 0.0  Max: 1e+100  Default: 1e+100
Changed value of parameter Method to 2
   Prev: -1  Min: -1  Max: 4  Default: -1
Changed value of parameter MIPFocus to 1
   Prev: 0  Min: 0  Max: 3  Default: 0
Optimize a model with 4206 rows, 6159 columns and 12318 nonzeros
Variable types: 0 continuous, 6159 integer (6159 binary)
Coefficient statistics:
  Matrix range     [1e+00, 5e+00]
  Objective range  [3e+00, 2e+01]
  Bounds range     [1e+00, 1e+00]
  RHS range        [8e+01, 8e+01]
Found heuristic solution: objective 0
Presolve removed 4134 rows and 4255 columns
Presolve time: 0.01s
Presolved: 72 rows, 1904 columns, 3192 nonzeros
Found heuristic solution: objective -9257.776000
Variable types: 0 continuous, 1904 integer (1853 binary)
Presolved: 72 rows, 1904 columns, 3192 nonzeros

Root barrier log...

Ordering time: 0.00s

Barrier statistics:
 AA' NZ     : 1.125e+03
 Factor NZ  : 2.628e+03 (roughly 1 MByte of memory)
 Factor Ops : 1.270e+05 (less than 1 second per iteration)
 Threads    : 1

                  Objective                Residual
Iter       Primal          Dual         Primal    Dual     Compl     Time
   0  -2.23231046e+04 -2.03458264e+04  2.54e+01 4.44e-15  1.05e+01     0s
   1  -9.53615619e+03 -1.58137283e+04  9.94e-01 1.72e+00  2.03e+00     0s
   2  -9.58578630e+03 -1.08443465e+04  2.33e-02 2.70e-01  3.33e-01     0s
   3  -9.82648752e+03 -1.01554790e+04  4.22e-03 4.23e-02  8.64e-02     0s
   4  -9.88103955e+03 -1.00004471e+04  1.39e-03 7.11e-15  3.14e-02     0s
   5  -9.90609165e+03 -9.95749156e+03  6.15e-04 7.11e-15  1.35e-02     0s
   6  -9.92370321e+03 -9.93962085e+03  1.29e-04 7.11e-15  4.18e-03     0s
   7  -9.92861657e+03 -9.93402750e+03  3.98e-05 7.11e-15  1.42e-03     0s
   8  -9.93038293e+03 -9.93222949e+03  1.06e-05 7.11e-15  4.84e-04     0s
   9  -9.93109073e+03 -9.93151087e+03  3.47e-07 7.11e-15  1.09e-04     0s
  10  -9.93123292e+03 -9.93123793e+03  0.00e+00 7.11e-15  1.31e-06     0s
  11  -9.93123600e+03 -9.93123600e+03  0.00e+00 7.11e-15  8.76e-12     0s

Barrier solved model in 11 iterations and 0.02 seconds
Optimal objective -9.93123600e+03


Root relaxation: objective -9.931236e+03, 33 iterations, 0.01 seconds

    Nodes    |    Current Node    |     Objective Bounds      |     Work
 Expl Unexpl |  Obj  Depth IntInf | Incumbent    BestBd   Gap | It/Node Time

     0     0 -9931.2360    0   31 -9257.7760 -9931.2360  7.27%     -    0s
H    0     0                    -9888.912000 -9931.2360  0.43%     -    0s

Explored 0 nodes (50 simplex iterations) in 0.03 seconds
Thread count was 20 (of 20 available processors)

Solution count 3: -9888.91 -9257.78 -500.832 
Pool objective bound -9931.24

Optimal solution found (tolerance 5.00e-02)
Best objective -9.888912000000e+03, best bound -9.931236000000e+03, gap 0.4280%
Changed value of parameter MIPGap to 0.05
   Prev: 0.0001  Min: 0.0  Max: 1e+100  Default: 0.0001
Changed value of parameter TimeLimit to 1800.0
   Prev: 1e+100  Min: 0.0  Max: 1e+100  Default: 1e+100
Changed value of parameter Method to 2
   Prev: -1  Min: -1  Max: 4  Default: -1
Changed value of parameter MIPFocus to 1
   Prev: 0  Min: 0  Max: 3  Default: 0
Optimize a model with 4206 rows, 6159 columns and 12318 nonzeros
Variable types: 0 continuous, 6159 integer (6159 binary)
Coefficient statistics:
  Matrix range     [1e+00, 5e+00]
  Objective range  [6e+00, 4e+01]
  Bounds range     [1e+00, 1e+00]
  RHS range        [8e+01, 8e+01]
Found heuristic solution: objective 0
Presolve removed 4134 rows and 4255 columns
Presolve time: 0.01s
Presolved: 72 rows, 1904 columns, 3192 nonzeros
Found heuristic solution: objective -16915.84800
Variable types: 0 continuous, 1904 integer (1853 binary)
Presolved: 72 rows, 1904 columns, 3192 nonzeros

Root barrier log...

Ordering time: 0.00s

Barrier statistics:
 AA' NZ     : 1.125e+03
 Factor NZ  : 2.628e+03 (roughly 1 MByte of memory)
 Factor Ops : 1.270e+05 (less than 1 second per iteration)
 Threads    : 1

                  Objective                Residual
Iter       Primal          Dual         Primal    Dual     Compl     Time
   0  -4.01310820e+04 -3.93102594e+04  2.54e+01 8.88e-15  2.12e+01     0s
   1  -1.72555417e+04 -3.02843529e+04  8.99e-01 3.69e+00  4.11e+00     0s
   2  -1.75396427e+04 -2.00251487e+04  6.06e-03 5.59e-01  6.47e-01     0s
   3  -1.80874506e+04 -1.86055672e+04  0.00e+00 8.16e-02  1.34e-01     0s
   4  -1.81550573e+04 -1.83811228e+04  0.00e+00 1.42e-14  5.83e-02     0s
   5  -1.82154926e+04 -1.82829531e+04  0.00e+00 1.42e-14  1.74e-02     0s
   6  -1.82337323e+04 -1.82531492e+04  0.00e+00 1.07e-14  5.00e-03     0s
   7  -1.82385767e+04 -1.82440318e+04  0.00e+00 1.42e-14  1.41e-03     0s
   8  -1.82397858e+04 -1.82414014e+04  0.00e+00 1.42e-14  4.16e-04     0s
   9  -1.82409385e+04 -1.82410432e+04  0.00e+00 1.42e-14  2.70e-05     0s
  10  -1.82409720e+04 -1.82409721e+04  0.00e+00 1.42e-14  2.70e-08     0s
  11  -1.82409720e+04 -1.82409720e+04  6.17e-15 1.42e-14  2.85e-14     0s

Barrier solved model in 11 iterations and 0.02 seconds
Optimal objective -1.82409720e+04


Root relaxation: objective -1.824097e+04, 33 iterations, 0.01 seconds

    Nodes    |    Current Node    |     Objective Bounds      |     Work
 Expl Unexpl |  Obj  Depth IntInf | Incumbent    BestBd   Gap | It/Node Time

     0     0 -18240.972    0   35 -16915.848 -18240.972  7.83%     -    0s
H    0     0                    -18172.72000 -18240.972  0.38%     -    0s

Explored 0 nodes (43 simplex iterations) in 0.03 seconds
Thread count was 20 (of 20 available processors)

Solution count 3: -18172.7 -16915.8 -906.664 
Pool objective bound -18241

Optimal solution found (tolerance 5.00e-02)
Best objective -1.817272000000e+04, best bound -1.824097200000e+04, gap 0.3756%
Changed value of parameter MIPGap to 0.05
   Prev: 0.0001  Min: 0.0  Max: 1e+100  Default: 0.0001
Changed value of parameter TimeLimit to 1800.0
   Prev: 1e+100  Min: 0.0  Max: 1e+100  Default: 1e+100
Changed value of parameter Method to 2
   Prev: -1  Min: -1  Max: 4  Default: -1
Changed value of parameter MIPFocus to 1
   Prev: 0  Min: 0  Max: 3  Default: 0
Optimize a model with 4206 rows, 6159 columns and 12318 nonzeros
Variable types: 0 continuous, 6159 integer (6159 binary)
Coefficient statistics:
  Matrix range     [1e+00, 5e+00]
  Objective range  [7e+00, 5e+01]
  Bounds range     [1e+00, 1e+00]
  RHS range        [8e+01, 8e+01]
Found heuristic solution: objective 0
Presolve removed 4134 rows and 4255 columns
Presolve time: 0.01s
Presolved: 72 rows, 1904 columns, 3192 nonzeros
Found heuristic solution: objective -20742.56000
Variable types: 0 continuous, 1904 integer (1853 binary)
Presolved: 72 rows, 1904 columns, 3192 nonzeros

Root barrier log...

Ordering time: 0.00s

Barrier statistics:
 AA' NZ     : 1.125e+03
 Factor NZ  : 2.628e+03 (roughly 1 MByte of memory)
 Factor Ops : 1.270e+05 (less than 1 second per iteration)
 Threads    : 1

                  Objective                Residual
Iter       Primal          Dual         Primal    Dual     Compl     Time
   0  -4.90347278e+04 -4.87924759e+04  2.54e+01 8.88e-15  2.66e+01     0s
   1  -2.11200077e+04 -3.75199398e+04  8.80e-01 4.67e+00  5.15e+00     0s
   2  -2.15189628e+04 -2.46141565e+04  2.87e-03 7.03e-01  8.03e-01     0s
   3  -2.22054379e+04 -2.28437599e+04  0.00e+00 1.03e-01  1.65e-01     0s
   4  -2.22833881e+04 -2.25314337e+04  0.00e+00 1.42e-14  6.39e-02     0s
   5  -2.23597683e+04 -2.24376550e+04  0.00e+00 1.42e-14  2.01e-02     0s
   6  -2.23856276e+04 -2.24081145e+04  0.00e+00 1.42e-14  5.80e-03     0s
   7  -2.23924224e+04 -2.24000051e+04  0.00e+00 1.42e-14  1.95e-03     0s
   8  -2.23942640e+04 -2.23965392e+04  0.00e+00 1.42e-14  5.86e-04     0s
   9  -2.23957905e+04 -2.23959849e+04  0.00e+00 1.42e-14  5.01e-05     0s
  10  -2.23958400e+04 -2.23958401e+04  0.00e+00 1.42e-14  5.02e-08     0s
  11  -2.23958400e+04 -2.23958400e+04  4.10e-15 1.42e-14  5.13e-14     0s

Barrier solved model in 11 iterations and 0.02 seconds
Optimal objective -2.23958400e+04


Root relaxation: objective -2.239584e+04, 33 iterations, 0.01 seconds

    Nodes    |    Current Node    |     Objective Bounds      |     Work
 Expl Unexpl |  Obj  Depth IntInf | Incumbent    BestBd   Gap | It/Node Time

     0     0 -22395.840    0   35 -20742.560 -22395.840  7.97%     -    0s
H    0     0                    -22312.90000 -22395.840  0.37%     -    0s

Explored 0 nodes (48 simplex iterations) in 0.03 seconds
Thread count was 20 (of 20 available processors)

Solution count 3: -22312.9 -20742.6 -1109.58 
Pool objective bound -22395.8

Optimal solution found (tolerance 5.00e-02)
Best objective -2.231290000000e+04, best bound -2.239584000000e+04, gap 0.3717%
Changed value of parameter MIPGap to 0.05
   Prev: 0.0001  Min: 0.0  Max: 1e+100  Default: 0.0001
Changed value of parameter TimeLimit to 1800.0
   Prev: 1e+100  Min: 0.0  Max: 1e+100  Default: 1e+100
Changed value of parameter Method to 2
   Prev: -1  Min: -1  Max: 4  Default: -1
Changed value of parameter MIPFocus to 1
   Prev: 0  Min: 0  Max: 3  Default: 0
Optimize a model with 4206 rows, 6159 columns and 12318 nonzeros
Variable types: 0 continuous, 6159 integer (6159 binary)
Coefficient statistics:
  Matrix range     [1e+00, 5e+00]
  Objective range  [1e+01, 1e+02]
  Bounds range     [1e+00, 1e+00]
  RHS range        [8e+01, 8e+01]
Found heuristic solution: objective 0
Presolve removed 4134 rows and 4255 columns
Presolve time: 0.01s
Presolved: 72 rows, 1904 columns, 3192 nonzeros
Found heuristic solution: objective -39876.12000
Variable types: 0 continuous, 1904 integer (1853 binary)
Presolved: 72 rows, 1904 columns, 3192 nonzeros

Root barrier log...

Ordering time: 0.00s

Barrier statistics:
 AA' NZ     : 1.125e+03
 Factor NZ  : 2.628e+03 (roughly 1 MByte of memory)
 Factor Ops : 1.270e+05 (less than 1 second per iteration)
 Threads    : 1

                  Objective                Residual
Iter       Primal          Dual         Primal    Dual     Compl     Time
   0  -9.35522789e+04 -9.62035584e+04  2.54e+01 1.42e-14  5.33e+01     0s
   1  -4.04525280e+04 -7.36984357e+04  8.41e-01 9.58e+00  1.04e+01     0s
   2  -4.14143912e+04 -4.75174296e+04  0.00e+00 1.41e+00  1.58e+00     0s
   3  -4.27933293e+04 -4.41037408e+04  0.00e+00 2.30e-01  3.38e-01     0s
   4  -4.29098105e+04 -4.34178230e+04  0.00e+00 2.84e-14  1.31e-01     0s
   5  -4.30985867e+04 -4.32881717e+04  0.00e+00 2.84e-14  4.89e-02     0s
   6  -4.31499074e+04 -4.32050181e+04  0.00e+00 2.84e-14  1.42e-02     0s
   7  -4.31629956e+04 -4.31800992e+04  0.00e+00 2.84e-14  4.41e-03     0s
   8  -4.31675575e+04 -4.31723822e+04  0.00e+00 2.84e-14  1.24e-03     0s
   9  -4.31700453e+04 -4.31706487e+04  0.00e+00 2.84e-14  1.56e-04     0s
  10  -4.31701799e+04 -4.31701805e+04  0.00e+00 4.26e-14  1.57e-07     0s
  11  -4.31701800e+04 -4.31701800e+04  9.41e-15 2.84e-14  1.60e-13     0s

Barrier solved model in 11 iterations and 0.02 seconds
Optimal objective -4.31701800e+04


Root relaxation: objective -4.317018e+04, 33 iterations, 0.01 seconds

    Nodes    |    Current Node    |     Objective Bounds      |     Work
 Expl Unexpl |  Obj  Depth IntInf | Incumbent    BestBd   Gap | It/Node Time

     0     0 -43170.180    0   39 -39876.120 -43170.180  8.26%     -    0s
H    0     0                    -43006.80000 -43170.180  0.38%     -    0s

Explored 0 nodes (45 simplex iterations) in 0.03 seconds
Thread count was 20 (of 20 available processors)

Solution count 3: -43006.8 -39876.1 -2124.16 
Pool objective bound -43170.2

Optimal solution found (tolerance 5.00e-02)
Best objective -4.300680000000e+04, best bound -4.317016000000e+04, gap 0.3798%
Changed value of parameter MIPGap to 0.05
   Prev: 0.0001  Min: 0.0  Max: 1e+100  Default: 0.0001
Changed value of parameter TimeLimit to 1800.0
   Prev: 1e+100  Min: 0.0  Max: 1e+100  Default: 1e+100
Changed value of parameter Method to 2
   Prev: -1  Min: -1  Max: 4  Default: -1
Changed value of parameter MIPFocus to 1
   Prev: 0  Min: 0  Max: 3  Default: 0
Optimize a model with 4206 rows, 6159 columns and 12318 nonzeros
Variable types: 0 continuous, 6159 integer (6159 binary)
Coefficient statistics:
  Matrix range     [1e+00, 5e+00]
  Objective range  [2e+01, 2e+02]
  Bounds range     [1e+00, 1e+00]
  RHS range        [8e+01, 8e+01]
Found heuristic solution: objective 0
Presolve removed 4134 rows and 4255 columns
Presolve time: 0.01s
Presolved: 72 rows, 1904 columns, 3192 nonzeros
Found heuristic solution: objective -78143.24000
Variable types: 0 continuous, 1904 integer (1853 binary)
Presolved: 72 rows, 1904 columns, 3192 nonzeros

Root barrier log...

Ordering time: 0.00s

Barrier statistics:
 AA' NZ     : 1.125e+03
 Factor NZ  : 2.628e+03 (roughly 1 MByte of memory)
 Factor Ops : 1.270e+05 (less than 1 second per iteration)
 Threads    : 1

                  Objective                Residual
Iter       Primal          Dual         Primal    Dual     Compl     Time
   0  -1.82586707e+05 -1.91025723e+05  2.54e+01 4.26e-14  1.07e+02     0s
   1  -7.91280449e+04 -1.46055980e+05  8.21e-01 1.94e+01  2.08e+01     0s
   2  -8.12046827e+04 -9.33202661e+04  0.00e+00 2.82e+00  3.14e+00     0s
   3  -8.39716876e+04 -8.65056659e+04  0.00e+00 4.46e-01  6.53e-01     0s
   4  -8.42014683e+04 -8.52140384e+04  0.00e+00 5.68e-14  2.61e-01     0s
   5  -8.45812834e+04 -8.49595800e+04  0.00e+00 5.68e-14  9.75e-02     0s
   6  -8.46799294e+04 -8.47879908e+04  0.00e+00 5.68e-14  2.79e-02     0s
   7  -8.47052450e+04 -8.47376516e+04  0.00e+00 5.68e-14  8.35e-03     0s
   8  -8.47135141e+04 -8.47228702e+04  0.00e+00 5.68e-14  2.41e-03     0s
   9  -8.47185624e+04 -8.47197330e+04  0.00e+00 5.68e-14  3.02e-04     0s
  10  -8.47188597e+04 -8.47188609e+04  0.00e+00 5.68e-14  3.05e-07     0s
  11  -8.47188600e+04 -8.47188600e+04  4.20e-15 5.68e-14  3.09e-13     0s

Barrier solved model in 11 iterations and 0.02 seconds
Optimal objective -8.47188600e+04


Root relaxation: objective -8.471886e+04, 33 iterations, 0.01 seconds

    Nodes    |    Current Node    |     Objective Bounds      |     Work
 Expl Unexpl |  Obj  Depth IntInf | Incumbent    BestBd   Gap | It/Node Time

     0     0 -84718.860    0   35 -78143.240 -84718.860  8.41%     -    0s
H    0     0                    -84391.56000 -84718.860  0.39%     -    0s

Explored 0 nodes (50 simplex iterations) in 0.03 seconds
Thread count was 20 (of 20 available processors)

Solution count 3: -84391.6 -78143.2 -4153.32 
Pool objective bound -84718.8

Optimal solution found (tolerance 5.00e-02)
Best objective -8.439156000000e+04, best bound -8.471884000000e+04, gap 0.3878%
Changed value of parameter MIPGap to 0.05
   Prev: 0.0001  Min: 0.0  Max: 1e+100  Default: 0.0001
Changed value of parameter TimeLimit to 1800.0
   Prev: 1e+100  Min: 0.0  Max: 1e+100  Default: 1e+100
Changed value of parameter Method to 2
   Prev: -1  Min: -1  Max: 4  Default: -1
Changed value of parameter MIPFocus to 1
   Prev: 0  Min: 0  Max: 3  Default: 0
Optimize a model with 4206 rows, 6159 columns and 12318 nonzeros
Variable types: 0 continuous, 6159 integer (6159 binary)
Coefficient statistics:
  Matrix range     [1e+00, 5e+00]
  Objective range  [6e+01, 5e+02]
  Bounds range     [1e+00, 1e+00]
  RHS range        [8e+01, 8e+01]
Found heuristic solution: objective 0
Presolve removed 4134 rows and 4255 columns
Presolve time: 0.01s
Presolved: 72 rows, 1904 columns, 3192 nonzeros
Found heuristic solution: objective -192944.6000
Variable types: 0 continuous, 1904 integer (1853 binary)
Presolved: 72 rows, 1904 columns, 3192 nonzeros

Root barrier log...

Ordering time: 0.00s

Barrier statistics:
 AA' NZ     : 1.125e+03
 Factor NZ  : 2.628e+03 (roughly 1 MByte of memory)
 Factor Ops : 1.270e+05 (less than 1 second per iteration)
 Threads    : 1

                  Objective                Residual
Iter       Primal          Dual         Primal    Dual     Compl     Time
   0  -4.49689456e+05 -4.75492218e+05  2.54e+01 8.53e-14  2.68e+02     0s
   1  -1.95163194e+05 -3.63129050e+05  8.09e-01 4.89e+01  5.19e+01     0s
   2  -2.00577497e+05 -2.30816359e+05  0.00e+00 7.06e+00  7.83e+00     0s
   3  -2.07502755e+05 -2.13704852e+05  0.00e+00 1.09e+00  1.60e+00     0s
   4  -2.08082421e+05 -2.10575139e+05  0.00e+00 1.71e-13  6.43e-01     0s
   5  -2.09018261e+05 -2.09956048e+05  0.00e+00 1.14e-13  2.42e-01     0s
   6  -2.09265570e+05 -2.09532898e+05  0.00e+00 1.71e-13  6.89e-02     0s
   7  -2.09330112e+05 -2.09410312e+05  0.00e+00 1.14e-13  2.07e-02     0s
   8  -2.09350988e+05 -2.09374469e+05  0.00e+00 1.14e-13  6.05e-03     0s
   9  -2.09364147e+05 -2.09367049e+05  0.00e+00 1.14e-13  7.48e-04     0s
  10  -2.09364899e+05 -2.09364902e+05  0.00e+00 1.71e-13  7.58e-07     0s
  11  -2.09364900e+05 -2.09364900e+05  7.22e-15 1.14e-13  7.67e-13     0s

Barrier solved model in 11 iterations and 0.02 seconds
Optimal objective -2.09364900e+05


Root relaxation: objective -2.093649e+05, 33 iterations, 0.01 seconds

    Nodes    |    Current Node    |     Objective Bounds      |     Work
 Expl Unexpl |  Obj  Depth IntInf | Incumbent    BestBd   Gap | It/Node Time

     0     0 -209364.90    0   29 -192944.60 -209364.90  8.51%     -    0s
H    0     0                    -208622.2000 -209364.90  0.36%     -    0s

Explored 0 nodes (55 simplex iterations) in 0.03 seconds
Thread count was 20 (of 20 available processors)

Solution count 3: -208622 -192945 -10240.8 
Pool objective bound -209365

Optimal solution found (tolerance 5.00e-02)
Best objective -2.086222000000e+05, best bound -2.093648000000e+05, gap 0.3560%
Changed value of parameter MIPGap to 0.05
   Prev: 0.0001  Min: 0.0  Max: 1e+100  Default: 0.0001
Changed value of parameter TimeLimit to 1800.0
   Prev: 1e+100  Min: 0.0  Max: 1e+100  Default: 1e+100
Changed value of parameter Method to 2
   Prev: -1  Min: -1  Max: 4  Default: -1
Changed value of parameter MIPFocus to 1
   Prev: 0  Min: 0  Max: 3  Default: 0
Optimize a model with 4206 rows, 6159 columns and 12318 nonzeros
Variable types: 0 continuous, 6159 integer (6159 binary)
Coefficient statistics:
  Matrix range     [1e+00, 5e+00]
  Objective range  [6e+02, 5e+03]
  Bounds range     [1e+00, 1e+00]
  RHS range        [8e+01, 8e+01]
Found heuristic solution: objective 0
Presolve removed 4134 rows and 4255 columns
Presolve time: 0.01s
Presolved: 72 rows, 1904 columns, 3192 nonzeros
Found heuristic solution: objective -1914965.000
Variable types: 0 continuous, 1904 integer (1853 binary)
Presolved: 72 rows, 1904 columns, 3192 nonzeros

Root barrier log...

Ordering time: 0.00s

Barrier statistics:
 AA' NZ     : 1.125e+03
 Factor NZ  : 2.628e+03 (roughly 1 MByte of memory)
 Factor Ops : 1.270e+05 (less than 1 second per iteration)
 Threads    : 1

                  Objective                Residual
Iter       Primal          Dual         Primal    Dual     Compl     Time
   0  -4.45622877e+06 -4.74248964e+06  2.54e+01 9.09e-13  2.68e+03     0s
   1  -1.93572180e+06 -3.61922667e+06  8.02e-01 4.91e+02  5.20e+02     0s
   2  -1.99117791e+06 -2.29333221e+06  0.00e+00 7.08e+01  7.83e+01     0s
   3  -2.06030112e+06 -2.12165720e+06  0.00e+00 1.07e+01  1.58e+01     0s
   4  -2.06622375e+06 -2.09095179e+06  0.00e+00 9.09e-13  6.37e+00     0s
   5  -2.07556102e+06 -2.08487350e+06  0.00e+00 9.09e-13  2.40e+00     0s
   6  -2.07804385e+06 -2.08070346e+06  0.00e+00 9.09e-13  6.85e-01     0s
   7  -2.07870021e+06 -2.07951548e+06  0.00e+00 9.09e-13  2.10e-01     0s
   8  -2.07891444e+06 -2.07915060e+06  0.00e+00 1.82e-12  6.09e-02     0s
   9  -2.07904790e+06 -2.07907722e+06  0.00e+00 9.09e-13  7.56e-03     0s
  10  -2.07905549e+06 -2.07905552e+06  0.00e+00 1.82e-12  7.66e-06     0s
  11  -2.07905550e+06 -2.07905550e+06  3.60e-15 1.82e-12  7.75e-12     0s

Barrier solved model in 11 iterations and 0.02 seconds
Optimal objective -2.07905550e+06


Root relaxation: objective -2.079056e+06, 33 iterations, 0.01 seconds

    Nodes    |    Current Node    |     Objective Bounds      |     Work
 Expl Unexpl |  Obj  Depth IntInf | Incumbent    BestBd   Gap | It/Node Time

     0     0 -2079055.5    0   39 -1914965.0 -2079055.5  8.57%     -    0s
H    0     0                    -2071389.000 -2079055.5  0.37%     -    0s

Explored 0 nodes (41 simplex iterations) in 0.03 seconds
Thread count was 20 (of 20 available processors)

Solution count 3: -2.07139e+06 -1.91496e+06 -101553 
Pool objective bound -2.07906e+06

Optimal solution found (tolerance 5.00e-02)
Best objective -2.071389000000e+06, best bound -2.079055000000e+06, gap 0.3701%
