Changed value of parameter MIPGap to 0.05
   Prev: 0.0001  Min: 0.0  Max: 1e+100  Default: 0.0001
Changed value of parameter TimeLimit to 1800.0
   Prev: 1e+100  Min: 0.0  Max: 1e+100  Default: 1e+100
Changed value of parameter Method to 2
   Prev: -1  Min: -1  Max: 4  Default: -1
Changed value of parameter MIPFocus to 1
   Prev: 0  Min: 0  Max: 3  Default: 0
Optimize a model with 10182 rows, 53251 columns and 106502 nonzeros
Variable types: 0 continuous, 53251 integer (53251 binary)
Coefficient statistics:
  Matrix range     [1e+00, 2e+01]
  Objective range  [1e+00, 1e+00]
  Bounds range     [1e+00, 1e+00]
  RHS range        [8e+01, 8e+01]
Found heuristic solution: objective 0
Presolve time: 0.18s
Presolved: 10182 rows, 53251 columns, 106502 nonzeros
Variable types: 0 continuous, 53251 integer (53251 binary)
Presolved: 10182 rows, 53251 columns, 106502 nonzeros

Root barrier log...

Ordering time: 0.01s

Barrier statistics:
 AA' NZ     : 5.325e+04
 Factor NZ  : 2.301e+05 (roughly 30 MBytes of memory)
 Factor Ops : 3.798e+07 (less than 1 second per iteration)
 Threads    : 1

                  Objective                Residual
Iter       Primal          Dual         Primal    Dual     Compl     Time
   0  -2.03656994e+04 -4.53601125e+04  6.90e+01 0.00e+00  2.79e+00     0s
   1  -8.44567839e+03 -3.23146212e+04  1.52e+01 8.88e-16  6.54e-01     0s
   2  -4.87479135e+03 -1.40828163e+04  1.33e+00 1.11e-15  1.08e-01     0s
   3  -4.54387910e+03 -5.53876521e+03  6.96e-02 1.55e-15  9.70e-03     0s
   4  -4.55873045e+03 -4.95536271e+03  2.38e-02 1.11e-15  3.82e-03     0s
   5  -4.56404496e+03 -4.71397036e+03  1.28e-02 1.11e-15  1.46e-03     0s
   6  -4.56646656e+03 -4.62473653e+03  8.30e-03 7.50e-16  5.80e-04     0s
   7  -4.56831836e+03 -4.59325984e+03  5.14e-03 4.79e-16  2.55e-04     0s
   8  -4.56935442e+03 -4.57935537e+03  3.40e-03 6.30e-16  1.08e-04     0s
   9  -4.57052680e+03 -4.57287909e+03  1.51e-03 4.83e-16  2.83e-05     1s
  10  -4.57135401e+03 -4.57162404e+03  1.96e-04 6.26e-16  3.34e-06     1s
  11  -4.57148387e+03 -4.57152324e+03  2.89e-06 6.66e-16  3.80e-07     1s
  12  -4.57148719e+03 -4.57149019e+03  2.45e-08 5.93e-16  2.82e-08     1s
  13  -4.57148734e+03 -4.57148736e+03  1.30e-13 7.56e-16  2.46e-10     1s

Barrier solved model in 13 iterations and 0.61 seconds
Optimal objective -4.57148734e+03


Root relaxation: objective -4.571487e+03, 44610 iterations, 0.73 seconds

    Nodes    |    Current Node    |     Objective Bounds      |     Work
 Expl Unexpl |  Obj  Depth IntInf | Incumbent    BestBd   Gap | It/Node Time

     0     0 -4571.4873    0  346    0.00000 -4571.4873      -     -    1s
H    0     0                    -4537.000000 -4571.4873  0.76%     -    1s

Explored 0 nodes (55197 simplex iterations) in 1.37 seconds
Thread count was 20 (of 20 available processors)

Solution count 2: -4537 0 
Pool objective bound -4571

Optimal solution found (tolerance 5.00e-02)
Best objective -4.537000000000e+03, best bound -4.571000000000e+03, gap 0.7494%
Changed value of parameter MIPGap to 0.05
   Prev: 0.0001  Min: 0.0  Max: 1e+100  Default: 0.0001
Changed value of parameter TimeLimit to 1800.0
   Prev: 1e+100  Min: 0.0  Max: 1e+100  Default: 1e+100
Changed value of parameter Method to 2
   Prev: -1  Min: -1  Max: 4  Default: -1
Changed value of parameter MIPFocus to 1
   Prev: 0  Min: 0  Max: 3  Default: 0
Optimize a model with 10182 rows, 53251 columns and 106502 nonzeros
Variable types: 0 continuous, 53251 integer (53251 binary)
Coefficient statistics:
  Matrix range     [1e+00, 2e+01]
  Objective range  [1e+00, 1e+00]
  Bounds range     [1e+00, 1e+00]
  RHS range        [8e+01, 8e+01]
Found heuristic solution: objective 0
Presolve time: 0.16s
Presolved: 10182 rows, 53251 columns, 106502 nonzeros
Variable types: 0 continuous, 53251 integer (53251 binary)
Presolved: 10182 rows, 53251 columns, 106502 nonzeros

Root barrier log...

Ordering time: 0.01s

Barrier statistics:
 AA' NZ     : 5.325e+04
 Factor NZ  : 2.301e+05 (roughly 30 MBytes of memory)
 Factor Ops : 3.798e+07 (less than 1 second per iteration)
 Threads    : 1

                  Objective                Residual
Iter       Primal          Dual         Primal    Dual     Compl     Time
   0  -2.03818606e+04 -4.53698605e+04  6.90e+01 2.22e-16  2.79e+00     0s
   1  -8.45283936e+03 -3.23227241e+04  1.52e+01 8.88e-16  6.55e-01     0s
   2  -4.87925632e+03 -1.40895725e+04  1.33e+00 1.11e-15  1.08e-01     0s
   3  -4.54654164e+03 -5.54503768e+03  6.95e-02 1.33e-15  9.74e-03     0s
   4  -4.56155418e+03 -4.95910496e+03  2.36e-02 7.50e-16  3.83e-03     0s
   5  -4.56688676e+03 -4.71708026e+03  1.27e-02 4.61e-16  1.46e-03     0s
   6  -4.56929770e+03 -4.62768675e+03  8.23e-03 8.88e-16  5.81e-04     0s
   7  -4.57112761e+03 -4.59596908e+03  5.13e-03 9.12e-16  2.54e-04     0s
   8  -4.57217753e+03 -4.58207258e+03  3.39e-03 6.55e-16  1.07e-04     0s
   9  -4.57336515e+03 -4.57576271e+03  1.50e-03 1.55e-15  2.86e-05     0s
  10  -4.57414904e+03 -4.57455115e+03  2.63e-04 1.11e-15  4.85e-06     0s
  11  -4.57425263e+03 -4.57440322e+03  1.08e-04 4.44e-16  1.86e-06     0s
  12  -4.57429039e+03 -4.57435804e+03  5.29e-05 4.70e-16  8.52e-07     1s
  13  -4.57432067e+03 -4.57433592e+03  8.97e-06 4.44e-16  1.80e-07     1s
  14  -4.57432671e+03 -4.57433016e+03  3.68e-07 4.69e-16  3.37e-08     1s
  15  -4.57432703e+03 -4.57432756e+03  2.48e-09 6.66e-16  4.90e-09     1s
  16  -4.57432704e+03 -4.57432706e+03  8.47e-13 6.66e-16  1.65e-10     1s

Barrier solved model in 16 iterations and 0.60 seconds
Optimal objective -4.57432704e+03


Root relaxation: objective -4.574327e+03, 44449 iterations, 0.69 seconds

    Nodes    |    Current Node    |     Objective Bounds      |     Work
 Expl Unexpl |  Obj  Depth IntInf | Incumbent    BestBd   Gap | It/Node Time

     0     0 -4574.3270    0  468    0.00000 -4574.3270      -     -    1s
H    0     0                    -4529.755400 -4574.3270  0.98%     -    1s

Explored 0 nodes (51063 simplex iterations) in 1.25 seconds
Thread count was 20 (of 20 available processors)

Solution count 2: -4529.76 0 
Pool objective bound -4574.33

Optimal solution found (tolerance 5.00e-02)
Best objective -4.529755400000e+03, best bound -4.574327042292e+03, gap 0.9840%
Changed value of parameter MIPGap to 0.05
   Prev: 0.0001  Min: 0.0  Max: 1e+100  Default: 0.0001
Changed value of parameter TimeLimit to 1800.0
   Prev: 1e+100  Min: 0.0  Max: 1e+100  Default: 1e+100
Changed value of parameter Method to 2
   Prev: -1  Min: -1  Max: 4  Default: -1
Changed value of parameter MIPFocus to 1
   Prev: 0  Min: 0  Max: 3  Default: 0
Optimize a model with 10182 rows, 53251 columns and 106502 nonzeros
Variable types: 0 continuous, 53251 integer (53251 binary)
Coefficient statistics:
  Matrix range     [1e+00, 2e+01]
  Objective range  [1e+00, 1e+00]
  Bounds range     [1e+00, 1e+00]
  RHS range        [8e+01, 8e+01]
Found heuristic solution: objective 0
Presolve time: 0.16s
Presolved: 10182 rows, 53251 columns, 106502 nonzeros
Variable types: 0 continuous, 53251 integer (53251 binary)
Presolved: 10182 rows, 53251 columns, 106502 nonzeros

Root barrier log...

Ordering time: 0.01s

Barrier statistics:
 AA' NZ     : 5.325e+04
 Factor NZ  : 2.301e+05 (roughly 30 MBytes of memory)
 Factor Ops : 3.798e+07 (less than 1 second per iteration)
 Threads    : 1

                  Objective                Residual
Iter       Primal          Dual         Primal    Dual     Compl     Time
   0  -2.03980217e+04 -4.53796085e+04  6.90e+01 2.22e-16  2.79e+00     0s
   1  -8.46000297e+03 -3.23308275e+04  1.52e+01 8.88e-16  6.55e-01     0s
   2  -4.88372395e+03 -1.40963293e+04  1.34e+00 8.88e-16  1.08e-01     0s
   3  -4.54920207e+03 -5.55127139e+03  6.94e-02 1.33e-15  9.77e-03     0s
   4  -4.56437934e+03 -4.96289301e+03  2.34e-02 6.66e-16  3.84e-03     0s
   5  -4.56972982e+03 -4.72020568e+03  1.25e-02 6.86e-16  1.46e-03     0s
   6  -4.57212948e+03 -4.63064060e+03  8.15e-03 6.66e-16  5.82e-04     0s
   7  -4.57393734e+03 -4.59867008e+03  5.13e-03 6.66e-16  2.53e-04     0s
   8  -4.57500232e+03 -4.58478006e+03  3.39e-03 7.24e-16  1.05e-04     0s
   9  -4.57619668e+03 -4.57866684e+03  1.50e-03 6.46e-16  2.93e-05     0s
  10  -4.57688265e+03 -4.57732876e+03  5.19e-04 5.72e-16  6.31e-06     0s
  11  -4.57701903e+03 -4.57723587e+03  2.78e-04 6.66e-16  3.17e-06     0s
  12  -4.57710821e+03 -4.57719898e+03  1.09e-04 6.14e-16  1.30e-06     1s
  13  -4.57715159e+03 -4.57717784e+03  2.80e-05 1.13e-15  3.61e-07     1s
  14  -4.57716528e+03 -4.57717221e+03  2.48e-06 4.77e-16  7.50e-08     1s
  15  -4.57716673e+03 -4.57716739e+03  1.04e-12 7.01e-16  6.24e-09     1s
  16  -4.57716675e+03 -4.57716677e+03  8.76e-13 4.44e-16  2.03e-10     1s

Barrier solved model in 16 iterations and 0.59 seconds
Optimal objective -4.57716675e+03


Root relaxation: objective -4.577167e+03, 44414 iterations, 0.69 seconds

    Nodes    |    Current Node    |     Objective Bounds      |     Work
 Expl Unexpl |  Obj  Depth IntInf | Incumbent    BestBd   Gap | It/Node Time

     0     0 -4577.1667    0  386    0.00000 -4577.1667      -     -    1s
H    0     0                    -4541.496020 -4577.1667  0.79%     -    1s

Explored 0 nodes (54937 simplex iterations) in 1.24 seconds
Thread count was 20 (of 20 available processors)

Solution count 2: -4541.5 0 
Pool objective bound -4577.17

Optimal solution found (tolerance 5.00e-02)
Best objective -4.541496020000e+03, best bound -4.577166747982e+03, gap 0.7854%
Changed value of parameter MIPGap to 0.05
   Prev: 0.0001  Min: 0.0  Max: 1e+100  Default: 0.0001
Changed value of parameter TimeLimit to 1800.0
   Prev: 1e+100  Min: 0.0  Max: 1e+100  Default: 1e+100
Changed value of parameter Method to 2
   Prev: -1  Min: -1  Max: 4  Default: -1
Changed value of parameter MIPFocus to 1
   Prev: 0  Min: 0  Max: 3  Default: 0
Optimize a model with 10182 rows, 53251 columns and 106502 nonzeros
Variable types: 0 continuous, 53251 integer (53251 binary)
Coefficient statistics:
  Matrix range     [1e+00, 2e+01]
  Objective range  [1e+00, 1e+00]
  Bounds range     [1e+00, 1e+00]
  RHS range        [8e+01, 8e+01]
Found heuristic solution: objective 0
Presolve time: 0.16s
Presolved: 10182 rows, 53251 columns, 106502 nonzeros
Variable types: 0 continuous, 53251 integer (53251 binary)
Presolved: 10182 rows, 53251 columns, 106502 nonzeros

Root barrier log...

Ordering time: 0.01s

Barrier statistics:
 AA' NZ     : 5.325e+04
 Factor NZ  : 2.301e+05 (roughly 30 MBytes of memory)
 Factor Ops : 3.798e+07 (less than 1 second per iteration)
 Threads    : 1

                  Objective                Residual
Iter       Primal          Dual         Primal    Dual     Compl     Time
   0  -2.04303439e+04 -4.53991045e+04  6.90e+01 2.22e-16  2.79e+00     0s
   1  -8.47433812e+03 -3.23470354e+04  1.52e+01 6.66e-16  6.55e-01     0s
   2  -4.89266715e+03 -1.41098446e+04  1.35e+00 1.11e-15  1.08e-01     0s
   3  -4.55451804e+03 -5.56378662e+03  6.91e-02 2.00e-15  9.84e-03     0s
   4  -4.57003788e+03 -4.97029843e+03  2.30e-02 4.22e-15  3.85e-03     0s
   5  -4.57541737e+03 -4.72638101e+03  1.22e-02 1.11e-15  1.46e-03     0s
   6  -4.57779589e+03 -4.63652925e+03  7.99e-03 4.44e-16  5.83e-04     0s
   7  -4.57957453e+03 -4.60413694e+03  5.08e-03 6.39e-16  2.51e-04     0s
   8  -4.58066165e+03 -4.59021846e+03  3.35e-03 9.03e-16  1.03e-04     0s
   9  -4.58188232e+03 -4.58427179e+03  1.45e-03 8.88e-16  2.84e-05     0s
  10  -4.58242115e+03 -4.58310464e+03  6.32e-04 5.96e-16  9.02e-06     0s
  11  -4.58263717e+03 -4.58295175e+03  3.09e-04 4.44e-16  4.23e-06     0s
  12  -4.58275740e+03 -4.58289101e+03  1.30e-04 6.88e-16  1.79e-06     1s
  13  -4.58280843e+03 -4.58285704e+03  5.50e-05 5.89e-16  6.83e-07     1s
  14  -4.58284318e+03 -4.58285128e+03  4.05e-06 9.17e-16  9.27e-08     1s
  15  -4.58284614e+03 -4.58284707e+03  1.58e-12 6.66e-16  8.75e-09     1s
  16  -4.58284616e+03 -4.58284621e+03  3.26e-13 6.87e-16  4.75e-10     1s
  17  -4.58284616e+03 -4.58284616e+03  2.22e-13 5.93e-16  4.75e-13     1s

Barrier solved model in 17 iterations and 0.62 seconds
Optimal objective -4.58284616e+03


Root relaxation: objective -4.582846e+03, 43268 iterations, 0.70 seconds

    Nodes    |    Current Node    |     Objective Bounds      |     Work
 Expl Unexpl |  Obj  Depth IntInf | Incumbent    BestBd   Gap | It/Node Time

     0     0 -4582.8462    0  201    0.00000 -4582.8462      -     -    1s
H    0     0                    -4555.073480 -4582.8462  0.61%     -    1s

Explored 0 nodes (57975 simplex iterations) in 1.23 seconds
Thread count was 20 (of 20 available processors)

Solution count 2: -4555.07 0 
Pool objective bound -4582.85

Optimal solution found (tolerance 5.00e-02)
Best objective -4.555073480000e+03, best bound -4.582846159363e+03, gap 0.6097%
Changed value of parameter MIPGap to 0.05
   Prev: 0.0001  Min: 0.0  Max: 1e+100  Default: 0.0001
Changed value of parameter TimeLimit to 1800.0
   Prev: 1e+100  Min: 0.0  Max: 1e+100  Default: 1e+100
Changed value of parameter Method to 2
   Prev: -1  Min: -1  Max: 4  Default: -1
Changed value of parameter MIPFocus to 1
   Prev: 0  Min: 0  Max: 3  Default: 0
Optimize a model with 10182 rows, 53251 columns and 106502 nonzeros
Variable types: 0 continuous, 53251 integer (53251 binary)
Coefficient statistics:
  Matrix range     [1e+00, 2e+01]
  Objective range  [1e+00, 1e+00]
  Bounds range     [1e+00, 1e+00]
  RHS range        [8e+01, 8e+01]
Found heuristic solution: objective 0
Presolve time: 0.16s
Presolved: 10182 rows, 53251 columns, 106502 nonzeros
Variable types: 0 continuous, 53251 integer (53251 binary)
Presolved: 10182 rows, 53251 columns, 106502 nonzeros

Root barrier log...

Ordering time: 0.01s

Barrier statistics:
 AA' NZ     : 5.325e+04
 Factor NZ  : 2.301e+05 (roughly 30 MBytes of memory)
 Factor Ops : 3.798e+07 (less than 1 second per iteration)
 Threads    : 1

                  Objective                Residual
Iter       Primal          Dual         Primal    Dual     Compl     Time
   0  -2.04949883e+04 -4.54380965e+04  6.90e+01 2.22e-16  2.80e+00     0s
   1  -8.50303994e+03 -3.23794564e+04  1.52e+01 8.88e-16  6.56e-01     0s
   2  -4.91059212e+03 -1.41368798e+04  1.37e+00 1.11e-15  1.09e-01     0s
   3  -4.56554631e+03 -5.59708170e+03  7.01e-02 1.55e-15  1.01e-02     0s
   4  -4.58163781e+03 -4.96927021e+03  2.20e-02 6.66e-16  3.73e-03     0s
   5  -4.58699723e+03 -4.72847965e+03  1.16e-02 4.86e-16  1.37e-03     0s
   6  -4.58923993e+03 -4.64440234e+03  7.71e-03 6.66e-16  5.48e-04     0s
   7  -4.59127291e+03 -4.61210484e+03  4.43e-03 4.44e-16  2.13e-04     0s
   8  -4.59273259e+03 -4.60071865e+03  2.19e-03 4.44e-16  8.38e-05     0s
   9  -4.59337926e+03 -4.59587928e+03  1.31e-03 6.48e-16  2.88e-05     0s
  10  -4.59381973e+03 -4.59445350e+03  6.02e-04 8.88e-16  8.44e-06     0s
  11  -4.59408679e+03 -4.59431738e+03  2.18e-04 6.66e-16  3.06e-06     0s
  12  -4.59418740e+03 -4.59423865e+03  3.15e-05 6.74e-16  6.10e-07     1s
  13  -4.59419308e+03 -4.59421114e+03  2.12e-05 4.44e-16  2.57e-07     1s
  14  -4.59419657e+03 -4.59420872e+03  1.50e-05 4.54e-16  1.76e-07     1s
  15  -4.59420495e+03 -4.59420542e+03  2.29e-12 5.55e-16  4.34e-09     1s
  16  -4.59420498e+03 -4.59420499e+03  3.83e-13 6.66e-16  9.55e-11     1s

Barrier solved model in 16 iterations and 0.59 seconds
Optimal objective -4.59420498e+03


Root relaxation: objective -4.594205e+03, 44346 iterations, 0.70 seconds

    Nodes    |    Current Node    |     Objective Bounds      |     Work
 Expl Unexpl |  Obj  Depth IntInf | Incumbent    BestBd   Gap | It/Node Time

     0     0 -4594.2050    0  208    0.00000 -4594.2050      -     -    1s
H    0     0                    -4568.173040 -4594.2050  0.57%     -    1s

Explored 0 nodes (60774 simplex iterations) in 1.32 seconds
Thread count was 20 (of 20 available processors)

Solution count 2: -4568.17 0 
Pool objective bound -4594.2

Optimal solution found (tolerance 5.00e-02)
Best objective -4.568173040000e+03, best bound -4.594204982124e+03, gap 0.5699%
Changed value of parameter MIPGap to 0.05
   Prev: 0.0001  Min: 0.0  Max: 1e+100  Default: 0.0001
Changed value of parameter TimeLimit to 1800.0
   Prev: 1e+100  Min: 0.0  Max: 1e+100  Default: 1e+100
Changed value of parameter Method to 2
   Prev: -1  Min: -1  Max: 4  Default: -1
Changed value of parameter MIPFocus to 1
   Prev: 0  Min: 0  Max: 3  Default: 0
Optimize a model with 10182 rows, 53251 columns and 106502 nonzeros
Variable types: 0 continuous, 53251 integer (53251 binary)
Coefficient statistics:
  Matrix range     [1e+00, 2e+01]
  Objective range  [1e+00, 1e+00]
  Bounds range     [1e+00, 1e+00]
  RHS range        [8e+01, 8e+01]
Found heuristic solution: objective 0
Presolve time: 0.15s
Presolved: 10182 rows, 53251 columns, 106502 nonzeros
Variable types: 0 continuous, 53251 integer (53251 binary)
Presolved: 10182 rows, 53251 columns, 106502 nonzeros

Root barrier log...

Ordering time: 0.01s

Barrier statistics:
 AA' NZ     : 5.325e+04
 Factor NZ  : 2.301e+05 (roughly 30 MBytes of memory)
 Factor Ops : 3.798e+07 (less than 1 second per iteration)
 Threads    : 1

                  Objective                Residual
Iter       Primal          Dual         Primal    Dual     Compl     Time
   0  -2.05273103e+04 -4.54575925e+04  6.90e+01 2.22e-16  2.80e+00     0s
   1  -8.51740654e+03 -3.23956694e+04  1.52e+01 7.22e-16  6.57e-01     0s
   2  -4.91956785e+03 -1.41503996e+04  1.38e+00 1.33e-15  1.09e-01     0s
   3  -4.57085933e+03 -5.60641718e+03  6.98e-02 1.78e-15  1.01e-02     0s
   4  -4.58736145e+03 -4.97562652e+03  2.14e-02 8.88e-16  3.73e-03     0s
   5  -4.59291939e+03 -4.73415139e+03  1.08e-02 6.66e-16  1.37e-03     0s
   6  -4.59508109e+03 -4.64990081e+03  7.21e-03 8.88e-16  5.43e-04     0s
   7  -4.59697712e+03 -4.61769883e+03  4.25e-03 6.66e-16  2.12e-04     0s
   8  -4.59837265e+03 -4.60653944e+03  2.18e-03 1.33e-15  8.55e-05     0s
   9  -4.59903411e+03 -4.60190294e+03  1.34e-03 4.44e-16  3.24e-05     0s
  10  -4.59948373e+03 -4.60027305e+03  6.67e-04 6.66e-16  1.02e-05     0s
  11  -4.59975574e+03 -4.59998863e+03  2.08e-04 8.98e-16  3.04e-06     0s
  12  -4.59986438e+03 -4.59991463e+03  3.17e-05 5.37e-16  6.02e-07     1s
  13  -4.59988338e+03 -4.59989526e+03  1.32e-06 6.22e-16  1.17e-07     1s
  14  -4.59988435e+03 -4.59988803e+03  3.38e-09 4.44e-16  3.45e-08     1s
  15  -4.59988439e+03 -4.59988560e+03  2.33e-10 5.07e-16  1.13e-08     1s
  16  -4.59988439e+03 -4.59988439e+03  2.78e-13 5.82e-16  1.31e-11     1s

Barrier solved model in 16 iterations and 0.58 seconds
Optimal objective -4.59988439e+03


Root relaxation: objective -4.599884e+03, 44130 iterations, 0.68 seconds

    Nodes    |    Current Node    |     Objective Bounds      |     Work
 Expl Unexpl |  Obj  Depth IntInf | Incumbent    BestBd   Gap | It/Node Time

     0     0 -4599.8844    0  220    0.00000 -4599.8844      -     -    1s
H    0     0                    -4571.671400 -4599.8844  0.62%     -    1s

Explored 0 nodes (59858 simplex iterations) in 1.26 seconds
Thread count was 20 (of 20 available processors)

Solution count 2: -4571.67 0 
Pool objective bound -4599.88

Optimal solution found (tolerance 5.00e-02)
Best objective -4.571671400000e+03, best bound -4.599884393505e+03, gap 0.6171%
Changed value of parameter MIPGap to 0.05
   Prev: 0.0001  Min: 0.0  Max: 1e+100  Default: 0.0001
Changed value of parameter TimeLimit to 1800.0
   Prev: 1e+100  Min: 0.0  Max: 1e+100  Default: 1e+100
Changed value of parameter Method to 2
   Prev: -1  Min: -1  Max: 4  Default: -1
Changed value of parameter MIPFocus to 1
   Prev: 0  Min: 0  Max: 3  Default: 0
Optimize a model with 10182 rows, 53251 columns and 106502 nonzeros
Variable types: 0 continuous, 53251 integer (53251 binary)
Coefficient statistics:
  Matrix range     [1e+00, 2e+01]
  Objective range  [1e+00, 1e+00]
  Bounds range     [1e+00, 1e+00]
  RHS range        [8e+01, 8e+01]
Found heuristic solution: objective 0
Presolve time: 0.15s
Presolved: 10182 rows, 53251 columns, 106502 nonzeros
Variable types: 0 continuous, 53251 integer (53251 binary)
Presolved: 10182 rows, 53251 columns, 106502 nonzeros

Root barrier log...

Ordering time: 0.01s

Barrier statistics:
 AA' NZ     : 5.325e+04
 Factor NZ  : 2.301e+05 (roughly 30 MBytes of memory)
 Factor Ops : 3.798e+07 (less than 1 second per iteration)
 Threads    : 1

                  Objective                Residual
Iter       Primal          Dual         Primal    Dual     Compl     Time
   0  -2.06889198e+04 -4.55550725e+04  6.90e+01 0.00e+00  2.80e+00     0s
   1  -8.58939475e+03 -3.24767589e+04  1.53e+01 8.33e-16  6.59e-01     0s
   2  -4.96436241e+03 -1.42180190e+04  1.43e+00 1.11e-15  1.10e-01     0s
   3  -4.59591730e+03 -5.66510633e+03  6.85e-02 1.33e-15  1.04e-02     0s
   4  -4.61550995e+03 -5.00007356e+03  1.87e-02 6.66e-16  3.69e-03     0s
   5  -4.62208969e+03 -4.75933834e+03  7.98e-03 1.11e-15  1.32e-03     0s
   6  -4.62410275e+03 -4.67849485e+03  5.15e-03 1.78e-15  5.30e-04     0s
   7  -4.62499556e+03 -4.64671861e+03  3.98e-03 8.88e-16  2.20e-04     0s
   8  -4.62641119e+03 -4.63516794e+03  2.26e-03 5.71e-16  9.14e-05     0s
   9  -4.62728439e+03 -4.63041415e+03  1.25e-03 6.66e-16  3.45e-05     0s
  10  -4.62780091e+03 -4.62877653e+03  6.39e-04 4.44e-16  1.18e-05     0s
  11  -4.62807390e+03 -4.62843717e+03  2.71e-04 4.54e-16  4.53e-06     0s
  12  -4.62820801e+03 -4.62832250e+03  9.53e-05 5.06e-16  1.47e-06     1s
  13  -4.62827799e+03 -4.62829946e+03  3.34e-06 5.61e-16  2.15e-07     1s
  14  -4.62828132e+03 -4.62828489e+03  3.44e-08 4.44e-16  3.36e-08     1s
  15  -4.62828144e+03 -4.62828171e+03  1.26e-13 4.44e-16  2.55e-09     1s
  16  -4.62828145e+03 -4.62828145e+03  1.06e-13 4.44e-16  2.55e-12     1s

Barrier solved model in 16 iterations and 0.59 seconds
Optimal objective -4.62828145e+03


Root relaxation: objective -4.628281e+03, 44053 iterations, 0.69 seconds

    Nodes    |    Current Node    |     Objective Bounds      |     Work
 Expl Unexpl |  Obj  Depth IntInf | Incumbent    BestBd   Gap | It/Node Time

     0     0 -4628.2815    0  392    0.00000 -4628.2815      -     -    1s
H    0     0                    -4590.245600 -4628.2815  0.83%     -    1s

Explored 0 nodes (52034 simplex iterations) in 1.24 seconds
Thread count was 20 (of 20 available processors)

Solution count 2: -4590.25 0 
Pool objective bound -4628.28

Optimal solution found (tolerance 5.00e-02)
Best objective -4.590245600000e+03, best bound -4.628281450409e+03, gap 0.8286%
Changed value of parameter MIPGap to 0.05
   Prev: 0.0001  Min: 0.0  Max: 1e+100  Default: 0.0001
Changed value of parameter TimeLimit to 1800.0
   Prev: 1e+100  Min: 0.0  Max: 1e+100  Default: 1e+100
Changed value of parameter Method to 2
   Prev: -1  Min: -1  Max: 4  Default: -1
Changed value of parameter MIPFocus to 1
   Prev: 0  Min: 0  Max: 3  Default: 0
Optimize a model with 10182 rows, 53251 columns and 106502 nonzeros
Variable types: 0 continuous, 53251 integer (53251 binary)
Coefficient statistics:
  Matrix range     [1e+00, 2e+01]
  Objective range  [1e+00, 1e+00]
  Bounds range     [1e+00, 1e+00]
  RHS range        [8e+01, 8e+01]
Found heuristic solution: objective 0
Presolve time: 0.15s
Presolved: 10182 rows, 53251 columns, 106502 nonzeros
Variable types: 0 continuous, 53251 integer (53251 binary)
Presolved: 10182 rows, 53251 columns, 106502 nonzeros

Root barrier log...

Ordering time: 0.01s

Barrier statistics:
 AA' NZ     : 5.325e+04
 Factor NZ  : 2.301e+05 (roughly 30 MBytes of memory)
 Factor Ops : 3.798e+07 (less than 1 second per iteration)
 Threads    : 1

                  Objective                Residual
Iter       Primal          Dual         Primal    Dual     Compl     Time
   0  -2.10121342e+04 -4.57500325e+04  6.90e+01 0.00e+00  2.81e+00     0s
   1  -8.73413144e+03 -3.26390541e+04  1.53e+01 8.88e-16  6.64e-01     0s
   2  -5.05360344e+03 -1.43533250e+04  1.53e+00 1.11e-15  1.12e-01     0s
   3  -4.65135381e+03 -5.76855633e+03  7.24e-02 1.33e-15  1.09e-02     0s
   4  -4.67159052e+03 -4.85371176e+03  2.48e-02 8.88e-16  1.81e-03     0s
   5  -4.67634475e+03 -4.75394707e+03  1.55e-02 4.75e-16  7.92e-04     0s
   6  -4.67846169e+03 -4.71266181e+03  1.16e-02 7.22e-16  3.69e-04     0s
   7  -4.68020737e+03 -4.69743227e+03  8.52e-03 4.44e-16  1.97e-04     0s
   8  -4.68205913e+03 -4.68956047e+03  5.25e-03 8.70e-16  9.21e-05     0s
   9  -4.68346864e+03 -4.68673792e+03  2.85e-03 5.85e-16  4.24e-05     0s
  10  -4.68424194e+03 -4.68542945e+03  1.69e-03 4.44e-16  1.81e-05     0s
  11  -4.68486182e+03 -4.68520637e+03  4.14e-04 8.88e-16  4.94e-06     0s
  12  -4.68503644e+03 -4.68516010e+03  7.25e-05 8.03e-16  1.46e-06     1s
  13  -4.68506816e+03 -4.68509236e+03  1.32e-05 4.44e-16  2.81e-07     1s
  14  -4.68507495e+03 -4.68507730e+03  1.00e-06 8.88e-16  2.62e-08     1s
  15  -4.68507556e+03 -4.68507557e+03  3.34e-13 6.13e-16  2.66e-11     1s

Barrier solved model in 15 iterations and 0.57 seconds
Optimal objective -4.68507556e+03


Root relaxation: objective -4.685076e+03, 44307 iterations, 0.66 seconds

    Nodes    |    Current Node    |     Objective Bounds      |     Work
 Expl Unexpl |  Obj  Depth IntInf | Incumbent    BestBd   Gap | It/Node Time

     0     0 -4685.0756    0  268    0.00000 -4685.0756      -     -    1s
H    0     0                    -4652.532800 -4685.0756  0.70%     -    1s

Explored 0 nodes (56276 simplex iterations) in 1.26 seconds
Thread count was 20 (of 20 available processors)

Solution count 2: -4652.53 0 
Pool objective bound -4685.08

Optimal solution found (tolerance 5.00e-02)
Best objective -4.652532800000e+03, best bound -4.685075564216e+03, gap 0.6995%
Changed value of parameter MIPGap to 0.05
   Prev: 0.0001  Min: 0.0  Max: 1e+100  Default: 0.0001
Changed value of parameter TimeLimit to 1800.0
   Prev: 1e+100  Min: 0.0  Max: 1e+100  Default: 1e+100
Changed value of parameter Method to 2
   Prev: -1  Min: -1  Max: 4  Default: -1
Changed value of parameter MIPFocus to 1
   Prev: 0  Min: 0  Max: 3  Default: 0
Optimize a model with 10182 rows, 53251 columns and 106502 nonzeros
Variable types: 0 continuous, 53251 integer (53251 binary)
Coefficient statistics:
  Matrix range     [1e+00, 2e+01]
  Objective range  [1e+00, 1e+00]
  Bounds range     [1e+00, 1e+00]
  RHS range        [8e+01, 8e+01]
Found heuristic solution: objective 0
Presolve time: 0.15s
Presolved: 10182 rows, 53251 columns, 106502 nonzeros
Variable types: 0 continuous, 53251 integer (53251 binary)
Presolved: 10182 rows, 53251 columns, 106502 nonzeros

Root barrier log...

Ordering time: 0.01s

Barrier statistics:
 AA' NZ     : 5.325e+04
 Factor NZ  : 2.301e+05 (roughly 30 MBytes of memory)
 Factor Ops : 3.798e+07 (less than 1 second per iteration)
 Threads    : 1

                  Objective                Residual
Iter       Primal          Dual         Primal    Dual     Compl     Time
   0  -2.16585472e+04 -4.61488841e+04  6.90e+01 0.00e+00  2.83e+00     0s
   1  -9.02627322e+03 -3.29700008e+04  1.55e+01 8.88e-16  6.73e-01     0s
   2  -5.23398390e+03 -1.46259222e+04  1.73e+00 1.11e-15  1.17e-01     0s
   3  -4.76854548e+03 -6.21267568e+03  9.77e-02 1.55e-15  1.41e-02     0s
   4  -4.78715727e+03 -4.94839195e+03  3.04e-02 4.66e-15  1.64e-03     0s
   5  -4.79100640e+03 -4.87129220e+03  1.98e-02 2.44e-15  8.37e-04     0s
   6  -4.79332806e+03 -4.83198485e+03  1.35e-02 1.11e-14  4.19e-04     0s
   7  -4.79485124e+03 -4.81275400e+03  9.56e-03 6.66e-16  2.08e-04     0s
   8  -4.79622860e+03 -4.80461484e+03  6.05e-03 4.22e-15  1.04e-04     0s
   9  -4.79732196e+03 -4.80087911e+03  3.67e-03 7.11e-15  4.88e-05     0s
  10  -4.79795155e+03 -4.79900858e+03  2.19e-03 5.33e-15  1.92e-05     0s
  11  -4.79831833e+03 -4.79876652e+03  1.09e-03 1.09e-14  8.80e-06     0s
  12  -4.79850130e+03 -4.79871955e+03  5.09e-04 3.11e-15  4.19e-06     1s
  13  -4.79864538e+03 -4.79870407e+03  4.86e-05 2.22e-15  7.54e-07     1s
  14  -4.79866352e+03 -4.79867759e+03  3.73e-08 6.66e-16  1.32e-07     1s
  15  -4.79866373e+03 -4.79866427e+03  1.43e-13 4.44e-16  4.98e-09     1s
  16  -4.79866379e+03 -4.79866379e+03  1.37e-14 6.66e-16  4.98e-12     1s

Barrier solved model in 16 iterations and 0.59 seconds
Optimal objective -4.79866379e+03


Root relaxation: objective -4.798664e+03, 44153 iterations, 0.69 seconds

    Nodes    |    Current Node    |     Objective Bounds      |     Work
 Expl Unexpl |  Obj  Depth IntInf | Incumbent    BestBd   Gap | It/Node Time

     0     0 -4798.6638    0  232    0.00000 -4798.6638      -     -    1s
H    0     0                    -4766.050400 -4798.6638  0.68%     -    1s

Explored 0 nodes (58752 simplex iterations) in 1.31 seconds
Thread count was 20 (of 20 available processors)

Solution count 2: -4766.05 0 
Pool objective bound -4798.66

Optimal solution found (tolerance 5.00e-02)
Best objective -4.766050400000e+03, best bound -4.798663791830e+03, gap 0.6843%
Changed value of parameter MIPGap to 0.05
   Prev: 0.0001  Min: 0.0  Max: 1e+100  Default: 0.0001
Changed value of parameter TimeLimit to 1800.0
   Prev: 1e+100  Min: 0.0  Max: 1e+100  Default: 1e+100
Changed value of parameter Method to 2
   Prev: -1  Min: -1  Max: 4  Default: -1
Changed value of parameter MIPFocus to 1
   Prev: 0  Min: 0  Max: 3  Default: 0
Optimize a model with 10182 rows, 53251 columns and 106502 nonzeros
Variable types: 0 continuous, 53251 integer (53251 binary)
Coefficient statistics:
  Matrix range     [1e+00, 2e+01]
  Objective range  [1e+00, 1e+00]
  Bounds range     [1e+00, 1e+00]
  RHS range        [8e+01, 8e+01]
Found heuristic solution: objective 0
Presolve time: 0.15s
Presolved: 10182 rows, 53251 columns, 106502 nonzeros
Variable types: 0 continuous, 53251 integer (53251 binary)
Presolved: 10182 rows, 53251 columns, 106502 nonzeros

Root barrier log...

Ordering time: 0.01s

Barrier statistics:
 AA' NZ     : 5.325e+04
 Factor NZ  : 2.301e+05 (roughly 30 MBytes of memory)
 Factor Ops : 3.798e+07 (less than 1 second per iteration)
 Threads    : 1

                  Objective                Residual
Iter       Primal          Dual         Primal    Dual     Compl     Time
   0  -2.19817472e+04 -4.63584379e+04  6.90e+01 0.00e+00  2.84e+00     0s
   1  -9.17342778e+03 -3.31423917e+04  1.56e+01 8.88e-16  6.78e-01     0s
   2  -5.32444114e+03 -1.47730076e+04  1.82e+00 9.44e-16  1.19e-01     0s
   3  -4.81905078e+03 -6.15550743e+03  8.45e-02 1.55e-15  1.30e-02     0s
   4  -4.84252390e+03 -5.14127068e+03  2.21e-02 8.88e-16  2.90e-03     0s
   5  -4.84801312e+03 -4.98491235e+03  1.19e-02 1.55e-15  1.33e-03     0s
   6  -4.85058344e+03 -4.90195216e+03  7.38e-03 1.11e-15  5.12e-04     0s
   7  -4.85252839e+03 -4.87375715e+03  4.38e-03 1.11e-15  2.17e-04     0s
   8  -4.85291368e+03 -4.86757061e+03  3.76e-03 8.88e-16  1.53e-04     0s
   9  -4.85409267e+03 -4.86034242e+03  1.98e-03 1.55e-15  6.69e-05     0s
  10  -4.85477864e+03 -4.85619237e+03  1.16e-03 2.00e-15  1.82e-05     0s
  11  -4.85514187e+03 -4.85557985e+03  5.40e-04 3.77e-15  6.41e-06     0s
  12  -4.85530633e+03 -4.85551692e+03  2.56e-04 3.77e-15  3.07e-06     1s
  13  -4.85543305e+03 -4.85549611e+03  4.04e-05 2.00e-15  7.63e-07     1s
  14  -4.85545745e+03 -4.85547163e+03  4.57e-07 1.33e-15  1.35e-07     1s
  15  -4.85545788e+03 -4.85545827e+03  9.48e-14 6.66e-16  3.67e-09     1s
  16  -4.85545791e+03 -4.85545791e+03  9.21e-15 5.55e-16  3.67e-12     1s

Barrier solved model in 16 iterations and 0.58 seconds
Optimal objective -4.85545791e+03


Root relaxation: objective -4.855458e+03, 44198 iterations, 0.69 seconds

    Nodes    |    Current Node    |     Objective Bounds      |     Work
 Expl Unexpl |  Obj  Depth IntInf | Incumbent    BestBd   Gap | It/Node Time

     0     0 -4855.4579    0  210    0.00000 -4855.4579      -     -    1s
H    0     0                    -4824.965000 -4855.4579  0.63%     -    1s

Explored 0 nodes (58721 simplex iterations) in 1.31 seconds
Thread count was 20 (of 20 available processors)

Solution count 2: -4824.96 0 
Pool objective bound -4855.46

Optimal solution found (tolerance 5.00e-02)
Best objective -4.824965000000e+03, best bound -4.855457905637e+03, gap 0.6320%
Changed value of parameter MIPGap to 0.05
   Prev: 0.0001  Min: 0.0  Max: 1e+100  Default: 0.0001
Changed value of parameter TimeLimit to 1800.0
   Prev: 1e+100  Min: 0.0  Max: 1e+100  Default: 1e+100
Changed value of parameter Method to 2
   Prev: -1  Min: -1  Max: 4  Default: -1
Changed value of parameter MIPFocus to 1
   Prev: 0  Min: 0  Max: 3  Default: 0
Optimize a model with 10182 rows, 53251 columns and 106502 nonzeros
Variable types: 0 continuous, 53251 integer (53251 binary)
Coefficient statistics:
  Matrix range     [1e+00, 2e+01]
  Objective range  [1e+00, 2e+00]
  Bounds range     [1e+00, 1e+00]
  RHS range        [8e+01, 8e+01]
Found heuristic solution: objective 0
Presolve time: 0.15s
Presolved: 10182 rows, 53251 columns, 106502 nonzeros
Variable types: 0 continuous, 53251 integer (53251 binary)
Presolved: 10182 rows, 53251 columns, 106502 nonzeros

Root barrier log...

Ordering time: 0.01s

Barrier statistics:
 AA' NZ     : 5.325e+04
 Factor NZ  : 2.301e+05 (roughly 30 MBytes of memory)
 Factor Ops : 3.798e+07 (less than 1 second per iteration)
 Threads    : 1

                  Objective                Residual
Iter       Primal          Dual         Primal    Dual     Compl     Time
   0  -2.35992396e+04 -5.45165973e+04  6.90e+01 0.00e+00  3.37e+00     0s
   1  -9.76964240e+03 -3.87402244e+04  1.57e+01 8.88e-16  8.09e-01     0s
   2  -5.91050061e+03 -1.80819722e+04  2.63e+00 1.11e-15  1.68e-01     0s
   3  -5.09617216e+03 -7.40158158e+03  1.29e-01 1.78e-15  2.26e-02     0s
   4  -5.12338321e+03 -5.41880892e+03  2.54e-02 7.11e-15  2.89e-03     0s
   5  -5.13126425e+03 -5.24663446e+03  1.19e-02 5.33e-15  1.13e-03     0s
   6  -5.13331911e+03 -5.18713867e+03  8.75e-03 2.22e-15  5.43e-04     0s
   7  -5.13466862e+03 -5.16030445e+03  6.75e-03 8.66e-16  2.70e-04     0s
   8  -5.13661115e+03 -5.14841977e+03  3.97e-03 1.55e-15  1.28e-04     0s
   9  -5.13744640e+03 -5.14169576e+03  2.74e-03 1.11e-15  5.21e-05     0s
  10  -5.13872868e+03 -5.14003922e+03  1.20e-03 1.11e-15  1.77e-05     0s
  11  -5.13914963e+03 -5.13957187e+03  4.56e-04 5.75e-16  6.01e-06     0s
  12  -5.13926775e+03 -5.13950785e+03  2.62e-04 6.66e-16  3.43e-06     1s
  13  -5.13941623e+03 -5.13946213e+03  1.74e-05 1.11e-15  5.08e-07     1s
  14  -5.13942762e+03 -5.13943413e+03  2.39e-06 2.89e-15  7.17e-08     1s
  15  -5.13942952e+03 -5.13942954e+03  1.25e-13 1.55e-15  1.62e-10     1s

Barrier solved model in 15 iterations and 0.56 seconds
Optimal objective -5.13942952e+03


Root relaxation: objective -5.139430e+03, 44349 iterations, 0.67 seconds

    Nodes    |    Current Node    |     Objective Bounds      |     Work
 Expl Unexpl |  Obj  Depth IntInf | Incumbent    BestBd   Gap | It/Node Time

     0     0 -5139.4295    0  253    0.00000 -5139.4295      -     -    1s
H    0     0                    -5086.128000 -5139.4295  1.05%     -    1s

Explored 0 nodes (56290 simplex iterations) in 1.26 seconds
Thread count was 20 (of 20 available processors)

Solution count 2: -5086.13 0 
Pool objective bound -5139.43

Optimal solution found (tolerance 5.00e-02)
Best objective -5.086128000000e+03, best bound -5.139429524510e+03, gap 1.0480%
Changed value of parameter MIPGap to 0.05
   Prev: 0.0001  Min: 0.0  Max: 1e+100  Default: 0.0001
Changed value of parameter TimeLimit to 1800.0
   Prev: 1e+100  Min: 0.0  Max: 1e+100  Default: 1e+100
Changed value of parameter Method to 2
   Prev: -1  Min: -1  Max: 4  Default: -1
Changed value of parameter MIPFocus to 1
   Prev: 0  Min: 0  Max: 3  Default: 0
Optimize a model with 10182 rows, 53251 columns and 106502 nonzeros
Variable types: 0 continuous, 53251 integer (53251 binary)
Coefficient statistics:
  Matrix range     [1e+00, 2e+01]
  Objective range  [1e+00, 3e+00]
  Bounds range     [1e+00, 1e+00]
  RHS range        [8e+01, 8e+01]
Found heuristic solution: objective 0
Presolve time: 0.15s
Presolved: 10182 rows, 53251 columns, 106502 nonzeros
Variable types: 0 continuous, 53251 integer (53251 binary)
Presolved: 10182 rows, 53251 columns, 106502 nonzeros

Root barrier log...

Ordering time: 0.01s

Barrier statistics:
 AA' NZ     : 5.325e+04
 Factor NZ  : 2.301e+05 (roughly 30 MBytes of memory)
 Factor Ops : 3.798e+07 (less than 1 second per iteration)
 Threads    : 1

                  Objective                Residual
Iter       Primal          Dual         Primal    Dual     Compl     Time
   0  -2.68355186e+04 -8.13905728e+04  6.90e+01 0.00e+00  5.18e+00     0s
   1  -1.09014752e+04 -5.69934481e+04  1.57e+01 1.33e-15  1.24e+00     0s
   2  -6.57989382e+03 -2.56312526e+04  2.72e+00 1.33e-15  2.61e-01     0s
   3  -5.62323065e+03 -8.76967305e+03  1.07e-01 2.22e-15  3.05e-02     0s
   4  -5.68494618e+03 -6.17046995e+03  1.47e-02 1.60e-14  4.62e-03     0s
   5  -5.69662660e+03 -5.87472877e+03  5.97e-03 5.33e-15  1.70e-03     0s
   6  -5.70066300e+03 -5.78314428e+03  3.48e-03 1.33e-15  7.89e-04     0s
   7  -5.70311089e+03 -5.73202569e+03  2.17e-03 8.88e-16  2.81e-04     0s
   8  -5.70435068e+03 -5.72013378e+03  1.55e-03 1.33e-15  1.55e-04     0s
   9  -5.70573047e+03 -5.71287952e+03  9.35e-04 8.88e-16  7.16e-05     0s
  10  -5.70651751e+03 -5.70863970e+03  5.56e-04 8.88e-16  2.27e-05     0s
  11  -5.70697053e+03 -5.70785860e+03  3.29e-04 8.88e-16  9.97e-06     0s
  12  -5.70719052e+03 -5.70766812e+03  2.01e-04 8.07e-16  5.49e-06     1s
  13  -5.70741354e+03 -5.70759985e+03  7.29e-05 2.22e-15  2.11e-06     1s
  14  -5.70746349e+03 -5.70757621e+03  4.41e-05 1.78e-15  1.28e-06     1s
  15  -5.70754039e+03 -5.70754487e+03  8.55e-07 9.24e-16  4.62e-08     1s
  16  -5.70754206e+03 -5.70754213e+03  3.16e-13 1.78e-15  6.27e-10     1s
  17  -5.70754207e+03 -5.70754207e+03  3.43e-13 8.88e-16  6.37e-13     1s

Barrier solved model in 17 iterations and 0.61 seconds
Optimal objective -5.70754207e+03


Root relaxation: objective -5.707542e+03, 43894 iterations, 0.74 seconds

    Nodes    |    Current Node    |     Objective Bounds      |     Work
 Expl Unexpl |  Obj  Depth IntInf | Incumbent    BestBd   Gap | It/Node Time

     0     0 -5707.5421    0  274    0.00000 -5707.5421      -     -    1s
H    0     0                    -5650.172000 -5707.5421  1.02%     -    1s

Explored 0 nodes (57149 simplex iterations) in 1.30 seconds
Thread count was 20 (of 20 available processors)

Solution count 2: -5650.17 0 
Pool objective bound -5707.54

Optimal solution found (tolerance 5.00e-02)
Best objective -5.650172000000e+03, best bound -5.707542065359e+03, gap 1.0154%
Changed value of parameter MIPGap to 0.05
   Prev: 0.0001  Min: 0.0  Max: 1e+100  Default: 0.0001
Changed value of parameter TimeLimit to 1800.0
   Prev: 1e+100  Min: 0.0  Max: 1e+100  Default: 1e+100
Changed value of parameter Method to 2
   Prev: -1  Min: -1  Max: 4  Default: -1
Changed value of parameter MIPFocus to 1
   Prev: 0  Min: 0  Max: 3  Default: 0
Optimize a model with 10182 rows, 53251 columns and 106502 nonzeros
Variable types: 0 continuous, 53251 integer (53251 binary)
Coefficient statistics:
  Matrix range     [1e+00, 2e+01]
  Objective range  [1e+00, 4e+00]
  Bounds range     [1e+00, 1e+00]
  RHS range        [8e+01, 8e+01]
Found heuristic solution: objective 0
Presolve time: 0.15s
Presolved: 10182 rows, 53251 columns, 106502 nonzeros
Variable types: 0 continuous, 53251 integer (53251 binary)
Presolved: 10182 rows, 53251 columns, 106502 nonzeros

Root barrier log...

Ordering time: 0.01s

Barrier statistics:
 AA' NZ     : 5.325e+04
 Factor NZ  : 2.301e+05 (roughly 30 MBytes of memory)
 Factor Ops : 3.798e+07 (less than 1 second per iteration)
 Threads    : 1

                  Objective                Residual
Iter       Primal          Dual         Primal    Dual     Compl     Time
   0  -3.33066935e+04 -1.36728665e+05  6.90e+01 4.44e-16  8.90e+00     0s
   1  -1.32655109e+04 -9.47012446e+04  1.57e+01 2.89e-15  2.12e+00     0s
   2  -7.85017776e+03 -4.08846789e+04  2.54e+00 2.22e-15  4.37e-01     0s
   3  -6.72110118e+03 -1.14487178e+04  2.28e-02 3.55e-15  4.45e-02     0s
   4  -6.82451028e+03 -7.61745747e+03  4.53e-03 3.55e-15  7.45e-03     0s
   5  -6.85850160e+03 -7.20480464e+03  2.87e-03 1.78e-15  3.26e-03     0s
   6  -6.88186107e+03 -7.06271494e+03  1.86e-03 1.78e-15  1.70e-03     0s
   7  -6.89563234e+03 -7.00266514e+03  1.30e-03 1.11e-15  1.01e-03     0s
   8  -6.89972627e+03 -6.97522326e+03  1.12e-03 1.78e-15  7.13e-04     0s
   9  -6.90420190e+03 -6.95476437e+03  9.33e-04 1.78e-15  4.79e-04     0s
  10  -6.90794559e+03 -6.93968635e+03  7.84e-04 1.78e-15  3.02e-04     0s
  11  -6.91258286e+03 -6.93352115e+03  5.81e-04 9.09e-16  2.00e-04     0s
  12  -6.91503488e+03 -6.93040303e+03  4.67e-04 1.78e-15  1.47e-04     1s
  13  -6.91700953e+03 -6.92880072e+03  3.75e-04 1.78e-15  1.13e-04     1s
  14  -6.91743355e+03 -6.92804015e+03  3.56e-04 9.63e-16  1.01e-04     1s
  15  -6.91912001e+03 -6.92679983e+03  2.84e-04 8.91e-16  7.36e-05     1s
  16  -6.92164206e+03 -6.92582691e+03  1.70e-04 8.88e-16  4.02e-05     1s
  17  -6.92206540e+03 -6.92553893e+03  1.51e-04 9.52e-16  3.34e-05     1s
  18  -6.92304205e+03 -6.92548148e+03  1.02e-04 8.88e-16  2.35e-05     1s
  19  -6.92330600e+03 -6.92536534e+03  8.88e-05 1.10e-15  1.98e-05     1s
  20  -6.92406244e+03 -6.92526198e+03  5.12e-05 8.88e-16  1.15e-05     1s
  21  -6.92472329e+03 -6.92514698e+03  1.87e-05 1.78e-15  4.08e-06     1s
  22  -6.92500682e+03 -6.92511318e+03  4.67e-06 1.78e-15  1.02e-06     1s
  23  -6.92510140e+03 -6.92510732e+03  5.57e-08 8.88e-16  5.57e-08     1s
  24  -6.92510293e+03 -6.92510316e+03  1.22e-09 1.78e-15  2.18e-09     1s
  25  -6.92510298e+03 -6.92510298e+03  5.28e-13 1.78e-15  1.18e-13     1s

Barrier solved model in 25 iterations and 0.78 seconds
Optimal objective -6.92510298e+03


Root relaxation: objective -6.925103e+03, 43246 iterations, 0.93 seconds

    Nodes    |    Current Node    |     Objective Bounds      |     Work
 Expl Unexpl |  Obj  Depth IntInf | Incumbent    BestBd   Gap | It/Node Time

     0     0 -6925.1030    0  436    0.00000 -6925.1030      -     -    1s
H    0     0                    -6820.016000 -6925.1030  1.54%     -    1s

Explored 0 nodes (54003 simplex iterations) in 1.56 seconds
Thread count was 20 (of 20 available processors)

Solution count 2: -6820.02 0 
Pool objective bound -6925.1

Optimal solution found (tolerance 5.00e-02)
Best objective -6.820016000000e+03, best bound -6.925102977124e+03, gap 1.5409%
Changed value of parameter MIPGap to 0.05
   Prev: 0.0001  Min: 0.0  Max: 1e+100  Default: 0.0001
Changed value of parameter TimeLimit to 1800.0
   Prev: 1e+100  Min: 0.0  Max: 1e+100  Default: 1e+100
Changed value of parameter Method to 2
   Prev: -1  Min: -1  Max: 4  Default: -1
Changed value of parameter MIPFocus to 1
   Prev: 0  Min: 0  Max: 3  Default: 0
Optimize a model with 10182 rows, 53251 columns and 106502 nonzeros
Variable types: 0 continuous, 53251 integer (53251 binary)
Coefficient statistics:
  Matrix range     [1e+00, 2e+01]
  Objective range  [1e+00, 5e+00]
  Bounds range     [1e+00, 1e+00]
  RHS range        [8e+01, 8e+01]
Found heuristic solution: objective 0
Presolve time: 0.15s
Presolved: 10182 rows, 53251 columns, 106502 nonzeros
Variable types: 0 continuous, 53251 integer (53251 binary)
Presolved: 10182 rows, 53251 columns, 106502 nonzeros

Root barrier log...

Ordering time: 0.01s

Barrier statistics:
 AA' NZ     : 5.325e+04
 Factor NZ  : 2.301e+05 (roughly 30 MBytes of memory)
 Factor Ops : 3.798e+07 (less than 1 second per iteration)
 Threads    : 1

                  Objective                Residual
Iter       Primal          Dual         Primal    Dual     Compl     Time
   0  -3.65420591e+04 -1.65058352e+05  6.90e+01 6.66e-16  1.08e+01     0s
   1  -1.44756997e+04 -1.14050344e+05  1.57e+01 3.55e-15  2.58e+00     0s
   2  -8.49601903e+03 -4.86081362e+04  2.46e+00 2.66e-15  5.24e-01     0s
   3  -7.39675745e+03 -1.61144525e+04  2.15e-01 3.55e-15  8.57e-02     0s
   4  -7.41469221e+03 -8.89327408e+03  1.34e-02 2.11e-15  1.39e-02     0s
   5  -7.46639421e+03 -8.03415909e+03  7.84e-03 1.78e-15  5.37e-03     0s
   6  -7.49121464e+03 -7.74637364e+03  5.26e-03 1.78e-15  2.42e-03     0s
   7  -7.50051122e+03 -7.62889661e+03  4.33e-03 1.78e-15  1.23e-03     0s
   8  -7.50783392e+03 -7.60785573e+03  3.59e-03 1.78e-15  9.59e-04     0s
   9  -7.51418561e+03 -7.57916690e+03  2.95e-03 1.78e-15  6.27e-04     0s
  10  -7.52141176e+03 -7.56402148e+03  2.26e-03 1.29e-15  4.13e-04     0s
  11  -7.52574257e+03 -7.55742385e+03  1.85e-03 1.21e-15  3.08e-04     0s
  12  -7.52816185e+03 -7.55497004e+03  1.60e-03 1.97e-15  2.61e-04     1s
  13  -7.52971525e+03 -7.55224492e+03  1.45e-03 1.99e-15  2.20e-04     1s
  14  -7.53183247e+03 -7.55049571e+03  1.23e-03 1.78e-15  1.83e-04     1s
  15  -7.53383836e+03 -7.54790317e+03  1.04e-03 1.78e-15  1.38e-04     1s
  16  -7.53678163e+03 -7.54591698e+03  7.40e-04 1.78e-15  9.03e-05     1s
  17  -7.53787952e+03 -7.54520170e+03  6.31e-04 1.09e-15  7.26e-05     1s
  18  -7.53846753e+03 -7.54508759e+03  5.69e-04 1.78e-15  6.56e-05     1s
  19  -7.53977636e+03 -7.54474500e+03  4.33e-04 1.05e-15  4.93e-05     1s
  20  -7.54075516e+03 -7.54447826e+03  3.32e-04 1.78e-15  3.70e-05     1s
  21  -7.54117959e+03 -7.54418208e+03  2.88e-04 1.78e-15  3.00e-05     1s
  22  -7.54171323e+03 -7.54404460e+03  2.32e-04 1.09e-15  2.33e-05     1s
  23  -7.54243034e+03 -7.54404589e+03  1.60e-04 1.78e-15  1.62e-05     1s
  24  -7.54317181e+03 -7.54402282e+03  8.30e-05 1.78e-15  8.50e-06     1s
  25  -7.54335289e+03 -7.54402058e+03  6.42e-05 1.78e-15  6.66e-06     1s
  26  -7.54367846e+03 -7.54399976e+03  3.02e-05 1.78e-15  3.20e-06     1s
  27  -7.54397099e+03 -7.54397207e+03  6.99e-08 1.78e-15  1.05e-08     1s
  28  -7.54397200e+03 -7.54397200e+03  9.13e-12 1.78e-15  1.05e-11     1s

Barrier solved model in 28 iterations and 0.84 seconds
Optimal objective -7.54397200e+03


Root relaxation: objective -7.543972e+03, 43278 iterations, 0.89 seconds

    Nodes    |    Current Node    |     Objective Bounds      |     Work
 Expl Unexpl |  Obj  Depth IntInf | Incumbent    BestBd   Gap | It/Node Time

     0     0 -7543.9720    0  261    0.00000 -7543.9720      -     -    1s
H    0     0                    -7463.910000 -7543.9720  1.07%     -    1s

Explored 0 nodes (60505 simplex iterations) in 1.52 seconds
Thread count was 20 (of 20 available processors)

Solution count 2: -7463.91 0 
Pool objective bound -7543.97

Optimal solution found (tolerance 5.00e-02)
Best objective -7.463910000000e+03, best bound -7.543970000000e+03, gap 1.0726%
Changed value of parameter MIPGap to 0.05
   Prev: 0.0001  Min: 0.0  Max: 1e+100  Default: 0.0001
Changed value of parameter TimeLimit to 1800.0
   Prev: 1e+100  Min: 0.0  Max: 1e+100  Default: 1e+100
Changed value of parameter Method to 2
   Prev: -1  Min: -1  Max: 4  Default: -1
Changed value of parameter MIPFocus to 1
   Prev: 0  Min: 0  Max: 3  Default: 0
Optimize a model with 10182 rows, 53251 columns and 106502 nonzeros
Variable types: 0 continuous, 53251 integer (53251 binary)
Coefficient statistics:
  Matrix range     [1e+00, 2e+01]
  Objective range  [1e+00, 9e+00]
  Bounds range     [1e+00, 1e+00]
  RHS range        [8e+01, 8e+01]
Found heuristic solution: objective 0
Presolve time: 0.15s
Presolved: 10182 rows, 53251 columns, 106502 nonzeros
Variable types: 0 continuous, 53251 integer (53251 binary)
Presolved: 10182 rows, 53251 columns, 106502 nonzeros

Root barrier log...

Ordering time: 0.01s

Barrier statistics:
 AA' NZ     : 5.325e+04
 Factor NZ  : 2.301e+05 (roughly 30 MBytes of memory)
 Factor Ops : 3.798e+07 (less than 1 second per iteration)
 Threads    : 1

                  Objective                Residual
Iter       Primal          Dual         Primal    Dual     Compl     Time
   0  -5.27181947e+04 -3.08165225e+05  6.90e+01 1.33e-15  2.04e+01     0s
   1  -2.06926996e+04 -2.11756982e+05  1.59e+01 5.33e-15  4.91e+00     0s
   2  -1.18258177e+04 -8.86014548e+04  2.26e+00 5.77e-15  9.75e-01     0s
   3  -1.02645331e+04 -2.61902040e+04  6.11e-05 8.88e-15  1.49e-01     0s
   4  -1.04568639e+04 -1.34139767e+04  1.60e-05 3.55e-15  2.76e-02     0s
   5  -1.05288831e+04 -1.17785177e+04  9.44e-06 2.09e-15  1.17e-02     0s
   6  -1.05916716e+04 -1.11639886e+04  3.83e-06 3.55e-15  5.35e-03     0s
   7  -1.06105178e+04 -1.08776500e+04  2.56e-06 3.55e-15  2.50e-03     0s
   8  -1.06175758e+04 -1.07963183e+04  2.15e-06 1.78e-15  1.67e-03     0s
   9  -1.06242928e+04 -1.07402462e+04  1.78e-06 3.55e-15  1.08e-03     0s
  10  -1.06317303e+04 -1.07138762e+04  1.37e-06 1.78e-15  7.68e-04     0s
  11  -1.06374882e+04 -1.06926541e+04  1.06e-06 3.55e-15  5.16e-04     0s
  12  -1.06417607e+04 -1.06779320e+04  8.34e-07 3.55e-15  3.38e-04     1s
  13  -1.06447173e+04 -1.06726176e+04  6.83e-07 3.55e-15  2.61e-04     1s
  14  -1.06466310e+04 -1.06669402e+04  5.88e-07 3.55e-15  1.90e-04     1s
  15  -1.06474738e+04 -1.06649256e+04  5.45e-07 3.55e-15  1.63e-04     1s
  16  -1.06496833e+04 -1.06635671e+04  4.32e-07 1.78e-15  1.30e-04     1s
  17  -1.06524799e+04 -1.06620758e+04  3.03e-07 1.78e-15  8.97e-05     1s
  18  -1.06535793e+04 -1.06599679e+04  2.44e-07 3.55e-15  5.97e-05     1s
  19  -1.06541990e+04 -1.06595223e+04  2.11e-07 1.78e-15  4.98e-05     1s
  20  -1.06546245e+04 -1.06590230e+04  1.89e-07 3.55e-15  4.11e-05     1s
  21  -1.06555313e+04 -1.06587853e+04  1.41e-07 3.55e-15  3.04e-05     1s
  22  -1.06556280e+04 -1.06585603e+04  1.36e-07 3.55e-15  2.74e-05     1s
  23  -1.06564773e+04 -1.06584129e+04  9.08e-08 3.55e-15  1.81e-05     1s
  24  -1.06567889e+04 -1.06582912e+04  7.42e-08 3.55e-15  1.40e-05     1s
  25  -1.06570578e+04 -1.06582587e+04  5.99e-08 3.55e-15  1.12e-05     1s
  26  -1.06571989e+04 -1.06582465e+04  5.24e-08 3.55e-15  9.79e-06     1s
  27  -1.06578211e+04 -1.06582377e+04  1.92e-08 3.55e-15  3.89e-06     1s
  28  -1.06581686e+04 -1.06582087e+04  1.07e-09 3.55e-15  3.74e-07     1s
  29  -1.06581903e+04 -1.06581910e+04  2.94e-12 3.55e-15  6.13e-09     1s
  30  -1.06581904e+04 -1.06581904e+04  7.58e-12 5.33e-15  1.33e-11     1s

Barrier solved model in 30 iterations and 0.89 seconds
Optimal objective -1.06581904e+04


Root relaxation: objective -1.065819e+04, 42230 iterations, 0.93 seconds

    Nodes    |    Current Node    |     Objective Bounds      |     Work
 Expl Unexpl |  Obj  Depth IntInf | Incumbent    BestBd   Gap | It/Node Time

     0     0 -10658.190    0  359    0.00000 -10658.190      -     -    1s
H    0     0                    -10507.78000 -10658.190  1.43%     -    1s

Explored 0 nodes (54306 simplex iterations) in 1.54 seconds
Thread count was 20 (of 20 available processors)

Solution count 2: -10507.8 0 
Pool objective bound -10658.2

Optimal solution found (tolerance 5.00e-02)
Best objective -1.050778000000e+04, best bound -1.065818000000e+04, gap 1.4313%
Changed value of parameter MIPGap to 0.05
   Prev: 0.0001  Min: 0.0  Max: 1e+100  Default: 0.0001
Changed value of parameter TimeLimit to 1800.0
   Prev: 1e+100  Min: 0.0  Max: 1e+100  Default: 1e+100
Changed value of parameter Method to 2
   Prev: -1  Min: -1  Max: 4  Default: -1
Changed value of parameter MIPFocus to 1
   Prev: 0  Min: 0  Max: 3  Default: 0
Optimize a model with 10182 rows, 53251 columns and 106502 nonzeros
Variable types: 0 continuous, 53251 integer (53251 binary)
Coefficient statistics:
  Matrix range     [1e+00, 2e+01]
  Objective range  [1e+00, 2e+01]
  Bounds range     [1e+00, 1e+00]
  RHS range        [8e+01, 8e+01]
Found heuristic solution: objective 0
Presolve time: 0.15s
Presolved: 10182 rows, 53251 columns, 106502 nonzeros
Variable types: 0 continuous, 53251 integer (53251 binary)
Presolved: 10182 rows, 53251 columns, 106502 nonzeros

Root barrier log...

Ordering time: 0.01s

Barrier statistics:
 AA' NZ     : 5.325e+04
 Factor NZ  : 2.301e+05 (roughly 30 MBytes of memory)
 Factor Ops : 3.798e+07 (less than 1 second per iteration)
 Threads    : 1

                  Objective                Residual
Iter       Primal          Dual         Primal    Dual     Compl     Time
   0  -8.50695773e+04 -5.94378972e+05  6.90e+01 2.66e-15  3.97e+01     0s
   1  -3.32004837e+04 -4.07192554e+05  1.60e+01 1.11e-14  9.59e+00     0s
   2  -1.86264361e+04 -1.70011839e+05  2.16e+00 1.11e-14  1.89e+00     0s
   3  -1.64070670e+04 -6.24968504e+04  7.60e-02 1.42e-14  4.37e-01     0s
   4  -1.66830085e+04 -2.41022326e+04  1.28e-02 7.11e-15  6.97e-02     0s
   5  -1.68550329e+04 -2.08378586e+04  5.79e-03 7.11e-15  3.73e-02     0s
   6  -1.69775023e+04 -1.92339346e+04  3.49e-03 3.67e-15  2.12e-02     0s
   7  -1.70237982e+04 -1.87172517e+04  2.78e-03 3.55e-15  1.59e-02     0s
   8  -1.70656175e+04 -1.83482580e+04  2.27e-03 7.11e-15  1.20e-02     0s
   9  -1.70791374e+04 -1.80650803e+04  2.10e-03 3.55e-15  9.25e-03     0s
  10  -1.71054654e+04 -1.78967483e+04  1.81e-03 3.71e-15  7.43e-03     0s
  11  -1.71466033e+04 -1.76941036e+04  1.35e-03 3.55e-15  5.14e-03     0s
  12  -1.71764996e+04 -1.76050570e+04  1.04e-03 3.55e-15  4.02e-03     1s
  13  -1.71957969e+04 -1.75187644e+04  8.42e-04 3.65e-15  3.03e-03     1s
  14  -1.72274696e+04 -1.74324523e+04  5.27e-04 7.11e-15  1.92e-03     1s
  15  -1.72372524e+04 -1.73759794e+04  4.30e-04 7.11e-15  1.30e-03     1s
  16  -1.72486895e+04 -1.73363376e+04  3.27e-04 3.55e-15  8.24e-04     1s
  17  -1.72579971e+04 -1.73156367e+04  2.52e-04 3.55e-15  5.43e-04     1s
  18  -1.72654247e+04 -1.73002671e+04  1.82e-04 3.55e-15  3.29e-04     1s
  19  -1.72697373e+04 -1.72942842e+04  1.38e-04 7.11e-15  2.32e-04     1s
  20  -1.72720829e+04 -1.72917582e+04  1.14e-04 3.55e-15  1.86e-04     1s
  21  -1.72735716e+04 -1.72901689e+04  9.89e-05 4.50e-15  1.57e-04     1s
  22  -1.72779322e+04 -1.72872811e+04  5.50e-05 3.55e-15  8.83e-05     1s
  23  -1.72800003e+04 -1.72845800e+04  3.45e-05 7.11e-15  4.34e-05     1s
  24  -1.72822608e+04 -1.72839363e+04  1.22e-05 7.11e-15  1.59e-05     1s
  25  -1.72830356e+04 -1.72836745e+04  4.81e-06 7.11e-15  6.05e-06     1s
  26  -1.72834198e+04 -1.72835738e+04  1.14e-06 3.55e-15  1.46e-06     1s
  27  -1.72835373e+04 -1.72835521e+04  8.91e-08 3.55e-15  1.40e-07     1s
  28  -1.72835473e+04 -1.72835473e+04  5.33e-13 7.11e-15  1.44e-10     1s

Barrier solved model in 28 iterations and 0.84 seconds
Optimal objective -1.72835473e+04


Root relaxation: objective -1.728355e+04, 37679 iterations, 0.90 seconds

    Nodes    |    Current Node    |     Objective Bounds      |     Work
 Expl Unexpl |  Obj  Depth IntInf | Incumbent    BestBd   Gap | It/Node Time

     0     0 -17283.547    0  318    0.00000 -17283.547      -     -    1s
H    0     0                    -17088.80000 -17283.547  1.14%     -    1s

Explored 0 nodes (56001 simplex iterations) in 1.58 seconds
Thread count was 20 (of 20 available processors)

Solution count 2: -17088.8 0 
Pool objective bound -17283.5

Optimal solution found (tolerance 5.00e-02)
Best objective -1.708880000000e+04, best bound -1.728352000000e+04, gap 1.1395%
Changed value of parameter MIPGap to 0.05
   Prev: 0.0001  Min: 0.0  Max: 1e+100  Default: 0.0001
Changed value of parameter TimeLimit to 1800.0
   Prev: 1e+100  Min: 0.0  Max: 1e+100  Default: 1e+100
Changed value of parameter Method to 2
   Prev: -1  Min: -1  Max: 4  Default: -1
Changed value of parameter MIPFocus to 1
   Prev: 0  Min: 0  Max: 3  Default: 0
Optimize a model with 10182 rows, 53251 columns and 106502 nonzeros
Variable types: 0 continuous, 53251 integer (53251 binary)
Coefficient statistics:
  Matrix range     [1e+00, 2e+01]
  Objective range  [1e+00, 3e+01]
  Bounds range     [1e+00, 1e+00]
  RHS range        [8e+01, 8e+01]
Found heuristic solution: objective 0
Presolve time: 0.15s
Presolved: 10182 rows, 53251 columns, 106502 nonzeros
Variable types: 0 continuous, 53251 integer (53251 binary)
Presolved: 10182 rows, 53251 columns, 106502 nonzeros

Root barrier log...

Ordering time: 0.01s

Barrier statistics:
 AA' NZ     : 5.325e+04
 Factor NZ  : 2.301e+05 (roughly 30 MBytes of memory)
 Factor Ops : 3.798e+07 (less than 1 second per iteration)
 Threads    : 1

                  Objective                Residual
Iter       Primal          Dual         Primal    Dual     Compl     Time
   0  -1.49771851e+05 -1.16680646e+06  6.90e+01 5.33e-15  7.82e+01     0s
   1  -5.82317855e+04 -7.98088692e+05  1.61e+01 2.13e-14  1.89e+01     0s
   2  -3.29371951e+04 -3.43745495e+05  2.41e+00 1.87e-14  3.96e+00     0s
   3  -2.85984883e+04 -9.41323374e+04  2.09e-02 2.84e-14  6.15e-01     0s
   4  -2.92062238e+04 -5.19429853e+04  8.32e-03 1.42e-14  2.13e-01     0s
   5  -2.94304519e+04 -4.18018762e+04  6.06e-03 8.59e-15  1.16e-01     0s
   6  -2.96918583e+04 -3.82662479e+04  4.26e-03 7.47e-15  8.03e-02     0s
   7  -2.99845688e+04 -3.52485764e+04  2.77e-03 7.11e-15  4.93e-02     0s
   8  -3.01098097e+04 -3.39956570e+04  2.30e-03 1.42e-14  3.64e-02     0s
   9  -3.02377272e+04 -3.31944600e+04  1.92e-03 7.11e-15  2.77e-02     0s
  10  -3.03845656e+04 -3.25754123e+04  1.44e-03 7.61e-15  2.05e-02     0s
  11  -3.04825257e+04 -3.21742049e+04  1.15e-03 7.11e-15  1.58e-02     0s
  12  -3.05172487e+04 -3.19114694e+04  1.04e-03 7.42e-15  1.31e-02     1s
  13  -3.05451587e+04 -3.16558589e+04  9.53e-04 1.42e-14  1.04e-02     1s
  14  -3.06034858e+04 -3.13840248e+04  7.79e-04 7.11e-15  7.32e-03     1s
  15  -3.06728163e+04 -3.12834949e+04  5.95e-04 7.11e-15  5.72e-03     1s
  16  -3.07157972e+04 -3.11261147e+04  4.71e-04 7.11e-15  3.85e-03     1s
  17  -3.07623192e+04 -3.10298358e+04  3.41e-04 7.11e-15  2.51e-03     1s
  18  -3.07818565e+04 -3.09952581e+04  2.84e-04 7.11e-15  2.00e-03     1s
  19  -3.08019409e+04 -3.09628895e+04  2.24e-04 7.11e-15  1.51e-03     1s
  20  -3.08143163e+04 -3.09269481e+04  1.88e-04 7.11e-15  1.06e-03     1s
  21  -3.08288511e+04 -3.09138839e+04  1.48e-04 7.11e-15  7.99e-04     1s
  22  -3.08379805e+04 -3.08967229e+04  1.25e-04 7.11e-15  5.53e-04     1s
  23  -3.08480995e+04 -3.08893653e+04  9.62e-05 7.11e-15  3.88e-04     1s
  24  -3.08564242e+04 -3.08861252e+04  7.00e-05 7.11e-15  2.80e-04     1s
  25  -3.08608160e+04 -3.08837910e+04  5.60e-05 7.11e-15  2.16e-04     1s
  26  -3.08633440e+04 -3.08830542e+04  4.80e-05 7.11e-15  1.86e-04     1s
  27  -3.08671147e+04 -3.08811658e+04  3.70e-05 7.11e-15  1.32e-04     1s
  28  -3.08723761e+04 -3.08797548e+04  2.05e-05 1.42e-14  6.96e-05     1s
  29  -3.08735912e+04 -3.08796200e+04  1.72e-05 1.42e-14  5.68e-05     1s
  30  -3.08771486e+04 -3.08793586e+04  5.80e-06 7.11e-15  2.08e-05     1s
  31  -3.08781539e+04 -3.08791859e+04  2.66e-06 7.11e-15  9.72e-06     1s
  32  -3.08789299e+04 -3.08790580e+04  2.81e-07 1.42e-14  1.21e-06     1s
  33  -3.08790268e+04 -3.08790271e+04  2.88e-10 1.07e-14  2.32e-09     1s

Barrier solved model in 33 iterations and 0.95 seconds
Optimal objective -3.08790268e+04


Root relaxation: objective -3.087903e+04, 36622 iterations, 0.97 seconds

    Nodes    |    Current Node    |     Objective Bounds      |     Work
 Expl Unexpl |  Obj  Depth IntInf | Incumbent    BestBd   Gap | It/Node Time

     0     0 -30879.027    0  329    0.00000 -30879.027      -     -    1s
H    0     0                    -30527.20000 -30879.027  1.15%     -    1s

Explored 0 nodes (52462 simplex iterations) in 1.62 seconds
Thread count was 20 (of 20 available processors)

Solution count 2: -30527.2 0 
Pool objective bound -30879

Optimal solution found (tolerance 5.00e-02)
Best objective -3.052720000000e+04, best bound -3.087900000000e+04, gap 1.1524%
Changed value of parameter MIPGap to 0.05
   Prev: 0.0001  Min: 0.0  Max: 1e+100  Default: 0.0001
Changed value of parameter TimeLimit to 1800.0
   Prev: 1e+100  Min: 0.0  Max: 1e+100  Default: 1e+100
Changed value of parameter Method to 2
   Prev: -1  Min: -1  Max: 4  Default: -1
Changed value of parameter MIPFocus to 1
   Prev: 0  Min: 0  Max: 3  Default: 0
Optimize a model with 10182 rows, 53251 columns and 106502 nonzeros
Variable types: 0 continuous, 53251 integer (53251 binary)
Coefficient statistics:
  Matrix range     [1e+00, 2e+01]
  Objective range  [1e+00, 4e+01]
  Bounds range     [1e+00, 1e+00]
  RHS range        [8e+01, 8e+01]
Found heuristic solution: objective 0
Presolve time: 0.15s
Presolved: 10182 rows, 53251 columns, 106502 nonzeros
Variable types: 0 continuous, 53251 integer (53251 binary)
Presolved: 10182 rows, 53251 columns, 106502 nonzeros

Root barrier log...

Ordering time: 0.01s

Barrier statistics:
 AA' NZ     : 5.325e+04
 Factor NZ  : 2.301e+05 (roughly 30 MBytes of memory)
 Factor Ops : 3.798e+07 (less than 1 second per iteration)
 Threads    : 1

                  Objective                Residual
Iter       Primal          Dual         Primal    Dual     Compl     Time
   0  -1.82122937e+05 -1.45302021e+06  6.90e+01 5.33e-15  9.75e+01     0s
   1  -7.07483060e+04 -9.93538877e+05  1.61e+01 2.84e-14  2.36e+01     0s
   2  -3.99471233e+04 -4.27776323e+05  2.42e+00 2.40e-14  4.94e+00     0s
   3  -3.47156494e+04 -1.17250045e+05  1.94e-02 2.84e-14  7.75e-01     0s
   4  -3.54666549e+04 -6.53490718e+04  8.07e-03 1.42e-14  2.80e-01     0s
   5  -3.57606207e+04 -5.23705787e+04  6.00e-03 1.42e-14  1.56e-01     0s
   6  -3.61424163e+04 -4.71801960e+04  4.09e-03 7.81e-15  1.03e-01     0s
   7  -3.65574989e+04 -4.41197415e+04  2.53e-03 1.42e-14  7.08e-02     0s
   8  -3.66632431e+04 -4.24228506e+04  2.24e-03 7.11e-15  5.39e-02     0s
   9  -3.68269465e+04 -4.10641132e+04  1.87e-03 1.42e-14  3.97e-02     0s
  10  -3.70723544e+04 -3.98829511e+04  1.29e-03 1.42e-14  2.63e-02     0s
  11  -3.71621888e+04 -3.94754199e+04  1.09e-03 7.14e-15  2.17e-02     0s
  12  -3.72368508e+04 -3.90768281e+04  9.22e-04 1.42e-14  1.72e-02     1s
  13  -3.73158542e+04 -3.88328591e+04  7.53e-04 1.42e-14  1.42e-02     1s
  14  -3.73710085e+04 -3.84713316e+04  6.32e-04 1.42e-14  1.03e-02     1s
  15  -3.74598486e+04 -3.81542514e+04  4.54e-04 7.11e-15  6.51e-03     1s
  16  -3.75166128e+04 -3.79421009e+04  3.48e-04 1.42e-14  3.99e-03     1s
  17  -3.75524141e+04 -3.78351071e+04  2.81e-04 1.42e-14  2.65e-03     1s
  18  -3.75756673e+04 -3.77875144e+04  2.35e-04 7.11e-15  1.99e-03     1s
  19  -3.75932370e+04 -3.77654373e+04  1.99e-04 1.42e-14  1.62e-03     1s
  20  -3.76143141e+04 -3.77489266e+04  1.57e-04 1.42e-14  1.26e-03     1s
  21  -3.76298630e+04 -3.77303279e+04  1.25e-04 1.42e-14  9.43e-04     1s
  22  -3.76475828e+04 -3.77139842e+04  9.37e-05 1.42e-14  6.24e-04     1s
  23  -3.76569591e+04 -3.77039487e+04  7.40e-05 1.42e-14  4.42e-04     1s
  24  -3.76652300e+04 -3.77012433e+04  5.68e-05 7.11e-15  3.39e-04     1s
  25  -3.76728957e+04 -3.76988824e+04  4.06e-05 7.11e-15  2.44e-04     1s
  26  -3.76780568e+04 -3.76960680e+04  3.01e-05 7.11e-15  1.69e-04     1s
  27  -3.76834962e+04 -3.76945492e+04  1.91e-05 1.42e-14  1.04e-04     1s
  28  -3.76881431e+04 -3.76941349e+04  1.02e-05 1.42e-14  5.64e-05     1s
  29  -3.76904737e+04 -3.76935387e+04  5.40e-06 1.42e-14  2.88e-05     1s
  30  -3.76926071e+04 -3.76932913e+04  1.08e-06 1.42e-14  6.44e-06     1s
  31  -3.76931461e+04 -3.76931524e+04  3.47e-09 1.42e-14  5.92e-08     1s
  32  -3.76931484e+04 -3.76931484e+04  2.14e-13 1.42e-14  1.86e-13     1s

Barrier solved model in 32 iterations and 0.93 seconds
Optimal objective -3.76931484e+04


Root relaxation: objective -3.769315e+04, 36316 iterations, 1.01 seconds

    Nodes    |    Current Node    |     Objective Bounds      |     Work
 Expl Unexpl |  Obj  Depth IntInf | Incumbent    BestBd   Gap | It/Node Time

     0     0 -37693.148    0  421    0.00000 -37693.148      -     -    1s
H    0     0                    -36876.30000 -37693.148  2.22%     -    1s

Explored 0 nodes (46956 simplex iterations) in 1.61 seconds
Thread count was 20 (of 20 available processors)

Solution count 2: -36876.3 0 
Pool objective bound -37693.1

Optimal solution found (tolerance 5.00e-02)
Best objective -3.687630000000e+04, best bound -3.769310000000e+04, gap 2.2150%
Changed value of parameter MIPGap to 0.05
   Prev: 0.0001  Min: 0.0  Max: 1e+100  Default: 0.0001
Changed value of parameter TimeLimit to 1800.0
   Prev: 1e+100  Min: 0.0  Max: 1e+100  Default: 1e+100
Changed value of parameter Method to 2
   Prev: -1  Min: -1  Max: 4  Default: -1
Changed value of parameter MIPFocus to 1
   Prev: 0  Min: 0  Max: 3  Default: 0
Optimize a model with 10182 rows, 53251 columns and 106502 nonzeros
Variable types: 0 continuous, 53251 integer (53251 binary)
Coefficient statistics:
  Matrix range     [1e+00, 2e+01]
  Objective range  [1e+00, 9e+01]
  Bounds range     [1e+00, 1e+00]
  RHS range        [8e+01, 8e+01]
Found heuristic solution: objective 0
Presolve time: 0.15s
Presolved: 10182 rows, 53251 columns, 106502 nonzeros
Variable types: 0 continuous, 53251 integer (53251 binary)
Presolved: 10182 rows, 53251 columns, 106502 nonzeros

Root barrier log...

Ordering time: 0.01s

Barrier statistics:
 AA' NZ     : 5.325e+04
 Factor NZ  : 2.301e+05 (roughly 30 MBytes of memory)
 Factor Ops : 3.798e+07 (less than 1 second per iteration)
 Threads    : 1

                  Objective                Residual
Iter       Primal          Dual         Primal    Dual     Compl     Time
   0  -3.43878259e+05 -2.88408894e+06  6.90e+01 1.07e-14  1.94e+02     0s
   1  -1.33333271e+05 -1.97079476e+06  1.61e+01 4.97e-14  4.70e+01     0s
   2  -7.50019866e+04 -8.47919665e+05  2.42e+00 5.68e-14  9.84e+00     0s
   3  -6.51553183e+04 -2.34847433e+05  2.27e-02 7.11e-14  1.59e+00     0s
   4  -6.69005477e+04 -1.18874840e+05  8.84e-03 2.84e-14  4.87e-01     0s
   5  -6.79783268e+04 -9.98135276e+04  5.26e-03 2.84e-14  2.98e-01     0s
   6  -6.86951102e+04 -9.27210573e+04  3.78e-03 1.69e-14  2.25e-01     0s
   7  -6.90294358e+04 -8.77330874e+04  3.28e-03 2.84e-14  1.75e-01     0s
   8  -6.93217097e+04 -8.30664039e+04  2.88e-03 2.84e-14  1.29e-01     0s
   9  -6.96464752e+04 -8.02814212e+04  2.49e-03 1.42e-14  9.96e-02     0s
  10  -6.99106241e+04 -7.87085601e+04  2.19e-03 1.79e-14  8.24e-02     0s
  11  -7.00403065e+04 -7.77594893e+04  2.02e-03 1.64e-14  7.23e-02     0s
  12  -7.01963352e+04 -7.71857955e+04  1.82e-03 2.25e-14  6.55e-02     1s
  13  -7.04336579e+04 -7.54153837e+04  1.53e-03 2.84e-14  4.67e-02     1s
  14  -7.06603980e+04 -7.42835853e+04  1.27e-03 2.84e-14  3.40e-02     1s
  15  -7.08044583e+04 -7.40058186e+04  1.11e-03 1.79e-14  3.00e-02     1s
  16  -7.09928224e+04 -7.33529409e+04  9.09e-04 1.43e-14  2.21e-02     1s
  17  -7.10952603e+04 -7.28312894e+04  7.92e-04 2.84e-14  1.63e-02     1s
  18  -7.12511303e+04 -7.25115289e+04  6.25e-04 2.84e-14  1.18e-02     1s
  19  -7.13294336e+04 -7.23244646e+04  5.36e-04 2.84e-14  9.34e-03     1s
  20  -7.13687235e+04 -7.22434960e+04  4.90e-04 2.84e-14  8.21e-03     1s
  21  -7.14672015e+04 -7.21171968e+04  3.80e-04 2.84e-14  6.10e-03     1s
  22  -7.15494841e+04 -7.20207941e+04  2.93e-04 2.84e-14  4.42e-03     1s
  23  -7.16303373e+04 -7.19503916e+04  2.09e-04 2.84e-14  3.01e-03     1s
  24  -7.16842661e+04 -7.18916331e+04  1.50e-04 1.42e-14  1.95e-03     1s
  25  -7.17028419e+04 -7.18656670e+04  1.27e-04 1.42e-14  1.53e-03     1s
  26  -7.17309710e+04 -7.18500247e+04  9.31e-05 2.84e-14  1.12e-03     1s
  27  -7.17436309e+04 -7.18402158e+04  7.80e-05 1.42e-14  9.08e-04     1s
  28  -7.17567632e+04 -7.18295006e+04  6.24e-05 1.42e-14  6.84e-04     1s
  29  -7.17673763e+04 -7.18193719e+04  5.11e-05 2.84e-14  4.89e-04     1s
  30  -7.17836744e+04 -7.18155742e+04  3.34e-05 2.84e-14  3.00e-04     1s
  31  -7.17909856e+04 -7.18143154e+04  2.39e-05 1.42e-14  2.20e-04     1s
  32  -7.17957033e+04 -7.18130713e+04  1.80e-05 1.42e-14  1.64e-04     1s
  33  -7.17998972e+04 -7.18121796e+04  1.27e-05 2.84e-14  1.16e-04     1s
  34  -7.18070304e+04 -7.18107273e+04  3.91e-06 2.84e-14  3.48e-05     1s
  35  -7.18101249e+04 -7.18102612e+04  1.36e-07 2.84e-14  1.28e-06     1s
  36  -7.18102398e+04 -7.18102399e+04  1.17e-13 2.84e-14  1.29e-09     1s

Barrier solved model in 36 iterations and 1.01 seconds
Optimal objective -7.18102398e+04


Root relaxation: objective -7.181024e+04, 35852 iterations, 1.06 seconds

    Nodes    |    Current Node    |     Objective Bounds      |     Work
 Expl Unexpl |  Obj  Depth IntInf | Incumbent    BestBd   Gap | It/Node Time

     0     0 -71810.240    0  304    0.00000 -71810.240      -     -    1s
H    0     0                    -70867.40000 -71810.240  1.33%     -    1s

Explored 0 nodes (50409 simplex iterations) in 1.72 seconds
Thread count was 20 (of 20 available processors)

Solution count 2: -70867.4 0 
Pool objective bound -71810.2

Optimal solution found (tolerance 5.00e-02)
Best objective -7.086740000000e+04, best bound -7.181020000000e+04, gap 1.3304%
Changed value of parameter MIPGap to 0.05
   Prev: 0.0001  Min: 0.0  Max: 1e+100  Default: 0.0001
Changed value of parameter TimeLimit to 1800.0
   Prev: 1e+100  Min: 0.0  Max: 1e+100  Default: 1e+100
Changed value of parameter Method to 2
   Prev: -1  Min: -1  Max: 4  Default: -1
Changed value of parameter MIPFocus to 1
   Prev: 0  Min: 0  Max: 3  Default: 0
Optimize a model with 10182 rows, 53251 columns and 106502 nonzeros
Variable types: 0 continuous, 53251 integer (53251 binary)
Coefficient statistics:
  Matrix range     [1e+00, 2e+01]
  Objective range  [1e+00, 2e+02]
  Bounds range     [1e+00, 1e+00]
  RHS range        [8e+01, 8e+01]
Found heuristic solution: objective 0
Presolve time: 0.17s
Presolved: 10182 rows, 53251 columns, 106502 nonzeros
Variable types: 0 continuous, 53251 integer (53251 binary)
Presolved: 10182 rows, 53251 columns, 106502 nonzeros

Root barrier log...

Ordering time: 0.01s

Barrier statistics:
 AA' NZ     : 5.325e+04
 Factor NZ  : 2.301e+05 (roughly 30 MBytes of memory)
 Factor Ops : 3.798e+07 (less than 1 second per iteration)
 Threads    : 1

                  Objective                Residual
Iter       Primal          Dual         Primal    Dual     Compl     Time
   0  -6.67388797e+05 -5.74622641e+06  6.90e+01 2.13e-14  3.86e+02     0s
   1  -2.58505511e+05 -3.92531129e+06  1.61e+01 9.95e-14  9.37e+01     0s
   2  -1.45116872e+05 -1.68819568e+06  2.42e+00 9.24e-14  1.96e+01     0s
   3  -1.26044010e+05 -4.62585312e+05  1.02e-04 1.14e-13  3.15e+00     0s
   4  -1.29793341e+05 -2.29793791e+05  3.99e-05 6.57e-14  9.35e-01     0s
   5  -1.32019992e+05 -1.91295258e+05  2.66e-05 4.60e-14  5.54e-01     0s
   6  -1.33292562e+05 -1.74944128e+05  2.17e-05 4.26e-14  3.89e-01     0s
   7  -1.34046264e+05 -1.67371514e+05  1.91e-05 5.68e-14  3.11e-01     0s
   8  -1.34708099e+05 -1.62759129e+05  1.68e-05 5.68e-14  2.62e-01     0s
   9  -1.35398267e+05 -1.57925357e+05  1.46e-05 5.68e-14  2.11e-01     0s
  10  -1.36016251e+05 -1.54827144e+05  1.25e-05 3.20e-14  1.76e-01     0s
  11  -1.36594829e+05 -1.51735750e+05  1.06e-05 5.68e-14  1.42e-01     1s
  12  -1.37046916e+05 -1.48587234e+05  9.19e-06 2.84e-14  1.08e-01     1s
  13  -1.37468639e+05 -1.46211172e+05  7.87e-06 2.91e-14  8.17e-02     1s
  14  -1.38111480e+05 -1.44176663e+05  5.94e-06 2.84e-14  5.67e-02     1s
  15  -1.38411717e+05 -1.42602397e+05  4.99e-06 2.84e-14  3.92e-02     1s
  16  -1.38815678e+05 -1.41626664e+05  3.83e-06 2.84e-14  2.63e-02     1s
  17  -1.39156862e+05 -1.40999512e+05  2.90e-06 5.68e-14  1.72e-02     1s
  18  -1.39431723e+05 -1.40754701e+05  2.11e-06 2.84e-14  1.24e-02     1s
  19  -1.39519342e+05 -1.40551083e+05  1.83e-06 5.68e-14  9.64e-03     1s
  20  -1.39620916e+05 -1.40439071e+05  1.50e-06 2.84e-14  7.65e-03     1s
  21  -1.39717090e+05 -1.40386320e+05  1.19e-06 2.84e-14  6.26e-03     1s
  22  -1.39780764e+05 -1.40295065e+05  9.89e-07 5.68e-14  4.81e-03     1s
  23  -1.39865128e+05 -1.40190029e+05  7.39e-07 5.68e-14  3.04e-03     1s
  24  -1.39948932e+05 -1.40150753e+05  4.91e-07 2.84e-14  1.89e-03     1s
  25  -1.39977005e+05 -1.40132372e+05  3.96e-07 5.68e-14  1.45e-03     1s
  26  -1.40000966e+05 -1.40117832e+05  3.15e-07 2.84e-14  1.09e-03     1s
  27  -1.40021940e+05 -1.40112882e+05  2.44e-07 2.84e-14  8.50e-04     1s
  28  -1.40045762e+05 -1.40110051e+05  1.70e-07 5.68e-14  6.01e-04     1s
  29  -1.40075300e+05 -1.40099831e+05  6.98e-08 5.68e-14  2.29e-04     1s
  30  -1.40082885e+05 -1.40098177e+05  4.66e-08 2.84e-14  1.43e-04     1s
  31  -1.40086669e+05 -1.40097462e+05  3.33e-08 2.84e-14  1.01e-04     1s
  32  -1.40095667e+05 -1.40096448e+05  2.24e-09 8.53e-14  7.29e-06     1s
  33  -1.40096321e+05 -1.40096335e+05  1.01e-11 5.68e-14  1.31e-07     1s
  34  -1.40096325e+05 -1.40096325e+05  3.36e-14 5.68e-14  1.31e-10     1s

Barrier solved model in 34 iterations and 1.01 seconds
Optimal objective -1.40096325e+05


Root relaxation: objective -1.400963e+05, 35524 iterations, 1.05 seconds

    Nodes    |    Current Node    |     Objective Bounds      |     Work
 Expl Unexpl |  Obj  Depth IntInf | Incumbent    BestBd   Gap | It/Node Time

     0     0 -140096.32    0  350    0.00000 -140096.32      -     -    1s
H    0     0                    -136187.4000 -140096.32  2.87%     -    1s

Explored 0 nodes (48751 simplex iterations) in 1.68 seconds
Thread count was 20 (of 20 available processors)

Solution count 2: -136187 0 
Pool objective bound -140096

Optimal solution found (tolerance 5.00e-02)
Best objective -1.361874000000e+05, best bound -1.400962000000e+05, gap 2.8702%
Changed value of parameter MIPGap to 0.05
   Prev: 0.0001  Min: 0.0  Max: 1e+100  Default: 0.0001
Changed value of parameter TimeLimit to 1800.0
   Prev: 1e+100  Min: 0.0  Max: 1e+100  Default: 1e+100
Changed value of parameter Method to 2
   Prev: -1  Min: -1  Max: 4  Default: -1
Changed value of parameter MIPFocus to 1
   Prev: 0  Min: 0  Max: 3  Default: 0
Optimize a model with 10182 rows, 53251 columns and 106502 nonzeros
Variable types: 0 continuous, 53251 integer (53251 binary)
Coefficient statistics:
  Matrix range     [1e+00, 2e+01]
  Objective range  [2e+00, 4e+02]
  Bounds range     [1e+00, 1e+00]
  RHS range        [8e+01, 8e+01]
Found heuristic solution: objective 0
Presolve time: 0.15s
Presolved: 10182 rows, 53251 columns, 106502 nonzeros
Variable types: 0 continuous, 53251 integer (53251 binary)
Presolved: 10182 rows, 53251 columns, 106502 nonzeros

Root barrier log...

Ordering time: 0.01s

Barrier statistics:
 AA' NZ     : 5.325e+04
 Factor NZ  : 2.301e+05 (roughly 30 MBytes of memory)
 Factor Ops : 3.798e+07 (less than 1 second per iteration)
 Threads    : 1

                  Objective                Residual
Iter       Primal          Dual         Primal    Dual     Compl     Time
   0  -1.63792032e+06 -1.43326388e+07  6.90e+01 5.68e-14  9.64e+02     0s
   1  -6.34025529e+05 -9.78886588e+06  1.61e+01 2.27e-13  2.34e+02     0s
   2  -3.47140930e+05 -4.07567127e+06  1.98e+00 2.56e-13  4.54e+01     0s
   3  -3.10356563e+05 -1.52733536e+06  2.28e-02 3.98e-13  1.14e+01     0s
   4  -3.19250186e+05 -5.88688821e+05  6.50e-03 1.42e-13  2.52e+00     0s
   5  -3.24971457e+05 -4.90768111e+05  4.12e-03 1.14e-13  1.55e+00     0s
   6  -3.28604709e+05 -4.44954595e+05  2.96e-03 1.14e-13  1.09e+00     0s
   7  -3.30620361e+05 -4.18866730e+05  2.47e-03 1.14e-13  8.26e-01     0s
   8  -3.32756224e+05 -4.06205312e+05  2.02e-03 5.68e-14  6.87e-01     0s
   9  -3.34661011e+05 -3.89917183e+05  1.64e-03 1.14e-13  5.17e-01     0s
  10  -3.36103785e+05 -3.79400740e+05  1.40e-03 1.14e-13  4.05e-01     0s
  11  -3.37318858e+05 -3.71537689e+05  1.18e-03 1.14e-13  3.20e-01     0s
  12  -3.38385036e+05 -3.65807905e+05  9.90e-04 1.14e-13  2.57e-01     1s
  13  -3.39606546e+05 -3.60096967e+05  7.76e-04 1.14e-13  1.92e-01     1s
  14  -3.40386453e+05 -3.57766660e+05  6.58e-04 1.14e-13  1.63e-01     1s
  15  -3.40693924e+05 -3.56784720e+05  6.10e-04 1.14e-13  1.51e-01     1s
  16  -3.41679344e+05 -3.52357610e+05  4.62e-04 1.14e-13  1.00e-01     1s
  17  -3.42475212e+05 -3.49321517e+05  3.56e-04 1.14e-13  6.41e-02     1s
  18  -3.42868417e+05 -3.47828586e+05  3.04e-04 1.14e-13  4.65e-02     1s
  19  -3.43127098e+05 -3.47274429e+05  2.65e-04 1.14e-13  3.89e-02     1s
  20  -3.43426081e+05 -3.46558901e+05  2.21e-04 1.14e-13  2.94e-02     1s
  21  -3.43622088e+05 -3.46059181e+05  1.93e-04 1.14e-13  2.29e-02     1s
  22  -3.43851582e+05 -3.45784198e+05  1.60e-04 1.14e-13  1.81e-02     1s
  23  -3.44154324e+05 -3.45469175e+05  1.21e-04 1.14e-13  1.23e-02     1s
  24  -3.44410410e+05 -3.45336209e+05  8.62e-05 5.68e-14  8.69e-03     1s
  25  -3.44436703e+05 -3.45304308e+05  8.22e-05 1.14e-13  8.14e-03     1s
  26  -3.44464953e+05 -3.45258510e+05  7.80e-05 1.14e-13  7.45e-03     1s
  27  -3.44521516e+05 -3.45170499e+05  6.94e-05 1.14e-13  6.09e-03     1s
  28  -3.44558060e+05 -3.45146368e+05  6.39e-05 1.14e-13  5.52e-03     1s
  29  -3.44683537e+05 -3.45071411e+05  4.64e-05 1.14e-13  3.64e-03     1s
  30  -3.44773983e+05 -3.45048297e+05  3.36e-05 1.14e-13  2.58e-03     1s
  31  -3.44804650e+05 -3.45036249e+05  2.89e-05 1.14e-13  2.18e-03     1s
  32  -3.44835580e+05 -3.45022334e+05  2.42e-05 1.14e-13  1.75e-03     1s
  33  -3.44883700e+05 -3.45016024e+05  1.68e-05 1.14e-13  1.24e-03     1s
  34  -3.44942508e+05 -3.45005607e+05  7.78e-06 1.14e-13  5.93e-04     1s
  35  -3.44981796e+05 -3.44998108e+05  1.91e-06 1.14e-13  1.53e-04     1s
  36  -3.44994732e+05 -3.44995901e+05  3.63e-08 1.14e-13  1.09e-05     1s
  37  -3.44995013e+05 -3.44995021e+05  2.48e-10 1.71e-13  7.89e-08     1s
  38  -3.44995016e+05 -3.44995016e+05  1.32e-12 1.14e-13  1.70e-13     1s

Barrier solved model in 38 iterations and 1.05 seconds
Optimal objective -3.44995016e+05


Root relaxation: objective -3.449950e+05, 34176 iterations, 1.13 seconds

    Nodes    |    Current Node    |     Objective Bounds      |     Work
 Expl Unexpl |  Obj  Depth IntInf | Incumbent    BestBd   Gap | It/Node Time

     0     0 -344995.02    0  334    0.00000 -344995.02      -     -    1s
H    0     0                    -338639.0000 -344995.02  1.88%     -    1s

Explored 0 nodes (44804 simplex iterations) in 1.75 seconds
Thread count was 20 (of 20 available processors)

Solution count 2: -338639 0 
Pool objective bound -344995

Optimal solution found (tolerance 5.00e-02)
Best objective -3.386390000000e+05, best bound -3.449950000000e+05, gap 1.8769%
Changed value of parameter MIPGap to 0.05
   Prev: 0.0001  Min: 0.0  Max: 1e+100  Default: 0.0001
Changed value of parameter TimeLimit to 1800.0
   Prev: 1e+100  Min: 0.0  Max: 1e+100  Default: 1e+100
Changed value of parameter Method to 2
   Prev: -1  Min: -1  Max: 4  Default: -1
Changed value of parameter MIPFocus to 1
   Prev: 0  Min: 0  Max: 3  Default: 0
Optimize a model with 10182 rows, 53251 columns and 106502 nonzeros
Variable types: 0 continuous, 53251 integer (53251 binary)
Coefficient statistics:
  Matrix range     [1e+00, 2e+01]
  Objective range  [1e+01, 4e+03]
  Bounds range     [1e+00, 1e+00]
  RHS range        [8e+01, 8e+01]
Found heuristic solution: objective 0
Presolve time: 0.15s
Presolved: 10182 rows, 53251 columns, 106502 nonzeros
Variable types: 0 continuous, 53251 integer (53251 binary)
Presolved: 10182 rows, 53251 columns, 106502 nonzeros

Root barrier log...

Ordering time: 0.01s

Barrier statistics:
 AA' NZ     : 5.325e+04
 Factor NZ  : 2.301e+05 (roughly 30 MBytes of memory)
 Factor Ops : 3.798e+07 (less than 1 second per iteration)
 Threads    : 1

                  Objective                Residual
Iter       Primal          Dual         Primal    Dual     Compl     Time
   0  -1.61958929e+07 -1.43128825e+08  6.90e+01 4.55e-13  9.63e+03     0s
   1  -6.26683308e+06 -9.77421979e+07  1.61e+01 2.96e-12  2.34e+03     0s
   2  -3.42842214e+06 -4.06914621e+07  1.98e+00 3.18e-12  4.53e+02     0s
   3  -3.06695599e+06 -1.52540989e+07  2.22e-02 3.64e-12  1.14e+02     0s
   4  -3.15622865e+06 -5.94562248e+06  6.43e-03 1.36e-12  2.61e+01     0s
   5  -3.21931404e+06 -4.93817525e+06  3.88e-03 1.04e-12  1.61e+01     0s
   6  -3.24687745e+06 -4.43941400e+06  3.15e-03 9.09e-13  1.12e+01     0s
   7  -3.26811171e+06 -4.14461409e+06  2.71e-03 9.09e-13  8.21e+00     0s
   8  -3.29455894e+06 -3.99471812e+06  2.10e-03 1.82e-12  6.55e+00     0s
   9  -3.30668365e+06 -3.83684740e+06  1.89e-03 9.09e-13  4.96e+00     0s
  10  -3.32032531e+06 -3.75821049e+06  1.63e-03 9.09e-13  4.10e+00     0s
  11  -3.33343750e+06 -3.68523732e+06  1.38e-03 9.09e-13  3.29e+00     0s
  12  -3.34673050e+06 -3.60526136e+06  1.14e-03 9.09e-13  2.42e+00     1s
  13  -3.35235045e+06 -3.58063141e+06  1.05e-03 9.09e-13  2.14e+00     1s
  14  -3.36529532e+06 -3.55302689e+06  8.39e-04 9.09e-13  1.76e+00     1s
  15  -3.37225672e+06 -3.53780322e+06  7.22e-04 9.42e-13  1.55e+00     1s
  16  -3.37589221e+06 -3.49852423e+06  6.62e-04 9.09e-13  1.15e+00     1s
  17  -3.38705954e+06 -3.46326763e+06  4.98e-04 9.09e-13  7.14e-01     1s
  18  -3.39423007e+06 -3.45551940e+06  3.88e-04 9.09e-13  5.74e-01     1s
  19  -3.39786256e+06 -3.44204743e+06  3.28e-04 9.09e-13  4.14e-01     1s
  20  -3.40066441e+06 -3.43389925e+06  2.82e-04 9.09e-13  3.12e-01     1s
  21  -3.40299653e+06 -3.43016060e+06  2.45e-04 9.09e-13  2.55e-01     1s
  22  -3.40582109e+06 -3.42689276e+06  2.00e-04 9.09e-13  1.98e-01     1s
  23  -3.40997166e+06 -3.42234341e+06  1.43e-04 9.09e-13  1.16e-01     1s
  24  -3.41252130e+06 -3.42118082e+06  1.02e-04 9.09e-13  8.13e-02     1s
  25  -3.41416227e+06 -3.42051404e+06  7.43e-05 9.09e-13  5.97e-02     1s
  26  -3.41438445e+06 -3.42023289e+06  7.04e-05 9.09e-13  5.49e-02     1s
  27  -3.41460330e+06 -3.42008847e+06  6.66e-05 9.09e-13  5.15e-02     1s
  28  -3.41511049e+06 -3.41981935e+06  5.82e-05 9.09e-13  4.42e-02     1s
  29  -3.41589816e+06 -3.41936230e+06  4.55e-05 9.09e-13  3.26e-02     1s
  30  -3.41626643e+06 -3.41909375e+06  4.01e-05 9.09e-13  2.66e-02     1s
  31  -3.41673678e+06 -3.41894856e+06  3.19e-05 9.09e-13  2.08e-02     1s
  32  -3.41734052e+06 -3.41882808e+06  2.17e-05 9.09e-13  1.40e-02     1s
  33  -3.41765702e+06 -3.41876651e+06  1.62e-05 9.09e-13  1.04e-02     1s
  34  -3.41811150e+06 -3.41869702e+06  8.70e-06 9.09e-13  5.51e-03     1s
  35  -3.41834498e+06 -3.41865644e+06  4.68e-06 9.09e-13  2.93e-03     1s
  36  -3.41858409e+06 -3.41864747e+06  6.98e-07 9.09e-13  5.95e-04     1s
  37  -3.41858504e+06 -3.41863641e+06  6.82e-07 9.09e-13  4.83e-04     1s
  38  -3.41862598e+06 -3.41862688e+06  2.88e-09 9.09e-13  8.42e-06     1s
  39  -3.41862653e+06 -3.41862653e+06  8.82e-12 1.36e-12  5.21e-10     1s

Barrier solved model in 39 iterations and 1.07 seconds
Optimal objective -3.41862653e+06


Root relaxation: objective -3.418627e+06, 35085 iterations, 1.16 seconds

    Nodes    |    Current Node    |     Objective Bounds      |     Work
 Expl Unexpl |  Obj  Depth IntInf | Incumbent    BestBd   Gap | It/Node Time

     0     0 -3418626.5    0  304    0.00000 -3418626.5      -     -    1s
H    0     0                    -3352933.000 -3418626.5  1.96%     -    1s

Explored 0 nodes (48308 simplex iterations) in 1.79 seconds
Thread count was 20 (of 20 available processors)

Solution count 2: -3.35293e+06 0 
Pool objective bound -3.41863e+06

Optimal solution found (tolerance 5.00e-02)
Best objective -3.352933000000e+06, best bound -3.418626000000e+06, gap 1.9593%
