Changed value of parameter MIPGap to 0.05
   Prev: 0.0001  Min: 0.0  Max: 1e+100  Default: 0.0001
Changed value of parameter TimeLimit to 1800.0
   Prev: 1e+100  Min: 0.0  Max: 1e+100  Default: 1e+100
Changed value of parameter Method to 2
   Prev: -1  Min: -1  Max: 4  Default: -1
Changed value of parameter MIPFocus to 1
   Prev: 0  Min: 0  Max: 3  Default: 0
Optimize a model with 11306 rows, 59433 columns and 118866 nonzeros
Variable types: 0 continuous, 59433 integer (59433 binary)
Coefficient statistics:
  Matrix range     [1e+00, 2e+01]
  Objective range  [1e+00, 1e+00]
  Bounds range     [1e+00, 1e+00]
  RHS range        [8e+01, 8e+01]
Found heuristic solution: objective 0
Presolve time: 0.23s
Presolved: 11306 rows, 59433 columns, 118866 nonzeros
Variable types: 0 continuous, 59433 integer (59433 binary)
Presolved: 11306 rows, 59433 columns, 118866 nonzeros

Root barrier log...

Ordering time: 0.01s

Barrier statistics:
 AA' NZ     : 5.943e+04
 Factor NZ  : 2.442e+05 (roughly 30 MBytes of memory)
 Factor Ops : 3.907e+07 (less than 1 second per iteration)
 Threads    : 1

                  Objective                Residual
Iter       Primal          Dual         Primal    Dual     Compl     Time
   0  -2.37417790e+04 -4.95239068e+04  7.79e+01 0.00e+00  2.87e+00     0s
   1  -9.89231131e+03 -3.58632183e+04  1.82e+01 8.88e-16  7.02e-01     0s
   2  -5.46498774e+03 -1.50526956e+04  1.73e+00 8.88e-16  1.06e-01     0s
   3  -5.08808057e+03 -7.13547166e+03  3.74e-01 2.22e-15  1.97e-02     0s
   4  -5.04829216e+03 -5.99205086e+03  8.25e-02 1.33e-15  8.34e-03     0s
   5  -5.04514246e+03 -5.20350723e+03  4.11e-02 1.09e-15  1.50e-03     0s
   6  -5.04494378e+03 -5.10728607e+03  2.57e-02 1.33e-15  6.25e-04     1s
   7  -5.04478235e+03 -5.05990532e+03  5.51e-03 1.55e-15  1.48e-04     1s
   8  -5.04495465e+03 -5.05207544e+03  2.19e-03 1.02e-15  6.82e-05     1s
   9  -5.04501873e+03 -5.04731832e+03  1.61e-03 1.34e-15  2.55e-05     1s
  10  -5.04508643e+03 -5.04537312e+03  3.95e-04 1.11e-15  3.94e-06     1s
  11  -5.04511702e+03 -5.04512363e+03  3.46e-07 1.78e-15  5.69e-08     1s
  12  -5.04511765e+03 -5.04511765e+03  1.96e-12 1.11e-15  6.50e-13     1s

Barrier solved model in 12 iterations and 0.67 seconds
Optimal objective -5.04511765e+03


Root relaxation: objective -5.045118e+03, 49410 iterations, 0.71 seconds

    Nodes    |    Current Node    |     Objective Bounds      |     Work
 Expl Unexpl |  Obj  Depth IntInf | Incumbent    BestBd   Gap | It/Node Time

     0     0 -5045.1176    0  384    0.00000 -5045.1176      -     -    1s
H    0     0                    -4970.000000 -5045.1176  1.51%     -    1s

Explored 0 nodes (64669 simplex iterations) in 1.72 seconds
Thread count was 20 (of 20 available processors)

Solution count 2: -4970 0 
Pool objective bound -5045

Optimal solution found (tolerance 5.00e-02)
Best objective -4.970000000000e+03, best bound -5.045000000000e+03, gap 1.5091%
Changed value of parameter MIPGap to 0.05
   Prev: 0.0001  Min: 0.0  Max: 1e+100  Default: 0.0001
Changed value of parameter TimeLimit to 1800.0
   Prev: 1e+100  Min: 0.0  Max: 1e+100  Default: 1e+100
Changed value of parameter Method to 2
   Prev: -1  Min: -1  Max: 4  Default: -1
Changed value of parameter MIPFocus to 1
   Prev: 0  Min: 0  Max: 3  Default: 0
Optimize a model with 11306 rows, 59433 columns and 118866 nonzeros
Variable types: 0 continuous, 59433 integer (59433 binary)
Coefficient statistics:
  Matrix range     [1e+00, 2e+01]
  Objective range  [1e+00, 1e+00]
  Bounds range     [1e+00, 1e+00]
  RHS range        [8e+01, 8e+01]
Found heuristic solution: objective 0
Presolve time: 0.17s
Presolved: 11306 rows, 59433 columns, 118866 nonzeros
Variable types: 0 continuous, 59433 integer (59433 binary)
Presolved: 11306 rows, 59433 columns, 118866 nonzeros

Root barrier log...

Ordering time: 0.01s

Barrier statistics:
 AA' NZ     : 5.943e+04
 Factor NZ  : 2.442e+05 (roughly 30 MBytes of memory)
 Factor Ops : 3.907e+07 (less than 1 second per iteration)
 Threads    : 1

                  Objective                Residual
Iter       Primal          Dual         Primal    Dual     Compl     Time
   0  -2.37611091e+04 -4.95455442e+04  7.79e+01 2.22e-16  2.87e+00     0s
   1  -9.89980327e+03 -3.58799286e+04  1.82e+01 7.77e-16  7.02e-01     0s
   2  -5.46965835e+03 -1.50606201e+04  1.74e+00 1.11e-15  1.06e-01     0s
   3  -5.09091942e+03 -7.13584812e+03  3.73e-01 2.00e-15  1.97e-02     0s
   4  -5.05141695e+03 -5.85867677e+03  8.23e-02 6.66e-16  7.18e-03     0s
   5  -5.04870131e+03 -5.23194666e+03  4.46e-02 1.03e-15  1.72e-03     0s
   6  -5.04816476e+03 -5.11952907e+03  2.40e-02 7.32e-16  6.94e-04     0s
   7  -5.04797944e+03 -5.07228036e+03  8.83e-03 8.80e-16  2.38e-04     0s
   8  -5.04807590e+03 -5.06055031e+03  3.37e-03 7.66e-16  1.18e-04     0s
   9  -5.04813666e+03 -5.05241282e+03  2.40e-03 9.81e-16  4.51e-05     0s
  10  -5.04818692e+03 -5.04847746e+03  4.71e-04 8.49e-16  4.26e-06     1s
  11  -5.04821188e+03 -5.04823845e+03  1.21e-06 7.75e-16  2.27e-07     1s
  12  -5.04821236e+03 -5.04822064e+03  5.21e-07 8.88e-16  7.15e-08     1s
  13  -5.04821251e+03 -5.04821493e+03  3.17e-07 6.66e-16  2.15e-08     1s
  14  -5.04821265e+03 -5.04821304e+03  1.34e-07 1.55e-15  3.82e-09     1s
  15  -5.04821275e+03 -5.04821279e+03  6.26e-09 1.55e-15  3.79e-10     1s

Barrier solved model in 15 iterations and 0.62 seconds
Optimal objective -5.04821275e+03


Root relaxation: objective -5.048213e+03, 49765 iterations, 0.74 seconds

    Nodes    |    Current Node    |     Objective Bounds      |     Work
 Expl Unexpl |  Obj  Depth IntInf | Incumbent    BestBd   Gap | It/Node Time

     0     0 -5048.2128    0  364    0.00000 -5048.2128      -     -    1s
H    0     0                    -4972.019636 -5048.2128  1.53%     -    1s

Explored 0 nodes (66387 simplex iterations) in 1.51 seconds
Thread count was 20 (of 20 available processors)

Solution count 2: -4972.02 0 
Pool objective bound -5048.21

Optimal solution found (tolerance 5.00e-02)
Best objective -4.972019636000e+03, best bound -5.048212753830e+03, gap 1.5324%
Changed value of parameter MIPGap to 0.05
   Prev: 0.0001  Min: 0.0  Max: 1e+100  Default: 0.0001
Changed value of parameter TimeLimit to 1800.0
   Prev: 1e+100  Min: 0.0  Max: 1e+100  Default: 1e+100
Changed value of parameter Method to 2
   Prev: -1  Min: -1  Max: 4  Default: -1
Changed value of parameter MIPFocus to 1
   Prev: 0  Min: 0  Max: 3  Default: 0
Optimize a model with 11306 rows, 59433 columns and 118866 nonzeros
Variable types: 0 continuous, 59433 integer (59433 binary)
Coefficient statistics:
  Matrix range     [1e+00, 2e+01]
  Objective range  [1e+00, 1e+00]
  Bounds range     [1e+00, 1e+00]
  RHS range        [8e+01, 8e+01]
Found heuristic solution: objective 0
Presolve time: 0.17s
Presolved: 11306 rows, 59433 columns, 118866 nonzeros
Variable types: 0 continuous, 59433 integer (59433 binary)
Presolved: 11306 rows, 59433 columns, 118866 nonzeros

Root barrier log...

Ordering time: 0.01s

Barrier statistics:
 AA' NZ     : 5.943e+04
 Factor NZ  : 2.442e+05 (roughly 30 MBytes of memory)
 Factor Ops : 3.907e+07 (less than 1 second per iteration)
 Threads    : 1

                  Objective                Residual
Iter       Primal          Dual         Primal    Dual     Compl     Time
   0  -2.37804392e+04 -4.95671815e+04  7.79e+01 0.00e+00  2.87e+00     0s
   1  -9.90730019e+03 -3.58966395e+04  1.82e+01 7.22e-16  7.02e-01     0s
   2  -5.59690532e+03 -1.60456931e+04  2.04e+00 1.11e-15  1.20e-01     0s
   3  -5.11133107e+03 -7.18762189e+03  4.06e-01 2.00e-15  2.02e-02     0s
   4  -5.06375721e+03 -5.90137876e+03  1.24e-01 2.00e-15  7.65e-03     0s
   5  -5.05484429e+03 -5.21989476e+03  5.43e-02 7.67e-16  1.61e-03     0s
   6  -5.05309525e+03 -5.12336786e+03  3.17e-02 1.10e-15  7.15e-04     0s
   7  -5.05200147e+03 -5.07501000e+03  1.46e-02 7.37e-16  2.50e-04     0s
   8  -5.05156472e+03 -5.06271528e+03  6.44e-03 1.08e-15  1.18e-04     0s
   9  -5.05134750e+03 -5.05342219e+03  1.65e-03 1.11e-15  2.38e-05     0s
  10  -5.05132250e+03 -5.05146924e+03  7.60e-04 8.88e-16  4.18e-06     1s
  11  -5.05130684e+03 -5.05133799e+03  3.81e-05 1.42e-15  4.09e-07     1s
  12  -5.05130729e+03 -5.05131867e+03  1.97e-05 4.44e-16  1.72e-07     1s
  13  -5.05130761e+03 -5.05131042e+03  7.46e-06 9.18e-16  5.25e-08     1s
  14  -5.05130773e+03 -5.05130867e+03  3.72e-06 1.23e-15  2.23e-08     1s
  15  -5.05130786e+03 -5.05130787e+03  1.62e-10 9.54e-16  9.29e-11     1s

Barrier solved model in 15 iterations and 0.62 seconds
Optimal objective -5.05130786e+03


Root relaxation: objective -5.051308e+03, 49735 iterations, 0.77 seconds

    Nodes    |    Current Node    |     Objective Bounds      |     Work
 Expl Unexpl |  Obj  Depth IntInf | Incumbent    BestBd   Gap | It/Node Time

     0     0 -5051.3079    0  385    0.00000 -5051.3079      -     -    1s
H    0     0                    -4983.018728 -5051.3079  1.37%     -    1s

Explored 0 nodes (62243 simplex iterations) in 1.67 seconds
Thread count was 20 (of 20 available processors)

Solution count 2: -4983.02 0 
Pool objective bound -5051.31

Optimal solution found (tolerance 5.00e-02)
Best objective -4.983018728000e+03, best bound -5.051307860601e+03, gap 1.3704%
Changed value of parameter MIPGap to 0.05
   Prev: 0.0001  Min: 0.0  Max: 1e+100  Default: 0.0001
Changed value of parameter TimeLimit to 1800.0
   Prev: 1e+100  Min: 0.0  Max: 1e+100  Default: 1e+100
Changed value of parameter Method to 2
   Prev: -1  Min: -1  Max: 4  Default: -1
Changed value of parameter MIPFocus to 1
   Prev: 0  Min: 0  Max: 3  Default: 0
Optimize a model with 11306 rows, 59433 columns and 118866 nonzeros
Variable types: 0 continuous, 59433 integer (59433 binary)
Coefficient statistics:
  Matrix range     [1e+00, 2e+01]
  Objective range  [1e+00, 1e+00]
  Bounds range     [1e+00, 1e+00]
  RHS range        [8e+01, 8e+01]
Found heuristic solution: objective 0
Presolve time: 0.16s
Presolved: 11306 rows, 59433 columns, 118866 nonzeros
Variable types: 0 continuous, 59433 integer (59433 binary)
Presolved: 11306 rows, 59433 columns, 118866 nonzeros

Root barrier log...

Ordering time: 0.01s

Barrier statistics:
 AA' NZ     : 5.943e+04
 Factor NZ  : 2.442e+05 (roughly 30 MBytes of memory)
 Factor Ops : 3.907e+07 (less than 1 second per iteration)
 Threads    : 1

                  Objective                Residual
Iter       Primal          Dual         Primal    Dual     Compl     Time
   0  -2.38190993e+04 -4.96104563e+04  7.79e+01 0.00e+00  2.88e+00     0s
   1  -9.92230890e+03 -3.59300633e+04  1.82e+01 7.77e-16  7.03e-01     0s
   2  -5.60710420e+03 -1.60614234e+04  2.05e+00 8.88e-16  1.20e-01     0s
   3  -5.11786700e+03 -7.19366387e+03  4.08e-01 4.44e-15  2.02e-02     0s
   4  -5.07047189e+03 -5.89830954e+03  1.27e-01 9.06e-16  7.58e-03     0s
   5  -5.06131276e+03 -5.21339865e+03  5.61e-02 9.26e-16  1.50e-03     0s
   6  -5.05964547e+03 -5.12412836e+03  3.49e-02 4.44e-16  6.79e-04     0s
   7  -5.05819559e+03 -5.08265210e+03  1.41e-02 8.88e-16  2.60e-04     0s
   8  -5.05776226e+03 -5.07089857e+03  6.88e-03 8.95e-16  1.37e-04     0s
   9  -5.05763047e+03 -5.05916411e+03  3.69e-03 1.13e-15  2.72e-05     0s
  10  -5.05751432e+03 -5.05772115e+03  6.39e-04 8.88e-16  4.21e-06     1s
  11  -5.05749875e+03 -5.05755362e+03  7.32e-05 1.00e-15  7.44e-07     1s
  12  -5.05749839e+03 -5.05751587e+03  4.69e-05 8.88e-16  3.29e-07     1s
  13  -5.05749817e+03 -5.05750324e+03  2.13e-05 8.74e-16  1.25e-07     1s
  14  -5.05749807e+03 -5.05749914e+03  6.31e-06 8.88e-16  3.35e-08     1s
  15  -5.05749807e+03 -5.05749808e+03  4.67e-14 2.22e-15  9.51e-11     1s

Barrier solved model in 15 iterations and 0.61 seconds
Optimal objective -5.05749807e+03


Root relaxation: objective -5.057498e+03, 49749 iterations, 0.74 seconds

    Nodes    |    Current Node    |     Objective Bounds      |     Work
 Expl Unexpl |  Obj  Depth IntInf | Incumbent    BestBd   Gap | It/Node Time

     0     0 -5057.4981    0  387    0.00000 -5057.4981      -     -    1s
H    0     0                    -4982.094704 -5057.4981  1.51%     -    1s

Explored 0 nodes (65044 simplex iterations) in 1.62 seconds
Thread count was 20 (of 20 available processors)

Solution count 2: -4982.09 0 
Pool objective bound -5057.5

Optimal solution found (tolerance 5.00e-02)
Best objective -4.982094704000e+03, best bound -5.057498074144e+03, gap 1.5135%
Changed value of parameter MIPGap to 0.05
   Prev: 0.0001  Min: 0.0  Max: 1e+100  Default: 0.0001
Changed value of parameter TimeLimit to 1800.0
   Prev: 1e+100  Min: 0.0  Max: 1e+100  Default: 1e+100
Changed value of parameter Method to 2
   Prev: -1  Min: -1  Max: 4  Default: -1
Changed value of parameter MIPFocus to 1
   Prev: 0  Min: 0  Max: 3  Default: 0
Optimize a model with 11306 rows, 59433 columns and 118866 nonzeros
Variable types: 0 continuous, 59433 integer (59433 binary)
Coefficient statistics:
  Matrix range     [1e+00, 2e+01]
  Objective range  [1e+00, 1e+00]
  Bounds range     [1e+00, 1e+00]
  RHS range        [8e+01, 8e+01]
Found heuristic solution: objective 0
Presolve time: 0.16s
Presolved: 11306 rows, 59433 columns, 118866 nonzeros
Variable types: 0 continuous, 59433 integer (59433 binary)
Presolved: 11306 rows, 59433 columns, 118866 nonzeros

Root barrier log...

Ordering time: 0.01s

Barrier statistics:
 AA' NZ     : 5.943e+04
 Factor NZ  : 2.442e+05 (roughly 30 MBytes of memory)
 Factor Ops : 3.907e+07 (less than 1 second per iteration)
 Threads    : 1

                  Objective                Residual
Iter       Primal          Dual         Primal    Dual     Compl     Time
   0  -2.38964195e+04 -4.96970058e+04  7.79e+01 2.22e-16  2.88e+00     0s
   1  -9.95238553e+03 -3.59969187e+04  1.82e+01 7.77e-16  7.04e-01     0s
   2  -5.62982968e+03 -1.60943730e+04  2.09e+00 8.88e-16  1.21e-01     0s
   3  -5.13077180e+03 -7.20356175e+03  4.12e-01 2.00e-15  2.02e-02     0s
   4  -5.08156622e+03 -5.87570370e+03  1.20e-01 9.32e-16  7.26e-03     0s
   5  -5.07394939e+03 -5.21695285e+03  5.75e-02 1.11e-15  1.43e-03     0s
   6  -5.07174825e+03 -5.11963189e+03  2.96e-02 9.57e-16  5.18e-04     0s
   7  -5.07067285e+03 -5.07677487e+03  1.40e-02 1.02e-15  1.06e-04     0s
   8  -5.07025099e+03 -5.07154740e+03  6.72e-03 7.31e-16  3.70e-05     0s
   9  -5.07014716e+03 -5.07051341e+03  4.91e-03 1.05e-15  2.22e-05     0s
  10  -5.06996973e+03 -5.07002047e+03  1.53e-03 8.88e-16  6.39e-06     1s
  11  -5.06991235e+03 -5.06992842e+03  5.89e-04 1.01e-15  2.42e-06     1s
  12  -5.06989005e+03 -5.06989720e+03  2.08e-04 9.86e-16  8.70e-07     1s
  13  -5.06988376e+03 -5.06988655e+03  9.67e-05 1.33e-15  3.99e-07     1s
  14  -5.06987857e+03 -5.06987947e+03  2.38e-06 6.68e-16  1.68e-08     1s
  15  -5.06987850e+03 -5.06987850e+03  1.54e-14 9.09e-16  1.67e-11     1s

Barrier solved model in 15 iterations and 0.61 seconds
Optimal objective -5.06987850e+03


Root relaxation: objective -5.069879e+03, 49399 iterations, 0.76 seconds

    Nodes    |    Current Node    |     Objective Bounds      |     Work
 Expl Unexpl |  Obj  Depth IntInf | Incumbent    BestBd   Gap | It/Node Time

     0     0 -5069.8785    0  381    0.00000 -5069.8785      -     -    1s
H    0     0                    -4993.157600 -5069.8785  1.54%     -    1s

Explored 0 nodes (63305 simplex iterations) in 1.64 seconds
Thread count was 20 (of 20 available processors)

Solution count 2: -4993.16 0 
Pool objective bound -5069.88

Optimal solution found (tolerance 5.00e-02)
Best objective -4.993157600000e+03, best bound -5.069878501229e+03, gap 1.5365%
Changed value of parameter MIPGap to 0.05
   Prev: 0.0001  Min: 0.0  Max: 1e+100  Default: 0.0001
Changed value of parameter TimeLimit to 1800.0
   Prev: 1e+100  Min: 0.0  Max: 1e+100  Default: 1e+100
Changed value of parameter Method to 2
   Prev: -1  Min: -1  Max: 4  Default: -1
Changed value of parameter MIPFocus to 1
   Prev: 0  Min: 0  Max: 3  Default: 0
Optimize a model with 11306 rows, 59433 columns and 118866 nonzeros
Variable types: 0 continuous, 59433 integer (59433 binary)
Coefficient statistics:
  Matrix range     [1e+00, 2e+01]
  Objective range  [1e+00, 1e+00]
  Bounds range     [1e+00, 1e+00]
  RHS range        [8e+01, 8e+01]
Found heuristic solution: objective 0
Presolve time: 0.17s
Presolved: 11306 rows, 59433 columns, 118866 nonzeros
Variable types: 0 continuous, 59433 integer (59433 binary)
Presolved: 11306 rows, 59433 columns, 118866 nonzeros

Root barrier log...

Ordering time: 0.01s

Barrier statistics:
 AA' NZ     : 5.943e+04
 Factor NZ  : 2.442e+05 (roughly 30 MBytes of memory)
 Factor Ops : 3.907e+07 (less than 1 second per iteration)
 Threads    : 1

                  Objective                Residual
Iter       Primal          Dual         Primal    Dual     Compl     Time
   0  -2.39350795e+04 -4.97402806e+04  7.79e+01 2.22e-16  2.88e+00     0s
   1  -9.96745329e+03 -3.60303502e+04  1.82e+01 8.88e-16  7.05e-01     0s
   2  -5.64125037e+03 -1.61101639e+04  2.10e+00 9.44e-16  1.21e-01     0s
   3  -5.13713336e+03 -7.20708546e+03  4.14e-01 1.78e-15  2.02e-02     0s
   4  -5.08715925e+03 -5.88999287e+03  1.16e-01 1.55e-15  7.31e-03     0s
   5  -5.07972334e+03 -5.22415544e+03  5.51e-02 9.86e-16  1.44e-03     0s
   6  -5.07774094e+03 -5.12572472e+03  2.86e-02 1.11e-15  5.16e-04     0s
   7  -5.07677227e+03 -5.08299034e+03  1.36e-02 1.23e-15  1.05e-04     0s
   8  -5.07639658e+03 -5.07773676e+03  6.50e-03 1.18e-15  3.66e-05     0s
   9  -5.07630734e+03 -5.07674186e+03  4.80e-03 8.61e-16  2.23e-05     0s
  10  -5.07615282e+03 -5.07617880e+03  1.51e-03 1.15e-15  6.11e-06     1s
  11  -5.07610142e+03 -5.07611284e+03  6.07e-04 1.33e-15  2.46e-06     1s
  12  -5.07608487e+03 -5.07608660e+03  3.05e-04 7.08e-16  1.20e-06     1s
  13  -5.07607511e+03 -5.07607739e+03  1.24e-04 1.57e-15  5.01e-07     1s
  14  -5.07606894e+03 -5.07607050e+03  5.79e-06 8.88e-16  3.56e-08     1s
  15  -5.07606871e+03 -5.07606872e+03  3.15e-14 1.33e-15  4.90e-11     1s

Barrier solved model in 15 iterations and 0.62 seconds
Optimal objective -5.07606871e+03


Root relaxation: objective -5.076069e+03, 49451 iterations, 0.81 seconds

    Nodes    |    Current Node    |     Objective Bounds      |     Work
 Expl Unexpl |  Obj  Depth IntInf | Incumbent    BestBd   Gap | It/Node Time

     0     0 -5076.0687    0  366    0.00000 -5076.0687      -     -    1s
H    0     0                    -5006.124680 -5076.0687  1.40%     -    1s

Explored 0 nodes (67471 simplex iterations) in 1.73 seconds
Thread count was 20 (of 20 available processors)

Solution count 2: -5006.12 0 
Pool objective bound -5076.07

Optimal solution found (tolerance 5.00e-02)
Best objective -5.006124680000e+03, best bound -5.076068714771e+03, gap 1.3972%
Changed value of parameter MIPGap to 0.05
   Prev: 0.0001  Min: 0.0  Max: 1e+100  Default: 0.0001
Changed value of parameter TimeLimit to 1800.0
   Prev: 1e+100  Min: 0.0  Max: 1e+100  Default: 1e+100
Changed value of parameter Method to 2
   Prev: -1  Min: -1  Max: 4  Default: -1
Changed value of parameter MIPFocus to 1
   Prev: 0  Min: 0  Max: 3  Default: 0
Optimize a model with 11306 rows, 59433 columns and 118866 nonzeros
Variable types: 0 continuous, 59433 integer (59433 binary)
Coefficient statistics:
  Matrix range     [1e+00, 2e+01]
  Objective range  [1e+00, 1e+00]
  Bounds range     [1e+00, 1e+00]
  RHS range        [8e+01, 8e+01]
Found heuristic solution: objective 0
Presolve time: 0.17s
Presolved: 11306 rows, 59433 columns, 118866 nonzeros
Variable types: 0 continuous, 59433 integer (59433 binary)
Presolved: 11306 rows, 59433 columns, 118866 nonzeros

Root barrier log...

Ordering time: 0.01s

Barrier statistics:
 AA' NZ     : 5.943e+04
 Factor NZ  : 2.442e+05 (roughly 30 MBytes of memory)
 Factor Ops : 3.907e+07 (less than 1 second per iteration)
 Threads    : 1

                  Objective                Residual
Iter       Primal          Dual         Primal    Dual     Compl     Time
   0  -2.41283791e+04 -4.99566543e+04  7.79e+01 2.22e-16  2.90e+00     0s
   1  -1.00430836e+04 -3.61975439e+04  1.82e+01 8.88e-16  7.08e-01     0s
   2  -5.69846143e+03 -1.61894814e+04  2.18e+00 1.11e-15  1.22e-01     0s
   3  -5.16559033e+03 -7.16939928e+03  4.17e-01 1.55e-15  1.96e-02     0s
   4  -5.10424839e+03 -6.05024846e+03  5.73e-02 8.88e-16  8.23e-03     0s
   5  -5.10369375e+03 -5.37365002e+03  2.55e-02 8.88e-16  2.37e-03     0s
   6  -5.10509403e+03 -5.18845862e+03  1.08e-02 7.32e-16  7.42e-04     0s
   7  -5.10614049e+03 -5.13093158e+03  3.82e-03 1.11e-15  2.23e-04     0s
   8  -5.10653021e+03 -5.12098547e+03  1.98e-03 9.93e-16  1.29e-04     0s
   9  -5.10677427e+03 -5.11172814e+03  9.58e-04 8.88e-16  4.53e-05     0s
  10  -5.10692917e+03 -5.10744000e+03  3.20e-04 1.30e-15  5.55e-06     1s
  11  -5.10698855e+03 -5.10708548e+03  1.07e-04 8.08e-16  1.24e-06     1s
  12  -5.10700756e+03 -5.10703788e+03  4.11e-05 1.11e-15  4.18e-07     1s
  13  -5.10701299e+03 -5.10702437e+03  2.25e-05 9.43e-16  1.85e-07     1s
  14  -5.10701968e+03 -5.10701995e+03  3.19e-07 1.11e-15  3.54e-09     1s
  15  -5.10701978e+03 -5.10701978e+03  3.59e-14 6.66e-16  3.52e-12     1s

Barrier solved model in 15 iterations and 0.62 seconds
Optimal objective -5.10701978e+03


Root relaxation: objective -5.107020e+03, 49370 iterations, 0.77 seconds

    Nodes    |    Current Node    |     Objective Bounds      |     Work
 Expl Unexpl |  Obj  Depth IntInf | Incumbent    BestBd   Gap | It/Node Time

     0     0 -5107.0198    0  418    0.00000 -5107.0198      -     -    1s
H    0     0                    -5031.788400 -5107.0198  1.50%     -    1s

Explored 0 nodes (63240 simplex iterations) in 1.48 seconds
Thread count was 20 (of 20 available processors)

Solution count 2: -5031.79 0 
Pool objective bound -5107.02

Optimal solution found (tolerance 5.00e-02)
Best objective -5.031788400000e+03, best bound -5.107019782483e+03, gap 1.4951%
Changed value of parameter MIPGap to 0.05
   Prev: 0.0001  Min: 0.0  Max: 1e+100  Default: 0.0001
Changed value of parameter TimeLimit to 1800.0
   Prev: 1e+100  Min: 0.0  Max: 1e+100  Default: 1e+100
Changed value of parameter Method to 2
   Prev: -1  Min: -1  Max: 4  Default: -1
Changed value of parameter MIPFocus to 1
   Prev: 0  Min: 0  Max: 3  Default: 0
Optimize a model with 11306 rows, 59433 columns and 118866 nonzeros
Variable types: 0 continuous, 59433 integer (59433 binary)
Coefficient statistics:
  Matrix range     [1e+00, 2e+01]
  Objective range  [1e+00, 1e+00]
  Bounds range     [1e+00, 1e+00]
  RHS range        [8e+01, 8e+01]
Found heuristic solution: objective 0
Presolve time: 0.16s
Presolved: 11306 rows, 59433 columns, 118866 nonzeros
Variable types: 0 continuous, 59433 integer (59433 binary)
Presolved: 11306 rows, 59433 columns, 118866 nonzeros

Root barrier log...

Ordering time: 0.01s

Barrier statistics:
 AA' NZ     : 5.943e+04
 Factor NZ  : 2.442e+05 (roughly 30 MBytes of memory)
 Factor Ops : 3.907e+07 (less than 1 second per iteration)
 Threads    : 1

                  Objective                Residual
Iter       Primal          Dual         Primal    Dual     Compl     Time
   0  -2.45149756e+04 -5.03894019e+04  7.79e+01 0.00e+00  2.92e+00     0s
   1  -1.01957721e+04 -3.65320995e+04  1.82e+01 8.88e-16  7.15e-01     0s
   2  -5.81307316e+03 -1.63498268e+04  2.34e+00 8.88e-16  1.26e-01     0s
   3  -5.22177092e+03 -7.08831467e+03  4.03e-01 1.55e-15  1.84e-02     0s
   4  -5.16515547e+03 -6.03600639e+03  5.30e-02 9.23e-16  7.58e-03     0s
   5  -5.16549671e+03 -5.42581855e+03  1.68e-02 7.45e-16  2.26e-03     0s
   6  -5.16676586e+03 -5.24868573e+03  8.02e-03 9.33e-16  7.20e-04     0s
   7  -5.16782072e+03 -5.19257914e+03  3.60e-03 3.55e-15  2.22e-04     0s
   8  -5.16834690e+03 -5.18444026e+03  1.71e-03 2.00e-15  1.42e-04     0s
   9  -5.16856842e+03 -5.17472298e+03  1.04e-03 1.10e-15  5.58e-05     0s
  10  -5.16864304e+03 -5.16981789e+03  8.16e-04 1.20e-15  1.32e-05     1s
  11  -5.16884312e+03 -5.16916103e+03  2.25e-04 1.55e-15  3.58e-06     1s
  12  -5.16886915e+03 -5.16900513e+03  1.50e-04 6.66e-16  1.75e-06     1s
  13  -5.16889944e+03 -5.16893361e+03  6.32e-05 1.55e-15  5.43e-07     1s
  14  -5.16892167e+03 -5.16892465e+03  3.79e-07 1.27e-15  2.65e-08     1s
  15  -5.16892192e+03 -5.16892192e+03  6.72e-14 9.06e-16  2.70e-11     1s

Barrier solved model in 15 iterations and 0.63 seconds
Optimal objective -5.16892192e+03


Root relaxation: objective -5.168922e+03, 49384 iterations, 0.78 seconds

    Nodes    |    Current Node    |     Objective Bounds      |     Work
 Expl Unexpl |  Obj  Depth IntInf | Incumbent    BestBd   Gap | It/Node Time

     0     0 -5168.9219    0  351    0.00000 -5168.9219      -     -    1s
H    0     0                    -5086.444480 -5168.9219  1.62%     -    1s

Explored 0 nodes (64672 simplex iterations) in 1.67 seconds
Thread count was 20 (of 20 available processors)

Solution count 2: -5086.44 0 
Pool objective bound -5168.92

Optimal solution found (tolerance 5.00e-02)
Best objective -5.086444480000e+03, best bound -5.168921917909e+03, gap 1.6215%
Changed value of parameter MIPGap to 0.05
   Prev: 0.0001  Min: 0.0  Max: 1e+100  Default: 0.0001
Changed value of parameter TimeLimit to 1800.0
   Prev: 1e+100  Min: 0.0  Max: 1e+100  Default: 1e+100
Changed value of parameter Method to 2
   Prev: -1  Min: -1  Max: 4  Default: -1
Changed value of parameter MIPFocus to 1
   Prev: 0  Min: 0  Max: 3  Default: 0
Optimize a model with 11306 rows, 59433 columns and 118866 nonzeros
Variable types: 0 continuous, 59433 integer (59433 binary)
Coefficient statistics:
  Matrix range     [1e+00, 2e+01]
  Objective range  [1e+00, 1e+00]
  Bounds range     [1e+00, 1e+00]
  RHS range        [8e+01, 8e+01]
Found heuristic solution: objective 0
Presolve time: 0.17s
Presolved: 11306 rows, 59433 columns, 118866 nonzeros
Variable types: 0 continuous, 59433 integer (59433 binary)
Presolved: 11306 rows, 59433 columns, 118866 nonzeros

Root barrier log...

Ordering time: 0.01s

Barrier statistics:
 AA' NZ     : 5.943e+04
 Factor NZ  : 2.442e+05 (roughly 30 MBytes of memory)
 Factor Ops : 3.907e+07 (less than 1 second per iteration)
 Threads    : 1

                  Objective                Residual
Iter       Primal          Dual         Primal    Dual     Compl     Time
   0  -2.52881582e+04 -5.12548970e+04  7.79e+01 0.00e+00  2.96e+00     0s
   1  -1.05066078e+04 -3.72017767e+04  1.83e+01 8.88e-16  7.29e-01     0s
   2  -6.04059383e+03 -1.66766908e+04  2.62e+00 9.44e-16  1.32e-01     0s
   3  -5.31968616e+03 -7.22920721e+03  3.37e-01 1.33e-15  1.83e-02     0s
   4  -5.28777071e+03 -6.10772130e+03  6.18e-02 9.33e-15  7.19e-03     0s
   5  -5.28896686e+03 -5.45898411e+03  1.78e-02 9.27e-16  1.50e-03     0s
   6  -5.29024196e+03 -5.34701894e+03  1.07e-02 8.88e-16  5.20e-04     0s
   7  -5.29162857e+03 -5.30733759e+03  4.03e-03 1.55e-15  1.48e-04     0s
   8  -5.29208231e+03 -5.29825482e+03  2.30e-03 6.66e-16  6.12e-05     0s
   9  -5.29246476e+03 -5.29407701e+03  1.17e-03 2.00e-15  1.83e-05     1s
  10  -5.29266114e+03 -5.29294074e+03  2.67e-04 2.66e-15  3.44e-06     1s
  11  -5.29269646e+03 -5.29279869e+03  1.20e-04 1.34e-15  1.35e-06     1s
  12  -5.29272397e+03 -5.29274825e+03  6.86e-06 3.11e-15  2.32e-07     1s
  13  -5.29272614e+03 -5.29272941e+03  5.56e-08 8.88e-16  2.76e-08     1s
  14  -5.29272619e+03 -5.29272620e+03  1.12e-13 8.90e-16  7.01e-11     1s

Barrier solved model in 14 iterations and 0.63 seconds
Optimal objective -5.29272619e+03


Root relaxation: objective -5.292726e+03, 49358 iterations, 0.73 seconds

    Nodes    |    Current Node    |     Objective Bounds      |     Work
 Expl Unexpl |  Obj  Depth IntInf | Incumbent    BestBd   Gap | It/Node Time

     0     0 -5292.7262    0  410    0.00000 -5292.7262      -     -    1s
H    0     0                    -5213.686400 -5292.7262  1.52%     -    1s

Explored 0 nodes (63292 simplex iterations) in 1.62 seconds
Thread count was 20 (of 20 available processors)

Solution count 2: -5213.69 0 
Pool objective bound -5292.73

Optimal solution found (tolerance 5.00e-02)
Best objective -5.213686400000e+03, best bound -5.292726188758e+03, gap 1.5160%
Changed value of parameter MIPGap to 0.05
   Prev: 0.0001  Min: 0.0  Max: 1e+100  Default: 0.0001
Changed value of parameter TimeLimit to 1800.0
   Prev: 1e+100  Min: 0.0  Max: 1e+100  Default: 1e+100
Changed value of parameter Method to 2
   Prev: -1  Min: -1  Max: 4  Default: -1
Changed value of parameter MIPFocus to 1
   Prev: 0  Min: 0  Max: 3  Default: 0
Optimize a model with 11306 rows, 59433 columns and 118866 nonzeros
Variable types: 0 continuous, 59433 integer (59433 binary)
Coefficient statistics:
  Matrix range     [1e+00, 2e+01]
  Objective range  [1e+00, 1e+00]
  Bounds range     [1e+00, 1e+00]
  RHS range        [8e+01, 8e+01]
Found heuristic solution: objective 0
Presolve time: 0.16s
Presolved: 11306 rows, 59433 columns, 118866 nonzeros
Variable types: 0 continuous, 59433 integer (59433 binary)
Presolved: 11306 rows, 59433 columns, 118866 nonzeros

Root barrier log...

Ordering time: 0.01s

Barrier statistics:
 AA' NZ     : 5.943e+04
 Factor NZ  : 2.442e+05 (roughly 30 MBytes of memory)
 Factor Ops : 3.907e+07 (less than 1 second per iteration)
 Threads    : 1

                  Objective                Residual
Iter       Primal          Dual         Primal    Dual     Compl     Time
   0  -2.56747444e+04 -5.16876446e+04  7.79e+01 0.00e+00  2.99e+00     0s
   1  -1.06646151e+04 -3.75368446e+04  1.84e+01 8.88e-16  7.36e-01     0s
   2  -6.15415944e+03 -1.68429037e+04  2.76e+00 8.88e-16  1.35e-01     0s
   3  -5.37215631e+03 -7.35118019e+03  3.19e-01 1.33e-15  1.88e-02     0s
   4  -5.34728338e+03 -6.19945722e+03  6.02e-02 8.29e-16  7.46e-03     0s
   5  -5.35018210e+03 -5.52839741e+03  1.65e-02 1.09e-15  1.57e-03     0s
   6  -5.35178909e+03 -5.41314235e+03  9.62e-03 3.33e-15  5.55e-04     0s
   7  -5.35324998e+03 -5.36353886e+03  4.32e-03 4.00e-15  1.04e-04     0s
   8  -5.35372431e+03 -5.35999499e+03  2.80e-03 1.30e-15  6.42e-05     0s
   9  -5.35410475e+03 -5.35653141e+03  1.81e-03 1.11e-15  2.79e-05     0s
  10  -5.35449756e+03 -5.35488802e+03  4.33e-04 1.18e-15  5.08e-06     1s
  11  -5.35458474e+03 -5.35474625e+03  1.40e-04 1.52e-15  1.94e-06     1s
  12  -5.35462520e+03 -5.35466331e+03  7.52e-06 6.66e-16  3.51e-07     1s
  13  -5.35462823e+03 -5.35463338e+03  1.00e-07 7.17e-16  4.35e-08     1s
  14  -5.35462832e+03 -5.35462843e+03  7.52e-10 8.88e-16  9.54e-10     1s
  15  -5.35462832e+03 -5.35462832e+03  1.22e-14 1.54e-15  9.54e-13     1s

Barrier solved model in 15 iterations and 0.62 seconds
Optimal objective -5.35462832e+03


Root relaxation: objective -5.354628e+03, 49278 iterations, 0.73 seconds

    Nodes    |    Current Node    |     Objective Bounds      |     Work
 Expl Unexpl |  Obj  Depth IntInf | Incumbent    BestBd   Gap | It/Node Time

     0     0 -5354.6283    0  372    0.00000 -5354.6283      -     -    1s
H    0     0                    -5273.758800 -5354.6283  1.53%     -    1s

Explored 0 nodes (63182 simplex iterations) in 1.59 seconds
Thread count was 20 (of 20 available processors)

Solution count 2: -5273.76 0 
Pool objective bound -5354.63

Optimal solution found (tolerance 5.00e-02)
Best objective -5.273758800000e+03, best bound -5.354628324183e+03, gap 1.5334%
Changed value of parameter MIPGap to 0.05
   Prev: 0.0001  Min: 0.0  Max: 1e+100  Default: 0.0001
Changed value of parameter TimeLimit to 1800.0
   Prev: 1e+100  Min: 0.0  Max: 1e+100  Default: 1e+100
Changed value of parameter Method to 2
   Prev: -1  Min: -1  Max: 4  Default: -1
Changed value of parameter MIPFocus to 1
   Prev: 0  Min: 0  Max: 3  Default: 0
Optimize a model with 11306 rows, 59433 columns and 118866 nonzeros
Variable types: 0 continuous, 59433 integer (59433 binary)
Coefficient statistics:
  Matrix range     [1e+00, 2e+01]
  Objective range  [1e+00, 2e+00]
  Bounds range     [1e+00, 1e+00]
  RHS range        [8e+01, 8e+01]
Found heuristic solution: objective 0
Presolve time: 0.16s
Presolved: 11306 rows, 59433 columns, 118866 nonzeros
Variable types: 0 continuous, 59433 integer (59433 binary)
Presolved: 11306 rows, 59433 columns, 118866 nonzeros

Root barrier log...

Ordering time: 0.01s

Barrier statistics:
 AA' NZ     : 5.943e+04
 Factor NZ  : 2.442e+05 (roughly 30 MBytes of memory)
 Factor Ops : 3.907e+07 (less than 1 second per iteration)
 Threads    : 1

                  Objective                Residual
Iter       Primal          Dual         Primal    Dual     Compl     Time
   0  -2.76088006e+04 -5.94669733e+04  7.79e+01 0.00e+00  3.47e+00     0s
   1  -1.13641112e+04 -4.30079215e+04  1.84e+01 1.11e-15  8.56e-01     0s
   2  -6.77291679e+03 -2.01676684e+04  3.48e+00 1.55e-15  1.80e-01     0s
   3  -5.61864553e+03 -8.34239993e+03  1.87e-01 1.55e-15  2.44e-02     0s
   4  -5.63755381e+03 -6.19623368e+03  5.72e-02 3.11e-15  4.98e-03     0s
   5  -5.65587010e+03 -5.80990982e+03  1.35e-02 1.55e-15  1.35e-03     0s
   6  -5.65956987e+03 -5.71823146e+03  6.97e-03 1.11e-15  5.23e-04     0s
   7  -5.66161733e+03 -5.67373595e+03  3.74e-03 1.23e-15  1.18e-04     0s
   8  -5.66295650e+03 -5.66867215e+03  1.72e-03 7.51e-16  5.55e-05     0s
   9  -5.66326704e+03 -5.66579135e+03  1.31e-03 9.27e-16  2.70e-05     0s
  10  -5.66389200e+03 -5.66441439e+03  4.12e-04 8.88e-16  6.20e-06     1s
  11  -5.66401810e+03 -5.66418010e+03  2.09e-04 1.11e-15  2.28e-06     1s
  12  -5.66413704e+03 -5.66414243e+03  3.11e-06 1.11e-15  5.89e-08     1s
  13  -5.66413900e+03 -5.66413900e+03  6.59e-11 1.78e-15  9.18e-13     1s

Barrier solved model in 13 iterations and 0.57 seconds
Optimal objective -5.66413900e+03


Root relaxation: objective -5.664139e+03, 49359 iterations, 0.72 seconds

    Nodes    |    Current Node    |     Objective Bounds      |     Work
 Expl Unexpl |  Obj  Depth IntInf | Incumbent    BestBd   Gap | It/Node Time

     0     0 -5664.1390    0  369    0.00000 -5664.1390      -     -    1s
H    0     0                    -5578.795200 -5664.1390  1.53%     -    1s

Explored 0 nodes (66064 simplex iterations) in 1.64 seconds
Thread count was 20 (of 20 available processors)

Solution count 2: -5578.8 0 
Pool objective bound -5664.14

Optimal solution found (tolerance 5.00e-02)
Best objective -5.578795200000e+03, best bound -5.664139001307e+03, gap 1.5298%
Changed value of parameter MIPGap to 0.05
   Prev: 0.0001  Min: 0.0  Max: 1e+100  Default: 0.0001
Changed value of parameter TimeLimit to 1800.0
   Prev: 1e+100  Min: 0.0  Max: 1e+100  Default: 1e+100
Changed value of parameter Method to 2
   Prev: -1  Min: -1  Max: 4  Default: -1
Changed value of parameter MIPFocus to 1
   Prev: 0  Min: 0  Max: 3  Default: 0
Optimize a model with 11306 rows, 59433 columns and 118866 nonzeros
Variable types: 0 continuous, 59433 integer (59433 binary)
Coefficient statistics:
  Matrix range     [1e+00, 2e+01]
  Objective range  [1e+00, 3e+00]
  Bounds range     [1e+00, 1e+00]
  RHS range        [8e+01, 8e+01]
Found heuristic solution: objective 0
Presolve time: 0.16s
Presolved: 11306 rows, 59433 columns, 118866 nonzeros
Variable types: 0 continuous, 59433 integer (59433 binary)
Presolved: 11306 rows, 59433 columns, 118866 nonzeros

Root barrier log...

Ordering time: 0.01s

Barrier statistics:
 AA' NZ     : 5.943e+04
 Factor NZ  : 2.442e+05 (roughly 30 MBytes of memory)
 Factor Ops : 3.907e+07 (less than 1 second per iteration)
 Threads    : 1

                  Objective                Residual
Iter       Primal          Dual         Primal    Dual     Compl     Time
   0  -3.14789446e+04 -9.00811096e+04  7.79e+01 0.00e+00  5.41e+00     0s
   1  -1.26890065e+04 -6.41559866e+04  1.84e+01 1.33e-15  1.33e+00     0s
   2  -7.20274846e+03 -2.77266877e+04  2.78e+00 1.33e-15  2.51e-01     0s
   3  -6.18040010e+03 -9.90220749e+03  1.04e-01 2.22e-15  3.22e-02     0s
   4  -6.22271044e+03 -7.22243060e+03  3.49e-02 1.33e-15  8.60e-03     0s
   5  -6.26899533e+03 -6.63328857e+03  5.17e-03 1.33e-15  3.08e-03     0s
   6  -6.27815962e+03 -6.37961928e+03  1.52e-03 1.33e-15  8.58e-04     0s
   7  -6.28037959e+03 -6.30713470e+03  8.08e-04 8.88e-16  2.28e-04     0s
   8  -6.28056486e+03 -6.29326960e+03  7.53e-04 8.88e-16  1.10e-04     0s
   9  -6.28211743e+03 -6.28581365e+03  2.98e-04 9.35e-16  3.25e-05     0s
  10  -6.28286799e+03 -6.28375236e+03  7.93e-05 1.42e-15  7.82e-06     1s
  11  -6.28300969e+03 -6.28325108e+03  4.07e-05 8.88e-16  2.23e-06     1s
  12  -6.28315527e+03 -6.28317836e+03  1.33e-06 9.99e-16  2.00e-07     1s
  13  -6.28316035e+03 -6.28316045e+03  3.08e-14 1.05e-15  8.07e-10     1s
  14  -6.28316036e+03 -6.28316036e+03  5.04e-14 1.06e-15  8.41e-16     1s

Barrier solved model in 14 iterations and 0.59 seconds
Optimal objective -6.28316036e+03


Root relaxation: objective -6.283160e+03, 46757 iterations, 0.73 seconds

    Nodes    |    Current Node    |     Objective Bounds      |     Work
 Expl Unexpl |  Obj  Depth IntInf | Incumbent    BestBd   Gap | It/Node Time

     0     0 -6283.1604    0  373    0.00000 -6283.1604      -     -    1s
H    0     0                    -6190.000000 -6283.1604  1.51%     -    1s

Explored 0 nodes (62105 simplex iterations) in 1.64 seconds
Thread count was 20 (of 20 available processors)

Solution count 2: -6190 0 
Pool objective bound -6283.16

Optimal solution found (tolerance 5.00e-02)
Best objective -6.190000000000e+03, best bound -6.283160355556e+03, gap 1.5050%
Changed value of parameter MIPGap to 0.05
   Prev: 0.0001  Min: 0.0  Max: 1e+100  Default: 0.0001
Changed value of parameter TimeLimit to 1800.0
   Prev: 1e+100  Min: 0.0  Max: 1e+100  Default: 1e+100
Changed value of parameter Method to 2
   Prev: -1  Min: -1  Max: 4  Default: -1
Changed value of parameter MIPFocus to 1
   Prev: 0  Min: 0  Max: 3  Default: 0
Optimize a model with 11306 rows, 59433 columns and 118866 nonzeros
Variable types: 0 continuous, 59433 integer (59433 binary)
Coefficient statistics:
  Matrix range     [1e+00, 2e+01]
  Objective range  [1e+00, 4e+00]
  Bounds range     [1e+00, 1e+00]
  RHS range        [8e+01, 8e+01]
Found heuristic solution: objective 0
Presolve time: 0.16s
Presolved: 11306 rows, 59433 columns, 118866 nonzeros
Variable types: 0 continuous, 59433 integer (59433 binary)
Presolved: 11306 rows, 59433 columns, 118866 nonzeros

Root barrier log...

Ordering time: 0.01s

Barrier statistics:
 AA' NZ     : 5.943e+04
 Factor NZ  : 2.442e+05 (roughly 30 MBytes of memory)
 Factor Ops : 3.907e+07 (less than 1 second per iteration)
 Threads    : 1

                  Objective                Residual
Iter       Primal          Dual         Primal    Dual     Compl     Time
   0  -3.92174943e+04 -1.51309382e+05  7.79e+01 2.22e-16  9.29e+00     0s
   1  -1.53573039e+04 -1.06656969e+05  1.80e+01 2.66e-15  2.25e+00     0s
   2  -8.52734598e+03 -4.45398907e+04  2.47e+00 2.44e-15  4.18e-01     0s
   3  -7.40883253e+03 -1.26844468e+04  1.09e-01 2.66e-15  4.57e-02     0s
   4  -7.47069673e+03 -8.09049098e+03  2.51e-02 1.95e-14  5.37e-03     0s
   5  -7.49077523e+03 -7.83474511e+03  1.76e-02 1.78e-14  3.00e-03     0s
   6  -7.50207124e+03 -7.69826293e+03  1.38e-02 1.78e-15  1.73e-03     0s
   7  -7.51264496e+03 -7.64154940e+03  1.03e-02 1.12e-15  1.14e-03     0s
   8  -7.51887774e+03 -7.59145760e+03  8.05e-03 9.77e-15  6.57e-04     0s
   9  -7.52371059e+03 -7.57302843e+03  6.45e-03 8.88e-15  4.52e-04     0s
  10  -7.52624817e+03 -7.55925170e+03  5.53e-03 1.78e-15  3.10e-04     1s
  11  -7.52838049e+03 -7.55266508e+03  4.75e-03 1.78e-15  2.32e-04     1s
  12  -7.53012902e+03 -7.54959903e+03  4.10e-03 1.78e-15  1.88e-04     1s
  13  -7.53275673e+03 -7.54709923e+03  3.07e-03 1.78e-15  1.39e-04     1s
  14  -7.53497673e+03 -7.54415764e+03  2.19e-03 1.78e-15  9.01e-05     1s
  15  -7.53622927e+03 -7.54322288e+03  1.71e-03 2.66e-15  6.89e-05     1s
  16  -7.53672895e+03 -7.54218733e+03  1.52e-03 1.49e-15  5.48e-05     1s
  17  -7.53932270e+03 -7.54091192e+03  4.52e-04 9.77e-15  1.60e-05     1s
  18  -7.53945002e+03 -7.54072935e+03  4.01e-04 1.78e-15  1.31e-05     1s
  19  -7.53980967e+03 -7.54067590e+03  2.57e-04 1.78e-15  8.79e-06     1s
  20  -7.53989814e+03 -7.54058429e+03  2.21e-04 1.12e-15  7.07e-06     1s
  21  -7.54005991e+03 -7.54051703e+03  1.58e-04 1.78e-15  4.78e-06     1s
  22  -7.54043816e+03 -7.54046908e+03  3.55e-06 1.78e-15  2.80e-07     1s
  23  -7.54044759e+03 -7.54044763e+03  7.21e-13 1.78e-15  3.15e-10     1s

Barrier solved model in 23 iterations and 0.80 seconds
Optimal objective -7.54044759e+03


Root relaxation: objective -7.540448e+03, 50597 iterations, 0.91 seconds

    Nodes    |    Current Node    |     Objective Bounds      |     Work
 Expl Unexpl |  Obj  Depth IntInf | Incumbent    BestBd   Gap | It/Node Time

     0     0 -7540.4476    0  462    0.00000 -7540.4476      -     -    1s
H    0     0                    -7399.240000 -7540.4476  1.91%     -    1s

Explored 0 nodes (63397 simplex iterations) in 1.94 seconds
Thread count was 20 (of 20 available processors)

Solution count 2: -7399.24 0 
Pool objective bound -7540.45

Optimal solution found (tolerance 5.00e-02)
Best objective -7.399240000000e+03, best bound -7.540447602614e+03, gap 1.9084%
Changed value of parameter MIPGap to 0.05
   Prev: 0.0001  Min: 0.0  Max: 1e+100  Default: 0.0001
Changed value of parameter TimeLimit to 1800.0
   Prev: 1e+100  Min: 0.0  Max: 1e+100  Default: 1e+100
Changed value of parameter Method to 2
   Prev: -1  Min: -1  Max: 4  Default: -1
Changed value of parameter MIPFocus to 1
   Prev: 0  Min: 0  Max: 3  Default: 0
Optimize a model with 11306 rows, 59433 columns and 118866 nonzeros
Variable types: 0 continuous, 59433 integer (59433 binary)
Coefficient statistics:
  Matrix range     [1e+00, 2e+01]
  Objective range  [1e+00, 5e+00]
  Bounds range     [1e+00, 1e+00]
  RHS range        [8e+01, 8e+01]
Found heuristic solution: objective 0
Presolve time: 0.16s
Presolved: 11306 rows, 59433 columns, 118866 nonzeros
Variable types: 0 continuous, 59433 integer (59433 binary)
Presolved: 11306 rows, 59433 columns, 118866 nonzeros

Root barrier log...

Ordering time: 0.01s

Barrier statistics:
 AA' NZ     : 5.943e+04
 Factor NZ  : 2.442e+05 (roughly 30 MBytes of memory)
 Factor Ops : 3.907e+07 (less than 1 second per iteration)
 Threads    : 1

                  Objective                Residual
Iter       Primal          Dual         Primal    Dual     Compl     Time
   0  -4.30865006e+04 -1.81923519e+05  7.79e+01 2.22e-16  1.12e+01     0s
   1  -1.67750837e+04 -1.27958708e+05  1.80e+01 2.89e-15  2.72e+00     0s
   2  -9.22748894e+03 -5.30503823e+04  2.40e+00 2.66e-15  5.03e-01     0s
   3  -8.02632003e+03 -1.39944973e+04  7.35e-02 3.11e-15  5.12e-02     0s
   4  -8.12434194e+03 -9.14393991e+03  1.35e-02 1.78e-15  8.66e-03     0s
   5  -8.14703574e+03 -8.84546831e+03  1.08e-02 1.78e-15  5.94e-03     0s
   6  -8.16286682e+03 -8.64087192e+03  8.78e-03 2.51e-15  4.07e-03     0s
   7  -8.17489068e+03 -8.44087040e+03  7.37e-03 1.78e-15  2.28e-03     0s
   8  -8.18712254e+03 -8.37345649e+03  5.67e-03 1.78e-15  1.60e-03     0s
   9  -8.19095352e+03 -8.30872647e+03  5.08e-03 1.78e-15  1.02e-03     0s
  10  -8.20283571e+03 -8.27336889e+03  3.35e-03 1.78e-15  6.14e-04     1s
  11  -8.20669581e+03 -8.24950855e+03  2.77e-03 1.78e-15  3.77e-04     1s
  12  -8.21053724e+03 -8.23864954e+03  2.20e-03 1.78e-15  2.50e-04     1s
  13  -8.21347124e+03 -8.23357072e+03  1.73e-03 1.78e-15  1.80e-04     1s
  14  -8.21762830e+03 -8.23265343e+03  1.08e-03 1.78e-15  1.33e-04     1s
  15  -8.21899371e+03 -8.22998795e+03  8.88e-04 1.78e-15  9.80e-05     1s
  16  -8.22274821e+03 -8.22737308e+03  2.79e-04 1.10e-15  4.06e-05     1s
  17  -8.22348335e+03 -8.22549883e+03  1.57e-04 1.78e-15  1.79e-05     1s
  18  -8.22387697e+03 -8.22518373e+03  9.47e-05 1.78e-15  1.16e-05     1s
  19  -8.22402478e+03 -8.22494013e+03  7.13e-05 1.78e-15  8.14e-06     1s
  20  -8.22422194e+03 -8.22476946e+03  4.06e-05 1.78e-15  4.86e-06     1s
  21  -8.22428065e+03 -8.22456250e+03  3.16e-05 1.78e-15  2.57e-06     1s
  22  -8.22428702e+03 -8.22453139e+03  3.06e-05 1.78e-15  2.25e-06     1s
  23  -8.22447698e+03 -8.22449037e+03  2.97e-07 1.78e-15  1.14e-07     1s
  24  -8.22447944e+03 -8.22447945e+03  3.42e-13 1.78e-15  1.17e-10     1s

Barrier solved model in 24 iterations and 0.82 seconds
Optimal objective -8.22447944e+03


Root relaxation: objective -8.224479e+03, 50579 iterations, 0.93 seconds

    Nodes    |    Current Node    |     Objective Bounds      |     Work
 Expl Unexpl |  Obj  Depth IntInf | Incumbent    BestBd   Gap | It/Node Time

     0     0 -8224.4794    0  503    0.00000 -8224.4794      -     -    1s
H    0     0                    -8065.800000 -8224.4794  1.97%     -    1s

Explored 0 nodes (61908 simplex iterations) in 1.97 seconds
Thread count was 20 (of 20 available processors)

Solution count 2: -8065.8 0 
Pool objective bound -8224.48

Optimal solution found (tolerance 5.00e-02)
Best objective -8.065800000000e+03, best bound -8.224479437908e+03, gap 1.9673%
Changed value of parameter MIPGap to 0.05
   Prev: 0.0001  Min: 0.0  Max: 1e+100  Default: 0.0001
Changed value of parameter TimeLimit to 1800.0
   Prev: 1e+100  Min: 0.0  Max: 1e+100  Default: 1e+100
Changed value of parameter Method to 2
   Prev: -1  Min: -1  Max: 4  Default: -1
Changed value of parameter MIPFocus to 1
   Prev: 0  Min: 0  Max: 3  Default: 0
Optimize a model with 11306 rows, 59433 columns and 118866 nonzeros
Variable types: 0 continuous, 59433 integer (59433 binary)
Coefficient statistics:
  Matrix range     [1e+00, 2e+01]
  Objective range  [2e+00, 9e+00]
  Bounds range     [1e+00, 1e+00]
  RHS range        [8e+01, 8e+01]
Found heuristic solution: objective 0
Presolve time: 0.17s
Presolved: 11306 rows, 59433 columns, 118866 nonzeros
Variable types: 0 continuous, 59433 integer (59433 binary)
Presolved: 11306 rows, 59433 columns, 118866 nonzeros

Root barrier log...

Ordering time: 0.01s

Barrier statistics:
 AA' NZ     : 5.943e+04
 Factor NZ  : 2.442e+05 (roughly 30 MBytes of memory)
 Factor Ops : 3.907e+07 (less than 1 second per iteration)
 Threads    : 1

                  Objective                Residual
Iter       Primal          Dual         Primal    Dual     Compl     Time
   0  -6.24308377e+04 -3.34994200e+05  7.79e+01 8.88e-16  2.09e+01     0s
   1  -2.39771124e+04 -2.34458518e+05  1.81e+01 5.77e-15  5.10e+00     0s
   2  -1.27663116e+04 -9.62614263e+04  2.13e+00 5.77e-15  9.22e-01     0s
   3  -1.12254524e+04 -2.81708186e+04  8.78e-03 5.33e-15  1.42e-01     0s
   4  -1.14101792e+04 -1.51334442e+04  2.87e-03 3.55e-15  3.12e-02     0s
   5  -1.14778375e+04 -1.34482855e+04  2.11e-03 3.55e-15  1.65e-02     0s
   6  -1.15229631e+04 -1.25230362e+04  1.55e-03 3.55e-15  8.40e-03     0s
   7  -1.15827162e+04 -1.21485874e+04  7.32e-04 3.55e-15  4.75e-03     0s
   8  -1.16011026e+04 -1.18823379e+04  4.99e-04 3.55e-15  2.36e-03     0s
   9  -1.16165181e+04 -1.17496242e+04  3.21e-04 3.55e-15  1.12e-03     0s
  10  -1.16278132e+04 -1.16814967e+04  1.90e-04 3.55e-15  4.52e-04     1s
  11  -1.16372629e+04 -1.16639645e+04  8.24e-05 1.83e-15  2.25e-04     1s
  12  -1.16392764e+04 -1.16559739e+04  6.00e-05 1.78e-15  1.41e-04     1s
  13  -1.16396883e+04 -1.16541897e+04  5.54e-05 3.55e-15  1.22e-04     1s
  14  -1.16409705e+04 -1.16536993e+04  4.07e-05 3.55e-15  1.07e-04     1s
  15  -1.16423425e+04 -1.16482364e+04  2.79e-05 3.55e-15  4.97e-05     1s
  16  -1.16435282e+04 -1.16454082e+04  1.34e-05 3.55e-15  1.59e-05     1s
  17  -1.16439123e+04 -1.16451810e+04  9.42e-06 3.55e-15  1.08e-05     1s
  18  -1.16440292e+04 -1.16449981e+04  7.94e-06 3.55e-15  8.22e-06     1s
  19  -1.16441483e+04 -1.16447947e+04  6.43e-06 3.55e-15  5.50e-06     1s
  20  -1.16441707e+04 -1.16447760e+04  6.11e-06 3.55e-15  5.15e-06     1s
  21  -1.16446285e+04 -1.16446610e+04  1.84e-12 3.55e-15  2.72e-07     1s
  22  -1.16446386e+04 -1.16446389e+04  6.34e-13 3.55e-15  2.70e-09     1s
  23  -1.16446386e+04 -1.16446386e+04  2.55e-11 3.55e-15  2.70e-12     1s

Barrier solved model in 23 iterations and 0.82 seconds
Optimal objective -1.16446386e+04


Root relaxation: objective -1.164464e+04, 50412 iterations, 0.90 seconds

    Nodes    |    Current Node    |     Objective Bounds      |     Work
 Expl Unexpl |  Obj  Depth IntInf | Incumbent    BestBd   Gap | It/Node Time

     0     0 -11644.639    0  505    0.00000 -11644.639      -     -    1s
H    0     0                    -11399.95200 -11644.639  2.15%     -    1s

Explored 0 nodes (61937 simplex iterations) in 1.94 seconds
Thread count was 20 (of 20 available processors)

Solution count 2: -11400 0 
Pool objective bound -11644.6

Optimal solution found (tolerance 5.00e-02)
Best objective -1.139995200000e+04, best bound -1.164463861438e+04, gap 2.1464%
Changed value of parameter MIPGap to 0.05
   Prev: 0.0001  Min: 0.0  Max: 1e+100  Default: 0.0001
Changed value of parameter TimeLimit to 1800.0
   Prev: 1e+100  Min: 0.0  Max: 1e+100  Default: 1e+100
Changed value of parameter Method to 2
   Prev: -1  Min: -1  Max: 4  Default: -1
Changed value of parameter MIPFocus to 1
   Prev: 0  Min: 0  Max: 3  Default: 0
Optimize a model with 11306 rows, 59433 columns and 118866 nonzeros
Variable types: 0 continuous, 59433 integer (59433 binary)
Coefficient statistics:
  Matrix range     [1e+00, 2e+01]
  Objective range  [3e+00, 2e+01]
  Bounds range     [1e+00, 1e+00]
  RHS range        [8e+01, 8e+01]
Found heuristic solution: objective 0
Presolve time: 0.18s
Presolved: 11306 rows, 59433 columns, 118866 nonzeros
Variable types: 0 continuous, 59433 integer (59433 binary)
Presolved: 11306 rows, 59433 columns, 118866 nonzeros

Root barrier log...

Ordering time: 0.01s

Barrier statistics:
 AA' NZ     : 5.943e+04
 Factor NZ  : 2.442e+05 (roughly 30 MBytes of memory)
 Factor Ops : 3.907e+07 (less than 1 second per iteration)
 Threads    : 1

                  Objective                Residual
Iter       Primal          Dual         Primal    Dual     Compl     Time
   0  -1.01118753e+05 -6.42457183e+05  7.79e+01 1.78e-15  4.05e+01     0s
   1  -3.85347557e+04 -4.48346772e+05  1.82e+01 1.07e-14  9.88e+00     0s
   2  -2.00871041e+04 -1.83759809e+05  2.04e+00 1.07e-14  1.78e+00     0s
   3  -1.78092379e+04 -5.97566299e+04  5.02e-03 1.07e-14  3.52e-01     0s
   4  -1.81592885e+04 -2.84672889e+04  1.49e-03 7.11e-15  8.64e-02     0s
   5  -1.82557244e+04 -2.46100779e+04  1.06e-03 7.11e-15  5.33e-02     0s
   6  -1.83989568e+04 -2.09415960e+04  2.69e-04 7.11e-15  2.13e-02     0s
   7  -1.84496182e+04 -1.98062511e+04  6.61e-05 7.11e-15  1.14e-02     0s
   8  -1.84658198e+04 -1.94106343e+04  4.87e-05 3.55e-15  7.92e-03     0s
   9  -1.84783258e+04 -1.91226570e+04  3.79e-05 3.55e-15  5.40e-03     1s
  10  -1.84907773e+04 -1.88881249e+04  2.93e-05 3.55e-15  3.33e-03     1s
  11  -1.84993970e+04 -1.88037824e+04  2.30e-05 3.55e-15  2.55e-03     1s
  12  -1.85035192e+04 -1.87504849e+04  2.08e-05 7.11e-15  2.07e-03     1s
  13  -1.85061737e+04 -1.87284887e+04  1.93e-05 7.11e-15  1.86e-03     1s
  14  -1.85088712e+04 -1.87024136e+04  1.76e-05 3.55e-15  1.62e-03     1s
  15  -1.85144395e+04 -1.86721139e+04  1.39e-05 3.86e-15  1.32e-03     1s
  16  -1.85185390e+04 -1.86399347e+04  1.15e-05 3.55e-15  1.02e-03     1s
  17  -1.85197481e+04 -1.86133415e+04  1.07e-05 3.55e-15  7.85e-04     1s
  18  -1.85218132e+04 -1.85980706e+04  9.36e-06 7.11e-15  6.40e-04     1s
  19  -1.85236366e+04 -1.85909834e+04  8.05e-06 7.11e-15  5.65e-04     1s
  20  -1.85253261e+04 -1.85741717e+04  6.76e-06 3.55e-15  4.10e-04     1s
  21  -1.85285496e+04 -1.85708512e+04  4.34e-06 3.55e-15  3.55e-04     1s
  22  -1.85296694e+04 -1.85622865e+04  3.51e-06 3.55e-15  2.74e-04     1s
  23  -1.85298708e+04 -1.85603147e+04  3.35e-06 7.11e-15  2.55e-04     1s
  24  -1.85303488e+04 -1.85559105e+04  2.98e-06 3.97e-15  2.14e-04     1s
  25  -1.85308868e+04 -1.85512841e+04  2.55e-06 7.11e-15  1.71e-04     1s
  26  -1.85311893e+04 -1.85486127e+04  2.27e-06 7.11e-15  1.46e-04     1s
  27  -1.85319160e+04 -1.85454729e+04  1.66e-06 7.11e-15  1.14e-04     1s
  28  -1.85319424e+04 -1.85449232e+04  1.64e-06 7.11e-15  1.09e-04     1s
  29  -1.85321824e+04 -1.85420518e+04  1.40e-06 7.11e-15  8.28e-05     1s
  30  -1.85329208e+04 -1.85410236e+04  6.02e-07 7.11e-15  6.79e-05     1s
  31  -1.85333600e+04 -1.85355091e+04  2.03e-08 7.11e-15  1.80e-05     1s
  32  -1.85334356e+04 -1.85336451e+04  2.24e-09 7.11e-15  1.76e-06     1s
  33  -1.85334427e+04 -1.85334429e+04  6.62e-13 7.11e-15  2.27e-09     1s
  34  -1.85334427e+04 -1.85334427e+04  4.76e-13 7.11e-15  2.69e-15     1s

Barrier solved model in 34 iterations and 1.14 seconds
Optimal objective -1.85334427e+04


Root relaxation: objective -1.853344e+04, 48994 iterations, 1.23 seconds

    Nodes    |    Current Node    |     Objective Bounds      |     Work
 Expl Unexpl |  Obj  Depth IntInf | Incumbent    BestBd   Gap | It/Node Time

     0     0 -18533.443    0  468    0.00000 -18533.443      -     -    2s
H    0     0                    -18082.26400 -18533.443  2.50%     -    2s

Explored 0 nodes (60694 simplex iterations) in 2.42 seconds
Thread count was 20 (of 20 available processors)

Solution count 2: -18082.3 0 
Pool objective bound -18533.4

Optimal solution found (tolerance 5.00e-02)
Best objective -1.808226400000e+04, best bound -1.853344266667e+04, gap 2.4951%
Changed value of parameter MIPGap to 0.05
   Prev: 0.0001  Min: 0.0  Max: 1e+100  Default: 0.0001
Changed value of parameter TimeLimit to 1800.0
   Prev: 1e+100  Min: 0.0  Max: 1e+100  Default: 1e+100
Changed value of parameter Method to 2
   Prev: -1  Min: -1  Max: 4  Default: -1
Changed value of parameter MIPFocus to 1
   Prev: 0  Min: 0  Max: 3  Default: 0
Optimize a model with 11306 rows, 59433 columns and 118866 nonzeros
Variable types: 0 continuous, 59433 integer (59433 binary)
Coefficient statistics:
  Matrix range     [1e+00, 2e+01]
  Objective range  [5e+00, 3e+01]
  Bounds range     [1e+00, 1e+00]
  RHS range        [8e+01, 8e+01]
Found heuristic solution: objective 0
Presolve time: 0.17s
Presolved: 11306 rows, 59433 columns, 118866 nonzeros
Variable types: 0 continuous, 59433 integer (59433 binary)
Presolved: 11306 rows, 59433 columns, 118866 nonzeros

Root barrier log...

Ordering time: 0.01s

Barrier statistics:
 AA' NZ     : 5.943e+04
 Factor NZ  : 2.442e+05 (roughly 30 MBytes of memory)
 Factor Ops : 3.907e+07 (less than 1 second per iteration)
 Threads    : 1

                  Objective                Residual
Iter       Primal          Dual         Primal    Dual     Compl     Time
   0  -1.78494154e+05 -1.25886937e+06  7.79e+01 3.55e-15  7.96e+01     0s
   1  -6.76809137e+04 -8.77180770e+05  1.83e+01 2.13e-14  1.95e+01     0s
   2  -3.49109409e+04 -3.59327384e+05  2.04e+00 2.13e-14  3.53e+00     0s
   3  -3.10069608e+04 -1.16101134e+05  5.41e-03 1.47e-14  7.14e-01     0s
   4  -3.17712816e+04 -5.50042284e+04  1.44e-03 1.42e-14  1.95e-01     0s
   5  -3.21791845e+04 -4.30994423e+04  2.94e-04 1.42e-14  9.15e-02     0s
   6  -3.23650326e+04 -3.91269735e+04  1.15e-04 7.11e-15  5.67e-02     0s
   7  -3.24531920e+04 -3.76229340e+04  9.64e-05 7.11e-15  4.33e-02     0s
   8  -3.25860032e+04 -3.63092759e+04  7.17e-05 1.42e-14  3.12e-02     0s
   9  -3.26361400e+04 -3.56054351e+04  6.38e-05 7.11e-15  2.49e-02     0s
  10  -3.26977950e+04 -3.50200619e+04  5.51e-05 7.11e-15  1.95e-02     1s
  11  -3.28051557e+04 -3.46436745e+04  4.19e-05 7.11e-15  1.54e-02     1s
  12  -3.28375202e+04 -3.44856945e+04  3.86e-05 7.11e-15  1.38e-02     1s
  13  -3.28752010e+04 -3.43385763e+04  3.47e-05 1.42e-14  1.23e-02     1s
  14  -3.29148915e+04 -3.40475348e+04  3.04e-05 7.11e-15  9.49e-03     1s
  15  -3.29502584e+04 -3.38181083e+04  2.69e-05 7.11e-15  7.27e-03     1s
  16  -3.30123776e+04 -3.36472926e+04  2.07e-05 7.11e-15  5.32e-03     1s
  17  -3.30393781e+04 -3.35437542e+04  1.78e-05 7.11e-15  4.23e-03     1s
  18  -3.30646930e+04 -3.35097256e+04  1.50e-05 7.11e-15  3.73e-03     1s
  19  -3.30801093e+04 -3.34484608e+04  1.33e-05 7.11e-15  3.09e-03     1s
  20  -3.30902974e+04 -3.34147163e+04  1.22e-05 7.11e-15  2.72e-03     1s
  21  -3.31099363e+04 -3.33589517e+04  1.01e-05 7.11e-15  2.09e-03     1s
  22  -3.31282145e+04 -3.33081258e+04  8.41e-06 7.11e-15  1.51e-03     1s
  23  -3.31387362e+04 -3.32769583e+04  7.14e-06 7.11e-15  1.16e-03     1s
  24  -3.31445310e+04 -3.32526530e+04  6.31e-06 7.11e-15  9.07e-04     1s
  25  -3.31559938e+04 -3.32315433e+04  4.63e-06 7.11e-15  6.34e-04     1s
  26  -3.31594789e+04 -3.32238693e+04  4.12e-06 7.11e-15  5.40e-04     1s
  27  -3.31640349e+04 -3.32129579e+04  3.47e-06 7.11e-15  4.10e-04     1s
  28  -3.31755660e+04 -3.32010921e+04  1.64e-06 7.11e-15  2.14e-04     1s
  29  -3.31786496e+04 -3.31963444e+04  1.17e-06 7.11e-15  1.48e-04     1s
  30  -3.31800720e+04 -3.31932498e+04  9.54e-07 7.11e-15  1.11e-04     1s
  31  -3.31806084e+04 -3.31921557e+04  8.69e-07 7.34e-15  9.69e-05     1s
  32  -3.31813629e+04 -3.31901136e+04  7.51e-07 7.11e-15  7.34e-05     1s
  33  -3.31834316e+04 -3.31877539e+04  4.13e-07 7.11e-15  3.63e-05     1s
  34  -3.31853788e+04 -3.31862527e+04  9.52e-08 1.42e-14  7.33e-06     1s
  35  -3.31859298e+04 -3.31859731e+04  5.40e-09 1.42e-14  3.64e-07     1s
  36  -3.31859641e+04 -3.31859642e+04  4.09e-13 1.42e-14  3.64e-10     1s

Barrier solved model in 36 iterations and 1.10 seconds
Optimal objective -3.31859641e+04


Root relaxation: objective -3.318596e+04, 47300 iterations, 1.15 seconds

    Nodes    |    Current Node    |     Objective Bounds      |     Work
 Expl Unexpl |  Obj  Depth IntInf | Incumbent    BestBd   Gap | It/Node Time

     0     0 -33185.964    0  379    0.00000 -33185.964      -     -    2s
H    0     0                    -32561.74400 -33185.964  1.92%     -    2s

Explored 0 nodes (64325 simplex iterations) in 2.28 seconds
Thread count was 20 (of 20 available processors)

Solution count 2: -32561.7 0 
Pool objective bound -33186

Optimal solution found (tolerance 5.00e-02)
Best objective -3.256174400000e+04, best bound -3.318596415686e+04, gap 1.9170%
Changed value of parameter MIPGap to 0.05
   Prev: 0.0001  Min: 0.0  Max: 1e+100  Default: 0.0001
Changed value of parameter TimeLimit to 1800.0
   Prev: 1e+100  Min: 0.0  Max: 1e+100  Default: 1e+100
Changed value of parameter Method to 2
   Prev: -1  Min: -1  Max: 4  Default: -1
Changed value of parameter MIPFocus to 1
   Prev: 0  Min: 0  Max: 3  Default: 0
Optimize a model with 11306 rows, 59433 columns and 118866 nonzeros
Variable types: 0 continuous, 59433 integer (59433 binary)
Coefficient statistics:
  Matrix range     [1e+00, 2e+01]
  Objective range  [6e+00, 4e+01]
  Bounds range     [1e+00, 1e+00]
  RHS range        [8e+01, 8e+01]
Found heuristic solution: objective 0
Presolve time: 0.17s
Presolved: 11306 rows, 59433 columns, 118866 nonzeros
Variable types: 0 continuous, 59433 integer (59433 binary)
Presolved: 11306 rows, 59433 columns, 118866 nonzeros

Root barrier log...

Ordering time: 0.01s

Barrier statistics:
 AA' NZ     : 5.943e+04
 Factor NZ  : 2.442e+05 (roughly 30 MBytes of memory)
 Factor Ops : 3.907e+07 (less than 1 second per iteration)
 Threads    : 1

                  Objective                Residual
Iter       Primal          Dual         Primal    Dual     Compl     Time
   0  -2.17181802e+05 -1.56707546e+06  7.79e+01 4.44e-15  9.91e+01     0s
   1  -8.22573344e+04 -1.09160246e+06  1.83e+01 2.58e-14  2.43e+01     0s
   2  -4.23252600e+04 -4.47107433e+05  2.04e+00 2.13e-14  4.40e+00     0s
   3  -3.76399913e+04 -1.44301311e+05  5.11e-03 2.84e-14  8.95e-01     0s
   4  -3.85528747e+04 -6.87110902e+04  1.56e-03 1.42e-14  2.53e-01     0s
   5  -3.90733581e+04 -5.38672365e+04  2.18e-04 1.42e-14  1.24e-01     0s
   6  -3.93548614e+04 -4.91319768e+04  1.32e-04 1.42e-14  8.19e-02     0s
   7  -3.95260017e+04 -4.69464731e+04  1.11e-04 1.05e-14  6.22e-02     0s
   8  -3.96517848e+04 -4.59061536e+04  9.64e-05 1.42e-14  5.24e-02     0s
   9  -3.97512730e+04 -4.50039528e+04  8.43e-05 1.42e-14  4.40e-02     0s
  10  -3.98551033e+04 -4.38600471e+04  7.37e-05 1.42e-14  3.36e-02     1s
  11  -3.99368990e+04 -4.33424354e+04  6.51e-05 7.67e-15  2.85e-02     1s
  12  -4.00163109e+04 -4.27624710e+04  5.67e-05 8.57e-15  2.30e-02     1s
  13  -4.00829123e+04 -4.23629470e+04  4.96e-05 1.42e-14  1.91e-02     1s
  14  -4.01331130e+04 -4.21243928e+04  4.42e-05 1.42e-14  1.67e-02     1s
  15  -4.02199661e+04 -4.17557656e+04  3.52e-05 1.42e-14  1.29e-02     1s
  16  -4.03052877e+04 -4.15445630e+04  2.58e-05 1.42e-14  1.04e-02     1s
  17  -4.03604692e+04 -4.12589854e+04  1.99e-05 1.42e-14  7.53e-03     1s
  18  -4.03816709e+04 -4.11506991e+04  1.77e-05 1.42e-14  6.45e-03     1s
  19  -4.04175780e+04 -4.09501660e+04  1.39e-05 8.68e-15  4.46e-03     1s
  20  -4.04478086e+04 -4.07873202e+04  1.07e-05 1.42e-14  2.85e-03     1s
  21  -4.04599107e+04 -4.06969833e+04  9.30e-06 7.11e-15  1.99e-03     1s
  22  -4.04833933e+04 -4.06523130e+04  6.68e-06 7.11e-15  1.42e-03     1s
  23  -4.04955832e+04 -4.05913533e+04  5.19e-06 1.42e-14  8.03e-04     1s
  24  -4.04987789e+04 -4.05828554e+04  4.77e-06 1.42e-14  7.05e-04     1s
  25  -4.05002138e+04 -4.05795099e+04  4.58e-06 1.42e-14  6.65e-04     1s
  26  -4.05098919e+04 -4.05651418e+04  3.27e-06 1.42e-14  4.63e-04     1s
  27  -4.05203351e+04 -4.05562945e+04  1.85e-06 1.42e-14  3.02e-04     1s
  28  -4.05226335e+04 -4.05550435e+04  1.54e-06 1.42e-14  2.72e-04     1s
  29  -4.05269082e+04 -4.05472746e+04  9.87e-07 1.42e-14  1.71e-04     1s
  30  -4.05284504e+04 -4.05450511e+04  7.82e-07 1.42e-14  1.39e-04     1s
  31  -4.05285806e+04 -4.05427259e+04  7.65e-07 1.42e-14  1.19e-04     1s
  32  -4.05292420e+04 -4.05409982e+04  6.72e-07 1.42e-14  9.86e-05     1s
  33  -4.05338917e+04 -4.05350806e+04  4.70e-08 1.42e-14  9.97e-06     1s
  34  -4.05342131e+04 -4.05343185e+04  2.00e-09 1.42e-14  8.83e-07     1s
  35  -4.05342322e+04 -4.05342322e+04  6.21e-13 1.42e-14  3.56e-10     1s

Barrier solved model in 35 iterations and 1.08 seconds
Optimal objective -4.05342322e+04


Root relaxation: objective -4.053423e+04, 47124 iterations, 1.15 seconds

    Nodes    |    Current Node    |     Objective Bounds      |     Work
 Expl Unexpl |  Obj  Depth IntInf | Incumbent    BestBd   Gap | It/Node Time

     0     0 -40534.232    0  305    0.00000 -40534.232      -     -    2s
H    0     0                    -39918.24000 -40534.232  1.54%     -    2s

Explored 0 nodes (66978 simplex iterations) in 2.29 seconds
Thread count was 20 (of 20 available processors)

Solution count 2: -39918.2 0 
Pool objective bound -40534.2

Optimal solution found (tolerance 5.00e-02)
Best objective -3.991824000000e+04, best bound -4.053420000000e+04, gap 1.5431%
Changed value of parameter MIPGap to 0.05
   Prev: 0.0001  Min: 0.0  Max: 1e+100  Default: 0.0001
Changed value of parameter TimeLimit to 1800.0
   Prev: 1e+100  Min: 0.0  Max: 1e+100  Default: 1e+100
Changed value of parameter Method to 2
   Prev: -1  Min: -1  Max: 4  Default: -1
Changed value of parameter MIPFocus to 1
   Prev: 0  Min: 0  Max: 3  Default: 0
Optimize a model with 11306 rows, 59433 columns and 118866 nonzeros
Variable types: 0 continuous, 59433 integer (59433 binary)
Coefficient statistics:
  Matrix range     [1e+00, 2e+01]
  Objective range  [1e+01, 8e+01]
  Bounds range     [1e+00, 1e+00]
  RHS range        [8e+01, 8e+01]
Found heuristic solution: objective 0
Presolve time: 0.16s
Presolved: 11306 rows, 59433 columns, 118866 nonzeros
Variable types: 0 continuous, 59433 integer (59433 binary)
Presolved: 11306 rows, 59433 columns, 118866 nonzeros

Root barrier log...

Ordering time: 0.01s

Barrier statistics:
 AA' NZ     : 5.943e+04
 Factor NZ  : 2.442e+05 (roughly 30 MBytes of memory)
 Factor Ops : 3.907e+07 (less than 1 second per iteration)
 Threads    : 1

                  Objective                Residual
Iter       Primal          Dual         Primal    Dual     Compl     Time
   0  -4.10619937e+05 -3.10810593e+06  7.79e+01 8.88e-15  1.97e+02     0s
   1  -1.55143745e+05 -2.16371754e+06  1.83e+01 5.15e-14  4.83e+01     0s
   2  -7.94036563e+04 -8.86000132e+05  2.03e+00 4.44e-14  8.75e+00     0s
   3  -7.07941210e+04 -2.85383450e+05  4.81e-03 7.11e-14  1.80e+00     0s
   4  -7.26758807e+04 -1.37740490e+05  1.49e-03 2.84e-14  5.45e-01     0s
   5  -7.37192360e+04 -1.08015382e+05  3.46e-04 3.00e-14  2.87e-01     0s
   6  -7.44325343e+04 -9.75585690e+04  1.58e-04 2.84e-14  1.94e-01     0s
   7  -7.46950448e+04 -9.48419130e+04  1.30e-04 1.88e-14  1.69e-01     0s
   8  -7.50033006e+04 -9.03661680e+04  1.10e-04 1.74e-14  1.29e-01     0s
   9  -7.52463799e+04 -8.68801413e+04  9.66e-05 2.84e-14  9.75e-02     0s
  10  -7.56081708e+04 -8.58058911e+04  7.85e-05 1.96e-14  8.55e-02     1s
  11  -7.58693497e+04 -8.41938753e+04  6.63e-05 2.84e-14  6.98e-02     1s
  12  -7.60789030e+04 -8.25403514e+04  5.66e-05 2.84e-14  5.42e-02     1s
  13  -7.62515244e+04 -8.09554642e+04  4.91e-05 2.84e-14  3.94e-02     1s
  14  -7.64065201e+04 -8.06103705e+04  4.26e-05 1.51e-14  3.52e-02     1s
  15  -7.64801667e+04 -7.95128525e+04  3.89e-05 1.46e-14  2.54e-02     1s
  16  -7.65475698e+04 -7.88997220e+04  3.64e-05 1.42e-14  1.97e-02     1s
  17  -7.67073443e+04 -7.84968038e+04  2.96e-05 2.84e-14  1.50e-02     1s
  18  -7.67960983e+04 -7.82014704e+04  2.55e-05 2.84e-14  1.18e-02     1s
  19  -7.68793352e+04 -7.80534020e+04  2.16e-05 1.55e-14  9.84e-03     1s
  20  -7.69662876e+04 -7.78487311e+04  1.74e-05 1.42e-14  7.40e-03     1s
  21  -7.70364214e+04 -7.77216756e+04  1.42e-05 1.42e-14  5.75e-03     1s
  22  -7.70914116e+04 -7.76132957e+04  1.16e-05 1.43e-14  4.38e-03     1s
  23  -7.71561991e+04 -7.75188832e+04  7.75e-06 1.42e-14  3.04e-03     1s
  24  -7.72010067e+04 -7.74174055e+04  4.58e-06 1.42e-14  1.81e-03     1s
  25  -7.72111983e+04 -7.73725381e+04  3.93e-06 2.84e-14  1.35e-03     1s
  26  -7.72185005e+04 -7.73678137e+04  3.49e-06 2.84e-14  1.25e-03     1s
  27  -7.72468032e+04 -7.73256553e+04  1.85e-06 1.42e-14  6.61e-04     1s
  28  -7.72594490e+04 -7.73117643e+04  1.03e-06 1.45e-14  4.39e-04     1s
  29  -7.72614921e+04 -7.73029292e+04  9.20e-07 1.42e-14  3.47e-04     1s
  30  -7.72633195e+04 -7.72952951e+04  8.09e-07 2.84e-14  2.68e-04     1s
  31  -7.72657720e+04 -7.72892961e+04  6.50e-07 1.42e-14  1.97e-04     1s
  32  -7.72679481e+04 -7.72822965e+04  5.27e-07 1.42e-14  1.20e-04     1s
  33  -7.72750232e+04 -7.72759388e+04  3.33e-08 2.84e-14  7.68e-06     1s
  34  -7.72755711e+04 -7.72755959e+04  1.13e-11 2.84e-14  2.07e-07     1s
  35  -7.72755722e+04 -7.72755722e+04  5.26e-12 2.84e-14  8.27e-13     1s

Barrier solved model in 35 iterations and 1.08 seconds
Optimal objective -7.72755722e+04


Root relaxation: objective -7.727557e+04, 47037 iterations, 1.12 seconds

    Nodes    |    Current Node    |     Objective Bounds      |     Work
 Expl Unexpl |  Obj  Depth IntInf | Incumbent    BestBd   Gap | It/Node Time

     0     0 -77275.572    0  395    0.00000 -77275.572      -     -    2s
H    0     0                    -75370.04000 -77275.572  2.53%     -    2s

Explored 0 nodes (64073 simplex iterations) in 2.10 seconds
Thread count was 20 (of 20 available processors)

Solution count 2: -75370 0 
Pool objective bound -77275.6

Optimal solution found (tolerance 5.00e-02)
Best objective -7.537004000000e+04, best bound -7.727556000000e+04, gap 2.5282%
Changed value of parameter MIPGap to 0.05
   Prev: 0.0001  Min: 0.0  Max: 1e+100  Default: 0.0001
Changed value of parameter TimeLimit to 1800.0
   Prev: 1e+100  Min: 0.0  Max: 1e+100  Default: 1e+100
Changed value of parameter Method to 2
   Prev: -1  Min: -1  Max: 4  Default: -1
Changed value of parameter MIPFocus to 1
   Prev: 0  Min: 0  Max: 3  Default: 0
Optimize a model with 11306 rows, 59433 columns and 118866 nonzeros
Variable types: 0 continuous, 59433 integer (59433 binary)
Coefficient statistics:
  Matrix range     [1e+00, 2e+01]
  Objective range  [2e+01, 2e+02]
  Bounds range     [1e+00, 1e+00]
  RHS range        [8e+01, 8e+01]
Found heuristic solution: objective 0
Presolve time: 0.17s
Presolved: 11306 rows, 59433 columns, 118866 nonzeros
Variable types: 0 continuous, 59433 integer (59433 binary)
Presolved: 11306 rows, 59433 columns, 118866 nonzeros

Root barrier log...

Ordering time: 0.01s

Barrier statistics:
 AA' NZ     : 5.943e+04
 Factor NZ  : 2.442e+05 (roughly 30 MBytes of memory)
 Factor Ops : 3.907e+07 (less than 1 second per iteration)
 Threads    : 1

                  Objective                Residual
Iter       Primal          Dual         Primal    Dual     Compl     Time
   0  -7.97496101e+05 -6.19016686e+06  7.79e+01 1.78e-14  3.92e+02     0s
   1  -3.00921418e+05 -4.30795416e+06  1.84e+01 1.14e-13  9.62e+01     0s
   2  -1.57248317e+05 -1.76783455e+06  2.46e+00 1.14e-13  1.83e+01     0s
   3  -1.37078204e+05 -5.13351329e+05  3.44e-02 1.14e-13  3.18e+00     0s
   4  -1.40817856e+05 -2.58927601e+05  1.35e-02 5.68e-14  9.94e-01     0s
   5  -1.42852284e+05 -2.08665477e+05  6.98e-03 5.68e-14  5.53e-01     0s
   6  -1.44331762e+05 -1.90521442e+05  4.81e-03 5.68e-14  3.88e-01     0s
   7  -1.44885795e+05 -1.80928262e+05  4.30e-03 4.38e-14  3.03e-01     0s
   8  -1.45785155e+05 -1.74764650e+05  3.53e-03 3.63e-14  2.43e-01     0s
   9  -1.46488864e+05 -1.68970900e+05  3.05e-03 5.68e-14  1.89e-01     0s
  10  -1.46885076e+05 -1.66353743e+05  2.81e-03 5.68e-14  1.64e-01     1s
  11  -1.47285007e+05 -1.63809523e+05  2.51e-03 3.68e-14  1.39e-01     1s
  12  -1.47834352e+05 -1.60581401e+05  2.13e-03 2.84e-14  1.07e-01     1s
  13  -1.48334359e+05 -1.58666138e+05  1.79e-03 5.68e-14  8.68e-02     1s
  14  -1.48482132e+05 -1.57100494e+05  1.69e-03 2.84e-14  7.24e-02     1s
  15  -1.48980197e+05 -1.55629390e+05  1.35e-03 3.34e-14  5.59e-02     1s
  16  -1.49245406e+05 -1.54394062e+05  1.18e-03 5.68e-14  4.33e-02     1s
  17  -1.49457670e+05 -1.53530299e+05  1.03e-03 2.92e-14  3.43e-02     1s
  18  -1.49660317e+05 -1.52931742e+05  8.87e-04 2.84e-14  2.75e-02     1s
  19  -1.49950972e+05 -1.52599205e+05  6.79e-04 3.11e-14  2.23e-02     1s
  20  -1.50085685e+05 -1.52403062e+05  5.76e-04 3.59e-14  1.95e-02     1s
  21  -1.50263853e+05 -1.51846688e+05  4.59e-04 5.68e-14  1.33e-02     1s
  22  -1.50327940e+05 -1.51488968e+05  4.13e-04 2.84e-14  9.78e-03     1s
  23  -1.50413023e+05 -1.51343653e+05  3.41e-04 2.88e-14  7.84e-03     1s
  24  -1.50440830e+05 -1.51206109e+05  3.16e-04 2.84e-14  6.45e-03     1s
  25  -1.50587653e+05 -1.51056178e+05  1.68e-04 2.84e-14  3.95e-03     1s
  26  -1.50632758e+05 -1.50982394e+05  1.22e-04 2.84e-14  2.94e-03     1s
  27  -1.50686551e+05 -1.50863682e+05  7.34e-05 2.84e-14  1.49e-03     1s
  28  -1.50730046e+05 -1.50821896e+05  2.71e-05 2.84e-14  7.73e-04     1s
  29  -1.50733328e+05 -1.50815648e+05  2.44e-05 2.84e-14  6.93e-04     1s
  30  -1.50737219e+05 -1.50797572e+05  2.07e-05 2.84e-14  5.08e-04     1s
  31  -1.50741548e+05 -1.50791639e+05  1.66e-05 2.88e-14  4.22e-04     1s
  32  -1.50745580e+05 -1.50783036e+05  1.23e-05 2.84e-14  3.15e-04     1s
  33  -1.50754007e+05 -1.50761464e+05  3.91e-06 5.68e-14  6.30e-05     1s
  34  -1.50757883e+05 -1.50758346e+05  3.40e-07 2.84e-14  3.93e-06     1s
  35  -1.50758251e+05 -1.50758265e+05  2.07e-10 5.68e-14  1.13e-07     1s
  36  -1.50758252e+05 -1.50758252e+05  3.98e-13 5.68e-14  1.13e-10     1s

Barrier solved model in 36 iterations and 1.11 seconds
Optimal objective -1.50758252e+05


Root relaxation: objective -1.507583e+05, 47267 iterations, 1.15 seconds

    Nodes    |    Current Node    |     Objective Bounds      |     Work
 Expl Unexpl |  Obj  Depth IntInf | Incumbent    BestBd   Gap | It/Node Time

     0     0 -150758.25    0  389    0.00000 -150758.25      -     -    2s
H    0     0                    -147439.2000 -150758.25  2.25%     -    2s

Explored 0 nodes (64467 simplex iterations) in 2.22 seconds
Thread count was 20 (of 20 available processors)

Solution count 2: -147439 0 
Pool objective bound -150758

Optimal solution found (tolerance 5.00e-02)
Best objective -1.474392000000e+05, best bound -1.507582400000e+05, gap 2.2511%
Changed value of parameter MIPGap to 0.05
   Prev: 0.0001  Min: 0.0  Max: 1e+100  Default: 0.0001
Changed value of parameter TimeLimit to 1800.0
   Prev: 1e+100  Min: 0.0  Max: 1e+100  Default: 1e+100
Changed value of parameter Method to 2
   Prev: -1  Min: -1  Max: 4  Default: -1
Changed value of parameter MIPFocus to 1
   Prev: 0  Min: 0  Max: 3  Default: 0
Optimize a model with 11306 rows, 59433 columns and 118866 nonzeros
Variable types: 0 continuous, 59433 integer (59433 binary)
Coefficient statistics:
  Matrix range     [1e+00, 2e+01]
  Objective range  [5e+01, 4e+02]
  Bounds range     [1e+00, 1e+00]
  RHS range        [8e+01, 8e+01]
Found heuristic solution: objective 0
Presolve time: 0.15s
Presolved: 11306 rows, 59433 columns, 118866 nonzeros
Variable types: 0 continuous, 59433 integer (59433 binary)
Presolved: 11306 rows, 59433 columns, 118866 nonzeros

Root barrier log...

Ordering time: 0.01s

Barrier statistics:
 AA' NZ     : 5.943e+04
 Factor NZ  : 2.442e+05 (roughly 30 MBytes of memory)
 Factor Ops : 3.907e+07 (less than 1 second per iteration)
 Threads    : 1

                  Objective                Residual
Iter       Primal          Dual         Primal    Dual     Compl     Time
   0  -1.95812450e+06 -1.54363496e+07  7.79e+01 2.13e-14  9.79e+02     0s
   1  -7.38259493e+05 -1.07406706e+07  1.84e+01 2.27e-13  2.40e+02     0s
   2  -3.85016784e+05 -4.40649134e+06  2.45e+00 2.27e-13  4.56e+01     0s
   3  -3.35954060e+05 -1.29652824e+06  3.28e-02 3.41e-13  8.11e+00     0s
   4  -3.45562525e+05 -6.52336222e+05  1.31e-02 1.34e-13  2.58e+00     0s
   5  -3.50641483e+05 -5.19886273e+05  6.75e-03 1.14e-13  1.42e+00     0s
   6  -3.54093175e+05 -4.81858950e+05  4.87e-03 7.22e-14  1.07e+00     0s
   7  -3.55912340e+05 -4.45633623e+05  4.20e-03 1.14e-13  7.54e-01     0s
   8  -3.58485495e+05 -4.31029130e+05  3.40e-03 1.14e-13  6.09e-01     0s
   9  -3.59803957e+05 -4.21949109e+05  3.02e-03 6.48e-14  5.22e-01     0s
  10  -3.61722714e+05 -4.11777827e+05  2.48e-03 1.14e-13  4.20e-01     0s
  11  -3.62871406e+05 -4.02442802e+05  2.19e-03 1.14e-13  3.32e-01     0s
  12  -3.63763615e+05 -3.97637546e+05  1.98e-03 1.14e-13  2.85e-01     1s
  13  -3.65033314e+05 -3.90630892e+05  1.70e-03 1.14e-13  2.15e-01     1s
  14  -3.66353742e+05 -3.84415494e+05  1.39e-03 1.14e-13  1.52e-01     1s
  15  -3.67093508e+05 -3.81649806e+05  1.22e-03 1.14e-13  1.22e-01     1s
  16  -3.67459050e+05 -3.79378767e+05  1.12e-03 1.14e-13  1.00e-01     1s
  17  -3.67862790e+05 -3.77711375e+05  1.01e-03 1.14e-13  8.28e-02     1s
  18  -3.68600485e+05 -3.76640552e+05  8.12e-04 1.14e-13  6.76e-02     1s
  19  -3.69219244e+05 -3.74880703e+05  6.44e-04 1.14e-13  4.76e-02     1s
  20  -3.69554061e+05 -3.73506434e+05  5.64e-04 5.68e-14  3.33e-02     1s
  21  -3.69970375e+05 -3.73044776e+05  4.46e-04 1.14e-13  2.59e-02     1s
  22  -3.70064534e+05 -3.72730728e+05  4.14e-04 5.68e-14  2.25e-02     1s
  23  -3.70260738e+05 -3.72111426e+05  3.44e-04 1.14e-13  1.56e-02     1s
  24  -3.70342980e+05 -3.71945768e+05  3.12e-04 1.14e-13  1.35e-02     1s
  25  -3.70665262e+05 -3.71685173e+05  2.05e-04 1.14e-13  8.61e-03     1s
  26  -3.70907567e+05 -3.71556768e+05  1.09e-04 5.68e-14  5.47e-03     1s
  27  -3.70946545e+05 -3.71456532e+05  9.39e-05 1.14e-13  4.30e-03     1s
  28  -3.71046459e+05 -3.71337289e+05  5.81e-05 5.93e-14  2.46e-03     1s
  29  -3.71099491e+05 -3.71315992e+05  4.10e-05 1.14e-13  1.83e-03     1s
  30  -3.71103876e+05 -3.71313065e+05  3.94e-05 1.14e-13  1.77e-03     1s
  31  -3.71116652e+05 -3.71302896e+05  3.45e-05 1.14e-13  1.57e-03     1s
  32  -3.71122368e+05 -3.71285115e+05  3.22e-05 1.14e-13  1.37e-03     1s
  33  -3.71139725e+05 -3.71259844e+05  2.62e-05 1.14e-13  1.01e-03     1s
  34  -3.71159127e+05 -3.71243465e+05  2.03e-05 1.14e-13  7.13e-04     1s
  35  -3.71173513e+05 -3.71220692e+05  1.48e-05 1.14e-13  4.00e-04     1s
  36  -3.71192737e+05 -3.71212149e+05  6.15e-06 1.14e-13  1.65e-04     1s
  37  -3.71205366e+05 -3.71207056e+05  3.49e-07 1.14e-13  1.43e-05     1s
  38  -3.71206282e+05 -3.71206336e+05  3.51e-09 1.14e-13  4.54e-07     1s
  39  -3.71206292e+05 -3.71206292e+05  1.50e-12 1.14e-13  4.54e-10     1s

Barrier solved model in 39 iterations and 1.08 seconds
Optimal objective -3.71206292e+05


Root relaxation: objective -3.712063e+05, 47202 iterations, 1.12 seconds

    Nodes    |    Current Node    |     Objective Bounds      |     Work
 Expl Unexpl |  Obj  Depth IntInf | Incumbent    BestBd   Gap | It/Node Time

     0     0 -371206.29    0  322    0.00000 -371206.29      -     -    2s
H    0     0                    -363249.0000 -371206.29  2.19%     -    2s

Explored 0 nodes (68490 simplex iterations) in 2.15 seconds
Thread count was 20 (of 20 available processors)

Solution count 2: -363249 0 
Pool objective bound -371206

Optimal solution found (tolerance 5.00e-02)
Best objective -3.632490000000e+05, best bound -3.712062000000e+05, gap 2.1906%
Changed value of parameter MIPGap to 0.05
   Prev: 0.0001  Min: 0.0  Max: 1e+100  Default: 0.0001
Changed value of parameter TimeLimit to 1800.0
   Prev: 1e+100  Min: 0.0  Max: 1e+100  Default: 1e+100
Changed value of parameter Method to 2
   Prev: -1  Min: -1  Max: 4  Default: -1
Changed value of parameter MIPFocus to 1
   Prev: 0  Min: 0  Max: 3  Default: 0
Optimize a model with 11306 rows, 59433 columns and 118866 nonzeros
Variable types: 0 continuous, 59433 integer (59433 binary)
Coefficient statistics:
  Matrix range     [1e+00, 2e+01]
  Objective range  [5e+02, 4e+03]
  Bounds range     [1e+00, 1e+00]
  RHS range        [8e+01, 8e+01]
Found heuristic solution: objective 0
Presolve time: 0.15s
Presolved: 11306 rows, 59433 columns, 118866 nonzeros
Variable types: 0 continuous, 59433 integer (59433 binary)
Presolved: 11306 rows, 59433 columns, 118866 nonzeros

Root barrier log...

Ordering time: 0.01s

Barrier statistics:
 AA' NZ     : 5.943e+04
 Factor NZ  : 2.442e+05 (roughly 30 MBytes of memory)
 Factor Ops : 3.907e+07 (less than 1 second per iteration)
 Threads    : 1

                  Objective                Residual
Iter       Primal          Dual         Primal    Dual     Compl     Time
   0  -1.93675502e+07 -1.54129091e+08  7.79e+01 4.55e-13  9.78e+03     0s
   1  -7.29834416e+06 -1.07231435e+08  1.84e+01 2.73e-12  2.40e+03     0s
   2  -3.80158836e+06 -4.39861827e+07  2.45e+00 2.96e-12  4.56e+02     0s
   3  -3.31919063e+06 -1.30452538e+07  3.20e-02 2.73e-12  8.21e+01     0s
   4  -3.41587527e+06 -6.55106292e+06  1.28e-02 1.48e-12  2.64e+01     0s
   5  -3.46839030e+06 -5.20750464e+06  6.45e-03 1.16e-12  1.46e+01     0s
   6  -3.50687327e+06 -4.85272576e+06  4.48e-03 1.17e-12  1.13e+01     0s
   7  -3.52409146e+06 -4.48210262e+06  3.89e-03 9.09e-13  8.04e+00     0s
   8  -3.54903299e+06 -4.33013855e+06  3.17e-03 9.09e-13  6.56e+00     0s
   9  -3.56348494e+06 -4.23973297e+06  2.78e-03 9.09e-13  5.68e+00     0s
  10  -3.57981252e+06 -4.14774670e+06  2.35e-03 9.39e-13  4.77e+00     0s
  11  -3.59191804e+06 -4.02893399e+06  2.05e-03 1.01e-12  3.67e+00     0s
  12  -3.60208419e+06 -3.98825027e+06  1.80e-03 1.15e-12  3.24e+00     1s
  13  -3.61879581e+06 -3.87667830e+06  1.45e-03 9.09e-13  2.17e+00     1s
  14  -3.63258002e+06 -3.83048537e+06  1.14e-03 9.80e-13  1.66e+00     1s
  15  -3.63817963e+06 -3.79792290e+06  1.02e-03 1.06e-12  1.34e+00     1s
  16  -3.64277314e+06 -3.77654540e+06  9.17e-04 9.47e-13  1.12e+00     1s
  17  -3.64456129e+06 -3.76317116e+06  8.77e-04 1.12e-12  9.97e-01     1s
  18  -3.64697782e+06 -3.74913546e+06  8.22e-04 1.10e-12  8.59e-01     1s
  19  -3.65531971e+06 -3.73531999e+06  6.36e-04 1.29e-12  6.72e-01     1s
  20  -3.66171249e+06 -3.70932567e+06  4.96e-04 9.09e-13  4.00e-01     1s
  21  -3.66385805e+06 -3.70108955e+06  4.41e-04 9.09e-13  3.13e-01     1s
  22  -3.66515944e+06 -3.69614553e+06  4.07e-04 1.17e-12  2.61e-01     1s
  23  -3.66686538e+06 -3.69255836e+06  3.60e-04 9.09e-13  2.16e-01     1s
  24  -3.66846084e+06 -3.68971797e+06  3.12e-04 9.09e-13  1.79e-01     1s
  25  -3.67012536e+06 -3.68560950e+06  2.65e-04 1.04e-12  1.31e-01     1s
  26  -3.67083996e+06 -3.68471590e+06  2.38e-04 1.22e-12  1.17e-01     1s
  27  -3.67393113e+06 -3.68176041e+06  1.30e-04 9.09e-13  6.60e-02     1s
  28  -3.67533575e+06 -3.68009625e+06  8.38e-05 9.09e-13  4.02e-02     1s
  29  -3.67567553e+06 -3.67980696e+06  7.24e-05 9.09e-13  3.48e-02     1s
  30  -3.67609009e+06 -3.67920177e+06  5.82e-05 9.09e-13  2.63e-02     1s
  31  -3.67652398e+06 -3.67885201e+06  4.42e-05 9.09e-13  1.96e-02     1s
  32  -3.67671166e+06 -3.67878566e+06  3.83e-05 9.09e-13  1.75e-02     1s
  33  -3.67698856e+06 -3.67857950e+06  2.96e-05 1.13e-12  1.34e-02     1s
  34  -3.67707408e+06 -3.67842275e+06  2.69e-05 1.10e-12  1.14e-02     1s
  35  -3.67717179e+06 -3.67821049e+06  2.39e-05 9.09e-13  8.78e-03     1s
  36  -3.67741567e+06 -3.67809573e+06  1.61e-05 9.09e-13  5.75e-03     1s
  37  -3.67749756e+06 -3.67801171e+06  1.35e-05 9.09e-13  4.35e-03     1s
  38  -3.67782923e+06 -3.67799402e+06  2.63e-06 9.09e-13  1.39e-03     1s
  39  -3.67791740e+06 -3.67793671e+06  5.38e-07 9.09e-13  1.63e-04     1s
  40  -3.67792680e+06 -3.67792690e+06  4.54e-09 1.46e-11  8.50e-07     1s
  41  -3.67792689e+06 -3.67792689e+06  3.70e-13 1.18e-11  8.50e-10     1s

Barrier solved model in 41 iterations and 1.13 seconds
Optimal objective -3.67792689e+06


Root relaxation: objective -3.677927e+06, 47264 iterations, 1.18 seconds

    Nodes    |    Current Node    |     Objective Bounds      |     Work
 Expl Unexpl |  Obj  Depth IntInf | Incumbent    BestBd   Gap | It/Node Time

     0     0 -3677926.9    0  382    0.00000 -3677926.9      -     -    2s
H    0     0                    -3580513.000 -3677926.9  2.72%     -    2s

Explored 0 nodes (62985 simplex iterations) in 2.17 seconds
Thread count was 20 (of 20 available processors)

Solution count 2: -3.58051e+06 0 
Pool objective bound -3.67793e+06

Optimal solution found (tolerance 5.00e-02)
Best objective -3.580513000000e+06, best bound -3.677926892157e+06, gap 2.7207%
