Changed value of parameter MIPGap to 0.05
   Prev: 0.0001  Min: 0.0  Max: 1e+100  Default: 0.0001
Changed value of parameter TimeLimit to 1800.0
   Prev: 1e+100  Min: 0.0  Max: 1e+100  Default: 1e+100
Changed value of parameter Method to 2
   Prev: -1  Min: -1  Max: 4  Default: -1
Changed value of parameter MIPFocus to 1
   Prev: 0  Min: 0  Max: 3  Default: 0
Optimize a model with 10788 rows, 56584 columns and 113168 nonzeros
Variable types: 0 continuous, 56584 integer (56584 binary)
Coefficient statistics:
  Matrix range     [1e+00, 2e+01]
  Objective range  [1e+00, 1e+00]
  Bounds range     [1e+00, 1e+00]
  RHS range        [8e+01, 8e+01]
Found heuristic solution: objective 0
Presolve time: 0.19s
Presolved: 10788 rows, 56584 columns, 113168 nonzeros
Variable types: 0 continuous, 56584 integer (56584 binary)
Presolved: 10788 rows, 56584 columns, 113168 nonzeros

Root barrier log...

Ordering time: 0.01s

Barrier statistics:
 AA' NZ     : 5.658e+04
 Factor NZ  : 2.370e+05 (roughly 30 MBytes of memory)
 Factor Ops : 3.809e+07 (less than 1 second per iteration)
 Threads    : 1

                  Objective                Residual
Iter       Primal          Dual         Primal    Dual     Compl     Time
   0  -3.18003743e+04 -4.69792321e+04  1.71e+02 0.00e+00  4.32e+00     0s
   1  -1.05039671e+04 -3.73339601e+04  3.77e+01 8.88e-16  1.01e+00     0s
   2  -4.97913445e+03 -1.76004992e+04  6.32e+00 1.33e-15  1.95e-01     0s
   3  -3.82801264e+03 -6.13232566e+03  5.36e-05 1.55e-15  2.03e-02     0s
   4  -3.94637208e+03 -4.28058593e+03  8.06e-06 1.11e-15  2.94e-03     0s
   5  -3.96658613e+03 -4.13408481e+03  5.01e-06 6.66e-16  1.47e-03     0s
   6  -3.97004505e+03 -4.11266219e+03  4.50e-06 6.66e-16  1.25e-03     0s
   7  -3.97906374e+03 -4.06356326e+03  3.22e-06 4.67e-16  7.43e-04     0s
   8  -3.98334368e+03 -4.04175890e+03  2.61e-06 5.74e-16  5.14e-04     0s
   9  -3.98848993e+03 -4.02326562e+03  1.93e-06 4.44e-16  3.06e-04     1s
  10  -3.99148713e+03 -4.01342354e+03  1.52e-06 7.56e-16  1.93e-04     1s
  11  -3.99430599e+03 -4.00729418e+03  1.15e-06 5.84e-16  1.14e-04     1s
  12  -3.99665590e+03 -4.00464842e+03  8.02e-07 4.44e-16  7.03e-05     1s
  13  -3.99801970e+03 -4.00376832e+03  6.04e-07 5.28e-16  5.06e-05     1s
  14  -3.99945587e+03 -4.00292407e+03  3.96e-07 4.46e-16  3.05e-05     1s
  15  -4.00028357e+03 -4.00247668e+03  2.74e-07 6.66e-16  1.93e-05     1s
  16  -4.00118182e+03 -4.00233651e+03  1.48e-07 5.79e-16  1.02e-05     1s
  17  -4.00196941e+03 -4.00227131e+03  3.08e-08 4.44e-16  2.66e-06     1s
  18  -4.00216788e+03 -4.00219352e+03  3.07e-09 6.66e-16  2.26e-07     1s
  19  -4.00218996e+03 -4.00218996e+03  1.07e-12 9.30e-16  4.91e-11     1s

Barrier solved model in 19 iterations and 0.75 seconds
Optimal objective -4.00218996e+03


Root relaxation: objective -4.002190e+03, 40161 iterations, 0.74 seconds

    Nodes    |    Current Node    |     Objective Bounds      |     Work
 Expl Unexpl |  Obj  Depth IntInf | Incumbent    BestBd   Gap | It/Node Time

     0     0 -4002.1900    0  296    0.00000 -4002.1900      -     -    1s
H    0     0                    -3968.000000 -4002.1900  0.86%     -    1s

Explored 0 nodes (60462 simplex iterations) in 1.46 seconds
Thread count was 20 (of 20 available processors)

Solution count 2: -3968 0 
Pool objective bound -4002

Optimal solution found (tolerance 5.00e-02)
Best objective -3.968000000000e+03, best bound -4.002000000000e+03, gap 0.8569%
Changed value of parameter MIPGap to 0.05
   Prev: 0.0001  Min: 0.0  Max: 1e+100  Default: 0.0001
Changed value of parameter TimeLimit to 1800.0
   Prev: 1e+100  Min: 0.0  Max: 1e+100  Default: 1e+100
Changed value of parameter Method to 2
   Prev: -1  Min: -1  Max: 4  Default: -1
Changed value of parameter MIPFocus to 1
   Prev: 0  Min: 0  Max: 3  Default: 0
Optimize a model with 10788 rows, 56584 columns and 113168 nonzeros
Variable types: 0 continuous, 56584 integer (56584 binary)
Coefficient statistics:
  Matrix range     [1e+00, 2e+01]
  Objective range  [1e+00, 1e+00]
  Bounds range     [1e+00, 1e+00]
  RHS range        [8e+01, 8e+01]
Found heuristic solution: objective 0
Presolve time: 0.18s
Presolved: 10788 rows, 56584 columns, 113168 nonzeros
Variable types: 0 continuous, 56584 integer (56584 binary)
Presolved: 10788 rows, 56584 columns, 113168 nonzeros

Root barrier log...

Ordering time: 0.01s

Barrier statistics:
 AA' NZ     : 5.658e+04
 Factor NZ  : 2.370e+05 (roughly 30 MBytes of memory)
 Factor Ops : 3.809e+07 (less than 1 second per iteration)
 Threads    : 1

                  Objective                Residual
Iter       Primal          Dual         Primal    Dual     Compl     Time
   0  -3.18392876e+04 -4.69832579e+04  1.71e+02 2.22e-16  4.32e+00     0s
   1  -1.05153029e+04 -3.73391806e+04  3.77e+01 8.88e-16  1.01e+00     0s
   2  -4.98981708e+03 -1.76035834e+04  6.35e+00 1.33e-15  1.95e-01     0s
   3  -3.83124535e+03 -6.14421846e+03  5.76e-05 1.33e-15  2.04e-02     0s
   4  -3.94974468e+03 -4.28466944e+03  8.58e-06 8.88e-16  2.95e-03     0s
   5  -3.97001111e+03 -4.13700636e+03  5.33e-06 6.43e-16  1.47e-03     0s
   6  -3.97346962e+03 -4.11602043e+03  4.79e-06 6.66e-16  1.25e-03     0s
   7  -3.98221106e+03 -4.06716924e+03  3.46e-06 6.17e-16  7.48e-04     0s
   8  -3.98675879e+03 -4.04535408e+03  2.77e-06 5.57e-16  5.16e-04     0s
   9  -3.99183353e+03 -4.02508608e+03  2.07e-06 6.47e-16  2.93e-04     1s
  10  -3.99479691e+03 -4.01609730e+03  1.64e-06 6.66e-16  1.87e-04     1s
  11  -3.99836283e+03 -4.01128218e+03  1.16e-06 4.77e-16  1.14e-04     1s
  12  -4.00017017e+03 -4.00895260e+03  8.68e-07 5.79e-16  7.73e-05     1s
  13  -4.00184444e+03 -4.00777297e+03  6.00e-07 6.33e-16  5.22e-05     1s
  14  -4.00224458e+03 -4.00673147e+03  5.36e-07 4.44e-16  3.95e-05     1s
  15  -4.00377010e+03 -4.00595274e+03  2.99e-07 6.66e-16  1.92e-05     1s
  16  -4.00446115e+03 -4.00578344e+03  1.91e-07 4.77e-16  1.16e-05     1s
  17  -4.00530084e+03 -4.00573127e+03  5.05e-08 4.99e-16  3.79e-06     1s
  18  -4.00550423e+03 -4.00567111e+03  1.82e-08 6.66e-16  1.47e-06     1s
  19  -4.00554881e+03 -4.00565621e+03  1.12e-08 5.46e-16  9.45e-07     1s
  20  -4.00561855e+03 -4.00563041e+03  3.36e-10 4.65e-16  1.04e-07     1s
  21  -4.00562109e+03 -4.00562119e+03  1.74e-13 5.99e-16  8.24e-10     1s
  22  -4.00562111e+03 -4.00562111e+03  3.93e-14 6.66e-16  8.24e-13     1s

Barrier solved model in 22 iterations and 0.82 seconds
Optimal objective -4.00562111e+03


Root relaxation: objective -4.005621e+03, 39880 iterations, 0.99 seconds

    Nodes    |    Current Node    |     Objective Bounds      |     Work
 Expl Unexpl |  Obj  Depth IntInf | Incumbent    BestBd   Gap | It/Node Time

     0     0 -4005.6211    0  572    0.00000 -4005.6211      -     -    1s
H    0     0                    -3946.343005 -4005.6211  1.50%     -    1s

Explored 0 nodes (46712 simplex iterations) in 1.66 seconds
Thread count was 20 (of 20 available processors)

Solution count 2: -3946.34 0 
Pool objective bound -4005.62

Optimal solution found (tolerance 5.00e-02)
Best objective -3.946343005000e+03, best bound -4.005621107997e+03, gap 1.5021%
Changed value of parameter MIPGap to 0.05
   Prev: 0.0001  Min: 0.0  Max: 1e+100  Default: 0.0001
Changed value of parameter TimeLimit to 1800.0
   Prev: 1e+100  Min: 0.0  Max: 1e+100  Default: 1e+100
Changed value of parameter Method to 2
   Prev: -1  Min: -1  Max: 4  Default: -1
Changed value of parameter MIPFocus to 1
   Prev: 0  Min: 0  Max: 3  Default: 0
Optimize a model with 10788 rows, 56584 columns and 113168 nonzeros
Variable types: 0 continuous, 56584 integer (56584 binary)
Coefficient statistics:
  Matrix range     [1e+00, 2e+01]
  Objective range  [1e+00, 1e+00]
  Bounds range     [1e+00, 1e+00]
  RHS range        [8e+01, 8e+01]
Found heuristic solution: objective 0
Presolve time: 0.18s
Presolved: 10788 rows, 56584 columns, 113168 nonzeros
Variable types: 0 continuous, 56584 integer (56584 binary)
Presolved: 10788 rows, 56584 columns, 113168 nonzeros

Root barrier log...

Ordering time: 0.01s

Barrier statistics:
 AA' NZ     : 5.658e+04
 Factor NZ  : 2.370e+05 (roughly 30 MBytes of memory)
 Factor Ops : 3.809e+07 (less than 1 second per iteration)
 Threads    : 1

                  Objective                Residual
Iter       Primal          Dual         Primal    Dual     Compl     Time
   0  -3.18782009e+04 -4.69872838e+04  1.71e+02 0.00e+00  4.32e+00     0s
   1  -1.05266399e+04 -3.73444016e+04  3.77e+01 8.88e-16  1.01e+00     0s
   2  -5.00052739e+03 -1.76066694e+04  6.39e+00 8.88e-16  1.96e-01     0s
   3  -3.83447945e+03 -6.15603208e+03  6.15e-05 1.11e-15  2.04e-02     0s
   4  -3.95311624e+03 -4.28870300e+03  9.10e-06 8.88e-16  2.95e-03     0s
   5  -3.97343301e+03 -4.13991491e+03  5.65e-06 6.66e-16  1.46e-03     0s
   6  -3.97688760e+03 -4.11935420e+03  5.07e-06 6.63e-16  1.25e-03     0s
   7  -3.98537238e+03 -4.07077645e+03  3.71e-06 6.93e-16  7.51e-04     0s
   8  -3.99006638e+03 -4.04893780e+03  2.96e-06 6.66e-16  5.18e-04     0s
   9  -3.99438316e+03 -4.02801858e+03  2.32e-06 5.61e-16  2.96e-04     0s
  10  -3.99779777e+03 -4.01852428e+03  1.80e-06 4.44e-16  1.82e-04     1s
  11  -4.00121137e+03 -4.01407803e+03  1.31e-06 6.89e-16  1.13e-04     1s
  12  -4.00328819e+03 -4.01172890e+03  9.59e-07 6.66e-16  7.43e-05     1s
  13  -4.00464257e+03 -4.01068813e+03  7.31e-07 6.66e-16  5.32e-05     1s
  14  -4.00569592e+03 -4.00996813e+03  5.54e-07 5.30e-16  3.76e-05     1s
  15  -4.00685732e+03 -4.00920907e+03  3.76e-07 1.13e-15  2.07e-05     1s
  16  -4.00768450e+03 -4.00912799e+03  2.45e-07 4.44e-16  1.27e-05     1s
  17  -4.00870770e+03 -4.00911207e+03  5.85e-08 6.66e-16  3.56e-06     1s
  18  -4.00888748e+03 -4.00908441e+03  2.78e-08 4.73e-16  1.73e-06     1s
  19  -4.00904791e+03 -4.00906640e+03  5.85e-10 4.98e-16  1.63e-07     1s
  20  -4.00905221e+03 -4.00905243e+03  4.87e-12 5.28e-16  1.87e-09     1s
  21  -4.00905225e+03 -4.00905225e+03  7.55e-14 6.66e-16  1.87e-12     1s

Barrier solved model in 21 iterations and 0.79 seconds
Optimal objective -4.00905225e+03


Root relaxation: objective -4.009052e+03, 39972 iterations, 0.79 seconds

    Nodes    |    Current Node    |     Objective Bounds      |     Work
 Expl Unexpl |  Obj  Depth IntInf | Incumbent    BestBd   Gap | It/Node Time

     0     0 -4009.0523    0  343    0.00000 -4009.0523      -     -    1s
H    0     0                    -3969.760670 -4009.0523  0.99%     -    1s

Explored 0 nodes (54962 simplex iterations) in 1.48 seconds
Thread count was 20 (of 20 available processors)

Solution count 2: -3969.76 0 
Pool objective bound -4009.05

Optimal solution found (tolerance 5.00e-02)
Best objective -3.969760670000e+03, best bound -4.009052254105e+03, gap 0.9898%
Changed value of parameter MIPGap to 0.05
   Prev: 0.0001  Min: 0.0  Max: 1e+100  Default: 0.0001
Changed value of parameter TimeLimit to 1800.0
   Prev: 1e+100  Min: 0.0  Max: 1e+100  Default: 1e+100
Changed value of parameter Method to 2
   Prev: -1  Min: -1  Max: 4  Default: -1
Changed value of parameter MIPFocus to 1
   Prev: 0  Min: 0  Max: 3  Default: 0
Optimize a model with 10788 rows, 56584 columns and 113168 nonzeros
Variable types: 0 continuous, 56584 integer (56584 binary)
Coefficient statistics:
  Matrix range     [1e+00, 2e+01]
  Objective range  [1e+00, 1e+00]
  Bounds range     [1e+00, 1e+00]
  RHS range        [8e+01, 8e+01]
Found heuristic solution: objective 0
Presolve time: 0.16s
Presolved: 10788 rows, 56584 columns, 113168 nonzeros
Variable types: 0 continuous, 56584 integer (56584 binary)
Presolved: 10788 rows, 56584 columns, 113168 nonzeros

Root barrier log...

Ordering time: 0.01s

Barrier statistics:
 AA' NZ     : 5.658e+04
 Factor NZ  : 2.370e+05 (roughly 30 MBytes of memory)
 Factor Ops : 3.809e+07 (less than 1 second per iteration)
 Threads    : 1

                  Objective                Residual
Iter       Primal          Dual         Primal    Dual     Compl     Time
   0  -3.19560273e+04 -4.69953355e+04  1.71e+02 2.22e-16  4.32e+00     0s
   1  -1.05493181e+04 -3.73548447e+04  3.77e+01 8.88e-16  1.01e+00     0s
   2  -5.02203131e+03 -1.76128468e+04  6.45e+00 9.44e-16  1.96e-01     0s
   3  -3.84095259e+03 -6.17974571e+03  6.95e-05 8.88e-16  2.06e-02     0s
   4  -3.95985946e+03 -4.29712490e+03  1.01e-05 7.63e-16  2.97e-03     0s
   5  -3.98029861e+03 -4.14578549e+03  6.27e-06 6.66e-16  1.46e-03     0s
   6  -3.98374919e+03 -4.12602950e+03  5.63e-06 7.52e-16  1.25e-03     0s
   7  -3.99176885e+03 -4.07794447e+03  4.20e-06 7.78e-16  7.58e-04     0s
   8  -3.99668284e+03 -4.05605418e+03  3.33e-06 6.00e-16  5.22e-04     0s
   9  -4.00092837e+03 -4.03485686e+03  2.69e-06 6.66e-16  2.99e-04     0s
  10  -4.00407000e+03 -4.02603690e+03  2.17e-06 5.41e-16  1.93e-04     0s
  11  -4.00724455e+03 -4.02050571e+03  1.66e-06 6.04e-16  1.17e-04     0s
  12  -4.00917622e+03 -4.01817921e+03  1.29e-06 6.66e-16  7.92e-05     1s
  13  -4.01196380e+03 -4.01751508e+03  7.53e-07 6.66e-16  4.89e-05     1s
  14  -4.01236229e+03 -4.01716665e+03  6.77e-07 6.16e-16  4.23e-05     1s
  15  -4.01344846e+03 -4.01629100e+03  4.91e-07 5.46e-16  2.50e-05     1s
  16  -4.01449050e+03 -4.01605291e+03  2.96e-07 4.67e-16  1.38e-05     1s
  17  -4.01539374e+03 -4.01601562e+03  1.05e-07 4.44e-16  5.47e-06     1s
  18  -4.01571941e+03 -4.01596525e+03  3.87e-08 4.90e-16  2.16e-06     1s
  19  -4.01590524e+03 -4.01592800e+03  1.87e-09 6.66e-16  2.00e-07     1s
  20  -4.01591497e+03 -4.01591517e+03  1.00e-11 6.02e-16  1.74e-09     1s
  21  -4.01591504e+03 -4.01591504e+03  5.18e-14 6.74e-16  1.74e-12     1s

Barrier solved model in 21 iterations and 0.69 seconds
Optimal objective -4.01591504e+03


Root relaxation: objective -4.015915e+03, 40015 iterations, 0.72 seconds

    Nodes    |    Current Node    |     Objective Bounds      |     Work
 Expl Unexpl |  Obj  Depth IntInf | Incumbent    BestBd   Gap | It/Node Time

     0     0 -4015.9150    0  546    0.00000 -4015.9150      -     -    1s
H    0     0                    -3963.442440 -4015.9150  1.32%     -    1s

Explored 0 nodes (49610 simplex iterations) in 1.33 seconds
Thread count was 20 (of 20 available processors)

Solution count 2: -3963.44 0 
Pool objective bound -4015.92

Optimal solution found (tolerance 5.00e-02)
Best objective -3.963442440000e+03, best bound -4.015915041735e+03, gap 1.3239%
Changed value of parameter MIPGap to 0.05
   Prev: 0.0001  Min: 0.0  Max: 1e+100  Default: 0.0001
Changed value of parameter TimeLimit to 1800.0
   Prev: 1e+100  Min: 0.0  Max: 1e+100  Default: 1e+100
Changed value of parameter Method to 2
   Prev: -1  Min: -1  Max: 4  Default: -1
Changed value of parameter MIPFocus to 1
   Prev: 0  Min: 0  Max: 3  Default: 0
Optimize a model with 10788 rows, 56584 columns and 113168 nonzeros
Variable types: 0 continuous, 56584 integer (56584 binary)
Coefficient statistics:
  Matrix range     [1e+00, 2e+01]
  Objective range  [1e+00, 1e+00]
  Bounds range     [1e+00, 1e+00]
  RHS range        [8e+01, 8e+01]
Found heuristic solution: objective 0
Presolve time: 0.16s
Presolved: 10788 rows, 56584 columns, 113168 nonzeros
Variable types: 0 continuous, 56584 integer (56584 binary)
Presolved: 10788 rows, 56584 columns, 113168 nonzeros

Root barrier log...

Ordering time: 0.01s

Barrier statistics:
 AA' NZ     : 5.658e+04
 Factor NZ  : 2.370e+05 (roughly 30 MBytes of memory)
 Factor Ops : 3.809e+07 (less than 1 second per iteration)
 Threads    : 1

                  Objective                Residual
Iter       Primal          Dual         Primal    Dual     Compl     Time
   0  -3.21116797e+04 -4.70114389e+04  1.71e+02 0.00e+00  4.32e+00     0s
   1  -1.05946908e+04 -3.73757358e+04  3.77e+01 8.88e-16  1.01e+00     0s
   2  -5.03897341e+03 -1.76252176e+04  6.44e+00 1.11e-15  1.96e-01     0s
   3  -3.85459415e+03 -6.19934728e+03  6.54e-05 1.11e-15  2.06e-02     0s
   4  -3.97258917e+03 -4.32449162e+03  9.96e-06 7.60e-16  3.10e-03     0s
   5  -3.99341819e+03 -4.15947610e+03  6.15e-06 6.66e-16  1.46e-03     0s
   6  -3.99708644e+03 -4.14134407e+03  5.50e-06 7.04e-16  1.27e-03     0s
   7  -4.00428185e+03 -4.09319481e+03  4.25e-06 6.66e-16  7.82e-04     0s
   8  -4.00936431e+03 -4.07312623e+03  3.38e-06 6.66e-16  5.61e-04     0s
   9  -4.01392373e+03 -4.05000933e+03  2.65e-06 4.90e-16  3.18e-04     0s
  10  -4.01811512e+03 -4.04033912e+03  1.94e-06 4.44e-16  1.96e-04     0s
  11  -4.02130661e+03 -4.03444337e+03  1.47e-06 6.66e-16  1.16e-04     0s
  12  -4.02308225e+03 -4.03206205e+03  1.16e-06 6.66e-16  7.90e-05     0s
  13  -4.02585634e+03 -4.03063398e+03  6.67e-07 8.88e-16  4.20e-05     1s
  14  -4.02653579e+03 -4.03021817e+03  5.47e-07 5.55e-16  3.24e-05     1s
  15  -4.02791108e+03 -4.02997127e+03  3.04e-07 4.44e-16  1.81e-05     1s
  16  -4.02829826e+03 -4.02984490e+03  2.35e-07 4.63e-16  1.36e-05     1s
  17  -4.02902916e+03 -4.02978826e+03  1.20e-07 5.61e-16  6.68e-06     1s
  18  -4.02915650e+03 -4.02970081e+03  9.48e-08 4.71e-16  4.79e-06     1s
  19  -4.02935083e+03 -4.02968044e+03  5.69e-08 4.44e-16  2.90e-06     1s
  20  -4.02959515e+03 -4.02966586e+03  9.18e-09 6.66e-16  6.22e-07     1s
  21  -4.02964322e+03 -4.02964412e+03  5.20e-14 5.47e-16  7.93e-09     1s
  22  -4.02964331e+03 -4.02964331e+03  7.09e-14 6.72e-16  7.94e-12     1s

Barrier solved model in 22 iterations and 0.71 seconds
Optimal objective -4.02964331e+03


Root relaxation: objective -4.029643e+03, 40015 iterations, 0.79 seconds

    Nodes    |    Current Node    |     Objective Bounds      |     Work
 Expl Unexpl |  Obj  Depth IntInf | Incumbent    BestBd   Gap | It/Node Time

     0     0 -4029.6433    0  557    0.00000 -4029.6433      -     -    1s
H    0     0                    -3974.852280 -4029.6433  1.38%     -    1s

Explored 0 nodes (46845 simplex iterations) in 1.39 seconds
Thread count was 20 (of 20 available processors)

Solution count 2: -3974.85 0 
Pool objective bound -4029.64

Optimal solution found (tolerance 5.00e-02)
Best objective -3.974852280000e+03, best bound -4.029643313253e+03, gap 1.3784%
Changed value of parameter MIPGap to 0.05
   Prev: 0.0001  Min: 0.0  Max: 1e+100  Default: 0.0001
Changed value of parameter TimeLimit to 1800.0
   Prev: 1e+100  Min: 0.0  Max: 1e+100  Default: 1e+100
Changed value of parameter Method to 2
   Prev: -1  Min: -1  Max: 4  Default: -1
Changed value of parameter MIPFocus to 1
   Prev: 0  Min: 0  Max: 3  Default: 0
Optimize a model with 10788 rows, 56584 columns and 113168 nonzeros
Variable types: 0 continuous, 56584 integer (56584 binary)
Coefficient statistics:
  Matrix range     [1e+00, 2e+01]
  Objective range  [1e+00, 1e+00]
  Bounds range     [1e+00, 1e+00]
  RHS range        [8e+01, 8e+01]
Found heuristic solution: objective 0
Presolve time: 0.17s
Presolved: 10788 rows, 56584 columns, 113168 nonzeros
Variable types: 0 continuous, 56584 integer (56584 binary)
Presolved: 10788 rows, 56584 columns, 113168 nonzeros

Root barrier log...

Ordering time: 0.01s

Barrier statistics:
 AA' NZ     : 5.658e+04
 Factor NZ  : 2.370e+05 (roughly 30 MBytes of memory)
 Factor Ops : 3.809e+07 (less than 1 second per iteration)
 Threads    : 1

                  Objective                Residual
Iter       Primal          Dual         Primal    Dual     Compl     Time
   0  -3.21895056e+04 -4.70194905e+04  1.71e+02 2.22e-16  4.32e+00     0s
   1  -1.06173854e+04 -3.73861836e+04  3.77e+01 8.88e-16  1.01e+00     0s
   2  -5.04518177e+03 -1.76314130e+04  6.42e+00 1.05e-15  1.96e-01     0s
   3  -3.86147121e+03 -6.20690142e+03  6.17e-05 1.33e-15  2.06e-02     0s
   4  -3.97892550e+03 -4.33904350e+03  9.63e-06 8.88e-16  3.17e-03     0s
   5  -3.99978694e+03 -4.16634892e+03  5.97e-06 5.46e-16  1.47e-03     0s
   6  -4.00744264e+03 -4.13229323e+03  4.66e-06 6.66e-16  1.10e-03     0s
   7  -4.01043899e+03 -4.09259230e+03  4.17e-06 6.66e-16  7.23e-04     0s
   8  -4.01700067e+03 -4.06166784e+03  3.10e-06 6.66e-16  3.93e-04     0s
   9  -4.02256413e+03 -4.05247256e+03  2.27e-06 6.66e-16  2.63e-04     0s
  10  -4.02689561e+03 -4.04402377e+03  1.64e-06 7.03e-16  1.51e-04     0s
  11  -4.02919657e+03 -4.03982516e+03  1.25e-06 5.51e-16  9.35e-05     1s
  12  -4.03143353e+03 -4.03836348e+03  8.63e-07 6.66e-16  6.10e-05     1s
  13  -4.03318854e+03 -4.03738434e+03  5.64e-07 4.44e-16  3.69e-05     1s
  14  -4.03390497e+03 -4.03709824e+03  4.41e-07 6.87e-16  2.81e-05     1s
  15  -4.03453202e+03 -4.03671720e+03  3.40e-07 4.59e-16  1.92e-05     1s
  16  -4.03539505e+03 -4.03660185e+03  1.93e-07 6.71e-16  1.06e-05     1s
  17  -4.03581997e+03 -4.03657458e+03  1.24e-07 4.81e-16  6.64e-06     1s
  18  -4.03614404e+03 -4.03655010e+03  6.50e-08 4.44e-16  3.57e-06     1s
  19  -4.03640161e+03 -4.03653194e+03  1.88e-08 4.55e-16  1.15e-06     1s
  20  -4.03649698e+03 -4.03651314e+03  1.98e-09 4.44e-16  1.42e-07     1s
  21  -4.03650845e+03 -4.03650847e+03  1.05e-13 6.66e-16  1.43e-10     1s

Barrier solved model in 21 iterations and 0.70 seconds
Optimal objective -4.03650845e+03


Root relaxation: objective -4.036508e+03, 40027 iterations, 0.68 seconds

    Nodes    |    Current Node    |     Objective Bounds      |     Work
 Expl Unexpl |  Obj  Depth IntInf | Incumbent    BestBd   Gap | It/Node Time

     0     0 -4036.5085    0  552    0.00000 -4036.5085      -     -    1s
H    0     0                    -3977.501600 -4036.5085  1.48%     -    1s

Explored 0 nodes (46838 simplex iterations) in 1.32 seconds
Thread count was 20 (of 20 available processors)

Solution count 2: -3977.5 0 
Pool objective bound -4036.51

Optimal solution found (tolerance 5.00e-02)
Best objective -3.977501600000e+03, best bound -4.036508464395e+03, gap 1.4835%
Changed value of parameter MIPGap to 0.05
   Prev: 0.0001  Min: 0.0  Max: 1e+100  Default: 0.0001
Changed value of parameter TimeLimit to 1800.0
   Prev: 1e+100  Min: 0.0  Max: 1e+100  Default: 1e+100
Changed value of parameter Method to 2
   Prev: -1  Min: -1  Max: 4  Default: -1
Changed value of parameter MIPFocus to 1
   Prev: 0  Min: 0  Max: 3  Default: 0
Optimize a model with 10788 rows, 56584 columns and 113168 nonzeros
Variable types: 0 continuous, 56584 integer (56584 binary)
Coefficient statistics:
  Matrix range     [1e+00, 2e+01]
  Objective range  [1e+00, 1e+00]
  Bounds range     [1e+00, 1e+00]
  RHS range        [8e+01, 8e+01]
Found heuristic solution: objective 0
Presolve time: 0.17s
Presolved: 10788 rows, 56584 columns, 113168 nonzeros
Variable types: 0 continuous, 56584 integer (56584 binary)
Presolved: 10788 rows, 56584 columns, 113168 nonzeros

Root barrier log...

Ordering time: 0.01s

Barrier statistics:
 AA' NZ     : 5.658e+04
 Factor NZ  : 2.370e+05 (roughly 30 MBytes of memory)
 Factor Ops : 3.809e+07 (less than 1 second per iteration)
 Threads    : 1

                  Objective                Residual
Iter       Primal          Dual         Primal    Dual     Compl     Time
   0  -3.25786326e+04 -4.70597490e+04  1.71e+02 0.00e+00  4.32e+00     0s
   1  -1.07309422e+04 -3.74384420e+04  3.76e+01 8.88e-16  1.01e+00     0s
   2  -5.07550889e+03 -1.76624881e+04  6.31e+00 1.05e-15  1.95e-01     0s
   3  -3.89582734e+03 -6.21982728e+03  3.86e-05 1.11e-15  2.04e-02     0s
   4  -4.01069563e+03 -4.40559969e+03  6.80e-06 1.13e-15  3.47e-03     0s
   5  -4.03258119e+03 -4.21304629e+03  4.19e-06 6.66e-16  1.59e-03     0s
   6  -4.04011802e+03 -4.15174846e+03  3.33e-06 6.66e-16  9.82e-04     0s
   7  -4.04832780e+03 -4.11522907e+03  2.48e-06 4.70e-16  5.89e-04     0s
   8  -4.05215893e+03 -4.09515218e+03  2.05e-06 5.40e-16  3.78e-04     0s
   9  -4.05784461e+03 -4.08177995e+03  1.49e-06 5.14e-16  2.11e-04     0s
  10  -4.06216747e+03 -4.07699659e+03  1.02e-06 6.66e-16  1.30e-04     0s
  11  -4.06461525e+03 -4.07387741e+03  7.65e-07 5.69e-16  8.15e-05     1s
  12  -4.06655080e+03 -4.07231748e+03  5.25e-07 5.97e-16  5.07e-05     1s
  13  -4.06770578e+03 -4.07172361e+03  3.84e-07 7.01e-16  3.54e-05     1s
  14  -4.06866368e+03 -4.07130735e+03  2.67e-07 4.83e-16  2.33e-05     1s
  15  -4.06927284e+03 -4.07099702e+03  1.99e-07 4.64e-16  1.52e-05     1s
  16  -4.06987206e+03 -4.07094922e+03  1.23e-07 6.73e-16  9.48e-06     1s
  17  -4.07065951e+03 -4.07089005e+03  2.25e-08 6.66e-16  2.03e-06     1s
  18  -4.07076570e+03 -4.07085661e+03  9.31e-09 4.71e-16  8.00e-07     1s
  19  -4.07084129e+03 -4.07084331e+03  1.99e-10 6.66e-16  1.77e-08     1s
  20  -4.07084304e+03 -4.07084304e+03  3.50e-13 6.66e-16  1.04e-11     1s

Barrier solved model in 20 iterations and 0.69 seconds
Optimal objective -4.07084304e+03


Root relaxation: objective -4.070843e+03, 40254 iterations, 0.87 seconds

    Nodes    |    Current Node    |     Objective Bounds      |     Work
 Expl Unexpl |  Obj  Depth IntInf | Incumbent    BestBd   Gap | It/Node Time

     0     0 -4070.8430    0  532    0.00000 -4070.8430      -     -    1s
H    0     0                    -4007.917600 -4070.8430  1.57%     -    1s

Explored 0 nodes (47111 simplex iterations) in 1.49 seconds
Thread count was 20 (of 20 available processors)

Solution count 2: -4007.92 0 
Pool objective bound -4070.84

Optimal solution found (tolerance 5.00e-02)
Best objective -4.007917600000e+03, best bound -4.070843036311e+03, gap 1.5700%
Changed value of parameter MIPGap to 0.05
   Prev: 0.0001  Min: 0.0  Max: 1e+100  Default: 0.0001
Changed value of parameter TimeLimit to 1800.0
   Prev: 1e+100  Min: 0.0  Max: 1e+100  Default: 1e+100
Changed value of parameter Method to 2
   Prev: -1  Min: -1  Max: 4  Default: -1
Changed value of parameter MIPFocus to 1
   Prev: 0  Min: 0  Max: 3  Default: 0
Optimize a model with 10788 rows, 56584 columns and 113168 nonzeros
Variable types: 0 continuous, 56584 integer (56584 binary)
Coefficient statistics:
  Matrix range     [1e+00, 2e+01]
  Objective range  [1e+00, 1e+00]
  Bounds range     [1e+00, 1e+00]
  RHS range        [8e+01, 8e+01]
Found heuristic solution: objective 0
Presolve time: 0.15s
Presolved: 10788 rows, 56584 columns, 113168 nonzeros
Variable types: 0 continuous, 56584 integer (56584 binary)
Presolved: 10788 rows, 56584 columns, 113168 nonzeros

Root barrier log...

Ordering time: 0.01s

Barrier statistics:
 AA' NZ     : 5.658e+04
 Factor NZ  : 2.370e+05 (roughly 30 MBytes of memory)
 Factor Ops : 3.809e+07 (less than 1 second per iteration)
 Threads    : 1

                  Objective                Residual
Iter       Primal          Dual         Primal    Dual     Compl     Time
   0  -3.33568811e+04 -4.71728397e+04  1.71e+02 0.00e+00  4.32e+00     0s
   1  -1.09583911e+04 -3.75676351e+04  3.75e+01 9.99e-16  1.01e+00     0s
   2  -5.13320992e+03 -1.77356401e+04  6.10e+00 1.11e-15  1.92e-01     0s
   3  -3.96445222e+03 -6.24879883e+03  4.66e-05 9.44e-16  2.01e-02     0s
   4  -4.07635373e+03 -4.47393160e+03  9.40e-06 8.88e-16  3.50e-03     0s
   5  -4.09908105e+03 -4.28785159e+03  5.85e-06 6.66e-16  1.66e-03     0s
   6  -4.10455213e+03 -4.21717553e+03  5.04e-06 5.66e-16  9.91e-04     0s
   7  -4.11112477e+03 -4.18231792e+03  4.09e-06 5.00e-16  6.26e-04     0s
   8  -4.11739856e+03 -4.16651689e+03  3.18e-06 5.38e-16  4.32e-04     0s
   9  -4.12390876e+03 -4.15398763e+03  2.30e-06 5.69e-16  2.65e-04     0s
  10  -4.12784080e+03 -4.14587364e+03  1.77e-06 6.05e-16  1.59e-04     0s
  11  -4.13017914e+03 -4.14247985e+03  1.41e-06 5.04e-16  1.08e-04     0s
  12  -4.13365822e+03 -4.14121095e+03  8.94e-07 6.66e-16  6.65e-05     0s
  13  -4.13472048e+03 -4.14057489e+03  7.34e-07 5.30e-16  5.15e-05     1s
  14  -4.13606251e+03 -4.14022853e+03  5.32e-07 6.14e-16  3.67e-05     1s
  15  -4.13662532e+03 -4.13988990e+03  4.58e-07 6.97e-16  2.87e-05     1s
  16  -4.13825424e+03 -4.13984579e+03  2.13e-07 5.25e-16  1.40e-05     1s
  17  -4.13886967e+03 -4.13976327e+03  1.19e-07 6.66e-16  7.86e-06     1s
  18  -4.13906415e+03 -4.13972941e+03  9.02e-08 6.66e-16  5.85e-06     1s
  19  -4.13947605e+03 -4.13970928e+03  2.84e-08 6.66e-16  2.05e-06     1s
  20  -4.13962122e+03 -4.13969128e+03  6.83e-09 6.66e-16  6.16e-07     1s
  21  -4.13966308e+03 -4.13968135e+03  7.11e-10 6.66e-16  1.61e-07     1s
  22  -4.13966796e+03 -4.13966798e+03  2.70e-13 6.66e-16  1.78e-10     1s

Barrier solved model in 22 iterations and 0.70 seconds
Optimal objective -4.13966796e+03


Root relaxation: objective -4.139668e+03, 40089 iterations, 0.88 seconds

    Nodes    |    Current Node    |     Objective Bounds      |     Work
 Expl Unexpl |  Obj  Depth IntInf | Incumbent    BestBd   Gap | It/Node Time

     0     0 -4139.6680    0  549    0.00000 -4139.6680      -     -    1s
H    0     0                    -4073.295400 -4139.6680  1.63%     -    1s

Explored 0 nodes (48279 simplex iterations) in 1.49 seconds
Thread count was 20 (of 20 available processors)

Solution count 2: -4073.3 0 
Pool objective bound -4139.67

Optimal solution found (tolerance 5.00e-02)
Best objective -4.073295400000e+03, best bound -4.139667963986e+03, gap 1.6295%
Changed value of parameter MIPGap to 0.05
   Prev: 0.0001  Min: 0.0  Max: 1e+100  Default: 0.0001
Changed value of parameter TimeLimit to 1800.0
   Prev: 1e+100  Min: 0.0  Max: 1e+100  Default: 1e+100
Changed value of parameter Method to 2
   Prev: -1  Min: -1  Max: 4  Default: -1
Changed value of parameter MIPFocus to 1
   Prev: 0  Min: 0  Max: 3  Default: 0
Optimize a model with 10788 rows, 56584 columns and 113168 nonzeros
Variable types: 0 continuous, 56584 integer (56584 binary)
Coefficient statistics:
  Matrix range     [1e+00, 2e+01]
  Objective range  [1e+00, 1e+00]
  Bounds range     [1e+00, 1e+00]
  RHS range        [8e+01, 8e+01]
Found heuristic solution: objective 0
Presolve time: 0.15s
Presolved: 10788 rows, 56584 columns, 113168 nonzeros
Variable types: 0 continuous, 56584 integer (56584 binary)
Presolved: 10788 rows, 56584 columns, 113168 nonzeros

Root barrier log...

Ordering time: 0.01s

Barrier statistics:
 AA' NZ     : 5.658e+04
 Factor NZ  : 2.370e+05 (roughly 30 MBytes of memory)
 Factor Ops : 3.809e+07 (less than 1 second per iteration)
 Threads    : 1

                  Objective                Residual
Iter       Primal          Dual         Primal    Dual     Compl     Time
   0  -3.49133399e+04 -4.74414852e+04  1.71e+02 0.00e+00  4.32e+00     0s
   1  -1.14106490e+04 -3.78581576e+04  3.73e+01 8.88e-16  1.01e+00     0s
   2  -5.18152247e+03 -1.78849398e+04  5.34e+00 1.33e-15  1.83e-01     0s
   3  -4.10950857e+03 -6.38884338e+03  8.88e-16 1.55e-15  2.01e-02     0s
   4  -4.21387549e+03 -4.64260915e+03  5.55e-16 7.04e-16  3.77e-03     0s
   5  -4.23431390e+03 -4.44791215e+03  6.66e-16 7.28e-16  1.88e-03     0s
   6  -4.24255068e+03 -4.36504357e+03  6.66e-16 6.66e-16  1.08e-03     0s
   7  -4.25184792e+03 -4.32710875e+03  1.89e-15 5.96e-16  6.62e-04     0s
   8  -4.25632224e+03 -4.30807142e+03  2.55e-15 5.48e-16  4.55e-04     0s
   9  -4.26199431e+03 -4.29702930e+03  3.66e-15 4.50e-16  3.08e-04     0s
  10  -4.26498704e+03 -4.28741392e+03  5.66e-15 4.57e-16  1.97e-04     0s
  11  -4.26813505e+03 -4.28350570e+03  6.77e-15 7.25e-16  1.35e-04     0s
  12  -4.27105556e+03 -4.28131172e+03  3.51e-14 6.66e-16  9.02e-05     0s
  13  -4.27244466e+03 -4.27996861e+03  3.05e-14 5.50e-16  6.62e-05     1s
  14  -4.27441947e+03 -4.27927649e+03  8.19e-14 4.89e-16  4.27e-05     1s
  15  -4.27533725e+03 -4.27870623e+03  1.37e-13 6.66e-16  2.96e-05     1s
  16  -4.27576720e+03 -4.27836821e+03  1.40e-13 4.99e-16  2.29e-05     1s
  17  -4.27652017e+03 -4.27824571e+03  1.59e-13 4.52e-16  1.52e-05     1s
  18  -4.27713557e+03 -4.27818326e+03  7.58e-13 6.60e-16  9.22e-06     1s
  19  -4.27770091e+03 -4.27814135e+03  5.38e-13 5.24e-16  3.87e-06     1s
  20  -4.27800040e+03 -4.27809350e+03  1.39e-13 6.66e-16  8.19e-07     1s
  21  -4.27805678e+03 -4.27805957e+03  8.93e-14 7.82e-16  2.46e-08     1s
  22  -4.27805839e+03 -4.27805840e+03  3.10e-13 8.88e-16  2.57e-11     1s

Barrier solved model in 22 iterations and 0.70 seconds
Optimal objective -4.27805839e+03


Root relaxation: objective -4.278058e+03, 40061 iterations, 0.70 seconds

    Nodes    |    Current Node    |     Objective Bounds      |     Work
 Expl Unexpl |  Obj  Depth IntInf | Incumbent    BestBd   Gap | It/Node Time

     0     0 -4278.0584    0  572    0.00000 -4278.0584      -     -    1s
H    0     0                    -4219.936400 -4278.0584  1.38%     -    1s

Explored 0 nodes (46909 simplex iterations) in 1.27 seconds
Thread count was 20 (of 20 available processors)

Solution count 2: -4219.94 0 
Pool objective bound -4278.06

Optimal solution found (tolerance 5.00e-02)
Best objective -4.219936400000e+03, best bound -4.278058394644e+03, gap 1.3773%
Changed value of parameter MIPGap to 0.05
   Prev: 0.0001  Min: 0.0  Max: 1e+100  Default: 0.0001
Changed value of parameter TimeLimit to 1800.0
   Prev: 1e+100  Min: 0.0  Max: 1e+100  Default: 1e+100
Changed value of parameter Method to 2
   Prev: -1  Min: -1  Max: 4  Default: -1
Changed value of parameter MIPFocus to 1
   Prev: 0  Min: 0  Max: 3  Default: 0
Optimize a model with 10788 rows, 56584 columns and 113168 nonzeros
Variable types: 0 continuous, 56584 integer (56584 binary)
Coefficient statistics:
  Matrix range     [1e+00, 2e+01]
  Objective range  [1e+00, 2e+00]
  Bounds range     [1e+00, 1e+00]
  RHS range        [8e+01, 8e+01]
Found heuristic solution: objective 0
Presolve time: 0.15s
Presolved: 10788 rows, 56584 columns, 113168 nonzeros
Variable types: 0 continuous, 56584 integer (56584 binary)
Presolved: 10788 rows, 56584 columns, 113168 nonzeros

Root barrier log...

Ordering time: 0.01s

Barrier statistics:
 AA' NZ     : 5.658e+04
 Factor NZ  : 2.370e+05 (roughly 30 MBytes of memory)
 Factor Ops : 3.809e+07 (less than 1 second per iteration)
 Threads    : 1

                  Objective                Residual
Iter       Primal          Dual         Primal    Dual     Compl     Time
   0  -3.56915457e+04 -4.75758079e+04  1.71e+02 0.00e+00  4.33e+00     0s
   1  -1.15311951e+04 -3.80034755e+04  3.66e+01 8.88e-16  9.98e-01     0s
   2  -5.28047492e+03 -1.78283003e+04  5.36e+00 1.33e-15  1.82e-01     0s
   3  -4.17862484e+03 -6.47462649e+03  7.77e-16 1.11e-15  2.02e-02     0s
   4  -4.28374087e+03 -4.63411258e+03  6.66e-16 9.40e-16  3.08e-03     0s
   5  -4.30256019e+03 -4.49038294e+03  2.00e-15 6.66e-16  1.65e-03     0s
   6  -4.31137101e+03 -4.41685432e+03  8.88e-16 6.66e-16  9.28e-04     0s
   7  -4.32224500e+03 -4.38356809e+03  2.55e-15 6.66e-16  5.39e-04     0s
   8  -4.32581225e+03 -4.37142120e+03  4.22e-15 4.80e-16  4.01e-04     0s
   9  -4.33016456e+03 -4.36089994e+03  5.55e-15 6.66e-16  2.70e-04     0s
  10  -4.33395565e+03 -4.35385709e+03  7.22e-15 5.97e-16  1.75e-04     0s
  11  -4.33745317e+03 -4.35138279e+03  1.87e-14 6.17e-16  1.23e-04     0s
  12  -4.33960434e+03 -4.35001510e+03  1.72e-14 6.66e-16  9.16e-05     0s
  13  -4.34228433e+03 -4.34907352e+03  4.83e-14 5.32e-16  5.97e-05     1s
  14  -4.34407669e+03 -4.34847281e+03  1.25e-13 5.74e-16  3.87e-05     1s
  15  -4.34441080e+03 -4.34796005e+03  1.33e-13 6.66e-16  3.12e-05     1s
  16  -4.34578993e+03 -4.34769678e+03  1.98e-13 5.25e-16  1.68e-05     1s
  17  -4.34630273e+03 -4.34757714e+03  1.28e-13 6.66e-16  1.12e-05     1s
  18  -4.34690680e+03 -4.34750194e+03  1.25e-13 6.66e-16  5.24e-06     1s
  19  -4.34702388e+03 -4.34743927e+03  9.56e-14 6.66e-16  3.65e-06     1s
  20  -4.34732020e+03 -4.34741743e+03  2.73e-13 5.16e-16  8.55e-07     1s
  21  -4.34738341e+03 -4.34739916e+03  1.85e-13 8.88e-16  1.39e-07     1s
  22  -4.34739683e+03 -4.34739684e+03  4.23e-14 8.88e-16  1.45e-10     1s

Barrier solved model in 22 iterations and 0.70 seconds
Optimal objective -4.34739683e+03


Root relaxation: objective -4.347397e+03, 40032 iterations, 0.70 seconds

    Nodes    |    Current Node    |     Objective Bounds      |     Work
 Expl Unexpl |  Obj  Depth IntInf | Incumbent    BestBd   Gap | It/Node Time

     0     0 -4347.3968    0  598    0.00000 -4347.3968      -     -    1s
H    0     0                    -4274.211000 -4347.3968  1.71%     -    1s

Explored 0 nodes (46899 simplex iterations) in 1.26 seconds
Thread count was 20 (of 20 available processors)

Solution count 2: -4274.21 0 
Pool objective bound -4347.4

Optimal solution found (tolerance 5.00e-02)
Best objective -4.274211000000e+03, best bound -4.347396839931e+03, gap 1.7123%
Changed value of parameter MIPGap to 0.05
   Prev: 0.0001  Min: 0.0  Max: 1e+100  Default: 0.0001
Changed value of parameter TimeLimit to 1800.0
   Prev: 1e+100  Min: 0.0  Max: 1e+100  Default: 1e+100
Changed value of parameter Method to 2
   Prev: -1  Min: -1  Max: 4  Default: -1
Changed value of parameter MIPFocus to 1
   Prev: 0  Min: 0  Max: 3  Default: 0
Optimize a model with 10788 rows, 56584 columns and 113168 nonzeros
Variable types: 0 continuous, 56584 integer (56584 binary)
Coefficient statistics:
  Matrix range     [1e+00, 2e+01]
  Objective range  [1e+00, 2e+00]
  Bounds range     [1e+00, 1e+00]
  RHS range        [8e+01, 8e+01]
Found heuristic solution: objective 0
Presolve time: 0.15s
Presolved: 10788 rows, 56584 columns, 113168 nonzeros
Variable types: 0 continuous, 56584 integer (56584 binary)
Presolved: 10788 rows, 56584 columns, 113168 nonzeros

Root barrier log...

Ordering time: 0.01s

Barrier statistics:
 AA' NZ     : 5.658e+04
 Factor NZ  : 2.370e+05 (roughly 30 MBytes of memory)
 Factor Ops : 3.809e+07 (less than 1 second per iteration)
 Threads    : 1

                  Objective                Residual
Iter       Primal          Dual         Primal    Dual     Compl     Time
   0  -3.95828328e+04 -4.97039329e+04  1.71e+02 0.00e+00  4.49e+00     0s
   1  -1.20730544e+04 -3.98220687e+04  3.37e+01 7.77e-16  9.80e-01     0s
   2  -6.19729382e+03 -2.01916940e+04  7.37e+00 1.11e-15  2.30e-01     0s
   3  -4.50606538e+03 -7.37832355e+03  3.89e-05 9.71e-16  2.53e-02     0s
   4  -4.62762747e+03 -5.04117410e+03  5.19e-06 1.33e-15  3.64e-03     0s
   5  -4.64828506e+03 -4.85607168e+03  3.48e-06 8.88e-16  1.83e-03     0s
   6  -4.65991384e+03 -4.79018812e+03  2.59e-06 6.07e-16  1.15e-03     0s
   7  -4.66753193e+03 -4.73990937e+03  2.06e-06 8.88e-16  6.37e-04     0s
   8  -4.67323238e+03 -4.72304127e+03  1.64e-06 5.73e-16  4.38e-04     0s
   9  -4.67905544e+03 -4.71017241e+03  1.26e-06 5.01e-16  2.74e-04     0s
  10  -4.68348677e+03 -4.70184147e+03  9.54e-07 6.71e-16  1.62e-04     0s
  11  -4.68690253e+03 -4.69847432e+03  7.08e-07 4.46e-16  1.02e-04     0s
  12  -4.68945818e+03 -4.69737224e+03  4.95e-07 6.36e-16  6.96e-05     0s
  13  -4.69012314e+03 -4.69689375e+03  4.40e-07 6.66e-16  5.96e-05     1s
  14  -4.69168892e+03 -4.69631175e+03  3.09e-07 8.88e-16  4.07e-05     1s
  15  -4.69361546e+03 -4.69590257e+03  1.63e-07 5.15e-16  2.01e-05     1s
  16  -4.69407149e+03 -4.69567856e+03  1.28e-07 6.66e-16  1.41e-05     1s
  17  -4.69449272e+03 -4.69554704e+03  9.31e-08 6.66e-16  9.28e-06     1s
  18  -4.69458007e+03 -4.69553592e+03  8.46e-08 7.48e-16  8.41e-06     1s
  19  -4.69515784e+03 -4.69552506e+03  3.02e-08 6.66e-16  3.23e-06     1s
  20  -4.69537624e+03 -4.69550261e+03  9.88e-09 8.88e-16  1.11e-06     1s
  21  -4.69548505e+03 -4.69548544e+03  1.23e-12 8.88e-16  3.45e-09     1s
  22  -4.69548518e+03 -4.69548518e+03  3.71e-12 8.88e-16  3.62e-12     1s

Barrier solved model in 22 iterations and 0.69 seconds
Optimal objective -4.69548518e+03


Root relaxation: objective -4.695485e+03, 39920 iterations, 0.70 seconds

    Nodes    |    Current Node    |     Objective Bounds      |     Work
 Expl Unexpl |  Obj  Depth IntInf | Incumbent    BestBd   Gap | It/Node Time

     0     0 -4695.4852    0  669    0.00000 -4695.4852      -     -    1s
H    0     0                    -4617.466000 -4695.4852  1.69%     -    1s

Explored 0 nodes (46802 simplex iterations) in 1.27 seconds
Thread count was 20 (of 20 available processors)

Solution count 2: -4617.47 0 
Pool objective bound -4695.49

Optimal solution found (tolerance 5.00e-02)
Best objective -4.617466000000e+03, best bound -4.695485182814e+03, gap 1.6897%
Changed value of parameter MIPGap to 0.05
   Prev: 0.0001  Min: 0.0  Max: 1e+100  Default: 0.0001
Changed value of parameter TimeLimit to 1800.0
   Prev: 1e+100  Min: 0.0  Max: 1e+100  Default: 1e+100
Changed value of parameter Method to 2
   Prev: -1  Min: -1  Max: 4  Default: -1
Changed value of parameter MIPFocus to 1
   Prev: 0  Min: 0  Max: 3  Default: 0
Optimize a model with 10788 rows, 56584 columns and 113168 nonzeros
Variable types: 0 continuous, 56584 integer (56584 binary)
Coefficient statistics:
  Matrix range     [1e+00, 2e+01]
  Objective range  [1e+00, 3e+00]
  Bounds range     [1e+00, 1e+00]
  RHS range        [8e+01, 8e+01]
Found heuristic solution: objective 0
Presolve time: 0.15s
Presolved: 10788 rows, 56584 columns, 113168 nonzeros
Variable types: 0 continuous, 56584 integer (56584 binary)
Presolved: 10788 rows, 56584 columns, 113168 nonzeros

Root barrier log...

Ordering time: 0.01s

Barrier statistics:
 AA' NZ     : 5.658e+04
 Factor NZ  : 2.370e+05 (roughly 30 MBytes of memory)
 Factor Ops : 3.809e+07 (less than 1 second per iteration)
 Threads    : 1

                  Objective                Residual
Iter       Primal          Dual         Primal    Dual     Compl     Time
   0  -4.73729134e+04 -8.41898637e+04  1.71e+02 0.00e+00  7.91e+00     0s
   1  -1.52374494e+04 -6.63483844e+04  3.82e+01 1.33e-15  1.87e+00     0s
   2  -6.58899523e+03 -3.06360891e+04  5.33e+00 2.11e-15  3.38e-01     0s
   3  -5.14804134e+03 -9.68800684e+03  5.49e-03 1.39e-15  4.00e-02     0s
   4  -5.26978435e+03 -6.17631902e+03  9.28e-04 1.23e-15  7.98e-03     0s
   5  -5.30672961e+03 -5.72373167e+03  5.63e-04 8.88e-16  3.67e-03     0s
   6  -5.33155546e+03 -5.56155466e+03  3.85e-04 8.88e-16  2.03e-03     0s
   7  -5.35157723e+03 -5.48782357e+03  2.58e-04 8.88e-16  1.20e-03     0s
   8  -5.35976464e+03 -5.46096493e+03  2.07e-04 8.88e-16  8.92e-04     0s
   9  -5.36740098e+03 -5.43584873e+03  1.63e-04 8.88e-16  6.04e-04     0s
  10  -5.37470163e+03 -5.41735559e+03  1.28e-04 8.88e-16  3.76e-04     0s
  11  -5.38133081e+03 -5.40948397e+03  9.62e-05 8.88e-16  2.48e-04     0s
  12  -5.38510973e+03 -5.40513759e+03  6.97e-05 1.09e-15  1.77e-04     0s
  13  -5.38684804e+03 -5.40204631e+03  5.80e-05 8.88e-16  1.34e-04     1s
  14  -5.38841325e+03 -5.39988809e+03  4.77e-05 8.88e-16  1.01e-04     1s
  15  -5.39017635e+03 -5.39848330e+03  3.91e-05 1.03e-15  7.34e-05     1s
  16  -5.39206679e+03 -5.39713613e+03  2.82e-05 8.88e-16  4.48e-05     1s
  17  -5.39322588e+03 -5.39670825e+03  1.99e-05 8.88e-16  3.08e-05     1s
  18  -5.39385125e+03 -5.39642235e+03  1.54e-05 8.88e-16  2.27e-05     1s
  19  -5.39457974e+03 -5.39631040e+03  1.02e-05 8.88e-16  1.53e-05     1s
  20  -5.39488148e+03 -5.39622084e+03  8.13e-06 8.88e-16  1.19e-05     1s
  21  -5.39525824e+03 -5.39615652e+03  5.45e-06 8.88e-16  7.95e-06     1s
  22  -5.39551909e+03 -5.39612961e+03  3.68e-06 8.88e-16  5.40e-06     1s
  23  -5.39576804e+03 -5.39610279e+03  2.03e-06 9.40e-16  2.96e-06     1s
  24  -5.39596473e+03 -5.39609909e+03  7.01e-07 8.88e-16  1.19e-06     1s
  25  -5.39607052e+03 -5.39608282e+03  1.32e-08 8.88e-16  1.08e-07     1s
  26  -5.39607477e+03 -5.39607516e+03  7.23e-11 8.88e-16  3.51e-09     1s
  27  -5.39607481e+03 -5.39607481e+03  3.39e-14 1.33e-15  3.51e-12     1s

Barrier solved model in 27 iterations and 0.80 seconds
Optimal objective -5.39607481e+03


Root relaxation: objective -5.396075e+03, 39833 iterations, 0.81 seconds

    Nodes    |    Current Node    |     Objective Bounds      |     Work
 Expl Unexpl |  Obj  Depth IntInf | Incumbent    BestBd   Gap | It/Node Time

     0     0 -5396.0748    0  703    0.00000 -5396.0748      -     -    1s
H    0     0                    -5296.710000 -5396.0748  1.88%     -    1s

Explored 0 nodes (46743 simplex iterations) in 1.37 seconds
Thread count was 20 (of 20 available processors)

Solution count 2: -5296.71 0 
Pool objective bound -5396.07

Optimal solution found (tolerance 5.00e-02)
Best objective -5.296710000000e+03, best bound -5.396074808985e+03, gap 1.8760%
Changed value of parameter MIPGap to 0.05
   Prev: 0.0001  Min: 0.0  Max: 1e+100  Default: 0.0001
Changed value of parameter TimeLimit to 1800.0
   Prev: 1e+100  Min: 0.0  Max: 1e+100  Default: 1e+100
Changed value of parameter Method to 2
   Prev: -1  Min: -1  Max: 4  Default: -1
Changed value of parameter MIPFocus to 1
   Prev: 0  Min: 0  Max: 3  Default: 0
Optimize a model with 10788 rows, 56584 columns and 113168 nonzeros
Variable types: 0 continuous, 56584 integer (56584 binary)
Coefficient statistics:
  Matrix range     [1e+00, 2e+01]
  Objective range  [1e+00, 6e+00]
  Bounds range     [1e+00, 1e+00]
  RHS range        [8e+01, 8e+01]
Found heuristic solution: objective 0
Presolve time: 0.15s
Presolved: 10788 rows, 56584 columns, 113168 nonzeros
Variable types: 0 continuous, 56584 integer (56584 binary)
Presolved: 10788 rows, 56584 columns, 113168 nonzeros

Root barrier log...

Ordering time: 0.01s

Barrier statistics:
 AA' NZ     : 5.658e+04
 Factor NZ  : 2.370e+05 (roughly 30 MBytes of memory)
 Factor Ops : 3.809e+07 (less than 1 second per iteration)
 Threads    : 1

                  Objective                Residual
Iter       Primal          Dual         Primal    Dual     Compl     Time
   0  -6.29492309e+04 -1.55157024e+05  1.71e+02 2.22e-16  1.49e+01     0s
   1  -1.88718470e+04 -1.21423171e+05  3.53e+01 2.66e-15  3.34e+00     0s
   2  -8.17654403e+03 -5.22343508e+04  4.76e+00 2.89e-15  5.90e-01     0s
   3  -6.49751959e+03 -1.76167511e+04  1.63e-02 2.22e-15  9.82e-02     0s
   4  -6.60320772e+03 -9.21276532e+03  4.27e-03 1.78e-15  2.30e-02     0s
   5  -6.63810720e+03 -8.31242473e+03  3.04e-03 1.81e-15  1.48e-02     0s
   6  -6.65973331e+03 -7.85476066e+03  2.45e-03 1.78e-15  1.05e-02     0s
   7  -6.71712955e+03 -7.02409057e+03  1.28e-03 1.78e-15  2.71e-03     0s
   8  -6.73925540e+03 -6.91681885e+03  9.47e-04 1.78e-15  1.57e-03     0s
   9  -6.75400104e+03 -6.87058111e+03  7.43e-04 1.78e-15  1.03e-03     0s
  10  -6.76306843e+03 -6.84559791e+03  6.09e-04 1.78e-15  7.30e-04     0s
  11  -6.77395976e+03 -6.83223121e+03  4.65e-04 1.78e-15  5.16e-04     0s
  12  -6.77929581e+03 -6.82381569e+03  3.84e-04 1.06e-15  3.94e-04     0s
  13  -6.78288385e+03 -6.81752553e+03  3.30e-04 1.78e-15  3.07e-04     1s
  14  -6.78645079e+03 -6.81435544e+03  2.76e-04 1.20e-15  2.47e-04     1s
  15  -6.78878486e+03 -6.81032467e+03  2.41e-04 1.78e-15  1.91e-04     1s
  16  -6.79431424e+03 -6.80778300e+03  1.66e-04 9.83e-16  1.20e-04     1s
  17  -6.79629225e+03 -6.80663117e+03  1.35e-04 8.88e-16  9.18e-05     1s
  18  -6.79835837e+03 -6.80625626e+03  1.03e-04 1.78e-15  7.01e-05     1s
  19  -6.79986440e+03 -6.80596830e+03  8.02e-05 1.78e-15  5.42e-05     1s
  20  -6.80056994e+03 -6.80573186e+03  6.93e-05 1.16e-15  4.58e-05     1s
  21  -6.80224233e+03 -6.80553935e+03  4.54e-05 1.78e-15  2.93e-05     1s
  22  -6.80359124e+03 -6.80536708e+03  2.40e-05 1.78e-15  1.58e-05     1s
  23  -6.80430170e+03 -6.80526443e+03  1.32e-05 1.78e-15  8.55e-06     1s
  24  -6.80434147e+03 -6.80525098e+03  1.26e-05 1.78e-15  8.08e-06     1s
  25  -6.80484226e+03 -6.80519159e+03  4.75e-06 1.78e-15  3.10e-06     1s
  26  -6.80512260e+03 -6.80516819e+03  4.93e-07 1.78e-15  4.04e-07     1s
  27  -6.80515777e+03 -6.80515784e+03  5.60e-13 1.78e-15  6.63e-10     1s
  28  -6.80515781e+03 -6.80515781e+03  5.92e-14 1.78e-15  6.63e-13     1s

Barrier solved model in 28 iterations and 0.84 seconds
Optimal objective -6.80515781e+03


Root relaxation: objective -6.805158e+03, 39733 iterations, 0.84 seconds

    Nodes    |    Current Node    |     Objective Bounds      |     Work
 Expl Unexpl |  Obj  Depth IntInf | Incumbent    BestBd   Gap | It/Node Time

     0     0 -6805.1578    0  617    0.00000 -6805.1578      -     -    1s
H    0     0                    -6663.896000 -6805.1578  2.12%     -    1s

Explored 0 nodes (48057 simplex iterations) in 1.43 seconds
Thread count was 20 (of 20 available processors)

Solution count 2: -6663.9 0 
Pool objective bound -6805.16

Optimal solution found (tolerance 5.00e-02)
Best objective -6.663896000000e+03, best bound -6.805157805220e+03, gap 2.1198%
Changed value of parameter MIPGap to 0.05
   Prev: 0.0001  Min: 0.0  Max: 1e+100  Default: 0.0001
Changed value of parameter TimeLimit to 1800.0
   Prev: 1e+100  Min: 0.0  Max: 1e+100  Default: 1e+100
Changed value of parameter Method to 2
   Prev: -1  Min: -1  Max: 4  Default: -1
Changed value of parameter MIPFocus to 1
   Prev: 0  Min: 0  Max: 3  Default: 0
Optimize a model with 10788 rows, 56584 columns and 113168 nonzeros
Variable types: 0 continuous, 56584 integer (56584 binary)
Coefficient statistics:
  Matrix range     [1e+00, 2e+01]
  Objective range  [1e+00, 7e+00]
  Bounds range     [1e+00, 1e+00]
  RHS range        [8e+01, 8e+01]
Found heuristic solution: objective 0
Presolve time: 0.15s
Presolved: 10788 rows, 56584 columns, 113168 nonzeros
Variable types: 0 continuous, 56584 integer (56584 binary)
Presolved: 10788 rows, 56584 columns, 113168 nonzeros

Root barrier log...

Ordering time: 0.01s

Barrier statistics:
 AA' NZ     : 5.658e+04
 Factor NZ  : 2.370e+05 (roughly 30 MBytes of memory)
 Factor Ops : 3.809e+07 (less than 1 second per iteration)
 Threads    : 1

                  Objective                Residual
Iter       Primal          Dual         Primal    Dual     Compl     Time
   0  -7.07368515e+04 -1.90640605e+05  1.71e+02 4.44e-16  1.85e+01     0s
   1  -2.05926738e+04 -1.48970406e+05  3.41e+01 3.11e-15  4.03e+00     0s
   2  -8.98366728e+03 -6.23396951e+04  4.55e+00 3.77e-15  7.04e-01     0s
   3  -7.18931382e+03 -2.04553861e+04  1.18e-02 2.78e-15  1.17e-01     0s
   4  -7.29863482e+03 -1.12397719e+04  3.05e-03 2.00e-15  3.47e-02     0s
   5  -7.33403334e+03 -9.87996757e+03  2.14e-03 2.24e-15  2.24e-02     0s
   6  -7.36470483e+03 -8.45375024e+03  1.52e-03 1.78e-15  9.60e-03     0s
   7  -7.45254664e+03 -8.39841973e+03  2.34e-04 1.78e-15  8.32e-03     0s
   8  -7.47129867e+03 -7.80451913e+03  1.12e-04 1.78e-15  2.93e-03     0s
   9  -7.48769956e+03 -7.65171841e+03  5.68e-05 1.78e-15  1.44e-03     0s
  10  -7.49612582e+03 -7.57044582e+03  3.30e-05 1.78e-15  6.54e-04     0s
  11  -7.50048449e+03 -7.53827642e+03  2.24e-05 1.78e-15  3.33e-04     0s
  12  -7.50305802e+03 -7.52635496e+03  1.70e-05 1.78e-15  2.05e-04     0s
  13  -7.50522512e+03 -7.52141562e+03  1.21e-05 1.78e-15  1.43e-04     1s
  14  -7.50673861e+03 -7.51702034e+03  8.97e-06 1.78e-15  9.06e-05     1s
  15  -7.50817273e+03 -7.51455810e+03  6.20e-06 1.78e-15  5.63e-05     1s
  16  -7.50912776e+03 -7.51283646e+03  4.44e-06 1.78e-15  3.27e-05     1s
  17  -7.50999075e+03 -7.51223749e+03  2.76e-06 1.78e-15  1.98e-05     1s
  18  -7.51045720e+03 -7.51194438e+03  1.85e-06 1.78e-15  1.31e-05     1s
  19  -7.51059384e+03 -7.51180683e+03  1.58e-06 1.78e-15  1.07e-05     1s
  20  -7.51098881e+03 -7.51168626e+03  8.49e-07 1.78e-15  6.15e-06     1s
  21  -7.51126566e+03 -7.51158180e+03  3.57e-07 1.78e-15  2.79e-06     1s
  22  -7.51139720e+03 -7.51153437e+03  2.03e-07 1.78e-15  1.21e-06     1s
  23  -7.51147439e+03 -7.51150460e+03  1.17e-08 1.78e-15  2.66e-07     1s
  24  -7.51148175e+03 -7.51148197e+03  1.53e-10 1.78e-15  1.93e-09     1s
  25  -7.51148187e+03 -7.51148187e+03  2.15e-13 1.78e-15  4.12e-15     1s

Barrier solved model in 25 iterations and 0.76 seconds
Optimal objective -7.51148187e+03


Root relaxation: objective -7.511482e+03, 38656 iterations, 0.77 seconds

    Nodes    |    Current Node    |     Objective Bounds      |     Work
 Expl Unexpl |  Obj  Depth IntInf | Incumbent    BestBd   Gap | It/Node Time

     0     0 -7511.4819    0  395    0.00000 -7511.4819      -     -    1s
H    0     0                    -7394.535000 -7511.4819  1.58%     -    1s

Explored 0 nodes (61029 simplex iterations) in 1.47 seconds
Thread count was 20 (of 20 available processors)

Solution count 2: -7394.54 0 
Pool objective bound -7511.48

Optimal solution found (tolerance 5.00e-02)
Best objective -7.394535000000e+03, best bound -7.511480000000e+03, gap 1.5815%
Changed value of parameter MIPGap to 0.05
   Prev: 0.0001  Min: 0.0  Max: 1e+100  Default: 0.0001
Changed value of parameter TimeLimit to 1800.0
   Prev: 1e+100  Min: 0.0  Max: 1e+100  Default: 1e+100
Changed value of parameter Method to 2
   Prev: -1  Min: -1  Max: 4  Default: -1
Changed value of parameter MIPFocus to 1
   Prev: 0  Min: 0  Max: 3  Default: 0
Optimize a model with 10788 rows, 56584 columns and 113168 nonzeros
Variable types: 0 continuous, 56584 integer (56584 binary)
Coefficient statistics:
  Matrix range     [1e+00, 2e+01]
  Objective range  [1e+00, 1e+01]
  Bounds range     [1e+00, 1e+00]
  RHS range        [8e+01, 8e+01]
Found heuristic solution: objective 0
Presolve time: 0.15s
Presolved: 10788 rows, 56584 columns, 113168 nonzeros
Variable types: 0 continuous, 56584 integer (56584 binary)
Presolved: 10788 rows, 56584 columns, 113168 nonzeros

Root barrier log...

Ordering time: 0.01s

Barrier statistics:
 AA' NZ     : 5.658e+04
 Factor NZ  : 2.370e+05 (roughly 30 MBytes of memory)
 Factor Ops : 3.809e+07 (less than 1 second per iteration)
 Threads    : 1

                  Objective                Residual
Iter       Primal          Dual         Primal    Dual     Compl     Time
   0  -1.09673771e+05 -3.68058506e+05  1.71e+02 1.33e-15  3.60e+01     0s
   1  -3.03782255e+04 -2.86714708e+05  3.25e+01 7.11e-15  7.60e+00     0s
   2  -1.33274132e+04 -1.14873510e+05  4.40e+00 7.11e-15  1.32e+00     0s
   3  -1.07201512e+04 -4.14958537e+04  1.88e-02 5.33e-15  2.72e-01     0s
   4  -1.08660600e+04 -2.10178469e+04  4.69e-03 3.77e-15  8.94e-02     0s
   5  -1.08875273e+04 -1.65502945e+04  3.64e-03 3.55e-15  4.99e-02     0s
   6  -1.09515401e+04 -1.31462280e+04  1.08e-03 3.55e-15  1.93e-02     0s
   7  -1.10033339e+04 -1.17726065e+04  3.33e-04 3.55e-15  6.77e-03     0s
   8  -1.10239173e+04 -1.14411603e+04  2.38e-04 3.55e-15  3.67e-03     0s
   9  -1.10443822e+04 -1.12982306e+04  1.58e-04 3.55e-15  2.24e-03     0s
  10  -1.10587998e+04 -1.12135951e+04  1.09e-04 1.78e-15  1.36e-03     0s
  11  -1.10703977e+04 -1.11673870e+04  7.49e-05 3.55e-15  8.54e-04     0s
  12  -1.10740892e+04 -1.11437365e+04  6.44e-05 3.55e-15  6.14e-04     0s
  13  -1.10782973e+04 -1.11315507e+04  5.26e-05 3.55e-15  4.69e-04     1s
  14  -1.10829543e+04 -1.11200013e+04  3.97e-05 3.55e-15  3.27e-04     1s
  15  -1.10865663e+04 -1.11126542e+04  3.02e-05 1.78e-15  2.30e-04     1s
  16  -1.10894079e+04 -1.11049153e+04  2.27e-05 3.55e-15  1.37e-04     1s
  17  -1.10913628e+04 -1.11030417e+04  1.81e-05 3.55e-15  1.03e-04     1s
  18  -1.10930421e+04 -1.11014751e+04  1.33e-05 3.55e-15  7.44e-05     1s
  19  -1.10941754e+04 -1.11005578e+04  1.02e-05 3.55e-15  5.63e-05     1s
  20  -1.10952062e+04 -1.10994847e+04  7.36e-06 3.55e-15  3.77e-05     1s
  21  -1.10959258e+04 -1.10990680e+04  5.61e-06 2.11e-15  2.77e-05     1s
  22  -1.10964859e+04 -1.10984423e+04  4.54e-06 3.55e-15  1.73e-05     1s
  23  -1.10971424e+04 -1.10982344e+04  2.53e-06 3.55e-15  9.64e-06     1s
  24  -1.10972727e+04 -1.10981812e+04  2.13e-06 3.55e-15  8.02e-06     1s
  25  -1.10976046e+04 -1.10981034e+04  1.14e-06 3.55e-15  4.40e-06     1s
  26  -1.10977520e+04 -1.10980604e+04  7.14e-07 3.55e-15  2.72e-06     1s
  27  -1.10978799e+04 -1.10980272e+04  3.38e-07 3.55e-15  1.30e-06     1s
  28  -1.10979349e+04 -1.10980139e+04  1.86e-07 3.55e-15  6.98e-07     1s
  29  -1.10980040e+04 -1.10980080e+04  4.04e-10 3.55e-15  3.49e-08     1s
  30  -1.10980053e+04 -1.10980057e+04  3.38e-12 3.55e-15  4.10e-09     1s
  31  -1.10980053e+04 -1.10980054e+04  1.19e-11 3.55e-15  6.76e-10     1s

Barrier solved model in 31 iterations and 0.89 seconds
Optimal objective -1.10980053e+04


Root relaxation: objective -1.109801e+04, 37643 iterations, 0.89 seconds

    Nodes    |    Current Node    |     Objective Bounds      |     Work
 Expl Unexpl |  Obj  Depth IntInf | Incumbent    BestBd   Gap | It/Node Time

     0     0 -11098.005    0  649    0.00000 -11098.005      -     -    1s
H    0     0                    -10888.86000 -11098.005  1.92%     -    1s

Explored 0 nodes (48761 simplex iterations) in 1.47 seconds
Thread count was 20 (of 20 available processors)

Solution count 2: -10888.9 0 
Pool objective bound -11098

Optimal solution found (tolerance 5.00e-02)
Best objective -1.088886000000e+04, best bound -1.109800000000e+04, gap 1.9207%
Changed value of parameter MIPGap to 0.05
   Prev: 0.0001  Min: 0.0  Max: 1e+100  Default: 0.0001
Changed value of parameter TimeLimit to 1800.0
   Prev: 1e+100  Min: 0.0  Max: 1e+100  Default: 1e+100
Changed value of parameter Method to 2
   Prev: -1  Min: -1  Max: 4  Default: -1
Changed value of parameter MIPFocus to 1
   Prev: 0  Min: 0  Max: 3  Default: 0
Optimize a model with 10788 rows, 56584 columns and 113168 nonzeros
Variable types: 0 continuous, 56584 integer (56584 binary)
Coefficient statistics:
  Matrix range     [1e+00, 2e+01]
  Objective range  [1e+00, 2e+01]
  Bounds range     [1e+00, 1e+00]
  RHS range        [8e+01, 8e+01]
Found heuristic solution: objective 0
Presolve time: 0.15s
Presolved: 10788 rows, 56584 columns, 113168 nonzeros
Variable types: 0 continuous, 56584 integer (56584 binary)
Presolved: 10788 rows, 56584 columns, 113168 nonzeros

Root barrier log...

Ordering time: 0.01s

Barrier statistics:
 AA' NZ     : 5.658e+04
 Factor NZ  : 2.370e+05 (roughly 30 MBytes of memory)
 Factor Ops : 3.809e+07 (less than 1 second per iteration)
 Threads    : 1

                  Objective                Residual
Iter       Primal          Dual         Primal    Dual     Compl     Time
   0  -1.87546368e+05 -7.22894309e+05  1.71e+02 2.66e-15  7.12e+01     0s
   1  -5.13312012e+04 -5.62186391e+05  3.25e+01 1.42e-14  1.50e+01     0s
   2  -2.23354828e+04 -2.23997962e+05  4.52e+00 1.42e-14  2.64e+00     0s
   3  -1.78614664e+04 -7.98797688e+04  5.98e-03 1.07e-14  5.46e-01     0s
   4  -1.81661475e+04 -4.07083867e+04  7.29e-04 7.11e-15  1.98e-01     0s
   5  -1.82089867e+04 -3.13521305e+04  7.43e-04 4.94e-15  1.16e-01     0s
   6  -1.84135507e+04 -2.40674650e+04  9.03e-05 7.11e-15  4.98e-02     0s
   7  -1.85468979e+04 -2.15061550e+04  6.01e-05 7.11e-15  2.60e-02     0s
   8  -1.86003631e+04 -2.05625726e+04  5.10e-05 3.55e-15  1.73e-02     0s
   9  -1.87470590e+04 -2.00707600e+04  3.13e-05 7.11e-15  1.16e-02     0s
  10  -1.88425019e+04 -1.98101114e+04  2.12e-05 7.11e-15  8.51e-03     0s
  11  -1.89162325e+04 -1.96266006e+04  1.40e-05 7.11e-15  6.25e-03     0s
  12  -1.89410150e+04 -1.94155685e+04  1.18e-05 7.11e-15  4.18e-03     0s
  13  -1.89680880e+04 -1.93095432e+04  9.82e-06 3.55e-15  3.00e-03     1s
  14  -1.89882323e+04 -1.92348389e+04  8.28e-06 4.25e-15  2.17e-03     1s
  15  -1.90128599e+04 -1.91939791e+04  6.50e-06 3.55e-15  1.59e-03     1s
  16  -1.90332134e+04 -1.91583874e+04  5.03e-06 3.55e-15  1.10e-03     1s
  17  -1.90452874e+04 -1.91373310e+04  4.25e-06 7.11e-15  8.10e-04     1s
  18  -1.90539171e+04 -1.91273046e+04  3.60e-06 3.55e-15  6.46e-04     1s
  19  -1.90600721e+04 -1.91198924e+04  3.14e-06 7.11e-15  5.27e-04     1s
  20  -1.90660080e+04 -1.91163832e+04  2.69e-06 3.71e-15  4.43e-04     1s
  21  -1.90759989e+04 -1.91131111e+04  2.05e-06 7.11e-15  3.27e-04     1s
  22  -1.90819854e+04 -1.91080815e+04  1.63e-06 3.55e-15  2.30e-04     1s
  23  -1.90870684e+04 -1.91059971e+04  1.28e-06 7.11e-15  1.67e-04     1s
  24  -1.90909552e+04 -1.91049494e+04  9.47e-07 7.11e-15  1.23e-04     1s
  25  -1.90936820e+04 -1.91043206e+04  7.19e-07 7.11e-15  9.37e-05     1s
  26  -1.90948323e+04 -1.91039831e+04  6.23e-07 3.55e-15  8.06e-05     1s
  27  -1.90978602e+04 -1.91032243e+04  3.74e-07 7.11e-15  4.72e-05     1s
  28  -1.90987507e+04 -1.91029299e+04  3.00e-07 7.11e-15  3.68e-05     1s
  29  -1.91000475e+04 -1.91027421e+04  1.94e-07 7.11e-15  2.37e-05     1s
  30  -1.91017154e+04 -1.91025281e+04  5.86e-08 7.11e-15  7.16e-06     1s
  31  -1.91022649e+04 -1.91025004e+04  1.52e-08 7.11e-15  2.07e-06     1s
  32  -1.91024607e+04 -1.91024684e+04  3.15e-10 7.11e-15  6.79e-08     1s
  33  -1.91024656e+04 -1.91024656e+04  1.67e-13 7.11e-15  1.56e-11     1s

Barrier solved model in 33 iterations and 0.92 seconds
Optimal objective -1.91024656e+04


Root relaxation: objective -1.910247e+04, 28027 iterations, 0.87 seconds

    Nodes    |    Current Node    |     Objective Bounds      |     Work
 Expl Unexpl |  Obj  Depth IntInf | Incumbent    BestBd   Gap | It/Node Time

     0     0 -19102.466    0  675    0.00000 -19102.466      -     -    1s
H    0     0                    -18791.06000 -19102.466  1.66%     -    1s

Explored 0 nodes (44537 simplex iterations) in 1.51 seconds
Thread count was 20 (of 20 available processors)

Solution count 2: -18791.1 0 
Pool objective bound -19102.5

Optimal solution found (tolerance 5.00e-02)
Best objective -1.879106000000e+04, best bound -1.910246000000e+04, gap 1.6572%
Changed value of parameter MIPGap to 0.05
   Prev: 0.0001  Min: 0.0  Max: 1e+100  Default: 0.0001
Changed value of parameter TimeLimit to 1800.0
   Prev: 1e+100  Min: 0.0  Max: 1e+100  Default: 1e+100
Changed value of parameter Method to 2
   Prev: -1  Min: -1  Max: 4  Default: -1
Changed value of parameter MIPFocus to 1
   Prev: 0  Min: 0  Max: 3  Default: 0
Optimize a model with 10788 rows, 56584 columns and 113168 nonzeros
Variable types: 0 continuous, 56584 integer (56584 binary)
Coefficient statistics:
  Matrix range     [1e+00, 2e+01]
  Objective range  [1e+00, 5e+01]
  Bounds range     [1e+00, 1e+00]
  RHS range        [8e+01, 8e+01]
Found heuristic solution: objective 0
Presolve time: 0.15s
Presolved: 10788 rows, 56584 columns, 113168 nonzeros
Variable types: 0 continuous, 56584 integer (56584 binary)
Presolved: 10788 rows, 56584 columns, 113168 nonzeros

Root barrier log...

Ordering time: 0.01s

Barrier statistics:
 AA' NZ     : 5.658e+04
 Factor NZ  : 2.370e+05 (roughly 30 MBytes of memory)
 Factor Ops : 3.809e+07 (less than 1 second per iteration)
 Threads    : 1

                  Objective                Residual
Iter       Primal          Dual         Primal    Dual     Compl     Time
   0  -3.43290914e+05 -1.43256592e+06  1.71e+02 5.33e-15  1.41e+02     0s
   1  -9.29952209e+04 -1.11325898e+06  3.24e+01 2.84e-14  2.98e+01     0s
   2  -4.02329031e+04 -4.41311260e+05  4.52e+00 2.49e-14  5.25e+00     0s
   3  -3.22233808e+04 -1.63580675e+05  5.45e-03 1.95e-14  1.16e+00     0s
   4  -3.28697495e+04 -7.98918173e+04  4.45e-04 1.45e-14  4.14e-01     0s
   5  -3.29572817e+04 -5.62671901e+04  2.93e-04 1.15e-14  2.05e-01     0s
   6  -3.34372454e+04 -4.64981167e+04  1.45e-04 1.42e-14  1.15e-01     0s
   7  -3.39450560e+04 -4.31728922e+04  8.67e-05 1.42e-14  8.12e-02     0s
   8  -3.41403176e+04 -4.14478539e+04  7.39e-05 7.11e-15  6.43e-02     0s
   9  -3.43982906e+04 -3.95864738e+04  5.88e-05 1.42e-14  4.57e-02     0s
  10  -3.49430369e+04 -3.80959845e+04  2.94e-05 7.11e-15  2.77e-02     0s
  11  -3.50690725e+04 -3.73974714e+04  2.47e-05 1.42e-14  2.05e-02     0s
  12  -3.51756779e+04 -3.68286933e+04  2.10e-05 1.42e-14  1.45e-02     0s
  13  -3.53030258e+04 -3.64590371e+04  1.67e-05 7.11e-15  1.02e-02     1s
  14  -3.53775452e+04 -3.62607297e+04  1.44e-05 7.11e-15  7.77e-03     1s
  15  -3.55243859e+04 -3.61336650e+04  1.01e-05 7.11e-15  5.36e-03     1s
  16  -3.55766880e+04 -3.60371194e+04  8.60e-06 1.42e-14  4.05e-03     1s
  17  -3.56285587e+04 -3.59800619e+04  7.04e-06 7.11e-15  3.09e-03     1s
  18  -3.56598244e+04 -3.59500707e+04  6.11e-06 1.42e-14  2.55e-03     1s
  19  -3.56879440e+04 -3.59211290e+04  5.27e-06 1.42e-14  2.05e-03     1s
  20  -3.57043930e+04 -3.59138836e+04  4.78e-06 7.11e-15  1.84e-03     1s
  21  -3.57341795e+04 -3.58982149e+04  4.02e-06 1.42e-14  1.44e-03     1s
  22  -3.57672555e+04 -3.58836014e+04  3.14e-06 1.42e-14  1.02e-03     1s
  23  -3.57897818e+04 -3.58782801e+04  2.42e-06 1.42e-14  7.79e-04     1s
  24  -3.58012544e+04 -3.58750464e+04  2.06e-06 1.42e-14  6.50e-04     1s
  25  -3.58129228e+04 -3.58728822e+04  1.69e-06 1.42e-14  5.28e-04     1s
  26  -3.58231450e+04 -3.58720471e+04  1.37e-06 1.42e-14  4.30e-04     1s
  27  -3.58351157e+04 -3.58704853e+04  1.02e-06 7.11e-15  3.11e-04     1s
  28  -3.58421894e+04 -3.58696370e+04  7.93e-07 7.11e-15  2.42e-04     1s
  29  -3.58491205e+04 -3.58681999e+04  5.68e-07 7.11e-15  1.68e-04     1s
  30  -3.58549430e+04 -3.58678369e+04  3.93e-07 1.42e-14  1.14e-04     1s
  31  -3.58581245e+04 -3.58674406e+04  3.00e-07 1.42e-14  8.20e-05     1s
  32  -3.58594643e+04 -3.58674329e+04  2.54e-07 1.42e-14  7.02e-05     1s
  33  -3.58613482e+04 -3.58674198e+04  1.91e-07 7.11e-15  5.35e-05     1s
  34  -3.58633416e+04 -3.58673393e+04  1.24e-07 7.11e-15  3.52e-05     1s
  35  -3.58645580e+04 -3.58673354e+04  8.54e-08 1.42e-14  2.45e-05     1s
  36  -3.58660672e+04 -3.58672117e+04  3.53e-08 1.42e-14  1.01e-05     1s
  37  -3.58670475e+04 -3.58672112e+04  3.18e-09 1.42e-14  1.44e-06     1s
  38  -3.58671564e+04 -3.58671587e+04  6.08e-12 1.42e-14  2.00e-08     1s
  39  -3.58671567e+04 -3.58671567e+04  1.66e-13 1.42e-14  3.91e-13     1s

Barrier solved model in 39 iterations and 1.04 seconds
Optimal objective -3.58671567e+04


Root relaxation: objective -3.586716e+04, 25806 iterations, 0.99 seconds

    Nodes    |    Current Node    |     Objective Bounds      |     Work
 Expl Unexpl |  Obj  Depth IntInf | Incumbent    BestBd   Gap | It/Node Time

     0     0 -35867.157    0  857    0.00000 -35867.157      -     -    1s
H    0     0                    -34864.40000 -35867.157  2.88%     -    1s

Explored 0 nodes (32712 simplex iterations) in 1.52 seconds
Thread count was 20 (of 20 available processors)

Solution count 2: -34864.4 0 
Pool objective bound -35867.2

Optimal solution found (tolerance 5.00e-02)
Best objective -3.486440000000e+04, best bound -3.586715667027e+04, gap 2.8762%
Changed value of parameter MIPGap to 0.05
   Prev: 0.0001  Min: 0.0  Max: 1e+100  Default: 0.0001
Changed value of parameter TimeLimit to 1800.0
   Prev: 1e+100  Min: 0.0  Max: 1e+100  Default: 1e+100
Changed value of parameter Method to 2
   Prev: -1  Min: -1  Max: 4  Default: -1
Changed value of parameter MIPFocus to 1
   Prev: 0  Min: 0  Max: 3  Default: 0
Optimize a model with 10788 rows, 56584 columns and 113168 nonzeros
Variable types: 0 continuous, 56584 integer (56584 binary)
Coefficient statistics:
  Matrix range     [1e+00, 2e+01]
  Objective range  [1e+00, 6e+01]
  Bounds range     [1e+00, 1e+00]
  RHS range        [8e+01, 8e+01]
Found heuristic solution: objective 0
Presolve time: 0.15s
Presolved: 10788 rows, 56584 columns, 113168 nonzeros
Variable types: 0 continuous, 56584 integer (56584 binary)
Presolved: 10788 rows, 56584 columns, 113168 nonzeros

Root barrier log...

Ordering time: 0.01s

Barrier statistics:
 AA' NZ     : 5.658e+04
 Factor NZ  : 2.370e+05 (roughly 30 MBytes of memory)
 Factor Ops : 3.809e+07 (less than 1 second per iteration)
 Threads    : 1

                  Objective                Residual
Iter       Primal          Dual         Primal    Dual     Compl     Time
   0  -4.21163120e+05 -1.78740172e+06  1.71e+02 5.33e-15  1.77e+02     0s
   1  -1.13833742e+05 -1.38880005e+06  3.24e+01 2.84e-14  3.72e+01     0s
   2  -4.91815644e+04 -5.49939305e+05  4.52e+00 3.20e-14  6.55e+00     0s
   3  -3.94122293e+04 -2.05422946e+05  5.30e-03 2.49e-14  1.46e+00     0s
   4  -4.02266222e+04 -1.00584557e+05  4.30e-04 2.13e-14  5.31e-01     0s
   5  -4.03816202e+04 -6.73869415e+04  2.82e-04 1.42e-14  2.38e-01     0s
   6  -4.09643672e+04 -5.74102203e+04  1.67e-04 1.42e-14  1.45e-01     0s
   7  -4.15219442e+04 -5.34775409e+04  1.14e-04 1.42e-14  1.05e-01     0s
   8  -4.18426379e+04 -5.23342076e+04  9.92e-05 8.90e-15  9.23e-02     0s
   9  -4.24783353e+04 -4.93363601e+04  6.21e-05 1.42e-14  6.04e-02     0s
  10  -4.28794867e+04 -4.73651889e+04  4.45e-05 7.11e-15  3.95e-02     0s
  11  -4.32421312e+04 -4.63084476e+04  3.09e-05 1.42e-14  2.70e-02     0s
  12  -4.34090615e+04 -4.57589699e+04  2.56e-05 1.42e-14  2.07e-02     0s
  13  -4.35294435e+04 -4.52719732e+04  2.19e-05 1.42e-14  1.53e-02     1s
  14  -4.36357806e+04 -4.49870867e+04  1.87e-05 1.42e-14  1.19e-02     1s
  15  -4.38177324e+04 -4.47447831e+04  1.33e-05 1.42e-14  8.16e-03     1s
  16  -4.39273314e+04 -4.45513946e+04  1.01e-05 1.42e-14  5.49e-03     1s
  17  -4.39931150e+04 -4.44691756e+04  8.23e-06 1.42e-14  4.19e-03     1s
  18  -4.40332155e+04 -4.44251951e+04  7.05e-06 1.42e-14  3.45e-03     1s
  19  -4.40701849e+04 -4.43834983e+04  5.95e-06 1.42e-14  2.76e-03     1s
  20  -4.41084808e+04 -4.43446389e+04  4.82e-06 1.42e-14  2.08e-03     1s
  21  -4.41522563e+04 -4.43253205e+04  3.60e-06 1.42e-14  1.52e-03     1s
  22  -4.41770972e+04 -4.42978685e+04  2.88e-06 1.42e-14  1.06e-03     1s
  23  -4.42026567e+04 -4.42917849e+04  2.20e-06 1.42e-14  7.85e-04     1s
  24  -4.42124077e+04 -4.42884028e+04  1.90e-06 7.35e-15  6.69e-04     1s
  25  -4.42179520e+04 -4.42863817e+04  1.73e-06 1.42e-14  6.02e-04     1s
  26  -4.42306356e+04 -4.42827713e+04  1.35e-06 7.68e-15  4.59e-04     1s
  27  -4.42361346e+04 -4.42799955e+04  1.21e-06 1.42e-14  3.86e-04     1s
  28  -4.42457932e+04 -4.42791571e+04  9.16e-07 1.42e-14  2.94e-04     1s
  29  -4.42551973e+04 -4.42785593e+04  6.55e-07 7.11e-15  2.06e-04     1s
  30  -4.42634158e+04 -4.42774281e+04  4.03e-07 7.11e-15  1.23e-04     1s
  31  -4.42663980e+04 -4.42773290e+04  3.17e-07 1.42e-14  9.62e-05     1s
  32  -4.42701463e+04 -4.42768516e+04  1.91e-07 1.42e-14  5.90e-05     1s
  33  -4.42728299e+04 -4.42765146e+04  1.06e-07 1.42e-14  3.24e-05     1s
  34  -4.42733976e+04 -4.42764320e+04  8.76e-08 1.42e-14  2.67e-05     1s
  35  -4.42752893e+04 -4.42763418e+04  2.62e-08 7.68e-15  9.27e-06     1s
  36  -4.42758128e+04 -4.42762081e+04  1.06e-08 1.42e-14  3.48e-06     1s
  37  -4.42761509e+04 -4.42761850e+04  5.47e-10 1.42e-14  3.00e-07     1s
  38  -4.42761654e+04 -4.42761736e+04  1.70e-10 1.42e-14  7.23e-08     1s
  39  -4.42761714e+04 -4.42761721e+04  1.58e-11 1.42e-14  5.90e-09     1s
  40  -4.42761720e+04 -4.42761720e+04  3.28e-13 1.42e-14  2.04e-13     1s

Barrier solved model in 40 iterations and 1.06 seconds
Optimal objective -4.42761720e+04


Root relaxation: objective -4.427617e+04, 25474 iterations, 1.01 seconds

    Nodes    |    Current Node    |     Objective Bounds      |     Work
 Expl Unexpl |  Obj  Depth IntInf | Incumbent    BestBd   Gap | It/Node Time

     0     0 -44276.172    0  811    0.00000 -44276.172      -     -    1s
H    0     0                    -43083.00000 -44276.172  2.77%     -    1s

Explored 0 nodes (35102 simplex iterations) in 1.56 seconds
Thread count was 20 (of 20 available processors)

Solution count 2: -43083 0 
Pool objective bound -44276.2

Optimal solution found (tolerance 5.00e-02)
Best objective -4.308300000000e+04, best bound -4.427615000000e+04, gap 2.7694%
Changed value of parameter MIPGap to 0.05
   Prev: 0.0001  Min: 0.0  Max: 1e+100  Default: 0.0001
Changed value of parameter TimeLimit to 1800.0
   Prev: 1e+100  Min: 0.0  Max: 1e+100  Default: 1e+100
Changed value of parameter Method to 2
   Prev: -1  Min: -1  Max: 4  Default: -1
Changed value of parameter MIPFocus to 1
   Prev: 0  Min: 0  Max: 3  Default: 0
Optimize a model with 10788 rows, 56584 columns and 113168 nonzeros
Variable types: 0 continuous, 56584 integer (56584 binary)
Coefficient statistics:
  Matrix range     [1e+00, 2e+01]
  Objective range  [2e+00, 1e+02]
  Bounds range     [1e+00, 1e+00]
  RHS range        [8e+01, 8e+01]
Found heuristic solution: objective 0
Presolve time: 0.15s
Presolved: 10788 rows, 56584 columns, 113168 nonzeros
Variable types: 0 continuous, 56584 integer (56584 binary)
Presolved: 10788 rows, 56584 columns, 113168 nonzeros

Root barrier log...

Ordering time: 0.01s

Barrier statistics:
 AA' NZ     : 5.658e+04
 Factor NZ  : 2.370e+05 (roughly 30 MBytes of memory)
 Factor Ops : 3.809e+07 (less than 1 second per iteration)
 Threads    : 1

                  Objective                Residual
Iter       Primal          Dual         Primal    Dual     Compl     Time
   0  -8.10524020e+05 -3.56158073e+06  1.71e+02 1.07e-14  3.52e+02     0s
   1  -2.18045052e+05 -2.76651245e+06  3.24e+01 6.39e-14  7.42e+01     0s
   2  -9.39231471e+04 -1.09306812e+06  4.52e+00 7.11e-14  1.31e+01     0s
   3  -7.67851241e+04 -4.66546528e+05  3.49e-01 4.44e-14  3.60e+00     0s
   4  -7.71470358e+04 -1.95454209e+05  7.86e-02 4.22e-14  1.06e+00     0s
   5  -7.75296592e+04 -1.34502497e+05  6.57e-02 2.92e-14  5.09e-01     0s
   6  -7.85292141e+04 -1.14131720e+05  4.61e-02 2.84e-14  3.18e-01     0s
   7  -8.01629851e+04 -1.04440610e+05  2.88e-02 2.84e-14  2.16e-01     0s
   8  -8.07581691e+04 -9.90715341e+04  2.51e-02 2.84e-14  1.63e-01     0s
   9  -8.20725809e+04 -9.52564211e+04  1.75e-02 2.84e-14  1.17e-01     0s
  10  -8.32300233e+04 -9.17633075e+04  1.19e-02 2.84e-14  7.59e-02     0s
  11  -8.39312251e+04 -9.07167480e+04  8.98e-03 1.67e-14  6.03e-02     0s
  12  -8.42847494e+04 -8.94369993e+04  7.59e-03 2.84e-14  4.58e-02     0s
  13  -8.45756168e+04 -8.83453073e+04  6.46e-03 2.84e-14  3.36e-02     1s
  14  -8.48650048e+04 -8.76912929e+04  5.37e-03 2.84e-14  2.52e-02     1s
  15  -8.51182304e+04 -8.73023783e+04  4.43e-03 2.84e-14  1.95e-02     1s
  16  -8.53907935e+04 -8.68319481e+04  3.48e-03 1.42e-14  1.29e-02     1s
  17  -8.55343260e+04 -8.66382375e+04  2.95e-03 1.42e-14  9.89e-03     1s
  18  -8.56656367e+04 -8.65528955e+04  2.46e-03 2.84e-14  7.96e-03     1s
  19  -8.57776218e+04 -8.65015874e+04  2.05e-03 2.84e-14  6.50e-03     1s
  20  -8.58890595e+04 -8.64623111e+04  1.64e-03 2.84e-14  5.14e-03     1s
  21  -8.60093901e+04 -8.64104768e+04  1.20e-03 2.84e-14  3.60e-03     1s
  22  -8.61023701e+04 -8.63885497e+04  9.07e-04 2.84e-14  2.57e-03     1s
  23  -8.61680971e+04 -8.63756435e+04  6.94e-04 2.84e-14  1.87e-03     1s
  24  -8.61986758e+04 -8.63693213e+04  5.72e-04 2.84e-14  1.54e-03     1s
  25  -8.62089265e+04 -8.63674144e+04  5.31e-04 1.50e-14  1.43e-03     1s
  26  -8.62236684e+04 -8.63604917e+04  4.72e-04 2.84e-14  1.23e-03     1s
  27  -8.62589581e+04 -8.63521807e+04  3.34e-04 2.84e-14  8.41e-04     1s
  28  -8.62806119e+04 -8.63502546e+04  2.47e-04 2.84e-14  6.28e-04     1s
  29  -8.62969654e+04 -8.63471685e+04  1.87e-04 2.84e-14  4.53e-04     1s
  30  -8.63114008e+04 -8.63457395e+04  1.32e-04 2.84e-14  3.10e-04     1s
  31  -8.63194070e+04 -8.63453252e+04  9.99e-05 2.84e-14  2.34e-04     1s
  32  -8.63289431e+04 -8.63453839e+04  6.17e-05 1.43e-14  1.48e-04     1s
  33  -8.63313156e+04 -8.63454926e+04  5.24e-05 2.84e-14  1.28e-04     1s
  34  -8.63431087e+04 -8.63454681e+04  5.76e-06 2.84e-14  2.11e-05     1s
  35  -8.63444264e+04 -8.63447914e+04  1.27e-06 2.84e-14  3.29e-06     1s
  36  -8.63447389e+04 -8.63447408e+04  3.26e-13 2.84e-14  1.66e-08     1s
  37  -8.63447395e+04 -8.63447395e+04  1.00e-13 2.84e-14  1.66e-11     1s

Barrier solved model in 37 iterations and 1.01 seconds
Optimal objective -8.63447395e+04


Root relaxation: objective -8.634474e+04, 25412 iterations, 0.95 seconds

    Nodes    |    Current Node    |     Objective Bounds      |     Work
 Expl Unexpl |  Obj  Depth IntInf | Incumbent    BestBd   Gap | It/Node Time

     0     0 -86344.740    0  754    0.00000 -86344.740      -     -    1s
H    0     0                    -84111.40000 -86344.740  2.66%     -    1s

Explored 0 nodes (36358 simplex iterations) in 1.53 seconds
Thread count was 20 (of 20 available processors)

Solution count 2: -84111.4 0 
Pool objective bound -86344.7

Optimal solution found (tolerance 5.00e-02)
Best objective -8.411140000000e+04, best bound -8.634470000000e+04, gap 2.6552%
Changed value of parameter MIPGap to 0.05
   Prev: 0.0001  Min: 0.0  Max: 1e+100  Default: 0.0001
Changed value of parameter TimeLimit to 1800.0
   Prev: 1e+100  Min: 0.0  Max: 1e+100  Default: 1e+100
Changed value of parameter Method to 2
   Prev: -1  Min: -1  Max: 4  Default: -1
Changed value of parameter MIPFocus to 1
   Prev: 0  Min: 0  Max: 3  Default: 0
Optimize a model with 10788 rows, 56584 columns and 113168 nonzeros
Variable types: 0 continuous, 56584 integer (56584 binary)
Coefficient statistics:
  Matrix range     [1e+00, 2e+01]
  Objective range  [3e+00, 2e+02]
  Bounds range     [1e+00, 1e+00]
  RHS range        [8e+01, 8e+01]
Found heuristic solution: objective 0
Presolve time: 0.15s
Presolved: 10788 rows, 56584 columns, 113168 nonzeros
Variable types: 0 continuous, 56584 integer (56584 binary)
Presolved: 10788 rows, 56584 columns, 113168 nonzeros

Root barrier log...

Ordering time: 0.01s

Barrier statistics:
 AA' NZ     : 5.658e+04
 Factor NZ  : 2.370e+05 (roughly 30 MBytes of memory)
 Factor Ops : 3.809e+07 (less than 1 second per iteration)
 Threads    : 1

                  Objective                Residual
Iter       Primal          Dual         Primal    Dual     Compl     Time
   0  -1.58924569e+06 -7.10993876e+06  1.71e+02 2.13e-14  7.04e+02     0s
   1  -4.26492246e+05 -5.52194282e+06  3.23e+01 1.28e-13  1.48e+02     0s
   2  -1.83408360e+05 -2.17935177e+06  4.51e+00 1.56e-13  2.61e+01     0s
   3  -1.47314131e+05 -8.41611654e+05  5.01e-03 1.01e-13  6.12e+00     0s
   4  -1.50814914e+05 -3.92589786e+05  3.28e-04 7.55e-14  2.13e+00     0s
   5  -1.52783677e+05 -2.70157671e+05  2.01e-04 5.68e-14  1.03e+00     0s
   6  -1.54505433e+05 -2.27313155e+05  1.54e-04 5.68e-14  6.41e-01     0s
   7  -1.58126696e+05 -2.13612356e+05  9.37e-05 5.68e-14  4.88e-01     0s
   8  -1.59530543e+05 -2.02115554e+05  7.87e-05 5.68e-14  3.75e-01     0s
   9  -1.62462613e+05 -1.90897548e+05  4.92e-05 5.68e-14  2.50e-01     0s
  10  -1.63854968e+05 -1.82618664e+05  3.94e-05 5.68e-14  1.65e-01     0s
  11  -1.65755687e+05 -1.77985068e+05  2.63e-05 5.68e-14  1.08e-01     0s
  12  -1.66528771e+05 -1.75179641e+05  2.18e-05 2.84e-14  7.61e-02     0s
  13  -1.67174296e+05 -1.73674836e+05  1.81e-05 5.68e-14  5.72e-02     1s
  14  -1.67567020e+05 -1.72488101e+05  1.60e-05 5.68e-14  4.33e-02     1s
  15  -1.67858743e+05 -1.71787869e+05  1.44e-05 5.68e-14  3.46e-02     1s
  16  -1.68776484e+05 -1.71368473e+05  9.51e-06 5.68e-14  2.28e-02     1s
  17  -1.69073072e+05 -1.71076878e+05  7.94e-06 5.68e-14  1.76e-02     1s
  18  -1.69341333e+05 -1.70870780e+05  6.43e-06 5.68e-14  1.35e-02     1s
  19  -1.69548725e+05 -1.70795396e+05  5.28e-06 5.68e-14  1.10e-02     1s
  20  -1.69728335e+05 -1.70704335e+05  4.28e-06 5.68e-14  8.59e-03     1s
  21  -1.69840640e+05 -1.70620773e+05  3.71e-06 2.84e-14  6.87e-03     1s
  22  -1.70053010e+05 -1.70576964e+05  2.55e-06 2.84e-14  4.61e-03     1s
  23  -1.70197895e+05 -1.70560639e+05  1.78e-06 5.68e-14  3.19e-03     1s
  24  -1.70221355e+05 -1.70551536e+05  1.64e-06 5.68e-14  2.91e-03     1s
  25  -1.70282855e+05 -1.70540001e+05  1.28e-06 5.68e-14  2.26e-03     1s
  26  -1.70319665e+05 -1.70527313e+05  1.06e-06 2.84e-14  1.83e-03     1s
  27  -1.70372092e+05 -1.70516371e+05  7.77e-07 5.68e-14  1.27e-03     1s
  28  -1.70405651e+05 -1.70514290e+05  5.80e-07 5.68e-14  9.56e-04     1s
  29  -1.70436510e+05 -1.70511932e+05  4.04e-07 5.68e-14  6.64e-04     1s
  30  -1.70465542e+05 -1.70509602e+05  2.35e-07 5.68e-14  3.88e-04     1s
  31  -1.70488356e+05 -1.70508403e+05  1.03e-07 5.68e-14  1.76e-04     1s
  32  -1.70502339e+05 -1.70507479e+05  2.24e-08 2.84e-14  4.52e-05     1s
  33  -1.70506572e+05 -1.70506714e+05  4.80e-10 5.68e-14  1.25e-06     1s
  34  -1.70506668e+05 -1.70506668e+05  7.07e-13 5.68e-14  1.02e-09     1s

Barrier solved model in 34 iterations and 0.94 seconds
Optimal objective -1.70506668e+05


Root relaxation: objective -1.705067e+05, 25308 iterations, 0.89 seconds

    Nodes    |    Current Node    |     Objective Bounds      |     Work
 Expl Unexpl |  Obj  Depth IntInf | Incumbent    BestBd   Gap | It/Node Time

     0     0 -170506.67    0  742    0.00000 -170506.67      -     -    1s
H    0     0                    -165397.4000 -170506.67  3.09%     -    1s

Explored 0 nodes (36222 simplex iterations) in 1.45 seconds
Thread count was 20 (of 20 available processors)

Solution count 2: -165397 0 
Pool objective bound -170507

Optimal solution found (tolerance 5.00e-02)
Best objective -1.653974000000e+05, best bound -1.705066000000e+05, gap 3.0890%
Changed value of parameter MIPGap to 0.05
   Prev: 0.0001  Min: 0.0  Max: 1e+100  Default: 0.0001
Changed value of parameter TimeLimit to 1800.0
   Prev: 1e+100  Min: 0.0  Max: 1e+100  Default: 1e+100
Changed value of parameter Method to 2
   Prev: -1  Min: -1  Max: 4  Default: -1
Changed value of parameter MIPFocus to 1
   Prev: 0  Min: 0  Max: 3  Default: 0
Optimize a model with 10788 rows, 56584 columns and 113168 nonzeros
Variable types: 0 continuous, 56584 integer (56584 binary)
Coefficient statistics:
  Matrix range     [1e+00, 2e+01]
  Objective range  [5e+00, 6e+02]
  Bounds range     [1e+00, 1e+00]
  RHS range        [8e+01, 8e+01]
Found heuristic solution: objective 0
Presolve time: 0.15s
Presolved: 10788 rows, 56584 columns, 113168 nonzeros
Variable types: 0 continuous, 56584 integer (56584 binary)
Presolved: 10788 rows, 56584 columns, 113168 nonzeros

Root barrier log...

Ordering time: 0.01s

Barrier statistics:
 AA' NZ     : 5.658e+04
 Factor NZ  : 2.370e+05 (roughly 30 MBytes of memory)
 Factor Ops : 3.809e+07 (less than 1 second per iteration)
 Threads    : 1

                  Objective                Residual
Iter       Primal          Dual         Primal    Dual     Compl     Time
   0  -3.92541057e+06 -1.77550129e+07  1.71e+02 5.68e-14  1.76e+03     0s
   1  -1.05185884e+06 -1.37882415e+07  3.23e+01 3.41e-13  3.70e+02     0s
   2  -4.51872713e+05 -5.43821823e+06  4.51e+00 3.98e-13  6.51e+01     0s
   3  -3.63145402e+05 -2.11013576e+06  4.91e-03 2.70e-13  1.54e+01     0s
   4  -3.72021419e+05 -9.77937831e+05  3.28e-04 2.29e-13  5.33e+00     0s
   5  -3.74751098e+05 -7.15140095e+05  2.60e-04 1.14e-13  3.00e+00     0s
   6  -3.81459192e+05 -5.84701888e+05  1.61e-04 1.14e-13  1.79e+00     0s
   7  -3.90193835e+05 -5.37598124e+05  1.00e-04 1.14e-13  1.30e+00     0s
   8  -3.93778503e+05 -4.97130919e+05  8.45e-05 1.14e-13  9.10e-01     0s
   9  -4.01782298e+05 -4.73935553e+05  5.46e-05 2.27e-13  6.35e-01     0s
  10  -4.05909288e+05 -4.52727743e+05  4.28e-05 1.14e-13  4.12e-01     0s
  11  -4.09231324e+05 -4.42807547e+05  3.42e-05 1.14e-13  2.95e-01     0s
  12  -4.11325927e+05 -4.35702953e+05  2.87e-05 1.14e-13  2.15e-01     0s
  13  -4.13405880e+05 -4.32318987e+05  2.35e-05 1.14e-13  1.66e-01     1s
  14  -4.15139061e+05 -4.29901838e+05  1.92e-05 2.27e-13  1.30e-01     1s
  15  -4.16894963e+05 -4.27821219e+05  1.49e-05 1.14e-13  9.62e-02     1s
  16  -4.18460204e+05 -4.25932452e+05  1.11e-05 1.14e-13  6.58e-02     1s
  17  -4.19532075e+05 -4.25011499e+05  8.52e-06 1.14e-13  4.82e-02     1s
  18  -4.20125168e+05 -4.24391902e+05  7.02e-06 1.14e-13  3.76e-02     1s
  19  -4.20613293e+05 -4.24059577e+05  5.81e-06 1.14e-13  3.03e-02     1s
  20  -4.21114009e+05 -4.23743564e+05  4.58e-06 1.14e-13  2.31e-02     1s
  21  -4.21639582e+05 -4.23487390e+05  3.37e-06 1.14e-13  1.63e-02     1s
  22  -4.22074087e+05 -4.23222154e+05  2.32e-06 1.14e-13  1.01e-02     1s
  23  -4.22253998e+05 -4.23110436e+05  1.86e-06 1.14e-13  7.54e-03     1s
  24  -4.22436348e+05 -4.23084506e+05  1.41e-06 1.14e-13  5.71e-03     1s
  25  -4.22561549e+05 -4.23060711e+05  1.09e-06 1.14e-13  4.39e-03     1s
  26  -4.22616244e+05 -4.23043069e+05  9.58e-07 1.14e-13  3.76e-03     1s
  27  -4.22735520e+05 -4.23028602e+05  6.95e-07 1.14e-13  2.58e-03     1s
  28  -4.22818874e+05 -4.23027473e+05  4.80e-07 1.14e-13  1.84e-03     1s
  29  -4.22893693e+05 -4.23022336e+05  2.88e-07 1.14e-13  1.13e-03     1s
  30  -4.23007713e+05 -4.23012658e+05  1.36e-09 1.14e-13  4.35e-05     1s
  31  -4.23009183e+05 -4.23009862e+05  2.59e-10 1.14e-13  5.97e-06     1s
  32  -4.23009551e+05 -4.23009603e+05  5.42e-12 1.14e-13  4.55e-07     1s
  33  -4.23009560e+05 -4.23009562e+05  7.67e-13 1.14e-13  1.39e-08     1s
  34  -4.23009560e+05 -4.23009560e+05  4.43e-13 1.14e-13  1.68e-13     1s

Barrier solved model in 34 iterations and 0.94 seconds
Optimal objective -4.23009560e+05


Root relaxation: objective -4.230096e+05, 24426 iterations, 0.89 seconds

    Nodes    |    Current Node    |     Objective Bounds      |     Work
 Expl Unexpl |  Obj  Depth IntInf | Incumbent    BestBd   Gap | It/Node Time

     0     0 -423009.56    0  744    0.00000 -423009.56      -     -    1s
H    0     0                    -409053.5000 -423009.56  3.41%     -    1s

Explored 0 nodes (34024 simplex iterations) in 1.48 seconds
Thread count was 20 (of 20 available processors)

Solution count 2: -409054 0 
Pool objective bound -423010

Optimal solution found (tolerance 5.00e-02)
Best objective -4.090535000000e+05, best bound -4.230095000000e+05, gap 3.4118%
Changed value of parameter MIPGap to 0.05
   Prev: 0.0001  Min: 0.0  Max: 1e+100  Default: 0.0001
Changed value of parameter TimeLimit to 1800.0
   Prev: 1e+100  Min: 0.0  Max: 1e+100  Default: 1e+100
Changed value of parameter Method to 2
   Prev: -1  Min: -1  Max: 4  Default: -1
Changed value of parameter MIPFocus to 1
   Prev: 0  Min: 0  Max: 3  Default: 0
Optimize a model with 10788 rows, 56584 columns and 113168 nonzeros
Variable types: 0 continuous, 56584 integer (56584 binary)
Coefficient statistics:
  Matrix range     [1e+00, 2e+01]
  Objective range  [4e+01, 6e+03]
  Bounds range     [1e+00, 1e+00]
  RHS range        [8e+01, 8e+01]
Found heuristic solution: objective 0
Presolve time: 0.15s
Presolved: 10788 rows, 56584 columns, 113168 nonzeros
Variable types: 0 continuous, 56584 integer (56584 binary)
Presolved: 10788 rows, 56584 columns, 113168 nonzeros

Root barrier log...

Ordering time: 0.01s

Barrier statistics:
 AA' NZ     : 5.658e+04
 Factor NZ  : 2.370e+05 (roughly 30 MBytes of memory)
 Factor Ops : 3.809e+07 (less than 1 second per iteration)
 Threads    : 1

                  Objective                Residual
Iter       Primal          Dual         Primal    Dual     Compl     Time
   0  -3.89678835e+07 -1.77431124e+08  1.71e+02 4.55e-13  1.76e+04     0s
   1  -1.04324781e+07 -1.37782765e+08  3.23e+01 3.18e-12  3.70e+03     0s
   2  -4.47886339e+06 -5.43213454e+07  4.51e+00 4.09e-12  6.51e+02     0s
   3  -3.60066874e+06 -2.11374145e+07  4.84e-03 2.22e-12  1.54e+02     0s
   4  -3.69019056e+06 -9.75477577e+06  3.28e-04 1.83e-12  5.34e+01     0s
   5  -3.71044129e+06 -7.38498782e+06  2.78e-04 1.82e-12  3.23e+01     0s
   6  -3.79875883e+06 -5.81863756e+06  1.34e-04 1.82e-12  1.78e+01     0s
   7  -3.87430207e+06 -5.35101169e+06  9.05e-05 1.01e-12  1.30e+01     0s
   8  -3.91216427e+06 -5.03208557e+06  7.61e-05 9.09e-13  9.86e+00     0s
   9  -3.96645319e+06 -4.75251544e+06  5.67e-05 9.09e-13  6.92e+00     0s
  10  -4.03153346e+06 -4.52269833e+06  3.93e-05 1.82e-12  4.32e+00     0s
  11  -4.06140081e+06 -4.39510061e+06  3.25e-05 9.09e-13  2.94e+00     0s
  12  -4.08343342e+06 -4.33335568e+06  2.74e-05 9.09e-13  2.20e+00     0s
  13  -4.10569252e+06 -4.29149273e+06  2.25e-05 1.82e-12  1.64e+00     1s
  14  -4.12178081e+06 -4.26307912e+06  1.90e-05 9.09e-13  1.24e+00     1s
  15  -4.13354342e+06 -4.24418249e+06  1.65e-05 1.82e-12  9.74e-01     1s
  16  -4.14755251e+06 -4.23264710e+06  1.39e-05 1.82e-12  7.49e-01     1s
  17  -4.16293069e+06 -4.22427091e+06  1.07e-05 9.09e-13  5.40e-01     1s
  18  -4.16661300e+06 -4.22116704e+06  9.85e-06 9.09e-13  4.80e-01     1s
  19  -4.17339214e+06 -4.21870572e+06  8.32e-06 9.09e-13  3.99e-01     1s
  20  -4.17883388e+06 -4.21606962e+06  7.10e-06 9.09e-13  3.28e-01     1s
  21  -4.18757461e+06 -4.21428217e+06  5.34e-06 1.82e-12  2.35e-01     1s
  22  -4.19377881e+06 -4.21286919e+06  4.02e-06 9.09e-13  1.68e-01     1s
  23  -4.19828228e+06 -4.21168184e+06  3.04e-06 1.82e-12  1.18e-01     1s
  24  -4.20101245e+06 -4.21146739e+06  2.35e-06 9.09e-13  9.20e-02     1s
  25  -4.20148089e+06 -4.21132367e+06  2.24e-06 9.09e-13  8.66e-02     1s
  26  -4.20358045e+06 -4.21117322e+06  1.71e-06 9.09e-13  6.68e-02     1s
  27  -4.20569476e+06 -4.21084895e+06  1.21e-06 1.82e-12  4.54e-02     1s
  28  -4.20657369e+06 -4.21082988e+06  9.88e-07 9.09e-13  3.75e-02     1s
  29  -4.20809880e+06 -4.21080485e+06  6.11e-07 9.09e-13  2.38e-02     1s
  30  -4.20908180e+06 -4.21070412e+06  3.82e-07 9.09e-13  1.43e-02     1s
  31  -4.20965636e+06 -4.21068099e+06  2.36e-07 9.09e-13  9.02e-03     1s
  32  -4.20979598e+06 -4.21065729e+06  2.01e-07 9.09e-13  7.58e-03     1s
  33  -4.21017315e+06 -4.21064392e+06  1.06e-07 1.82e-12  4.14e-03     1s
  34  -4.21049756e+06 -4.21062366e+06  2.68e-08 1.82e-12  1.11e-03     1s
  35  -4.21061035e+06 -4.21061144e+06  3.22e-13 1.82e-12  9.60e-06     1s
  36  -4.21061063e+06 -4.21061063e+06  5.05e-14 1.82e-12  9.61e-09     1s

Barrier solved model in 36 iterations and 0.98 seconds
Optimal objective -4.21061063e+06


Root relaxation: objective -4.210611e+06, 25224 iterations, 1.02 seconds

    Nodes    |    Current Node    |     Objective Bounds      |     Work
 Expl Unexpl |  Obj  Depth IntInf | Incumbent    BestBd   Gap | It/Node Time

     0     0 -4210610.6    0  797    0.00000 -4210610.6      -     -    1s
H    0     0                    -4076930.000 -4210610.6  3.28%     -    1s

Explored 0 nodes (33444 simplex iterations) in 1.55 seconds
Thread count was 20 (of 20 available processors)

Solution count 2: -4.07693e+06 0 
Pool objective bound -4.21061e+06

Optimal solution found (tolerance 5.00e-02)
Best objective -4.076930000000e+06, best bound -4.210610626671e+06, gap 3.2790%
