Changed value of parameter MIPGap to 0.05
   Prev: 0.0001  Min: 0.0  Max: 1e+100  Default: 0.0001
Changed value of parameter TimeLimit to 1800.0
   Prev: 1e+100  Min: 0.0  Max: 1e+100  Default: 1e+100
Changed value of parameter Method to 2
   Prev: -1  Min: -1  Max: 4  Default: -1
Changed value of parameter MIPFocus to 1
   Prev: 0  Min: 0  Max: 3  Default: 0
Optimize a model with 19900 rows, 29700 columns and 59400 nonzeros
Variable types: 0 continuous, 29700 integer (29700 binary)
Coefficient statistics:
  Matrix range     [1e+00, 5e+00]
  Objective range  [1e+00, 1e+00]
  Bounds range     [1e+00, 1e+00]
  RHS range        [8e+01, 8e+01]
Found heuristic solution: objective 0
Presolve removed 19800 rows and 23823 columns
Presolve time: 0.05s
Presolved: 100 rows, 5877 columns, 11754 nonzeros
Variable types: 0 continuous, 5877 integer (1854 binary)
Presolved: 100 rows, 5877 columns, 11754 nonzeros

Root barrier log...

Ordering time: 0.00s

Barrier statistics:
 AA' NZ     : 4.950e+03
 Factor NZ  : 5.050e+03 (roughly 2 MBytes of memory)
 Factor Ops : 3.384e+05 (less than 1 second per iteration)
 Threads    : 1

                  Objective                Residual
Iter       Primal          Dual         Primal    Dual     Compl     Time
   0  -1.36740917e+04 -6.76720707e+03  7.03e+01 2.22e-16  1.44e+00     0s
   1  -1.86246844e+03 -4.15122558e+03  0.00e+00 1.78e-15  1.93e-01     0s
   2  -1.99536687e+03 -2.01676471e+03  0.00e+00 1.78e-15  1.81e-03     0s
   3  -1.99999534e+03 -2.00001674e+03  0.00e+00 1.11e-15  1.81e-06     0s
   4  -2.00000000e+03 -2.00000002e+03  0.00e+00 1.33e-15  1.81e-09     0s
   5  -2.00000000e+03 -2.00000000e+03  1.77e-14 1.11e-15  2.13e-15     0s

Barrier solved model in 5 iterations and 0.07 seconds
Optimal objective -2.00000000e+03


Root relaxation: objective -2.000000e+03, 4853 iterations, 0.03 seconds

    Nodes    |    Current Node    |     Objective Bounds      |     Work
 Expl Unexpl |  Obj  Depth IntInf | Incumbent    BestBd   Gap | It/Node Time

*    0     0               0    -2000.000000 -2000.0000  0.00%     -    0s

Explored 0 nodes (4853 simplex iterations) in 0.10 seconds
Thread count was 20 (of 20 available processors)

Solution count 2: -2000 0 
Pool objective bound -2000

Optimal solution found (tolerance 5.00e-02)
Best objective -2.000000000000e+03, best bound -2.000000000000e+03, gap 0.0000%
Changed value of parameter MIPGap to 0.05
   Prev: 0.0001  Min: 0.0  Max: 1e+100  Default: 0.0001
Changed value of parameter TimeLimit to 1800.0
   Prev: 1e+100  Min: 0.0  Max: 1e+100  Default: 1e+100
Changed value of parameter Method to 2
   Prev: -1  Min: -1  Max: 4  Default: -1
Changed value of parameter MIPFocus to 1
   Prev: 0  Min: 0  Max: 3  Default: 0
Optimize a model with 19900 rows, 29700 columns and 59400 nonzeros
Variable types: 0 continuous, 29700 integer (29700 binary)
Coefficient statistics:
  Matrix range     [1e+00, 5e+00]
  Objective range  [1e+00, 1e+00]
  Bounds range     [1e+00, 1e+00]
  RHS range        [8e+01, 8e+01]
Found heuristic solution: objective 0
Presolve removed 19800 rows and 23823 columns
Presolve time: 0.04s
Presolved: 100 rows, 5877 columns, 11754 nonzeros
Variable types: 0 continuous, 5877 integer (1854 binary)
Presolved: 100 rows, 5877 columns, 11754 nonzeros

Root barrier log...

Ordering time: 0.00s

Barrier statistics:
 AA' NZ     : 4.950e+03
 Factor NZ  : 5.050e+03 (roughly 2 MBytes of memory)
 Factor Ops : 3.384e+05 (less than 1 second per iteration)
 Threads    : 1

                  Objective                Residual
Iter       Primal          Dual         Primal    Dual     Compl     Time
   0  -1.36843024e+04 -6.75937150e+03  7.03e+01 2.22e-16  1.43e+00     0s
   1  -1.86377946e+03 -4.14823523e+03  0.00e+00 1.78e-15  1.93e-01     0s
   2  -1.99637952e+03 -2.01772566e+03  0.00e+00 1.78e-15  1.80e-03     0s
   3  -2.00099535e+03 -2.00101670e+03  0.00e+00 1.78e-15  1.80e-06     0s
   4  -2.00100000e+03 -2.00100002e+03  0.00e+00 1.78e-15  1.80e-09     0s
   5  -2.00100000e+03 -2.00100000e+03  1.60e-14 2.66e-15  2.57e-15     0s

Barrier solved model in 5 iterations and 0.06 seconds
Optimal objective -2.00100000e+03


Root relaxation: objective -2.001000e+03, 4853 iterations, 0.03 seconds

    Nodes    |    Current Node    |     Objective Bounds      |     Work
 Expl Unexpl |  Obj  Depth IntInf | Incumbent    BestBd   Gap | It/Node Time

*    0     0               0    -2001.000000 -2001.0000  0.00%     -    0s

Explored 0 nodes (4853 simplex iterations) in 0.09 seconds
Thread count was 20 (of 20 available processors)

Solution count 2: -2001 0 
Pool objective bound -2001

Optimal solution found (tolerance 5.00e-02)
Best objective -2.001000000000e+03, best bound -2.001000000000e+03, gap 0.0000%
Changed value of parameter MIPGap to 0.05
   Prev: 0.0001  Min: 0.0  Max: 1e+100  Default: 0.0001
Changed value of parameter TimeLimit to 1800.0
   Prev: 1e+100  Min: 0.0  Max: 1e+100  Default: 1e+100
Changed value of parameter Method to 2
   Prev: -1  Min: -1  Max: 4  Default: -1
Changed value of parameter MIPFocus to 1
   Prev: 0  Min: 0  Max: 3  Default: 0
Optimize a model with 19900 rows, 29700 columns and 59400 nonzeros
Variable types: 0 continuous, 29700 integer (29700 binary)
Coefficient statistics:
  Matrix range     [1e+00, 5e+00]
  Objective range  [1e+00, 1e+00]
  Bounds range     [1e+00, 1e+00]
  RHS range        [8e+01, 8e+01]
Found heuristic solution: objective 0
Presolve removed 19800 rows and 23823 columns
Presolve time: 0.04s
Presolved: 100 rows, 5877 columns, 11754 nonzeros
Variable types: 0 continuous, 5877 integer (1854 binary)
Presolved: 100 rows, 5877 columns, 11754 nonzeros

Root barrier log...

Ordering time: 0.00s

Barrier statistics:
 AA' NZ     : 4.950e+03
 Factor NZ  : 5.050e+03 (roughly 2 MBytes of memory)
 Factor Ops : 3.384e+05 (less than 1 second per iteration)
 Threads    : 1

                  Objective                Residual
Iter       Primal          Dual         Primal    Dual     Compl     Time
   0  -1.36945125e+04 -6.75153594e+03  7.03e+01 2.22e-16  1.43e+00     0s
   1  -1.86509057e+03 -4.14524489e+03  0.00e+00 1.78e-15  1.93e-01     0s
   2  -1.99739214e+03 -2.01868663e+03  0.00e+00 1.78e-15  1.80e-03     0s
   3  -2.00199536e+03 -2.00201666e+03  0.00e+00 1.78e-15  1.80e-06     0s
   4  -2.00200000e+03 -2.00200002e+03  0.00e+00 1.78e-15  1.80e-09     0s
   5  -2.00200000e+03 -2.00200000e+03  1.94e-14 1.78e-15  2.46e-15     0s

Barrier solved model in 5 iterations and 0.06 seconds
Optimal objective -2.00200000e+03


Root relaxation: objective -2.002000e+03, 4853 iterations, 0.03 seconds

    Nodes    |    Current Node    |     Objective Bounds      |     Work
 Expl Unexpl |  Obj  Depth IntInf | Incumbent    BestBd   Gap | It/Node Time

*    0     0               0    -2002.000000 -2002.0000  0.00%     -    0s

Explored 0 nodes (4853 simplex iterations) in 0.09 seconds
Thread count was 20 (of 20 available processors)

Solution count 2: -2002 0 
Pool objective bound -2002

Optimal solution found (tolerance 5.00e-02)
Best objective -2.002000000000e+03, best bound -2.002000000000e+03, gap 0.0000%
Changed value of parameter MIPGap to 0.05
   Prev: 0.0001  Min: 0.0  Max: 1e+100  Default: 0.0001
Changed value of parameter TimeLimit to 1800.0
   Prev: 1e+100  Min: 0.0  Max: 1e+100  Default: 1e+100
Changed value of parameter Method to 2
   Prev: -1  Min: -1  Max: 4  Default: -1
Changed value of parameter MIPFocus to 1
   Prev: 0  Min: 0  Max: 3  Default: 0
Optimize a model with 19900 rows, 29700 columns and 59400 nonzeros
Variable types: 0 continuous, 29700 integer (29700 binary)
Coefficient statistics:
  Matrix range     [1e+00, 5e+00]
  Objective range  [1e+00, 1e+00]
  Bounds range     [1e+00, 1e+00]
  RHS range        [8e+01, 8e+01]
Found heuristic solution: objective 0
Presolve removed 19800 rows and 23823 columns
Presolve time: 0.04s
Presolved: 100 rows, 5877 columns, 11754 nonzeros
Variable types: 0 continuous, 5877 integer (1854 binary)
Presolved: 100 rows, 5877 columns, 11754 nonzeros

Root barrier log...

Ordering time: 0.00s

Barrier statistics:
 AA' NZ     : 4.950e+03
 Factor NZ  : 5.050e+03 (roughly 2 MBytes of memory)
 Factor Ops : 3.384e+05 (less than 1 second per iteration)
 Threads    : 1

                  Objective                Residual
Iter       Primal          Dual         Primal    Dual     Compl     Time
   0  -1.37149314e+04 -6.73586480e+03  7.03e+01 2.22e-16  1.43e+00     0s
   1  -1.86771387e+03 -4.13926438e+03  0.00e+00 1.78e-15  1.92e-01     0s
   2  -1.99941730e+03 -2.02060866e+03  0.00e+00 1.78e-15  1.79e-03     0s
   3  -2.00399539e+03 -2.00401658e+03  0.00e+00 1.78e-15  1.79e-06     0s
   4  -2.00400000e+03 -2.00400002e+03  0.00e+00 2.66e-15  1.79e-09     0s
   5  -2.00400000e+03 -2.00400000e+03  1.41e-14 1.78e-15  2.43e-15     0s

Barrier solved model in 5 iterations and 0.06 seconds
Optimal objective -2.00400000e+03


Root relaxation: objective -2.004000e+03, 4853 iterations, 0.03 seconds

    Nodes    |    Current Node    |     Objective Bounds      |     Work
 Expl Unexpl |  Obj  Depth IntInf | Incumbent    BestBd   Gap | It/Node Time

*    0     0               0    -2004.000000 -2004.0000  0.00%     -    0s

Explored 0 nodes (4853 simplex iterations) in 0.09 seconds
Thread count was 20 (of 20 available processors)

Solution count 2: -2004 0 
Pool objective bound -2004

Optimal solution found (tolerance 5.00e-02)
Best objective -2.004000000000e+03, best bound -2.004000000000e+03, gap 0.0000%
Changed value of parameter MIPGap to 0.05
   Prev: 0.0001  Min: 0.0  Max: 1e+100  Default: 0.0001
Changed value of parameter TimeLimit to 1800.0
   Prev: 1e+100  Min: 0.0  Max: 1e+100  Default: 1e+100
Changed value of parameter Method to 2
   Prev: -1  Min: -1  Max: 4  Default: -1
Changed value of parameter MIPFocus to 1
   Prev: 0  Min: 0  Max: 3  Default: 0
Optimize a model with 19900 rows, 29700 columns and 59400 nonzeros
Variable types: 0 continuous, 29700 integer (29700 binary)
Coefficient statistics:
  Matrix range     [1e+00, 5e+00]
  Objective range  [1e+00, 1e+00]
  Bounds range     [1e+00, 1e+00]
  RHS range        [8e+01, 8e+01]
Found heuristic solution: objective 0
Presolve removed 19800 rows and 23823 columns
Presolve time: 0.04s
Presolved: 100 rows, 5877 columns, 11754 nonzeros
Variable types: 0 continuous, 5877 integer (1854 binary)
Presolved: 100 rows, 5877 columns, 11754 nonzeros

Root barrier log...

Ordering time: 0.00s

Barrier statistics:
 AA' NZ     : 4.950e+03
 Factor NZ  : 5.050e+03 (roughly 2 MBytes of memory)
 Factor Ops : 3.384e+05 (less than 1 second per iteration)
 Threads    : 1

                  Objective                Residual
Iter       Primal          Dual         Primal    Dual     Compl     Time
   0  -1.37557630e+04 -6.70452254e+03  7.03e+01 2.22e-16  1.42e+00     0s
   1  -1.87296670e+03 -4.12730178e+03  0.00e+00 1.78e-15  1.90e-01     0s
   2  -2.00346742e+03 -2.02445254e+03  0.00e+00 1.78e-15  1.77e-03     0s
   3  -2.00799544e+03 -2.00801643e+03  0.00e+00 2.66e-15  1.77e-06     0s
   4  -2.00800000e+03 -2.00800002e+03  0.00e+00 1.78e-15  1.77e-09     0s
   5  -2.00800000e+03 -2.00800000e+03  1.42e-14 2.66e-15  2.57e-15     0s

Barrier solved model in 5 iterations and 0.06 seconds
Optimal objective -2.00800000e+03


Root relaxation: objective -2.008000e+03, 4853 iterations, 0.03 seconds

    Nodes    |    Current Node    |     Objective Bounds      |     Work
 Expl Unexpl |  Obj  Depth IntInf | Incumbent    BestBd   Gap | It/Node Time

*    0     0               0    -2008.000000 -2008.0000  0.00%     -    0s

Explored 0 nodes (4853 simplex iterations) in 0.09 seconds
Thread count was 20 (of 20 available processors)

Solution count 2: -2008 0 
Pool objective bound -2008

Optimal solution found (tolerance 5.00e-02)
Best objective -2.008000000000e+03, best bound -2.008000000000e+03, gap 0.0000%
Changed value of parameter MIPGap to 0.05
   Prev: 0.0001  Min: 0.0  Max: 1e+100  Default: 0.0001
Changed value of parameter TimeLimit to 1800.0
   Prev: 1e+100  Min: 0.0  Max: 1e+100  Default: 1e+100
Changed value of parameter Method to 2
   Prev: -1  Min: -1  Max: 4  Default: -1
Changed value of parameter MIPFocus to 1
   Prev: 0  Min: 0  Max: 3  Default: 0
Optimize a model with 19900 rows, 29700 columns and 59400 nonzeros
Variable types: 0 continuous, 29700 integer (29700 binary)
Coefficient statistics:
  Matrix range     [1e+00, 5e+00]
  Objective range  [1e+00, 1e+00]
  Bounds range     [1e+00, 1e+00]
  RHS range        [8e+01, 8e+01]
Found heuristic solution: objective 0
Presolve removed 19800 rows and 23823 columns
Presolve time: 0.04s
Presolved: 100 rows, 5877 columns, 11754 nonzeros
Variable types: 0 continuous, 5877 integer (1854 binary)
Presolved: 100 rows, 5877 columns, 11754 nonzeros

Root barrier log...

Ordering time: 0.00s

Barrier statistics:
 AA' NZ     : 4.950e+03
 Factor NZ  : 5.050e+03 (roughly 2 MBytes of memory)
 Factor Ops : 3.384e+05 (less than 1 second per iteration)
 Threads    : 1

                  Objective                Residual
Iter       Primal          Dual         Primal    Dual     Compl     Time
   0  -1.37761758e+04 -6.68885141e+03  7.03e+01 2.22e-16  1.41e+00     0s
   1  -1.87559606e+03 -4.12131728e+03  0.00e+00 1.78e-15  1.90e-01     0s
   2  -2.00549237e+03 -2.02637442e+03  0.00e+00 1.78e-15  1.76e-03     0s
   3  -2.00999546e+03 -2.01001635e+03  0.00e+00 1.78e-15  1.76e-06     0s
   4  -2.01000000e+03 -2.01000002e+03  0.00e+00 1.78e-15  1.76e-09     0s
   5  -2.01000000e+03 -2.01000000e+03  1.25e-14 1.78e-15  2.44e-15     0s

Barrier solved model in 5 iterations and 0.06 seconds
Optimal objective -2.01000000e+03


Root relaxation: objective -2.010000e+03, 4853 iterations, 0.03 seconds

    Nodes    |    Current Node    |     Objective Bounds      |     Work
 Expl Unexpl |  Obj  Depth IntInf | Incumbent    BestBd   Gap | It/Node Time

*    0     0               0    -2010.000000 -2010.0000  0.00%     -    0s

Explored 0 nodes (4853 simplex iterations) in 0.09 seconds
Thread count was 20 (of 20 available processors)

Solution count 2: -2010 0 
Pool objective bound -2010

Optimal solution found (tolerance 5.00e-02)
Best objective -2.010000000000e+03, best bound -2.010000000000e+03, gap 0.0000%
Changed value of parameter MIPGap to 0.05
   Prev: 0.0001  Min: 0.0  Max: 1e+100  Default: 0.0001
Changed value of parameter TimeLimit to 1800.0
   Prev: 1e+100  Min: 0.0  Max: 1e+100  Default: 1e+100
Changed value of parameter Method to 2
   Prev: -1  Min: -1  Max: 4  Default: -1
Changed value of parameter MIPFocus to 1
   Prev: 0  Min: 0  Max: 3  Default: 0
Optimize a model with 19900 rows, 29700 columns and 59400 nonzeros
Variable types: 0 continuous, 29700 integer (29700 binary)
Coefficient statistics:
  Matrix range     [1e+00, 5e+00]
  Objective range  [1e+00, 1e+00]
  Bounds range     [1e+00, 1e+00]
  RHS range        [8e+01, 8e+01]
Found heuristic solution: objective 0
Presolve removed 19800 rows and 23823 columns
Presolve time: 0.04s
Presolved: 100 rows, 5877 columns, 11754 nonzeros
Variable types: 0 continuous, 5877 integer (1854 binary)
Presolved: 100 rows, 5877 columns, 11754 nonzeros

Root barrier log...

Ordering time: 0.00s

Barrier statistics:
 AA' NZ     : 4.950e+03
 Factor NZ  : 5.050e+03 (roughly 2 MBytes of memory)
 Factor Ops : 3.384e+05 (less than 1 second per iteration)
 Threads    : 1

                  Objective                Residual
Iter       Primal          Dual         Primal    Dual     Compl     Time
   0  -1.38782076e+04 -6.61049576e+03  7.03e+01 2.22e-16  1.38e+00     0s
   1  -1.88876992e+03 -4.09139869e+03  0.00e+00 1.78e-15  1.86e-01     0s
   2  -2.01561818e+03 -2.03598506e+03  0.00e+00 1.78e-15  1.72e-03     0s
   3  -2.01999559e+03 -2.02001596e+03  0.00e+00 1.78e-15  1.72e-06     0s
   4  -2.02000000e+03 -2.02000002e+03  0.00e+00 2.66e-15  1.72e-09     0s
   5  -2.02000000e+03 -2.02000000e+03  2.00e-14 1.78e-15  2.41e-15     0s

Barrier solved model in 5 iterations and 0.06 seconds
Optimal objective -2.02000000e+03


Root relaxation: objective -2.020000e+03, 4853 iterations, 0.03 seconds

    Nodes    |    Current Node    |     Objective Bounds      |     Work
 Expl Unexpl |  Obj  Depth IntInf | Incumbent    BestBd   Gap | It/Node Time

*    0     0               0    -2020.000000 -2020.0000  0.00%     -    0s

Explored 0 nodes (4853 simplex iterations) in 0.09 seconds
Thread count was 20 (of 20 available processors)

Solution count 2: -2020 0 
Pool objective bound -2020

Optimal solution found (tolerance 5.00e-02)
Best objective -2.020000000000e+03, best bound -2.020000000000e+03, gap 0.0000%
Changed value of parameter MIPGap to 0.05
   Prev: 0.0001  Min: 0.0  Max: 1e+100  Default: 0.0001
Changed value of parameter TimeLimit to 1800.0
   Prev: 1e+100  Min: 0.0  Max: 1e+100  Default: 1e+100
Changed value of parameter Method to 2
   Prev: -1  Min: -1  Max: 4  Default: -1
Changed value of parameter MIPFocus to 1
   Prev: 0  Min: 0  Max: 3  Default: 0
Optimize a model with 19900 rows, 29700 columns and 59400 nonzeros
Variable types: 0 continuous, 29700 integer (29700 binary)
Coefficient statistics:
  Matrix range     [1e+00, 5e+00]
  Objective range  [1e+00, 1e+00]
  Bounds range     [1e+00, 1e+00]
  RHS range        [8e+01, 8e+01]
Found heuristic solution: objective 0
Presolve removed 19800 rows and 23823 columns
Presolve time: 0.04s
Presolved: 100 rows, 5877 columns, 11754 nonzeros
Variable types: 0 continuous, 5877 integer (1854 binary)
Presolved: 100 rows, 5877 columns, 11754 nonzeros

Root barrier log...

Ordering time: 0.00s

Barrier statistics:
 AA' NZ     : 4.950e+03
 Factor NZ  : 5.050e+03 (roughly 2 MBytes of memory)
 Factor Ops : 3.384e+05 (less than 1 second per iteration)
 Threads    : 1

                  Objective                Residual
Iter       Primal          Dual         Primal    Dual     Compl     Time
   0  -1.40821019e+04 -6.45378445e+03  7.03e+01 2.22e-16  1.33e+00     0s
   1  -1.91519272e+03 -4.03156279e+03  0.00e+00 1.78e-15  1.79e-01     0s
   2  -2.03588729e+03 -2.05522063e+03  0.00e+00 1.78e-15  1.63e-03     0s
   3  -2.03999586e+03 -2.04001520e+03  0.00e+00 1.78e-15  1.63e-06     0s
   4  -2.04000000e+03 -2.04000002e+03  0.00e+00 1.78e-15  1.63e-09     0s

Barrier solved model in 4 iterations and 0.06 seconds
Optimal objective -2.04000000e+03


Root relaxation: objective -2.040000e+03, 4853 iterations, 0.03 seconds

    Nodes    |    Current Node    |     Objective Bounds      |     Work
 Expl Unexpl |  Obj  Depth IntInf | Incumbent    BestBd   Gap | It/Node Time

*    0     0               0    -2040.000000 -2040.0000  0.00%     -    0s

Explored 0 nodes (4853 simplex iterations) in 0.09 seconds
Thread count was 20 (of 20 available processors)

Solution count 2: -2040 0 
Pool objective bound -2040

Optimal solution found (tolerance 5.00e-02)
Best objective -2.040000000000e+03, best bound -2.040000000000e+03, gap 0.0000%
Changed value of parameter MIPGap to 0.05
   Prev: 0.0001  Min: 0.0  Max: 1e+100  Default: 0.0001
Changed value of parameter TimeLimit to 1800.0
   Prev: 1e+100  Min: 0.0  Max: 1e+100  Default: 1e+100
Changed value of parameter Method to 2
   Prev: -1  Min: -1  Max: 4  Default: -1
Changed value of parameter MIPFocus to 1
   Prev: 0  Min: 0  Max: 3  Default: 0
Optimize a model with 19900 rows, 29700 columns and 59400 nonzeros
Variable types: 0 continuous, 29700 integer (29700 binary)
Coefficient statistics:
  Matrix range     [1e+00, 5e+00]
  Objective range  [1e+00, 1e+00]
  Bounds range     [1e+00, 1e+00]
  RHS range        [8e+01, 8e+01]
Found heuristic solution: objective 0
Presolve removed 19800 rows and 23823 columns
Presolve time: 0.04s
Presolved: 100 rows, 5877 columns, 11754 nonzeros
Variable types: 0 continuous, 5877 integer (1854 binary)
Presolved: 100 rows, 5877 columns, 11754 nonzeros

Root barrier log...

Ordering time: 0.00s

Barrier statistics:
 AA' NZ     : 4.950e+03
 Factor NZ  : 5.050e+03 (roughly 2 MBytes of memory)
 Factor Ops : 3.384e+05 (less than 1 second per iteration)
 Threads    : 1

                  Objective                Residual
Iter       Primal          Dual         Primal    Dual     Compl     Time
   0  -1.44891114e+04 -6.14036183e+03  7.03e+01 2.22e-16  1.22e+00     0s
   1  -1.96805140e+03 -3.91180494e+03  4.01e-03 1.78e-15  1.64e-01     0s
   2  -2.07638258e+03 -2.09372980e+03  0.00e+00 1.78e-15  1.46e-03     0s
   3  -2.07999636e+03 -2.08001371e+03  0.00e+00 1.78e-15  1.46e-06     0s
   4  -2.08000000e+03 -2.08000001e+03  0.00e+00 1.78e-15  1.46e-09     0s

Barrier solved model in 4 iterations and 0.06 seconds
Optimal objective -2.08000000e+03


Root relaxation: objective -2.080000e+03, 4853 iterations, 0.03 seconds

    Nodes    |    Current Node    |     Objective Bounds      |     Work
 Expl Unexpl |  Obj  Depth IntInf | Incumbent    BestBd   Gap | It/Node Time

*    0     0               0    -2080.000000 -2080.0000  0.00%     -    0s

Explored 0 nodes (4853 simplex iterations) in 0.09 seconds
Thread count was 20 (of 20 available processors)

Solution count 2: -2080 0 
Pool objective bound -2080

Optimal solution found (tolerance 5.00e-02)
Best objective -2.080000000000e+03, best bound -2.080000000000e+03, gap 0.0000%
Changed value of parameter MIPGap to 0.05
   Prev: 0.0001  Min: 0.0  Max: 1e+100  Default: 0.0001
Changed value of parameter TimeLimit to 1800.0
   Prev: 1e+100  Min: 0.0  Max: 1e+100  Default: 1e+100
Changed value of parameter Method to 2
   Prev: -1  Min: -1  Max: 4  Default: -1
Changed value of parameter MIPFocus to 1
   Prev: 0  Min: 0  Max: 3  Default: 0
Optimize a model with 19900 rows, 29700 columns and 59400 nonzeros
Variable types: 0 continuous, 29700 integer (29700 binary)
Coefficient statistics:
  Matrix range     [1e+00, 5e+00]
  Objective range  [1e+00, 1e+00]
  Bounds range     [1e+00, 1e+00]
  RHS range        [8e+01, 8e+01]
Found heuristic solution: objective 0
Presolve removed 19800 rows and 23823 columns
Presolve time: 0.04s
Presolved: 100 rows, 5877 columns, 11754 nonzeros
Variable types: 0 continuous, 5877 integer (1854 binary)
Presolved: 100 rows, 5877 columns, 11754 nonzeros

Root barrier log...

Ordering time: 0.00s

Barrier statistics:
 AA' NZ     : 4.950e+03
 Factor NZ  : 5.050e+03 (roughly 2 MBytes of memory)
 Factor Ops : 3.384e+05 (less than 1 second per iteration)
 Threads    : 1

                  Objective                Residual
Iter       Primal          Dual         Primal    Dual     Compl     Time
   0  -1.46921564e+04 -5.98365053e+03  7.03e+01 0.00e+00  1.17e+00     0s
   1  -2.11677031e+03 -3.85282787e+03  6.69e-01 1.78e-15  1.62e-01     0s
   2  -2.09492636e+03 -2.11339919e+03  0.00e+00 1.78e-15  1.56e-03     0s
   3  -2.09999489e+03 -2.10001337e+03  0.00e+00 1.78e-15  1.56e-06     0s
   4  -2.09999999e+03 -2.10000001e+03  0.00e+00 2.66e-15  1.56e-09     0s

Barrier solved model in 4 iterations and 0.06 seconds
Optimal objective -2.09999999e+03


Root relaxation: objective -2.100000e+03, 4854 iterations, 0.03 seconds

    Nodes    |    Current Node    |     Objective Bounds      |     Work
 Expl Unexpl |  Obj  Depth IntInf | Incumbent    BestBd   Gap | It/Node Time

*    0     0               0    -2100.000000 -2100.0000  0.00%     -    0s

Explored 0 nodes (4854 simplex iterations) in 0.09 seconds
Thread count was 20 (of 20 available processors)

Solution count 2: -2100 0 
Pool objective bound -2100

Optimal solution found (tolerance 5.00e-02)
Best objective -2.100000000000e+03, best bound -2.100000000000e+03, gap 0.0000%
Changed value of parameter MIPGap to 0.05
   Prev: 0.0001  Min: 0.0  Max: 1e+100  Default: 0.0001
Changed value of parameter TimeLimit to 1800.0
   Prev: 1e+100  Min: 0.0  Max: 1e+100  Default: 1e+100
Changed value of parameter Method to 2
   Prev: -1  Min: -1  Max: 4  Default: -1
Changed value of parameter MIPFocus to 1
   Prev: 0  Min: 0  Max: 3  Default: 0
Optimize a model with 19900 rows, 29700 columns and 59400 nonzeros
Variable types: 0 continuous, 29700 integer (29700 binary)
Coefficient statistics:
  Matrix range     [1e+00, 5e+00]
  Objective range  [1e+00, 2e+00]
  Bounds range     [1e+00, 1e+00]
  RHS range        [8e+01, 8e+01]
Found heuristic solution: objective 0
Presolve removed 19800 rows and 23823 columns
Presolve time: 0.04s
Presolved: 100 rows, 5877 columns, 11754 nonzeros
Variable types: 0 continuous, 5877 integer (1854 binary)
Presolved: 100 rows, 5877 columns, 11754 nonzeros

Root barrier log...

Ordering time: 0.00s

Barrier statistics:
 AA' NZ     : 4.950e+03
 Factor NZ  : 5.050e+03 (roughly 2 MBytes of memory)
 Factor Ops : 3.384e+05 (less than 1 second per iteration)
 Threads    : 1

                  Objective                Residual
Iter       Primal          Dual         Primal    Dual     Compl     Time
   0  -1.57006479e+04 -5.20009398e+03  7.02e+01 2.22e-16  9.01e-01     0s
   1  -2.48013398e+03 -3.57264829e+03  1.86e+00 1.78e-15  1.33e-01     0s
   2  -2.19619283e+03 -2.21967157e+03  0.00e+00 1.78e-15  1.98e-03     0s
   3  -2.19999617e+03 -2.20001965e+03  0.00e+00 1.78e-15  1.98e-06     0s
   4  -2.20000000e+03 -2.20000002e+03  0.00e+00 2.66e-15  1.98e-09     0s
   5  -2.20000000e+03 -2.20000000e+03  1.59e-14 1.78e-15  2.48e-15     0s

Barrier solved model in 5 iterations and 0.06 seconds
Optimal objective -2.20000000e+03


Root relaxation: objective -2.200000e+03, 4854 iterations, 0.03 seconds

    Nodes    |    Current Node    |     Objective Bounds      |     Work
 Expl Unexpl |  Obj  Depth IntInf | Incumbent    BestBd   Gap | It/Node Time

*    0     0               0    -2200.000000 -2200.0000  0.00%     -    0s

Explored 0 nodes (4854 simplex iterations) in 0.09 seconds
Thread count was 20 (of 20 available processors)

Solution count 2: -2200 0 
Pool objective bound -2200

Optimal solution found (tolerance 5.00e-02)
Best objective -2.200000000000e+03, best bound -2.200000000000e+03, gap 0.0000%
Changed value of parameter MIPGap to 0.05
   Prev: 0.0001  Min: 0.0  Max: 1e+100  Default: 0.0001
Changed value of parameter TimeLimit to 1800.0
   Prev: 1e+100  Min: 0.0  Max: 1e+100  Default: 1e+100
Changed value of parameter Method to 2
   Prev: -1  Min: -1  Max: 4  Default: -1
Changed value of parameter MIPFocus to 1
   Prev: 0  Min: 0  Max: 3  Default: 0
Optimize a model with 19900 rows, 29700 columns and 59400 nonzeros
Variable types: 0 continuous, 29700 integer (29700 binary)
Coefficient statistics:
  Matrix range     [1e+00, 5e+00]
  Objective range  [1e+00, 3e+00]
  Bounds range     [1e+00, 1e+00]
  RHS range        [8e+01, 8e+01]
Found heuristic solution: objective 0
Presolve removed 19800 rows and 23823 columns
Presolve time: 0.04s
Presolved: 100 rows, 5877 columns, 11754 nonzeros
Variable types: 0 continuous, 5877 integer (1854 binary)
Presolved: 100 rows, 5877 columns, 11754 nonzeros

Root barrier log...

Ordering time: 0.00s

Barrier statistics:
 AA' NZ     : 4.950e+03
 Factor NZ  : 5.050e+03 (roughly 2 MBytes of memory)
 Factor Ops : 3.384e+05 (less than 1 second per iteration)
 Threads    : 1

                  Objective                Residual
Iter       Primal          Dual         Primal    Dual     Compl     Time
   0  -1.76093121e+04 -3.63298090e+03  6.95e+01 4.44e-16  3.69e-01     0s
   1  -2.54347226e+03 -2.95619933e+03  7.98e-01 2.66e-15  5.15e-02     0s
   2  -2.39883435e+03 -2.40368452e+03  6.02e-04 2.66e-15  4.21e-04     0s
   3  -2.39999869e+03 -2.40000368e+03  0.00e+00 2.66e-15  4.21e-07     0s
   4  -2.40000000e+03 -2.40000000e+03  0.00e+00 1.78e-15  4.21e-10     0s

Barrier solved model in 4 iterations and 0.06 seconds
Optimal objective -2.40000000e+03


Root relaxation: objective -2.400000e+03, 4854 iterations, 0.03 seconds

    Nodes    |    Current Node    |     Objective Bounds      |     Work
 Expl Unexpl |  Obj  Depth IntInf | Incumbent    BestBd   Gap | It/Node Time

*    0     0               0    -2400.000000 -2400.0000  0.00%     -    0s

Explored 0 nodes (4854 simplex iterations) in 0.09 seconds
Thread count was 20 (of 20 available processors)

Solution count 2: -2400 0 
Pool objective bound -2400

Optimal solution found (tolerance 5.00e-02)
Best objective -2.400000000000e+03, best bound -2.400000000000e+03, gap 0.0000%
Changed value of parameter MIPGap to 0.05
   Prev: 0.0001  Min: 0.0  Max: 1e+100  Default: 0.0001
Changed value of parameter TimeLimit to 1800.0
   Prev: 1e+100  Min: 0.0  Max: 1e+100  Default: 1e+100
Changed value of parameter Method to 2
   Prev: -1  Min: -1  Max: 4  Default: -1
Changed value of parameter MIPFocus to 1
   Prev: 0  Min: 0  Max: 3  Default: 0
Optimize a model with 19900 rows, 29700 columns and 59400 nonzeros
Variable types: 0 continuous, 29700 integer (29700 binary)
Coefficient statistics:
  Matrix range     [1e+00, 5e+00]
  Objective range  [1e+00, 4e+00]
  Bounds range     [1e+00, 1e+00]
  RHS range        [8e+01, 8e+01]
Found heuristic solution: objective 0
Presolve removed 19800 rows and 23823 columns
Presolve time: 0.04s
Presolved: 100 rows, 5877 columns, 11754 nonzeros
Variable types: 0 continuous, 5877 integer (1854 binary)
Presolved: 100 rows, 5877 columns, 11754 nonzeros

Root barrier log...

Ordering time: 0.00s

Barrier statistics:
 AA' NZ     : 4.950e+03
 Factor NZ  : 5.050e+03 (roughly 2 MBytes of memory)
 Factor Ops : 3.384e+05 (less than 1 second per iteration)
 Threads    : 1

                  Objective                Residual
Iter       Primal          Dual         Primal    Dual     Compl     Time
   0  -2.18042808e+04 -5.81171683e+03  6.99e+01 0.00e+00  7.23e-01     0s
   1  -4.43444221e+03 -4.19242545e+03  4.60e+00 1.78e-15  1.03e-01     0s
   2  -3.43680005e+03 -3.51009124e+03  3.82e-01 1.78e-15  1.61e-02     0s
   3  -3.35942949e+03 -3.37626831e+03  4.45e-02 1.78e-15  2.58e-03     0s
   4  -3.35158031e+03 -3.35301137e+03  2.87e-03 1.78e-15  1.96e-04     0s
   5  -3.35135014e+03 -3.35123225e+03  1.01e-03 2.66e-15  1.65e-05     0s
   6  -3.35120557e+03 -3.35119329e+03  1.42e-04 2.66e-15  2.71e-06     0s
   7  -3.35117994e+03 -3.35118008e+03  1.03e-07 1.78e-15  1.51e-08     0s
   8  -3.35118000e+03 -3.35118000e+03  6.00e-12 2.66e-15  2.02e-14     0s

Barrier solved model in 8 iterations and 0.07 seconds
Optimal objective -3.35118000e+03


Root relaxation: objective -3.351180e+03, 1266 iterations, 0.02 seconds

    Nodes    |    Current Node    |     Objective Bounds      |     Work
 Expl Unexpl |  Obj  Depth IntInf | Incumbent    BestBd   Gap | It/Node Time

     0     0 -3351.1800    0   10    0.00000 -3351.1800      -     -    0s
H    0     0                    -3344.600000 -3351.1800  0.20%     -    0s

Explored 0 nodes (2022 simplex iterations) in 0.10 seconds
Thread count was 20 (of 20 available processors)

Solution count 2: -3344.6 0 
Pool objective bound -3350.2

Optimal solution found (tolerance 5.00e-02)
Best objective -3.344600000000e+03, best bound -3.350200000000e+03, gap 0.1674%
Changed value of parameter MIPGap to 0.05
   Prev: 0.0001  Min: 0.0  Max: 1e+100  Default: 0.0001
Changed value of parameter TimeLimit to 1800.0
   Prev: 1e+100  Min: 0.0  Max: 1e+100  Default: 1e+100
Changed value of parameter Method to 2
   Prev: -1  Min: -1  Max: 4  Default: -1
Changed value of parameter MIPFocus to 1
   Prev: 0  Min: 0  Max: 3  Default: 0
Optimize a model with 19900 rows, 29700 columns and 59400 nonzeros
Variable types: 0 continuous, 29700 integer (29700 binary)
Coefficient statistics:
  Matrix range     [1e+00, 5e+00]
  Objective range  [2e+00, 5e+00]
  Bounds range     [1e+00, 1e+00]
  RHS range        [8e+01, 8e+01]
Found heuristic solution: objective 0
Presolve removed 19800 rows and 23823 columns
Presolve time: 0.04s
Presolved: 100 rows, 5877 columns, 11754 nonzeros
Variable types: 0 continuous, 5877 integer (1854 binary)
Presolved: 100 rows, 5877 columns, 11754 nonzeros

Root barrier log...

Ordering time: 0.00s

Barrier statistics:
 AA' NZ     : 4.950e+03
 Factor NZ  : 5.050e+03 (roughly 2 MBytes of memory)
 Factor Ops : 3.384e+05 (less than 1 second per iteration)
 Threads    : 1

                  Objective                Residual
Iter       Primal          Dual         Primal    Dual     Compl     Time
   0  -2.39286622e+04 -8.23840350e+03  7.01e+01 0.00e+00  1.26e+00     0s
   1  -5.06309935e+03 -5.44682049e+03  4.60e+00 1.78e-15  1.80e-01     0s
   2  -4.06800658e+03 -4.26567317e+03  3.87e-01 2.66e-15  2.84e-02     0s
   3  -3.98497273e+03 -4.02630172e+03  1.85e-02 2.66e-15  4.05e-03     0s
   4  -3.98408406e+03 -3.98650692e+03  1.78e-03 2.66e-15  2.60e-04     0s
   5  -3.98426155e+03 -3.98434781e+03  5.41e-04 2.66e-15  2.42e-05     0s
   6  -3.98425095e+03 -3.98427457e+03  8.92e-05 2.66e-15  4.80e-06     0s
   7  -3.98424984e+03 -3.98425024e+03  1.36e-07 2.66e-15  3.78e-08     0s
   8  -3.98425000e+03 -3.98425000e+03  2.55e-11 2.66e-15  6.64e-14     0s

Barrier solved model in 8 iterations and 0.07 seconds
Optimal objective -3.98425000e+03


Root relaxation: objective -3.984250e+03, 1266 iterations, 0.02 seconds

    Nodes    |    Current Node    |     Objective Bounds      |     Work
 Expl Unexpl |  Obj  Depth IntInf | Incumbent    BestBd   Gap | It/Node Time

     0     0 -3984.2500    0   10    0.00000 -3984.2500      -     -    0s
H    0     0                    -3978.500000 -3984.2500  0.14%     -    0s

Explored 0 nodes (1705 simplex iterations) in 0.10 seconds
Thread count was 20 (of 20 available processors)

Solution count 2: -3978.5 0 
Pool objective bound -3984

Optimal solution found (tolerance 5.00e-02)
Best objective -3.978500000000e+03, best bound -3.984000000000e+03, gap 0.1382%
Changed value of parameter MIPGap to 0.05
   Prev: 0.0001  Min: 0.0  Max: 1e+100  Default: 0.0001
Changed value of parameter TimeLimit to 1800.0
   Prev: 1e+100  Min: 0.0  Max: 1e+100  Default: 1e+100
Changed value of parameter Method to 2
   Prev: -1  Min: -1  Max: 4  Default: -1
Changed value of parameter MIPFocus to 1
   Prev: 0  Min: 0  Max: 3  Default: 0
Optimize a model with 19900 rows, 29700 columns and 59400 nonzeros
Variable types: 0 continuous, 29700 integer (29700 binary)
Coefficient statistics:
  Matrix range     [1e+00, 5e+00]
  Objective range  [2e+00, 9e+00]
  Bounds range     [1e+00, 1e+00]
  RHS range        [8e+01, 8e+01]
Found heuristic solution: objective 0
Presolve removed 19800 rows and 23823 columns
Presolve time: 0.04s
Presolved: 100 rows, 5877 columns, 11754 nonzeros
Variable types: 0 continuous, 5877 integer (1854 binary)
Presolved: 100 rows, 5877 columns, 11754 nonzeros

Root barrier log...

Ordering time: 0.00s

Barrier statistics:
 AA' NZ     : 4.950e+03
 Factor NZ  : 5.050e+03 (roughly 2 MBytes of memory)
 Factor Ops : 3.384e+05 (less than 1 second per iteration)
 Threads    : 1

                  Objective                Residual
Iter       Primal          Dual         Primal    Dual     Compl     Time
   0  -3.43114940e+04 -2.03718368e+04  7.04e+01 0.00e+00  3.94e+00     0s
   1  -8.17281093e+03 -1.17031095e+04  4.55e+00 5.33e-15  5.65e-01     0s
   2  -7.21630755e+03 -8.03697726e+03  3.85e-01 3.55e-15  8.97e-02     0s
   3  -7.14236464e+03 -7.28148447e+03  1.86e-02 5.33e-15  1.28e-02     0s
   4  -7.14809937e+03 -7.15767493e+03  1.90e-03 3.55e-15  9.15e-04     0s
   5  -7.14936123e+03 -7.14991716e+03  5.60e-04 5.33e-15  7.86e-05     0s
   6  -7.14955402e+03 -7.14968443e+03  1.02e-04 3.55e-15  1.69e-05     0s
   7  -7.14959919e+03 -7.14960090e+03  1.77e-07 3.55e-15  1.55e-07     0s
   8  -7.14960000e+03 -7.14960000e+03  2.69e-11 5.33e-15  1.36e-12     0s

Barrier solved model in 8 iterations and 0.07 seconds
Optimal objective -7.14960000e+03


Root relaxation: objective -7.149600e+03, 1266 iterations, 0.02 seconds

    Nodes    |    Current Node    |     Objective Bounds      |     Work
 Expl Unexpl |  Obj  Depth IntInf | Incumbent    BestBd   Gap | It/Node Time

     0     0 -7149.6000    0   10    0.00000 -7149.6000      -     -    0s
H    0     0                    -7143.000000 -7149.6000  0.09%     -    0s

Explored 0 nodes (1736 simplex iterations) in 0.10 seconds
Thread count was 20 (of 20 available processors)

Solution count 2: -7143 0 
Pool objective bound -7149

Optimal solution found (tolerance 5.00e-02)
Best objective -7.143000000000e+03, best bound -7.149000000000e+03, gap 0.0840%
Changed value of parameter MIPGap to 0.05
   Prev: 0.0001  Min: 0.0  Max: 1e+100  Default: 0.0001
Changed value of parameter TimeLimit to 1800.0
   Prev: 1e+100  Min: 0.0  Max: 1e+100  Default: 1e+100
Changed value of parameter Method to 2
   Prev: -1  Min: -1  Max: 4  Default: -1
Changed value of parameter MIPFocus to 1
   Prev: 0  Min: 0  Max: 3  Default: 0
Optimize a model with 19900 rows, 29700 columns and 59400 nonzeros
Variable types: 0 continuous, 29700 integer (29700 binary)
Coefficient statistics:
  Matrix range     [1e+00, 5e+00]
  Objective range  [3e+00, 2e+01]
  Bounds range     [1e+00, 1e+00]
  RHS range        [8e+01, 8e+01]
Found heuristic solution: objective 0
Presolve removed 19800 rows and 23823 columns
Presolve time: 0.04s
Presolved: 100 rows, 5877 columns, 11754 nonzeros
Variable types: 0 continuous, 5877 integer (1854 binary)
Presolved: 100 rows, 5877 columns, 11754 nonzeros

Root barrier log...

Ordering time: 0.00s

Barrier statistics:
 AA' NZ     : 4.950e+03
 Factor NZ  : 5.050e+03 (roughly 2 MBytes of memory)
 Factor Ops : 3.384e+05 (less than 1 second per iteration)
 Threads    : 1

                  Objective                Residual
Iter       Primal          Dual         Primal    Dual     Compl     Time
   0  -5.49821342e+04 -4.46387035e+04  7.04e+01 0.00e+00  9.30e+00     0s
   1  -1.44193030e+04 -2.42125798e+04  4.54e+00 1.07e-14  1.33e+00     0s
   2  -1.35147915e+04 -1.55841486e+04  3.84e-01 7.11e-15  2.13e-01     0s
   3  -1.34570309e+04 -1.37935135e+04  1.85e-02 1.24e-14  3.03e-02     0s
   4  -1.34760999e+04 -1.34994036e+04  1.89e-03 8.88e-15  2.17e-03     0s
   5  -1.34795505e+04 -1.34810547e+04  5.55e-04 8.88e-15  1.87e-04     0s
   6  -1.34801623e+04 -1.34805120e+04  1.02e-04 1.07e-14  4.07e-05     0s
   7  -1.34804781e+04 -1.34806210e+04  6.49e-06 8.88e-15  1.28e-05     0s
   8  -1.34804978e+04 -1.34805000e+04  0.00e+00 8.88e-15  1.84e-07     0s
   9  -1.34805000e+04 -1.34805000e+04  1.64e-14 7.11e-15  1.86e-13     0s

Barrier solved model in 9 iterations and 0.07 seconds
Optimal objective -1.34805000e+04


Root relaxation: objective -1.348050e+04, 755 iterations, 0.02 seconds

    Nodes    |    Current Node    |     Objective Bounds      |     Work
 Expl Unexpl |  Obj  Depth IntInf | Incumbent    BestBd   Gap | It/Node Time

     0     0 -13480.500    0    9    0.00000 -13480.500      -     -    0s
H    0     0                    -13469.00000 -13480.500  0.09%     -    0s

Explored 0 nodes (1304 simplex iterations) in 0.10 seconds
Thread count was 20 (of 20 available processors)

Solution count 2: -13469 0 
Pool objective bound -13480

Optimal solution found (tolerance 5.00e-02)
Best objective -1.346900000000e+04, best bound -1.348000000000e+04, gap 0.0817%
Changed value of parameter MIPGap to 0.05
   Prev: 0.0001  Min: 0.0  Max: 1e+100  Default: 0.0001
Changed value of parameter TimeLimit to 1800.0
   Prev: 1e+100  Min: 0.0  Max: 1e+100  Default: 1e+100
Changed value of parameter Method to 2
   Prev: -1  Min: -1  Max: 4  Default: -1
Changed value of parameter MIPFocus to 1
   Prev: 0  Min: 0  Max: 3  Default: 0
Optimize a model with 19900 rows, 29700 columns and 59400 nonzeros
Variable types: 0 continuous, 29700 integer (29700 binary)
Coefficient statistics:
  Matrix range     [1e+00, 5e+00]
  Objective range  [5e+00, 3e+01]
  Bounds range     [1e+00, 1e+00]
  RHS range        [8e+01, 8e+01]
Found heuristic solution: objective 0
Presolve removed 19800 rows and 23823 columns
Presolve time: 0.04s
Presolved: 100 rows, 5877 columns, 11754 nonzeros
Variable types: 0 continuous, 5877 integer (1854 binary)
Presolved: 100 rows, 5877 columns, 11754 nonzeros

Root barrier log...

Ordering time: 0.00s

Barrier statistics:
 AA' NZ     : 4.950e+03
 Factor NZ  : 5.050e+03 (roughly 2 MBytes of memory)
 Factor Ops : 3.384e+05 (less than 1 second per iteration)
 Threads    : 1

                  Objective                Residual
Iter       Primal          Dual         Primal    Dual     Compl     Time
   0  -9.62991974e+04 -9.31724368e+04  7.05e+01 0.00e+00  2.00e+01     0s
   1  -2.69157743e+04 -4.92266649e+04  4.53e+00 2.13e-14  2.87e+00     0s
   2  -2.61121754e+04 -3.06803895e+04  3.84e-01 2.13e-14  4.59e-01     0s
   3  -2.60863841e+04 -2.68217946e+04  1.86e-02 2.49e-14  6.58e-02     0s
   4  -2.61321297e+04 -2.61823885e+04  1.88e-03 2.13e-14  4.63e-03     0s
   5  -2.61399448e+04 -2.61433298e+04  5.50e-04 2.13e-14  4.00e-04     0s
   6  -2.61414282e+04 -2.61425424e+04  9.62e-05 1.78e-14  1.14e-04     0s
   7  -2.61424895e+04 -2.61425581e+04  9.37e-07 2.49e-14  5.99e-06     0s
   8  -2.61425000e+04 -2.61425000e+04  0.00e+00 2.13e-14  2.92e-09     0s

Barrier solved model in 8 iterations and 0.07 seconds
Optimal objective -2.61425000e+04


Root relaxation: objective -2.614250e+04, 755 iterations, 0.02 seconds

    Nodes    |    Current Node    |     Objective Bounds      |     Work
 Expl Unexpl |  Obj  Depth IntInf | Incumbent    BestBd   Gap | It/Node Time

     0     0 -26142.500    0    9    0.00000 -26142.500      -     -    0s
H    0     0                    -26121.00000 -26142.500  0.08%     -    0s

Explored 0 nodes (1074 simplex iterations) in 0.09 seconds
Thread count was 20 (of 20 available processors)

Solution count 2: -26121 0 
Pool objective bound -26142

Optimal solution found (tolerance 5.00e-02)
Best objective -2.612100000000e+04, best bound -2.614200000000e+04, gap 0.0804%
Changed value of parameter MIPGap to 0.05
   Prev: 0.0001  Min: 0.0  Max: 1e+100  Default: 0.0001
Changed value of parameter TimeLimit to 1800.0
   Prev: 1e+100  Min: 0.0  Max: 1e+100  Default: 1e+100
Changed value of parameter Method to 2
   Prev: -1  Min: -1  Max: 4  Default: -1
Changed value of parameter MIPFocus to 1
   Prev: 0  Min: 0  Max: 3  Default: 0
Optimize a model with 19900 rows, 29700 columns and 59400 nonzeros
Variable types: 0 continuous, 29700 integer (29700 binary)
Coefficient statistics:
  Matrix range     [1e+00, 5e+00]
  Objective range  [6e+00, 4e+01]
  Bounds range     [1e+00, 1e+00]
  RHS range        [8e+01, 8e+01]
Found heuristic solution: objective 0
Presolve removed 19800 rows and 23823 columns
Presolve time: 0.04s
Presolved: 100 rows, 5877 columns, 11754 nonzeros
Variable types: 0 continuous, 5877 integer (1854 binary)
Presolved: 100 rows, 5877 columns, 11754 nonzeros

Root barrier log...

Ordering time: 0.00s

Barrier statistics:
 AA' NZ     : 4.950e+03
 Factor NZ  : 5.050e+03 (roughly 2 MBytes of memory)
 Factor Ops : 3.384e+05 (less than 1 second per iteration)
 Threads    : 1

                  Objective                Residual
Iter       Primal          Dual         Primal    Dual     Compl     Time
   0  -1.16955843e+05 -1.17439303e+05  7.05e+01 0.00e+00  2.54e+01     0s
   1  -3.31644510e+04 -6.17331664e+04  4.53e+00 2.49e-14  3.64e+00     0s
   2  -3.24109436e+04 -3.82287528e+04  3.84e-01 2.13e-14  5.82e-01     0s
   3  -3.24010919e+04 -3.33358412e+04  1.86e-02 3.20e-14  8.35e-02     0s
   4  -3.24601347e+04 -3.25240174e+04  1.87e-03 3.20e-14  5.87e-03     0s
   5  -3.24701449e+04 -3.24744687e+04  5.49e-04 3.20e-14  5.07e-04     0s
   6  -3.24720814e+04 -3.24735567e+04  9.37e-05 2.84e-14  1.49e-04     0s
   7  -3.24734961e+04 -3.24735412e+04  2.54e-07 3.55e-14  3.88e-06     0s
   8  -3.24735000e+04 -3.24735000e+04  2.42e-10 3.91e-14  3.48e-10     0s

Barrier solved model in 8 iterations and 0.07 seconds
Optimal objective -3.24735000e+04


Root relaxation: objective -3.247350e+04, 759 iterations, 0.02 seconds

    Nodes    |    Current Node    |     Objective Bounds      |     Work
 Expl Unexpl |  Obj  Depth IntInf | Incumbent    BestBd   Gap | It/Node Time

     0     0 -32473.500    0    9    0.00000 -32473.500      -     -    0s
H    0     0                    -32447.00000 -32473.500  0.08%     -    0s

Explored 0 nodes (1223 simplex iterations) in 0.10 seconds
Thread count was 20 (of 20 available processors)

Solution count 2: -32447 0 
Pool objective bound -32473

Optimal solution found (tolerance 5.00e-02)
Best objective -3.244700000000e+04, best bound -3.247300000000e+04, gap 0.0801%
Changed value of parameter MIPGap to 0.05
   Prev: 0.0001  Min: 0.0  Max: 1e+100  Default: 0.0001
Changed value of parameter TimeLimit to 1800.0
   Prev: 1e+100  Min: 0.0  Max: 1e+100  Default: 1e+100
Changed value of parameter Method to 2
   Prev: -1  Min: -1  Max: 4  Default: -1
Changed value of parameter MIPFocus to 1
   Prev: 0  Min: 0  Max: 3  Default: 0
Optimize a model with 19900 rows, 29700 columns and 59400 nonzeros
Variable types: 0 continuous, 29700 integer (29700 binary)
Coefficient statistics:
  Matrix range     [1e+00, 5e+00]
  Objective range  [1e+01, 8e+01]
  Bounds range     [1e+00, 1e+00]
  RHS range        [8e+01, 8e+01]
Found heuristic solution: objective 0
Presolve removed 19800 rows and 23823 columns
Presolve time: 0.04s
Presolved: 100 rows, 5877 columns, 11754 nonzeros
Variable types: 0 continuous, 5877 integer (1854 binary)
Presolved: 100 rows, 5877 columns, 11754 nonzeros

Root barrier log...

Ordering time: 0.00s

Barrier statistics:
 AA' NZ     : 4.950e+03
 Factor NZ  : 5.050e+03 (roughly 2 MBytes of memory)
 Factor Ops : 3.384e+05 (less than 1 second per iteration)
 Threads    : 1

                  Objective                Residual
Iter       Primal          Dual         Primal    Dual     Compl     Time
   0  -2.20235702e+05 -2.38773637e+05  7.05e+01 7.11e-15  5.22e+01     0s
   1  -6.44088113e+04 -1.24264533e+05  4.53e+00 5.68e-14  7.47e+00     0s
   2  -6.39052257e+04 -7.59714365e+04  3.84e-01 4.26e-14  1.20e+00     0s
   3  -6.39750916e+04 -6.58914246e+04  1.82e-02 7.11e-14  1.71e-01     0s
   4  -6.40999832e+04 -6.42331165e+04  1.86e-03 4.97e-14  1.22e-02     0s
   5  -6.41211233e+04 -6.41301747e+04  5.41e-04 8.53e-14  1.04e-03     0s
   6  -6.41254394e+04 -6.41286278e+04  8.61e-05 5.68e-14  3.14e-04     0s
   7  -6.41284980e+04 -6.41285221e+04  5.33e-08 7.11e-14  2.05e-06     0s
   8  -6.41285000e+04 -6.41285000e+04  1.36e-13 5.68e-14  1.42e-11     0s

Barrier solved model in 8 iterations and 0.07 seconds
Optimal objective -6.41285000e+04


Root relaxation: objective -6.412850e+04, 755 iterations, 0.02 seconds

    Nodes    |    Current Node    |     Objective Bounds      |     Work
 Expl Unexpl |  Obj  Depth IntInf | Incumbent    BestBd   Gap | It/Node Time

     0     0 -64128.500    0    9    0.00000 -64128.500      -     -    0s
H    0     0                    -64077.00000 -64128.500  0.08%     -    0s

Explored 0 nodes (1652 simplex iterations) in 0.10 seconds
Thread count was 20 (of 20 available processors)

Solution count 2: -64077 0 
Pool objective bound -64128

Optimal solution found (tolerance 5.00e-02)
Best objective -6.407700000000e+04, best bound -6.412800000000e+04, gap 0.0796%
Changed value of parameter MIPGap to 0.05
   Prev: 0.0001  Min: 0.0  Max: 1e+100  Default: 0.0001
Changed value of parameter TimeLimit to 1800.0
   Prev: 1e+100  Min: 0.0  Max: 1e+100  Default: 1e+100
Changed value of parameter Method to 2
   Prev: -1  Min: -1  Max: 4  Default: -1
Changed value of parameter MIPFocus to 1
   Prev: 0  Min: 0  Max: 3  Default: 0
Optimize a model with 19900 rows, 29700 columns and 59400 nonzeros
Variable types: 0 continuous, 29700 integer (29700 binary)
Coefficient statistics:
  Matrix range     [1e+00, 5e+00]
  Objective range  [2e+01, 2e+02]
  Bounds range     [1e+00, 1e+00]
  RHS range        [8e+01, 8e+01]
Found heuristic solution: objective 0
Presolve removed 19800 rows and 23823 columns
Presolve time: 0.05s
Presolved: 100 rows, 5877 columns, 11754 nonzeros
Variable types: 0 continuous, 5877 integer (1854 binary)
Presolved: 100 rows, 5877 columns, 11754 nonzeros

Root barrier log...

Ordering time: 0.00s

Barrier statistics:
 AA' NZ     : 4.950e+03
 Factor NZ  : 5.050e+03 (roughly 2 MBytes of memory)
 Factor Ops : 3.384e+05 (less than 1 second per iteration)
 Threads    : 1

                  Objective                Residual
Iter       Primal          Dual         Primal    Dual     Compl     Time
   0  -4.26792231e+05 -4.81442303e+05  7.05e+01 1.42e-14  1.06e+02     0s
   1  -1.26898557e+05 -2.49326094e+05  4.52e+00 1.28e-13  1.51e+01     0s
   2  -1.26894385e+05 -1.51458434e+05  3.84e-01 8.53e-14  2.43e+00     0s
   3  -1.27106561e+05 -1.31188110e+05  4.45e-02 9.95e-14  3.88e-01     0s
   4  -1.27385435e+05 -1.27597846e+05  3.87e-03 1.14e-13  2.18e-02     0s
   5  -1.27423659e+05 -1.27441457e+05  1.18e-03 1.42e-13  2.69e-03     0s
   6  -1.27432831e+05 -1.27438879e+05  1.64e-04 1.14e-13  6.76e-04     0s
   7  -1.27438498e+05 -1.27438521e+05  4.15e-08 1.28e-13  1.96e-06     0s
   8  -1.27438500e+05 -1.27438500e+05  5.61e-14 1.42e-13  3.54e-12     0s

Barrier solved model in 8 iterations and 0.07 seconds
Optimal objective -1.27438500e+05


Root relaxation: objective -1.274385e+05, 755 iterations, 0.02 seconds

    Nodes    |    Current Node    |     Objective Bounds      |     Work
 Expl Unexpl |  Obj  Depth IntInf | Incumbent    BestBd   Gap | It/Node Time

     0     0 -127438.50    0    9    0.00000 -127438.50      -     -    0s
H    0     0                    -127337.0000 -127438.50  0.08%     -    0s

Explored 0 nodes (1385 simplex iterations) in 0.10 seconds
Thread count was 20 (of 20 available processors)

Solution count 2: -127337 0 
Pool objective bound -127435

Optimal solution found (tolerance 5.00e-02)
Best objective -1.273370000000e+05, best bound -1.274350000000e+05, gap 0.0770%
Changed value of parameter MIPGap to 0.05
   Prev: 0.0001  Min: 0.0  Max: 1e+100  Default: 0.0001
Changed value of parameter TimeLimit to 1800.0
   Prev: 1e+100  Min: 0.0  Max: 1e+100  Default: 1e+100
Changed value of parameter Method to 2
   Prev: -1  Min: -1  Max: 4  Default: -1
Changed value of parameter MIPFocus to 1
   Prev: 0  Min: 0  Max: 3  Default: 0
Optimize a model with 19900 rows, 29700 columns and 59400 nonzeros
Variable types: 0 continuous, 29700 integer (29700 binary)
Coefficient statistics:
  Matrix range     [1e+00, 5e+00]
  Objective range  [5e+01, 4e+02]
  Bounds range     [1e+00, 1e+00]
  RHS range        [8e+01, 8e+01]
Found heuristic solution: objective 0
Presolve removed 19800 rows and 23823 columns
Presolve time: 0.04s
Presolved: 100 rows, 5877 columns, 11754 nonzeros
Variable types: 0 continuous, 5877 integer (1854 binary)
Presolved: 100 rows, 5877 columns, 11754 nonzeros

Root barrier log...

Ordering time: 0.00s

Barrier statistics:
 AA' NZ     : 4.950e+03
 Factor NZ  : 5.050e+03 (roughly 2 MBytes of memory)
 Factor Ops : 3.384e+05 (less than 1 second per iteration)
 Threads    : 1

                  Objective                Residual
Iter       Primal          Dual         Primal    Dual     Compl     Time
   0  -1.04645939e+06 -1.20944830e+06  7.05e+01 2.84e-14  2.67e+02     0s
   1  -3.14368648e+05 -6.24509820e+05  4.52e+00 2.27e-13  3.82e+01     0s
   2  -3.15861925e+05 -3.77920282e+05  3.85e-01 2.27e-13  6.12e+00     0s
   3  -3.16378609e+05 -3.25606818e+05  6.20e-02 3.13e-13  9.28e-01     0s
   4  -3.17221248e+05 -3.17779447e+05  5.59e-03 2.84e-13  6.08e-02     0s
   5  -3.17330869e+05 -3.17376234e+05  1.57e-03 2.84e-13  7.71e-03     0s
   6  -3.17353148e+05 -3.17369459e+05  2.84e-04 2.56e-13  2.09e-03     0s
   7  -3.17368494e+05 -3.17368573e+05  1.11e-07 2.56e-13  6.98e-06     0s
   8  -3.17368500e+05 -3.17368500e+05  1.33e-13 2.84e-13  1.86e-11     0s

Barrier solved model in 8 iterations and 0.07 seconds
Optimal objective -3.17368500e+05


Root relaxation: objective -3.173685e+05, 755 iterations, 0.02 seconds

    Nodes    |    Current Node    |     Objective Bounds      |     Work
 Expl Unexpl |  Obj  Depth IntInf | Incumbent    BestBd   Gap | It/Node Time

     0     0 -317368.50    0    9    0.00000 -317368.50      -     -    0s
H    0     0                    -317117.0000 -317368.50  0.08%     -    0s

Explored 0 nodes (1097 simplex iterations) in 0.10 seconds
Thread count was 20 (of 20 available processors)

Solution count 2: -317117 0 
Pool objective bound -317368

Optimal solution found (tolerance 5.00e-02)
Best objective -3.171170000000e+05, best bound -3.173680000000e+05, gap 0.0792%
Changed value of parameter MIPGap to 0.05
   Prev: 0.0001  Min: 0.0  Max: 1e+100  Default: 0.0001
Changed value of parameter TimeLimit to 1800.0
   Prev: 1e+100  Min: 0.0  Max: 1e+100  Default: 1e+100
Changed value of parameter Method to 2
   Prev: -1  Min: -1  Max: 4  Default: -1
Changed value of parameter MIPFocus to 1
   Prev: 0  Min: 0  Max: 3  Default: 0
Optimize a model with 19900 rows, 29700 columns and 59400 nonzeros
Variable types: 0 continuous, 29700 integer (29700 binary)
Coefficient statistics:
  Matrix range     [1e+00, 5e+00]
  Objective range  [5e+02, 4e+03]
  Bounds range     [1e+00, 1e+00]
  RHS range        [8e+01, 8e+01]
Found heuristic solution: objective 0
Presolve removed 19800 rows and 23823 columns
Presolve time: 0.04s
Presolved: 100 rows, 5877 columns, 11754 nonzeros
Variable types: 0 continuous, 5877 integer (1854 binary)
Presolved: 100 rows, 5877 columns, 11754 nonzeros

Root barrier log...

Ordering time: 0.00s

Barrier statistics:
 AA' NZ     : 4.950e+03
 Factor NZ  : 5.050e+03 (roughly 2 MBytes of memory)
 Factor Ops : 3.384e+05 (less than 1 second per iteration)
 Threads    : 1

                  Objective                Residual
Iter       Primal          Dual         Primal    Dual     Compl     Time
   0  -1.03414582e+07 -1.21295383e+07  7.05e+01 0.00e+00  2.68e+03     0s
   1  -3.12642316e+06 -6.25226221e+06  4.52e+00 2.05e-12  3.84e+02     0s
   2  -3.15037519e+06 -3.77485101e+06  3.85e-01 2.50e-12  6.15e+01     0s
   3  -3.15622929e+06 -3.24835615e+06  6.24e-02 3.18e-12  9.28e+00     0s
   4  -3.16480832e+06 -3.17071484e+06  5.74e-03 2.73e-12  6.39e-01     0s
   5  -3.16593333e+06 -3.16639460e+06  1.60e-03 3.18e-12  7.84e-02     0s
   6  -3.16616313e+06 -3.16632833e+06  2.90e-04 2.50e-12  2.11e-02     0s
   7  -3.16631845e+06 -3.16631909e+06  9.25e-08 3.18e-12  5.69e-05     0s
   8  -3.16631850e+06 -3.16631850e+06  1.14e-13 2.96e-12  1.17e-10     0s

Barrier solved model in 8 iterations and 0.07 seconds
Optimal objective -3.16631850e+06


Root relaxation: objective -3.166318e+06, 759 iterations, 0.02 seconds

    Nodes    |    Current Node    |     Objective Bounds      |     Work
 Expl Unexpl |  Obj  Depth IntInf | Incumbent    BestBd   Gap | It/Node Time

     0     0 -3166318.5    0    9    0.00000 -3166318.5      -     -    0s
H    0     0                    -3163817.000 -3166318.5  0.08%     -    0s

Explored 0 nodes (1238 simplex iterations) in 0.09 seconds
Thread count was 20 (of 20 available processors)

Solution count 2: -3.16382e+06 0 
Pool objective bound -3.16632e+06

Optimal solution found (tolerance 5.00e-02)
Best objective -3.163817000000e+06, best bound -3.166318000000e+06, gap 0.0791%
