Changed value of parameter MIPGap to 0.05
   Prev: 0.0001  Min: 0.0  Max: 1e+100  Default: 0.0001
Changed value of parameter TimeLimit to 1800.0
   Prev: 1e+100  Min: 0.0  Max: 1e+100  Default: 1e+100
Changed value of parameter Method to 2
   Prev: -1  Min: -1  Max: 4  Default: -1
Changed value of parameter MIPFocus to 1
   Prev: 0  Min: 0  Max: 3  Default: 0
Optimize a model with 4096 rows, 5994 columns and 11988 nonzeros
Variable types: 0 continuous, 5994 integer (5994 binary)
Coefficient statistics:
  Matrix range     [1e+00, 5e+00]
  Objective range  [1e+00, 1e+00]
  Bounds range     [1e+00, 1e+00]
  RHS range        [8e+01, 8e+01]
Found heuristic solution: objective 0
Presolve removed 4035 rows and 5013 columns
Presolve time: 0.01s
Presolved: 61 rows, 981 columns, 1867 nonzeros
Found heuristic solution: objective -1576.000000
Variable types: 0 continuous, 981 integer (792 binary)
Presolved: 61 rows, 981 columns, 1867 nonzeros

Root barrier log...

Ordering time: 0.00s

Barrier statistics:
 AA' NZ     : 8.670e+02
 Factor NZ  : 1.891e+03
 Factor Ops : 7.753e+04 (less than 1 second per iteration)
 Threads    : 1

                  Objective                Residual
Iter       Primal          Dual         Primal    Dual     Compl     Time
   0  -2.75266913e+03 -3.01325773e+03  1.44e+01 4.44e-16  1.73e+00     0s
   1  -1.75313968e+03 -2.21344250e+03  1.45e+00 9.47e-02  3.64e-01     0s
   2  -1.71128378e+03 -1.81117941e+03  2.19e-02 3.55e-15  5.13e-02     0s
   3  -1.73216586e+03 -1.75075543e+03  2.17e-03 3.55e-15  9.39e-03     0s
   4  -1.73551082e+03 -1.74140105e+03  4.08e-04 1.78e-15  2.97e-03     0s
   5  -1.73662993e+03 -1.73745515e+03  9.77e-05 1.78e-15  4.24e-04     0s
   6  -1.73719835e+03 -1.73720181e+03  0.00e+00 8.88e-16  1.74e-06     0s
   7  -1.73720000e+03 -1.73720000e+03  0.00e+00 8.88e-16  1.96e-12     0s

Barrier solved model in 7 iterations and 0.02 seconds
Optimal objective -1.73720000e+03


Root relaxation: objective -1.737200e+03, 355 iterations, 0.01 seconds

    Nodes    |    Current Node    |     Objective Bounds      |     Work
 Expl Unexpl |  Obj  Depth IntInf | Incumbent    BestBd   Gap | It/Node Time

     0     0 -1737.2000    0    5 -1576.0000 -1737.2000  10.2%     -    0s
H    0     0                    -1734.000000 -1737.2000  0.18%     -    0s

Explored 0 nodes (424 simplex iterations) in 0.02 seconds
Thread count was 20 (of 20 available processors)

Solution count 3: -1734 -1576 -227 
Pool objective bound -1737

Optimal solution found (tolerance 5.00e-02)
Best objective -1.734000000000e+03, best bound -1.737000000000e+03, gap 0.1730%
Changed value of parameter MIPGap to 0.05
   Prev: 0.0001  Min: 0.0  Max: 1e+100  Default: 0.0001
Changed value of parameter TimeLimit to 1800.0
   Prev: 1e+100  Min: 0.0  Max: 1e+100  Default: 1e+100
Changed value of parameter Method to 2
   Prev: -1  Min: -1  Max: 4  Default: -1
Changed value of parameter MIPFocus to 1
   Prev: 0  Min: 0  Max: 3  Default: 0
Optimize a model with 4096 rows, 5994 columns and 11988 nonzeros
Variable types: 0 continuous, 5994 integer (5994 binary)
Coefficient statistics:
  Matrix range     [1e+00, 5e+00]
  Objective range  [1e+00, 1e+00]
  Bounds range     [1e+00, 1e+00]
  RHS range        [8e+01, 8e+01]
Found heuristic solution: objective 0
Presolve removed 4035 rows and 4204 columns
Presolve time: 0.01s
Presolved: 61 rows, 1790 columns, 2793 nonzeros
Found heuristic solution: objective -1604.299490
Variable types: 0 continuous, 1790 integer (1746 binary)
Presolved: 61 rows, 1790 columns, 2793 nonzeros

Root barrier log...

Ordering time: 0.00s

Barrier statistics:
 AA' NZ     : 8.670e+02
 Factor NZ  : 1.891e+03 (roughly 1 MByte of memory)
 Factor Ops : 7.753e+04 (less than 1 second per iteration)
 Threads    : 1

                  Objective                Residual
Iter       Primal          Dual         Primal    Dual     Compl     Time
   0  -3.11812085e+03 -3.16170095e+03  1.40e+01 4.44e-16  1.09e+00     0s
   1  -1.83496559e+03 -2.31934452e+03  1.88e+00 1.24e-01  2.49e-01     0s
   2  -1.71160149e+03 -1.84393017e+03  1.34e-01 1.62e-02  4.33e-02     0s
   3  -1.73286743e+03 -1.76014033e+03  8.42e-03 2.29e-03  7.96e-03     0s
   4  -1.73621362e+03 -1.74419881e+03  2.31e-03 3.59e-04  2.33e-03     0s
   5  -1.73786243e+03 -1.73860770e+03  2.77e-04 6.50e-08  2.23e-04     0s
   6  -1.73817253e+03 -1.73837814e+03  3.23e-05 1.78e-15  5.86e-05     0s
   7  -1.73820454e+03 -1.73829345e+03  1.20e-05 1.78e-15  2.52e-05     0s
   8  -1.73822056e+03 -1.73825851e+03  3.77e-06 1.78e-15  1.07e-05     0s
   9  -1.73822445e+03 -1.73824280e+03  2.23e-06 1.78e-15  5.19e-06     0s
  10  -1.73822982e+03 -1.73823560e+03  3.98e-07 1.78e-15  1.61e-06     0s
  11  -1.73823103e+03 -1.73823275e+03  9.11e-08 1.78e-15  4.78e-07     0s
  12  -1.73823143e+03 -1.73823166e+03  6.60e-09 1.78e-15  6.30e-08     0s
  13  -1.73823150e+03 -1.73823150e+03  5.35e-11 1.78e-15  1.15e-09     0s

Barrier solved model in 13 iterations and 0.02 seconds
Optimal objective -1.73823150e+03


Root relaxation: objective -1.738232e+03, 346 iterations, 0.01 seconds

    Nodes    |    Current Node    |     Objective Bounds      |     Work
 Expl Unexpl |  Obj  Depth IntInf | Incumbent    BestBd   Gap | It/Node Time

     0     0 -1738.2315    0   14 -1604.2995 -1738.2315  8.35%     -    0s
H    0     0                    -1734.029390 -1738.2315  0.24%     -    0s

Explored 0 nodes (346 simplex iterations) in 0.03 seconds
Thread count was 20 (of 20 available processors)

Solution count 3: -1734.03 -1604.3 -162.122 
Pool objective bound -1738.23

Optimal solution found (tolerance 5.00e-02)
Best objective -1.734029390000e+03, best bound -1.738231503000e+03, gap 0.2423%
Changed value of parameter MIPGap to 0.05
   Prev: 0.0001  Min: 0.0  Max: 1e+100  Default: 0.0001
Changed value of parameter TimeLimit to 1800.0
   Prev: 1e+100  Min: 0.0  Max: 1e+100  Default: 1e+100
Changed value of parameter Method to 2
   Prev: -1  Min: -1  Max: 4  Default: -1
Changed value of parameter MIPFocus to 1
   Prev: 0  Min: 0  Max: 3  Default: 0
Optimize a model with 4096 rows, 5994 columns and 11988 nonzeros
Variable types: 0 continuous, 5994 integer (5994 binary)
Coefficient statistics:
  Matrix range     [1e+00, 5e+00]
  Objective range  [1e+00, 1e+00]
  Bounds range     [1e+00, 1e+00]
  RHS range        [8e+01, 8e+01]
Found heuristic solution: objective 0
Presolve removed 4035 rows and 4204 columns
Presolve time: 0.01s
Presolved: 61 rows, 1790 columns, 2793 nonzeros
Found heuristic solution: objective -1605.598980
Variable types: 0 continuous, 1790 integer (1746 binary)
Presolved: 61 rows, 1790 columns, 2793 nonzeros

Root barrier log...

Ordering time: 0.00s

Barrier statistics:
 AA' NZ     : 8.670e+02
 Factor NZ  : 1.891e+03 (roughly 1 MByte of memory)
 Factor Ops : 7.753e+04 (less than 1 second per iteration)
 Threads    : 1

                  Objective                Residual
Iter       Primal          Dual         Primal    Dual     Compl     Time
   0  -3.12016863e+03 -3.16133368e+03  1.40e+01 8.88e-16  1.09e+00     0s
   1  -1.83631166e+03 -2.31906435e+03  1.88e+00 1.23e-01  2.49e-01     0s
   2  -1.71299897e+03 -1.84408064e+03  1.38e-01 1.59e-02  4.31e-02     0s
   3  -1.73388000e+03 -1.76091724e+03  8.86e-03 2.24e-03  7.92e-03     0s
   4  -1.73723633e+03 -1.74506833e+03  2.41e-03 3.35e-04  2.29e-03     0s
   5  -1.73886923e+03 -1.73981802e+03  2.95e-04 1.78e-15  2.79e-04     0s
   6  -1.73913330e+03 -1.73946168e+03  8.02e-05 1.78e-15  9.54e-05     0s
   7  -1.73920919e+03 -1.73934513e+03  2.81e-05 1.78e-15  3.92e-05     0s
   8  -1.73924392e+03 -1.73929452e+03  8.35e-06 8.88e-16  1.45e-05     0s
   9  -1.73925467e+03 -1.73927385e+03  3.40e-06 1.78e-15  5.50e-06     0s
  10  -1.73926198e+03 -1.73926487e+03  3.03e-07 1.78e-15  8.16e-07     0s
  11  -1.73926282e+03 -1.73926339e+03  4.47e-08 1.78e-15  1.59e-07     0s
  12  -1.73926300e+03 -1.73926301e+03  0.00e+00 1.78e-15  1.17e-09     0s

Barrier solved model in 12 iterations and 0.02 seconds
Optimal objective -1.73926300e+03


Root relaxation: objective -1.739263e+03, 106 iterations, 0.01 seconds

    Nodes    |    Current Node    |     Objective Bounds      |     Work
 Expl Unexpl |  Obj  Depth IntInf | Incumbent    BestBd   Gap | It/Node Time

     0     0 -1739.2630    0   14 -1605.5990 -1739.2630  8.32%     -    0s
H    0     0                    -1735.058780 -1739.2630  0.24%     -    0s

Explored 0 nodes (106 simplex iterations) in 0.02 seconds
Thread count was 20 (of 20 available processors)

Solution count 3: -1735.06 -1605.6 -162.244 
Pool objective bound -1739.26

Optimal solution found (tolerance 5.00e-02)
Best objective -1.735058780000e+03, best bound -1.739263006000e+03, gap 0.2423%
Changed value of parameter MIPGap to 0.05
   Prev: 0.0001  Min: 0.0  Max: 1e+100  Default: 0.0001
Changed value of parameter TimeLimit to 1800.0
   Prev: 1e+100  Min: 0.0  Max: 1e+100  Default: 1e+100
Changed value of parameter Method to 2
   Prev: -1  Min: -1  Max: 4  Default: -1
Changed value of parameter MIPFocus to 1
   Prev: 0  Min: 0  Max: 3  Default: 0
Optimize a model with 4096 rows, 5994 columns and 11988 nonzeros
Variable types: 0 continuous, 5994 integer (5994 binary)
Coefficient statistics:
  Matrix range     [1e+00, 5e+00]
  Objective range  [1e+00, 1e+00]
  Bounds range     [1e+00, 1e+00]
  RHS range        [8e+01, 8e+01]
Found heuristic solution: objective 0
Presolve removed 4035 rows and 4204 columns
Presolve time: 0.01s
Presolved: 61 rows, 1790 columns, 2793 nonzeros
Found heuristic solution: objective -1608.197960
Variable types: 0 continuous, 1790 integer (1746 binary)
Presolved: 61 rows, 1790 columns, 2793 nonzeros

Root barrier log...

Ordering time: 0.00s

Barrier statistics:
 AA' NZ     : 8.670e+02
 Factor NZ  : 1.891e+03 (roughly 1 MByte of memory)
 Factor Ops : 7.753e+04 (less than 1 second per iteration)
 Threads    : 1

                  Objective                Residual
Iter       Primal          Dual         Primal    Dual     Compl     Time
   0  -3.12426405e+03 -3.16059915e+03  1.40e+01 4.44e-16  1.08e+00     0s
   1  -1.83900392e+03 -2.31850151e+03  1.88e+00 1.21e-01  2.48e-01     0s
   2  -1.71579397e+03 -1.84437030e+03  1.46e-01 1.53e-02  4.28e-02     0s
   3  -1.73562055e+03 -1.76237873e+03  1.32e-02 2.12e-03  8.04e-03     0s
   4  -1.73888867e+03 -1.74677332e+03  4.36e-03 2.73e-04  2.40e-03     0s
   5  -1.74079149e+03 -1.74225852e+03  6.81e-04 1.78e-15  4.41e-04     0s
   6  -1.74111567e+03 -1.74167097e+03  2.22e-04 1.78e-15  1.65e-04     0s
   7  -1.74123163e+03 -1.74146184e+03  8.47e-05 1.78e-15  6.80e-05     0s
   8  -1.74128880e+03 -1.74138817e+03  2.91e-05 1.78e-15  2.90e-05     0s
   9  -1.74130941e+03 -1.74135336e+03  1.20e-05 1.78e-15  1.28e-05     0s
  10  -1.74132221e+03 -1.74133297e+03  2.08e-06 1.78e-15  3.08e-06     0s
  11  -1.74132499e+03 -1.74132863e+03  5.06e-07 8.88e-16  1.03e-06     0s
  12  -1.74132596e+03 -1.74132632e+03  0.00e+00 1.78e-15  9.92e-08     0s
  13  -1.74132601e+03 -1.74132601e+03  0.00e+00 1.78e-15  2.11e-10     0s

Barrier solved model in 13 iterations and 0.02 seconds
Optimal objective -1.74132601e+03


Root relaxation: objective -1.741326e+03, 29 iterations, 0.01 seconds

    Nodes    |    Current Node    |     Objective Bounds      |     Work
 Expl Unexpl |  Obj  Depth IntInf | Incumbent    BestBd   Gap | It/Node Time

     0     0 -1741.3260    0   14 -1608.1980 -1741.3260  8.28%     -    0s
H    0     0                    -1737.117560 -1741.3260  0.24%     -    0s

Explored 0 nodes (29 simplex iterations) in 0.03 seconds
Thread count was 20 (of 20 available processors)

Solution count 3: -1737.12 -1608.2 -162.487 
Pool objective bound -1741.33

Optimal solution found (tolerance 5.00e-02)
Best objective -1.737117560000e+03, best bound -1.741326012000e+03, gap 0.2423%
Changed value of parameter MIPGap to 0.05
   Prev: 0.0001  Min: 0.0  Max: 1e+100  Default: 0.0001
Changed value of parameter TimeLimit to 1800.0
   Prev: 1e+100  Min: 0.0  Max: 1e+100  Default: 1e+100
Changed value of parameter Method to 2
   Prev: -1  Min: -1  Max: 4  Default: -1
Changed value of parameter MIPFocus to 1
   Prev: 0  Min: 0  Max: 3  Default: 0
Optimize a model with 4096 rows, 5994 columns and 11988 nonzeros
Variable types: 0 continuous, 5994 integer (5994 binary)
Coefficient statistics:
  Matrix range     [1e+00, 5e+00]
  Objective range  [1e+00, 1e+00]
  Bounds range     [1e+00, 1e+00]
  RHS range        [8e+01, 8e+01]
Found heuristic solution: objective 0
Presolve removed 4035 rows and 4204 columns
Presolve time: 0.01s
Presolved: 61 rows, 1790 columns, 2793 nonzeros
Found heuristic solution: objective -1613.395920
Variable types: 0 continuous, 1790 integer (1746 binary)
Presolved: 61 rows, 1790 columns, 2793 nonzeros

Root barrier log...

Ordering time: 0.00s

Barrier statistics:
 AA' NZ     : 8.670e+02
 Factor NZ  : 1.891e+03 (roughly 1 MByte of memory)
 Factor Ops : 7.753e+04 (less than 1 second per iteration)
 Threads    : 1

                  Objective                Residual
Iter       Primal          Dual         Primal    Dual     Compl     Time
   0  -3.13245428e+03 -3.15913008e+03  1.40e+01 8.88e-16  1.08e+00     0s
   1  -1.84438888e+03 -2.31736564e+03  1.88e+00 1.18e-01  2.46e-01     0s
   2  -1.72132129e+03 -1.84473505e+03  1.60e-01 1.40e-02  4.20e-02     0s
   3  -1.73997589e+03 -1.76518739e+03  1.17e-02 1.88e-03  7.55e-03     0s
   4  -1.74314168e+03 -1.75079354e+03  3.89e-03 2.57e-04  2.31e-03     0s
   5  -1.74443614e+03 -1.74678672e+03  1.52e-03 8.48e-06  7.28e-04     0s
   6  -1.74493075e+03 -1.74596377e+03  7.05e-04 8.88e-16  3.22e-04     0s
   7  -1.74524744e+03 -1.74564841e+03  2.43e-04 8.88e-16  1.23e-04     0s
   8  -1.74536448e+03 -1.74554855e+03  9.63e-05 1.78e-15  5.58e-05     0s
   9  -1.74540588e+03 -1.74549510e+03  4.88e-05 1.78e-15  2.72e-05     0s
  10  -1.74544133e+03 -1.74546544e+03  9.50e-06 1.78e-15  7.16e-06     0s
  11  -1.74544776e+03 -1.74545643e+03  3.56e-06 1.78e-15  2.58e-06     0s
  12  -1.74545193e+03 -1.74545217e+03  0.00e+00 1.78e-15  6.82e-08     0s
  13  -1.74545202e+03 -1.74545202e+03  0.00e+00 1.78e-15  1.55e-10     0s

Barrier solved model in 13 iterations and 0.02 seconds
Optimal objective -1.74545202e+03


Root relaxation: objective -1.745452e+03, 31 iterations, 0.01 seconds

    Nodes    |    Current Node    |     Objective Bounds      |     Work
 Expl Unexpl |  Obj  Depth IntInf | Incumbent    BestBd   Gap | It/Node Time

     0     0 -1745.4520    0   14 -1613.3959 -1745.4520  8.18%     -    0s
H    0     0                    -1741.235120 -1745.4520  0.24%     -    0s

Explored 0 nodes (31 simplex iterations) in 0.03 seconds
Thread count was 20 (of 20 available processors)

Solution count 3: -1741.24 -1613.4 -162.975 
Pool objective bound -1745.45

Optimal solution found (tolerance 5.00e-02)
Best objective -1.741235120000e+03, best bound -1.745452024000e+03, gap 0.2422%
Changed value of parameter MIPGap to 0.05
   Prev: 0.0001  Min: 0.0  Max: 1e+100  Default: 0.0001
Changed value of parameter TimeLimit to 1800.0
   Prev: 1e+100  Min: 0.0  Max: 1e+100  Default: 1e+100
Changed value of parameter Method to 2
   Prev: -1  Min: -1  Max: 4  Default: -1
Changed value of parameter MIPFocus to 1
   Prev: 0  Min: 0  Max: 3  Default: 0
Optimize a model with 4096 rows, 5994 columns and 11988 nonzeros
Variable types: 0 continuous, 5994 integer (5994 binary)
Coefficient statistics:
  Matrix range     [1e+00, 5e+00]
  Objective range  [1e+00, 1e+00]
  Bounds range     [1e+00, 1e+00]
  RHS range        [8e+01, 8e+01]
Found heuristic solution: objective 0
Presolve removed 4035 rows and 4204 columns
Presolve time: 0.01s
Presolved: 61 rows, 1790 columns, 2793 nonzeros
Found heuristic solution: objective -1615.994900
Variable types: 0 continuous, 1790 integer (1746 binary)
Presolved: 61 rows, 1790 columns, 2793 nonzeros

Root barrier log...

Ordering time: 0.00s

Barrier statistics:
 AA' NZ     : 8.670e+02
 Factor NZ  : 1.891e+03 (roughly 1 MByte of memory)
 Factor Ops : 7.753e+04 (less than 1 second per iteration)
 Threads    : 1

                  Objective                Residual
Iter       Primal          Dual         Primal    Dual     Compl     Time
   0  -3.13654908e+03 -3.15839555e+03  1.40e+01 4.44e-16  1.08e+00     0s
   1  -1.84708155e+03 -2.31679255e+03  1.88e+00 1.17e-01  2.45e-01     0s
   2  -1.72405292e+03 -1.84486767e+03  1.66e-01 1.33e-02  4.16e-02     0s
   3  -1.74202066e+03 -1.76655131e+03  1.26e-02 1.78e-03  7.40e-03     0s
   4  -1.74522395e+03 -1.75258054e+03  4.09e-03 2.22e-04  2.24e-03     0s
   5  -1.74646709e+03 -1.74894455e+03  1.64e-03 1.11e-05  7.68e-04     0s
   6  -1.74688895e+03 -1.74808265e+03  9.08e-04 1.78e-15  3.76e-04     0s
   7  -1.74731456e+03 -1.74776112e+03  2.44e-04 1.78e-15  1.36e-04     0s
   8  -1.74742780e+03 -1.74763267e+03  9.55e-05 8.88e-16  6.14e-05     0s
   9  -1.74746958e+03 -1.74756555e+03  4.74e-05 1.78e-15  2.89e-05     0s
  10  -1.74750389e+03 -1.74753075e+03  9.63e-06 1.78e-15  7.92e-06     0s
  11  -1.74751197e+03 -1.74752085e+03  2.41e-06 1.78e-15  2.58e-06     0s
  12  -1.74751498e+03 -1.74751519e+03  0.00e+00 1.78e-15  5.98e-08     0s
  13  -1.74751503e+03 -1.74751503e+03  0.00e+00 1.78e-15  8.01e-11     0s

Barrier solved model in 13 iterations and 0.02 seconds
Optimal objective -1.74751503e+03


Root relaxation: objective -1.747515e+03, 30 iterations, 0.01 seconds

    Nodes    |    Current Node    |     Objective Bounds      |     Work
 Expl Unexpl |  Obj  Depth IntInf | Incumbent    BestBd   Gap | It/Node Time

     0     0 -1747.5150    0   14 -1615.9949 -1747.5150  8.14%     -    0s
H    0     0                    -1743.293900 -1747.5150  0.24%     -    0s

Explored 0 nodes (32 simplex iterations) in 0.03 seconds
Thread count was 20 (of 20 available processors)

Solution count 3: -1743.29 -1615.99 -163.219 
Pool objective bound -1747.52

Optimal solution found (tolerance 5.00e-02)
Best objective -1.743293900000e+03, best bound -1.747515030000e+03, gap 0.2421%
Changed value of parameter MIPGap to 0.05
   Prev: 0.0001  Min: 0.0  Max: 1e+100  Default: 0.0001
Changed value of parameter TimeLimit to 1800.0
   Prev: 1e+100  Min: 0.0  Max: 1e+100  Default: 1e+100
Changed value of parameter Method to 2
   Prev: -1  Min: -1  Max: 4  Default: -1
Changed value of parameter MIPFocus to 1
   Prev: 0  Min: 0  Max: 3  Default: 0
Optimize a model with 4096 rows, 5994 columns and 11988 nonzeros
Variable types: 0 continuous, 5994 integer (5994 binary)
Coefficient statistics:
  Matrix range     [1e+00, 5e+00]
  Objective range  [1e+00, 1e+00]
  Bounds range     [1e+00, 1e+00]
  RHS range        [8e+01, 8e+01]
Found heuristic solution: objective 0
Presolve removed 4035 rows and 4204 columns
Presolve time: 0.01s
Presolved: 61 rows, 1790 columns, 2793 nonzeros
Found heuristic solution: objective -1628.989800
Variable types: 0 continuous, 1790 integer (1746 binary)
Presolved: 61 rows, 1790 columns, 2793 nonzeros

Root barrier log...

Ordering time: 0.00s

Barrier statistics:
 AA' NZ     : 8.670e+02
 Factor NZ  : 1.891e+03 (roughly 1 MByte of memory)
 Factor Ops : 7.753e+04 (less than 1 second per iteration)
 Threads    : 1

                  Objective                Residual
Iter       Primal          Dual         Primal    Dual     Compl     Time
   0  -3.15702002e+03 -3.15472288e+03  1.40e+01 8.88e-16  1.07e+00     0s
   1  -1.86054219e+03 -2.31393584e+03  1.89e+00 1.09e-01  2.40e-01     0s
   2  -1.73776845e+03 -1.85286704e+03  1.98e-01 1.18e-02  4.16e-02     0s
   3  -1.75258527e+03 -1.77099323e+03  1.89e-02 9.64e-04  6.01e-03     0s
   4  -1.75552491e+03 -1.76289295e+03  5.55e-03 4.17e-04  2.31e-03     0s
   5  -1.75688005e+03 -1.75979154e+03  1.75e-03 4.79e-05  8.90e-04     0s
   6  -1.75724910e+03 -1.75887176e+03  9.44e-04 1.19e-05  4.94e-04     0s
   7  -1.75750040e+03 -1.75830570e+03  4.79e-04 1.78e-15  2.46e-04     0s
   8  -1.75768116e+03 -1.75805580e+03  1.90e-04 8.88e-16  1.13e-04     0s
   9  -1.75775109e+03 -1.75792386e+03  9.55e-05 1.78e-15  5.25e-05     0s
  10  -1.75781209e+03 -1.75783676e+03  1.89e-05 1.78e-15  7.79e-06     0s
  11  -1.75782694e+03 -1.75783137e+03  3.09e-06 1.78e-15  1.39e-06     0s
  12  -1.75783006e+03 -1.75783006e+03  0.00e+00 1.78e-15  1.71e-09     0s

Barrier solved model in 12 iterations and 0.02 seconds
Optimal objective -1.75783006e+03


Root relaxation: objective -1.757830e+03, 78 iterations, 0.01 seconds

    Nodes    |    Current Node    |     Objective Bounds      |     Work
 Expl Unexpl |  Obj  Depth IntInf | Incumbent    BestBd   Gap | It/Node Time

     0     0 -1757.8301    0   14 -1628.9898 -1757.8301  7.91%     -    0s
H    0     0                    -1753.587800 -1757.8301  0.24%     -    0s

Explored 0 nodes (78 simplex iterations) in 0.02 seconds
Thread count was 20 (of 20 available processors)

Solution count 3: -1753.59 -1628.99 -164.437 
Pool objective bound -1757.83

Optimal solution found (tolerance 5.00e-02)
Best objective -1.753587800000e+03, best bound -1.757830060000e+03, gap 0.2419%
Changed value of parameter MIPGap to 0.05
   Prev: 0.0001  Min: 0.0  Max: 1e+100  Default: 0.0001
Changed value of parameter TimeLimit to 1800.0
   Prev: 1e+100  Min: 0.0  Max: 1e+100  Default: 1e+100
Changed value of parameter Method to 2
   Prev: -1  Min: -1  Max: 4  Default: -1
Changed value of parameter MIPFocus to 1
   Prev: 0  Min: 0  Max: 3  Default: 0
Optimize a model with 4096 rows, 5994 columns and 11988 nonzeros
Variable types: 0 continuous, 5994 integer (5994 binary)
Coefficient statistics:
  Matrix range     [1e+00, 5e+00]
  Objective range  [1e+00, 1e+00]
  Bounds range     [1e+00, 1e+00]
  RHS range        [8e+01, 8e+01]
Found heuristic solution: objective 0
Presolve removed 4035 rows and 4204 columns
Presolve time: 0.01s
Presolved: 61 rows, 1790 columns, 2793 nonzeros
Found heuristic solution: objective -1654.979600
Variable types: 0 continuous, 1790 integer (1746 binary)
Presolved: 61 rows, 1790 columns, 2793 nonzeros

Root barrier log...

Ordering time: 0.00s

Barrier statistics:
 AA' NZ     : 8.670e+02
 Factor NZ  : 1.891e+03 (roughly 1 MByte of memory)
 Factor Ops : 7.753e+04 (less than 1 second per iteration)
 Threads    : 1

                  Objective                Residual
Iter       Primal          Dual         Primal    Dual     Compl     Time
   0  -3.19794596e+03 -3.14737753e+03  1.40e+01 4.44e-16  1.05e+00     0s
   1  -1.88741801e+03 -2.30892086e+03  1.89e+00 9.34e-02  2.31e-01     0s
   2  -1.78690361e+03 -1.88277380e+03  4.31e-01 1.11e-02  4.75e-02     0s
   3  -1.77478958e+03 -1.79435388e+03  3.02e-02 1.28e-03  6.84e-03     0s
   4  -1.77689343e+03 -1.78365601e+03  1.69e-03 3.60e-04  1.94e-03     0s
   5  -1.77769359e+03 -1.78042801e+03  6.16e-04 1.54e-05  7.83e-04     0s
   6  -1.77809946e+03 -1.77931018e+03  2.38e-04 1.78e-15  3.45e-04     0s
   7  -1.77828954e+03 -1.77876875e+03  9.91e-05 1.78e-15  1.37e-04     0s
   8  -1.77839312e+03 -1.77859394e+03  3.36e-05 8.88e-16  5.70e-05     0s
   9  -1.77844383e+03 -1.77848958e+03  7.25e-06 1.78e-15  1.30e-05     0s
  10  -1.77845954e+03 -1.77846314e+03  0.00e+00 1.78e-15  9.95e-07     0s
  11  -1.77846012e+03 -1.77846013e+03  0.00e+00 1.78e-15  4.49e-09     0s
  12  -1.77846012e+03 -1.77846012e+03  0.00e+00 1.78e-15  4.49e-12     0s

Barrier solved model in 12 iterations and 0.02 seconds
Optimal objective -1.77846012e+03


Root relaxation: objective -1.778460e+03, 36 iterations, 0.01 seconds

    Nodes    |    Current Node    |     Objective Bounds      |     Work
 Expl Unexpl |  Obj  Depth IntInf | Incumbent    BestBd   Gap | It/Node Time

     0     0 -1778.4601    0   14 -1654.9796 -1778.4601  7.46%     -    0s
H    0     0                    -1774.175600 -1778.4601  0.24%     -    0s

Explored 0 nodes (36 simplex iterations) in 0.02 seconds
Thread count was 20 (of 20 available processors)

Solution count 3: -1774.18 -1654.98 -166.874 
Pool objective bound -1778.46

Optimal solution found (tolerance 5.00e-02)
Best objective -1.774175600000e+03, best bound -1.778460120000e+03, gap 0.2415%
Changed value of parameter MIPGap to 0.05
   Prev: 0.0001  Min: 0.0  Max: 1e+100  Default: 0.0001
Changed value of parameter TimeLimit to 1800.0
   Prev: 1e+100  Min: 0.0  Max: 1e+100  Default: 1e+100
Changed value of parameter Method to 2
   Prev: -1  Min: -1  Max: 4  Default: -1
Changed value of parameter MIPFocus to 1
   Prev: 0  Min: 0  Max: 3  Default: 0
Optimize a model with 4096 rows, 5994 columns and 11988 nonzeros
Variable types: 0 continuous, 5994 integer (5994 binary)
Coefficient statistics:
  Matrix range     [1e+00, 5e+00]
  Objective range  [1e+00, 1e+00]
  Bounds range     [1e+00, 1e+00]
  RHS range        [8e+01, 8e+01]
Found heuristic solution: objective 0
Presolve removed 4035 rows and 4204 columns
Presolve time: 0.01s
Presolved: 61 rows, 1790 columns, 2793 nonzeros
Found heuristic solution: objective -1706.959200
Variable types: 0 continuous, 1790 integer (1746 binary)
Presolved: 61 rows, 1790 columns, 2793 nonzeros

Root barrier log...

Ordering time: 0.00s

Barrier statistics:
 AA' NZ     : 8.670e+02
 Factor NZ  : 1.891e+03 (roughly 1 MByte of memory)
 Factor Ops : 7.753e+04 (less than 1 second per iteration)
 Threads    : 1

                  Objective                Residual
Iter       Primal          Dual         Primal    Dual     Compl     Time
   0  -3.28032160e+03 -3.20303305e+03  1.40e+01 4.44e-16  1.06e+00     0s
   1  -1.92896938e+03 -2.34401983e+03  1.82e+00 8.04e-02  2.26e-01     0s
   2  -1.83002031e+03 -1.93835603e+03  4.08e-01 9.29e-03  5.02e-02     0s
   3  -1.81935934e+03 -1.84171967e+03  6.40e-02 8.88e-15  9.20e-03     0s
   4  -1.82015922e+03 -1.82628657e+03  1.36e-02 1.78e-15  2.33e-03     0s
   5  -1.82085000e+03 -1.82386098e+03  6.39e-03 1.78e-15  1.13e-03     0s
   6  -1.82131148e+03 -1.82278787e+03  2.83e-03 1.78e-15  5.40e-04     0s
   7  -1.82152315e+03 -1.82227055e+03  1.49e-03 1.78e-15  2.76e-04     0s
   8  -1.82165543e+03 -1.82198737e+03  7.15e-04 1.78e-15  1.25e-04     0s
   9  -1.82174393e+03 -1.82187026e+03  2.57e-04 1.78e-15  4.70e-05     0s
  10  -1.82179185e+03 -1.82182055e+03  3.19e-05 1.78e-15  9.43e-06     0s
  11  -1.82179815e+03 -1.82180657e+03  1.02e-05 1.78e-15  2.81e-06     0s
  12  -1.82180140e+03 -1.82180151e+03  0.00e+00 1.78e-15  3.06e-08     0s
  13  -1.82180144e+03 -1.82180144e+03  0.00e+00 1.78e-15  6.18e-12     0s

Barrier solved model in 13 iterations and 0.02 seconds
Optimal objective -1.82180144e+03


Root relaxation: objective -1.821801e+03, 21 iterations, 0.01 seconds

    Nodes    |    Current Node    |     Objective Bounds      |     Work
 Expl Unexpl |  Obj  Depth IntInf | Incumbent    BestBd   Gap | It/Node Time

     0     0 -1821.8014    0   39 -1706.9592 -1821.8014  6.73%     -    0s
H    0     0                    -1813.636000 -1821.8014  0.45%     -    0s

Explored 0 nodes (23 simplex iterations) in 0.03 seconds
Thread count was 20 (of 20 available processors)

Solution count 3: -1813.64 -1706.96 -171.748 
Pool objective bound -1821.8

Optimal solution found (tolerance 5.00e-02)
Best objective -1.813636000000e+03, best bound -1.821801440000e+03, gap 0.4502%
Changed value of parameter MIPGap to 0.05
   Prev: 0.0001  Min: 0.0  Max: 1e+100  Default: 0.0001
Changed value of parameter TimeLimit to 1800.0
   Prev: 1e+100  Min: 0.0  Max: 1e+100  Default: 1e+100
Changed value of parameter Method to 2
   Prev: -1  Min: -1  Max: 4  Default: -1
Changed value of parameter MIPFocus to 1
   Prev: 0  Min: 0  Max: 3  Default: 0
Optimize a model with 4096 rows, 5994 columns and 11988 nonzeros
Variable types: 0 continuous, 5994 integer (5994 binary)
Coefficient statistics:
  Matrix range     [1e+00, 5e+00]
  Objective range  [1e+00, 1e+00]
  Bounds range     [1e+00, 1e+00]
  RHS range        [8e+01, 8e+01]
Found heuristic solution: objective 0
Presolve removed 4035 rows and 4204 columns
Presolve time: 0.01s
Presolved: 61 rows, 1790 columns, 2793 nonzeros
Found heuristic solution: objective -1732.949000
Variable types: 0 continuous, 1790 integer (1746 binary)
Presolved: 61 rows, 1790 columns, 2793 nonzeros

Root barrier log...

Ordering time: 0.00s

Barrier statistics:
 AA' NZ     : 8.670e+02
 Factor NZ  : 1.891e+03 (roughly 1 MByte of memory)
 Factor Ops : 7.753e+04 (less than 1 second per iteration)
 Threads    : 1

                  Objective                Residual
Iter       Primal          Dual         Primal    Dual     Compl     Time
   0  -3.32174106e+03 -3.26001653e+03  1.40e+01 4.44e-16  1.08e+00     0s
   1  -1.94628569e+03 -2.38159064e+03  1.77e+00 7.98e-02  2.30e-01     0s
   2  -1.84973774e+03 -1.94996802e+03  3.69e-01 7.74e-03  4.61e-02     0s
   3  -1.84179191e+03 -1.86140948e+03  4.08e-02 2.66e-15  7.39e-03     0s
   4  -1.84422355e+03 -1.85092341e+03  5.54e-03 1.78e-15  2.11e-03     0s
   5  -1.84496247e+03 -1.84810068e+03  2.98e-03 1.78e-15  1.01e-03     0s
   6  -1.84554439e+03 -1.84705682e+03  1.34e-03 1.78e-15  4.82e-04     0s
   7  -1.84581562e+03 -1.84653521e+03  6.32e-04 1.78e-15  2.29e-04     0s
   8  -1.84594121e+03 -1.84633877e+03  3.40e-04 1.78e-15  1.26e-04     0s
   9  -1.84602007e+03 -1.84620878e+03  1.68e-04 1.78e-15  6.03e-05     0s
  10  -1.84609585e+03 -1.84613637e+03  1.94e-05 1.78e-15  1.21e-05     0s
  11  -1.84610747e+03 -1.84611035e+03  1.90e-06 1.78e-15  8.92e-07     0s
  12  -1.84610890e+03 -1.84610890e+03  0.00e+00 1.78e-15  9.65e-10     0s

Barrier solved model in 12 iterations and 0.02 seconds
Optimal objective -1.84610890e+03


Root relaxation: objective -1.846109e+03, 33 iterations, 0.01 seconds

    Nodes    |    Current Node    |     Objective Bounds      |     Work
 Expl Unexpl |  Obj  Depth IntInf | Incumbent    BestBd   Gap | It/Node Time

     0     0 -1846.1089    0   34 -1732.9490 -1846.1089  6.53%     -    0s
H    0     0                    -1836.526000 -1846.1089  0.52%     -    0s

Explored 0 nodes (35 simplex iterations) in 0.03 seconds
Thread count was 20 (of 20 available processors)

Solution count 3: -1836.53 -1732.95 -174.185 
Pool objective bound -1846.11

Optimal solution found (tolerance 5.00e-02)
Best objective -1.836526000000e+03, best bound -1.846108900000e+03, gap 0.5218%
Changed value of parameter MIPGap to 0.05
   Prev: 0.0001  Min: 0.0  Max: 1e+100  Default: 0.0001
Changed value of parameter TimeLimit to 1800.0
   Prev: 1e+100  Min: 0.0  Max: 1e+100  Default: 1e+100
Changed value of parameter Method to 2
   Prev: -1  Min: -1  Max: 4  Default: -1
Changed value of parameter MIPFocus to 1
   Prev: 0  Min: 0  Max: 3  Default: 0
Optimize a model with 4096 rows, 5994 columns and 11988 nonzeros
Variable types: 0 continuous, 5994 integer (5994 binary)
Coefficient statistics:
  Matrix range     [1e+00, 5e+00]
  Objective range  [1e+00, 2e+00]
  Bounds range     [1e+00, 1e+00]
  RHS range        [8e+01, 8e+01]
Found heuristic solution: objective 0
Presolve removed 4035 rows and 4204 columns
Presolve time: 0.01s
Presolved: 61 rows, 1790 columns, 2793 nonzeros
Found heuristic solution: objective -1862.898000
Variable types: 0 continuous, 1790 integer (1746 binary)
Presolved: 61 rows, 1790 columns, 2793 nonzeros

Root barrier log...

Ordering time: 0.00s

Barrier statistics:
 AA' NZ     : 8.670e+02
 Factor NZ  : 1.891e+03 (roughly 1 MByte of memory)
 Factor Ops : 7.753e+04 (less than 1 second per iteration)
 Threads    : 1

                  Objective                Residual
Iter       Primal          Dual         Primal    Dual     Compl     Time
   0  -3.52906274e+03 -3.58213703e+03  1.40e+01 8.88e-16  1.22e+00     0s
   1  -2.03170084e+03 -2.59681888e+03  1.52e+00 1.03e-01  2.59e-01     0s
   2  -1.92841230e+03 -2.06133303e+03  1.11e-01 6.74e-03  4.26e-02     0s
   3  -1.94526545e+03 -1.99089845e+03  6.04e-02 1.78e-15  1.57e-02     0s
   4  -1.95913109e+03 -1.97610251e+03  2.24e-02 1.78e-15  5.84e-03     0s
   5  -1.96288810e+03 -1.97200876e+03  1.28e-02 1.78e-15  3.17e-03     0s
   6  -1.96523216e+03 -1.97028378e+03  7.22e-03 1.78e-15  1.77e-03     0s
   7  -1.96658428e+03 -1.96932901e+03  4.08e-03 1.78e-15  9.68e-04     0s
   8  -1.96726978e+03 -1.96902311e+03  2.53e-03 1.78e-15  6.15e-04     0s
   9  -1.96779072e+03 -1.96873826e+03  1.42e-03 1.78e-15  3.35e-04     0s
  10  -1.96823002e+03 -1.96857774e+03  5.00e-04 1.78e-15  1.22e-04     0s
  11  -1.96834514e+03 -1.96850668e+03  2.80e-04 1.78e-15  5.92e-05     0s
  12  -1.96847490e+03 -1.96849839e+03  2.28e-05 1.78e-15  7.73e-06     0s
  13  -1.96849234e+03 -1.96849249e+03  6.40e-08 1.78e-15  4.45e-08     0s
  14  -1.96849240e+03 -1.96849240e+03  0.00e+00 1.78e-15  4.45e-11     0s

Barrier solved model in 14 iterations and 0.02 seconds
Optimal objective -1.96849240e+03


Root relaxation: objective -1.968492e+03, 30 iterations, 0.01 seconds

    Nodes    |    Current Node    |     Objective Bounds      |     Work
 Expl Unexpl |  Obj  Depth IntInf | Incumbent    BestBd   Gap | It/Node Time

     0     0 -1968.4924    0   35 -1862.8980 -1968.4924  5.67%     -    0s
H    0     0                    -1957.984000 -1968.4924  0.54%     -    0s

Explored 0 nodes (32 simplex iterations) in 0.03 seconds
Thread count was 20 (of 20 available processors)

Solution count 3: -1957.98 -1862.9 -186.37 
Pool objective bound -1968.49

Optimal solution found (tolerance 5.00e-02)
Best objective -1.957984000000e+03, best bound -1.968492400000e+03, gap 0.5367%
Changed value of parameter MIPGap to 0.05
   Prev: 0.0001  Min: 0.0  Max: 1e+100  Default: 0.0001
Changed value of parameter TimeLimit to 1800.0
   Prev: 1e+100  Min: 0.0  Max: 1e+100  Default: 1e+100
Changed value of parameter Method to 2
   Prev: -1  Min: -1  Max: 4  Default: -1
Changed value of parameter MIPFocus to 1
   Prev: 0  Min: 0  Max: 3  Default: 0
Optimize a model with 4096 rows, 5994 columns and 11988 nonzeros
Variable types: 0 continuous, 5994 integer (5994 binary)
Coefficient statistics:
  Matrix range     [1e+00, 5e+00]
  Objective range  [1e+00, 3e+00]
  Bounds range     [1e+00, 1e+00]
  RHS range        [8e+01, 8e+01]
Found heuristic solution: objective 0
Presolve removed 4035 rows and 4204 columns
Presolve time: 0.01s
Presolved: 61 rows, 1790 columns, 2793 nonzeros
Found heuristic solution: objective -2124.396000
Variable types: 0 continuous, 1790 integer (1746 binary)
Presolved: 61 rows, 1790 columns, 2793 nonzeros

Root barrier log...

Ordering time: 0.00s

Barrier statistics:
 AA' NZ     : 8.670e+02
 Factor NZ  : 1.891e+03 (roughly 1 MByte of memory)
 Factor Ops : 7.753e+04 (less than 1 second per iteration)
 Threads    : 1

                  Objective                Residual
Iter       Primal          Dual         Primal    Dual     Compl     Time
   0  -3.94369502e+03 -4.27344702e+03  1.40e+01 8.88e-16  1.53e+00     0s
   1  -2.21844920e+03 -3.06849248e+03  1.12e+00 1.72e-01  3.26e-01     0s
   2  -2.17045256e+03 -2.33306255e+03  2.19e-01 1.31e-02  5.78e-02     0s
   3  -2.19996089e+03 -2.22745413e+03  5.64e-02 1.78e-15  1.08e-02     0s
   4  -2.20657428e+03 -2.21994477e+03  2.89e-02 1.78e-15  5.32e-03     0s
   5  -2.20884749e+03 -2.21708275e+03  2.01e-02 1.78e-15  3.40e-03     0s
   6  -2.21176408e+03 -2.21569792e+03  9.32e-03 1.78e-15  1.61e-03     0s
   7  -2.21286140e+03 -2.21506759e+03  5.33e-03 1.78e-15  9.09e-04     0s
   8  -2.21351461e+03 -2.21474952e+03  3.05e-03 1.78e-15  5.13e-04     0s
   9  -2.21385399e+03 -2.21463937e+03  1.89e-03 1.78e-15  3.24e-04     0s
  10  -2.21419436e+03 -2.21452030e+03  7.26e-04 1.78e-15  1.31e-04     0s
  11  -2.21436474e+03 -2.21447918e+03  1.97e-04 1.78e-15  4.29e-05     0s
  12  -2.21442737e+03 -2.21445476e+03  3.44e-05 1.78e-15  9.54e-06     0s
  13  -2.21443840e+03 -2.21444357e+03  9.65e-06 1.78e-15  1.99e-06     0s
  14  -2.21444293e+03 -2.21444312e+03  6.31e-08 1.78e-15  5.94e-08     0s
  15  -2.21444308e+03 -2.21444308e+03  1.31e-12 1.78e-15  2.77e-11     0s

Barrier solved model in 15 iterations and 0.02 seconds
Optimal objective -2.21444308e+03


Root relaxation: objective -2.214443e+03, 28 iterations, 0.01 seconds

    Nodes    |    Current Node    |     Objective Bounds      |     Work
 Expl Unexpl |  Obj  Depth IntInf | Incumbent    BestBd   Gap | It/Node Time

     0     0 -2214.4431    0   36 -2124.3960 -2214.4431  4.24%     -    0s

Explored 0 nodes (29 simplex iterations) in 0.03 seconds
Thread count was 20 (of 20 available processors)

Solution count 2: -2124.4 -210.74 
Pool objective bound -2214.44

Optimal solution found (tolerance 5.00e-02)
Best objective -2.124396000000e+03, best bound -2.214443080000e+03, gap 4.2387%
Changed value of parameter MIPGap to 0.05
   Prev: 0.0001  Min: 0.0  Max: 1e+100  Default: 0.0001
Changed value of parameter TimeLimit to 1800.0
   Prev: 1e+100  Min: 0.0  Max: 1e+100  Default: 1e+100
Changed value of parameter Method to 2
   Prev: -1  Min: -1  Max: 4  Default: -1
Changed value of parameter MIPFocus to 1
   Prev: 0  Min: 0  Max: 3  Default: 0
Optimize a model with 4096 rows, 5994 columns and 11988 nonzeros
Variable types: 0 continuous, 5994 integer (5994 binary)
Coefficient statistics:
  Matrix range     [1e+00, 5e+00]
  Objective range  [1e+00, 5e+00]
  Bounds range     [1e+00, 1e+00]
  RHS range        [8e+01, 8e+01]
Found heuristic solution: objective 0
Presolve removed 4035 rows and 4204 columns
Presolve time: 0.01s
Presolved: 61 rows, 1790 columns, 2793 nonzeros
Found heuristic solution: objective -2647.792000
Variable types: 0 continuous, 1790 integer (1746 binary)
Presolved: 61 rows, 1790 columns, 2793 nonzeros

Root barrier log...

Ordering time: 0.00s

Barrier statistics:
 AA' NZ     : 8.670e+02
 Factor NZ  : 1.891e+03 (roughly 1 MByte of memory)
 Factor Ops : 7.753e+04 (less than 1 second per iteration)
 Threads    : 1

                  Objective                Residual
Iter       Primal          Dual         Primal    Dual     Compl     Time
   0  -4.77219159e+03 -5.65606699e+03  1.40e+01 8.88e-16  2.16e+00     0s
   1  -2.64582694e+03 -4.03080082e+03  6.65e-01 3.22e-01  4.58e-01     0s
   2  -2.66518845e+03 -2.99152233e+03  2.10e-01 5.36e-02  1.06e-01     0s
   3  -2.69891463e+03 -2.81180896e+03  1.16e-01 1.78e-15  3.93e-02     0s
   4  -2.75531163e+03 -2.78555879e+03  6.79e-03 1.78e-15  8.81e-03     0s
   5  -2.76013289e+03 -2.77012038e+03  2.91e-03 1.78e-15  2.96e-03     0s
   6  -2.76308237e+03 -2.76645637e+03  9.41e-04 1.78e-15  9.98e-04     0s
   7  -2.76416744e+03 -2.76536392e+03  2.93e-04 1.78e-15  3.51e-04     0s
   8  -2.76454550e+03 -2.76491784e+03  8.25e-05 1.78e-15  1.09e-04     0s
   9  -2.76467939e+03 -2.76475306e+03  1.44e-05 1.78e-15  2.14e-05     0s
  10  -2.76471180e+03 -2.76471291e+03  6.71e-08 1.78e-15  3.11e-07     0s
  11  -2.76471240e+03 -2.76471240e+03  6.83e-13 1.78e-15  5.62e-12     0s

Barrier solved model in 11 iterations and 0.02 seconds
Optimal objective -2.76471240e+03


Root relaxation: objective -2.764712e+03, 18 iterations, 0.01 seconds

    Nodes    |    Current Node    |     Objective Bounds      |     Work
 Expl Unexpl |  Obj  Depth IntInf | Incumbent    BestBd   Gap | It/Node Time

     0     0 -2764.7124    0   44 -2647.7920 -2764.7124  4.42%     -    0s

Explored 0 nodes (21 simplex iterations) in 0.03 seconds
Thread count was 20 (of 20 available processors)

Solution count 2: -2647.79 -259.48 
Pool objective bound -2764.71

Optimal solution found (tolerance 5.00e-02)
Best objective -2.647792000000e+03, best bound -2.764712400000e+03, gap 4.4158%
Changed value of parameter MIPGap to 0.05
   Prev: 0.0001  Min: 0.0  Max: 1e+100  Default: 0.0001
Changed value of parameter TimeLimit to 1800.0
   Prev: 1e+100  Min: 0.0  Max: 1e+100  Default: 1e+100
Changed value of parameter Method to 2
   Prev: -1  Min: -1  Max: 4  Default: -1
Changed value of parameter MIPFocus to 1
   Prev: 0  Min: 0  Max: 3  Default: 0
Optimize a model with 4096 rows, 5994 columns and 11988 nonzeros
Variable types: 0 continuous, 5994 integer (5994 binary)
Coefficient statistics:
  Matrix range     [1e+00, 5e+00]
  Objective range  [1e+00, 6e+00]
  Bounds range     [1e+00, 1e+00]
  RHS range        [8e+01, 8e+01]
Found heuristic solution: objective 0
Presolve removed 4035 rows and 4204 columns
Presolve time: 0.01s
Presolved: 61 rows, 1790 columns, 2793 nonzeros
Found heuristic solution: objective -2909.490000
Variable types: 0 continuous, 1790 integer (1746 binary)
Presolved: 61 rows, 1790 columns, 2793 nonzeros

Root barrier log...

Ordering time: 0.00s

Barrier statistics:
 AA' NZ     : 8.670e+02
 Factor NZ  : 1.891e+03 (roughly 1 MByte of memory)
 Factor Ops : 7.753e+04 (less than 1 second per iteration)
 Threads    : 1

                  Objective                Residual
Iter       Primal          Dual         Primal    Dual     Compl     Time
   0  -5.18624934e+03 -6.34737698e+03  1.40e+01 1.33e-15  2.48e+00     0s
   1  -2.87379543e+03 -4.51657827e+03  5.31e-01 4.00e-01  5.23e-01     0s
   2  -2.92018444e+03 -3.37603438e+03  1.76e-01 8.19e-02  1.41e-01     0s
   3  -2.96807144e+03 -3.09877813e+03  9.00e-02 3.55e-15  4.31e-02     0s
   4  -3.03432299e+03 -3.07122568e+03  1.21e-02 1.78e-15  1.11e-02     0s
   5  -3.04317227e+03 -3.05772397e+03  5.05e-03 1.78e-15  4.40e-03     0s
   6  -3.04825020e+03 -3.05313003e+03  1.37e-03 1.78e-15  1.45e-03     0s
   7  -3.04959664e+03 -3.05117045e+03  4.97e-04 1.78e-15  4.73e-04     0s
   8  -3.05024093e+03 -3.05062964e+03  1.05e-04 1.78e-15  1.16e-04     0s
   9  -3.05041923e+03 -3.05046012e+03  9.25e-06 1.78e-15  1.20e-05     0s
  10  -3.05043887e+03 -3.05043942e+03  0.00e+00 2.66e-15  1.51e-07     0s
  11  -3.05043900e+03 -3.05043900e+03  0.00e+00 2.66e-15  2.07e-11     0s

Barrier solved model in 11 iterations and 0.02 seconds
Optimal objective -3.05043900e+03


Root relaxation: objective -3.050439e+03, 18 iterations, 0.01 seconds

    Nodes    |    Current Node    |     Objective Bounds      |     Work
 Expl Unexpl |  Obj  Depth IntInf | Incumbent    BestBd   Gap | It/Node Time

     0     0 -3050.4390    0   38 -2909.4900 -3050.4390  4.84%     -    0s

Explored 0 nodes (30 simplex iterations) in 0.03 seconds
Thread count was 20 (of 20 available processors)

Solution count 2: -2909.49 -283.85 
Pool objective bound -3050.43

Optimal solution found (tolerance 5.00e-02)
Best objective -2.909490000000e+03, best bound -3.050430000000e+03, gap 4.8441%
Changed value of parameter MIPGap to 0.05
   Prev: 0.0001  Min: 0.0  Max: 1e+100  Default: 0.0001
Changed value of parameter TimeLimit to 1800.0
   Prev: 1e+100  Min: 0.0  Max: 1e+100  Default: 1e+100
Changed value of parameter Method to 2
   Prev: -1  Min: -1  Max: 4  Default: -1
Changed value of parameter MIPFocus to 1
   Prev: 0  Min: 0  Max: 3  Default: 0
Optimize a model with 4096 rows, 5994 columns and 11988 nonzeros
Variable types: 0 continuous, 5994 integer (5994 binary)
Coefficient statistics:
  Matrix range     [1e+00, 5e+00]
  Objective range  [1e+00, 1e+01]
  Bounds range     [1e+00, 1e+00]
  RHS range        [8e+01, 8e+01]
Found heuristic solution: objective 0
Presolve removed 4035 rows and 4204 columns
Presolve time: 0.01s
Presolved: 61 rows, 1790 columns, 2793 nonzeros
Found heuristic solution: objective -4227.300000
Variable types: 0 continuous, 1790 integer (1746 binary)
Presolved: 61 rows, 1790 columns, 2793 nonzeros

Root barrier log...

Ordering time: 0.00s

Barrier statistics:
 AA' NZ     : 8.670e+02
 Factor NZ  : 1.891e+03 (roughly 1 MByte of memory)
 Factor Ops : 7.753e+04 (less than 1 second per iteration)
 Threads    : 1

                  Objective                Residual
Iter       Primal          Dual         Primal    Dual     Compl     Time
   0  -7.25581078e+03 -9.80392693e+03  1.41e+01 1.78e-15  4.05e+00     0s
   1  -4.07214757e+03 -6.94953372e+03  1.96e-01 8.08e-01  8.42e-01     0s
   2  -4.22438261e+03 -5.01372189e+03  5.19e-02 1.73e-01  2.25e-01     0s
   3  -4.33909932e+03 -4.65550429e+03  1.84e-02 3.55e-15  8.98e-02     0s
   4  -4.46896001e+03 -4.53145058e+03  2.84e-04 3.55e-15  1.73e-02     0s
   5  -4.48168305e+03 -4.50224281e+03  8.97e-05 3.55e-15  5.69e-03     0s
   6  -4.48692081e+03 -4.49500556e+03  2.89e-05 3.55e-15  2.24e-03     0s
   7  -4.48958776e+03 -4.49241051e+03  4.81e-06 2.66e-15  7.81e-04     0s
   8  -4.49087652e+03 -4.49155292e+03  0.00e+00 1.78e-15  1.86e-04     0s
   9  -4.49101293e+03 -4.49102665e+03  0.00e+00 5.33e-15  3.78e-06     0s
  10  -4.49101799e+03 -4.49101801e+03  0.00e+00 3.55e-15  3.78e-09     0s

Barrier solved model in 10 iterations and 0.02 seconds
Optimal objective -4.49101799e+03


Root relaxation: objective -4.491018e+03, 27 iterations, 0.01 seconds

    Nodes    |    Current Node    |     Objective Bounds      |     Work
 Expl Unexpl |  Obj  Depth IntInf | Incumbent    BestBd   Gap | It/Node Time

     0     0 -4491.0180    0   37 -4227.3000 -4491.0180  6.24%     -    0s
H    0     0                    -4477.320000 -4491.0180  0.31%     -    0s

Explored 0 nodes (34 simplex iterations) in 0.03 seconds
Thread count was 20 (of 20 available processors)

Solution count 3: -4477.32 -4227.3 -405.7 
Pool objective bound -4491

Optimal solution found (tolerance 5.00e-02)
Best objective -4.477320000000e+03, best bound -4.491000000000e+03, gap 0.3055%
Changed value of parameter MIPGap to 0.05
   Prev: 0.0001  Min: 0.0  Max: 1e+100  Default: 0.0001
Changed value of parameter TimeLimit to 1800.0
   Prev: 1e+100  Min: 0.0  Max: 1e+100  Default: 1e+100
Changed value of parameter Method to 2
   Prev: -1  Min: -1  Max: 4  Default: -1
Changed value of parameter MIPFocus to 1
   Prev: 0  Min: 0  Max: 3  Default: 0
Optimize a model with 4096 rows, 5994 columns and 11988 nonzeros
Variable types: 0 continuous, 5994 integer (5994 binary)
Coefficient statistics:
  Matrix range     [1e+00, 5e+00]
  Objective range  [1e+00, 2e+01]
  Bounds range     [1e+00, 1e+00]
  RHS range        [8e+01, 8e+01]
Found heuristic solution: objective 0
Presolve removed 4035 rows and 4204 columns
Presolve time: 0.01s
Presolved: 61 rows, 1790 columns, 2793 nonzeros
Found heuristic solution: objective -6847.760000
Variable types: 0 continuous, 1790 integer (1746 binary)
Presolved: 61 rows, 1790 columns, 2793 nonzeros

Root barrier log...

Ordering time: 0.00s

Barrier statistics:
 AA' NZ     : 8.670e+02
 Factor NZ  : 1.891e+03 (roughly 1 MByte of memory)
 Factor Ops : 7.753e+04 (less than 1 second per iteration)
 Threads    : 1

                  Objective                Residual
Iter       Primal          Dual         Primal    Dual     Compl     Time
   0  -1.13959096e+04 -1.79905379e+04  1.41e+01 4.44e-15  8.05e+00     0s
   1  -6.54877954e+03 -1.26155981e+04  1.90e-01 2.07e+00  1.77e+00     0s
   2  -6.93492532e+03 -8.46776630e+03  1.20e-02 4.37e-01  4.27e-01     0s
   3  -7.16506267e+03 -7.53968034e+03  2.18e-03 7.11e-15  1.04e-01     0s
   4  -7.33101258e+03 -7.43786635e+03  2.07e-04 5.33e-15  2.96e-02     0s
   5  -7.37064280e+03 -7.40671349e+03  1.24e-04 5.33e-15  9.99e-03     0s
   6  -7.38316476e+03 -7.39354914e+03  0.00e+00 7.11e-15  2.87e-03     0s
   7  -7.38611467e+03 -7.38925575e+03  0.00e+00 7.11e-15  8.70e-04     0s
   8  -7.38760858e+03 -7.38820227e+03  0.00e+00 5.33e-15  1.64e-04     0s
   9  -7.38795282e+03 -7.38796280e+03  0.00e+00 7.11e-15  2.76e-06     0s
  10  -7.38795999e+03 -7.38796000e+03  0.00e+00 7.11e-15  2.76e-09     0s

Barrier solved model in 10 iterations and 0.02 seconds
Optimal objective -7.38795999e+03


Root relaxation: objective -7.387960e+03, 29 iterations, 0.01 seconds

    Nodes    |    Current Node    |     Objective Bounds      |     Work
 Expl Unexpl |  Obj  Depth IntInf | Incumbent    BestBd   Gap | It/Node Time

     0     0 -7387.9600    0   30 -6847.7600 -7387.9600  7.89%     -    0s
H    0     0                    -7365.800000 -7387.9600  0.30%     -    0s

Explored 0 nodes (42 simplex iterations) in 0.03 seconds
Thread count was 20 (of 20 available processors)

Solution count 3: -7365.8 -6847.76 -649.4 
Pool objective bound -7387.96

Optimal solution found (tolerance 5.00e-02)
Best objective -7.365800000000e+03, best bound -7.387960000000e+03, gap 0.3008%
Changed value of parameter MIPGap to 0.05
   Prev: 0.0001  Min: 0.0  Max: 1e+100  Default: 0.0001
Changed value of parameter TimeLimit to 1800.0
   Prev: 1e+100  Min: 0.0  Max: 1e+100  Default: 1e+100
Changed value of parameter Method to 2
   Prev: -1  Min: -1  Max: 4  Default: -1
Changed value of parameter MIPFocus to 1
   Prev: 0  Min: 0  Max: 3  Default: 0
Optimize a model with 4096 rows, 5994 columns and 11988 nonzeros
Variable types: 0 continuous, 5994 integer (5994 binary)
Coefficient statistics:
  Matrix range     [1e+00, 5e+00]
  Objective range  [1e+00, 4e+01]
  Bounds range     [1e+00, 1e+00]
  RHS range        [8e+01, 8e+01]
Found heuristic solution: objective 0
Presolve removed 4035 rows and 4204 columns
Presolve time: 0.01s
Presolved: 61 rows, 1790 columns, 2793 nonzeros
Found heuristic solution: objective -12098.40000
Variable types: 0 continuous, 1790 integer (1746 binary)
Presolved: 61 rows, 1790 columns, 2793 nonzeros

Root barrier log...

Ordering time: 0.00s

Barrier statistics:
 AA' NZ     : 8.670e+02
 Factor NZ  : 1.891e+03 (roughly 1 MByte of memory)
 Factor Ops : 7.753e+04 (less than 1 second per iteration)
 Threads    : 1

                  Objective                Residual
Iter       Primal          Dual         Primal    Dual     Compl     Time
   0  -1.96755469e+04 -3.60146012e+04  1.41e+01 8.88e-15  1.72e+01     0s
   1  -1.14693793e+04 -2.49411715e+04  1.38e-01 5.21e+00  3.90e+00     0s
   2  -1.24753210e+04 -1.53717255e+04  0.00e+00 9.99e-01  7.99e-01     0s
   3  -1.28841679e+04 -1.34065873e+04  0.00e+00 1.42e-14  1.44e-01     0s
   4  -1.31312868e+04 -1.32584826e+04  0.00e+00 1.07e-14  3.50e-02     0s
   5  -1.31773692e+04 -1.32127131e+04  0.00e+00 1.42e-14  9.71e-03     0s
   6  -1.31887312e+04 -1.32000994e+04  0.00e+00 1.42e-14  3.12e-03     0s
   7  -1.31937736e+04 -1.31962071e+04  0.00e+00 7.11e-15  6.68e-04     0s
   8  -1.31943103e+04 -1.31946619e+04  0.00e+00 1.42e-14  9.66e-05     0s
   9  -1.31945390e+04 -1.31945408e+04  0.00e+00 1.42e-14  4.98e-07     0s
  10  -1.31945400e+04 -1.31945400e+04  0.00e+00 1.07e-14  4.98e-10     0s

Barrier solved model in 10 iterations and 0.02 seconds
Optimal objective -1.31945400e+04


Root relaxation: objective -1.319454e+04, 37 iterations, 0.01 seconds

    Nodes    |    Current Node    |     Objective Bounds      |     Work
 Expl Unexpl |  Obj  Depth IntInf | Incumbent    BestBd   Gap | It/Node Time

     0     0 -13194.540    0   25 -12098.400 -13194.540  9.06%     -    0s
H    0     0                    -13164.20000 -13194.540  0.23%     -    0s

Explored 0 nodes (37 simplex iterations) in 0.03 seconds
Thread count was 20 (of 20 available processors)

Solution count 3: -13164.2 -12098.4 -1136.8 
Pool objective bound -13194.5

Optimal solution found (tolerance 5.00e-02)
Best objective -1.316420000000e+04, best bound -1.319452000000e+04, gap 0.2303%
Changed value of parameter MIPGap to 0.05
   Prev: 0.0001  Min: 0.0  Max: 1e+100  Default: 0.0001
Changed value of parameter TimeLimit to 1800.0
   Prev: 1e+100  Min: 0.0  Max: 1e+100  Default: 1e+100
Changed value of parameter Method to 2
   Prev: -1  Min: -1  Max: 4  Default: -1
Changed value of parameter MIPFocus to 1
   Prev: 0  Min: 0  Max: 3  Default: 0
Optimize a model with 4096 rows, 5994 columns and 11988 nonzeros
Variable types: 0 continuous, 5994 integer (5994 binary)
Coefficient statistics:
  Matrix range     [1e+00, 5e+00]
  Objective range  [1e+00, 5e+01]
  Bounds range     [1e+00, 1e+00]
  RHS range        [8e+01, 8e+01]
Found heuristic solution: objective 0
Presolve removed 4035 rows and 4204 columns
Presolve time: 0.01s
Presolved: 61 rows, 1790 columns, 2793 nonzeros
Found heuristic solution: objective -14731.10000
Variable types: 0 continuous, 1790 integer (1746 binary)
Presolved: 61 rows, 1790 columns, 2793 nonzeros

Root barrier log...

Ordering time: 0.00s

Barrier statistics:
 AA' NZ     : 8.670e+02
 Factor NZ  : 1.891e+03 (roughly 1 MByte of memory)
 Factor Ops : 7.753e+04 (less than 1 second per iteration)
 Threads    : 1

                  Objective                Residual
Iter       Primal          Dual         Primal    Dual     Compl     Time
   0  -2.38149464e+04 -4.50266329e+04  1.41e+01 1.07e-14  2.17e+01     0s
   1  -1.39355633e+04 -3.11023650e+04  1.28e-01 6.79e+00  4.96e+00     0s
   2  -1.51914476e+04 -1.88477771e+04  0.00e+00 1.29e+00  1.01e+00     0s
   3  -1.57375167e+04 -1.63785841e+04  0.00e+00 1.42e-14  1.76e-01     0s
   4  -1.60674039e+04 -1.61646730e+04  0.00e+00 1.42e-14  2.67e-02     0s
   5  -1.60898189e+04 -1.61191223e+04  0.00e+00 1.42e-14  8.05e-03     0s
   6  -1.60976706e+04 -1.61047638e+04  0.00e+00 1.42e-14  1.95e-03     0s
   7  -1.60993858e+04 -1.61003640e+04  0.00e+00 1.42e-14  2.69e-04     0s
   8  -1.60998990e+04 -1.60999093e+04  0.00e+00 2.13e-14  2.83e-06     0s
   9  -1.60999000e+04 -1.60999000e+04  0.00e+00 1.42e-14  1.47e-11     0s

Barrier solved model in 9 iterations and 0.02 seconds
Optimal objective -1.60999000e+04


Root relaxation: objective -1.609990e+04, 37 iterations, 0.01 seconds

    Nodes    |    Current Node    |     Objective Bounds      |     Work
 Expl Unexpl |  Obj  Depth IntInf | Incumbent    BestBd   Gap | It/Node Time

     0     0 -16099.900    0   25 -14731.100 -16099.900  9.29%     -    0s
H    0     0                    -16065.50000 -16099.900  0.21%     -    0s

Explored 0 nodes (49 simplex iterations) in 0.04 seconds
Thread count was 20 (of 20 available processors)

Solution count 3: -16065.5 -14731.1 -1380.5 
Pool objective bound -16099.9

Optimal solution found (tolerance 5.00e-02)
Best objective -1.606550000000e+04, best bound -1.609990000000e+04, gap 0.2141%
Changed value of parameter MIPGap to 0.05
   Prev: 0.0001  Min: 0.0  Max: 1e+100  Default: 0.0001
Changed value of parameter TimeLimit to 1800.0
   Prev: 1e+100  Min: 0.0  Max: 1e+100  Default: 1e+100
Changed value of parameter Method to 2
   Prev: -1  Min: -1  Max: 4  Default: -1
Changed value of parameter MIPFocus to 1
   Prev: 0  Min: 0  Max: 3  Default: 0
Optimize a model with 4096 rows, 5994 columns and 11988 nonzeros
Variable types: 0 continuous, 5994 integer (5994 binary)
Coefficient statistics:
  Matrix range     [1e+00, 5e+00]
  Objective range  [1e+00, 1e+02]
  Bounds range     [1e+00, 1e+00]
  RHS range        [8e+01, 8e+01]
Found heuristic solution: objective 0
Presolve removed 4035 rows and 4204 columns
Presolve time: 0.01s
Presolved: 61 rows, 1790 columns, 2793 nonzeros
Found heuristic solution: objective -27894.60000
Variable types: 0 continuous, 1790 integer (1746 binary)
Presolved: 61 rows, 1790 columns, 2793 nonzeros

Root barrier log...

Ordering time: 0.00s

Barrier statistics:
 AA' NZ     : 8.670e+02
 Factor NZ  : 1.891e+03 (roughly 1 MByte of memory)
 Factor Ops : 7.753e+04 (less than 1 second per iteration)
 Threads    : 1

                  Objective                Residual
Iter       Primal          Dual         Primal    Dual     Compl     Time
   0  -4.45111829e+04 -9.00867911e+04  1.41e+01 2.31e-14  4.45e+01     0s
   1  -2.62776328e+04 -6.19042216e+04  1.09e-01 1.47e+01  1.03e+01     0s
   2  -2.87649759e+04 -3.64330515e+04  0.00e+00 2.83e+00  2.12e+00     0s
   3  -3.00381364e+04 -3.10378777e+04  0.00e+00 2.84e-14  2.75e-01     0s
   4  -3.04373861e+04 -3.07118023e+04  0.00e+00 2.84e-14  7.54e-02     0s
   5  -3.05396887e+04 -3.06617890e+04  0.00e+00 2.84e-14  3.36e-02     0s
   6  -3.05888202e+04 -3.06418784e+04  0.00e+00 2.84e-14  1.46e-02     0s
   7  -3.06158194e+04 -3.06344719e+04  0.00e+00 2.84e-14  5.13e-03     0s
   8  -3.06300366e+04 -3.06313665e+04  0.00e+00 2.84e-14  3.65e-04     0s
   9  -3.06309990e+04 -3.06310010e+04  0.00e+00 2.84e-14  5.54e-07     0s
  10  -3.06310000e+04 -3.06310000e+04  0.00e+00 2.84e-14  5.54e-10     0s

Barrier solved model in 10 iterations and 0.02 seconds
Optimal objective -3.06310000e+04


Root relaxation: objective -3.063100e+04, 39 iterations, 0.01 seconds

    Nodes    |    Current Node    |     Objective Bounds      |     Work
 Expl Unexpl |  Obj  Depth IntInf | Incumbent    BestBd   Gap | It/Node Time

     0     0 -30631.000    0   24 -27894.600 -30631.000  9.81%     -    0s
H    0     0                    -30566.60000 -30631.000  0.21%     -    0s

Explored 0 nodes (50 simplex iterations) in 0.03 seconds
Thread count was 20 (of 20 available processors)

Solution count 3: -30566.6 -27894.6 -2599 
Pool objective bound -30631

Optimal solution found (tolerance 5.00e-02)
Best objective -3.056660000000e+04, best bound -3.063100000000e+04, gap 0.2107%
Changed value of parameter MIPGap to 0.05
   Prev: 0.0001  Min: 0.0  Max: 1e+100  Default: 0.0001
Changed value of parameter TimeLimit to 1800.0
   Prev: 1e+100  Min: 0.0  Max: 1e+100  Default: 1e+100
Changed value of parameter Method to 2
   Prev: -1  Min: -1  Max: 4  Default: -1
Changed value of parameter MIPFocus to 1
   Prev: 0  Min: 0  Max: 3  Default: 0
Optimize a model with 4096 rows, 5994 columns and 11988 nonzeros
Variable types: 0 continuous, 5994 integer (5994 binary)
Coefficient statistics:
  Matrix range     [1e+00, 5e+00]
  Objective range  [1e+00, 2e+02]
  Bounds range     [1e+00, 1e+00]
  RHS range        [8e+01, 8e+01]
Found heuristic solution: objective 0
Presolve removed 4035 rows and 4204 columns
Presolve time: 0.01s
Presolved: 61 rows, 1790 columns, 2793 nonzeros
Found heuristic solution: objective -54181.00000
Variable types: 0 continuous, 1790 integer (1746 binary)
Presolved: 61 rows, 1790 columns, 2793 nonzeros

Root barrier log...

Ordering time: 0.00s

Barrier statistics:
 AA' NZ     : 8.670e+02
 Factor NZ  : 1.891e+03 (roughly 1 MByte of memory)
 Factor Ops : 7.753e+04 (less than 1 second per iteration)
 Threads    : 1

                  Objective                Residual
Iter       Primal          Dual         Primal    Dual     Compl     Time
   0  -8.59029303e+04 -1.80207108e+05  1.41e+01 4.97e-14  9.01e+01     0s
   1  -5.09726181e+04 -1.23504087e+05  9.95e-02 3.05e+01  2.09e+01     0s
   2  -5.61658808e+04 -7.15096712e+04  0.00e+00 5.83e+00  4.24e+00     0s
   3  -5.86715086e+04 -6.06912672e+04  0.00e+00 5.68e-14  5.55e-01     0s
   4  -5.93685124e+04 -5.99096208e+04  0.00e+00 5.68e-14  1.49e-01     0s
   5  -5.95447373e+04 -5.97720523e+04  0.00e+00 5.68e-14  6.25e-02     0s
   6  -5.96324812e+04 -5.97325358e+04  0.00e+00 2.84e-14  2.75e-02     0s
   7  -5.96798845e+04 -5.97078257e+04  0.00e+00 5.68e-14  7.68e-03     0s
   8  -5.96960437e+04 -5.96973712e+04  0.00e+00 5.68e-14  3.65e-04     0s
   9  -5.96969993e+04 -5.96970004e+04  0.00e+00 5.68e-14  3.05e-07     0s
  10  -5.96970000e+04 -5.96970000e+04  0.00e+00 5.68e-14  3.05e-10     0s

Barrier solved model in 10 iterations and 0.02 seconds
Optimal objective -5.96970000e+04


Root relaxation: objective -5.969700e+04, 32 iterations, 0.01 seconds

    Nodes    |    Current Node    |     Objective Bounds      |     Work
 Expl Unexpl |  Obj  Depth IntInf | Incumbent    BestBd   Gap | It/Node Time

     0     0 -59697.000    0   24 -54181.000 -59697.000  10.2%     -    0s
H    0     0                    -59590.40000 -59697.000  0.18%     -    0s

Explored 0 nodes (34 simplex iterations) in 0.03 seconds
Thread count was 20 (of 20 available processors)

Solution count 3: -59590.4 -54181 -5036 
Pool objective bound -59697

Optimal solution found (tolerance 5.00e-02)
Best objective -5.959040000000e+04, best bound -5.969700000000e+04, gap 0.1789%
Changed value of parameter MIPGap to 0.05
   Prev: 0.0001  Min: 0.0  Max: 1e+100  Default: 0.0001
Changed value of parameter TimeLimit to 1800.0
   Prev: 1e+100  Min: 0.0  Max: 1e+100  Default: 1e+100
Changed value of parameter Method to 2
   Prev: -1  Min: -1  Max: 4  Default: -1
Changed value of parameter MIPFocus to 1
   Prev: 0  Min: 0  Max: 3  Default: 0
Optimize a model with 4096 rows, 5994 columns and 11988 nonzeros
Variable types: 0 continuous, 5994 integer (5994 binary)
Coefficient statistics:
  Matrix range     [1e+00, 5e+00]
  Objective range  [2e+00, 5e+02]
  Bounds range     [1e+00, 1e+00]
  RHS range        [8e+01, 8e+01]
Found heuristic solution: objective 0
Presolve removed 4035 rows and 4204 columns
Presolve time: 0.01s
Presolved: 61 rows, 1790 columns, 2793 nonzeros
Found heuristic solution: objective -133141.0000
Variable types: 0 continuous, 1790 integer (1746 binary)
Presolved: 61 rows, 1790 columns, 2793 nonzeros

Root barrier log...

Ordering time: 0.00s

Barrier statistics:
 AA' NZ     : 8.670e+02
 Factor NZ  : 1.891e+03 (roughly 1 MByte of memory)
 Factor Ops : 7.753e+04 (less than 1 second per iteration)
 Threads    : 1

                  Objective                Residual
Iter       Primal          Dual         Primal    Dual     Compl     Time
   0  -2.10077616e+05 -4.50568057e+05  1.41e+01 1.14e-13  2.27e+02     0s
   1  -1.25065898e+05 -3.08300795e+05  9.39e-02 7.79e+01  5.27e+01     0s
   2  -1.38028369e+05 -1.76761890e+05  0.00e+00 1.49e+01  1.07e+01     0s
   3  -1.44580472e+05 -1.49527402e+05  0.00e+00 1.14e-13  1.36e+00     0s
   4  -1.46331066e+05 -1.47657693e+05  0.00e+00 1.14e-13  3.65e-01     0s
   5  -1.46651175e+05 -1.47181845e+05  0.00e+00 1.14e-13  1.46e-01     0s
   6  -1.46785026e+05 -1.46997604e+05  0.00e+00 1.14e-13  5.84e-02     0s
   7  -1.46874476e+05 -1.46932635e+05  0.00e+00 1.14e-13  1.60e-02     0s
   8  -1.46894523e+05 -1.46904161e+05  0.00e+00 1.14e-13  2.65e-03     0s
   9  -1.46900475e+05 -1.46900508e+05  0.00e+00 1.71e-13  8.93e-06     0s
  10  -1.46900500e+05 -1.46900500e+05  0.00e+00 2.27e-13  8.93e-09     0s

Barrier solved model in 10 iterations and 0.02 seconds
Optimal objective -1.46900500e+05


Root relaxation: objective -1.469005e+05, 39 iterations, 0.01 seconds

    Nodes    |    Current Node    |     Objective Bounds      |     Work
 Expl Unexpl |  Obj  Depth IntInf | Incumbent    BestBd   Gap | It/Node Time

     0     0 -146900.50    0   23 -133141.00 -146900.50  10.3%     -    0s
H    0     0                    -146635.0000 -146900.50  0.18%     -    0s

Explored 0 nodes (45 simplex iterations) in 0.03 seconds
Thread count was 20 (of 20 available processors)

Solution count 3: -146635 -133141 -12347 
Pool objective bound -146900

Optimal solution found (tolerance 5.00e-02)
Best objective -1.466350000000e+05, best bound -1.469000000000e+05, gap 0.1807%
Changed value of parameter MIPGap to 0.05
   Prev: 0.0001  Min: 0.0  Max: 1e+100  Default: 0.0001
Changed value of parameter TimeLimit to 1800.0
   Prev: 1e+100  Min: 0.0  Max: 1e+100  Default: 1e+100
Changed value of parameter Method to 2
   Prev: -1  Min: -1  Max: 4  Default: -1
Changed value of parameter MIPFocus to 1
   Prev: 0  Min: 0  Max: 3  Default: 0
Optimize a model with 4096 rows, 5994 columns and 11988 nonzeros
Variable types: 0 continuous, 5994 integer (5994 binary)
Coefficient statistics:
  Matrix range     [1e+00, 5e+00]
  Objective range  [1e+01, 5e+03]
  Bounds range     [1e+00, 1e+00]
  RHS range        [8e+01, 8e+01]
Found heuristic solution: objective 0
Presolve removed 4035 rows and 4204 columns
Presolve time: 0.01s
Presolved: 61 rows, 1790 columns, 2793 nonzeros
Found heuristic solution: objective -1318388.000
Variable types: 0 continuous, 1790 integer (1746 binary)
Presolved: 61 rows, 1790 columns, 2793 nonzeros

Root barrier log...

Ordering time: 0.00s

Barrier statistics:
 AA' NZ     : 8.670e+02
 Factor NZ  : 1.891e+03 (roughly 1 MByte of memory)
 Factor Ops : 7.753e+04 (less than 1 second per iteration)
 Threads    : 1

                  Objective                Residual
Iter       Primal          Dual         Primal    Dual     Compl     Time
   0  -2.07269593e+06 -4.50598230e+06  1.41e+01 9.09e-13  2.28e+03     0s
   1  -1.23649449e+06 -3.08024168e+06  9.05e-02 7.89e+02  5.30e+02     0s
   2  -1.37200411e+06 -1.75213946e+06  0.00e+00 1.48e+02  1.05e+02     0s
   3  -1.43320940e+06 -1.48244898e+06  0.00e+00 1.14e-12  1.35e+01     0s
   4  -1.44954486e+06 -1.46253695e+06  0.00e+00 9.09e-13  3.57e+00     0s
   5  -1.45260643e+06 -1.45803088e+06  0.00e+00 9.09e-13  1.49e+00     0s
   6  -1.45390765e+06 -1.45668650e+06  0.00e+00 4.48e-01  7.64e-01     0s
   7  -1.45464140e+06 -1.45564879e+06  0.00e+00 9.09e-13  2.77e-01     0s
   8  -1.45491702e+06 -1.45508598e+06  0.00e+00 1.82e-12  4.64e-02     0s
   9  -1.45496416e+06 -1.45498759e+06  0.00e+00 1.82e-12  6.44e-03     0s
  10  -1.45496934e+06 -1.45496970e+06  0.00e+00 1.36e-12  9.84e-05     0s
  11  -1.45496950e+06 -1.45496950e+06  0.00e+00 1.82e-12  6.32e-09     0s

Barrier solved model in 11 iterations and 0.02 seconds
Optimal objective -1.45496950e+06


Root relaxation: objective -1.454970e+06, 36 iterations, 0.01 seconds

    Nodes    |    Current Node    |     Objective Bounds      |     Work
 Expl Unexpl |  Obj  Depth IntInf | Incumbent    BestBd   Gap | It/Node Time

     0     0 -1454969.5    0   23 -1318388.0 -1454969.5  10.4%     -    0s
H    0     0                    -1452373.000 -1454969.5  0.18%     -    0s

Explored 0 nodes (40 simplex iterations) in 0.03 seconds
Thread count was 20 (of 20 available processors)

Solution count 3: -1.45237e+06 -1.31839e+06 -122012 
Pool objective bound -1.45497e+06

Optimal solution found (tolerance 5.00e-02)
Best objective -1.452373000000e+06, best bound -1.454969000000e+06, gap 0.1787%
