Changed value of parameter MIPGap to 0.05
   Prev: 0.0001  Min: 0.0  Max: 1e+100  Default: 0.0001
Changed value of parameter TimeLimit to 1800.0
   Prev: 1e+100  Min: 0.0  Max: 1e+100  Default: 1e+100
Changed value of parameter Method to 2
   Prev: -1  Min: -1  Max: 4  Default: -1
Changed value of parameter MIPFocus to 1
   Prev: 0  Min: 0  Max: 3  Default: 0
Optimize a model with 22032 rows, 32748 columns and 65496 nonzeros
Variable types: 0 continuous, 32748 integer (32748 binary)
Coefficient statistics:
  Matrix range     [1e+00, 5e+00]
  Objective range  [1e+00, 1e+00]
  Bounds range     [1e+00, 1e+00]
  RHS range        [8e+01, 8e+01]
Found heuristic solution: objective 0
Presolve removed 21832 rows and 23055 columns
Presolve time: 0.10s
Presolved: 200 rows, 9693 columns, 19386 nonzeros
Variable types: 0 continuous, 9693 integer (8470 binary)
Presolved: 200 rows, 9693 columns, 19386 nonzeros

Root barrier log...

Ordering time: 0.00s

Barrier statistics:
 AA' NZ     : 9.406e+03
 Factor NZ  : 1.908e+04 (roughly 4 MBytes of memory)
 Factor Ops : 2.416e+06 (less than 1 second per iteration)
 Threads    : 1

                  Objective                Residual
Iter       Primal          Dual         Primal    Dual     Compl     Time
   0  -1.98172182e+04 -1.01171105e+04  6.08e+01 2.22e-16  1.26e+00     0s
   1  -3.68332016e+03 -7.13722167e+03  0.00e+00 1.78e-15  1.76e-01     0s
   2  -3.97426510e+03 -4.14830636e+03  0.00e+00 1.78e-15  8.89e-03     0s
   3  -3.99996672e+03 -4.00015481e+03  0.00e+00 1.78e-15  9.60e-06     0s
   4  -3.99999997e+03 -4.00000015e+03  0.00e+00 1.78e-15  9.60e-09     0s
   5  -4.00000000e+03 -4.00000000e+03  4.89e-15 1.78e-15  9.72e-15     0s

Barrier solved model in 5 iterations and 0.22 seconds
Optimal objective -4.00000000e+03


Root relaxation: objective -4.000000e+03, 8375 iterations, 0.14 seconds

    Nodes    |    Current Node    |     Objective Bounds      |     Work
 Expl Unexpl |  Obj  Depth IntInf | Incumbent    BestBd   Gap | It/Node Time

*    0     0               0    -4000.000000 -4000.0000  0.00%     -    0s

Explored 0 nodes (8375 simplex iterations) in 0.31 seconds
Thread count was 20 (of 20 available processors)

Solution count 2: -4000 0 
Pool objective bound -4000

Optimal solution found (tolerance 5.00e-02)
Best objective -4.000000000000e+03, best bound -4.000000000000e+03, gap 0.0000%
(0, 3729.0)
(1, 3731.0)
(2, 3731.0)
(3, 3725.0)
(4, 3728.0)
(5, 3729.0)
(6, 3718.0)
(7, 3730.0)
(8, 3718.0)
(9, 3721.0)
(10, 3728.0)
(11, 3727.0)
(12, 3716.0)
(13, 3726.0)
(14, 3737.0)
(15, 3731.0)
(16, 3725.0)
(17, 3731.0)
(18, 3727.0)
(19, 3731.0)
(20, 3720.0)
(21, 3731.0)
(22, 3722.0)
(23, 3731.0)
(24, 3732.0)
(25, 3736.0)
(26, 3733.0)
(27, 3727.0)
(28, 3726.0)
(29, 3736.0)
(30, 3742.0)
(31, 3738.0)
(32, 3743.0)
(33, 3734.0)
(34, 3734.0)
(35, 3728.0)
(36, 3735.0)
(37, 3738.0)
(38, 3735.0)
(39, 3738.0)
(0, 3724.0)
(1, 3724.0)
(2, 3736.0)
(3, 3731.0)
(4, 3731.0)
(5, 3722.0)
(6, 3735.0)
(7, 3729.0)
(8, 3725.0)
(9, 3737.0)
(10, 3722.0)
(11, 3735.0)
(12, 3736.0)
(13, 3721.0)
(14, 3728.0)
(15, 3722.0)
(16, 3739.0)
(17, 3729.0)
(18, 3729.0)
(19, 3739.0)
(20, 3727.0)
(21, 3740.0)
(22, 3738.0)
(23, 3731.0)
(24, 3724.0)
(25, 3739.0)
(26, 3725.0)
(27, 3728.0)
(28, 3732.0)
(29, 3728.0)
(30, 3724.0)
(31, 3724.0)
(32, 3741.0)
(33, 3736.0)
(34, 3729.0)
(35, 3730.0)
(36, 3733.0)
(37, 3733.0)
(38, 3722.0)
(39, 3734.0)
Changed value of parameter MIPGap to 0.05
   Prev: 0.0001  Min: 0.0  Max: 1e+100  Default: 0.0001
Changed value of parameter TimeLimit to 1800.0
   Prev: 1e+100  Min: 0.0  Max: 1e+100  Default: 1e+100
Changed value of parameter Method to 2
   Prev: -1  Min: -1  Max: 4  Default: -1
Changed value of parameter MIPFocus to 1
   Prev: 0  Min: 0  Max: 3  Default: 0
Optimize a model with 22032 rows, 32748 columns and 65496 nonzeros
Variable types: 0 continuous, 32748 integer (32748 binary)
Coefficient statistics:
  Matrix range     [1e+00, 5e+00]
  Objective range  [1e+00, 1e+00]
  Bounds range     [1e+00, 1e+00]
  RHS range        [8e+01, 8e+01]
Found heuristic solution: objective 0
Presolve removed 21832 rows and 23055 columns
Presolve time: 0.05s
Presolved: 200 rows, 9693 columns, 19386 nonzeros
Variable types: 0 continuous, 9693 integer (8470 binary)
Presolved: 200 rows, 9693 columns, 19386 nonzeros

Root barrier log...

Ordering time: 0.00s

Barrier statistics:
 AA' NZ     : 9.406e+03
 Factor NZ  : 1.908e+04 (roughly 4 MBytes of memory)
 Factor Ops : 2.416e+06 (less than 1 second per iteration)
 Threads    : 1

                  Objective                Residual
Iter       Primal          Dual         Primal    Dual     Compl     Time
   0  -1.98307665e+04 -1.01098772e+04  6.08e+01 2.22e-16  1.25e+00     0s
   1  -3.68588977e+03 -7.13438296e+03  0.00e+00 1.78e-15  1.76e-01     0s
   2  -3.97633427e+03 -4.15015804e+03  0.00e+00 1.78e-15  8.88e-03     0s
   3  -4.00196679e+03 -4.00215465e+03  0.00e+00 1.78e-15  9.59e-06     0s
   4  -4.00199997e+03 -4.00200015e+03  0.00e+00 2.66e-15  9.59e-09     0s
   5  -4.00200000e+03 -4.00200000e+03  5.71e-15 1.78e-15  9.78e-15     0s

Barrier solved model in 5 iterations and 0.08 seconds
Optimal objective -4.00200000e+03


Root relaxation: objective -4.002000e+03, 8375 iterations, 0.06 seconds

    Nodes    |    Current Node    |     Objective Bounds      |     Work
 Expl Unexpl |  Obj  Depth IntInf | Incumbent    BestBd   Gap | It/Node Time

*    0     0               0    -4002.000000 -4002.0000  0.00%     -    0s

Explored 0 nodes (8568 simplex iterations) in 0.14 seconds
Thread count was 20 (of 20 available processors)

Solution count 2: -4002 0 
Pool objective bound -4002

Optimal solution found (tolerance 5.00e-02)
Best objective -4.002000000000e+03, best bound -4.002000000000e+03, gap 0.0000%
(0, 3729.8640000002652)
(1, 3723.8610000002645)
(2, 3721.8600000002643)
(3, 3722.8605000002644)
(4, 3725.8620000002647)
(5, 3723.8610000002645)
(6, 3715.8570000002637)
(7, 3717.8580000002639)
(8, 3725.8620000002647)
(9, 3718.858500000264)
(10, 3732.8655000002655)
(11, 3722.8605000002644)
(12, 3715.8570000002637)
(13, 3727.8630000002649)
(14, 3727.8630000002649)
(15, 3721.8600000002643)
(16, 3722.8605000002644)
(17, 3718.858500000264)
(18, 3714.8565000002636)
(19, 3731.8650000002654)
(20, 3717.8580000002639)
(21, 3723.8610000002645)
(22, 3724.8615000002646)
(23, 3718.858500000264)
(24, 3722.8605000002644)
(25, 3723.8610000002645)
(26, 3721.8600000002643)
(27, 3727.8630000002649)
(28, 3720.8595000002642)
(29, 3718.858500000264)
(30, 3736.8675000002659)
(31, 3724.8615000002646)
(32, 3729.8640000002652)
(33, 3719.8590000002641)
(34, 3716.8575000002638)
(35, 3720.8595000002642)
(36, 3720.8595000002642)
(37, 3720.8595000002642)
(38, 3728.863500000265)
(39, 3727.8630000002649)
(0, 3725.8620000002647)
(1, 3726.8625000002648)
(2, 3712.8555000002634)
(3, 3726.8625000002648)
(4, 3728.863500000265)
(5, 3729.8640000002652)
(6, 3717.8580000002639)
(7, 3727.8630000002649)
(8, 3721.8600000002643)
(9, 3719.8590000002641)
(10, 3724.8615000002646)
(11, 3719.8590000002641)
(12, 3725.8620000002647)
(13, 3731.8650000002654)
(14, 3727.8630000002649)
(15, 3724.8615000002646)
(16, 3727.8630000002649)
(17, 3717.8580000002639)
(18, 3733.8660000002656)
(19, 3723.8610000002645)
(20, 3723.8610000002645)
(21, 3721.8600000002643)
(22, 3726.8625000002648)
(23, 3721.8600000002643)
(24, 3729.8640000002652)
(25, 3720.8595000002642)
(26, 3733.8660000002656)
(27, 3723.8610000002645)
(28, 3722.8605000002644)
(29, 3725.8620000002647)
(30, 3719.8590000002641)
(31, 3728.863500000265)
(32, 3720.8595000002642)
(33, 3720.8595000002642)
(34, 3735.8670000002658)
(35, 3727.8630000002649)
(36, 3725.8620000002647)
(37, 3732.8655000002655)
(38, 3730.8645000002653)
(39, 3709.8540000002631)
Changed value of parameter MIPGap to 0.05
   Prev: 0.0001  Min: 0.0  Max: 1e+100  Default: 0.0001
Changed value of parameter TimeLimit to 1800.0
   Prev: 1e+100  Min: 0.0  Max: 1e+100  Default: 1e+100
Changed value of parameter Method to 2
   Prev: -1  Min: -1  Max: 4  Default: -1
Changed value of parameter MIPFocus to 1
   Prev: 0  Min: 0  Max: 3  Default: 0
Optimize a model with 22032 rows, 32748 columns and 65496 nonzeros
Variable types: 0 continuous, 32748 integer (32748 binary)
Coefficient statistics:
  Matrix range     [1e+00, 5e+00]
  Objective range  [1e+00, 1e+00]
  Bounds range     [1e+00, 1e+00]
  RHS range        [8e+01, 8e+01]
Found heuristic solution: objective 0
Presolve removed 21832 rows and 23055 columns
Presolve time: 0.05s
Presolved: 200 rows, 9693 columns, 19386 nonzeros
Variable types: 0 continuous, 9693 integer (8470 binary)
Presolved: 200 rows, 9693 columns, 19386 nonzeros

Root barrier log...

Ordering time: 0.00s

Barrier statistics:
 AA' NZ     : 9.406e+03
 Factor NZ  : 1.908e+04 (roughly 4 MBytes of memory)
 Factor Ops : 2.416e+06 (less than 1 second per iteration)
 Threads    : 1

                  Objective                Residual
Iter       Primal          Dual         Primal    Dual     Compl     Time
   0  -1.98443144e+04 -1.01026439e+04  6.08e+01 2.22e-16  1.25e+00     0s
   1  -3.68845968e+03 -7.13154425e+03  0.00e+00 1.78e-15  1.76e-01     0s
   2  -3.97840326e+03 -4.15200974e+03  0.00e+00 1.78e-15  8.86e-03     0s
   3  -4.00396686e+03 -4.00415450e+03  0.00e+00 1.78e-15  9.58e-06     0s
   4  -4.00399997e+03 -4.00400015e+03  0.00e+00 1.78e-15  9.58e-09     0s
   5  -4.00400000e+03 -4.00400000e+03  9.90e-15 2.66e-15  9.78e-15     0s

Barrier solved model in 5 iterations and 0.08 seconds
Optimal objective -4.00400000e+03


Root relaxation: objective -4.004000e+03, 8375 iterations, 0.06 seconds

    Nodes    |    Current Node    |     Objective Bounds      |     Work
 Expl Unexpl |  Obj  Depth IntInf | Incumbent    BestBd   Gap | It/Node Time

*    0     0               0    -4004.000000 -4004.0000  0.00%     -    0s

Explored 0 nodes (8417 simplex iterations) in 0.14 seconds
Thread count was 20 (of 20 available processors)

Solution count 2: -4004 0 
Pool objective bound -4004

Optimal solution found (tolerance 5.00e-02)
Best objective -4.004000000000e+03, best bound -4.004000000000e+03, gap 0.0000%
(0, 3722.7190000002997)
(1, 3713.7100000002979)
(2, 3711.7080000002975)
(3, 3722.7190000002997)
(4, 3718.7150000002989)
(5, 3722.7190000002997)
(6, 3709.7060000002971)
(7, 3720.7170000002993)
(8, 3728.725000000301)
(9, 3715.7120000002983)
(10, 3712.7090000002977)
(11, 3720.7170000002993)
(12, 3723.7200000002999)
(13, 3717.7140000002987)
(14, 3724.7210000003001)
(15, 3721.7180000002995)
(16, 3722.7190000002997)
(17, 3735.7320000003024)
(18, 3716.7130000002985)
(19, 3717.7140000002987)
(20, 3717.7140000002987)
(21, 3724.7210000003001)
(22, 3719.7160000002991)
(23, 3720.7170000002993)
(24, 3713.7100000002979)
(25, 3714.7110000002981)
(26, 3723.7200000002999)
(27, 3722.7190000002997)
(28, 3717.7140000002987)
(29, 3718.7150000002989)
(30, 3735.7320000003024)
(31, 3718.7150000002989)
(32, 3722.7190000002997)
(33, 3726.7230000003005)
(34, 3724.7210000003001)
(35, 3715.7120000002983)
(36, 3735.7320000003024)
(37, 3720.7170000002993)
(38, 3721.7180000002995)
(39, 3717.7140000002987)
(0, 3729.7260000003012)
(1, 3720.7170000002993)
(2, 3728.725000000301)
(3, 3724.7210000003001)
(4, 3714.7110000002981)
(5, 3717.7140000002987)
(6, 3727.7240000003007)
(7, 3720.7170000002993)
(8, 3729.7260000003012)
(9, 3726.7230000003005)
(10, 3713.7100000002979)
(11, 3726.7230000003005)
(12, 3721.7180000002995)
(13, 3709.7060000002971)
(14, 3728.725000000301)
(15, 3731.7280000003016)
(16, 3726.7230000003005)
(17, 3729.7260000003012)
(18, 3725.7220000003003)
(19, 3720.7170000002993)
(20, 3722.7190000002997)
(21, 3721.7180000002995)
(22, 3722.7190000002997)
(23, 3713.7100000002979)
(24, 3712.7090000002977)
(25, 3721.7180000002995)
(26, 3720.7170000002993)
(27, 3728.725000000301)
(28, 3716.7130000002985)
(29, 3707.7040000002967)
(30, 3721.7180000002995)
(31, 3710.7070000002973)
(32, 3728.725000000301)
(33, 3710.7070000002973)
(34, 3722.7190000002997)
(35, 3723.7200000002999)
(36, 3722.7190000002997)
(37, 3720.7170000002993)
(38, 3723.7200000002999)
(39, 3726.7230000003005)
Changed value of parameter MIPGap to 0.05
   Prev: 0.0001  Min: 0.0  Max: 1e+100  Default: 0.0001
Changed value of parameter TimeLimit to 1800.0
   Prev: 1e+100  Min: 0.0  Max: 1e+100  Default: 1e+100
Changed value of parameter Method to 2
   Prev: -1  Min: -1  Max: 4  Default: -1
Changed value of parameter MIPFocus to 1
   Prev: 0  Min: 0  Max: 3  Default: 0
Optimize a model with 22032 rows, 32748 columns and 65496 nonzeros
Variable types: 0 continuous, 32748 integer (32748 binary)
Coefficient statistics:
  Matrix range     [1e+00, 5e+00]
  Objective range  [1e+00, 1e+00]
  Bounds range     [1e+00, 1e+00]
  RHS range        [8e+01, 8e+01]
Found heuristic solution: objective 0
Presolve removed 21832 rows and 23055 columns
Presolve time: 0.05s
Presolved: 200 rows, 9693 columns, 19386 nonzeros
Variable types: 0 continuous, 9693 integer (8470 binary)
Presolved: 200 rows, 9693 columns, 19386 nonzeros

Root barrier log...

Ordering time: 0.00s

Barrier statistics:
 AA' NZ     : 9.406e+03
 Factor NZ  : 1.908e+04 (roughly 4 MBytes of memory)
 Factor Ops : 2.416e+06 (less than 1 second per iteration)
 Threads    : 1

                  Objective                Residual
Iter       Primal          Dual         Primal    Dual     Compl     Time
   0  -1.98714088e+04 -1.00881774e+04  6.08e+01 2.22e-16  1.25e+00     0s
   1  -3.69359971e+03 -7.12586672e+03  0.00e+00 1.78e-15  1.75e-01     0s
   2  -3.98254060e+03 -4.15571337e+03  0.00e+00 1.78e-15  8.84e-03     0s
   3  -4.00796699e+03 -4.00815418e+03  0.00e+00 1.78e-15  9.56e-06     0s
   4  -4.00799997e+03 -4.00800015e+03  0.00e+00 1.78e-15  9.56e-09     0s
   5  -4.00800000e+03 -4.00800000e+03  7.67e-15 1.78e-15  9.72e-15     0s

Barrier solved model in 5 iterations and 0.08 seconds
Optimal objective -4.00800000e+03


Root relaxation: objective -4.008000e+03, 8375 iterations, 0.06 seconds

    Nodes    |    Current Node    |     Objective Bounds      |     Work
 Expl Unexpl |  Obj  Depth IntInf | Incumbent    BestBd   Gap | It/Node Time

*    0     0               0    -4008.000000 -4008.0000  0.00%     -    0s

Explored 0 nodes (8509 simplex iterations) in 0.14 seconds
Thread count was 20 (of 20 available processors)

Solution count 2: -4008 0 
Pool objective bound -4008

Optimal solution found (tolerance 5.00e-02)
Best objective -4.008000000000e+03, best bound -4.008000000000e+03, gap 0.0000%
(0, 3720.4259999998521)
(1, 3722.429999999852)
(2, 3716.4179999998523)
(3, 3719.4239999998522)
(4, 3729.4439999998517)
(5, 3729.4439999998517)
(6, 3720.4259999998521)
(7, 3723.431999999852)
(8, 3732.4499999998516)
(9, 3735.4559999998514)
(10, 3727.4399999998518)
(11, 3725.4359999998519)
(12, 3728.4419999998518)
(13, 3719.4239999998522)
(14, 3728.4419999998518)
(15, 3727.4399999998518)
(16, 3727.4399999998518)
(17, 3705.3959999998528)
(18, 3725.4359999998519)
(19, 3720.4259999998521)
(20, 3722.429999999852)
(21, 3728.4419999998518)
(22, 3731.4479999998516)
(23, 3721.4279999998521)
(24, 3723.431999999852)
(25, 3723.431999999852)
(26, 3722.429999999852)
(27, 3715.4159999998524)
(28, 3733.4519999998515)
(29, 3728.4419999998518)
(30, 3727.4399999998518)
(31, 3725.4359999998519)
(32, 3723.431999999852)
(33, 3727.4399999998518)
(34, 3713.4119999998525)
(35, 3722.429999999852)
(36, 3715.4159999998524)
(37, 3727.4399999998518)
(38, 3725.4359999998519)
(39, 3717.4199999998523)
(0, 3720.4259999998521)
(1, 3719.4239999998522)
(2, 3716.4179999998523)
(3, 3726.4379999998519)
(4, 3730.4459999998517)
(5, 3725.4359999998519)
(6, 3725.4359999998519)
(7, 3714.4139999998524)
(8, 3717.4199999998523)
(9, 3720.4259999998521)
(10, 3718.4219999998522)
(11, 3724.4339999998519)
(12, 3727.4399999998518)
(13, 3722.429999999852)
(14, 3715.4159999998524)
(15, 3725.4359999998519)
(16, 3725.4359999998519)
(17, 3721.4279999998521)
(18, 3722.429999999852)
(19, 3722.429999999852)
(20, 3740.4659999998512)
(21, 3729.4439999998517)
(22, 3730.4459999998517)
(23, 3724.4339999998519)
(24, 3719.4239999998522)
(25, 3710.4059999998526)
(26, 3727.4399999998518)
(27, 3734.4539999998515)
(28, 3733.4519999998515)
(29, 3726.4379999998519)
(30, 3720.4259999998521)
(31, 3718.4219999998522)
(32, 3725.4359999998519)
(33, 3719.4239999998522)
(34, 3730.4459999998517)
(35, 3721.4279999998521)
(36, 3723.431999999852)
(37, 3734.4539999998515)
(38, 3713.4119999998525)
(39, 3724.4339999998519)
Changed value of parameter MIPGap to 0.05
   Prev: 0.0001  Min: 0.0  Max: 1e+100  Default: 0.0001
Changed value of parameter TimeLimit to 1800.0
   Prev: 1e+100  Min: 0.0  Max: 1e+100  Default: 1e+100
Changed value of parameter Method to 2
   Prev: -1  Min: -1  Max: 4  Default: -1
Changed value of parameter MIPFocus to 1
   Prev: 0  Min: 0  Max: 3  Default: 0
Optimize a model with 22032 rows, 32748 columns and 65496 nonzeros
Variable types: 0 continuous, 32748 integer (32748 binary)
Coefficient statistics:
  Matrix range     [1e+00, 5e+00]
  Objective range  [1e+00, 1e+00]
  Bounds range     [1e+00, 1e+00]
  RHS range        [8e+01, 8e+01]
Found heuristic solution: objective 0
Presolve removed 21832 rows and 23055 columns
Presolve time: 0.05s
Presolved: 200 rows, 9693 columns, 19386 nonzeros
Variable types: 0 continuous, 9693 integer (8470 binary)
Presolved: 200 rows, 9693 columns, 19386 nonzeros

Root barrier log...

Ordering time: 0.00s

Barrier statistics:
 AA' NZ     : 9.406e+03
 Factor NZ  : 1.908e+04 (roughly 4 MBytes of memory)
 Factor Ops : 2.416e+06 (less than 1 second per iteration)
 Threads    : 1

                  Objective                Residual
Iter       Primal          Dual         Primal    Dual     Compl     Time
   0  -1.99255922e+04 -1.00592442e+04  6.08e+01 2.22e-16  1.24e+00     0s
   1  -3.70388090e+03 -7.11451130e+03  0.00e+00 1.78e-15  1.74e-01     0s
   2  -3.99081278e+03 -4.16311989e+03  0.00e+00 1.78e-15  8.80e-03     0s
   3  -4.01596726e+03 -4.01615355e+03  0.00e+00 1.78e-15  9.51e-06     0s
   4  -4.01599997e+03 -4.01600015e+03  0.00e+00 2.66e-15  9.51e-09     0s
   5  -4.01600000e+03 -4.01600000e+03  5.38e-15 1.78e-15  9.69e-15     0s

Barrier solved model in 5 iterations and 0.08 seconds
Optimal objective -4.01600000e+03


Root relaxation: objective -4.016000e+03, 8375 iterations, 0.06 seconds

    Nodes    |    Current Node    |     Objective Bounds      |     Work
 Expl Unexpl |  Obj  Depth IntInf | Incumbent    BestBd   Gap | It/Node Time

*    0     0               0    -4016.000000 -4016.0000  0.00%     -    0s

Explored 0 nodes (8375 simplex iterations) in 0.13 seconds
Thread count was 20 (of 20 available processors)

Solution count 2: -4016 0 
Pool objective bound -4016

Optimal solution found (tolerance 5.00e-02)
Best objective -4.016000000000e+03, best bound -4.016000000000e+03, gap 0.0000%
(0, 3740.9039999997576)
(1, 3734.8799999997582)
(2, 3728.8559999997588)
(3, 3729.8599999997587)
(4, 3726.8479999997589)
(5, 3732.8719999997584)
(6, 3726.8479999997589)
(7, 3733.8759999997583)
(8, 3745.9239999997571)
(9, 3728.8559999997588)
(10, 3742.9119999997574)
(11, 3741.9079999997575)
(12, 3739.8999999997577)
(13, 3739.8999999997577)
(14, 3731.8679999997585)
(15, 3734.8799999997582)
(16, 3734.8799999997582)
(17, 3728.8559999997588)
(18, 3738.8959999997578)
(19, 3733.8759999997583)
(20, 3738.8959999997578)
(21, 3731.8679999997585)
(22, 3727.8519999997588)
(23, 3743.9159999997573)
(24, 3740.9039999997576)
(25, 3747.931999999757)
(26, 3728.8559999997588)
(27, 3732.8719999997584)
(28, 3747.931999999757)
(29, 3731.8679999997585)
(30, 3729.8599999997587)
(31, 3736.887999999758)
(32, 3739.8999999997577)
(33, 3727.8519999997588)
(34, 3739.8999999997577)
(35, 3723.8359999997592)
(36, 3734.8799999997582)
(37, 3739.8999999997577)
(38, 3727.8519999997588)
(39, 3727.8519999997588)
(0, 3739.8999999997577)
(1, 3732.8719999997584)
(2, 3739.8999999997577)
(3, 3737.8919999997579)
(4, 3737.8919999997579)
(5, 3732.8719999997584)
(6, 3726.8479999997589)
(7, 3733.8759999997583)
(8, 3733.8759999997583)
(9, 3732.8719999997584)
(10, 3734.8799999997582)
(11, 3721.8279999997594)
(12, 3739.8999999997577)
(13, 3737.8919999997579)
(14, 3725.843999999759)
(15, 3737.8919999997579)
(16, 3736.887999999758)
(17, 3736.887999999758)
(18, 3736.887999999758)
(19, 3727.8519999997588)
(20, 3736.887999999758)
(21, 3731.8679999997585)
(22, 3742.9119999997574)
(23, 3730.8639999997586)
(24, 3727.8519999997588)
(25, 3739.8999999997577)
(26, 3733.8759999997583)
(27, 3725.843999999759)
(28, 3740.9039999997576)
(29, 3721.8279999997594)
(30, 3739.8999999997577)
(31, 3734.8799999997582)
(32, 3735.8839999997581)
(33, 3726.8479999997589)
(34, 3735.8839999997581)
(35, 3735.8839999997581)
(36, 3727.8519999997588)
(37, 3735.8839999997581)
(38, 3731.8679999997585)
(39, 3728.8559999997588)
Changed value of parameter MIPGap to 0.05
   Prev: 0.0001  Min: 0.0  Max: 1e+100  Default: 0.0001
Changed value of parameter TimeLimit to 1800.0
   Prev: 1e+100  Min: 0.0  Max: 1e+100  Default: 1e+100
Changed value of parameter Method to 2
   Prev: -1  Min: -1  Max: 4  Default: -1
Changed value of parameter MIPFocus to 1
   Prev: 0  Min: 0  Max: 3  Default: 0
Optimize a model with 22032 rows, 32748 columns and 65496 nonzeros
Variable types: 0 continuous, 32748 integer (32748 binary)
Coefficient statistics:
  Matrix range     [1e+00, 5e+00]
  Objective range  [1e+00, 1e+00]
  Bounds range     [1e+00, 1e+00]
  RHS range        [8e+01, 8e+01]
Found heuristic solution: objective 0
Presolve removed 21832 rows and 23055 columns
Presolve time: 0.05s
Presolved: 200 rows, 9693 columns, 19386 nonzeros
Variable types: 0 continuous, 9693 integer (8470 binary)
Presolved: 200 rows, 9693 columns, 19386 nonzeros

Root barrier log...

Ordering time: 0.00s

Barrier statistics:
 AA' NZ     : 9.406e+03
 Factor NZ  : 1.908e+04 (roughly 4 MBytes of memory)
 Factor Ops : 2.416e+06 (less than 1 second per iteration)
 Threads    : 1

                  Objective                Residual
Iter       Primal          Dual         Primal    Dual     Compl     Time
   0  -1.99526812e+04 -1.00447776e+04  6.08e+01 2.22e-16  1.24e+00     0s
   1  -3.70902177e+03 -7.10883337e+03  0.00e+00 1.78e-15  1.74e-01     0s
   2  -3.99494760e+03 -4.16682236e+03  0.00e+00 1.78e-15  8.78e-03     0s
   3  -4.01996740e+03 -4.02015324e+03  0.00e+00 1.78e-15  9.49e-06     0s
   4  -4.01999997e+03 -4.02000015e+03  0.00e+00 2.66e-15  9.49e-09     0s
   5  -4.02000000e+03 -4.02000000e+03  7.51e-15 1.78e-15  9.69e-15     0s

Barrier solved model in 5 iterations and 0.08 seconds
Optimal objective -4.02000000e+03


Root relaxation: objective -4.020000e+03, 8375 iterations, 0.06 seconds

    Nodes    |    Current Node    |     Objective Bounds      |     Work
 Expl Unexpl |  Obj  Depth IntInf | Incumbent    BestBd   Gap | It/Node Time

*    0     0               0    -4020.000000 -4020.0000  0.00%     -    0s

Explored 0 nodes (8718 simplex iterations) in 0.14 seconds
Thread count was 20 (of 20 available processors)

Solution count 2: -4020 0 
Pool objective bound -4020

Optimal solution found (tolerance 5.00e-02)
Best objective -4.020000000000e+03, best bound -4.020000000000e+03, gap 0.0000%
(0, 3735.5850000002902)
(1, 3735.5850000002902)
(2, 3742.6200000002909)
(3, 3753.6750000002921)
(4, 3746.6400000002914)
(5, 3738.6000000002905)
(6, 3745.6350000002913)
(7, 3744.6300000002911)
(8, 3736.5900000002903)
(9, 3743.625000000291)
(10, 3742.6200000002909)
(11, 3736.5900000002903)
(12, 3738.6000000002905)
(13, 3734.5800000002901)
(14, 3744.6300000002911)
(15, 3738.6000000002905)
(16, 3726.5400000002892)
(17, 3740.6100000002907)
(18, 3744.6300000002911)
(19, 3734.5800000002901)
(20, 3741.6150000002908)
(21, 3741.6150000002908)
(22, 3734.5800000002901)
(23, 3752.670000000292)
(24, 3745.6350000002913)
(25, 3740.6100000002907)
(26, 3736.5900000002903)
(27, 3742.6200000002909)
(28, 3739.6050000002906)
(29, 3736.5900000002903)
(30, 3745.6350000002913)
(31, 3735.5850000002902)
(32, 3742.6200000002909)
(33, 3733.5750000002899)
(34, 3739.6050000002906)
(35, 3732.5700000002898)
(36, 3750.6600000002918)
(37, 3741.6150000002908)
(38, 3741.6150000002908)
(39, 3743.625000000291)
(0, 3751.6650000002919)
(1, 3744.6300000002911)
(2, 3740.6100000002907)
(3, 3743.625000000291)
(4, 3740.6100000002907)
(5, 3742.6200000002909)
(6, 3745.6350000002913)
(7, 3736.5900000002903)
(8, 3739.6050000002906)
(9, 3742.6200000002909)
(10, 3745.6350000002913)
(11, 3746.6400000002914)
(12, 3745.6350000002913)
(13, 3744.6300000002911)
(14, 3750.6600000002918)
(15, 3743.625000000291)
(16, 3738.6000000002905)
(17, 3739.6050000002906)
(18, 3740.6100000002907)
(19, 3730.5600000002896)
(20, 3739.6050000002906)
(21, 3747.6450000002915)
(22, 3739.6050000002906)
(23, 3739.6050000002906)
(24, 3736.5900000002903)
(25, 3740.6100000002907)
(26, 3745.6350000002913)
(27, 3734.5800000002901)
(28, 3741.6150000002908)
(29, 3740.6100000002907)
(30, 3748.6500000002916)
(31, 3746.6400000002914)
(32, 3742.6200000002909)
(33, 3740.6100000002907)
(34, 3742.6200000002909)
(35, 3743.625000000291)
(36, 3729.5550000002895)
(37, 3741.6150000002908)
(38, 3741.6150000002908)
(39, 3736.5900000002903)
Changed value of parameter MIPGap to 0.05
   Prev: 0.0001  Min: 0.0  Max: 1e+100  Default: 0.0001
Changed value of parameter TimeLimit to 1800.0
   Prev: 1e+100  Min: 0.0  Max: 1e+100  Default: 1e+100
Changed value of parameter Method to 2
   Prev: -1  Min: -1  Max: 4  Default: -1
Changed value of parameter MIPFocus to 1
   Prev: 0  Min: 0  Max: 3  Default: 0
Optimize a model with 22032 rows, 32748 columns and 65496 nonzeros
Variable types: 0 continuous, 32748 integer (32748 binary)
Coefficient statistics:
  Matrix range     [1e+00, 5e+00]
  Objective range  [1e+00, 1e+00]
  Bounds range     [1e+00, 1e+00]
  RHS range        [8e+01, 8e+01]
Found heuristic solution: objective 0
Presolve removed 21832 rows and 23055 columns
Presolve time: 0.05s
Presolved: 200 rows, 9693 columns, 19386 nonzeros
Variable types: 0 continuous, 9693 integer (8470 binary)
Presolved: 200 rows, 9693 columns, 19386 nonzeros

Root barrier log...

Ordering time: 0.00s

Barrier statistics:
 AA' NZ     : 9.406e+03
 Factor NZ  : 1.908e+04 (roughly 4 MBytes of memory)
 Factor Ops : 2.416e+06 (less than 1 second per iteration)
 Threads    : 1

                  Objective                Residual
Iter       Primal          Dual         Primal    Dual     Compl     Time
   0  -2.00880980e+04 -9.97244473e+03  6.08e+01 2.22e-16  1.22e+00     0s
   1  -3.73472714e+03 -7.08044124e+03  0.00e+00 1.78e-15  1.71e-01     0s
   2  -4.01560890e+03 -4.18534007e+03  0.00e+00 1.78e-15  8.67e-03     0s
   3  -4.03996805e+03 -4.04015168e+03  0.00e+00 1.78e-15  9.38e-06     0s
   4  -4.03999997e+03 -4.04000015e+03  0.00e+00 2.66e-15  9.38e-09     0s
   5  -4.04000000e+03 -4.04000000e+03  7.65e-15 2.66e-15  9.55e-15     0s

Barrier solved model in 5 iterations and 0.08 seconds
Optimal objective -4.04000000e+03


Root relaxation: objective -4.040000e+03, 8375 iterations, 0.06 seconds

    Nodes    |    Current Node    |     Objective Bounds      |     Work
 Expl Unexpl |  Obj  Depth IntInf | Incumbent    BestBd   Gap | It/Node Time

*    0     0               0    -4040.000000 -4040.0000  0.00%     -    0s

Explored 0 nodes (8398 simplex iterations) in 0.14 seconds
Thread count was 20 (of 20 available processors)

Solution count 2: -4040 0 
Pool objective bound -4040

Optimal solution found (tolerance 5.00e-02)
Best objective -4.040000000000e+03, best bound -4.040000000000e+03, gap 0.0000%
(0, 3764.2700000003542)
(1, 3763.260000000354)
(2, 3764.2700000003542)
(3, 3773.3600000003562)
(4, 3758.2100000003529)
(5, 3777.4000000003571)
(6, 3762.2500000003538)
(7, 3764.2700000003542)
(8, 3766.2900000003547)
(9, 3760.2300000003534)
(10, 3761.2400000003536)
(11, 3759.2200000003531)
(12, 3752.1500000003516)
(13, 3758.2100000003529)
(14, 3777.4000000003571)
(15, 3764.2700000003542)
(16, 3764.2700000003542)
(17, 3760.2300000003534)
(18, 3765.2800000003544)
(19, 3757.2000000003527)
(20, 3764.2700000003542)
(21, 3758.2100000003529)
(22, 3758.2100000003529)
(23, 3765.2800000003544)
(24, 3771.3400000003558)
(25, 3757.2000000003527)
(26, 3760.2300000003534)
(27, 3767.3000000003549)
(28, 3753.1600000003518)
(29, 3756.1900000003525)
(30, 3767.3000000003549)
(31, 3767.3000000003549)
(32, 3763.260000000354)
(33, 3755.1800000003523)
(34, 3770.3300000003555)
(35, 3763.260000000354)
(36, 3763.260000000354)
(37, 3767.3000000003549)
(38, 3770.3300000003555)
(39, 3763.260000000354)
(0, 3766.2900000003547)
(1, 3764.2700000003542)
(2, 3764.2700000003542)
(3, 3760.2300000003534)
(4, 3775.3800000003566)
(5, 3778.4100000003573)
(6, 3769.3200000003553)
(7, 3765.2800000003544)
(8, 3767.3000000003549)
(9, 3767.3000000003549)
(10, 3757.2000000003527)
(11, 3759.2200000003531)
(12, 3767.3000000003549)
(13, 3760.2300000003534)
(14, 3768.3100000003551)
(15, 3765.2800000003544)
(16, 3768.3100000003551)
(17, 3767.3000000003549)
(18, 3760.2300000003534)
(19, 3763.260000000354)
(20, 3770.3300000003555)
(21, 3761.2400000003536)
(22, 3757.2000000003527)
(23, 3759.2200000003531)
(24, 3759.2200000003531)
(25, 3768.3100000003551)
(26, 3767.3000000003549)
(27, 3764.2700000003542)
(28, 3754.170000000352)
(29, 3768.3100000003551)
(30, 3765.2800000003544)
(31, 3759.2200000003531)
(32, 3761.2400000003536)
(33, 3765.2800000003544)
(34, 3762.2500000003538)
(35, 3771.3400000003558)
(36, 3760.2300000003534)
(37, 3770.3300000003555)
(38, 3749.120000000351)
(39, 3770.3300000003555)
Changed value of parameter MIPGap to 0.05
   Prev: 0.0001  Min: 0.0  Max: 1e+100  Default: 0.0001
Changed value of parameter TimeLimit to 1800.0
   Prev: 1e+100  Min: 0.0  Max: 1e+100  Default: 1e+100
Changed value of parameter Method to 2
   Prev: -1  Min: -1  Max: 4  Default: -1
Changed value of parameter MIPFocus to 1
   Prev: 0  Min: 0  Max: 3  Default: 0
Optimize a model with 22032 rows, 32748 columns and 65496 nonzeros
Variable types: 0 continuous, 32748 integer (32748 binary)
Coefficient statistics:
  Matrix range     [1e+00, 5e+00]
  Objective range  [1e+00, 1e+00]
  Bounds range     [1e+00, 1e+00]
  RHS range        [8e+01, 8e+01]
Found heuristic solution: objective 0
Presolve removed 21832 rows and 23055 columns
Presolve time: 0.05s
Presolved: 200 rows, 9693 columns, 19386 nonzeros
Variable types: 0 continuous, 9693 integer (8470 binary)
Presolved: 200 rows, 9693 columns, 19386 nonzeros

Root barrier log...

Ordering time: 0.00s

Barrier statistics:
 AA' NZ     : 9.406e+03
 Factor NZ  : 1.908e+04 (roughly 4 MBytes of memory)
 Factor Ops : 2.416e+06 (less than 1 second per iteration)
 Threads    : 1

                  Objective                Residual
Iter       Primal          Dual         Primal    Dual     Compl     Time
   0  -2.03587840e+04 -9.82777895e+03  6.08e+01 2.22e-16  1.18e+00     0s
   1  -3.78614073e+03 -7.02364714e+03  0.00e+00 1.78e-15  1.65e-01     0s
   2  -4.05690425e+03 -4.22218423e+03  0.00e+00 1.78e-15  8.44e-03     0s
   3  -4.07996931e+03 -4.08014836e+03  0.00e+00 1.78e-15  9.14e-06     0s
   4  -4.07999997e+03 -4.08000015e+03  0.00e+00 1.78e-15  9.14e-09     0s
   5  -4.08000000e+03 -4.08000000e+03  9.46e-15 1.78e-15  9.31e-15     0s

Barrier solved model in 5 iterations and 0.08 seconds
Optimal objective -4.08000000e+03


Root relaxation: objective -4.080000e+03, 8374 iterations, 0.06 seconds

    Nodes    |    Current Node    |     Objective Bounds      |     Work
 Expl Unexpl |  Obj  Depth IntInf | Incumbent    BestBd   Gap | It/Node Time

*    0     0               0    -4080.000000 -4080.0000  0.00%     -    0s

Explored 0 nodes (8407 simplex iterations) in 0.14 seconds
Thread count was 20 (of 20 available processors)

Solution count 2: -4080 0 
Pool objective bound -4080

Optimal solution found (tolerance 5.00e-02)
Best objective -4.080000000000e+03, best bound -4.080000000000e+03, gap 0.0000%
(0, 3795.4199999999382)
(1, 3793.3799999999383)
(2, 3794.3999999999382)
(3, 3793.3799999999383)
(4, 3801.5399999999381)
(5, 3790.3199999999383)
(6, 3800.5199999999381)
(7, 3800.5199999999381)
(8, 3790.3199999999383)
(9, 3795.4199999999382)
(10, 3801.5399999999381)
(11, 3796.4399999999382)
(12, 3798.4799999999382)
(13, 3810.719999999938)
(14, 3794.3999999999382)
(15, 3797.4599999999382)
(16, 3799.4999999999382)
(17, 3794.3999999999382)
(18, 3797.4599999999382)
(19, 3801.5399999999381)
(20, 3795.4199999999382)
(21, 3794.3999999999382)
(22, 3803.5799999999381)
(23, 3800.5199999999381)
(24, 3792.3599999999383)
(25, 3803.5799999999381)
(26, 3804.5999999999381)
(27, 3803.5799999999381)
(28, 3802.5599999999381)
(29, 3789.2999999999383)
(30, 3798.4799999999382)
(31, 3799.4999999999382)
(32, 3801.5399999999381)
(33, 3799.4999999999382)
(34, 3792.3599999999383)
(35, 3791.3399999999383)
(36, 3793.3799999999383)
(37, 3796.4399999999382)
(38, 3801.5399999999381)
(39, 3796.4399999999382)
(0, 3790.3199999999383)
(1, 3800.5199999999381)
(2, 3792.3599999999383)
(3, 3801.5399999999381)
(4, 3803.5799999999381)
(5, 3807.659999999938)
(6, 3803.5799999999381)
(7, 3806.639999999938)
(8, 3797.4599999999382)
(9, 3798.4799999999382)
(10, 3793.3799999999383)
(11, 3794.3999999999382)
(12, 3794.3999999999382)
(13, 3798.4799999999382)
(14, 3795.4199999999382)
(15, 3798.4799999999382)
(16, 3798.4799999999382)
(17, 3800.5199999999381)
(18, 3795.4199999999382)
(19, 3788.2799999999384)
(20, 3802.5599999999381)
(21, 3799.4999999999382)
(22, 3801.5399999999381)
(23, 3800.5199999999381)
(24, 3803.5799999999381)
(25, 3789.2999999999383)
(26, 3790.3199999999383)
(27, 3807.659999999938)
(28, 3804.5999999999381)
(29, 3789.2999999999383)
(30, 3799.4999999999382)
(31, 3802.5599999999381)
(32, 3800.5199999999381)
(33, 3801.5399999999381)
(34, 3799.4999999999382)
(35, 3799.4999999999382)
(36, 3804.5999999999381)
(37, 3802.5599999999381)
(38, 3793.3799999999383)
(39, 3791.3399999999383)
Changed value of parameter MIPGap to 0.05
   Prev: 0.0001  Min: 0.0  Max: 1e+100  Default: 0.0001
Changed value of parameter TimeLimit to 1800.0
   Prev: 1e+100  Min: 0.0  Max: 1e+100  Default: 1e+100
Changed value of parameter Method to 2
   Prev: -1  Min: -1  Max: 4  Default: -1
Changed value of parameter MIPFocus to 1
   Prev: 0  Min: 0  Max: 3  Default: 0
Optimize a model with 22032 rows, 32748 columns and 65496 nonzeros
Variable types: 0 continuous, 32748 integer (32748 binary)
Coefficient statistics:
  Matrix range     [1e+00, 5e+00]
  Objective range  [1e+00, 1e+00]
  Bounds range     [1e+00, 1e+00]
  RHS range        [8e+01, 8e+01]
Found heuristic solution: objective 0
Presolve removed 21832 rows and 23055 columns
Presolve time: 0.05s
Presolved: 200 rows, 9693 columns, 19386 nonzeros
Variable types: 0 continuous, 9693 integer (8470 binary)
Presolved: 200 rows, 9693 columns, 19386 nonzeros

Root barrier log...

Ordering time: 0.00s

Barrier statistics:
 AA' NZ     : 9.406e+03
 Factor NZ  : 1.908e+04 (roughly 4 MBytes of memory)
 Factor Ops : 2.416e+06 (less than 1 second per iteration)
 Threads    : 1

                  Objective                Residual
Iter       Primal          Dual         Primal    Dual     Compl     Time
   0  -2.08994940e+04 -9.53844737e+03  6.08e+01 2.22e-16  1.10e+00     0s
   1  -3.88875375e+03 -6.91000290e+03  0.00e+00 1.78e-15  1.54e-01     0s
   2  -4.13873796e+03 -4.29371850e+03  0.00e+00 1.78e-15  7.91e-03     0s
   3  -4.15997093e+03 -4.16014017e+03  0.00e+00 2.66e-15  8.64e-06     0s
   4  -4.15999997e+03 -4.16000014e+03  0.00e+00 2.66e-15  8.64e-09     0s
   5  -4.16000000e+03 -4.16000000e+03  9.29e-15 2.66e-15  8.82e-15     0s

Barrier solved model in 5 iterations and 0.08 seconds
Optimal objective -4.16000000e+03


Root relaxation: objective -4.160000e+03, 8375 iterations, 0.06 seconds

    Nodes    |    Current Node    |     Objective Bounds      |     Work
 Expl Unexpl |  Obj  Depth IntInf | Incumbent    BestBd   Gap | It/Node Time

*    0     0               0    -4160.000000 -4160.0000  0.00%     -    0s

Explored 0 nodes (8375 simplex iterations) in 0.13 seconds
Thread count was 20 (of 20 available processors)

Solution count 2: -4160 0 
Pool objective bound -4160

Optimal solution found (tolerance 5.00e-02)
Best objective -4.160000000000e+03, best bound -4.160000000000e+03, gap 0.0000%
(0, 3869.8399999998869)
(1, 3861.5199999998872)
(2, 3856.3199999998874)
(3, 3854.2399999998875)
(4, 3860.4799999998872)
(5, 3862.5599999998872)
(6, 3872.9599999998868)
(7, 3859.4399999998873)
(8, 3855.2799999998874)
(9, 3865.6799999998871)
(10, 3877.1199999998867)
(11, 3867.759999999887)
(12, 3856.3199999998874)
(13, 3860.4799999998872)
(14, 3869.8399999998869)
(15, 3855.2799999998874)
(16, 3869.8399999998869)
(17, 3866.719999999887)
(18, 3860.4799999998872)
(19, 3864.6399999998871)
(20, 3862.5599999998872)
(21, 3852.1599999998875)
(22, 3861.5199999998872)
(23, 3865.6799999998871)
(24, 3863.5999999998871)
(25, 3864.6399999998871)
(26, 3868.7999999998869)
(27, 3863.5999999998871)
(28, 3865.6799999998871)
(29, 3853.1999999998875)
(30, 3869.8399999998869)
(31, 3851.1199999998876)
(32, 3859.4399999998873)
(33, 3864.6399999998871)
(34, 3865.6799999998871)
(35, 3857.3599999998873)
(36, 3864.6399999998871)
(37, 3865.6799999998871)
(38, 3872.9599999998868)
(39, 3855.2799999998874)
(0, 3862.5599999998872)
(1, 3867.759999999887)
(2, 3870.8799999998869)
(3, 3868.7999999998869)
(4, 3875.0399999998867)
(5, 3859.4399999998873)
(6, 3862.5599999998872)
(7, 3857.3599999998873)
(8, 3863.5999999998871)
(9, 3869.8399999998869)
(10, 3872.9599999998868)
(11, 3871.9199999998868)
(12, 3861.5199999998872)
(13, 3866.719999999887)
(14, 3856.3199999998874)
(15, 3870.8799999998869)
(16, 3870.8799999998869)
(17, 3859.4399999998873)
(18, 3870.8799999998869)
(19, 3865.6799999998871)
(20, 3869.8399999998869)
(21, 3864.6399999998871)
(22, 3868.7999999998869)
(23, 3873.9999999998868)
(24, 3870.8799999998869)
(25, 3857.3599999998873)
(26, 3855.2799999998874)
(27, 3869.8399999998869)
(28, 3871.9199999998868)
(29, 3871.9199999998868)
(30, 3868.7999999998869)
(31, 3863.5999999998871)
(32, 3864.6399999998871)
(33, 3878.1599999998866)
(34, 3878.1599999998866)
(35, 3857.3599999998873)
(36, 3858.3999999998873)
(37, 3873.9999999998868)
(38, 3869.8399999998869)
(39, 3860.4799999998872)
Changed value of parameter MIPGap to 0.05
   Prev: 0.0001  Min: 0.0  Max: 1e+100  Default: 0.0001
Changed value of parameter TimeLimit to 1800.0
   Prev: 1e+100  Min: 0.0  Max: 1e+100  Default: 1e+100
Changed value of parameter Method to 2
   Prev: -1  Min: -1  Max: 4  Default: -1
Changed value of parameter MIPFocus to 1
   Prev: 0  Min: 0  Max: 3  Default: 0
Optimize a model with 22032 rows, 32748 columns and 65496 nonzeros
Variable types: 0 continuous, 32748 integer (32748 binary)
Coefficient statistics:
  Matrix range     [1e+00, 5e+00]
  Objective range  [1e+00, 1e+00]
  Bounds range     [1e+00, 1e+00]
  RHS range        [8e+01, 8e+01]
Found heuristic solution: objective 0
Presolve removed 21832 rows and 23055 columns
Presolve time: 0.05s
Presolved: 200 rows, 9693 columns, 19386 nonzeros
Variable types: 0 continuous, 9693 integer (8470 binary)
Presolved: 200 rows, 9693 columns, 19386 nonzeros

Root barrier log...

Ordering time: 0.00s

Barrier statistics:
 AA' NZ     : 9.406e+03
 Factor NZ  : 1.908e+04 (roughly 4 MBytes of memory)
 Factor Ops : 2.416e+06 (less than 1 second per iteration)
 Threads    : 1

                  Objective                Residual
Iter       Primal          Dual         Primal    Dual     Compl     Time
   0  -2.11694703e+04 -9.39378159e+03  6.08e+01 2.22e-16  1.06e+00     0s
   1  -4.02027757e+03 -6.85512710e+03  2.73e-01 1.78e-15  1.51e-01     0s
   2  -4.18099788e+03 -4.33447709e+03  6.16e-03 1.78e-15  7.95e-03     0s
   3  -4.19996999e+03 -4.20014278e+03  0.00e+00 1.78e-15  8.82e-06     0s
   4  -4.19999997e+03 -4.20000014e+03  0.00e+00 1.78e-15  8.82e-09     0s
   5  -4.20000000e+03 -4.20000000e+03  1.09e-14 2.66e-15  8.99e-15     0s

Barrier solved model in 5 iterations and 0.08 seconds
Optimal objective -4.20000000e+03


Root relaxation: objective -4.200000e+03, 8374 iterations, 0.06 seconds

    Nodes    |    Current Node    |     Objective Bounds      |     Work
 Expl Unexpl |  Obj  Depth IntInf | Incumbent    BestBd   Gap | It/Node Time

*    0     0               0    -4200.000000 -4200.0000  0.00%     -    0s

Explored 0 nodes (8374 simplex iterations) in 0.13 seconds
Thread count was 20 (of 20 available processors)

Solution count 2: -4200 0 
Pool objective bound -4200

Optimal solution found (tolerance 5.00e-02)
Best objective -4.200000000000e+03, best bound -4.200000000000e+03, gap 0.0000%
(0, 3873.4500000002536)
(1, 3883.9500000002554)
(2, 3868.2000000002527)
(3, 3890.2500000002565)
(4, 3880.8000000002548)
(5, 3873.4500000002536)
(6, 3867.1500000002525)
(7, 3879.7500000002547)
(8, 3875.5500000002539)
(9, 3875.5500000002539)
(10, 3882.9000000002552)
(11, 3882.9000000002552)
(12, 3886.0500000002557)
(13, 3879.7500000002547)
(14, 3882.9000000002552)
(15, 3880.8000000002548)
(16, 3866.1000000002523)
(17, 3882.9000000002552)
(18, 3874.5000000002537)
(19, 3882.9000000002552)
(20, 3873.4500000002536)
(21, 3889.2000000002563)
(22, 3881.850000000255)
(23, 3879.7500000002547)
(24, 3881.850000000255)
(25, 3889.2000000002563)
(26, 3880.8000000002548)
(27, 3881.850000000255)
(28, 3876.6000000002541)
(29, 3875.5500000002539)
(30, 3879.7500000002547)
(31, 3875.5500000002539)
(32, 3888.1500000002561)
(33, 3878.7000000002545)
(34, 3879.7500000002547)
(35, 3882.9000000002552)
(36, 3880.8000000002548)
(37, 3894.4500000002572)
(38, 3879.7500000002547)
(39, 3879.7500000002547)
(0, 3891.3000000002567)
(1, 3879.7500000002547)
(2, 3881.850000000255)
(3, 3864.0000000002519)
(4, 3873.4500000002536)
(5, 3871.3500000002532)
(6, 3880.8000000002548)
(7, 3876.6000000002541)
(8, 3870.300000000253)
(9, 3864.0000000002519)
(10, 3878.7000000002545)
(11, 3882.9000000002552)
(12, 3888.1500000002561)
(13, 3882.9000000002552)
(14, 3882.9000000002552)
(15, 3890.2500000002565)
(16, 3868.2000000002527)
(17, 3875.5500000002539)
(18, 3878.7000000002545)
(19, 3887.1000000002559)
(20, 3872.4000000002534)
(21, 3880.8000000002548)
(22, 3880.8000000002548)
(23, 3883.9500000002554)
(24, 3883.9500000002554)
(25, 3874.5000000002537)
(26, 3869.2500000002528)
(27, 3879.7500000002547)
(28, 3873.4500000002536)
(29, 3891.3000000002567)
(30, 3877.6500000002543)
(31, 3887.1000000002559)
(32, 3875.5500000002539)
(33, 3876.6000000002541)
(34, 3879.7500000002547)
(35, 3889.2000000002563)
(36, 3881.850000000255)
(37, 3865.0500000002521)
(38, 3875.5500000002539)
(39, 3874.5000000002537)
Changed value of parameter MIPGap to 0.05
   Prev: 0.0001  Min: 0.0  Max: 1e+100  Default: 0.0001
Changed value of parameter TimeLimit to 1800.0
   Prev: 1e+100  Min: 0.0  Max: 1e+100  Default: 1e+100
Changed value of parameter Method to 2
   Prev: -1  Min: -1  Max: 4  Default: -1
Changed value of parameter MIPFocus to 1
   Prev: 0  Min: 0  Max: 3  Default: 0
Optimize a model with 22032 rows, 32748 columns and 65496 nonzeros
Variable types: 0 continuous, 32748 integer (32748 binary)
Coefficient statistics:
  Matrix range     [1e+00, 5e+00]
  Objective range  [1e+00, 2e+00]
  Bounds range     [1e+00, 1e+00]
  RHS range        [8e+01, 8e+01]
Found heuristic solution: objective 0
Presolve removed 21832 rows and 23055 columns
Presolve time: 0.05s
Presolved: 200 rows, 9693 columns, 19386 nonzeros
Variable types: 0 continuous, 9693 integer (8470 binary)
Presolved: 200 rows, 9693 columns, 19386 nonzeros

Root barrier log...

Ordering time: 0.00s

Barrier statistics:
 AA' NZ     : 9.406e+03
 Factor NZ  : 1.908e+04 (roughly 4 MBytes of memory)
 Factor Ops : 2.416e+06 (less than 1 second per iteration)
 Threads    : 1

                  Objective                Residual
Iter       Primal          Dual         Primal    Dual     Compl     Time
   0  -2.25142313e+04 -8.67045265e+03  6.07e+01 2.22e-16  8.66e-01     0s
   1  -4.79613100e+03 -6.59108158e+03  2.02e+00 1.78e-15  1.37e-01     0s
   2  -4.38888978e+03 -4.55586926e+03  3.95e-02 1.78e-15  9.20e-03     0s
   3  -4.39994693e+03 -4.40030016e+03  0.00e+00 1.78e-15  1.80e-05     0s
   4  -4.39999995e+03 -4.40000030e+03  0.00e+00 2.66e-15  1.80e-08     0s
   5  -4.40000000e+03 -4.40000000e+03  5.95e-15 2.66e-15  1.83e-14     0s

Barrier solved model in 5 iterations and 0.08 seconds
Optimal objective -4.40000000e+03


Root relaxation: objective -4.400000e+03, 8373 iterations, 0.06 seconds

    Nodes    |    Current Node    |     Objective Bounds      |     Work
 Expl Unexpl |  Obj  Depth IntInf | Incumbent    BestBd   Gap | It/Node Time

*    0     0               0    -4400.000000 -4400.0000  0.00%     -    0s

Explored 0 nodes (8373 simplex iterations) in 0.13 seconds
Thread count was 20 (of 20 available processors)

Solution count 2: -4400 0 
Pool objective bound -4400

Optimal solution found (tolerance 5.00e-02)
Best objective -4.400000000000e+03, best bound -4.400000000000e+03, gap 0.0000%
(0, 4079.8999999997623)
(1, 4087.5999999997616)
(2, 4080.9999999997622)
(3, 4091.9999999997613)
(4, 4088.6999999997615)
(5, 4082.0999999997621)
(6, 4084.2999999997619)
(7, 4078.7999999997623)
(8, 4071.099999999763)
(9, 4079.8999999997623)
(10, 4093.0999999997612)
(11, 4101.8999999997632)
(12, 4078.7999999997623)
(13, 4089.7999999997614)
(14, 4084.2999999997619)
(15, 4082.0999999997621)
(16, 4085.3999999997618)
(17, 4074.3999999997627)
(18, 4083.199999999762)
(19, 4084.2999999997619)
(20, 4093.0999999997612)
(21, 4098.5999999997621)
(22, 4093.0999999997612)
(23, 4080.9999999997622)
(24, 4089.7999999997614)
(25, 4093.0999999997612)
(26, 4090.8999999997613)
(27, 4093.0999999997612)
(28, 4082.0999999997621)
(29, 4088.6999999997615)
(30, 4084.2999999997619)
(31, 4087.5999999997616)
(32, 4079.8999999997623)
(33, 4096.3999999997613)
(34, 4066.6999999997633)
(35, 4084.2999999997619)
(36, 4088.6999999997615)
(37, 4084.2999999997619)
(38, 4088.6999999997615)
(39, 4086.4999999997617)
(0, 4098.5999999997621)
(1, 4086.4999999997617)
(2, 4087.5999999997616)
(3, 4082.0999999997621)
(4, 4086.4999999997617)
(5, 4087.5999999997616)
(6, 4093.0999999997612)
(7, 4089.7999999997614)
(8, 4090.8999999997613)
(9, 4084.2999999997619)
(10, 4091.9999999997613)
(11, 4089.7999999997614)
(12, 4096.3999999997613)
(13, 4090.8999999997613)
(14, 4082.0999999997621)
(15, 4090.8999999997613)
(16, 4085.3999999997618)
(17, 4087.5999999997616)
(18, 4074.3999999997627)
(19, 4087.5999999997616)
(20, 4093.0999999997612)
(21, 4090.8999999997613)
(22, 4087.5999999997616)
(23, 4082.0999999997621)
(24, 4087.5999999997616)
(25, 4088.6999999997615)
(26, 4075.4999999997626)
(27, 4083.199999999762)
(28, 4074.3999999997627)
(29, 4078.7999999997623)
(30, 4082.0999999997621)
(31, 4080.9999999997622)
(32, 4075.4999999997626)
(33, 4087.5999999997616)
(34, 4085.3999999997618)
(35, 4078.7999999997623)
(36, 4086.4999999997617)
(37, 4086.4999999997617)
(38, 4093.0999999997612)
(39, 4084.2999999997619)
Changed value of parameter MIPGap to 0.05
   Prev: 0.0001  Min: 0.0  Max: 1e+100  Default: 0.0001
Changed value of parameter TimeLimit to 1800.0
   Prev: 1e+100  Min: 0.0  Max: 1e+100  Default: 1e+100
Changed value of parameter Method to 2
   Prev: -1  Min: -1  Max: 4  Default: -1
Changed value of parameter MIPFocus to 1
   Prev: 0  Min: 0  Max: 3  Default: 0
Optimize a model with 22032 rows, 32748 columns and 65496 nonzeros
Variable types: 0 continuous, 32748 integer (32748 binary)
Coefficient statistics:
  Matrix range     [1e+00, 5e+00]
  Objective range  [1e+00, 3e+00]
  Bounds range     [1e+00, 1e+00]
  RHS range        [8e+01, 8e+01]
Found heuristic solution: objective 0
Presolve removed 21832 rows and 23055 columns
Presolve time: 0.05s
Presolved: 200 rows, 9693 columns, 19386 nonzeros
Variable types: 0 continuous, 9693 integer (8470 binary)
Presolved: 200 rows, 9693 columns, 19386 nonzeros

Root barrier log...

Ordering time: 0.00s

Barrier statistics:
 AA' NZ     : 9.406e+03
 Factor NZ  : 1.908e+04 (roughly 4 MBytes of memory)
 Factor Ops : 2.416e+06 (less than 1 second per iteration)
 Threads    : 1

                  Objective                Residual
Iter       Primal          Dual         Primal    Dual     Compl     Time
   0  -2.51460152e+04 -7.22379479e+03  6.04e+01 8.88e-16  4.79e-01     0s
   1  -5.09805079e+03 -6.00674522e+03  1.21e+00 2.66e-15  7.18e-02     0s
   2  -4.78999180e+03 -4.89262529e+03  7.48e-03 1.78e-15  5.38e-03     0s
   3  -4.79995047e+03 -4.80031499e+03  0.00e+00 1.78e-15  1.86e-05     0s
   4  -4.79999995e+03 -4.80000031e+03  0.00e+00 1.78e-15  1.86e-08     0s
   5  -4.80000000e+03 -4.80000000e+03  6.29e-15 2.66e-15  1.89e-14     0s

Barrier solved model in 5 iterations and 0.08 seconds
Optimal objective -4.80000000e+03


Root relaxation: objective -4.800000e+03, 8372 iterations, 0.06 seconds

    Nodes    |    Current Node    |     Objective Bounds      |     Work
 Expl Unexpl |  Obj  Depth IntInf | Incumbent    BestBd   Gap | It/Node Time

     0     0 -4800.0000    0    8    0.00000 -4800.0000      -     -    0s
H    0     0                    -4800.000000 -4800.0000  0.00%     -    0s

Explored 0 nodes (9234 simplex iterations) in 0.15 seconds
Thread count was 20 (of 20 available processors)

Solution count 2: -4800 0 
Pool objective bound -4800

Optimal solution found (tolerance 5.00e-02)
Best objective -4.800000000000e+03, best bound -4.800000000000e+03, gap 0.0000%
(0, 4445.9999999996917)
(1, 4451.9999999996908)
(2, 4444.7999999996919)
(3, 4449.5999999996911)
(4, 4444.7999999996919)
(5, 4445.9999999996917)
(6, 4461.5999999996893)
(7, 4453.1999999996906)
(8, 4435.1999999996933)
(9, 4435.1999999996933)
(10, 4453.1999999996906)
(11, 4453.1999999996906)
(12, 4448.3999999996913)
(13, 4451.9999999996908)
(14, 4460.3999999996895)
(15, 4449.5999999996911)
(16, 4453.1999999996906)
(17, 4462.7999999996891)
(18, 4451.9999999996908)
(19, 4450.799999999691)
(20, 4456.79999999969)
(21, 4449.5999999996911)
(22, 4454.3999999996904)
(23, 4443.599999999692)
(24, 4461.5999999996893)
(25, 4459.1999999996897)
(26, 4454.3999999996904)
(27, 4449.5999999996911)
(28, 4449.5999999996911)
(29, 4451.9999999996908)
(30, 4436.3999999996931)
(31, 4450.799999999691)
(32, 4450.799999999691)
(33, 4454.3999999996904)
(34, 4451.9999999996908)
(35, 4465.1999999996888)
(36, 4444.7999999996919)
(37, 4453.1999999996906)
(38, 4431.5999999996939)
(39, 4453.1999999996906)
(0, 4455.5999999996902)
(1, 4449.5999999996911)
(2, 4465.1999999996888)
(3, 4453.1999999996906)
(4, 4460.3999999996895)
(5, 4463.999999999689)
(6, 4460.3999999996895)
(7, 4443.599999999692)
(8, 4453.1999999996906)
(9, 4450.799999999691)
(10, 4445.9999999996917)
(11, 4448.3999999996913)
(12, 4447.1999999996915)
(13, 4457.9999999996899)
(14, 4448.3999999996913)
(15, 4445.9999999996917)
(16, 4449.5999999996911)
(17, 4457.9999999996899)
(18, 4448.3999999996913)
(19, 4441.1999999996924)
(20, 4439.9999999996926)
(21, 4443.599999999692)
(22, 4444.7999999996919)
(23, 4449.5999999996911)
(24, 4459.1999999996897)
(25, 4443.599999999692)
(26, 4450.799999999691)
(27, 4444.7999999996919)
(28, 4456.79999999969)
(29, 4447.1999999996915)
(30, 4454.3999999996904)
(31, 4455.5999999996902)
(32, 4449.5999999996911)
(33, 4448.3999999996913)
(34, 4461.5999999996893)
(35, 4451.9999999996908)
(36, 4453.1999999996906)
(37, 4450.799999999691)
(38, 4451.9999999996908)
(39, 4453.1999999996906)
Changed value of parameter MIPGap to 0.05
   Prev: 0.0001  Min: 0.0  Max: 1e+100  Default: 0.0001
Changed value of parameter TimeLimit to 1800.0
   Prev: 1e+100  Min: 0.0  Max: 1e+100  Default: 1e+100
Changed value of parameter Method to 2
   Prev: -1  Min: -1  Max: 4  Default: -1
Changed value of parameter MIPFocus to 1
   Prev: 0  Min: 0  Max: 3  Default: 0
Optimize a model with 22032 rows, 32748 columns and 65496 nonzeros
Variable types: 0 continuous, 32748 integer (32748 binary)
Coefficient statistics:
  Matrix range     [1e+00, 5e+00]
  Objective range  [1e+00, 4e+00]
  Bounds range     [1e+00, 1e+00]
  RHS range        [8e+01, 8e+01]
Found heuristic solution: objective 0
Presolve removed 21832 rows and 23055 columns
Presolve time: 0.05s
Presolved: 200 rows, 9693 columns, 19386 nonzeros
Variable types: 0 continuous, 9693 integer (8470 binary)
Presolved: 200 rows, 9693 columns, 19386 nonzeros

Root barrier log...

Ordering time: 0.00s

Barrier statistics:
 AA' NZ     : 9.406e+03
 Factor NZ  : 1.908e+04 (roughly 4 MBytes of memory)
 Factor Ops : 2.416e+06 (less than 1 second per iteration)
 Threads    : 1

                  Objective                Residual
Iter       Primal          Dual         Primal    Dual     Compl     Time
   0  -3.05825476e+04 -9.12315170e+03  6.04e+01 0.00e+00  5.73e-01     0s
   1  -7.58405389e+03 -7.62178759e+03  3.58e+00 1.78e-15  9.24e-02     0s
   2  -6.45410057e+03 -6.56317916e+03  3.20e-01 2.66e-15  1.29e-02     0s
   3  -6.41622105e+03 -6.46253775e+03  1.47e-01 1.78e-15  5.65e-03     0s
   4  -6.39462707e+03 -6.41388839e+03  5.81e-02 1.78e-15  2.27e-03     0s
   5  -6.38130850e+03 -6.38463111e+03  9.09e-03 1.78e-15  3.69e-04     0s
   6  -6.37886320e+03 -6.37884403e+03  4.25e-04 1.78e-15  8.32e-06     0s
   7  -6.37875000e+03 -6.37875000e+03  5.59e-09 2.66e-15  6.90e-11     0s

Barrier solved model in 7 iterations and 0.08 seconds
Optimal objective -6.37875000e+03


Root relaxation: objective -6.378750e+03, 6997 iterations, 0.05 seconds

    Nodes    |    Current Node    |     Objective Bounds      |     Work
 Expl Unexpl |  Obj  Depth IntInf | Incumbent    BestBd   Gap | It/Node Time

     0     0 -6378.7500    0   75    0.00000 -6378.7500      -     -    0s
H    0     0                    -6340.600000 -6378.7500  0.60%     -    0s

Explored 0 nodes (8132 simplex iterations) in 0.25 seconds
Thread count was 20 (of 20 available processors)

Solution count 2: -6340.6 0 
Pool objective bound -6378.4

Optimal solution found (tolerance 5.00e-02)
Best objective -6.340600000000e+03, best bound -6.378400000000e+03, gap 0.5962%
(0, 5616.7999999996873)
(1, 5620.999999999689)
(2, 5608.399999999685)
(3, 5599.9999999996899)
(4, 5622.3999999996813)
(5, 5615.3999999996813)
(6, 5625.1999999996906)
(7, 5615.3999999996913)
(8, 5576.1999999996942)
(9, 5560.7999999996991)
(10, 5590.1999999996897)
(11, 5613.9999999996835)
(12, 5543.9999999996999)
(13, 5594.3999999996877)
(14, 5595.7999999996882)
(15, 5569.199999999696)
(16, 5609.7999999996846)
(17, 5573.3999999996977)
(18, 5557.9999999996935)
(19, 5605.5999999996839)
(20, 5584.5999999996857)
(21, 5576.1999999997033)
(22, 5553.7999999997028)
(23, 5580.399999999685)
(24, 5555.199999999707)
(25, 5563.5999999997039)
(26, 5576.1999999996897)
(27, 5578.999999999698)
(28, 5556.5999999997102)
(29, 5612.5999999996957)
(30, 5604.199999999697)
(31, 5604.199999999686)
(32, 5562.1999999997061)
(33, 5612.5999999996857)
(34, 5587.399999999685)
(35, 5608.3999999996859)
(36, 5591.5999999996911)
(37, 5585.9999999996953)
(38, 5629.3999999996813)
(39, 5609.79999999969)
(0, 5539.7999999997082)
(1, 5545.3999999997059)
(2, 5557.9999999996999)
(3, 5542.5999999997066)
(4, 5562.199999999696)
(5, 5560.7999999996937)
(6, 5563.5999999996957)
(7, 5588.7999999996837)
(8, 5555.199999999696)
(9, 5552.3999999997068)
(10, 5573.3999999996913)
(11, 5552.3999999997004)
(12, 5557.9999999997026)
(13, 5560.7999999997)
(14, 5552.3999999997041)
(15, 5559.3999999996995)
(16, 5557.999999999698)
(17, 5559.3999999996977)
(18, 5553.7999999996991)
(19, 5559.3999999996977)
(20, 5560.799999999701)
(21, 5543.9999999997053)
(22, 5580.3999999996931)
(23, 5548.1999999997015)
(24, 5539.7999999997082)
(25, 5555.199999999697)
(26, 5557.9999999997026)
(27, 5550.9999999996971)
(28, 5545.3999999997077)
(29, 5562.1999999996951)
(30, 5543.9999999997108)
(31, 5567.7999999996946)
(32, 5553.7999999997082)
(33, 5542.5999999997084)
(34, 5552.3999999996959)
(35, 5553.7999999997046)
(36, 5570.5999999996957)
(37, 5562.1999999996933)
(38, 5538.399999999705)
(39, 5532.7999999997137)
Changed value of parameter MIPGap to 0.05
   Prev: 0.0001  Min: 0.0  Max: 1e+100  Default: 0.0001
Changed value of parameter TimeLimit to 1800.0
   Prev: 1e+100  Min: 0.0  Max: 1e+100  Default: 1e+100
Changed value of parameter Method to 2
   Prev: -1  Min: -1  Max: 4  Default: -1
Changed value of parameter MIPFocus to 1
   Prev: 0  Min: 0  Max: 3  Default: 0
Optimize a model with 22032 rows, 32748 columns and 65496 nonzeros
Variable types: 0 continuous, 32748 integer (32748 binary)
Coefficient statistics:
  Matrix range     [1e+00, 5e+00]
  Objective range  [2e+00, 5e+00]
  Bounds range     [1e+00, 1e+00]
  RHS range        [8e+01, 8e+01]
Found heuristic solution: objective 0
Presolve removed 21832 rows and 23055 columns
Presolve time: 0.05s
Presolved: 200 rows, 9693 columns, 19386 nonzeros
Variable types: 0 continuous, 9693 integer (8470 binary)
Presolved: 200 rows, 9693 columns, 19386 nonzeros

Root barrier log...

Ordering time: 0.00s

Barrier statistics:
 AA' NZ     : 9.406e+03
 Factor NZ  : 1.908e+04 (roughly 4 MBytes of memory)
 Factor Ops : 2.416e+06 (less than 1 second per iteration)
 Threads    : 1

                  Objective                Residual
Iter       Primal          Dual         Primal    Dual     Compl     Time
   0  -3.33896214e+04 -1.20435410e+04  6.06e+01 0.00e+00  9.76e-01     0s
   1  -8.57937939e+03 -9.51379085e+03  3.70e+00 1.78e-15  1.59e-01     0s
   2  -7.44247028e+03 -7.69548406e+03  3.29e-01 2.66e-15  2.15e-02     0s
   3  -7.42195249e+03 -7.52179196e+03  1.59e-01 2.66e-15  9.12e-03     0s
   4  -7.41047382e+03 -7.45018121e+03  8.53e-02 1.78e-15  4.14e-03     0s
   5  -7.39398977e+03 -7.40457277e+03  1.26e-02 2.66e-15  8.48e-04     0s
   6  -7.39089981e+03 -7.39102840e+03  1.40e-04 2.66e-15  9.97e-06     0s
   7  -7.39087500e+03 -7.39087500e+03  4.26e-09 2.66e-15  1.69e-10     0s

Barrier solved model in 7 iterations and 0.08 seconds
Optimal objective -7.39087500e+03


Root relaxation: objective -7.390875e+03, 6997 iterations, 0.05 seconds

    Nodes    |    Current Node    |     Objective Bounds      |     Work
 Expl Unexpl |  Obj  Depth IntInf | Incumbent    BestBd   Gap | It/Node Time

     0     0 -7390.8750    0   80    0.00000 -7390.8750      -     -    0s
H    0     0                    -7349.500000 -7390.8750  0.56%     -    0s

Explored 0 nodes (8013 simplex iterations) in 0.25 seconds
Thread count was 20 (of 20 available processors)

Solution count 2: -7349.5 0 
Pool objective bound -7390.5

Optimal solution found (tolerance 5.00e-02)
Best objective -7.349500000000e+03, best bound -7.390500000000e+03, gap 0.5579%
(0, 6539.5)
(1, 6547.0)
(2, 6499.0)
(3, 6543.5)
(4, 6579.5)
(5, 6573.0)
(6, 6560.5)
(7, 6553.0)
(8, 6519.5)
(9, 6585.0)
(10, 6550.0)
(11, 6580.0)
(12, 6546.5)
(13, 6558.5)
(14, 6542.0)
(15, 6541.0)
(16, 6563.5)
(17, 6520.0)
(18, 6545.5)
(19, 6510.5)
(20, 6550.0)
(21, 6595.0)
(22, 6558.5)
(23, 6549.5)
(24, 6562.5)
(25, 6532.0)
(26, 6572.0)
(27, 6564.0)
(28, 6603.5)
(29, 6531.0)
(30, 6558.5)
(31, 6598.5)
(32, 6550.5)
(33, 6533.0)
(34, 6527.0)
(35, 6571.5)
(36, 6562.0)
(37, 6573.5)
(38, 6550.0)
(39, 6565.5)
(0, 6501.0)
(1, 6492.5)
(2, 6488.5)
(3, 6483.5)
(4, 6485.0)
(5, 6477.5)
(6, 6473.0)
(7, 6453.0)
(8, 6483.0)
(9, 6472.5)
(10, 6478.5)
(11, 6479.5)
(12, 6474.0)
(13, 6472.5)
(14, 6472.5)
(15, 6487.5)
(16, 6466.5)
(17, 6492.5)
(18, 6480.5)
(19, 6479.5)
(20, 6500.5)
(21, 6481.0)
(22, 6474.5)
(23, 6468.0)
(24, 6472.5)
(25, 6504.0)
(26, 6455.0)
(27, 6487.0)
(28, 6491.5)
(29, 6487.5)
(30, 6472.0)
(31, 6451.5)
(32, 6484.0)
(33, 6485.5)
(34, 6485.5)
(35, 6503.0)
(36, 6475.0)
(37, 6454.5)
(38, 6478.5)
(39, 6487.0)
Changed value of parameter MIPGap to 0.05
   Prev: 0.0001  Min: 0.0  Max: 1e+100  Default: 0.0001
Changed value of parameter TimeLimit to 1800.0
   Prev: 1e+100  Min: 0.0  Max: 1e+100  Default: 1e+100
Changed value of parameter Method to 2
   Prev: -1  Min: -1  Max: 4  Default: -1
Changed value of parameter MIPFocus to 1
   Prev: 0  Min: 0  Max: 3  Default: 0
Optimize a model with 22032 rows, 32748 columns and 65496 nonzeros
Variable types: 0 continuous, 32748 integer (32748 binary)
Coefficient statistics:
  Matrix range     [1e+00, 5e+00]
  Objective range  [2e+00, 9e+00]
  Bounds range     [1e+00, 1e+00]
  RHS range        [8e+01, 8e+01]
Found heuristic solution: objective 0
Presolve removed 21832 rows and 23055 columns
Presolve time: 0.05s
Presolved: 200 rows, 9693 columns, 19386 nonzeros
Variable types: 0 continuous, 9693 integer (8470 binary)
Presolved: 200 rows, 9693 columns, 19386 nonzeros

Root barrier log...

Ordering time: 0.00s

Barrier statistics:
 AA' NZ     : 9.406e+03
 Factor NZ  : 1.908e+04 (roughly 4 MBytes of memory)
 Factor Ops : 2.416e+06 (less than 1 second per iteration)
 Threads    : 1

                  Objective                Residual
Iter       Primal          Dual         Primal    Dual     Compl     Time
   0  -4.71316914e+04 -2.66728848e+04  6.08e+01 0.00e+00  3.01e+00     0s
   1  -1.33322554e+04 -1.89273473e+04  3.76e+00 5.33e-15  4.93e-01     0s
   2  -1.23662086e+04 -1.34533206e+04  3.29e-01 3.55e-15  6.94e-02     0s
   3  -1.24283236e+04 -1.28776824e+04  1.60e-01 3.55e-15  2.94e-02     0s
   4  -1.24441670e+04 -1.26488106e+04  8.14e-02 3.55e-15  1.36e-02     0s
   5  -1.24513439e+04 -1.24949311e+04  1.87e-02 5.33e-15  2.92e-03     0s
   6  -1.24514295e+04 -1.24527970e+04  4.00e-04 5.33e-15  8.45e-05     0s
   7  -1.24515000e+04 -1.24515001e+04  7.14e-08 5.33e-15  1.14e-08     0s
   8  -1.24515000e+04 -1.24515000e+04  8.74e-14 7.11e-15  1.20e-14     0s

Barrier solved model in 8 iterations and 0.08 seconds
Optimal objective -1.24515000e+04


Root relaxation: objective -1.245150e+04, 6997 iterations, 0.05 seconds

    Nodes    |    Current Node    |     Objective Bounds      |     Work
 Expl Unexpl |  Obj  Depth IntInf | Incumbent    BestBd   Gap | It/Node Time

     0     0 -12451.500    0   88    0.00000 -12451.500      -     -    0s
H    0     0                    -12372.00000 -12451.500  0.64%     -    0s

Explored 0 nodes (8428 simplex iterations) in 0.20 seconds
Thread count was 20 (of 20 available processors)

Solution count 2: -12372 0 
Pool objective bound -12451

Optimal solution found (tolerance 5.00e-02)
Best objective -1.237200000000e+04, best bound -1.245100000000e+04, gap 0.6385%
(0, 11306.0)
(1, 11347.0)
(2, 11193.0)
(3, 11288.0)
(4, 11294.0)
(5, 11255.0)
(6, 11298.0)
(7, 11323.0)
(8, 11291.0)
(9, 11284.0)
(10, 11334.0)
(11, 11358.0)
(12, 11299.0)
(13, 11328.0)
(14, 11289.0)
(15, 11280.0)
(16, 11320.0)
(17, 11186.0)
(18, 11356.0)
(19, 11324.0)
(20, 11332.0)
(21, 11339.0)
(22, 11355.0)
(23, 11288.0)
(24, 11340.0)
(25, 11315.0)
(26, 11320.0)
(27, 11307.0)
(28, 11286.0)
(29, 11341.0)
(30, 11262.0)
(31, 11360.0)
(32, 11315.0)
(33, 11277.0)
(34, 11281.0)
(35, 11265.0)
(36, 11268.0)
(37, 11346.0)
(38, 11236.0)
(39, 11288.0)
(0, 11163.0)
(1, 11147.0)
(2, 11162.0)
(3, 11113.0)
(4, 11119.0)
(5, 11175.0)
(6, 11128.0)
(7, 11133.0)
(8, 11164.0)
(9, 11140.0)
(10, 11149.0)
(11, 11150.0)
(12, 11153.0)
(13, 11147.0)
(14, 11131.0)
(15, 11115.0)
(16, 11097.0)
(17, 11131.0)
(18, 11124.0)
(19, 11151.0)
(20, 11157.0)
(21, 11156.0)
(22, 11186.0)
(23, 11134.0)
(24, 11151.0)
(25, 11157.0)
(26, 11136.0)
(27, 11162.0)
(28, 11127.0)
(29, 11152.0)
(30, 11165.0)
(31, 11156.0)
(32, 11164.0)
(33, 11164.0)
(34, 11121.0)
(35, 11133.0)
(36, 11127.0)
(37, 11136.0)
(38, 11134.0)
(39, 11111.0)
Changed value of parameter MIPGap to 0.05
   Prev: 0.0001  Min: 0.0  Max: 1e+100  Default: 0.0001
Changed value of parameter TimeLimit to 1800.0
   Prev: 1e+100  Min: 0.0  Max: 1e+100  Default: 1e+100
Changed value of parameter Method to 2
   Prev: -1  Min: -1  Max: 4  Default: -1
Changed value of parameter MIPFocus to 1
   Prev: 0  Min: 0  Max: 3  Default: 0
Optimize a model with 22032 rows, 32748 columns and 65496 nonzeros
Variable types: 0 continuous, 32748 integer (32748 binary)
Coefficient statistics:
  Matrix range     [1e+00, 5e+00]
  Objective range  [3e+00, 2e+01]
  Bounds range     [1e+00, 1e+00]
  RHS range        [8e+01, 8e+01]
Found heuristic solution: objective 0
Presolve removed 21832 rows and 23055 columns
Presolve time: 0.05s
Presolved: 200 rows, 9693 columns, 19386 nonzeros
Variable types: 0 continuous, 9693 integer (8470 binary)
Presolved: 200 rows, 9693 columns, 19386 nonzeros

Root barrier log...

Ordering time: 0.00s

Barrier statistics:
 AA' NZ     : 9.406e+03
 Factor NZ  : 1.908e+04 (roughly 4 MBytes of memory)
 Factor Ops : 2.416e+06 (less than 1 second per iteration)
 Threads    : 1

                  Objective                Residual
Iter       Primal          Dual         Primal    Dual     Compl     Time
   0  -7.44936163e+04 -5.59791612e+04  6.09e+01 1.78e-15  7.08e+00     0s
   1  -2.27139162e+04 -3.77607376e+04  3.73e+00 1.07e-14  1.16e+00     0s
   2  -2.22029211e+04 -2.49857769e+04  3.28e-01 7.11e-15  1.67e-01     0s
   3  -2.24356802e+04 -2.36002896e+04  1.59e-01 8.88e-15  7.05e-02     0s
   4  -2.25152081e+04 -2.30471081e+04  7.90e-02 7.11e-15  3.23e-02     0s
   5  -2.25632139e+04 -2.26717373e+04  1.77e-02 1.07e-14  6.65e-03     0s
   6  -2.25724051e+04 -2.25754522e+04  3.44e-04 1.42e-14  1.77e-04     0s
   7  -2.25727499e+04 -2.25727503e+04  4.94e-08 1.07e-14  2.16e-08     0s
   8  -2.25727500e+04 -2.25727500e+04  5.63e-14 1.42e-14  2.20e-14     0s

Barrier solved model in 8 iterations and 0.08 seconds
Optimal objective -2.25727500e+04


Root relaxation: objective -2.257275e+04, 6997 iterations, 0.05 seconds

    Nodes    |    Current Node    |     Objective Bounds      |     Work
 Expl Unexpl |  Obj  Depth IntInf | Incumbent    BestBd   Gap | It/Node Time

     0     0 -22572.750    0   79    0.00000 -22572.750      -     -    0s
H    0     0                    -22440.00000 -22572.750  0.59%     -    0s

Explored 0 nodes (8577 simplex iterations) in 0.23 seconds
Thread count was 20 (of 20 available processors)

Solution count 2: -22440 0 
Pool objective bound -22572

Optimal solution found (tolerance 5.00e-02)
Best objective -2.244000000000e+04, best bound -2.257200000000e+04, gap 0.5882%
(0, 20613.0)
(1, 20616.0)
(2, 20662.0)
(3, 20686.0)
(4, 20623.0)
(5, 20642.0)
(6, 20602.0)
(7, 20587.0)
(8, 20626.0)
(9, 20568.0)
(10, 20570.0)
(11, 20564.0)
(12, 20641.0)
(13, 20583.0)
(14, 20570.0)
(15, 20584.0)
(16, 20586.0)
(17, 20694.0)
(18, 20534.0)
(19, 20592.0)
(20, 20690.0)
(21, 20622.0)
(22, 20688.0)
(23, 20528.0)
(24, 20486.0)
(25, 20576.0)
(26, 20715.0)
(27, 20582.0)
(28, 20578.0)
(29, 20576.0)
(30, 20570.0)
(31, 20664.0)
(32, 20586.0)
(33, 20551.0)
(34, 20620.0)
(35, 20802.0)
(36, 20604.0)
(37, 20536.0)
(38, 20602.0)
(39, 20593.0)
(0, 20352.0)
(1, 20501.0)
(2, 20534.0)
(3, 20469.0)
(4, 20484.0)
(5, 20466.0)
(6, 20414.0)
(7, 20478.0)
(8, 20433.0)
(9, 20364.0)
(10, 20506.0)
(11, 20553.0)
(12, 20504.0)
(13, 20450.0)
(14, 20447.0)
(15, 20478.0)
(16, 20494.0)
(17, 20380.0)
(18, 20418.0)
(19, 20452.0)
(20, 20506.0)
(21, 20477.0)
(22, 20504.0)
(23, 20529.0)
(24, 20352.0)
(25, 20464.0)
(26, 20481.0)
(27, 20449.0)
(28, 20421.0)
(29, 20483.0)
(30, 20531.0)
(31, 20458.0)
(32, 20489.0)
(33, 20426.0)
(34, 20520.0)
(35, 20343.0)
(36, 20547.0)
(37, 20475.0)
(38, 20493.0)
(39, 20427.0)
Changed value of parameter MIPGap to 0.05
   Prev: 0.0001  Min: 0.0  Max: 1e+100  Default: 0.0001
Changed value of parameter TimeLimit to 1800.0
   Prev: 1e+100  Min: 0.0  Max: 1e+100  Default: 1e+100
Changed value of parameter Method to 2
   Prev: -1  Min: -1  Max: 4  Default: -1
Changed value of parameter MIPFocus to 1
   Prev: 0  Min: 0  Max: 3  Default: 0
Optimize a model with 22032 rows, 32748 columns and 65496 nonzeros
Variable types: 0 continuous, 32748 integer (32748 binary)
Coefficient statistics:
  Matrix range     [1e+00, 5e+00]
  Objective range  [5e+00, 3e+01]
  Bounds range     [1e+00, 1e+00]
  RHS range        [8e+01, 8e+01]
Found heuristic solution: objective 0
Presolve removed 21832 rows and 23055 columns
Presolve time: 0.05s
Presolved: 200 rows, 9693 columns, 19386 nonzeros
Variable types: 0 continuous, 9693 integer (8470 binary)
Presolved: 200 rows, 9693 columns, 19386 nonzeros

Root barrier log...

Ordering time: 0.00s

Barrier statistics:
 AA' NZ     : 9.406e+03
 Factor NZ  : 1.908e+04 (roughly 4 MBytes of memory)
 Factor Ops : 2.416e+06 (less than 1 second per iteration)
 Threads    : 1

                  Objective                Residual
Iter       Primal          Dual         Primal    Dual     Compl     Time
   0  -1.29185370e+05 -1.14591714e+05  6.09e+01 3.55e-15  1.52e+01     0s
   1  -4.15279225e+04 -7.54240516e+04  3.71e+00 2.13e-14  2.49e+00     0s
   2  -4.18818375e+04 -4.80540193e+04  3.26e-01 1.42e-14  3.61e-01     0s
   3  -4.24528328e+04 -4.50457158e+04  1.58e-01 1.42e-14  1.53e-01     0s
   4  -4.26680310e+04 -4.38475944e+04  7.48e-02 1.78e-14  6.92e-02     0s
   5  -4.27893876e+04 -4.30303945e+04  1.63e-02 2.13e-14  1.42e-02     0s
   6  -4.28144488e+04 -4.28207237e+04  2.79e-04 2.84e-14  3.51e-04     0s
   7  -4.28152499e+04 -4.28152506e+04  3.28e-08 2.84e-14  3.99e-08     0s
   8  -4.28152500e+04 -4.28152500e+04  8.95e-14 2.13e-14  6.17e-14     0s

Barrier solved model in 8 iterations and 0.08 seconds
Optimal objective -4.28152500e+04


Root relaxation: objective -4.281525e+04, 6997 iterations, 0.05 seconds

    Nodes    |    Current Node    |     Objective Bounds      |     Work
 Expl Unexpl |  Obj  Depth IntInf | Incumbent    BestBd   Gap | It/Node Time

     0     0 -42815.250    0   87    0.00000 -42815.250      -     -    0s
H    0     0                    -42461.00000 -42815.250  0.83%     -    0s

Explored 0 nodes (8204 simplex iterations) in 0.20 seconds
Thread count was 20 (of 20 available processors)

Solution count 2: -42461 0 
Pool objective bound -42815

Optimal solution found (tolerance 5.00e-02)
Best objective -4.246100000000e+04, best bound -4.281500000000e+04, gap 0.8337%
(0, 39685.0)
(1, 39419.0)
(2, 39672.0)
(3, 39582.0)
(4, 39710.0)
(5, 39564.0)
(6, 39607.0)
(7, 39674.0)
(8, 39662.0)
(9, 39414.0)
(10, 39613.0)
(11, 39598.0)
(12, 39676.0)
(13, 39700.0)
(14, 39327.0)
(15, 39622.0)
(16, 39369.0)
(17, 39569.0)
(18, 39470.0)
(19, 39703.0)
(20, 39236.0)
(21, 39447.0)
(22, 39619.0)
(23, 39561.0)
(24, 39375.0)
(25, 39317.0)
(26, 39722.0)
(27, 39331.0)
(28, 39482.0)
(29, 39518.0)
(30, 39441.0)
(31, 39248.0)
(32, 39670.0)
(33, 39485.0)
(34, 39468.0)
(35, 39618.0)
(36, 39597.0)
(37, 39708.0)
(38, 39516.0)
(39, 39703.0)
(0, 38909.0)
(1, 39001.0)
(2, 38914.0)
(3, 39005.0)
(4, 38858.0)
(5, 39005.0)
(6, 39041.0)
(7, 39011.0)
(8, 38937.0)
(9, 38965.0)
(10, 38904.0)
(11, 39018.0)
(12, 38836.0)
(13, 39084.0)
(14, 38993.0)
(15, 38866.0)
(16, 39020.0)
(17, 39023.0)
(18, 38876.0)
(19, 39051.0)
(20, 38818.0)
(21, 38939.0)
(22, 38866.0)
(23, 38843.0)
(24, 38924.0)
(25, 38909.0)
(26, 39005.0)
(27, 39051.0)
(28, 38982.0)
(29, 38904.0)
(30, 38942.0)
(31, 38848.0)
(32, 39056.0)
(33, 39005.0)
(34, 38990.0)
(35, 38995.0)
(36, 38889.0)
(37, 39023.0)
(38, 38912.0)
(39, 38965.0)
Changed value of parameter MIPGap to 0.05
   Prev: 0.0001  Min: 0.0  Max: 1e+100  Default: 0.0001
Changed value of parameter TimeLimit to 1800.0
   Prev: 1e+100  Min: 0.0  Max: 1e+100  Default: 1e+100
Changed value of parameter Method to 2
   Prev: -1  Min: -1  Max: 4  Default: -1
Changed value of parameter MIPFocus to 1
   Prev: 0  Min: 0  Max: 3  Default: 0
Optimize a model with 22032 rows, 32748 columns and 65496 nonzeros
Variable types: 0 continuous, 32748 integer (32748 binary)
Coefficient statistics:
  Matrix range     [1e+00, 5e+00]
  Objective range  [6e+00, 4e+01]
  Bounds range     [1e+00, 1e+00]
  RHS range        [8e+01, 8e+01]
Found heuristic solution: objective 0
Presolve removed 21832 rows and 23055 columns
Presolve time: 0.05s
Presolved: 200 rows, 9693 columns, 19386 nonzeros
Variable types: 0 continuous, 9693 integer (8470 binary)
Presolved: 200 rows, 9693 columns, 19386 nonzeros

Root barrier log...

Ordering time: 0.00s

Barrier statistics:
 AA' NZ     : 9.406e+03
 Factor NZ  : 1.908e+04 (roughly 4 MBytes of memory)
 Factor Ops : 2.416e+06 (less than 1 second per iteration)
 Threads    : 1

                  Objective                Residual
Iter       Primal          Dual         Primal    Dual     Compl     Time
   0  -1.56528734e+05 -1.43897991e+05  6.09e+01 3.55e-15  1.93e+01     0s
   1  -5.09394418e+04 -9.42549204e+04  3.71e+00 2.13e-14  3.16e+00     0s
   2  -5.17218528e+04 -5.95881717e+04  3.26e-01 2.13e-14  4.58e-01     0s
   3  -5.24616208e+04 -5.57681158e+04  1.58e-01 2.49e-14  1.94e-01     0s
   4  -5.27471078e+04 -5.42486314e+04  7.35e-02 2.84e-14  8.74e-02     0s
   5  -5.29031484e+04 -5.31970675e+04  1.59e-02 2.84e-14  1.72e-02     0s
   6  -5.29357986e+04 -5.29417328e+04  2.20e-04 2.84e-14  3.33e-04     0s
   7  -5.29364999e+04 -5.29365003e+04  2.16e-08 2.84e-14  2.38e-08     0s
   8  -5.29365000e+04 -5.29365000e+04  4.87e-14 3.91e-14  3.60e-14     0s

Barrier solved model in 8 iterations and 0.08 seconds
Optimal objective -5.29365000e+04


Root relaxation: objective -5.293650e+04, 6997 iterations, 0.05 seconds

    Nodes    |    Current Node    |     Objective Bounds      |     Work
 Expl Unexpl |  Obj  Depth IntInf | Incumbent    BestBd   Gap | It/Node Time

     0     0 -52936.500    0   86    0.00000 -52936.500      -     -    0s
H    0     0                    -52514.00000 -52936.500  0.80%     -    0s

Explored 0 nodes (7563 simplex iterations) in 0.27 seconds
Thread count was 20 (of 20 available processors)

Solution count 2: -52514 0 
Pool objective bound -52936

Optimal solution found (tolerance 5.00e-02)
Best objective -5.251400000000e+04, best bound -5.293600000000e+04, gap 0.8036%
(0, 48065.0)
(1, 48311.0)
(2, 48498.0)
(3, 48175.0)
(4, 48481.0)
(5, 48334.0)
(6, 48374.0)
(7, 48310.0)
(8, 48218.0)
(9, 48339.0)
(10, 48276.0)
(11, 48346.0)
(12, 48276.0)
(13, 48877.0)
(14, 48345.0)
(15, 48123.0)
(16, 48923.0)
(17, 48767.0)
(18, 48603.0)
(19, 48766.0)
(20, 48369.0)
(21, 48357.0)
(22, 48760.0)
(23, 48736.0)
(24, 48146.0)
(25, 48412.0)
(26, 48394.0)
(27, 48387.0)
(28, 48770.0)
(29, 48322.0)
(30, 48386.0)
(31, 48784.0)
(32, 48351.0)
(33, 48303.0)
(34, 48642.0)
(35, 48937.0)
(36, 48358.0)
(37, 48247.0)
(38, 48041.0)
(39, 48242.0)
(0, 48474.0)
(1, 48368.0)
(2, 48516.0)
(3, 48468.0)
(4, 48604.0)
(5, 48551.0)
(6, 48526.0)
(7, 48486.0)
(8, 48551.0)
(9, 48510.0)
(10, 48533.0)
(11, 48492.0)
(12, 48410.0)
(13, 48521.0)
(14, 48533.0)
(15, 48468.0)
(16, 48491.0)
(17, 48474.0)
(18, 48462.0)
(19, 48486.0)
(20, 48527.0)
(21, 48428.0)
(22, 48486.0)
(23, 48497.0)
(24, 48492.0)
(25, 48434.0)
(26, 48474.0)
(27, 48521.0)
(28, 48492.0)
(29, 48433.0)
(30, 48457.0)
(31, 48335.0)
(32, 48451.0)
(33, 48509.0)
(34, 48480.0)
(35, 48485.0)
(36, 48481.0)
(37, 48468.0)
(38, 48416.0)
(39, 48445.0)
Changed value of parameter MIPGap to 0.05
   Prev: 0.0001  Min: 0.0  Max: 1e+100  Default: 0.0001
Changed value of parameter TimeLimit to 1800.0
   Prev: 1e+100  Min: 0.0  Max: 1e+100  Default: 1e+100
Changed value of parameter Method to 2
   Prev: -1  Min: -1  Max: 4  Default: -1
Changed value of parameter MIPFocus to 1
   Prev: 0  Min: 0  Max: 3  Default: 0
Optimize a model with 22032 rows, 32748 columns and 65496 nonzeros
Variable types: 0 continuous, 32748 integer (32748 binary)
Coefficient statistics:
  Matrix range     [1e+00, 5e+00]
  Objective range  [1e+01, 8e+01]
  Bounds range     [1e+00, 1e+00]
  RHS range        [8e+01, 8e+01]
Found heuristic solution: objective 0
Presolve removed 21832 rows and 23055 columns
Presolve time: 0.05s
Presolved: 200 rows, 9693 columns, 19386 nonzeros
Variable types: 0 continuous, 9693 integer (8470 binary)
Presolved: 200 rows, 9693 columns, 19386 nonzeros

Root barrier log...

Ordering time: 0.00s

Barrier statistics:
 AA' NZ     : 9.406e+03
 Factor NZ  : 1.908e+04 (roughly 4 MBytes of memory)
 Factor Ops : 2.416e+06 (less than 1 second per iteration)
 Threads    : 1

                  Objective                Residual
Iter       Primal          Dual         Primal    Dual     Compl     Time
   0  -2.93241052e+05 -2.90429373e+05  6.09e+01 7.11e-15  3.97e+01     0s
   1  -9.80068999e+04 -1.88407676e+05  3.70e+00 4.26e-14  6.48e+00     0s
   2  -1.00923454e+05 -1.17258568e+05  3.25e-01 4.26e-14  9.44e-01     0s
   3  -1.02506452e+05 -1.09379989e+05  1.58e-01 3.55e-14  3.99e-01     0s
   4  -1.03150634e+05 -1.06254934e+05  7.01e-02 3.55e-14  1.78e-01     0s
   5  -1.03474064e+05 -1.04069222e+05  1.47e-02 5.68e-14  3.43e-02     0s
   6  -1.03541433e+05 -1.03552579e+05  1.73e-04 8.53e-14  6.14e-04     0s
   7  -1.03542750e+05 -1.03542751e+05  1.19e-08 5.68e-14  3.77e-08     0s
   8  -1.03542750e+05 -1.03542750e+05  4.70e-14 7.11e-14  7.10e-14     0s

Barrier solved model in 8 iterations and 0.08 seconds
Optimal objective -1.03542750e+05


Root relaxation: objective -1.035427e+05, 6997 iterations, 0.05 seconds

    Nodes    |    Current Node    |     Objective Bounds      |     Work
 Expl Unexpl |  Obj  Depth IntInf | Incumbent    BestBd   Gap | It/Node Time

     0     0 -103542.75    0   79    0.00000 -103542.75      -     -    0s
H    0     0                    -102752.0000 -103542.75  0.77%     -    0s

Explored 0 nodes (8278 simplex iterations) in 0.26 seconds
Thread count was 20 (of 20 available processors)

Solution count 2: -102752 0 
Pool objective bound -103542

Optimal solution found (tolerance 5.00e-02)
Best objective -1.027520000000e+05, best bound -1.035420000000e+05, gap 0.7688%
(0, 96259.0)
(1, 95460.0)
(2, 96201.0)
(3, 96448.0)
(4, 95965.0)
(5, 94709.0)
(6, 96388.0)
(7, 96720.0)
(8, 96432.0)
(9, 96212.0)
(10, 96097.0)
(11, 96289.0)
(12, 96418.0)
(13, 96613.0)
(14, 96256.0)
(15, 96348.0)
(16, 96720.0)
(17, 96462.0)
(18, 96271.0)
(19, 96182.0)
(20, 96123.0)
(21, 96200.0)
(22, 95066.0)
(23, 96373.0)
(24, 96013.0)
(25, 95818.0)
(26, 96293.0)
(27, 96300.0)
(28, 96134.0)
(29, 96083.0)
(30, 96109.0)
(31, 95906.0)
(32, 96539.0)
(33, 96182.0)
(34, 95866.0)
(35, 96017.0)
(36, 96282.0)
(37, 94937.0)
(38, 96617.0)
(39, 95822.0)
(0, 94953.0)
(1, 94846.0)
(2, 94946.0)
(3, 94968.0)
(4, 94957.0)
(5, 94869.0)
(6, 95071.0)
(7, 95351.0)
(8, 94968.0)
(9, 94924.0)
(10, 95071.0)
(11, 95185.0)
(12, 94924.0)
(13, 94721.0)
(14, 94957.0)
(15, 94946.0)
(16, 95067.0)
(17, 94990.0)
(18, 95012.0)
(19, 94942.0)
(20, 95082.0)
(21, 95001.0)
(22, 94979.0)
(23, 94979.0)
(24, 95086.0)
(25, 95060.0)
(26, 95189.0)
(27, 95023.0)
(28, 94990.0)
(29, 94865.0)
(30, 94912.0)
(31, 95167.0)
(32, 94979.0)
(33, 94920.0)
(34, 95038.0)
(35, 95034.0)
(36, 95001.0)
(37, 95001.0)
(38, 95027.0)
(39, 94990.0)
Changed value of parameter MIPGap to 0.05
   Prev: 0.0001  Min: 0.0  Max: 1e+100  Default: 0.0001
Changed value of parameter TimeLimit to 1800.0
   Prev: 1e+100  Min: 0.0  Max: 1e+100  Default: 1e+100
Changed value of parameter Method to 2
   Prev: -1  Min: -1  Max: 4  Default: -1
Changed value of parameter MIPFocus to 1
   Prev: 0  Min: 0  Max: 3  Default: 0
Optimize a model with 22032 rows, 32748 columns and 65496 nonzeros
Variable types: 0 continuous, 32748 integer (32748 binary)
Coefficient statistics:
  Matrix range     [1e+00, 5e+00]
  Objective range  [2e+01, 2e+02]
  Bounds range     [1e+00, 1e+00]
  RHS range        [8e+01, 8e+01]
Found heuristic solution: objective 0
Presolve removed 21832 rows and 23055 columns
Presolve time: 0.05s
Presolved: 200 rows, 9693 columns, 19386 nonzeros
Variable types: 0 continuous, 9693 integer (8470 binary)
Presolved: 200 rows, 9693 columns, 19386 nonzeros

Root barrier log...

Ordering time: 0.00s

Barrier statistics:
 AA' NZ     : 9.406e+03
 Factor NZ  : 1.908e+04 (roughly 4 MBytes of memory)
 Factor Ops : 2.416e+06 (less than 1 second per iteration)
 Threads    : 1

                  Objective                Residual
Iter       Primal          Dual         Primal    Dual     Compl     Time
   0  -5.66661424e+05 -5.83492138e+05  6.09e+01 1.42e-14  8.04e+01     0s
   1  -1.92150807e+05 -3.76711807e+05  3.70e+00 8.53e-14  1.31e+01     0s
   2  -1.99328404e+05 -2.32599421e+05  3.25e-01 8.53e-14  1.91e+00     0s
   3  -2.02597793e+05 -2.16603848e+05  1.58e-01 7.11e-14  8.09e-01     0s
   4  -2.03969887e+05 -2.10266175e+05  6.79e-02 7.11e-14  3.59e-01     0s
   5  -2.04619365e+05 -2.05805971e+05  1.38e-02 9.95e-14  6.77e-02     0s
   6  -2.04752821e+05 -2.04773720e+05  1.42e-04 1.56e-13  1.14e-03     0s
   7  -2.04755250e+05 -2.04755251e+05  4.59e-09 1.56e-13  5.80e-08     0s
   8  -2.04755250e+05 -2.04755250e+05  1.94e-14 1.42e-13  7.53e-14     0s

Barrier solved model in 8 iterations and 0.08 seconds
Optimal objective -2.04755250e+05


Root relaxation: objective -2.047553e+05, 6997 iterations, 0.05 seconds

    Nodes    |    Current Node    |     Objective Bounds      |     Work
 Expl Unexpl |  Obj  Depth IntInf | Incumbent    BestBd   Gap | It/Node Time

     0     0 -204755.25    0   85    0.00000 -204755.25      -     -    0s
H    0     0                    -203161.0000 -204755.25  0.78%     -    0s

Explored 0 nodes (7931 simplex iterations) in 0.20 seconds
Thread count was 20 (of 20 available processors)

Solution count 2: -203161 0 
Pool objective bound -204750

Optimal solution found (tolerance 5.00e-02)
Best objective -2.031610000000e+05, best bound -2.047500000000e+05, gap 0.7821%
(0, 189231.0)
(1, 188965.0)
(2, 189630.0)
(3, 189371.0)
(4, 188433.0)
(5, 187922.0)
(6, 188566.0)
(7, 188993.0)
(8, 187845.0)
(9, 189042.0)
(10, 188888.0)
(11, 188636.0)
(12, 188706.0)
(13, 189042.0)
(14, 189105.0)
(15, 189686.0)
(16, 188706.0)
(17, 189105.0)
(18, 189336.0)
(19, 189917.0)
(20, 188846.0)
(21, 189574.0)
(22, 189707.0)
(23, 189189.0)
(24, 189315.0)
(25, 188776.0)
(26, 189252.0)
(27, 188839.0)
(28, 190533.0)
(29, 187348.0)
(30, 189014.0)
(31, 189182.0)
(32, 189259.0)
(33, 189105.0)
(34, 189091.0)
(35, 189014.0)
(36, 189406.0)
(37, 189091.0)
(38, 188965.0)
(39, 187124.0)
(0, 187068.0)
(1, 187166.0)
(2, 186620.0)
(3, 187124.0)
(4, 187005.0)
(5, 187901.0)
(6, 187663.0)
(7, 186984.0)
(8, 187306.0)
(9, 186522.0)
(10, 187607.0)
(11, 187348.0)
(12, 187390.0)
(13, 187411.0)
(14, 187628.0)
(15, 187761.0)
(16, 187313.0)
(17, 187523.0)
(18, 187733.0)
(19, 187257.0)
(20, 188307.0)
(21, 187985.0)
(22, 187607.0)
(23, 187124.0)
(24, 187824.0)
(25, 187201.0)
(26, 187327.0)
(27, 187985.0)
(28, 188265.0)
(29, 187607.0)
(30, 187621.0)
(31, 187880.0)
(32, 187523.0)
(33, 187460.0)
(34, 187859.0)
(35, 186984.0)
(36, 187187.0)
(37, 186900.0)
(38, 186963.0)
(39, 187376.0)
Changed value of parameter MIPGap to 0.05
   Prev: 0.0001  Min: 0.0  Max: 1e+100  Default: 0.0001
Changed value of parameter TimeLimit to 1800.0
   Prev: 1e+100  Min: 0.0  Max: 1e+100  Default: 1e+100
Changed value of parameter Method to 2
   Prev: -1  Min: -1  Max: 4  Default: -1
Changed value of parameter MIPFocus to 1
   Prev: 0  Min: 0  Max: 3  Default: 0
Optimize a model with 22032 rows, 32748 columns and 65496 nonzeros
Variable types: 0 continuous, 32748 integer (32748 binary)
Coefficient statistics:
  Matrix range     [1e+00, 5e+00]
  Objective range  [5e+01, 4e+02]
  Bounds range     [1e+00, 1e+00]
  RHS range        [8e+01, 8e+01]
Found heuristic solution: objective 0
Presolve removed 21832 rows and 23055 columns
Presolve time: 0.05s
Presolved: 200 rows, 9693 columns, 19386 nonzeros
Variable types: 0 continuous, 9693 integer (8470 binary)
Presolved: 200 rows, 9693 columns, 19386 nonzeros

Root barrier log...

Ordering time: 0.00s

Barrier statistics:
 AA' NZ     : 9.406e+03
 Factor NZ  : 1.908e+04 (roughly 4 MBytes of memory)
 Factor Ops : 2.416e+06 (less than 1 second per iteration)
 Threads    : 1

                  Objective                Residual
Iter       Primal          Dual         Primal    Dual     Compl     Time
   0  -1.38691929e+06 -1.46268043e+06  6.09e+01 5.68e-14  2.03e+02     0s
   1  -4.74588312e+05 -9.41622922e+05  3.69e+00 2.56e-13  3.31e+01     0s
   2  -4.94544638e+05 -5.78621630e+05  3.25e-01 1.99e-13  4.83e+00     0s
   3  -5.02612525e+05 -5.38274161e+05  1.58e-01 2.27e-13  2.05e+00     0s
   4  -5.06716640e+05 -5.21583524e+05  5.56e-02 1.71e-13  8.34e-01     0s
   5  -5.08131285e+05 -5.10518612e+05  9.55e-03 2.84e-13  1.34e-01     0s
   6  -5.08388999e+05 -5.08412912e+05  6.41e-05 2.84e-13  1.30e-03     0s
   7  -5.08392750e+05 -5.08392750e+05  6.21e-10 5.12e-13  2.26e-08     0s
   8  -5.08392750e+05 -5.08392750e+05  3.73e-14 3.13e-13  2.82e-14     0s

Barrier solved model in 8 iterations and 0.08 seconds
Optimal objective -5.08392750e+05


Root relaxation: objective -5.083927e+05, 6996 iterations, 0.05 seconds

    Nodes    |    Current Node    |     Objective Bounds      |     Work
 Expl Unexpl |  Obj  Depth IntInf | Incumbent    BestBd   Gap | It/Node Time

     0     0 -508392.75    0   79    0.00000 -508392.75      -     -    0s
H    0     0                    -505814.0000 -508392.75  0.51%     -    0s

Explored 0 nodes (7978 simplex iterations) in 0.22 seconds
Thread count was 20 (of 20 available processors)

Solution count 2: -505814 0 
Pool objective bound -508392

Optimal solution found (tolerance 5.00e-02)
Best objective -5.058140000000e+05, best bound -5.083920000000e+05, gap 0.5097%
(0, 475443.0)
(1, 472986.0)
(2, 476449.0)
(3, 475647.0)
(4, 474743.0)
(5, 475633.0)
(6, 474692.0)
(7, 475042.0)
(8, 476252.0)
(9, 475341.0)
(10, 471535.0)
(11, 475647.0)
(12, 476326.0)
(13, 474437.0)
(14, 475100.0)
(15, 474648.0)
(16, 475290.0)
(17, 473051.0)
(18, 475800.0)
(19, 475647.0)
(20, 474954.0)
(21, 474641.0)
(22, 475582.0)
(23, 475181.0)
(24, 474940.0)
(25, 473387.0)
(26, 474845.0)
(27, 475932.0)
(28, 474641.0)
(29, 472979.0)
(30, 475596.0)
(31, 474736.0)
(32, 472687.0)
(33, 476041.0)
(34, 474094.0)
(35, 475137.0)
(36, 473999.0)
(37, 476296.0)
(38, 476384.0)
(39, 472629.0)
(0, 469349.0)
(1, 469094.0)
(2, 469342.0)
(3, 469699.0)
(4, 468839.0)
(5, 468890.0)
(6, 469087.0)
(7, 470450.0)
(8, 469189.0)
(9, 469291.0)
(10, 469349.0)
(11, 469145.0)
(12, 468941.0)
(13, 468095.0)
(14, 469743.0)
(15, 469094.0)
(16, 467395.0)
(17, 469043.0)
(18, 469189.0)
(19, 468693.0)
(20, 468883.0)
(21, 469641.0)
(22, 468693.0)
(23, 469539.0)
(24, 469349.0)
(25, 469291.0)
(26, 469196.0)
(27, 468890.0)
(28, 469546.0)
(29, 469196.0)
(30, 469692.0)
(31, 470647.0)
(32, 468839.0)
(33, 469845.0)
(34, 469196.0)
(35, 469298.0)
(36, 469604.0)
(37, 469043.0)
(38, 469043.0)
(39, 468693.0)
Changed value of parameter MIPGap to 0.05
   Prev: 0.0001  Min: 0.0  Max: 1e+100  Default: 0.0001
Changed value of parameter TimeLimit to 1800.0
   Prev: 1e+100  Min: 0.0  Max: 1e+100  Default: 1e+100
Changed value of parameter Method to 2
   Prev: -1  Min: -1  Max: 4  Default: -1
Changed value of parameter MIPFocus to 1
   Prev: 0  Min: 0  Max: 3  Default: 0
Optimize a model with 22032 rows, 32748 columns and 65496 nonzeros
Variable types: 0 continuous, 32748 integer (32748 binary)
Coefficient statistics:
  Matrix range     [1e+00, 5e+00]
  Objective range  [5e+02, 4e+03]
  Bounds range     [1e+00, 1e+00]
  RHS range        [8e+01, 8e+01]
Found heuristic solution: objective 0
Presolve removed 21832 rows and 23055 columns
Presolve time: 0.05s
Presolved: 200 rows, 9693 columns, 19386 nonzeros
Variable types: 0 continuous, 9693 integer (8470 binary)
Presolved: 200 rows, 9693 columns, 19386 nonzeros

Root barrier log...

Ordering time: 0.00s

Barrier statistics:
 AA' NZ     : 9.406e+03
 Factor NZ  : 1.908e+04 (roughly 4 MBytes of memory)
 Factor Ops : 2.416e+06 (less than 1 second per iteration)
 Threads    : 1

                  Objective                Residual
Iter       Primal          Dual         Primal    Dual     Compl     Time
   0  -1.36907759e+07 -1.46505048e+07  6.09e+01 4.55e-13  2.04e+03     0s
   1  -4.71117491e+06 -9.41528432e+06  3.69e+00 2.50e-12  3.32e+02     0s
   2  -4.92279141e+06 -5.76892699e+06  3.25e-01 1.82e-12  4.85e+01     0s
   3  -5.00394636e+06 -5.36298497e+06  1.59e-01 1.82e-12  2.07e+01     0s
   4  -5.04559594e+06 -5.19800877e+06  5.65e-02 2.05e-12  8.54e+00     0s
   5  -5.05997788e+06 -5.08518717e+06  1.07e-02 4.09e-12  1.42e+00     0s
   6  -5.06290511e+06 -5.06320955e+06  1.03e-04 3.41e-12  1.68e-02     0s
   7  -5.06295525e+06 -5.06295526e+06  1.10e-09 3.64e-12  4.09e-07     0s
   8  -5.06295525e+06 -5.06295525e+06  1.60e-14 2.50e-12  4.42e-13     0s

Barrier solved model in 8 iterations and 0.09 seconds
Optimal objective -5.06295525e+06


Root relaxation: objective -5.062955e+06, 6996 iterations, 0.06 seconds

    Nodes    |    Current Node    |     Objective Bounds      |     Work
 Expl Unexpl |  Obj  Depth IntInf | Incumbent    BestBd   Gap | It/Node Time

     0     0 -5062955.2    0  100    0.00000 -5062955.2      -     -    0s
H    0     0                    -5016822.000 -5062955.2  0.92%     -    0s

Explored 0 nodes (7346 simplex iterations) in 0.20 seconds
Thread count was 20 (of 20 available processors)

Solution count 2: -5.01682e+06 0 
Pool objective bound -5.06296e+06

Optimal solution found (tolerance 5.00e-02)
Best objective -5.016822000000e+06, best bound -5.062955000000e+06, gap 0.9196%
(0, 4644470.0)
(1, 4713997.0)
(2, 4689003.0)
(3, 4712000.0)
(4, 4722500.0)
(5, 4719508.0)
(6, 4711492.0)
(7, 4687486.0)
(8, 4681989.0)
(9, 4673980.0)
(10, 4721505.0)
(11, 4719995.0)
(12, 4669005.0)
(13, 4699990.0)
(14, 4734997.0)
(15, 4731490.0)
(16, 4672477.0)
(17, 4722006.0)
(18, 4668483.0)
(19, 4678475.0)
(20, 4676986.0)
(21, 4657983.0)
(22, 4683993.0)
(23, 4668984.0)
(24, 4673987.0)
(25, 4665985.0)
(26, 4679491.0)
(27, 4718506.0)
(28, 4661991.0)
(29, 4704499.0)
(30, 4717504.0)
(31, 4673493.0)
(32, 4702502.0)
(33, 4735999.0)
(34, 4654469.0)
(35, 4674481.0)
(36, 4722994.0)
(37, 4695495.0)
(38, 4697485.0)
(39, 4665985.0)
(0, 4655944.0)
(1, 4659451.0)
(2, 4646947.0)
(3, 4653446.0)
(4, 4656946.0)
(5, 4659451.0)
(6, 4654949.0)
(7, 4652451.0)
(8, 4658449.0)
(9, 4648944.0)
(10, 4648443.0)
(11, 4653947.0)
(12, 4649452.0)
(13, 4659952.0)
(14, 4655443.0)
(15, 4658950.0)
(16, 4659952.0)
(17, 4658449.0)
(18, 4657948.0)
(19, 4645945.0)
(20, 4651442.0)
(21, 4659952.0)
(22, 4641436.0)
(23, 4662450.0)
(24, 4645444.0)
(25, 4659945.0)
(26, 4637943.0)
(27, 4659952.0)
(28, 4645938.0)
(29, 4647441.0)
(30, 4667446.0)
(31, 4672449.0)
(32, 4656946.0)
(33, 4643941.0)
(34, 4650941.0)
(35, 4650447.0)
(36, 4659952.0)
(37, 4655443.0)
(38, 4660947.0)
(39, 4660446.0)
