Changed value of parameter MIPGap to 0.05
   Prev: 0.0001  Min: 0.0  Max: 1e+100  Default: 0.0001
Changed value of parameter TimeLimit to 1800.0
   Prev: 1e+100  Min: 0.0  Max: 1e+100  Default: 1e+100
Changed value of parameter Method to 2
   Prev: -1  Min: -1  Max: 4  Default: -1
Changed value of parameter MIPFocus to 1
   Prev: 0  Min: 0  Max: 3  Default: 0
Optimize a model with 4164 rows, 6096 columns and 12192 nonzeros
Variable types: 0 continuous, 6096 integer (6096 binary)
Coefficient statistics:
  Matrix range     [1e+00, 5e+00]
  Objective range  [1e+00, 1e+00]
  Bounds range     [1e+00, 1e+00]
  RHS range        [8e+01, 8e+01]
Found heuristic solution: objective 0
Presolve removed 4093 rows and 4797 columns
Presolve time: 0.01s
Presolved: 71 rows, 1299 columns, 2470 nonzeros
Variable types: 0 continuous, 1299 integer (1109 binary)
Presolved: 71 rows, 1299 columns, 2470 nonzeros

Root barrier log...

Ordering time: 0.00s

Barrier statistics:
 AA' NZ     : 1.137e+03
 Factor NZ  : 2.461e+03 (roughly 1 MByte of memory)
 Factor Ops : 1.130e+05 (less than 1 second per iteration)
 Threads    : 1

                  Objective                Residual
Iter       Primal          Dual         Primal    Dual     Compl     Time
   0  -5.54643792e+03 -3.59950422e+03  4.22e+01 4.44e-16  3.63e+00     0s
   1  -1.79613978e+03 -2.91926882e+03  2.16e+00 3.73e-01  6.41e-01     0s
   2  -1.68331216e+03 -1.88756150e+03  5.49e-02 3.75e-02  8.04e-02     0s
   3  -1.72494007e+03 -1.76846392e+03  8.35e-03 3.74e-03  1.68e-02     0s
   4  -1.73064939e+03 -1.74902260e+03  4.63e-03 4.04e-04  7.18e-03     0s
   5  -1.73654330e+03 -1.74364185e+03  2.03e-03 7.68e-05  2.79e-03     0s
   6  -1.73913965e+03 -1.74256399e+03  8.98e-04 2.83e-05  1.34e-03     0s
   7  -1.73967029e+03 -1.74159771e+03  6.34e-04 8.88e-16  7.62e-04     0s
   8  -1.74090041e+03 -1.74106044e+03  2.22e-05 8.88e-16  6.20e-05     0s
   9  -1.74099928e+03 -1.74100116e+03  0.00e+00 1.78e-15  7.05e-07     0s
  10  -1.74100000e+03 -1.74100000e+03  0.00e+00 8.88e-16  7.34e-13     0s

Barrier solved model in 10 iterations and 0.03 seconds
Optimal objective -1.74100000e+03


Root relaxation: objective -1.741000e+03, 309 iterations, 0.02 seconds

    Nodes    |    Current Node    |     Objective Bounds      |     Work
 Expl Unexpl |  Obj  Depth IntInf | Incumbent    BestBd   Gap | It/Node Time

     0     0 -1741.0000    0   30    0.00000 -1741.0000      -     -    0s
H    0     0                    -1730.000000 -1741.0000  0.64%     -    0s

Explored 0 nodes (447 simplex iterations) in 0.05 seconds
Thread count was 20 (of 20 available processors)

Solution count 2: -1730 0 
Pool objective bound -1741

Optimal solution found (tolerance 5.00e-02)
Best objective -1.730000000000e+03, best bound -1.741000000000e+03, gap 0.6358%
Changed value of parameter MIPGap to 0.05
   Prev: 0.0001  Min: 0.0  Max: 1e+100  Default: 0.0001
Changed value of parameter TimeLimit to 1800.0
   Prev: 1e+100  Min: 0.0  Max: 1e+100  Default: 1e+100
Changed value of parameter Method to 2
   Prev: -1  Min: -1  Max: 4  Default: -1
Changed value of parameter MIPFocus to 1
   Prev: 0  Min: 0  Max: 3  Default: 0
Optimize a model with 4164 rows, 6096 columns and 12192 nonzeros
Variable types: 0 continuous, 6096 integer (6096 binary)
Coefficient statistics:
  Matrix range     [1e+00, 5e+00]
  Objective range  [1e+00, 1e+00]
  Bounds range     [1e+00, 1e+00]
  RHS range        [8e+01, 8e+01]
Found heuristic solution: objective 0
Presolve removed 4093 rows and 4224 columns
Presolve time: 0.01s
Presolved: 71 rows, 1872 columns, 3159 nonzeros
Found heuristic solution: objective -1581.534595
Variable types: 0 continuous, 1872 integer (1846 binary)
Presolved: 71 rows, 1872 columns, 3159 nonzeros

Root barrier log...

Ordering time: 0.00s

Barrier statistics:
 AA' NZ     : 1.137e+03
 Factor NZ  : 2.461e+03 (roughly 1 MByte of memory)
 Factor Ops : 1.130e+05 (less than 1 second per iteration)
 Threads    : 1

                  Objective                Residual
Iter       Primal          Dual         Primal    Dual     Compl     Time
   0  -6.66566032e+03 -3.74745390e+03  4.53e+01 8.88e-16  2.96e+00     0s
   1  -1.93951843e+03 -3.12827230e+03  3.10e+00 4.06e-01  5.50e-01     0s
   2  -1.65989874e+03 -1.91205876e+03  0.00e+00 4.11e-02  6.64e-02     0s
   3  -1.72403680e+03 -1.77105313e+03  0.00e+00 3.76e-03  1.23e-02     0s
   4  -1.73301814e+03 -1.75054445e+03  0.00e+00 6.84e-04  4.60e-03     0s
   5  -1.73761699e+03 -1.74551411e+03  0.00e+00 1.93e-04  2.07e-03     0s
   6  -1.74000692e+03 -1.74418419e+03  0.00e+00 9.81e-05  1.10e-03     0s
   7  -1.74070318e+03 -1.74273753e+03  0.00e+00 1.78e-15  5.33e-04     0s
   8  -1.74193996e+03 -1.74244817e+03  0.00e+00 1.78e-15  1.33e-04     0s
   9  -1.74207236e+03 -1.74233099e+03  0.00e+00 8.88e-16  6.78e-05     0s
  10  -1.74218311e+03 -1.74228829e+03  0.00e+00 1.78e-15  2.76e-05     0s
  11  -1.74221584e+03 -1.74226959e+03  0.00e+00 1.78e-15  1.41e-05     0s
  12  -1.74223440e+03 -1.74225643e+03  0.00e+00 1.78e-15  5.78e-06     0s
  13  -1.74224357e+03 -1.74225198e+03  0.00e+00 1.78e-15  2.21e-06     0s
  14  -1.74224776e+03 -1.74224883e+03  0.00e+00 1.78e-15  2.82e-07     0s
  15  -1.74224824e+03 -1.74224837e+03  0.00e+00 1.78e-15  3.38e-08     0s
  16  -1.74224835e+03 -1.74224836e+03  0.00e+00 1.78e-15  3.98e-09     0s

Barrier solved model in 16 iterations and 0.02 seconds
Optimal objective -1.74224835e+03


Root relaxation: objective -1.742248e+03, 305 iterations, 0.01 seconds

    Nodes    |    Current Node    |     Objective Bounds      |     Work
 Expl Unexpl |  Obj  Depth IntInf | Incumbent    BestBd   Gap | It/Node Time

     0     0 -1742.2484    0   40 -1581.5346 -1742.2484  10.2%     -    0s
H    0     0                    -1732.242650 -1742.2484  0.58%     -    0s

Explored 0 nodes (308 simplex iterations) in 0.04 seconds
Thread count was 20 (of 20 available processors)

Solution count 3: -1732.24 -1581.53 -134.139 
Pool objective bound -1742.25

Optimal solution found (tolerance 5.00e-02)
Best objective -1.732242650000e+03, best bound -1.742248357250e+03, gap 0.5776%
Changed value of parameter MIPGap to 0.05
   Prev: 0.0001  Min: 0.0  Max: 1e+100  Default: 0.0001
Changed value of parameter TimeLimit to 1800.0
   Prev: 1e+100  Min: 0.0  Max: 1e+100  Default: 1e+100
Changed value of parameter Method to 2
   Prev: -1  Min: -1  Max: 4  Default: -1
Changed value of parameter MIPFocus to 1
   Prev: 0  Min: 0  Max: 3  Default: 0
Optimize a model with 4164 rows, 6096 columns and 12192 nonzeros
Variable types: 0 continuous, 6096 integer (6096 binary)
Coefficient statistics:
  Matrix range     [1e+00, 5e+00]
  Objective range  [1e+00, 1e+00]
  Bounds range     [1e+00, 1e+00]
  RHS range        [8e+01, 8e+01]
Found heuristic solution: objective 0
Presolve removed 4093 rows and 4224 columns
Presolve time: 0.01s
Presolved: 71 rows, 1872 columns, 3159 nonzeros
Found heuristic solution: objective -1583.069190
Variable types: 0 continuous, 1872 integer (1846 binary)
Presolved: 71 rows, 1872 columns, 3159 nonzeros

Root barrier log...

Ordering time: 0.00s

Barrier statistics:
 AA' NZ     : 1.137e+03
 Factor NZ  : 2.461e+03 (roughly 1 MByte of memory)
 Factor Ops : 1.130e+05 (less than 1 second per iteration)
 Threads    : 1

                  Objective                Residual
Iter       Primal          Dual         Primal    Dual     Compl     Time
   0  -6.67072538e+03 -3.74598791e+03  4.53e+01 8.88e-16  2.96e+00     0s
   1  -1.94157648e+03 -3.12738943e+03  3.10e+00 4.05e-01  5.49e-01     0s
   2  -1.65618197e+03 -1.91294169e+03  0.00e+00 4.09e-02  6.76e-02     0s
   3  -1.72530423e+03 -1.77147540e+03  0.00e+00 3.45e-03  1.21e-02     0s
   4  -1.73565866e+03 -1.75147061e+03  0.00e+00 1.78e-15  4.15e-03     0s
   5  -1.74018786e+03 -1.74657953e+03  0.00e+00 8.88e-16  1.68e-03     0s
   6  -1.74159454e+03 -1.74550048e+03  0.00e+00 8.88e-16  1.02e-03     0s
   7  -1.74257956e+03 -1.74471122e+03  0.00e+00 1.78e-15  5.59e-04     0s
   8  -1.74322639e+03 -1.74378331e+03  0.00e+00 8.88e-16  1.46e-04     0s
   9  -1.74335723e+03 -1.74365522e+03  0.00e+00 8.88e-16  7.82e-05     0s
  10  -1.74345916e+03 -1.74355871e+03  0.00e+00 1.78e-15  2.61e-05     0s
  11  -1.74347663e+03 -1.74352756e+03  0.00e+00 8.88e-16  1.34e-05     0s
  12  -1.74348851e+03 -1.74350679e+03  0.00e+00 1.78e-15  4.79e-06     0s
  13  -1.74349307e+03 -1.74350152e+03  0.00e+00 1.78e-15  2.22e-06     0s
  14  -1.74349613e+03 -1.74349716e+03  0.00e+00 1.78e-15  2.70e-07     0s
  15  -1.74349669e+03 -1.74349672e+03  0.00e+00 1.78e-15  8.33e-09     0s
  16  -1.74349671e+03 -1.74349671e+03  0.00e+00 1.78e-15  6.55e-11     0s

Barrier solved model in 16 iterations and 0.02 seconds
Optimal objective -1.74349671e+03


Root relaxation: objective -1.743497e+03, 31 iterations, 0.01 seconds

    Nodes    |    Current Node    |     Objective Bounds      |     Work
 Expl Unexpl |  Obj  Depth IntInf | Incumbent    BestBd   Gap | It/Node Time

     0     0 -1743.4967    0   40 -1583.0692 -1743.4967  10.1%     -    0s
H    0     0                    -1733.485300 -1743.4967  0.58%     -    0s

Explored 0 nodes (35 simplex iterations) in 0.03 seconds
Thread count was 20 (of 20 available processors)

Solution count 3: -1733.49 -1583.07 -134.278 
Pool objective bound -1743.5

Optimal solution found (tolerance 5.00e-02)
Best objective -1.733485300000e+03, best bound -1.743496714500e+03, gap 0.5775%
Changed value of parameter MIPGap to 0.05
   Prev: 0.0001  Min: 0.0  Max: 1e+100  Default: 0.0001
Changed value of parameter TimeLimit to 1800.0
   Prev: 1e+100  Min: 0.0  Max: 1e+100  Default: 1e+100
Changed value of parameter Method to 2
   Prev: -1  Min: -1  Max: 4  Default: -1
Changed value of parameter MIPFocus to 1
   Prev: 0  Min: 0  Max: 3  Default: 0
Optimize a model with 4164 rows, 6096 columns and 12192 nonzeros
Variable types: 0 continuous, 6096 integer (6096 binary)
Coefficient statistics:
  Matrix range     [1e+00, 5e+00]
  Objective range  [1e+00, 1e+00]
  Bounds range     [1e+00, 1e+00]
  RHS range        [8e+01, 8e+01]
Found heuristic solution: objective 0
Presolve removed 4093 rows and 4224 columns
Presolve time: 0.01s
Presolved: 71 rows, 1872 columns, 3159 nonzeros
Found heuristic solution: objective -1586.138380
Variable types: 0 continuous, 1872 integer (1846 binary)
Presolved: 71 rows, 1872 columns, 3159 nonzeros

Root barrier log...

Ordering time: 0.00s

Barrier statistics:
 AA' NZ     : 1.137e+03
 Factor NZ  : 2.461e+03 (roughly 1 MByte of memory)
 Factor Ops : 1.130e+05 (less than 1 second per iteration)
 Threads    : 1

                  Objective                Residual
Iter       Primal          Dual         Primal    Dual     Compl     Time
   0  -6.68085521e+03 -3.74305594e+03  4.53e+01 8.88e-16  2.95e+00     0s
   1  -1.94569705e+03 -3.12562366e+03  3.11e+00 4.03e-01  5.47e-01     0s
   2  -1.65900708e+03 -1.91452592e+03  0.00e+00 4.05e-02  6.73e-02     0s
   3  -1.72771094e+03 -1.77403267e+03  0.00e+00 3.43e-03  1.22e-02     0s
   4  -1.73808907e+03 -1.75411314e+03  0.00e+00 8.88e-16  4.20e-03     0s
   5  -1.74212011e+03 -1.74914056e+03  0.00e+00 8.88e-16  1.84e-03     0s
   6  -1.74389332e+03 -1.74801269e+03  0.00e+00 8.88e-16  1.08e-03     0s
   7  -1.74474268e+03 -1.74735306e+03  0.00e+00 8.88e-16  6.85e-04     0s
   8  -1.74562201e+03 -1.74647388e+03  0.00e+00 1.78e-15  2.23e-04     0s
   9  -1.74576382e+03 -1.74625373e+03  0.00e+00 1.78e-15  1.29e-04     0s
  10  -1.74594733e+03 -1.74609353e+03  0.00e+00 1.78e-15  3.84e-05     0s
  11  -1.74596808e+03 -1.74604662e+03  0.00e+00 8.88e-16  2.06e-05     0s
  12  -1.74598237e+03 -1.74601294e+03  0.00e+00 8.88e-16  8.02e-06     0s
  13  -1.74598897e+03 -1.74600312e+03  0.00e+00 1.78e-15  3.71e-06     0s
  14  -1.74599313e+03 -1.74599443e+03  0.00e+00 1.78e-15  3.39e-07     0s
  15  -1.74599341e+03 -1.74599344e+03  0.00e+00 1.78e-15  7.89e-09     0s
  16  -1.74599343e+03 -1.74599343e+03  0.00e+00 1.78e-15  5.28e-11     0s

Barrier solved model in 16 iterations and 0.02 seconds
Optimal objective -1.74599343e+03


Root relaxation: objective -1.745993e+03, 26 iterations, 0.01 seconds

    Nodes    |    Current Node    |     Objective Bounds      |     Work
 Expl Unexpl |  Obj  Depth IntInf | Incumbent    BestBd   Gap | It/Node Time

     0     0 -1745.9934    0   40 -1586.1384 -1745.9934  10.1%     -    0s
H    0     0                    -1735.970600 -1745.9934  0.58%     -    0s

Explored 0 nodes (28 simplex iterations) in 0.04 seconds
Thread count was 20 (of 20 available processors)

Solution count 3: -1735.97 -1586.14 -134.555 
Pool objective bound -1745.99

Optimal solution found (tolerance 5.00e-02)
Best objective -1.735970600000e+03, best bound -1.745993429000e+03, gap 0.5774%
Changed value of parameter MIPGap to 0.05
   Prev: 0.0001  Min: 0.0  Max: 1e+100  Default: 0.0001
Changed value of parameter TimeLimit to 1800.0
   Prev: 1e+100  Min: 0.0  Max: 1e+100  Default: 1e+100
Changed value of parameter Method to 2
   Prev: -1  Min: -1  Max: 4  Default: -1
Changed value of parameter MIPFocus to 1
   Prev: 0  Min: 0  Max: 3  Default: 0
Optimize a model with 4164 rows, 6096 columns and 12192 nonzeros
Variable types: 0 continuous, 6096 integer (6096 binary)
Coefficient statistics:
  Matrix range     [1e+00, 5e+00]
  Objective range  [1e+00, 1e+00]
  Bounds range     [1e+00, 1e+00]
  RHS range        [8e+01, 8e+01]
Found heuristic solution: objective 0
Presolve removed 4093 rows and 4224 columns
Presolve time: 0.01s
Presolved: 71 rows, 1872 columns, 3159 nonzeros
Found heuristic solution: objective -1592.276760
Variable types: 0 continuous, 1872 integer (1846 binary)
Presolved: 71 rows, 1872 columns, 3159 nonzeros

Root barrier log...

Ordering time: 0.00s

Barrier statistics:
 AA' NZ     : 1.137e+03
 Factor NZ  : 2.461e+03 (roughly 1 MByte of memory)
 Factor Ops : 1.130e+05 (less than 1 second per iteration)
 Threads    : 1

                  Objective                Residual
Iter       Primal          Dual         Primal    Dual     Compl     Time
   0  -6.70111377e+03 -3.73719200e+03  4.53e+01 8.88e-16  2.94e+00     0s
   1  -1.95395609e+03 -3.12209212e+03  3.12e+00 3.99e-01  5.45e-01     0s
   2  -1.66466443e+03 -1.91767223e+03  0.00e+00 3.97e-02  6.66e-02     0s
   3  -1.73254433e+03 -1.77910690e+03  0.00e+00 3.39e-03  1.22e-02     0s
   4  -1.74281940e+03 -1.75941483e+03  0.00e+00 8.88e-16  4.35e-03     0s
   5  -1.74708228e+03 -1.75434676e+03  0.00e+00 8.88e-16  1.91e-03     0s
   6  -1.74906631e+03 -1.75316952e+03  0.00e+00 1.78e-15  1.08e-03     0s
   7  -1.75008724e+03 -1.75196660e+03  0.00e+00 8.88e-16  4.93e-04     0s
   8  -1.75042368e+03 -1.75140718e+03  0.00e+00 1.78e-15  2.58e-04     0s
   9  -1.75073549e+03 -1.75114672e+03  0.00e+00 8.88e-16  1.08e-04     0s
  10  -1.75090936e+03 -1.75105059e+03  0.00e+00 1.78e-15  3.70e-05     0s
  11  -1.75094792e+03 -1.75102403e+03  0.00e+00 8.88e-16  2.00e-05     0s
  12  -1.75097240e+03 -1.75100329e+03  0.00e+00 1.78e-15  8.10e-06     0s
  13  -1.75098550e+03 -1.75099098e+03  0.00e+00 1.78e-15  1.44e-06     0s
  14  -1.75098671e+03 -1.75098691e+03  0.00e+00 2.66e-15  5.22e-08     0s
  15  -1.75098686e+03 -1.75098686e+03  0.00e+00 1.78e-15  5.60e-10     0s

Barrier solved model in 15 iterations and 0.02 seconds
Optimal objective -1.75098686e+03


Root relaxation: objective -1.750987e+03, 35 iterations, 0.01 seconds

    Nodes    |    Current Node    |     Objective Bounds      |     Work
 Expl Unexpl |  Obj  Depth IntInf | Incumbent    BestBd   Gap | It/Node Time

     0     0 -1750.9869    0   40 -1592.2768 -1750.9869  10.0%     -    0s
H    0     0                    -1740.941200 -1750.9869  0.58%     -    0s

Explored 0 nodes (37 simplex iterations) in 0.03 seconds
Thread count was 20 (of 20 available processors)

Solution count 3: -1740.94 -1592.28 -135.11 
Pool objective bound -1750.99

Optimal solution found (tolerance 5.00e-02)
Best objective -1.740941200000e+03, best bound -1.750986858000e+03, gap 0.5770%
Changed value of parameter MIPGap to 0.05
   Prev: 0.0001  Min: 0.0  Max: 1e+100  Default: 0.0001
Changed value of parameter TimeLimit to 1800.0
   Prev: 1e+100  Min: 0.0  Max: 1e+100  Default: 1e+100
Changed value of parameter Method to 2
   Prev: -1  Min: -1  Max: 4  Default: -1
Changed value of parameter MIPFocus to 1
   Prev: 0  Min: 0  Max: 3  Default: 0
Optimize a model with 4164 rows, 6096 columns and 12192 nonzeros
Variable types: 0 continuous, 6096 integer (6096 binary)
Coefficient statistics:
  Matrix range     [1e+00, 5e+00]
  Objective range  [1e+00, 1e+00]
  Bounds range     [1e+00, 1e+00]
  RHS range        [8e+01, 8e+01]
Found heuristic solution: objective 0
Presolve removed 4093 rows and 4224 columns
Presolve time: 0.01s
Presolved: 71 rows, 1872 columns, 3159 nonzeros
Found heuristic solution: objective -1595.345950
Variable types: 0 continuous, 1872 integer (1846 binary)
Presolved: 71 rows, 1872 columns, 3159 nonzeros

Root barrier log...

Ordering time: 0.00s

Barrier statistics:
 AA' NZ     : 1.137e+03
 Factor NZ  : 2.461e+03 (roughly 1 MByte of memory)
 Factor Ops : 1.130e+05 (less than 1 second per iteration)
 Threads    : 1

                  Objective                Residual
Iter       Primal          Dual         Primal    Dual     Compl     Time
   0  -6.71124250e+03 -3.73426003e+03  4.53e+01 8.88e-16  2.93e+00     0s
   1  -1.95809460e+03 -3.12032634e+03  3.13e+00 3.97e-01  5.43e-01     0s
   2  -1.66749669e+03 -1.91924110e+03  0.00e+00 3.93e-02  6.63e-02     0s
   3  -1.73497712e+03 -1.78158453e+03  0.00e+00 3.35e-03  1.22e-02     0s
   4  -1.74508892e+03 -1.76384118e+03  0.00e+00 1.33e-15  4.92e-03     0s
   5  -1.74984710e+03 -1.75752491e+03  0.00e+00 8.88e-16  2.01e-03     0s
   6  -1.75130268e+03 -1.75593824e+03  0.00e+00 8.88e-16  1.22e-03     0s
   7  -1.75285367e+03 -1.75464315e+03  0.00e+00 8.88e-16  4.70e-04     0s
   8  -1.75318927e+03 -1.75405793e+03  0.00e+00 8.88e-16  2.28e-04     0s
   9  -1.75330763e+03 -1.75372458e+03  0.00e+00 1.78e-15  1.09e-04     0s
  10  -1.75340828e+03 -1.75355244e+03  0.00e+00 8.88e-16  3.78e-05     0s
  11  -1.75344006e+03 -1.75351724e+03  0.00e+00 1.78e-15  2.02e-05     0s
  12  -1.75347656e+03 -1.75349497e+03  0.00e+00 1.78e-15  4.83e-06     0s
  13  -1.75348289e+03 -1.75348435e+03  0.00e+00 1.78e-15  3.82e-07     0s
  14  -1.75348356e+03 -1.75348360e+03  0.00e+00 1.78e-15  1.08e-08     0s
  15  -1.75348357e+03 -1.75348357e+03  0.00e+00 1.78e-15  1.26e-11     0s

Barrier solved model in 15 iterations and 0.02 seconds
Optimal objective -1.75348357e+03


Root relaxation: objective -1.753484e+03, 26 iterations, 0.01 seconds

    Nodes    |    Current Node    |     Objective Bounds      |     Work
 Expl Unexpl |  Obj  Depth IntInf | Incumbent    BestBd   Gap | It/Node Time

     0     0 -1753.4836    0   40 -1595.3459 -1753.4836  9.91%     -    0s
H    0     0                    -1743.426500 -1753.4836  0.58%     -    0s

Explored 0 nodes (32 simplex iterations) in 0.03 seconds
Thread count was 20 (of 20 available processors)

Solution count 3: -1743.43 -1595.35 -135.388 
Pool objective bound -1753.48

Optimal solution found (tolerance 5.00e-02)
Best objective -1.743426500000e+03, best bound -1.753483572500e+03, gap 0.5769%
Changed value of parameter MIPGap to 0.05
   Prev: 0.0001  Min: 0.0  Max: 1e+100  Default: 0.0001
Changed value of parameter TimeLimit to 1800.0
   Prev: 1e+100  Min: 0.0  Max: 1e+100  Default: 1e+100
Changed value of parameter Method to 2
   Prev: -1  Min: -1  Max: 4  Default: -1
Changed value of parameter MIPFocus to 1
   Prev: 0  Min: 0  Max: 3  Default: 0
Optimize a model with 4164 rows, 6096 columns and 12192 nonzeros
Variable types: 0 continuous, 6096 integer (6096 binary)
Coefficient statistics:
  Matrix range     [1e+00, 5e+00]
  Objective range  [1e+00, 1e+00]
  Bounds range     [1e+00, 1e+00]
  RHS range        [8e+01, 8e+01]
Found heuristic solution: objective 0
Presolve removed 4093 rows and 4224 columns
Presolve time: 0.01s
Presolved: 71 rows, 1872 columns, 3159 nonzeros
Found heuristic solution: objective -1610.691900
Variable types: 0 continuous, 1872 integer (1846 binary)
Presolved: 71 rows, 1872 columns, 3159 nonzeros

Root barrier log...

Ordering time: 0.00s

Barrier statistics:
 AA' NZ     : 1.137e+03
 Factor NZ  : 2.461e+03 (roughly 1 MByte of memory)
 Factor Ops : 1.130e+05 (less than 1 second per iteration)
 Threads    : 1

                  Objective                Residual
Iter       Primal          Dual         Primal    Dual     Compl     Time
   0  -6.76188046e+03 -3.71960018e+03  4.53e+01 8.88e-16  2.89e+00     0s
   1  -1.97887761e+03 -3.11149737e+03  3.16e+00 3.87e-01  5.36e-01     0s
   2  -1.68169428e+03 -1.92690645e+03  0.00e+00 3.72e-02  6.45e-02     0s
   3  -1.74724362e+03 -1.79368624e+03  0.00e+00 3.01e-03  1.22e-02     0s
   4  -1.75708619e+03 -1.78022088e+03  0.00e+00 2.44e-04  6.07e-03     0s
   5  -1.76288437e+03 -1.77126006e+03  0.00e+00 8.88e-16  2.20e-03     0s
   6  -1.76435544e+03 -1.76852833e+03  0.00e+00 8.88e-16  1.09e-03     0s
   7  -1.76516782e+03 -1.76728597e+03  0.00e+00 8.88e-16  5.56e-04     0s
   8  -1.76555570e+03 -1.76654777e+03  0.00e+00 1.78e-15  2.60e-04     0s
   9  -1.76578503e+03 -1.76625637e+03  0.00e+00 1.78e-15  1.24e-04     0s
  10  -1.76589920e+03 -1.76607314e+03  0.00e+00 8.88e-16  4.56e-05     0s
  11  -1.76594466e+03 -1.76601725e+03  0.00e+00 1.78e-15  1.90e-05     0s
  12  -1.76597275e+03 -1.76598400e+03  0.00e+00 1.78e-15  2.95e-06     0s
  13  -1.76597518e+03 -1.76597550e+03  0.00e+00 1.78e-15  8.30e-08     0s
  14  -1.76597538e+03 -1.76597538e+03  0.00e+00 1.78e-15  1.81e-10     0s

Barrier solved model in 14 iterations and 0.04 seconds
Optimal objective -1.76597538e+03


Root relaxation: objective -1.765975e+03, 29 iterations, 0.03 seconds

    Nodes    |    Current Node    |     Objective Bounds      |     Work
 Expl Unexpl |  Obj  Depth IntInf | Incumbent    BestBd   Gap | It/Node Time

     0     0 -1765.9754    0   35 -1610.6919 -1765.9754  9.64%     -    0s
H    0     0                    -1754.907400 -1765.9754  0.63%     -    0s

Explored 0 nodes (34 simplex iterations) in 0.05 seconds
Thread count was 20 (of 20 available processors)

Solution count 3: -1754.91 -1610.69 -136.775 
Pool objective bound -1765.98

Optimal solution found (tolerance 5.00e-02)
Best objective -1.754907400000e+03, best bound -1.765975378333e+03, gap 0.6307%
Changed value of parameter MIPGap to 0.05
   Prev: 0.0001  Min: 0.0  Max: 1e+100  Default: 0.0001
Changed value of parameter TimeLimit to 1800.0
   Prev: 1e+100  Min: 0.0  Max: 1e+100  Default: 1e+100
Changed value of parameter Method to 2
   Prev: -1  Min: -1  Max: 4  Default: -1
Changed value of parameter MIPFocus to 1
   Prev: 0  Min: 0  Max: 3  Default: 0
Optimize a model with 4164 rows, 6096 columns and 12192 nonzeros
Variable types: 0 continuous, 6096 integer (6096 binary)
Coefficient statistics:
  Matrix range     [1e+00, 5e+00]
  Objective range  [1e+00, 1e+00]
  Bounds range     [1e+00, 1e+00]
  RHS range        [8e+01, 8e+01]
Found heuristic solution: objective 0
Presolve removed 4093 rows and 4224 columns
Presolve time: 0.01s
Presolved: 71 rows, 1872 columns, 3159 nonzeros
Found heuristic solution: objective -1641.383800
Variable types: 0 continuous, 1872 integer (1846 binary)
Presolved: 71 rows, 1872 columns, 3159 nonzeros

Root barrier log...

Ordering time: 0.00s

Barrier statistics:
 AA' NZ     : 1.137e+03
 Factor NZ  : 2.461e+03 (roughly 1 MByte of memory)
 Factor Ops : 1.130e+05 (less than 1 second per iteration)
 Threads    : 1

                  Objective                Residual
Iter       Primal          Dual         Primal    Dual     Compl     Time
   0  -6.86312684e+03 -3.69028048e+03  4.53e+01 8.88e-16  2.81e+00     0s
   1  -2.02090139e+03 -3.09383916e+03  3.23e+00 3.66e-01  5.21e-01     0s
   2  -1.71230925e+03 -1.94164168e+03  0.00e+00 3.30e-02  6.03e-02     0s
   3  -1.76972469e+03 -1.82415466e+03  0.00e+00 3.07e-03  1.43e-02     0s
   4  -1.77946306e+03 -1.79870266e+03  0.00e+00 1.47e-03  5.05e-03     0s
   5  -1.78603907e+03 -1.79435626e+03  0.00e+00 6.00e-04  2.18e-03     0s
   6  -1.78831543e+03 -1.79248951e+03  0.00e+00 1.94e-04  1.09e-03     0s
   7  -1.78955878e+03 -1.79170627e+03  0.00e+00 6.52e-05  5.63e-04     0s
   8  -1.79027666e+03 -1.79134061e+03  0.00e+00 2.66e-05  2.79e-04     0s
   9  -1.79070685e+03 -1.79108643e+03  0.00e+00 4.45e-06  9.95e-05     0s
  10  -1.79090470e+03 -1.79101874e+03  0.00e+00 7.51e-07  2.99e-05     0s
  11  -1.79096945e+03 -1.79099065e+03  0.00e+00 1.78e-15  5.56e-06     0s
  12  -1.79098402e+03 -1.79098465e+03  0.00e+00 1.78e-15  1.65e-07     0s
  13  -1.79098409e+03 -1.79098409e+03  0.00e+00 1.78e-15  1.22e-11     0s

Barrier solved model in 13 iterations and 0.02 seconds
Optimal objective -1.79098409e+03


Root relaxation: objective -1.790984e+03, 28 iterations, 0.01 seconds

    Nodes    |    Current Node    |     Objective Bounds      |     Work
 Expl Unexpl |  Obj  Depth IntInf | Incumbent    BestBd   Gap | It/Node Time

     0     0 -1790.9841    0   35 -1641.3838 -1790.9841  9.11%     -    0s
H    0     0                    -1779.814800 -1790.9841  0.63%     -    0s

Explored 0 nodes (35 simplex iterations) in 0.03 seconds
Thread count was 20 (of 20 available processors)

Solution count 3: -1779.81 -1641.38 -139.55 
Pool objective bound -1790.98

Optimal solution found (tolerance 5.00e-02)
Best objective -1.779814800000e+03, best bound -1.790984090000e+03, gap 0.6276%
Changed value of parameter MIPGap to 0.05
   Prev: 0.0001  Min: 0.0  Max: 1e+100  Default: 0.0001
Changed value of parameter TimeLimit to 1800.0
   Prev: 1e+100  Min: 0.0  Max: 1e+100  Default: 1e+100
Changed value of parameter Method to 2
   Prev: -1  Min: -1  Max: 4  Default: -1
Changed value of parameter MIPFocus to 1
   Prev: 0  Min: 0  Max: 3  Default: 0
Optimize a model with 4164 rows, 6096 columns and 12192 nonzeros
Variable types: 0 continuous, 6096 integer (6096 binary)
Coefficient statistics:
  Matrix range     [1e+00, 5e+00]
  Objective range  [1e+00, 1e+00]
  Bounds range     [1e+00, 1e+00]
  RHS range        [8e+01, 8e+01]
Found heuristic solution: objective 0
Presolve removed 4093 rows and 4224 columns
Presolve time: 0.01s
Presolved: 71 rows, 1872 columns, 3159 nonzeros
Found heuristic solution: objective -1702.767600
Variable types: 0 continuous, 1872 integer (1846 binary)
Presolved: 71 rows, 1872 columns, 3159 nonzeros

Root barrier log...

Ordering time: 0.00s

Barrier statistics:
 AA' NZ     : 1.137e+03
 Factor NZ  : 2.461e+03 (roughly 1 MByte of memory)
 Factor Ops : 1.130e+05 (less than 1 second per iteration)
 Threads    : 1

                  Objective                Residual
Iter       Primal          Dual         Primal    Dual     Compl     Time
   0  -7.06679874e+03 -3.83419075e+03  4.53e+01 8.88e-16  2.93e+00     0s
   1  -2.06995250e+03 -3.21358838e+03  3.13e+00 3.82e-01  5.42e-01     0s
   2  -1.76222859e+03 -1.96974940e+03  0.00e+00 2.57e-02  5.46e-02     0s
   3  -1.82097352e+03 -1.87264739e+03  0.00e+00 1.78e-15  1.36e-02     0s
   4  -1.83222148e+03 -1.85029126e+03  0.00e+00 1.78e-15  4.74e-03     0s
   5  -1.83867707e+03 -1.84641524e+03  0.00e+00 1.78e-15  2.03e-03     0s
   6  -1.84110898e+03 -1.84499589e+03  0.00e+00 1.78e-15  1.02e-03     0s
   7  -1.84200417e+03 -1.84410808e+03  0.00e+00 1.78e-15  5.51e-04     0s
   8  -1.84246421e+03 -1.84358825e+03  0.00e+00 8.88e-16  2.95e-04     0s
   9  -1.84301343e+03 -1.84342081e+03  0.00e+00 1.78e-15  1.07e-04     0s
  10  -1.84318317e+03 -1.84331008e+03  0.00e+00 1.78e-15  3.33e-05     0s
  11  -1.84325059e+03 -1.84328643e+03  0.00e+00 1.78e-15  9.39e-06     0s
  12  -1.84326750e+03 -1.84327185e+03  0.00e+00 1.78e-15  1.14e-06     0s
  13  -1.84327017e+03 -1.84327049e+03  0.00e+00 1.78e-15  8.41e-08     0s
  14  -1.84327020e+03 -1.84327020e+03  0.00e+00 1.78e-15  6.45e-10     0s

Barrier solved model in 14 iterations and 0.02 seconds
Optimal objective -1.84327020e+03


Root relaxation: objective -1.843270e+03, 31 iterations, 0.01 seconds

    Nodes    |    Current Node    |     Objective Bounds      |     Work
 Expl Unexpl |  Obj  Depth IntInf | Incumbent    BestBd   Gap | It/Node Time

     0     0 -1843.2702    0   41 -1702.7676 -1843.2702  8.25%     -    0s
H    0     0                    -1832.052000 -1843.2702  0.61%     -    0s

Explored 0 nodes (31 simplex iterations) in 0.03 seconds
Thread count was 20 (of 20 available processors)

Solution count 3: -1832.05 -1702.77 -145.1 
Pool objective bound -1843.27

Optimal solution found (tolerance 5.00e-02)
Best objective -1.832052000000e+03, best bound -1.843270196000e+03, gap 0.6123%
Changed value of parameter MIPGap to 0.05
   Prev: 0.0001  Min: 0.0  Max: 1e+100  Default: 0.0001
Changed value of parameter TimeLimit to 1800.0
   Prev: 1e+100  Min: 0.0  Max: 1e+100  Default: 1e+100
Changed value of parameter Method to 2
   Prev: -1  Min: -1  Max: 4  Default: -1
Changed value of parameter MIPFocus to 1
   Prev: 0  Min: 0  Max: 3  Default: 0
Optimize a model with 4164 rows, 6096 columns and 12192 nonzeros
Variable types: 0 continuous, 6096 integer (6096 binary)
Coefficient statistics:
  Matrix range     [1e+00, 5e+00]
  Objective range  [1e+00, 1e+00]
  Bounds range     [1e+00, 1e+00]
  RHS range        [8e+01, 8e+01]
Found heuristic solution: objective 0
Presolve removed 4093 rows and 4224 columns
Presolve time: 0.01s
Presolved: 71 rows, 1872 columns, 3159 nonzeros
Found heuristic solution: objective -1733.459500
Variable types: 0 continuous, 1872 integer (1846 binary)
Presolved: 71 rows, 1872 columns, 3159 nonzeros

Root barrier log...

Ordering time: 0.00s

Barrier statistics:
 AA' NZ     : 1.137e+03
 Factor NZ  : 2.461e+03 (roughly 1 MByte of memory)
 Factor Ops : 1.130e+05 (less than 1 second per iteration)
 Threads    : 1

                  Objective                Residual
Iter       Primal          Dual         Primal    Dual     Compl     Time
   0  -7.16867558e+03 -3.91352451e+03  4.53e+01 8.88e-16  3.00e+00     0s
   1  -2.09373178e+03 -3.27934346e+03  3.08e+00 3.92e-01  5.54e-01     0s
   2  -1.78473121e+03 -1.98145050e+03  0.00e+00 2.17e-02  5.17e-02     0s
   3  -1.84744001e+03 -1.90022028e+03  0.00e+00 1.42e-03  1.38e-02     0s
   4  -1.85923398e+03 -1.88032944e+03  0.00e+00 1.78e-15  5.53e-03     0s
   5  -1.86593882e+03 -1.87641499e+03  0.00e+00 1.78e-15  2.75e-03     0s
   6  -1.86868061e+03 -1.87346401e+03  0.00e+00 1.78e-15  1.25e-03     0s
   7  -1.86991892e+03 -1.87211664e+03  0.00e+00 1.78e-15  5.76e-04     0s
   8  -1.87030487e+03 -1.87131288e+03  0.00e+00 1.78e-15  2.64e-04     0s
   9  -1.87054542e+03 -1.87097994e+03  0.00e+00 8.88e-16  1.14e-04     0s
  10  -1.87075726e+03 -1.87085530e+03  0.00e+00 1.78e-15  2.57e-05     0s
  11  -1.87080446e+03 -1.87082751e+03  0.00e+00 1.78e-15  6.04e-06     0s
  12  -1.87081477e+03 -1.87081526e+03  0.00e+00 1.78e-15  1.28e-07     0s
  13  -1.87081497e+03 -1.87081498e+03  0.00e+00 1.78e-15  2.64e-11     0s

Barrier solved model in 13 iterations and 0.02 seconds
Optimal objective -1.87081497e+03


Root relaxation: objective -1.870815e+03, 33 iterations, 0.01 seconds

    Nodes    |    Current Node    |     Objective Bounds      |     Work
 Expl Unexpl |  Obj  Depth IntInf | Incumbent    BestBd   Gap | It/Node Time

     0     0 -1870.8150    0   42 -1733.4595 -1870.8150  7.92%     -    0s
H    0     0                    -1857.593000 -1870.8150  0.71%     -    0s

Explored 0 nodes (35 simplex iterations) in 0.03 seconds
Thread count was 20 (of 20 available processors)

Solution count 3: -1857.59 -1733.46 -147.875 
Pool objective bound -1870.81

Optimal solution found (tolerance 5.00e-02)
Best objective -1.857593000000e+03, best bound -1.870814975000e+03, gap 0.7118%
Changed value of parameter MIPGap to 0.05
   Prev: 0.0001  Min: 0.0  Max: 1e+100  Default: 0.0001
Changed value of parameter TimeLimit to 1800.0
   Prev: 1e+100  Min: 0.0  Max: 1e+100  Default: 1e+100
Changed value of parameter Method to 2
   Prev: -1  Min: -1  Max: 4  Default: -1
Changed value of parameter MIPFocus to 1
   Prev: 0  Min: 0  Max: 3  Default: 0
Optimize a model with 4164 rows, 6096 columns and 12192 nonzeros
Variable types: 0 continuous, 6096 integer (6096 binary)
Coefficient statistics:
  Matrix range     [1e+00, 5e+00]
  Objective range  [1e+00, 2e+00]
  Bounds range     [1e+00, 1e+00]
  RHS range        [8e+01, 8e+01]
Found heuristic solution: objective 0
Presolve removed 4093 rows and 4224 columns
Presolve time: 0.01s
Presolved: 71 rows, 1872 columns, 3159 nonzeros
Found heuristic solution: objective -1886.919000
Variable types: 0 continuous, 1872 integer (1846 binary)
Presolved: 71 rows, 1872 columns, 3159 nonzeros

Root barrier log...

Ordering time: 0.00s

Barrier statistics:
 AA' NZ     : 1.137e+03
 Factor NZ  : 2.461e+03 (roughly 1 MByte of memory)
 Factor Ops : 1.130e+05 (less than 1 second per iteration)
 Threads    : 1

                  Objective                Residual
Iter       Primal          Dual         Primal    Dual     Compl     Time
   0  -7.67802670e+03 -4.31019329e+03  4.53e+01 6.66e-16  3.35e+00     0s
   1  -2.21756789e+03 -3.60956342e+03  2.84e+00 4.52e-01  6.13e-01     0s
   2  -1.91848847e+03 -2.13279166e+03  0.00e+00 2.72e-02  5.64e-02     0s
   3  -1.98668387e+03 -2.03343072e+03  0.00e+00 3.11e-15  1.23e-02     0s
   4  -2.00057187e+03 -2.01609124e+03  0.00e+00 1.78e-15  4.07e-03     0s
   5  -2.00474343e+03 -2.01331980e+03  0.00e+00 1.78e-15  2.25e-03     0s
   6  -2.00626805e+03 -2.01150610e+03  0.00e+00 1.78e-15  1.37e-03     0s
   7  -2.00806431e+03 -2.01063142e+03  0.00e+00 1.78e-15  6.73e-04     0s
   8  -2.00879706e+03 -2.01038539e+03  0.00e+00 8.88e-16  4.16e-04     0s
   9  -2.00938419e+03 -2.01011302e+03  0.00e+00 1.78e-15  1.91e-04     0s
  10  -2.00984328e+03 -2.00996595e+03  0.00e+00 1.78e-15  3.22e-05     0s
  11  -2.00991269e+03 -2.00993327e+03  0.00e+00 1.78e-15  5.39e-06     0s
  12  -2.00993188e+03 -2.00993211e+03  0.00e+00 1.78e-15  5.93e-08     0s
  13  -2.00993197e+03 -2.00993198e+03  0.00e+00 1.78e-15  2.21e-12     0s

Barrier solved model in 13 iterations and 0.02 seconds
Optimal objective -2.00993197e+03


Root relaxation: objective -2.009932e+03, 34 iterations, 0.01 seconds

    Nodes    |    Current Node    |     Objective Bounds      |     Work
 Expl Unexpl |  Obj  Depth IntInf | Incumbent    BestBd   Gap | It/Node Time

     0     0 -2009.9320    0   40 -1886.9190 -2009.9320  6.52%     -    0s
H    0     0                    -1997.850000 -2009.9320  0.60%     -    0s

Explored 0 nodes (35 simplex iterations) in 0.03 seconds
Thread count was 20 (of 20 available processors)

Solution count 3: -1997.85 -1886.92 -161.75 
Pool objective bound -2009.93

Optimal solution found (tolerance 5.00e-02)
Best objective -1.997850000000e+03, best bound -2.009931975000e+03, gap 0.6047%
Changed value of parameter MIPGap to 0.05
   Prev: 0.0001  Min: 0.0  Max: 1e+100  Default: 0.0001
Changed value of parameter TimeLimit to 1800.0
   Prev: 1e+100  Min: 0.0  Max: 1e+100  Default: 1e+100
Changed value of parameter Method to 2
   Prev: -1  Min: -1  Max: 4  Default: -1
Changed value of parameter MIPFocus to 1
   Prev: 0  Min: 0  Max: 3  Default: 0
Optimize a model with 4164 rows, 6096 columns and 12192 nonzeros
Variable types: 0 continuous, 6096 integer (6096 binary)
Coefficient statistics:
  Matrix range     [1e+00, 5e+00]
  Objective range  [1e+00, 3e+00]
  Bounds range     [1e+00, 1e+00]
  RHS range        [8e+01, 8e+01]
Found heuristic solution: objective 0
Presolve removed 4093 rows and 4224 columns
Presolve time: 0.01s
Presolved: 71 rows, 1872 columns, 3159 nonzeros
Found heuristic solution: objective -2194.686000
Variable types: 0 continuous, 1872 integer (1846 binary)
Presolve removed 0 rows and 1 columns
Presolved: 71 rows, 1871 columns, 3158 nonzeros

Root barrier log...

Ordering time: 0.00s

Barrier statistics:
 AA' NZ     : 1.137e+03
 Factor NZ  : 2.461e+03 (roughly 1 MByte of memory)
 Factor Ops : 1.130e+05 (less than 1 second per iteration)
 Threads    : 1

                  Objective                Residual
Iter       Primal          Dual         Primal    Dual     Compl     Time
   0  -8.69428058e+03 -5.10222655e+03  4.53e+01 8.88e-16  4.05e+00     0s
   1  -2.48345621e+03 -4.27245324e+03  2.49e+00 5.79e-01  7.28e-01     0s
   2  -2.20754718e+03 -2.44380569e+03  4.40e-04 3.31e-02  6.22e-02     0s
   3  -2.27434559e+03 -2.32857947e+03  0.00e+00 2.66e-15  1.42e-02     0s
   4  -2.29132124e+03 -2.31447890e+03  0.00e+00 1.78e-15  6.08e-03     0s
   5  -2.29770378e+03 -2.30868374e+03  0.00e+00 1.78e-15  2.88e-03     0s
   6  -2.29980022e+03 -2.30605771e+03  0.00e+00 1.78e-15  1.64e-03     0s
   7  -2.30156781e+03 -2.30476416e+03  0.00e+00 1.78e-15  8.39e-04     0s
   8  -2.30246049e+03 -2.30382861e+03  0.00e+00 1.78e-15  3.59e-04     0s
   9  -2.30309833e+03 -2.30347224e+03  0.00e+00 1.78e-15  9.81e-05     0s
  10  -2.30331286e+03 -2.30333876e+03  0.00e+00 1.78e-15  6.79e-06     0s
  11  -2.30332223e+03 -2.30332242e+03  0.00e+00 1.78e-15  4.97e-08     0s
  12  -2.30332240e+03 -2.30332240e+03  0.00e+00 1.78e-15  4.97e-11     0s

Barrier solved model in 12 iterations and 0.02 seconds
Optimal objective -2.30332240e+03


Root relaxation: objective -2.303322e+03, 34 iterations, 0.01 seconds

    Nodes    |    Current Node    |     Objective Bounds      |     Work
 Expl Unexpl |  Obj  Depth IntInf | Incumbent    BestBd   Gap | It/Node Time

     0     0 -2303.3224    0   40 -2194.6860 -2303.3224  4.95%     -    0s

Explored 0 nodes (36 simplex iterations) in 0.03 seconds
Thread count was 20 (of 20 available processors)

Solution count 2: -2194.69 -189.5 
Pool objective bound -2303.32

Optimal solution found (tolerance 5.00e-02)
Best objective -2.194686000000e+03, best bound -2.303322400000e+03, gap 4.9500%
Changed value of parameter MIPGap to 0.05
   Prev: 0.0001  Min: 0.0  Max: 1e+100  Default: 0.0001
Changed value of parameter TimeLimit to 1800.0
   Prev: 1e+100  Min: 0.0  Max: 1e+100  Default: 1e+100
Changed value of parameter Method to 2
   Prev: -1  Min: -1  Max: 4  Default: -1
Changed value of parameter MIPFocus to 1
   Prev: 0  Min: 0  Max: 3  Default: 0
Optimize a model with 4164 rows, 6096 columns and 12192 nonzeros
Variable types: 0 continuous, 6096 integer (6096 binary)
Coefficient statistics:
  Matrix range     [1e+00, 5e+00]
  Objective range  [1e+00, 5e+00]
  Bounds range     [1e+00, 1e+00]
  RHS range        [8e+01, 8e+01]
Found heuristic solution: objective 0
Presolve removed 4093 rows and 4224 columns
Presolve time: 0.01s
Presolved: 71 rows, 1872 columns, 3159 nonzeros
Found heuristic solution: objective -2807.456000
Variable types: 0 continuous, 1872 integer (1846 binary)
Presolve removed 0 rows and 1 columns
Presolved: 71 rows, 1871 columns, 3158 nonzeros

Root barrier log...

Ordering time: 0.00s

Barrier statistics:
 AA' NZ     : 1.137e+03
 Factor NZ  : 2.461e+03 (roughly 1 MByte of memory)
 Factor Ops : 1.130e+05 (less than 1 second per iteration)
 Threads    : 1

                  Objective                Residual
Iter       Primal          Dual         Primal    Dual     Compl     Time
   0  -1.07295900e+04 -6.96406226e+03  4.54e+01 1.33e-15  5.81e+00     0s
   1  -3.02951165e+03 -5.81823985e+03  1.94e+00 9.15e-01  1.02e+00     0s
   2  -2.82004154e+03 -3.24141564e+03  0.00e+00 8.35e-02  1.11e-01     0s
   3  -2.94197271e+03 -3.02330283e+03  0.00e+00 9.12e-03  2.13e-02     0s
   4  -2.95439546e+03 -2.99694747e+03  0.00e+00 2.66e-15  1.12e-02     0s
   5  -2.96829989e+03 -2.99071084e+03  0.00e+00 1.78e-15  5.88e-03     0s
   6  -2.97293408e+03 -2.98163133e+03  0.00e+00 1.78e-15  2.28e-03     0s
   7  -2.97418516e+03 -2.97872296e+03  0.00e+00 1.78e-15  1.19e-03     0s
   8  -2.97519036e+03 -2.97723336e+03  0.00e+00 1.78e-15  5.36e-04     0s
   9  -2.97554702e+03 -2.97638755e+03  0.00e+00 1.78e-15  2.20e-04     0s
  10  -2.97560891e+03 -2.97570177e+03  0.00e+00 1.78e-15  2.44e-05     0s
  11  -2.97563597e+03 -2.97565520e+03  0.00e+00 1.78e-15  5.04e-06     0s
  12  -2.97563953e+03 -2.97563955e+03  0.00e+00 1.78e-15  5.30e-09     0s

Barrier solved model in 12 iterations and 0.02 seconds
Optimal objective -2.97563953e+03


Root relaxation: objective -2.975640e+03, 35 iterations, 0.01 seconds

    Nodes    |    Current Node    |     Objective Bounds      |     Work
 Expl Unexpl |  Obj  Depth IntInf | Incumbent    BestBd   Gap | It/Node Time

     0     0 -2975.6395    0   34 -2807.4560 -2975.6395  5.99%     -    0s
H    0     0                    -2961.840000 -2975.6395  0.47%     -    0s

Explored 0 nodes (42 simplex iterations) in 0.03 seconds
Thread count was 20 (of 20 available processors)

Solution count 3: -2961.84 -2807.46 -245 
Pool objective bound -2975.64

Optimal solution found (tolerance 5.00e-02)
Best objective -2.961840000000e+03, best bound -2.975639533333e+03, gap 0.4659%
Changed value of parameter MIPGap to 0.05
   Prev: 0.0001  Min: 0.0  Max: 1e+100  Default: 0.0001
Changed value of parameter TimeLimit to 1800.0
   Prev: 1e+100  Min: 0.0  Max: 1e+100  Default: 1e+100
Changed value of parameter Method to 2
   Prev: -1  Min: -1  Max: 4  Default: -1
Changed value of parameter MIPFocus to 1
   Prev: 0  Min: 0  Max: 3  Default: 0
Optimize a model with 4164 rows, 6096 columns and 12192 nonzeros
Variable types: 0 continuous, 6096 integer (6096 binary)
Coefficient statistics:
  Matrix range     [1e+00, 5e+00]
  Objective range  [1e+00, 6e+00]
  Bounds range     [1e+00, 1e+00]
  RHS range        [8e+01, 8e+01]
Found heuristic solution: objective 0
Presolve removed 4093 rows and 4224 columns
Presolve time: 0.01s
Presolved: 71 rows, 1872 columns, 3159 nonzeros
Found heuristic solution: objective -3115.230000
Variable types: 0 continuous, 1872 integer (1846 binary)
Presolve removed 0 rows and 3 columns
Presolved: 71 rows, 1869 columns, 3156 nonzeros

Root barrier log...

Ordering time: 0.00s

Barrier statistics:
 AA' NZ     : 1.137e+03
 Factor NZ  : 2.461e+03 (roughly 1 MByte of memory)
 Factor Ops : 1.130e+05 (less than 1 second per iteration)
 Threads    : 1

                  Objective                Residual
Iter       Primal          Dual         Primal    Dual     Compl     Time
   0  -1.17366483e+04 -8.04768206e+03  4.54e+01 1.78e-15  6.90e+00     0s
   1  -3.30374833e+03 -6.70814934e+03  1.73e+00 1.13e+00  1.20e+00     0s
   2  -3.13887115e+03 -3.66845167e+03  0.00e+00 1.18e-01  1.40e-01     0s
   3  -3.28300166e+03 -3.37356974e+03  0.00e+00 1.05e-02  2.38e-02     0s
   4  -3.30179177e+03 -3.34347425e+03  0.00e+00 1.78e-15  1.09e-02     0s
   5  -3.31175534e+03 -3.33635638e+03  0.00e+00 1.78e-15  6.46e-03     0s
   6  -3.31767127e+03 -3.32812499e+03  0.00e+00 1.78e-15  2.74e-03     0s
   7  -3.32034402e+03 -3.32478851e+03  0.00e+00 1.78e-15  1.17e-03     0s
   8  -3.32135820e+03 -3.32334675e+03  0.00e+00 1.78e-15  5.22e-04     0s
   9  -3.32207080e+03 -3.32283011e+03  0.00e+00 3.55e-15  1.99e-04     0s
  10  -3.32238916e+03 -3.32244682e+03  0.00e+00 2.66e-15  1.51e-05     0s
  11  -3.32241043e+03 -3.32241105e+03  0.00e+00 3.55e-15  1.63e-07     0s
  12  -3.32241100e+03 -3.32241100e+03  0.00e+00 3.55e-15  1.63e-10     0s

Barrier solved model in 12 iterations and 0.02 seconds
Optimal objective -3.32241100e+03


Root relaxation: objective -3.322411e+03, 43 iterations, 0.01 seconds

    Nodes    |    Current Node    |     Objective Bounds      |     Work
 Expl Unexpl |  Obj  Depth IntInf | Incumbent    BestBd   Gap | It/Node Time

     0     0 -3322.4110    0   31 -3115.2300 -3322.4110  6.65%     -    0s
H    0     0                    -3307.460000 -3322.4110  0.45%     -    0s

Explored 0 nodes (43 simplex iterations) in 0.03 seconds
Thread count was 20 (of 20 available processors)

Solution count 3: -3307.46 -3115.23 -272.75 
Pool objective bound -3322.41

Optimal solution found (tolerance 5.00e-02)
Best objective -3.307460000000e+03, best bound -3.322410000000e+03, gap 0.4520%
Changed value of parameter MIPGap to 0.05
   Prev: 0.0001  Min: 0.0  Max: 1e+100  Default: 0.0001
Changed value of parameter TimeLimit to 1800.0
   Prev: 1e+100  Min: 0.0  Max: 1e+100  Default: 1e+100
Changed value of parameter Method to 2
   Prev: -1  Min: -1  Max: 4  Default: -1
Changed value of parameter MIPFocus to 1
   Prev: 0  Min: 0  Max: 3  Default: 0
Optimize a model with 4164 rows, 6096 columns and 12192 nonzeros
Variable types: 0 continuous, 6096 integer (6096 binary)
Coefficient statistics:
  Matrix range     [1e+00, 5e+00]
  Objective range  [1e+00, 1e+01]
  Bounds range     [1e+00, 1e+00]
  RHS range        [8e+01, 8e+01]
Found heuristic solution: objective 0
Presolve removed 4093 rows and 4224 columns
Presolve time: 0.01s
Presolved: 71 rows, 1872 columns, 3159 nonzeros
Found heuristic solution: objective -4675.580000
Variable types: 0 continuous, 1872 integer (1846 binary)
Presolved: 71 rows, 1872 columns, 3159 nonzeros

Root barrier log...

Ordering time: 0.00s

Barrier statistics:
 AA' NZ     : 1.137e+03
 Factor NZ  : 2.461e+03 (roughly 1 MByte of memory)
 Factor Ops : 1.130e+05 (less than 1 second per iteration)
 Threads    : 1

                  Objective                Residual
Iter       Primal          Dual         Primal    Dual     Compl     Time
   0  -1.68498180e+04 -1.45377021e+04  4.54e+01 2.66e-15  1.38e+01     0s
   1  -4.69062439e+03 -1.19768238e+04  1.08e+00 2.53e+00  2.33e+00     0s
   2  -4.70812759e+03 -5.92541192e+03  0.00e+00 3.30e-01  3.23e-01     0s
   3  -4.98778921e+03 -5.20454022e+03  0.00e+00 4.20e-02  5.70e-02     0s
   4  -5.05066674e+03 -5.09762631e+03  0.00e+00 7.12e-03  1.23e-02     0s
   5  -5.06674535e+03 -5.08263601e+03  0.00e+00 2.44e-03  4.17e-03     0s
   6  -5.06984819e+03 -5.07622704e+03  0.00e+00 7.37e-04  1.67e-03     0s
   7  -5.07262215e+03 -5.07463513e+03  0.00e+00 3.14e-04  5.28e-04     0s
   8  -5.07334902e+03 -5.07352330e+03  0.00e+00 3.46e-05  4.58e-05     0s
   9  -5.07336962e+03 -5.07337068e+03  0.00e+00 9.79e-08  2.80e-07     0s
  10  -5.07337000e+03 -5.07337000e+03  0.00e+00 5.33e-15  2.80e-10     0s

Barrier solved model in 10 iterations and 0.02 seconds
Optimal objective -5.07337000e+03


Root relaxation: objective -5.073370e+03, 35 iterations, 0.01 seconds

    Nodes    |    Current Node    |     Objective Bounds      |     Work
 Expl Unexpl |  Obj  Depth IntInf | Incumbent    BestBd   Gap | It/Node Time

     0     0 -5073.3700    0   30 -4675.5800 -5073.3700  8.51%     -    0s
H    0     0                    -5057.700000 -5073.3700  0.31%     -    0s

Explored 0 nodes (39 simplex iterations) in 0.03 seconds
Thread count was 20 (of 20 available processors)

Solution count 3: -5057.7 -4675.58 -411.5 
Pool objective bound -5073.37

Optimal solution found (tolerance 5.00e-02)
Best objective -5.057700000000e+03, best bound -5.073370000000e+03, gap 0.3098%
Changed value of parameter MIPGap to 0.05
   Prev: 0.0001  Min: 0.0  Max: 1e+100  Default: 0.0001
Changed value of parameter TimeLimit to 1800.0
   Prev: 1e+100  Min: 0.0  Max: 1e+100  Default: 1e+100
Changed value of parameter Method to 2
   Prev: -1  Min: -1  Max: 4  Default: -1
Changed value of parameter MIPFocus to 1
   Prev: 0  Min: 0  Max: 3  Default: 0
Optimize a model with 4164 rows, 6096 columns and 12192 nonzeros
Variable types: 0 continuous, 6096 integer (6096 binary)
Coefficient statistics:
  Matrix range     [1e+00, 5e+00]
  Objective range  [1e+00, 2e+01]
  Bounds range     [1e+00, 1e+00]
  RHS range        [8e+01, 8e+01]
Found heuristic solution: objective 0
Presolve removed 4093 rows and 4224 columns
Presolve time: 0.01s
Presolved: 71 rows, 1872 columns, 3159 nonzeros
Found heuristic solution: objective -7814.420000
Variable types: 0 continuous, 1872 integer (1846 binary)
Presolve removed 0 rows and 1 columns
Presolved: 71 rows, 1871 columns, 3158 nonzeros

Root barrier log...

Ordering time: 0.00s

Barrier statistics:
 AA' NZ     : 1.137e+03
 Factor NZ  : 2.461e+03 (roughly 1 MByte of memory)
 Factor Ops : 1.130e+05 (less than 1 second per iteration)
 Threads    : 1

                  Objective                Residual
Iter       Primal          Dual         Primal    Dual     Compl     Time
   0  -2.70274919e+04 -2.75169655e+04  4.54e+01 5.33e-15  2.75e+01     0s
   1  -7.59663940e+03 -2.25089482e+04  7.24e-01 5.34e+00  4.58e+00     0s
   2  -7.88437886e+03 -1.04172031e+04  0.00e+00 7.42e-01  6.74e-01     0s
   3  -8.43237666e+03 -8.91426839e+03  0.00e+00 1.17e-01  1.27e-01     0s
   4  -8.56448814e+03 -8.67369887e+03  0.00e+00 2.40e-02  2.88e-02     0s
   5  -8.58928531e+03 -8.62833132e+03  0.00e+00 8.29e-03  1.03e-02     0s
   6  -8.59935236e+03 -8.60948967e+03  0.00e+00 2.08e-03  2.67e-03     0s
   7  -8.60147684e+03 -8.60500578e+03  0.00e+00 7.68e-04  9.30e-04     0s
   8  -8.60213684e+03 -8.60261063e+03  0.00e+00 9.11e-05  1.25e-04     0s
   9  -8.60222281e+03 -8.60225929e+03  0.00e+00 6.85e-06  9.61e-06     0s
  10  -8.60222999e+03 -8.60223003e+03  0.00e+00 7.11e-15  9.69e-09     0s

Barrier solved model in 10 iterations and 0.02 seconds
Optimal objective -8.60222999e+03


Root relaxation: objective -8.602230e+03, 39 iterations, 0.01 seconds

    Nodes    |    Current Node    |     Objective Bounds      |     Work
 Expl Unexpl |  Obj  Depth IntInf | Incumbent    BestBd   Gap | It/Node Time

     0     0 -8602.2300    0   24 -7814.4200 -8602.2300  10.1%     -    0s
H    0     0                    -8575.300000 -8602.2300  0.31%     -    0s

Explored 0 nodes (48 simplex iterations) in 0.03 seconds
Thread count was 20 (of 20 available processors)

Solution count 3: -8575.3 -7814.42 -689 
Pool objective bound -8602.22

Optimal solution found (tolerance 5.00e-02)
Best objective -8.575300000000e+03, best bound -8.602220000000e+03, gap 0.3139%
Changed value of parameter MIPGap to 0.05
   Prev: 0.0001  Min: 0.0  Max: 1e+100  Default: 0.0001
Changed value of parameter TimeLimit to 1800.0
   Prev: 1e+100  Min: 0.0  Max: 1e+100  Default: 1e+100
Changed value of parameter Method to 2
   Prev: -1  Min: -1  Max: 4  Default: -1
Changed value of parameter MIPFocus to 1
   Prev: 0  Min: 0  Max: 3  Default: 0
Optimize a model with 4164 rows, 6096 columns and 12192 nonzeros
Variable types: 0 continuous, 6096 integer (6096 binary)
Coefficient statistics:
  Matrix range     [1e+00, 5e+00]
  Objective range  [1e+00, 4e+01]
  Bounds range     [1e+00, 1e+00]
  RHS range        [8e+01, 8e+01]
Found heuristic solution: objective 0
Presolve removed 4093 rows and 4224 columns
Presolve time: 0.01s
Presolved: 71 rows, 1872 columns, 3159 nonzeros
Found heuristic solution: objective -14129.44000
Variable types: 0 continuous, 1872 integer (1846 binary)
Presolved: 71 rows, 1872 columns, 3159 nonzeros

Root barrier log...

Ordering time: 0.00s

Barrier statistics:
 AA' NZ     : 1.137e+03
 Factor NZ  : 2.461e+03 (roughly 1 MByte of memory)
 Factor Ops : 1.130e+05 (less than 1 second per iteration)
 Threads    : 1

                  Objective                Residual
Iter       Primal          Dual         Primal    Dual     Compl     Time
   0  -4.74138132e+04 -5.34885341e+04  4.54e+01 1.07e-14  5.50e+01     0s
   1  -1.34817096e+04 -4.35866316e+04  5.40e-01 1.10e+01  9.07e+00     0s
   2  -1.42627265e+04 -1.93515366e+04  0.00e+00 1.54e+00  1.36e+00     0s
   3  -1.53480748e+04 -1.62801567e+04  0.00e+00 2.37e-01  2.46e-01     0s
   4  -1.56129315e+04 -1.58450032e+04  0.00e+00 6.06e-02  6.12e-02     0s
   5  -1.56544643e+04 -1.57410686e+04  0.00e+00 2.21e-02  2.28e-02     0s
   6  -1.56699001e+04 -1.56981220e+04  0.00e+00 5.95e-03  7.44e-03     0s
   7  -1.56790821e+04 -1.56877017e+04  0.00e+00 2.25e-03  2.28e-03     0s
   8  -1.56809149e+04 -1.56825952e+04  0.00e+00 4.49e-04  4.44e-04     0s
   9  -1.56812332e+04 -1.56813811e+04  0.00e+00 3.97e-05  3.91e-05     0s
  10  -1.56812532e+04 -1.56812535e+04  0.00e+00 2.13e-14  7.17e-08     0s
  11  -1.56812533e+04 -1.56812533e+04  0.00e+00 1.42e-14  7.45e-14     0s

Barrier solved model in 11 iterations and 0.02 seconds
Optimal objective -1.56812533e+04


Root relaxation: objective -1.568125e+04, 33 iterations, 0.01 seconds

    Nodes    |    Current Node    |     Objective Bounds      |     Work
 Expl Unexpl |  Obj  Depth IntInf | Incumbent    BestBd   Gap | It/Node Time

     0     0 -15681.253    0   26 -14129.440 -15681.253  11.0%     -    0s
H    0     0                    -15642.04000 -15681.253  0.25%     -    0s

Explored 0 nodes (34 simplex iterations) in 0.03 seconds
Thread count was 20 (of 20 available processors)

Solution count 3: -15642 -14129.4 -1244 
Pool objective bound -15681.2

Optimal solution found (tolerance 5.00e-02)
Best objective -1.564204000000e+04, best bound -1.568124000000e+04, gap 0.2506%
Changed value of parameter MIPGap to 0.05
   Prev: 0.0001  Min: 0.0  Max: 1e+100  Default: 0.0001
Changed value of parameter TimeLimit to 1800.0
   Prev: 1e+100  Min: 0.0  Max: 1e+100  Default: 1e+100
Changed value of parameter Method to 2
   Prev: -1  Min: -1  Max: 4  Default: -1
Changed value of parameter MIPFocus to 1
   Prev: 0  Min: 0  Max: 3  Default: 0
Optimize a model with 4164 rows, 6096 columns and 12192 nonzeros
Variable types: 0 continuous, 6096 integer (6096 binary)
Coefficient statistics:
  Matrix range     [1e+00, 5e+00]
  Objective range  [1e+00, 5e+01]
  Bounds range     [1e+00, 1e+00]
  RHS range        [8e+01, 8e+01]
Found heuristic solution: objective 0
Presolve removed 4093 rows and 4224 columns
Presolve time: 0.01s
Presolved: 71 rows, 1872 columns, 3159 nonzeros
Found heuristic solution: objective -17291.60000
Variable types: 0 continuous, 1872 integer (1846 binary)
Presolve removed 0 rows and 2 columns
Presolved: 71 rows, 1870 columns, 3157 nonzeros

Root barrier log...

Ordering time: 0.00s

Barrier statistics:
 AA' NZ     : 1.137e+03
 Factor NZ  : 2.461e+03 (roughly 1 MByte of memory)
 Factor Ops : 1.130e+05 (less than 1 second per iteration)
 Threads    : 1

                  Objective                Residual
Iter       Primal          Dual         Primal    Dual     Compl     Time
   0  -5.75357275e+04 -6.64717129e+04  4.54e+01 1.51e-14  6.88e+01     0s
   1  -1.64332261e+04 -5.41110174e+04  5.07e-01 1.38e+01  1.13e+01     0s
   2  -1.74554207e+04 -2.38101460e+04  0.00e+00 1.94e+00  1.70e+00     0s
   3  -1.88099885e+04 -1.99716070e+04  0.00e+00 3.00e-01  3.07e-01     0s
   4  -1.91453470e+04 -1.93689515e+04  0.00e+00 5.18e-02  5.90e-02     0s
   5  -1.91929537e+04 -1.92806405e+04  0.00e+00 1.99e-02  2.32e-02     0s
   6  -1.92125377e+04 -1.92408401e+04  0.00e+00 5.78e-03  7.47e-03     0s
   7  -1.92213201e+04 -1.92300951e+04  0.00e+00 2.04e-03  2.32e-03     0s
   8  -1.92238032e+04 -1.92252659e+04  0.00e+00 3.90e-04  3.87e-04     0s
   9  -1.92240146e+04 -1.92240410e+04  0.00e+00 4.14e-06  6.96e-06     0s
  10  -1.92240250e+04 -1.92240250e+04  0.00e+00 2.84e-14  6.96e-09     0s

Barrier solved model in 10 iterations and 0.02 seconds
Optimal objective -1.92240250e+04


Root relaxation: objective -1.922403e+04, 31 iterations, 0.01 seconds

    Nodes    |    Current Node    |     Objective Bounds      |     Work
 Expl Unexpl |  Obj  Depth IntInf | Incumbent    BestBd   Gap | It/Node Time

     0     0 -19224.025    0   34 -17291.600 -19224.025  11.2%     -    0s
H    0     0                    -19177.45000 -19224.025  0.24%     -    0s

Explored 0 nodes (37 simplex iterations) in 0.03 seconds
Thread count was 20 (of 20 available processors)

Solution count 3: -19177.4 -17291.6 -1521.5 
Pool objective bound -19224

Optimal solution found (tolerance 5.00e-02)
Best objective -1.917745000000e+04, best bound -1.922400000000e+04, gap 0.2427%
Changed value of parameter MIPGap to 0.05
   Prev: 0.0001  Min: 0.0  Max: 1e+100  Default: 0.0001
Changed value of parameter TimeLimit to 1800.0
   Prev: 1e+100  Min: 0.0  Max: 1e+100  Default: 1e+100
Changed value of parameter Method to 2
   Prev: -1  Min: -1  Max: 4  Default: -1
Changed value of parameter MIPFocus to 1
   Prev: 0  Min: 0  Max: 3  Default: 0
Optimize a model with 4164 rows, 6096 columns and 12192 nonzeros
Variable types: 0 continuous, 6096 integer (6096 binary)
Coefficient statistics:
  Matrix range     [1e+00, 5e+00]
  Objective range  [1e+00, 1e+02]
  Bounds range     [1e+00, 1e+00]
  RHS range        [8e+01, 8e+01]
Found heuristic solution: objective 0
Presolve removed 4093 rows and 4224 columns
Presolve time: 0.01s
Presolved: 71 rows, 1872 columns, 3159 nonzeros
Found heuristic solution: objective -32945.30000
Variable types: 0 continuous, 1872 integer (1846 binary)
Presolved: 71 rows, 1872 columns, 3159 nonzeros

Root barrier log...

Ordering time: 0.00s

Barrier statistics:
 AA' NZ     : 1.137e+03
 Factor NZ  : 2.461e+03 (roughly 1 MByte of memory)
 Factor Ops : 1.130e+05 (less than 1 second per iteration)
 Threads    : 1

                  Objective                Residual
Iter       Primal          Dual         Primal    Dual     Compl     Time
   0  -1.08538469e+05 -1.31390198e+05  4.54e+01 2.84e-14  1.38e+02     0s
   1  -3.11998463e+04 -1.06805802e+05  4.33e-01 2.78e+01  2.25e+01     0s
   2  -3.34253011e+04 -4.60789689e+04  0.00e+00 3.91e+00  3.38e+00     0s
   3  -3.61273031e+04 -3.84174595e+04  0.00e+00 6.05e-01  6.06e-01     0s
   4  -3.68237403e+04 -3.72835651e+04  0.00e+00 1.28e-01  1.22e-01     0s
   5  -3.68913358e+04 -3.70504143e+04  0.00e+00 3.80e-02  4.20e-02     0s
   6  -3.69233410e+04 -3.69875669e+04  0.00e+00 1.49e-02  1.70e-02     0s
   7  -3.69406132e+04 -3.69598707e+04  0.00e+00 5.25e-03  5.10e-03     0s
   8  -3.69432317e+04 -3.69489128e+04  0.00e+00 1.48e-03  1.50e-03     0s
   9  -3.69442636e+04 -3.69446130e+04  0.00e+00 5.68e-14  9.16e-05     0s
  10  -3.69444998e+04 -3.69445001e+04  0.00e+00 2.84e-14  9.39e-08     0s
  11  -3.69445000e+04 -3.69445000e+04  2.59e-15 4.26e-14  9.46e-14     0s

Barrier solved model in 11 iterations and 0.02 seconds
Optimal objective -3.69445000e+04


Root relaxation: objective -3.694450e+04, 30 iterations, 0.01 seconds

    Nodes    |    Current Node    |     Objective Bounds      |     Work
 Expl Unexpl |  Obj  Depth IntInf | Incumbent    BestBd   Gap | It/Node Time

     0     0 -36944.500    0   32 -32945.300 -36944.500  12.1%     -    0s
H    0     0                    -36855.80000 -36944.500  0.24%     -    0s

Explored 0 nodes (34 simplex iterations) in 0.03 seconds
Thread count was 20 (of 20 available processors)

Solution count 3: -36855.8 -32945.3 -2909 
Pool objective bound -36944.5

Optimal solution found (tolerance 5.00e-02)
Best objective -3.685580000000e+04, best bound -3.694450000000e+04, gap 0.2407%
Changed value of parameter MIPGap to 0.05
   Prev: 0.0001  Min: 0.0  Max: 1e+100  Default: 0.0001
Changed value of parameter TimeLimit to 1800.0
   Prev: 1e+100  Min: 0.0  Max: 1e+100  Default: 1e+100
Changed value of parameter Method to 2
   Prev: -1  Min: -1  Max: 4  Default: -1
Changed value of parameter MIPFocus to 1
   Prev: 0  Min: 0  Max: 3  Default: 0
Optimize a model with 4164 rows, 6096 columns and 12192 nonzeros
Variable types: 0 continuous, 6096 integer (6096 binary)
Coefficient statistics:
  Matrix range     [1e+00, 5e+00]
  Objective range  [2e+00, 2e+02]
  Bounds range     [1e+00, 1e+00]
  RHS range        [8e+01, 8e+01]
Found heuristic solution: objective 0
Presolve removed 4093 rows and 4224 columns
Presolve time: 0.01s
Presolved: 71 rows, 1872 columns, 3159 nonzeros
Found heuristic solution: objective -64349.00000
Variable types: 0 continuous, 1872 integer (1846 binary)
Presolved: 71 rows, 1872 columns, 3159 nonzeros

Root barrier log...

Ordering time: 0.00s

Barrier statistics:
 AA' NZ     : 1.137e+03
 Factor NZ  : 2.461e+03 (roughly 1 MByte of memory)
 Factor Ops : 1.130e+05 (less than 1 second per iteration)
 Threads    : 1

                  Objective                Residual
Iter       Primal          Dual         Primal    Dual     Compl     Time
   0  -2.10412400e+05 -2.61226305e+05  4.54e+01 4.97e-14  2.75e+02     0s
   1  -6.07511268e+04 -2.12170985e+05  3.96e-01 5.59e+01  4.50e+01     0s
   2  -6.53729451e+04 -9.05865900e+04  0.00e+00 7.84e+00  6.74e+00     0s
   3  -7.07710612e+04 -7.52754384e+04  0.00e+00 1.20e+00  1.19e+00     0s
   4  -7.21446470e+04 -7.31827025e+04  0.00e+00 3.07e-01  2.75e-01     0s
   5  -7.22889330e+04 -7.26368572e+04  0.00e+00 9.14e-02  9.20e-02     0s
   6  -7.23530718e+04 -7.24759330e+04  0.00e+00 3.08e-02  3.25e-02     0s
   7  -7.23806205e+04 -7.24147183e+04  0.00e+00 7.99e-03  9.02e-03     0s
   8  -7.23907210e+04 -7.23959318e+04  0.00e+00 1.26e-03  1.38e-03     0s
   9  -7.23920904e+04 -7.23921121e+04  0.00e+00 2.31e-06  5.73e-06     0s
  10  -7.23921000e+04 -7.23921000e+04  0.00e+00 1.14e-13  5.73e-09     0s

Barrier solved model in 10 iterations and 0.02 seconds
Optimal objective -7.23921000e+04


Root relaxation: objective -7.239210e+04, 33 iterations, 0.01 seconds

    Nodes    |    Current Node    |     Objective Bounds      |     Work
 Expl Unexpl |  Obj  Depth IntInf | Incumbent    BestBd   Gap | It/Node Time

     0     0 -72392.100    0   25 -64349.000 -72392.100  12.5%     -    0s
H    0     0                    -72232.60000 -72392.100  0.22%     -    0s

Explored 0 nodes (40 simplex iterations) in 0.03 seconds
Thread count was 20 (of 20 available processors)

Solution count 3: -72232.6 -64349 -5684 
Pool objective bound -72392

Optimal solution found (tolerance 5.00e-02)
Best objective -7.223260000000e+04, best bound -7.239200000000e+04, gap 0.2207%
Changed value of parameter MIPGap to 0.05
   Prev: 0.0001  Min: 0.0  Max: 1e+100  Default: 0.0001
Changed value of parameter TimeLimit to 1800.0
   Prev: 1e+100  Min: 0.0  Max: 1e+100  Default: 1e+100
Changed value of parameter Method to 2
   Prev: -1  Min: -1  Max: 4  Default: -1
Changed value of parameter MIPFocus to 1
   Prev: 0  Min: 0  Max: 3  Default: 0
Optimize a model with 4164 rows, 6096 columns and 12192 nonzeros
Variable types: 0 continuous, 6096 integer (6096 binary)
Coefficient statistics:
  Matrix range     [1e+00, 5e+00]
  Objective range  [3e+00, 5e+02]
  Bounds range     [1e+00, 1e+00]
  RHS range        [8e+01, 8e+01]
Found heuristic solution: objective 0
Presolve removed 4093 rows and 4224 columns
Presolve time: 0.01s
Presolved: 71 rows, 1872 columns, 3159 nonzeros
Found heuristic solution: objective -158779.5000
Variable types: 0 continuous, 1872 integer (1846 binary)
Presolve removed 0 rows and 1 columns
Presolved: 71 rows, 1871 columns, 3158 nonzeros

Root barrier log...

Ordering time: 0.00s

Barrier statistics:
 AA' NZ     : 1.137e+03
 Factor NZ  : 2.461e+03 (roughly 1 MByte of memory)
 Factor Ops : 1.130e+05 (less than 1 second per iteration)
 Threads    : 1

                  Objective                Residual
Iter       Primal          Dual         Primal    Dual     Compl     Time
   0  -5.15713793e+05 -6.50794801e+05  4.54e+01 1.14e-13  6.88e+02     0s
   1  -1.49409207e+05 -5.28257079e+05  3.75e-01 1.40e+02  1.12e+02     0s
   2  -1.61218331e+05 -2.24103426e+05  0.00e+00 1.96e+01  1.68e+01     0s
   3  -1.74709703e+05 -1.85807115e+05  0.00e+00 2.96e+00  2.94e+00     0s
   4  -1.78148990e+05 -1.80382553e+05  0.00e+00 6.31e-01  5.92e-01     0s
   5  -1.78507572e+05 -1.79311376e+05  0.00e+00 2.20e-01  2.13e-01     0s
   6  -1.78647133e+05 -1.78967700e+05  0.00e+00 8.67e-02  8.50e-02     0s
   7  -1.78707013e+05 -1.78811074e+05  0.00e+00 2.59e-02  2.76e-02     0s
   8  -1.78733997e+05 -1.78754903e+05  0.00e+00 4.99e-03  5.54e-03     0s
   9  -1.78740198e+05 -1.78740366e+05  0.00e+00 2.48e-05  4.44e-05     0s
  10  -1.78740250e+05 -1.78740250e+05  0.00e+00 2.27e-13  4.44e-08     0s
  11  -1.78740250e+05 -1.78740250e+05  8.69e-15 2.27e-13  5.22e-14     0s

Barrier solved model in 11 iterations and 0.02 seconds
Optimal objective -1.78740250e+05


Root relaxation: objective -1.787402e+05, 33 iterations, 0.01 seconds

    Nodes    |    Current Node    |     Objective Bounds      |     Work
 Expl Unexpl |  Obj  Depth IntInf | Incumbent    BestBd   Gap | It/Node Time

     0     0 -178740.25    0   25 -158779.50 -178740.25  12.6%     -    0s
H    0     0                    -178346.5000 -178740.25  0.22%     -    0s

Explored 0 nodes (38 simplex iterations) in 0.03 seconds
Thread count was 20 (of 20 available processors)

Solution count 3: -178346 -158780 -14009 
Pool objective bound -178740

Optimal solution found (tolerance 5.00e-02)
Best objective -1.783465000000e+05, best bound -1.787400000000e+05, gap 0.2206%
Changed value of parameter MIPGap to 0.05
   Prev: 0.0001  Min: 0.0  Max: 1e+100  Default: 0.0001
Changed value of parameter TimeLimit to 1800.0
   Prev: 1e+100  Min: 0.0  Max: 1e+100  Default: 1e+100
Changed value of parameter Method to 2
   Prev: -1  Min: -1  Max: 4  Default: -1
Changed value of parameter MIPFocus to 1
   Prev: 0  Min: 0  Max: 3  Default: 0
Optimize a model with 4164 rows, 6096 columns and 12192 nonzeros
Variable types: 0 continuous, 6096 integer (6096 binary)
Coefficient statistics:
  Matrix range     [1e+00, 5e+00]
  Objective range  [2e+01, 5e+03]
  Bounds range     [1e+00, 1e+00]
  RHS range        [8e+01, 8e+01]
Found heuristic solution: objective 0
Presolve removed 4093 rows and 4224 columns
Presolve time: 0.01s
Presolved: 71 rows, 1872 columns, 3159 nonzeros
Found heuristic solution: objective -1577613.000
Variable types: 0 continuous, 1872 integer (1846 binary)
Presolved: 71 rows, 1872 columns, 3159 nonzeros

Root barrier log...

Ordering time: 0.00s

Barrier statistics:
 AA' NZ     : 1.137e+03
 Factor NZ  : 2.461e+03 (roughly 1 MByte of memory)
 Factor Ops : 1.130e+05 (less than 1 second per iteration)
 Threads    : 1

                  Objective                Residual
Iter       Primal          Dual         Primal    Dual     Compl     Time
   0  -5.10035577e+06 -6.49443482e+06  4.54e+01 9.09e-13  6.88e+03     0s
   1  -1.47943809e+06 -5.27051309e+06  3.61e-01 1.41e+03  1.12e+03     0s
   2  -1.59894613e+06 -2.22683436e+06  0.00e+00 1.96e+02  1.68e+02     0s
   3  -1.73381308e+06 -1.84374522e+06  0.00e+00 2.94e+01  2.91e+01     0s
   4  -1.76802435e+06 -1.79016974e+06  0.00e+00 6.24e+00  5.86e+00     0s
   5  -1.77190769e+06 -1.77989157e+06  0.00e+00 2.17e+00  2.11e+00     0s
   6  -1.77313443e+06 -1.77580805e+06  0.00e+00 6.35e-01  7.08e-01     0s
   7  -1.77372020e+06 -1.77447044e+06  0.00e+00 1.64e-01  1.98e-01     0s
   8  -1.77396286e+06 -1.77409254e+06  0.00e+00 3.58e-02  3.44e-02     0s
   9  -1.77397872e+06 -1.77397940e+06  0.00e+00 1.32e-05  1.79e-04     0s
  10  -1.77397900e+06 -1.77397900e+06  0.00e+00 1.82e-12  1.79e-07     0s
  11  -1.77397900e+06 -1.77397900e+06  6.82e-15 1.82e-12  3.80e-13     0s

Barrier solved model in 11 iterations and 0.02 seconds
Optimal objective -1.77397900e+06


Root relaxation: objective -1.773979e+06, 33 iterations, 0.01 seconds

    Nodes    |    Current Node    |     Objective Bounds      |     Work
 Expl Unexpl |  Obj  Depth IntInf | Incumbent    BestBd   Gap | It/Node Time

     0     0 -1773979.0    0   25 -1577613.0 -1773979.0  12.4%     -    0s
H    0     0                    -1770127.000 -1773979.0  0.22%     -    0s

Explored 0 nodes (35 simplex iterations) in 0.03 seconds
Thread count was 20 (of 20 available processors)

Solution count 3: -1.77013e+06 -1.57761e+06 -138884 
Pool objective bound -1.77398e+06

Optimal solution found (tolerance 5.00e-02)
Best objective -1.770127000000e+06, best bound -1.773979000000e+06, gap 0.2176%
