Changed value of parameter MIPGap to 0.05
   Prev: 0.0001  Min: 0.0  Max: 1e+100  Default: 0.0001
Changed value of parameter TimeLimit to 1800.0
   Prev: 1e+100  Min: 0.0  Max: 1e+100  Default: 1e+100
Changed value of parameter Method to 2
   Prev: -1  Min: -1  Max: 4  Default: -1
Changed value of parameter MIPFocus to 1
   Prev: 0  Min: 0  Max: 3  Default: 0
Optimize a model with 10236 rows, 53548 columns and 107096 nonzeros
Variable types: 0 continuous, 53548 integer (53548 binary)
Coefficient statistics:
  Matrix range     [1e+00, 2e+01]
  Objective range  [1e+00, 1e+00]
  Bounds range     [1e+00, 1e+00]
  RHS range        [8e+01, 8e+01]
Found heuristic solution: objective 0
Presolve time: 0.15s
Presolved: 10236 rows, 53548 columns, 107096 nonzeros
Variable types: 0 continuous, 53548 integer (53548 binary)
Presolved: 10236 rows, 53548 columns, 107096 nonzeros

Root barrier log...

Ordering time: 0.01s

Barrier statistics:
 AA' NZ     : 5.355e+04
 Factor NZ  : 2.300e+05 (roughly 30 MBytes of memory)
 Factor Ops : 3.758e+07 (less than 1 second per iteration)
 Threads    : 1

                  Objective                Residual
Iter       Primal          Dual         Primal    Dual     Compl     Time
   0  -2.18585761e+04 -4.46903272e+04  7.78e+01 0.00e+00  2.93e+00     0s
   1  -9.06557076e+03 -3.26792264e+04  1.79e+01 7.22e-16  7.08e-01     0s
   2  -5.14253246e+03 -1.48089008e+04  2.05e+00 8.88e-16  1.23e-01     0s
   3  -4.63031828e+03 -5.79259061e+03  1.71e-01 1.55e-15  1.18e-02     0s
   4  -4.63035407e+03 -4.80150260e+03  4.00e-02 6.66e-16  1.76e-03     0s
   5  -4.63080516e+03 -4.63941072e+03  1.09e-02 4.44e-16  1.23e-04     0s
   6  -4.63097386e+03 -4.63144554e+03  1.38e-03 4.44e-16  9.75e-06     0s
   7  -4.63099940e+03 -4.63100045e+03  3.55e-14 1.11e-15  9.74e-09     0s
   8  -4.63100000e+03 -4.63100000e+03  1.11e-13 4.44e-16  1.02e-14     0s

Barrier solved model in 8 iterations and 0.43 seconds
Optimal objective -4.63100000e+03


Root relaxation: objective -4.631000e+03, 47558 iterations, 0.53 seconds

    Nodes    |    Current Node    |     Objective Bounds      |     Work
 Expl Unexpl |  Obj  Depth IntInf | Incumbent    BestBd   Gap | It/Node Time

     0     0 -4631.0000    0  298    0.00000 -4631.0000      -     -    1s
H    0     0                    -4579.000000 -4631.0000  1.14%     -    1s

Explored 0 nodes (60527 simplex iterations) in 1.25 seconds
Thread count was 20 (of 20 available processors)

Solution count 2: -4579 0 
Pool objective bound -4631

Optimal solution found (tolerance 5.00e-02)
Best objective -4.579000000000e+03, best bound -4.631000000000e+03, gap 1.1356%
Changed value of parameter MIPGap to 0.05
   Prev: 0.0001  Min: 0.0  Max: 1e+100  Default: 0.0001
Changed value of parameter TimeLimit to 1800.0
   Prev: 1e+100  Min: 0.0  Max: 1e+100  Default: 1e+100
Changed value of parameter Method to 2
   Prev: -1  Min: -1  Max: 4  Default: -1
Changed value of parameter MIPFocus to 1
   Prev: 0  Min: 0  Max: 3  Default: 0
Optimize a model with 10236 rows, 53548 columns and 107096 nonzeros
Variable types: 0 continuous, 53548 integer (53548 binary)
Coefficient statistics:
  Matrix range     [1e+00, 2e+01]
  Objective range  [1e+00, 1e+00]
  Bounds range     [1e+00, 1e+00]
  RHS range        [8e+01, 8e+01]
Found heuristic solution: objective 0
Presolve time: 0.14s
Presolved: 10236 rows, 53548 columns, 107096 nonzeros
Variable types: 0 continuous, 53548 integer (53548 binary)
Presolved: 10236 rows, 53548 columns, 107096 nonzeros

Root barrier log...

Ordering time: 0.01s

Barrier statistics:
 AA' NZ     : 5.355e+04
 Factor NZ  : 2.300e+05 (roughly 30 MBytes of memory)
 Factor Ops : 3.758e+07 (less than 1 second per iteration)
 Threads    : 1

                  Objective                Residual
Iter       Primal          Dual         Primal    Dual     Compl     Time
   0  -2.18771553e+04 -4.47096367e+04  7.78e+01 0.00e+00  2.93e+00     0s
   1  -9.07341666e+03 -3.26944698e+04  1.79e+01 8.88e-16  7.08e-01     0s
   2  -5.14785405e+03 -1.48171904e+04  2.06e+00 1.11e-15  1.23e-01     0s
   3  -4.63349537e+03 -5.80096659e+03  1.71e-01 1.55e-15  1.18e-02     0s
   4  -4.63357450e+03 -4.80437017e+03  4.02e-02 2.66e-15  1.76e-03     0s
   5  -4.63403810e+03 -4.64256557e+03  1.10e-02 1.55e-15  1.22e-04     0s
   6  -4.63421199e+03 -4.63466320e+03  1.25e-03 1.33e-15  9.08e-06     0s
   7  -4.63423545e+03 -4.63423643e+03  3.04e-14 4.44e-15  9.07e-09     0s
   8  -4.63423600e+03 -4.63423600e+03  1.13e-13 4.44e-16  9.43e-15     0s

Barrier solved model in 8 iterations and 0.39 seconds
Optimal objective -4.63423600e+03


Root relaxation: objective -4.634236e+03, 47489 iterations, 0.48 seconds

    Nodes    |    Current Node    |     Objective Bounds      |     Work
 Expl Unexpl |  Obj  Depth IntInf | Incumbent    BestBd   Gap | It/Node Time

     0     0 -4634.2360    0  306    0.00000 -4634.2360      -     -    1s
H    0     0                    -4582.150500 -4634.2360  1.14%     -    1s

Explored 0 nodes (60461 simplex iterations) in 1.18 seconds
Thread count was 20 (of 20 available processors)

Solution count 2: -4582.15 0 
Pool objective bound -4634.24

Optimal solution found (tolerance 5.00e-02)
Best objective -4.582150500000e+03, best bound -4.634236000000e+03, gap 1.1367%
Changed value of parameter MIPGap to 0.05
   Prev: 0.0001  Min: 0.0  Max: 1e+100  Default: 0.0001
Changed value of parameter TimeLimit to 1800.0
   Prev: 1e+100  Min: 0.0  Max: 1e+100  Default: 1e+100
Changed value of parameter Method to 2
   Prev: -1  Min: -1  Max: 4  Default: -1
Changed value of parameter MIPFocus to 1
   Prev: 0  Min: 0  Max: 3  Default: 0
Optimize a model with 10236 rows, 53548 columns and 107096 nonzeros
Variable types: 0 continuous, 53548 integer (53548 binary)
Coefficient statistics:
  Matrix range     [1e+00, 2e+01]
  Objective range  [1e+00, 1e+00]
  Bounds range     [1e+00, 1e+00]
  RHS range        [8e+01, 8e+01]
Found heuristic solution: objective 0
Presolve time: 0.14s
Presolved: 10236 rows, 53548 columns, 107096 nonzeros
Variable types: 0 continuous, 53548 integer (53548 binary)
Presolved: 10236 rows, 53548 columns, 107096 nonzeros

Root barrier log...

Ordering time: 0.01s

Barrier statistics:
 AA' NZ     : 5.355e+04
 Factor NZ  : 2.300e+05 (roughly 30 MBytes of memory)
 Factor Ops : 3.758e+07 (less than 1 second per iteration)
 Threads    : 1

                  Objective                Residual
Iter       Primal          Dual         Primal    Dual     Compl     Time
   0  -2.18957344e+04 -4.47289462e+04  7.78e+01 0.00e+00  2.93e+00     0s
   1  -9.08126871e+03 -3.27097139e+04  1.79e+01 7.77e-16  7.08e-01     0s
   2  -5.15317929e+03 -1.48254869e+04  2.07e+00 1.11e-15  1.23e-01     0s
   3  -4.63667112e+03 -5.80928176e+03  1.71e-01 1.55e-15  1.19e-02     0s
   4  -4.63679451e+03 -4.80721145e+03  4.04e-02 9.77e-15  1.75e-03     0s
   5  -4.63727093e+03 -4.64571903e+03  1.11e-02 1.78e-15  1.22e-04     0s
   6  -4.63744992e+03 -4.63788336e+03  1.14e-03 8.88e-16  8.48e-06     0s
   7  -4.63747150e+03 -4.63747241e+03  5.17e-14 4.44e-16  8.47e-09     0s
   8  -4.63747200e+03 -4.63747200e+03  2.47e-13 6.66e-16  8.72e-15     0s

Barrier solved model in 8 iterations and 0.38 seconds
Optimal objective -4.63747200e+03


Root relaxation: objective -4.637472e+03, 47608 iterations, 0.52 seconds

    Nodes    |    Current Node    |     Objective Bounds      |     Work
 Expl Unexpl |  Obj  Depth IntInf | Incumbent    BestBd   Gap | It/Node Time

     0     0 -4637.4720    0  341    0.00000 -4637.4720      -     -    1s
H    0     0                    -4587.324000 -4637.4720  1.09%     -    1s

Explored 0 nodes (60654 simplex iterations) in 1.21 seconds
Thread count was 20 (of 20 available processors)

Solution count 2: -4587.32 0 
Pool objective bound -4637.47

Optimal solution found (tolerance 5.00e-02)
Best objective -4.587324000000e+03, best bound -4.637472000000e+03, gap 1.0932%
Changed value of parameter MIPGap to 0.05
   Prev: 0.0001  Min: 0.0  Max: 1e+100  Default: 0.0001
Changed value of parameter TimeLimit to 1800.0
   Prev: 1e+100  Min: 0.0  Max: 1e+100  Default: 1e+100
Changed value of parameter Method to 2
   Prev: -1  Min: -1  Max: 4  Default: -1
Changed value of parameter MIPFocus to 1
   Prev: 0  Min: 0  Max: 3  Default: 0
Optimize a model with 10236 rows, 53548 columns and 107096 nonzeros
Variable types: 0 continuous, 53548 integer (53548 binary)
Coefficient statistics:
  Matrix range     [1e+00, 2e+01]
  Objective range  [1e+00, 1e+00]
  Bounds range     [1e+00, 1e+00]
  RHS range        [8e+01, 8e+01]
Found heuristic solution: objective 0
Presolve time: 0.14s
Presolved: 10236 rows, 53548 columns, 107096 nonzeros
Variable types: 0 continuous, 53548 integer (53548 binary)
Presolved: 10236 rows, 53548 columns, 107096 nonzeros

Root barrier log...

Ordering time: 0.01s

Barrier statistics:
 AA' NZ     : 5.355e+04
 Factor NZ  : 2.300e+05 (roughly 30 MBytes of memory)
 Factor Ops : 3.758e+07 (less than 1 second per iteration)
 Threads    : 1

                  Objective                Residual
Iter       Primal          Dual         Primal    Dual     Compl     Time
   0  -2.19328926e+04 -4.47675652e+04  7.78e+01 0.00e+00  2.93e+00     0s
   1  -9.09699124e+03 -3.27402044e+04  1.79e+01 7.22e-16  7.09e-01     0s
   2  -5.16384496e+03 -1.48421002e+04  2.08e+00 1.11e-15  1.24e-01     0s
   3  -4.64185920e+03 -5.82617408e+03  1.64e-01 2.00e-15  1.20e-02     0s
   4  -4.64288768e+03 -4.79385745e+03  3.88e-02 5.74e-16  1.57e-03     0s
   5  -4.64365492e+03 -4.65198860e+03  1.04e-02 1.33e-15  1.18e-04     0s
   6  -4.64391729e+03 -4.64431749e+03  9.08e-04 3.11e-15  7.29e-06     0s
   7  -4.64394359e+03 -4.64394437e+03  3.95e-14 2.66e-15  7.28e-09     0s
   8  -4.64394400e+03 -4.64394400e+03  6.39e-14 4.44e-16  7.70e-15     0s

Barrier solved model in 8 iterations and 0.38 seconds
Optimal objective -4.64394400e+03


Root relaxation: objective -4.643944e+03, 46984 iterations, 0.46 seconds

    Nodes    |    Current Node    |     Objective Bounds      |     Work
 Expl Unexpl |  Obj  Depth IntInf | Incumbent    BestBd   Gap | It/Node Time

     0     0 -4643.9440    0  327    0.00000 -4643.9440      -     -    1s
H    0     0                    -4596.640000 -4643.9440  1.03%     -    1s

Explored 0 nodes (60062 simplex iterations) in 1.11 seconds
Thread count was 20 (of 20 available processors)

Solution count 2: -4596.64 0 
Pool objective bound -4643.94

Optimal solution found (tolerance 5.00e-02)
Best objective -4.596640000000e+03, best bound -4.643944000000e+03, gap 1.0291%
Changed value of parameter MIPGap to 0.05
   Prev: 0.0001  Min: 0.0  Max: 1e+100  Default: 0.0001
Changed value of parameter TimeLimit to 1800.0
   Prev: 1e+100  Min: 0.0  Max: 1e+100  Default: 1e+100
Changed value of parameter Method to 2
   Prev: -1  Min: -1  Max: 4  Default: -1
Changed value of parameter MIPFocus to 1
   Prev: 0  Min: 0  Max: 3  Default: 0
Optimize a model with 10236 rows, 53548 columns and 107096 nonzeros
Variable types: 0 continuous, 53548 integer (53548 binary)
Coefficient statistics:
  Matrix range     [1e+00, 2e+01]
  Objective range  [1e+00, 1e+00]
  Bounds range     [1e+00, 1e+00]
  RHS range        [8e+01, 8e+01]
Found heuristic solution: objective 0
Presolve time: 0.14s
Presolved: 10236 rows, 53548 columns, 107096 nonzeros
Variable types: 0 continuous, 53548 integer (53548 binary)
Presolved: 10236 rows, 53548 columns, 107096 nonzeros

Root barrier log...

Ordering time: 0.01s

Barrier statistics:
 AA' NZ     : 5.355e+04
 Factor NZ  : 2.300e+05 (roughly 30 MBytes of memory)
 Factor Ops : 3.758e+07 (less than 1 second per iteration)
 Threads    : 1

                  Objective                Residual
Iter       Primal          Dual         Primal    Dual     Compl     Time
   0  -2.20072089e+04 -4.48448031e+04  7.78e+01 0.00e+00  2.94e+00     0s
   1  -9.12850959e+03 -3.28011942e+04  1.79e+01 7.77e-16  7.11e-01     0s
   2  -5.18520326e+03 -1.48754063e+04  2.11e+00 1.11e-15  1.24e-01     0s
   3  -4.65406527e+03 -5.85982290e+03  1.64e-01 1.33e-15  1.22e-02     0s
   4  -4.65564126e+03 -4.80410857e+03  3.95e-02 4.44e-16  1.55e-03     0s
   5  -4.65655258e+03 -4.66458821e+03  1.06e-02 6.66e-16  1.16e-04     0s
   6  -4.65686133e+03 -4.65722720e+03  8.08e-04 6.66e-16  6.58e-06     0s
   7  -4.65688763e+03 -4.65688834e+03  6.17e-14 2.00e-15  6.57e-09     0s
   8  -4.65688800e+03 -4.65688800e+03  1.65e-13 4.44e-16  7.32e-15     0s

Barrier solved model in 8 iterations and 0.38 seconds
Optimal objective -4.65688800e+03


Root relaxation: objective -4.656888e+03, 47192 iterations, 0.48 seconds

    Nodes    |    Current Node    |     Objective Bounds      |     Work
 Expl Unexpl |  Obj  Depth IntInf | Incumbent    BestBd   Gap | It/Node Time

     0     0 -4656.8880    0  361    0.00000 -4656.8880      -     -    1s
H    0     0                    -4605.152000 -4656.8880  1.12%     -    1s

Explored 0 nodes (57639 simplex iterations) in 1.16 seconds
Thread count was 20 (of 20 available processors)

Solution count 2: -4605.15 0 
Pool objective bound -4656.89

Optimal solution found (tolerance 5.00e-02)
Best objective -4.605152000000e+03, best bound -4.656888000000e+03, gap 1.1234%
Changed value of parameter MIPGap to 0.05
   Prev: 0.0001  Min: 0.0  Max: 1e+100  Default: 0.0001
Changed value of parameter TimeLimit to 1800.0
   Prev: 1e+100  Min: 0.0  Max: 1e+100  Default: 1e+100
Changed value of parameter Method to 2
   Prev: -1  Min: -1  Max: 4  Default: -1
Changed value of parameter MIPFocus to 1
   Prev: 0  Min: 0  Max: 3  Default: 0
Optimize a model with 10236 rows, 53548 columns and 107096 nonzeros
Variable types: 0 continuous, 53548 integer (53548 binary)
Coefficient statistics:
  Matrix range     [1e+00, 2e+01]
  Objective range  [1e+00, 1e+00]
  Bounds range     [1e+00, 1e+00]
  RHS range        [8e+01, 8e+01]
Found heuristic solution: objective 0
Presolve time: 0.14s
Presolved: 10236 rows, 53548 columns, 107096 nonzeros
Variable types: 0 continuous, 53548 integer (53548 binary)
Presolved: 10236 rows, 53548 columns, 107096 nonzeros

Root barrier log...

Ordering time: 0.01s

Barrier statistics:
 AA' NZ     : 5.355e+04
 Factor NZ  : 2.300e+05 (roughly 30 MBytes of memory)
 Factor Ops : 3.758e+07 (less than 1 second per iteration)
 Threads    : 1

                  Objective                Residual
Iter       Primal          Dual         Primal    Dual     Compl     Time
   0  -2.20443670e+04 -4.48834221e+04  7.78e+01 0.00e+00  2.94e+00     0s
   1  -9.14430520e+03 -3.28316933e+04  1.79e+01 8.88e-16  7.11e-01     0s
   2  -5.19588776e+03 -1.48920987e+04  2.12e+00 8.88e-16  1.25e-01     0s
   3  -4.66044272e+03 -5.89249756e+03  1.70e-01 1.33e-15  1.25e-02     0s
   4  -4.66215281e+03 -4.83316247e+03  4.08e-02 4.53e-16  1.76e-03     0s
   5  -4.66302194e+03 -4.67124162e+03  1.12e-02 6.66e-16  1.21e-04     0s
   6  -4.66333329e+03 -4.66371798e+03  8.60e-04 6.66e-16  6.94e-06     0s
   7  -4.66335961e+03 -4.66336036e+03  4.15e-14 4.88e-15  6.93e-09     0s
   8  -4.66336000e+03 -4.66336000e+03  1.45e-13 4.44e-16  6.96e-15     0s

Barrier solved model in 8 iterations and 0.38 seconds
Optimal objective -4.66336000e+03


Root relaxation: objective -4.663360e+03, 47287 iterations, 0.45 seconds

    Nodes    |    Current Node    |     Objective Bounds      |     Work
 Expl Unexpl |  Obj  Depth IntInf | Incumbent    BestBd   Gap | It/Node Time

     0     0 -4663.3600    0  322    0.00000 -4663.3600      -     -    1s
H    0     0                    -4614.560000 -4663.3600  1.06%     -    1s

Explored 0 nodes (62941 simplex iterations) in 1.17 seconds
Thread count was 20 (of 20 available processors)

Solution count 2: -4614.56 0 
Pool objective bound -4663.36

Optimal solution found (tolerance 5.00e-02)
Best objective -4.614560000000e+03, best bound -4.663360000000e+03, gap 1.0575%
Changed value of parameter MIPGap to 0.05
   Prev: 0.0001  Min: 0.0  Max: 1e+100  Default: 0.0001
Changed value of parameter TimeLimit to 1800.0
   Prev: 1e+100  Min: 0.0  Max: 1e+100  Default: 1e+100
Changed value of parameter Method to 2
   Prev: -1  Min: -1  Max: 4  Default: -1
Changed value of parameter MIPFocus to 1
   Prev: 0  Min: 0  Max: 3  Default: 0
Optimize a model with 10236 rows, 53548 columns and 107096 nonzeros
Variable types: 0 continuous, 53548 integer (53548 binary)
Coefficient statistics:
  Matrix range     [1e+00, 2e+01]
  Objective range  [1e+00, 1e+00]
  Bounds range     [1e+00, 1e+00]
  RHS range        [8e+01, 8e+01]
Found heuristic solution: objective 0
Presolve time: 0.14s
Presolved: 10236 rows, 53548 columns, 107096 nonzeros
Variable types: 0 continuous, 53548 integer (53548 binary)
Presolved: 10236 rows, 53548 columns, 107096 nonzeros

Root barrier log...

Ordering time: 0.01s

Barrier statistics:
 AA' NZ     : 5.355e+04
 Factor NZ  : 2.300e+05 (roughly 30 MBytes of memory)
 Factor Ops : 3.758e+07 (less than 1 second per iteration)
 Threads    : 1

                  Objective                Residual
Iter       Primal          Dual         Primal    Dual     Compl     Time
   0  -2.22301569e+04 -4.50765170e+04  7.78e+01 0.00e+00  2.95e+00     0s
   1  -9.22364353e+03 -3.29842302e+04  1.80e+01 7.77e-16  7.15e-01     0s
   2  -5.24952864e+03 -1.49759513e+04  2.19e+00 8.88e-16  1.26e-01     0s
   3  -4.69082518e+03 -5.97484749e+03  1.65e-01 1.33e-15  1.29e-02     0s
   4  -4.69392430e+03 -4.84561547e+03  4.14e-02 4.66e-15  1.59e-03     0s
   5  -4.69524299e+03 -4.70277048e+03  1.13e-02 3.11e-15  1.15e-04     0s
   6  -4.69568542e+03 -4.69603225e+03  5.39e-04 1.33e-15  5.35e-06     0s
   7  -4.69571974e+03 -4.69572031e+03  6.58e-14 1.78e-15  5.35e-09     0s
   8  -4.69572000e+03 -4.69572000e+03  2.21e-13 4.44e-16  5.84e-15     0s

Barrier solved model in 8 iterations and 0.38 seconds
Optimal objective -4.69572000e+03


Root relaxation: objective -4.695720e+03, 46860 iterations, 0.47 seconds

    Nodes    |    Current Node    |     Objective Bounds      |     Work
 Expl Unexpl |  Obj  Depth IntInf | Incumbent    BestBd   Gap | It/Node Time

     0     0 -4695.7200    0  409    0.00000 -4695.7200      -     -    1s
H    0     0                    -4646.260000 -4695.7200  1.06%     -    1s

Explored 0 nodes (56001 simplex iterations) in 1.12 seconds
Thread count was 20 (of 20 available processors)

Solution count 2: -4646.26 0 
Pool objective bound -4695.72

Optimal solution found (tolerance 5.00e-02)
Best objective -4.646260000000e+03, best bound -4.695720000000e+03, gap 1.0645%
Changed value of parameter MIPGap to 0.05
   Prev: 0.0001  Min: 0.0  Max: 1e+100  Default: 0.0001
Changed value of parameter TimeLimit to 1800.0
   Prev: 1e+100  Min: 0.0  Max: 1e+100  Default: 1e+100
Changed value of parameter Method to 2
   Prev: -1  Min: -1  Max: 4  Default: -1
Changed value of parameter MIPFocus to 1
   Prev: 0  Min: 0  Max: 3  Default: 0
Optimize a model with 10236 rows, 53548 columns and 107096 nonzeros
Variable types: 0 continuous, 53548 integer (53548 binary)
Coefficient statistics:
  Matrix range     [1e+00, 2e+01]
  Objective range  [1e+00, 1e+00]
  Bounds range     [1e+00, 1e+00]
  RHS range        [8e+01, 8e+01]
Found heuristic solution: objective 0
Presolve time: 0.14s
Presolved: 10236 rows, 53548 columns, 107096 nonzeros
Variable types: 0 continuous, 53548 integer (53548 binary)
Presolved: 10236 rows, 53548 columns, 107096 nonzeros

Root barrier log...

Ordering time: 0.01s

Barrier statistics:
 AA' NZ     : 5.355e+04
 Factor NZ  : 2.300e+05 (roughly 30 MBytes of memory)
 Factor Ops : 3.758e+07 (less than 1 second per iteration)
 Threads    : 1

                  Objective                Residual
Iter       Primal          Dual         Primal    Dual     Compl     Time
   0  -2.26017338e+04 -4.54627067e+04  7.78e+01 0.00e+00  2.97e+00     0s
   1  -9.38408070e+03 -3.32894941e+04  1.81e+01 8.88e-16  7.23e-01     0s
   2  -5.35772580e+03 -1.51454729e+04  2.32e+00 8.88e-16  1.29e-01     0s
   3  -4.75197885e+03 -6.16130291e+03  1.62e-01 1.33e-15  1.41e-02     0s
   4  -4.75625358e+03 -4.95037149e+03  3.61e-02 1.11e-15  1.96e-03     0s
   5  -4.75945550e+03 -4.76849436e+03  8.49e-03 4.44e-16  1.18e-04     0s
   6  -4.76040289e+03 -4.76070436e+03  2.42e-04 6.00e-15  3.77e-06     0s
   7  -4.76043986e+03 -4.76044026e+03  3.24e-14 6.66e-15  3.77e-09     0s
   8  -4.76044000e+03 -4.76044000e+03  6.01e-14 6.66e-16  4.19e-15     0s

Barrier solved model in 8 iterations and 0.38 seconds
Optimal objective -4.76044000e+03


Root relaxation: objective -4.760440e+03, 46704 iterations, 0.50 seconds

    Nodes    |    Current Node    |     Objective Bounds      |     Work
 Expl Unexpl |  Obj  Depth IntInf | Incumbent    BestBd   Gap | It/Node Time

     0     0 -4760.4400    0  315    0.00000 -4760.4400      -     -    1s
H    0     0                    -4707.800000 -4760.4400  1.12%     -    1s

Explored 0 nodes (58361 simplex iterations) in 1.15 seconds
Thread count was 20 (of 20 available processors)

Solution count 2: -4707.8 0 
Pool objective bound -4760.44

Optimal solution found (tolerance 5.00e-02)
Best objective -4.707800000000e+03, best bound -4.760440000000e+03, gap 1.1181%
Changed value of parameter MIPGap to 0.05
   Prev: 0.0001  Min: 0.0  Max: 1e+100  Default: 0.0001
Changed value of parameter TimeLimit to 1800.0
   Prev: 1e+100  Min: 0.0  Max: 1e+100  Default: 1e+100
Changed value of parameter Method to 2
   Prev: -1  Min: -1  Max: 4  Default: -1
Changed value of parameter MIPFocus to 1
   Prev: 0  Min: 0  Max: 3  Default: 0
Optimize a model with 10236 rows, 53548 columns and 107096 nonzeros
Variable types: 0 continuous, 53548 integer (53548 binary)
Coefficient statistics:
  Matrix range     [1e+00, 2e+01]
  Objective range  [1e+00, 1e+00]
  Bounds range     [1e+00, 1e+00]
  RHS range        [8e+01, 8e+01]
Found heuristic solution: objective 0
Presolve time: 0.14s
Presolved: 10236 rows, 53548 columns, 107096 nonzeros
Variable types: 0 continuous, 53548 integer (53548 binary)
Presolved: 10236 rows, 53548 columns, 107096 nonzeros

Root barrier log...

Ordering time: 0.01s

Barrier statistics:
 AA' NZ     : 5.355e+04
 Factor NZ  : 2.300e+05 (roughly 30 MBytes of memory)
 Factor Ops : 3.758e+07 (less than 1 second per iteration)
 Threads    : 1

                  Objective                Residual
Iter       Primal          Dual         Primal    Dual     Compl     Time
   0  -2.33448765e+04 -4.62350861e+04  7.78e+01 0.00e+00  3.02e+00     0s
   1  -9.71165082e+03 -3.39006615e+04  1.82e+01 7.77e-16  7.39e-01     0s
   2  -5.76612194e+03 -1.63235747e+04  3.15e+00 1.11e-15  1.53e-01     0s
   3  -4.87507516e+03 -6.70314147e+03  1.84e-01 1.78e-15  1.83e-02     0s
   4  -4.88264660e+03 -5.22505122e+03  4.50e-02 6.66e-16  3.39e-03     0s
   5  -4.88777045e+03 -4.90596983e+03  1.33e-02 5.00e-16  2.24e-04     0s
   6  -4.88982436e+03 -4.89022238e+03  2.94e-04 1.11e-15  4.90e-06     0s
   7  -4.88987981e+03 -4.88988034e+03  2.84e-13 6.66e-16  4.91e-09     0s
   8  -4.88988000e+03 -4.88988000e+03  9.05e-13 6.66e-16  4.99e-15     0s

Barrier solved model in 8 iterations and 0.39 seconds
Optimal objective -4.88988000e+03


Root relaxation: objective -4.889880e+03, 46457 iterations, 0.52 seconds

    Nodes    |    Current Node    |     Objective Bounds      |     Work
 Expl Unexpl |  Obj  Depth IntInf | Incumbent    BestBd   Gap | It/Node Time

     0     0 -4889.8800    0  348    0.00000 -4889.8800      -     -    1s
H    0     0                    -4831.800000 -4889.8800  1.20%     -    1s

Explored 0 nodes (58194 simplex iterations) in 1.21 seconds
Thread count was 20 (of 20 available processors)

Solution count 2: -4831.8 0 
Pool objective bound -4889.88

Optimal solution found (tolerance 5.00e-02)
Best objective -4.831800000000e+03, best bound -4.889880000000e+03, gap 1.2020%
Changed value of parameter MIPGap to 0.05
   Prev: 0.0001  Min: 0.0  Max: 1e+100  Default: 0.0001
Changed value of parameter TimeLimit to 1800.0
   Prev: 1e+100  Min: 0.0  Max: 1e+100  Default: 1e+100
Changed value of parameter Method to 2
   Prev: -1  Min: -1  Max: 4  Default: -1
Changed value of parameter MIPFocus to 1
   Prev: 0  Min: 0  Max: 3  Default: 0
Optimize a model with 10236 rows, 53548 columns and 107096 nonzeros
Variable types: 0 continuous, 53548 integer (53548 binary)
Coefficient statistics:
  Matrix range     [1e+00, 2e+01]
  Objective range  [1e+00, 1e+00]
  Bounds range     [1e+00, 1e+00]
  RHS range        [8e+01, 8e+01]
Found heuristic solution: objective 0
Presolve time: 0.14s
Presolved: 10236 rows, 53548 columns, 107096 nonzeros
Variable types: 0 continuous, 53548 integer (53548 binary)
Presolved: 10236 rows, 53548 columns, 107096 nonzeros

Root barrier log...

Ordering time: 0.01s

Barrier statistics:
 AA' NZ     : 5.355e+04
 Factor NZ  : 2.300e+05 (roughly 30 MBytes of memory)
 Factor Ops : 3.758e+07 (less than 1 second per iteration)
 Threads    : 1

                  Objective                Residual
Iter       Primal          Dual         Primal    Dual     Compl     Time
   0  -2.37164450e+04 -4.66331730e+04  7.78e+01 0.00e+00  3.04e+00     0s
   1  -9.87823036e+03 -3.42146201e+04  1.83e+01 7.77e-16  7.47e-01     0s
   2  -5.88538009e+03 -1.65074581e+04  3.30e+00 1.11e-15  1.57e-01     0s
   3  -4.93757519e+03 -6.92561064e+03  1.85e-01 1.55e-15  1.98e-02     0s
   4  -4.94631691e+03 -5.18357906e+03  4.09e-02 9.99e-15  2.39e-03     0s
   5  -4.95260098e+03 -4.96082945e+03  1.01e-02 3.77e-15  1.19e-04     0s
   6  -4.95456565e+03 -4.95477669e+03  1.29e-04 6.66e-16  2.50e-06     0s
   7  -4.95459991e+03 -4.95460018e+03  2.29e-13 2.44e-15  2.49e-09     0s
   8  -4.95460000e+03 -4.95460000e+03  1.32e-12 6.66e-16  2.67e-15     0s

Barrier solved model in 8 iterations and 0.38 seconds
Optimal objective -4.95460000e+03


Root relaxation: objective -4.954600e+03, 46136 iterations, 0.47 seconds

    Nodes    |    Current Node    |     Objective Bounds      |     Work
 Expl Unexpl |  Obj  Depth IntInf | Incumbent    BestBd   Gap | It/Node Time

     0     0 -4954.6000    0  327    0.00000 -4954.6000      -     -    1s
H    0     0                    -4897.550000 -4954.6000  1.16%     -    1s

Explored 0 nodes (57805 simplex iterations) in 1.18 seconds
Thread count was 20 (of 20 available processors)

Solution count 2: -4897.55 0 
Pool objective bound -4954.6

Optimal solution found (tolerance 5.00e-02)
Best objective -4.897550000000e+03, best bound -4.954600000000e+03, gap 1.1649%
Changed value of parameter MIPGap to 0.05
   Prev: 0.0001  Min: 0.0  Max: 1e+100  Default: 0.0001
Changed value of parameter TimeLimit to 1800.0
   Prev: 1e+100  Min: 0.0  Max: 1e+100  Default: 1e+100
Changed value of parameter Method to 2
   Prev: -1  Min: -1  Max: 4  Default: -1
Changed value of parameter MIPFocus to 1
   Prev: 0  Min: 0  Max: 3  Default: 0
Optimize a model with 10236 rows, 53548 columns and 107096 nonzeros
Variable types: 0 continuous, 53548 integer (53548 binary)
Coefficient statistics:
  Matrix range     [1e+00, 2e+01]
  Objective range  [1e+00, 2e+00]
  Bounds range     [1e+00, 1e+00]
  RHS range        [8e+01, 8e+01]
Found heuristic solution: objective 0
Presolve time: 0.14s
Presolved: 10236 rows, 53548 columns, 107096 nonzeros
Variable types: 0 continuous, 53548 integer (53548 binary)
Presolved: 10236 rows, 53548 columns, 107096 nonzeros

Root barrier log...

Ordering time: 0.01s

Barrier statistics:
 AA' NZ     : 5.355e+04
 Factor NZ  : 2.300e+05 (roughly 30 MBytes of memory)
 Factor Ops : 3.758e+07 (less than 1 second per iteration)
 Threads    : 1

                  Objective                Residual
Iter       Primal          Dual         Primal    Dual     Compl     Time
   0  -2.55758351e+04 -5.62775690e+04  7.78e+01 0.00e+00  3.72e+00     0s
   1  -1.05038079e+04 -4.10095100e+04  1.82e+01 1.11e-15  9.10e-01     0s
   2  -6.32706947e+03 -2.01756922e+04  3.50e+00 1.33e-15  2.04e-01     0s
   3  -5.24446713e+03 -7.75988778e+03  1.79e-01 1.78e-15  2.48e-02     0s
   4  -5.26220044e+03 -5.45713262e+03  5.04e-02 1.11e-15  2.05e-03     0s
   5  -5.27374550e+03 -5.29101516e+03  1.45e-02 1.55e-15  2.24e-04     0s
   6  -5.27796626e+03 -5.27891846e+03  7.20e-04 1.38e-14  1.20e-05     0s
   7  -5.27819940e+03 -5.27820074e+03  3.28e-13 4.88e-15  1.24e-08     0s
   8  -5.27820000e+03 -5.27820000e+03  8.85e-13 6.66e-16  1.31e-14     0s

Barrier solved model in 8 iterations and 0.38 seconds
Optimal objective -5.27820000e+03


Root relaxation: objective -5.278200e+03, 46921 iterations, 0.44 seconds

    Nodes    |    Current Node    |     Objective Bounds      |     Work
 Expl Unexpl |  Obj  Depth IntInf | Incumbent    BestBd   Gap | It/Node Time

     0     0 -5278.2000    0  302    0.00000 -5278.2000      -     -    1s
H    0     0                    -5211.700000 -5278.2000  1.28%     -    1s

Explored 0 nodes (61224 simplex iterations) in 1.15 seconds
Thread count was 20 (of 20 available processors)

Solution count 2: -5211.7 0 
Pool objective bound -5278.2

Optimal solution found (tolerance 5.00e-02)
Best objective -5.211700000000e+03, best bound -5.278200000000e+03, gap 1.2760%
Changed value of parameter MIPGap to 0.05
   Prev: 0.0001  Min: 0.0  Max: 1e+100  Default: 0.0001
Changed value of parameter TimeLimit to 1800.0
   Prev: 1e+100  Min: 0.0  Max: 1e+100  Default: 1e+100
Changed value of parameter Method to 2
   Prev: -1  Min: -1  Max: 4  Default: -1
Changed value of parameter MIPFocus to 1
   Prev: 0  Min: 0  Max: 3  Default: 0
Optimize a model with 10236 rows, 53548 columns and 107096 nonzeros
Variable types: 0 continuous, 53548 integer (53548 binary)
Coefficient statistics:
  Matrix range     [1e+00, 2e+01]
  Objective range  [1e+00, 3e+00]
  Bounds range     [1e+00, 1e+00]
  RHS range        [8e+01, 8e+01]
Found heuristic solution: objective 0
Presolve time: 0.14s
Presolved: 10236 rows, 53548 columns, 107096 nonzeros
Variable types: 0 continuous, 53548 integer (53548 binary)
Presolved: 10236 rows, 53548 columns, 107096 nonzeros

Root barrier log...

Ordering time: 0.01s

Barrier statistics:
 AA' NZ     : 5.355e+04
 Factor NZ  : 2.300e+05 (roughly 30 MBytes of memory)
 Factor Ops : 3.758e+07 (less than 1 second per iteration)
 Threads    : 1

                  Objective                Residual
Iter       Primal          Dual         Primal    Dual     Compl     Time
   0  -2.92954408e+04 -8.43650892e+04  7.78e+01 0.00e+00  5.74e+00     0s
   1  -1.17392235e+04 -6.06367052e+04  1.79e+01 1.55e-15  1.38e+00     0s
   2  -6.92466922e+03 -2.81791235e+04  3.08e+00 1.44e-15  2.94e-01     0s
   3  -5.84104023e+03 -9.55399366e+03  1.15e-01 2.22e-15  3.57e-02     0s
   4  -5.88593310e+03 -6.80937963e+03  2.38e-02 1.78e-15  8.73e-03     0s
   5  -5.91411120e+03 -6.14373431e+03  6.74e-03 3.55e-15  2.17e-03     0s
   6  -5.92364511e+03 -5.98244672e+03  7.90e-04 2.66e-15  5.51e-04     0s
   7  -5.92535825e+03 -5.92668077e+03  1.38e-14 8.88e-16  1.23e-05     0s
   8  -5.92540000e+03 -5.92540002e+03  6.77e-15 8.88e-16  2.05e-10     0s

Barrier solved model in 8 iterations and 0.38 seconds
Optimal objective -5.92540000e+03


Root relaxation: objective -5.925400e+03, 45947 iterations, 0.45 seconds

    Nodes    |    Current Node    |     Objective Bounds      |     Work
 Expl Unexpl |  Obj  Depth IntInf | Incumbent    BestBd   Gap | It/Node Time

     0     0 -5925.4000    0  328    0.00000 -5925.4000      -     -    1s
H    0     0                    -5830.200000 -5925.4000  1.63%     -    1s

Explored 0 nodes (60278 simplex iterations) in 1.12 seconds
Thread count was 20 (of 20 available processors)

Solution count 2: -5830.2 0 
Pool objective bound -5925.4

Optimal solution found (tolerance 5.00e-02)
Best objective -5.830200000000e+03, best bound -5.925400000000e+03, gap 1.6329%
Changed value of parameter MIPGap to 0.05
   Prev: 0.0001  Min: 0.0  Max: 1e+100  Default: 0.0001
Changed value of parameter TimeLimit to 1800.0
   Prev: 1e+100  Min: 0.0  Max: 1e+100  Default: 1e+100
Changed value of parameter Method to 2
   Prev: -1  Min: -1  Max: 4  Default: -1
Changed value of parameter MIPFocus to 1
   Prev: 0  Min: 0  Max: 3  Default: 0
Optimize a model with 10236 rows, 53548 columns and 107096 nonzeros
Variable types: 0 continuous, 53548 integer (53548 binary)
Coefficient statistics:
  Matrix range     [1e+00, 2e+01]
  Objective range  [1e+00, 4e+00]
  Bounds range     [1e+00, 1e+00]
  RHS range        [8e+01, 8e+01]
Found heuristic solution: objective 0
Presolve time: 0.14s
Presolved: 10236 rows, 53548 columns, 107096 nonzeros
Variable types: 0 continuous, 53548 integer (53548 binary)
Presolved: 10236 rows, 53548 columns, 107096 nonzeros

Root barrier log...

Ordering time: 0.01s

Barrier statistics:
 AA' NZ     : 5.355e+04
 Factor NZ  : 2.300e+05 (roughly 30 MBytes of memory)
 Factor Ops : 3.758e+07 (less than 1 second per iteration)
 Threads    : 1

                  Objective                Residual
Iter       Primal          Dual         Primal    Dual     Compl     Time
   0  -3.67333951e+04 -1.42885699e+05  7.78e+01 2.22e-16  9.94e+00     0s
   1  -1.42877350e+04 -1.01683634e+05  1.74e+01 2.66e-15  2.35e+00     0s
   2  -8.28304852e+03 -4.57499078e+04  2.68e+00 2.66e-15  4.89e-01     0s
   3  -7.09586548e+03 -1.28816194e+04  5.64e-02 3.55e-15  5.47e-02     0s
   4  -7.16761632e+03 -7.83829071e+03  1.01e-02 4.44e-15  6.31e-03     0s
   5  -7.20214948e+03 -7.43416058e+03  5.05e-03 3.55e-15  2.19e-03     0s
   6  -7.21360292e+03 -7.33677419e+03  3.62e-03 1.78e-15  1.17e-03     0s
   7  -7.22667645e+03 -7.28573180e+03  2.08e-03 2.66e-15  5.62e-04     0s
   8  -7.23003847e+03 -7.26918643e+03  1.65e-03 2.66e-15  3.74e-04     0s
   9  -7.23444412e+03 -7.25916912e+03  1.12e-03 1.28e-15  2.37e-04     0s
  10  -7.23775132e+03 -7.24917058e+03  6.68e-04 1.78e-15  1.10e-04     0s
  11  -7.23880692e+03 -7.24715057e+03  5.07e-04 1.78e-15  8.08e-05     0s
  12  -7.24133970e+03 -7.24285404e+03  5.59e-05 1.78e-15  1.44e-05     0s
  13  -7.24182285e+03 -7.24198324e+03  2.62e-06 1.78e-15  1.51e-06     0s
  14  -7.24184313e+03 -7.24184317e+03  8.15e-12 1.78e-15  3.92e-10     1s

Barrier solved model in 14 iterations and 0.50 seconds
Optimal objective -7.24184313e+03


Root relaxation: objective -7.241843e+03, 46371 iterations, 0.59 seconds

    Nodes    |    Current Node    |     Objective Bounds      |     Work
 Expl Unexpl |  Obj  Depth IntInf | Incumbent    BestBd   Gap | It/Node Time

     0     0 -7241.8431    0  350    0.00000 -7241.8431      -     -    1s
H    0     0                    -7140.000000 -7241.8431  1.43%     -    1s

Explored 0 nodes (63142 simplex iterations) in 1.66 seconds
Thread count was 20 (of 20 available processors)

Solution count 2: -7140 0 
Pool objective bound -7240.8

Optimal solution found (tolerance 5.00e-02)
Best objective -7.140000000000e+03, best bound -7.240800000000e+03, gap 1.4118%
Changed value of parameter MIPGap to 0.05
   Prev: 0.0001  Min: 0.0  Max: 1e+100  Default: 0.0001
Changed value of parameter TimeLimit to 1800.0
   Prev: 1e+100  Min: 0.0  Max: 1e+100  Default: 1e+100
Changed value of parameter Method to 2
   Prev: -1  Min: -1  Max: 4  Default: -1
Changed value of parameter MIPFocus to 1
   Prev: 0  Min: 0  Max: 3  Default: 0
Optimize a model with 10236 rows, 53548 columns and 107096 nonzeros
Variable types: 0 continuous, 53548 integer (53548 binary)
Coefficient statistics:
  Matrix range     [1e+00, 2e+01]
  Objective range  [2e+00, 5e+00]
  Bounds range     [1e+00, 1e+00]
  RHS range        [8e+01, 8e+01]
Found heuristic solution: objective 0
Presolve time: 0.14s
Presolved: 10236 rows, 53548 columns, 107096 nonzeros
Variable types: 0 continuous, 53548 integer (53548 binary)
Presolved: 10236 rows, 53548 columns, 107096 nonzeros

Root barrier log...

Ordering time: 0.01s

Barrier statistics:
 AA' NZ     : 5.355e+04
 Factor NZ  : 2.300e+05 (roughly 30 MBytes of memory)
 Factor Ops : 3.758e+07 (less than 1 second per iteration)
 Threads    : 1

                  Objective                Residual
Iter       Primal          Dual         Primal    Dual     Compl     Time
   0  -4.04521328e+04 -1.72415156e+05  7.78e+01 2.22e-16  1.21e+01     0s
   1  -1.55789876e+04 -1.22443561e+05  1.73e+01 2.89e-15  2.84e+00     0s
   2  -8.99092547e+03 -5.44719873e+04  2.57e+00 3.55e-15  5.85e-01     0s
   3  -7.73016308e+03 -1.42418337e+04  3.56e-02 4.44e-15  6.12e-02     0s
   4  -7.84167049e+03 -9.09245664e+03  2.01e-03 8.88e-15  1.16e-02     0s
   5  -7.88051506e+03 -8.33216958e+03  1.08e-03 2.66e-15  4.21e-03     0s
   6  -7.90087443e+03 -8.10882280e+03  7.10e-04 1.78e-15  1.94e-03     0s
   7  -7.91613347e+03 -8.00108709e+03  4.52e-04 1.78e-15  7.93e-04     0s
   8  -7.92237951e+03 -7.97091693e+03  3.39e-04 1.78e-15  4.54e-04     0s
   9  -7.93099125e+03 -7.95011793e+03  1.86e-04 1.78e-15  1.79e-04     0s
  10  -7.93616106e+03 -7.93908040e+03  3.79e-05 1.78e-15  2.75e-05     0s
  11  -7.93784714e+03 -7.93788598e+03  8.37e-12 1.78e-15  3.61e-07     0s
  12  -7.93785294e+03 -7.93785294e+03  8.84e-12 1.78e-15  9.41e-12     0s

Barrier solved model in 12 iterations and 0.47 seconds
Optimal objective -7.93785294e+03


Root relaxation: objective -7.937853e+03, 45541 iterations, 0.56 seconds

    Nodes    |    Current Node    |     Objective Bounds      |     Work
 Expl Unexpl |  Obj  Depth IntInf | Incumbent    BestBd   Gap | It/Node Time

     0     0 -7937.8529    0  414    0.00000 -7937.8529      -     -    1s
H    0     0                    -7814.500000 -7937.8529  1.58%     -    1s

Explored 0 nodes (57538 simplex iterations) in 1.49 seconds
Thread count was 20 (of 20 available processors)

Solution count 2: -7814.5 0 
Pool objective bound -7937.5

Optimal solution found (tolerance 5.00e-02)
Best objective -7.814500000000e+03, best bound -7.937500000000e+03, gap 1.5740%
Changed value of parameter MIPGap to 0.05
   Prev: 0.0001  Min: 0.0  Max: 1e+100  Default: 0.0001
Changed value of parameter TimeLimit to 1800.0
   Prev: 1e+100  Min: 0.0  Max: 1e+100  Default: 1e+100
Changed value of parameter Method to 2
   Prev: -1  Min: -1  Max: 4  Default: -1
Changed value of parameter MIPFocus to 1
   Prev: 0  Min: 0  Max: 3  Default: 0
Optimize a model with 10236 rows, 53548 columns and 107096 nonzeros
Variable types: 0 continuous, 53548 integer (53548 binary)
Coefficient statistics:
  Matrix range     [1e+00, 2e+01]
  Objective range  [2e+00, 9e+00]
  Bounds range     [1e+00, 1e+00]
  RHS range        [8e+01, 8e+01]
Found heuristic solution: objective 0
Presolve time: 0.15s
Presolved: 10236 rows, 53548 columns, 107096 nonzeros
Variable types: 0 continuous, 53548 integer (53548 binary)
Presolved: 10236 rows, 53548 columns, 107096 nonzeros

Root barrier log...

Ordering time: 0.01s

Barrier statistics:
 AA' NZ     : 5.355e+04
 Factor NZ  : 2.300e+05 (roughly 30 MBytes of memory)
 Factor Ops : 3.758e+07 (less than 1 second per iteration)
 Threads    : 1

                  Objective                Residual
Iter       Primal          Dual         Primal    Dual     Compl     Time
   0  -5.90451441e+04 -3.20062439e+05  7.78e+01 8.88e-16  2.27e+01     0s
   1  -2.25438656e+04 -2.26193504e+05  1.75e+01 5.77e-15  5.37e+00     0s
   2  -1.22583827e+04 -9.36101562e+04  1.84e+00 4.88e-15  9.63e-01     0s
   3  -1.10127319e+04 -2.80442408e+04  7.40e-03 7.11e-15  1.59e-01     0s
   4  -1.12227885e+04 -1.35059177e+04  6.05e-04 3.55e-15  2.12e-02     0s
   5  -1.12974471e+04 -1.25039736e+04  3.61e-04 3.55e-15  1.12e-02     0s
   6  -1.13552779e+04 -1.18614442e+04  1.81e-04 3.55e-15  4.71e-03     0s
   7  -1.13685405e+04 -1.17423470e+04  1.38e-04 3.55e-15  3.48e-03     0s
   8  -1.13803394e+04 -1.15996725e+04  1.00e-04 3.55e-15  2.04e-03     0s
   9  -1.13870792e+04 -1.15179943e+04  8.17e-05 1.78e-15  1.22e-03     0s
  10  -1.13928458e+04 -1.14827501e+04  6.66e-05 1.78e-15  8.37e-04     0s
  11  -1.14000488e+04 -1.14606779e+04  4.80e-05 1.78e-15  5.65e-04     0s
  12  -1.14043446e+04 -1.14302997e+04  3.73e-05 3.55e-15  2.42e-04     0s
  13  -1.14102549e+04 -1.14242014e+04  1.99e-05 3.55e-15  1.30e-04     1s
  14  -1.14177690e+04 -1.14182385e+04  2.93e-08 3.55e-15  4.37e-06     1s
  15  -1.14179019e+04 -1.14179023e+04  8.06e-12 3.55e-15  3.82e-09     1s
  16  -1.14179020e+04 -1.14179020e+04  5.16e-12 3.55e-15  3.82e-12     1s

Barrier solved model in 16 iterations and 0.58 seconds
Optimal objective -1.14179020e+04


Root relaxation: objective -1.141790e+04, 46062 iterations, 0.67 seconds

    Nodes    |    Current Node    |     Objective Bounds      |     Work
 Expl Unexpl |  Obj  Depth IntInf | Incumbent    BestBd   Gap | It/Node Time

     0     0 -11417.902    0  350    0.00000 -11417.902      -     -    1s
H    0     0                    -11220.00000 -11417.902  1.76%     -    1s

Explored 0 nodes (61557 simplex iterations) in 1.71 seconds
Thread count was 20 (of 20 available processors)

Solution count 2: -11220 0 
Pool objective bound -11417

Optimal solution found (tolerance 5.00e-02)
Best objective -1.122000000000e+04, best bound -1.141700000000e+04, gap 1.7558%
Changed value of parameter MIPGap to 0.05
   Prev: 0.0001  Min: 0.0  Max: 1e+100  Default: 0.0001
Changed value of parameter TimeLimit to 1800.0
   Prev: 1e+100  Min: 0.0  Max: 1e+100  Default: 1e+100
Changed value of parameter Method to 2
   Prev: -1  Min: -1  Max: 4  Default: -1
Changed value of parameter MIPFocus to 1
   Prev: 0  Min: 0  Max: 3  Default: 0
Optimize a model with 10236 rows, 53548 columns and 107096 nonzeros
Variable types: 0 continuous, 53548 integer (53548 binary)
Coefficient statistics:
  Matrix range     [1e+00, 2e+01]
  Objective range  [3e+00, 2e+01]
  Bounds range     [1e+00, 1e+00]
  RHS range        [8e+01, 8e+01]
Found heuristic solution: objective 0
Presolve time: 0.14s
Presolved: 10236 rows, 53548 columns, 107096 nonzeros
Variable types: 0 continuous, 53548 integer (53548 binary)
Presolved: 10236 rows, 53548 columns, 107096 nonzeros

Root barrier log...

Ordering time: 0.01s

Barrier statistics:
 AA' NZ     : 5.355e+04
 Factor NZ  : 2.300e+05 (roughly 30 MBytes of memory)
 Factor Ops : 3.758e+07 (less than 1 second per iteration)
 Threads    : 1

                  Objective                Residual
Iter       Primal          Dual         Primal    Dual     Compl     Time
   0  -9.62303991e+04 -6.15357007e+05  7.78e+01 1.78e-15  4.39e+01     0s
   1  -3.65481365e+04 -4.33699011e+05  1.76e+01 1.07e-14  1.04e+01     0s
   2  -1.94894404e+04 -1.79363703e+05  1.70e+00 9.77e-15  1.86e+00     0s
   3  -1.76901766e+04 -6.14099897e+04  7.90e-03 1.07e-14  4.07e-01     0s
   4  -1.80344420e+04 -2.45686687e+04  1.20e-03 7.11e-15  6.08e-02     0s
   5  -1.81985885e+04 -2.15476915e+04  6.83e-04 3.55e-15  3.11e-02     0s
   6  -1.82748006e+04 -1.87278115e+04  3.56e-04 3.55e-15  4.22e-03     0s
   7  -1.83582449e+04 -1.84043478e+04  7.07e-05 7.11e-15  4.30e-04     0s
   8  -1.83779416e+04 -1.83786199e+04  5.35e-08 7.11e-15  6.31e-06     0s
   9  -1.83780000e+04 -1.83780012e+04  5.26e-12 7.11e-15  1.16e-08     0s
  10  -1.83780000e+04 -1.83780000e+04  1.38e-13 7.11e-15  1.25e-14     0s

Barrier solved model in 10 iterations and 0.43 seconds
Optimal objective -1.83780000e+04


Root relaxation: objective -1.837800e+04, 48050 iterations, 0.60 seconds

    Nodes    |    Current Node    |     Objective Bounds      |     Work
 Expl Unexpl |  Obj  Depth IntInf | Incumbent    BestBd   Gap | It/Node Time

     0     0 -18378.000    0  439    0.00000 -18378.000      -     -    1s
H    0     0                    -17984.00000 -18378.000  2.19%     -    1s

Explored 0 nodes (60410 simplex iterations) in 1.64 seconds
Thread count was 20 (of 20 available processors)

Solution count 2: -17984 0 
Pool objective bound -18378

Optimal solution found (tolerance 5.00e-02)
Best objective -1.798400000000e+04, best bound -1.837800000000e+04, gap 2.1908%
Changed value of parameter MIPGap to 0.05
   Prev: 0.0001  Min: 0.0  Max: 1e+100  Default: 0.0001
Changed value of parameter TimeLimit to 1800.0
   Prev: 1e+100  Min: 0.0  Max: 1e+100  Default: 1e+100
Changed value of parameter Method to 2
   Prev: -1  Min: -1  Max: 4  Default: -1
Changed value of parameter MIPFocus to 1
   Prev: 0  Min: 0  Max: 3  Default: 0
Optimize a model with 10236 rows, 53548 columns and 107096 nonzeros
Variable types: 0 continuous, 53548 integer (53548 binary)
Coefficient statistics:
  Matrix range     [1e+00, 2e+01]
  Objective range  [5e+00, 3e+01]
  Bounds range     [1e+00, 1e+00]
  RHS range        [8e+01, 8e+01]
Found heuristic solution: objective 0
Presolve time: 0.14s
Presolved: 10236 rows, 53548 columns, 107096 nonzeros
Variable types: 0 continuous, 53548 integer (53548 binary)
Presolved: 10236 rows, 53548 columns, 107096 nonzeros

Root barrier log...

Ordering time: 0.01s

Barrier statistics:
 AA' NZ     : 5.355e+04
 Factor NZ  : 2.300e+05 (roughly 30 MBytes of memory)
 Factor Ops : 3.758e+07 (less than 1 second per iteration)
 Threads    : 1

                  Objective                Residual
Iter       Primal          Dual         Primal    Dual     Compl     Time
   0  -1.70600480e+05 -1.20594614e+06  7.78e+01 3.55e-15  8.62e+01     0s
   1  -6.45641971e+04 -8.48730868e+05  1.77e+01 2.13e-14  2.06e+01     0s
   2  -3.40413180e+04 -3.50322246e+05  1.63e+00 2.13e-14  3.64e+00     0s
   3  -3.14150838e+04 -1.61796752e+05  1.86e-01 2.13e-14  1.25e+00     0s
   4  -3.17223004e+04 -4.43704161e+04  2.84e-03 1.42e-14  1.18e-01     0s
   5  -3.21296088e+04 -3.77378063e+04  1.48e-03 7.11e-15  5.22e-02     0s
   6  -3.23057124e+04 -3.56346163e+04  1.05e-03 7.11e-15  3.10e-02     0s
   7  -3.23919920e+04 -3.49758859e+04  8.70e-04 7.47e-15  2.41e-02     0s
   8  -3.24538688e+04 -3.45263570e+04  7.48e-04 7.57e-15  1.93e-02     0s
   9  -3.25093055e+04 -3.42667449e+04  6.47e-04 7.85e-15  1.64e-02     0s
  10  -3.25324351e+04 -3.40739367e+04  6.00e-04 9.69e-15  1.44e-02     0s
  11  -3.25660994e+04 -3.38136357e+04  5.39e-04 1.42e-14  1.16e-02     0s
  12  -3.26141920e+04 -3.36636488e+04  4.54e-04 7.95e-15  9.77e-03     0s
  13  -3.26351437e+04 -3.35899442e+04  4.18e-04 8.83e-15  8.89e-03     0s
  14  -3.26755291e+04 -3.34297918e+04  3.50e-04 1.42e-14  7.02e-03     1s
  15  -3.26953065e+04 -3.32607273e+04  3.19e-04 1.42e-14  5.27e-03     1s
  16  -3.27597240e+04 -3.31339571e+04  2.19e-04 7.11e-15  3.49e-03     1s
  17  -3.27886281e+04 -3.30855827e+04  1.62e-04 1.42e-14  2.77e-03     1s
  18  -3.28111523e+04 -3.30367503e+04  1.28e-04 7.11e-15  2.10e-03     1s
  19  -3.28191316e+04 -3.30111425e+04  1.14e-04 7.82e-15  1.79e-03     1s
  20  -3.28304113e+04 -3.29824750e+04  9.47e-05 7.11e-15  1.42e-03     1s
  21  -3.28517765e+04 -3.29522194e+04  6.11e-05 7.11e-15  9.36e-04     1s
  22  -3.28741716e+04 -3.29156927e+04  2.52e-05 1.42e-14  3.87e-04     1s
  23  -3.28885487e+04 -3.28997672e+04  3.25e-06 7.11e-15  1.04e-04     1s
  24  -3.28911246e+04 -3.28913201e+04  2.63e-13 1.42e-14  1.82e-06     1s
  25  -3.28911373e+04 -3.28911373e+04  2.82e-13 1.42e-14  1.32e-11     1s

Barrier solved model in 25 iterations and 0.73 seconds
Optimal objective -3.28911373e+04


Root relaxation: objective -3.289114e+04, 42719 iterations, 0.80 seconds

    Nodes    |    Current Node    |     Objective Bounds      |     Work
 Expl Unexpl |  Obj  Depth IntInf | Incumbent    BestBd   Gap | It/Node Time

     0     0 -32891.137    0  376    0.00000 -32891.137      -     -    1s
H    0     0                    -32225.00000 -32891.137  2.07%     -    1s

Explored 0 nodes (56079 simplex iterations) in 1.73 seconds
Thread count was 20 (of 20 available processors)

Solution count 2: -32225 0 
Pool objective bound -32891

Optimal solution found (tolerance 5.00e-02)
Best objective -3.222500000000e+04, best bound -3.289100000000e+04, gap 2.0667%
Changed value of parameter MIPGap to 0.05
   Prev: 0.0001  Min: 0.0  Max: 1e+100  Default: 0.0001
Changed value of parameter TimeLimit to 1800.0
   Prev: 1e+100  Min: 0.0  Max: 1e+100  Default: 1e+100
Changed value of parameter Method to 2
   Prev: -1  Min: -1  Max: 4  Default: -1
Changed value of parameter MIPFocus to 1
   Prev: 0  Min: 0  Max: 3  Default: 0
Optimize a model with 10236 rows, 53548 columns and 107096 nonzeros
Variable types: 0 continuous, 53548 integer (53548 binary)
Coefficient statistics:
  Matrix range     [1e+00, 2e+01]
  Objective range  [6e+00, 4e+01]
  Bounds range     [1e+00, 1e+00]
  RHS range        [8e+01, 8e+01]
Found heuristic solution: objective 0
Presolve time: 0.14s
Presolved: 10236 rows, 53548 columns, 107096 nonzeros
Variable types: 0 continuous, 53548 integer (53548 binary)
Presolved: 10236 rows, 53548 columns, 107096 nonzeros

Root barrier log...

Ordering time: 0.01s

Barrier statistics:
 AA' NZ     : 5.355e+04
 Factor NZ  : 2.300e+05 (roughly 30 MBytes of memory)
 Factor Ops : 3.758e+07 (less than 1 second per iteration)
 Threads    : 1

                  Objective                Residual
Iter       Primal          Dual         Primal    Dual     Compl     Time
   0  -2.07785475e+05 -1.50124071e+06  7.78e+01 3.55e-15  1.07e+02     0s
   1  -7.85731131e+04 -1.05624848e+06  1.77e+01 2.84e-14  2.56e+01     0s
   2  -4.13232670e+04 -4.35759799e+05  1.61e+00 2.13e-14  4.52e+00     0s
   3  -3.82315081e+04 -2.10430433e+05  2.16e-01 2.13e-14  1.66e+00     0s
   4  -3.85460679e+04 -5.52055603e+04  7.24e-04 1.42e-14  1.55e-01     0s
   5  -3.90923790e+04 -4.71246903e+04  2.97e-04 1.42e-14  7.47e-02     0s
   6  -3.93485770e+04 -4.40300358e+04  1.73e-04 1.42e-14  4.35e-02     0s
   7  -3.94340994e+04 -4.32391733e+04  1.41e-04 1.42e-14  3.54e-02     0s
   8  -3.95187313e+04 -4.25631863e+04  1.17e-04 1.42e-14  2.83e-02     0s
   9  -3.95944107e+04 -4.21333181e+04  9.64e-05 1.42e-14  2.36e-02     0s
  10  -3.96457975e+04 -4.18003889e+04  8.28e-05 1.42e-14  2.00e-02     0s
  11  -3.96729223e+04 -4.17106705e+04  7.62e-05 1.42e-14  1.90e-02     0s
  12  -3.97104707e+04 -4.14567627e+04  6.77e-05 1.42e-14  1.62e-02     0s
  13  -3.97772413e+04 -4.11979646e+04  5.23e-05 1.42e-14  1.32e-02     0s
  14  -3.98776397e+04 -4.09120227e+04  3.87e-05 1.42e-14  9.62e-03     1s
  15  -3.99229334e+04 -4.06743707e+04  3.26e-05 1.42e-14  6.99e-03     1s
  16  -3.99434005e+04 -4.04693059e+04  3.00e-05 1.42e-14  4.89e-03     1s
  17  -3.99983468e+04 -4.03714901e+04  2.27e-05 1.42e-14  3.47e-03     1s
  18  -4.00266328e+04 -4.02998643e+04  1.87e-05 7.11e-15  2.54e-03     1s
  19  -4.00383488e+04 -4.02825109e+04  1.69e-05 1.42e-14  2.27e-03     1s
  20  -4.00626953e+04 -4.02310387e+04  1.33e-05 1.42e-14  1.57e-03     1s
  21  -4.00838906e+04 -4.02213030e+04  1.01e-05 1.42e-14  1.28e-03     1s
  22  -4.00972899e+04 -4.01911933e+04  8.19e-06 7.11e-15  8.74e-04     1s
  23  -4.01276476e+04 -4.01679548e+04  3.21e-06 1.42e-14  3.75e-04     1s
  24  -4.01475912e+04 -4.01515791e+04  9.30e-10 1.42e-14  3.71e-05     1s
  25  -4.01477059e+04 -4.01477065e+04  1.62e-13 1.42e-14  5.48e-09     1s
  26  -4.01477059e+04 -4.01477059e+04  4.88e-13 1.42e-14  5.92e-15     1s

Barrier solved model in 26 iterations and 0.74 seconds
Optimal objective -4.01477059e+04


Root relaxation: objective -4.014771e+04, 41219 iterations, 0.81 seconds

    Nodes    |    Current Node    |     Objective Bounds      |     Work
 Expl Unexpl |  Obj  Depth IntInf | Incumbent    BestBd   Gap | It/Node Time

     0     0 -40147.706    0  368    0.00000 -40147.706      -     -    1s
H    0     0                    -39206.00000 -40147.706  2.40%     -    1s

Explored 0 nodes (62261 simplex iterations) in 1.91 seconds
Thread count was 20 (of 20 available processors)

Solution count 2: -39206 0 
Pool objective bound -40147

Optimal solution found (tolerance 5.00e-02)
Best objective -3.920600000000e+04, best bound -4.014700000000e+04, gap 2.4001%
Changed value of parameter MIPGap to 0.05
   Prev: 0.0001  Min: 0.0  Max: 1e+100  Default: 0.0001
Changed value of parameter TimeLimit to 1800.0
   Prev: 1e+100  Min: 0.0  Max: 1e+100  Default: 1e+100
Changed value of parameter Method to 2
   Prev: -1  Min: -1  Max: 4  Default: -1
Changed value of parameter MIPFocus to 1
   Prev: 0  Min: 0  Max: 3  Default: 0
Optimize a model with 10236 rows, 53548 columns and 107096 nonzeros
Variable types: 0 continuous, 53548 integer (53548 binary)
Coefficient statistics:
  Matrix range     [1e+00, 2e+01]
  Objective range  [1e+01, 8e+01]
  Bounds range     [1e+00, 1e+00]
  RHS range        [8e+01, 8e+01]
Found heuristic solution: objective 0
Presolve time: 0.14s
Presolved: 10236 rows, 53548 columns, 107096 nonzeros
Variable types: 0 continuous, 53548 integer (53548 binary)
Presolved: 10236 rows, 53548 columns, 107096 nonzeros

Root barrier log...

Ordering time: 0.01s

Barrier statistics:
 AA' NZ     : 5.355e+04
 Factor NZ  : 2.300e+05 (roughly 30 MBytes of memory)
 Factor Ops : 3.758e+07 (less than 1 second per iteration)
 Threads    : 1

                  Objective                Residual
Iter       Primal          Dual         Primal    Dual     Compl     Time
   0  -3.93710356e+05 -2.97771355e+06  7.78e+01 7.11e-15  2.13e+02     0s
   1  -1.48621594e+05 -2.09384261e+06  1.77e+01 5.68e-14  5.10e+01     0s
   2  -7.77890216e+04 -8.62508643e+05  1.59e+00 5.68e-14  8.97e+00     0s
   3  -7.20387044e+04 -4.23888629e+05  2.00e-01 4.26e-14  3.38e+00     0s
   4  -7.28908862e+04 -1.06328887e+05  6.01e-03 4.26e-14  3.12e-01     0s
   5  -7.40437106e+04 -9.25826138e+04  3.23e-03 2.84e-14  1.73e-01     0s
   6  -7.44814687e+04 -8.61139466e+04  2.54e-03 1.54e-14  1.08e-01     0s
   7  -7.47469916e+04 -8.36167223e+04  2.17e-03 2.84e-14  8.26e-02     0s
   8  -7.49771075e+04 -8.20668226e+04  1.88e-03 2.84e-14  6.61e-02     0s
   9  -7.51489969e+04 -8.08968302e+04  1.64e-03 1.79e-14  5.36e-02     0s
  10  -7.52935346e+04 -7.98083003e+04  1.44e-03 2.84e-14  4.21e-02     0s
  11  -7.54792969e+04 -7.92870785e+04  1.21e-03 2.84e-14  3.55e-02     0s
  12  -7.55078595e+04 -7.90300840e+04  1.17e-03 2.84e-14  3.28e-02     0s
  13  -7.56463896e+04 -7.82767459e+04  9.89e-04 2.84e-14  2.45e-02     0s
  14  -7.58210609e+04 -7.78955908e+04  8.12e-04 2.84e-14  1.93e-02     1s
  15  -7.58890327e+04 -7.74507729e+04  7.17e-04 1.42e-14  1.46e-02     1s
  16  -7.60146772e+04 -7.71233264e+04  5.70e-04 1.42e-14  1.03e-02     1s
  17  -7.61275408e+04 -7.68088842e+04  4.31e-04 2.84e-14  6.37e-03     1s
  18  -7.61685361e+04 -7.66940031e+04  3.74e-04 2.84e-14  4.91e-03     1s
  19  -7.62500216e+04 -7.66235803e+04  2.59e-04 2.84e-14  3.49e-03     1s
  20  -7.63337751e+04 -7.65898525e+04  1.40e-04 2.84e-14  2.39e-03     1s
  21  -7.63591834e+04 -7.65324458e+04  1.03e-04 1.42e-14  1.62e-03     1s
  22  -7.64111909e+04 -7.64511703e+04  2.63e-05 2.84e-14  3.74e-04     1s
  23  -7.64305216e+04 -7.64311082e+04  1.66e-13 2.84e-14  5.45e-06     1s
  24  -7.64305490e+04 -7.64305496e+04  1.55e-13 2.84e-14  5.45e-09     1s

Barrier solved model in 24 iterations and 0.71 seconds
Optimal objective -7.64305490e+04


Root relaxation: objective -7.643055e+04, 43118 iterations, 0.77 seconds

    Nodes    |    Current Node    |     Objective Bounds      |     Work
 Expl Unexpl |  Obj  Depth IntInf | Incumbent    BestBd   Gap | It/Node Time

     0     0 -76430.549    0  342    0.00000 -76430.549      -     -    1s
H    0     0                    -74721.00000 -76430.549  2.29%     -    1s

Explored 0 nodes (56334 simplex iterations) in 1.66 seconds
Thread count was 20 (of 20 available processors)

Solution count 2: -74721 0 
Pool objective bound -76430

Optimal solution found (tolerance 5.00e-02)
Best objective -7.472100000000e+04, best bound -7.643000000000e+04, gap 2.2872%
Changed value of parameter MIPGap to 0.05
   Prev: 0.0001  Min: 0.0  Max: 1e+100  Default: 0.0001
Changed value of parameter TimeLimit to 1800.0
   Prev: 1e+100  Min: 0.0  Max: 1e+100  Default: 1e+100
Changed value of parameter Method to 2
   Prev: -1  Min: -1  Max: 4  Default: -1
Changed value of parameter MIPFocus to 1
   Prev: 0  Min: 0  Max: 3  Default: 0
Optimize a model with 10236 rows, 53548 columns and 107096 nonzeros
Variable types: 0 continuous, 53548 integer (53548 binary)
Coefficient statistics:
  Matrix range     [1e+00, 2e+01]
  Objective range  [2e+01, 2e+02]
  Bounds range     [1e+00, 1e+00]
  RHS range        [8e+01, 8e+01]
Found heuristic solution: objective 0
Presolve time: 0.14s
Presolved: 10236 rows, 53548 columns, 107096 nonzeros
Variable types: 0 continuous, 53548 integer (53548 binary)
Presolved: 10236 rows, 53548 columns, 107096 nonzeros

Root barrier log...

Ordering time: 0.01s

Barrier statistics:
 AA' NZ     : 5.355e+04
 Factor NZ  : 2.300e+05 (roughly 30 MBytes of memory)
 Factor Ops : 3.758e+07 (less than 1 second per iteration)
 Threads    : 1

                  Objective                Residual
Iter       Primal          Dual         Primal    Dual     Compl     Time
   0  -7.65560026e+05 -5.93065923e+06  7.78e+01 1.42e-14  4.25e+02     0s
   1  -2.88721497e+05 -4.16903545e+06  1.77e+01 1.14e-13  1.02e+02     0s
   2  -1.50844371e+05 -1.71642240e+06  1.59e+00 9.24e-14  1.79e+01     0s
   3  -1.39307678e+05 -8.07856665e+05  1.44e-01 8.53e-14  6.36e+00     0s
   4  -1.41513542e+05 -2.11917687e+05  2.10e-03 5.86e-14  6.55e-01     0s
   5  -1.43749076e+05 -1.84428593e+05  1.13e-03 5.68e-14  3.78e-01     0s
   6  -1.44653346e+05 -1.70525076e+05  8.92e-04 5.68e-14  2.41e-01     0s
   7  -1.45212745e+05 -1.65582686e+05  7.71e-04 5.68e-14  1.89e-01     0s
   8  -1.45653869e+05 -1.62413172e+05  6.73e-04 5.68e-14  1.56e-01     0s
   9  -1.46002304e+05 -1.60950613e+05  5.88e-04 5.68e-14  1.39e-01     0s
  10  -1.46087713e+05 -1.59734429e+05  5.66e-04 5.68e-14  1.27e-01     0s
  11  -1.46465677e+05 -1.57146158e+05  4.87e-04 3.72e-14  9.94e-02     0s
  12  -1.46775207e+05 -1.55761551e+05  4.23e-04 3.63e-14  8.36e-02     0s
  13  -1.47138411e+05 -1.53760088e+05  3.48e-04 2.95e-14  6.16e-02     0s
  14  -1.47443826e+05 -1.52676177e+05  2.93e-04 3.47e-14  4.87e-02     1s
  15  -1.47717649e+05 -1.51985471e+05  2.42e-04 5.68e-14  3.97e-02     1s
  16  -1.48011024e+05 -1.51058836e+05  1.80e-04 2.84e-14  2.84e-02     1s
  17  -1.48208604e+05 -1.50490982e+05  1.48e-04 5.68e-14  2.12e-02     1s
  18  -1.48397468e+05 -1.49920316e+05  1.14e-04 2.84e-14  1.42e-02     1s
  19  -1.48465742e+05 -1.49611896e+05  1.01e-04 2.84e-14  1.07e-02     1s
  20  -1.48606214e+05 -1.49457756e+05  7.35e-05 2.84e-14  7.93e-03     1s
  21  -1.48755591e+05 -1.49280859e+05  4.46e-05 5.68e-14  4.89e-03     1s
  22  -1.48849622e+05 -1.49187015e+05  2.66e-05 2.84e-14  3.14e-03     1s
  23  -1.48963984e+05 -1.49047610e+05  4.68e-06 5.68e-14  7.79e-04     1s
  24  -1.48996136e+05 -1.48998128e+05  4.28e-13 5.68e-14  1.85e-05     1s
  25  -1.48996235e+05 -1.48996235e+05  4.69e-13 5.68e-14  3.91e-11     1s

Barrier solved model in 25 iterations and 0.72 seconds
Optimal objective -1.48996235e+05


Root relaxation: objective -1.489962e+05, 42793 iterations, 0.79 seconds

    Nodes    |    Current Node    |     Objective Bounds      |     Work
 Expl Unexpl |  Obj  Depth IntInf | Incumbent    BestBd   Gap | It/Node Time

     0     0 -148996.24    0  376    0.00000 -148996.24      -     -    1s
H    0     0                    -145796.0000 -148996.24  2.20%     -    1s

Explored 0 nodes (57621 simplex iterations) in 1.72 seconds
Thread count was 20 (of 20 available processors)

Solution count 2: -145796 0 
Pool objective bound -148995

Optimal solution found (tolerance 5.00e-02)
Best objective -1.457960000000e+05, best bound -1.489950000000e+05, gap 2.1942%
Changed value of parameter MIPGap to 0.05
   Prev: 0.0001  Min: 0.0  Max: 1e+100  Default: 0.0001
Changed value of parameter TimeLimit to 1800.0
   Prev: 1e+100  Min: 0.0  Max: 1e+100  Default: 1e+100
Changed value of parameter Method to 2
   Prev: -1  Min: -1  Max: 4  Default: -1
Changed value of parameter MIPFocus to 1
   Prev: 0  Min: 0  Max: 3  Default: 0
Optimize a model with 10236 rows, 53548 columns and 107096 nonzeros
Variable types: 0 continuous, 53548 integer (53548 binary)
Coefficient statistics:
  Matrix range     [1e+00, 2e+01]
  Objective range  [5e+01, 4e+02]
  Bounds range     [1e+00, 1e+00]
  RHS range        [8e+01, 8e+01]
Found heuristic solution: objective 0
Presolve time: 0.14s
Presolved: 10236 rows, 53548 columns, 107096 nonzeros
Variable types: 0 continuous, 53548 integer (53548 binary)
Presolved: 10236 rows, 53548 columns, 107096 nonzeros

Root barrier log...

Ordering time: 0.01s

Barrier statistics:
 AA' NZ     : 5.355e+04
 Factor NZ  : 2.300e+05 (roughly 30 MBytes of memory)
 Factor Ops : 3.758e+07 (less than 1 second per iteration)
 Threads    : 1

                  Objective                Residual
Iter       Primal          Dual         Primal    Dual     Compl     Time
   0  -1.88110896e+06 -1.47894963e+07  7.78e+01 5.68e-14  1.06e+03     0s
   1  -7.09033179e+05 -1.03946205e+07  1.77e+01 3.41e-13  2.54e+02     0s
   2  -3.70016043e+05 -4.27819730e+06  1.59e+00 2.56e-13  4.46e+01     0s
   3  -3.41443888e+05 -1.97748153e+06  1.22e-01 2.27e-13  1.55e+01     0s
   4  -3.47654271e+05 -5.25372440e+05  5.48e-03 1.71e-13  1.66e+00     0s
   5  -3.53175222e+05 -4.47941549e+05  3.41e-03 1.14e-13  8.82e-01     0s
   6  -3.55664837e+05 -4.18164352e+05  2.74e-03 1.14e-13  5.82e-01     0s
   7  -3.56805312e+05 -4.08391081e+05  2.43e-03 1.14e-13  4.80e-01     0s
   8  -3.58389156e+05 -4.01848314e+05  2.01e-03 1.14e-13  4.05e-01     0s
   9  -3.59761082e+05 -3.93594292e+05  1.67e-03 1.14e-13  3.15e-01     0s
  10  -3.60371927e+05 -3.87420335e+05  1.50e-03 1.14e-13  2.52e-01     0s
  11  -3.61658271e+05 -3.83776160e+05  1.19e-03 1.14e-13  2.06e-01     0s
  12  -3.62033781e+05 -3.81637104e+05  1.10e-03 1.14e-13  1.83e-01     0s
  13  -3.62413565e+05 -3.77641350e+05  1.01e-03 1.14e-13  1.42e-01     0s
  14  -3.63487524e+05 -3.76664571e+05  7.47e-04 8.42e-14  1.23e-01     1s
  15  -3.63984984e+05 -3.73662386e+05  6.29e-04 1.14e-13  9.02e-02     1s
  16  -3.64440004e+05 -3.71624523e+05  5.22e-04 1.14e-13  6.70e-02     1s
  17  -3.64973071e+05 -3.69552895e+05  4.05e-04 1.14e-13  4.27e-02     1s
  18  -3.65382061e+05 -3.68765414e+05  3.24e-04 1.14e-13  3.16e-02     1s
  19  -3.65620164e+05 -3.68235710e+05  2.66e-04 5.68e-14  2.44e-02     1s
  20  -3.65902457e+05 -3.68067462e+05  1.98e-04 5.68e-14  2.02e-02     1s
  21  -3.66208634e+05 -3.67444713e+05  1.22e-04 1.14e-13  1.15e-02     1s
  22  -3.66450584e+05 -3.67120783e+05  5.92e-05 1.14e-13  6.25e-03     1s
  23  -3.66641279e+05 -3.66758755e+05  1.22e-05 1.14e-13  1.10e-03     1s
  24  -3.66693235e+05 -3.66694177e+05  1.58e-13 1.71e-13  8.75e-06     1s
  25  -3.66693294e+05 -3.66693294e+05  9.64e-13 1.14e-13  1.13e-11     1s

Barrier solved model in 25 iterations and 0.72 seconds
Optimal objective -3.66693294e+05


Root relaxation: objective -3.666933e+05, 42651 iterations, 0.78 seconds

    Nodes    |    Current Node    |     Objective Bounds      |     Work
 Expl Unexpl |  Obj  Depth IntInf | Incumbent    BestBd   Gap | It/Node Time

     0     0 -366693.29    0  419    0.00000 -366693.29      -     -    1s
H    0     0                    -357056.0000 -366693.29  2.70%     -    1s

Explored 0 nodes (52095 simplex iterations) in 1.63 seconds
Thread count was 20 (of 20 available processors)

Solution count 2: -357056 0 
Pool objective bound -366693

Optimal solution found (tolerance 5.00e-02)
Best objective -3.570560000000e+05, best bound -3.666930000000e+05, gap 2.6990%
Changed value of parameter MIPGap to 0.05
   Prev: 0.0001  Min: 0.0  Max: 1e+100  Default: 0.0001
Changed value of parameter TimeLimit to 1800.0
   Prev: 1e+100  Min: 0.0  Max: 1e+100  Default: 1e+100
Changed value of parameter Method to 2
   Prev: -1  Min: -1  Max: 4  Default: -1
Changed value of parameter MIPFocus to 1
   Prev: 0  Min: 0  Max: 3  Default: 0
Optimize a model with 10236 rows, 53548 columns and 107096 nonzeros
Variable types: 0 continuous, 53548 integer (53548 binary)
Coefficient statistics:
  Matrix range     [1e+00, 2e+01]
  Objective range  [5e+02, 4e+03]
  Bounds range     [1e+00, 1e+00]
  RHS range        [8e+01, 8e+01]
Found heuristic solution: objective 0
Presolve time: 0.14s
Presolved: 10236 rows, 53548 columns, 107096 nonzeros
Variable types: 0 continuous, 53548 integer (53548 binary)
Presolved: 10236 rows, 53548 columns, 107096 nonzeros

Root barrier log...

Ordering time: 0.01s

Barrier statistics:
 AA' NZ     : 5.355e+04
 Factor NZ  : 2.300e+05 (roughly 30 MBytes of memory)
 Factor Ops : 3.758e+07 (less than 1 second per iteration)
 Threads    : 1

                  Objective                Residual
Iter       Primal          Dual         Primal    Dual     Compl     Time
   0  -1.86143427e+07 -1.47672052e+08  7.78e+01 4.55e-13  1.06e+04     0s
   1  -7.01372120e+06 -1.03778428e+08  1.77e+01 2.73e-12  2.53e+03     0s
   2  -3.65759366e+06 -4.27046984e+07  1.59e+00 2.73e-12  4.46e+02     0s
   3  -3.37372240e+06 -1.96145849e+07  1.14e-01 1.82e-12  1.54e+02     0s
   4  -3.43847896e+06 -5.23304360e+06  2.94e-03 1.36e-12  1.67e+01     0s
   5  -3.49222352e+06 -4.46284570e+06  1.84e-03 1.07e-12  9.03e+00     0s
   6  -3.53030089e+06 -4.19279197e+06  1.21e-03 9.09e-13  6.16e+00     0s
   7  -3.54271470e+06 -4.06562716e+06  1.06e-03 9.09e-13  4.87e+00     0s
   8  -3.55281764e+06 -3.99633676e+06  9.26e-04 1.04e-12  4.13e+00     0s
   9  -3.55961012e+06 -3.95629439e+06  8.27e-04 1.02e-12  3.69e+00     0s
  10  -3.56911546e+06 -3.88016498e+06  6.89e-04 1.36e-12  2.89e+00     0s
  11  -3.57368474e+06 -3.84135155e+06  6.27e-04 1.07e-12  2.49e+00     0s
  12  -3.58320181e+06 -3.78671252e+06  5.27e-04 9.09e-13  1.89e+00     0s
  13  -3.59178112e+06 -3.74229488e+06  4.37e-04 9.09e-13  1.40e+00     0s
  14  -3.59866224e+06 -3.69385642e+06  3.69e-04 9.09e-13  8.86e-01     1s
  15  -3.60569191e+06 -3.67992427e+06  2.94e-04 9.09e-13  6.91e-01     1s
  16  -3.61212396e+06 -3.66205111e+06  2.27e-04 9.09e-13  4.65e-01     1s
  17  -3.61885214e+06 -3.65326140e+06  1.61e-04 9.09e-13  3.21e-01     1s
  18  -3.62366896e+06 -3.64639858e+06  1.03e-04 9.09e-13  2.12e-01     1s
  19  -3.62610978e+06 -3.64300005e+06  7.14e-05 9.09e-13  1.57e-01     1s
  20  -3.62973277e+06 -3.63888850e+06  2.69e-05 9.09e-13  8.52e-02     1s
  21  -3.63180230e+06 -3.63501689e+06  3.36e-06 9.09e-13  2.99e-02     1s
  22  -3.63214822e+06 -3.63216172e+06  4.17e-13 1.36e-12  1.25e-04     1s
  23  -3.63214918e+06 -3.63214919e+06  2.93e-13 9.09e-13  1.25e-07     1s
  24  -3.63214918e+06 -3.63214918e+06  8.34e-13 9.09e-13  1.25e-10     1s

Barrier solved model in 24 iterations and 0.71 seconds
Optimal objective -3.63214918e+06


Root relaxation: objective -3.632149e+06, 42683 iterations, 0.76 seconds

    Nodes    |    Current Node    |     Objective Bounds      |     Work
 Expl Unexpl |  Obj  Depth IntInf | Incumbent    BestBd   Gap | It/Node Time

     0     0 -3632149.2    0  424    0.00000 -3632149.2      -     -    1s
H    0     0                    -3541439.000 -3632149.2  2.56%     -    1s

Explored 0 nodes (56104 simplex iterations) in 1.69 seconds
Thread count was 20 (of 20 available processors)

Solution count 2: -3.54144e+06 0 
Pool objective bound -3.63215e+06

Optimal solution found (tolerance 5.00e-02)
Best objective -3.541439000000e+06, best bound -3.632149000000e+06, gap 2.5614%
