Changed value of parameter MIPGap to 0.05
   Prev: 0.0001  Min: 0.0  Max: 1e+100  Default: 0.0001
Changed value of parameter TimeLimit to 1800.0
   Prev: 1e+100  Min: 0.0  Max: 1e+100  Default: 1e+100
Changed value of parameter Method to 2
   Prev: -1  Min: -1  Max: 4  Default: -1
Changed value of parameter MIPFocus to 1
   Prev: 0  Min: 0  Max: 3  Default: 0
Optimize a model with 3778 rows, 5517 columns and 11034 nonzeros
Variable types: 0 continuous, 5517 integer (5517 binary)
Coefficient statistics:
  Matrix range     [1e+00, 6e+00]
  Objective range  [1e+00, 1e+00]
  Bounds range     [1e+00, 1e+00]
  RHS range        [8e+01, 8e+01]
Found heuristic solution: objective 0
Presolve removed 3704 rows and 4142 columns
Presolve time: 0.01s
Presolved: 74 rows, 1375 columns, 2587 nonzeros
Variable types: 0 continuous, 1375 integer (1208 binary)
Presolved: 74 rows, 1375 columns, 2587 nonzeros

Root barrier log...

Ordering time: 0.00s

Barrier statistics:
 AA' NZ     : 1.139e+03
 Factor NZ  : 2.535e+03 (roughly 1 MByte of memory)
 Factor Ops : 1.148e+05 (less than 1 second per iteration)
 Threads    : 1

                  Objective                Residual
Iter       Primal          Dual         Primal    Dual     Compl     Time
   0  -4.06623646e+03 -3.77778770e+03  2.96e+01 4.44e-16  3.24e+00     0s
   1  -1.61162057e+03 -2.88530171e+03  3.04e+00 4.38e-01  7.63e-01     0s
   2  -1.38147377e+03 -1.59681352e+03  4.31e-04 2.52e-02  7.72e-02     0s
   3  -1.46390958e+03 -1.49917941e+03  0.00e+00 3.55e-15  1.26e-02     0s
   4  -1.47529830e+03 -1.49199292e+03  0.00e+00 1.78e-15  5.94e-03     0s
   5  -1.47893233e+03 -1.48796917e+03  0.00e+00 8.88e-16  3.22e-03     0s
   6  -1.48226955e+03 -1.48639207e+03  0.00e+00 8.88e-16  1.47e-03     0s
   7  -1.48353091e+03 -1.48585411e+03  0.00e+00 8.88e-16  8.27e-04     0s
   8  -1.48396182e+03 -1.48541600e+03  0.00e+00 8.88e-16  5.18e-04     0s
   9  -1.48476908e+03 -1.48530110e+03  0.00e+00 1.78e-15  1.89e-04     0s
  10  -1.48480988e+03 -1.48520741e+03  0.00e+00 8.88e-16  1.42e-04     0s
  11  -1.48506844e+03 -1.48508772e+03  0.00e+00 8.88e-16  6.83e-06     0s
  12  -1.48507499e+03 -1.48507501e+03  0.00e+00 1.78e-15  4.15e-09     0s

Barrier solved model in 12 iterations and 0.02 seconds
Optimal objective -1.48507499e+03


Root relaxation: objective -1.485075e+03, 208 iterations, 0.01 seconds

    Nodes    |    Current Node    |     Objective Bounds      |     Work
 Expl Unexpl |  Obj  Depth IntInf | Incumbent    BestBd   Gap | It/Node Time

     0     0 -1485.0750    0   41    0.00000 -1485.0750      -     -    0s
H    0     0                    -1470.000000 -1485.0750  1.03%     -    0s

Explored 0 nodes (292 simplex iterations) in 0.04 seconds
Thread count was 20 (of 20 available processors)

Solution count 2: -1470 0 
Pool objective bound -1485

Optimal solution found (tolerance 5.00e-02)
Best objective -1.470000000000e+03, best bound -1.485000000000e+03, gap 1.0204%
Changed value of parameter MIPGap to 0.05
   Prev: 0.0001  Min: 0.0  Max: 1e+100  Default: 0.0001
Changed value of parameter TimeLimit to 1800.0
   Prev: 1e+100  Min: 0.0  Max: 1e+100  Default: 1e+100
Changed value of parameter Method to 2
   Prev: -1  Min: -1  Max: 4  Default: -1
Changed value of parameter MIPFocus to 1
   Prev: 0  Min: 0  Max: 3  Default: 0
Optimize a model with 3778 rows, 5517 columns and 11034 nonzeros
Variable types: 0 continuous, 5517 integer (5517 binary)
Coefficient statistics:
  Matrix range     [1e+00, 6e+00]
  Objective range  [1e+00, 1e+00]
  Bounds range     [1e+00, 1e+00]
  RHS range        [8e+01, 8e+01]
Found heuristic solution: objective 0
Presolve removed 3704 rows and 3771 columns
Presolve time: 0.01s
Presolved: 74 rows, 1746 columns, 3009 nonzeros
Found heuristic solution: objective -1335.113367
Variable types: 0 continuous, 1746 integer (1718 binary)
Presolved: 74 rows, 1746 columns, 3009 nonzeros

Root barrier log...

Ordering time: 0.00s

Barrier statistics:
 AA' NZ     : 1.139e+03
 Factor NZ  : 2.535e+03 (roughly 1 MByte of memory)
 Factor Ops : 1.148e+05 (less than 1 second per iteration)
 Threads    : 1

                  Objective                Residual
Iter       Primal          Dual         Primal    Dual     Compl     Time
   0  -4.78170267e+03 -3.73762663e+03  3.45e+01 8.88e-16  2.84e+00     0s
   1  -1.72610549e+03 -2.98335410e+03  3.90e+00 4.06e-01  6.68e-01     0s
   2  -1.38417015e+03 -1.63555362e+03  0.00e+00 1.97e-02  7.06e-02     0s
   3  -1.46719999e+03 -1.51251369e+03  0.00e+00 4.70e-04  1.27e-02     0s
   4  -1.47697753e+03 -1.49389257e+03  0.00e+00 1.78e-15  4.74e-03     0s
   5  -1.48173508e+03 -1.49015325e+03  0.00e+00 8.88e-16  2.36e-03     0s
   6  -1.48452359e+03 -1.48846206e+03  0.00e+00 8.88e-16  1.10e-03     0s
   7  -1.48598982e+03 -1.48789030e+03  0.00e+00 8.88e-16  5.33e-04     0s
   8  -1.48640342e+03 -1.48762651e+03  0.00e+00 8.88e-16  3.43e-04     0s
   9  -1.48677173e+03 -1.48745624e+03  0.00e+00 8.88e-16  1.92e-04     0s
  10  -1.48706772e+03 -1.48719766e+03  0.00e+00 8.88e-16  3.64e-05     0s
  11  -1.48711521e+03 -1.48713321e+03  0.00e+00 8.88e-16  5.05e-06     0s
  12  -1.48711896e+03 -1.48712617e+03  0.00e+00 8.88e-16  2.02e-06     0s
  13  -1.48712098e+03 -1.48712422e+03  0.00e+00 8.88e-16  9.09e-07     0s
  14  -1.48712203e+03 -1.48712338e+03  0.00e+00 8.88e-16  3.78e-07     0s
  15  -1.48712280e+03 -1.48712302e+03  0.00e+00 1.78e-15  6.37e-08     0s
  16  -1.48712289e+03 -1.48712290e+03  0.00e+00 8.88e-16  2.19e-09     0s

Barrier solved model in 16 iterations and 0.02 seconds
Optimal objective -1.48712289e+03


Root relaxation: objective -1.487123e+03, 67 iterations, 0.01 seconds

    Nodes    |    Current Node    |     Objective Bounds      |     Work
 Expl Unexpl |  Obj  Depth IntInf | Incumbent    BestBd   Gap | It/Node Time

     0     0 -1487.1229    0   53 -1335.1134 -1487.1229  11.4%     -    0s
H    0     0                    -1473.027675 -1487.1229  0.96%     -    0s

Explored 0 nodes (69 simplex iterations) in 0.03 seconds
Thread count was 20 (of 20 available processors)

Solution count 3: -1473.03 -1335.11 -65.0944 
Pool objective bound -1487.12

Optimal solution found (tolerance 5.00e-02)
Best objective -1.473027675000e+03, best bound -1.487122895292e+03, gap 0.9569%
Changed value of parameter MIPGap to 0.05
   Prev: 0.0001  Min: 0.0  Max: 1e+100  Default: 0.0001
Changed value of parameter TimeLimit to 1800.0
   Prev: 1e+100  Min: 0.0  Max: 1e+100  Default: 1e+100
Changed value of parameter Method to 2
   Prev: -1  Min: -1  Max: 4  Default: -1
Changed value of parameter MIPFocus to 1
   Prev: 0  Min: 0  Max: 3  Default: 0
Optimize a model with 3778 rows, 5517 columns and 11034 nonzeros
Variable types: 0 continuous, 5517 integer (5517 binary)
Coefficient statistics:
  Matrix range     [1e+00, 6e+00]
  Objective range  [1e+00, 1e+00]
  Bounds range     [1e+00, 1e+00]
  RHS range        [8e+01, 8e+01]
Found heuristic solution: objective 0
Presolve removed 3704 rows and 3771 columns
Presolve time: 0.01s
Presolved: 74 rows, 1746 columns, 3009 nonzeros
Found heuristic solution: objective -1337.226735
Variable types: 0 continuous, 1746 integer (1718 binary)
Presolved: 74 rows, 1746 columns, 3009 nonzeros

Root barrier log...

Ordering time: 0.00s

Barrier statistics:
 AA' NZ     : 1.139e+03
 Factor NZ  : 2.535e+03 (roughly 1 MByte of memory)
 Factor Ops : 1.148e+05 (less than 1 second per iteration)
 Threads    : 1

                  Objective                Residual
Iter       Primal          Dual         Primal    Dual     Compl     Time
   0  -4.78827479e+03 -3.74138902e+03  3.45e+01 8.88e-16  2.85e+00     0s
   1  -1.72858594e+03 -2.98641883e+03  3.90e+00 4.06e-01  6.69e-01     0s
   2  -1.38613956e+03 -1.63757357e+03  0.00e+00 1.97e-02  7.07e-02     0s
   3  -1.46922744e+03 -1.51458557e+03  0.00e+00 4.50e-04  1.27e-02     0s
   4  -1.47842556e+03 -1.49477009e+03  0.00e+00 1.78e-15  4.58e-03     0s
   5  -1.48406379e+03 -1.49174474e+03  0.00e+00 8.88e-16  2.15e-03     0s
   6  -1.48702270e+03 -1.49032902e+03  0.00e+00 8.88e-16  9.27e-04     0s
   7  -1.48821514e+03 -1.48991649e+03  0.00e+00 8.88e-16  4.77e-04     0s
   8  -1.48828951e+03 -1.48971080e+03  0.00e+00 8.88e-16  3.99e-04     0s
   9  -1.48889289e+03 -1.48948685e+03  0.00e+00 8.88e-16  1.67e-04     0s
  10  -1.48896272e+03 -1.48933742e+03  0.00e+00 8.88e-16  1.05e-04     0s
  11  -1.48913800e+03 -1.48919361e+03  0.00e+00 1.78e-15  1.56e-05     0s
  12  -1.48915815e+03 -1.48917912e+03  0.00e+00 1.33e-15  5.88e-06     0s
  13  -1.48916434e+03 -1.48917370e+03  0.00e+00 1.78e-15  2.63e-06     0s
  14  -1.48916828e+03 -1.48917277e+03  0.00e+00 8.88e-16  1.26e-06     0s
  15  -1.48917019e+03 -1.48917112e+03  0.00e+00 1.78e-15  2.62e-07     0s
  16  -1.48917078e+03 -1.48917083e+03  0.00e+00 8.88e-16  1.41e-08     0s
  17  -1.48917079e+03 -1.48917079e+03  0.00e+00 1.78e-15  4.56e-11     0s

Barrier solved model in 17 iterations and 0.02 seconds
Optimal objective -1.48917079e+03


Root relaxation: objective -1.489171e+03, 27 iterations, 0.01 seconds

    Nodes    |    Current Node    |     Objective Bounds      |     Work
 Expl Unexpl |  Obj  Depth IntInf | Incumbent    BestBd   Gap | It/Node Time

     0     0 -1489.1708    0   53 -1337.2267 -1489.1708  11.4%     -    0s
H    0     0                    -1475.055350 -1489.1708  0.96%     -    0s

Explored 0 nodes (27 simplex iterations) in 0.03 seconds
Thread count was 20 (of 20 available processors)

Solution count 3: -1475.06 -1337.23 -65.1888 
Pool objective bound -1489.17

Optimal solution found (tolerance 5.00e-02)
Best objective -1.475055350000e+03, best bound -1.489170790583e+03, gap 0.9569%
Changed value of parameter MIPGap to 0.05
   Prev: 0.0001  Min: 0.0  Max: 1e+100  Default: 0.0001
Changed value of parameter TimeLimit to 1800.0
   Prev: 1e+100  Min: 0.0  Max: 1e+100  Default: 1e+100
Changed value of parameter Method to 2
   Prev: -1  Min: -1  Max: 4  Default: -1
Changed value of parameter MIPFocus to 1
   Prev: 0  Min: 0  Max: 3  Default: 0
Optimize a model with 3778 rows, 5517 columns and 11034 nonzeros
Variable types: 0 continuous, 5517 integer (5517 binary)
Coefficient statistics:
  Matrix range     [1e+00, 6e+00]
  Objective range  [1e+00, 1e+00]
  Bounds range     [1e+00, 1e+00]
  RHS range        [8e+01, 8e+01]
Found heuristic solution: objective 0
Presolve removed 3704 rows and 3771 columns
Presolve time: 0.01s
Presolved: 74 rows, 1746 columns, 3009 nonzeros
Found heuristic solution: objective -1341.453470
Variable types: 0 continuous, 1746 integer (1718 binary)
Presolved: 74 rows, 1746 columns, 3009 nonzeros

Root barrier log...

Ordering time: 0.00s

Barrier statistics:
 AA' NZ     : 1.139e+03
 Factor NZ  : 2.535e+03 (roughly 1 MByte of memory)
 Factor Ops : 1.148e+05 (less than 1 second per iteration)
 Threads    : 1

                  Objective                Residual
Iter       Primal          Dual         Primal    Dual     Compl     Time
   0  -4.80141903e+03 -3.74891381e+03  3.45e+01 8.88e-16  2.85e+00     0s
   1  -1.73354776e+03 -2.99254856e+03  3.90e+00 4.06e-01  6.70e-01     0s
   2  -1.39007947e+03 -1.64161539e+03  0.00e+00 1.96e-02  7.07e-02     0s
   3  -1.47259464e+03 -1.51899262e+03  0.00e+00 4.52e-04  1.30e-02     0s
   4  -1.48360151e+03 -1.49973569e+03  0.00e+00 8.88e-16  4.53e-03     0s
   5  -1.48853586e+03 -1.49627036e+03  0.00e+00 1.78e-15  2.17e-03     0s
   6  -1.49104583e+03 -1.49458055e+03  0.00e+00 8.88e-16  9.91e-04     0s
   7  -1.49232342e+03 -1.49409929e+03  0.00e+00 8.88e-16  4.98e-04     0s
   8  -1.49239903e+03 -1.49386690e+03  0.00e+00 8.88e-16  4.12e-04     0s
   9  -1.49298151e+03 -1.49361025e+03  0.00e+00 8.88e-16  1.76e-04     0s
  10  -1.49305766e+03 -1.49344760e+03  0.00e+00 8.88e-16  1.09e-04     0s
  11  -1.49324556e+03 -1.49330076e+03  0.00e+00 8.88e-16  1.55e-05     0s
  12  -1.49325777e+03 -1.49327533e+03  0.00e+00 8.88e-16  4.93e-06     0s
  13  -1.49326256e+03 -1.49327188e+03  0.00e+00 8.88e-16  2.61e-06     0s
  14  -1.49326566e+03 -1.49326910e+03  0.00e+00 8.88e-16  9.66e-07     0s
  15  -1.49326655e+03 -1.49326673e+03  0.00e+00 1.78e-15  5.00e-08     0s
  16  -1.49326658e+03 -1.49326658e+03  0.00e+00 1.78e-15  6.26e-10     0s

Barrier solved model in 16 iterations and 0.02 seconds
Optimal objective -1.49326658e+03


Root relaxation: objective -1.493267e+03, 80 iterations, 0.01 seconds

    Nodes    |    Current Node    |     Objective Bounds      |     Work
 Expl Unexpl |  Obj  Depth IntInf | Incumbent    BestBd   Gap | It/Node Time

     0     0 -1493.2666    0   53 -1341.4535 -1493.2666  11.3%     -    0s
H    0     0                    -1479.110700 -1493.2666  0.96%     -    0s

Explored 0 nodes (81 simplex iterations) in 0.03 seconds
Thread count was 20 (of 20 available processors)

Solution count 3: -1479.11 -1341.45 -65.3776 
Pool objective bound -1493.27

Optimal solution found (tolerance 5.00e-02)
Best objective -1.479110700000e+03, best bound -1.493266581167e+03, gap 0.9571%
Changed value of parameter MIPGap to 0.05
   Prev: 0.0001  Min: 0.0  Max: 1e+100  Default: 0.0001
Changed value of parameter TimeLimit to 1800.0
   Prev: 1e+100  Min: 0.0  Max: 1e+100  Default: 1e+100
Changed value of parameter Method to 2
   Prev: -1  Min: -1  Max: 4  Default: -1
Changed value of parameter MIPFocus to 1
   Prev: 0  Min: 0  Max: 3  Default: 0
Optimize a model with 3778 rows, 5517 columns and 11034 nonzeros
Variable types: 0 continuous, 5517 integer (5517 binary)
Coefficient statistics:
  Matrix range     [1e+00, 6e+00]
  Objective range  [1e+00, 1e+00]
  Bounds range     [1e+00, 1e+00]
  RHS range        [8e+01, 8e+01]
Found heuristic solution: objective 0
Presolve removed 3704 rows and 3771 columns
Presolve time: 0.01s
Presolved: 74 rows, 1746 columns, 3009 nonzeros
Found heuristic solution: objective -1349.906940
Variable types: 0 continuous, 1746 integer (1718 binary)
Presolved: 74 rows, 1746 columns, 3009 nonzeros

Root barrier log...

Ordering time: 0.00s

Barrier statistics:
 AA' NZ     : 1.139e+03
 Factor NZ  : 2.535e+03 (roughly 1 MByte of memory)
 Factor Ops : 1.148e+05 (less than 1 second per iteration)
 Threads    : 1

                  Objective                Residual
Iter       Primal          Dual         Primal    Dual     Compl     Time
   0  -4.82770743e+03 -3.76396340e+03  3.45e+01 8.88e-16  2.86e+00     0s
   1  -1.74347509e+03 -3.00480903e+03  3.90e+00 4.06e-01  6.72e-01     0s
   2  -1.39796767e+03 -1.64969860e+03  0.00e+00 1.95e-02  7.07e-02     0s
   3  -1.47949731e+03 -1.52732788e+03  0.00e+00 3.76e-04  1.34e-02     0s
   4  -1.49220164e+03 -1.50985649e+03  0.00e+00 1.78e-15  4.95e-03     0s
   5  -1.49688690e+03 -1.50544831e+03  0.00e+00 8.88e-16  2.40e-03     0s
   6  -1.49935022e+03 -1.50304429e+03  0.00e+00 8.88e-16  1.04e-03     0s
   7  -1.50055740e+03 -1.50247547e+03  0.00e+00 8.88e-16  5.38e-04     0s
   8  -1.50087170e+03 -1.50204891e+03  0.00e+00 1.78e-15  3.30e-04     0s
   9  -1.50101237e+03 -1.50184696e+03  0.00e+00 8.88e-16  2.34e-04     0s
  10  -1.50116885e+03 -1.50163290e+03  0.00e+00 8.88e-16  1.30e-04     0s
  11  -1.50136869e+03 -1.50151863e+03  0.00e+00 1.78e-15  4.20e-05     0s
  12  -1.50143243e+03 -1.50148124e+03  0.00e+00 8.88e-16  1.37e-05     0s
  13  -1.50145072e+03 -1.50146370e+03  0.00e+00 8.88e-16  3.64e-06     0s
  14  -1.50145791e+03 -1.50145883e+03  0.00e+00 1.78e-15  2.59e-07     0s
  15  -1.50145815e+03 -1.50145816e+03  0.00e+00 8.88e-16  3.69e-09     0s

Barrier solved model in 15 iterations and 0.02 seconds
Optimal objective -1.50145815e+03


Root relaxation: objective -1.501458e+03, 102 iterations, 0.01 seconds

    Nodes    |    Current Node    |     Objective Bounds      |     Work
 Expl Unexpl |  Obj  Depth IntInf | Incumbent    BestBd   Gap | It/Node Time

     0     0 -1501.4582    0   53 -1349.9069 -1501.4582  11.2%     -    0s
H    0     0                    -1487.221400 -1501.4582  0.96%     -    0s

Explored 0 nodes (102 simplex iterations) in 0.03 seconds
Thread count was 20 (of 20 available processors)

Solution count 3: -1487.22 -1349.91 -65.7551 
Pool objective bound -1501.46

Optimal solution found (tolerance 5.00e-02)
Best objective -1.487221400000e+03, best bound -1.501458162333e+03, gap 0.9573%
Changed value of parameter MIPGap to 0.05
   Prev: 0.0001  Min: 0.0  Max: 1e+100  Default: 0.0001
Changed value of parameter TimeLimit to 1800.0
   Prev: 1e+100  Min: 0.0  Max: 1e+100  Default: 1e+100
Changed value of parameter Method to 2
   Prev: -1  Min: -1  Max: 4  Default: -1
Changed value of parameter MIPFocus to 1
   Prev: 0  Min: 0  Max: 3  Default: 0
Optimize a model with 3778 rows, 5517 columns and 11034 nonzeros
Variable types: 0 continuous, 5517 integer (5517 binary)
Coefficient statistics:
  Matrix range     [1e+00, 6e+00]
  Objective range  [1e+00, 1e+00]
  Bounds range     [1e+00, 1e+00]
  RHS range        [8e+01, 8e+01]
Found heuristic solution: objective 0
Presolve removed 3704 rows and 3771 columns
Presolve time: 0.01s
Presolved: 74 rows, 1746 columns, 3009 nonzeros
Found heuristic solution: objective -1354.133675
Variable types: 0 continuous, 1746 integer (1718 binary)
Presolved: 74 rows, 1746 columns, 3009 nonzeros

Root barrier log...

Ordering time: 0.00s

Barrier statistics:
 AA' NZ     : 1.139e+03
 Factor NZ  : 2.535e+03 (roughly 1 MByte of memory)
 Factor Ops : 1.148e+05 (less than 1 second per iteration)
 Threads    : 1

                  Objective                Residual
Iter       Primal          Dual         Primal    Dual     Compl     Time
   0  -4.84085159e+03 -3.77148819e+03  3.45e+01 8.88e-16  2.86e+00     0s
   1  -1.74844058e+03 -3.01093979e+03  3.90e+00 4.07e-01  6.72e-01     0s
   2  -1.40191617e+03 -1.65374165e+03  0.00e+00 1.95e-02  7.08e-02     0s
   3  -1.48298146e+03 -1.53152684e+03  0.00e+00 3.32e-04  1.36e-02     0s
   4  -1.49612479e+03 -1.51488754e+03  0.00e+00 1.78e-15  5.26e-03     0s
   5  -1.50114966e+03 -1.50956913e+03  0.00e+00 8.88e-16  2.36e-03     0s
   6  -1.50347536e+03 -1.50718128e+03  0.00e+00 1.78e-15  1.04e-03     0s
   7  -1.50443053e+03 -1.50649817e+03  0.00e+00 8.88e-16  5.80e-04     0s
   8  -1.50467534e+03 -1.50593579e+03  0.00e+00 8.88e-16  3.53e-04     0s
   9  -1.50537036e+03 -1.50575808e+03  0.00e+00 8.88e-16  1.09e-04     0s
  10  -1.50548768e+03 -1.50561194e+03  0.00e+00 8.88e-16  3.48e-05     0s
  11  -1.50553864e+03 -1.50556984e+03  0.00e+00 8.88e-16  8.75e-06     0s
  12  -1.50554725e+03 -1.50555950e+03  0.00e+00 1.78e-15  3.44e-06     0s
  13  -1.50555315e+03 -1.50555624e+03  0.00e+00 8.88e-16  8.67e-07     0s
  14  -1.50555413e+03 -1.50555426e+03  0.00e+00 8.88e-16  3.63e-08     0s
  15  -1.50555416e+03 -1.50555416e+03  0.00e+00 1.78e-15  7.07e-12     0s

Barrier solved model in 15 iterations and 0.02 seconds
Optimal objective -1.50555416e+03


Root relaxation: objective -1.505554e+03, 19 iterations, 0.01 seconds

    Nodes    |    Current Node    |     Objective Bounds      |     Work
 Expl Unexpl |  Obj  Depth IntInf | Incumbent    BestBd   Gap | It/Node Time

     0     0 -1505.5542    0   51 -1354.1337 -1505.5542  11.2%     -    0s
H    0     0                    -1492.285575 -1505.5542  0.89%     -    0s

Explored 0 nodes (20 simplex iterations) in 0.03 seconds
Thread count was 20 (of 20 available processors)

Solution count 3: -1492.29 -1354.13 -65.9439 
Pool objective bound -1505.55

Optimal solution found (tolerance 5.00e-02)
Best objective -1.492285575000e+03, best bound -1.505554155833e+03, gap 0.8891%
Changed value of parameter MIPGap to 0.05
   Prev: 0.0001  Min: 0.0  Max: 1e+100  Default: 0.0001
Changed value of parameter TimeLimit to 1800.0
   Prev: 1e+100  Min: 0.0  Max: 1e+100  Default: 1e+100
Changed value of parameter Method to 2
   Prev: -1  Min: -1  Max: 4  Default: -1
Changed value of parameter MIPFocus to 1
   Prev: 0  Min: 0  Max: 3  Default: 0
Optimize a model with 3778 rows, 5517 columns and 11034 nonzeros
Variable types: 0 continuous, 5517 integer (5517 binary)
Coefficient statistics:
  Matrix range     [1e+00, 6e+00]
  Objective range  [1e+00, 1e+00]
  Bounds range     [1e+00, 1e+00]
  RHS range        [8e+01, 8e+01]
Found heuristic solution: objective 0
Presolve removed 3704 rows and 3771 columns
Presolve time: 0.01s
Presolved: 74 rows, 1746 columns, 3009 nonzeros
Found heuristic solution: objective -1375.267350
Variable types: 0 continuous, 1746 integer (1718 binary)
Presolved: 74 rows, 1746 columns, 3009 nonzeros

Root barrier log...

Ordering time: 0.00s

Barrier statistics:
 AA' NZ     : 1.139e+03
 Factor NZ  : 2.535e+03 (roughly 1 MByte of memory)
 Factor Ops : 1.148e+05 (less than 1 second per iteration)
 Threads    : 1

                  Objective                Residual
Iter       Primal          Dual         Primal    Dual     Compl     Time
   0  -4.90657203e+03 -3.80911214e+03  3.45e+01 8.88e-16  2.88e+00     0s
   1  -1.77328603e+03 -3.04159868e+03  3.90e+00 4.07e-01  6.77e-01     0s
   2  -1.42170364e+03 -1.67406070e+03  0.00e+00 1.93e-02  7.09e-02     0s
   3  -1.50105805e+03 -1.55229994e+03  0.00e+00 2.08e-04  1.44e-02     0s
   4  -1.51553811e+03 -1.53608905e+03  0.00e+00 8.88e-16  5.76e-03     0s
   5  -1.52129692e+03 -1.53021273e+03  0.00e+00 8.88e-16  2.50e-03     0s
   6  -1.52424537e+03 -1.52780086e+03  0.00e+00 8.88e-16  9.97e-04     0s
   7  -1.52506382e+03 -1.52696185e+03  0.00e+00 8.88e-16  5.32e-04     0s
   8  -1.52535436e+03 -1.52632983e+03  0.00e+00 8.88e-16  2.74e-04     0s
   9  -1.52579655e+03 -1.52617186e+03  0.00e+00 8.88e-16  1.05e-04     0s
  10  -1.52595177e+03 -1.52611302e+03  0.00e+00 8.88e-16  4.52e-05     0s
  11  -1.52603428e+03 -1.52606608e+03  0.00e+00 1.78e-15  8.92e-06     0s
  12  -1.52605098e+03 -1.52605237e+03  0.00e+00 8.88e-16  3.90e-07     0s
  13  -1.52605157e+03 -1.52605159e+03  0.00e+00 1.78e-15  4.28e-09     0s
  14  -1.52605158e+03 -1.52605158e+03  0.00e+00 1.78e-15  3.92e-14     0s

Barrier solved model in 14 iterations and 0.02 seconds
Optimal objective -1.52605158e+03


Root relaxation: objective -1.526052e+03, 23 iterations, 0.01 seconds

    Nodes    |    Current Node    |     Objective Bounds      |     Work
 Expl Unexpl |  Obj  Depth IntInf | Incumbent    BestBd   Gap | It/Node Time

     0     0 -1526.0516    0   48 -1375.2674 -1526.0516  11.0%     -    0s
H    0     0                    -1511.618500 -1526.0516  0.95%     -    0s

Explored 0 nodes (23 simplex iterations) in 0.03 seconds
Thread count was 20 (of 20 available processors)

Solution count 3: -1511.62 -1375.27 -66.8879 
Pool objective bound -1526.05

Optimal solution found (tolerance 5.00e-02)
Best objective -1.511618500000e+03, best bound -1.526051584333e+03, gap 0.9548%
Changed value of parameter MIPGap to 0.05
   Prev: 0.0001  Min: 0.0  Max: 1e+100  Default: 0.0001
Changed value of parameter TimeLimit to 1800.0
   Prev: 1e+100  Min: 0.0  Max: 1e+100  Default: 1e+100
Changed value of parameter Method to 2
   Prev: -1  Min: -1  Max: 4  Default: -1
Changed value of parameter MIPFocus to 1
   Prev: 0  Min: 0  Max: 3  Default: 0
Optimize a model with 3778 rows, 5517 columns and 11034 nonzeros
Variable types: 0 continuous, 5517 integer (5517 binary)
Coefficient statistics:
  Matrix range     [1e+00, 6e+00]
  Objective range  [1e+00, 1e+00]
  Bounds range     [1e+00, 1e+00]
  RHS range        [8e+01, 8e+01]
Found heuristic solution: objective 0
Presolve removed 3704 rows and 3771 columns
Presolve time: 0.01s
Presolved: 74 rows, 1746 columns, 3009 nonzeros
Found heuristic solution: objective -1417.534700
Variable types: 0 continuous, 1746 integer (1718 binary)
Presolved: 74 rows, 1746 columns, 3009 nonzeros

Root barrier log...

Ordering time: 0.00s

Barrier statistics:
 AA' NZ     : 1.139e+03
 Factor NZ  : 2.535e+03 (roughly 1 MByte of memory)
 Factor Ops : 1.148e+05 (less than 1 second per iteration)
 Threads    : 1

                  Objective                Residual
Iter       Primal          Dual         Primal    Dual     Compl     Time
   0  -5.03801110e+03 -3.88436004e+03  3.45e+01 8.88e-16  2.92e+00     0s
   1  -1.82306485e+03 -3.10294158e+03  3.90e+00 4.07e-01  6.86e-01     0s
   2  -1.46149330e+03 -1.71529498e+03  0.00e+00 1.90e-02  7.13e-02     0s
   3  -1.53934395e+03 -1.59253430e+03  0.00e+00 1.78e-15  1.49e-02     0s
   4  -1.55633090e+03 -1.58103385e+03  0.00e+00 8.88e-16  6.93e-03     0s
   5  -1.56244391e+03 -1.57495056e+03  0.00e+00 8.88e-16  3.51e-03     0s
   6  -1.56538051e+03 -1.56978684e+03  0.00e+00 8.88e-16  1.24e-03     0s
   7  -1.56660479e+03 -1.56798408e+03  0.00e+00 8.88e-16  3.87e-04     0s
   8  -1.56701305e+03 -1.56744774e+03  0.00e+00 8.88e-16  1.22e-04     0s
   9  -1.56708947e+03 -1.56726943e+03  0.00e+00 8.88e-16  5.05e-05     0s
  10  -1.56711035e+03 -1.56711771e+03  0.00e+00 1.78e-15  2.06e-06     0s
  11  -1.56711173e+03 -1.56711208e+03  0.00e+00 8.88e-16  9.79e-08     0s
  12  -1.56711175e+03 -1.56711175e+03  0.00e+00 8.88e-16  1.38e-10     0s

Barrier solved model in 12 iterations and 0.02 seconds
Optimal objective -1.56711175e+03


Root relaxation: objective -1.567112e+03, 31 iterations, 0.01 seconds

    Nodes    |    Current Node    |     Objective Bounds      |     Work
 Expl Unexpl |  Obj  Depth IntInf | Incumbent    BestBd   Gap | It/Node Time

     0     0 -1567.1117    0   48 -1417.5347 -1567.1117  10.6%     -    0s
H    0     0                    -1551.219100 -1567.1117  1.02%     -    0s

Explored 0 nodes (31 simplex iterations) in 0.03 seconds
Thread count was 20 (of 20 available processors)

Solution count 3: -1551.22 -1417.53 -68.7757 
Pool objective bound -1567.11

Optimal solution found (tolerance 5.00e-02)
Best objective -1.551219100000e+03, best bound -1.567111747333e+03, gap 1.0245%
Changed value of parameter MIPGap to 0.05
   Prev: 0.0001  Min: 0.0  Max: 1e+100  Default: 0.0001
Changed value of parameter TimeLimit to 1800.0
   Prev: 1e+100  Min: 0.0  Max: 1e+100  Default: 1e+100
Changed value of parameter Method to 2
   Prev: -1  Min: -1  Max: 4  Default: -1
Changed value of parameter MIPFocus to 1
   Prev: 0  Min: 0  Max: 3  Default: 0
Optimize a model with 3778 rows, 5517 columns and 11034 nonzeros
Variable types: 0 continuous, 5517 integer (5517 binary)
Coefficient statistics:
  Matrix range     [1e+00, 6e+00]
  Objective range  [1e+00, 1e+00]
  Bounds range     [1e+00, 1e+00]
  RHS range        [8e+01, 8e+01]
Found heuristic solution: objective 0
Presolve removed 3704 rows and 3771 columns
Presolve time: 0.01s
Presolved: 74 rows, 1746 columns, 3009 nonzeros
Found heuristic solution: objective -1502.069400
Variable types: 0 continuous, 1746 integer (1718 binary)
Presolved: 74 rows, 1746 columns, 3009 nonzeros

Root barrier log...

Ordering time: 0.00s

Barrier statistics:
 AA' NZ     : 1.139e+03
 Factor NZ  : 2.535e+03 (roughly 1 MByte of memory)
 Factor Ops : 1.148e+05 (less than 1 second per iteration)
 Threads    : 1

                  Objective                Residual
Iter       Primal          Dual         Primal    Dual     Compl     Time
   0  -5.30088234e+03 -4.03485585e+03  3.45e+01 8.88e-16  3.01e+00     0s
   1  -1.92295580e+03 -3.22572422e+03  3.90e+00 4.09e-01  7.03e-01     0s
   2  -1.54190039e+03 -1.79848660e+03  0.00e+00 1.84e-02  7.21e-02     0s
   3  -1.61784087e+03 -1.68171530e+03  0.00e+00 1.78e-14  1.79e-02     0s
   4  -1.63877994e+03 -1.65909723e+03  0.00e+00 6.22e-15  5.70e-03     0s
   5  -1.64550198e+03 -1.65379517e+03  0.00e+00 1.78e-15  2.33e-03     0s
   6  -1.64811421e+03 -1.65134072e+03  0.00e+00 8.88e-16  9.05e-04     0s
   7  -1.64919514e+03 -1.65037136e+03  0.00e+00 8.88e-16  3.30e-04     0s
   8  -1.64963803e+03 -1.64997755e+03  0.00e+00 8.88e-16  9.52e-05     0s
   9  -1.64979810e+03 -1.64985443e+03  0.00e+00 1.78e-15  1.58e-05     0s
  10  -1.64981879e+03 -1.64982034e+03  0.00e+00 1.78e-15  4.35e-07     0s
  11  -1.64981897e+03 -1.64981898e+03  0.00e+00 1.78e-15  1.83e-09     0s

Barrier solved model in 11 iterations and 0.02 seconds
Optimal objective -1.64981897e+03


Root relaxation: objective -1.649819e+03, 28 iterations, 0.01 seconds

    Nodes    |    Current Node    |     Objective Bounds      |     Work
 Expl Unexpl |  Obj  Depth IntInf | Incumbent    BestBd   Gap | It/Node Time

     0     0 -1649.8190    0   47 -1502.0694 -1649.8190  9.84%     -    0s
H    0     0                    -1633.797400 -1649.8190  0.98%     -    0s

Explored 0 nodes (31 simplex iterations) in 0.03 seconds
Thread count was 20 (of 20 available processors)

Solution count 3: -1633.8 -1502.07 -72.5514 
Pool objective bound -1649.82

Optimal solution found (tolerance 5.00e-02)
Best objective -1.633797400000e+03, best bound -1.649818973333e+03, gap 0.9806%
Changed value of parameter MIPGap to 0.05
   Prev: 0.0001  Min: 0.0  Max: 1e+100  Default: 0.0001
Changed value of parameter TimeLimit to 1800.0
   Prev: 1e+100  Min: 0.0  Max: 1e+100  Default: 1e+100
Changed value of parameter Method to 2
   Prev: -1  Min: -1  Max: 4  Default: -1
Changed value of parameter MIPFocus to 1
   Prev: 0  Min: 0  Max: 3  Default: 0
Optimize a model with 3778 rows, 5517 columns and 11034 nonzeros
Variable types: 0 continuous, 5517 integer (5517 binary)
Coefficient statistics:
  Matrix range     [1e+00, 6e+00]
  Objective range  [1e+00, 2e+00]
  Bounds range     [1e+00, 1e+00]
  RHS range        [8e+01, 8e+01]
Found heuristic solution: objective 0
Presolve removed 3704 rows and 3771 columns
Presolve time: 0.01s
Presolved: 74 rows, 1746 columns, 3009 nonzeros
Found heuristic solution: objective -1544.336750
Variable types: 0 continuous, 1746 integer (1718 binary)
Presolved: 74 rows, 1746 columns, 3009 nonzeros

Root barrier log...

Ordering time: 0.00s

Barrier statistics:
 AA' NZ     : 1.139e+03
 Factor NZ  : 2.535e+03 (roughly 1 MByte of memory)
 Factor Ops : 1.148e+05 (less than 1 second per iteration)
 Threads    : 1

                  Objective                Residual
Iter       Primal          Dual         Primal    Dual     Compl     Time
   0  -5.43234140e+03 -4.11605228e+03  3.45e+01 8.88e-16  3.06e+00     0s
   1  -1.97234319e+03 -3.29152156e+03  3.90e+00 4.11e-01  7.14e-01     0s
   2  -1.58227640e+03 -1.84045476e+03  0.00e+00 1.82e-02  7.25e-02     0s
   3  -1.65792452e+03 -1.71624090e+03  0.00e+00 1.78e-15  1.64e-02     0s
   4  -1.67994461e+03 -1.70046122e+03  0.00e+00 8.88e-16  5.75e-03     0s
   5  -1.68726597e+03 -1.69557656e+03  0.00e+00 1.78e-15  2.33e-03     0s
   6  -1.68951895e+03 -1.69322298e+03  0.00e+00 8.88e-16  1.04e-03     0s
   7  -1.69082501e+03 -1.69199334e+03  0.00e+00 8.88e-16  3.28e-04     0s
   8  -1.69121932e+03 -1.69157823e+03  0.00e+00 1.78e-15  1.01e-04     0s
   9  -1.69137978e+03 -1.69146463e+03  0.00e+00 8.88e-16  2.38e-05     0s
  10  -1.69143279e+03 -1.69143493e+03  0.00e+00 1.78e-15  6.02e-07     0s
  11  -1.69143417e+03 -1.69143417e+03  0.00e+00 1.78e-15  6.60e-10     0s

Barrier solved model in 11 iterations and 0.02 seconds
Optimal objective -1.69143417e+03


Root relaxation: objective -1.691434e+03, 25 iterations, 0.01 seconds

    Nodes    |    Current Node    |     Objective Bounds      |     Work
 Expl Unexpl |  Obj  Depth IntInf | Incumbent    BestBd   Gap | It/Node Time

     0     0 -1691.4342    0   56 -1544.3368 -1691.4342  9.52%     -    0s
H    0     0                    -1673.504250 -1691.4342  1.07%     -    0s

Explored 0 nodes (25 simplex iterations) in 0.03 seconds
Thread count was 20 (of 20 available processors)

Solution count 3: -1673.5 -1544.34 -74.4393 
Pool objective bound -1691.43

Optimal solution found (tolerance 5.00e-02)
Best objective -1.673504250000e+03, best bound -1.691434171833e+03, gap 1.0714%
Changed value of parameter MIPGap to 0.05
   Prev: 0.0001  Min: 0.0  Max: 1e+100  Default: 0.0001
Changed value of parameter TimeLimit to 1800.0
   Prev: 1e+100  Min: 0.0  Max: 1e+100  Default: 1e+100
Changed value of parameter Method to 2
   Prev: -1  Min: -1  Max: 4  Default: -1
Changed value of parameter MIPFocus to 1
   Prev: 0  Min: 0  Max: 3  Default: 0
Optimize a model with 3778 rows, 5517 columns and 11034 nonzeros
Variable types: 0 continuous, 5517 integer (5517 binary)
Coefficient statistics:
  Matrix range     [1e+00, 6e+00]
  Objective range  [1e+00, 2e+00]
  Bounds range     [1e+00, 1e+00]
  RHS range        [8e+01, 8e+01]
Found heuristic solution: objective 0
Presolve removed 3704 rows and 3771 columns
Presolve time: 0.01s
Presolved: 74 rows, 1746 columns, 3009 nonzeros
Found heuristic solution: objective -1755.673500
Variable types: 0 continuous, 1746 integer (1718 binary)
Presolved: 74 rows, 1746 columns, 3009 nonzeros

Root barrier log...

Ordering time: 0.00s

Barrier statistics:
 AA' NZ     : 1.139e+03
 Factor NZ  : 2.535e+03 (roughly 1 MByte of memory)
 Factor Ops : 1.148e+05 (less than 1 second per iteration)
 Threads    : 1

                  Objective                Residual
Iter       Primal          Dual         Primal    Dual     Compl     Time
   0  -6.08994534e+03 -4.59183102e+03  3.45e+01 8.88e-16  3.38e+00     0s
   1  -2.21230561e+03 -3.67422384e+03  3.83e+00 4.41e-01  7.85e-01     0s
   2  -1.78492794e+03 -2.05708299e+03  0.00e+00 1.80e-02  7.64e-02     0s
   3  -1.86387391e+03 -1.93203470e+03  0.00e+00 6.22e-15  1.91e-02     0s
   4  -1.88737769e+03 -1.91317125e+03  0.00e+00 1.29e-03  7.23e-03     0s
   5  -1.89195926e+03 -1.90730448e+03  0.00e+00 8.88e-16  4.30e-03     0s
   6  -1.89294713e+03 -1.90510475e+03  0.00e+00 1.78e-15  3.41e-03     0s
   7  -1.89767208e+03 -1.90336619e+03  0.00e+00 8.88e-16  1.60e-03     0s
   8  -1.89987149e+03 -1.90304766e+03  0.00e+00 1.78e-15  8.91e-04     0s
   9  -1.90089711e+03 -1.90270056e+03  0.00e+00 8.88e-16  5.06e-04     0s
  10  -1.90177539e+03 -1.90249957e+03  0.00e+00 1.78e-15  2.03e-04     0s
  11  -1.90230419e+03 -1.90237194e+03  0.00e+00 1.78e-15  1.90e-05     0s
  12  -1.90236657e+03 -1.90236740e+03  0.00e+00 1.78e-15  2.34e-07     0s
  13  -1.90236685e+03 -1.90236685e+03  0.00e+00 1.78e-15  1.56e-10     0s

Barrier solved model in 13 iterations and 0.02 seconds
Optimal objective -1.90236685e+03


Root relaxation: objective -1.902367e+03, 30 iterations, 0.01 seconds

    Nodes    |    Current Node    |     Objective Bounds      |     Work
 Expl Unexpl |  Obj  Depth IntInf | Incumbent    BestBd   Gap | It/Node Time

     0     0 -1902.3669    0   49 -1755.6735 -1902.3669  8.36%     -    0s
H    0     0                    -1880.335000 -1902.3669  1.17%     -    0s

Explored 0 nodes (30 simplex iterations) in 0.03 seconds
Thread count was 20 (of 20 available processors)

Solution count 3: -1880.34 -1755.67 -83.8785 
Pool objective bound -1902.37

Optimal solution found (tolerance 5.00e-02)
Best objective -1.880335000000e+03, best bound -1.902366852778e+03, gap 1.1717%
Changed value of parameter MIPGap to 0.05
   Prev: 0.0001  Min: 0.0  Max: 1e+100  Default: 0.0001
Changed value of parameter TimeLimit to 1800.0
   Prev: 1e+100  Min: 0.0  Max: 1e+100  Default: 1e+100
Changed value of parameter Method to 2
   Prev: -1  Min: -1  Max: 4  Default: -1
Changed value of parameter MIPFocus to 1
   Prev: 0  Min: 0  Max: 3  Default: 0
Optimize a model with 3778 rows, 5517 columns and 11034 nonzeros
Variable types: 0 continuous, 5517 integer (5517 binary)
Coefficient statistics:
  Matrix range     [1e+00, 6e+00]
  Objective range  [1e+00, 3e+00]
  Bounds range     [1e+00, 1e+00]
  RHS range        [8e+01, 8e+01]
Found heuristic solution: objective 0
Presolve removed 3704 rows and 3771 columns
Presolve time: 0.01s
Presolved: 74 rows, 1746 columns, 3009 nonzeros
Found heuristic solution: objective -2178.347000
Variable types: 0 continuous, 1746 integer (1718 binary)
Presolve removed 0 rows and 1 columns
Presolved: 74 rows, 1745 columns, 3008 nonzeros

Root barrier log...

Ordering time: 0.00s

Barrier statistics:
 AA' NZ     : 1.139e+03
 Factor NZ  : 2.535e+03 (roughly 1 MByte of memory)
 Factor Ops : 1.148e+05 (less than 1 second per iteration)
 Threads    : 1

                  Objective                Residual
Iter       Primal          Dual         Primal    Dual     Compl     Time
   0  -7.40334833e+03 -5.54349806e+03  3.45e+01 8.88e-16  4.03e+00     0s
   1  -2.69802551e+03 -4.44285263e+03  3.73e+00 5.00e-01  9.27e-01     0s
   2  -2.19583693e+03 -2.50940476e+03  0.00e+00 1.91e-02  8.81e-02     0s
   3  -2.28674338e+03 -2.36813493e+03  0.00e+00 1.78e-15  2.28e-02     0s
   4  -2.31632224e+03 -2.34797621e+03  0.00e+00 1.78e-15  8.88e-03     0s
   5  -2.32576130e+03 -2.34121789e+03  0.00e+00 1.78e-15  4.34e-03     0s
   6  -2.33090735e+03 -2.33873016e+03  0.00e+00 1.78e-15  2.19e-03     0s
   7  -2.33234637e+03 -2.33741889e+03  0.00e+00 1.78e-15  1.42e-03     0s
   8  -2.33332794e+03 -2.33635548e+03  0.00e+00 1.78e-15  8.49e-04     0s
   9  -2.33432013e+03 -2.33591708e+03  0.00e+00 1.78e-15  4.48e-04     0s
  10  -2.33514116e+03 -2.33565775e+03  0.00e+00 1.78e-15  1.45e-04     0s
  11  -2.33542655e+03 -2.33546396e+03  0.00e+00 1.78e-15  1.05e-05     0s
  12  -2.33544005e+03 -2.33544363e+03  0.00e+00 1.78e-15  1.01e-06     0s
  13  -2.33544293e+03 -2.33544309e+03  0.00e+00 1.78e-15  4.64e-08     0s
  14  -2.33544303e+03 -2.33544303e+03  0.00e+00 1.78e-15  2.39e-13     0s

Barrier solved model in 14 iterations and 0.02 seconds
Optimal objective -2.33544303e+03


Root relaxation: objective -2.335443e+03, 28 iterations, 0.01 seconds

    Nodes    |    Current Node    |     Objective Bounds      |     Work
 Expl Unexpl |  Obj  Depth IntInf | Incumbent    BestBd   Gap | It/Node Time

     0     0 -2335.4430    0   49 -2178.3470 -2335.4430  7.21%     -    0s
H    0     0                    -2313.893000 -2335.4430  0.93%     -    0s

Explored 0 nodes (29 simplex iterations) in 0.03 seconds
Thread count was 20 (of 20 available processors)

Solution count 3: -2313.89 -2178.35 -102.757 
Pool objective bound -2335.44

Optimal solution found (tolerance 5.00e-02)
Best objective -2.313893000000e+03, best bound -2.335443033333e+03, gap 0.9313%
Changed value of parameter MIPGap to 0.05
   Prev: 0.0001  Min: 0.0  Max: 1e+100  Default: 0.0001
Changed value of parameter TimeLimit to 1800.0
   Prev: 1e+100  Min: 0.0  Max: 1e+100  Default: 1e+100
Changed value of parameter Method to 2
   Prev: -1  Min: -1  Max: 4  Default: -1
Changed value of parameter MIPFocus to 1
   Prev: 0  Min: 0  Max: 3  Default: 0
Optimize a model with 3778 rows, 5517 columns and 11034 nonzeros
Variable types: 0 continuous, 5517 integer (5517 binary)
Coefficient statistics:
  Matrix range     [1e+00, 6e+00]
  Objective range  [2e+00, 5e+00]
  Bounds range     [1e+00, 1e+00]
  RHS range        [8e+01, 8e+01]
Found heuristic solution: objective 0
Presolve removed 3704 rows and 3771 columns
Presolve time: 0.01s
Presolved: 74 rows, 1746 columns, 3009 nonzeros
Found heuristic solution: objective -3024.866000
Variable types: 0 continuous, 1746 integer (1718 binary)
Presolved: 74 rows, 1746 columns, 3009 nonzeros

Root barrier log...

Ordering time: 0.00s

Barrier statistics:
 AA' NZ     : 1.139e+03
 Factor NZ  : 2.535e+03 (roughly 1 MByte of memory)
 Factor Ops : 1.148e+05 (less than 1 second per iteration)
 Threads    : 1

                  Objective                Residual
Iter       Primal          Dual         Primal    Dual     Compl     Time
   0  -1.00355483e+04 -7.44650344e+03  3.45e+01 8.88e-16  5.33e+00     0s
   1  -3.68477574e+03 -5.98676384e+03  3.61e+00 6.20e-01  1.21e+00     0s
   2  -3.04622817e+03 -3.45565127e+03  0.00e+00 2.52e-02  1.15e-01     0s
   3  -3.17074282e+03 -3.27059827e+03  0.00e+00 1.78e-15  2.80e-02     0s
   4  -3.20489034e+03 -3.24782517e+03  0.00e+00 1.78e-15  1.20e-02     0s
   5  -3.22129769e+03 -3.24052143e+03  0.00e+00 1.78e-15  5.39e-03     0s
   6  -3.22581029e+03 -3.23625857e+03  0.00e+00 1.78e-15  2.93e-03     0s
   7  -3.23156093e+03 -3.23472310e+03  0.00e+00 1.78e-15  8.87e-04     0s
   8  -3.23267571e+03 -3.23433157e+03  0.00e+00 1.78e-15  4.64e-04     0s
   9  -3.23336004e+03 -3.23399768e+03  0.00e+00 1.78e-15  1.79e-04     0s
  10  -3.23379143e+03 -3.23382600e+03  0.00e+00 1.78e-15  9.70e-06     0s
  11  -3.23381173e+03 -3.23381239e+03  0.00e+00 1.78e-15  1.84e-07     0s
  12  -3.23381193e+03 -3.23381193e+03  0.00e+00 2.66e-15  2.65e-10     0s

Barrier solved model in 12 iterations and 0.02 seconds
Optimal objective -3.23381193e+03


Root relaxation: objective -3.233812e+03, 32 iterations, 0.01 seconds

    Nodes    |    Current Node    |     Objective Bounds      |     Work
 Expl Unexpl |  Obj  Depth IntInf | Incumbent    BestBd   Gap | It/Node Time

     0     0 -3233.8119    0   45 -3024.8660 -3233.8119  6.91%     -    0s
H    0     0                    -3211.258000 -3233.8119  0.70%     -    0s

Explored 0 nodes (32 simplex iterations) in 0.03 seconds
Thread count was 20 (of 20 available processors)

Solution count 3: -3211.26 -3024.87 -140.514 
Pool objective bound -3233.81

Optimal solution found (tolerance 5.00e-02)
Best objective -3.211258000000e+03, best bound -3.233811933333e+03, gap 0.7023%
Changed value of parameter MIPGap to 0.05
   Prev: 0.0001  Min: 0.0  Max: 1e+100  Default: 0.0001
Changed value of parameter TimeLimit to 1800.0
   Prev: 1e+100  Min: 0.0  Max: 1e+100  Default: 1e+100
Changed value of parameter Method to 2
   Prev: -1  Min: -1  Max: 4  Default: -1
Changed value of parameter MIPFocus to 1
   Prev: 0  Min: 0  Max: 3  Default: 0
Optimize a model with 3778 rows, 5517 columns and 11034 nonzeros
Variable types: 0 continuous, 5517 integer (5517 binary)
Coefficient statistics:
  Matrix range     [1e+00, 6e+00]
  Objective range  [2e+00, 6e+00]
  Bounds range     [1e+00, 1e+00]
  RHS range        [8e+01, 8e+01]
Found heuristic solution: objective 0
Presolve removed 3704 rows and 3771 columns
Presolve time: 0.01s
Presolved: 74 rows, 1746 columns, 3009 nonzeros
Found heuristic solution: objective -3449.285000
Variable types: 0 continuous, 1746 integer (1718 binary)
Presolved: 74 rows, 1746 columns, 3009 nonzeros

Root barrier log...

Ordering time: 0.00s

Barrier statistics:
 AA' NZ     : 1.139e+03
 Factor NZ  : 2.535e+03 (roughly 1 MByte of memory)
 Factor Ops : 1.148e+05 (less than 1 second per iteration)
 Threads    : 1

                  Objective                Residual
Iter       Primal          Dual         Primal    Dual     Compl     Time
   0  -1.13507452e+04 -8.39806091e+03  3.45e+01 1.78e-15  5.98e+00     0s
   1  -4.18211629e+03 -6.75970911e+03  3.58e+00 6.80e-01  1.35e+00     0s
   2  -3.46797566e+03 -3.93751120e+03  0.00e+00 2.87e-02  1.32e-01     0s
   3  -3.62156129e+03 -3.73587421e+03  0.00e+00 1.24e-14  3.21e-02     0s
   4  -3.66731369e+03 -3.71756823e+03  0.00e+00 7.11e-15  1.41e-02     0s
   5  -3.68204857e+03 -3.70327532e+03  0.00e+00 3.55e-15  5.95e-03     0s
   6  -3.68835712e+03 -3.69624926e+03  0.00e+00 3.55e-15  2.21e-03     0s
   7  -3.69062061e+03 -3.69385306e+03  0.00e+00 3.55e-15  9.07e-04     0s
   8  -3.69173710e+03 -3.69260389e+03  0.00e+00 3.55e-15  2.43e-04     0s
   9  -3.69203754e+03 -3.69228282e+03  0.00e+00 3.55e-15  6.88e-05     0s
  10  -3.69210980e+03 -3.69213121e+03  0.00e+00 3.55e-15  6.01e-06     0s
  11  -3.69211345e+03 -3.69211361e+03  0.00e+00 3.55e-15  4.65e-08     0s
  12  -3.69211350e+03 -3.69211350e+03  0.00e+00 3.55e-15  4.65e-11     0s

Barrier solved model in 12 iterations and 0.02 seconds
Optimal objective -3.69211350e+03


Root relaxation: objective -3.692114e+03, 35 iterations, 0.01 seconds

    Nodes    |    Current Node    |     Objective Bounds      |     Work
 Expl Unexpl |  Obj  Depth IntInf | Incumbent    BestBd   Gap | It/Node Time

     0     0 -3692.1135    0   42 -3449.2850 -3692.1135  7.04%     -    0s
H    0     0                    -3666.355000 -3692.1135  0.70%     -    0s

Explored 0 nodes (35 simplex iterations) in 0.03 seconds
Thread count was 20 (of 20 available processors)

Solution count 3: -3666.36 -3449.29 -159.393 
Pool objective bound -3692.11

Optimal solution found (tolerance 5.00e-02)
Best objective -3.666355000000e+03, best bound -3.692113500000e+03, gap 0.7026%
Changed value of parameter MIPGap to 0.05
   Prev: 0.0001  Min: 0.0  Max: 1e+100  Default: 0.0001
Changed value of parameter TimeLimit to 1800.0
   Prev: 1e+100  Min: 0.0  Max: 1e+100  Default: 1e+100
Changed value of parameter Method to 2
   Prev: -1  Min: -1  Max: 4  Default: -1
Changed value of parameter MIPFocus to 1
   Prev: 0  Min: 0  Max: 3  Default: 0
Optimize a model with 3778 rows, 5517 columns and 11034 nonzeros
Variable types: 0 continuous, 5517 integer (5517 binary)
Coefficient statistics:
  Matrix range     [1e+00, 6e+00]
  Objective range  [3e+00, 1e+01]
  Bounds range     [1e+00, 1e+00]
  RHS range        [8e+01, 8e+01]
Found heuristic solution: objective 0
Presolve removed 3704 rows and 3771 columns
Presolve time: 0.01s
Presolved: 74 rows, 1746 columns, 3009 nonzeros
Found heuristic solution: objective -5560.940000
Variable types: 0 continuous, 1746 integer (1718 binary)
Presolved: 74 rows, 1746 columns, 3009 nonzeros

Root barrier log...

Ordering time: 0.00s

Barrier statistics:
 AA' NZ     : 1.139e+03
 Factor NZ  : 2.535e+03 (roughly 1 MByte of memory)
 Factor Ops : 1.148e+05 (less than 1 second per iteration)
 Threads    : 1

                  Objective                Residual
Iter       Primal          Dual         Primal    Dual     Compl     Time
   0  -1.79267807e+04 -1.31682093e+04  3.45e+01 1.78e-15  9.25e+00     0s
   1  -6.68510318e+03 -1.06393236e+04  3.47e+00 9.87e-01  2.06e+00     0s
   2  -5.63802980e+03 -6.39088059e+03  9.22e-03 5.04e-02  2.13e-01     0s
   3  -5.89987726e+03 -6.09290226e+03  1.49e-03 3.55e-15  5.44e-02     0s
   4  -5.94870396e+03 -6.03993135e+03  5.38e-04 3.55e-15  2.57e-02     0s
   5  -5.98142984e+03 -6.01841602e+03  1.49e-04 3.55e-15  1.04e-02     0s
   6  -5.99250436e+03 -6.00753731e+03  4.06e-05 3.55e-15  4.23e-03     0s
   7  -5.99838801e+03 -6.00335568e+03  1.13e-05 3.55e-15  1.40e-03     0s
   8  -6.00034582e+03 -6.00208123e+03  1.96e-06 3.55e-15  4.89e-04     0s
   9  -6.00089709e+03 -6.00164917e+03  2.15e-07 3.55e-15  2.12e-04     0s
  10  -6.00124342e+03 -6.00143494e+03  0.00e+00 3.55e-15  5.39e-05     0s
  11  -6.00134671e+03 -6.00135114e+03  0.00e+00 3.55e-15  1.24e-06     0s
  12  -6.00134826e+03 -6.00134834e+03  0.00e+00 3.55e-15  2.28e-08     0s
  13  -6.00134833e+03 -6.00134833e+03  0.00e+00 3.55e-15  6.88e-12     0s

Barrier solved model in 13 iterations and 0.02 seconds
Optimal objective -6.00134833e+03


Root relaxation: objective -6.001348e+03, 35 iterations, 0.01 seconds

    Nodes    |    Current Node    |     Objective Bounds      |     Work
 Expl Unexpl |  Obj  Depth IntInf | Incumbent    BestBd   Gap | It/Node Time

     0     0 -6001.3483    0   42 -5560.9400 -6001.3483  7.92%     -    0s
H    0     0                    -5964.470000 -6001.3483  0.62%     -    0s

Explored 0 nodes (40 simplex iterations) in 0.03 seconds
Thread count was 20 (of 20 available processors)

Solution count 3: -5964.47 -5560.94 -253.785 
Pool objective bound -6001.35

Optimal solution found (tolerance 5.00e-02)
Best objective -5.964470000000e+03, best bound -6.001345000000e+03, gap 0.6182%
Changed value of parameter MIPGap to 0.05
   Prev: 0.0001  Min: 0.0  Max: 1e+100  Default: 0.0001
Changed value of parameter TimeLimit to 1800.0
   Prev: 1e+100  Min: 0.0  Max: 1e+100  Default: 1e+100
Changed value of parameter Method to 2
   Prev: -1  Min: -1  Max: 4  Default: -1
Changed value of parameter MIPFocus to 1
   Prev: 0  Min: 0  Max: 3  Default: 0
Optimize a model with 3778 rows, 5517 columns and 11034 nonzeros
Variable types: 0 continuous, 5517 integer (5517 binary)
Coefficient statistics:
  Matrix range     [1e+00, 6e+00]
  Objective range  [4e+00, 2e+01]
  Bounds range     [1e+00, 1e+00]
  RHS range        [8e+01, 8e+01]
Found heuristic solution: objective 0
Presolve removed 3704 rows and 3771 columns
Presolve time: 0.01s
Presolved: 74 rows, 1746 columns, 3009 nonzeros
Found heuristic solution: objective -9792.410000
Variable types: 0 continuous, 1746 integer (1718 binary)
Presolved: 74 rows, 1746 columns, 3009 nonzeros

Root barrier log...

Ordering time: 0.00s

Barrier statistics:
 AA' NZ     : 1.139e+03
 Factor NZ  : 2.535e+03 (roughly 1 MByte of memory)
 Factor Ops : 1.148e+05 (less than 1 second per iteration)
 Threads    : 1

                  Objective                Residual
Iter       Primal          Dual         Primal    Dual     Compl     Time
   0  -3.10795709e+04 -2.28544396e+04  3.45e+01 3.55e-15  1.60e+01     0s
   1  -1.17035100e+04 -1.85154589e+04  3.38e+00 1.64e+00  3.50e+00     0s
   2  -1.00271570e+04 -1.12900494e+04  4.35e-02 8.60e-02  3.68e-01     0s
   3  -1.04553797e+04 -1.07763819e+04  8.40e-03 7.11e-15  9.24e-02     0s
   4  -1.05509503e+04 -1.06883319e+04  3.15e-03 7.11e-15  3.94e-02     0s
   5  -1.05960262e+04 -1.06516557e+04  1.24e-03 7.11e-15  1.60e-02     0s
   6  -1.06140895e+04 -1.06384118e+04  5.72e-04 7.11e-15  6.98e-03     0s
   7  -1.06234751e+04 -1.06339575e+04  2.39e-04 7.11e-15  3.01e-03     0s
   8  -1.06275461e+04 -1.06318630e+04  1.03e-04 7.11e-15  1.24e-03     0s
   9  -1.06295092e+04 -1.06312429e+04  3.43e-05 7.11e-15  4.97e-04     0s
  10  -1.06306252e+04 -1.06308323e+04  2.58e-06 7.11e-15  5.90e-05     0s
  11  -1.06307524e+04 -1.06307544e+04  0.00e+00 7.11e-15  5.47e-07     0s
  12  -1.06307533e+04 -1.06307533e+04  0.00e+00 7.11e-15  5.47e-10     0s

Barrier solved model in 12 iterations and 0.02 seconds
Optimal objective -1.06307533e+04


Root relaxation: objective -1.063075e+04, 27 iterations, 0.01 seconds

    Nodes    |    Current Node    |     Objective Bounds      |     Work
 Expl Unexpl |  Obj  Depth IntInf | Incumbent    BestBd   Gap | It/Node Time

     0     0 -10630.753    0   47 -9792.4100 -10630.753  8.56%     -    0s
H    0     0                    -10570.55000 -10630.753  0.57%     -    0s

Explored 0 nodes (32 simplex iterations) in 0.03 seconds
Thread count was 20 (of 20 available processors)

Solution count 3: -10570.6 -9792.41 -442.57 
Pool objective bound -10630.8

Optimal solution found (tolerance 5.00e-02)
Best objective -1.057055000000e+04, best bound -1.063075000000e+04, gap 0.5695%
Changed value of parameter MIPGap to 0.05
   Prev: 0.0001  Min: 0.0  Max: 1e+100  Default: 0.0001
Changed value of parameter TimeLimit to 1800.0
   Prev: 1e+100  Min: 0.0  Max: 1e+100  Default: 1e+100
Changed value of parameter Method to 2
   Prev: -1  Min: -1  Max: 4  Default: -1
Changed value of parameter MIPFocus to 1
   Prev: 0  Min: 0  Max: 3  Default: 0
Optimize a model with 3778 rows, 5517 columns and 11034 nonzeros
Variable types: 0 continuous, 5517 integer (5517 binary)
Coefficient statistics:
  Matrix range     [1e+00, 6e+00]
  Objective range  [7e+00, 4e+01]
  Bounds range     [1e+00, 1e+00]
  RHS range        [8e+01, 8e+01]
Found heuristic solution: objective 0
Presolve removed 3704 rows and 3771 columns
Presolve time: 0.01s
Presolved: 74 rows, 1746 columns, 3009 nonzeros
Found heuristic solution: objective -18263.62000
Variable types: 0 continuous, 1746 integer (1718 binary)
Presolved: 74 rows, 1746 columns, 3009 nonzeros

Root barrier log...

Ordering time: 0.00s

Barrier statistics:
 AA' NZ     : 1.139e+03
 Factor NZ  : 2.535e+03 (roughly 1 MByte of memory)
 Factor Ops : 1.148e+05 (less than 1 second per iteration)
 Threads    : 1

                  Objective                Residual
Iter       Primal          Dual         Primal    Dual     Compl     Time
   0  -5.73956343e+04 -4.45247361e+04  3.45e+01 7.11e-15  3.21e+01     0s
   1  -2.15057619e+04 -3.59602570e+04  3.18e+00 3.52e+00  7.01e+00     0s
   2  -1.86985090e+04 -2.11853110e+04  3.35e-02 1.90e-01  7.18e-01     0s
   3  -1.95805850e+04 -2.02306508e+04  5.36e-03 4.26e-14  1.85e-01     0s
   4  -1.97413667e+04 -2.00077039e+04  2.11e-03 1.42e-14  7.58e-02     0s
   5  -1.98118348e+04 -1.99426098e+04  1.07e-03 1.42e-14  3.73e-02     0s
   6  -1.98524180e+04 -1.99119385e+04  5.18e-04 1.42e-14  1.70e-02     0s
   7  -1.98772842e+04 -1.99011316e+04  2.03e-04 1.42e-14  6.80e-03     0s
   8  -1.98880574e+04 -1.98977839e+04  7.23e-05 1.42e-14  2.77e-03     0s
   9  -1.98922005e+04 -1.98959096e+04  2.64e-05 1.42e-14  1.06e-03     0s
  10  -1.98948600e+04 -1.98950834e+04  0.00e+00 1.42e-14  6.28e-05     0s
  11  -1.98949197e+04 -1.98949204e+04  0.00e+00 1.42e-14  1.97e-07     0s
  12  -1.98949200e+04 -1.98949200e+04  0.00e+00 1.42e-14  1.97e-10     0s

Barrier solved model in 12 iterations and 0.02 seconds
Optimal objective -1.98949200e+04


Root relaxation: objective -1.989492e+04, 30 iterations, 0.01 seconds

    Nodes    |    Current Node    |     Objective Bounds      |     Work
 Expl Unexpl |  Obj  Depth IntInf | Incumbent    BestBd   Gap | It/Node Time

     0     0 -19894.920    0   42 -18263.620 -19894.920  8.93%     -    0s
H    0     0                    -19794.30000 -19894.920  0.51%     -    0s

Explored 0 nodes (32 simplex iterations) in 0.04 seconds
Thread count was 20 (of 20 available processors)

Solution count 3: -19794.3 -18263.6 -820.14 
Pool objective bound -19894.9

Optimal solution found (tolerance 5.00e-02)
Best objective -1.979430000000e+04, best bound -1.989492000000e+04, gap 0.5083%
Changed value of parameter MIPGap to 0.05
   Prev: 0.0001  Min: 0.0  Max: 1e+100  Default: 0.0001
Changed value of parameter TimeLimit to 1800.0
   Prev: 1e+100  Min: 0.0  Max: 1e+100  Default: 1e+100
Changed value of parameter Method to 2
   Prev: -1  Min: -1  Max: 4  Default: -1
Changed value of parameter MIPFocus to 1
   Prev: 0  Min: 0  Max: 3  Default: 0
Optimize a model with 3778 rows, 5517 columns and 11034 nonzeros
Variable types: 0 continuous, 5517 integer (5517 binary)
Coefficient statistics:
  Matrix range     [1e+00, 6e+00]
  Objective range  [9e+00, 5e+01]
  Bounds range     [1e+00, 1e+00]
  RHS range        [8e+01, 8e+01]
Found heuristic solution: objective 0
Presolve removed 3704 rows and 3771 columns
Presolve time: 0.01s
Presolved: 74 rows, 1746 columns, 3009 nonzeros
Found heuristic solution: objective -22497.27500
Variable types: 0 continuous, 1746 integer (1718 binary)
Presolved: 74 rows, 1746 columns, 3009 nonzeros

Root barrier log...

Ordering time: 0.00s

Barrier statistics:
 AA' NZ     : 1.139e+03
 Factor NZ  : 2.535e+03 (roughly 1 MByte of memory)
 Factor Ops : 1.148e+05 (less than 1 second per iteration)
 Threads    : 1

                  Objective                Residual
Iter       Primal          Dual         Primal    Dual     Compl     Time
   0  -7.05533801e+04 -5.53598844e+04  3.45e+01 7.11e-15  4.01e+01     0s
   1  -2.64111898e+04 -4.46824831e+04  3.13e+00 4.45e+00  8.77e+00     0s
   2  -2.30361982e+04 -2.61310897e+04  3.10e-02 2.43e-01  8.91e-01     0s
   3  -2.41408542e+04 -2.49324405e+04  4.84e-03 5.68e-14  2.25e-01     0s
   4  -2.43325656e+04 -2.46765965e+04  2.00e-03 2.84e-14  9.78e-02     0s
   5  -2.44083155e+04 -2.45914448e+04  1.15e-03 1.42e-14  5.21e-02     0s
   6  -2.44741435e+04 -2.45521804e+04  4.85e-04 1.42e-14  2.22e-02     0s
   7  -2.45096043e+04 -2.45371518e+04  1.50e-04 1.42e-14  7.83e-03     0s
   8  -2.45231530e+04 -2.45326499e+04  3.21e-05 1.42e-14  2.69e-03     0s
   9  -2.45269108e+04 -2.45294068e+04  3.99e-06 1.42e-14  7.05e-04     0s
  10  -2.45277883e+04 -2.45281013e+04  1.12e-07 1.42e-14  8.81e-05     0s
  11  -2.45278760e+04 -2.45278832e+04  0.00e+00 1.42e-14  2.02e-06     0s
  12  -2.45278771e+04 -2.45278771e+04  0.00e+00 1.42e-14  2.02e-09     0s

Barrier solved model in 12 iterations and 0.02 seconds
Optimal objective -2.45278771e+04


Root relaxation: objective -2.452788e+04, 30 iterations, 0.01 seconds

    Nodes    |    Current Node    |     Objective Bounds      |     Work
 Expl Unexpl |  Obj  Depth IntInf | Incumbent    BestBd   Gap | It/Node Time

     0     0 -24527.877    0   47 -22497.275 -24527.877  9.03%     -    0s
H    0     0                    -24406.77500 -24527.877  0.50%     -    0s

Explored 0 nodes (32 simplex iterations) in 0.03 seconds
Thread count was 20 (of 20 available processors)

Solution count 3: -24406.8 -22497.3 -1008.92 
Pool objective bound -24527.9

Optimal solution found (tolerance 5.00e-02)
Best objective -2.440677500000e+04, best bound -2.452787500000e+04, gap 0.4962%
Changed value of parameter MIPGap to 0.05
   Prev: 0.0001  Min: 0.0  Max: 1e+100  Default: 0.0001
Changed value of parameter TimeLimit to 1800.0
   Prev: 1e+100  Min: 0.0  Max: 1e+100  Default: 1e+100
Changed value of parameter Method to 2
   Prev: -1  Min: -1  Max: 4  Default: -1
Changed value of parameter MIPFocus to 1
   Prev: 0  Min: 0  Max: 3  Default: 0
Optimize a model with 3778 rows, 5517 columns and 11034 nonzeros
Variable types: 0 continuous, 5517 integer (5517 binary)
Coefficient statistics:
  Matrix range     [1e+00, 6e+00]
  Objective range  [2e+01, 1e+02]
  Bounds range     [1e+00, 1e+00]
  RHS range        [8e+01, 8e+01]
Found heuristic solution: objective 0
Presolve removed 3704 rows and 3771 columns
Presolve time: 0.01s
Presolved: 74 rows, 1746 columns, 3009 nonzeros
Found heuristic solution: objective -43665.55000
Variable types: 0 continuous, 1746 integer (1718 binary)
Presolved: 74 rows, 1746 columns, 3009 nonzeros

Root barrier log...

Ordering time: 0.00s

Barrier statistics:
 AA' NZ     : 1.139e+03
 Factor NZ  : 2.535e+03 (roughly 1 MByte of memory)
 Factor Ops : 1.148e+05 (less than 1 second per iteration)
 Threads    : 1

                  Objective                Residual
Iter       Primal          Dual         Primal    Dual     Compl     Time
   0  -1.36341541e+05 -1.09535626e+05  3.45e+01 1.42e-14  8.04e+01     0s
   1  -5.09479344e+04 -8.82932673e+04  3.05e+00 9.15e+00  1.75e+01     0s
   2  -4.47365862e+04 -5.09325112e+04  2.88e-02 5.22e-01  1.78e+00     0s
   3  -4.69498298e+04 -4.84452006e+04  4.18e-03 4.20e-04  4.25e-01     0s
   4  -4.72932841e+04 -4.80815102e+04  1.90e-03 2.84e-14  2.24e-01     0s
   5  -4.74804551e+04 -4.78767080e+04  9.08e-04 2.84e-14  1.12e-01     0s
   6  -4.76158973e+04 -4.77616633e+04  2.87e-04 2.84e-14  4.13e-02     0s
   7  -4.76650771e+04 -4.77197322e+04  9.57e-05 2.84e-14  1.55e-02     0s
   8  -4.76832922e+04 -4.77053305e+04  2.61e-05 2.84e-14  6.23e-03     0s
   9  -4.76911493e+04 -4.76984351e+04  6.10e-06 2.84e-14  2.06e-03     0s
  10  -4.76944305e+04 -4.76946137e+04  0.00e+00 2.84e-14  5.15e-05     0s
  11  -4.76944749e+04 -4.76944752e+04  0.00e+00 2.84e-14  6.05e-08     0s
  12  -4.76944750e+04 -4.76944750e+04  0.00e+00 2.84e-14  6.05e-11     0s

Barrier solved model in 12 iterations and 0.02 seconds
Optimal objective -4.76944750e+04


Root relaxation: objective -4.769447e+04, 32 iterations, 0.01 seconds

    Nodes    |    Current Node    |     Objective Bounds      |     Work
 Expl Unexpl |  Obj  Depth IntInf | Incumbent    BestBd   Gap | It/Node Time

     0     0 -47694.475    0   46 -43665.550 -47694.475  9.23%     -    0s
H    0     0                    -47432.25000 -47694.475  0.55%     -    0s

Explored 0 nodes (34 simplex iterations) in 0.03 seconds
Thread count was 20 (of 20 available processors)

Solution count 3: -47432.2 -43665.5 -1952.85 
Pool objective bound -47694.5

Optimal solution found (tolerance 5.00e-02)
Best objective -4.743225000000e+04, best bound -4.769445000000e+04, gap 0.5528%
Changed value of parameter MIPGap to 0.05
   Prev: 0.0001  Min: 0.0  Max: 1e+100  Default: 0.0001
Changed value of parameter TimeLimit to 1800.0
   Prev: 1e+100  Min: 0.0  Max: 1e+100  Default: 1e+100
Changed value of parameter Method to 2
   Prev: -1  Min: -1  Max: 4  Default: -1
Changed value of parameter MIPFocus to 1
   Prev: 0  Min: 0  Max: 3  Default: 0
Optimize a model with 3778 rows, 5517 columns and 11034 nonzeros
Variable types: 0 continuous, 5517 integer (5517 binary)
Coefficient statistics:
  Matrix range     [1e+00, 6e+00]
  Objective range  [3e+01, 2e+02]
  Bounds range     [1e+00, 1e+00]
  RHS range        [8e+01, 8e+01]
Found heuristic solution: objective 0
Presolve removed 3704 rows and 3771 columns
Presolve time: 0.01s
Presolved: 74 rows, 1746 columns, 3009 nonzeros
Found heuristic solution: objective -86002.10000
Variable types: 0 continuous, 1746 integer (1718 binary)
Presolved: 74 rows, 1746 columns, 3009 nonzeros

Root barrier log...

Ordering time: 0.00s

Barrier statistics:
 AA' NZ     : 1.139e+03
 Factor NZ  : 2.535e+03 (roughly 1 MByte of memory)
 Factor Ops : 1.148e+05 (less than 1 second per iteration)
 Threads    : 1

                  Objective                Residual
Iter       Primal          Dual         Primal    Dual     Compl     Time
   0  -2.67917295e+05 -2.17887108e+05  3.45e+01 2.84e-14  1.61e+02     0s
   1  -1.00031532e+05 -1.75514490e+05  3.00e+00 1.85e+01  3.51e+01     0s
   2  -8.81426297e+04 -1.00559246e+05  2.76e-02 1.09e+00  3.56e+00     0s
   3  -9.25612404e+04 -9.54451458e+04  4.10e-03 9.21e-03  8.19e-01     0s
   4  -9.31208041e+04 -9.43823846e+04  2.24e-03 5.68e-14  3.60e-01     0s
   5  -9.36041600e+04 -9.42047281e+04  9.68e-04 5.68e-14  1.71e-01     0s
   6  -9.38265233e+04 -9.40948151e+04  4.42e-04 5.68e-14  7.65e-02     0s
   7  -9.39333580e+04 -9.40601747e+04  2.00e-04 5.68e-14  3.61e-02     0s
   8  -9.39860867e+04 -9.40453848e+04  8.24e-05 5.68e-14  1.69e-02     0s
   9  -9.40122989e+04 -9.40353588e+04  3.09e-05 5.68e-14  6.56e-03     0s
  10  -9.40274828e+04 -9.40306376e+04  3.04e-06 5.68e-14  8.96e-04     0s
  11  -9.40297904e+04 -9.40298274e+04  0.00e+00 5.68e-14  1.04e-05     0s
  12  -9.40298000e+04 -9.40298000e+04  0.00e+00 5.68e-14  1.04e-08     0s
  13  -9.40298000e+04 -9.40298000e+04  4.27e-15 5.68e-14  5.36e-14     0s

Barrier solved model in 13 iterations and 0.02 seconds
Optimal objective -9.40298000e+04


Root relaxation: objective -9.402980e+04, 30 iterations, 0.01 seconds

    Nodes    |    Current Node    |     Objective Bounds      |     Work
 Expl Unexpl |  Obj  Depth IntInf | Incumbent    BestBd   Gap | It/Node Time

     0     0 -94029.800    0   44 -86002.100 -94029.800  9.33%     -    0s
H    0     0                    -93539.30000 -94029.800  0.52%     -    0s

Explored 0 nodes (35 simplex iterations) in 0.03 seconds
Thread count was 20 (of 20 available processors)

Solution count 3: -93539.3 -86002.1 -3840.7 
Pool objective bound -94029.8

Optimal solution found (tolerance 5.00e-02)
Best objective -9.353930000000e+04, best bound -9.402980000000e+04, gap 0.5244%
Changed value of parameter MIPGap to 0.05
   Prev: 0.0001  Min: 0.0  Max: 1e+100  Default: 0.0001
Changed value of parameter TimeLimit to 1800.0
   Prev: 1e+100  Min: 0.0  Max: 1e+100  Default: 1e+100
Changed value of parameter Method to 2
   Prev: -1  Min: -1  Max: 4  Default: -1
Changed value of parameter MIPFocus to 1
   Prev: 0  Min: 0  Max: 3  Default: 0
Optimize a model with 3778 rows, 5517 columns and 11034 nonzeros
Variable types: 0 continuous, 5517 integer (5517 binary)
Coefficient statistics:
  Matrix range     [1e+00, 6e+00]
  Objective range  [8e+01, 5e+02]
  Bounds range     [1e+00, 1e+00]
  RHS range        [8e+01, 8e+01]
Found heuristic solution: objective 0
Presolve removed 3704 rows and 3771 columns
Presolve time: 0.01s
Presolved: 74 rows, 1746 columns, 3009 nonzeros
Found heuristic solution: objective -213011.7500
Variable types: 0 continuous, 1746 integer (1718 binary)
Presolve removed 0 rows and 6 columns
Presolved: 74 rows, 1740 columns, 3003 nonzeros

Root barrier log...

Ordering time: 0.00s

Barrier statistics:
 AA' NZ     : 1.139e+03
 Factor NZ  : 2.535e+03 (roughly 1 MByte of memory)
 Factor Ops : 1.148e+05 (less than 1 second per iteration)
 Threads    : 1

                  Objective                Residual
Iter       Primal          Dual         Primal    Dual     Compl     Time
   0  -6.61180505e+05 -5.42706267e+05  3.45e+01 5.68e-14  4.03e+02     0s
   1  -2.47258426e+05 -4.36803322e+05  2.98e+00 4.67e+01  8.78e+01     0s
   2  -2.18394033e+05 -2.49376864e+05  2.65e-02 2.76e+00  8.92e+00     0s
   3  -2.29400062e+05 -2.36480394e+05  3.89e-03 2.19e-02  2.02e+00     0s
   4  -2.30767941e+05 -2.33891553e+05  2.13e-03 3.41e-13  8.93e-01     0s
   5  -2.31917702e+05 -2.33468441e+05  9.74e-04 1.14e-13  4.43e-01     0s
   6  -2.32482902e+05 -2.33206025e+05  4.63e-04 1.14e-13  2.07e-01     0s
   7  -2.32764765e+05 -2.33116991e+05  2.17e-04 1.14e-13  1.01e-01     0s
   8  -2.32907784e+05 -2.33071262e+05  9.19e-05 1.14e-13  4.67e-02     0s
   9  -2.33005612e+05 -2.33051919e+05  1.92e-05 1.14e-13  1.32e-02     0s
  10  -2.33035725e+05 -2.33040385e+05  7.01e-07 1.14e-13  1.32e-03     0s
  11  -2.33038029e+05 -2.33038053e+05  0.00e+00 1.71e-13  6.66e-06     0s
  12  -2.33038042e+05 -2.33038042e+05  0.00e+00 1.71e-13  6.66e-09     0s

Barrier solved model in 12 iterations and 0.02 seconds
Optimal objective -2.33038042e+05


Root relaxation: objective -2.330380e+05, 26 iterations, 0.01 seconds

    Nodes    |    Current Node    |     Objective Bounds      |     Work
 Expl Unexpl |  Obj  Depth IntInf | Incumbent    BestBd   Gap | It/Node Time

     0     0 -233038.04    0   43 -213011.75 -233038.04  9.40%     -    0s
H    0     0                    -231811.0000 -233038.04  0.53%     -    0s

Explored 0 nodes (38 simplex iterations) in 0.03 seconds
Thread count was 20 (of 20 available processors)

Solution count 3: -231811 -213012 -9504.25 
Pool objective bound -233038

Optimal solution found (tolerance 5.00e-02)
Best objective -2.318110000000e+05, best bound -2.330380000000e+05, gap 0.5293%
Changed value of parameter MIPGap to 0.05
   Prev: 0.0001  Min: 0.0  Max: 1e+100  Default: 0.0001
Changed value of parameter TimeLimit to 1800.0
   Prev: 1e+100  Min: 0.0  Max: 1e+100  Default: 1e+100
Changed value of parameter Method to 2
   Prev: -1  Min: -1  Max: 4  Default: -1
Changed value of parameter MIPFocus to 1
   Prev: 0  Min: 0  Max: 3  Default: 0
Optimize a model with 3778 rows, 5517 columns and 11034 nonzeros
Variable types: 0 continuous, 5517 integer (5517 binary)
Coefficient statistics:
  Matrix range     [1e+00, 6e+00]
  Objective range  [8e+02, 5e+03]
  Bounds range     [1e+00, 1e+00]
  RHS range        [8e+01, 8e+01]
Found heuristic solution: objective 0
Presolve removed 3704 rows and 3771 columns
Presolve time: 0.01s
Presolved: 74 rows, 1746 columns, 3009 nonzeros
Found heuristic solution: objective -2118156.500
Variable types: 0 continuous, 1746 integer (1718 binary)
Presolved: 74 rows, 1746 columns, 3009 nonzeros

Root barrier log...

Ordering time: 0.00s

Barrier statistics:
 AA' NZ     : 1.139e+03
 Factor NZ  : 2.535e+03 (roughly 1 MByte of memory)
 Factor Ops : 1.148e+05 (less than 1 second per iteration)
 Threads    : 1

                  Objective                Residual
Iter       Primal          Dual         Primal    Dual     Compl     Time
   0  -6.58354461e+06 -5.41875827e+06  3.45e+01 4.55e-13  4.03e+03     0s
   1  -2.45621058e+06 -4.36212773e+06  2.96e+00 4.69e+02  8.76e+02     0s
   2  -2.17171364e+06 -2.48256492e+06  2.64e-02 2.82e+01  8.92e+01     0s
   3  -2.28155951e+06 -2.35198291e+06  3.92e-03 2.59e-01  2.00e+01     0s
   4  -2.29509577e+06 -2.32799989e+06  2.17e-03 1.82e-12  9.37e+00     0s
   5  -2.30513637e+06 -2.32247222e+06  1.17e-03 1.82e-12  4.94e+00     0s
   6  -2.31245137e+06 -2.32006099e+06  4.90e-04 1.82e-12  2.17e+00     0s
   7  -2.31568622e+06 -2.31901697e+06  2.01e-04 9.09e-13  9.48e-01     0s
   8  -2.31676970e+06 -2.31849110e+06  1.05e-04 1.82e-12  4.90e-01     0s
   9  -2.31767548e+06 -2.31832153e+06  3.06e-05 1.82e-12  1.84e-01     0s
  10  -2.31809611e+06 -2.31820691e+06  3.39e-06 1.82e-12  3.14e-02     0s
  11  -2.31816540e+06 -2.31816658e+06  0.00e+00 1.82e-12  3.30e-04     0s
  12  -2.31816592e+06 -2.31816592e+06  0.00e+00 1.82e-12  3.30e-07     0s
  13  -2.31816592e+06 -2.31816592e+06  6.53e-15 1.82e-12  8.45e-13     0s

Barrier solved model in 13 iterations and 0.02 seconds
Optimal objective -2.31816592e+06


Root relaxation: objective -2.318166e+06, 34 iterations, 0.01 seconds

    Nodes    |    Current Node    |     Objective Bounds      |     Work
 Expl Unexpl |  Obj  Depth IntInf | Incumbent    BestBd   Gap | It/Node Time

     0     0 -2318165.9    0   42 -2118156.5 -2318165.9  9.44%     -    0s
H    0     0                    -2306537.500 -2318165.9  0.50%     -    0s

Explored 0 nodes (37 simplex iterations) in 0.03 seconds
Thread count was 20 (of 20 available processors)

Solution count 3: -2.30654e+06 -2.11816e+06 -94457.5 
Pool objective bound -2.31817e+06

Optimal solution found (tolerance 5.00e-02)
Best objective -2.306537500000e+06, best bound -2.318165916667e+06, gap 0.5042%
