Changed value of parameter MIPGap to 0.05
   Prev: 0.0001  Min: 0.0  Max: 1e+100  Default: 0.0001
Changed value of parameter TimeLimit to 1800.0
   Prev: 1e+100  Min: 0.0  Max: 1e+100  Default: 1e+100
Changed value of parameter Method to 2
   Prev: -1  Min: -1  Max: 4  Default: -1
Changed value of parameter MIPFocus to 1
   Prev: 0  Min: 0  Max: 3  Default: 0
Optimize a model with 11438 rows, 60159 columns and 120318 nonzeros
Variable types: 0 continuous, 60159 integer (60159 binary)
Coefficient statistics:
  Matrix range     [1e+00, 2e+01]
  Objective range  [1e+00, 1e+00]
  Bounds range     [1e+00, 1e+00]
  RHS range        [8e+01, 8e+01]
Found heuristic solution: objective 0
Presolve time: 0.20s
Presolved: 11438 rows, 60159 columns, 120318 nonzeros
Variable types: 0 continuous, 60159 integer (60159 binary)
Presolved: 11438 rows, 60159 columns, 120318 nonzeros

Root barrier log...

Ordering time: 0.01s

Barrier statistics:
 AA' NZ     : 6.016e+04
 Factor NZ  : 2.451e+05 (roughly 30 MBytes of memory)
 Factor Ops : 3.849e+07 (less than 1 second per iteration)
 Threads    : 1

                  Objective                Residual
Iter       Primal          Dual         Primal    Dual     Compl     Time
   0  -2.69659907e+04 -5.08022878e+04  1.01e+02 0.00e+00  3.36e+00     0s
   1  -1.03953180e+04 -3.81204066e+04  2.31e+01 1.11e-15  8.13e-01     0s
   2  -5.72875848e+03 -1.83227085e+04  3.76e+00 8.88e-16  1.64e-01     0s
   3  -4.76023603e+03 -7.88955522e+03  1.12e-01 1.33e-15  2.67e-02     0s
   4  -4.81943188e+03 -5.88577659e+03  2.10e-02 1.55e-15  8.93e-03     0s
   5  -4.83705969e+03 -5.13965239e+03  9.57e-03 7.37e-16  2.54e-03     0s
   6  -4.84803679e+03 -4.96283303e+03  4.32e-03 6.13e-16  9.67e-04     0s
   7  -4.85273865e+03 -4.88629942e+03  2.24e-03 5.26e-16  2.86e-04     1s
   8  -4.85463917e+03 -4.87515195e+03  1.48e-03 6.66e-16  1.75e-04     1s
   9  -4.85653295e+03 -4.86222085e+03  7.66e-04 7.03e-16  5.00e-05     1s
  10  -4.85795073e+03 -4.85852552e+03  1.46e-04 5.82e-16  5.32e-06     1s
  11  -4.85830062e+03 -4.85831933e+03  3.59e-13 7.48e-16  1.55e-07     1s
  12  -4.85830359e+03 -4.85830360e+03  1.71e-13 6.01e-16  3.59e-12     1s

Barrier solved model in 12 iterations and 0.65 seconds
Optimal objective -4.85830359e+03


Root relaxation: objective -4.858304e+03, 48133 iterations, 0.73 seconds

    Nodes    |    Current Node    |     Objective Bounds      |     Work
 Expl Unexpl |  Obj  Depth IntInf | Incumbent    BestBd   Gap | It/Node Time

     0     0 -4858.3036    0  340    0.00000 -4858.3036      -     -    1s
H    0     0                    -4815.000000 -4858.3036  0.90%     -    1s

Explored 0 nodes (58082 simplex iterations) in 1.50 seconds
Thread count was 20 (of 20 available processors)

Solution count 2: -4815 0 
Pool objective bound -4858

Optimal solution found (tolerance 5.00e-02)
Best objective -4.815000000000e+03, best bound -4.858000000000e+03, gap 0.8930%
Changed value of parameter MIPGap to 0.05
   Prev: 0.0001  Min: 0.0  Max: 1e+100  Default: 0.0001
Changed value of parameter TimeLimit to 1800.0
   Prev: 1e+100  Min: 0.0  Max: 1e+100  Default: 1e+100
Changed value of parameter Method to 2
   Prev: -1  Min: -1  Max: 4  Default: -1
Changed value of parameter MIPFocus to 1
   Prev: 0  Min: 0  Max: 3  Default: 0
Optimize a model with 11438 rows, 60159 columns and 120318 nonzeros
Variable types: 0 continuous, 60159 integer (60159 binary)
Coefficient statistics:
  Matrix range     [1e+00, 2e+01]
  Objective range  [1e+00, 1e+00]
  Bounds range     [1e+00, 1e+00]
  RHS range        [8e+01, 8e+01]
Found heuristic solution: objective 0
Presolve time: 0.17s
Presolved: 11438 rows, 60159 columns, 120318 nonzeros
Variable types: 0 continuous, 60159 integer (60159 binary)
Presolved: 11438 rows, 60159 columns, 120318 nonzeros

Root barrier log...

Ordering time: 0.01s

Barrier statistics:
 AA' NZ     : 6.016e+04
 Factor NZ  : 2.451e+05 (roughly 30 MBytes of memory)
 Factor Ops : 3.849e+07 (less than 1 second per iteration)
 Threads    : 1

                  Objective                Residual
Iter       Primal          Dual         Primal    Dual     Compl     Time
   0  -2.69889527e+04 -5.08110072e+04  1.01e+02 0.00e+00  3.36e+00     0s
   1  -1.04033336e+04 -3.81285675e+04  2.31e+01 8.88e-16  8.13e-01     0s
   2  -5.73332501e+03 -1.83301634e+04  3.76e+00 1.11e-15  1.64e-01     0s
   3  -4.76354004e+03 -7.89398337e+03  1.14e-01 1.33e-15  2.68e-02     0s
   4  -4.82275630e+03 -5.88650720e+03  2.14e-02 7.68e-16  8.91e-03     0s
   5  -4.84067528e+03 -5.14133792e+03  9.47e-03 6.66e-16  2.53e-03     0s
   6  -4.85120738e+03 -4.96794516e+03  4.28e-03 7.94e-16  9.83e-04     0s
   7  -4.85575563e+03 -4.89023119e+03  2.20e-03 9.01e-16  2.94e-04     0s
   8  -4.85755729e+03 -4.87769609e+03  1.46e-03 6.66e-16  1.72e-04     0s
   9  -4.85916295e+03 -4.86476711e+03  8.25e-04 6.66e-16  4.96e-05     0s
  10  -4.86075547e+03 -4.86127049e+03  1.44e-04 6.66e-16  4.82e-06     1s
  11  -4.86110074e+03 -4.86111864e+03  7.73e-13 6.67e-16  1.48e-07     1s
  12  -4.86110358e+03 -4.86110358e+03  1.18e-13 9.66e-16  8.53e-12     1s

Barrier solved model in 12 iterations and 0.57 seconds
Optimal objective -4.86110358e+03


Root relaxation: objective -4.861104e+03, 48150 iterations, 0.65 seconds

    Nodes    |    Current Node    |     Objective Bounds      |     Work
 Expl Unexpl |  Obj  Depth IntInf | Incumbent    BestBd   Gap | It/Node Time

     0     0 -4861.1036    0  427    0.00000 -4861.1036      -     -    1s
H    0     0                    -4822.736000 -4861.1036  0.80%     -    1s

Explored 0 nodes (56654 simplex iterations) in 1.36 seconds
Thread count was 20 (of 20 available processors)

Solution count 2: -4822.74 0 
Pool objective bound -4861.1

Optimal solution found (tolerance 5.00e-02)
Best objective -4.822736000000e+03, best bound -4.861103583987e+03, gap 0.7956%
Changed value of parameter MIPGap to 0.05
   Prev: 0.0001  Min: 0.0  Max: 1e+100  Default: 0.0001
Changed value of parameter TimeLimit to 1800.0
   Prev: 1e+100  Min: 0.0  Max: 1e+100  Default: 1e+100
Changed value of parameter Method to 2
   Prev: -1  Min: -1  Max: 4  Default: -1
Changed value of parameter MIPFocus to 1
   Prev: 0  Min: 0  Max: 3  Default: 0
Optimize a model with 11438 rows, 60159 columns and 120318 nonzeros
Variable types: 0 continuous, 60159 integer (60159 binary)
Coefficient statistics:
  Matrix range     [1e+00, 2e+01]
  Objective range  [1e+00, 1e+00]
  Bounds range     [1e+00, 1e+00]
  RHS range        [8e+01, 8e+01]
Found heuristic solution: objective 0
Presolve time: 0.17s
Presolved: 11438 rows, 60159 columns, 120318 nonzeros
Variable types: 0 continuous, 60159 integer (60159 binary)
Presolved: 11438 rows, 60159 columns, 120318 nonzeros

Root barrier log...

Ordering time: 0.01s

Barrier statistics:
 AA' NZ     : 6.016e+04
 Factor NZ  : 2.451e+05 (roughly 30 MBytes of memory)
 Factor Ops : 3.849e+07 (less than 1 second per iteration)
 Threads    : 1

                  Objective                Residual
Iter       Primal          Dual         Primal    Dual     Compl     Time
   0  -2.70119147e+04 -5.08197265e+04  1.01e+02 2.22e-16  3.36e+00     0s
   1  -1.04113544e+04 -3.81367293e+04  2.31e+01 8.88e-16  8.13e-01     0s
   2  -5.73789375e+03 -1.83376251e+04  3.77e+00 1.11e-15  1.64e-01     0s
   3  -4.76684141e+03 -7.89839508e+03  1.17e-01 1.11e-15  2.68e-02     0s
   4  -4.82558277e+03 -5.88715090e+03  2.18e-02 8.88e-16  8.90e-03     0s
   5  -4.84330918e+03 -5.14378252e+03  9.75e-03 6.66e-16  2.53e-03     0s
   6  -4.85394686e+03 -4.96958860e+03  4.39e-03 9.18e-16  9.75e-04     0s
   7  -4.85848798e+03 -4.89282789e+03  2.28e-03 7.95e-16  2.93e-04     0s
   8  -4.86034234e+03 -4.88117351e+03  1.50e-03 7.39e-16  1.78e-04     0s
   9  -4.86217670e+03 -4.86806720e+03  7.82e-04 7.58e-16  5.18e-05     0s
  10  -4.86354592e+03 -4.86414366e+03  1.55e-04 8.07e-16  5.54e-06     1s
  11  -4.86390053e+03 -4.86391977e+03  4.97e-13 7.68e-16  1.59e-07     1s
  12  -4.86390357e+03 -4.86390357e+03  1.56e-13 7.54e-16  1.27e-11     1s

Barrier solved model in 12 iterations and 0.56 seconds
Optimal objective -4.86390357e+03


Root relaxation: objective -4.863904e+03, 48167 iterations, 0.66 seconds

    Nodes    |    Current Node    |     Objective Bounds      |     Work
 Expl Unexpl |  Obj  Depth IntInf | Incumbent    BestBd   Gap | It/Node Time

     0     0 -4863.9036    0  403    0.00000 -4863.9036      -     -    1s
H    0     0                    -4822.466800 -4863.9036  0.86%     -    1s

Explored 0 nodes (58128 simplex iterations) in 1.34 seconds
Thread count was 20 (of 20 available processors)

Solution count 2: -4822.47 0 
Pool objective bound -4863.9

Optimal solution found (tolerance 5.00e-02)
Best objective -4.822466800000e+03, best bound -4.863903573202e+03, gap 0.8592%
Changed value of parameter MIPGap to 0.05
   Prev: 0.0001  Min: 0.0  Max: 1e+100  Default: 0.0001
Changed value of parameter TimeLimit to 1800.0
   Prev: 1e+100  Min: 0.0  Max: 1e+100  Default: 1e+100
Changed value of parameter Method to 2
   Prev: -1  Min: -1  Max: 4  Default: -1
Changed value of parameter MIPFocus to 1
   Prev: 0  Min: 0  Max: 3  Default: 0
Optimize a model with 11438 rows, 60159 columns and 120318 nonzeros
Variable types: 0 continuous, 60159 integer (60159 binary)
Coefficient statistics:
  Matrix range     [1e+00, 2e+01]
  Objective range  [1e+00, 1e+00]
  Bounds range     [1e+00, 1e+00]
  RHS range        [8e+01, 8e+01]
Found heuristic solution: objective 0
Presolve time: 0.17s
Presolved: 11438 rows, 60159 columns, 120318 nonzeros
Variable types: 0 continuous, 60159 integer (60159 binary)
Presolved: 11438 rows, 60159 columns, 120318 nonzeros

Root barrier log...

Ordering time: 0.01s

Barrier statistics:
 AA' NZ     : 6.016e+04
 Factor NZ  : 2.451e+05 (roughly 30 MBytes of memory)
 Factor Ops : 3.849e+07 (less than 1 second per iteration)
 Threads    : 1

                  Objective                Residual
Iter       Primal          Dual         Primal    Dual     Compl     Time
   0  -2.70578386e+04 -5.08371652e+04  1.01e+02 2.22e-16  3.36e+00     0s
   1  -1.04274118e+04 -3.81530553e+04  2.31e+01 8.88e-16  8.13e-01     0s
   2  -5.74702811e+03 -1.83525689e+04  3.78e+00 9.44e-16  1.64e-01     0s
   3  -4.77342692e+03 -7.90713047e+03  1.21e-01 1.11e-15  2.68e-02     0s
   4  -4.83124031e+03 -5.88823896e+03  2.25e-02 8.88e-16  8.86e-03     0s
   5  -4.84858173e+03 -5.14864804e+03  1.03e-02 8.06e-16  2.53e-03     0s
   6  -4.85913568e+03 -4.97272642e+03  4.78e-03 6.92e-16  9.59e-04     0s
   7  -4.86383130e+03 -4.89697920e+03  2.51e-03 6.07e-16  2.84e-04     0s
   8  -4.86578559e+03 -4.88533117e+03  1.65e-03 6.60e-16  1.68e-04     0s
   9  -4.86756091e+03 -4.87378246e+03  9.10e-04 7.80e-16  5.50e-05     0s
  10  -4.86912287e+03 -4.86973543e+03  1.70e-04 8.86e-16  5.72e-06     1s
  11  -4.86950042e+03 -4.86952009e+03  1.48e-12 6.85e-16  1.63e-07     1s
  12  -4.86950355e+03 -4.86950355e+03  1.59e-13 5.16e-16  8.32e-12     1s

Barrier solved model in 12 iterations and 0.56 seconds
Optimal objective -4.86950355e+03


Root relaxation: objective -4.869504e+03, 48072 iterations, 0.68 seconds

    Nodes    |    Current Node    |     Objective Bounds      |     Work
 Expl Unexpl |  Obj  Depth IntInf | Incumbent    BestBd   Gap | It/Node Time

     0     0 -4869.5036    0  483    0.00000 -4869.5036      -     -    1s
H    0     0                    -4821.930400 -4869.5036  0.99%     -    1s

Explored 0 nodes (55145 simplex iterations) in 1.33 seconds
Thread count was 20 (of 20 available processors)

Solution count 2: -4821.93 0 
Pool objective bound -4869.5

Optimal solution found (tolerance 5.00e-02)
Best objective -4.821930400000e+03, best bound -4.869503551634e+03, gap 0.9866%
Changed value of parameter MIPGap to 0.05
   Prev: 0.0001  Min: 0.0  Max: 1e+100  Default: 0.0001
Changed value of parameter TimeLimit to 1800.0
   Prev: 1e+100  Min: 0.0  Max: 1e+100  Default: 1e+100
Changed value of parameter Method to 2
   Prev: -1  Min: -1  Max: 4  Default: -1
Changed value of parameter MIPFocus to 1
   Prev: 0  Min: 0  Max: 3  Default: 0
Optimize a model with 11438 rows, 60159 columns and 120318 nonzeros
Variable types: 0 continuous, 60159 integer (60159 binary)
Coefficient statistics:
  Matrix range     [1e+00, 2e+01]
  Objective range  [1e+00, 1e+00]
  Bounds range     [1e+00, 1e+00]
  RHS range        [8e+01, 8e+01]
Found heuristic solution: objective 0
Presolve time: 0.17s
Presolved: 11438 rows, 60159 columns, 120318 nonzeros
Variable types: 0 continuous, 60159 integer (60159 binary)
Presolved: 11438 rows, 60159 columns, 120318 nonzeros

Root barrier log...

Ordering time: 0.01s

Barrier statistics:
 AA' NZ     : 6.016e+04
 Factor NZ  : 2.451e+05 (roughly 30 MBytes of memory)
 Factor Ops : 3.849e+07 (less than 1 second per iteration)
 Threads    : 1

                  Objective                Residual
Iter       Primal          Dual         Primal    Dual     Compl     Time
   0  -2.71496861e+04 -5.08720427e+04  1.01e+02 2.22e-16  3.36e+00     0s
   1  -1.04595893e+04 -3.81857168e+04  2.31e+01 8.88e-16  8.14e-01     0s
   2  -5.76528343e+03 -1.83825373e+04  3.79e+00 1.17e-15  1.64e-01     0s
   3  -4.78656290e+03 -7.92430741e+03  1.28e-01 1.33e-15  2.69e-02     0s
   4  -4.84257998e+03 -5.88928231e+03  2.38e-02 1.11e-15  8.78e-03     0s
   5  -4.85914780e+03 -5.15820845e+03  1.14e-02 1.11e-15  2.52e-03     0s
   6  -4.86957674e+03 -4.97842546e+03  5.54e-03 6.86e-16  9.23e-04     0s
   7  -4.87464310e+03 -4.90673727e+03  2.90e-03 5.15e-16  2.77e-04     0s
   8  -4.87682028e+03 -4.89521744e+03  1.87e-03 5.72e-16  1.59e-04     0s
   9  -4.87831097e+03 -4.88391592e+03  1.25e-03 7.93e-16  5.12e-05     0s
  10  -4.88028970e+03 -4.88095728e+03  2.01e-04 9.27e-16  6.30e-06     1s
  11  -4.88069886e+03 -4.88072235e+03  3.76e-07 7.98e-16  1.96e-07     1s
  12  -4.88070350e+03 -4.88070353e+03  5.18e-10 7.63e-16  2.46e-10     1s

Barrier solved model in 12 iterations and 0.56 seconds
Optimal objective -4.88070350e+03


Root relaxation: objective -4.880704e+03, 48165 iterations, 0.66 seconds

    Nodes    |    Current Node    |     Objective Bounds      |     Work
 Expl Unexpl |  Obj  Depth IntInf | Incumbent    BestBd   Gap | It/Node Time

     0     0 -4880.7035    0  283    0.00000 -4880.7035      -     -    1s
H    0     0                    -4850.977600 -4880.7035  0.61%     -    1s

Explored 0 nodes (63768 simplex iterations) in 1.40 seconds
Thread count was 20 (of 20 available processors)

Solution count 2: -4850.98 0 
Pool objective bound -4880.7

Optimal solution found (tolerance 5.00e-02)
Best objective -4.850977600000e+03, best bound -4.880703508497e+03, gap 0.6128%
Changed value of parameter MIPGap to 0.05
   Prev: 0.0001  Min: 0.0  Max: 1e+100  Default: 0.0001
Changed value of parameter TimeLimit to 1800.0
   Prev: 1e+100  Min: 0.0  Max: 1e+100  Default: 1e+100
Changed value of parameter Method to 2
   Prev: -1  Min: -1  Max: 4  Default: -1
Changed value of parameter MIPFocus to 1
   Prev: 0  Min: 0  Max: 3  Default: 0
Optimize a model with 11438 rows, 60159 columns and 120318 nonzeros
Variable types: 0 continuous, 60159 integer (60159 binary)
Coefficient statistics:
  Matrix range     [1e+00, 2e+01]
  Objective range  [1e+00, 1e+00]
  Bounds range     [1e+00, 1e+00]
  RHS range        [8e+01, 8e+01]
Found heuristic solution: objective 0
Presolve time: 0.17s
Presolved: 11438 rows, 60159 columns, 120318 nonzeros
Variable types: 0 continuous, 60159 integer (60159 binary)
Presolved: 11438 rows, 60159 columns, 120318 nonzeros

Root barrier log...

Ordering time: 0.01s

Barrier statistics:
 AA' NZ     : 6.016e+04
 Factor NZ  : 2.451e+05 (roughly 30 MBytes of memory)
 Factor Ops : 3.849e+07 (less than 1 second per iteration)
 Threads    : 1

                  Objective                Residual
Iter       Primal          Dual         Primal    Dual     Compl     Time
   0  -2.71956097e+04 -5.08894814e+04  1.01e+02 2.22e-16  3.36e+00     0s
   1  -1.04757095e+04 -3.82020522e+04  2.31e+01 1.11e-15  8.14e-01     0s
   2  -5.77440246e+03 -1.83975613e+04  3.80e+00 1.11e-15  1.65e-01     0s
   3  -4.79311559e+03 -7.93273147e+03  1.32e-01 1.11e-15  2.70e-02     0s
   4  -4.84826163e+03 -5.88922318e+03  2.44e-02 1.03e-15  8.74e-03     0s
   5  -4.86444259e+03 -5.16289372e+03  1.19e-02 8.88e-16  2.52e-03     0s
   6  -4.87483383e+03 -4.98231230e+03  5.91e-03 7.44e-16  9.13e-04     0s
   7  -4.88019070e+03 -4.91137130e+03  3.04e-03 6.54e-16  2.70e-04     0s
   8  -4.88231662e+03 -4.90024583e+03  1.99e-03 5.66e-16  1.56e-04     0s
   9  -4.88368854e+03 -4.88919283e+03  1.40e-03 8.15e-16  5.10e-05     0s
  10  -4.88591962e+03 -4.88662702e+03  1.90e-04 7.88e-16  6.59e-06     1s
  11  -4.88629996e+03 -4.88632038e+03  1.44e-07 8.07e-16  1.70e-07     1s
  12  -4.88630348e+03 -4.88630351e+03  3.49e-10 7.28e-16  2.62e-10     1s

Barrier solved model in 12 iterations and 0.56 seconds
Optimal objective -4.88630348e+03


Root relaxation: objective -4.886303e+03, 48182 iterations, 0.66 seconds

    Nodes    |    Current Node    |     Objective Bounds      |     Work
 Expl Unexpl |  Obj  Depth IntInf | Incumbent    BestBd   Gap | It/Node Time

     0     0 -4886.3035    0  280    0.00000 -4886.3035      -     -    1s
H    0     0                    -4849.488000 -4886.3035  0.76%     -    1s

Explored 0 nodes (62371 simplex iterations) in 1.41 seconds
Thread count was 20 (of 20 available processors)

Solution count 2: -4849.49 0 
Pool objective bound -4886.3

Optimal solution found (tolerance 5.00e-02)
Best objective -4.849488000000e+03, best bound -4.886303486928e+03, gap 0.7592%
Changed value of parameter MIPGap to 0.05
   Prev: 0.0001  Min: 0.0  Max: 1e+100  Default: 0.0001
Changed value of parameter TimeLimit to 1800.0
   Prev: 1e+100  Min: 0.0  Max: 1e+100  Default: 1e+100
Changed value of parameter Method to 2
   Prev: -1  Min: -1  Max: 4  Default: -1
Changed value of parameter MIPFocus to 1
   Prev: 0  Min: 0  Max: 3  Default: 0
Optimize a model with 11438 rows, 60159 columns and 120318 nonzeros
Variable types: 0 continuous, 60159 integer (60159 binary)
Coefficient statistics:
  Matrix range     [1e+00, 2e+01]
  Objective range  [1e+00, 1e+00]
  Bounds range     [1e+00, 1e+00]
  RHS range        [8e+01, 8e+01]
Found heuristic solution: objective 0
Presolve time: 0.17s
Presolved: 11438 rows, 60159 columns, 120318 nonzeros
Variable types: 0 continuous, 60159 integer (60159 binary)
Presolved: 11438 rows, 60159 columns, 120318 nonzeros

Root barrier log...

Ordering time: 0.01s

Barrier statistics:
 AA' NZ     : 6.016e+04
 Factor NZ  : 2.451e+05 (roughly 30 MBytes of memory)
 Factor Ops : 3.849e+07 (less than 1 second per iteration)
 Threads    : 1

                  Objective                Residual
Iter       Primal          Dual         Primal    Dual     Compl     Time
   0  -2.74252267e+04 -5.09766751e+04  1.01e+02 0.00e+00  3.36e+00     0s
   1  -1.05566240e+04 -3.82837736e+04  2.31e+01 8.88e-16  8.15e-01     0s
   2  -5.81986399e+03 -1.84730707e+04  3.84e+00 8.88e-16  1.66e-01     0s
   3  -4.82569089e+03 -7.97298314e+03  1.50e-01 1.55e-15  2.72e-02     0s
   4  -4.87678127e+03 -5.88382326e+03  2.67e-02 7.84e-16  8.47e-03     0s
   5  -4.88966433e+03 -5.25054706e+03  1.55e-02 8.88e-16  3.05e-03     0s
   6  -4.89804240e+03 -5.02552699e+03  9.80e-03 2.44e-15  1.09e-03     0s
   7  -4.90789092e+03 -4.94015577e+03  3.71e-03 7.50e-16  2.81e-04     0s
   8  -4.91006543e+03 -4.93086017e+03  2.45e-03 9.87e-16  1.82e-04     0s
   9  -4.91132003e+03 -4.92048168e+03  1.73e-03 7.57e-16  8.25e-05     0s
  10  -4.91387914e+03 -4.91482543e+03  2.23e-04 1.78e-15  8.69e-06     1s
  11  -4.91429368e+03 -4.91432257e+03  2.93e-06 7.29e-16  2.51e-07     1s
  12  -4.91430334e+03 -4.91430372e+03  7.62e-09 8.76e-16  3.13e-09     1s
  13  -4.91430338e+03 -4.91430338e+03  1.10e-11 8.60e-16  2.57e-14     1s

Barrier solved model in 13 iterations and 0.58 seconds
Optimal objective -4.91430338e+03


Root relaxation: objective -4.914303e+03, 48082 iterations, 0.69 seconds

    Nodes    |    Current Node    |     Objective Bounds      |     Work
 Expl Unexpl |  Obj  Depth IntInf | Incumbent    BestBd   Gap | It/Node Time

     0     0 -4914.3034    0  254    0.00000 -4914.3034      -     -    1s
H    0     0                    -4878.192000 -4914.3034  0.74%     -    1s

Explored 0 nodes (62336 simplex iterations) in 1.42 seconds
Thread count was 20 (of 20 available processors)

Solution count 2: -4878.19 0 
Pool objective bound -4914.3

Optimal solution found (tolerance 5.00e-02)
Best objective -4.878192000000e+03, best bound -4.914303379085e+03, gap 0.7403%
Changed value of parameter MIPGap to 0.05
   Prev: 0.0001  Min: 0.0  Max: 1e+100  Default: 0.0001
Changed value of parameter TimeLimit to 1800.0
   Prev: 1e+100  Min: 0.0  Max: 1e+100  Default: 1e+100
Changed value of parameter Method to 2
   Prev: -1  Min: -1  Max: 4  Default: -1
Changed value of parameter MIPFocus to 1
   Prev: 0  Min: 0  Max: 3  Default: 0
Optimize a model with 11438 rows, 60159 columns and 120318 nonzeros
Variable types: 0 continuous, 60159 integer (60159 binary)
Coefficient statistics:
  Matrix range     [1e+00, 2e+01]
  Objective range  [1e+00, 1e+00]
  Bounds range     [1e+00, 1e+00]
  RHS range        [8e+01, 8e+01]
Found heuristic solution: objective 0
Presolve time: 0.17s
Presolved: 11438 rows, 60159 columns, 120318 nonzeros
Variable types: 0 continuous, 60159 integer (60159 binary)
Presolved: 11438 rows, 60159 columns, 120318 nonzeros

Root barrier log...

Ordering time: 0.01s

Barrier statistics:
 AA' NZ     : 6.016e+04
 Factor NZ  : 2.451e+05 (roughly 30 MBytes of memory)
 Factor Ops : 3.849e+07 (less than 1 second per iteration)
 Threads    : 1

                  Objective                Residual
Iter       Primal          Dual         Primal    Dual     Compl     Time
   0  -2.78844545e+04 -5.11510624e+04  1.01e+02 0.00e+00  3.37e+00     0s
   1  -1.07200189e+04 -3.84474168e+04  2.32e+01 8.88e-16  8.18e-01     0s
   2  -5.91053461e+03 -1.86259777e+04  3.91e+00 1.11e-15  1.68e-01     0s
   3  -4.89059291e+03 -8.06360974e+03  1.83e-01 1.33e-15  2.77e-02     0s
   4  -4.93527259e+03 -6.01968872e+03  2.28e-02 8.88e-16  9.09e-03     0s
   5  -4.94685347e+03 -5.32441633e+03  1.33e-02 6.66e-16  3.18e-03     0s
   6  -4.95619813e+03 -5.08274315e+03  7.77e-03 2.44e-15  1.08e-03     0s
   7  -4.96183331e+03 -4.99729612e+03  4.60e-03 9.91e-16  3.12e-04     0s
   8  -4.96476198e+03 -4.98432546e+03  3.01e-03 6.66e-16  1.74e-04     0s
   9  -4.96643680e+03 -4.97700413e+03  2.11e-03 6.71e-16  9.57e-05     0s
  10  -4.96956806e+03 -4.97187946e+03  3.78e-04 8.34e-16  2.06e-05     1s
  11  -4.97024649e+03 -4.97060737e+03  1.97e-05 7.58e-16  3.06e-06     1s
  12  -4.97030050e+03 -4.97031812e+03  8.37e-07 8.55e-16  1.49e-07     1s
  13  -4.97030316e+03 -4.97030317e+03  2.93e-11 9.07e-16  4.66e-11     1s

Barrier solved model in 13 iterations and 0.58 seconds
Optimal objective -4.97030316e+03


Root relaxation: objective -4.970303e+03, 48076 iterations, 0.69 seconds

    Nodes    |    Current Node    |     Objective Bounds      |     Work
 Expl Unexpl |  Obj  Depth IntInf | Incumbent    BestBd   Gap | It/Node Time

     0     0 -4970.3032    0  264    0.00000 -4970.3032      -     -    1s
H    0     0                    -4934.432000 -4970.3032  0.73%     -    1s

Explored 0 nodes (63719 simplex iterations) in 1.39 seconds
Thread count was 20 (of 20 available processors)

Solution count 2: -4934.43 0 
Pool objective bound -4970.3

Optimal solution found (tolerance 5.00e-02)
Best objective -4.934432000000e+03, best bound -4.970303163399e+03, gap 0.7270%
Changed value of parameter MIPGap to 0.05
   Prev: 0.0001  Min: 0.0  Max: 1e+100  Default: 0.0001
Changed value of parameter TimeLimit to 1800.0
   Prev: 1e+100  Min: 0.0  Max: 1e+100  Default: 1e+100
Changed value of parameter Method to 2
   Prev: -1  Min: -1  Max: 4  Default: -1
Changed value of parameter MIPFocus to 1
   Prev: 0  Min: 0  Max: 3  Default: 0
Optimize a model with 11438 rows, 60159 columns and 120318 nonzeros
Variable types: 0 continuous, 60159 integer (60159 binary)
Coefficient statistics:
  Matrix range     [1e+00, 2e+01]
  Objective range  [1e+00, 1e+00]
  Bounds range     [1e+00, 1e+00]
  RHS range        [8e+01, 8e+01]
Found heuristic solution: objective 0
Presolve time: 0.17s
Presolved: 11438 rows, 60159 columns, 120318 nonzeros
Variable types: 0 continuous, 60159 integer (60159 binary)
Presolved: 11438 rows, 60159 columns, 120318 nonzeros

Root barrier log...

Ordering time: 0.01s

Barrier statistics:
 AA' NZ     : 6.016e+04
 Factor NZ  : 2.451e+05 (roughly 30 MBytes of memory)
 Factor Ops : 3.849e+07 (less than 1 second per iteration)
 Threads    : 1

                  Objective                Residual
Iter       Primal          Dual         Primal    Dual     Compl     Time
   0  -2.88028857e+04 -5.14998370e+04  1.01e+02 0.00e+00  3.38e+00     0s
   1  -1.10623084e+04 -3.87748554e+04  2.33e+01 8.88e-16  8.24e-01     0s
   2  -6.07823397e+03 -1.89506147e+04  4.00e+00 1.11e-15  1.71e-01     0s
   3  -5.01592449e+03 -8.15888599e+03  2.24e-01 1.33e-15  2.78e-02     0s
   4  -5.04654391e+03 -6.09052541e+03  3.51e-02 9.25e-16  8.82e-03     0s
   5  -5.05089432e+03 -5.50311720e+03  2.95e-02 7.65e-16  3.87e-03     0s
   6  -5.06519243e+03 -5.20520844e+03  1.46e-02 7.03e-16  1.22e-03     0s
   7  -5.07100649e+03 -5.14480890e+03  9.56e-03 6.29e-16  6.49e-04     0s
   8  -5.07392108e+03 -5.10988979e+03  7.10e-03 7.32e-16  3.26e-04     0s
   9  -5.07717264e+03 -5.09445824e+03  4.35e-03 8.36e-16  1.60e-04     0s
  10  -5.07886851e+03 -5.08731778e+03  3.06e-03 5.93e-16  8.19e-05     1s
  11  -5.07998317e+03 -5.08470789e+03  2.08e-03 6.71e-16  4.72e-05     1s
  12  -5.08096162e+03 -5.08373259e+03  1.20e-03 7.13e-16  2.76e-05     1s
  13  -5.08163476e+03 -5.08276972e+03  5.90e-04 8.19e-16  1.17e-05     1s
  14  -5.08223116e+03 -5.08237316e+03  6.08e-05 6.66e-16  1.41e-06     1s
  15  -5.08230262e+03 -5.08230300e+03  2.57e-09 9.66e-16  3.11e-09     1s
  16  -5.08230273e+03 -5.08230273e+03  7.86e-13 9.11e-16  3.11e-12     1s

Barrier solved model in 16 iterations and 0.65 seconds
Optimal objective -5.08230273e+03


Root relaxation: objective -5.082303e+03, 48024 iterations, 0.75 seconds

    Nodes    |    Current Node    |     Objective Bounds      |     Work
 Expl Unexpl |  Obj  Depth IntInf | Incumbent    BestBd   Gap | It/Node Time

     0     0 -5082.3027    0  469    0.00000 -5082.3027      -     -    1s
H    0     0                    -5026.320000 -5082.3027  1.11%     -    1s

Explored 0 nodes (55156 simplex iterations) in 1.39 seconds
Thread count was 20 (of 20 available processors)

Solution count 2: -5026.32 0 
Pool objective bound -5082.3

Optimal solution found (tolerance 5.00e-02)
Best objective -5.026320000000e+03, best bound -5.082302732026e+03, gap 1.1138%
Changed value of parameter MIPGap to 0.05
   Prev: 0.0001  Min: 0.0  Max: 1e+100  Default: 0.0001
Changed value of parameter TimeLimit to 1800.0
   Prev: 1e+100  Min: 0.0  Max: 1e+100  Default: 1e+100
Changed value of parameter Method to 2
   Prev: -1  Min: -1  Max: 4  Default: -1
Changed value of parameter MIPFocus to 1
   Prev: 0  Min: 0  Max: 3  Default: 0
Optimize a model with 11438 rows, 60159 columns and 120318 nonzeros
Variable types: 0 continuous, 60159 integer (60159 binary)
Coefficient statistics:
  Matrix range     [1e+00, 2e+01]
  Objective range  [1e+00, 1e+00]
  Bounds range     [1e+00, 1e+00]
  RHS range        [8e+01, 8e+01]
Found heuristic solution: objective 0
Presolve time: 0.17s
Presolved: 11438 rows, 60159 columns, 120318 nonzeros
Variable types: 0 continuous, 60159 integer (60159 binary)
Presolved: 11438 rows, 60159 columns, 120318 nonzeros

Root barrier log...

Ordering time: 0.01s

Barrier statistics:
 AA' NZ     : 6.016e+04
 Factor NZ  : 2.451e+05 (roughly 30 MBytes of memory)
 Factor Ops : 3.849e+07 (less than 1 second per iteration)
 Threads    : 1

                  Objective                Residual
Iter       Primal          Dual         Primal    Dual     Compl     Time
   0  -2.92620892e+04 -5.16742243e+04  1.01e+02 0.00e+00  3.39e+00     0s
   1  -1.12411108e+04 -3.89391084e+04  2.33e+01 8.88e-16  8.28e-01     0s
   2  -6.18420489e+03 -1.91202090e+04  4.12e+00 1.22e-15  1.74e-01     0s
   3  -5.08545090e+03 -8.44967515e+03  2.66e-01 1.03e-15  3.00e-02     0s
   4  -5.11014927e+03 -6.22913938e+03  4.32e-02 8.88e-16  9.49e-03     0s
   5  -5.12622444e+03 -5.40637088e+03  1.02e-02 8.88e-16  2.36e-03     0s
   6  -5.13091775e+03 -5.24354565e+03  5.96e-03 6.89e-16  9.57e-04     0s
   7  -5.13417825e+03 -5.17337406e+03  3.28e-03 7.59e-16  3.38e-04     0s
   8  -5.13621379e+03 -5.15528118e+03  1.67e-03 7.78e-16  1.65e-04     0s
   9  -5.13718373e+03 -5.14686282e+03  9.41e-04 7.19e-16  8.39e-05     0s
  10  -5.13792556e+03 -5.14113551e+03  3.50e-04 8.85e-16  2.80e-05     1s
  11  -5.13838958e+03 -5.13864451e+03  1.16e-05 8.43e-16  2.16e-06     1s
  12  -5.13841337e+03 -5.13841754e+03  3.39e-08 8.19e-16  3.46e-08     1s
  13  -5.13841376e+03 -5.13841376e+03  1.70e-13 7.72e-16  7.74e-14     1s

Barrier solved model in 13 iterations and 0.58 seconds
Optimal objective -5.13841376e+03


Root relaxation: objective -5.138414e+03, 47703 iterations, 0.75 seconds

    Nodes    |    Current Node    |     Objective Bounds      |     Work
 Expl Unexpl |  Obj  Depth IntInf | Incumbent    BestBd   Gap | It/Node Time

     0     0 -5138.4138    0  474    0.00000 -5138.4138      -     -    1s
H    0     0                    -5079.820000 -5138.4138  1.15%     -    1s

Explored 0 nodes (54838 simplex iterations) in 1.39 seconds
Thread count was 20 (of 20 available processors)

Solution count 2: -5079.82 0 
Pool objective bound -5138.4

Optimal solution found (tolerance 5.00e-02)
Best objective -5.079820000000e+03, best bound -5.138400000000e+03, gap 1.1532%
Changed value of parameter MIPGap to 0.05
   Prev: 0.0001  Min: 0.0  Max: 1e+100  Default: 0.0001
Changed value of parameter TimeLimit to 1800.0
   Prev: 1e+100  Min: 0.0  Max: 1e+100  Default: 1e+100
Changed value of parameter Method to 2
   Prev: -1  Min: -1  Max: 4  Default: -1
Changed value of parameter MIPFocus to 1
   Prev: 0  Min: 0  Max: 3  Default: 0
Optimize a model with 11438 rows, 60159 columns and 120318 nonzeros
Variable types: 0 continuous, 60159 integer (60159 binary)
Coefficient statistics:
  Matrix range     [1e+00, 2e+01]
  Objective range  [1e+00, 2e+00]
  Bounds range     [1e+00, 1e+00]
  RHS range        [8e+01, 8e+01]
Found heuristic solution: objective 0
Presolve time: 0.17s
Presolved: 11438 rows, 60159 columns, 120318 nonzeros
Variable types: 0 continuous, 60159 integer (60159 binary)
Presolved: 11438 rows, 60159 columns, 120318 nonzeros

Root barrier log...

Ordering time: 0.01s

Barrier statistics:
 AA' NZ     : 6.016e+04
 Factor NZ  : 2.451e+05 (roughly 30 MBytes of memory)
 Factor Ops : 3.849e+07 (less than 1 second per iteration)
 Threads    : 1

                  Objective                Residual
Iter       Primal          Dual         Primal    Dual     Compl     Time
   0  -3.15589279e+04 -5.63627740e+04  1.01e+02 0.00e+00  3.71e+00     0s
   1  -1.20505943e+04 -4.24548482e+04  2.35e+01 8.88e-16  9.09e-01     0s
   2  -6.65928769e+03 -2.09087197e+04  4.51e+00 1.11e-15  1.98e-01     0s
   3  -5.35721885e+03 -8.67453816e+03  2.67e-01 1.11e-15  2.97e-02     0s
   4  -5.38838342e+03 -6.13878949e+03  4.60e-02 1.01e-15  6.44e-03     0s
   5  -5.40374477e+03 -5.74614864e+03  1.95e-02 9.47e-16  2.92e-03     0s
   6  -5.40835698e+03 -5.54779593e+03  1.35e-02 8.88e-16  1.21e-03     0s
   7  -5.41175903e+03 -5.46985482e+03  9.54e-03 6.66e-16  5.20e-04     0s
   8  -5.41345145e+03 -5.44539093e+03  7.71e-03 6.72e-16  2.96e-04     0s
   9  -5.41604462e+03 -5.43132569e+03  5.09e-03 7.91e-16  1.47e-04     0s
  10  -5.41847238e+03 -5.42321082e+03  2.37e-03 7.72e-16  4.89e-05     1s
  11  -5.41953012e+03 -5.42138989e+03  1.22e-03 6.66e-16  2.04e-05     1s
  12  -5.42010324e+03 -5.42103694e+03  5.93e-04 6.66e-16  1.01e-05     1s
  13  -5.42050629e+03 -5.42079401e+03  1.61e-04 7.76e-16  3.04e-06     1s
  14  -5.42064188e+03 -5.42069761e+03  2.06e-05 6.66e-16  5.45e-07     1s
  15  -5.42066287e+03 -5.42066295e+03  4.73e-13 8.13e-16  6.64e-10     1s
  16  -5.42066290e+03 -5.42066290e+03  1.16e-12 7.17e-16  6.64e-13     1s

Barrier solved model in 16 iterations and 0.65 seconds
Optimal objective -5.42066290e+03


Root relaxation: objective -5.420663e+03, 47746 iterations, 0.81 seconds

    Nodes    |    Current Node    |     Objective Bounds      |     Work
 Expl Unexpl |  Obj  Depth IntInf | Incumbent    BestBd   Gap | It/Node Time

     0     0 -5420.6629    0  310    0.00000 -5420.6629      -     -    1s
H    0     0                    -5377.400000 -5420.6629  0.80%     -    1s

Explored 0 nodes (63432 simplex iterations) in 1.51 seconds
Thread count was 20 (of 20 available processors)

Solution count 2: -5377.4 0 
Pool objective bound -5420.64

Optimal solution found (tolerance 5.00e-02)
Best objective -5.377400000000e+03, best bound -5.420640000000e+03, gap 0.8041%
Changed value of parameter MIPGap to 0.05
   Prev: 0.0001  Min: 0.0  Max: 1e+100  Default: 0.0001
Changed value of parameter TimeLimit to 1800.0
   Prev: 1e+100  Min: 0.0  Max: 1e+100  Default: 1e+100
Changed value of parameter Method to 2
   Prev: -1  Min: -1  Max: 4  Default: -1
Changed value of parameter MIPFocus to 1
   Prev: 0  Min: 0  Max: 3  Default: 0
Optimize a model with 11438 rows, 60159 columns and 120318 nonzeros
Variable types: 0 continuous, 60159 integer (60159 binary)
Coefficient statistics:
  Matrix range     [1e+00, 2e+01]
  Objective range  [1e+00, 3e+00]
  Bounds range     [1e+00, 1e+00]
  RHS range        [8e+01, 8e+01]
Found heuristic solution: objective 0
Presolve time: 0.17s
Presolved: 11438 rows, 60159 columns, 120318 nonzeros
Variable types: 0 continuous, 60159 integer (60159 binary)
Presolved: 11438 rows, 60159 columns, 120318 nonzeros

Root barrier log...

Ordering time: 0.01s

Barrier statistics:
 AA' NZ     : 6.016e+04
 Factor NZ  : 2.451e+05 (roughly 30 MBytes of memory)
 Factor Ops : 3.849e+07 (less than 1 second per iteration)
 Threads    : 1

                  Objective                Residual
Iter       Primal          Dual         Primal    Dual     Compl     Time
   0  -3.61565906e+04 -8.83975226e+04  1.01e+02 0.00e+00  6.01e+00     0s
   1  -1.34822645e+04 -6.55095724e+04  2.34e+01 1.33e-15  1.47e+00     0s
   2  -7.29085897e+03 -3.02382367e+04  4.23e+00 1.78e-15  3.05e-01     0s
   3  -5.80409752e+03 -1.06205326e+04  7.77e-16 1.78e-15  3.99e-02     0s
   4  -5.94988968e+03 -6.56764085e+03  8.88e-16 9.92e-16  5.11e-03     0s
   5  -5.97185867e+03 -6.19828069e+03  3.22e-15 1.03e-15  1.87e-03     0s
   6  -5.98448454e+03 -6.10141315e+03  1.78e-15 1.33e-15  9.68e-04     0s
   7  -5.99185663e+03 -6.03824100e+03  3.33e-15 8.88e-16  3.84e-04     0s
   8  -5.99570790e+03 -6.02369307e+03  9.99e-15 9.22e-16  2.32e-04     0s
   9  -5.99895657e+03 -6.01509415e+03  1.11e-14 8.88e-16  1.34e-04     0s
  10  -6.00104306e+03 -6.00986773e+03  1.38e-14 8.88e-16  7.30e-05     1s
  11  -6.00378086e+03 -6.00835792e+03  4.45e-14 8.88e-16  3.79e-05     1s
  12  -6.00402051e+03 -6.00768507e+03  4.01e-14 8.88e-16  3.03e-05     1s
  13  -6.00518842e+03 -6.00738782e+03  7.83e-14 8.88e-16  1.82e-05     1s
  14  -6.00639095e+03 -6.00711814e+03  3.43e-13 8.88e-16  6.02e-06     1s
  15  -6.00688339e+03 -6.00698517e+03  1.39e-12 8.88e-16  8.42e-07     1s
  16  -6.00692655e+03 -6.00692817e+03  1.05e-13 8.88e-16  1.34e-08     1s
  17  -6.00692672e+03 -6.00692672e+03  5.65e-14 1.33e-15  1.34e-11     1s

Barrier solved model in 17 iterations and 0.69 seconds
Optimal objective -6.00692672e+03


Root relaxation: objective -6.006927e+03, 47335 iterations, 0.93 seconds

    Nodes    |    Current Node    |     Objective Bounds      |     Work
 Expl Unexpl |  Obj  Depth IntInf | Incumbent    BestBd   Gap | It/Node Time

     0     0 -6006.9267    0  570    0.00000 -6006.9267      -     -    1s
H    0     0                    -5915.320000 -6006.9267  1.55%     -    1s

Explored 0 nodes (54626 simplex iterations) in 1.57 seconds
Thread count was 20 (of 20 available processors)

Solution count 2: -5915.32 0 
Pool objective bound -6006.92

Optimal solution found (tolerance 5.00e-02)
Best objective -5.915320000000e+03, best bound -6.006920000000e+03, gap 1.5485%
Changed value of parameter MIPGap to 0.05
   Prev: 0.0001  Min: 0.0  Max: 1e+100  Default: 0.0001
Changed value of parameter TimeLimit to 1800.0
   Prev: 1e+100  Min: 0.0  Max: 1e+100  Default: 1e+100
Changed value of parameter Method to 2
   Prev: -1  Min: -1  Max: 4  Default: -1
Changed value of parameter MIPFocus to 1
   Prev: 0  Min: 0  Max: 3  Default: 0
Optimize a model with 11438 rows, 60159 columns and 120318 nonzeros
Variable types: 0 continuous, 60159 integer (60159 binary)
Coefficient statistics:
  Matrix range     [1e+00, 2e+01]
  Objective range  [1e+00, 5e+00]
  Bounds range     [1e+00, 1e+00]
  RHS range        [8e+01, 8e+01]
Found heuristic solution: objective 0
Presolve time: 0.17s
Presolved: 11438 rows, 60159 columns, 120318 nonzeros
Variable types: 0 continuous, 60159 integer (60159 binary)
Presolved: 11438 rows, 60159 columns, 120318 nonzeros

Root barrier log...

Ordering time: 0.01s

Barrier statistics:
 AA' NZ     : 6.016e+04
 Factor NZ  : 2.451e+05 (roughly 30 MBytes of memory)
 Factor Ops : 3.849e+07 (less than 1 second per iteration)
 Threads    : 1

                  Objective                Residual
Iter       Primal          Dual         Primal    Dual     Compl     Time
   0  -4.53496895e+04 -1.56142612e+05  1.01e+02 2.22e-16  1.09e+01     0s
   1  -1.59176808e+04 -1.14661407e+05  2.19e+01 2.66e-15  2.54e+00     0s
   2  -8.40010417e+03 -4.98696061e+04  3.35e+00 2.66e-15  5.00e-01     0s
   3  -6.96402423e+03 -1.42511579e+04  3.30e-03 2.66e-15  6.04e-02     0s
   4  -7.08382294e+03 -8.67110235e+03  6.80e-04 1.78e-15  1.32e-02     0s
   5  -7.12637976e+03 -7.97288385e+03  4.76e-04 1.78e-15  7.02e-03     0s
   6  -7.16352942e+03 -7.67586990e+03  3.04e-04 1.78e-15  4.25e-03     0s
   7  -7.19530854e+03 -7.44783712e+03  1.93e-04 1.78e-15  2.09e-03     0s
   8  -7.20759080e+03 -7.35435005e+03  1.49e-04 1.78e-15  1.22e-03     0s
   9  -7.21515069e+03 -7.32408300e+03  1.28e-04 1.78e-15  9.04e-04     0s
  10  -7.22029250e+03 -7.29778487e+03  1.21e-04 8.99e-16  6.43e-04     1s
  11  -7.22813973e+03 -7.28576028e+03  1.00e-04 1.14e-15  4.79e-04     1s
  12  -7.23490060e+03 -7.27548885e+03  7.51e-05 1.78e-15  3.37e-04     1s
  13  -7.23883275e+03 -7.26998355e+03  6.11e-05 1.78e-15  2.59e-04     1s
  14  -7.24203226e+03 -7.26528201e+03  4.98e-05 1.23e-15  1.93e-04     1s
  15  -7.24485304e+03 -7.26098918e+03  4.03e-05 1.78e-15  1.34e-04     1s
  16  -7.24772443e+03 -7.25908251e+03  3.33e-05 1.78e-15  9.45e-05     1s
  17  -7.25085523e+03 -7.25847125e+03  2.66e-05 1.78e-15  6.34e-05     1s
  18  -7.25151869e+03 -7.25808694e+03  2.38e-05 8.88e-16  5.47e-05     1s
  19  -7.25332689e+03 -7.25753291e+03  1.60e-05 1.78e-15  3.50e-05     1s
  20  -7.25390221e+03 -7.25741946e+03  1.34e-05 1.78e-15  2.93e-05     1s
  21  -7.25504278e+03 -7.25717161e+03  8.40e-06 1.78e-15  1.77e-05     1s
  22  -7.25574975e+03 -7.25714208e+03  5.41e-06 2.66e-15  1.16e-05     1s
  23  -7.25594414e+03 -7.25710160e+03  4.89e-06 1.78e-15  9.65e-06     1s
  24  -7.25647824e+03 -7.25709483e+03  2.55e-06 8.88e-16  5.14e-06     1s
  25  -7.25706277e+03 -7.25708517e+03  3.25e-13 1.78e-15  1.85e-07     1s
  26  -7.25706505e+03 -7.25706506e+03  2.50e-13 1.78e-15  1.43e-10     1s

Barrier solved model in 26 iterations and 0.89 seconds
Optimal objective -7.25706505e+03


Root relaxation: objective -7.257065e+03, 46791 iterations, 0.92 seconds

    Nodes    |    Current Node    |     Objective Bounds      |     Work
 Expl Unexpl |  Obj  Depth IntInf | Incumbent    BestBd   Gap | It/Node Time

     0     0 -7257.0651    0  594    0.00000 -7257.0651      -     -    1s
H    0     0                    -7138.760000 -7257.0651  1.66%     -    1s

Explored 0 nodes (55591 simplex iterations) in 1.58 seconds
Thread count was 20 (of 20 available processors)

Solution count 2: -7138.76 0 
Pool objective bound -7257.04

Optimal solution found (tolerance 5.00e-02)
Best objective -7.138760000000e+03, best bound -7.257040000000e+03, gap 1.6569%
Changed value of parameter MIPGap to 0.05
   Prev: 0.0001  Min: 0.0  Max: 1e+100  Default: 0.0001
Changed value of parameter TimeLimit to 1800.0
   Prev: 1e+100  Min: 0.0  Max: 1e+100  Default: 1e+100
Changed value of parameter Method to 2
   Prev: -1  Min: -1  Max: 4  Default: -1
Changed value of parameter MIPFocus to 1
   Prev: 0  Min: 0  Max: 3  Default: 0
Optimize a model with 11438 rows, 60159 columns and 120318 nonzeros
Variable types: 0 continuous, 60159 integer (60159 binary)
Coefficient statistics:
  Matrix range     [1e+00, 2e+01]
  Objective range  [1e+00, 6e+00]
  Bounds range     [1e+00, 1e+00]
  RHS range        [8e+01, 8e+01]
Found heuristic solution: objective 0
Presolve time: 0.17s
Presolved: 11438 rows, 60159 columns, 120318 nonzeros
Variable types: 0 continuous, 60159 integer (60159 binary)
Presolved: 11438 rows, 60159 columns, 120318 nonzeros

Root barrier log...

Ordering time: 0.01s

Barrier statistics:
 AA' NZ     : 6.016e+04
 Factor NZ  : 2.451e+05 (roughly 30 MBytes of memory)
 Factor Ops : 3.849e+07 (less than 1 second per iteration)
 Threads    : 1

                  Objective                Residual
Iter       Primal          Dual         Primal    Dual     Compl     Time
   0  -4.99458672e+04 -1.90767773e+05  1.01e+02 2.22e-16  1.34e+01     0s
   1  -1.72049682e+04 -1.39803145e+05  2.14e+01 3.11e-15  3.08e+00     0s
   2  -9.00647678e+03 -5.97743870e+04  3.09e+00 4.00e-15  5.96e-01     0s
   3  -7.56140664e+03 -1.64025292e+04  1.85e-03 2.66e-15  7.33e-02     0s
   4  -7.67137439e+03 -1.01470783e+04  3.67e-04 1.78e-15  2.05e-02     0s
   5  -7.72218888e+03 -8.99395100e+03  3.57e-04 1.78e-15  1.05e-02     0s
   6  -7.75742777e+03 -8.55788964e+03  2.91e-04 1.78e-15  6.63e-03     0s
   7  -7.80456768e+03 -8.06606121e+03  1.52e-04 1.78e-15  2.17e-03     0s
   8  -7.81733143e+03 -7.98960127e+03  1.29e-04 1.42e-15  1.43e-03     0s
   9  -7.83309994e+03 -7.95174946e+03  1.02e-04 1.78e-15  9.84e-04     0s
  10  -7.83983761e+03 -7.93002675e+03  8.93e-05 1.34e-15  7.49e-04     1s
  11  -7.84533001e+03 -7.91852999e+03  7.89e-05 1.29e-15  6.08e-04     1s
  12  -7.85135258e+03 -7.90831678e+03  6.58e-05 1.78e-15  4.73e-04     1s
  13  -7.85624709e+03 -7.90038318e+03  5.57e-05 1.78e-15  3.67e-04     1s
  14  -7.86093743e+03 -7.89545738e+03  4.62e-05 1.78e-15  2.87e-04     1s
  15  -7.86508246e+03 -7.89076382e+03  3.87e-05 1.78e-15  2.14e-04     1s
  16  -7.87185695e+03 -7.88912733e+03  2.64e-05 8.88e-16  1.44e-04     1s
  17  -7.87378491e+03 -7.88777237e+03  2.25e-05 1.78e-15  1.16e-04     1s
  18  -7.87669541e+03 -7.88717185e+03  1.66e-05 1.06e-15  8.71e-05     1s
  19  -7.87874686e+03 -7.88666551e+03  1.24e-05 1.78e-15  6.59e-05     1s
  20  -7.88013598e+03 -7.88624795e+03  9.58e-06 1.78e-15  5.08e-05     1s
  21  -7.88158934e+03 -7.88604138e+03  6.91e-06 1.78e-15  3.70e-05     1s
  22  -7.88321776e+03 -7.88590559e+03  3.95e-06 1.78e-15  2.24e-05     1s
  23  -7.88378143e+03 -7.88579290e+03  2.91e-06 1.78e-15  1.67e-05     1s
  24  -7.88565683e+03 -7.88572465e+03  7.05e-12 1.78e-15  5.61e-07     1s
  25  -7.88567501e+03 -7.88567508e+03  1.17e-13 1.78e-15  5.64e-10     1s

Barrier solved model in 25 iterations and 0.87 seconds
Optimal objective -7.88567501e+03


Root relaxation: objective -7.885675e+03, 46922 iterations, 0.92 seconds

    Nodes    |    Current Node    |     Objective Bounds      |     Work
 Expl Unexpl |  Obj  Depth IntInf | Incumbent    BestBd   Gap | It/Node Time

     0     0 -7885.6750    0  541    0.00000 -7885.6750      -     -    1s
H    0     0                    -7739.000000 -7885.6750  1.90%     -    1s

Explored 0 nodes (57185 simplex iterations) in 1.63 seconds
Thread count was 20 (of 20 available processors)

Solution count 2: -7739 0 
Pool objective bound -7885.6

Optimal solution found (tolerance 5.00e-02)
Best objective -7.739000000000e+03, best bound -7.885600000000e+03, gap 1.8943%
Changed value of parameter MIPGap to 0.05
   Prev: 0.0001  Min: 0.0  Max: 1e+100  Default: 0.0001
Changed value of parameter TimeLimit to 1800.0
   Prev: 1e+100  Min: 0.0  Max: 1e+100  Default: 1e+100
Changed value of parameter Method to 2
   Prev: -1  Min: -1  Max: 4  Default: -1
Changed value of parameter MIPFocus to 1
   Prev: 0  Min: 0  Max: 3  Default: 0
Optimize a model with 11438 rows, 60159 columns and 120318 nonzeros
Variable types: 0 continuous, 60159 integer (60159 binary)
Coefficient statistics:
  Matrix range     [1e+00, 2e+01]
  Objective range  [1e+00, 1e+01]
  Bounds range     [1e+00, 1e+00]
  RHS range        [8e+01, 8e+01]
Found heuristic solution: objective 0
Presolve time: 0.17s
Presolved: 11438 rows, 60159 columns, 120318 nonzeros
Variable types: 0 continuous, 60159 integer (60159 binary)
Presolved: 11438 rows, 60159 columns, 120318 nonzeros

Root barrier log...

Ordering time: 0.01s

Barrier statistics:
 AA' NZ     : 6.016e+04
 Factor NZ  : 2.451e+05 (roughly 30 MBytes of memory)
 Factor Ops : 3.849e+07 (less than 1 second per iteration)
 Threads    : 1

                  Objective                Residual
Iter       Primal          Dual         Primal    Dual     Compl     Time
   0  -7.29256863e+04 -3.63893579e+05  1.01e+02 1.33e-15  2.59e+01     0s
   1  -2.46028223e+04 -2.65501962e+05  2.14e+01 5.33e-15  5.96e+00     0s
   2  -1.22570327e+04 -9.90771526e+04  2.55e+00 7.11e-15  9.77e-01     0s
   3  -1.06630652e+04 -4.05172632e+04  7.20e-02 5.33e-15  2.51e-01     0s
   4  -1.08017132e+04 -1.54606290e+04  1.69e-02 3.55e-15  3.88e-02     0s
   5  -1.08923972e+04 -1.22044868e+04  7.08e-03 3.55e-15  1.09e-02     0s
   6  -1.09725278e+04 -1.14414846e+04  2.38e-03 3.55e-15  3.90e-03     0s
   7  -1.09960407e+04 -1.12000680e+04  1.33e-03 3.55e-15  1.70e-03     0s
   8  -1.10072213e+04 -1.11229425e+04  9.10e-04 3.55e-15  9.66e-04     0s
   9  -1.10135048e+04 -1.10806946e+04  6.84e-04 3.55e-15  5.62e-04     0s
  10  -1.10189584e+04 -1.10625401e+04  4.96e-04 3.55e-15  3.65e-04     1s
  11  -1.10223473e+04 -1.10524732e+04  3.83e-04 3.55e-15  2.53e-04     1s
  12  -1.10246801e+04 -1.10429726e+04  3.06e-04 1.83e-15  1.54e-04     1s
  13  -1.10276995e+04 -1.10387919e+04  2.08e-04 3.55e-15  9.36e-05     1s
  14  -1.10290845e+04 -1.10371877e+04  1.64e-04 3.55e-15  6.84e-05     1s
  15  -1.10309918e+04 -1.10356901e+04  1.05e-04 3.55e-15  3.98e-05     1s
  16  -1.10318140e+04 -1.10348999e+04  8.09e-05 3.55e-15  2.62e-05     1s
  17  -1.10326405e+04 -1.10346577e+04  5.40e-05 3.55e-15  1.71e-05     1s
  18  -1.10330266e+04 -1.10344899e+04  4.05e-05 3.55e-15  1.24e-05     1s
  19  -1.10335411e+04 -1.10343965e+04  2.25e-05 3.55e-15  7.27e-06     1s
  20  -1.10337808e+04 -1.10342813e+04  1.43e-05 3.55e-15  4.26e-06     1s
  21  -1.10340395e+04 -1.10342576e+04  5.50e-06 3.55e-15  1.85e-06     1s
  22  -1.10341541e+04 -1.10342068e+04  1.57e-06 3.55e-15  4.49e-07     1s
  23  -1.10342000e+04 -1.10342034e+04  4.31e-08 3.55e-15  2.87e-08     1s
  24  -1.10342015e+04 -1.10342015e+04  9.34e-12 3.55e-15  3.62e-12     1s

Barrier solved model in 24 iterations and 0.84 seconds
Optimal objective -1.10342015e+04


Root relaxation: objective -1.103420e+04, 46196 iterations, 0.88 seconds

    Nodes    |    Current Node    |     Objective Bounds      |     Work
 Expl Unexpl |  Obj  Depth IntInf | Incumbent    BestBd   Gap | It/Node Time

     0     0 -11034.202    0  337    0.00000 -11034.202      -     -    1s
H    0     0                    -10897.80000 -11034.202  1.25%     -    1s

Explored 0 nodes (66370 simplex iterations) in 1.71 seconds
Thread count was 20 (of 20 available processors)

Solution count 2: -10897.8 0 
Pool objective bound -11034.2

Optimal solution found (tolerance 5.00e-02)
Best objective -1.089780000000e+04, best bound -1.103420000000e+04, gap 1.2516%
Changed value of parameter MIPGap to 0.05
   Prev: 0.0001  Min: 0.0  Max: 1e+100  Default: 0.0001
Changed value of parameter TimeLimit to 1800.0
   Prev: 1e+100  Min: 0.0  Max: 1e+100  Default: 1e+100
Changed value of parameter Method to 2
   Prev: -1  Min: -1  Max: 4  Default: -1
Changed value of parameter MIPFocus to 1
   Prev: 0  Min: 0  Max: 3  Default: 0
Optimize a model with 11438 rows, 60159 columns and 120318 nonzeros
Variable types: 0 continuous, 60159 integer (60159 binary)
Coefficient statistics:
  Matrix range     [1e+00, 2e+01]
  Objective range  [2e+00, 2e+01]
  Bounds range     [1e+00, 1e+00]
  RHS range        [8e+01, 8e+01]
Found heuristic solution: objective 0
Presolve time: 0.17s
Presolved: 11438 rows, 60159 columns, 120318 nonzeros
Variable types: 0 continuous, 60159 integer (60159 binary)
Presolved: 11438 rows, 60159 columns, 120318 nonzeros

Root barrier log...

Ordering time: 0.01s

Barrier statistics:
 AA' NZ     : 6.016e+04
 Factor NZ  : 2.451e+05 (roughly 30 MBytes of memory)
 Factor Ops : 3.849e+07 (less than 1 second per iteration)
 Threads    : 1

                  Objective                Residual
Iter       Primal          Dual         Primal    Dual     Compl     Time
   0  -1.18884178e+05 -7.10145192e+05  1.01e+02 2.66e-15  5.08e+01     0s
   1  -3.96622876e+04 -5.16861710e+05  2.16e+01 1.31e-14  1.17e+01     0s
   2  -1.92106369e+04 -1.91529186e+05  2.40e+00 1.07e-14  1.90e+00     0s
   3  -1.68907692e+04 -8.81570943e+04  2.96e-02 1.07e-14  5.93e-01     0s
   4  -1.72228847e+04 -2.89341164e+04  5.87e-03 7.33e-15  9.71e-02     0s
   5  -1.74269253e+04 -2.27973878e+04  1.62e-03 7.11e-15  4.45e-02     0s
   6  -1.75420701e+04 -2.13195016e+04  8.18e-04 4.10e-15  3.13e-02     0s
   7  -1.75862618e+04 -2.01169181e+04  6.58e-04 7.11e-15  2.10e-02     0s
   8  -1.76380876e+04 -1.94892774e+04  5.16e-04 7.11e-15  1.53e-02     0s
   9  -1.76952859e+04 -1.92486047e+04  3.77e-04 3.85e-15  1.29e-02     0s
  10  -1.77256685e+04 -1.89588926e+04  3.26e-04 7.11e-15  1.02e-02     1s
  11  -1.77490218e+04 -1.87225782e+04  2.90e-04 3.68e-15  8.07e-03     1s
  12  -1.77659114e+04 -1.85883856e+04  2.65e-04 3.55e-15  6.81e-03     1s
  13  -1.77865223e+04 -1.84456314e+04  2.37e-04 3.55e-15  5.46e-03     1s
  14  -1.78074234e+04 -1.83539152e+04  2.10e-04 3.60e-15  4.53e-03     1s
  15  -1.78312024e+04 -1.82645093e+04  1.80e-04 3.55e-15  3.59e-03     1s
  16  -1.78522970e+04 -1.81927186e+04  1.52e-04 3.55e-15  2.82e-03     1s
  17  -1.78716939e+04 -1.81499014e+04  1.29e-04 7.11e-15  2.31e-03     1s
  18  -1.78841973e+04 -1.81045177e+04  1.12e-04 3.55e-15  1.83e-03     1s
  19  -1.78956894e+04 -1.80875239e+04  9.58e-05 7.11e-15  1.59e-03     1s
  20  -1.79023460e+04 -1.80677677e+04  8.64e-05 7.11e-15  1.37e-03     1s
  21  -1.79099922e+04 -1.80588901e+04  7.73e-05 3.85e-15  1.23e-03     1s
  22  -1.79235730e+04 -1.80259644e+04  6.11e-05 3.55e-15  8.49e-04     1s
  23  -1.79265378e+04 -1.80181665e+04  5.76e-05 3.55e-15  7.60e-04     1s
  24  -1.79312780e+04 -1.80142382e+04  5.09e-05 7.11e-15  6.88e-04     1s
  25  -1.79340947e+04 -1.80054512e+04  4.70e-05 7.11e-15  5.92e-04     1s
  26  -1.79378349e+04 -1.79997248e+04  4.17e-05 3.68e-15  5.13e-04     1s
  27  -1.79425775e+04 -1.79930156e+04  3.59e-05 3.55e-15  4.18e-04     1s
  28  -1.79444212e+04 -1.79900764e+04  3.32e-05 3.55e-15  3.79e-04     1s
  29  -1.79485446e+04 -1.79869779e+04  2.83e-05 3.55e-15  3.19e-04     1s
  30  -1.79514296e+04 -1.79818874e+04  2.45e-05 7.11e-15  2.53e-04     1s
  31  -1.79537127e+04 -1.79796305e+04  2.21e-05 7.11e-15  2.15e-04     1s
  32  -1.79546983e+04 -1.79776669e+04  2.05e-05 3.55e-15  1.91e-04     1s
  33  -1.79563548e+04 -1.79755118e+04  1.81e-05 7.11e-15  1.59e-04     1s
  34  -1.79580837e+04 -1.79742631e+04  1.56e-05 7.11e-15  1.34e-04     1s
  35  -1.79589964e+04 -1.79728033e+04  1.43e-05 3.55e-15  1.15e-04     1s
  36  -1.79607055e+04 -1.79719002e+04  1.23e-05 7.11e-15  9.30e-05     1s
  37  -1.79617094e+04 -1.79714949e+04  1.11e-05 3.55e-15  8.13e-05     1s
  38  -1.79626962e+04 -1.79711565e+04  9.61e-06 7.11e-15  7.03e-05     1s
  39  -1.79633133e+04 -1.79708511e+04  8.67e-06 7.11e-15  6.26e-05     1s
  40  -1.79641266e+04 -1.79706455e+04  7.44e-06 3.55e-15  5.41e-05     1s
  41  -1.79649139e+04 -1.79703934e+04  6.73e-06 3.55e-15  4.55e-05     1s
  42  -1.79660453e+04 -1.79699453e+04  4.95e-06 3.71e-15  3.24e-05     1s
  43  -1.79665532e+04 -1.79696850e+04  4.13e-06 3.55e-15  2.60e-05     1s
  44  -1.79669650e+04 -1.79696181e+04  3.48e-06 3.55e-15  2.20e-05     1s
  45  -1.79670597e+04 -1.79695869e+04  3.32e-06 3.55e-15  2.10e-05     1s
  46  -1.79671673e+04 -1.79695487e+04  3.19e-06 3.84e-15  1.98e-05     1s
  47  -1.79678051e+04 -1.79694194e+04  2.30e-06 3.55e-15  1.34e-05     1s
  48  -1.79682745e+04 -1.79693783e+04  1.57e-06 3.55e-15  9.17e-06     1s
  49  -1.79684655e+04 -1.79693553e+04  1.25e-06 7.11e-15  7.40e-06     1s
  50  -1.79689020e+04 -1.79692953e+04  5.31e-07 7.11e-15  3.27e-06     1s
  51  -1.79691211e+04 -1.79692672e+04  1.76e-07 7.11e-15  1.21e-06     1s
  52  -1.79692325e+04 -1.79692375e+04  4.74e-09 7.11e-15  4.15e-08     1s
  53  -1.79692363e+04 -1.79692363e+04  3.26e-13 7.11e-15  4.16e-11     2s

Barrier solved model in 53 iterations and 1.52 seconds
Optimal objective -1.79692363e+04


Root relaxation: objective -1.796924e+04, 36644 iterations, 1.52 seconds

    Nodes    |    Current Node    |     Objective Bounds      |     Work
 Expl Unexpl |  Obj  Depth IntInf | Incumbent    BestBd   Gap | It/Node Time

     0     0 -17969.236    0  415    0.00000 -17969.236      -     -    2s
H    0     0                    -17777.00000 -17969.236  1.08%     -    2s

Explored 0 nodes (55384 simplex iterations) in 2.33 seconds
Thread count was 20 (of 20 available processors)

Solution count 2: -17777 0 
Pool objective bound -17969.2

Optimal solution found (tolerance 5.00e-02)
Best objective -1.777700000000e+04, best bound -1.796920000000e+04, gap 1.0812%
Changed value of parameter MIPGap to 0.05
   Prev: 0.0001  Min: 0.0  Max: 1e+100  Default: 0.0001
Changed value of parameter TimeLimit to 1800.0
   Prev: 1e+100  Min: 0.0  Max: 1e+100  Default: 1e+100
Changed value of parameter Method to 2
   Prev: -1  Min: -1  Max: 4  Default: -1
Changed value of parameter MIPFocus to 1
   Prev: 0  Min: 0  Max: 3  Default: 0
Optimize a model with 11438 rows, 60159 columns and 120318 nonzeros
Variable types: 0 continuous, 60159 integer (60159 binary)
Coefficient statistics:
  Matrix range     [1e+00, 2e+01]
  Objective range  [3e+00, 4e+01]
  Bounds range     [1e+00, 1e+00]
  RHS range        [8e+01, 8e+01]
Found heuristic solution: objective 0
Presolve time: 0.17s
Presolved: 11438 rows, 60159 columns, 120318 nonzeros
Variable types: 0 continuous, 60159 integer (60159 binary)
Presolved: 11438 rows, 60159 columns, 120318 nonzeros

Root barrier log...

Ordering time: 0.01s

Barrier statistics:
 AA' NZ     : 6.016e+04
 Factor NZ  : 2.451e+05 (roughly 30 MBytes of memory)
 Factor Ops : 3.849e+07 (less than 1 second per iteration)
 Threads    : 1

                  Objective                Residual
Iter       Primal          Dual         Primal    Dual     Compl     Time
   0  -2.10800551e+05 -1.40264842e+06  1.01e+02 5.33e-15  1.01e+02     0s
   1  -6.97937080e+04 -1.01961729e+06  2.16e+01 2.22e-14  2.33e+01     0s
   2  -3.32663438e+04 -3.76241191e+05  2.35e+00 2.13e-14  3.76e+00     0s
   3  -2.97918632e+04 -1.98901268e+05  2.16e-01 1.80e-14  1.45e+00     0s
   4  -3.01769458e+04 -5.54549583e+04  3.70e-02 1.53e-14  2.11e-01     0s
   5  -3.06058268e+04 -4.32028295e+04  2.23e-02 9.16e-15  1.05e-01     0s
   6  -3.09338157e+04 -4.05038951e+04  1.58e-02 8.52e-15  7.98e-02     0s
   7  -3.10922342e+04 -3.90260160e+04  1.37e-02 7.74e-15  6.62e-02     0s
   8  -3.12605577e+04 -3.72657180e+04  1.17e-02 8.56e-15  5.01e-02     0s
   9  -3.13974541e+04 -3.60367517e+04  1.04e-02 7.11e-15  3.87e-02     0s
  10  -3.15564846e+04 -3.56697353e+04  8.83e-03 7.90e-15  3.43e-02     1s
  11  -3.17264046e+04 -3.49989428e+04  7.23e-03 7.11e-15  2.73e-02     1s
  12  -3.18308234e+04 -3.44174157e+04  6.30e-03 1.42e-14  2.16e-02     1s
  13  -3.19487357e+04 -3.38562556e+04  5.32e-03 1.42e-14  1.59e-02     1s
  14  -3.20333671e+04 -3.37542636e+04  4.66e-03 7.11e-15  1.44e-02     1s
  15  -3.21238267e+04 -3.33956192e+04  4.07e-03 7.11e-15  1.06e-02     1s
  16  -3.22210410e+04 -3.31856989e+04  3.39e-03 7.11e-15  8.08e-03     1s
  17  -3.22665304e+04 -3.31056651e+04  3.10e-03 7.26e-15  7.03e-03     1s
  18  -3.23440252e+04 -3.30342296e+04  2.51e-03 7.11e-15  5.78e-03     1s
  19  -3.23530952e+04 -3.29839980e+04  2.44e-03 7.11e-15  5.29e-03     1s
  20  -3.23793770e+04 -3.29494732e+04  2.24e-03 7.11e-15  4.78e-03     1s
  21  -3.24068799e+04 -3.28945908e+04  2.03e-03 7.21e-15  4.09e-03     1s
  22  -3.24498896e+04 -3.28385174e+04  1.74e-03 7.11e-15  3.26e-03     1s
  23  -3.24775568e+04 -3.28067090e+04  1.53e-03 7.11e-15  2.76e-03     1s
  24  -3.24944085e+04 -3.27796506e+04  1.39e-03 8.80e-15  2.40e-03     1s
  25  -3.25084384e+04 -3.27670102e+04  1.28e-03 1.07e-14  2.17e-03     1s
  26  -3.25253697e+04 -3.27487912e+04  1.13e-03 8.15e-15  1.88e-03     1s
  27  -3.25514446e+04 -3.27410995e+04  9.31e-04 7.11e-15  1.59e-03     1s
  28  -3.25601353e+04 -3.27253953e+04  8.56e-04 7.89e-15  1.39e-03     1s
  29  -3.25701862e+04 -3.27102974e+04  7.67e-04 7.11e-15  1.18e-03     1s
  30  -3.25913558e+04 -3.27023480e+04  6.03e-04 7.11e-15  9.34e-04     1s
  31  -3.25988282e+04 -3.26950046e+04  5.38e-04 7.11e-15  8.09e-04     1s
  32  -3.26037837e+04 -3.26882014e+04  4.92e-04 7.11e-15  7.11e-04     1s
  33  -3.26101689e+04 -3.26839421e+04  4.31e-04 7.11e-15  6.21e-04     1s
  34  -3.26131682e+04 -3.26818029e+04  4.01e-04 1.07e-14  5.78e-04     1s
  35  -3.26191839e+04 -3.26770116e+04  3.50e-04 7.11e-15  4.87e-04     1s
  36  -3.26259231e+04 -3.26735156e+04  2.91e-04 7.11e-15  4.01e-04     1s
  37  -3.26317142e+04 -3.26709810e+04  2.45e-04 7.11e-15  3.31e-04     1s
  38  -3.26331879e+04 -3.26688899e+04  2.29e-04 7.49e-15  3.01e-04     1s
  39  -3.26358814e+04 -3.26667026e+04  2.02e-04 7.80e-15  2.60e-04     1s
  40  -3.26382488e+04 -3.26652127e+04  1.78e-04 8.42e-15  2.27e-04     1s
  41  -3.26409528e+04 -3.26630477e+04  1.55e-04 7.75e-15  1.87e-04     1s
  42  -3.26457679e+04 -3.26607840e+04  1.10e-04 7.11e-15  1.27e-04     1s
  43  -3.26479449e+04 -3.26590926e+04  8.85e-05 7.11e-15  9.44e-05     1s
  44  -3.26488135e+04 -3.26588116e+04  7.90e-05 7.11e-15  8.46e-05     1s
  45  -3.26502215e+04 -3.26580555e+04  6.38e-05 7.68e-15  6.63e-05     1s
  46  -3.26511230e+04 -3.26577352e+04  5.40e-05 7.11e-15  5.60e-05     1s
  47  -3.26520922e+04 -3.26572644e+04  4.44e-05 7.11e-15  4.39e-05     1s
  48  -3.26531889e+04 -3.26567381e+04  3.23e-05 1.42e-14  3.01e-05     1s
  49  -3.26547377e+04 -3.26565709e+04  1.55e-05 7.11e-15  1.55e-05     1s
  50  -3.26560653e+04 -3.26562912e+04  1.25e-06 7.11e-15  1.90e-06     1s
  51  -3.26562008e+04 -3.26562115e+04  2.99e-08 1.07e-14  8.95e-08     1s
  52  -3.26562053e+04 -3.26562053e+04  1.40e-12 7.11e-15  4.41e-13     1s

Barrier solved model in 52 iterations and 1.50 seconds
Optimal objective -3.26562053e+04


Root relaxation: objective -3.265621e+04, 34740 iterations, 1.47 seconds

    Nodes    |    Current Node    |     Objective Bounds      |     Work
 Expl Unexpl |  Obj  Depth IntInf | Incumbent    BestBd   Gap | It/Node Time

     0     0 -32656.205    0  542    0.00000 -32656.205      -     -    2s
H    0     0                    -31918.20000 -32656.205  2.31%     -    2s

Explored 0 nodes (46301 simplex iterations) in 2.18 seconds
Thread count was 20 (of 20 available processors)

Solution count 2: -31918.2 0 
Pool objective bound -32656.2

Optimal solution found (tolerance 5.00e-02)
Best objective -3.191820000000e+04, best bound -3.265620000000e+04, gap 2.3122%
Changed value of parameter MIPGap to 0.05
   Prev: 0.0001  Min: 0.0  Max: 1e+100  Default: 0.0001
Changed value of parameter TimeLimit to 1800.0
   Prev: 1e+100  Min: 0.0  Max: 1e+100  Default: 1e+100
Changed value of parameter Method to 2
   Prev: -1  Min: -1  Max: 4  Default: -1
Changed value of parameter MIPFocus to 1
   Prev: 0  Min: 0  Max: 3  Default: 0
Optimize a model with 11438 rows, 60159 columns and 120318 nonzeros
Variable types: 0 continuous, 60159 integer (60159 binary)
Coefficient statistics:
  Matrix range     [1e+00, 2e+01]
  Objective range  [3e+00, 5e+01]
  Bounds range     [1e+00, 1e+00]
  RHS range        [8e+01, 8e+01]
Found heuristic solution: objective 0
Presolve time: 0.17s
Presolved: 11438 rows, 60159 columns, 120318 nonzeros
Variable types: 0 continuous, 60159 integer (60159 binary)
Presolved: 11438 rows, 60159 columns, 120318 nonzeros

Root barrier log...

Ordering time: 0.01s

Barrier statistics:
 AA' NZ     : 6.016e+04
 Factor NZ  : 2.451e+05 (roughly 30 MBytes of memory)
 Factor Ops : 3.849e+07 (less than 1 second per iteration)
 Threads    : 1

                  Objective                Residual
Iter       Primal          Dual         Primal    Dual     Compl     Time
   0  -2.56758675e+05 -1.74890003e+06  1.01e+02 3.55e-15  1.26e+02     0s
   1  -8.48605690e+04 -1.27099879e+06  2.16e+01 2.84e-14  2.91e+01     0s
   2  -4.03541403e+04 -4.68616809e+05  2.36e+00 2.84e-14  4.70e+00     0s
   3  -3.61548731e+04 -2.50404541e+05  2.15e-01 1.69e-14  1.83e+00     0s
   4  -3.66684864e+04 -6.76122654e+04  4.18e-02 2.09e-14  2.59e-01     0s
   5  -3.72378016e+04 -5.38726650e+04  2.71e-02 1.42e-14  1.39e-01     0s
   6  -3.77353345e+04 -5.04299873e+04  1.90e-02 1.42e-14  1.06e-01     0s
   7  -3.78882368e+04 -4.81605511e+04  1.73e-02 1.42e-14  8.58e-02     0s
   8  -3.81317464e+04 -4.63301062e+04  1.48e-02 1.42e-14  6.85e-02     0s
   9  -3.83450876e+04 -4.49703677e+04  1.29e-02 1.42e-14  5.54e-02     1s
  10  -3.84402525e+04 -4.41255325e+04  1.19e-02 1.42e-14  4.75e-02     1s
  11  -3.86675225e+04 -4.31454771e+04  1.02e-02 2.84e-14  3.74e-02     1s
  12  -3.87930188e+04 -4.27473174e+04  9.24e-03 2.13e-14  3.31e-02     1s
  13  -3.89126128e+04 -4.21615937e+04  8.37e-03 1.42e-14  2.72e-02     1s
  14  -3.90744352e+04 -4.17810799e+04  7.16e-03 1.42e-14  2.27e-02     1s
  15  -3.92017806e+04 -4.13793597e+04  6.30e-03 1.42e-14  1.82e-02     1s
  16  -3.93636085e+04 -4.09683983e+04  5.15e-03 1.42e-14  1.35e-02     1s
  17  -3.94626957e+04 -4.08212660e+04  4.50e-03 1.42e-14  1.14e-02     1s
  18  -3.95155007e+04 -4.06566135e+04  4.07e-03 1.42e-14  9.58e-03     1s
  19  -3.95895890e+04 -4.05049522e+04  3.48e-03 1.42e-14  7.69e-03     1s
  20  -3.96412737e+04 -4.03702200e+04  3.07e-03 1.42e-14  6.13e-03     1s
  21  -3.96975481e+04 -4.03022667e+04  2.63e-03 8.18e-15  5.09e-03     1s
  22  -3.97439673e+04 -4.02404074e+04  2.26e-03 1.42e-14  4.18e-03     1s
  23  -3.97906682e+04 -4.02028143e+04  1.92e-03 7.23e-15  3.47e-03     1s
  24  -3.98087018e+04 -4.01898023e+04  1.77e-03 1.42e-14  3.21e-03     1s
  25  -3.98214926e+04 -4.01705847e+04  1.67e-03 1.42e-14  2.94e-03     1s
  26  -3.98466086e+04 -4.01427353e+04  1.47e-03 1.42e-14  2.50e-03     1s
  27  -3.98633029e+04 -4.01318567e+04  1.35e-03 1.42e-14  2.26e-03     1s
  28  -3.98853351e+04 -4.01100947e+04  1.17e-03 1.42e-14  1.90e-03     1s
  29  -3.99070158e+04 -4.00875466e+04  1.01e-03 1.42e-14  1.53e-03     1s
  30  -3.99294896e+04 -4.00780038e+04  8.52e-04 1.42e-14  1.26e-03     1s
  31  -3.99429519e+04 -4.00718294e+04  7.60e-04 1.42e-14  1.09e-03     1s
  32  -3.99471992e+04 -4.00652842e+04  7.19e-04 1.42e-14  9.99e-04     1s
  33  -3.99534275e+04 -4.00613671e+04  6.60e-04 1.42e-14  9.13e-04     1s
  34  -3.99611713e+04 -4.00569548e+04  5.84e-04 1.42e-14  8.10e-04     1s
  35  -3.99639954e+04 -4.00535550e+04  5.63e-04 1.42e-14  7.58e-04     1s
  36  -3.99682390e+04 -4.00499399e+04  5.24e-04 1.42e-14  6.92e-04     1s
  37  -3.99722407e+04 -4.00485348e+04  4.91e-04 1.42e-14  6.46e-04     1s
  38  -3.99812132e+04 -4.00458857e+04  4.09e-04 1.42e-14  5.48e-04     1s
  39  -3.99870278e+04 -4.00434112e+04  3.56e-04 1.42e-14  4.77e-04     1s
  40  -3.99902363e+04 -4.00417206e+04  3.27e-04 1.42e-14  4.36e-04     1s
  41  -3.99975054e+04 -4.00376144e+04  2.66e-04 1.42e-14  3.40e-04     1s
  42  -4.00014136e+04 -4.00364043e+04  2.35e-04 1.42e-14  2.97e-04     1s
  43  -4.00047128e+04 -4.00354610e+04  2.10e-04 1.42e-14  2.61e-04     1s
  44  -4.00062353e+04 -4.00342794e+04  1.96e-04 1.42e-14  2.38e-04     1s
  45  -4.00098906e+04 -4.00329988e+04  1.62e-04 1.42e-14  1.96e-04     1s
  46  -4.00126843e+04 -4.00318465e+04  1.36e-04 1.42e-14  1.63e-04     1s
  47  -4.00154898e+04 -4.00312886e+04  1.15e-04 1.42e-14  1.34e-04     1s
  48  -4.00184986e+04 -4.00306891e+04  8.97e-05 1.42e-14  1.04e-04     1s
  49  -4.00199451e+04 -4.00302718e+04  7.77e-05 1.42e-14  8.77e-05     1s
  50  -4.00201818e+04 -4.00296861e+04  7.53e-05 1.42e-14  8.09e-05     1s
  51  -4.00237904e+04 -4.00288687e+04  3.91e-05 1.42e-14  4.32e-05     1s
  52  -4.00245577e+04 -4.00283671e+04  3.14e-05 1.42e-14  3.24e-05     2s
  53  -4.00266484e+04 -4.00280327e+04  1.07e-05 1.42e-14  1.18e-05     2s
  54  -4.00276699e+04 -4.00278157e+04  8.39e-07 1.42e-14  1.23e-06     2s
  55  -4.00277656e+04 -4.00277657e+04  7.52e-13 1.42e-14  1.27e-09     2s

Barrier solved model in 55 iterations and 1.58 seconds
Optimal objective -4.00277656e+04


Root relaxation: objective -4.002777e+04, 34904 iterations, 1.55 seconds

    Nodes    |    Current Node    |     Objective Bounds      |     Work
 Expl Unexpl |  Obj  Depth IntInf | Incumbent    BestBd   Gap | It/Node Time

     0     0 -40027.766    0  513    0.00000 -40027.766      -     -    2s
H    0     0                    -39183.00000 -40027.766  2.16%     -    2s

Explored 0 nodes (46450 simplex iterations) in 2.28 seconds
Thread count was 20 (of 20 available processors)

Solution count 2: -39183 0 
Pool objective bound -40027

Optimal solution found (tolerance 5.00e-02)
Best objective -3.918300000000e+04, best bound -4.002700000000e+04, gap 2.1540%
Changed value of parameter MIPGap to 0.05
   Prev: 0.0001  Min: 0.0  Max: 1e+100  Default: 0.0001
Changed value of parameter TimeLimit to 1800.0
   Prev: 1e+100  Min: 0.0  Max: 1e+100  Default: 1e+100
Changed value of parameter Method to 2
   Prev: -1  Min: -1  Max: 4  Default: -1
Changed value of parameter MIPFocus to 1
   Prev: 0  Min: 0  Max: 3  Default: 0
Optimize a model with 11438 rows, 60159 columns and 120318 nonzeros
Variable types: 0 continuous, 60159 integer (60159 binary)
Coefficient statistics:
  Matrix range     [1e+00, 2e+01]
  Objective range  [5e+00, 9e+01]
  Bounds range     [1e+00, 1e+00]
  RHS range        [8e+01, 8e+01]
Found heuristic solution: objective 0
Presolve time: 0.17s
Presolved: 11438 rows, 60159 columns, 120318 nonzeros
Variable types: 0 continuous, 60159 integer (60159 binary)
Presolved: 11438 rows, 60159 columns, 120318 nonzeros

Root barrier log...

Ordering time: 0.01s

Barrier statistics:
 AA' NZ     : 6.016e+04
 Factor NZ  : 2.451e+05 (roughly 30 MBytes of memory)
 Factor Ops : 3.849e+07 (less than 1 second per iteration)
 Threads    : 1

                  Objective                Residual
Iter       Primal          Dual         Primal    Dual     Compl     Time
   0  -4.86549167e+05 -3.48015809e+06  1.01e+02 7.11e-15  2.51e+02     0s
   1  -1.60196605e+05 -2.52790990e+06  2.17e+01 5.68e-14  5.81e+01     0s
   2  -7.57808467e+04 -9.30479521e+05  2.39e+00 5.68e-14  9.40e+00     0s
   3  -6.79902678e+04 -5.07789170e+05  2.11e-01 3.73e-14  3.76e+00     0s
   4  -6.91516363e+04 -1.34359362e+05  3.67e-02 3.86e-14  5.45e-01     0s
   5  -7.05115358e+04 -1.11146552e+05  2.36e-02 2.84e-14  3.39e-01     0s
   6  -7.14420934e+04 -1.02543177e+05  1.70e-02 2.84e-14  2.59e-01     0s
   7  -7.19655118e+04 -9.62333476e+04  1.46e-02 2.84e-14  2.02e-01     0s
   8  -7.24681924e+04 -9.15411629e+04  1.26e-02 2.84e-14  1.59e-01     0s
   9  -7.28611713e+04 -8.75280950e+04  1.13e-02 2.84e-14  1.22e-01     0s
  10  -7.34085883e+04 -8.57055608e+04  9.42e-03 1.67e-14  1.03e-01     1s
  11  -7.38675475e+04 -8.32738202e+04  7.97e-03 1.60e-14  7.85e-02     1s
  12  -7.42216673e+04 -8.15659885e+04  6.97e-03 1.51e-14  6.13e-02     1s
  13  -7.45770062e+04 -8.05625353e+04  5.99e-03 2.84e-14  5.00e-02     1s
  14  -7.49058794e+04 -7.96598118e+04  5.21e-03 2.84e-14  3.97e-02     1s
  15  -7.51264016e+04 -7.90267153e+04  4.68e-03 2.84e-14  3.26e-02     1s
  16  -7.54352281e+04 -7.83405049e+04  3.93e-03 2.84e-14  2.43e-02     1s
  17  -7.56309016e+04 -7.79684280e+04  3.46e-03 2.84e-14  1.96e-02     1s
  18  -7.57645869e+04 -7.77191465e+04  3.10e-03 2.84e-14  1.64e-02     1s
  19  -7.58864896e+04 -7.75452844e+04  2.77e-03 2.84e-14  1.39e-02     1s
  20  -7.59792525e+04 -7.74693285e+04  2.52e-03 1.42e-14  1.25e-02     1s
  21  -7.60793706e+04 -7.73075330e+04  2.28e-03 2.84e-14  1.03e-02     1s
  22  -7.61925843e+04 -7.72317747e+04  2.00e-03 2.84e-14  8.73e-03     1s
  23  -7.62439289e+04 -7.71951277e+04  1.85e-03 2.84e-14  7.99e-03     1s
  24  -7.62802414e+04 -7.71556173e+04  1.74e-03 1.53e-14  7.36e-03     1s
  25  -7.63474337e+04 -7.71252685e+04  1.55e-03 2.84e-14  6.54e-03     1s
  26  -7.63622401e+04 -7.71027774e+04  1.51e-03 2.84e-14  6.22e-03     1s
  27  -7.64237340e+04 -7.70557281e+04  1.33e-03 2.84e-14  5.31e-03     1s
  28  -7.64500471e+04 -7.70363541e+04  1.25e-03 2.84e-14  4.93e-03     1s
  29  -7.65002006e+04 -7.70073233e+04  1.12e-03 2.84e-14  4.27e-03     1s
  30  -7.65708091e+04 -7.69692673e+04  9.71e-04 2.84e-14  3.36e-03     1s
  31  -7.65904179e+04 -7.69504702e+04  9.10e-04 2.84e-14  3.04e-03     1s
  32  -7.66376757e+04 -7.69412422e+04  7.69e-04 2.84e-14  2.56e-03     1s
  33  -7.66539019e+04 -7.69353142e+04  7.21e-04 2.84e-14  2.37e-03     1s
  34  -7.66650628e+04 -7.69304137e+04  6.87e-04 2.84e-14  2.24e-03     1s
  35  -7.67055825e+04 -7.69234915e+04  5.83e-04 2.84e-14  1.84e-03     1s
  36  -7.67375136e+04 -7.69176333e+04  5.02e-04 1.42e-14  1.52e-03     1s
  37  -7.67503158e+04 -7.69092057e+04  4.65e-04 2.84e-14  1.34e-03     1s
  38  -7.67567652e+04 -7.69054805e+04  4.42e-04 2.84e-14  1.26e-03     1s
  39  -7.67646593e+04 -7.69025671e+04  4.15e-04 2.84e-14  1.17e-03     1s
  40  -7.67839793e+04 -7.69007991e+04  3.49e-04 2.84e-14  9.88e-04     1s
  41  -7.67899537e+04 -7.68993355e+04  3.31e-04 2.84e-14  9.25e-04     1s
  42  -7.68102885e+04 -7.68967177e+04  2.71e-04 2.84e-14  7.32e-04     1s
  43  -7.68224803e+04 -7.68960703e+04  2.32e-04 2.84e-14  6.23e-04     1s
  44  -7.68253479e+04 -7.68948965e+04  2.21e-04 2.84e-14  5.89e-04     1s
  45  -7.68346814e+04 -7.68933819e+04  1.88e-04 2.84e-14  4.97e-04     1s
  46  -7.68412359e+04 -7.68928870e+04  1.64e-04 2.84e-14  4.37e-04     1s
  47  -7.68466559e+04 -7.68920837e+04  1.46e-04 2.84e-14  3.85e-04     1s
  48  -7.68556135e+04 -7.68913953e+04  1.14e-04 2.84e-14  3.03e-04     1s
  49  -7.68588441e+04 -7.68905820e+04  1.02e-04 2.84e-14  2.69e-04     1s
  50  -7.68668747e+04 -7.68896246e+04  7.72e-05 2.84e-14  1.93e-04     1s
  51  -7.68702187e+04 -7.68892161e+04  6.43e-05 2.84e-14  1.61e-04     1s
  52  -7.68708780e+04 -7.68887215e+04  6.17e-05 1.42e-14  1.51e-04     2s
  53  -7.68766791e+04 -7.68882179e+04  3.97e-05 1.42e-14  9.78e-05     2s
  54  -7.68823718e+04 -7.68877835e+04  1.83e-05 2.84e-14  4.59e-05     2s
  55  -7.68858100e+04 -7.68876424e+04  5.43e-06 2.84e-14  1.55e-05     2s
  56  -7.68873216e+04 -7.68873246e+04  1.09e-13 2.84e-14  2.44e-08     2s
  57  -7.68873232e+04 -7.68873232e+04  1.53e-12 2.84e-14  2.44e-11     2s

Barrier solved model in 57 iterations and 1.62 seconds
Optimal objective -7.68873232e+04


Root relaxation: objective -7.688732e+04, 34128 iterations, 1.59 seconds

    Nodes    |    Current Node    |     Objective Bounds      |     Work
 Expl Unexpl |  Obj  Depth IntInf | Incumbent    BestBd   Gap | It/Node Time

     0     0 -76887.323    0  450    0.00000 -76887.323      -     -    2s
H    0     0                    -75303.00000 -76887.323  2.10%     -    2s

Explored 0 nodes (52834 simplex iterations) in 2.35 seconds
Thread count was 20 (of 20 available processors)

Solution count 2: -75303 0 
Pool objective bound -76887

Optimal solution found (tolerance 5.00e-02)
Best objective -7.530300000000e+04, best bound -7.688700000000e+04, gap 2.1035%
Changed value of parameter MIPGap to 0.05
   Prev: 0.0001  Min: 0.0  Max: 1e+100  Default: 0.0001
Changed value of parameter TimeLimit to 1800.0
   Prev: 1e+100  Min: 0.0  Max: 1e+100  Default: 1e+100
Changed value of parameter Method to 2
   Prev: -1  Min: -1  Max: 4  Default: -1
Changed value of parameter MIPFocus to 1
   Prev: 0  Min: 0  Max: 3  Default: 0
Optimize a model with 11438 rows, 60159 columns and 120318 nonzeros
Variable types: 0 continuous, 60159 integer (60159 binary)
Coefficient statistics:
  Matrix range     [1e+00, 2e+01]
  Objective range  [9e+00, 2e+02]
  Bounds range     [1e+00, 1e+00]
  RHS range        [8e+01, 8e+01]
Found heuristic solution: objective 0
Presolve time: 0.17s
Presolved: 11438 rows, 60159 columns, 120318 nonzeros
Variable types: 0 continuous, 60159 integer (60159 binary)
Presolved: 11438 rows, 60159 columns, 120318 nonzeros

Root barrier log...

Ordering time: 0.01s

Barrier statistics:
 AA' NZ     : 6.016e+04
 Factor NZ  : 2.451e+05 (roughly 30 MBytes of memory)
 Factor Ops : 3.849e+07 (less than 1 second per iteration)
 Threads    : 1

                  Objective                Residual
Iter       Primal          Dual         Primal    Dual     Compl     Time
   0  -9.46130023e+05 -6.94267422e+06  1.01e+02 1.42e-14  5.00e+02     0s
   1  -3.10880446e+05 -5.04173937e+06  2.17e+01 1.28e-13  1.16e+02     0s
   2  -1.46632670e+05 -1.85423549e+06  2.40e+00 9.24e-14  1.88e+01     0s
   3  -1.31683646e+05 -1.02219818e+06  2.09e-01 8.53e-14  7.61e+00     0s
   4  -1.34159961e+05 -2.70062859e+05  3.67e-02 6.39e-14  1.14e+00     0s
   5  -1.37087237e+05 -2.24624330e+05  2.31e-02 5.68e-14  7.30e-01     0s
   6  -1.39157053e+05 -1.97513398e+05  1.70e-02 5.68e-14  4.86e-01     0s
   7  -1.39998626e+05 -1.87599366e+05  1.54e-02 5.68e-14  3.97e-01     0s
   8  -1.41395761e+05 -1.73972758e+05  1.29e-02 5.68e-14  2.72e-01     0s
   9  -1.42592214e+05 -1.69198901e+05  1.10e-02 5.68e-14  2.22e-01     0s
  10  -1.43541846e+05 -1.64911856e+05  9.51e-03 5.68e-14  1.78e-01     1s
  11  -1.44486533e+05 -1.62161203e+05  8.09e-03 5.68e-14  1.48e-01     1s
  12  -1.44985280e+05 -1.60393504e+05  7.50e-03 3.75e-14  1.29e-01     1s
  13  -1.45332856e+05 -1.59460122e+05  7.04e-03 5.68e-14  1.18e-01     1s
  14  -1.45971986e+05 -1.57418309e+05  6.21e-03 5.68e-14  9.56e-02     1s
  15  -1.46828592e+05 -1.55844150e+05  5.12e-03 5.68e-14  7.53e-02     1s
  16  -1.47492818e+05 -1.54318288e+05  4.34e-03 5.68e-14  5.71e-02     1s
  17  -1.47859164e+05 -1.53686534e+05  3.88e-03 5.68e-14  4.88e-02     1s
  18  -1.48096145e+05 -1.53161187e+05  3.55e-03 5.68e-14  4.24e-02     1s
  19  -1.48383665e+05 -1.52604396e+05  3.15e-03 2.84e-14  3.53e-02     1s
  20  -1.48546316e+05 -1.52224664e+05  2.92e-03 5.68e-14  3.08e-02     1s
  21  -1.48865769e+05 -1.51854855e+05  2.46e-03 2.84e-14  2.51e-02     1s
  22  -1.49074320e+05 -1.51532926e+05  2.18e-03 2.93e-14  2.06e-02     1s
  23  -1.49292314e+05 -1.51396007e+05  1.93e-03 5.68e-14  1.77e-02     1s
  24  -1.49397828e+05 -1.51279601e+05  1.77e-03 5.68e-14  1.58e-02     1s
  25  -1.49495734e+05 -1.51162168e+05  1.63e-03 5.68e-14  1.40e-02     1s
  26  -1.49594735e+05 -1.51076143e+05  1.48e-03 5.68e-14  1.24e-02     1s
  27  -1.49786878e+05 -1.50997917e+05  1.23e-03 3.05e-14  1.02e-02     1s
  28  -1.49860989e+05 -1.50945890e+05  1.12e-03 5.68e-14  9.12e-03     1s
  29  -1.49947329e+05 -1.50875950e+05  1.00e-03 5.68e-14  7.81e-03     1s
  30  -1.50008037e+05 -1.50794114e+05  9.07e-04 5.68e-14  6.62e-03     1s
  31  -1.50089684e+05 -1.50745116e+05  7.83e-04 5.68e-14  5.52e-03     1s
  32  -1.50127493e+05 -1.50732524e+05  7.27e-04 3.55e-14  5.10e-03     1s
  33  -1.50187605e+05 -1.50718309e+05  6.37e-04 2.84e-14  4.47e-03     1s
  34  -1.50223764e+05 -1.50707431e+05  5.81e-04 5.68e-14  4.07e-03     1s
  35  -1.50274153e+05 -1.50693759e+05  5.13e-04 5.68e-14  3.54e-03     1s
  36  -1.50317273e+05 -1.50679594e+05  4.56e-04 5.68e-14  3.05e-03     1s
  37  -1.50341048e+05 -1.50667974e+05  4.19e-04 5.68e-14  2.76e-03     1s
  38  -1.50361295e+05 -1.50660920e+05  3.87e-04 3.50e-14  2.53e-03     1s
  39  -1.50393056e+05 -1.50653079e+05  3.38e-04 5.68e-14  2.19e-03     1s
  40  -1.50411179e+05 -1.50648944e+05  3.09e-04 5.68e-14  2.01e-03     1s
  41  -1.50445018e+05 -1.50638588e+05  2.61e-04 5.68e-14  1.63e-03     1s
  42  -1.50478333e+05 -1.50631323e+05  2.17e-04 5.68e-14  1.29e-03     1s
  43  -1.50496960e+05 -1.50629680e+05  1.90e-04 2.97e-14  1.12e-03     1s
  44  -1.50501897e+05 -1.50627852e+05  1.82e-04 5.68e-14  1.06e-03     1s
  45  -1.50525302e+05 -1.50625623e+05  1.43e-04 5.68e-14  8.47e-04     1s
  46  -1.50528655e+05 -1.50622946e+05  1.37e-04 5.68e-14  7.97e-04     1s
  47  -1.50529821e+05 -1.50621232e+05  1.35e-04 5.68e-14  7.73e-04     1s
  48  -1.50550805e+05 -1.50618401e+05  9.97e-05 5.68e-14  5.71e-04     1s
  49  -1.50559377e+05 -1.50617634e+05  8.56e-05 5.68e-14  4.92e-04     1s
  50  -1.50578345e+05 -1.50616378e+05  5.78e-05 5.68e-14  3.22e-04     1s
  51  -1.50589753e+05 -1.50614211e+05  3.87e-05 2.84e-14  2.07e-04     1s
  52  -1.50593905e+05 -1.50613330e+05  3.12e-05 5.68e-14  1.64e-04     2s
  53  -1.50605481e+05 -1.50612533e+05  1.09e-05 5.68e-14  5.97e-05     2s
  54  -1.50610157e+05 -1.50612211e+05  2.80e-06 5.68e-14  1.73e-05     2s
  55  -1.50611430e+05 -1.50611879e+05  6.78e-07 5.68e-14  3.80e-06     2s
  56  -1.50611842e+05 -1.50611850e+05  2.77e-09 5.68e-14  7.17e-08     2s
  57  -1.50611844e+05 -1.50611844e+05  4.32e-12 5.68e-14  7.17e-11     2s

Barrier solved model in 57 iterations and 1.63 seconds
Optimal objective -1.50611844e+05


Root relaxation: objective -1.506118e+05, 34672 iterations, 1.60 seconds

    Nodes    |    Current Node    |     Objective Bounds      |     Work
 Expl Unexpl |  Obj  Depth IntInf | Incumbent    BestBd   Gap | It/Node Time

     0     0 -150611.84    0  430    0.00000 -150611.84      -     -    2s
H    0     0                    -147137.0000 -150611.84  2.36%     -    2s

Explored 0 nodes (50424 simplex iterations) in 2.40 seconds
Thread count was 20 (of 20 available processors)

Solution count 2: -147137 0 
Pool objective bound -150611

Optimal solution found (tolerance 5.00e-02)
Best objective -1.471370000000e+05, best bound -1.506110000000e+05, gap 2.3611%
Changed value of parameter MIPGap to 0.05
   Prev: 0.0001  Min: 0.0  Max: 1e+100  Default: 0.0001
Changed value of parameter TimeLimit to 1800.0
   Prev: 1e+100  Min: 0.0  Max: 1e+100  Default: 1e+100
Changed value of parameter Method to 2
   Prev: -1  Min: -1  Max: 4  Default: -1
Changed value of parameter MIPFocus to 1
   Prev: 0  Min: 0  Max: 3  Default: 0
Optimize a model with 11438 rows, 60159 columns and 120318 nonzeros
Variable types: 0 continuous, 60159 integer (60159 binary)
Coefficient statistics:
  Matrix range     [1e+00, 2e+01]
  Objective range  [2e+01, 5e+02]
  Bounds range     [1e+00, 1e+00]
  RHS range        [8e+01, 8e+01]
Found heuristic solution: objective 0
Presolve time: 0.16s
Presolved: 11438 rows, 60159 columns, 120318 nonzeros
Variable types: 0 continuous, 60159 integer (60159 binary)
Presolved: 11438 rows, 60159 columns, 120318 nonzeros

Root barrier log...

Ordering time: 0.01s

Barrier statistics:
 AA' NZ     : 6.016e+04
 Factor NZ  : 2.451e+05 (roughly 30 MBytes of memory)
 Factor Ops : 3.849e+07 (less than 1 second per iteration)
 Threads    : 1

                  Objective                Residual
Iter       Primal          Dual         Primal    Dual     Compl     Time
   0  -2.32487249e+06 -1.73302226e+07  1.01e+02 5.68e-14  1.25e+03     0s
   1  -7.62934963e+05 -1.25832387e+07  2.17e+01 3.41e-13  2.90e+02     0s
   2  -3.59176624e+05 -4.62546932e+06  2.40e+00 3.13e-13  4.70e+01     0s
   3  -3.22781664e+05 -2.56500923e+06  2.07e-01 2.17e-13  1.92e+01     0s
   4  -3.29196231e+05 -6.76489279e+05  3.71e-02 2.13e-13  2.90e+00     0s
   5  -3.36610309e+05 -5.65254993e+05  2.38e-02 1.55e-13  1.91e+00     0s
   6  -3.41837871e+05 -4.91469487e+05  1.78e-02 1.14e-13  1.25e+00     0s
   7  -3.44253795e+05 -4.67344462e+05  1.59e-02 1.14e-13  1.03e+00     0s
   8  -3.47750060e+05 -4.34370220e+05  1.35e-02 1.14e-13  7.23e-01     0s
   9  -3.51036137e+05 -4.20817534e+05  1.14e-02 1.14e-13  5.82e-01     0s
  10  -3.53811555e+05 -4.11364941e+05  9.62e-03 1.14e-13  4.80e-01     0s
  11  -3.55492985e+05 -4.03400404e+05  8.60e-03 1.14e-13  4.00e-01     1s
  12  -3.58002405e+05 -3.99869363e+05  7.17e-03 1.14e-13  3.49e-01     1s
  13  -3.59518087e+05 -3.92729026e+05  6.33e-03 1.14e-13  2.77e-01     1s
  14  -3.61186288e+05 -3.88210372e+05  5.45e-03 1.14e-13  2.26e-01     1s
  15  -3.61997478e+05 -3.86493710e+05  5.04e-03 1.14e-13  2.05e-01     1s
  16  -3.63907625e+05 -3.82208139e+05  4.13e-03 1.14e-13  1.53e-01     1s
  17  -3.64348476e+05 -3.80738267e+05  3.90e-03 1.14e-13  1.37e-01     1s
  18  -3.65331365e+05 -3.79222240e+05  3.38e-03 1.14e-13  1.16e-01     1s
  19  -3.66177192e+05 -3.78357297e+05  2.93e-03 1.14e-13  1.02e-01     1s
  20  -3.66566967e+05 -3.77753068e+05  2.72e-03 1.14e-13  9.35e-02     1s
  21  -3.67199916e+05 -3.76745424e+05  2.39e-03 1.14e-13  7.98e-02     1s
  22  -3.67591407e+05 -3.75356493e+05  2.20e-03 1.14e-13  6.50e-02     1s
  23  -3.68027292e+05 -3.74362235e+05  1.97e-03 1.14e-13  5.31e-02     1s
  24  -3.68588938e+05 -3.74078798e+05  1.67e-03 1.14e-13  4.60e-02     1s
  25  -3.68763734e+05 -3.73811233e+05  1.58e-03 1.14e-13  4.23e-02     1s
  26  -3.69139739e+05 -3.73307064e+05  1.39e-03 1.14e-13  3.49e-02     1s
  27  -3.69504477e+05 -3.72901632e+05  1.23e-03 1.14e-13  2.85e-02     1s
  28  -3.69841051e+05 -3.72704415e+05  1.05e-03 1.14e-13  2.40e-02     1s
  29  -3.70235791e+05 -3.72556556e+05  8.73e-04 1.14e-13  1.95e-02     1s
  30  -3.70462125e+05 -3.72334380e+05  7.56e-04 1.14e-13  1.57e-02     1s
  31  -3.70610159e+05 -3.72226197e+05  6.79e-04 1.14e-13  1.36e-02     1s
  32  -3.70751738e+05 -3.72143515e+05  5.98e-04 1.14e-13  1.17e-02     1s
  33  -3.70888340e+05 -3.72047393e+05  5.19e-04 1.14e-13  9.75e-03     1s
  34  -3.70976407e+05 -3.71991502e+05  4.67e-04 1.14e-13  8.54e-03     1s
  35  -3.71044415e+05 -3.71972422e+05  4.32e-04 1.14e-13  7.81e-03     1s
  36  -3.71194225e+05 -3.71904114e+05  3.44e-04 1.14e-13  5.98e-03     1s
  37  -3.71319778e+05 -3.71887302e+05  2.75e-04 1.14e-13  4.78e-03     1s
  38  -3.71374376e+05 -3.71860919e+05  2.43e-04 1.14e-13  4.10e-03     1s
  39  -3.71446476e+05 -3.71841557e+05  2.01e-04 1.14e-13  3.33e-03     1s
  40  -3.71533113e+05 -3.71837470e+05  1.50e-04 1.14e-13  2.56e-03     1s
  41  -3.71581746e+05 -3.71826825e+05  1.27e-04 1.14e-13  2.07e-03     1s
  42  -3.71641384e+05 -3.71809350e+05  9.16e-05 1.14e-13  1.42e-03     1s
  43  -3.71697925e+05 -3.71802941e+05  6.23e-05 1.14e-13  8.88e-04     1s
  44  -3.71738190e+05 -3.71799975e+05  3.58e-05 1.14e-13  5.22e-04     1s
  45  -3.71748513e+05 -3.71798215e+05  2.92e-05 1.14e-13  4.20e-04     1s
  46  -3.71764101e+05 -3.71796511e+05  1.92e-05 1.14e-13  2.74e-04     1s
  47  -3.71778492e+05 -3.71795588e+05  9.94e-06 1.14e-13  1.44e-04     1s
  48  -3.71779404e+05 -3.71795285e+05  9.36e-06 1.14e-13  1.34e-04     1s
  49  -3.71792767e+05 -3.71794581e+05  8.57e-07 1.14e-13  1.53e-05     1s
  50  -3.71794257e+05 -3.71794368e+05  3.76e-09 1.14e-13  9.23e-07     1s
  51  -3.71794273e+05 -3.71794279e+05  2.09e-12 1.14e-13  4.20e-08     1s
  52  -3.71794274e+05 -3.71794274e+05  7.80e-12 1.71e-13  1.56e-11     1s

Barrier solved model in 52 iterations and 1.43 seconds
Optimal objective -3.71794274e+05


Root relaxation: objective -3.717943e+05, 32244 iterations, 1.44 seconds

    Nodes    |    Current Node    |     Objective Bounds      |     Work
 Expl Unexpl |  Obj  Depth IntInf | Incumbent    BestBd   Gap | It/Node Time

     0     0 -371794.27    0  496    0.00000 -371794.27      -     -    2s
H    0     0                    -361698.0000 -371794.27  2.79%     -    2s

Explored 0 nodes (46637 simplex iterations) in 2.13 seconds
Thread count was 20 (of 20 available processors)

Solution count 2: -361698 0 
Pool objective bound -371794

Optimal solution found (tolerance 5.00e-02)
Best objective -3.616980000000e+05, best bound -3.717940000000e+05, gap 2.7913%
Changed value of parameter MIPGap to 0.05
   Prev: 0.0001  Min: 0.0  Max: 1e+100  Default: 0.0001
Changed value of parameter TimeLimit to 1800.0
   Prev: 1e+100  Min: 0.0  Max: 1e+100  Default: 1e+100
Changed value of parameter Method to 2
   Prev: -1  Min: -1  Max: 4  Default: -1
Changed value of parameter MIPFocus to 1
   Prev: 0  Min: 0  Max: 3  Default: 0
Optimize a model with 11438 rows, 60159 columns and 120318 nonzeros
Variable types: 0 continuous, 60159 integer (60159 binary)
Coefficient statistics:
  Matrix range     [1e+00, 2e+01]
  Objective range  [2e+02, 5e+03]
  Bounds range     [1e+00, 1e+00]
  RHS range        [8e+01, 8e+01]
Found heuristic solution: objective 0
Presolve time: 0.17s
Presolved: 11438 rows, 60159 columns, 120318 nonzeros
Variable types: 0 continuous, 60159 integer (60159 binary)
Presolved: 11438 rows, 60159 columns, 120318 nonzeros

Root barrier log...

Ordering time: 0.01s

Barrier statistics:
 AA' NZ     : 6.016e+04
 Factor NZ  : 2.451e+05 (roughly 30 MBytes of memory)
 Factor Ops : 3.849e+07 (less than 1 second per iteration)
 Threads    : 1

                  Objective                Residual
Iter       Primal          Dual         Primal    Dual     Compl     Time
   0  -2.30060091e+07 -1.73143448e+08  1.01e+02 4.55e-13  1.25e+04     0s
   1  -7.54375868e+06 -1.25705740e+08  2.17e+01 3.18e-12  2.89e+03     0s
   2  -3.54731637e+06 -4.61939358e+07  2.40e+00 2.96e-12  4.70e+02     0s
   3  -3.18931252e+06 -2.57031812e+07  2.06e-01 2.27e-12  1.92e+02     0s
   4  -3.25661654e+06 -6.76866388e+06  3.69e-02 1.99e-12  2.94e+01     0s
   5  -3.33213295e+06 -5.72746253e+06  2.36e-02 1.36e-12  2.00e+01     0s
   6  -3.38080571e+06 -5.01427847e+06  1.79e-02 1.82e-12  1.36e+01     0s
   7  -3.40211045e+06 -4.76985390e+06  1.63e-02 1.10e-12  1.14e+01     0s
   8  -3.43719414e+06 -4.46710952e+06  1.38e-02 9.33e-13  8.59e+00     0s
   9  -3.46965772e+06 -4.25897478e+06  1.17e-02 1.82e-12  6.58e+00     0s
  10  -3.50322576e+06 -4.09707617e+06  9.63e-03 9.09e-13  4.95e+00     0s
  11  -3.52044207e+06 -4.00653392e+06  8.81e-03 9.09e-13  4.06e+00     1s
  12  -3.53845319e+06 -3.92606617e+06  7.83e-03 1.82e-12  3.24e+00     1s
  13  -3.56433869e+06 -3.87314717e+06  6.45e-03 9.09e-13  2.58e+00     1s
  14  -3.58074238e+06 -3.85206413e+06  5.60e-03 9.48e-13  2.27e+00     1s
  15  -3.59292011e+06 -3.81277256e+06  4.96e-03 1.82e-12  1.84e+00     1s
  16  -3.61365667e+06 -3.78743775e+06  3.95e-03 9.09e-13  1.45e+00     1s
  17  -3.62025596e+06 -3.77542740e+06  3.66e-03 9.09e-13  1.30e+00     1s
  18  -3.62713827e+06 -3.76129313e+06  3.32e-03 9.48e-13  1.12e+00     1s
  19  -3.62965970e+06 -3.74632947e+06  3.18e-03 9.09e-13  9.76e-01     1s
  20  -3.63623249e+06 -3.73418169e+06  2.85e-03 9.09e-13  8.20e-01     1s
  21  -3.64333533e+06 -3.72445524e+06  2.50e-03 1.01e-12  6.79e-01     1s
  22  -3.64968177e+06 -3.71610984e+06  2.20e-03 9.09e-13  5.57e-01     1s
  23  -3.65625661e+06 -3.71248591e+06  1.90e-03 9.09e-13  4.71e-01     1s
  24  -3.65817117e+06 -3.70819839e+06  1.79e-03 9.09e-13  4.20e-01     1s
  25  -3.66219088e+06 -3.70492770e+06  1.56e-03 1.82e-12  3.59e-01     1s
  26  -3.66580874e+06 -3.70201391e+06  1.36e-03 9.09e-13  3.04e-01     1s
  27  -3.66814624e+06 -3.69799632e+06  1.23e-03 9.09e-13  2.51e-01     1s
  28  -3.67073165e+06 -3.69651951e+06  1.08e-03 9.09e-13  2.17e-01     1s
  29  -3.67251186e+06 -3.69473360e+06  9.77e-04 9.09e-13  1.87e-01     1s
  30  -3.67694102e+06 -3.69361858e+06  7.46e-04 9.09e-13  1.40e-01     1s
  31  -3.67835179e+06 -3.69308121e+06  6.73e-04 9.09e-13  1.24e-01     1s
  32  -3.67887643e+06 -3.69251990e+06  6.42e-04 9.09e-13  1.15e-01     1s
  33  -3.68022498e+06 -3.69206291e+06  5.61e-04 9.09e-13  9.97e-02     1s
  34  -3.68099564e+06 -3.69187877e+06  5.15e-04 9.09e-13  9.16e-02     1s
  35  -3.68211975e+06 -3.69150648e+06  4.54e-04 9.09e-13  7.91e-02     1s
  36  -3.68311925e+06 -3.69113166e+06  3.98e-04 9.09e-13  6.75e-02     1s
  37  -3.68395591e+06 -3.69080475e+06  3.45e-04 9.09e-13  5.77e-02     1s
  38  -3.68507728e+06 -3.69055983e+06  2.76e-04 9.09e-13  4.62e-02     1s
  39  -3.68585929e+06 -3.69042181e+06  2.28e-04 9.09e-13  3.85e-02     1s
  40  -3.68605290e+06 -3.69033680e+06  2.16e-04 9.09e-13  3.61e-02     1s
  41  -3.68685444e+06 -3.69013458e+06  1.75e-04 9.09e-13  2.77e-02     1s
  42  -3.68777667e+06 -3.68992910e+06  1.26e-04 9.09e-13  1.82e-02     1s
  43  -3.68817737e+06 -3.68984028e+06  1.02e-04 9.09e-13  1.41e-02     1s
  44  -3.68852822e+06 -3.68983343e+06  7.89e-05 9.09e-13  1.10e-02     1s
  45  -3.68871127e+06 -3.68979233e+06  6.65e-05 9.09e-13  9.14e-03     1s
  46  -3.68908881e+06 -3.68977618e+06  4.12e-05 9.09e-13  5.81e-03     1s
  47  -3.68957630e+06 -3.68972835e+06  8.25e-06 9.09e-13  1.28e-03     1s
  48  -3.68970164e+06 -3.68971081e+06  5.11e-07 9.09e-13  7.74e-05     1s
  49  -3.68971008e+06 -3.68971009e+06  4.79e-13 1.82e-12  7.79e-08     1s
  50  -3.68971009e+06 -3.68971009e+06  3.64e-12 1.36e-12  7.79e-11     1s

Barrier solved model in 50 iterations and 1.36 seconds
Optimal objective -3.68971009e+06


Root relaxation: objective -3.689710e+06, 34187 iterations, 1.32 seconds

    Nodes    |    Current Node    |     Objective Bounds      |     Work
 Expl Unexpl |  Obj  Depth IntInf | Incumbent    BestBd   Gap | It/Node Time

     0     0 -3689710.1    0  538    0.00000 -3689710.1      -     -    1s
H    0     0                    -3568927.000 -3689710.1  3.38%     -    1s

Explored 0 nodes (47156 simplex iterations) in 2.01 seconds
Thread count was 20 (of 20 available processors)

Solution count 2: -3.56893e+06 0 
Pool objective bound -3.68971e+06

Optimal solution found (tolerance 5.00e-02)
Best objective -3.568927000000e+06, best bound -3.689710000000e+06, gap 3.3843%
