Changed value of parameter MIPGap to 0.05
   Prev: 0.0001  Min: 0.0  Max: 1e+100  Default: 0.0001
Changed value of parameter TimeLimit to 1800.0
   Prev: 1e+100  Min: 0.0  Max: 1e+100  Default: 1e+100
Changed value of parameter Method to 2
   Prev: -1  Min: -1  Max: 4  Default: -1
Changed value of parameter MIPFocus to 1
   Prev: 0  Min: 0  Max: 3  Default: 0
Optimize a model with 4268 rows, 6252 columns and 12504 nonzeros
Variable types: 0 continuous, 6252 integer (6252 binary)
Coefficient statistics:
  Matrix range     [1e+00, 5e+00]
  Objective range  [1e+00, 1e+00]
  Bounds range     [1e+00, 1e+00]
  RHS range        [8e+01, 8e+01]
Found heuristic solution: objective 0
Presolve removed 4203 rows and 5124 columns
Presolve time: 0.01s
Presolved: 65 rows, 1128 columns, 2153 nonzeros
Found heuristic solution: objective -1579.000000
Variable types: 0 continuous, 1128 integer (923 binary)
Presolved: 65 rows, 1128 columns, 2153 nonzeros

Root barrier log...

Ordering time: 0.00s

Barrier statistics:
 AA' NZ     : 9.900e+02
 Factor NZ  : 2.103e+03
 Factor Ops : 8.997e+04 (less than 1 second per iteration)
 Threads    : 1

                  Objective                Residual
Iter       Primal          Dual         Primal    Dual     Compl     Time
   0  -5.44370085e+03 -3.26372487e+03  4.37e+01 4.44e-16  3.54e+00     0s
   1  -1.86349692e+03 -2.67606008e+03  2.88e+00 3.65e-01  6.30e-01     0s
   2  -1.72043625e+03 -1.86954968e+03  1.22e-01 2.67e-02  7.24e-02     0s
   3  -1.75187413e+03 -1.78085886e+03  4.27e-03 3.86e-03  1.28e-02     0s
   4  -1.75706841e+03 -1.76625238e+03  6.69e-04 9.19e-04  4.01e-03     0s
   5  -1.75850538e+03 -1.76054729e+03  9.30e-05 7.82e-05  8.92e-04     0s
   6  -1.75909298e+03 -1.75911738e+03  0.00e+00 1.78e-15  1.06e-05     0s
   7  -1.75910000e+03 -1.75910000e+03  0.00e+00 1.78e-15  2.14e-11     0s

Barrier solved model in 7 iterations and 0.02 seconds
Optimal objective -1.75910000e+03


Root relaxation: objective -1.759100e+03, 309 iterations, 0.01 seconds

    Nodes    |    Current Node    |     Objective Bounds      |     Work
 Expl Unexpl |  Obj  Depth IntInf | Incumbent    BestBd   Gap | It/Node Time

     0     0 -1759.1000    0   12 -1579.0000 -1759.1000  11.4%     -    0s
H    0     0                    -1755.000000 -1759.1000  0.23%     -    0s

Explored 0 nodes (419 simplex iterations) in 0.02 seconds
Thread count was 20 (of 20 available processors)

Solution count 3: -1755 -1579 -142 
Pool objective bound -1759

Optimal solution found (tolerance 5.00e-02)
Best objective -1.755000000000e+03, best bound -1.759000000000e+03, gap 0.2279%
Changed value of parameter MIPGap to 0.05
   Prev: 0.0001  Min: 0.0  Max: 1e+100  Default: 0.0001
Changed value of parameter TimeLimit to 1800.0
   Prev: 1e+100  Min: 0.0  Max: 1e+100  Default: 1e+100
Changed value of parameter Method to 2
   Prev: -1  Min: -1  Max: 4  Default: -1
Changed value of parameter MIPFocus to 1
   Prev: 0  Min: 0  Max: 3  Default: 0
Optimize a model with 4268 rows, 6252 columns and 12504 nonzeros
Variable types: 0 continuous, 6252 integer (6252 binary)
Coefficient statistics:
  Matrix range     [1e+00, 5e+00]
  Objective range  [1e+00, 1e+00]
  Bounds range     [1e+00, 1e+00]
  RHS range        [8e+01, 8e+01]
Found heuristic solution: objective 0
Presolve removed 4203 rows and 4361 columns
Presolve time: 0.01s
Presolved: 65 rows, 1891 columns, 3036 nonzeros
Found heuristic solution: objective -1591.676845
Variable types: 0 continuous, 1891 integer (1831 binary)
Presolved: 65 rows, 1891 columns, 3036 nonzeros

Root barrier log...

Ordering time: 0.00s

Barrier statistics:
 AA' NZ     : 9.900e+02
 Factor NZ  : 2.103e+03 (roughly 1 MByte of memory)
 Factor Ops : 8.997e+04 (less than 1 second per iteration)
 Threads    : 1

                  Objective                Residual
Iter       Primal          Dual         Primal    Dual     Compl     Time
   0  -7.03925421e+03 -3.21451208e+03  4.74e+01 4.44e-16  2.45e+00     0s
   1  -1.94192036e+03 -2.79821356e+03  2.78e+00 3.35e-01  4.10e-01     0s
   2  -1.70967022e+03 -1.88676174e+03  1.70e-01 2.84e-02  5.41e-02     0s
   3  -1.74749016e+03 -1.79453142e+03  2.64e-02 6.69e-03  1.35e-02     0s
   4  -1.75800091e+03 -1.76980745e+03  2.43e-03 1.48e-03  3.19e-03     0s
   5  -1.75964296e+03 -1.76326594e+03  6.56e-04 3.74e-04  9.75e-04     0s
   6  -1.76036107e+03 -1.76066033e+03  8.67e-06 2.03e-05  7.86e-05     0s
   7  -1.76039172e+03 -1.76051001e+03  2.20e-06 6.87e-06  3.10e-05     0s
   8  -1.76040466e+03 -1.76044921e+03  7.44e-07 1.82e-06  1.17e-05     0s
   9  -1.76041146e+03 -1.76042718e+03  2.46e-07 3.86e-07  4.12e-06     0s
  10  -1.76041515e+03 -1.76042039e+03  5.93e-08 9.54e-08  1.37e-06     0s
  11  -1.76041657e+03 -1.76041778e+03  0.00e+00 1.67e-08  3.16e-07     0s
  12  -1.76041676e+03 -1.76041677e+03  0.00e+00 1.78e-15  2.46e-09     0s

Barrier solved model in 12 iterations and 0.02 seconds
Optimal objective -1.76041676e+03


Root relaxation: objective -1.760417e+03, 261 iterations, 0.01 seconds

    Nodes    |    Current Node    |     Objective Bounds      |     Work
 Expl Unexpl |  Obj  Depth IntInf | Incumbent    BestBd   Gap | It/Node Time

     0     0 -1760.4168    0   12 -1591.6768 -1760.4168  10.6%     -    0s
H    0     0                    -1757.309725 -1760.4168  0.18%     -    0s

Explored 0 nodes (267 simplex iterations) in 0.03 seconds
Thread count was 20 (of 20 available processors)

Solution count 3: -1757.31 -1591.68 -130.132 
Pool objective bound -1760.42

Optimal solution found (tolerance 5.00e-02)
Best objective -1.757309725000e+03, best bound -1.760416767500e+03, gap 0.1768%
Changed value of parameter MIPGap to 0.05
   Prev: 0.0001  Min: 0.0  Max: 1e+100  Default: 0.0001
Changed value of parameter TimeLimit to 1800.0
   Prev: 1e+100  Min: 0.0  Max: 1e+100  Default: 1e+100
Changed value of parameter Method to 2
   Prev: -1  Min: -1  Max: 4  Default: -1
Changed value of parameter MIPFocus to 1
   Prev: 0  Min: 0  Max: 3  Default: 0
Optimize a model with 4268 rows, 6252 columns and 12504 nonzeros
Variable types: 0 continuous, 6252 integer (6252 binary)
Coefficient statistics:
  Matrix range     [1e+00, 5e+00]
  Objective range  [1e+00, 1e+00]
  Bounds range     [1e+00, 1e+00]
  RHS range        [8e+01, 8e+01]
Found heuristic solution: objective 0
Presolve removed 4203 rows and 4361 columns
Presolve time: 0.01s
Presolved: 65 rows, 1891 columns, 3036 nonzeros
Found heuristic solution: objective -1593.353690
Variable types: 0 continuous, 1891 integer (1831 binary)
Presolved: 65 rows, 1891 columns, 3036 nonzeros

Root barrier log...

Ordering time: 0.00s

Barrier statistics:
 AA' NZ     : 9.900e+02
 Factor NZ  : 2.103e+03 (roughly 1 MByte of memory)
 Factor Ops : 8.997e+04 (less than 1 second per iteration)
 Threads    : 1

                  Objective                Residual
Iter       Primal          Dual         Primal    Dual     Compl     Time
   0  -7.04504258e+03 -3.21263489e+03  4.74e+01 4.44e-16  2.44e+00     0s
   1  -1.94421273e+03 -2.79694996e+03  2.78e+00 3.34e-01  4.09e-01     0s
   2  -1.71140658e+03 -1.88725784e+03  1.71e-01 2.80e-02  5.39e-02     0s
   3  -1.74894356e+03 -1.79567509e+03  2.64e-02 6.60e-03  1.34e-02     0s
   4  -1.75930939e+03 -1.77103582e+03  2.42e-03 1.45e-03  3.17e-03     0s
   5  -1.76094157e+03 -1.76452594e+03  6.55e-04 3.61e-04  9.65e-04     0s
   6  -1.76165957e+03 -1.76212553e+03  8.67e-06 4.43e-05  1.22e-04     0s
   7  -1.76169586e+03 -1.76188300e+03  2.39e-06 1.46e-05  4.89e-05     0s
   8  -1.76171509e+03 -1.76179358e+03  5.19e-07 5.47e-06  2.05e-05     0s
   9  -1.76172650e+03 -1.76175821e+03  0.00e+00 1.89e-06  8.28e-06     0s
  10  -1.76173223e+03 -1.76173604e+03  0.00e+00 4.15e-08  9.95e-07     0s
  11  -1.76173352e+03 -1.76173361e+03  0.00e+00 1.78e-15  2.48e-08     0s
  12  -1.76173353e+03 -1.76173354e+03  0.00e+00 1.78e-15  2.48e-11     0s

Barrier solved model in 12 iterations and 0.02 seconds
Optimal objective -1.76173353e+03


Root relaxation: objective -1.761734e+03, 15 iterations, 0.01 seconds

    Nodes    |    Current Node    |     Objective Bounds      |     Work
 Expl Unexpl |  Obj  Depth IntInf | Incumbent    BestBd   Gap | It/Node Time

     0     0 -1761.7335    0   12 -1593.3537 -1761.7335  10.6%     -    0s
H    0     0                    -1758.619450 -1761.7335  0.18%     -    0s

Explored 0 nodes (17 simplex iterations) in 0.02 seconds
Thread count was 20 (of 20 available processors)

Solution count 3: -1758.62 -1593.35 -130.264 
Pool objective bound -1761.73

Optimal solution found (tolerance 5.00e-02)
Best objective -1.758619450000e+03, best bound -1.761733535000e+03, gap 0.1771%
Changed value of parameter MIPGap to 0.05
   Prev: 0.0001  Min: 0.0  Max: 1e+100  Default: 0.0001
Changed value of parameter TimeLimit to 1800.0
   Prev: 1e+100  Min: 0.0  Max: 1e+100  Default: 1e+100
Changed value of parameter Method to 2
   Prev: -1  Min: -1  Max: 4  Default: -1
Changed value of parameter MIPFocus to 1
   Prev: 0  Min: 0  Max: 3  Default: 0
Optimize a model with 4268 rows, 6252 columns and 12504 nonzeros
Variable types: 0 continuous, 6252 integer (6252 binary)
Coefficient statistics:
  Matrix range     [1e+00, 5e+00]
  Objective range  [1e+00, 1e+00]
  Bounds range     [1e+00, 1e+00]
  RHS range        [8e+01, 8e+01]
Found heuristic solution: objective 0
Presolve removed 4203 rows and 4361 columns
Presolve time: 0.01s
Presolved: 65 rows, 1891 columns, 3036 nonzeros
Found heuristic solution: objective -1596.707380
Variable types: 0 continuous, 1891 integer (1831 binary)
Presolved: 65 rows, 1891 columns, 3036 nonzeros

Root barrier log...

Ordering time: 0.00s

Barrier statistics:
 AA' NZ     : 9.900e+02
 Factor NZ  : 2.103e+03 (roughly 1 MByte of memory)
 Factor Ops : 8.997e+04 (less than 1 second per iteration)
 Threads    : 1

                  Objective                Residual
Iter       Primal          Dual         Primal    Dual     Compl     Time
   0  -7.05661873e+03 -3.20888050e+03  4.74e+01 4.44e-16  2.43e+00     0s
   1  -1.94879740e+03 -2.79442288e+03  2.79e+00 3.31e-01  4.07e-01     0s
   2  -1.71488175e+03 -1.88823889e+03  1.74e-01 2.73e-02  5.33e-02     0s
   3  -1.75186179e+03 -1.79793642e+03  2.62e-02 6.43e-03  1.32e-02     0s
   4  -1.76192982e+03 -1.77347646e+03  2.40e-03 1.40e-03  3.12e-03     0s
   5  -1.76354591e+03 -1.76701483e+03  6.48e-04 3.33e-04  9.34e-04     0s
   6  -1.76426783e+03 -1.76500431e+03  8.04e-06 7.75e-05  1.92e-04     0s
   7  -1.76431539e+03 -1.76461838e+03  1.86e-06 2.64e-05  7.90e-05     0s
   8  -1.76434059e+03 -1.76446024e+03  5.43e-07 9.20e-06  3.12e-05     0s
   9  -1.76435675e+03 -1.76440708e+03  0.00e+00 3.36e-06  1.31e-05     0s
  10  -1.76436545e+03 -1.76437695e+03  0.00e+00 4.66e-07  2.99e-06     0s
  11  -1.76436695e+03 -1.76436908e+03  0.00e+00 6.20e-08  5.54e-07     0s
  12  -1.76436706e+03 -1.76436708e+03  0.00e+00 1.78e-15  3.06e-09     0s

Barrier solved model in 12 iterations and 0.02 seconds
Optimal objective -1.76436706e+03


Root relaxation: objective -1.764367e+03, 130 iterations, 0.01 seconds

    Nodes    |    Current Node    |     Objective Bounds      |     Work
 Expl Unexpl |  Obj  Depth IntInf | Incumbent    BestBd   Gap | It/Node Time

     0     0 -1764.3671    0   12 -1596.7074 -1764.3671  10.5%     -    0s
H    0     0                    -1761.238900 -1764.3671  0.18%     -    0s

Explored 0 nodes (137 simplex iterations) in 0.03 seconds
Thread count was 20 (of 20 available processors)

Solution count 3: -1761.24 -1596.71 -130.527 
Pool objective bound -1764.37

Optimal solution found (tolerance 5.00e-02)
Best objective -1.761238900000e+03, best bound -1.764367070000e+03, gap 0.1776%
Changed value of parameter MIPGap to 0.05
   Prev: 0.0001  Min: 0.0  Max: 1e+100  Default: 0.0001
Changed value of parameter TimeLimit to 1800.0
   Prev: 1e+100  Min: 0.0  Max: 1e+100  Default: 1e+100
Changed value of parameter Method to 2
   Prev: -1  Min: -1  Max: 4  Default: -1
Changed value of parameter MIPFocus to 1
   Prev: 0  Min: 0  Max: 3  Default: 0
Optimize a model with 4268 rows, 6252 columns and 12504 nonzeros
Variable types: 0 continuous, 6252 integer (6252 binary)
Coefficient statistics:
  Matrix range     [1e+00, 5e+00]
  Objective range  [1e+00, 1e+00]
  Bounds range     [1e+00, 1e+00]
  RHS range        [8e+01, 8e+01]
Found heuristic solution: objective 0
Presolve removed 4203 rows and 4361 columns
Presolve time: 0.01s
Presolved: 65 rows, 1891 columns, 3036 nonzeros
Found heuristic solution: objective -1603.414760
Variable types: 0 continuous, 1891 integer (1831 binary)
Presolved: 65 rows, 1891 columns, 3036 nonzeros

Root barrier log...

Ordering time: 0.00s

Barrier statistics:
 AA' NZ     : 9.900e+02
 Factor NZ  : 2.103e+03 (roughly 1 MByte of memory)
 Factor Ops : 8.997e+04 (less than 1 second per iteration)
 Threads    : 1

                  Objective                Residual
Iter       Primal          Dual         Primal    Dual     Compl     Time
   0  -7.07976865e+03 -3.20137172e+03  4.74e+01 4.44e-16  2.41e+00     0s
   1  -1.95796577e+03 -2.78936928e+03  2.80e+00 3.25e-01  4.04e-01     0s
   2  -1.72184703e+03 -1.89016534e+03  1.80e-01 2.58e-02  5.23e-02     0s
   3  -1.75773999e+03 -1.80236345e+03  2.57e-02 6.06e-03  1.28e-02     0s
   4  -1.76717388e+03 -1.77952438e+03  2.36e-03 1.52e-03  3.33e-03     0s
   5  -1.76880226e+03 -1.77296189e+03  5.30e-04 4.55e-04  1.11e-03     0s
   6  -1.76944739e+03 -1.77067304e+03  4.27e-05 1.42e-04  3.21e-04     0s
   7  -1.76954602e+03 -1.76998908e+03  1.14e-05 4.11e-05  1.16e-04     0s
   8  -1.76959157e+03 -1.76975556e+03  3.71e-06 1.16e-05  4.29e-05     0s
   9  -1.76961992e+03 -1.76967022e+03  9.22e-07 2.46e-06  1.32e-05     0s
  10  -1.76963298e+03 -1.76963979e+03  0.00e+00 1.57e-07  1.77e-06     0s
  11  -1.76963410e+03 -1.76963421e+03  0.00e+00 1.78e-15  2.90e-08     0s
  12  -1.76963414e+03 -1.76963414e+03  0.00e+00 1.78e-15  2.90e-11     0s

Barrier solved model in 12 iterations and 0.02 seconds
Optimal objective -1.76963414e+03


Root relaxation: objective -1.769634e+03, 27 iterations, 0.01 seconds

    Nodes    |    Current Node    |     Objective Bounds      |     Work
 Expl Unexpl |  Obj  Depth IntInf | Incumbent    BestBd   Gap | It/Node Time

     0     0 -1769.6341    0   12 -1603.4148 -1769.6341  10.4%     -    0s
H    0     0                    -1766.477800 -1769.6341  0.18%     -    0s

Explored 0 nodes (29 simplex iterations) in 0.03 seconds
Thread count was 20 (of 20 available processors)

Solution count 3: -1766.48 -1603.41 -131.055 
Pool objective bound -1769.63

Optimal solution found (tolerance 5.00e-02)
Best objective -1.766477800000e+03, best bound -1.769634140000e+03, gap 0.1787%
Changed value of parameter MIPGap to 0.05
   Prev: 0.0001  Min: 0.0  Max: 1e+100  Default: 0.0001
Changed value of parameter TimeLimit to 1800.0
   Prev: 1e+100  Min: 0.0  Max: 1e+100  Default: 1e+100
Changed value of parameter Method to 2
   Prev: -1  Min: -1  Max: 4  Default: -1
Changed value of parameter MIPFocus to 1
   Prev: 0  Min: 0  Max: 3  Default: 0
Optimize a model with 4268 rows, 6252 columns and 12504 nonzeros
Variable types: 0 continuous, 6252 integer (6252 binary)
Coefficient statistics:
  Matrix range     [1e+00, 5e+00]
  Objective range  [1e+00, 1e+00]
  Bounds range     [1e+00, 1e+00]
  RHS range        [8e+01, 8e+01]
Found heuristic solution: objective 0
Presolve removed 4203 rows and 4361 columns
Presolve time: 0.01s
Presolved: 65 rows, 1891 columns, 3036 nonzeros
Found heuristic solution: objective -1606.768450
Variable types: 0 continuous, 1891 integer (1831 binary)
Presolved: 65 rows, 1891 columns, 3036 nonzeros

Root barrier log...

Ordering time: 0.00s

Barrier statistics:
 AA' NZ     : 9.900e+02
 Factor NZ  : 2.103e+03 (roughly 1 MByte of memory)
 Factor Ops : 8.997e+04 (less than 1 second per iteration)
 Threads    : 1

                  Objective                Residual
Iter       Primal          Dual         Primal    Dual     Compl     Time
   0  -7.09134240e+03 -3.19761733e+03  4.74e+01 4.44e-16  2.40e+00     0s
   1  -1.96254903e+03 -2.78684276e+03  2.81e+00 3.23e-01  4.02e-01     0s
   2  -1.72533391e+03 -1.89111460e+03  1.83e-01 2.51e-02  5.17e-02     0s
   3  -1.76113643e+03 -1.79557588e+03  2.35e-02 3.71e-03  1.00e-02     0s
   4  -1.77013410e+03 -1.77912206e+03  2.01e-03 8.55e-04  2.43e-03     0s
   5  -1.77170568e+03 -1.77503994e+03  2.43e-04 3.24e-04  8.81e-04     0s
   6  -1.77207552e+03 -1.77325387e+03  3.67e-05 1.14e-04  3.09e-04     0s
   7  -1.77217821e+03 -1.77258985e+03  1.02e-05 3.19e-05  1.08e-04     0s
   8  -1.77221951e+03 -1.77239204e+03  4.13e-06 1.04e-05  4.52e-05     0s
   9  -1.77224815e+03 -1.77232453e+03  1.39e-06 4.27e-06  2.00e-05     0s
  10  -1.77226408e+03 -1.77227619e+03  0.00e+00 2.75e-07  3.16e-06     0s
  11  -1.77226762e+03 -1.77226802e+03  0.00e+00 1.78e-15  1.04e-07     0s
  12  -1.77226767e+03 -1.77226768e+03  0.00e+00 1.78e-15  1.06e-10     0s

Barrier solved model in 12 iterations and 0.02 seconds
Optimal objective -1.77226767e+03


Root relaxation: objective -1.772268e+03, 31 iterations, 0.01 seconds

    Nodes    |    Current Node    |     Objective Bounds      |     Work
 Expl Unexpl |  Obj  Depth IntInf | Incumbent    BestBd   Gap | It/Node Time

     0     0 -1772.2677    0   12 -1606.7685 -1772.2677  10.3%     -    0s
H    0     0                    -1769.097250 -1772.2677  0.18%     -    0s

Explored 0 nodes (34 simplex iterations) in 0.02 seconds
Thread count was 20 (of 20 available processors)

Solution count 3: -1769.1 -1606.77 -131.319 
Pool objective bound -1772.27

Optimal solution found (tolerance 5.00e-02)
Best objective -1.769097250000e+03, best bound -1.772267675000e+03, gap 0.1792%
Changed value of parameter MIPGap to 0.05
   Prev: 0.0001  Min: 0.0  Max: 1e+100  Default: 0.0001
Changed value of parameter TimeLimit to 1800.0
   Prev: 1e+100  Min: 0.0  Max: 1e+100  Default: 1e+100
Changed value of parameter Method to 2
   Prev: -1  Min: -1  Max: 4  Default: -1
Changed value of parameter MIPFocus to 1
   Prev: 0  Min: 0  Max: 3  Default: 0
Optimize a model with 4268 rows, 6252 columns and 12504 nonzeros
Variable types: 0 continuous, 6252 integer (6252 binary)
Coefficient statistics:
  Matrix range     [1e+00, 5e+00]
  Objective range  [1e+00, 1e+00]
  Bounds range     [1e+00, 1e+00]
  RHS range        [8e+01, 8e+01]
Found heuristic solution: objective 0
Presolve removed 4203 rows and 4361 columns
Presolve time: 0.01s
Presolved: 65 rows, 1891 columns, 3036 nonzeros
Found heuristic solution: objective -1623.536900
Variable types: 0 continuous, 1891 integer (1831 binary)
Presolved: 65 rows, 1891 columns, 3036 nonzeros

Root barrier log...

Ordering time: 0.00s

Barrier statistics:
 AA' NZ     : 9.900e+02
 Factor NZ  : 2.103e+03 (roughly 1 MByte of memory)
 Factor Ops : 8.997e+04 (less than 1 second per iteration)
 Threads    : 1

                  Objective                Residual
Iter       Primal          Dual         Primal    Dual     Compl     Time
   0  -7.14958424e+03 -3.22517594e+03  4.74e+01 4.44e-16  2.42e+00     0s
   1  -1.97724210e+03 -2.81003020e+03  2.80e+00 3.23e-01  4.05e-01     0s
   2  -1.73731019e+03 -1.89682882e+03  1.65e-01 2.23e-02  4.93e-02     0s
   3  -1.77600983e+03 -1.80778403e+03  1.36e-02 3.28e-03  8.91e-03     0s
   4  -1.78340900e+03 -1.79151776e+03  9.84e-04 6.78e-04  2.16e-03     0s
   5  -1.78471731e+03 -1.78767828e+03  1.55e-04 2.03e-04  7.80e-04     0s
   6  -1.78512078e+03 -1.78624008e+03  5.05e-05 6.02e-05  2.95e-04     0s
   7  -1.78527184e+03 -1.78574728e+03  2.30e-05 1.86e-05  1.25e-04     0s
   8  -1.78538542e+03 -1.78552939e+03  5.62e-06 3.48e-06  3.79e-05     0s
   9  -1.78542803e+03 -1.78546158e+03  2.74e-07 4.23e-07  8.77e-06     0s
  10  -1.78543515e+03 -1.78543559e+03  0.00e+00 1.78e-15  1.14e-07     0s
  11  -1.78543535e+03 -1.78543535e+03  0.00e+00 1.78e-15  5.02e-12     0s

Barrier solved model in 11 iterations and 0.02 seconds
Optimal objective -1.78543535e+03


Root relaxation: objective -1.785435e+03, 39 iterations, 0.01 seconds

    Nodes    |    Current Node    |     Objective Bounds      |     Work
 Expl Unexpl |  Obj  Depth IntInf | Incumbent    BestBd   Gap | It/Node Time

     0     0 -1785.4353    0   12 -1623.5369 -1785.4353  10.0%     -    0s
H    0     0                    -1782.194500 -1785.4353  0.18%     -    0s

Explored 0 nodes (39 simplex iterations) in 0.02 seconds
Thread count was 20 (of 20 available processors)

Solution count 3: -1782.19 -1623.54 -132.637 
Pool objective bound -1785.44

Optimal solution found (tolerance 5.00e-02)
Best objective -1.782194500000e+03, best bound -1.785435350000e+03, gap 0.1818%
Changed value of parameter MIPGap to 0.05
   Prev: 0.0001  Min: 0.0  Max: 1e+100  Default: 0.0001
Changed value of parameter TimeLimit to 1800.0
   Prev: 1e+100  Min: 0.0  Max: 1e+100  Default: 1e+100
Changed value of parameter Method to 2
   Prev: -1  Min: -1  Max: 4  Default: -1
Changed value of parameter MIPFocus to 1
   Prev: 0  Min: 0  Max: 3  Default: 0
Optimize a model with 4268 rows, 6252 columns and 12504 nonzeros
Variable types: 0 continuous, 6252 integer (6252 binary)
Coefficient statistics:
  Matrix range     [1e+00, 5e+00]
  Objective range  [1e+00, 1e+00]
  Bounds range     [1e+00, 1e+00]
  RHS range        [8e+01, 8e+01]
Found heuristic solution: objective 0
Presolve removed 4203 rows and 4361 columns
Presolve time: 0.01s
Presolved: 65 rows, 1891 columns, 3036 nonzeros
Found heuristic solution: objective -1657.073800
Variable types: 0 continuous, 1891 integer (1831 binary)
Presolved: 65 rows, 1891 columns, 3036 nonzeros

Root barrier log...

Ordering time: 0.00s

Barrier statistics:
 AA' NZ     : 9.900e+02
 Factor NZ  : 2.103e+03 (roughly 1 MByte of memory)
 Factor Ops : 8.997e+04 (less than 1 second per iteration)
 Threads    : 1

                  Objective                Residual
Iter       Primal          Dual         Primal    Dual     Compl     Time
   0  -7.26623786e+03 -3.30154694e+03  4.74e+01 4.44e-16  2.49e+00     0s
   1  -2.00317764e+03 -2.87292988e+03  2.75e+00 3.31e-01  4.16e-01     0s
   2  -1.75874557e+03 -1.92360470e+03  1.13e-01 2.18e-02  4.83e-02     0s
   3  -1.80194959e+03 -1.82904810e+03  9.17e-03 1.98e-03  7.49e-03     0s
   4  -1.80890310e+03 -1.81775209e+03  1.57e-03 3.46e-04  2.38e-03     0s
   5  -1.81069048e+03 -1.81397245e+03  4.14e-04 1.22e-04  8.76e-04     0s
   6  -1.81131666e+03 -1.81252909e+03  1.45e-04 3.63e-05  3.23e-04     0s
   7  -1.81162255e+03 -1.81201327e+03  3.96e-05 6.72e-06  1.04e-04     0s
   8  -1.81174336e+03 -1.81183731e+03  4.87e-06 3.02e-09  2.48e-05     0s
   9  -1.81176968e+03 -1.81177288e+03  5.66e-09 2.66e-15  8.39e-07     0s
  10  -1.81177070e+03 -1.81177070e+03  0.00e+00 1.78e-15  8.40e-10     0s

Barrier solved model in 10 iterations and 0.02 seconds
Optimal objective -1.81177070e+03


Root relaxation: objective -1.811771e+03, 46 iterations, 0.01 seconds

    Nodes    |    Current Node    |     Objective Bounds      |     Work
 Expl Unexpl |  Obj  Depth IntInf | Incumbent    BestBd   Gap | It/Node Time

     0     0 -1811.7707    0   12 -1657.0738 -1811.7707  9.34%     -    0s
H    0     0                    -1808.389000 -1811.7707  0.19%     -    0s

Explored 0 nodes (48 simplex iterations) in 0.02 seconds
Thread count was 20 (of 20 available processors)

Solution count 3: -1808.39 -1657.07 -135.274 
Pool objective bound -1811.77

Optimal solution found (tolerance 5.00e-02)
Best objective -1.808389000000e+03, best bound -1.811770700000e+03, gap 0.1870%
Changed value of parameter MIPGap to 0.05
   Prev: 0.0001  Min: 0.0  Max: 1e+100  Default: 0.0001
Changed value of parameter TimeLimit to 1800.0
   Prev: 1e+100  Min: 0.0  Max: 1e+100  Default: 1e+100
Changed value of parameter Method to 2
   Prev: -1  Min: -1  Max: 4  Default: -1
Changed value of parameter MIPFocus to 1
   Prev: 0  Min: 0  Max: 3  Default: 0
Optimize a model with 4268 rows, 6252 columns and 12504 nonzeros
Variable types: 0 continuous, 6252 integer (6252 binary)
Coefficient statistics:
  Matrix range     [1e+00, 5e+00]
  Objective range  [1e+00, 1e+00]
  Bounds range     [1e+00, 1e+00]
  RHS range        [8e+01, 8e+01]
Found heuristic solution: objective 0
Presolve removed 4203 rows and 4361 columns
Presolve time: 0.01s
Presolved: 65 rows, 1891 columns, 3036 nonzeros
Found heuristic solution: objective -1724.147600
Variable types: 0 continuous, 1891 integer (1831 binary)
Presolved: 65 rows, 1891 columns, 3036 nonzeros

Root barrier log...

Ordering time: 0.00s

Barrier statistics:
 AA' NZ     : 9.900e+02
 Factor NZ  : 2.103e+03 (roughly 1 MByte of memory)
 Factor Ops : 8.997e+04 (less than 1 second per iteration)
 Threads    : 1

                  Objective                Residual
Iter       Primal          Dual         Primal    Dual     Compl     Time
   0  -7.49953346e+03 -3.45428894e+03  4.74e+01 4.44e-16  2.62e+00     0s
   1  -2.05631807e+03 -2.99909449e+03  2.67e+00 3.46e-01  4.38e-01     0s
   2  -1.81124266e+03 -1.97758019e+03  4.62e-02 2.05e-02  4.57e-02     0s
   3  -1.85387633e+03 -1.87767321e+03  7.70e-03 1.78e-15  6.58e-03     0s
   4  -1.86212331e+03 -1.87098047e+03  2.72e-03 1.78e-15  2.45e-03     0s
   5  -1.86476575e+03 -1.86921154e+03  1.39e-03 1.78e-15  1.23e-03     0s
   6  -1.86613662e+03 -1.86851974e+03  7.37e-04 1.78e-15  6.59e-04     0s
   7  -1.86715318e+03 -1.86809831e+03  2.75e-04 1.78e-15  2.61e-04     0s
   8  -1.86762372e+03 -1.86795378e+03  7.93e-05 1.78e-15  9.02e-05     0s
   9  -1.86775623e+03 -1.86788863e+03  2.73e-05 1.78e-15  3.60e-05     0s
  10  -1.86783334e+03 -1.86784479e+03  2.44e-07 1.78e-15  2.99e-06     0s
  11  -1.86783453e+03 -1.86783619e+03  7.02e-08 1.78e-15  4.37e-07     0s
  12  -1.86783511e+03 -1.86783513e+03  0.00e+00 1.78e-15  3.11e-09     0s

Barrier solved model in 12 iterations and 0.02 seconds
Optimal objective -1.86783511e+03


Root relaxation: objective -1.867835e+03, 43 iterations, 0.01 seconds

    Nodes    |    Current Node    |     Objective Bounds      |     Work
 Expl Unexpl |  Obj  Depth IntInf | Incumbent    BestBd   Gap | It/Node Time

     0     0 -1867.8351    0   35 -1724.1476 -1867.8351  8.33%     -    0s
H    0     0                    -1857.222000 -1867.8351  0.57%     -    0s

Explored 0 nodes (43 simplex iterations) in 0.03 seconds
Thread count was 20 (of 20 available processors)

Solution count 3: -1857.22 -1724.15 -140.549 
Pool objective bound -1867.84

Optimal solution found (tolerance 5.00e-02)
Best objective -1.857222000000e+03, best bound -1.867835120000e+03, gap 0.5715%
Changed value of parameter MIPGap to 0.05
   Prev: 0.0001  Min: 0.0  Max: 1e+100  Default: 0.0001
Changed value of parameter TimeLimit to 1800.0
   Prev: 1e+100  Min: 0.0  Max: 1e+100  Default: 1e+100
Changed value of parameter Method to 2
   Prev: -1  Min: -1  Max: 4  Default: -1
Changed value of parameter MIPFocus to 1
   Prev: 0  Min: 0  Max: 3  Default: 0
Optimize a model with 4268 rows, 6252 columns and 12504 nonzeros
Variable types: 0 continuous, 6252 integer (6252 binary)
Coefficient statistics:
  Matrix range     [1e+00, 5e+00]
  Objective range  [1e+00, 1e+00]
  Bounds range     [1e+00, 1e+00]
  RHS range        [8e+01, 8e+01]
Found heuristic solution: objective 0
Presolve removed 4203 rows and 4361 columns
Presolve time: 0.01s
Presolved: 65 rows, 1891 columns, 3036 nonzeros
Found heuristic solution: objective -1757.684500
Variable types: 0 continuous, 1891 integer (1831 binary)
Presolved: 65 rows, 1891 columns, 3036 nonzeros

Root barrier log...

Ordering time: 0.00s

Barrier statistics:
 AA' NZ     : 9.900e+02
 Factor NZ  : 2.103e+03 (roughly 1 MByte of memory)
 Factor Ops : 8.997e+04 (less than 1 second per iteration)
 Threads    : 1

                  Objective                Residual
Iter       Primal          Dual         Primal    Dual     Compl     Time
   0  -7.61617601e+03 -3.53065994e+03  4.74e+01 4.44e-16  2.69e+00     0s
   1  -2.08347149e+03 -3.06234252e+03  2.64e+00 3.53e-01  4.48e-01     0s
   2  -1.83798506e+03 -2.00512505e+03  3.83e-02 1.99e-02  4.55e-02     0s
   3  -1.88168839e+03 -1.91388685e+03  7.64e-03 5.33e-15  8.78e-03     0s
   4  -1.89176914e+03 -1.90698979e+03  2.91e-03 3.55e-15  4.12e-03     0s
   5  -1.89697388e+03 -1.90232052e+03  7.06e-04 1.78e-15  1.43e-03     0s
   6  -1.89839580e+03 -1.90046694e+03  2.35e-04 1.78e-15  5.52e-04     0s
   7  -1.89890466e+03 -1.89966532e+03  8.79e-05 1.78e-15  2.03e-04     0s
   8  -1.89917021e+03 -1.89947052e+03  2.05e-05 1.78e-15  7.94e-05     0s
   9  -1.89922224e+03 -1.89930309e+03  8.99e-06 1.78e-15  2.16e-05     0s
  10  -1.89926563e+03 -1.89927941e+03  1.93e-07 1.78e-15  3.62e-06     0s
  11  -1.89926907e+03 -1.89927007e+03  2.82e-08 1.78e-15  2.66e-07     0s
  12  -1.89926982e+03 -1.89926983e+03  0.00e+00 1.78e-15  2.78e-10     0s

Barrier solved model in 12 iterations and 0.02 seconds
Optimal objective -1.89926982e+03


Root relaxation: objective -1.899270e+03, 26 iterations, 0.01 seconds

    Nodes    |    Current Node    |     Objective Bounds      |     Work
 Expl Unexpl |  Obj  Depth IntInf | Incumbent    BestBd   Gap | It/Node Time

     0     0 -1899.2698    0   39 -1757.6845 -1899.2698  8.06%     -    0s
H    0     0                    -1887.247500 -1899.2698  0.64%     -    0s

Explored 0 nodes (27 simplex iterations) in 0.03 seconds
Thread count was 20 (of 20 available processors)

Solution count 3: -1887.25 -1757.68 -143.186 
Pool objective bound -1899.27

Optimal solution found (tolerance 5.00e-02)
Best objective -1.887247500000e+03, best bound -1.899269825000e+03, gap 0.6370%
Changed value of parameter MIPGap to 0.05
   Prev: 0.0001  Min: 0.0  Max: 1e+100  Default: 0.0001
Changed value of parameter TimeLimit to 1800.0
   Prev: 1e+100  Min: 0.0  Max: 1e+100  Default: 1e+100
Changed value of parameter Method to 2
   Prev: -1  Min: -1  Max: 4  Default: -1
Changed value of parameter MIPFocus to 1
   Prev: 0  Min: 0  Max: 3  Default: 0
Optimize a model with 4268 rows, 6252 columns and 12504 nonzeros
Variable types: 0 continuous, 6252 integer (6252 binary)
Coefficient statistics:
  Matrix range     [1e+00, 5e+00]
  Objective range  [1e+00, 2e+00]
  Bounds range     [1e+00, 1e+00]
  RHS range        [8e+01, 8e+01]
Found heuristic solution: objective 0
Presolve removed 4203 rows and 4361 columns
Presolve time: 0.01s
Presolved: 65 rows, 1891 columns, 3036 nonzeros
Found heuristic solution: objective -1925.369000
Variable types: 0 continuous, 1891 integer (1831 binary)
Presolved: 65 rows, 1891 columns, 3036 nonzeros

Root barrier log...

Ordering time: 0.00s

Barrier statistics:
 AA' NZ     : 9.900e+02
 Factor NZ  : 2.103e+03 (roughly 1 MByte of memory)
 Factor Ops : 8.997e+04 (less than 1 second per iteration)
 Threads    : 1

                  Objective                Residual
Iter       Primal          Dual         Primal    Dual     Compl     Time
   0  -8.19958116e+03 -3.94825168e+03  4.74e+01 4.44e-16  3.08e+00     0s
   1  -2.21886869e+03 -3.40790148e+03  2.45e+00 4.03e-01  5.11e-01     0s
   2  -1.97531018e+03 -2.14389150e+03  0.00e+00 1.67e-02  4.39e-02     0s
   3  -2.03176219e+03 -2.07386558e+03  0.00e+00 1.78e-15  1.10e-02     0s
   4  -2.04694690e+03 -2.06104230e+03  0.00e+00 1.78e-15  3.67e-03     0s
   5  -2.05164074e+03 -2.05903154e+03  0.00e+00 1.78e-15  1.92e-03     0s
   6  -2.05455691e+03 -2.05846636e+03  0.00e+00 1.78e-15  1.02e-03     0s
   7  -2.05591842e+03 -2.05809668e+03  0.00e+00 1.78e-15  5.67e-04     0s
   8  -2.05675083e+03 -2.05797817e+03  0.00e+00 1.78e-15  3.19e-04     0s
   9  -2.05707526e+03 -2.05788521e+03  0.00e+00 1.78e-15  2.11e-04     0s
  10  -2.05755197e+03 -2.05785011e+03  0.00e+00 1.78e-15  7.75e-05     0s
  11  -2.05760339e+03 -2.05781463e+03  0.00e+00 1.78e-15  5.49e-05     0s
  12  -2.05765622e+03 -2.05777455e+03  0.00e+00 1.78e-15  3.08e-05     0s
  13  -2.05773813e+03 -2.05776033e+03  0.00e+00 1.78e-15  5.77e-06     0s
  14  -2.05775007e+03 -2.05775310e+03  0.00e+00 2.66e-15  7.88e-07     0s
  15  -2.05775245e+03 -2.05775251e+03  0.00e+00 1.78e-15  1.57e-08     0s
  16  -2.05775246e+03 -2.05775246e+03  0.00e+00 1.78e-15  1.57e-11     0s

Barrier solved model in 16 iterations and 0.02 seconds
Optimal objective -2.05775246e+03


Root relaxation: objective -2.057752e+03, 23 iterations, 0.01 seconds

    Nodes    |    Current Node    |     Objective Bounds      |     Work
 Expl Unexpl |  Obj  Depth IntInf | Incumbent    BestBd   Gap | It/Node Time

     0     0 -2057.7525    0   41 -1925.3690 -2057.7525  6.88%     -    0s
H    0     0                    -2043.680000 -2057.7525  0.69%     -    0s

Explored 0 nodes (23 simplex iterations) in 0.03 seconds
Thread count was 20 (of 20 available processors)

Solution count 3: -2043.68 -1925.37 -156.372 
Pool objective bound -2057.75

Optimal solution found (tolerance 5.00e-02)
Best objective -2.043680000000e+03, best bound -2.057752460000e+03, gap 0.6886%
Changed value of parameter MIPGap to 0.05
   Prev: 0.0001  Min: 0.0  Max: 1e+100  Default: 0.0001
Changed value of parameter TimeLimit to 1800.0
   Prev: 1e+100  Min: 0.0  Max: 1e+100  Default: 1e+100
Changed value of parameter Method to 2
   Prev: -1  Min: -1  Max: 4  Default: -1
Changed value of parameter MIPFocus to 1
   Prev: 0  Min: 0  Max: 3  Default: 0
Optimize a model with 4268 rows, 6252 columns and 12504 nonzeros
Variable types: 0 continuous, 6252 integer (6252 binary)
Coefficient statistics:
  Matrix range     [1e+00, 5e+00]
  Objective range  [1e+00, 3e+00]
  Bounds range     [1e+00, 1e+00]
  RHS range        [8e+01, 8e+01]
Found heuristic solution: objective 0
Presolve removed 4203 rows and 4361 columns
Presolve time: 0.01s
Presolved: 65 rows, 1891 columns, 3036 nonzeros
Found heuristic solution: objective -2257.372000
Variable types: 0 continuous, 1891 integer (1831 binary)
Presolve removed 0 rows and 2 columns
Presolved: 65 rows, 1889 columns, 3034 nonzeros

Root barrier log...

Ordering time: 0.00s

Barrier statistics:
 AA' NZ     : 9.900e+02
 Factor NZ  : 2.103e+03 (roughly 1 MByte of memory)
 Factor Ops : 8.997e+04 (less than 1 second per iteration)
 Threads    : 1

                  Objective                Residual
Iter       Primal          Dual         Primal    Dual     Compl     Time
   0  -9.35953247e+03 -4.80009360e+03  4.75e+01 8.88e-16  3.89e+00     0s
   1  -2.50722331e+03 -4.11576417e+03  2.15e+00 5.19e-01  6.37e-01     0s
   2  -2.28106333e+03 -2.51345158e+03  6.87e-03 3.25e-02  6.10e-02     0s
   3  -2.34266835e+03 -2.40328167e+03  1.74e-03 1.07e-14  1.59e-02     0s
   4  -2.35991093e+03 -2.38618811e+03  6.62e-04 3.55e-15  6.90e-03     0s
   5  -2.36778541e+03 -2.38208455e+03  3.46e-04 1.78e-15  3.76e-03     0s
   6  -2.37150167e+03 -2.38030841e+03  1.97e-04 1.78e-15  2.31e-03     0s
   7  -2.37500588e+03 -2.37914046e+03  7.61e-05 1.78e-15  1.09e-03     0s
   8  -2.37672965e+03 -2.37868931e+03  2.73e-05 1.78e-15  5.15e-04     0s
   9  -2.37769739e+03 -2.37846020e+03  4.78e-06 1.78e-15  2.00e-04     0s
  10  -2.37814040e+03 -2.37830724e+03  9.20e-07 1.78e-15  4.38e-05     0s
  11  -2.37821775e+03 -2.37829782e+03  7.61e-08 1.78e-15  2.10e-05     0s
  12  -2.37828199e+03 -2.37828923e+03  0.00e+00 1.78e-15  1.90e-06     0s
  13  -2.37828755e+03 -2.37828802e+03  0.00e+00 1.78e-15  1.23e-07     0s
  14  -2.37828769e+03 -2.37828769e+03  0.00e+00 2.66e-15  2.23e-09     0s

Barrier solved model in 14 iterations and 0.02 seconds
Optimal objective -2.37828769e+03


Root relaxation: objective -2.378288e+03, 27 iterations, 0.01 seconds

    Nodes    |    Current Node    |     Objective Bounds      |     Work
 Expl Unexpl |  Obj  Depth IntInf | Incumbent    BestBd   Gap | It/Node Time

     0     0 -2378.2877    0   38 -2257.3720 -2378.2877  5.36%     -    0s
H    0     0                    -2363.942000 -2378.2877  0.61%     -    0s

Explored 0 nodes (27 simplex iterations) in 0.03 seconds
Thread count was 20 (of 20 available processors)

Solution count 3: -2363.94 -2257.37 -182.744 
Pool objective bound -2378.29

Optimal solution found (tolerance 5.00e-02)
Best objective -2.363942000000e+03, best bound -2.378287687805e+03, gap 0.6069%
Changed value of parameter MIPGap to 0.05
   Prev: 0.0001  Min: 0.0  Max: 1e+100  Default: 0.0001
Changed value of parameter TimeLimit to 1800.0
   Prev: 1e+100  Min: 0.0  Max: 1e+100  Default: 1e+100
Changed value of parameter Method to 2
   Prev: -1  Min: -1  Max: 4  Default: -1
Changed value of parameter MIPFocus to 1
   Prev: 0  Min: 0  Max: 3  Default: 0
Optimize a model with 4268 rows, 6252 columns and 12504 nonzeros
Variable types: 0 continuous, 6252 integer (6252 binary)
Coefficient statistics:
  Matrix range     [1e+00, 5e+00]
  Objective range  [1e+00, 5e+00]
  Bounds range     [1e+00, 1e+00]
  RHS range        [8e+01, 8e+01]
Found heuristic solution: objective 0
Presolve removed 4203 rows and 4361 columns
Presolve time: 0.01s
Presolved: 65 rows, 1891 columns, 3036 nonzeros
Found heuristic solution: objective -2928.776000
Variable types: 0 continuous, 1891 integer (1831 binary)
Presolve removed 0 rows and 1 columns
Presolved: 65 rows, 1890 columns, 3034 nonzeros

Root barrier log...

Ordering time: 0.00s

Barrier statistics:
 AA' NZ     : 9.900e+02
 Factor NZ  : 2.103e+03 (roughly 1 MByte of memory)
 Factor Ops : 8.997e+04 (less than 1 second per iteration)
 Threads    : 1

                  Objective                Residual
Iter       Primal          Dual         Primal    Dual     Compl     Time
   0  -1.16949090e+04 -6.50333489e+03  4.75e+01 8.88e-16  5.50e+00     0s
   1  -3.14846163e+03 -5.56035460e+03  1.89e+00 7.95e-01  8.95e-01     0s
   2  -2.94153943e+03 -3.31257479e+03  5.15e-04 6.99e-02  9.68e-02     0s
   3  -3.06116580e+03 -3.14934484e+03  0.00e+00 1.04e-02  2.29e-02     0s
   4  -3.07988870e+03 -3.10787206e+03  0.00e+00 1.78e-15  7.29e-03     0s
   5  -3.08487383e+03 -3.10109851e+03  0.00e+00 1.78e-15  4.22e-03     0s
   6  -3.09085533e+03 -3.09819273e+03  0.00e+00 1.78e-15  1.91e-03     0s
   7  -3.09440785e+03 -3.09688147e+03  0.00e+00 1.78e-15  6.44e-04     0s
   8  -3.09564456e+03 -3.09654491e+03  0.00e+00 1.78e-15  2.34e-04     0s
   9  -3.09600163e+03 -3.09638385e+03  0.00e+00 1.78e-15  9.95e-05     0s
  10  -3.09629695e+03 -3.09631608e+03  0.00e+00 1.78e-15  4.98e-06     0s
  11  -3.09630159e+03 -3.09630245e+03  0.00e+00 1.78e-15  2.24e-07     0s
  12  -3.09630180e+03 -3.09630180e+03  0.00e+00 1.78e-15  2.25e-10     0s

Barrier solved model in 12 iterations and 0.02 seconds
Optimal objective -3.09630180e+03


Root relaxation: objective -3.096302e+03, 30 iterations, 0.01 seconds

    Nodes    |    Current Node    |     Objective Bounds      |     Work
 Expl Unexpl |  Obj  Depth IntInf | Incumbent    BestBd   Gap | It/Node Time

     0     0 -3096.3018    0   39 -2928.7760 -3096.3018  5.72%     -    0s
H    0     0                    -3081.744000 -3096.3018  0.47%     -    0s

Explored 0 nodes (30 simplex iterations) in 0.03 seconds
Thread count was 20 (of 20 available processors)

Solution count 3: -3081.74 -2928.78 -235.488 
Pool objective bound -3096.3

Optimal solution found (tolerance 5.00e-02)
Best objective -3.081744000000e+03, best bound -3.096301800000e+03, gap 0.4724%
Changed value of parameter MIPGap to 0.05
   Prev: 0.0001  Min: 0.0  Max: 1e+100  Default: 0.0001
Changed value of parameter TimeLimit to 1800.0
   Prev: 1e+100  Min: 0.0  Max: 1e+100  Default: 1e+100
Changed value of parameter Method to 2
   Prev: -1  Min: -1  Max: 4  Default: -1
Changed value of parameter MIPFocus to 1
   Prev: 0  Min: 0  Max: 3  Default: 0
Optimize a model with 4268 rows, 6252 columns and 12504 nonzeros
Variable types: 0 continuous, 6252 integer (6252 binary)
Coefficient statistics:
  Matrix range     [1e+00, 5e+00]
  Objective range  [1e+00, 6e+00]
  Bounds range     [1e+00, 1e+00]
  RHS range        [8e+01, 8e+01]
Found heuristic solution: objective 0
Presolve removed 4203 rows and 4361 columns
Presolve time: 0.01s
Presolved: 65 rows, 1891 columns, 3036 nonzeros
Found heuristic solution: objective -3265.970000
Variable types: 0 continuous, 1891 integer (1831 binary)
Presolved: 65 rows, 1891 columns, 3036 nonzeros

Root barrier log...

Ordering time: 0.00s

Barrier statistics:
 AA' NZ     : 9.900e+02
 Factor NZ  : 2.103e+03 (roughly 1 MByte of memory)
 Factor Ops : 8.997e+04 (less than 1 second per iteration)
 Threads    : 1

                  Objective                Residual
Iter       Primal          Dual         Primal    Dual     Compl     Time
   0  -1.28650530e+04 -7.34799972e+03  4.75e+01 1.78e-15  6.29e+00     0s
   1  -3.45056756e+03 -6.28106150e+03  1.67e+00 9.29e-01  1.01e+00     0s
   2  -3.28828644e+03 -3.73469508e+03  0.00e+00 9.18e-02  1.16e-01     0s
   3  -3.44388036e+03 -3.52354538e+03  0.00e+00 1.09e-02  2.07e-02     0s
   4  -3.44875789e+03 -3.48196012e+03  0.00e+00 3.55e-15  8.63e-03     0s
   5  -3.46249604e+03 -3.47804108e+03  0.00e+00 1.78e-15  4.04e-03     0s
   6  -3.46608589e+03 -3.47544624e+03  0.00e+00 3.55e-15  2.43e-03     0s
   7  -3.47045679e+03 -3.47466679e+03  0.00e+00 1.78e-15  1.09e-03     0s
   8  -3.47139762e+03 -3.47421324e+03  0.00e+00 1.78e-15  7.32e-04     0s
   9  -3.47261070e+03 -3.47398364e+03  0.00e+00 1.78e-15  3.57e-04     0s
  10  -3.47363167e+03 -3.47380305e+03  0.00e+00 1.78e-15  4.46e-05     0s
  11  -3.47375136e+03 -3.47375755e+03  0.00e+00 1.78e-15  1.61e-06     0s
  12  -3.47375375e+03 -3.47375375e+03  0.00e+00 3.55e-15  1.61e-09     0s

Barrier solved model in 12 iterations and 0.02 seconds
Optimal objective -3.47375375e+03


Root relaxation: objective -3.473754e+03, 39 iterations, 0.01 seconds

    Nodes    |    Current Node    |     Objective Bounds      |     Work
 Expl Unexpl |  Obj  Depth IntInf | Incumbent    BestBd   Gap | It/Node Time

     0     0 -3473.7537    0   29 -3265.9700 -3473.7537  6.36%     -    0s
H    0     0                    -3459.725000 -3473.7537  0.41%     -    0s

Explored 0 nodes (46 simplex iterations) in 0.03 seconds
Thread count was 20 (of 20 available processors)

Solution count 3: -3459.73 -3265.97 -261.86 
Pool objective bound -3473.75

Optimal solution found (tolerance 5.00e-02)
Best objective -3.459725000000e+03, best bound -3.473750000000e+03, gap 0.4054%
Changed value of parameter MIPGap to 0.05
   Prev: 0.0001  Min: 0.0  Max: 1e+100  Default: 0.0001
Changed value of parameter TimeLimit to 1800.0
   Prev: 1e+100  Min: 0.0  Max: 1e+100  Default: 1e+100
Changed value of parameter Method to 2
   Prev: -1  Min: -1  Max: 4  Default: -1
Changed value of parameter MIPFocus to 1
   Prev: 0  Min: 0  Max: 3  Default: 0
Optimize a model with 4268 rows, 6252 columns and 12504 nonzeros
Variable types: 0 continuous, 6252 integer (6252 binary)
Coefficient statistics:
  Matrix range     [1e+00, 5e+00]
  Objective range  [2e+00, 1e+01]
  Bounds range     [1e+00, 1e+00]
  RHS range        [8e+01, 8e+01]
Found heuristic solution: objective 0
Presolve removed 4203 rows and 4361 columns
Presolve time: 0.01s
Presolved: 65 rows, 1891 columns, 3036 nonzeros
Found heuristic solution: objective -4959.610000
Variable types: 0 continuous, 1891 integer (1831 binary)
Presolved: 65 rows, 1891 columns, 3036 nonzeros

Root barrier log...

Ordering time: 0.00s

Barrier statistics:
 AA' NZ     : 9.900e+02
 Factor NZ  : 2.103e+03 (roughly 1 MByte of memory)
 Factor Ops : 8.997e+04 (less than 1 second per iteration)
 Threads    : 1

                  Objective                Residual
Iter       Primal          Dual         Primal    Dual     Compl     Time
   0  -1.86956156e+04 -1.16579971e+04  4.75e+01 1.78e-15  1.04e+01     0s
   1  -5.09743449e+03 -9.95478088e+03  1.32e+00 1.63e+00  1.63e+00     0s
   2  -5.05865512e+03 -5.82025052e+03  0.00e+00 1.75e-01  1.99e-01     0s
   3  -5.33624986e+03 -5.42768858e+03  0.00e+00 1.18e-02  2.38e-02     0s
   4  -5.34568861e+03 -5.38789167e+03  0.00e+00 3.55e-15  1.10e-02     0s
   5  -5.36268026e+03 -5.38309500e+03  0.00e+00 3.55e-15  5.31e-03     0s
   6  -5.37186882e+03 -5.38029592e+03  0.00e+00 3.55e-15  2.19e-03     0s
   7  -5.37701035e+03 -5.37919146e+03  0.00e+00 3.55e-15  5.67e-04     0s
   8  -5.37839141e+03 -5.37875265e+03  0.00e+00 3.55e-15  9.39e-05     0s
   9  -5.37858778e+03 -5.37859216e+03  0.00e+00 3.55e-15  1.14e-06     0s
  10  -5.37859000e+03 -5.37859000e+03  0.00e+00 3.55e-15  1.14e-09     0s

Barrier solved model in 10 iterations and 0.02 seconds
Optimal objective -5.37859000e+03


Root relaxation: objective -5.378590e+03, 38 iterations, 0.01 seconds

    Nodes    |    Current Node    |     Objective Bounds      |     Work
 Expl Unexpl |  Obj  Depth IntInf | Incumbent    BestBd   Gap | It/Node Time

     0     0 -5378.5900    0   29 -4959.6100 -5378.5900  8.45%     -    0s
H    0     0                    -5359.030000 -5378.5900  0.36%     -    0s

Explored 0 nodes (46 simplex iterations) in 0.03 seconds
Thread count was 20 (of 20 available processors)

Solution count 3: -5359.03 -4959.61 -393.72 
Pool objective bound -5378.59

Optimal solution found (tolerance 5.00e-02)
Best objective -5.359030000000e+03, best bound -5.378590000000e+03, gap 0.3650%
Changed value of parameter MIPGap to 0.05
   Prev: 0.0001  Min: 0.0  Max: 1e+100  Default: 0.0001
Changed value of parameter TimeLimit to 1800.0
   Prev: 1e+100  Min: 0.0  Max: 1e+100  Default: 1e+100
Changed value of parameter Method to 2
   Prev: -1  Min: -1  Max: 4  Default: -1
Changed value of parameter MIPFocus to 1
   Prev: 0  Min: 0  Max: 3  Default: 0
Optimize a model with 4268 rows, 6252 columns and 12504 nonzeros
Variable types: 0 continuous, 6252 integer (6252 binary)
Coefficient statistics:
  Matrix range     [1e+00, 5e+00]
  Objective range  [2e+00, 2e+01]
  Bounds range     [1e+00, 1e+00]
  RHS range        [8e+01, 8e+01]
Found heuristic solution: objective 0
Presolve removed 4203 rows and 4361 columns
Presolve time: 0.01s
Presolved: 65 rows, 1891 columns, 3036 nonzeros
Found heuristic solution: objective -8356.500000
Variable types: 0 continuous, 1891 integer (1831 binary)
Presolved: 65 rows, 1891 columns, 3036 nonzeros

Root barrier log...

Ordering time: 0.00s

Barrier statistics:
 AA' NZ     : 9.900e+02
 Factor NZ  : 2.103e+03 (roughly 1 MByte of memory)
 Factor Ops : 8.997e+04 (less than 1 second per iteration)
 Threads    : 1

                  Objective                Residual
Iter       Primal          Dual         Primal    Dual     Compl     Time
   0  -3.03560114e+04 -2.03599230e+04  4.75e+01 3.55e-15  1.87e+01     0s
   1  -8.46532490e+03 -1.73743439e+04  1.09e+00 3.06e+00  2.88e+00     0s
   2  -8.64767688e+03 -9.95505867e+03  0.00e+00 3.15e-01  3.41e-01     0s
   3  -9.12349459e+03 -9.30374003e+03  0.00e+00 3.09e-02  4.69e-02     0s
   4  -9.17986826e+03 -9.23067792e+03  0.00e+00 7.11e-15  1.32e-02     0s
   5  -9.19424706e+03 -9.21332255e+03  0.00e+00 7.11e-15  4.96e-03     0s
   6  -9.20015007e+03 -9.20747043e+03  0.00e+00 7.11e-15  1.90e-03     0s
   7  -9.20248959e+03 -9.20595003e+03  0.00e+00 7.11e-15  9.00e-04     0s
   8  -9.20380057e+03 -9.20499548e+03  0.00e+00 7.11e-15  3.11e-04     0s
   9  -9.20450128e+03 -9.20451812e+03  0.00e+00 7.11e-15  4.38e-06     0s
  10  -9.20450999e+03 -9.20451001e+03  0.00e+00 7.11e-15  4.38e-09     0s

Barrier solved model in 10 iterations and 0.02 seconds
Optimal objective -9.20450999e+03


Root relaxation: objective -9.204510e+03, 41 iterations, 0.01 seconds

    Nodes    |    Current Node    |     Objective Bounds      |     Work
 Expl Unexpl |  Obj  Depth IntInf | Incumbent    BestBd   Gap | It/Node Time

     0     0 -9204.5100    0   23 -8356.5000 -9204.5100  10.1%     -    0s
H    0     0                    -9178.860000 -9204.5100  0.28%     -    0s

Explored 0 nodes (44 simplex iterations) in 0.03 seconds
Thread count was 20 (of 20 available processors)

Solution count 3: -9178.86 -8356.5 -657.44 
Pool objective bound -9204.5

Optimal solution found (tolerance 5.00e-02)
Best objective -9.178860000000e+03, best bound -9.204500000000e+03, gap 0.2793%
Changed value of parameter MIPGap to 0.05
   Prev: 0.0001  Min: 0.0  Max: 1e+100  Default: 0.0001
Changed value of parameter TimeLimit to 1800.0
   Prev: 1e+100  Min: 0.0  Max: 1e+100  Default: 1e+100
Changed value of parameter Method to 2
   Prev: -1  Min: -1  Max: 4  Default: -1
Changed value of parameter MIPFocus to 1
   Prev: 0  Min: 0  Max: 3  Default: 0
Optimize a model with 4268 rows, 6252 columns and 12504 nonzeros
Variable types: 0 continuous, 6252 integer (6252 binary)
Coefficient statistics:
  Matrix range     [1e+00, 5e+00]
  Objective range  [3e+00, 4e+01]
  Bounds range     [1e+00, 1e+00]
  RHS range        [8e+01, 8e+01]
Found heuristic solution: objective 0
Presolve removed 4203 rows and 4361 columns
Presolve time: 0.01s
Presolved: 65 rows, 1891 columns, 3036 nonzeros
Found heuristic solution: objective -15163.60000
Variable types: 0 continuous, 1891 integer (1831 binary)
Presolved: 65 rows, 1891 columns, 3036 nonzeros

Root barrier log...

Ordering time: 0.00s

Barrier statistics:
 AA' NZ     : 9.900e+02
 Factor NZ  : 2.103e+03 (roughly 1 MByte of memory)
 Factor Ops : 8.997e+04 (less than 1 second per iteration)
 Threads    : 1

                  Objective                Residual
Iter       Primal          Dual         Primal    Dual     Compl     Time
   0  -5.36776687e+04 -3.86187232e+04  4.75e+01 8.88e-15  3.65e+01     0s
   1  -1.51868989e+04 -3.28798161e+04  9.24e-01 6.19e+00  5.59e+00     0s
   2  -1.58499977e+04 -1.82752997e+04  0.00e+00 6.10e-01  6.33e-01     0s
   3  -1.67157603e+04 -1.70853200e+04  0.00e+00 7.50e-02  9.62e-02     0s
   4  -1.68421596e+04 -1.69204486e+04  0.00e+00 1.56e-02  2.04e-02     0s
   5  -1.68597715e+04 -1.68865312e+04  0.00e+00 4.87e-03  6.96e-03     0s
   6  -1.68690956e+04 -1.68761482e+04  0.00e+00 1.49e-03  1.84e-03     0s
   7  -1.68706587e+04 -1.68722974e+04  0.00e+00 2.87e-04  4.26e-04     0s
   8  -1.68712475e+04 -1.68713006e+04  0.00e+00 8.44e-06  1.38e-05     0s
   9  -1.68712600e+04 -1.68712600e+04  0.00e+00 1.33e-10  1.84e-10     0s

Barrier solved model in 9 iterations and 0.02 seconds
Optimal objective -1.68712600e+04


Root relaxation: objective -1.687126e+04, 37 iterations, 0.01 seconds

    Nodes    |    Current Node    |     Objective Bounds      |     Work
 Expl Unexpl |  Obj  Depth IntInf | Incumbent    BestBd   Gap | It/Node Time

     0     0 -16871.260    0   31 -15163.600 -16871.260  11.3%     -    0s
H    0     0                    -16828.48000 -16871.260  0.25%     -    0s

Explored 0 nodes (43 simplex iterations) in 0.03 seconds
Thread count was 20 (of 20 available processors)

Solution count 3: -16828.5 -15163.6 -1184.88 
Pool objective bound -16871.2

Optimal solution found (tolerance 5.00e-02)
Best objective -1.682848000000e+04, best bound -1.687124000000e+04, gap 0.2541%
Changed value of parameter MIPGap to 0.05
   Prev: 0.0001  Min: 0.0  Max: 1e+100  Default: 0.0001
Changed value of parameter TimeLimit to 1800.0
   Prev: 1e+100  Min: 0.0  Max: 1e+100  Default: 1e+100
Changed value of parameter Method to 2
   Prev: -1  Min: -1  Max: 4  Default: -1
Changed value of parameter MIPFocus to 1
   Prev: 0  Min: 0  Max: 3  Default: 0
Optimize a model with 4268 rows, 6252 columns and 12504 nonzeros
Variable types: 0 continuous, 6252 integer (6252 binary)
Coefficient statistics:
  Matrix range     [1e+00, 5e+00]
  Objective range  [4e+00, 5e+01]
  Bounds range     [1e+00, 1e+00]
  RHS range        [8e+01, 8e+01]
Found heuristic solution: objective 0
Presolve removed 4203 rows and 4361 columns
Presolve time: 0.01s
Presolved: 65 rows, 1891 columns, 3036 nonzeros
Found heuristic solution: objective -18615.90000
Variable types: 0 continuous, 1891 integer (1831 binary)
Presolved: 65 rows, 1891 columns, 3036 nonzeros

Root barrier log...

Ordering time: 0.00s

Barrier statistics:
 AA' NZ     : 9.900e+02
 Factor NZ  : 2.103e+03 (roughly 1 MByte of memory)
 Factor Ops : 8.997e+04 (less than 1 second per iteration)
 Threads    : 1

                  Objective                Residual
Iter       Primal          Dual         Primal    Dual     Compl     Time
   0  -6.53391530e+04 -4.82408351e+04  4.75e+01 1.07e-14  4.62e+01     0s
   1  -1.85020309e+04 -4.10129139e+04  8.60e-01 7.91e+00  7.05e+00     0s
   2  -1.94752319e+04 -2.24555992e+04  0.00e+00 7.65e-01  7.78e-01     0s
   3  -2.05134480e+04 -2.09663285e+04  0.00e+00 9.17e-02  1.18e-01     0s
   4  -2.06733162e+04 -2.07717196e+04  0.00e+00 2.10e-02  2.56e-02     0s
   5  -2.06924490e+04 -2.07270504e+04  0.00e+00 6.45e-03  9.01e-03     0s
   6  -2.07032553e+04 -2.07117707e+04  0.00e+00 1.33e-03  2.22e-03     0s
   7  -2.07058990e+04 -2.07071312e+04  0.00e+00 1.30e-04  3.21e-04     0s
   8  -2.07064773e+04 -2.07065343e+04  0.00e+00 1.81e-06  1.48e-05     0s
   9  -2.07065000e+04 -2.07065000e+04  0.00e+00 4.78e-10  1.12e-08     0s
  10  -2.07065000e+04 -2.07065000e+04  0.00e+00 1.78e-14  1.12e-11     0s

Barrier solved model in 10 iterations and 0.02 seconds
Optimal objective -2.07065000e+04


Root relaxation: objective -2.070650e+04, 41 iterations, 0.01 seconds

    Nodes    |    Current Node    |     Objective Bounds      |     Work
 Expl Unexpl |  Obj  Depth IntInf | Incumbent    BestBd   Gap | It/Node Time

     0     0 -20706.500    0   24 -18615.900 -20706.500  11.2%     -    0s
H    0     0                    -20655.70000 -20706.500  0.25%     -    0s

Explored 0 nodes (42 simplex iterations) in 0.03 seconds
Thread count was 20 (of 20 available processors)

Solution count 3: -20655.7 -18615.9 -1448.6 
Pool objective bound -20706.5

Optimal solution found (tolerance 5.00e-02)
Best objective -2.065570000000e+04, best bound -2.070650000000e+04, gap 0.2459%
Changed value of parameter MIPGap to 0.05
   Prev: 0.0001  Min: 0.0  Max: 1e+100  Default: 0.0001
Changed value of parameter TimeLimit to 1800.0
   Prev: 1e+100  Min: 0.0  Max: 1e+100  Default: 1e+100
Changed value of parameter Method to 2
   Prev: -1  Min: -1  Max: 4  Default: -1
Changed value of parameter MIPFocus to 1
   Prev: 0  Min: 0  Max: 3  Default: 0
Optimize a model with 4268 rows, 6252 columns and 12504 nonzeros
Variable types: 0 continuous, 6252 integer (6252 binary)
Coefficient statistics:
  Matrix range     [1e+00, 5e+00]
  Objective range  [6e+00, 1e+02]
  Bounds range     [1e+00, 1e+00]
  RHS range        [8e+01, 8e+01]
Found heuristic solution: objective 0
Presolve removed 4203 rows and 4361 columns
Presolve time: 0.01s
Presolved: 65 rows, 1891 columns, 3036 nonzeros
Found heuristic solution: objective -35652.70000
Variable types: 0 continuous, 1891 integer (1831 binary)
Presolved: 65 rows, 1891 columns, 3036 nonzeros

Root barrier log...

Ordering time: 0.00s

Barrier statistics:
 AA' NZ     : 9.900e+02
 Factor NZ  : 2.103e+03 (roughly 1 MByte of memory)
 Factor Ops : 8.997e+04 (less than 1 second per iteration)
 Threads    : 1

                  Objective                Residual
Iter       Primal          Dual         Primal    Dual     Compl     Time
   0  -1.23646009e+05 -9.66479356e+04  4.75e+01 1.95e-14  9.48e+01     0s
   1  -3.50800111e+04 -8.19075653e+04  7.23e-01 1.66e+01  1.44e+01     0s
   2  -3.73726249e+04 -4.35632249e+04  0.00e+00 1.63e+00  1.62e+00     0s
   3  -3.94643033e+04 -4.04343104e+04  0.00e+00 2.01e-01  2.53e-01     0s
   4  -3.97926273e+04 -4.00104946e+04  0.00e+00 3.82e-02  5.67e-02     0s
   5  -3.98462769e+04 -3.99247198e+04  0.00e+00 1.06e-02  2.04e-02     0s
   6  -3.98735126e+04 -3.99064838e+04  0.00e+00 5.05e-03  8.58e-03     0s
   7  -3.98857669e+04 -3.98914525e+04  0.00e+00 9.85e-04  1.48e-03     0s
   8  -3.98872432e+04 -3.98873780e+04  0.00e+00 2.84e-14  3.51e-05     0s
   9  -3.98873500e+04 -3.98873500e+04  0.00e+00 2.84e-14  7.55e-10     0s

Barrier solved model in 9 iterations and 0.02 seconds
Optimal objective -3.98873500e+04


Root relaxation: objective -3.988735e+04, 38 iterations, 0.01 seconds

    Nodes    |    Current Node    |     Objective Bounds      |     Work
 Expl Unexpl |  Obj  Depth IntInf | Incumbent    BestBd   Gap | It/Node Time

     0     0 -39887.350    0   24 -35652.700 -39887.350  11.9%     -    0s
H    0     0                    -39792.40000 -39887.350  0.24%     -    0s

Explored 0 nodes (50 simplex iterations) in 0.03 seconds
Thread count was 20 (of 20 available processors)

Solution count 3: -39792.4 -35652.7 -2767.2 
Pool objective bound -39887.3

Optimal solution found (tolerance 5.00e-02)
Best objective -3.979240000000e+04, best bound -3.988730000000e+04, gap 0.2385%
Changed value of parameter MIPGap to 0.05
   Prev: 0.0001  Min: 0.0  Max: 1e+100  Default: 0.0001
Changed value of parameter TimeLimit to 1800.0
   Prev: 1e+100  Min: 0.0  Max: 1e+100  Default: 1e+100
Changed value of parameter Method to 2
   Prev: -1  Min: -1  Max: 4  Default: -1
Changed value of parameter MIPFocus to 1
   Prev: 0  Min: 0  Max: 3  Default: 0
Optimize a model with 4268 rows, 6252 columns and 12504 nonzeros
Variable types: 0 continuous, 6252 integer (6252 binary)
Coefficient statistics:
  Matrix range     [1e+00, 5e+00]
  Objective range  [1e+01, 2e+02]
  Bounds range     [1e+00, 1e+00]
  RHS range        [8e+01, 8e+01]
Found heuristic solution: objective 0
Presolve removed 4203 rows and 4361 columns
Presolve time: 0.01s
Presolved: 65 rows, 1891 columns, 3036 nonzeros
Found heuristic solution: objective -69930.40000
Variable types: 0 continuous, 1891 integer (1831 binary)
Presolved: 65 rows, 1891 columns, 3036 nonzeros

Root barrier log...

Ordering time: 0.00s

Barrier statistics:
 AA' NZ     : 9.900e+02
 Factor NZ  : 2.103e+03 (roughly 1 MByte of memory)
 Factor Ops : 8.997e+04 (less than 1 second per iteration)
 Threads    : 1

                  Objective                Residual
Iter       Primal          Dual         Primal    Dual     Compl     Time
   0  -2.40258672e+05 -1.93462137e+05  4.75e+01 4.26e-14  1.92e+02     0s
   1  -6.82704234e+04 -1.63697251e+05  6.56e-01 3.40e+01  2.91e+01     0s
   2  -7.31732763e+04 -8.57775296e+04  0.00e+00 3.37e+00  3.29e+00     0s
   3  -7.73654851e+04 -7.94258778e+04  0.00e+00 4.47e-01  5.37e-01     0s
   4  -7.80238397e+04 -7.85015047e+04  0.00e+00 8.00e-02  1.24e-01     0s
   5  -7.81519986e+04 -7.83378637e+04  0.00e+00 2.46e-02  4.84e-02     0s
   6  -7.82005499e+04 -7.82962930e+04  0.00e+00 1.12e-02  2.49e-02     0s
   7  -7.82308012e+04 -7.82748598e+04  0.00e+00 5.12e-03  1.15e-02     0s
   8  -7.82457310e+04 -7.82612902e+04  0.00e+00 1.08e-03  4.05e-03     0s
   9  -7.82540976e+04 -7.82572963e+04  0.00e+00 1.15e-04  8.32e-04     0s
  10  -7.82564953e+04 -7.82565068e+04  0.00e+00 5.68e-14  3.00e-06     0s
  11  -7.82565000e+04 -7.82565000e+04  0.00e+00 8.53e-14  9.39e-11     0s

Barrier solved model in 11 iterations and 0.02 seconds
Optimal objective -7.82565000e+04


Root relaxation: objective -7.825650e+04, 38 iterations, 0.01 seconds

    Nodes    |    Current Node    |     Objective Bounds      |     Work
 Expl Unexpl |  Obj  Depth IntInf | Incumbent    BestBd   Gap | It/Node Time

     0     0 -78256.500    0   22 -69930.400 -78256.500  11.9%     -    0s
H    0     0                    -78076.60000 -78256.500  0.23%     -    0s

Explored 0 nodes (41 simplex iterations) in 0.03 seconds
Thread count was 20 (of 20 available processors)

Solution count 3: -78076.6 -69930.4 -5404.4 
Pool objective bound -78256.4

Optimal solution found (tolerance 5.00e-02)
Best objective -7.807660000000e+04, best bound -7.825640000000e+04, gap 0.2303%
Changed value of parameter MIPGap to 0.05
   Prev: 0.0001  Min: 0.0  Max: 1e+100  Default: 0.0001
Changed value of parameter TimeLimit to 1800.0
   Prev: 1e+100  Min: 0.0  Max: 1e+100  Default: 1e+100
Changed value of parameter Method to 2
   Prev: -1  Min: -1  Max: 4  Default: -1
Changed value of parameter MIPFocus to 1
   Prev: 0  Min: 0  Max: 3  Default: 0
Optimize a model with 4268 rows, 6252 columns and 12504 nonzeros
Variable types: 0 continuous, 6252 integer (6252 binary)
Coefficient statistics:
  Matrix range     [1e+00, 5e+00]
  Objective range  [3e+01, 5e+02]
  Bounds range     [1e+00, 1e+00]
  RHS range        [8e+01, 8e+01]
Found heuristic solution: objective 0
Presolve removed 4203 rows and 4361 columns
Presolve time: 0.01s
Presolved: 65 rows, 1891 columns, 3036 nonzeros
Found heuristic solution: objective -172238.5000
Variable types: 0 continuous, 1891 integer (1831 binary)
Presolved: 65 rows, 1891 columns, 3036 nonzeros

Root barrier log...

Ordering time: 0.00s

Barrier statistics:
 AA' NZ     : 9.900e+02
 Factor NZ  : 2.103e+03 (roughly 1 MByte of memory)
 Factor Ops : 8.997e+04 (less than 1 second per iteration)
 Threads    : 1

                  Objective                Residual
Iter       Primal          Dual         Primal    Dual     Compl     Time
   0  -5.90095861e+05 -4.83904740e+05  4.75e+01 5.68e-14  4.84e+02     0s
   1  -1.67869023e+05 -4.09066594e+05  6.15e-01 8.63e+01  7.32e+01     0s
   2  -1.80580463e+05 -2.12422648e+05  0.00e+00 8.57e+00  8.33e+00     0s
   3  -1.91130873e+05 -1.96354169e+05  0.00e+00 1.16e+00  1.36e+00     0s
   4  -1.92794569e+05 -1.93916954e+05  0.00e+00 1.76e-01  2.92e-01     0s
   5  -1.93099815e+05 -1.93577185e+05  0.00e+00 6.49e-02  1.24e-01     0s
   6  -1.93253711e+05 -1.93454433e+05  0.00e+00 2.65e-02  5.22e-02     0s
   7  -1.93333655e+05 -1.93406308e+05  0.00e+00 1.21e-02  1.89e-02     0s
   8  -1.93358729e+05 -1.93378972e+05  0.00e+00 3.25e-03  5.27e-03     0s
   9  -1.93368042e+05 -1.93368393e+05  0.00e+00 5.36e-06  9.15e-05     0s
  10  -1.93368250e+05 -1.93368250e+05  0.00e+00 1.71e-13  9.15e-08     0s
  11  -1.93368250e+05 -1.93368250e+05  7.98e-15 1.14e-13  9.52e-14     0s

Barrier solved model in 11 iterations and 0.02 seconds
Optimal objective -1.93368250e+05


Root relaxation: objective -1.933682e+05, 35 iterations, 0.01 seconds

    Nodes    |    Current Node    |     Objective Bounds      |     Work
 Expl Unexpl |  Obj  Depth IntInf | Incumbent    BestBd   Gap | It/Node Time

     0     0 -193368.25    0   25 -172238.50 -193368.25  12.3%     -    0s
H    0     0                    -192924.0000 -193368.25  0.23%     -    0s

Explored 0 nodes (37 simplex iterations) in 0.03 seconds
Thread count was 20 (of 20 available processors)

Solution count 3: -192924 -172238 -13316 
Pool objective bound -193368

Optimal solution found (tolerance 5.00e-02)
Best objective -1.929240000000e+05, best bound -1.933680000000e+05, gap 0.2301%
Changed value of parameter MIPGap to 0.05
   Prev: 0.0001  Min: 0.0  Max: 1e+100  Default: 0.0001
Changed value of parameter TimeLimit to 1800.0
   Prev: 1e+100  Min: 0.0  Max: 1e+100  Default: 1e+100
Changed value of parameter Method to 2
   Prev: -1  Min: -1  Max: 4  Default: -1
Changed value of parameter MIPFocus to 1
   Prev: 0  Min: 0  Max: 3  Default: 0
Optimize a model with 4268 rows, 6252 columns and 12504 nonzeros
Variable types: 0 continuous, 6252 integer (6252 binary)
Coefficient statistics:
  Matrix range     [1e+00, 5e+00]
  Objective range  [3e+02, 5e+03]
  Bounds range     [1e+00, 1e+00]
  RHS range        [8e+01, 8e+01]
Found heuristic solution: objective 0
Presolve removed 4203 rows and 4361 columns
Presolve time: 0.01s
Presolved: 65 rows, 1891 columns, 3036 nonzeros
Found heuristic solution: objective -1709153.000
Variable types: 0 continuous, 1891 integer (1831 binary)
Presolved: 65 rows, 1891 columns, 3036 nonzeros

Root barrier log...

Ordering time: 0.00s

Barrier statistics:
 AA' NZ     : 9.900e+02
 Factor NZ  : 2.103e+03 (roughly 1 MByte of memory)
 Factor Ops : 8.997e+04 (less than 1 second per iteration)
 Threads    : 1

                  Objective                Residual
Iter       Primal          Dual         Primal    Dual     Compl     Time
   0  -5.83765087e+06 -4.84054378e+06  4.75e+01 9.09e-13  4.86e+03     0s
   1  -1.66194607e+06 -4.08960775e+06  5.91e-01 8.70e+02  7.35e+02     0s
   2  -1.79171392e+06 -2.11210839e+06  0.00e+00 8.67e+01  8.38e+01     0s
   3  -1.89736082e+06 -1.95043011e+06  0.00e+00 1.18e+01  1.38e+01     0s
   4  -1.91407396e+06 -1.92570736e+06  0.00e+00 1.84e+00  3.03e+00     0s
   5  -1.91723797e+06 -1.92210248e+06  0.00e+00 6.62e-01  1.27e+00     0s
   6  -1.91873088e+06 -1.92083275e+06  0.00e+00 2.40e-01  5.47e-01     0s
   7  -1.91949361e+06 -1.92035336e+06  0.00e+00 8.49e-02  2.24e-01     0s
   8  -1.91996348e+06 -1.92013629e+06  0.00e+00 1.81e-02  4.50e-02     0s
   9  -1.92005391e+06 -1.92006690e+06  0.00e+00 1.07e-03  3.38e-03     0s
  10  -1.92005999e+06 -1.92006001e+06  0.00e+00 1.82e-12  3.39e-06     0s
  11  -1.92006000e+06 -1.92006000e+06  4.55e-15 1.82e-12  3.43e-12     0s

Barrier solved model in 11 iterations and 0.02 seconds
Optimal objective -1.92006000e+06


Root relaxation: objective -1.920060e+06, 35 iterations, 0.01 seconds

    Nodes    |    Current Node    |     Objective Bounds      |     Work
 Expl Unexpl |  Obj  Depth IntInf | Incumbent    BestBd   Gap | It/Node Time

     0     0 -1920060.0    0   23 -1709153.0 -1920060.0  12.3%     -    0s
H    0     0                    -1915418.000 -1920060.0  0.24%     -    0s

Explored 0 nodes (39 simplex iterations) in 0.03 seconds
Thread count was 20 (of 20 available processors)

Solution count 3: -1.91542e+06 -1.70915e+06 -131990 
Pool objective bound -1.92006e+06

Optimal solution found (tolerance 5.00e-02)
Best objective -1.915418000000e+06, best bound -1.920060000000e+06, gap 0.2423%
