Changed value of parameter MIPGap to 0.05
   Prev: 0.0001  Min: 0.0  Max: 1e+100  Default: 0.0001
Changed value of parameter TimeLimit to 1800.0
   Prev: 1e+100  Min: 0.0  Max: 1e+100  Default: 1e+100
Changed value of parameter Method to 2
   Prev: -1  Min: -1  Max: 4  Default: -1
Changed value of parameter MIPFocus to 1
   Prev: 0  Min: 0  Max: 3  Default: 0
Optimize a model with 11698 rows, 61589 columns and 123178 nonzeros
Variable types: 0 continuous, 61589 integer (61589 binary)
Coefficient statistics:
  Matrix range     [1e+00, 2e+01]
  Objective range  [1e+00, 1e+00]
  Bounds range     [1e+00, 1e+00]
  RHS range        [8e+01, 8e+01]
Found heuristic solution: objective 0
Presolve time: 0.24s
Presolved: 11698 rows, 61589 columns, 123178 nonzeros
Variable types: 0 continuous, 61589 integer (61589 binary)
Presolved: 11698 rows, 61589 columns, 123178 nonzeros

Root barrier log...

Ordering time: 0.01s

Barrier statistics:
 AA' NZ     : 6.159e+04
 Factor NZ  : 2.488e+05 (roughly 30 MBytes of memory)
 Factor Ops : 3.908e+07 (less than 1 second per iteration)
 Threads    : 1

                  Objective                Residual
Iter       Primal          Dual         Primal    Dual     Compl     Time
   0  -2.88692853e+04 -5.16434186e+04  1.12e+02 0.00e+00  3.53e+00     0s
   1  -1.07588320e+04 -3.92545437e+04  2.56e+01 9.44e-16  8.55e-01     0s
   2  -5.79411188e+03 -1.93893615e+04  4.70e+00 1.05e-15  1.83e-01     0s
   3  -4.67332718e+03 -7.72492240e+03  2.54e-01 1.11e-15  2.65e-02     0s
   4  -4.72322215e+03 -5.15479181e+03  7.30e-04 1.11e-15  3.49e-03     1s
   5  -4.74138856e+03 -4.92268955e+03  4.23e-04 6.87e-16  1.47e-03     1s
   6  -4.74945114e+03 -4.85100313e+03  3.00e-04 5.18e-16  8.23e-04     1s
   7  -4.75544083e+03 -4.81072915e+03  2.17e-04 6.66e-16  4.48e-04     1s
   8  -4.75918138e+03 -4.79290459e+03  1.62e-04 5.34e-16  2.73e-04     1s
   9  -4.76234837e+03 -4.78310244e+03  1.15e-04 5.40e-16  1.68e-04     1s
  10  -4.76507327e+03 -4.77518572e+03  7.79e-05 7.05e-16  8.22e-05     1s
  11  -4.76736560e+03 -4.77227970e+03  4.62e-05 6.66e-16  4.00e-05     1s
  12  -4.76832223e+03 -4.77111531e+03  3.11e-05 4.44e-16  2.27e-05     1s
  13  -4.76882366e+03 -4.77072070e+03  2.31e-05 6.66e-16  1.55e-05     1s
  14  -4.76954951e+03 -4.77053134e+03  1.17e-05 5.72e-16  8.00e-06     1s
  15  -4.76993037e+03 -4.77036853e+03  5.74e-06 7.23e-16  3.57e-06     1s
  16  -4.77030181e+03 -4.77032592e+03  1.41e-09 5.43e-16  1.95e-07     1s
  17  -4.77030607e+03 -4.77030612e+03  8.58e-14 6.66e-16  3.74e-10     1s

Barrier solved model in 17 iterations and 0.87 seconds
Optimal objective -4.77030607e+03


Root relaxation: objective -4.770306e+03, 47252 iterations, 1.04 seconds

    Nodes    |    Current Node    |     Objective Bounds      |     Work
 Expl Unexpl |  Obj  Depth IntInf | Incumbent    BestBd   Gap | It/Node Time

     0     0 -4770.3061    0  462    0.00000 -4770.3061      -     -    1s
H    0     0                    -4728.000000 -4770.3061  0.89%     -    1s

Explored 0 nodes (54411 simplex iterations) in 1.83 seconds
Thread count was 20 (of 20 available processors)

Solution count 2: -4728 0 
Pool objective bound -4770

Optimal solution found (tolerance 5.00e-02)
Best objective -4.728000000000e+03, best bound -4.770000000000e+03, gap 0.8883%
Changed value of parameter MIPGap to 0.05
   Prev: 0.0001  Min: 0.0  Max: 1e+100  Default: 0.0001
Changed value of parameter TimeLimit to 1800.0
   Prev: 1e+100  Min: 0.0  Max: 1e+100  Default: 1e+100
Changed value of parameter Method to 2
   Prev: -1  Min: -1  Max: 4  Default: -1
Changed value of parameter MIPFocus to 1
   Prev: 0  Min: 0  Max: 3  Default: 0
Optimize a model with 11698 rows, 61589 columns and 123178 nonzeros
Variable types: 0 continuous, 61589 integer (61589 binary)
Coefficient statistics:
  Matrix range     [1e+00, 2e+01]
  Objective range  [1e+00, 1e+00]
  Bounds range     [1e+00, 1e+00]
  RHS range        [8e+01, 8e+01]
Found heuristic solution: objective 0
Presolve time: 0.22s
Presolved: 11698 rows, 61589 columns, 123178 nonzeros
Variable types: 0 continuous, 61589 integer (61589 binary)
Presolved: 11698 rows, 61589 columns, 123178 nonzeros

Root barrier log...

Ordering time: 0.01s

Barrier statistics:
 AA' NZ     : 6.159e+04
 Factor NZ  : 2.488e+05 (roughly 30 MBytes of memory)
 Factor Ops : 3.908e+07 (less than 1 second per iteration)
 Threads    : 1

                  Objective                Residual
Iter       Primal          Dual         Primal    Dual     Compl     Time
   0  -2.88958763e+04 -5.16521349e+04  1.12e+02 2.22e-16  3.53e+00     0s
   1  -1.07685004e+04 -3.92626546e+04  2.56e+01 8.88e-16  8.56e-01     0s
   2  -5.80188017e+03 -1.93967787e+04  4.72e+00 1.28e-15  1.84e-01     0s
   3  -4.67623161e+03 -7.73345343e+03  2.54e-01 1.14e-15  2.65e-02     0s
   4  -4.72614451e+03 -5.16025410e+03  6.15e-04 8.88e-16  3.51e-03     0s
   5  -4.74433144e+03 -4.92621058e+03  3.55e-04 5.76e-16  1.47e-03     0s
   6  -4.75245202e+03 -4.85455842e+03  2.51e-04 5.01e-16  8.27e-04     1s
   7  -4.75839871e+03 -4.81398332e+03  1.81e-04 5.01e-16  4.50e-04     1s
   8  -4.76217481e+03 -4.79587368e+03  1.35e-04 5.35e-16  2.73e-04     1s
   9  -4.76515529e+03 -4.78582050e+03  9.80e-05 4.44e-16  1.68e-04     1s
  10  -4.76809309e+03 -4.77855314e+03  6.43e-05 5.66e-16  8.49e-05     1s
  11  -4.77027302e+03 -4.77543565e+03  3.91e-05 6.66e-16  4.20e-05     1s
  12  -4.77133276e+03 -4.77417327e+03  2.51e-05 6.74e-16  2.31e-05     1s
  13  -4.77181360e+03 -4.77374615e+03  1.86e-05 6.96e-16  1.57e-05     1s
  14  -4.77232795e+03 -4.77353181e+03  1.19e-05 6.57e-16  9.80e-06     1s
  15  -4.77291738e+03 -4.77342571e+03  4.36e-06 4.44e-16  4.13e-06     1s
  16  -4.77313520e+03 -4.77331346e+03  1.64e-06 7.46e-16  1.45e-06     1s
  17  -4.77323957e+03 -4.77328759e+03  3.37e-07 6.21e-16  3.90e-07     1s
  18  -4.77326676e+03 -4.77327673e+03  3.53e-08 6.35e-16  8.09e-08     1s
  19  -4.77327012e+03 -4.77327103e+03  4.53e-10 6.66e-16  7.38e-09     1s
  20  -4.77327018e+03 -4.77327020e+03  3.15e-13 5.31e-16  1.05e-10     1s

Barrier solved model in 20 iterations and 0.88 seconds
Optimal objective -4.77327018e+03


Root relaxation: objective -4.773270e+03, 47062 iterations, 1.06 seconds

    Nodes    |    Current Node    |     Objective Bounds      |     Work
 Expl Unexpl |  Obj  Depth IntInf | Incumbent    BestBd   Gap | It/Node Time

     0     0 -4773.2702    0  478    0.00000 -4773.2702      -     -    1s
H    0     0                    -4722.913755 -4773.2702  1.07%     -    1s

Explored 0 nodes (54263 simplex iterations) in 1.86 seconds
Thread count was 20 (of 20 available processors)

Solution count 2: -4722.91 0 
Pool objective bound -4773.27

Optimal solution found (tolerance 5.00e-02)
Best objective -4.722913755000e+03, best bound -4.773270184611e+03, gap 1.0662%
Changed value of parameter MIPGap to 0.05
   Prev: 0.0001  Min: 0.0  Max: 1e+100  Default: 0.0001
Changed value of parameter TimeLimit to 1800.0
   Prev: 1e+100  Min: 0.0  Max: 1e+100  Default: 1e+100
Changed value of parameter Method to 2
   Prev: -1  Min: -1  Max: 4  Default: -1
Changed value of parameter MIPFocus to 1
   Prev: 0  Min: 0  Max: 3  Default: 0
Optimize a model with 11698 rows, 61589 columns and 123178 nonzeros
Variable types: 0 continuous, 61589 integer (61589 binary)
Coefficient statistics:
  Matrix range     [1e+00, 2e+01]
  Objective range  [1e+00, 1e+00]
  Bounds range     [1e+00, 1e+00]
  RHS range        [8e+01, 8e+01]
Found heuristic solution: objective 0
Presolve time: 0.22s
Presolved: 11698 rows, 61589 columns, 123178 nonzeros
Variable types: 0 continuous, 61589 integer (61589 binary)
Presolved: 11698 rows, 61589 columns, 123178 nonzeros

Root barrier log...

Ordering time: 0.01s

Barrier statistics:
 AA' NZ     : 6.159e+04
 Factor NZ  : 2.488e+05 (roughly 30 MBytes of memory)
 Factor Ops : 3.908e+07 (less than 1 second per iteration)
 Threads    : 1

                  Objective                Residual
Iter       Primal          Dual         Primal    Dual     Compl     Time
   0  -2.89224672e+04 -5.16608511e+04  1.12e+02 2.22e-16  3.53e+00     0s
   1  -1.07781697e+04 -3.92707658e+04  2.57e+01 8.88e-16  8.56e-01     0s
   2  -5.80966630e+03 -1.94041908e+04  4.73e+00 1.11e-15  1.84e-01     0s
   3  -4.67913011e+03 -7.74196493e+03  2.54e-01 1.11e-15  2.66e-02     0s
   4  -4.72906997e+03 -5.16556672e+03  4.96e-04 8.88e-16  3.53e-03     0s
   5  -4.74727591e+03 -4.92968740e+03  2.85e-04 5.88e-16  1.48e-03     0s
   6  -4.75545379e+03 -4.85803305e+03  2.00e-04 4.90e-16  8.31e-04     1s
   7  -4.76135001e+03 -4.81718306e+03  1.45e-04 6.34e-16  4.52e-04     1s
   8  -4.76510413e+03 -4.79880325e+03  1.08e-04 5.75e-16  2.73e-04     1s
   9  -4.76794854e+03 -4.78850347e+03  7.97e-05 7.32e-16  1.67e-04     1s
  10  -4.77098593e+03 -4.78089836e+03  5.19e-05 5.70e-16  8.05e-05     1s
  11  -4.77345051e+03 -4.77827883e+03  2.82e-05 8.88e-16  3.92e-05     1s
  12  -4.77414313e+03 -4.77716576e+03  2.10e-05 6.00e-16  2.46e-05     1s
  13  -4.77487447e+03 -4.77678886e+03  1.36e-05 6.79e-16  1.56e-05     1s
  14  -4.77569471e+03 -4.77652524e+03  5.22e-06 5.51e-16  6.75e-06     1s
  15  -4.77591477e+03 -4.77636579e+03  3.06e-06 5.16e-16  3.67e-06     1s
  16  -4.77608233e+03 -4.77627634e+03  1.43e-06 5.63e-16  1.58e-06     1s
  17  -4.77619252e+03 -4.77625308e+03  3.73e-07 4.67e-16  4.92e-07     1s
  18  -4.77622056e+03 -4.77624447e+03  1.17e-07 6.66e-16  1.94e-07     1s
  19  -4.77623224e+03 -4.77623596e+03  1.58e-08 6.66e-16  3.02e-08     1s
  20  -4.77623429e+03 -4.77623430e+03  7.67e-12 6.04e-16  7.39e-11     1s

Barrier solved model in 20 iterations and 0.89 seconds
Optimal objective -4.77623429e+03


Root relaxation: objective -4.776234e+03, 47038 iterations, 1.11 seconds

    Nodes    |    Current Node    |     Objective Bounds      |     Work
 Expl Unexpl |  Obj  Depth IntInf | Incumbent    BestBd   Gap | It/Node Time

     0     0 -4776.2343    0  491    0.00000 -4776.2343      -     -    1s
H    0     0                    -4722.819860 -4776.2343  1.13%     -    1s

Explored 0 nodes (54208 simplex iterations) in 1.89 seconds
Thread count was 20 (of 20 available processors)

Solution count 2: -4722.82 0 
Pool objective bound -4776.23

Optimal solution found (tolerance 5.00e-02)
Best objective -4.722819860000e+03, best bound -4.776234291527e+03, gap 1.1310%
Changed value of parameter MIPGap to 0.05
   Prev: 0.0001  Min: 0.0  Max: 1e+100  Default: 0.0001
Changed value of parameter TimeLimit to 1800.0
   Prev: 1e+100  Min: 0.0  Max: 1e+100  Default: 1e+100
Changed value of parameter Method to 2
   Prev: -1  Min: -1  Max: 4  Default: -1
Changed value of parameter MIPFocus to 1
   Prev: 0  Min: 0  Max: 3  Default: 0
Optimize a model with 11698 rows, 61589 columns and 123178 nonzeros
Variable types: 0 continuous, 61589 integer (61589 binary)
Coefficient statistics:
  Matrix range     [1e+00, 2e+01]
  Objective range  [1e+00, 1e+00]
  Bounds range     [1e+00, 1e+00]
  RHS range        [8e+01, 8e+01]
Found heuristic solution: objective 0
Presolve time: 0.22s
Presolved: 11698 rows, 61589 columns, 123178 nonzeros
Variable types: 0 continuous, 61589 integer (61589 binary)
Presolved: 11698 rows, 61589 columns, 123178 nonzeros

Root barrier log...

Ordering time: 0.01s

Barrier statistics:
 AA' NZ     : 6.159e+04
 Factor NZ  : 2.488e+05 (roughly 30 MBytes of memory)
 Factor Ops : 3.908e+07 (less than 1 second per iteration)
 Threads    : 1

                  Objective                Residual
Iter       Primal          Dual         Primal    Dual     Compl     Time
   0  -2.89756490e+04 -5.16782835e+04  1.12e+02 2.22e-16  3.53e+00     0s
   1  -1.07975110e+04 -3.92869886e+04  2.57e+01 8.88e-16  8.56e-01     0s
   2  -5.82528994e+03 -1.94190021e+04  4.77e+00 1.11e-15  1.84e-01     0s
   3  -4.68487985e+03 -7.75891643e+03  2.55e-01 1.33e-15  2.67e-02     0s
   4  -4.73493038e+03 -5.17592368e+03  2.56e-04 8.88e-16  3.57e-03     0s
   5  -4.75317173e+03 -4.93654730e+03  1.45e-04 9.82e-16  1.48e-03     0s
   6  -4.76146015e+03 -4.86476412e+03  1.00e-04 6.66e-16  8.36e-04     1s
   7  -4.76726600e+03 -4.82354933e+03  7.28e-05 6.61e-16  4.56e-04     1s
   8  -4.77109144e+03 -4.80448362e+03  5.38e-05 6.66e-16  2.70e-04     1s
   9  -4.77363028e+03 -4.79018127e+03  4.11e-05 5.38e-16  1.34e-04     1s
  10  -4.77671659e+03 -4.78561308e+03  2.71e-05 6.66e-16  7.22e-05     1s
  11  -4.77865581e+03 -4.78378905e+03  1.79e-05 7.55e-16  4.17e-05     1s
  12  -4.78017574e+03 -4.78298877e+03  9.99e-06 4.44e-16  2.28e-05     1s
  13  -4.78034187e+03 -4.78279029e+03  9.09e-06 7.96e-16  1.99e-05     1s
  14  -4.78098841e+03 -4.78246026e+03  5.81e-06 6.66e-16  1.19e-05     1s
  15  -4.78156784e+03 -4.78232121e+03  2.83e-06 4.92e-16  6.12e-06     1s
  16  -4.78203191e+03 -4.78219828e+03  5.56e-07 5.51e-16  1.35e-06     1s
  17  -4.78210383e+03 -4.78218085e+03  2.47e-07 6.00e-16  6.25e-07     1s
  18  -4.78211239e+03 -4.78217939e+03  2.10e-07 7.27e-16  5.44e-07     1s
  19  -4.78214646e+03 -4.78216748e+03  6.95e-08 5.02e-16  1.71e-07     1s
  20  -4.78216290e+03 -4.78216498e+03  8.07e-10 6.58e-16  1.69e-08     1s
  21  -4.78216351e+03 -4.78216351e+03  8.64e-14 8.88e-16  2.62e-11     1s

Barrier solved model in 21 iterations and 0.91 seconds
Optimal objective -4.78216351e+03


Root relaxation: objective -4.782164e+03, 46997 iterations, 1.08 seconds

    Nodes    |    Current Node    |     Objective Bounds      |     Work
 Expl Unexpl |  Obj  Depth IntInf | Incumbent    BestBd   Gap | It/Node Time

     0     0 -4782.1635    0  487    0.00000 -4782.1635      -     -    1s
H    0     0                    -4730.645540 -4782.1635  1.09%     -    1s

Explored 0 nodes (54193 simplex iterations) in 1.86 seconds
Thread count was 20 (of 20 available processors)

Solution count 2: -4730.65 0 
Pool objective bound -4782.16

Optimal solution found (tolerance 5.00e-02)
Best objective -4.730645540000e+03, best bound -4.782163507899e+03, gap 1.0890%
Changed value of parameter MIPGap to 0.05
   Prev: 0.0001  Min: 0.0  Max: 1e+100  Default: 0.0001
Changed value of parameter TimeLimit to 1800.0
   Prev: 1e+100  Min: 0.0  Max: 1e+100  Default: 1e+100
Changed value of parameter Method to 2
   Prev: -1  Min: -1  Max: 4  Default: -1
Changed value of parameter MIPFocus to 1
   Prev: 0  Min: 0  Max: 3  Default: 0
Optimize a model with 11698 rows, 61589 columns and 123178 nonzeros
Variable types: 0 continuous, 61589 integer (61589 binary)
Coefficient statistics:
  Matrix range     [1e+00, 2e+01]
  Objective range  [1e+00, 1e+00]
  Bounds range     [1e+00, 1e+00]
  RHS range        [8e+01, 8e+01]
Found heuristic solution: objective 0
Presolve time: 0.21s
Presolved: 11698 rows, 61589 columns, 123178 nonzeros
Variable types: 0 continuous, 61589 integer (61589 binary)
Presolved: 11698 rows, 61589 columns, 123178 nonzeros

Root barrier log...

Ordering time: 0.01s

Barrier statistics:
 AA' NZ     : 6.159e+04
 Factor NZ  : 2.488e+05 (roughly 30 MBytes of memory)
 Factor Ops : 3.908e+07 (less than 1 second per iteration)
 Threads    : 1

                  Objective                Residual
Iter       Primal          Dual         Primal    Dual     Compl     Time
   0  -2.90820124e+04 -5.17131484e+04  1.12e+02 2.22e-16  3.53e+00     0s
   1  -1.08362040e+04 -3.93194362e+04  2.57e+01 8.88e-16  8.57e-01     0s
   2  -5.85694601e+03 -1.94485519e+04  4.83e+00 1.11e-15  1.86e-01     0s
   3  -4.69619684e+03 -7.79282098e+03  2.55e-01 1.11e-15  2.69e-02     0s
   4  -4.74655080e+03 -5.19691467e+03  3.31e-04 8.88e-16  3.64e-03     0s
   5  -4.76493187e+03 -4.95002106e+03  1.88e-04 6.66e-16  1.50e-03     0s
   6  -4.77345514e+03 -4.87484997e+03  1.30e-04 6.66e-16  8.21e-04     0s
   7  -4.77802159e+03 -4.83856403e+03  1.02e-04 6.66e-16  4.90e-04     1s
   8  -4.78263380e+03 -4.81473782e+03  7.23e-05 5.30e-16  2.60e-04     1s
   9  -4.78645032e+03 -4.80365462e+03  5.01e-05 6.66e-16  1.39e-04     1s
  10  -4.78910173e+03 -4.79858189e+03  3.33e-05 6.66e-16  7.69e-05     1s
  11  -4.78986712e+03 -4.79570838e+03  2.93e-05 6.92e-16  4.74e-05     1s
  12  -4.79147099e+03 -4.79494480e+03  1.77e-05 6.99e-16  2.82e-05     1s
  13  -4.79206649e+03 -4.79440247e+03  1.34e-05 6.66e-16  1.90e-05     1s
  14  -4.79262241e+03 -4.79429774e+03  9.50e-06 7.61e-16  1.36e-05     1s
  15  -4.79296596e+03 -4.79414789e+03  7.12e-06 5.15e-16  9.61e-06     1s
  16  -4.79380420e+03 -4.79409673e+03  1.36e-06 4.44e-16  2.38e-06     1s
  17  -4.79385615e+03 -4.79405187e+03  1.06e-06 6.66e-16  1.59e-06     1s
  18  -4.79399676e+03 -4.79404038e+03  1.42e-07 6.30e-16  3.54e-07     1s
  19  -4.79402408e+03 -4.79402449e+03  4.88e-10 6.66e-16  3.30e-09     1s
  20  -4.79402425e+03 -4.79402425e+03  2.19e-13 6.44e-16  1.55e-14     1s

Barrier solved model in 20 iterations and 0.89 seconds
Optimal objective -4.79402425e+03


Root relaxation: objective -4.794024e+03, 47708 iterations, 1.17 seconds

    Nodes    |    Current Node    |     Objective Bounds      |     Work
 Expl Unexpl |  Obj  Depth IntInf | Incumbent    BestBd   Gap | It/Node Time

     0     0 -4794.0243    0  299    0.00000 -4794.0243      -     -    1s
H    0     0                    -4759.482280 -4794.0243  0.73%     -    1s

Explored 0 nodes (60732 simplex iterations) in 1.97 seconds
Thread count was 20 (of 20 available processors)

Solution count 2: -4759.48 0 
Pool objective bound -4794.02

Optimal solution found (tolerance 5.00e-02)
Best objective -4.759482280000e+03, best bound -4.794024252378e+03, gap 0.7258%
Changed value of parameter MIPGap to 0.05
   Prev: 0.0001  Min: 0.0  Max: 1e+100  Default: 0.0001
Changed value of parameter TimeLimit to 1800.0
   Prev: 1e+100  Min: 0.0  Max: 1e+100  Default: 1e+100
Changed value of parameter Method to 2
   Prev: -1  Min: -1  Max: 4  Default: -1
Changed value of parameter MIPFocus to 1
   Prev: 0  Min: 0  Max: 3  Default: 0
Optimize a model with 11698 rows, 61589 columns and 123178 nonzeros
Variable types: 0 continuous, 61589 integer (61589 binary)
Coefficient statistics:
  Matrix range     [1e+00, 2e+01]
  Objective range  [1e+00, 1e+00]
  Bounds range     [1e+00, 1e+00]
  RHS range        [8e+01, 8e+01]
Found heuristic solution: objective 0
Presolve time: 0.21s
Presolved: 11698 rows, 61589 columns, 123178 nonzeros
Variable types: 0 continuous, 61589 integer (61589 binary)
Presolved: 11698 rows, 61589 columns, 123178 nonzeros

Root barrier log...

Ordering time: 0.01s

Barrier statistics:
 AA' NZ     : 6.159e+04
 Factor NZ  : 2.488e+05 (roughly 30 MBytes of memory)
 Factor Ops : 3.908e+07 (less than 1 second per iteration)
 Threads    : 1

                  Objective                Residual
Iter       Primal          Dual         Primal    Dual     Compl     Time
   0  -2.91351939e+04 -5.17305809e+04  1.12e+02 2.22e-16  3.53e+00     0s
   1  -1.08555557e+04 -3.93356610e+04  2.57e+01 8.88e-16  8.57e-01     0s
   2  -5.87290735e+03 -1.94632888e+04  4.86e+00 1.11e-15  1.86e-01     0s
   3  -4.70174179e+03 -7.80958017e+03  2.55e-01 9.16e-16  2.69e-02     0s
   4  -4.75238109e+03 -5.20612773e+03  3.43e-04 3.77e-15  3.67e-03     0s
   5  -4.77082086e+03 -4.95643307e+03  1.95e-04 1.55e-15  1.50e-03     0s
   6  -4.77945932e+03 -4.88027913e+03  1.34e-04 6.66e-16  8.16e-04     0s
   7  -4.78400427e+03 -4.84549979e+03  1.05e-04 6.66e-16  4.98e-04     1s
   8  -4.78787467e+03 -4.82880659e+03  7.86e-05 5.31e-16  3.31e-04     1s
   9  -4.79192470e+03 -4.81658107e+03  5.32e-05 5.13e-16  2.00e-04     1s
  10  -4.79263193e+03 -4.81106361e+03  4.89e-05 5.71e-16  1.49e-04     1s
  11  -4.79505441e+03 -4.80517768e+03  3.38e-05 9.69e-16  8.21e-05     1s
  12  -4.79647020e+03 -4.80232528e+03  2.37e-05 6.79e-16  4.75e-05     1s
  13  -4.79800824e+03 -4.80144483e+03  1.32e-05 6.66e-16  2.79e-05     1s
  14  -4.79828023e+03 -4.80117292e+03  1.13e-05 5.58e-16  2.35e-05     1s
  15  -4.79876974e+03 -4.80032006e+03  8.28e-06 5.46e-16  1.26e-05     1s
  16  -4.79951349e+03 -4.80009375e+03  3.05e-06 6.72e-16  4.71e-06     1s
  17  -4.79964694e+03 -4.80000019e+03  2.17e-06 6.66e-16  2.87e-06     1s
  18  -4.79977872e+03 -4.79998137e+03  1.23e-06 5.20e-16  1.65e-06     1s
  19  -4.79986990e+03 -4.79996377e+03  5.87e-07 5.47e-16  7.63e-07     1s
  20  -4.79995553e+03 -4.79995755e+03  1.03e-09 6.14e-16  1.64e-08     1s
  21  -4.79995618e+03 -4.79995620e+03  6.70e-12 6.66e-16  1.32e-10     1s

Barrier solved model in 21 iterations and 0.90 seconds
Optimal objective -4.79995618e+03


Root relaxation: objective -4.799956e+03, 47007 iterations, 1.09 seconds

    Nodes    |    Current Node    |     Objective Bounds      |     Work
 Expl Unexpl |  Obj  Depth IntInf | Incumbent    BestBd   Gap | It/Node Time

     0     0 -4799.9562    0  473    0.00000 -4799.9562      -     -    1s
H    0     0                    -4749.048950 -4799.9562  1.07%     -    1s

Explored 0 nodes (54190 simplex iterations) in 1.87 seconds
Thread count was 20 (of 20 available processors)

Solution count 2: -4749.05 0 
Pool objective bound -4799.96

Optimal solution found (tolerance 5.00e-02)
Best objective -4.749048950000e+03, best bound -4.799956189796e+03, gap 1.0719%
Changed value of parameter MIPGap to 0.05
   Prev: 0.0001  Min: 0.0  Max: 1e+100  Default: 0.0001
Changed value of parameter TimeLimit to 1800.0
   Prev: 1e+100  Min: 0.0  Max: 1e+100  Default: 1e+100
Changed value of parameter Method to 2
   Prev: -1  Min: -1  Max: 4  Default: -1
Changed value of parameter MIPFocus to 1
   Prev: 0  Min: 0  Max: 3  Default: 0
Optimize a model with 11698 rows, 61589 columns and 123178 nonzeros
Variable types: 0 continuous, 61589 integer (61589 binary)
Coefficient statistics:
  Matrix range     [1e+00, 2e+01]
  Objective range  [1e+00, 1e+00]
  Bounds range     [1e+00, 1e+00]
  RHS range        [8e+01, 8e+01]
Found heuristic solution: objective 0
Presolve time: 0.21s
Presolved: 11698 rows, 61589 columns, 123178 nonzeros
Variable types: 0 continuous, 61589 integer (61589 binary)
Presolved: 11698 rows, 61589 columns, 123178 nonzeros

Root barrier log...

Ordering time: 0.01s

Barrier statistics:
 AA' NZ     : 6.159e+04
 Factor NZ  : 2.488e+05 (roughly 30 MBytes of memory)
 Factor Ops : 3.908e+07 (less than 1 second per iteration)
 Threads    : 1

                  Objective                Residual
Iter       Primal          Dual         Primal    Dual     Compl     Time
   0  -2.94011001e+04 -5.18177431e+04  1.12e+02 0.00e+00  3.53e+00     0s
   1  -1.09523646e+04 -3.94167936e+04  2.57e+01 8.88e-16  8.59e-01     0s
   2  -5.95376227e+03 -1.95365626e+04  5.03e+00 8.88e-16  1.89e-01     0s
   3  -4.72954113e+03 -8.09419609e+03  2.54e-01 1.11e-15  2.91e-02     0s
   4  -4.77727828e+03 -5.25977942e+03  1.16e-03 1.55e-15  3.91e-03     0s
   5  -4.79938532e+03 -4.98325059e+03  6.24e-04 7.90e-16  1.49e-03     0s
   6  -4.80879061e+03 -4.90404994e+03  4.24e-04 6.66e-16  7.72e-04     0s
   7  -4.81593645e+03 -4.86864696e+03  2.85e-04 6.66e-16  4.27e-04     1s
   8  -4.81949447e+03 -4.84819151e+03  2.10e-04 7.10e-16  2.33e-04     1s
   9  -4.82237435e+03 -4.83776653e+03  1.49e-04 5.97e-16  1.25e-04     1s
  10  -4.82482636e+03 -4.83314456e+03  1.02e-04 6.37e-16  6.77e-05     1s
  11  -4.82542851e+03 -4.83091301e+03  8.94e-05 6.17e-16  4.48e-05     1s
  12  -4.82597711e+03 -4.83070774e+03  7.74e-05 7.85e-16  3.86e-05     1s
  13  -4.82735088e+03 -4.83020955e+03  4.81e-05 6.66e-16  2.33e-05     1s
  14  -4.82772311e+03 -4.83006708e+03  4.01e-05 6.50e-16  1.91e-05     1s
  15  -4.82875639e+03 -4.82980701e+03  1.80e-05 5.10e-16  8.58e-06     1s
  16  -4.82936589e+03 -4.82966481e+03  5.41e-06 6.98e-16  2.44e-06     1s
  17  -4.82952916e+03 -4.82964686e+03  2.14e-06 6.66e-16  9.62e-07     1s
  18  -4.82961142e+03 -4.82964169e+03  5.29e-07 4.45e-16  2.47e-07     1s
  19  -4.82963882e+03 -4.82964010e+03  1.49e-10 6.55e-16  1.04e-08     1s
  20  -4.82963897e+03 -4.82963902e+03  7.43e-13 6.66e-16  4.36e-10     1s
  21  -4.82963897e+03 -4.82963897e+03  2.03e-14 6.66e-16  4.36e-13     1s

Barrier solved model in 21 iterations and 0.90 seconds
Optimal objective -4.82963897e+03


Root relaxation: objective -4.829639e+03, 46499 iterations, 1.08 seconds

    Nodes    |    Current Node    |     Objective Bounds      |     Work
 Expl Unexpl |  Obj  Depth IntInf | Incumbent    BestBd   Gap | It/Node Time

     0     0 -4829.6390    0  502    0.00000 -4829.6390      -     -    1s
H    0     0                    -4777.365700 -4829.6390  1.09%     -    1s

Explored 0 nodes (53705 simplex iterations) in 1.82 seconds
Thread count was 20 (of 20 available processors)

Solution count 2: -4777.37 0 
Pool objective bound -4829.64

Optimal solution found (tolerance 5.00e-02)
Best objective -4.777365700000e+03, best bound -4.829638971409e+03, gap 1.0942%
Changed value of parameter MIPGap to 0.05
   Prev: 0.0001  Min: 0.0  Max: 1e+100  Default: 0.0001
Changed value of parameter TimeLimit to 1800.0
   Prev: 1e+100  Min: 0.0  Max: 1e+100  Default: 1e+100
Changed value of parameter Method to 2
   Prev: -1  Min: -1  Max: 4  Default: -1
Changed value of parameter MIPFocus to 1
   Prev: 0  Min: 0  Max: 3  Default: 0
Optimize a model with 11698 rows, 61589 columns and 123178 nonzeros
Variable types: 0 continuous, 61589 integer (61589 binary)
Coefficient statistics:
  Matrix range     [1e+00, 2e+01]
  Objective range  [1e+00, 1e+00]
  Bounds range     [1e+00, 1e+00]
  RHS range        [8e+01, 8e+01]
Found heuristic solution: objective 0
Presolve time: 0.21s
Presolved: 11698 rows, 61589 columns, 123178 nonzeros
Variable types: 0 continuous, 61589 integer (61589 binary)
Presolved: 11698 rows, 61589 columns, 123178 nonzeros

Root barrier log...

Ordering time: 0.01s

Barrier statistics:
 AA' NZ     : 6.159e+04
 Factor NZ  : 2.488e+05 (roughly 30 MBytes of memory)
 Factor Ops : 3.908e+07 (less than 1 second per iteration)
 Threads    : 1

                  Objective                Residual
Iter       Primal          Dual         Primal    Dual     Compl     Time
   0  -2.99329055e+04 -5.19920676e+04  1.12e+02 0.00e+00  3.54e+00     0s
   1  -1.11462210e+04 -3.95790947e+04  2.58e+01 8.88e-16  8.62e-01     0s
   2  -6.23823029e+03 -2.09529264e+04  5.65e+00 8.88e-16  2.12e-01     0s
   3  -4.78108579e+03 -8.36995560e+03  2.34e-01 1.33e-15  3.09e-02     0s
   4  -4.83454593e+03 -5.27267442e+03  8.66e-04 2.44e-15  3.55e-03     0s
   5  -4.85708594e+03 -5.02078473e+03  4.76e-04 1.11e-15  1.33e-03     0s
   6  -4.86399812e+03 -4.95577553e+03  3.68e-04 5.16e-16  7.44e-04     0s
   7  -4.87062540e+03 -4.91809605e+03  2.75e-04 6.66e-16  3.85e-04     1s
   8  -4.87475654e+03 -4.90586659e+03  2.12e-04 6.17e-16  2.53e-04     1s
   9  -4.87816177e+03 -4.89604505e+03  1.61e-04 5.16e-16  1.45e-04     1s
  10  -4.88203158e+03 -4.89226581e+03  1.09e-04 5.95e-16  8.33e-05     1s
  11  -4.88400016e+03 -4.89047229e+03  8.23e-05 4.61e-16  5.28e-05     1s
  12  -4.88508931e+03 -4.88993247e+03  6.43e-05 5.92e-16  3.95e-05     1s
  13  -4.88638010e+03 -4.88963976e+03  4.31e-05 5.37e-16  2.66e-05     1s
  14  -4.88664771e+03 -4.88959042e+03  3.87e-05 5.93e-16  2.40e-05     1s
  15  -4.88725473e+03 -4.88936037e+03  2.98e-05 5.08e-16  1.72e-05     1s
  16  -4.88765075e+03 -4.88918805e+03  2.41e-05 8.88e-16  1.26e-05     1s
  17  -4.88842072e+03 -4.88913374e+03  1.08e-05 6.66e-16  5.82e-06     1s
  18  -4.88861876e+03 -4.88910885e+03  7.48e-06 6.66e-16  4.00e-06     1s
  19  -4.88892528e+03 -4.88907901e+03  2.33e-06 6.24e-16  1.26e-06     1s
  20  -4.88906358e+03 -4.88906788e+03  2.68e-08 8.88e-16  3.49e-08     1s
  21  -4.88906583e+03 -4.88906583e+03  2.21e-14 8.88e-16  3.49e-11     1s

Barrier solved model in 21 iterations and 0.90 seconds
Optimal objective -4.88906583e+03


Root relaxation: objective -4.889066e+03, 46941 iterations, 1.10 seconds

    Nodes    |    Current Node    |     Objective Bounds      |     Work
 Expl Unexpl |  Obj  Depth IntInf | Incumbent    BestBd   Gap | It/Node Time

     0     0 -4889.0658    0  294    0.00000 -4889.0658      -     -    1s
H    0     0                    -4854.973200 -4889.0658  0.70%     -    1s

Explored 0 nodes (67049 simplex iterations) in 1.91 seconds
Thread count was 20 (of 20 available processors)

Solution count 2: -4854.97 0 
Pool objective bound -4889.07

Optimal solution found (tolerance 5.00e-02)
Best objective -4.854973200000e+03, best bound -4.889065829200e+03, gap 0.7022%
Changed value of parameter MIPGap to 0.05
   Prev: 0.0001  Min: 0.0  Max: 1e+100  Default: 0.0001
Changed value of parameter TimeLimit to 1800.0
   Prev: 1e+100  Min: 0.0  Max: 1e+100  Default: 1e+100
Changed value of parameter Method to 2
   Prev: -1  Min: -1  Max: 4  Default: -1
Changed value of parameter MIPFocus to 1
   Prev: 0  Min: 0  Max: 3  Default: 0
Optimize a model with 11698 rows, 61589 columns and 123178 nonzeros
Variable types: 0 continuous, 61589 integer (61589 binary)
Coefficient statistics:
  Matrix range     [1e+00, 2e+01]
  Objective range  [1e+00, 1e+00]
  Bounds range     [1e+00, 1e+00]
  RHS range        [8e+01, 8e+01]
Found heuristic solution: objective 0
Presolve time: 0.21s
Presolved: 11698 rows, 61589 columns, 123178 nonzeros
Variable types: 0 continuous, 61589 integer (61589 binary)
Presolved: 11698 rows, 61589 columns, 123178 nonzeros

Root barrier log...

Ordering time: 0.01s

Barrier statistics:
 AA' NZ     : 6.159e+04
 Factor NZ  : 2.488e+05 (roughly 30 MBytes of memory)
 Factor Ops : 3.908e+07 (less than 1 second per iteration)
 Threads    : 1

                  Objective                Residual
Iter       Primal          Dual         Primal    Dual     Compl     Time
   0  -3.09964994e+04 -5.23910112e+04  1.12e+02 0.00e+00  3.56e+00     0s
   1  -1.15338062e+04 -3.99398788e+04  2.59e+01 8.88e-16  8.69e-01     0s
   2  -6.51170320e+03 -2.13460263e+04  6.05e+00 1.05e-15  2.21e-01     0s
   3  -4.89543417e+03 -8.54628556e+03  2.22e-01 1.11e-15  3.13e-02     0s
   4  -4.95225906e+03 -5.51215481e+03  6.09e-04 5.33e-15  4.53e-03     0s
   5  -4.97741530e+03 -5.15103316e+03  2.96e-04 1.55e-15  1.41e-03     0s
   6  -4.98627426e+03 -5.07394691e+03  2.08e-04 9.62e-16  7.10e-04     0s
   7  -4.99511869e+03 -5.04684235e+03  1.27e-04 6.04e-16  4.19e-04     1s
   8  -4.99780602e+03 -5.03032630e+03  9.88e-05 6.66e-16  2.64e-04     1s
   9  -5.00090307e+03 -5.01955847e+03  7.03e-05 6.66e-16  1.51e-04     1s
  10  -5.00365247e+03 -5.01256383e+03  4.54e-05 5.14e-16  7.23e-05     1s
  11  -5.00476210e+03 -5.01020148e+03  3.39e-05 4.79e-16  4.42e-05     1s
  12  -5.00564847e+03 -5.00922859e+03  2.49e-05 6.66e-16  2.91e-05     1s
  13  -5.00637660e+03 -5.00881324e+03  1.73e-05 7.54e-16  1.98e-05     1s
  14  -5.00670962e+03 -5.00859892e+03  1.38e-05 6.66e-16  1.54e-05     1s
  15  -5.00692645e+03 -5.00855801e+03  1.17e-05 7.45e-16  1.33e-05     1s
  16  -5.00754732e+03 -5.00838432e+03  5.53e-06 6.66e-16  6.80e-06     1s
  17  -5.00775116e+03 -5.00817755e+03  3.64e-06 7.49e-16  3.47e-06     1s
  18  -5.00801738e+03 -5.00814419e+03  8.95e-07 6.74e-16  1.03e-06     1s
  19  -5.00803656e+03 -5.00812786e+03  7.11e-07 7.49e-16  7.43e-07     1s
  20  -5.00809559e+03 -5.00811652e+03  1.49e-07 5.42e-16  1.70e-07     1s
  21  -5.00811103e+03 -5.00811202e+03  9.36e-10 9.20e-16  8.06e-09     1s
  22  -5.00811135e+03 -5.00811135e+03  1.30e-12 6.66e-16  1.85e-11     1s

Barrier solved model in 22 iterations and 0.92 seconds
Optimal objective -5.00811135e+03


Root relaxation: objective -5.008111e+03, 46954 iterations, 1.03 seconds

    Nodes    |    Current Node    |     Objective Bounds      |     Work
 Expl Unexpl |  Obj  Depth IntInf | Incumbent    BestBd   Gap | It/Node Time

     0     0 -5008.1114    0  474    0.00000 -5008.1114      -     -    1s
H    0     0                    -4950.632800 -5008.1114  1.16%     -    1s

Explored 0 nodes (54159 simplex iterations) in 1.78 seconds
Thread count was 20 (of 20 available processors)

Solution count 2: -4950.63 0 
Pool objective bound -5008.11

Optimal solution found (tolerance 5.00e-02)
Best objective -4.950632800000e+03, best bound -5.008111351223e+03, gap 1.1610%
Changed value of parameter MIPGap to 0.05
   Prev: 0.0001  Min: 0.0  Max: 1e+100  Default: 0.0001
Changed value of parameter TimeLimit to 1800.0
   Prev: 1e+100  Min: 0.0  Max: 1e+100  Default: 1e+100
Changed value of parameter Method to 2
   Prev: -1  Min: -1  Max: 4  Default: -1
Changed value of parameter MIPFocus to 1
   Prev: 0  Min: 0  Max: 3  Default: 0
Optimize a model with 11698 rows, 61589 columns and 123178 nonzeros
Variable types: 0 continuous, 61589 integer (61589 binary)
Coefficient statistics:
  Matrix range     [1e+00, 2e+01]
  Objective range  [1e+00, 1e+00]
  Bounds range     [1e+00, 1e+00]
  RHS range        [8e+01, 8e+01]
Found heuristic solution: objective 0
Presolve time: 0.21s
Presolved: 11698 rows, 61589 columns, 123178 nonzeros
Variable types: 0 continuous, 61589 integer (61589 binary)
Presolved: 11698 rows, 61589 columns, 123178 nonzeros

Root barrier log...

Ordering time: 0.01s

Barrier statistics:
 AA' NZ     : 6.159e+04
 Factor NZ  : 2.488e+05 (roughly 30 MBytes of memory)
 Factor Ops : 3.908e+07 (less than 1 second per iteration)
 Threads    : 1

                  Objective                Residual
Iter       Primal          Dual         Primal    Dual     Compl     Time
   0  -3.15282899e+04 -5.26198619e+04  1.12e+02 0.00e+00  3.57e+00     0s
   1  -1.17273169e+04 -4.01413682e+04  2.59e+01 8.88e-16  8.73e-01     0s
   2  -6.64529721e+03 -2.15494958e+04  6.17e+00 9.44e-16  2.24e-01     0s
   3  -4.95028776e+03 -8.70060413e+03  2.14e-01 1.55e-15  3.21e-02     0s
   4  -5.00850198e+03 -5.57746366e+03  4.68e-03 1.11e-15  4.62e-03     0s
   5  -5.03503590e+03 -5.22495943e+03  2.36e-03 6.66e-16  1.55e-03     0s
   6  -5.04476272e+03 -5.13184526e+03  1.64e-03 6.66e-16  7.11e-04     0s
   7  -5.05156733e+03 -5.08991334e+03  1.15e-03 6.68e-16  3.15e-04     1s
   8  -5.05460745e+03 -5.08221261e+03  9.33e-04 6.66e-16  2.27e-04     1s
   9  -5.05866963e+03 -5.07621528e+03  6.60e-04 5.09e-16  1.45e-04     1s
  10  -5.06070704e+03 -5.07204262e+03  5.34e-04 5.35e-16  9.39e-05     1s
  11  -5.06114819e+03 -5.07010643e+03  5.01e-04 6.66e-16  7.45e-05     1s
  12  -5.06282367e+03 -5.06942012e+03  3.74e-04 6.98e-16  5.49e-05     1s
  13  -5.06413408e+03 -5.06878043e+03  2.74e-04 6.66e-16  3.87e-05     1s
  14  -5.06501798e+03 -5.06855829e+03  2.06e-04 6.30e-16  2.95e-05     1s
  15  -5.06542922e+03 -5.06810296e+03  1.75e-04 6.66e-16  2.23e-05     1s
  16  -5.06621284e+03 -5.06790862e+03  1.20e-04 8.88e-16  1.42e-05     1s
  17  -5.06727912e+03 -5.06786464e+03  3.73e-05 8.45e-16  4.89e-06     1s
  18  -5.06771411e+03 -5.06781944e+03  4.19e-06 6.97e-16  8.69e-07     1s
  19  -5.06777159e+03 -5.06777217e+03  8.86e-09 6.48e-16  4.74e-09     1s
  20  -5.06777176e+03 -5.06777176e+03  6.63e-14 6.71e-16  1.18e-14     1s

Barrier solved model in 20 iterations and 0.89 seconds
Optimal objective -5.06777176e+03


Root relaxation: objective -5.067772e+03, 47073 iterations, 1.08 seconds

    Nodes    |    Current Node    |     Objective Bounds      |     Work
 Expl Unexpl |  Obj  Depth IntInf | Incumbent    BestBd   Gap | It/Node Time

     0     0 -5067.7718    0  304    0.00000 -5067.7718      -     -    1s
H    0     0                    -5031.944500 -5067.7718  0.71%     -    1s

Explored 0 nodes (62918 simplex iterations) in 1.89 seconds
Thread count was 20 (of 20 available processors)

Solution count 2: -5031.94 0 
Pool objective bound -5067.77

Optimal solution found (tolerance 5.00e-02)
Best objective -5.031944500000e+03, best bound -5.067771758641e+03, gap 0.7120%
Changed value of parameter MIPGap to 0.05
   Prev: 0.0001  Min: 0.0  Max: 1e+100  Default: 0.0001
Changed value of parameter TimeLimit to 1800.0
   Prev: 1e+100  Min: 0.0  Max: 1e+100  Default: 1e+100
Changed value of parameter Method to 2
   Prev: -1  Min: -1  Max: 4  Default: -1
Changed value of parameter MIPFocus to 1
   Prev: 0  Min: 0  Max: 3  Default: 0
Optimize a model with 11698 rows, 61589 columns and 123178 nonzeros
Variable types: 0 continuous, 61589 integer (61589 binary)
Coefficient statistics:
  Matrix range     [1e+00, 2e+01]
  Objective range  [1e+00, 2e+00]
  Bounds range     [1e+00, 1e+00]
  RHS range        [8e+01, 8e+01]
Found heuristic solution: objective 0
Presolve time: 0.21s
Presolved: 11698 rows, 61589 columns, 123178 nonzeros
Variable types: 0 continuous, 61589 integer (61589 binary)
Presolved: 11698 rows, 61589 columns, 123178 nonzeros

Root barrier log...

Ordering time: 0.01s

Barrier statistics:
 AA' NZ     : 6.159e+04
 Factor NZ  : 2.488e+05 (roughly 30 MBytes of memory)
 Factor Ops : 3.908e+07 (less than 1 second per iteration)
 Threads    : 1

                  Objective                Residual
Iter       Primal          Dual         Primal    Dual     Compl     Time
   0  -3.41878969e+04 -5.67495390e+04  1.12e+02 0.00e+00  3.85e+00     0s
   1  -1.25785147e+04 -4.32927863e+04  2.58e+01 8.88e-16  9.39e-01     0s
   2  -7.16326829e+03 -2.34646011e+04  6.48e+00 1.17e-15  2.50e-01     0s
   3  -5.25422649e+03 -9.66075880e+03  2.22e-01 1.11e-15  3.76e-02     0s
   4  -5.30817650e+03 -6.04344642e+03  2.21e-02 1.16e-15  6.05e-03     0s
   5  -5.33572984e+03 -5.59065140e+03  1.04e-02 7.49e-16  2.11e-03     0s
   6  -5.34609296e+03 -5.48233576e+03  6.95e-03 8.91e-16  1.13e-03     0s
   7  -5.35317091e+03 -5.43016382e+03  4.83e-03 7.68e-16  6.42e-04     1s
   8  -5.35602654e+03 -5.40897622e+03  3.89e-03 8.82e-16  4.44e-04     1s
   9  -5.35905590e+03 -5.38907970e+03  3.01e-03 8.24e-16  2.55e-04     1s
  10  -5.36207347e+03 -5.38022993e+03  2.18e-03 6.66e-16  1.55e-04     1s
  11  -5.36291214e+03 -5.37568991e+03  1.88e-03 7.58e-16  1.11e-04     1s
  12  -5.36424403e+03 -5.37273175e+03  1.41e-03 7.58e-16  7.42e-05     1s
  13  -5.36562471e+03 -5.37044217e+03  9.37e-04 7.27e-16  4.27e-05     1s
  14  -5.36619411e+03 -5.36991767e+03  7.41e-04 6.10e-16  3.30e-05     1s
  15  -5.36690475e+03 -5.36908704e+03  5.01e-04 6.69e-16  1.96e-05     1s
  16  -5.36749143e+03 -5.36872792e+03  3.10e-04 6.52e-16  1.12e-05     1s
  17  -5.36774657e+03 -5.36850375e+03  2.23e-04 6.03e-16  7.00e-06     1s
  18  -5.36801762e+03 -5.36846474e+03  1.31e-04 7.15e-16  4.13e-06     1s
  19  -5.36822969e+03 -5.36844017e+03  5.94e-05 6.08e-16  1.94e-06     1s
  20  -5.36840346e+03 -5.36841837e+03  2.03e-06 6.66e-16  1.29e-07     1s
  21  -5.36840985e+03 -5.36840999e+03  5.06e-09 7.64e-16  1.20e-09     1s
  22  -5.36840988e+03 -5.36840988e+03  2.45e-12 5.30e-16  1.12e-13     1s

Barrier solved model in 22 iterations and 0.92 seconds
Optimal objective -5.36840988e+03


Root relaxation: objective -5.368410e+03, 47657 iterations, 1.11 seconds

    Nodes    |    Current Node    |     Objective Bounds      |     Work
 Expl Unexpl |  Obj  Depth IntInf | Incumbent    BestBd   Gap | It/Node Time

     0     0 -5368.4099    0  504    0.00000 -5368.4099      -     -    1s
H    0     0                    -5307.325000 -5368.4099  1.15%     -    1s

Explored 0 nodes (54908 simplex iterations) in 1.86 seconds
Thread count was 20 (of 20 available processors)

Solution count 2: -5307.33 0 
Pool objective bound -5368.41

Optimal solution found (tolerance 5.00e-02)
Best objective -5.307325000000e+03, best bound -5.368409875792e+03, gap 1.1510%
Changed value of parameter MIPGap to 0.05
   Prev: 0.0001  Min: 0.0  Max: 1e+100  Default: 0.0001
Changed value of parameter TimeLimit to 1800.0
   Prev: 1e+100  Min: 0.0  Max: 1e+100  Default: 1e+100
Changed value of parameter Method to 2
   Prev: -1  Min: -1  Max: 4  Default: -1
Changed value of parameter MIPFocus to 1
   Prev: 0  Min: 0  Max: 3  Default: 0
Optimize a model with 11698 rows, 61589 columns and 123178 nonzeros
Variable types: 0 continuous, 61589 integer (61589 binary)
Coefficient statistics:
  Matrix range     [1e+00, 2e+01]
  Objective range  [1e+00, 3e+00]
  Bounds range     [1e+00, 1e+00]
  RHS range        [8e+01, 8e+01]
Found heuristic solution: objective 0
Presolve time: 0.21s
Presolved: 11698 rows, 61589 columns, 123178 nonzeros
Variable types: 0 continuous, 61589 integer (61589 binary)
Presolved: 11698 rows, 61589 columns, 123178 nonzeros

Root barrier log...

Ordering time: 0.01s

Barrier statistics:
 AA' NZ     : 6.159e+04
 Factor NZ  : 2.488e+05 (roughly 30 MBytes of memory)
 Factor Ops : 3.908e+07 (less than 1 second per iteration)
 Threads    : 1

                  Objective                Residual
Iter       Primal          Dual         Primal    Dual     Compl     Time
   0  -3.95115059e+04 -8.76354467e+04  1.12e+02 0.00e+00  6.13e+00     0s
   1  -1.42656428e+04 -6.58711882e+04  2.60e+01 1.33e-15  1.50e+00     0s
   2  -7.62457397e+03 -3.18389618e+04  5.51e+00 1.78e-15  3.41e-01     0s
   3  -5.73839028e+03 -1.12490368e+04  8.88e-16 2.22e-15  4.46e-02     0s
   4  -5.87584479e+03 -6.74570467e+03  5.55e-16 1.33e-15  7.03e-03     0s
   5  -5.91189877e+03 -6.32758709e+03  4.44e-16 8.88e-16  3.36e-03     0s
   6  -5.93321338e+03 -6.13049934e+03  8.88e-16 8.88e-16  1.60e-03     0s
   7  -5.95054262e+03 -6.05869662e+03  1.89e-15 8.88e-16  8.74e-04     1s
   8  -5.95883466e+03 -6.03398056e+03  1.78e-15 8.88e-16  6.08e-04     1s
   9  -5.96445679e+03 -6.01101389e+03  1.89e-15 8.88e-16  3.76e-04     1s
  10  -5.97431046e+03 -6.00065644e+03  5.55e-15 8.88e-16  2.13e-04     1s
  11  -5.97772810e+03 -5.99369016e+03  1.20e-14 8.88e-16  1.29e-04     1s
  12  -5.98045297e+03 -5.99144752e+03  1.10e-14 8.88e-16  8.89e-05     1s
  13  -5.98331847e+03 -5.99051266e+03  2.49e-14 9.78e-16  5.82e-05     1s
  14  -5.98561683e+03 -5.99001378e+03  1.27e-13 8.88e-16  3.56e-05     1s
  15  -5.98656208e+03 -5.98901151e+03  8.83e-14 8.88e-16  1.98e-05     1s
  16  -5.98775005e+03 -5.98871807e+03  2.13e-13 8.88e-16  7.83e-06     1s
  17  -5.98794386e+03 -5.98862000e+03  2.65e-13 8.88e-16  5.47e-06     1s
  18  -5.98845107e+03 -5.98857396e+03  3.56e-13 8.88e-16  9.94e-07     1s
  19  -5.98853882e+03 -5.98854030e+03  1.17e-13 8.88e-16  1.20e-08     1s
  20  -5.98853960e+03 -5.98853960e+03  2.14e-13 8.88e-16  2.70e-14     1s

Barrier solved model in 20 iterations and 0.87 seconds
Optimal objective -5.98853960e+03


Root relaxation: objective -5.988540e+03, 46943 iterations, 1.12 seconds

    Nodes    |    Current Node    |     Objective Bounds      |     Work
 Expl Unexpl |  Obj  Depth IntInf | Incumbent    BestBd   Gap | It/Node Time

     0     0 -5988.5396    0  601    0.00000 -5988.5396      -     -    1s
H    0     0                    -5889.846000 -5988.5396  1.68%     -    1s

Explored 0 nodes (54283 simplex iterations) in 1.83 seconds
Thread count was 20 (of 20 available processors)

Solution count 2: -5889.85 0 
Pool objective bound -5988.54

Optimal solution found (tolerance 5.00e-02)
Best objective -5.889846000000e+03, best bound -5.988539596285e+03, gap 1.6757%
Changed value of parameter MIPGap to 0.05
   Prev: 0.0001  Min: 0.0  Max: 1e+100  Default: 0.0001
Changed value of parameter TimeLimit to 1800.0
   Prev: 1e+100  Min: 0.0  Max: 1e+100  Default: 1e+100
Changed value of parameter Method to 2
   Prev: -1  Min: -1  Max: 4  Default: -1
Changed value of parameter MIPFocus to 1
   Prev: 0  Min: 0  Max: 3  Default: 0
Optimize a model with 11698 rows, 61589 columns and 123178 nonzeros
Variable types: 0 continuous, 61589 integer (61589 binary)
Coefficient statistics:
  Matrix range     [1e+00, 2e+01]
  Objective range  [1e+00, 5e+00]
  Bounds range     [1e+00, 1e+00]
  RHS range        [8e+01, 8e+01]
Found heuristic solution: objective 0
Presolve time: 0.21s
Presolved: 11698 rows, 61589 columns, 123178 nonzeros
Variable types: 0 continuous, 61589 integer (61589 binary)
Presolved: 11698 rows, 61589 columns, 123178 nonzeros

Root barrier log...

Ordering time: 0.01s

Barrier statistics:
 AA' NZ     : 6.159e+04
 Factor NZ  : 2.488e+05 (roughly 30 MBytes of memory)
 Factor Ops : 3.908e+07 (less than 1 second per iteration)
 Threads    : 1

                  Objective                Residual
Iter       Primal          Dual         Primal    Dual     Compl     Time
   0  -5.01567929e+04 -1.55563473e+05  1.12e+02 2.22e-16  1.12e+01     0s
   1  -1.69776685e+04 -1.15917271e+05  2.41e+01 2.66e-15  2.60e+00     0s
   2  -8.56325661e+03 -4.63421461e+04  3.78e+00 2.66e-15  4.67e-01     0s
   3  -6.95641299e+03 -1.43602484e+04  5.09e-03 2.22e-15  6.00e-02     0s
   4  -7.06895396e+03 -8.87098755e+03  1.49e-03 1.78e-15  1.46e-02     0s
   5  -7.11660325e+03 -8.10284195e+03  1.01e-03 1.36e-15  7.99e-03     0s
   6  -7.15917818e+03 -7.68042855e+03  6.74e-04 1.78e-15  4.22e-03     0s
   7  -7.21078262e+03 -7.43653470e+03  3.47e-04 1.78e-15  1.83e-03     1s
   8  -7.21421548e+03 -7.41159870e+03  3.26e-04 1.78e-15  1.60e-03     1s
   9  -7.22600006e+03 -7.35478527e+03  2.61e-04 8.88e-16  1.04e-03     1s
  10  -7.23804222e+03 -7.32964268e+03  2.03e-04 1.78e-15  7.43e-04     1s
  11  -7.24530967e+03 -7.30042098e+03  1.68e-04 1.78e-15  4.48e-04     1s
  12  -7.24843616e+03 -7.29355038e+03  1.49e-04 9.64e-16  3.67e-04     1s
  13  -7.25096382e+03 -7.28899910e+03  1.34e-04 9.17e-16  3.09e-04     1s
  14  -7.25506262e+03 -7.28489135e+03  1.09e-04 1.78e-15  2.43e-04     1s
  15  -7.25810964e+03 -7.27945558e+03  9.13e-05 1.78e-15  1.74e-04     1s
  16  -7.26139067e+03 -7.27713367e+03  7.64e-05 1.78e-15  1.28e-04     1s
  17  -7.26294145e+03 -7.27651022e+03  6.69e-05 1.78e-15  1.11e-04     1s
  18  -7.26553073e+03 -7.27581313e+03  5.11e-05 1.18e-15  8.38e-05     1s
  19  -7.26676787e+03 -7.27510119e+03  4.35e-05 8.88e-16  6.79e-05     1s
  20  -7.26892728e+03 -7.27482945e+03  3.03e-05 9.34e-16  4.81e-05     1s
  21  -7.26995154e+03 -7.27438618e+03  2.41e-05 1.78e-15  3.62e-05     1s
  22  -7.27097766e+03 -7.27433257e+03  1.79e-05 1.78e-15  2.73e-05     1s
  23  -7.27252177e+03 -7.27428045e+03  8.84e-06 1.78e-15  1.43e-05     1s
  24  -7.27317356e+03 -7.27422540e+03  6.38e-06 1.78e-15  8.57e-06     1s
  25  -7.27348437e+03 -7.27417606e+03  4.56e-06 1.78e-15  5.64e-06     1s
  26  -7.27367398e+03 -7.27416042e+03  3.11e-06 9.23e-16  3.97e-06     1s
  27  -7.27379194e+03 -7.27412402e+03  2.20e-06 1.78e-15  2.71e-06     1s
  28  -7.27387165e+03 -7.27410722e+03  1.59e-06 1.78e-15  1.92e-06     1s
  29  -7.27402695e+03 -7.27410185e+03  4.27e-07 1.78e-15  6.10e-07     1s
  30  -7.27408631e+03 -7.27408900e+03  7.41e-13 1.78e-15  2.18e-08     1s
  31  -7.27408655e+03 -7.27408657e+03  2.12e-13 1.78e-15  1.44e-10     1s

Barrier solved model in 31 iterations and 1.17 seconds
Optimal objective -7.27408655e+03


Root relaxation: objective -7.274087e+03, 46245 iterations, 1.17 seconds

    Nodes    |    Current Node    |     Objective Bounds      |     Work
 Expl Unexpl |  Obj  Depth IntInf | Incumbent    BestBd   Gap | It/Node Time

     0     0 -7274.0866    0  586    0.00000 -7274.0866      -     -    1s
H    0     0                    -7147.816000 -7274.0866  1.77%     -    1s

Explored 0 nodes (56616 simplex iterations) in 1.96 seconds
Thread count was 20 (of 20 available processors)

Solution count 2: -7147.82 0 
Pool objective bound -7274.09

Optimal solution found (tolerance 5.00e-02)
Best objective -7.147816000000e+03, best bound -7.274086556509e+03, gap 1.7666%
Changed value of parameter MIPGap to 0.05
   Prev: 0.0001  Min: 0.0  Max: 1e+100  Default: 0.0001
Changed value of parameter TimeLimit to 1800.0
   Prev: 1e+100  Min: 0.0  Max: 1e+100  Default: 1e+100
Changed value of parameter Method to 2
   Prev: -1  Min: -1  Max: 4  Default: -1
Changed value of parameter MIPFocus to 1
   Prev: 0  Min: 0  Max: 3  Default: 0
Optimize a model with 11698 rows, 61589 columns and 123178 nonzeros
Variable types: 0 continuous, 61589 integer (61589 binary)
Coefficient statistics:
  Matrix range     [1e+00, 2e+01]
  Objective range  [1e+00, 6e+00]
  Bounds range     [1e+00, 1e+00]
  RHS range        [8e+01, 8e+01]
Found heuristic solution: objective 0
Presolve time: 0.21s
Presolved: 11698 rows, 61589 columns, 123178 nonzeros
Variable types: 0 continuous, 61589 integer (61589 binary)
Presolved: 11698 rows, 61589 columns, 123178 nonzeros

Root barrier log...

Ordering time: 0.01s

Barrier statistics:
 AA' NZ     : 6.159e+04
 Factor NZ  : 2.488e+05 (roughly 30 MBytes of memory)
 Factor Ops : 3.908e+07 (less than 1 second per iteration)
 Threads    : 1

                  Objective                Residual
Iter       Primal          Dual         Primal    Dual     Compl     Time
   0  -5.54790393e+04 -1.90616065e+05  1.12e+02 6.66e-16  1.38e+01     0s
   1  -1.83065869e+04 -1.41752481e+05  2.34e+01 3.55e-15  3.13e+00     0s
   2  -9.29666609e+03 -5.50292684e+04  3.70e+00 3.55e-15  5.60e-01     0s
   3  -7.57385070e+03 -1.62549778e+04  4.97e-03 2.44e-15  7.03e-02     0s
   4  -7.67967636e+03 -1.02617669e+04  1.87e-03 1.82e-15  2.09e-02     0s
   5  -7.71970236e+03 -9.22422566e+03  1.44e-03 1.81e-15  1.22e-02     0s
   6  -7.74949337e+03 -8.72418227e+03  1.16e-03 1.78e-15  7.90e-03     0s
   7  -7.81191323e+03 -8.29853829e+03  6.12e-04 1.27e-15  3.94e-03     1s
   8  -7.82501558e+03 -8.10860398e+03  5.27e-04 1.78e-15  2.30e-03     1s
   9  -7.84166070e+03 -8.05645630e+03  4.37e-04 1.78e-15  1.74e-03     1s
  10  -7.85727672e+03 -8.04281952e+03  3.44e-04 1.78e-15  1.50e-03     1s
  11  -7.86629428e+03 -7.98145365e+03  2.90e-04 1.78e-15  9.35e-04     1s
  12  -7.87402376e+03 -7.96192677e+03  2.47e-04 9.61e-16  7.14e-04     1s
  13  -7.88579230e+03 -7.94307817e+03  1.93e-04 1.78e-15  4.66e-04     1s
  14  -7.88985236e+03 -7.93621669e+03  1.69e-04 1.80e-15  3.77e-04     1s
  15  -7.89430211e+03 -7.93124105e+03  1.47e-04 1.78e-15  3.00e-04     1s
  16  -7.89721466e+03 -7.92917804e+03  1.39e-04 1.78e-15  2.60e-04     1s
  17  -7.90177471e+03 -7.92570343e+03  1.09e-04 1.78e-15  1.95e-04     1s
  18  -7.90468050e+03 -7.92408706e+03  9.10e-05 1.78e-15  1.58e-04     1s
  19  -7.90684224e+03 -7.92273406e+03  7.75e-05 1.78e-15  1.29e-04     1s
  20  -7.90726095e+03 -7.92221481e+03  7.49e-05 1.78e-15  1.22e-04     1s
  21  -7.91005161e+03 -7.92080244e+03  5.75e-05 1.78e-15  8.76e-05     1s
  22  -7.91199832e+03 -7.92018047e+03  4.75e-05 1.78e-15  6.67e-05     1s
  23  -7.91448406e+03 -7.91998592e+03  3.14e-05 1.78e-15  4.48e-05     1s
  24  -7.91530073e+03 -7.91983156e+03  2.61e-05 1.78e-15  3.69e-05     1s
  25  -7.91632374e+03 -7.91966754e+03  1.96e-05 1.78e-15  2.73e-05     1s
  26  -7.91645311e+03 -7.91958633e+03  1.88e-05 1.78e-15  2.55e-05     1s
  27  -7.91713366e+03 -7.91956030e+03  1.44e-05 1.78e-15  1.98e-05     1s
  28  -7.91763569e+03 -7.91951351e+03  1.12e-05 1.78e-15  1.53e-05     1s
  29  -7.91853597e+03 -7.91950791e+03  5.90e-06 1.78e-15  7.92e-06     1s
  30  -7.91873268e+03 -7.91947605e+03  4.61e-06 1.78e-15  6.06e-06     1s
  31  -7.91876955e+03 -7.91946385e+03  4.37e-06 1.78e-15  5.66e-06     1s
  32  -7.91888704e+03 -7.91946008e+03  3.58e-06 1.78e-15  4.67e-06     1s
  33  -7.91909417e+03 -7.91946053e+03  2.22e-06 1.78e-15  2.99e-06     1s
  34  -7.91916806e+03 -7.91945421e+03  1.73e-06 1.78e-15  2.33e-06     1s
  35  -7.91933818e+03 -7.91944650e+03  6.26e-07 8.88e-16  8.83e-07     1s
  36  -7.91943894e+03 -7.91944028e+03  1.20e-09 1.78e-15  1.09e-08     1s
  37  -7.91943944e+03 -7.91943945e+03  5.37e-13 1.78e-15  5.59e-11     1s

Barrier solved model in 37 iterations and 1.34 seconds
Optimal objective -7.91943944e+03


Root relaxation: objective -7.919439e+03, 46214 iterations, 1.35 seconds

    Nodes    |    Current Node    |     Objective Bounds      |     Work
 Expl Unexpl |  Obj  Depth IntInf | Incumbent    BestBd   Gap | It/Node Time

     0     0 -7919.4394    0  370    0.00000 -7919.4394      -     -    2s
H    0     0                    -7830.050000 -7919.4394  1.14%     -    2s

Explored 0 nodes (66700 simplex iterations) in 2.26 seconds
Thread count was 20 (of 20 available processors)

Solution count 2: -7830.05 0 
Pool objective bound -7919.44

Optimal solution found (tolerance 5.00e-02)
Best objective -7.830050000000e+03, best bound -7.919439441877e+03, gap 1.1416%
Changed value of parameter MIPGap to 0.05
   Prev: 0.0001  Min: 0.0  Max: 1e+100  Default: 0.0001
Changed value of parameter TimeLimit to 1800.0
   Prev: 1e+100  Min: 0.0  Max: 1e+100  Default: 1e+100
Changed value of parameter Method to 2
   Prev: -1  Min: -1  Max: 4  Default: -1
Changed value of parameter MIPFocus to 1
   Prev: 0  Min: 0  Max: 3  Default: 0
Optimize a model with 11698 rows, 61589 columns and 123178 nonzeros
Variable types: 0 continuous, 61589 integer (61589 binary)
Coefficient statistics:
  Matrix range     [1e+00, 2e+01]
  Objective range  [1e+00, 1e+01]
  Bounds range     [1e+00, 1e+00]
  RHS range        [8e+01, 8e+01]
Found heuristic solution: objective 0
Presolve time: 0.21s
Presolved: 11698 rows, 61589 columns, 123178 nonzeros
Variable types: 0 continuous, 61589 integer (61589 binary)
Presolved: 11698 rows, 61589 columns, 123178 nonzeros

Root barrier log...

Ordering time: 0.01s

Barrier statistics:
 AA' NZ     : 6.159e+04
 Factor NZ  : 2.488e+05 (roughly 30 MBytes of memory)
 Factor Ops : 3.908e+07 (less than 1 second per iteration)
 Threads    : 1

                  Objective                Residual
Iter       Primal          Dual         Primal    Dual     Compl     Time
   0  -8.20891605e+04 -3.68967181e+05  1.12e+02 1.33e-15  2.70e+01     0s
   1  -2.64151426e+04 -2.73099301e+05  2.32e+01 7.11e-15  6.12e+00     0s
   2  -1.26594738e+04 -1.03243151e+05  2.88e+00 5.33e-15  1.02e+00     0s
   3  -1.07556364e+04 -4.20213685e+04  7.10e-03 5.33e-15  2.53e-01     0s
   4  -1.09430076e+04 -1.80421273e+04  8.08e-04 3.91e-15  5.74e-02     0s
   5  -1.09985158e+04 -1.41871399e+04  2.55e-04 3.55e-15  2.58e-02     0s
   6  -1.10870031e+04 -1.22356314e+04  7.81e-05 3.55e-15  9.29e-03     1s
   7  -1.11223644e+04 -1.17756808e+04  3.89e-05 3.55e-15  5.28e-03     1s
   8  -1.11426565e+04 -1.14809521e+04  2.53e-05 3.55e-15  2.74e-03     1s
   9  -1.11526984e+04 -1.13699886e+04  1.96e-05 3.55e-15  1.76e-03     1s
  10  -1.11603935e+04 -1.12905021e+04  1.54e-05 3.55e-15  1.05e-03     1s
  11  -1.11670195e+04 -1.12505240e+04  1.18e-05 3.55e-15  6.76e-04     1s
  12  -1.11724432e+04 -1.12302042e+04  9.13e-06 3.55e-15  4.67e-04     1s
  13  -1.11759813e+04 -1.12154832e+04  7.39e-06 1.78e-15  3.20e-04     1s
  14  -1.11786511e+04 -1.12060466e+04  6.09e-06 3.55e-15  2.22e-04     1s
  15  -1.11813966e+04 -1.12016431e+04  4.84e-06 1.78e-15  1.64e-04     1s
  16  -1.11835462e+04 -1.11975378e+04  3.89e-06 3.55e-15  1.13e-04     1s
  17  -1.11846513e+04 -1.11949937e+04  3.33e-06 3.55e-15  8.38e-05     1s
  18  -1.11860537e+04 -1.11936192e+04  2.63e-06 1.78e-15  6.13e-05     1s
  19  -1.11870386e+04 -1.11928313e+04  2.13e-06 3.55e-15  4.69e-05     1s
  20  -1.11880097e+04 -1.11924023e+04  1.65e-06 3.55e-15  3.56e-05     1s
  21  -1.11886531e+04 -1.11919782e+04  1.32e-06 3.55e-15  2.69e-05     1s
  22  -1.11892920e+04 -1.11918301e+04  1.03e-06 3.55e-15  2.06e-05     1s
  23  -1.11899416e+04 -1.11917082e+04  6.94e-07 1.78e-15  1.43e-05     1s
  24  -1.11900706e+04 -1.11916502e+04  6.27e-07 3.55e-15  1.28e-05     1s
  25  -1.11904656e+04 -1.11914940e+04  4.27e-07 3.55e-15  8.33e-06     1s
  26  -1.11906224e+04 -1.11914339e+04  3.47e-07 3.55e-15  6.58e-06     1s
  27  -1.11910872e+04 -1.11913703e+04  1.12e-07 3.55e-15  2.29e-06     1s
  28  -1.11911398e+04 -1.11913491e+04  8.55e-08 3.55e-15  1.70e-06     1s
  29  -1.11911898e+04 -1.11913248e+04  6.07e-08 3.55e-15  1.09e-06     1s
  30  -1.11912534e+04 -1.11913214e+04  2.94e-08 3.55e-15  5.52e-07     1s
  31  -1.11912950e+04 -1.11913197e+04  8.73e-09 3.55e-15  2.00e-07     1s
  32  -1.11913089e+04 -1.11913145e+04  2.00e-09 3.55e-15  4.55e-08     1s
  33  -1.11913131e+04 -1.11913131e+04  6.10e-12 3.55e-15  1.13e-10     1s

Barrier solved model in 33 iterations and 1.21 seconds
Optimal objective -1.11913131e+04


Root relaxation: objective -1.119131e+04, 44234 iterations, 1.21 seconds

    Nodes    |    Current Node    |     Objective Bounds      |     Work
 Expl Unexpl |  Obj  Depth IntInf | Incumbent    BestBd   Gap | It/Node Time

     0     0 -11191.313    0  610    0.00000 -11191.313      -     -    1s
H    0     0                    -10977.38000 -11191.313  1.95%     -    1s

Explored 0 nodes (54603 simplex iterations) in 1.99 seconds
Thread count was 20 (of 20 available processors)

Solution count 2: -10977.4 0 
Pool objective bound -11191.3

Optimal solution found (tolerance 5.00e-02)
Best objective -1.097738000000e+04, best bound -1.119131000000e+04, gap 1.9488%
Changed value of parameter MIPGap to 0.05
   Prev: 0.0001  Min: 0.0  Max: 1e+100  Default: 0.0001
Changed value of parameter TimeLimit to 1800.0
   Prev: 1e+100  Min: 0.0  Max: 1e+100  Default: 1e+100
Changed value of parameter Method to 2
   Prev: -1  Min: -1  Max: 4  Default: -1
Changed value of parameter MIPFocus to 1
   Prev: 0  Min: 0  Max: 3  Default: 0
Optimize a model with 11698 rows, 61589 columns and 123178 nonzeros
Variable types: 0 continuous, 61589 integer (61589 binary)
Coefficient statistics:
  Matrix range     [1e+00, 2e+01]
  Objective range  [1e+00, 2e+01]
  Bounds range     [1e+00, 1e+00]
  RHS range        [8e+01, 8e+01]
Found heuristic solution: objective 0
Presolve time: 0.21s
Presolved: 11698 rows, 61589 columns, 123178 nonzeros
Variable types: 0 continuous, 61589 integer (61589 binary)
Presolved: 11698 rows, 61589 columns, 123178 nonzeros

Root barrier log...

Ordering time: 0.01s

Barrier statistics:
 AA' NZ     : 6.159e+04
 Factor NZ  : 2.488e+05 (roughly 30 MBytes of memory)
 Factor Ops : 3.908e+07 (less than 1 second per iteration)
 Threads    : 1

                  Objective                Residual
Iter       Primal          Dual         Primal    Dual     Compl     Time
   0  -1.35308001e+05 -7.25669414e+05  1.12e+02 2.66e-15  5.35e+01     0s
   1  -4.30960728e+04 -5.35827779e+05  2.34e+01 1.07e-14  1.22e+01     0s
   2  -2.01086637e+04 -2.01531006e+05  2.80e+00 1.15e-14  2.02e+00     0s
   3  -1.72572653e+04 -9.32053408e+04  3.78e-02 8.66e-15  6.18e-01     0s
   4  -1.75944140e+04 -3.41336862e+04  5.90e-03 7.22e-15  1.34e-01     0s
   5  -1.78156585e+04 -2.42482995e+04  1.28e-03 7.11e-15  5.21e-02     0s
   6  -1.79678616e+04 -2.17302411e+04  6.58e-04 4.60e-15  3.04e-02     1s
   7  -1.80197423e+04 -2.07913267e+04  5.62e-04 7.11e-15  2.24e-02     1s
   8  -1.81173443e+04 -2.01823363e+04  4.29e-04 7.11e-15  1.67e-02     1s
   9  -1.81955467e+04 -1.96847343e+04  3.38e-04 7.11e-15  1.21e-02     1s
  10  -1.82445344e+04 -1.93768946e+04  2.88e-04 7.11e-15  9.16e-03     1s
  11  -1.82858215e+04 -1.91591855e+04  2.49e-04 4.26e-15  7.07e-03     1s
  12  -1.83495763e+04 -1.90425000e+04  1.90e-04 7.11e-15  5.61e-03     1s
  13  -1.83840776e+04 -1.89515454e+04  1.60e-04 4.07e-15  4.59e-03     1s
  14  -1.84086928e+04 -1.88791971e+04  1.38e-04 7.11e-15  3.81e-03     1s
  15  -1.84407594e+04 -1.87884195e+04  1.12e-04 3.55e-15  2.81e-03     1s
  16  -1.84717824e+04 -1.87117529e+04  8.85e-05 7.11e-15  1.94e-03     1s
  17  -1.84888005e+04 -1.86712585e+04  7.51e-05 3.55e-15  1.48e-03     1s
  18  -1.85000898e+04 -1.86540422e+04  6.63e-05 7.11e-15  1.25e-03     1s
  19  -1.85167289e+04 -1.86352723e+04  5.33e-05 3.55e-15  9.60e-04     1s
  20  -1.85310698e+04 -1.86227236e+04  4.17e-05 7.11e-15  7.42e-04     1s
  21  -1.85433339e+04 -1.86102183e+04  3.35e-05 3.68e-15  5.42e-04     1s
  22  -1.85540341e+04 -1.86013141e+04  2.60e-05 3.55e-15  3.83e-04     1s
  23  -1.85621015e+04 -1.85959840e+04  2.04e-05 7.11e-15  2.75e-04     1s
  24  -1.85640767e+04 -1.85932905e+04  1.88e-05 3.55e-15  2.37e-04     1s
  25  -1.85651741e+04 -1.85924537e+04  1.78e-05 7.11e-15  2.21e-04     1s
  26  -1.85693421e+04 -1.85911625e+04  1.42e-05 7.11e-15  1.77e-04     1s
  27  -1.85735958e+04 -1.85901210e+04  1.08e-05 3.55e-15  1.34e-04     1s
  28  -1.85755944e+04 -1.85892556e+04  9.09e-06 7.11e-15  1.11e-04     1s
  29  -1.85785392e+04 -1.85888082e+04  6.97e-06 7.11e-15  8.32e-05     1s
  30  -1.85816053e+04 -1.85879100e+04  4.64e-06 3.55e-15  5.11e-05     1s
  31  -1.85833198e+04 -1.85876009e+04  3.09e-06 3.55e-15  3.47e-05     1s
  32  -1.85846936e+04 -1.85873408e+04  1.83e-06 7.11e-15  2.15e-05     1s
  33  -1.85857642e+04 -1.85871804e+04  9.37e-07 3.55e-15  1.15e-05     1s
  34  -1.85860756e+04 -1.85871017e+04  7.02e-07 7.11e-15  8.32e-06     1s
  35  -1.85865516e+04 -1.85870440e+04  3.29e-07 7.11e-15  3.99e-06     1s
  36  -1.85869997e+04 -1.85870194e+04  3.41e-09 7.11e-15  1.60e-07     1s
  37  -1.85870141e+04 -1.85870142e+04  8.35e-14 7.11e-15  3.61e-10     1s

Barrier solved model in 37 iterations and 1.34 seconds
Optimal objective -1.85870141e+04


Root relaxation: objective -1.858701e+04, 34446 iterations, 1.29 seconds

    Nodes    |    Current Node    |     Objective Bounds      |     Work
 Expl Unexpl |  Obj  Depth IntInf | Incumbent    BestBd   Gap | It/Node Time

     0     0 -18587.014    0  654    0.00000 -18587.014      -     -    2s
H    0     0                    -18257.62000 -18587.014  1.80%     -    2s

Explored 0 nodes (43324 simplex iterations) in 2.05 seconds
Thread count was 20 (of 20 available processors)

Solution count 2: -18257.6 0 
Pool objective bound -18587

Optimal solution found (tolerance 5.00e-02)
Best objective -1.825762000000e+04, best bound -1.858700000000e+04, gap 1.8041%
Changed value of parameter MIPGap to 0.05
   Prev: 0.0001  Min: 0.0  Max: 1e+100  Default: 0.0001
Changed value of parameter TimeLimit to 1800.0
   Prev: 1e+100  Min: 0.0  Max: 1e+100  Default: 1e+100
Changed value of parameter Method to 2
   Prev: -1  Min: -1  Max: 4  Default: -1
Changed value of parameter MIPFocus to 1
   Prev: 0  Min: 0  Max: 3  Default: 0
Optimize a model with 11698 rows, 61589 columns and 123178 nonzeros
Variable types: 0 continuous, 61589 integer (61589 binary)
Coefficient statistics:
  Matrix range     [1e+00, 2e+01]
  Objective range  [1e+00, 4e+01]
  Bounds range     [1e+00, 1e+00]
  RHS range        [8e+01, 8e+01]
Found heuristic solution: objective 0
Presolve time: 0.21s
Presolved: 11698 rows, 61589 columns, 123178 nonzeros
Variable types: 0 continuous, 61589 integer (61589 binary)
Presolved: 11698 rows, 61589 columns, 123178 nonzeros

Root barrier log...

Ordering time: 0.01s

Barrier statistics:
 AA' NZ     : 6.159e+04
 Factor NZ  : 2.488e+05 (roughly 30 MBytes of memory)
 Factor Ops : 3.908e+07 (less than 1 second per iteration)
 Threads    : 1

                  Objective                Residual
Iter       Primal          Dual         Primal    Dual     Compl     Time
   0  -2.41744957e+05 -1.43907388e+06  1.12e+02 5.33e-15  1.07e+02     0s
   1  -7.64757890e+04 -1.06133017e+06  2.35e+01 2.26e-14  2.43e+01     0s
   2  -3.50542683e+04 -3.98100997e+05  2.74e+00 2.31e-14  4.00e+00     0s
   3  -3.02981267e+04 -1.96108328e+05  3.43e-02 1.62e-14  1.35e+00     0s
   4  -3.09998056e+04 -6.33804265e+04  8.08e-03 1.42e-14  2.62e-01     0s
   5  -3.16433076e+04 -4.60969936e+04  3.53e-03 1.42e-14  1.17e-01     0s
   6  -3.21145062e+04 -4.21695216e+04  2.19e-03 8.30e-15  8.14e-02     1s
   7  -3.22760122e+04 -4.07105689e+04  1.91e-03 8.95e-15  6.83e-02     1s
   8  -3.25402146e+04 -3.88345950e+04  1.52e-03 7.62e-15  5.10e-02     1s
   9  -3.26475260e+04 -3.73734058e+04  1.41e-03 1.42e-14  3.83e-02     1s
  10  -3.28824298e+04 -3.65822237e+04  1.15e-03 7.11e-15  3.00e-02     1s
  11  -3.30377522e+04 -3.60640825e+04  9.80e-04 7.11e-15  2.45e-02     1s
  12  -3.32252140e+04 -3.55612581e+04  7.83e-04 7.11e-15  1.89e-02     1s
  13  -3.33333466e+04 -3.52308065e+04  6.73e-04 7.11e-15  1.54e-02     1s
  14  -3.34385223e+04 -3.49349802e+04  5.70e-04 7.11e-15  1.21e-02     1s
  15  -3.35143477e+04 -3.47526191e+04  5.03e-04 7.40e-15  1.00e-02     1s
  16  -3.36574811e+04 -3.45639212e+04  3.76e-04 7.11e-15  7.34e-03     1s
  17  -3.37268880e+04 -3.44312661e+04  3.18e-04 1.42e-14  5.71e-03     1s
  18  -3.37690364e+04 -3.43172413e+04  2.80e-04 7.11e-15  4.44e-03     1s
  19  -3.38054299e+04 -3.42575618e+04  2.49e-04 1.42e-14  3.67e-03     1s
  20  -3.38352564e+04 -3.42323095e+04  2.23e-04 7.11e-15  3.22e-03     1s
  21  -3.38669626e+04 -3.41954814e+04  1.96e-04 7.11e-15  2.66e-03     1s
  22  -3.39078816e+04 -3.41681905e+04  1.64e-04 7.11e-15  2.11e-03     1s
  23  -3.39249305e+04 -3.41527351e+04  1.52e-04 7.11e-15  1.85e-03     1s
  24  -3.39529676e+04 -3.41410705e+04  1.27e-04 7.11e-15  1.53e-03     1s
  25  -3.39784140e+04 -3.41318864e+04  1.04e-04 1.42e-14  1.25e-03     1s
  26  -3.39884103e+04 -3.41272506e+04  9.54e-05 7.11e-15  1.13e-03     1s
  27  -3.40225526e+04 -3.41200422e+04  6.82e-05 7.11e-15  7.91e-04     1s
  28  -3.40336343e+04 -3.41144378e+04  5.83e-05 7.11e-15  6.56e-04     1s
  29  -3.40517285e+04 -3.41110286e+04  4.30e-05 7.11e-15  4.81e-04     1s
  30  -3.40640554e+04 -3.41056172e+04  3.39e-05 7.11e-15  3.37e-04     1s
  31  -3.40709847e+04 -3.41034883e+04  2.88e-05 7.11e-15  2.64e-04     1s
  32  -3.40777037e+04 -3.41029265e+04  2.22e-05 7.11e-15  2.05e-04     1s
  33  -3.40851699e+04 -3.41027265e+04  1.49e-05 7.11e-15  1.43e-04     1s
  34  -3.40889931e+04 -3.41024864e+04  1.12e-05 1.42e-14  1.10e-04     1s
  35  -3.40918528e+04 -3.41022700e+04  8.89e-06 1.42e-14  8.46e-05     1s
  36  -3.40960440e+04 -3.41018764e+04  4.82e-06 7.11e-15  4.74e-05     1s
  37  -3.40968490e+04 -3.41016643e+04  4.05e-06 7.11e-15  3.91e-05     1s
  38  -3.40994237e+04 -3.41014228e+04  1.64e-06 7.11e-15  1.62e-05     1s
  39  -3.41007575e+04 -3.41013413e+04  3.82e-07 7.11e-15  4.74e-06     1s
  40  -3.41012068e+04 -3.41012117e+04  3.09e-09 1.42e-14  3.95e-08     1s
  41  -3.41012108e+04 -3.41012108e+04  4.25e-12 1.42e-14  3.95e-11     1s

Barrier solved model in 41 iterations and 1.43 seconds
Optimal objective -3.41012108e+04


Root relaxation: objective -3.410121e+04, 32357 iterations, 1.37 seconds

    Nodes    |    Current Node    |     Objective Bounds      |     Work
 Expl Unexpl |  Obj  Depth IntInf | Incumbent    BestBd   Gap | It/Node Time

     0     0 -34101.211    0  637    0.00000 -34101.211      -     -    2s
H    0     0                    -33367.24000 -34101.211  2.20%     -    2s

Explored 0 nodes (44124 simplex iterations) in 2.14 seconds
Thread count was 20 (of 20 available processors)

Solution count 2: -33367.2 0 
Pool objective bound -34101.2

Optimal solution found (tolerance 5.00e-02)
Best objective -3.336724000000e+04, best bound -3.410120000000e+04, gap 2.1996%
Changed value of parameter MIPGap to 0.05
   Prev: 0.0001  Min: 0.0  Max: 1e+100  Default: 0.0001
Changed value of parameter TimeLimit to 1800.0
   Prev: 1e+100  Min: 0.0  Max: 1e+100  Default: 1e+100
Changed value of parameter Method to 2
   Prev: -1  Min: -1  Max: 4  Default: -1
Changed value of parameter MIPFocus to 1
   Prev: 0  Min: 0  Max: 3  Default: 0
Optimize a model with 11698 rows, 61589 columns and 123178 nonzeros
Variable types: 0 continuous, 61589 integer (61589 binary)
Coefficient statistics:
  Matrix range     [1e+00, 2e+01]
  Objective range  [1e+00, 5e+01]
  Bounds range     [1e+00, 1e+00]
  RHS range        [8e+01, 8e+01]
Found heuristic solution: objective 0
Presolve time: 0.21s
Presolved: 11698 rows, 61589 columns, 123178 nonzeros
Variable types: 0 continuous, 61589 integer (61589 binary)
Presolved: 11698 rows, 61589 columns, 123178 nonzeros

Root barrier log...

Ordering time: 0.01s

Barrier statistics:
 AA' NZ     : 6.159e+04
 Factor NZ  : 2.488e+05 (roughly 30 MBytes of memory)
 Factor Ops : 3.908e+07 (less than 1 second per iteration)
 Threads    : 1

                  Objective                Residual
Iter       Primal          Dual         Primal    Dual     Compl     Time
   0  -2.94963361e+05 -1.79577611e+06  1.12e+02 5.33e-15  1.33e+02     0s
   1  -9.31648668e+04 -1.32408442e+06  2.35e+01 3.02e-14  3.04e+01     0s
   2  -4.25328759e+04 -4.96378403e+05  2.72e+00 3.20e-14  5.00e+00     0s
   3  -3.68511214e+04 -2.48658281e+05  4.42e-02 2.22e-14  1.73e+00     0s
   4  -3.77230052e+04 -7.86425920e+04  1.02e-02 1.87e-14  3.32e-01     0s
   5  -3.85363866e+04 -5.79657728e+04  4.93e-03 1.42e-14  1.57e-01     0s
   6  -3.90979602e+04 -5.22437318e+04  3.20e-03 1.42e-14  1.06e-01     1s
   7  -3.94537879e+04 -4.92121802e+04  2.55e-03 1.42e-14  7.90e-02     1s
   8  -3.97631574e+04 -4.70556732e+04  2.12e-03 1.42e-14  5.91e-02     1s
   9  -4.01569287e+04 -4.59235622e+04  1.64e-03 1.42e-14  4.67e-02     1s
  10  -4.04011004e+04 -4.51904183e+04  1.39e-03 1.42e-14  3.88e-02     1s
  11  -4.05188152e+04 -4.41887950e+04  1.27e-03 1.42e-14  2.97e-02     1s
  12  -4.06844062e+04 -4.36631793e+04  1.10e-03 1.42e-14  2.41e-02     1s
  13  -4.08765616e+04 -4.32009741e+04  8.98e-04 1.42e-14  1.88e-02     1s
  14  -4.09801974e+04 -4.29913909e+04  8.04e-04 7.84e-15  1.63e-02     1s
  15  -4.11326275e+04 -4.27707939e+04  6.79e-04 1.42e-14  1.33e-02     1s
  16  -4.13076632e+04 -4.24874258e+04  5.19e-04 1.42e-14  9.56e-03     1s
  17  -4.13927310e+04 -4.23541262e+04  4.42e-04 1.42e-14  7.79e-03     1s
  18  -4.14459353e+04 -4.22314441e+04  3.93e-04 7.11e-15  6.37e-03     1s
  19  -4.15151923e+04 -4.21199893e+04  3.29e-04 1.42e-14  4.91e-03     1s
  20  -4.15747654e+04 -4.20843497e+04  2.75e-04 7.11e-15  4.13e-03     1s
  21  -4.16054297e+04 -4.20263612e+04  2.46e-04 1.42e-14  3.41e-03     1s
  22  -4.16460005e+04 -4.19875278e+04  2.13e-04 1.42e-14  2.77e-03     1s
  23  -4.16959920e+04 -4.19635642e+04  1.77e-04 1.42e-14  2.17e-03     1s
  24  -4.17252808e+04 -4.19393225e+04  1.49e-04 1.42e-14  1.74e-03     1s
  25  -4.17330723e+04 -4.19262397e+04  1.41e-04 1.42e-14  1.57e-03     1s
  26  -4.17507898e+04 -4.19175378e+04  1.25e-04 1.42e-14  1.35e-03     1s
  27  -4.17857133e+04 -4.19056898e+04  9.75e-05 1.42e-14  9.74e-04     1s
  28  -4.18043762e+04 -4.19018801e+04  7.88e-05 1.42e-14  7.92e-04     1s
  29  -4.18079506e+04 -4.19001542e+04  7.53e-05 1.42e-14  7.49e-04     1s
  30  -4.18297623e+04 -4.18942198e+04  5.73e-05 1.42e-14  5.24e-04     1s
  31  -4.18405549e+04 -4.18910437e+04  4.58e-05 1.42e-14  4.10e-04     1s
  32  -4.18511614e+04 -4.18908482e+04  3.47e-05 8.67e-15  3.22e-04     1s
  33  -4.18611814e+04 -4.18886181e+04  2.43e-05 1.42e-14  2.23e-04     1s
  34  -4.18650046e+04 -4.18875761e+04  2.04e-05 1.42e-14  1.83e-04     1s
  35  -4.18679691e+04 -4.18871695e+04  1.73e-05 7.11e-15  1.56e-04     1s
  36  -4.18739091e+04 -4.18866336e+04  1.34e-05 7.63e-15  1.03e-04     1s
  37  -4.18775236e+04 -4.18859399e+04  9.34e-06 7.11e-15  6.85e-05     1s
  38  -4.18814334e+04 -4.18857540e+04  4.58e-06 7.11e-15  3.51e-05     1s
  39  -4.18847359e+04 -4.18855932e+04  6.48e-07 1.42e-14  6.96e-06     1s
  40  -4.18850000e+04 -4.18854233e+04  3.72e-07 1.42e-14  3.44e-06     1s
  41  -4.18853429e+04 -4.18853840e+04  1.10e-08 7.11e-15  3.33e-07     1s
  42  -4.18853673e+04 -4.18853709e+04  9.44e-11 1.42e-14  2.97e-08     1s
  43  -4.18853676e+04 -4.18853676e+04  3.01e-12 1.42e-14  1.19e-10     1s

Barrier solved model in 43 iterations and 1.48 seconds
Optimal objective -4.18853676e+04


Root relaxation: objective -4.188537e+04, 32227 iterations, 1.42 seconds

    Nodes    |    Current Node    |     Objective Bounds      |     Work
 Expl Unexpl |  Obj  Depth IntInf | Incumbent    BestBd   Gap | It/Node Time

     0     0 -41885.368    0  648    0.00000 -41885.368      -     -    2s
H    0     0                    -40842.15000 -41885.368  2.55%     -    2s

Explored 0 nodes (42537 simplex iterations) in 2.17 seconds
Thread count was 20 (of 20 available processors)

Solution count 2: -40842.1 0 
Pool objective bound -41885.4

Optimal solution found (tolerance 5.00e-02)
Best objective -4.084215000000e+04, best bound -4.188535000000e+04, gap 2.5542%
Changed value of parameter MIPGap to 0.05
   Prev: 0.0001  Min: 0.0  Max: 1e+100  Default: 0.0001
Changed value of parameter TimeLimit to 1800.0
   Prev: 1e+100  Min: 0.0  Max: 1e+100  Default: 1e+100
Changed value of parameter Method to 2
   Prev: -1  Min: -1  Max: 4  Default: -1
Changed value of parameter MIPFocus to 1
   Prev: 0  Min: 0  Max: 3  Default: 0
Optimize a model with 11698 rows, 61589 columns and 123178 nonzeros
Variable types: 0 continuous, 61589 integer (61589 binary)
Coefficient statistics:
  Matrix range     [1e+00, 2e+01]
  Objective range  [1e+00, 1e+02]
  Bounds range     [1e+00, 1e+00]
  RHS range        [8e+01, 8e+01]
Found heuristic solution: objective 0
Presolve time: 0.21s
Presolved: 11698 rows, 61589 columns, 123178 nonzeros
Variable types: 0 continuous, 61589 integer (61589 binary)
Presolved: 11698 rows, 61589 columns, 123178 nonzeros

Root barrier log...

Ordering time: 0.01s

Barrier statistics:
 AA' NZ     : 6.159e+04
 Factor NZ  : 2.488e+05 (roughly 30 MBytes of memory)
 Factor Ops : 3.908e+07 (less than 1 second per iteration)
 Threads    : 1

                  Objective                Residual
Iter       Primal          Dual         Primal    Dual     Compl     Time
   0  -5.61055232e+05 -3.57928728e+06  1.12e+02 1.07e-14  2.65e+02     0s
   1  -1.76616011e+05 -2.63786301e+06  2.35e+01 5.68e-14  6.07e+01     0s
   2  -7.99393596e+04 -9.87781336e+05  2.69e+00 5.68e-14  9.96e+00     0s
   3  -6.95548540e+04 -5.10099801e+05  4.52e-02 4.26e-14  3.59e+00     0s
   4  -7.14212212e+04 -1.58115683e+05  8.09e-03 3.20e-14  7.03e-01     0s
   5  -7.31906089e+04 -1.16969144e+05  3.99e-03 2.84e-14  3.55e-01     0s
   6  -7.49454197e+04 -1.04537180e+05  1.96e-03 2.84e-14  2.40e-01     1s
   7  -7.56941180e+04 -9.78333786e+04  1.54e-03 1.65e-14  1.79e-01     1s
   8  -7.64111130e+04 -9.33646134e+04  1.25e-03 2.84e-14  1.37e-01     1s
   9  -7.70433652e+04 -9.05525183e+04  1.03e-03 1.52e-14  1.09e-01     1s
  10  -7.76727205e+04 -8.82287071e+04  8.01e-04 1.50e-14  8.55e-02     1s
  11  -7.80903670e+04 -8.69858106e+04  6.71e-04 2.84e-14  7.20e-02     1s
  12  -7.82450548e+04 -8.47779822e+04  6.23e-04 2.84e-14  5.29e-02     1s
  13  -7.85755042e+04 -8.35876523e+04  5.32e-04 2.84e-14  4.06e-02     1s
  14  -7.89832651e+04 -8.28895141e+04  4.23e-04 2.84e-14  3.16e-02     1s
  15  -7.92412549e+04 -8.26009899e+04  3.63e-04 2.84e-14  2.72e-02     1s
  16  -7.95064013e+04 -8.19339834e+04  3.12e-04 2.84e-14  1.97e-02     1s
  17  -7.96982183e+04 -8.16865276e+04  2.69e-04 2.84e-14  1.61e-02     1s
  18  -7.98096889e+04 -8.15649138e+04  2.41e-04 2.84e-14  1.42e-02     1s
  19  -7.98791009e+04 -8.13615392e+04  2.25e-04 1.42e-14  1.20e-02     1s
  20  -7.99999518e+04 -8.12752733e+04  1.96e-04 1.42e-14  1.03e-02     1s
  21  -8.01564122e+04 -8.11751063e+04  1.62e-04 2.84e-14  8.25e-03     1s
  22  -8.02415874e+04 -8.10598304e+04  1.42e-04 1.42e-14  6.63e-03     1s
  23  -8.03720368e+04 -8.10159112e+04  1.13e-04 1.42e-14  5.22e-03     1s
  24  -8.04181941e+04 -8.09838154e+04  1.02e-04 2.84e-14  4.58e-03     1s
  25  -8.04711064e+04 -8.09507502e+04  8.86e-05 2.84e-14  3.89e-03     1s
  26  -8.05113853e+04 -8.09279352e+04  7.88e-05 2.84e-14  3.38e-03     1s
  27  -8.05832269e+04 -8.09047186e+04  6.41e-05 2.84e-14  2.61e-03     1s
  28  -8.06324571e+04 -8.08876140e+04  5.19e-05 1.42e-14  2.07e-03     1s
  29  -8.06707622e+04 -8.08782215e+04  4.37e-05 2.84e-14  1.68e-03     1s
  30  -8.07220207e+04 -8.08709626e+04  3.19e-05 2.84e-14  1.21e-03     1s
  31  -8.07275592e+04 -8.08673977e+04  3.05e-05 2.84e-14  1.13e-03     1s
  32  -8.07551464e+04 -8.08622509e+04  2.33e-05 2.84e-14  8.69e-04     1s
  33  -8.07660605e+04 -8.08592552e+04  2.05e-05 2.84e-14  7.56e-04     1s
  34  -8.07838669e+04 -8.08561573e+04  1.59e-05 1.42e-14  5.86e-04     1s
  35  -8.08077158e+04 -8.08531052e+04  9.79e-06 1.42e-14  3.68e-04     1s
  36  -8.08182333e+04 -8.08507103e+04  7.56e-06 2.84e-14  2.63e-04     1s
  37  -8.08267945e+04 -8.08493158e+04  5.87e-06 2.84e-14  1.83e-04     1s
  38  -8.08396013e+04 -8.08490724e+04  2.29e-06 1.42e-14  7.69e-05     1s
  39  -8.08429914e+04 -8.08488326e+04  1.37e-06 1.42e-14  4.74e-05     1s
  40  -8.08476665e+04 -8.08485452e+04  1.63e-07 2.84e-14  7.13e-06     1s
  41  -8.08483671e+04 -8.08483688e+04  1.90e-13 2.84e-14  1.41e-08     1s
  42  -8.08483679e+04 -8.08483679e+04  2.34e-12 2.84e-14  8.00e-14     1s

Barrier solved model in 42 iterations and 1.46 seconds
Optimal objective -8.08483679e+04


Root relaxation: objective -8.084837e+04, 30804 iterations, 1.41 seconds

    Nodes    |    Current Node    |     Objective Bounds      |     Work
 Expl Unexpl |  Obj  Depth IntInf | Incumbent    BestBd   Gap | It/Node Time

     0     0 -80848.368    0  644    0.00000 -80848.368      -     -    2s
H    0     0                    -78768.60000 -80848.368  2.64%     -    2s

Explored 0 nodes (45441 simplex iterations) in 2.23 seconds
Thread count was 20 (of 20 available processors)

Solution count 2: -78768.6 0 
Pool objective bound -80848.3

Optimal solution found (tolerance 5.00e-02)
Best objective -7.876860000000e+04, best bound -8.084830000000e+04, gap 2.6403%
Changed value of parameter MIPGap to 0.05
   Prev: 0.0001  Min: 0.0  Max: 1e+100  Default: 0.0001
Changed value of parameter TimeLimit to 1800.0
   Prev: 1e+100  Min: 0.0  Max: 1e+100  Default: 1e+100
Changed value of parameter Method to 2
   Prev: -1  Min: -1  Max: 4  Default: -1
Changed value of parameter MIPFocus to 1
   Prev: 0  Min: 0  Max: 3  Default: 0
Optimize a model with 11698 rows, 61589 columns and 123178 nonzeros
Variable types: 0 continuous, 61589 integer (61589 binary)
Coefficient statistics:
  Matrix range     [1e+00, 2e+01]
  Objective range  [2e+00, 2e+02]
  Bounds range     [1e+00, 1e+00]
  RHS range        [8e+01, 8e+01]
Found heuristic solution: objective 0
Presolve time: 0.21s
Presolved: 11698 rows, 61589 columns, 123178 nonzeros
Variable types: 0 continuous, 61589 integer (61589 binary)
Presolved: 11698 rows, 61589 columns, 123178 nonzeros

Root barrier log...

Ordering time: 0.01s

Barrier statistics:
 AA' NZ     : 6.159e+04
 Factor NZ  : 2.488e+05 (roughly 30 MBytes of memory)
 Factor Ops : 3.908e+07 (less than 1 second per iteration)
 Threads    : 1

                  Objective                Residual
Iter       Primal          Dual         Primal    Dual     Compl     Time
   0  -1.09323883e+06 -7.14630961e+06  1.12e+02 2.13e-14  5.30e+02     0s
   1  -3.43533758e+05 -5.26543034e+06  2.36e+01 9.95e-14  1.21e+02     0s
   2  -1.54767300e+05 -1.97064705e+06  2.68e+00 1.28e-13  1.99e+01     0s
   3  -1.34993141e+05 -1.02980989e+06  4.54e-02 8.53e-14  7.29e+00     0s
   4  -1.38833380e+05 -3.13352493e+05  8.04e-03 6.04e-14  1.41e+00     0s
   5  -1.42866974e+05 -2.32870318e+05  4.01e-03 5.68e-14  7.29e-01     0s
   6  -1.45863824e+05 -2.06772023e+05  2.51e-03 5.68e-14  4.93e-01     1s
   7  -1.47504896e+05 -1.95305934e+05  2.04e-03 5.68e-14  3.87e-01     1s
   8  -1.49183006e+05 -1.84615612e+05  1.64e-03 2.84e-14  2.87e-01     1s
   9  -1.50509045e+05 -1.78505075e+05  1.36e-03 5.68e-14  2.27e-01     1s
  10  -1.51440101e+05 -1.74079559e+05  1.18e-03 3.45e-14  1.83e-01     1s
  11  -1.52641610e+05 -1.70973093e+05  9.51e-04 5.68e-14  1.48e-01     1s
  12  -1.53337864e+05 -1.67474937e+05  8.24e-04 5.68e-14  1.14e-01     1s
  13  -1.53939623e+05 -1.65270538e+05  7.25e-04 3.20e-14  9.18e-02     1s
  14  -1.54464253e+05 -1.64132169e+05  6.44e-04 3.54e-14  7.83e-02     1s
  15  -1.55139217e+05 -1.62223638e+05  5.43e-04 5.68e-14  5.74e-02     1s
  16  -1.55880508e+05 -1.60925904e+05  4.32e-04 5.68e-14  4.09e-02     1s
  17  -1.56244920e+05 -1.60403418e+05  3.81e-04 3.04e-14  3.37e-02     1s
  18  -1.56489435e+05 -1.59962406e+05  3.43e-04 5.68e-14  2.82e-02     1s
  19  -1.56762748e+05 -1.59707363e+05  3.02e-04 3.27e-14  2.39e-02     1s
  20  -1.57033445e+05 -1.59509826e+05  2.61e-04 5.68e-14  2.01e-02     1s
  21  -1.57348457e+05 -1.59378477e+05  2.18e-04 5.68e-14  1.65e-02     1s
  22  -1.57445579e+05 -1.59278167e+05  2.05e-04 5.68e-14  1.49e-02     1s
  23  -1.57708977e+05 -1.59144318e+05  1.68e-04 5.68e-14  1.16e-02     1s
  24  -1.57765833e+05 -1.59107687e+05  1.59e-04 5.68e-14  1.09e-02     1s
  25  -1.57945918e+05 -1.59021997e+05  1.31e-04 3.03e-14  8.73e-03     1s
  26  -1.58024697e+05 -1.58999531e+05  1.19e-04 2.84e-14  7.91e-03     1s
  27  -1.58205268e+05 -1.58947234e+05  9.41e-05 5.68e-14  6.02e-03     1s
  28  -1.58272101e+05 -1.58925205e+05  8.34e-05 5.68e-14  5.30e-03     1s
  29  -1.58387553e+05 -1.58896574e+05  6.72e-05 3.36e-14  4.13e-03     1s
  30  -1.58510548e+05 -1.58869256e+05  5.19e-05 5.68e-14  2.91e-03     1s
  31  -1.58559847e+05 -1.58847127e+05  4.41e-05 5.68e-14  2.33e-03     1s
  32  -1.58625898e+05 -1.58838486e+05  3.22e-05 5.68e-14  1.73e-03     1s
  33  -1.58673571e+05 -1.58834476e+05  2.37e-05 3.00e-14  1.31e-03     1s
  34  -1.58685690e+05 -1.58827852e+05  2.16e-05 2.84e-14  1.15e-03     1s
  35  -1.58729803e+05 -1.58821620e+05  1.45e-05 2.84e-14  7.45e-04     1s
  36  -1.58747659e+05 -1.58814843e+05  1.18e-05 5.68e-14  5.46e-04     1s
  37  -1.58778253e+05 -1.58812093e+05  5.96e-06 5.68e-14  2.75e-04     1s
  38  -1.58785283e+05 -1.58811671e+05  4.64e-06 5.68e-14  2.14e-04     1s
  39  -1.58795261e+05 -1.58811525e+05  2.83e-06 5.68e-14  1.32e-04     1s
  40  -1.58800141e+05 -1.58811469e+05  1.93e-06 5.68e-14  9.20e-05     1s
  41  -1.58810752e+05 -1.58811320e+05  3.51e-09 5.68e-14  4.59e-06     1s
  42  -1.58810954e+05 -1.58810965e+05  2.45e-11 5.68e-14  8.73e-08     1s
  43  -1.58810956e+05 -1.58810956e+05  4.39e-13 5.68e-14  8.73e-11     1s

Barrier solved model in 43 iterations and 1.49 seconds
Optimal objective -1.58810956e+05


Root relaxation: objective -1.588110e+05, 31608 iterations, 1.43 seconds

    Nodes    |    Current Node    |     Objective Bounds      |     Work
 Expl Unexpl |  Obj  Depth IntInf | Incumbent    BestBd   Gap | It/Node Time

     0     0 -158810.96    0  614    0.00000 -158810.96      -     -    2s
H    0     0                    -153758.0000 -158810.96  3.29%     -    2s

Explored 0 nodes (46199 simplex iterations) in 2.21 seconds
Thread count was 20 (of 20 available processors)

Solution count 2: -153758 0 
Pool objective bound -158811

Optimal solution found (tolerance 5.00e-02)
Best objective -1.537580000000e+05, best bound -1.588108000000e+05, gap 3.2862%
Changed value of parameter MIPGap to 0.05
   Prev: 0.0001  Min: 0.0  Max: 1e+100  Default: 0.0001
Changed value of parameter TimeLimit to 1800.0
   Prev: 1e+100  Min: 0.0  Max: 1e+100  Default: 1e+100
Changed value of parameter Method to 2
   Prev: -1  Min: -1  Max: 4  Default: -1
Changed value of parameter MIPFocus to 1
   Prev: 0  Min: 0  Max: 3  Default: 0
Optimize a model with 11698 rows, 61589 columns and 123178 nonzeros
Variable types: 0 continuous, 61589 integer (61589 binary)
Coefficient statistics:
  Matrix range     [1e+00, 2e+01]
  Objective range  [3e+00, 5e+02]
  Bounds range     [1e+00, 1e+00]
  RHS range        [8e+01, 8e+01]
Found heuristic solution: objective 0
Presolve time: 0.21s
Presolved: 11698 rows, 61589 columns, 123178 nonzeros
Variable types: 0 continuous, 61589 integer (61589 binary)
Presolved: 11698 rows, 61589 columns, 123178 nonzeros

Root barrier log...

Ordering time: 0.01s

Barrier statistics:
 AA' NZ     : 6.159e+04
 Factor NZ  : 2.488e+05 (roughly 30 MBytes of memory)
 Factor Ops : 3.908e+07 (less than 1 second per iteration)
 Threads    : 1

                  Objective                Residual
Iter       Primal          Dual         Primal    Dual     Compl     Time
   0  -2.68978949e+06 -1.78473766e+07  1.12e+02 5.68e-14  1.33e+03     0s
   1  -8.44286005e+05 -1.31481367e+07  2.36e+01 3.41e-13  3.03e+02     0s
   2  -3.79268261e+05 -4.91923705e+06  2.67e+00 3.69e-13  4.97e+01     0s
   3  -3.31326826e+05 -2.58826973e+06  4.53e-02 2.63e-13  1.84e+01     0s
   4  -3.41025356e+05 -7.78873841e+05  7.77e-03 2.17e-13  3.55e+00     0s
   5  -3.51040280e+05 -5.80508469e+05  4.07e-03 1.67e-13  1.86e+00     0s
   6  -3.58891300e+05 -5.19774037e+05  2.56e-03 1.14e-13  1.30e+00     1s
   7  -3.63270944e+05 -4.89260379e+05  2.06e-03 1.14e-13  1.02e+00     1s
   8  -3.67535882e+05 -4.61600454e+05  1.67e-03 1.14e-13  7.62e-01     1s
   9  -3.71061404e+05 -4.46004433e+05  1.38e-03 1.14e-13  6.07e-01     1s
  10  -3.73474715e+05 -4.33618204e+05  1.19e-03 1.14e-13  4.87e-01     1s
  11  -3.76502845e+05 -4.25956683e+05  9.68e-04 1.14e-13  4.00e-01     1s
  12  -3.78786414e+05 -4.14964831e+05  7.96e-04 1.14e-13  2.93e-01     1s
  13  -3.80882042e+05 -4.09792916e+05  6.57e-04 1.14e-13  2.34e-01     1s
  14  -3.82212086e+05 -4.05786685e+05  5.80e-04 1.14e-13  1.91e-01     1s
  15  -3.83862143e+05 -4.02405522e+05  4.89e-04 1.14e-13  1.50e-01     1s
  16  -3.85495082e+05 -3.98746652e+05  4.00e-04 1.14e-13  1.07e-01     1s
  17  -3.86381714e+05 -3.97249306e+05  3.52e-04 1.14e-13  8.81e-02     1s
  18  -3.87152270e+05 -3.96115893e+05  3.07e-04 1.14e-13  7.26e-02     1s
  19  -3.87613756e+05 -3.95427173e+05  2.80e-04 1.14e-13  6.33e-02     1s
  20  -3.88380751e+05 -3.94680970e+05  2.36e-04 1.14e-13  5.11e-02     1s
  21  -3.89117974e+05 -3.94183159e+05  2.00e-04 1.14e-13  4.11e-02     1s
  22  -3.89994214e+05 -3.93624791e+05  1.60e-04 1.14e-13  2.94e-02     1s
  23  -3.90266156e+05 -3.93355796e+05  1.43e-04 1.14e-13  2.51e-02     1s
  24  -3.90709020e+05 -3.93207824e+05  1.17e-04 1.14e-13  2.03e-02     1s
  25  -3.91013840e+05 -3.93113936e+05  9.85e-05 1.14e-13  1.70e-02     1s
  26  -3.91208360e+05 -3.93001344e+05  8.71e-05 1.14e-13  1.45e-02     1s
  27  -3.91529250e+05 -3.92922792e+05  6.96e-05 1.14e-13  1.13e-02     1s
  28  -3.91836966e+05 -3.92877833e+05  5.08e-05 1.14e-13  8.44e-03     1s
  29  -3.92067754e+05 -3.92809022e+05  4.04e-05 1.14e-13  6.02e-03     1s
  30  -3.92282950e+05 -3.92783167e+05  2.99e-05 1.14e-13  4.06e-03     1s
  31  -3.92384551e+05 -3.92764189e+05  2.47e-05 1.14e-13  3.08e-03     1s
  32  -3.92449676e+05 -3.92756451e+05  2.01e-05 1.14e-13  2.49e-03     1s
  33  -3.92496472e+05 -3.92749707e+05  1.67e-05 1.14e-13  2.06e-03     1s
  34  -3.92514602e+05 -3.92745630e+05  1.54e-05 1.14e-13  1.88e-03     1s
  35  -3.92582882e+05 -3.92744999e+05  1.15e-05 1.14e-13  1.32e-03     1s
  36  -3.92726078e+05 -3.92744124e+05  5.82e-07 1.14e-13  1.46e-04     1s
  37  -3.92736337e+05 -3.92740725e+05  6.38e-08 1.14e-13  3.55e-05     1s
  38  -3.92737810e+05 -3.92738735e+05  6.13e-09 1.14e-13  7.49e-06     1s
  39  -3.92738035e+05 -3.92738088e+05  4.83e-11 1.14e-13  4.31e-07     1s
  40  -3.92738040e+05 -3.92738040e+05  3.00e-12 1.14e-13  2.58e-11     1s

Barrier solved model in 40 iterations and 1.41 seconds
Optimal objective -3.92738040e+05


Root relaxation: objective -3.927380e+05, 31363 iterations, 1.34 seconds

    Nodes    |    Current Node    |     Objective Bounds      |     Work
 Expl Unexpl |  Obj  Depth IntInf | Incumbent    BestBd   Gap | It/Node Time

     0     0 -392738.04    0  595    0.00000 -392738.04      -     -    2s
H    0     0                    -379263.0000 -392738.04  3.55%     -    2s

Explored 0 nodes (45930 simplex iterations) in 2.13 seconds
Thread count was 20 (of 20 available processors)

Solution count 2: -379263 0 
Pool objective bound -392738

Optimal solution found (tolerance 5.00e-02)
Best objective -3.792630000000e+05, best bound -3.927380000000e+05, gap 3.5529%
Changed value of parameter MIPGap to 0.05
   Prev: 0.0001  Min: 0.0  Max: 1e+100  Default: 0.0001
Changed value of parameter TimeLimit to 1800.0
   Prev: 1e+100  Min: 0.0  Max: 1e+100  Default: 1e+100
Changed value of parameter Method to 2
   Prev: -1  Min: -1  Max: 4  Default: -1
Changed value of parameter MIPFocus to 1
   Prev: 0  Min: 0  Max: 3  Default: 0
Optimize a model with 11698 rows, 61589 columns and 123178 nonzeros
Variable types: 0 continuous, 61589 integer (61589 binary)
Coefficient statistics:
  Matrix range     [1e+00, 2e+01]
  Objective range  [2e+01, 5e+03]
  Bounds range     [1e+00, 1e+00]
  RHS range        [8e+01, 8e+01]
Found heuristic solution: objective 0
Presolve time: 0.21s
Presolved: 11698 rows, 61589 columns, 123178 nonzeros
Variable types: 0 continuous, 61589 integer (61589 binary)
Presolved: 11698 rows, 61589 columns, 123178 nonzeros

Root barrier log...

Ordering time: 0.01s

Barrier statistics:
 AA' NZ     : 6.159e+04
 Factor NZ  : 2.488e+05 (roughly 30 MBytes of memory)
 Factor Ops : 3.908e+07 (less than 1 second per iteration)
 Threads    : 1

                  Objective                Residual
Iter       Primal          Dual         Primal    Dual     Compl     Time
   0  -2.66380490e+07 -1.78363381e+08  1.12e+02 4.55e-13  1.32e+04     0s
   1  -8.35558230e+06 -1.31388791e+08  2.36e+01 2.96e-12  3.03e+03     0s
   2  -3.74685050e+06 -4.91479722e+07  2.67e+00 2.73e-12  4.96e+02     0s
   3  -3.27639200e+06 -2.59617125e+07  4.52e-02 2.10e-12  1.85e+02     0s
   4  -3.37492903e+06 -7.76033893e+06  7.55e-03 2.10e-12  3.55e+01     0s
   5  -3.47264029e+06 -5.79783446e+06  4.12e-03 1.82e-12  1.88e+01     0s
   6  -3.55651897e+06 -5.20703477e+06  2.54e-03 1.82e-12  1.34e+01     1s
   7  -3.60053891e+06 -4.89616052e+06  2.05e-03 1.00e-12  1.05e+01     1s
   8  -3.64364478e+06 -4.60855176e+06  1.66e-03 1.82e-12  7.81e+00     1s
   9  -3.67934076e+06 -4.45330608e+06  1.37e-03 9.97e-13  6.27e+00     1s
  10  -3.70392925e+06 -4.32569371e+06  1.19e-03 9.98e-13  5.03e+00     1s
  11  -3.73509181e+06 -4.24265101e+06  9.63e-04 9.09e-13  4.11e+00     1s
  12  -3.76188299e+06 -4.13063445e+06  7.66e-04 9.09e-13  2.99e+00     1s
  13  -3.78231939e+06 -4.08384602e+06  6.35e-04 9.09e-13  2.44e+00     1s
  14  -3.80405154e+06 -4.03837196e+06  4.94e-04 9.09e-13  1.90e+00     1s
  15  -3.82035351e+06 -3.98854089e+06  4.10e-04 9.09e-13  1.36e+00     1s
  16  -3.83571322e+06 -3.96322812e+06  3.31e-04 9.09e-13  1.03e+00     1s
  17  -3.84158865e+06 -3.94424958e+06  3.02e-04 9.09e-13  8.32e-01     1s
  18  -3.84897036e+06 -3.93290871e+06  2.63e-04 9.09e-13  6.80e-01     1s
  19  -3.85510509e+06 -3.92606234e+06  2.31e-04 9.09e-13  5.75e-01     1s
  20  -3.86140048e+06 -3.92007162e+06  1.98e-04 9.09e-13  4.76e-01     1s
  21  -3.86827602e+06 -3.91517159e+06  1.68e-04 9.09e-13  3.80e-01     1s
  22  -3.87416626e+06 -3.91004801e+06  1.42e-04 9.09e-13  2.91e-01     1s
  23  -3.88001667e+06 -3.90845166e+06  1.17e-04 9.09e-13  2.31e-01     1s
  24  -3.88317781e+06 -3.90696583e+06  9.91e-05 9.09e-13  1.93e-01     1s
  25  -3.88572266e+06 -3.90598418e+06  8.50e-05 1.82e-12  1.64e-01     1s
  26  -3.88827147e+06 -3.90493410e+06  7.10e-05 1.82e-12  1.35e-01     1s
  27  -3.89121324e+06 -3.90376624e+06  5.71e-05 9.09e-13  1.02e-01     1s
  28  -3.89342582e+06 -3.90328643e+06  4.48e-05 9.09e-13  8.00e-02     1s
  29  -3.89508969e+06 -3.90237004e+06  3.55e-05 9.09e-13  5.91e-02     1s
  30  -3.89753755e+06 -3.90208575e+06  2.29e-05 9.09e-13  3.69e-02     1s
  31  -3.89819209e+06 -3.90197566e+06  1.92e-05 9.09e-13  3.07e-02     1s
  32  -3.89885906e+06 -3.90194705e+06  1.55e-05 1.82e-12  2.51e-02     1s
  33  -3.89932821e+06 -3.90189761e+06  1.28e-05 9.09e-13  2.09e-02     1s
  34  -3.89992288e+06 -3.90186781e+06  9.56e-06 9.09e-13  1.58e-02     1s
  35  -3.90022590e+06 -3.90182028e+06  7.87e-06 9.09e-13  1.29e-02     1s
  36  -3.90118825e+06 -3.90176930e+06  2.69e-06 1.82e-12  4.71e-03     1s
  37  -3.90125473e+06 -3.90175964e+06  2.43e-06 1.82e-12  4.10e-03     1s
  38  -3.90145601e+06 -3.90174418e+06  1.37e-06 9.09e-13  2.34e-03     1s
  39  -3.90166105e+06 -3.90174229e+06  3.31e-07 1.82e-12  6.59e-04     1s
  40  -3.90172919e+06 -3.90173139e+06  9.07e-09 9.09e-13  1.79e-05     1s
  41  -3.90173119e+06 -3.90173119e+06  5.66e-14 1.82e-12  1.79e-08     1s
  42  -3.90173119e+06 -3.90173119e+06  1.02e-10 9.09e-13  1.78e-10     1s

Barrier solved model in 42 iterations and 1.46 seconds
Optimal objective -3.90173119e+06


Root relaxation: objective -3.901731e+06, 31342 iterations, 1.41 seconds

    Nodes    |    Current Node    |     Objective Bounds      |     Work
 Expl Unexpl |  Obj  Depth IntInf | Incumbent    BestBd   Gap | It/Node Time

     0     0 -3901731.2    0  659    0.00000 -3901731.2      -     -    2s
H    0     0                    -3778947.000 -3901731.2  3.25%     -    2s

Explored 0 nodes (41603 simplex iterations) in 2.16 seconds
Thread count was 20 (of 20 available processors)

Solution count 2: -3.77895e+06 0 
Pool objective bound -3.90173e+06

Optimal solution found (tolerance 5.00e-02)
Best objective -3.778947000000e+06, best bound -3.901731000000e+06, gap 3.2492%
