Changed value of parameter MIPGap to 0.05
   Prev: 0.0001  Min: 0.0  Max: 1e+100  Default: 0.0001
Changed value of parameter TimeLimit to 1800.0
   Prev: 1e+100  Min: 0.0  Max: 1e+100  Default: 1e+100
Changed value of parameter Method to 2
   Prev: -1  Min: -1  Max: 4  Default: -1
Changed value of parameter MIPFocus to 1
   Prev: 0  Min: 0  Max: 3  Default: 0
Optimize a model with 22554 rows, 33531 columns and 67062 nonzeros
Variable types: 0 continuous, 33531 integer (33531 binary)
Coefficient statistics:
  Matrix range     [1e+00, 5e+00]
  Objective range  [1e+00, 1e+00]
  Bounds range     [1e+00, 1e+00]
  RHS range        [8e+01, 8e+01]
Found heuristic solution: objective 0
Presolve removed 22354 rows and 23639 columns
Presolve time: 0.11s
Presolved: 200 rows, 9892 columns, 19784 nonzeros
Variable types: 0 continuous, 9892 integer (8607 binary)
Presolved: 200 rows, 9892 columns, 19784 nonzeros

Root barrier log...

Ordering time: 0.00s

Barrier statistics:
 AA' NZ     : 9.623e+03
 Factor NZ  : 1.936e+04 (roughly 4 MBytes of memory)
 Factor Ops : 2.478e+06 (less than 1 second per iteration)
 Threads    : 1

                  Objective                Residual
Iter       Primal          Dual         Primal    Dual     Compl     Time
   0  -2.14769579e+04 -9.31770250e+03  6.47e+01 2.22e-16  1.15e+00     0s
   1  -3.74919994e+03 -6.83871648e+03  0.00e+00 1.78e-15  1.55e-01     0s
   2  -3.98171784e+03 -4.07976053e+03  0.00e+00 1.78e-15  4.91e-03     0s
   3  -3.99998102e+03 -4.00008053e+03  0.00e+00 1.78e-15  4.98e-06     0s
   4  -3.99999998e+03 -4.00000008e+03  0.00e+00 1.78e-15  4.98e-09     0s
   5  -4.00000000e+03 -4.00000000e+03  9.10e-15 1.78e-15  5.11e-15     0s

Barrier solved model in 5 iterations and 0.26 seconds
Optimal objective -4.00000000e+03


Root relaxation: objective -4.000000e+03, 8612 iterations, 0.14 seconds

    Nodes    |    Current Node    |     Objective Bounds      |     Work
 Expl Unexpl |  Obj  Depth IntInf | Incumbent    BestBd   Gap | It/Node Time

*    0     0               0    -4000.000000 -4000.0000  0.00%     -    0s

Explored 0 nodes (8612 simplex iterations) in 0.35 seconds
Thread count was 20 (of 20 available processors)

Solution count 2: -4000 0 
Pool objective bound -4000

Optimal solution found (tolerance 5.00e-02)
Best objective -4.000000000000e+03, best bound -4.000000000000e+03, gap 0.0000%
(0, 3713.0)
(1, 3701.0)
(2, 3700.0)
(3, 3718.0)
(4, 3705.0)
(5, 3702.0)
(6, 3711.0)
(7, 3701.0)
(8, 3709.0)
(9, 3702.0)
(10, 3705.0)
(11, 3711.0)
(12, 3697.0)
(13, 3705.0)
(14, 3700.0)
(15, 3705.0)
(16, 3711.0)
(17, 3703.0)
(18, 3711.0)
(19, 3708.0)
(20, 3697.0)
(21, 3708.0)
(22, 3701.0)
(23, 3702.0)
(24, 3697.0)
(25, 3703.0)
(26, 3714.0)
(27, 3710.0)
(28, 3700.0)
(29, 3710.0)
(30, 3717.0)
(31, 3709.0)
(32, 3706.0)
(33, 3712.0)
(34, 3706.0)
(35, 3707.0)
(36, 3710.0)
(37, 3712.0)
(38, 3710.0)
(39, 3706.0)
(0, 3706.0)
(1, 3707.0)
(2, 3709.0)
(3, 3714.0)
(4, 3711.0)
(5, 3704.0)
(6, 3709.0)
(7, 3717.0)
(8, 3707.0)
(9, 3702.0)
(10, 3708.0)
(11, 3709.0)
(12, 3707.0)
(13, 3700.0)
(14, 3709.0)
(15, 3707.0)
(16, 3701.0)
(17, 3708.0)
(18, 3706.0)
(19, 3708.0)
(20, 3695.0)
(21, 3706.0)
(22, 3704.0)
(23, 3707.0)
(24, 3700.0)
(25, 3708.0)
(26, 3712.0)
(27, 3704.0)
(28, 3699.0)
(29, 3707.0)
(30, 3708.0)
(31, 3708.0)
(32, 3709.0)
(33, 3704.0)
(34, 3704.0)
(35, 3698.0)
(36, 3709.0)
(37, 3713.0)
(38, 3707.0)
(39, 3707.0)
Changed value of parameter MIPGap to 0.05
   Prev: 0.0001  Min: 0.0  Max: 1e+100  Default: 0.0001
Changed value of parameter TimeLimit to 1800.0
   Prev: 1e+100  Min: 0.0  Max: 1e+100  Default: 1e+100
Changed value of parameter Method to 2
   Prev: -1  Min: -1  Max: 4  Default: -1
Changed value of parameter MIPFocus to 1
   Prev: 0  Min: 0  Max: 3  Default: 0
Optimize a model with 22554 rows, 33531 columns and 67062 nonzeros
Variable types: 0 continuous, 33531 integer (33531 binary)
Coefficient statistics:
  Matrix range     [1e+00, 5e+00]
  Objective range  [1e+00, 1e+00]
  Bounds range     [1e+00, 1e+00]
  RHS range        [8e+01, 8e+01]
Found heuristic solution: objective 0
Presolve removed 22354 rows and 23639 columns
Presolve time: 0.05s
Presolved: 200 rows, 9892 columns, 19784 nonzeros
Variable types: 0 continuous, 9892 integer (8607 binary)
Presolved: 200 rows, 9892 columns, 19784 nonzeros

Root barrier log...

Ordering time: 0.00s

Barrier statistics:
 AA' NZ     : 9.623e+03
 Factor NZ  : 1.936e+04 (roughly 4 MBytes of memory)
 Factor Ops : 2.478e+06 (less than 1 second per iteration)
 Threads    : 1

                  Objective                Residual
Iter       Primal          Dual         Primal    Dual     Compl     Time
   0  -2.14913100e+04 -9.30969427e+03  6.47e+01 2.22e-16  1.14e+00     0s
   1  -3.75177862e+03 -6.83536473e+03  0.00e+00 1.78e-15  1.54e-01     0s
   2  -3.98376746e+03 -4.08155718e+03  0.00e+00 1.78e-15  4.89e-03     0s
   3  -4.00198107e+03 -4.00208032e+03  0.00e+00 1.78e-15  4.97e-06     0s
   4  -4.00199998e+03 -4.00200008e+03  0.00e+00 2.66e-15  4.97e-09     0s
   5  -4.00200000e+03 -4.00200000e+03  1.30e-14 2.66e-15  5.15e-15     0s

Barrier solved model in 5 iterations and 0.08 seconds
Optimal objective -4.00200000e+03


Root relaxation: objective -4.002000e+03, 8612 iterations, 0.06 seconds

    Nodes    |    Current Node    |     Objective Bounds      |     Work
 Expl Unexpl |  Obj  Depth IntInf | Incumbent    BestBd   Gap | It/Node Time

     0     0 -4002.0000    0    6    0.00000 -4002.0000      -     -    0s
H    0     0                    -4000.999500 -4002.0000  0.03%     -    0s

Explored 0 nodes (9348 simplex iterations) in 0.15 seconds
Thread count was 20 (of 20 available processors)

Solution count 2: -4001 0 
Pool objective bound -4002

Optimal solution found (tolerance 5.00e-02)
Best objective -4.000999500000e+03, best bound -4.002000000000e+03, gap 0.0250%
(0, 3695.8470000002617)
(1, 3699.8490000002621)
(2, 3711.8550000002633)
(3, 3702.8505000002624)
(4, 3685.8420000002607)
(5, 3699.8490000002621)
(6, 3703.8510000002625)
(7, 3699.8490000002621)
(8, 3703.8510000002625)
(9, 3697.8480000002619)
(10, 3699.8490000002621)
(11, 3709.8540000002631)
(12, 3704.8515000002626)
(13, 3708.853500000263)
(14, 3694.8465000002616)
(15, 3706.8525000002628)
(16, 3698.848500000262)
(17, 3697.8480000002619)
(18, 3700.8495000002622)
(19, 3698.848500000262)
(20, 3702.8505000002624)
(21, 3711.8550000002633)
(22, 3708.853500000263)
(23, 3692.8455000002614)
(24, 3705.8520000002627)
(25, 3699.8490000002621)
(26, 3706.8525000002628)
(27, 3701.8500000002623)
(28, 3699.8490000002621)
(29, 3693.8460000002615)
(30, 3701.8500000002623)
(31, 3701.8500000002623)
(32, 3702.8505000002624)
(33, 3703.8510000002625)
(34, 3699.8490000002621)
(35, 3701.8500000002623)
(36, 3696.8475000002618)
(37, 3697.8480000002619)
(38, 3695.8470000002617)
(39, 3695.8470000002617)
(0, 3698.848500000262)
(1, 3703.8510000002625)
(2, 3701.8500000002623)
(3, 3706.8525000002628)
(4, 3718.858500000264)
(5, 3696.8475000002618)
(6, 3701.8500000002623)
(7, 3712.8555000002634)
(8, 3698.848500000262)
(9, 3694.8465000002616)
(10, 3700.8495000002622)
(11, 3703.8510000002625)
(12, 3696.8475000002618)
(13, 3697.8480000002619)
(14, 3693.8460000002615)
(15, 3694.8465000002616)
(16, 3703.8510000002625)
(17, 3709.8540000002631)
(18, 3697.8480000002619)
(19, 3703.8510000002625)
(20, 3692.8455000002614)
(21, 3693.8460000002615)
(22, 3692.8455000002614)
(23, 3700.8495000002622)
(24, 3695.8470000002617)
(25, 3705.8520000002627)
(26, 3693.8460000002615)
(27, 3702.8505000002624)
(28, 3697.8480000002619)
(29, 3691.8450000002613)
(30, 3707.8530000002629)
(31, 3699.8490000002621)
(32, 3708.853500000263)
(33, 3701.8500000002623)
(34, 3701.8500000002623)
(35, 3701.8500000002623)
(36, 3702.8505000002624)
(37, 3695.8470000002617)
(38, 3698.848500000262)
(39, 3707.8530000002629)
Changed value of parameter MIPGap to 0.05
   Prev: 0.0001  Min: 0.0  Max: 1e+100  Default: 0.0001
Changed value of parameter TimeLimit to 1800.0
   Prev: 1e+100  Min: 0.0  Max: 1e+100  Default: 1e+100
Changed value of parameter Method to 2
   Prev: -1  Min: -1  Max: 4  Default: -1
Changed value of parameter MIPFocus to 1
   Prev: 0  Min: 0  Max: 3  Default: 0
Optimize a model with 22554 rows, 33531 columns and 67062 nonzeros
Variable types: 0 continuous, 33531 integer (33531 binary)
Coefficient statistics:
  Matrix range     [1e+00, 5e+00]
  Objective range  [1e+00, 1e+00]
  Bounds range     [1e+00, 1e+00]
  RHS range        [8e+01, 8e+01]
Found heuristic solution: objective 0
Presolve removed 22354 rows and 23639 columns
Presolve time: 0.05s
Presolved: 200 rows, 9892 columns, 19784 nonzeros
Variable types: 0 continuous, 9892 integer (8607 binary)
Presolved: 200 rows, 9892 columns, 19784 nonzeros

Root barrier log...

Ordering time: 0.00s

Barrier statistics:
 AA' NZ     : 9.623e+03
 Factor NZ  : 1.936e+04 (roughly 4 MBytes of memory)
 Factor Ops : 2.478e+06 (less than 1 second per iteration)
 Threads    : 1

                  Objective                Residual
Iter       Primal          Dual         Primal    Dual     Compl     Time
   0  -2.15056614e+04 -9.30168604e+03  6.47e+01 2.22e-16  1.14e+00     0s
   1  -3.75435686e+03 -6.83201297e+03  0.00e+00 1.78e-15  1.54e-01     0s
   2  -3.98581702e+03 -4.08335396e+03  0.00e+00 1.78e-15  4.88e-03     0s
   3  -4.00398112e+03 -4.00408012e+03  0.00e+00 1.78e-15  4.95e-06     0s
   4  -4.00399998e+03 -4.00400008e+03  0.00e+00 2.66e-15  4.95e-09     0s
   5  -4.00400000e+03 -4.00400000e+03  9.76e-15 1.78e-15  5.15e-15     0s

Barrier solved model in 5 iterations and 0.08 seconds
Optimal objective -4.00400000e+03


Root relaxation: objective -4.004000e+03, 8612 iterations, 0.06 seconds

    Nodes    |    Current Node    |     Objective Bounds      |     Work
 Expl Unexpl |  Obj  Depth IntInf | Incumbent    BestBd   Gap | It/Node Time

*    0     0               0    -4004.000000 -4004.0000  0.00%     -    0s

Explored 0 nodes (8612 simplex iterations) in 0.14 seconds
Thread count was 20 (of 20 available processors)

Solution count 2: -4004 0 
Pool objective bound -4004

Optimal solution found (tolerance 5.00e-02)
Best objective -4.004000000000e+03, best bound -4.004000000000e+03, gap 0.0000%
(0, 3712.7090000002977)
(1, 3713.7100000002979)
(2, 3721.7180000002995)
(3, 3727.7240000003007)
(4, 3702.6990000002957)
(5, 3717.7140000002987)
(6, 3714.7110000002981)
(7, 3709.7060000002971)
(8, 3725.7220000003003)
(9, 3709.7060000002971)
(10, 3719.7160000002991)
(11, 3716.7130000002985)
(12, 3719.7160000002991)
(13, 3716.7130000002985)
(14, 3718.7150000002989)
(15, 3709.7060000002971)
(16, 3726.7230000003005)
(17, 3719.7160000002991)
(18, 3708.7050000002969)
(19, 3715.7120000002983)
(20, 3721.7180000002995)
(21, 3715.7120000002983)
(22, 3720.7170000002993)
(23, 3718.7150000002989)
(24, 3713.7100000002979)
(25, 3716.7130000002985)
(26, 3714.7110000002981)
(27, 3708.7050000002969)
(28, 3718.7150000002989)
(29, 3721.7180000002995)
(30, 3723.7200000002999)
(31, 3719.7160000002991)
(32, 3714.7110000002981)
(33, 3716.7130000002985)
(34, 3716.7130000002985)
(35, 3713.7100000002979)
(36, 3721.7180000002995)
(37, 3721.7180000002995)
(38, 3717.7140000002987)
(39, 3722.7190000002997)
(0, 3713.7100000002979)
(1, 3708.7050000002969)
(2, 3725.7220000003003)
(3, 3716.7130000002985)
(4, 3722.7190000002997)
(5, 3724.7210000003001)
(6, 3717.7140000002987)
(7, 3720.7170000002993)
(8, 3712.7090000002977)
(9, 3712.7090000002977)
(10, 3712.7090000002977)
(11, 3722.7190000002997)
(12, 3711.7080000002975)
(13, 3725.7220000003003)
(14, 3727.7240000003007)
(15, 3723.7200000002999)
(16, 3728.725000000301)
(17, 3708.7050000002969)
(18, 3725.7220000003003)
(19, 3716.7130000002985)
(20, 3722.7190000002997)
(21, 3712.7090000002977)
(22, 3710.7070000002973)
(23, 3714.7110000002981)
(24, 3718.7150000002989)
(25, 3704.7010000002961)
(26, 3722.7190000002997)
(27, 3716.7130000002985)
(28, 3716.7130000002985)
(29, 3715.7120000002983)
(30, 3707.7040000002967)
(31, 3724.7210000003001)
(32, 3724.7210000003001)
(33, 3714.7110000002981)
(34, 3718.7150000002989)
(35, 3713.7100000002979)
(36, 3723.7200000002999)
(37, 3721.7180000002995)
(38, 3713.7100000002979)
(39, 3719.7160000002991)
Changed value of parameter MIPGap to 0.05
   Prev: 0.0001  Min: 0.0  Max: 1e+100  Default: 0.0001
Changed value of parameter TimeLimit to 1800.0
   Prev: 1e+100  Min: 0.0  Max: 1e+100  Default: 1e+100
Changed value of parameter Method to 2
   Prev: -1  Min: -1  Max: 4  Default: -1
Changed value of parameter MIPFocus to 1
   Prev: 0  Min: 0  Max: 3  Default: 0
Optimize a model with 22554 rows, 33531 columns and 67062 nonzeros
Variable types: 0 continuous, 33531 integer (33531 binary)
Coefficient statistics:
  Matrix range     [1e+00, 5e+00]
  Objective range  [1e+00, 1e+00]
  Bounds range     [1e+00, 1e+00]
  RHS range        [8e+01, 8e+01]
Found heuristic solution: objective 0
Presolve removed 22354 rows and 23639 columns
Presolve time: 0.05s
Presolved: 200 rows, 9892 columns, 19784 nonzeros
Variable types: 0 continuous, 9892 integer (8607 binary)
Presolved: 200 rows, 9892 columns, 19784 nonzeros

Root barrier log...

Ordering time: 0.00s

Barrier statistics:
 AA' NZ     : 9.623e+03
 Factor NZ  : 1.936e+04 (roughly 4 MBytes of memory)
 Factor Ops : 2.478e+06 (less than 1 second per iteration)
 Threads    : 1

                  Objective                Residual
Iter       Primal          Dual         Primal    Dual     Compl     Time
   0  -2.15343622e+04 -9.28566959e+03  6.47e+01 2.22e-16  1.14e+00     0s
   1  -3.75951242e+03 -6.82530945e+03  0.00e+00 1.78e-15  1.53e-01     0s
   2  -3.98991602e+03 -4.08694970e+03  0.00e+00 2.66e-15  4.86e-03     0s
   3  -4.00798122e+03 -4.00807971e+03  0.00e+00 1.78e-15  4.93e-06     0s
   4  -4.00799998e+03 -4.00800008e+03  0.00e+00 2.66e-15  4.93e-09     0s
   5  -4.00800000e+03 -4.00800000e+03  1.35e-14 1.78e-15  5.13e-15     0s

Barrier solved model in 5 iterations and 0.08 seconds
Optimal objective -4.00800000e+03


Root relaxation: objective -4.008000e+03, 8612 iterations, 0.06 seconds

    Nodes    |    Current Node    |     Objective Bounds      |     Work
 Expl Unexpl |  Obj  Depth IntInf | Incumbent    BestBd   Gap | It/Node Time

*    0     0               0    -4008.000000 -4008.0000  0.00%     -    0s

Explored 0 nodes (8801 simplex iterations) in 0.14 seconds
Thread count was 20 (of 20 available processors)

Solution count 2: -4008 0 
Pool objective bound -4008

Optimal solution found (tolerance 5.00e-02)
Best objective -4.008000000000e+03, best bound -4.008000000000e+03, gap 0.0000%
(0, 3711.4079999998526)
(1, 3697.3799999998532)
(2, 3717.4199999998523)
(3, 3712.4099999998525)
(4, 3717.4199999998523)
(5, 3698.3819999998532)
(6, 3714.4139999998524)
(7, 3705.3959999998528)
(8, 3699.3839999998531)
(9, 3714.4139999998524)
(10, 3711.4079999998526)
(11, 3708.4019999998527)
(12, 3707.3999999998528)
(13, 3699.3839999998531)
(14, 3706.3979999998528)
(15, 3700.3859999998531)
(16, 3702.389999999853)
(17, 3715.4159999998524)
(18, 3703.3919999998529)
(19, 3695.3759999998533)
(20, 3718.4219999998522)
(21, 3709.4039999998527)
(22, 3726.4379999998519)
(23, 3710.4059999998526)
(24, 3702.389999999853)
(25, 3712.4099999998525)
(26, 3718.4219999998522)
(27, 3708.4019999998527)
(28, 3714.4139999998524)
(29, 3709.4039999998527)
(30, 3711.4079999998526)
(31, 3717.4199999998523)
(32, 3706.3979999998528)
(33, 3701.387999999853)
(34, 3694.3739999998534)
(35, 3702.389999999853)
(36, 3715.4159999998524)
(37, 3719.4239999998522)
(38, 3713.4119999998525)
(39, 3704.3939999998529)
(0, 3709.4039999998527)
(1, 3721.4279999998521)
(2, 3707.3999999998528)
(3, 3706.3979999998528)
(4, 3701.387999999853)
(5, 3692.3699999998535)
(6, 3712.4099999998525)
(7, 3718.4219999998522)
(8, 3702.389999999853)
(9, 3718.4219999998522)
(10, 3713.4119999998525)
(11, 3705.3959999998528)
(12, 3707.3999999998528)
(13, 3702.389999999853)
(14, 3708.4019999998527)
(15, 3702.389999999853)
(16, 3696.3779999998533)
(17, 3706.3979999998528)
(18, 3710.4059999998526)
(19, 3700.3859999998531)
(20, 3700.3859999998531)
(21, 3711.4079999998526)
(22, 3710.4059999998526)
(23, 3712.4099999998525)
(24, 3705.3959999998528)
(25, 3708.4019999998527)
(26, 3711.4079999998526)
(27, 3715.4159999998524)
(28, 3702.389999999853)
(29, 3715.4159999998524)
(30, 3716.4179999998523)
(31, 3705.3959999998528)
(32, 3702.389999999853)
(33, 3706.3979999998528)
(34, 3714.4139999998524)
(35, 3721.4279999998521)
(36, 3699.3839999998531)
(37, 3703.3919999998529)
(38, 3706.3979999998528)
(39, 3716.4179999998523)
Changed value of parameter MIPGap to 0.05
   Prev: 0.0001  Min: 0.0  Max: 1e+100  Default: 0.0001
Changed value of parameter TimeLimit to 1800.0
   Prev: 1e+100  Min: 0.0  Max: 1e+100  Default: 1e+100
Changed value of parameter Method to 2
   Prev: -1  Min: -1  Max: 4  Default: -1
Changed value of parameter MIPFocus to 1
   Prev: 0  Min: 0  Max: 3  Default: 0
Optimize a model with 22554 rows, 33531 columns and 67062 nonzeros
Variable types: 0 continuous, 33531 integer (33531 binary)
Coefficient statistics:
  Matrix range     [1e+00, 5e+00]
  Objective range  [1e+00, 1e+00]
  Bounds range     [1e+00, 1e+00]
  RHS range        [8e+01, 8e+01]
Found heuristic solution: objective 0
Presolve removed 22354 rows and 23639 columns
Presolve time: 0.05s
Presolved: 200 rows, 9892 columns, 19784 nonzeros
Variable types: 0 continuous, 9892 integer (8607 binary)
Presolved: 200 rows, 9892 columns, 19784 nonzeros

Root barrier log...

Ordering time: 0.00s

Barrier statistics:
 AA' NZ     : 9.623e+03
 Factor NZ  : 1.936e+04 (roughly 4 MBytes of memory)
 Factor Ops : 2.478e+06 (less than 1 second per iteration)
 Threads    : 1

                  Objective                Residual
Iter       Primal          Dual         Primal    Dual     Compl     Time
   0  -2.15917556e+04 -9.25363669e+03  6.47e+01 2.22e-16  1.13e+00     0s
   1  -3.80152359e+03 -6.81352542e+03  1.07e-01 1.78e-15  1.53e-01     0s
   2  -3.99802128e+03 -4.09717366e+03  3.26e-03 1.78e-15  5.02e-03     0s
   3  -4.01598001e+03 -4.01608215e+03  0.00e+00 1.78e-15  5.11e-06     0s
   4  -4.01599998e+03 -4.01600008e+03  0.00e+00 2.66e-15  5.11e-09     0s
   5  -4.01600000e+03 -4.01600000e+03  1.15e-14 1.78e-15  5.27e-15     0s

Barrier solved model in 5 iterations and 0.08 seconds
Optimal objective -4.01600000e+03


Root relaxation: objective -4.016000e+03, 8612 iterations, 0.06 seconds

    Nodes    |    Current Node    |     Objective Bounds      |     Work
 Expl Unexpl |  Obj  Depth IntInf | Incumbent    BestBd   Gap | It/Node Time

*    0     0               0    -4016.000000 -4016.0000  0.00%     -    0s

Explored 0 nodes (8641 simplex iterations) in 0.14 seconds
Thread count was 20 (of 20 available processors)

Solution count 2: -4016 0 
Pool objective bound -4016

Optimal solution found (tolerance 5.00e-02)
Best objective -4.016000000000e+03, best bound -4.016000000000e+03, gap 0.0000%
(0, 3738.8959999997578)
(1, 3750.9439999997567)
(2, 3759.9799999997558)
(3, 3744.9199999997572)
(4, 3756.9679999997561)
(5, 3745.9239999997571)
(6, 3732.8719999997584)
(7, 3750.9439999997567)
(8, 3747.931999999757)
(9, 3749.9399999997568)
(10, 3752.9519999997565)
(11, 3751.9479999997566)
(12, 3744.9199999997572)
(13, 3742.9119999997574)
(14, 3735.8839999997581)
(15, 3755.9639999997562)
(16, 3740.9039999997576)
(17, 3743.9159999997573)
(18, 3735.8839999997581)
(19, 3745.9239999997571)
(20, 3743.9159999997573)
(21, 3730.8639999997586)
(22, 3757.971999999756)
(23, 3755.9639999997562)
(24, 3751.9479999997566)
(25, 3745.9239999997571)
(26, 3752.9519999997565)
(27, 3766.0039999997553)
(28, 3753.9559999997564)
(29, 3763.9959999997554)
(30, 3739.8999999997577)
(31, 3747.931999999757)
(32, 3749.9399999997568)
(33, 3745.9239999997571)
(34, 3754.9599999997563)
(35, 3745.9239999997571)
(36, 3747.931999999757)
(37, 3743.9159999997573)
(38, 3755.9639999997562)
(39, 3743.9159999997573)
(0, 3734.8799999997582)
(1, 3748.9359999997569)
(2, 3757.971999999756)
(3, 3750.9439999997567)
(4, 3728.8559999997588)
(5, 3741.9079999997575)
(6, 3747.931999999757)
(7, 3744.9199999997572)
(8, 3754.9599999997563)
(9, 3749.9399999997568)
(10, 3746.927999999757)
(11, 3736.887999999758)
(12, 3747.931999999757)
(13, 3736.887999999758)
(14, 3744.9199999997572)
(15, 3745.9239999997571)
(16, 3744.9199999997572)
(17, 3747.931999999757)
(18, 3745.9239999997571)
(19, 3751.9479999997566)
(20, 3741.9079999997575)
(21, 3731.8679999997585)
(22, 3749.9399999997568)
(23, 3741.9079999997575)
(24, 3740.9039999997576)
(25, 3756.9679999997561)
(26, 3736.887999999758)
(27, 3753.9559999997564)
(28, 3741.9079999997575)
(29, 3739.8999999997577)
(30, 3741.9079999997575)
(31, 3749.9399999997568)
(32, 3743.9159999997573)
(33, 3751.9479999997566)
(34, 3758.9759999997559)
(35, 3750.9439999997567)
(36, 3751.9479999997566)
(37, 3738.8959999997578)
(38, 3743.9159999997573)
(39, 3743.9159999997573)
Changed value of parameter MIPGap to 0.05
   Prev: 0.0001  Min: 0.0  Max: 1e+100  Default: 0.0001
Changed value of parameter TimeLimit to 1800.0
   Prev: 1e+100  Min: 0.0  Max: 1e+100  Default: 1e+100
Changed value of parameter Method to 2
   Prev: -1  Min: -1  Max: 4  Default: -1
Changed value of parameter MIPFocus to 1
   Prev: 0  Min: 0  Max: 3  Default: 0
Optimize a model with 22554 rows, 33531 columns and 67062 nonzeros
Variable types: 0 continuous, 33531 integer (33531 binary)
Coefficient statistics:
  Matrix range     [1e+00, 5e+00]
  Objective range  [1e+00, 1e+00]
  Bounds range     [1e+00, 1e+00]
  RHS range        [8e+01, 8e+01]
Found heuristic solution: objective 0
Presolve removed 22354 rows and 23639 columns
Presolve time: 0.05s
Presolved: 200 rows, 9892 columns, 19784 nonzeros
Variable types: 0 continuous, 9892 integer (8607 binary)
Presolved: 200 rows, 9892 columns, 19784 nonzeros

Root barrier log...

Ordering time: 0.00s

Barrier statistics:
 AA' NZ     : 9.623e+03
 Factor NZ  : 1.936e+04 (roughly 4 MBytes of memory)
 Factor Ops : 2.478e+06 (less than 1 second per iteration)
 Threads    : 1

                  Objective                Residual
Iter       Primal          Dual         Primal    Dual     Compl     Time
   0  -2.16204481e+04 -9.23762023e+03  6.47e+01 2.22e-16  1.12e+00     0s
   1  -3.82977753e+03 -6.80682036e+03  1.91e-01 1.78e-15  1.54e-01     0s
   2  -4.00290149e+03 -4.10161438e+03  5.88e-03 1.78e-15  5.05e-03     0s
   3  -4.01997997e+03 -4.02008256e+03  0.00e+00 1.78e-15  5.13e-06     0s
   4  -4.01999998e+03 -4.02000008e+03  0.00e+00 1.78e-15  5.13e-09     0s
   5  -4.02000000e+03 -4.02000000e+03  9.94e-15 2.66e-15  5.33e-15     0s

Barrier solved model in 5 iterations and 0.08 seconds
Optimal objective -4.02000000e+03


Root relaxation: objective -4.020000e+03, 8612 iterations, 0.06 seconds

    Nodes    |    Current Node    |     Objective Bounds      |     Work
 Expl Unexpl |  Obj  Depth IntInf | Incumbent    BestBd   Gap | It/Node Time

*    0     0               0    -4020.000000 -4020.0000  0.00%     -    0s

Explored 0 nodes (8712 simplex iterations) in 0.14 seconds
Thread count was 20 (of 20 available processors)

Solution count 2: -4020 0 
Pool objective bound -4020

Optimal solution found (tolerance 5.00e-02)
Best objective -4.020000000000e+03, best bound -4.020000000000e+03, gap 0.0000%
(0, 3742.6200000002909)
(1, 3742.6200000002909)
(2, 3740.6100000002907)
(3, 3744.6300000002911)
(4, 3743.625000000291)
(5, 3736.5900000002903)
(6, 3753.6750000002921)
(7, 3733.5750000002899)
(8, 3747.6450000002915)
(9, 3737.5950000002904)
(10, 3744.6300000002911)
(11, 3731.5650000002897)
(12, 3733.5750000002899)
(13, 3744.6300000002911)
(14, 3738.6000000002905)
(15, 3746.6400000002914)
(16, 3741.6150000002908)
(17, 3749.6550000002917)
(18, 3741.6150000002908)
(19, 3742.6200000002909)
(20, 3740.6100000002907)
(21, 3739.6050000002906)
(22, 3737.5950000002904)
(23, 3751.6650000002919)
(24, 3742.6200000002909)
(25, 3745.6350000002913)
(26, 3751.6650000002919)
(27, 3753.6750000002921)
(28, 3750.6600000002918)
(29, 3742.6200000002909)
(30, 3737.5950000002904)
(31, 3739.6050000002906)
(32, 3747.6450000002915)
(33, 3748.6500000002916)
(34, 3736.5900000002903)
(35, 3737.5950000002904)
(36, 3741.6150000002908)
(37, 3741.6150000002908)
(38, 3748.6500000002916)
(39, 3733.5750000002899)
(0, 3741.6150000002908)
(1, 3743.625000000291)
(2, 3746.6400000002914)
(3, 3741.6150000002908)
(4, 3754.6800000002922)
(5, 3746.6400000002914)
(6, 3747.6450000002915)
(7, 3751.6650000002919)
(8, 3738.6000000002905)
(9, 3765.7350000002934)
(10, 3734.5800000002901)
(11, 3737.5950000002904)
(12, 3746.6400000002914)
(13, 3745.6350000002913)
(14, 3744.6300000002911)
(15, 3740.6100000002907)
(16, 3746.6400000002914)
(17, 3747.6450000002915)
(18, 3741.6150000002908)
(19, 3740.6100000002907)
(20, 3742.6200000002909)
(21, 3743.625000000291)
(22, 3739.6050000002906)
(23, 3736.5900000002903)
(24, 3745.6350000002913)
(25, 3743.625000000291)
(26, 3738.6000000002905)
(27, 3738.6000000002905)
(28, 3734.5800000002901)
(29, 3734.5800000002901)
(30, 3738.6000000002905)
(31, 3743.625000000291)
(32, 3744.6300000002911)
(33, 3737.5950000002904)
(34, 3734.5800000002901)
(35, 3741.6150000002908)
(36, 3732.5700000002898)
(37, 3733.5750000002899)
(38, 3742.6200000002909)
(39, 3747.6450000002915)
Changed value of parameter MIPGap to 0.05
   Prev: 0.0001  Min: 0.0  Max: 1e+100  Default: 0.0001
Changed value of parameter TimeLimit to 1800.0
   Prev: 1e+100  Min: 0.0  Max: 1e+100  Default: 1e+100
Changed value of parameter Method to 2
   Prev: -1  Min: -1  Max: 4  Default: -1
Changed value of parameter MIPFocus to 1
   Prev: 0  Min: 0  Max: 3  Default: 0
Optimize a model with 22554 rows, 33531 columns and 67062 nonzeros
Variable types: 0 continuous, 33531 integer (33531 binary)
Coefficient statistics:
  Matrix range     [1e+00, 5e+00]
  Objective range  [1e+00, 1e+00]
  Bounds range     [1e+00, 1e+00]
  RHS range        [8e+01, 8e+01]
Found heuristic solution: objective 0
Presolve removed 22354 rows and 23639 columns
Presolve time: 0.05s
Presolved: 200 rows, 9892 columns, 19784 nonzeros
Variable types: 0 continuous, 9892 integer (8607 binary)
Presolved: 200 rows, 9892 columns, 19784 nonzeros

Root barrier log...

Ordering time: 0.00s

Barrier statistics:
 AA' NZ     : 9.623e+03
 Factor NZ  : 1.936e+04 (roughly 4 MBytes of memory)
 Factor Ops : 2.478e+06 (less than 1 second per iteration)
 Threads    : 1

                  Objective                Residual
Iter       Primal          Dual         Primal    Dual     Compl     Time
   0  -2.17638676e+04 -9.15753797e+03  6.47e+01 2.22e-16  1.10e+00     0s
   1  -3.96653254e+03 -6.77328685e+03  5.93e-01 1.78e-15  1.54e-01     0s
   2  -4.02702468e+03 -4.12913762e+03  2.09e-02 2.66e-15  5.44e-03     0s
   3  -4.03997940e+03 -4.04008996e+03  0.00e+00 2.66e-15  5.53e-06     0s
   4  -4.03999998e+03 -4.04000009e+03  0.00e+00 1.78e-15  5.53e-09     0s
   5  -4.04000000e+03 -4.04000000e+03  9.75e-15 1.78e-15  5.71e-15     0s

Barrier solved model in 5 iterations and 0.08 seconds
Optimal objective -4.04000000e+03


Root relaxation: objective -4.040000e+03, 8612 iterations, 0.06 seconds

    Nodes    |    Current Node    |     Objective Bounds      |     Work
 Expl Unexpl |  Obj  Depth IntInf | Incumbent    BestBd   Gap | It/Node Time

*    0     0               0    -4040.000000 -4040.0000  0.00%     -    0s

Explored 0 nodes (8713 simplex iterations) in 0.15 seconds
Thread count was 20 (of 20 available processors)

Solution count 2: -4040 0 
Pool objective bound -4040

Optimal solution found (tolerance 5.00e-02)
Best objective -4.040000000000e+03, best bound -4.040000000000e+03, gap 0.0000%
(0, 3735.9900000003481)
(1, 3749.120000000351)
(2, 3734.9800000003479)
(3, 3740.030000000349)
(4, 3723.8700000003455)
(5, 3739.0200000003488)
(6, 3750.1300000003512)
(7, 3740.030000000349)
(8, 3751.1400000003514)
(9, 3734.9800000003479)
(10, 3752.1500000003516)
(11, 3748.1100000003507)
(12, 3740.030000000349)
(13, 3745.0800000003501)
(14, 3745.0800000003501)
(15, 3730.940000000347)
(16, 3732.9600000003475)
(17, 3741.0400000003492)
(18, 3742.0500000003494)
(19, 3748.1100000003507)
(20, 3731.9500000003472)
(21, 3746.0900000003503)
(22, 3741.0400000003492)
(23, 3744.0700000003499)
(24, 3740.030000000349)
(25, 3732.9600000003475)
(26, 3750.1300000003512)
(27, 3732.9600000003475)
(28, 3744.0700000003499)
(29, 3742.0500000003494)
(30, 3724.8800000003457)
(31, 3750.1300000003512)
(32, 3740.030000000349)
(33, 3738.0100000003486)
(34, 3742.0500000003494)
(35, 3733.9700000003477)
(36, 3744.0700000003499)
(37, 3735.9900000003481)
(38, 3737.0000000003483)
(39, 3740.030000000349)
(0, 3727.9100000003464)
(1, 3737.0000000003483)
(2, 3750.1300000003512)
(3, 3735.9900000003481)
(4, 3741.0400000003492)
(5, 3738.0100000003486)
(6, 3731.9500000003472)
(7, 3742.0500000003494)
(8, 3744.0700000003499)
(9, 3737.0000000003483)
(10, 3740.030000000349)
(11, 3725.8900000003459)
(12, 3742.0500000003494)
(13, 3739.0200000003488)
(14, 3740.030000000349)
(15, 3745.0800000003501)
(16, 3734.9800000003479)
(17, 3744.0700000003499)
(18, 3740.030000000349)
(19, 3748.1100000003507)
(20, 3742.0500000003494)
(21, 3739.0200000003488)
(22, 3725.8900000003459)
(23, 3749.120000000351)
(24, 3734.9800000003479)
(25, 3741.0400000003492)
(26, 3744.0700000003499)
(27, 3748.1100000003507)
(28, 3737.0000000003483)
(29, 3739.0200000003488)
(30, 3744.0700000003499)
(31, 3744.0700000003499)
(32, 3751.1400000003514)
(33, 3742.0500000003494)
(34, 3741.0400000003492)
(35, 3743.0600000003496)
(36, 3738.0100000003486)
(37, 3735.9900000003481)
(38, 3739.0200000003488)
(39, 3748.1100000003507)
Changed value of parameter MIPGap to 0.05
   Prev: 0.0001  Min: 0.0  Max: 1e+100  Default: 0.0001
Changed value of parameter TimeLimit to 1800.0
   Prev: 1e+100  Min: 0.0  Max: 1e+100  Default: 1e+100
Changed value of parameter Method to 2
   Prev: -1  Min: -1  Max: 4  Default: -1
Changed value of parameter MIPFocus to 1
   Prev: 0  Min: 0  Max: 3  Default: 0
Optimize a model with 22554 rows, 33531 columns and 67062 nonzeros
Variable types: 0 continuous, 33531 integer (33531 binary)
Coefficient statistics:
  Matrix range     [1e+00, 5e+00]
  Objective range  [1e+00, 1e+00]
  Bounds range     [1e+00, 1e+00]
  RHS range        [8e+01, 8e+01]
Found heuristic solution: objective 0
Presolve removed 22354 rows and 23639 columns
Presolve time: 0.05s
Presolved: 200 rows, 9892 columns, 19784 nonzeros
Variable types: 0 continuous, 9892 integer (8607 binary)
Presolved: 200 rows, 9892 columns, 19784 nonzeros

Root barrier log...

Ordering time: 0.00s

Barrier statistics:
 AA' NZ     : 9.623e+03
 Factor NZ  : 1.936e+04 (roughly 4 MBytes of memory)
 Factor Ops : 2.478e+06 (less than 1 second per iteration)
 Threads    : 1

                  Objective                Residual
Iter       Primal          Dual         Primal    Dual     Compl     Time
   0  -2.20504776e+04 -8.99737345e+03  6.47e+01 2.22e-16  1.06e+00     0s
   1  -4.21402380e+03 -6.70618251e+03  1.29e+00 1.78e-15  1.54e-01     0s
   2  -4.07506731e+03 -4.18692277e+03  4.89e-02 1.78e-15  6.36e-03     0s
   3  -4.07997856e+03 -4.08010797e+03  0.00e+00 1.78e-15  6.48e-06     0s
   4  -4.07999998e+03 -4.08000011e+03  0.00e+00 2.66e-15  6.48e-09     0s
   5  -4.08000000e+03 -4.08000000e+03  9.59e-15 1.78e-15  6.65e-15     0s

Barrier solved model in 5 iterations and 0.08 seconds
Optimal objective -4.08000000e+03


Root relaxation: objective -4.080000e+03, 8613 iterations, 0.06 seconds

    Nodes    |    Current Node    |     Objective Bounds      |     Work
 Expl Unexpl |  Obj  Depth IntInf | Incumbent    BestBd   Gap | It/Node Time

*    0     0               0    -4080.000000 -4080.0000  0.00%     -    0s

Explored 0 nodes (8879 simplex iterations) in 0.15 seconds
Thread count was 20 (of 20 available processors)

Solution count 2: -4080 0 
Pool objective bound -4080

Optimal solution found (tolerance 5.00e-02)
Best objective -4.080000000000e+03, best bound -4.080000000000e+03, gap 0.0000%
(0, 3776.0399999999386)
(1, 3770.9399999999387)
(2, 3785.2199999999384)
(3, 3770.9399999999387)
(4, 3782.1599999999385)
(5, 3776.0399999999386)
(6, 3772.9799999999386)
(7, 3771.9599999999386)
(8, 3767.8799999999387)
(9, 3756.6599999999389)
(10, 3766.8599999999387)
(11, 3771.9599999999386)
(12, 3766.8599999999387)
(13, 3766.8599999999387)
(14, 3772.9799999999386)
(15, 3772.9799999999386)
(16, 3761.7599999999388)
(17, 3764.8199999999388)
(18, 3772.9799999999386)
(19, 3779.0999999999385)
(20, 3755.6399999999389)
(21, 3758.6999999999389)
(22, 3763.7999999999388)
(23, 3762.7799999999388)
(24, 3762.7799999999388)
(25, 3776.0399999999386)
(26, 3769.9199999999387)
(27, 3771.9599999999386)
(28, 3768.8999999999387)
(29, 3772.9799999999386)
(30, 3772.9799999999386)
(31, 3769.9199999999387)
(32, 3771.9599999999386)
(33, 3758.6999999999389)
(34, 3771.9599999999386)
(35, 3773.9999999999386)
(36, 3764.8199999999388)
(37, 3775.0199999999386)
(38, 3772.9799999999386)
(39, 3769.9199999999387)
(0, 3773.9999999999386)
(1, 3767.8799999999387)
(2, 3765.8399999999388)
(3, 3759.7199999999389)
(4, 3775.0199999999386)
(5, 3760.7399999999388)
(6, 3768.8999999999387)
(7, 3766.8599999999387)
(8, 3768.8999999999387)
(9, 3765.8399999999388)
(10, 3763.7999999999388)
(11, 3764.8199999999388)
(12, 3772.9799999999386)
(13, 3759.7199999999389)
(14, 3759.7199999999389)
(15, 3765.8399999999388)
(16, 3765.8399999999388)
(17, 3763.7999999999388)
(18, 3777.0599999999386)
(19, 3765.8399999999388)
(20, 3772.9799999999386)
(21, 3769.9199999999387)
(22, 3776.0399999999386)
(23, 3765.8399999999388)
(24, 3765.8399999999388)
(25, 3776.0399999999386)
(26, 3769.9199999999387)
(27, 3762.7799999999388)
(28, 3767.8799999999387)
(29, 3775.0199999999386)
(30, 3766.8599999999387)
(31, 3768.8999999999387)
(32, 3770.9399999999387)
(33, 3765.8399999999388)
(34, 3777.0599999999386)
(35, 3784.1999999999384)
(36, 3763.7999999999388)
(37, 3765.8399999999388)
(38, 3762.7799999999388)
(39, 3771.9599999999386)
Changed value of parameter MIPGap to 0.05
   Prev: 0.0001  Min: 0.0  Max: 1e+100  Default: 0.0001
Changed value of parameter TimeLimit to 1800.0
   Prev: 1e+100  Min: 0.0  Max: 1e+100  Default: 1e+100
Changed value of parameter Method to 2
   Prev: -1  Min: -1  Max: 4  Default: -1
Changed value of parameter MIPFocus to 1
   Prev: 0  Min: 0  Max: 3  Default: 0
Optimize a model with 22554 rows, 33531 columns and 67062 nonzeros
Variable types: 0 continuous, 33531 integer (33531 binary)
Coefficient statistics:
  Matrix range     [1e+00, 5e+00]
  Objective range  [1e+00, 1e+00]
  Bounds range     [1e+00, 1e+00]
  RHS range        [8e+01, 8e+01]
Found heuristic solution: objective 0
Presolve removed 22354 rows and 23639 columns
Presolve time: 0.05s
Presolved: 200 rows, 9892 columns, 19784 nonzeros
Variable types: 0 continuous, 9892 integer (8607 binary)
Presolved: 200 rows, 9892 columns, 19784 nonzeros

Root barrier log...

Ordering time: 0.00s

Barrier statistics:
 AA' NZ     : 9.623e+03
 Factor NZ  : 1.936e+04 (roughly 4 MBytes of memory)
 Factor Ops : 2.478e+06 (less than 1 second per iteration)
 Threads    : 1

                  Objective                Residual
Iter       Primal          Dual         Primal    Dual     Compl     Time
   0  -2.26226427e+04 -8.67704440e+03  6.47e+01 2.22e-16  9.73e-01     0s
   1  -4.53699347e+03 -6.58102061e+03  2.04e+00 1.78e-15  1.47e-01     0s
   2  -4.16486792e+03 -4.28437274e+03  7.79e-02 1.78e-15  7.22e-03     0s
   3  -4.15997862e+03 -4.16012608e+03  0.00e+00 2.66e-15  7.38e-06     0s
   4  -4.15999998e+03 -4.16000013e+03  0.00e+00 2.66e-15  7.38e-09     0s
   5  -4.16000000e+03 -4.16000000e+03  8.15e-15 2.66e-15  7.56e-15     0s

Barrier solved model in 5 iterations and 0.08 seconds
Optimal objective -4.16000000e+03


Root relaxation: objective -4.160000e+03, 8613 iterations, 0.06 seconds

    Nodes    |    Current Node    |     Objective Bounds      |     Work
 Expl Unexpl |  Obj  Depth IntInf | Incumbent    BestBd   Gap | It/Node Time

*    0     0               0    -4160.000000 -4160.0000  0.00%     -    0s

Explored 0 nodes (8613 simplex iterations) in 0.14 seconds
Thread count was 20 (of 20 available processors)

Solution count 2: -4160 0 
Pool objective bound -4160

Optimal solution found (tolerance 5.00e-02)
Best objective -4.160000000000e+03, best bound -4.160000000000e+03, gap 0.0000%
(0, 3847.9999999998877)
(1, 3869.8399999998869)
(2, 3859.4399999998873)
(3, 3852.1599999998875)
(4, 3868.7999999998869)
(5, 3852.1599999998875)
(6, 3854.2399999998875)
(7, 3858.3999999998873)
(8, 3865.6799999998871)
(9, 3860.4799999998872)
(10, 3860.4799999998872)
(11, 3856.3199999998874)
(12, 3859.4399999998873)
(13, 3859.4399999998873)
(14, 3860.4799999998872)
(15, 3861.5199999998872)
(16, 3855.2799999998874)
(17, 3852.1599999998875)
(18, 3852.1599999998875)
(19, 3859.4399999998873)
(20, 3855.2799999998874)
(21, 3858.3999999998873)
(22, 3853.1999999998875)
(23, 3865.6799999998871)
(24, 3854.2399999998875)
(25, 3858.3999999998873)
(26, 3866.719999999887)
(27, 3856.3199999998874)
(28, 3857.3599999998873)
(29, 3862.5599999998872)
(30, 3860.4799999998872)
(31, 3866.719999999887)
(32, 3861.5199999998872)
(33, 3858.3999999998873)
(34, 3863.5999999998871)
(35, 3854.2399999998875)
(36, 3854.2399999998875)
(37, 3862.5599999998872)
(38, 3859.4399999998873)
(39, 3865.6799999998871)
(0, 3862.5599999998872)
(1, 3862.5599999998872)
(2, 3863.5999999998871)
(3, 3852.1599999998875)
(4, 3860.4799999998872)
(5, 3854.2399999998875)
(6, 3863.5999999998871)
(7, 3856.3199999998874)
(8, 3868.7999999998869)
(9, 3851.1199999998876)
(10, 3845.9199999998878)
(11, 3862.5599999998872)
(12, 3854.2399999998875)
(13, 3865.6799999998871)
(14, 3863.5999999998871)
(15, 3861.5199999998872)
(16, 3858.3999999998873)
(17, 3866.719999999887)
(18, 3863.5999999998871)
(19, 3865.6799999998871)
(20, 3857.3599999998873)
(21, 3853.1999999998875)
(22, 3866.719999999887)
(23, 3860.4799999998872)
(24, 3856.3199999998874)
(25, 3870.8799999998869)
(26, 3864.6399999998871)
(27, 3863.5999999998871)
(28, 3862.5599999998872)
(29, 3869.8399999998869)
(30, 3855.2799999998874)
(31, 3863.5999999998871)
(32, 3868.7999999998869)
(33, 3866.719999999887)
(34, 3867.759999999887)
(35, 3856.3199999998874)
(36, 3860.4799999998872)
(37, 3861.5199999998872)
(38, 3853.1999999998875)
(39, 3864.6399999998871)
Changed value of parameter MIPGap to 0.05
   Prev: 0.0001  Min: 0.0  Max: 1e+100  Default: 0.0001
Changed value of parameter TimeLimit to 1800.0
   Prev: 1e+100  Min: 0.0  Max: 1e+100  Default: 1e+100
Changed value of parameter Method to 2
   Prev: -1  Min: -1  Max: 4  Default: -1
Changed value of parameter MIPFocus to 1
   Prev: 0  Min: 0  Max: 3  Default: 0
Optimize a model with 22554 rows, 33531 columns and 67062 nonzeros
Variable types: 0 continuous, 33531 integer (33531 binary)
Coefficient statistics:
  Matrix range     [1e+00, 5e+00]
  Objective range  [1e+00, 1e+00]
  Bounds range     [1e+00, 1e+00]
  RHS range        [8e+01, 8e+01]
Found heuristic solution: objective 0
Presolve removed 22354 rows and 23639 columns
Presolve time: 0.05s
Presolved: 200 rows, 9892 columns, 19784 nonzeros
Variable types: 0 continuous, 9892 integer (8607 binary)
Presolved: 200 rows, 9892 columns, 19784 nonzeros

Root barrier log...

Ordering time: 0.00s

Barrier statistics:
 AA' NZ     : 9.623e+03
 Factor NZ  : 1.936e+04 (roughly 4 MBytes of memory)
 Factor Ops : 2.478e+06 (less than 1 second per iteration)
 Threads    : 1

                  Objective                Residual
Iter       Primal          Dual         Primal    Dual     Compl     Time
   0  -2.29081019e+04 -8.51687988e+03  6.47e+01 0.00e+00  9.30e-01     0s
   1  -4.61110561e+03 -6.52281834e+03  2.11e+00 1.78e-15  1.42e-01     0s
   2  -4.20641665e+03 -4.32201701e+03  8.00e-02 1.78e-15  7.06e-03     0s
   3  -4.19997932e+03 -4.20012375e+03  0.00e+00 2.66e-15  7.23e-06     0s
   4  -4.19999998e+03 -4.20000012e+03  0.00e+00 1.78e-15  7.23e-09     0s
   5  -4.20000000e+03 -4.20000000e+03  7.99e-15 1.78e-15  7.39e-15     0s

Barrier solved model in 5 iterations and 0.08 seconds
Optimal objective -4.20000000e+03


Root relaxation: objective -4.200000e+03, 8614 iterations, 0.06 seconds

    Nodes    |    Current Node    |     Objective Bounds      |     Work
 Expl Unexpl |  Obj  Depth IntInf | Incumbent    BestBd   Gap | It/Node Time

*    0     0               0    -4200.000000 -4200.0000  0.00%     -    0s

Explored 0 nodes (8614 simplex iterations) in 0.14 seconds
Thread count was 20 (of 20 available processors)

Solution count 2: -4200 0 
Pool objective bound -4200

Optimal solution found (tolerance 5.00e-02)
Best objective -4.200000000000e+03, best bound -4.200000000000e+03, gap 0.0000%
(0, 3888.1500000002561)
(1, 3895.5000000002574)
(2, 3883.9500000002554)
(3, 3883.9500000002554)
(4, 3879.7500000002547)
(5, 3890.2500000002565)
(6, 3895.5000000002574)
(7, 3891.3000000002567)
(8, 3888.1500000002561)
(9, 3894.4500000002572)
(10, 3891.3000000002567)
(11, 3892.3500000002568)
(12, 3886.0500000002557)
(13, 3888.1500000002561)
(14, 3889.2000000002563)
(15, 3903.9000000002588)
(16, 3892.3500000002568)
(17, 3885.0000000002556)
(18, 3880.8000000002548)
(19, 3892.3500000002568)
(20, 3881.850000000255)
(21, 3877.6500000002543)
(22, 3890.2500000002565)
(23, 3899.7000000002581)
(24, 3893.400000000257)
(25, 3886.0500000002557)
(26, 3883.9500000002554)
(27, 3890.2500000002565)
(28, 3889.2000000002563)
(29, 3896.5500000002576)
(30, 3898.6500000002579)
(31, 3889.2000000002563)
(32, 3892.3500000002568)
(33, 3883.9500000002554)
(34, 3891.3000000002567)
(35, 3891.3000000002567)
(36, 3890.2500000002565)
(37, 3888.1500000002561)
(38, 3891.3000000002567)
(39, 3885.0000000002556)
(0, 3886.0500000002557)
(1, 3892.3500000002568)
(2, 3881.850000000255)
(3, 3892.3500000002568)
(4, 3888.1500000002561)
(5, 3889.2000000002563)
(6, 3888.1500000002561)
(7, 3891.3000000002567)
(8, 3891.3000000002567)
(9, 3897.6000000002578)
(10, 3876.6000000002541)
(11, 3889.2000000002563)
(12, 3878.7000000002545)
(13, 3891.3000000002567)
(14, 3891.3000000002567)
(15, 3883.9500000002554)
(16, 3886.0500000002557)
(17, 3893.400000000257)
(18, 3890.2500000002565)
(19, 3883.9500000002554)
(20, 3907.0500000002594)
(21, 3882.9000000002552)
(22, 3890.2500000002565)
(23, 3902.8500000002587)
(24, 3896.5500000002576)
(25, 3891.3000000002567)
(26, 3895.5000000002574)
(27, 3891.3000000002567)
(28, 3886.0500000002557)
(29, 3887.1000000002559)
(30, 3889.2000000002563)
(31, 3882.9000000002552)
(32, 3892.3500000002568)
(33, 3893.400000000257)
(34, 3888.1500000002561)
(35, 3881.850000000255)
(36, 3886.0500000002557)
(37, 3897.6000000002578)
(38, 3902.8500000002587)
(39, 3885.0000000002556)
Changed value of parameter MIPGap to 0.05
   Prev: 0.0001  Min: 0.0  Max: 1e+100  Default: 0.0001
Changed value of parameter TimeLimit to 1800.0
   Prev: 1e+100  Min: 0.0  Max: 1e+100  Default: 1e+100
Changed value of parameter Method to 2
   Prev: -1  Min: -1  Max: 4  Default: -1
Changed value of parameter MIPFocus to 1
   Prev: 0  Min: 0  Max: 3  Default: 0
Optimize a model with 22554 rows, 33531 columns and 67062 nonzeros
Variable types: 0 continuous, 33531 integer (33531 binary)
Coefficient statistics:
  Matrix range     [1e+00, 5e+00]
  Objective range  [1e+00, 2e+00]
  Bounds range     [1e+00, 1e+00]
  RHS range        [8e+01, 8e+01]
Found heuristic solution: objective 0
Presolve removed 22354 rows and 23639 columns
Presolve time: 0.05s
Presolved: 200 rows, 9892 columns, 19784 nonzeros
Variable types: 0 continuous, 9892 integer (8607 binary)
Presolved: 200 rows, 9892 columns, 19784 nonzeros

Root barrier log...

Ordering time: 0.00s

Barrier statistics:
 AA' NZ     : 9.623e+03
 Factor NZ  : 1.936e+04 (roughly 4 MBytes of memory)
 Factor Ops : 2.478e+06 (less than 1 second per iteration)
 Threads    : 1

                  Objective                Residual
Iter       Primal          Dual         Primal    Dual     Compl     Time
   0  -2.43267942e+04 -7.73569272e+03  6.46e+01 2.22e-16  7.19e-01     0s
   1  -4.84559518e+03 -6.20457214e+03  1.94e+00 1.78e-15  1.09e-01     0s
   2  -4.41242138e+03 -4.48877546e+03  8.19e-02 1.78e-15  5.18e-03     0s
   3  -4.39998419e+03 -4.40008986e+03  0.00e+00 2.66e-15  5.29e-06     0s
   4  -4.39999998e+03 -4.40000009e+03  0.00e+00 1.78e-15  5.29e-09     0s
   5  -4.40000000e+03 -4.40000000e+03  1.03e-14 2.66e-15  5.47e-15     0s

Barrier solved model in 5 iterations and 0.08 seconds
Optimal objective -4.40000000e+03


Root relaxation: objective -4.400000e+03, 8614 iterations, 0.06 seconds

    Nodes    |    Current Node    |     Objective Bounds      |     Work
 Expl Unexpl |  Obj  Depth IntInf | Incumbent    BestBd   Gap | It/Node Time

     0     0 -4400.0000    0   10    0.00000 -4400.0000      -     -    0s
H    0     0                    -4398.900000 -4400.0000  0.03%     -    0s

Explored 0 nodes (8973 simplex iterations) in 0.15 seconds
Thread count was 20 (of 20 available processors)

Solution count 2: -4398.9 0 
Pool objective bound -4400

Optimal solution found (tolerance 5.00e-02)
Best objective -4.398900000000e+03, best bound -4.400000000000e+03, gap 0.0250%
(0, 4052.3999999997645)
(1, 4054.5999999997643)
(2, 4047.9999999997649)
(3, 4057.8999999997641)
(4, 4056.7999999997642)
(5, 4051.2999999997646)
(6, 4049.0999999997648)
(7, 4057.8999999997641)
(8, 4049.0999999997648)
(9, 4054.5999999997643)
(10, 4068.8999999997632)
(11, 4049.0999999997648)
(12, 4052.3999999997645)
(13, 4051.2999999997646)
(14, 4045.7999999997651)
(15, 4050.1999999997647)
(16, 4062.2999999997637)
(17, 4065.5999999997634)
(18, 4050.1999999997647)
(19, 4051.2999999997646)
(20, 4073.2999999997628)
(21, 4051.2999999997646)
(22, 4055.6999999997643)
(23, 4060.0999999997639)
(24, 4047.9999999997649)
(25, 4057.8999999997641)
(26, 4055.6999999997643)
(27, 4057.8999999997641)
(28, 4062.2999999997637)
(29, 4051.2999999997646)
(30, 4058.999999999764)
(31, 4053.4999999997644)
(32, 4055.6999999997643)
(33, 4047.9999999997649)
(34, 4051.2999999997646)
(35, 4066.6999999997633)
(36, 4054.5999999997643)
(37, 4051.2999999997646)
(38, 4052.3999999997645)
(39, 4050.1999999997647)
(0, 4052.3999999997645)
(1, 4051.2999999997646)
(2, 4043.5999999997653)
(3, 4049.0999999997648)
(4, 4045.7999999997651)
(5, 4047.9999999997649)
(6, 4058.999999999764)
(7, 4055.6999999997643)
(8, 4042.4999999997654)
(9, 4052.3999999997645)
(10, 4049.0999999997648)
(11, 4046.899999999765)
(12, 4053.4999999997644)
(13, 4055.6999999997643)
(14, 4068.8999999997632)
(15, 4054.5999999997643)
(16, 4055.6999999997643)
(17, 4042.4999999997654)
(18, 4060.0999999997639)
(19, 4044.6999999997652)
(20, 4058.999999999764)
(21, 4049.0999999997648)
(22, 4054.5999999997643)
(23, 4057.8999999997641)
(24, 4047.9999999997649)
(25, 4052.3999999997645)
(26, 4062.2999999997637)
(27, 4050.1999999997647)
(28, 4052.3999999997645)
(29, 4064.4999999997635)
(30, 4051.2999999997646)
(31, 4058.999999999764)
(32, 4050.1999999997647)
(33, 4050.1999999997647)
(34, 4055.6999999997643)
(35, 4045.7999999997651)
(36, 4065.5999999997634)
(37, 4045.7999999997651)
(38, 4051.2999999997646)
(39, 4058.999999999764)
Changed value of parameter MIPGap to 0.05
   Prev: 0.0001  Min: 0.0  Max: 1e+100  Default: 0.0001
Changed value of parameter TimeLimit to 1800.0
   Prev: 1e+100  Min: 0.0  Max: 1e+100  Default: 1e+100
Changed value of parameter Method to 2
   Prev: -1  Min: -1  Max: 4  Default: -1
Changed value of parameter MIPFocus to 1
   Prev: 0  Min: 0  Max: 3  Default: 0
Optimize a model with 22554 rows, 33531 columns and 67062 nonzeros
Variable types: 0 continuous, 33531 integer (33531 binary)
Coefficient statistics:
  Matrix range     [1e+00, 5e+00]
  Objective range  [1e+00, 3e+00]
  Bounds range     [1e+00, 1e+00]
  RHS range        [8e+01, 8e+01]
Found heuristic solution: objective 0
Presolve removed 22354 rows and 23639 columns
Presolve time: 0.05s
Presolved: 200 rows, 9892 columns, 19784 nonzeros
Variable types: 0 continuous, 9892 integer (8607 binary)
Presolved: 200 rows, 9892 columns, 19784 nonzeros

Root barrier log...

Ordering time: 0.00s

Barrier statistics:
 AA' NZ     : 9.623e+03
 Factor NZ  : 1.936e+04 (roughly 4 MBytes of memory)
 Factor Ops : 2.478e+06 (less than 1 second per iteration)
 Threads    : 1

                  Objective                Residual
Iter       Primal          Dual         Primal    Dual     Compl     Time
   0  -2.70270457e+04 -6.19029591e+03  6.40e+01 0.00e+00  3.03e-01     0s
   1  -5.02834476e+03 -5.54169881e+03  8.43e-01 1.78e-15  4.24e-02     0s
   2  -4.81076260e+03 -4.82271703e+03  4.42e-02 2.66e-15  1.39e-03     0s
   3  -4.79999470e+03 -4.80002276e+03  0.00e+00 1.78e-15  1.40e-06     0s
   4  -4.79999999e+03 -4.80000002e+03  0.00e+00 2.66e-15  1.40e-09     0s

Barrier solved model in 4 iterations and 0.08 seconds
Optimal objective -4.79999999e+03


Root relaxation: objective -4.800000e+03, 8613 iterations, 0.06 seconds

    Nodes    |    Current Node    |     Objective Bounds      |     Work
 Expl Unexpl |  Obj  Depth IntInf | Incumbent    BestBd   Gap | It/Node Time

*    0     0               0    -4800.000000 -4800.0000  0.00%     -    0s

Explored 0 nodes (8622 simplex iterations) in 0.14 seconds
Thread count was 20 (of 20 available processors)

Solution count 2: -4800 0 
Pool objective bound -4800

Optimal solution found (tolerance 5.00e-02)
Best objective -4.800000000000e+03, best bound -4.800000000000e+03, gap 0.0000%
(0, 4407.5999999996975)
(1, 4424.399999999695)
(2, 4415.9999999996962)
(3, 4432.7999999996937)
(4, 4421.9999999996953)
(5, 4406.3999999996977)
(6, 4413.5999999996966)
(7, 4438.7999999996928)
(8, 4421.9999999996953)
(9, 4406.3999999996977)
(10, 4424.399999999695)
(11, 4409.9999999996971)
(12, 4432.7999999996937)
(13, 4412.3999999996968)
(14, 4423.1999999996951)
(15, 4433.9999999996935)
(16, 4411.199999999697)
(17, 4405.1999999996979)
(18, 4420.7999999996955)
(19, 4423.1999999996951)
(20, 4424.399999999695)
(21, 4414.7999999996964)
(22, 4403.999999999698)
(23, 4415.9999999996962)
(24, 4424.399999999695)
(25, 4419.5999999996957)
(26, 4421.9999999996953)
(27, 4424.399999999695)
(28, 4420.7999999996955)
(29, 4433.9999999996935)
(30, 4421.9999999996953)
(31, 4413.5999999996966)
(32, 4431.5999999996939)
(33, 4417.199999999696)
(34, 4425.5999999996948)
(35, 4425.5999999996948)
(36, 4419.5999999996957)
(37, 4407.5999999996975)
(38, 4418.3999999996959)
(39, 4419.5999999996957)
(0, 4420.7999999996955)
(1, 4419.5999999996957)
(2, 4431.5999999996939)
(3, 4407.5999999996975)
(4, 4420.7999999996955)
(5, 4423.1999999996951)
(6, 4419.5999999996957)
(7, 4406.3999999996977)
(8, 4419.5999999996957)
(9, 4418.3999999996959)
(10, 4430.399999999694)
(11, 4415.9999999996962)
(12, 4418.3999999996959)
(13, 4426.7999999996946)
(14, 4415.9999999996962)
(15, 4417.199999999696)
(16, 4417.199999999696)
(17, 4423.1999999996951)
(18, 4408.7999999996973)
(19, 4417.199999999696)
(20, 4415.9999999996962)
(21, 4419.5999999996957)
(22, 4412.3999999996968)
(23, 4424.399999999695)
(24, 4412.3999999996968)
(25, 4417.199999999696)
(26, 4425.5999999996948)
(27, 4427.9999999996944)
(28, 4417.199999999696)
(29, 4420.7999999996955)
(30, 4417.199999999696)
(31, 4424.399999999695)
(32, 4412.3999999996968)
(33, 4411.199999999697)
(34, 4406.3999999996977)
(35, 4424.399999999695)
(36, 4421.9999999996953)
(37, 4408.7999999996973)
(38, 4411.199999999697)
(39, 4418.3999999996959)
Changed value of parameter MIPGap to 0.05
   Prev: 0.0001  Min: 0.0  Max: 1e+100  Default: 0.0001
Changed value of parameter TimeLimit to 1800.0
   Prev: 1e+100  Min: 0.0  Max: 1e+100  Default: 1e+100
Changed value of parameter Method to 2
   Prev: -1  Min: -1  Max: 4  Default: -1
Changed value of parameter MIPFocus to 1
   Prev: 0  Min: 0  Max: 3  Default: 0
Optimize a model with 22554 rows, 33531 columns and 67062 nonzeros
Variable types: 0 continuous, 33531 integer (33531 binary)
Coefficient statistics:
  Matrix range     [1e+00, 5e+00]
  Objective range  [1e+00, 4e+00]
  Bounds range     [1e+00, 1e+00]
  RHS range        [8e+01, 8e+01]
Found heuristic solution: objective 0
Presolve removed 22354 rows and 23639 columns
Presolve time: 0.05s
Presolved: 200 rows, 9892 columns, 19784 nonzeros
Variable types: 0 continuous, 9892 integer (8607 binary)
Presolved: 200 rows, 9892 columns, 19784 nonzeros

Root barrier log...

Ordering time: 0.00s

Barrier statistics:
 AA' NZ     : 9.623e+03
 Factor NZ  : 1.936e+04 (roughly 4 MBytes of memory)
 Factor Ops : 2.478e+06 (less than 1 second per iteration)
 Threads    : 1

                  Objective                Residual
Iter       Primal          Dual         Primal    Dual     Compl     Time
   0  -3.29223765e+04 -9.13215048e+03  6.44e+01 0.00e+00  5.99e-01     0s
   1  -8.12331743e+03 -7.68145475e+03  4.81e+00 1.78e-15  1.01e-01     0s
   2  -6.52651487e+03 -6.66152436e+03  5.44e-01 1.78e-15  1.94e-02     0s
   3  -6.41746676e+03 -6.48850342e+03  1.96e-01 1.78e-15  8.00e-03     0s
   4  -6.36794424e+03 -6.37803664e+03  4.62e-02 1.78e-15  1.53e-03     0s
   5  -6.35547348e+03 -6.35807985e+03  7.07e-03 2.66e-15  2.86e-04     0s
   6  -6.35322468e+03 -6.35321078e+03  7.18e-05 1.78e-15  8.81e-07     0s
   7  -6.35320000e+03 -6.35320000e+03  8.11e-11 6.22e-15  1.20e-12     0s

Barrier solved model in 7 iterations and 0.09 seconds
Optimal objective -6.35320000e+03


Root relaxation: objective -6.353200e+03, 7535 iterations, 0.06 seconds

    Nodes    |    Current Node    |     Objective Bounds      |     Work
 Expl Unexpl |  Obj  Depth IntInf | Incumbent    BestBd   Gap | It/Node Time

     0     0 -6353.2000    0   88    0.00000 -6353.2000      -     -    0s
H    0     0                    -6312.600000 -6353.2000  0.64%     -    0s

Explored 0 nodes (8486 simplex iterations) in 0.25 seconds
Thread count was 20 (of 20 available processors)

Solution count 2: -6312.6 0 
Pool objective bound -6353.2

Optimal solution found (tolerance 5.00e-02)
Best objective -6.312600000000e+03, best bound -6.353200000000e+03, gap 0.6432%
(0, 5609.79999999967)
(1, 5622.3999999996695)
(2, 5619.5999999996693)
(3, 5583.1999999996769)
(4, 5595.7999999996837)
(5, 5592.999999999678)
(6, 5633.5999999996711)
(7, 5671.3999999996659)
(8, 5577.5999999996757)
(9, 5636.399999999664)
(10, 5612.5999999996739)
(11, 5627.9999999996735)
(12, 5594.3999999996722)
(13, 5602.7999999996709)
(14, 5662.9999999996626)
(15, 5570.5999999996802)
(16, 5608.3999999996713)
(17, 5611.1999999996679)
(18, 5620.9999999996726)
(19, 5616.7999999996637)
(20, 5636.3999999996713)
(21, 5613.9999999996744)
(22, 5672.7999999996491)
(23, 5611.1999999996679)
(24, 5625.1999999996688)
(25, 5632.1999999996688)
(26, 5585.9999999996753)
(27, 5573.3999999996795)
(28, 5612.5999999996711)
(29, 5634.9999999996744)
(30, 5602.7999999996646)
(31, 5602.7999999996828)
(32, 5560.7999999996882)
(33, 5668.5999999996602)
(34, 5639.1999999996724)
(35, 5646.1999999996642)
(36, 5616.7999999996637)
(37, 5599.9999999996689)
(38, 5592.9999999996735)
(39, 5619.5999999996684)
(0, 5620.9999999996626)
(1, 5608.3999999996831)
(2, 5612.5999999996857)
(3, 5609.7999999996646)
(4, 5623.7999999996719)
(5, 5622.3999999996631)
(6, 5615.3999999996659)
(7, 5605.5999999996693)
(8, 5619.5999999996657)
(9, 5606.999999999678)
(10, 5612.5999999996711)
(11, 5615.3999999996686)
(12, 5619.5999999996657)
(13, 5620.9999999996671)
(14, 5609.7999999996709)
(15, 5612.5999999996711)
(16, 5611.1999999996706)
(17, 5619.599999999672)
(18, 5618.1999999996706)
(19, 5609.7999999996655)
(20, 5606.9999999996744)
(21, 5611.1999999996733)
(22, 5612.5999999996739)
(23, 5611.1999999996733)
(24, 5604.1999999996824)
(25, 5626.5999999996684)
(26, 5609.7999999996655)
(27, 5616.7999999996709)
(28, 5616.7999999996637)
(29, 5608.3999999996713)
(30, 5608.3999999996768)
(31, 5623.7999999996637)
(32, 5611.1999999996697)
(33, 5602.79999999967)
(34, 5611.1999999996788)
(35, 5615.3999999996668)
(36, 5623.7999999996728)
(37, 5605.5999999996775)
(38, 5602.7999999996828)
(39, 5605.5999999996784)
Changed value of parameter MIPGap to 0.05
   Prev: 0.0001  Min: 0.0  Max: 1e+100  Default: 0.0001
Changed value of parameter TimeLimit to 1800.0
   Prev: 1e+100  Min: 0.0  Max: 1e+100  Default: 1e+100
Changed value of parameter Method to 2
   Prev: -1  Min: -1  Max: 4  Default: -1
Changed value of parameter MIPFocus to 1
   Prev: 0  Min: 0  Max: 3  Default: 0
Optimize a model with 22554 rows, 33531 columns and 67062 nonzeros
Variable types: 0 continuous, 33531 integer (33531 binary)
Coefficient statistics:
  Matrix range     [1e+00, 5e+00]
  Objective range  [2e+00, 5e+00]
  Bounds range     [1e+00, 1e+00]
  RHS range        [8e+01, 8e+01]
Found heuristic solution: objective 0
Presolve removed 22354 rows and 23639 columns
Presolve time: 0.05s
Presolved: 200 rows, 9892 columns, 19784 nonzeros
Variable types: 0 continuous, 9892 integer (8607 binary)
Presolved: 200 rows, 9892 columns, 19784 nonzeros

Root barrier log...

Ordering time: 0.00s

Barrier statistics:
 AA' NZ     : 9.623e+03
 Factor NZ  : 1.936e+04 (roughly 4 MBytes of memory)
 Factor Ops : 2.478e+06 (less than 1 second per iteration)
 Threads    : 1

                  Objective                Residual
Iter       Primal          Dual         Primal    Dual     Compl     Time
   0  -3.58990843e+04 -1.21076192e+04  6.46e+01 0.00e+00  1.03e+00     0s
   1  -9.12765090e+03 -9.62761128e+03  4.88e+00 1.78e-15  1.74e-01     0s
   2  -7.50466574e+03 -7.89585274e+03  5.58e-01 1.78e-15  3.44e-02     0s
   3  -7.40508103e+03 -7.57969543e+03  1.99e-01 1.78e-15  1.38e-02     0s
   4  -7.35823985e+03 -7.37602948e+03  4.60e-02 2.66e-15  2.02e-03     0s
   5  -7.34618987e+03 -7.34592213e+03  4.02e-03 2.66e-15  8.44e-05     0s
   6  -7.34500039e+03 -7.34500110e+03  1.84e-06 2.66e-15  8.02e-08     0s
   7  -7.34500000e+03 -7.34500000e+03  1.86e-12 2.66e-15  8.05e-14     0s

Barrier solved model in 7 iterations and 0.09 seconds
Optimal objective -7.34500000e+03


Root relaxation: objective -7.345000e+03, 7536 iterations, 0.06 seconds

    Nodes    |    Current Node    |     Objective Bounds      |     Work
 Expl Unexpl |  Obj  Depth IntInf | Incumbent    BestBd   Gap | It/Node Time

     0     0 -7345.0000    0  109    0.00000 -7345.0000      -     -    0s
H    0     0                    -7293.000000 -7345.0000  0.71%     -    0s

Explored 0 nodes (8046 simplex iterations) in 0.18 seconds
Thread count was 20 (of 20 available processors)

Solution count 2: -7293 0 
Pool objective bound -7345

Optimal solution found (tolerance 5.00e-02)
Best objective -7.293000000000e+03, best bound -7.345000000000e+03, gap 0.7130%
(0, 6572.5)
(1, 6533.5)
(2, 6569.0)
(3, 6545.5)
(4, 6557.0)
(5, 6571.0)
(6, 6518.0)
(7, 6542.0)
(8, 6560.5)
(9, 6568.5)
(10, 6493.0)
(11, 6525.5)
(12, 6514.0)
(13, 6556.5)
(14, 6536.5)
(15, 6545.5)
(16, 6523.0)
(17, 6520.0)
(18, 6529.5)
(19, 6533.5)
(20, 6542.5)
(21, 6522.5)
(22, 6524.5)
(23, 6523.0)
(24, 6534.5)
(25, 6483.0)
(26, 6503.5)
(27, 6510.0)
(28, 6538.0)
(29, 6538.5)
(30, 6545.0)
(31, 6555.0)
(32, 6513.5)
(33, 6568.0)
(34, 6502.0)
(35, 6537.0)
(36, 6545.5)
(37, 6526.0)
(38, 6535.5)
(39, 6535.0)
(0, 6487.5)
(1, 6487.0)
(2, 6498.5)
(3, 6494.0)
(4, 6500.5)
(5, 6511.0)
(6, 6485.0)
(7, 6486.0)
(8, 6496.5)
(9, 6472.0)
(10, 6487.0)
(11, 6469.0)
(12, 6501.0)
(13, 6492.5)
(14, 6510.5)
(15, 6498.0)
(16, 6484.0)
(17, 6498.0)
(18, 6535.5)
(19, 6475.0)
(20, 6516.5)
(21, 6522.5)
(22, 6521.0)
(23, 6478.5)
(24, 6470.0)
(25, 6519.5)
(26, 6530.0)
(27, 6507.0)
(28, 6480.0)
(29, 6464.5)
(30, 6489.5)
(31, 6482.5)
(32, 6474.5)
(33, 6514.0)
(34, 6511.5)
(35, 6540.0)
(36, 6482.5)
(37, 6479.5)
(38, 6479.0)
(39, 6500.0)
Changed value of parameter MIPGap to 0.05
   Prev: 0.0001  Min: 0.0  Max: 1e+100  Default: 0.0001
Changed value of parameter TimeLimit to 1800.0
   Prev: 1e+100  Min: 0.0  Max: 1e+100  Default: 1e+100
Changed value of parameter Method to 2
   Prev: -1  Min: -1  Max: 4  Default: -1
Changed value of parameter MIPFocus to 1
   Prev: 0  Min: 0  Max: 3  Default: 0
Optimize a model with 22554 rows, 33531 columns and 67062 nonzeros
Variable types: 0 continuous, 33531 integer (33531 binary)
Coefficient statistics:
  Matrix range     [1e+00, 5e+00]
  Objective range  [2e+00, 9e+00]
  Bounds range     [1e+00, 1e+00]
  RHS range        [8e+01, 8e+01]
Found heuristic solution: objective 0
Presolve removed 22354 rows and 23639 columns
Presolve time: 0.05s
Presolved: 200 rows, 9892 columns, 19784 nonzeros
Variable types: 0 continuous, 9892 integer (8607 binary)
Presolved: 200 rows, 9892 columns, 19784 nonzeros

Root barrier log...

Ordering time: 0.00s

Barrier statistics:
 AA' NZ     : 9.623e+03
 Factor NZ  : 1.936e+04 (roughly 4 MBytes of memory)
 Factor Ops : 2.478e+06 (less than 1 second per iteration)
 Threads    : 1

                  Objective                Residual
Iter       Primal          Dual         Primal    Dual     Compl     Time
   0  -5.04821468e+04 -2.69871865e+04  6.48e+01 0.00e+00  3.19e+00     0s
   1  -1.39910263e+04 -1.93480151e+04  4.89e+00 5.33e-15  5.43e-01     0s
   2  -1.23623721e+04 -1.40644157e+04  5.53e-01 5.33e-15  1.10e-01     0s
   3  -1.23350841e+04 -1.30335097e+04  1.96e-01 3.55e-15  4.28e-02     0s
   4  -1.23041156e+04 -1.23931673e+04  1.83e-02 3.55e-15  5.14e-03     0s
   5  -1.23038288e+04 -1.23058267e+04  1.04e-03 5.33e-15  1.38e-04     0s
   6  -1.23039999e+04 -1.23040005e+04  3.67e-07 5.33e-15  4.49e-08     0s
   7  -1.23040000e+04 -1.23040000e+04  3.69e-13 7.11e-15  4.62e-14     0s

Barrier solved model in 7 iterations and 0.09 seconds
Optimal objective -1.23040000e+04


Root relaxation: objective -1.230400e+04, 7535 iterations, 0.06 seconds

    Nodes    |    Current Node    |     Objective Bounds      |     Work
 Expl Unexpl |  Obj  Depth IntInf | Incumbent    BestBd   Gap | It/Node Time

     0     0 -12304.000    0   85    0.00000 -12304.000      -     -    0s
H    0     0                    -12225.00000 -12304.000  0.65%     -    0s

Explored 0 nodes (8807 simplex iterations) in 0.26 seconds
Thread count was 20 (of 20 available processors)

Solution count 2: -12225 0 
Pool objective bound -12304

Optimal solution found (tolerance 5.00e-02)
Best objective -1.222500000000e+04, best bound -1.230400000000e+04, gap 0.6462%
(0, 11166.0)
(1, 11131.0)
(2, 11062.0)
(3, 11171.0)
(4, 11146.0)
(5, 11150.0)
(6, 11162.0)
(7, 11178.0)
(8, 11144.0)
(9, 11145.0)
(10, 11127.0)
(11, 11141.0)
(12, 11111.0)
(13, 11171.0)
(14, 11081.0)
(15, 11134.0)
(16, 11109.0)
(17, 11175.0)
(18, 11209.0)
(19, 11165.0)
(20, 11123.0)
(21, 11178.0)
(22, 11123.0)
(23, 11213.0)
(24, 11076.0)
(25, 11180.0)
(26, 11132.0)
(27, 11181.0)
(28, 11089.0)
(29, 11185.0)
(30, 11155.0)
(31, 11109.0)
(32, 11178.0)
(33, 11125.0)
(34, 11178.0)
(35, 11106.0)
(36, 11088.0)
(37, 11154.0)
(38, 11127.0)
(39, 11085.0)
(0, 11069.0)
(1, 11111.0)
(2, 11091.0)
(3, 11094.0)
(4, 11077.0)
(5, 11068.0)
(6, 11086.0)
(7, 11066.0)
(8, 11088.0)
(9, 11078.0)
(10, 11065.0)
(11, 11067.0)
(12, 11094.0)
(13, 11075.0)
(14, 11045.0)
(15, 11074.0)
(16, 11070.0)
(17, 11073.0)
(18, 11085.0)
(19, 11061.0)
(20, 11083.0)
(21, 11092.0)
(22, 11058.0)
(23, 11078.0)
(24, 11077.0)
(25, 11108.0)
(26, 11091.0)
(27, 11095.0)
(28, 11058.0)
(29, 11062.0)
(30, 11068.0)
(31, 11069.0)
(32, 11079.0)
(33, 11116.0)
(34, 11120.0)
(35, 11074.0)
(36, 11075.0)
(37, 11098.0)
(38, 11064.0)
(39, 11089.0)
Changed value of parameter MIPGap to 0.05
   Prev: 0.0001  Min: 0.0  Max: 1e+100  Default: 0.0001
Changed value of parameter TimeLimit to 1800.0
   Prev: 1e+100  Min: 0.0  Max: 1e+100  Default: 1e+100
Changed value of parameter Method to 2
   Prev: -1  Min: -1  Max: 4  Default: -1
Changed value of parameter MIPFocus to 1
   Prev: 0  Min: 0  Max: 3  Default: 0
Optimize a model with 22554 rows, 33531 columns and 67062 nonzeros
Variable types: 0 continuous, 33531 integer (33531 binary)
Coefficient statistics:
  Matrix range     [1e+00, 5e+00]
  Objective range  [3e+00, 2e+01]
  Bounds range     [1e+00, 1e+00]
  RHS range        [8e+01, 8e+01]
Found heuristic solution: objective 0
Presolve removed 22354 rows and 23639 columns
Presolve time: 0.05s
Presolved: 200 rows, 9892 columns, 19784 nonzeros
Variable types: 0 continuous, 9892 integer (8607 binary)
Presolved: 200 rows, 9892 columns, 19784 nonzeros

Root barrier log...

Ordering time: 0.00s

Barrier statistics:
 AA' NZ     : 9.623e+03
 Factor NZ  : 1.936e+04 (roughly 4 MBytes of memory)
 Factor Ops : 2.478e+06 (less than 1 second per iteration)
 Threads    : 1

                  Objective                Residual
Iter       Primal          Dual         Primal    Dual     Compl     Time
   0  -7.95258805e+04 -5.67463212e+04  6.48e+01 0.00e+00  7.52e+00     0s
   1  -2.36103440e+04 -3.87590436e+04  4.85e+00 1.07e-14  1.28e+00     0s
   2  -2.20898717e+04 -2.64161290e+04  6.05e-01 7.11e-15  2.64e-01     0s
   3  -2.21978550e+04 -2.39442939e+04  2.13e-01 7.11e-15  1.02e-01     0s
   4  -2.22127846e+04 -2.24498849e+04  2.37e-02 8.88e-15  1.33e-02     0s
   5  -2.22210060e+04 -2.22271153e+04  1.45e-03 1.07e-14  3.93e-04     0s
   6  -2.22219993e+04 -2.22220020e+04  4.51e-07 1.07e-14  1.66e-07     0s
   7  -2.22220000e+04 -2.22220000e+04  4.95e-13 8.88e-15  1.68e-13     0s

Barrier solved model in 7 iterations and 0.09 seconds
Optimal objective -2.22220000e+04


Root relaxation: objective -2.222200e+04, 7535 iterations, 0.06 seconds

    Nodes    |    Current Node    |     Objective Bounds      |     Work
 Expl Unexpl |  Obj  Depth IntInf | Incumbent    BestBd   Gap | It/Node Time

     0     0 -22222.000    0   87    0.00000 -22222.000      -     -    0s
H    0     0                    -22101.00000 -22222.000  0.55%     -    0s

Explored 0 nodes (8386 simplex iterations) in 0.25 seconds
Thread count was 20 (of 20 available processors)

Solution count 2: -22101 0 
Pool objective bound -22222

Optimal solution found (tolerance 5.00e-02)
Best objective -2.210100000000e+04, best bound -2.222200000000e+04, gap 0.5475%
(0, 20414.0)
(1, 20382.0)
(2, 20470.0)
(3, 20419.0)
(4, 20434.0)
(5, 20359.0)
(6, 20332.0)
(7, 20351.0)
(8, 20511.0)
(9, 20290.0)
(10, 20561.0)
(11, 20435.0)
(12, 20329.0)
(13, 20262.0)
(14, 20373.0)
(15, 20415.0)
(16, 20237.0)
(17, 20326.0)
(18, 20540.0)
(19, 20234.0)
(20, 20398.0)
(21, 20424.0)
(22, 20524.0)
(23, 20465.0)
(24, 20436.0)
(25, 20302.0)
(26, 20333.0)
(27, 20454.0)
(28, 20230.0)
(29, 20406.0)
(30, 20521.0)
(31, 20549.0)
(32, 20362.0)
(33, 20269.0)
(34, 20322.0)
(35, 20358.0)
(36, 20326.0)
(37, 20491.0)
(38, 20524.0)
(39, 20252.0)
(0, 20280.0)
(1, 20235.0)
(2, 20249.0)
(3, 20270.0)
(4, 20180.0)
(5, 20212.0)
(6, 20228.0)
(7, 20259.0)
(8, 20280.0)
(9, 20174.0)
(10, 20230.0)
(11, 20216.0)
(12, 20234.0)
(13, 20331.0)
(14, 20252.0)
(15, 20223.0)
(16, 20364.0)
(17, 20285.0)
(18, 20209.0)
(19, 20282.0)
(20, 20329.0)
(21, 20441.0)
(22, 20191.0)
(23, 20304.0)
(24, 20238.0)
(25, 20334.0)
(26, 20177.0)
(27, 20256.0)
(28, 20325.0)
(29, 20227.0)
(30, 20220.0)
(31, 20261.0)
(32, 20203.0)
(33, 20270.0)
(34, 20188.0)
(35, 20334.0)
(36, 20209.0)
(37, 20198.0)
(38, 20355.0)
(39, 20219.0)
Changed value of parameter MIPGap to 0.05
   Prev: 0.0001  Min: 0.0  Max: 1e+100  Default: 0.0001
Changed value of parameter TimeLimit to 1800.0
   Prev: 1e+100  Min: 0.0  Max: 1e+100  Default: 1e+100
Changed value of parameter Method to 2
   Prev: -1  Min: -1  Max: 4  Default: -1
Changed value of parameter MIPFocus to 1
   Prev: 0  Min: 0  Max: 3  Default: 0
Optimize a model with 22554 rows, 33531 columns and 67062 nonzeros
Variable types: 0 continuous, 33531 integer (33531 binary)
Coefficient statistics:
  Matrix range     [1e+00, 5e+00]
  Objective range  [5e+00, 3e+01]
  Bounds range     [1e+00, 1e+00]
  RHS range        [8e+01, 8e+01]
Found heuristic solution: objective 0
Presolve removed 22354 rows and 23639 columns
Presolve time: 0.05s
Presolved: 200 rows, 9892 columns, 19784 nonzeros
Variable types: 0 continuous, 9892 integer (8607 binary)
Presolved: 200 rows, 9892 columns, 19784 nonzeros

Root barrier log...

Ordering time: 0.00s

Barrier statistics:
 AA' NZ     : 9.623e+03
 Factor NZ  : 1.936e+04 (roughly 4 MBytes of memory)
 Factor Ops : 2.478e+06 (less than 1 second per iteration)
 Threads    : 1

                  Objective                Residual
Iter       Primal          Dual         Primal    Dual     Compl     Time
   0  -1.37581709e+05 -1.16264590e+05  6.48e+01 3.55e-15  1.62e+01     0s
   1  -4.29092126e+04 -7.75779801e+04  4.83e+00 2.13e-14  2.74e+00     0s
   2  -4.13716341e+04 -5.10967702e+04  6.08e-01 1.78e-14  5.76e-01     0s
   3  -4.18596228e+04 -4.58455282e+04  2.09e-01 1.42e-14  2.26e-01     0s
   4  -4.20109477e+04 -4.26990409e+04  3.61e-02 1.78e-14  3.85e-02     0s
   5  -4.20535369e+04 -4.20780644e+04  2.99e-03 2.13e-14  1.55e-03     0s
   6  -4.20579927e+04 -4.20580222e+04  1.61e-06 7.82e-14  1.65e-06     0s
   7  -4.20580000e+04 -4.20580000e+04  1.68e-12 2.13e-14  1.69e-12     0s

Barrier solved model in 7 iterations and 0.09 seconds
Optimal objective -4.20580000e+04


Root relaxation: objective -4.205800e+04, 7536 iterations, 0.06 seconds

    Nodes    |    Current Node    |     Objective Bounds      |     Work
 Expl Unexpl |  Obj  Depth IntInf | Incumbent    BestBd   Gap | It/Node Time

     0     0 -42058.000    0   90    0.00000 -42058.000      -     -    0s
H    0     0                    -41828.00000 -42058.000  0.55%     -    0s

Explored 0 nodes (8666 simplex iterations) in 0.22 seconds
Thread count was 20 (of 20 available processors)

Solution count 2: -41828 0 
Pool objective bound -42058

Optimal solution found (tolerance 5.00e-02)
Best objective -4.182800000000e+04, best bound -4.205800000000e+04, gap 0.5499%
(0, 38833.0)
(1, 38668.0)
(2, 38869.0)
(3, 38765.0)
(4, 38719.0)
(5, 38804.0)
(6, 38589.0)
(7, 38602.0)
(8, 38736.0)
(9, 38826.0)
(10, 38791.0)
(11, 38533.0)
(12, 38905.0)
(13, 38772.0)
(14, 38893.0)
(15, 38749.0)
(16, 38854.0)
(17, 38754.0)
(18, 38699.0)
(19, 38815.0)
(20, 38737.0)
(21, 38792.0)
(22, 38869.0)
(23, 38587.0)
(24, 38845.0)
(25, 38916.0)
(26, 38704.0)
(27, 38951.0)
(28, 38653.0)
(29, 38630.0)
(30, 38731.0)
(31, 38743.0)
(32, 38887.0)
(33, 38821.0)
(34, 38970.0)
(35, 38498.0)
(36, 38825.0)
(37, 38915.0)
(38, 38904.0)
(39, 38646.0)
(0, 38536.0)
(1, 38552.0)
(2, 38769.0)
(3, 38627.0)
(4, 38627.0)
(5, 38793.0)
(6, 38572.0)
(7, 38798.0)
(8, 38587.0)
(9, 38666.0)
(10, 38582.0)
(11, 38689.0)
(12, 38821.0)
(13, 38582.0)
(14, 38684.0)
(15, 38689.0)
(16, 38673.0)
(17, 38727.0)
(18, 38666.0)
(19, 38852.0)
(20, 38592.0)
(21, 38518.0)
(22, 38872.0)
(23, 38693.0)
(24, 38628.0)
(25, 38643.0)
(26, 38719.0)
(27, 38785.0)
(28, 38574.0)
(29, 38686.0)
(30, 38864.0)
(31, 38701.0)
(32, 38597.0)
(33, 38552.0)
(34, 38554.0)
(35, 38694.0)
(36, 38669.0)
(37, 38821.0)
(38, 38696.0)
(39, 38745.0)
Changed value of parameter MIPGap to 0.05
   Prev: 0.0001  Min: 0.0  Max: 1e+100  Default: 0.0001
Changed value of parameter TimeLimit to 1800.0
   Prev: 1e+100  Min: 0.0  Max: 1e+100  Default: 1e+100
Changed value of parameter Method to 2
   Prev: -1  Min: -1  Max: 4  Default: -1
Changed value of parameter MIPFocus to 1
   Prev: 0  Min: 0  Max: 3  Default: 0
Optimize a model with 22554 rows, 33531 columns and 67062 nonzeros
Variable types: 0 continuous, 33531 integer (33531 binary)
Coefficient statistics:
  Matrix range     [1e+00, 5e+00]
  Objective range  [6e+00, 4e+01]
  Bounds range     [1e+00, 1e+00]
  RHS range        [8e+01, 8e+01]
Found heuristic solution: objective 0
Presolve removed 22354 rows and 23639 columns
Presolve time: 0.05s
Presolved: 200 rows, 9892 columns, 19784 nonzeros
Variable types: 0 continuous, 9892 integer (8607 binary)
Presolved: 200 rows, 9892 columns, 19784 nonzeros

Root barrier log...

Ordering time: 0.00s

Barrier statistics:
 AA' NZ     : 9.623e+03
 Factor NZ  : 1.936e+04 (roughly 4 MBytes of memory)
 Factor Ops : 2.478e+06 (less than 1 second per iteration)
 Threads    : 1

                  Objective                Residual
Iter       Primal          Dual         Primal    Dual     Compl     Time
   0  -1.66607148e+05 -1.46023725e+05  6.48e+01 3.55e-15  2.05e+01     0s
   1  -5.25646397e+04 -9.69867627e+04  4.82e+00 2.13e-14  3.48e+00     0s
   2  -5.10459544e+04 -6.34432629e+04  6.07e-01 1.78e-14  7.31e-01     0s
   3  -5.17041760e+04 -5.67742517e+04  2.09e-01 2.13e-14  2.87e-01     0s
   4  -5.19126676e+04 -5.27867689e+04  3.61e-02 2.49e-14  4.87e-02     0s
   5  -5.19700427e+04 -5.20013534e+04  2.99e-03 2.84e-14  1.96e-03     0s
   6  -5.19759906e+04 -5.19760280e+04  1.61e-06 3.55e-14  2.08e-06     0s
   7  -5.19760000e+04 -5.19760000e+04  1.69e-12 3.91e-14  2.14e-12     0s

Barrier solved model in 7 iterations and 0.09 seconds
Optimal objective -5.19760000e+04


Root relaxation: objective -5.197600e+04, 7536 iterations, 0.06 seconds

    Nodes    |    Current Node    |     Objective Bounds      |     Work
 Expl Unexpl |  Obj  Depth IntInf | Incumbent    BestBd   Gap | It/Node Time

     0     0 -51976.000    0   80    0.00000 -51976.000      -     -    0s
H    0     0                    -51733.00000 -51976.000  0.47%     -    0s

Explored 0 nodes (8325 simplex iterations) in 0.31 seconds
Thread count was 20 (of 20 available processors)

Solution count 2: -51733 0 
Pool objective bound -51976

Optimal solution found (tolerance 5.00e-02)
Best objective -5.173300000000e+04, best bound -5.197600000000e+04, gap 0.4697%
(0, 48268.0)
(1, 48109.0)
(2, 48244.0)
(3, 48240.0)
(4, 48233.0)
(5, 48136.0)
(6, 48180.0)
(7, 48149.0)
(8, 47974.0)
(9, 48368.0)
(10, 48111.0)
(11, 48162.0)
(12, 48117.0)
(13, 48168.0)
(14, 48274.0)
(15, 48029.0)
(16, 48054.0)
(17, 48080.0)
(18, 48211.0)
(19, 48123.0)
(20, 48157.0)
(21, 48256.0)
(22, 48034.0)
(23, 48092.0)
(24, 48064.0)
(25, 47886.0)
(26, 48149.0)
(27, 48000.0)
(28, 48244.0)
(29, 48093.0)
(30, 48440.0)
(31, 48245.0)
(32, 48315.0)
(33, 48292.0)
(34, 48158.0)
(35, 48337.0)
(36, 48232.0)
(37, 48111.0)
(38, 48023.0)
(39, 48238.0)
(0, 48001.0)
(1, 48097.0)
(2, 48000.0)
(3, 47865.0)
(4, 47823.0)
(5, 47959.0)
(6, 47865.0)
(7, 48005.0)
(8, 47976.0)
(9, 48133.0)
(10, 48029.0)
(11, 48012.0)
(12, 48175.0)
(13, 47753.0)
(14, 47859.0)
(15, 47877.0)
(16, 47983.0)
(17, 48093.0)
(18, 48109.0)
(19, 48158.0)
(20, 47917.0)
(21, 48115.0)
(22, 48103.0)
(23, 48146.0)
(24, 47982.0)
(25, 48082.0)
(26, 48081.0)
(27, 47965.0)
(28, 48139.0)
(29, 47795.0)
(30, 48140.0)
(31, 47818.0)
(32, 47982.0)
(33, 47748.0)
(34, 47871.0)
(35, 48162.0)
(36, 47823.0)
(37, 48044.0)
(38, 47889.0)
(39, 48152.0)
Changed value of parameter MIPGap to 0.05
   Prev: 0.0001  Min: 0.0  Max: 1e+100  Default: 0.0001
Changed value of parameter TimeLimit to 1800.0
   Prev: 1e+100  Min: 0.0  Max: 1e+100  Default: 1e+100
Changed value of parameter Method to 2
   Prev: -1  Min: -1  Max: 4  Default: -1
Changed value of parameter MIPFocus to 1
   Prev: 0  Min: 0  Max: 3  Default: 0
Optimize a model with 22554 rows, 33531 columns and 67062 nonzeros
Variable types: 0 continuous, 33531 integer (33531 binary)
Coefficient statistics:
  Matrix range     [1e+00, 5e+00]
  Objective range  [1e+01, 8e+01]
  Bounds range     [1e+00, 1e+00]
  RHS range        [8e+01, 8e+01]
Found heuristic solution: objective 0
Presolve removed 22354 rows and 23639 columns
Presolve time: 0.05s
Presolved: 200 rows, 9892 columns, 19784 nonzeros
Variable types: 0 continuous, 9892 integer (8607 binary)
Presolved: 200 rows, 9892 columns, 19784 nonzeros

Root barrier log...

Ordering time: 0.00s

Barrier statistics:
 AA' NZ     : 9.623e+03
 Factor NZ  : 1.936e+04 (roughly 4 MBytes of memory)
 Factor Ops : 2.478e+06 (less than 1 second per iteration)
 Threads    : 1

                  Objective                Residual
Iter       Primal          Dual         Primal    Dual     Compl     Time
   0  -3.11729919e+05 -2.94819398e+05  6.49e+01 7.11e-15  4.21e+01     0s
   1  -1.00851749e+05 -1.94029063e+05  4.81e+00 4.97e-14  7.14e+00     0s
   2  -9.94196424e+04 -1.25178108e+05  6.06e-01 4.26e-14  1.50e+00     0s
   3  -1.00927694e+05 -1.11412801e+05  2.08e-01 4.26e-14  5.88e-01     0s
   4  -1.01421177e+05 -1.03224007e+05  3.61e-02 4.26e-14  9.97e-02     0s
   5  -1.01552568e+05 -1.01617767e+05  2.98e-03 5.68e-14  4.01e-03     0s
   6  -1.01565980e+05 -1.01566057e+05  1.61e-06 2.70e-13  4.25e-06     0s
   7  -1.01566000e+05 -1.01566000e+05  1.67e-12 6.39e-14  4.37e-12     0s

Barrier solved model in 7 iterations and 0.09 seconds
Optimal objective -1.01566000e+05


Root relaxation: objective -1.015660e+05, 7536 iterations, 0.06 seconds

    Nodes    |    Current Node    |     Objective Bounds      |     Work
 Expl Unexpl |  Obj  Depth IntInf | Incumbent    BestBd   Gap | It/Node Time

     0     0 -101566.00    0   80    0.00000 -101566.00      -     -    0s
H    0     0                    -101125.0000 -101566.00  0.44%     -    0s

Explored 0 nodes (8751 simplex iterations) in 0.25 seconds
Thread count was 20 (of 20 available processors)

Solution count 2: -101125 0 
Pool objective bound -101566

Optimal solution found (tolerance 5.00e-02)
Best objective -1.011250000000e+05, best bound -1.015660000000e+05, gap 0.4361%
(0, 94744.0)
(1, 94763.0)
(2, 93856.0)
(3, 94653.0)
(4, 94825.0)
(5, 94792.0)
(6, 94972.0)
(7, 94858.0)
(8, 94825.0)
(9, 94862.0)
(10, 94810.0)
(11, 94633.0)
(12, 94707.0)
(13, 94560.0)
(14, 94501.0)
(15, 94880.0)
(16, 94585.0)
(17, 94821.0)
(18, 95031.0)
(19, 95119.0)
(20, 94615.0)
(21, 94700.0)
(22, 94725.0)
(23, 94479.0)
(24, 95002.0)
(25, 94943.0)
(26, 94862.0)
(27, 94373.0)
(28, 94998.0)
(29, 94784.0)
(30, 94994.0)
(31, 95001.0)
(32, 94703.0)
(33, 94715.0)
(34, 94648.0)
(35, 94766.0)
(36, 94490.0)
(37, 95130.0)
(38, 94206.0)
(39, 95322.0)
(0, 94534.0)
(1, 94288.0)
(2, 94391.0)
(3, 94464.0)
(4, 94589.0)
(5, 94516.0)
(6, 94354.0)
(7, 94365.0)
(8, 94490.0)
(9, 94807.0)
(10, 94424.0)
(11, 94277.0)
(12, 94678.0)
(13, 94435.0)
(14, 93462.0)
(15, 94435.0)
(16, 94468.0)
(17, 94424.0)
(18, 94453.0)
(19, 94531.0)
(20, 94306.0)
(21, 94413.0)
(22, 94277.0)
(23, 94464.0)
(24, 94402.0)
(25, 94365.0)
(26, 94468.0)
(27, 94225.0)
(28, 94431.0)
(29, 94512.0)
(30, 94328.0)
(31, 94523.0)
(32, 93982.0)
(33, 94037.0)
(34, 94288.0)
(35, 94332.0)
(36, 94365.0)
(37, 94188.0)
(38, 94354.0)
(39, 94475.0)
Changed value of parameter MIPGap to 0.05
   Prev: 0.0001  Min: 0.0  Max: 1e+100  Default: 0.0001
Changed value of parameter TimeLimit to 1800.0
   Prev: 1e+100  Min: 0.0  Max: 1e+100  Default: 1e+100
Changed value of parameter Method to 2
   Prev: -1  Min: -1  Max: 4  Default: -1
Changed value of parameter MIPFocus to 1
   Prev: 0  Min: 0  Max: 3  Default: 0
Optimize a model with 22554 rows, 33531 columns and 67062 nonzeros
Variable types: 0 continuous, 33531 integer (33531 binary)
Coefficient statistics:
  Matrix range     [1e+00, 5e+00]
  Objective range  [2e+01, 2e+02]
  Bounds range     [1e+00, 1e+00]
  RHS range        [8e+01, 8e+01]
Found heuristic solution: objective 0
Presolve removed 22354 rows and 23639 columns
Presolve time: 0.05s
Presolved: 200 rows, 9892 columns, 19784 nonzeros
Variable types: 0 continuous, 9892 integer (8607 binary)
Presolved: 200 rows, 9892 columns, 19784 nonzeros

Root barrier log...

Ordering time: 0.00s

Barrier statistics:
 AA' NZ     : 9.623e+03
 Factor NZ  : 1.936e+04 (roughly 4 MBytes of memory)
 Factor Ops : 2.478e+06 (less than 1 second per iteration)
 Threads    : 1

                  Objective                Residual
Iter       Primal          Dual         Primal    Dual     Compl     Time
   0  -6.01971267e+05 -5.92410745e+05  6.49e+01 1.42e-14  8.54e+01     0s
   1  -1.97436068e+05 -3.88112172e+05  4.81e+00 9.95e-14  1.45e+01     0s
   2  -1.96169341e+05 -2.48650373e+05  6.05e-01 8.53e-14  3.05e+00     0s
   3  -1.99375613e+05 -2.20683698e+05  2.08e-01 9.95e-14  1.19e+00     0s
   4  -2.00438037e+05 -2.04095885e+05  3.61e-02 8.53e-14  2.02e-01     0s
   5  -2.00717607e+05 -2.00850572e+05  2.98e-03 1.28e-13  8.11e-03     0s
   6  -2.00745959e+05 -2.00746115e+05  1.60e-06 1.85e-13  8.59e-06     0s
   7  -2.00746000e+05 -2.00746000e+05  1.67e-12 1.42e-13  8.83e-12     0s

Barrier solved model in 7 iterations and 0.09 seconds
Optimal objective -2.00746000e+05


Root relaxation: objective -2.007460e+05, 7536 iterations, 0.06 seconds

    Nodes    |    Current Node    |     Objective Bounds      |     Work
 Expl Unexpl |  Obj  Depth IntInf | Incumbent    BestBd   Gap | It/Node Time

     0     0 -200746.00    0   75    0.00000 -200746.00      -     -    0s
H    0     0                    -199766.0000 -200746.00  0.49%     -    0s

Explored 0 nodes (9087 simplex iterations) in 0.21 seconds
Thread count was 20 (of 20 available processors)

Solution count 2: -199766 0 
Pool objective bound -200746

Optimal solution found (tolerance 5.00e-02)
Best objective -1.997660000000e+05, best bound -2.007460000000e+05, gap 0.4906%
(0, 187383.0)
(1, 187278.0)
(2, 187810.0)
(3, 186564.0)
(4, 187691.0)
(5, 187075.0)
(6, 187299.0)
(7, 186697.0)
(8, 188027.0)
(9, 187453.0)
(10, 187376.0)
(11, 187278.0)
(12, 187460.0)
(13, 187320.0)
(14, 187362.0)
(15, 186669.0)
(16, 186816.0)
(17, 187166.0)
(18, 187446.0)
(19, 187628.0)
(20, 187292.0)
(21, 187453.0)
(22, 186886.0)
(23, 187446.0)
(24, 187236.0)
(25, 187152.0)
(26, 187453.0)
(27, 186081.0)
(28, 187509.0)
(29, 187327.0)
(30, 187593.0)
(31, 187047.0)
(32, 188251.0)
(33, 186921.0)
(34, 187971.0)
(35, 187376.0)
(36, 186921.0)
(37, 186508.0)
(38, 187789.0)
(39, 187768.0)
(0, 186200.0)
(1, 187194.0)
(2, 186907.0)
(3, 186788.0)
(4, 186893.0)
(5, 186270.0)
(6, 186648.0)
(7, 186480.0)
(8, 186648.0)
(9, 186347.0)
(10, 186627.0)
(11, 186228.0)
(12, 186606.0)
(13, 186354.0)
(14, 186879.0)
(15, 186935.0)
(16, 186144.0)
(17, 186893.0)
(18, 186781.0)
(19, 186669.0)
(20, 186501.0)
(21, 186340.0)
(22, 187138.0)
(23, 186739.0)
(24, 185927.0)
(25, 186921.0)
(26, 186102.0)
(27, 187005.0)
(28, 186130.0)
(29, 186494.0)
(30, 186284.0)
(31, 186375.0)
(32, 187040.0)
(33, 186543.0)
(34, 186991.0)
(35, 186340.0)
(36, 187474.0)
(37, 186193.0)
(38, 186935.0)
(39, 186529.0)
Changed value of parameter MIPGap to 0.05
   Prev: 0.0001  Min: 0.0  Max: 1e+100  Default: 0.0001
Changed value of parameter TimeLimit to 1800.0
   Prev: 1e+100  Min: 0.0  Max: 1e+100  Default: 1e+100
Changed value of parameter Method to 2
   Prev: -1  Min: -1  Max: 4  Default: -1
Changed value of parameter MIPFocus to 1
   Prev: 0  Min: 0  Max: 3  Default: 0
Optimize a model with 22554 rows, 33531 columns and 67062 nonzeros
Variable types: 0 continuous, 33531 integer (33531 binary)
Coefficient statistics:
  Matrix range     [1e+00, 5e+00]
  Objective range  [5e+01, 4e+02]
  Bounds range     [1e+00, 1e+00]
  RHS range        [8e+01, 8e+01]
Found heuristic solution: objective 0
Presolve removed 22354 rows and 23639 columns
Presolve time: 0.05s
Presolved: 200 rows, 9892 columns, 19784 nonzeros
Variable types: 0 continuous, 9892 integer (8607 binary)
Presolved: 200 rows, 9892 columns, 19784 nonzeros

Root barrier log...

Ordering time: 0.00s

Barrier statistics:
 AA' NZ     : 9.623e+03
 Factor NZ  : 1.936e+04 (roughly 4 MBytes of memory)
 Factor Ops : 2.478e+06 (less than 1 second per iteration)
 Threads    : 1

                  Objective                Residual
Iter       Primal          Dual         Primal    Dual     Compl     Time
   0  -1.47269212e+06 -1.48518478e+06  6.49e+01 5.68e-14  2.15e+02     0s
   1  -4.87197130e+05 -9.70360418e+05  4.81e+00 2.27e-13  3.65e+01     0s
   2  -4.86420492e+05 -6.19069536e+05  6.05e-01 1.71e-13  7.69e+00     0s
   3  -4.94720198e+05 -5.48490749e+05  2.07e-01 2.27e-13  3.00e+00     0s
   4  -4.97488834e+05 -5.06709424e+05  3.62e-02 1.99e-13  5.07e-01     0s
   5  -4.98212747e+05 -4.98548984e+05  2.98e-03 3.41e-13  2.04e-02     0s
   6  -4.98285894e+05 -4.98286288e+05  1.60e-06 5.12e-13  2.16e-05     0s
   7  -4.98286000e+05 -4.98286000e+05  1.68e-12 4.83e-13  2.22e-11     0s

Barrier solved model in 7 iterations and 0.09 seconds
Optimal objective -4.98286000e+05


Root relaxation: objective -4.982860e+05, 7536 iterations, 0.06 seconds

    Nodes    |    Current Node    |     Objective Bounds      |     Work
 Expl Unexpl |  Obj  Depth IntInf | Incumbent    BestBd   Gap | It/Node Time

     0     0 -498286.00    0   92    0.00000 -498286.00      -     -    0s
H    0     0                    -494524.0000 -498286.00  0.76%     -    0s

Explored 0 nodes (8484 simplex iterations) in 0.25 seconds
Thread count was 20 (of 20 available processors)

Solution count 2: -494524 0 
Pool objective bound -498286

Optimal solution found (tolerance 5.00e-02)
Best objective -4.945240000000e+05, best bound -4.982860000000e+05, gap 0.7607%
(0, 466473.0)
(1, 463133.0)
(2, 464461.0)
(3, 464519.0)
(4, 464081.0)
(5, 465233.0)
(6, 464468.0)
(7, 464621.0)
(8, 464964.0)
(9, 464862.0)
(10, 468478.0)
(11, 467479.0)
(12, 464030.0)
(13, 462681.0)
(14, 465416.0)
(15, 464774.0)
(16, 464570.0)
(17, 467880.0)
(18, 464526.0)
(19, 464074.0)
(20, 465372.0)
(21, 465868.0)
(22, 467275.0)
(23, 464723.0)
(24, 467465.0)
(25, 464475.0)
(26, 465715.0)
(27, 462769.0)
(28, 462331.0)
(29, 468828.0)
(30, 462106.0)
(31, 465831.0)
(32, 465117.0)
(33, 465226.0)
(34, 466976.0)
(35, 467391.0)
(36, 461274.0)
(37, 461675.0)
(38, 461230.0)
(39, 462929.0)
(0, 463411.0)
(1, 463068.0)
(2, 463017.0)
(3, 462660.0)
(4, 463360.0)
(5, 462813.0)
(6, 463564.0)
(7, 463214.0)
(8, 463673.0)
(9, 462762.0)
(10, 463367.0)
(11, 464169.0)
(12, 463819.0)
(13, 459568.0)
(14, 463214.0)
(15, 463914.0)
(16, 464016.0)
(17, 461216.0)
(18, 462711.0)
(19, 463761.0)
(20, 463615.0)
(21, 462915.0)
(22, 462405.0)
(23, 463367.0)
(24, 463068.0)
(25, 463119.0)
(26, 462813.0)
(27, 463170.0)
(28, 462857.0)
(29, 463316.0)
(30, 463061.0)
(31, 463214.0)
(32, 463520.0)
(33, 463374.0)
(34, 462813.0)
(35, 463017.0)
(36, 463323.0)
(37, 463622.0)
(38, 464169.0)
(39, 463221.0)
Changed value of parameter MIPGap to 0.05
   Prev: 0.0001  Min: 0.0  Max: 1e+100  Default: 0.0001
Changed value of parameter TimeLimit to 1800.0
   Prev: 1e+100  Min: 0.0  Max: 1e+100  Default: 1e+100
Changed value of parameter Method to 2
   Prev: -1  Min: -1  Max: 4  Default: -1
Changed value of parameter MIPFocus to 1
   Prev: 0  Min: 0  Max: 3  Default: 0
Optimize a model with 22554 rows, 33531 columns and 67062 nonzeros
Variable types: 0 continuous, 33531 integer (33531 binary)
Coefficient statistics:
  Matrix range     [1e+00, 5e+00]
  Objective range  [5e+02, 4e+03]
  Bounds range     [1e+00, 1e+00]
  RHS range        [8e+01, 8e+01]
Found heuristic solution: objective 0
Presolve removed 22354 rows and 23639 columns
Presolve time: 0.05s
Presolved: 200 rows, 9892 columns, 19784 nonzeros
Variable types: 0 continuous, 9892 integer (8607 binary)
Presolved: 200 rows, 9892 columns, 19784 nonzeros

Root barrier log...

Ordering time: 0.00s

Barrier statistics:
 AA' NZ     : 9.623e+03
 Factor NZ  : 1.936e+04 (roughly 4 MBytes of memory)
 Factor Ops : 2.478e+06 (less than 1 second per iteration)
 Threads    : 1

                  Objective                Residual
Iter       Primal          Dual         Primal    Dual     Compl     Time
   0  -1.45334936e+07 -1.48767954e+07  6.49e+01 4.55e-13  2.16e+03     0s
   1  -4.83364152e+06 -9.70408042e+06  4.81e+00 2.73e-12  3.66e+02     0s
   2  -4.84019530e+06 -6.17536437e+06  6.05e-01 1.82e-12  7.73e+01     0s
   3  -4.92488754e+06 -5.46557424e+06  2.07e-01 1.59e-12  3.01e+01     0s
   4  -4.95325218e+06 -5.04592093e+06  3.62e-02 3.18e-12  5.09e+00     0s
   5  -4.96063988e+06 -4.96402549e+06  2.98e-03 3.18e-12  2.05e-01     0s
   6  -4.96138493e+06 -4.96138889e+06  1.60e-06 5.46e-12  2.17e-04     0s
   7  -4.96138600e+06 -4.96138600e+06  1.66e-12 3.64e-12  2.23e-10     0s

Barrier solved model in 7 iterations and 0.08 seconds
Optimal objective -4.96138600e+06


Root relaxation: objective -4.961386e+06, 7536 iterations, 0.06 seconds

    Nodes    |    Current Node    |     Objective Bounds      |     Work
 Expl Unexpl |  Obj  Depth IntInf | Incumbent    BestBd   Gap | It/Node Time

     0     0 -4961386.0    0   85    0.00000 -4961386.0      -     -    0s
H    0     0                    -4927367.000 -4961386.0  0.69%     -    0s

Explored 0 nodes (8524 simplex iterations) in 0.21 seconds
Thread count was 20 (of 20 available processors)

Solution count 2: -4.92737e+06 0 
Pool objective bound -4.96139e+06

Optimal solution found (tolerance 5.00e-02)
Best objective -4.927367000000e+06, best bound -4.961386000000e+06, gap 0.6904%
(0, 4671545.0)
(1, 4655520.0)
(2, 4630025.0)
(3, 4662033.0)
(4, 4674036.0)
(5, 4645521.0)
(6, 4667036.0)
(7, 4671538.0)
(8, 4666542.0)
(9, 4669534.0)
(10, 4674523.0)
(11, 4668539.0)
(12, 4666542.0)
(13, 4679032.0)
(14, 4646516.0)
(15, 4655026.0)
(16, 4652514.0)
(17, 4652521.0)
(18, 4680549.0)
(19, 4655012.0)
(20, 4667544.0)
(21, 4661031.0)
(22, 4671037.0)
(23, 4641012.0)
(24, 4666535.0)
(25, 4652027.0)
(26, 4671524.0)
(27, 4649536.0)
(28, 4666034.0)
(29, 4658032.0)
(30, 4637526.0)
(31, 4669534.0)
(32, 4672039.0)
(33, 4632516.0)
(34, 4653022.0)
(35, 4654031.0)
(36, 4656522.0)
(37, 4659528.0)
(38, 4642028.0)
(39, 4674050.0)
(0, 4593995.0)
(1, 4585986.0)
(2, 4587990.0)
(3, 4594997.0)
(4, 4582994.0)
(5, 4608503.0)
(6, 4595498.0)
(7, 4577504.0)
(8, 4602491.0)
(9, 4580503.0)
(10, 4592993.0)
(11, 4617006.0)
(12, 4584998.0)
(13, 4591991.0)
(14, 4584497.0)
(15, 4594496.0)
(16, 4598504.0)
(17, 4584497.0)
(18, 4577998.0)
(19, 4607000.0)
(20, 4584497.0)
(21, 4614007.0)
(22, 4587990.0)
(23, 4611502.0)
(24, 4591991.0)
(25, 4617493.0)
(26, 4621000.0)
(27, 4602498.0)
(28, 4607501.0)
(29, 4563497.0)
(30, 4592492.0)
(31, 4591991.0)
(32, 4595498.0)
(33, 4621000.0)
(34, 4590996.0)
(35, 4590996.0)
(36, 4587503.0)
(37, 4586501.0)
(38, 4583495.0)
(39, 4594503.0)
