Changed value of parameter MIPGap to 0.05
   Prev: 0.0001  Min: 0.0  Max: 1e+100  Default: 0.0001
Changed value of parameter TimeLimit to 1800.0
   Prev: 1e+100  Min: 0.0  Max: 1e+100  Default: 1e+100
Changed value of parameter Method to 2
   Prev: -1  Min: -1  Max: 4  Default: -1
Changed value of parameter MIPFocus to 1
   Prev: 0  Min: 0  Max: 3  Default: 0
Optimize a model with 10206 rows, 53383 columns and 106766 nonzeros
Variable types: 0 continuous, 53383 integer (53383 binary)
Coefficient statistics:
  Matrix range     [1e+00, 2e+01]
  Objective range  [1e+00, 1e+00]
  Bounds range     [1e+00, 1e+00]
  RHS range        [8e+01, 8e+01]
Found heuristic solution: objective 0
Presolve time: 0.16s
Presolved: 10206 rows, 53383 columns, 106766 nonzeros
Variable types: 0 continuous, 53383 integer (53383 binary)
Presolved: 10206 rows, 53383 columns, 106766 nonzeros

Root barrier log...

Ordering time: 0.01s

Barrier statistics:
 AA' NZ     : 5.338e+04
 Factor NZ  : 2.304e+05 (roughly 30 MBytes of memory)
 Factor Ops : 3.800e+07 (less than 1 second per iteration)
 Threads    : 1

                  Objective                Residual
Iter       Primal          Dual         Primal    Dual     Compl     Time
   0  -2.34332935e+04 -3.93563438e+04  2.01e+02 0.00e+00  2.93e+00     0s
   1  -7.57950483e+03 -2.94724141e+04  3.48e+01 7.22e-16  5.99e-01     0s
   2  -4.74669187e+03 -1.38074333e+04  7.72e+00 8.88e-16  1.38e-01     0s
   3  -3.91646365e+03 -5.87425902e+03  2.97e-01 1.33e-15  1.92e-02     0s
   4  -3.96463149e+03 -4.53947217e+03  4.46e-02 8.88e-16  5.46e-03     0s
   5  -3.98017934e+03 -4.31794812e+03  1.97e-02 4.44e-16  3.19e-03     0s
   6  -3.98704045e+03 -4.17364504e+03  1.12e-02 4.44e-16  1.76e-03     0s
   7  -3.99334046e+03 -4.07710838e+03  4.64e-03 6.44e-16  7.90e-04     0s
   8  -3.99444707e+03 -4.03856120e+03  3.78e-03 4.48e-16  4.18e-04     0s
   9  -3.99543515e+03 -4.01939309e+03  3.02e-03 5.35e-16  2.29e-04     0s
  10  -3.99694688e+03 -4.01091345e+03  1.85e-03 5.36e-16  1.34e-04     1s
  11  -3.99758715e+03 -4.00394507e+03  1.29e-03 4.80e-16  6.16e-05     1s
  12  -3.99804007e+03 -4.00112203e+03  8.48e-04 4.44e-16  3.02e-05     1s
  13  -3.99881289e+03 -3.99916469e+03  1.05e-04 4.61e-16  3.47e-06     1s
  14  -3.99893713e+03 -3.99893842e+03  1.05e-07 5.73e-16  1.22e-08     1s
  15  -3.99893750e+03 -3.99893750e+03  4.67e-13 4.56e-16  1.22e-11     1s

Barrier solved model in 15 iterations and 0.63 seconds
Optimal objective -3.99893750e+03


Root relaxation: objective -3.998937e+03, 42345 iterations, 0.78 seconds

    Nodes    |    Current Node    |     Objective Bounds      |     Work
 Expl Unexpl |  Obj  Depth IntInf | Incumbent    BestBd   Gap | It/Node Time

     0     0 -3998.9375    0  388    0.00000 -3998.9375      -     -    1s
H    0     0                    -3937.000000 -3998.9375  1.57%     -    1s

Explored 0 nodes (57844 simplex iterations) in 1.77 seconds
Thread count was 20 (of 20 available processors)

Solution count 2: -3937 0 
Pool objective bound -3998

Optimal solution found (tolerance 5.00e-02)
Best objective -3.937000000000e+03, best bound -3.998000000000e+03, gap 1.5494%
Changed value of parameter MIPGap to 0.05
   Prev: 0.0001  Min: 0.0  Max: 1e+100  Default: 0.0001
Changed value of parameter TimeLimit to 1800.0
   Prev: 1e+100  Min: 0.0  Max: 1e+100  Default: 1e+100
Changed value of parameter Method to 2
   Prev: -1  Min: -1  Max: 4  Default: -1
Changed value of parameter MIPFocus to 1
   Prev: 0  Min: 0  Max: 3  Default: 0
Optimize a model with 10206 rows, 53383 columns and 106766 nonzeros
Variable types: 0 continuous, 53383 integer (53383 binary)
Coefficient statistics:
  Matrix range     [1e+00, 2e+01]
  Objective range  [1e+00, 1e+00]
  Bounds range     [1e+00, 1e+00]
  RHS range        [8e+01, 8e+01]
Found heuristic solution: objective 0
Presolve time: 0.15s
Presolved: 10206 rows, 53383 columns, 106766 nonzeros
Variable types: 0 continuous, 53383 integer (53383 binary)
Presolved: 10206 rows, 53383 columns, 106766 nonzeros

Root barrier log...

Ordering time: 0.01s

Barrier statistics:
 AA' NZ     : 5.338e+04
 Factor NZ  : 2.304e+05 (roughly 30 MBytes of memory)
 Factor Ops : 3.800e+07 (less than 1 second per iteration)
 Threads    : 1

                  Objective                Residual
Iter       Primal          Dual         Primal    Dual     Compl     Time
   0  -2.34569674e+04 -3.92964106e+04  2.01e+02 0.00e+00  2.93e+00     0s
   1  -7.59010812e+03 -2.94304413e+04  3.48e+01 7.77e-16  5.98e-01     0s
   2  -4.75258019e+03 -1.37983543e+04  7.73e+00 8.88e-16  1.38e-01     0s
   3  -3.92021874e+03 -5.87781692e+03  3.02e-01 1.55e-15  1.92e-02     0s
   4  -3.96784089e+03 -4.54167336e+03  4.52e-02 7.34e-16  5.45e-03     0s
   5  -3.98330623e+03 -4.31928553e+03  2.00e-02 5.11e-16  3.17e-03     0s
   6  -3.99016591e+03 -4.17601538e+03  1.14e-02 6.66e-16  1.75e-03     0s
   7  -3.99646034e+03 -4.08008362e+03  4.72e-03 6.66e-16  7.88e-04     0s
   8  -3.99762856e+03 -4.04136070e+03  3.79e-03 4.44e-16  4.15e-04     0s
   9  -3.99852985e+03 -4.02155966e+03  3.09e-03 4.44e-16  2.20e-04     0s
  10  -4.00012928e+03 -4.01353485e+03  1.83e-03 4.44e-16  1.28e-04     0s
  11  -4.00058665e+03 -4.00736220e+03  1.42e-03 4.44e-16  6.57e-05     0s
  12  -4.00110079e+03 -4.00466529e+03  9.48e-04 4.44e-16  3.49e-05     1s
  13  -4.00193510e+03 -4.00247223e+03  1.17e-04 4.44e-16  5.22e-06     1s
  14  -4.00203509e+03 -4.00209556e+03  2.38e-05 4.44e-16  6.06e-07     1s
  15  -4.00206055e+03 -4.00206242e+03  1.61e-13 6.40e-16  1.74e-08     1s
  16  -4.00206070e+03 -4.00206070e+03  5.71e-14 4.44e-16  1.79e-11     1s

Barrier solved model in 16 iterations and 0.59 seconds
Optimal objective -4.00206070e+03


Root relaxation: objective -4.002061e+03, 42494 iterations, 0.70 seconds

    Nodes    |    Current Node    |     Objective Bounds      |     Work
 Expl Unexpl |  Obj  Depth IntInf | Incumbent    BestBd   Gap | It/Node Time

     0     0 -4002.0607    0  468    0.00000 -4002.0607      -     -    1s
H    0     0                    -3934.042210 -4002.0607  1.73%     -    1s

Explored 0 nodes (52813 simplex iterations) in 1.64 seconds
Thread count was 20 (of 20 available processors)

Solution count 2: -3934.04 0 
Pool objective bound -4002.06

Optimal solution found (tolerance 5.00e-02)
Best objective -3.934042210000e+03, best bound -4.002060699750e+03, gap 1.7290%
Changed value of parameter MIPGap to 0.05
   Prev: 0.0001  Min: 0.0  Max: 1e+100  Default: 0.0001
Changed value of parameter TimeLimit to 1800.0
   Prev: 1e+100  Min: 0.0  Max: 1e+100  Default: 1e+100
Changed value of parameter Method to 2
   Prev: -1  Min: -1  Max: 4  Default: -1
Changed value of parameter MIPFocus to 1
   Prev: 0  Min: 0  Max: 3  Default: 0
Optimize a model with 10206 rows, 53383 columns and 106766 nonzeros
Variable types: 0 continuous, 53383 integer (53383 binary)
Coefficient statistics:
  Matrix range     [1e+00, 2e+01]
  Objective range  [1e+00, 1e+00]
  Bounds range     [1e+00, 1e+00]
  RHS range        [8e+01, 8e+01]
Found heuristic solution: objective 0
Presolve time: 0.16s
Presolved: 10206 rows, 53383 columns, 106766 nonzeros
Variable types: 0 continuous, 53383 integer (53383 binary)
Presolved: 10206 rows, 53383 columns, 106766 nonzeros

Root barrier log...

Ordering time: 0.01s

Barrier statistics:
 AA' NZ     : 5.338e+04
 Factor NZ  : 2.304e+05 (roughly 30 MBytes of memory)
 Factor Ops : 3.800e+07 (less than 1 second per iteration)
 Threads    : 1

                  Objective                Residual
Iter       Primal          Dual         Primal    Dual     Compl     Time
   0  -2.34806411e+04 -3.92364774e+04  2.01e+02 0.00e+00  2.92e+00     0s
   1  -7.60062318e+03 -2.93884673e+04  3.49e+01 7.22e-16  5.97e-01     0s
   2  -4.75836354e+03 -1.37891475e+04  7.74e+00 8.88e-16  1.38e-01     0s
   3  -3.92397102e+03 -5.88124396e+03  3.06e-01 1.55e-15  1.92e-02     0s
   4  -3.97105150e+03 -4.54377901e+03  4.58e-02 7.49e-16  5.44e-03     0s
   5  -3.98643212e+03 -4.32055125e+03  2.03e-02 6.66e-16  3.16e-03     0s
   6  -3.99329103e+03 -4.17834068e+03  1.16e-02 5.99e-16  1.75e-03     0s
   7  -3.99958043e+03 -4.08302122e+03  4.79e-03 4.52e-16  7.87e-04     0s
   8  -4.00077645e+03 -4.04413880e+03  3.83e-03 4.44e-16  4.11e-04     0s
   9  -4.00162254e+03 -4.02369067e+03  3.16e-03 4.44e-16  2.11e-04     0s
  10  -4.00326154e+03 -4.01602313e+03  1.85e-03 4.44e-16  1.22e-04     0s
  11  -4.00364853e+03 -4.01036379e+03  1.50e-03 4.44e-16  6.53e-05     0s
  12  -4.00423308e+03 -4.00618735e+03  9.59e-04 5.07e-16  1.99e-05     1s
  13  -4.00503744e+03 -4.00534581e+03  1.53e-04 4.44e-16  3.15e-06     1s
  14  -4.00518218e+03 -4.00521699e+03  5.09e-07 6.66e-16  3.26e-07     1s
  15  -4.00518386e+03 -4.00518430e+03  1.10e-10 5.42e-16  4.10e-09     1s
  16  -4.00518390e+03 -4.00518390e+03  1.65e-13 4.44e-16  4.10e-12     1s

Barrier solved model in 16 iterations and 0.59 seconds
Optimal objective -4.00518390e+03


Root relaxation: objective -4.005184e+03, 42438 iterations, 0.70 seconds

    Nodes    |    Current Node    |     Objective Bounds      |     Work
 Expl Unexpl |  Obj  Depth IntInf | Incumbent    BestBd   Gap | It/Node Time

     0     0 -4005.1839    0  391    0.00000 -4005.1839      -     -    1s
H    0     0                    -3945.126260 -4005.1839  1.52%     -    1s

Explored 0 nodes (57856 simplex iterations) in 1.65 seconds
Thread count was 20 (of 20 available processors)

Solution count 2: -3945.13 0 
Pool objective bound -4005.18

Optimal solution found (tolerance 5.00e-02)
Best objective -3.945126260000e+03, best bound -4.005183899500e+03, gap 1.5223%
Changed value of parameter MIPGap to 0.05
   Prev: 0.0001  Min: 0.0  Max: 1e+100  Default: 0.0001
Changed value of parameter TimeLimit to 1800.0
   Prev: 1e+100  Min: 0.0  Max: 1e+100  Default: 1e+100
Changed value of parameter Method to 2
   Prev: -1  Min: -1  Max: 4  Default: -1
Changed value of parameter MIPFocus to 1
   Prev: 0  Min: 0  Max: 3  Default: 0
Optimize a model with 10206 rows, 53383 columns and 106766 nonzeros
Variable types: 0 continuous, 53383 integer (53383 binary)
Coefficient statistics:
  Matrix range     [1e+00, 2e+01]
  Objective range  [1e+00, 1e+00]
  Bounds range     [1e+00, 1e+00]
  RHS range        [8e+01, 8e+01]
Found heuristic solution: objective 0
Presolve time: 0.16s
Presolved: 10206 rows, 53383 columns, 106766 nonzeros
Variable types: 0 continuous, 53383 integer (53383 binary)
Presolved: 10206 rows, 53383 columns, 106766 nonzeros

Root barrier log...

Ordering time: 0.01s

Barrier statistics:
 AA' NZ     : 5.338e+04
 Factor NZ  : 2.304e+05 (roughly 30 MBytes of memory)
 Factor Ops : 3.800e+07 (less than 1 second per iteration)
 Threads    : 1

                  Objective                Residual
Iter       Primal          Dual         Primal    Dual     Compl     Time
   0  -2.35279881e+04 -3.91166109e+04  2.01e+02 0.00e+00  2.91e+00     0s
   1  -7.62138345e+03 -2.93045160e+04  3.49e+01 6.66e-16  5.95e-01     0s
   2  -4.76960791e+03 -1.37711694e+04  7.77e+00 1.11e-15  1.38e-01     0s
   3  -3.93144411e+03 -5.88787764e+03  3.15e-01 1.55e-15  1.93e-02     0s
   4  -3.97747259e+03 -4.54779802e+03  4.68e-02 1.11e-15  5.42e-03     0s
   5  -3.99268085e+03 -4.32292947e+03  2.10e-02 6.66e-16  3.12e-03     0s
   6  -3.99954063e+03 -4.18288921e+03  1.19e-02 6.66e-16  1.73e-03     0s
   7  -4.00582336e+03 -4.08880276e+03  4.94e-03 4.44e-16  7.83e-04     0s
   8  -4.00701084e+03 -4.04964282e+03  3.96e-03 4.44e-16  4.05e-04     0s
   9  -4.00779222e+03 -4.02777364e+03  3.32e-03 4.44e-16  1.92e-04     0s
  10  -4.00943199e+03 -4.02018092e+03  1.98e-03 4.46e-16  1.04e-04     0s
  11  -4.00956763e+03 -4.01743540e+03  1.85e-03 4.44e-16  7.67e-05     0s
  12  -4.01026320e+03 -4.01429764e+03  1.21e-03 4.56e-16  3.98e-05     1s
  13  -4.01084193e+03 -4.01275801e+03  6.00e-04 4.44e-16  1.89e-05     1s
  14  -4.01120256e+03 -4.01158259e+03  2.41e-04 6.66e-16  3.97e-06     1s
  15  -4.01142737e+03 -4.01144068e+03  1.03e-06 7.21e-16  1.26e-07     1s
  16  -4.01143030e+03 -4.01143033e+03  6.49e-14 6.66e-16  3.37e-10     1s

Barrier solved model in 16 iterations and 0.60 seconds
Optimal objective -4.01143030e+03


Root relaxation: objective -4.011430e+03, 42526 iterations, 0.70 seconds

    Nodes    |    Current Node    |     Objective Bounds      |     Work
 Expl Unexpl |  Obj  Depth IntInf | Incumbent    BestBd   Gap | It/Node Time

     0     0 -4011.4303    0  389    0.00000 -4011.4303      -     -    1s
H    0     0                    -3952.220280 -4011.4303  1.50%     -    1s

Explored 0 nodes (59304 simplex iterations) in 1.71 seconds
Thread count was 20 (of 20 available processors)

Solution count 2: -3952.22 0 
Pool objective bound -4011.43

Optimal solution found (tolerance 5.00e-02)
Best objective -3.952220280000e+03, best bound -4.011430299000e+03, gap 1.4981%
Changed value of parameter MIPGap to 0.05
   Prev: 0.0001  Min: 0.0  Max: 1e+100  Default: 0.0001
Changed value of parameter TimeLimit to 1800.0
   Prev: 1e+100  Min: 0.0  Max: 1e+100  Default: 1e+100
Changed value of parameter Method to 2
   Prev: -1  Min: -1  Max: 4  Default: -1
Changed value of parameter MIPFocus to 1
   Prev: 0  Min: 0  Max: 3  Default: 0
Optimize a model with 10206 rows, 53383 columns and 106766 nonzeros
Variable types: 0 continuous, 53383 integer (53383 binary)
Coefficient statistics:
  Matrix range     [1e+00, 2e+01]
  Objective range  [1e+00, 1e+00]
  Bounds range     [1e+00, 1e+00]
  RHS range        [8e+01, 8e+01]
Found heuristic solution: objective 0
Presolve time: 0.16s
Presolved: 10206 rows, 53383 columns, 106766 nonzeros
Variable types: 0 continuous, 53383 integer (53383 binary)
Presolved: 10206 rows, 53383 columns, 106766 nonzeros

Root barrier log...

Ordering time: 0.01s

Barrier statistics:
 AA' NZ     : 5.338e+04
 Factor NZ  : 2.304e+05 (roughly 30 MBytes of memory)
 Factor Ops : 3.800e+07 (less than 1 second per iteration)
 Threads    : 1

                  Objective                Residual
Iter       Primal          Dual         Primal    Dual     Compl     Time
   0  -2.36226798e+04 -3.88768780e+04  2.01e+02 0.00e+00  2.89e+00     0s
   1  -7.66192291e+03 -2.91364854e+04  3.50e+01 6.66e-16  5.92e-01     0s
   2  -4.79180751e+03 -1.41781372e+04  7.82e+00 8.88e-16  1.42e-01     0s
   3  -3.95372937e+03 -6.01013013e+03  3.98e-01 1.33e-15  2.05e-02     0s
   4  -3.99048861e+03 -4.33568615e+03  6.13e-02 6.66e-16  3.34e-03     0s
   5  -4.00283301e+03 -4.20138254e+03  3.47e-02 7.86e-16  1.92e-03     0s
   6  -4.01021637e+03 -4.12724949e+03  2.14e-02 6.66e-16  1.13e-03     0s
   7  -4.01709987e+03 -4.06728880e+03  1.00e-02 6.66e-16  4.86e-04     0s
   8  -4.01808081e+03 -4.04929766e+03  8.70e-03 6.66e-16  3.07e-04     0s
   9  -4.01946325e+03 -4.04122070e+03  7.00e-03 4.44e-16  2.15e-04     0s
  10  -4.02102960e+03 -4.03147056e+03  5.41e-03 6.66e-16  1.07e-04     0s
  11  -4.02189571e+03 -4.02739418e+03  3.99e-03 8.88e-16  5.83e-05     0s
  12  -4.02200508e+03 -4.02610489e+03  3.75e-03 4.44e-16  4.48e-05     1s
  13  -4.02276915e+03 -4.02509247e+03  2.28e-03 4.44e-16  2.56e-05     1s
  14  -4.02332615e+03 -4.02414507e+03  1.17e-03 6.66e-16  9.67e-06     1s
  15  -4.02390329e+03 -4.02395233e+03  2.99e-05 4.93e-16  5.10e-07     1s
  16  -4.02392307e+03 -4.02392318e+03  3.28e-13 5.31e-16  1.00e-09     1s
  17  -4.02392310e+03 -4.02392310e+03  8.55e-14 4.77e-16  1.00e-12     1s

Barrier solved model in 17 iterations and 0.62 seconds
Optimal objective -4.02392310e+03


Root relaxation: objective -4.023923e+03, 42448 iterations, 0.74 seconds

    Nodes    |    Current Node    |     Objective Bounds      |     Work
 Expl Unexpl |  Obj  Depth IntInf | Incumbent    BestBd   Gap | It/Node Time

     0     0 -4023.9231    0  361    0.00000 -4023.9231      -     -    1s
H    0     0                    -3966.489760 -4023.9231  1.45%     -    1s

Explored 0 nodes (57944 simplex iterations) in 1.73 seconds
Thread count was 20 (of 20 available processors)

Solution count 2: -3966.49 0 
Pool objective bound -4023.92

Optimal solution found (tolerance 5.00e-02)
Best objective -3.966489760000e+03, best bound -4.023923098000e+03, gap 1.4480%
Changed value of parameter MIPGap to 0.05
   Prev: 0.0001  Min: 0.0  Max: 1e+100  Default: 0.0001
Changed value of parameter TimeLimit to 1800.0
   Prev: 1e+100  Min: 0.0  Max: 1e+100  Default: 1e+100
Changed value of parameter Method to 2
   Prev: -1  Min: -1  Max: 4  Default: -1
Changed value of parameter MIPFocus to 1
   Prev: 0  Min: 0  Max: 3  Default: 0
Optimize a model with 10206 rows, 53383 columns and 106766 nonzeros
Variable types: 0 continuous, 53383 integer (53383 binary)
Coefficient statistics:
  Matrix range     [1e+00, 2e+01]
  Objective range  [1e+00, 1e+00]
  Bounds range     [1e+00, 1e+00]
  RHS range        [8e+01, 8e+01]
Found heuristic solution: objective 0
Presolve time: 0.15s
Presolved: 10206 rows, 53383 columns, 106766 nonzeros
Variable types: 0 continuous, 53383 integer (53383 binary)
Presolved: 10206 rows, 53383 columns, 106766 nonzeros

Root barrier log...

Ordering time: 0.01s

Barrier statistics:
 AA' NZ     : 5.338e+04
 Factor NZ  : 2.304e+05 (roughly 30 MBytes of memory)
 Factor Ops : 3.800e+07 (less than 1 second per iteration)
 Threads    : 1

                  Objective                Residual
Iter       Primal          Dual         Primal    Dual     Compl     Time
   0  -2.36700247e+04 -3.87570116e+04  2.01e+02 0.00e+00  2.88e+00     0s
   1  -7.68165204e+03 -2.90524236e+04  3.51e+01 7.22e-16  5.90e-01     0s
   2  -4.80188524e+03 -1.41558612e+04  7.83e+00 8.88e-16  1.42e-01     0s
   3  -3.96121267e+03 -6.01303555e+03  4.06e-01 1.11e-15  2.05e-02     0s
   4  -3.99693679e+03 -4.33794245e+03  6.23e-02 6.66e-16  3.30e-03     0s
   5  -4.00914038e+03 -4.20792920e+03  3.55e-02 4.73e-16  1.92e-03     0s
   6  -4.01650048e+03 -4.13333949e+03  2.19e-02 6.66e-16  1.13e-03     0s
   7  -4.02332999e+03 -4.07512473e+03  1.03e-02 6.66e-16  5.01e-04     0s
   8  -4.02432985e+03 -4.05743995e+03  8.89e-03 4.44e-16  3.25e-04     0s
   9  -4.02629339e+03 -4.04425286e+03  6.33e-03 2.22e-15  1.79e-04     0s
  10  -4.02717379e+03 -4.03839486e+03  5.14e-03 6.66e-16  1.14e-04     0s
  11  -4.02812917e+03 -4.03444061e+03  3.68e-03 4.49e-16  6.53e-05     0s
  12  -4.02853593e+03 -4.03240497e+03  2.97e-03 5.22e-16  4.13e-05     1s
  13  -4.02913601e+03 -4.03117580e+03  1.92e-03 8.88e-16  2.24e-05     1s
  14  -4.02968818e+03 -4.03037966e+03  8.99e-04 1.11e-15  8.02e-06     1s
  15  -4.03016438e+03 -4.03020594e+03  2.71e-06 8.88e-16  3.92e-07     1s
  16  -4.03016949e+03 -4.03016953e+03  3.36e-14 6.66e-16  3.92e-10     1s
  17  -4.03016950e+03 -4.03016950e+03  8.74e-14 4.44e-16  3.92e-13     1s

Barrier solved model in 17 iterations and 0.61 seconds
Optimal objective -4.03016950e+03


Root relaxation: objective -4.030169e+03, 42190 iterations, 0.73 seconds

    Nodes    |    Current Node    |     Objective Bounds      |     Work
 Expl Unexpl |  Obj  Depth IntInf | Incumbent    BestBd   Gap | It/Node Time

     0     0 -4030.1695    0  385    0.00000 -4030.1695      -     -    1s
H    0     0                    -3966.686000 -4030.1695  1.60%     -    1s

Explored 0 nodes (56379 simplex iterations) in 1.58 seconds
Thread count was 20 (of 20 available processors)

Solution count 2: -3966.69 0 
Pool objective bound -4030.17

Optimal solution found (tolerance 5.00e-02)
Best objective -3.966686000000e+03, best bound -4.030169497500e+03, gap 1.6004%
Changed value of parameter MIPGap to 0.05
   Prev: 0.0001  Min: 0.0  Max: 1e+100  Default: 0.0001
Changed value of parameter TimeLimit to 1800.0
   Prev: 1e+100  Min: 0.0  Max: 1e+100  Default: 1e+100
Changed value of parameter Method to 2
   Prev: -1  Min: -1  Max: 4  Default: -1
Changed value of parameter MIPFocus to 1
   Prev: 0  Min: 0  Max: 3  Default: 0
Optimize a model with 10206 rows, 53383 columns and 106766 nonzeros
Variable types: 0 continuous, 53383 integer (53383 binary)
Coefficient statistics:
  Matrix range     [1e+00, 2e+01]
  Objective range  [1e+00, 1e+00]
  Bounds range     [1e+00, 1e+00]
  RHS range        [8e+01, 8e+01]
Found heuristic solution: objective 0
Presolve time: 0.15s
Presolved: 10206 rows, 53383 columns, 106766 nonzeros
Variable types: 0 continuous, 53383 integer (53383 binary)
Presolved: 10206 rows, 53383 columns, 106766 nonzeros

Root barrier log...

Ordering time: 0.01s

Barrier statistics:
 AA' NZ     : 5.338e+04
 Factor NZ  : 2.304e+05 (roughly 30 MBytes of memory)
 Factor Ops : 3.800e+07 (less than 1 second per iteration)
 Threads    : 1

                  Objective                Residual
Iter       Primal          Dual         Primal    Dual     Compl     Time
   0  -2.39067377e+04 -3.81576794e+04  2.01e+02 0.00e+00  2.83e+00     0s
   1  -7.77392342e+03 -2.86319852e+04  3.52e+01 6.66e-16  5.80e-01     0s
   2  -4.84452231e+03 -1.40365748e+04  7.83e+00 9.99e-16  1.39e-01     0s
   3  -3.99997046e+03 -6.03827963e+03  4.50e-01 1.55e-15  2.05e-02     0s
   4  -4.02946627e+03 -4.38797449e+03  6.79e-02 1.55e-15  3.48e-03     0s
   5  -4.04137933e+03 -4.25579457e+03  3.91e-02 8.88e-16  2.07e-03     0s
   6  -4.04768453e+03 -4.17486207e+03  2.53e-02 6.66e-16  1.23e-03     0s
   7  -4.05446320e+03 -4.11580827e+03  1.17e-02 4.44e-16  5.93e-04     0s
   8  -4.05569311e+03 -4.08995938e+03  9.76e-03 5.46e-16  3.37e-04     0s
   9  -4.05765367e+03 -4.08132688e+03  6.96e-03 4.69e-16  2.33e-04     0s
  10  -4.05885550e+03 -4.06822781e+03  5.09e-03 4.44e-16  9.64e-05     0s
  11  -4.05942287e+03 -4.06384295e+03  4.02e-03 4.79e-16  4.83e-05     0s
  12  -4.06052879e+03 -4.06201697e+03  1.79e-03 6.66e-16  1.70e-05     1s
  13  -4.06129886e+03 -4.06151533e+03  1.99e-04 6.66e-16  2.37e-06     1s
  14  -4.06140066e+03 -4.06140366e+03  1.15e-06 4.44e-16  3.00e-08     1s
  15  -4.06140149e+03 -4.06140150e+03  1.29e-12 4.44e-16  2.99e-11     1s

Barrier solved model in 15 iterations and 0.56 seconds
Optimal objective -4.06140149e+03


Root relaxation: objective -4.061401e+03, 42352 iterations, 0.67 seconds

    Nodes    |    Current Node    |     Objective Bounds      |     Work
 Expl Unexpl |  Obj  Depth IntInf | Incumbent    BestBd   Gap | It/Node Time

     0     0 -4061.4015    0  382    0.00000 -4061.4015      -     -    1s
H    0     0                    -4007.319200 -4061.4015  1.35%     -    1s

Explored 0 nodes (55268 simplex iterations) in 1.56 seconds
Thread count was 20 (of 20 available processors)

Solution count 2: -4007.32 0 
Pool objective bound -4061.4

Optimal solution found (tolerance 5.00e-02)
Best objective -4.007319200000e+03, best bound -4.061401495000e+03, gap 1.3496%
Changed value of parameter MIPGap to 0.05
   Prev: 0.0001  Min: 0.0  Max: 1e+100  Default: 0.0001
Changed value of parameter TimeLimit to 1800.0
   Prev: 1e+100  Min: 0.0  Max: 1e+100  Default: 1e+100
Changed value of parameter Method to 2
   Prev: -1  Min: -1  Max: 4  Default: -1
Changed value of parameter MIPFocus to 1
   Prev: 0  Min: 0  Max: 3  Default: 0
Optimize a model with 10206 rows, 53383 columns and 106766 nonzeros
Variable types: 0 continuous, 53383 integer (53383 binary)
Coefficient statistics:
  Matrix range     [1e+00, 2e+01]
  Objective range  [1e+00, 1e+00]
  Bounds range     [1e+00, 1e+00]
  RHS range        [8e+01, 8e+01]
Found heuristic solution: objective 0
Presolve time: 0.15s
Presolved: 10206 rows, 53383 columns, 106766 nonzeros
Variable types: 0 continuous, 53383 integer (53383 binary)
Presolved: 10206 rows, 53383 columns, 106766 nonzeros

Root barrier log...

Ordering time: 0.01s

Barrier statistics:
 AA' NZ     : 5.338e+04
 Factor NZ  : 2.304e+05 (roughly 30 MBytes of memory)
 Factor Ops : 3.800e+07 (less than 1 second per iteration)
 Threads    : 1

                  Objective                Residual
Iter       Primal          Dual         Primal    Dual     Compl     Time
   0  -2.43801050e+04 -3.69590150e+04  2.01e+02 0.00e+00  2.72e+00     0s
   1  -7.92298594e+03 -2.77916726e+04  3.51e+01 6.66e-16  5.58e-01     0s
   2  -4.88082729e+03 -1.37611958e+04  7.37e+00 8.88e-16  1.32e-01     0s
   3  -4.06597069e+03 -6.04186598e+03  3.98e-01 1.33e-15  1.97e-02     0s
   4  -4.09468930e+03 -4.50063498e+03  7.00e-02 6.66e-16  3.93e-03     0s
   5  -4.10562010e+03 -4.34790707e+03  3.92e-02 6.66e-16  2.33e-03     0s
   6  -4.11118833e+03 -4.24451427e+03  2.59e-02 7.32e-16  1.29e-03     0s
   7  -4.11569740e+03 -4.19396612e+03  1.60e-02 4.44e-16  7.59e-04     0s
   8  -4.11815589e+03 -4.16209539e+03  1.13e-02 6.66e-16  4.30e-04     0s
   9  -4.11991572e+03 -4.13989312e+03  8.15e-03 4.44e-16  2.01e-04     0s
  10  -4.12158482e+03 -4.12861606e+03  5.15e-03 5.17e-16  7.46e-05     0s
  11  -4.12272432e+03 -4.12533358e+03  2.95e-03 4.91e-16  2.95e-05     0s
  12  -4.12334343e+03 -4.12408903e+03  1.33e-03 4.44e-16  9.26e-06     1s
  13  -4.12385455e+03 -4.12387889e+03  2.78e-05 4.99e-16  2.75e-07     1s
  14  -4.12386549e+03 -4.12386549e+03  2.66e-10 4.93e-16  4.20e-12     1s

Barrier solved model in 14 iterations and 0.54 seconds
Optimal objective -4.12386549e+03


Root relaxation: objective -4.123865e+03, 42393 iterations, 0.64 seconds

    Nodes    |    Current Node    |     Objective Bounds      |     Work
 Expl Unexpl |  Obj  Depth IntInf | Incumbent    BestBd   Gap | It/Node Time

     0     0 -4123.8655    0  388    0.00000 -4123.8655      -     -    1s
H    0     0                    -4057.163200 -4123.8655  1.64%     -    1s

Explored 0 nodes (59144 simplex iterations) in 1.47 seconds
Thread count was 20 (of 20 available processors)

Solution count 2: -4057.16 0 
Pool objective bound -4123.87

Optimal solution found (tolerance 5.00e-02)
Best objective -4.057163200000e+03, best bound -4.123865490000e+03, gap 1.6441%
Changed value of parameter MIPGap to 0.05
   Prev: 0.0001  Min: 0.0  Max: 1e+100  Default: 0.0001
Changed value of parameter TimeLimit to 1800.0
   Prev: 1e+100  Min: 0.0  Max: 1e+100  Default: 1e+100
Changed value of parameter Method to 2
   Prev: -1  Min: -1  Max: 4  Default: -1
Changed value of parameter MIPFocus to 1
   Prev: 0  Min: 0  Max: 3  Default: 0
Optimize a model with 10206 rows, 53383 columns and 106766 nonzeros
Variable types: 0 continuous, 53383 integer (53383 binary)
Coefficient statistics:
  Matrix range     [1e+00, 2e+01]
  Objective range  [1e+00, 1e+00]
  Bounds range     [1e+00, 1e+00]
  RHS range        [8e+01, 8e+01]
Found heuristic solution: objective 0
Presolve time: 0.15s
Presolved: 10206 rows, 53383 columns, 106766 nonzeros
Variable types: 0 continuous, 53383 integer (53383 binary)
Presolved: 10206 rows, 53383 columns, 106766 nonzeros

Root barrier log...

Ordering time: 0.01s

Barrier statistics:
 AA' NZ     : 5.338e+04
 Factor NZ  : 2.304e+05 (roughly 30 MBytes of memory)
 Factor Ops : 3.800e+07 (less than 1 second per iteration)
 Threads    : 1

                  Objective                Residual
Iter       Primal          Dual         Primal    Dual     Compl     Time
   0  -2.53274840e+04 -3.68414258e+04  2.01e+02 0.00e+00  2.70e+00     0s
   1  -8.05988123e+03 -2.77684944e+04  3.38e+01 6.66e-16  5.40e-01     0s
   2  -5.10842655e+03 -1.36783121e+04  8.04e+00 1.11e-15  1.33e-01     0s
   3  -4.19342011e+03 -6.06768062e+03  3.86e-01 4.75e-14  1.87e-02     0s
   4  -4.21699503e+03 -4.52286910e+03  4.06e-02 4.66e-15  2.93e-03     0s
   5  -4.22877722e+03 -4.40161965e+03  2.34e-02 2.44e-15  1.66e-03     0s
   6  -4.23398871e+03 -4.34705656e+03  1.68e-02 1.33e-15  1.09e-03     0s
   7  -4.23788268e+03 -4.31154629e+03  1.20e-02 1.11e-15  7.09e-04     0s
   8  -4.24020649e+03 -4.28316920e+03  9.51e-03 1.55e-15  4.18e-04     0s
   9  -4.24332315e+03 -4.27238509e+03  6.37e-03 6.66e-16  2.82e-04     0s
  10  -4.24572285e+03 -4.25796966e+03  3.76e-03 6.66e-16  1.21e-04     0s
  11  -4.24676334e+03 -4.25143998e+03  2.62e-03 1.33e-15  4.83e-05     0s
  12  -4.24786799e+03 -4.24934719e+03  1.30e-03 1.55e-15  1.61e-05     0s
  13  -4.24871117e+03 -4.24888200e+03  1.36e-04 8.88e-16  1.83e-06     1s
  14  -4.24882412e+03 -4.24882443e+03  2.77e-07 6.66e-16  3.39e-09     1s
  15  -4.24882435e+03 -4.24882435e+03  3.01e-12 6.66e-16  3.39e-12     1s

Barrier solved model in 15 iterations and 0.56 seconds
Optimal objective -4.24882435e+03


Root relaxation: objective -4.248824e+03, 42255 iterations, 0.66 seconds

    Nodes    |    Current Node    |     Objective Bounds      |     Work
 Expl Unexpl |  Obj  Depth IntInf | Incumbent    BestBd   Gap | It/Node Time

     0     0 -4248.8243    0  386    0.00000 -4248.8243      -     -    1s
H    0     0                    -4185.953600 -4248.8243  1.50%     -    1s

Explored 0 nodes (53923 simplex iterations) in 1.49 seconds
Thread count was 20 (of 20 available processors)

Solution count 2: -4185.95 0 
Pool objective bound -4248.82

Optimal solution found (tolerance 5.00e-02)
Best objective -4.185953600000e+03, best bound -4.248824346667e+03, gap 1.5019%
Changed value of parameter MIPGap to 0.05
   Prev: 0.0001  Min: 0.0  Max: 1e+100  Default: 0.0001
Changed value of parameter TimeLimit to 1800.0
   Prev: 1e+100  Min: 0.0  Max: 1e+100  Default: 1e+100
Changed value of parameter Method to 2
   Prev: -1  Min: -1  Max: 4  Default: -1
Changed value of parameter MIPFocus to 1
   Prev: 0  Min: 0  Max: 3  Default: 0
Optimize a model with 10206 rows, 53383 columns and 106766 nonzeros
Variable types: 0 continuous, 53383 integer (53383 binary)
Coefficient statistics:
  Matrix range     [1e+00, 2e+01]
  Objective range  [1e+00, 1e+00]
  Bounds range     [1e+00, 1e+00]
  RHS range        [8e+01, 8e+01]
Found heuristic solution: objective 0
Presolve time: 0.15s
Presolved: 10206 rows, 53383 columns, 106766 nonzeros
Variable types: 0 continuous, 53383 integer (53383 binary)
Presolved: 10206 rows, 53383 columns, 106766 nonzeros

Root barrier log...

Ordering time: 0.01s

Barrier statistics:
 AA' NZ     : 5.338e+04
 Factor NZ  : 2.304e+05 (roughly 30 MBytes of memory)
 Factor Ops : 3.800e+07 (less than 1 second per iteration)
 Threads    : 1

                  Objective                Residual
Iter       Primal          Dual         Primal    Dual     Compl     Time
   0  -2.58012209e+04 -3.69697764e+04  2.01e+02 0.00e+00  2.70e+00     0s
   1  -8.13672006e+03 -2.78923679e+04  3.33e+01 8.88e-16  5.36e-01     0s
   2  -5.18262326e+03 -1.37260274e+04  7.98e+00 8.88e-16  1.33e-01     0s
   3  -4.25696610e+03 -6.04727197e+03  3.81e-01 4.44e-15  1.79e-02     0s
   4  -4.28052995e+03 -4.66721240e+03  3.61e-02 1.78e-15  3.68e-03     0s
   5  -4.29207185e+03 -4.49523114e+03  1.98e-02 8.88e-16  1.93e-03     0s
   6  -4.29787599e+03 -4.40733314e+03  1.32e-02 1.11e-15  1.05e-03     0s
   7  -4.30066252e+03 -4.36519117e+03  1.04e-02 1.11e-15  6.21e-04     0s
   8  -4.30262626e+03 -4.35178887e+03  8.48e-03 1.33e-15  4.74e-04     0s
   9  -4.30555653e+03 -4.33263297e+03  5.70e-03 5.81e-16  2.63e-04     0s
  10  -4.30807093e+03 -4.31999109e+03  3.39e-03 4.44e-16  1.17e-04     0s
  11  -4.30863015e+03 -4.31640275e+03  2.87e-03 4.44e-16  7.77e-05     0s
  12  -4.30998370e+03 -4.31292998e+03  1.50e-03 6.66e-16  3.02e-05     1s
  13  -4.31085868e+03 -4.31153268e+03  5.07e-04 6.66e-16  7.19e-06     1s
  14  -4.31130841e+03 -4.31132054e+03  9.46e-06 4.44e-16  1.30e-07     1s
  15  -4.31131688e+03 -4.31131690e+03  2.28e-12 6.66e-16  1.30e-10     1s

Barrier solved model in 15 iterations and 0.56 seconds
Optimal objective -4.31131688e+03


Root relaxation: objective -4.311317e+03, 42414 iterations, 0.67 seconds

    Nodes    |    Current Node    |     Objective Bounds      |     Work
 Expl Unexpl |  Obj  Depth IntInf | Incumbent    BestBd   Gap | It/Node Time

     0     0 -4311.3169    0  382    0.00000 -4311.3169      -     -    1s
H    0     0                    -4246.944000 -4311.3169  1.52%     -    1s

Explored 0 nodes (57902 simplex iterations) in 1.57 seconds
Thread count was 20 (of 20 available processors)

Solution count 2: -4246.94 0 
Pool objective bound -4311.32

Optimal solution found (tolerance 5.00e-02)
Best objective -4.246944000000e+03, best bound -4.311316891667e+03, gap 1.5157%
Changed value of parameter MIPGap to 0.05
   Prev: 0.0001  Min: 0.0  Max: 1e+100  Default: 0.0001
Changed value of parameter TimeLimit to 1800.0
   Prev: 1e+100  Min: 0.0  Max: 1e+100  Default: 1e+100
Changed value of parameter Method to 2
   Prev: -1  Min: -1  Max: 4  Default: -1
Changed value of parameter MIPFocus to 1
   Prev: 0  Min: 0  Max: 3  Default: 0
Optimize a model with 10206 rows, 53383 columns and 106766 nonzeros
Variable types: 0 continuous, 53383 integer (53383 binary)
Coefficient statistics:
  Matrix range     [1e+00, 2e+01]
  Objective range  [1e+00, 2e+00]
  Bounds range     [1e+00, 1e+00]
  RHS range        [8e+01, 8e+01]
Found heuristic solution: objective 0
Presolve time: 0.15s
Presolved: 10206 rows, 53383 columns, 106766 nonzeros
Variable types: 0 continuous, 53383 integer (53383 binary)
Presolved: 10206 rows, 53383 columns, 106766 nonzeros

Root barrier log...

Ordering time: 0.01s

Barrier statistics:
 AA' NZ     : 5.338e+04
 Factor NZ  : 2.304e+05 (roughly 30 MBytes of memory)
 Factor Ops : 3.800e+07 (less than 1 second per iteration)
 Threads    : 1

                  Objective                Residual
Iter       Primal          Dual         Primal    Dual     Compl     Time
   0  -2.81698381e+04 -3.78007835e+04  2.00e+02 2.22e-16  2.74e+00     0s
   1  -8.47714704e+03 -2.86019410e+04  3.05e+01 7.22e-16  5.18e-01     0s
   2  -5.51879775e+03 -1.40379796e+04  7.45e+00 1.11e-15  1.30e-01     0s
   3  -4.55162833e+03 -6.12946999e+03  9.89e-02 2.89e-15  1.50e-02     0s
   4  -4.59967607e+03 -4.84988396e+03  1.78e-02 1.11e-15  2.37e-03     0s
   5  -4.60651477e+03 -4.74291725e+03  1.33e-02 6.66e-16  1.30e-03     0s
   6  -4.60880802e+03 -4.71954291e+03  1.17e-02 6.66e-16  1.06e-03     0s
   7  -4.61124867e+03 -4.69967298e+03  9.96e-03 6.66e-16  8.44e-04     0s
   8  -4.61179188e+03 -4.69168424e+03  9.34e-03 6.66e-16  7.63e-04     0s
   9  -4.61561532e+03 -4.67233015e+03  6.26e-03 6.66e-16  5.41e-04     0s
  10  -4.61940198e+03 -4.65949984e+03  2.88e-03 5.96e-16  3.79e-04     0s
  11  -4.62023876e+03 -4.64942993e+03  2.27e-03 6.66e-16  2.76e-04     0s
  12  -4.62044449e+03 -4.64810159e+03  2.13e-03 8.88e-16  2.62e-04     0s
  13  -4.62083748e+03 -4.64236748e+03  1.86e-03 6.66e-16  2.04e-04     1s
  14  -4.62114604e+03 -4.63699371e+03  1.66e-03 6.66e-16  1.51e-04     1s
  15  -4.62158201e+03 -4.63370884e+03  1.41e-03 6.66e-16  1.16e-04     1s
  16  -4.62224537e+03 -4.62998738e+03  1.01e-03 6.66e-16  7.41e-05     1s
  17  -4.62259133e+03 -4.62767087e+03  8.07e-04 4.45e-16  4.89e-05     1s
  18  -4.62279271e+03 -4.62711966e+03  6.73e-04 6.66e-16  4.16e-05     1s
  19  -4.62299430e+03 -4.62674164e+03  5.42e-04 6.66e-16  3.60e-05     1s
  20  -4.62303479e+03 -4.62610360e+03  5.15e-04 6.66e-16  2.96e-05     1s
  21  -4.62329825e+03 -4.62512530e+03  3.62e-04 6.66e-16  1.77e-05     1s
  22  -4.62353657e+03 -4.62392420e+03  2.02e-04 6.66e-16  4.00e-06     1s
  23  -4.62377501e+03 -4.62379385e+03  1.92e-07 6.66e-16  1.76e-07     1s
  24  -4.62377961e+03 -4.62377963e+03  4.65e-10 6.66e-16  2.21e-10     1s

Barrier solved model in 24 iterations and 0.75 seconds
Optimal objective -4.62377961e+03


Root relaxation: objective -4.623780e+03, 42461 iterations, 0.86 seconds

    Nodes    |    Current Node    |     Objective Bounds      |     Work
 Expl Unexpl |  Obj  Depth IntInf | Incumbent    BestBd   Gap | It/Node Time

     0     0 -4623.7796    0  486    0.00000 -4623.7796      -     -    1s
H    0     0                    -4544.408000 -4623.7796  1.75%     -    1s

Explored 0 nodes (50214 simplex iterations) in 1.72 seconds
Thread count was 20 (of 20 available processors)

Solution count 2: -4544.41 0 
Pool objective bound -4623.78

Optimal solution found (tolerance 5.00e-02)
Best objective -4.544408000000e+03, best bound -4.623779616667e+03, gap 1.7466%
Changed value of parameter MIPGap to 0.05
   Prev: 0.0001  Min: 0.0  Max: 1e+100  Default: 0.0001
Changed value of parameter TimeLimit to 1800.0
   Prev: 1e+100  Min: 0.0  Max: 1e+100  Default: 1e+100
Changed value of parameter Method to 2
   Prev: -1  Min: -1  Max: 4  Default: -1
Changed value of parameter MIPFocus to 1
   Prev: 0  Min: 0  Max: 3  Default: 0
Optimize a model with 10206 rows, 53383 columns and 106766 nonzeros
Variable types: 0 continuous, 53383 integer (53383 binary)
Coefficient statistics:
  Matrix range     [1e+00, 2e+01]
  Objective range  [1e+00, 2e+00]
  Bounds range     [1e+00, 1e+00]
  RHS range        [8e+01, 8e+01]
Found heuristic solution: objective 0
Presolve time: 0.15s
Presolved: 10206 rows, 53383 columns, 106766 nonzeros
Variable types: 0 continuous, 53383 integer (53383 binary)
Presolved: 10206 rows, 53383 columns, 106766 nonzeros

Root barrier log...

Ordering time: 0.01s

Barrier statistics:
 AA' NZ     : 5.338e+04
 Factor NZ  : 2.304e+05 (roughly 30 MBytes of memory)
 Factor Ops : 3.800e+07 (less than 1 second per iteration)
 Threads    : 1

                  Objective                Residual
Iter       Primal          Dual         Primal    Dual     Compl     Time
   0  -3.29067729e+04 -4.00369549e+04  2.00e+02 0.00e+00  2.86e+00     0s
   1  -9.84614524e+03 -3.03655367e+04  3.11e+01 8.88e-16  5.48e-01     0s
   2  -6.23457108e+03 -1.44290657e+04  6.82e+00 1.11e-15  1.25e-01     0s
   3  -5.18850069e+03 -6.79924705e+03  1.53e-02 1.78e-14  1.51e-02     0s
   4  -5.25047465e+03 -5.54731390e+03  1.12e-03 2.22e-15  2.77e-03     0s
   5  -5.26124753e+03 -5.41402502e+03  7.46e-04 1.33e-15  1.43e-03     0s
   6  -5.26753275e+03 -5.35113407e+03  5.53e-04 8.88e-16  7.81e-04     0s
   7  -5.27204450e+03 -5.32232466e+03  4.25e-04 8.88e-16  4.70e-04     0s
   8  -5.27400147e+03 -5.31093346e+03  3.66e-04 8.88e-16  3.45e-04     0s
   9  -5.27651649e+03 -5.30252615e+03  2.92e-04 8.88e-16  2.43e-04     0s
  10  -5.27837584e+03 -5.30008987e+03  2.46e-04 7.93e-16  2.03e-04     0s
  11  -5.27914205e+03 -5.29584523e+03  2.20e-04 8.88e-16  1.56e-04     0s
  12  -5.28029616e+03 -5.29185107e+03  1.84e-04 6.26e-16  1.08e-04     0s
  13  -5.28084391e+03 -5.29100654e+03  1.65e-04 8.88e-16  9.52e-05     1s
  14  -5.28116506e+03 -5.29037769e+03  1.55e-04 8.88e-16  8.64e-05     1s
  15  -5.28156643e+03 -5.28951034e+03  1.42e-04 8.88e-16  7.45e-05     1s
  16  -5.28232668e+03 -5.28767639e+03  1.24e-04 8.88e-16  5.02e-05     1s
  17  -5.28290076e+03 -5.28682423e+03  1.02e-04 8.88e-16  3.69e-05     1s
  18  -5.28356654e+03 -5.28631275e+03  7.02e-05 8.88e-16  2.58e-05     1s
  19  -5.28369195e+03 -5.28622488e+03  6.41e-05 1.05e-15  2.38e-05     1s
  20  -5.28397482e+03 -5.28596466e+03  4.90e-05 9.02e-16  1.87e-05     1s
  21  -5.28423168e+03 -5.28584278e+03  3.69e-05 1.07e-15  1.51e-05     1s
  22  -5.28449437e+03 -5.28562205e+03  2.47e-05 1.07e-15  1.06e-05     1s
  23  -5.28454917e+03 -5.28549034e+03  2.24e-05 9.74e-16  8.84e-06     1s
  24  -5.28457984e+03 -5.28541399e+03  2.14e-05 8.88e-16  7.84e-06     1s
  25  -5.28462768e+03 -5.28532232e+03  1.84e-05 8.88e-16  6.53e-06     1s
  26  -5.28471640e+03 -5.28530666e+03  1.44e-05 9.20e-16  5.55e-06     1s
  27  -5.28479643e+03 -5.28528934e+03  1.16e-05 8.88e-16  4.63e-06     1s
  28  -5.28481559e+03 -5.28521611e+03  1.09e-05 8.88e-16  3.77e-06     1s
  29  -5.28490531e+03 -5.28520607e+03  7.39e-06 8.88e-16  2.83e-06     1s
  30  -5.28493587e+03 -5.28519660e+03  6.37e-06 1.01e-15  2.45e-06     1s
  31  -5.28497210e+03 -5.28516970e+03  5.11e-06 8.88e-16  1.86e-06     1s
  32  -5.28505110e+03 -5.28513769e+03  2.41e-06 7.62e-16  8.14e-07     1s
  33  -5.28505244e+03 -5.28513502e+03  2.37e-06 8.88e-16  7.77e-07     1s
  34  -5.28506203e+03 -5.28512482e+03  2.04e-06 8.88e-16  5.92e-07     1s
  35  -5.28507432e+03 -5.28512517e+03  1.60e-06 8.88e-16  4.79e-07     1s
  36  -5.28511805e+03 -5.28512478e+03  7.65e-08 8.88e-16  6.30e-08     1s
  37  -5.28512097e+03 -5.28512124e+03  9.22e-10 8.88e-16  2.58e-09     1s
  38  -5.28512107e+03 -5.28512107e+03  2.96e-11 8.88e-16  3.60e-13     1s

Barrier solved model in 38 iterations and 1.04 seconds
Optimal objective -5.28512107e+03


Root relaxation: objective -5.285121e+03, 39382 iterations, 1.11 seconds

    Nodes    |    Current Node    |     Objective Bounds      |     Work
 Expl Unexpl |  Obj  Depth IntInf | Incumbent    BestBd   Gap | It/Node Time

     0     0 -5285.1211    0  505    0.00000 -5285.1211      -     -    2s
H    0     0                    -5188.440000 -5285.1211  1.86%     -    2s

Explored 0 nodes (51136 simplex iterations) in 2.05 seconds
Thread count was 20 (of 20 available processors)

Solution count 2: -5188.44 0 
Pool objective bound -5285.12

Optimal solution found (tolerance 5.00e-02)
Best objective -5.188440000000e+03, best bound -5.285121066667e+03, gap 1.8634%
Changed value of parameter MIPGap to 0.05
   Prev: 0.0001  Min: 0.0  Max: 1e+100  Default: 0.0001
Changed value of parameter TimeLimit to 1800.0
   Prev: 1e+100  Min: 0.0  Max: 1e+100  Default: 1e+100
Changed value of parameter Method to 2
   Prev: -1  Min: -1  Max: 4  Default: -1
Changed value of parameter MIPFocus to 1
   Prev: 0  Min: 0  Max: 3  Default: 0
Optimize a model with 10206 rows, 53383 columns and 106766 nonzeros
Variable types: 0 continuous, 53383 integer (53383 binary)
Coefficient statistics:
  Matrix range     [1e+00, 2e+01]
  Objective range  [2e+00, 4e+00]
  Bounds range     [1e+00, 1e+00]
  RHS range        [8e+01, 8e+01]
Found heuristic solution: objective 0
Presolve time: 0.15s
Presolved: 10206 rows, 53383 columns, 106766 nonzeros
Variable types: 0 continuous, 53383 integer (53383 binary)
Presolved: 10206 rows, 53383 columns, 106766 nonzeros

Root barrier log...

Ordering time: 0.01s

Barrier statistics:
 AA' NZ     : 5.338e+04
 Factor NZ  : 2.304e+05 (roughly 30 MBytes of memory)
 Factor Ops : 3.800e+07 (less than 1 second per iteration)
 Threads    : 1

                  Objective                Residual
Iter       Primal          Dual         Primal    Dual     Compl     Time
   0  -4.23897614e+04 -6.17452181e+04  2.00e+02 0.00e+00  4.55e+00     0s
   1  -1.24848043e+04 -4.63821730e+04  3.16e+01 1.33e-15  8.78e-01     0s
   2  -7.59830741e+03 -2.10553121e+04  5.76e+00 1.33e-15  1.87e-01     0s
   3  -6.48635155e+03 -8.83007118e+03  4.65e-04 8.44e-15  2.19e-02     0s
   4  -6.52925902e+03 -7.49955991e+03  2.02e-04 3.55e-15  9.05e-03     0s
   5  -6.55578139e+03 -6.89263292e+03  1.09e-04 1.33e-15  3.14e-03     0s
   6  -6.58491937e+03 -6.74450088e+03  5.35e-05 8.88e-16  1.49e-03     0s
   7  -6.59598753e+03 -6.69310603e+03  3.88e-05 1.33e-15  9.06e-04     0s
   8  -6.60111478e+03 -6.67382544e+03  3.26e-05 8.88e-16  6.78e-04     0s
   9  -6.60815874e+03 -6.65976961e+03  2.44e-05 8.88e-16  4.82e-04     0s
  10  -6.61253129e+03 -6.64890033e+03  1.95e-05 9.15e-16  3.39e-04     0s
  11  -6.61388146e+03 -6.64565924e+03  1.81e-05 8.88e-16  2.97e-04     0s
  12  -6.61479942e+03 -6.64337704e+03  1.71e-05 9.09e-16  2.67e-04     0s
  13  -6.61590407e+03 -6.63986113e+03  1.59e-05 9.09e-16  2.24e-04     1s
  14  -6.61730966e+03 -6.63754149e+03  1.44e-05 8.88e-16  1.89e-04     1s
  15  -6.61942061e+03 -6.63574267e+03  1.22e-05 1.33e-15  1.52e-04     1s
  16  -6.62093587e+03 -6.63475242e+03  1.06e-05 1.33e-15  1.29e-04     1s
  17  -6.62125503e+03 -6.63456198e+03  1.03e-05 1.03e-15  1.24e-04     1s
  18  -6.62192470e+03 -6.63432458e+03  9.26e-06 1.33e-15  1.16e-04     1s
  19  -6.62203649e+03 -6.63387220e+03  9.13e-06 1.08e-15  1.11e-04     1s
  20  -6.62294195e+03 -6.63317631e+03  8.08e-06 1.33e-15  9.56e-05     1s
  21  -6.62454532e+03 -6.63230113e+03  6.20e-06 8.88e-16  7.24e-05     1s
  22  -6.62516232e+03 -6.63187094e+03  5.25e-06 1.33e-15  6.26e-05     1s
  23  -6.62631618e+03 -6.63139633e+03  3.76e-06 1.33e-15  4.74e-05     1s
  24  -6.62700954e+03 -6.63118075e+03  2.61e-06 1.33e-15  3.89e-05     1s
  25  -6.62735692e+03 -6.63102421e+03  2.17e-06 1.33e-15  3.42e-05     1s
  26  -6.62752245e+03 -6.63070068e+03  1.94e-06 1.33e-15  2.97e-05     1s
  27  -6.62778603e+03 -6.63055326e+03  1.63e-06 1.33e-15  2.58e-05     1s
  28  -6.62847929e+03 -6.63024794e+03  9.59e-07 9.44e-16  1.65e-05     1s
  29  -6.62893658e+03 -6.63013574e+03  6.80e-07 1.33e-15  1.12e-05     1s
  30  -6.62910902e+03 -6.63000558e+03  4.97e-07 1.33e-15  8.37e-06     1s
  31  -6.62934797e+03 -6.62997988e+03  3.20e-07 1.04e-15  5.90e-06     1s
  32  -6.62947053e+03 -6.62990540e+03  2.30e-07 1.33e-15  4.06e-06     1s
  33  -6.62949412e+03 -6.62987026e+03  2.14e-07 8.88e-16  3.51e-06     1s
  34  -6.62950859e+03 -6.62984533e+03  2.04e-07 8.88e-16  3.15e-06     1s
  35  -6.62956248e+03 -6.62983634e+03  1.65e-07 8.88e-16  2.56e-06     1s
  36  -6.62957011e+03 -6.62981771e+03  1.60e-07 9.23e-16  2.31e-06     1s
  37  -6.62962031e+03 -6.62981740e+03  1.22e-07 1.33e-15  1.84e-06     1s
  38  -6.62969774e+03 -6.62978824e+03  6.21e-08 1.33e-15  8.46e-07     1s
  39  -6.62977608e+03 -6.62978679e+03  3.12e-09 9.96e-16  1.00e-07     1s
  40  -6.62978111e+03 -6.62978252e+03  3.29e-11 8.88e-16  1.31e-08     1s
  41  -6.62978164e+03 -6.62978173e+03  6.77e-11 1.33e-15  8.68e-10     1s
  42  -6.62978167e+03 -6.62978167e+03  5.13e-11 8.88e-16  1.74e-13     1s

Barrier solved model in 42 iterations and 1.13 seconds
Optimal objective -6.62978167e+03


Root relaxation: objective -6.629782e+03, 39781 iterations, 1.19 seconds

    Nodes    |    Current Node    |     Objective Bounds      |     Work
 Expl Unexpl |  Obj  Depth IntInf | Incumbent    BestBd   Gap | It/Node Time

     0     0 -6629.7817    0  508    0.00000 -6629.7817      -     -    2s
H    0     0                    -6522.040000 -6629.7817  1.65%     -    2s

Explored 0 nodes (51562 simplex iterations) in 2.11 seconds
Thread count was 20 (of 20 available processors)

Solution count 2: -6522.04 0 
Pool objective bound -6629.78

Optimal solution found (tolerance 5.00e-02)
Best objective -6.522040000000e+03, best bound -6.629781666666e+03, gap 1.6520%
Changed value of parameter MIPGap to 0.05
   Prev: 0.0001  Min: 0.0  Max: 1e+100  Default: 0.0001
Changed value of parameter TimeLimit to 1800.0
   Prev: 1e+100  Min: 0.0  Max: 1e+100  Default: 1e+100
Changed value of parameter Method to 2
   Prev: -1  Min: -1  Max: 4  Default: -1
Changed value of parameter MIPFocus to 1
   Prev: 0  Min: 0  Max: 3  Default: 0
Optimize a model with 10206 rows, 53383 columns and 106766 nonzeros
Variable types: 0 continuous, 53383 integer (53383 binary)
Coefficient statistics:
  Matrix range     [1e+00, 2e+01]
  Objective range  [2e+00, 5e+00]
  Bounds range     [1e+00, 1e+00]
  RHS range        [8e+01, 8e+01]
Found heuristic solution: objective 0
Presolve time: 0.15s
Presolved: 10206 rows, 53383 columns, 106766 nonzeros
Variable types: 0 continuous, 53383 integer (53383 binary)
Presolved: 10206 rows, 53383 columns, 106766 nonzeros

Root barrier log...

Ordering time: 0.01s

Barrier statistics:
 AA' NZ     : 5.338e+04
 Factor NZ  : 2.304e+05 (roughly 30 MBytes of memory)
 Factor Ops : 3.800e+07 (less than 1 second per iteration)
 Threads    : 1

                  Objective                Residual
Iter       Primal          Dual         Primal    Dual     Compl     Time
   0  -4.71326284e+04 -7.72698805e+04  2.01e+02 0.00e+00  5.77e+00     0s
   1  -1.43271949e+04 -5.76653520e+04  3.41e+01 1.78e-15  1.16e+00     0s
   2  -7.94610678e+03 -2.43689133e+04  3.83e+00 2.11e-15  2.02e-01     0s
   3  -7.30169731e+03 -1.39652919e+04  7.14e-01 2.66e-15  6.72e-02     0s
   4  -7.22983075e+03 -8.83278948e+03  1.38e-01 2.66e-15  1.55e-02     0s
   5  -7.26761466e+03 -7.42877141e+03  3.05e-02 1.78e-15  1.59e-03     0s
   6  -7.27953236e+03 -7.38918275e+03  2.02e-02 1.78e-15  1.08e-03     0s
   7  -7.28378614e+03 -7.35308193e+03  1.66e-02 1.78e-15  6.91e-04     0s
   8  -7.28728931e+03 -7.33754110e+03  1.36e-02 1.78e-15  5.05e-04     0s
   9  -7.29012857e+03 -7.32539617e+03  1.11e-02 1.78e-15  3.58e-04     0s
  10  -7.29195567e+03 -7.31890350e+03  9.59e-03 1.78e-15  2.77e-04     0s
  11  -7.29354917e+03 -7.31329827e+03  8.21e-03 1.78e-15  2.06e-04     0s
  12  -7.29503314e+03 -7.31029485e+03  6.92e-03 1.78e-15  1.61e-04     1s
  13  -7.29635724e+03 -7.30793539e+03  5.76e-03 1.78e-15  1.23e-04     1s
  14  -7.29744263e+03 -7.30678949e+03  4.96e-03 1.78e-15  1.00e-04     1s
  15  -7.29789120e+03 -7.30612265e+03  4.54e-03 8.88e-16  8.87e-05     1s
  16  -7.29894262e+03 -7.30561994e+03  3.64e-03 1.78e-15  7.18e-05     1s
  17  -7.29903989e+03 -7.30471695e+03  3.51e-03 1.78e-15  6.21e-05     1s
  18  -7.29946443e+03 -7.30404917e+03  3.14e-03 1.78e-15  5.10e-05     1s
  19  -7.29965001e+03 -7.30363946e+03  2.93e-03 1.78e-15  4.49e-05     1s
  20  -7.29986887e+03 -7.30360804e+03  2.68e-03 1.78e-15  4.19e-05     1s
  21  -7.29996348e+03 -7.30339482e+03  2.57e-03 1.78e-15  3.87e-05     1s
  22  -7.30013793e+03 -7.30330774e+03  2.38e-03 1.78e-15  3.57e-05     1s
  23  -7.30039147e+03 -7.30321167e+03  2.09e-03 1.78e-15  3.17e-05     1s
  24  -7.30095772e+03 -7.30293388e+03  1.49e-03 1.78e-15  2.23e-05     1s
  25  -7.30106528e+03 -7.30287309e+03  1.36e-03 1.78e-15  2.04e-05     1s
  26  -7.30123851e+03 -7.30264275e+03  1.14e-03 1.78e-15  1.61e-05     1s
  27  -7.30150257e+03 -7.30261896e+03  8.39e-04 1.78e-15  1.26e-05     1s
  28  -7.30164076e+03 -7.30242185e+03  6.79e-04 1.78e-15  9.04e-06     1s
  29  -7.30177220e+03 -7.30238110e+03  5.37e-04 1.78e-15  7.07e-06     1s
  30  -7.30186201e+03 -7.30233051e+03  4.16e-04 1.78e-15  5.45e-06     1s
  31  -7.30215178e+03 -7.30227739e+03  6.70e-05 1.78e-15  1.34e-06     1s
  32  -7.30215839e+03 -7.30226680e+03  6.02e-05 1.78e-15  1.17e-06     1s
  33  -7.30216681e+03 -7.30223631e+03  5.04e-05 1.78e-15  7.79e-07     1s
  34  -7.30221193e+03 -7.30221395e+03  3.16e-07 1.78e-15  1.96e-08     1s
  35  -7.30221250e+03 -7.30221250e+03  5.75e-13 1.78e-15  2.03e-11     1s

Barrier solved model in 35 iterations and 0.99 seconds
Optimal objective -7.30221250e+03


Root relaxation: objective -7.302212e+03, 41221 iterations, 1.02 seconds

    Nodes    |    Current Node    |     Objective Bounds      |     Work
 Expl Unexpl |  Obj  Depth IntInf | Incumbent    BestBd   Gap | It/Node Time

     0     0 -7302.2125    0  482    0.00000 -7302.2125      -     -    1s
H    0     0                    -7177.700000 -7302.2125  1.73%     -    1s

Explored 0 nodes (54243 simplex iterations) in 2.00 seconds
Thread count was 20 (of 20 available processors)

Solution count 2: -7177.7 0 
Pool objective bound -7302.21

Optimal solution found (tolerance 5.00e-02)
Best objective -7.177700000000e+03, best bound -7.302210000000e+03, gap 1.7347%
Changed value of parameter MIPGap to 0.05
   Prev: 0.0001  Min: 0.0  Max: 1e+100  Default: 0.0001
Changed value of parameter TimeLimit to 1800.0
   Prev: 1e+100  Min: 0.0  Max: 1e+100  Default: 1e+100
Changed value of parameter Method to 2
   Prev: -1  Min: -1  Max: 4  Default: -1
Changed value of parameter MIPFocus to 1
   Prev: 0  Min: 0  Max: 3  Default: 0
Optimize a model with 10206 rows, 53383 columns and 106766 nonzeros
Variable types: 0 continuous, 53383 integer (53383 binary)
Coefficient statistics:
  Matrix range     [1e+00, 2e+01]
  Objective range  [2e+00, 8e+00]
  Bounds range     [1e+00, 1e+00]
  RHS range        [8e+01, 8e+01]
Found heuristic solution: objective 0
Presolve time: 0.15s
Presolved: 10206 rows, 53383 columns, 106766 nonzeros
Variable types: 0 continuous, 53383 integer (53383 binary)
Presolved: 10206 rows, 53383 columns, 106766 nonzeros

Root barrier log...

Ordering time: 0.01s

Barrier statistics:
 AA' NZ     : 5.338e+04
 Factor NZ  : 2.304e+05 (roughly 30 MBytes of memory)
 Factor Ops : 3.800e+07 (less than 1 second per iteration)
 Threads    : 1

                  Objective                Residual
Iter       Primal          Dual         Primal    Dual     Compl     Time
   0  -7.08440883e+04 -1.63857048e+05  2.01e+02 4.44e-16  1.27e+01     0s
   1  -1.95580727e+04 -1.20759345e+05  2.90e+01 3.55e-15  2.32e+00     0s
   2  -1.10804987e+04 -4.38376847e+04  2.09e+00 7.99e-15  3.58e-01     0s
   3  -1.06232800e+04 -2.66324515e+04  3.50e-01 3.55e-15  1.54e-01     0s
   4  -1.06093539e+04 -1.46002746e+04  1.53e-01 3.55e-15  3.82e-02     0s
   5  -1.06249830e+04 -1.20368287e+04  2.38e-02 3.55e-15  1.33e-02     0s
   6  -1.06440896e+04 -1.14033635e+04  6.36e-03 1.78e-15  7.10e-03     0s
   7  -1.06536016e+04 -1.11035005e+04  2.69e-03 1.78e-15  4.20e-03     0s
   8  -1.06575745e+04 -1.09488751e+04  1.68e-03 3.55e-15  2.72e-03     0s
   9  -1.06622301e+04 -1.08547156e+04  6.31e-04 3.55e-15  1.80e-03     0s
  10  -1.06641600e+04 -1.07644800e+04  2.82e-04 1.78e-15  9.36e-04     0s
  11  -1.06652689e+04 -1.07291236e+04  1.61e-04 1.78e-15  5.96e-04     0s
  12  -1.06659674e+04 -1.07093369e+04  1.04e-04 1.78e-15  4.05e-04     1s
  13  -1.06663432e+04 -1.06958914e+04  7.93e-05 1.78e-15  2.76e-04     1s
  14  -1.06666954e+04 -1.06853065e+04  5.74e-05 3.55e-15  1.74e-04     1s
  15  -1.06670452e+04 -1.06806441e+04  3.75e-05 3.55e-15  1.27e-04     1s
  16  -1.06674712e+04 -1.06738291e+04  1.72e-05 3.55e-15  5.93e-05     1s
  17  -1.06676370e+04 -1.06721379e+04  1.22e-05 1.78e-15  4.20e-05     1s
  18  -1.06677125e+04 -1.06705099e+04  9.91e-06 1.78e-15  2.61e-05     1s
  19  -1.06678082e+04 -1.06691084e+04  7.23e-06 3.55e-15  1.22e-05     1s
  20  -1.06678950e+04 -1.06688625e+04  4.73e-06 1.78e-15  9.04e-06     1s
  21  -1.06679629e+04 -1.06683757e+04  2.90e-06 3.55e-15  3.86e-06     1s
  22  -1.06680588e+04 -1.06681305e+04  1.27e-07 3.55e-15  6.69e-07     1s
  23  -1.06680664e+04 -1.06680707e+04  8.11e-09 3.55e-15  4.01e-08     1s
  24  -1.06680673e+04 -1.06680673e+04  6.85e-12 3.55e-15  8.95e-11     1s

Barrier solved model in 24 iterations and 0.77 seconds
Optimal objective -1.06680673e+04


Root relaxation: objective -1.066807e+04, 39517 iterations, 0.80 seconds

    Nodes    |    Current Node    |     Objective Bounds      |     Work
 Expl Unexpl |  Obj  Depth IntInf | Incumbent    BestBd   Gap | It/Node Time

     0     0 -10668.067    0  513    0.00000 -10668.067      -     -    1s
H    0     0                    -10476.92000 -10668.067  1.82%     -    1s

Explored 0 nodes (51279 simplex iterations) in 1.68 seconds
Thread count was 20 (of 20 available processors)

Solution count 2: -10476.9 0 
Pool objective bound -10668.1

Optimal solution found (tolerance 5.00e-02)
Best objective -1.047692000000e+04, best bound -1.066806000000e+04, gap 1.8244%
Changed value of parameter MIPGap to 0.05
   Prev: 0.0001  Min: 0.0  Max: 1e+100  Default: 0.0001
Changed value of parameter TimeLimit to 1800.0
   Prev: 1e+100  Min: 0.0  Max: 1e+100  Default: 1e+100
Changed value of parameter Method to 2
   Prev: -1  Min: -1  Max: 4  Default: -1
Changed value of parameter MIPFocus to 1
   Prev: 0  Min: 0  Max: 3  Default: 0
Optimize a model with 10206 rows, 53383 columns and 106766 nonzeros
Variable types: 0 continuous, 53383 integer (53383 binary)
Coefficient statistics:
  Matrix range     [1e+00, 2e+01]
  Objective range  [4e+00, 2e+01]
  Bounds range     [1e+00, 1e+00]
  RHS range        [8e+01, 8e+01]
Found heuristic solution: objective 0
Presolve time: 0.16s
Presolved: 10206 rows, 53383 columns, 106766 nonzeros
Variable types: 0 continuous, 53383 integer (53383 binary)
Presolved: 10206 rows, 53383 columns, 106766 nonzeros

Root barrier log...

Ordering time: 0.01s

Barrier statistics:
 AA' NZ     : 5.338e+04
 Factor NZ  : 2.304e+05 (roughly 30 MBytes of memory)
 Factor Ops : 3.800e+07 (less than 1 second per iteration)
 Threads    : 1

                  Objective                Residual
Iter       Primal          Dual         Primal    Dual     Compl     Time
   0  -1.18261428e+05 -3.38454094e+05  2.01e+02 8.88e-16  2.66e+01     0s
   1  -2.84060648e+04 -2.48016021e+05  2.18e+01 6.22e-15  4.19e+00     0s
   2  -1.81110369e+04 -8.16682465e+04  1.97e+00 7.11e-15  6.89e-01     0s
   3  -1.74878070e+04 -4.38249334e+04  2.82e-01 8.88e-15  2.53e-01     0s
   4  -1.75091978e+04 -2.72488221e+04  1.17e-01 7.11e-15  9.23e-02     0s
   5  -1.75773491e+04 -2.24416921e+04  4.59e-02 3.55e-15  4.58e-02     0s
   6  -1.76207028e+04 -2.11930208e+04  3.59e-02 3.55e-15  3.36e-02     0s
   7  -1.77014731e+04 -2.02023968e+04  2.12e-02 3.55e-15  2.35e-02     0s
   8  -1.77246395e+04 -1.95883502e+04  1.90e-02 3.55e-15  1.75e-02     0s
   9  -1.77804774e+04 -1.92168259e+04  1.27e-02 3.55e-15  1.35e-02     0s
  10  -1.78097080e+04 -1.88427998e+04  1.02e-02 3.55e-15  9.70e-03     0s
  11  -1.78445317e+04 -1.85506790e+04  7.17e-03 3.55e-15  6.63e-03     0s
  12  -1.78542491e+04 -1.84607333e+04  6.57e-03 3.55e-15  5.70e-03     1s
  13  -1.78650747e+04 -1.83343465e+04  5.89e-03 3.55e-15  4.41e-03     1s
  14  -1.78752746e+04 -1.82524800e+04  5.18e-03 3.55e-15  3.55e-03     1s
  15  -1.78831629e+04 -1.82156385e+04  4.64e-03 3.55e-15  3.13e-03     1s
  16  -1.78882860e+04 -1.81671156e+04  4.23e-03 3.55e-15  2.63e-03     1s
  17  -1.78935788e+04 -1.81139917e+04  3.77e-03 3.55e-15  2.08e-03     1s
  18  -1.78971708e+04 -1.80905067e+04  3.48e-03 3.55e-15  1.82e-03     1s
  19  -1.79028248e+04 -1.80511115e+04  2.94e-03 3.55e-15  1.40e-03     1s
  20  -1.79138974e+04 -1.80274027e+04  2.06e-03 3.55e-15  1.07e-03     1s
  21  -1.79166043e+04 -1.80102866e+04  1.80e-03 3.55e-15  8.84e-04     1s
  22  -1.79177189e+04 -1.80084900e+04  1.72e-03 3.55e-15  8.57e-04     1s
  23  -1.79198435e+04 -1.79971212e+04  1.55e-03 3.55e-15  7.30e-04     1s
  24  -1.79221720e+04 -1.79838970e+04  1.38e-03 3.55e-15  5.84e-04     1s
  25  -1.79243618e+04 -1.79714701e+04  1.21e-03 3.55e-15  4.47e-04     1s
  26  -1.79263253e+04 -1.79651035e+04  1.07e-03 3.55e-15  3.68e-04     1s
  27  -1.79282347e+04 -1.79581670e+04  9.37e-04 3.55e-15  2.85e-04     1s
  28  -1.79300039e+04 -1.79525464e+04  8.04e-04 3.55e-15  2.15e-04     1s
  29  -1.79317625e+04 -1.79500645e+04  6.79e-04 3.55e-15  1.75e-04     1s
  30  -1.79326473e+04 -1.79481165e+04  6.13e-04 3.55e-15  1.48e-04     1s
  31  -1.79343129e+04 -1.79457900e+04  4.85e-04 3.55e-15  1.10e-04     1s
  32  -1.79347136e+04 -1.79453185e+04  4.52e-04 3.55e-15  1.02e-04     1s
  33  -1.79355594e+04 -1.79436853e+04  3.89e-04 3.55e-15  7.81e-05     1s
  34  -1.79375891e+04 -1.79423115e+04  2.44e-04 3.55e-15  4.55e-05     1s
  35  -1.79379980e+04 -1.79412707e+04  2.10e-04 3.55e-15  3.18e-05     1s
  36  -1.79392427e+04 -1.79409978e+04  1.06e-04 3.55e-15  1.70e-05     1s
  37  -1.79399780e+04 -1.79406958e+04  4.40e-05 3.55e-15  6.96e-06     1s
  38  -1.79404360e+04 -1.79405132e+04  5.16e-06 3.55e-15  7.51e-07     1s
  39  -1.79404959e+04 -1.79404962e+04  1.10e-11 3.55e-15  2.66e-09     1s
  40  -1.79404960e+04 -1.79404960e+04  2.44e-11 3.55e-15  2.66e-12     1s

Barrier solved model in 40 iterations and 1.09 seconds
Optimal objective -1.79404960e+04


Root relaxation: objective -1.794050e+04, 38773 iterations, 1.13 seconds

    Nodes    |    Current Node    |     Objective Bounds      |     Work
 Expl Unexpl |  Obj  Depth IntInf | Incumbent    BestBd   Gap | It/Node Time

     0     0 -17940.496    0  431    0.00000 -17940.496      -     -    2s
H    0     0                    -17682.80000 -17940.496  1.46%     -    2s

Explored 0 nodes (56900 simplex iterations) in 2.14 seconds
Thread count was 20 (of 20 available processors)

Solution count 2: -17682.8 0 
Pool objective bound -17940.5

Optimal solution found (tolerance 5.00e-02)
Best objective -1.768280000000e+04, best bound -1.794048000000e+04, gap 1.4572%
Changed value of parameter MIPGap to 0.05
   Prev: 0.0001  Min: 0.0  Max: 1e+100  Default: 0.0001
Changed value of parameter TimeLimit to 1800.0
   Prev: 1e+100  Min: 0.0  Max: 1e+100  Default: 1e+100
Changed value of parameter Method to 2
   Prev: -1  Min: -1  Max: 4  Default: -1
Changed value of parameter MIPFocus to 1
   Prev: 0  Min: 0  Max: 3  Default: 0
Optimize a model with 10206 rows, 53383 columns and 106766 nonzeros
Variable types: 0 continuous, 53383 integer (53383 binary)
Coefficient statistics:
  Matrix range     [1e+00, 2e+01]
  Objective range  [6e+00, 3e+01]
  Bounds range     [1e+00, 1e+00]
  RHS range        [8e+01, 8e+01]
Found heuristic solution: objective 0
Presolve time: 0.15s
Presolved: 10206 rows, 53383 columns, 106766 nonzeros
Variable types: 0 continuous, 53383 integer (53383 binary)
Presolved: 10206 rows, 53383 columns, 106766 nonzeros

Root barrier log...

Ordering time: 0.01s

Barrier statistics:
 AA' NZ     : 5.338e+04
 Factor NZ  : 2.304e+05 (roughly 30 MBytes of memory)
 Factor Ops : 3.800e+07 (less than 1 second per iteration)
 Threads    : 1

                  Objective                Residual
Iter       Primal          Dual         Primal    Dual     Compl     Time
   0  -2.13093554e+05 -6.87648186e+05  2.01e+02 1.78e-15  5.45e+01     0s
   1  -4.96987502e+04 -5.02579987e+05  2.09e+01 1.24e-14  8.42e+00     0s
   2  -3.18370034e+04 -1.54963428e+05  1.50e+00 2.13e-14  1.29e+00     0s
   3  -3.13093951e+04 -9.83072945e+04  2.99e-01 1.10e-13  6.43e-01     0s
   4  -3.14049063e+04 -5.00672867e+04  1.18e-01 2.84e-14  1.77e-01     0s
   5  -3.16266857e+04 -4.43549535e+04  7.67e-02 2.13e-14  1.20e-01     0s
   6  -3.18101659e+04 -4.12961344e+04  5.99e-02 1.42e-14  8.96e-02     0s
   7  -3.20658132e+04 -3.94027504e+04  3.75e-02 7.11e-15  6.91e-02     0s
   8  -3.21715137e+04 -3.79341860e+04  3.14e-02 7.11e-15  5.42e-02     0s
   9  -3.23116614e+04 -3.64821475e+04  2.26e-02 7.11e-15  3.92e-02     0s
  10  -3.24170961e+04 -3.54556891e+04  1.76e-02 7.11e-15  2.86e-02     0s
  11  -3.24934903e+04 -3.48500948e+04  1.40e-02 7.11e-15  2.22e-02     0s
  12  -3.25348154e+04 -3.43613419e+04  1.23e-02 7.11e-15  1.72e-02     0s
  13  -3.25807643e+04 -3.41536511e+04  1.03e-02 7.11e-15  1.48e-02     1s
  14  -3.25971237e+04 -3.39465213e+04  9.53e-03 7.11e-15  1.27e-02     1s
  15  -3.26416134e+04 -3.37061893e+04  7.31e-03 7.11e-15  1.00e-02     1s
  16  -3.26502964e+04 -3.34706066e+04  6.04e-03 7.11e-15  7.72e-03     1s
  17  -3.26640223e+04 -3.33007766e+04  4.96e-03 7.11e-15  6.00e-03     1s
  18  -3.26696253e+04 -3.31784922e+04  4.14e-03 7.11e-15  4.79e-03     1s
  19  -3.26741290e+04 -3.31253368e+04  3.55e-03 7.11e-15  4.25e-03     1s
  20  -3.26806401e+04 -3.29735113e+04  2.90e-03 7.11e-15  2.76e-03     1s
  21  -3.26804356e+04 -3.28675449e+04  2.50e-03 7.11e-15  1.77e-03     1s
  22  -3.26906518e+04 -3.27362137e+04  1.64e-07 7.11e-15  4.25e-04     1s
  23  -3.26920883e+04 -3.27164750e+04  7.16e-08 7.11e-15  2.27e-04     1s
  24  -3.26927688e+04 -3.27071321e+04  5.27e-08 7.11e-15  1.34e-04     1s
  25  -3.26932203e+04 -3.27020801e+04  4.13e-08 7.11e-15  8.26e-05     1s
  26  -3.26937351e+04 -3.27000496e+04  3.08e-08 7.11e-15  5.89e-05     1s
  27  -3.26942744e+04 -3.26983379e+04  2.12e-08 7.11e-15  3.79e-05     1s
  28  -3.26945337e+04 -3.26975449e+04  1.73e-08 7.11e-15  2.81e-05     1s
  29  -3.26947090e+04 -3.26973442e+04  1.48e-08 7.11e-15  2.46e-05     1s
  30  -3.26947795e+04 -3.26970360e+04  1.37e-08 7.11e-15  2.10e-05     1s
  31  -3.26948852e+04 -3.26968488e+04  1.20e-08 7.11e-15  1.83e-05     1s
  32  -3.26949401e+04 -3.26965848e+04  1.12e-08 7.11e-15  1.53e-05     1s
  33  -3.26950480e+04 -3.26961498e+04  9.36e-09 7.11e-15  1.03e-05     1s
  34  -3.26951547e+04 -3.26960574e+04  7.59e-09 7.11e-15  8.42e-06     1s
  35  -3.26952265e+04 -3.26958959e+04  6.52e-09 7.11e-15  6.24e-06     1s
  36  -3.26952888e+04 -3.26958186e+04  5.44e-09 7.11e-15  4.94e-06     1s
  37  -3.26954995e+04 -3.26956517e+04  1.53e-09 7.11e-15  1.42e-06     1s
  38  -3.26955830e+04 -3.26955887e+04  1.48e-11 7.11e-15  5.32e-08     1s
  39  -3.26955840e+04 -3.26955840e+04  4.67e-13 7.11e-15  5.34e-11     1s

Barrier solved model in 39 iterations and 1.06 seconds
Optimal objective -3.26955840e+04


Root relaxation: objective -3.269558e+04, 40210 iterations, 1.13 seconds

    Nodes    |    Current Node    |     Objective Bounds      |     Work
 Expl Unexpl |  Obj  Depth IntInf | Incumbent    BestBd   Gap | It/Node Time

     0     0 -32695.584    0  415    0.00000 -32695.584      -     -    2s
H    0     0                    -32131.88000 -32695.584  1.75%     -    2s

Explored 0 nodes (58414 simplex iterations) in 2.19 seconds
Thread count was 20 (of 20 available processors)

Solution count 2: -32131.9 0 
Pool objective bound -32695.6

Optimal solution found (tolerance 5.00e-02)
Best objective -3.213188000000e+04, best bound -3.269556000000e+04, gap 1.7543%
Changed value of parameter MIPGap to 0.05
   Prev: 0.0001  Min: 0.0  Max: 1e+100  Default: 0.0001
Changed value of parameter TimeLimit to 1800.0
   Prev: 1e+100  Min: 0.0  Max: 1e+100  Default: 1e+100
Changed value of parameter Method to 2
   Prev: -1  Min: -1  Max: 4  Default: -1
Changed value of parameter MIPFocus to 1
   Prev: 0  Min: 0  Max: 3  Default: 0
Optimize a model with 10206 rows, 53383 columns and 106766 nonzeros
Variable types: 0 continuous, 53383 integer (53383 binary)
Coefficient statistics:
  Matrix range     [1e+00, 2e+01]
  Objective range  [7e+00, 4e+01]
  Bounds range     [1e+00, 1e+00]
  RHS range        [8e+01, 8e+01]
Found heuristic solution: objective 0
Presolve time: 0.15s
Presolved: 10206 rows, 53383 columns, 106766 nonzeros
Variable types: 0 continuous, 53383 integer (53383 binary)
Presolved: 10206 rows, 53383 columns, 106766 nonzeros

Root barrier log...

Ordering time: 0.01s

Barrier statistics:
 AA' NZ     : 5.338e+04
 Factor NZ  : 2.304e+05 (roughly 30 MBytes of memory)
 Factor Ops : 3.800e+07 (less than 1 second per iteration)
 Threads    : 1

                  Objective                Residual
Iter       Primal          Dual         Primal    Dual     Compl     Time
   0  -2.60509379e+05 -8.62245232e+05  2.01e+02 1.78e-15  6.84e+01     0s
   1  -6.04631218e+04 -6.29854799e+05  2.08e+01 1.60e-14  1.06e+01     0s
   2  -3.88505292e+04 -1.92355641e+05  1.52e+00 2.13e-14  1.61e+00     0s
   3  -3.82374194e+04 -1.17849667e+05  3.03e-01 1.56e-13  7.64e-01     0s
   4  -3.83842853e+04 -6.08741545e+04  1.25e-01 3.55e-14  2.13e-01     0s
   5  -3.86623335e+04 -5.50215753e+04  8.88e-02 2.13e-14  1.55e-01     0s
   6  -3.88929140e+04 -5.11793773e+04  7.10e-02 1.42e-14  1.16e-01     0s
   7  -3.90755679e+04 -4.87173146e+04  5.62e-02 1.42e-14  9.11e-02     0s
   8  -3.91757764e+04 -4.80487881e+04  4.96e-02 1.42e-14  8.38e-02     0s
   9  -3.94814499e+04 -4.72134895e+04  3.00e-02 1.42e-14  7.27e-02     0s
  10  -3.96158934e+04 -4.44755164e+04  2.44e-02 7.11e-15  4.58e-02     0s
  11  -3.97459790e+04 -4.33223215e+04  1.99e-02 7.12e-15  3.37e-02     0s
  12  -3.97940893e+04 -4.27773986e+04  1.80e-02 1.42e-14  2.81e-02     1s
  13  -3.98704594e+04 -4.23887074e+04  1.53e-02 7.54e-15  2.37e-02     1s
  14  -3.98987414e+04 -4.20433694e+04  1.42e-02 7.36e-15  2.02e-02     1s
  15  -3.99419648e+04 -4.16149314e+04  1.24e-02 7.11e-15  1.58e-02     1s
  16  -3.99958615e+04 -4.12591281e+04  9.33e-03 8.04e-15  1.19e-02     1s
  17  -4.00165412e+04 -4.09918807e+04  7.81e-03 7.11e-15  9.21e-03     1s
  18  -4.00230461e+04 -4.08393464e+04  7.04e-03 7.11e-15  7.72e-03     1s
  19  -4.00463160e+04 -4.06211229e+04  5.53e-03 7.11e-15  5.44e-03     1s
  20  -4.00550280e+04 -4.04702951e+04  4.64e-03 7.11e-15  3.94e-03     1s
  21  -4.00649606e+04 -4.02754765e+04  3.67e-03 7.11e-15  2.02e-03     1s
  22  -4.00869102e+04 -4.01951424e+04  1.64e-03 7.11e-15  1.03e-03     1s
  23  -4.00947842e+04 -4.01597841e+04  1.09e-03 7.11e-15  6.22e-04     1s
  24  -4.00979853e+04 -4.01441419e+04  9.05e-04 7.11e-15  4.43e-04     1s
  25  -4.01006330e+04 -4.01377735e+04  7.66e-04 7.11e-15  3.57e-04     1s
  26  -4.01038036e+04 -4.01323722e+04  6.04e-04 7.11e-15  2.75e-04     1s
  27  -4.01055341e+04 -4.01291028e+04  5.20e-04 7.11e-15  2.27e-04     1s
  28  -4.01081121e+04 -4.01264048e+04  3.94e-04 7.11e-15  1.76e-04     1s
  29  -4.01083066e+04 -4.01257405e+04  3.84e-04 7.11e-15  1.68e-04     1s
  30  -4.01094357e+04 -4.01239264e+04  3.25e-04 7.11e-15  1.40e-04     1s
  31  -4.01098385e+04 -4.01228017e+04  3.02e-04 7.11e-15  1.25e-04     1s
  32  -4.01106836e+04 -4.01214100e+04  2.59e-04 7.11e-15  1.04e-04     1s
  33  -4.01110944e+04 -4.01203205e+04  2.37e-04 7.11e-15  8.94e-05     1s
  34  -4.01118559e+04 -4.01185654e+04  1.97e-04 7.11e-15  6.53e-05     1s
  35  -4.01134975e+04 -4.01164018e+04  1.05e-04 7.11e-15  2.86e-05     1s
  36  -4.01150328e+04 -4.01156134e+04  1.84e-05 7.11e-15  5.67e-06     1s
  37  -4.01153767e+04 -4.01153860e+04  1.37e-07 7.11e-15  8.93e-08     1s
  38  -4.01153800e+04 -4.01153800e+04  1.24e-12 7.11e-15  3.14e-13     1s

Barrier solved model in 38 iterations and 1.04 seconds
Optimal objective -4.01153800e+04


Root relaxation: objective -4.011538e+04, 40076 iterations, 1.11 seconds

    Nodes    |    Current Node    |     Objective Bounds      |     Work
 Expl Unexpl |  Obj  Depth IntInf | Incumbent    BestBd   Gap | It/Node Time

     0     0 -40115.380    0  551    0.00000 -40115.380      -     -    1s
H    0     0                    -39188.90000 -40115.380  2.36%     -    1s

Explored 0 nodes (51528 simplex iterations) in 2.02 seconds
Thread count was 20 (of 20 available processors)

Solution count 2: -39188.9 0 
Pool objective bound -40115.3

Optimal solution found (tolerance 5.00e-02)
Best objective -3.918890000000e+04, best bound -4.011530000000e+04, gap 2.3639%
Changed value of parameter MIPGap to 0.05
   Prev: 0.0001  Min: 0.0  Max: 1e+100  Default: 0.0001
Changed value of parameter TimeLimit to 1800.0
   Prev: 1e+100  Min: 0.0  Max: 1e+100  Default: 1e+100
Changed value of parameter Method to 2
   Prev: -1  Min: -1  Max: 4  Default: -1
Changed value of parameter MIPFocus to 1
   Prev: 0  Min: 0  Max: 3  Default: 0
Optimize a model with 10206 rows, 53383 columns and 106766 nonzeros
Variable types: 0 continuous, 53383 integer (53383 binary)
Coefficient statistics:
  Matrix range     [1e+00, 2e+01]
  Objective range  [1e+01, 8e+01]
  Bounds range     [1e+00, 1e+00]
  RHS range        [8e+01, 8e+01]
Found heuristic solution: objective 0
Presolve time: 0.15s
Presolved: 10206 rows, 53383 columns, 106766 nonzeros
Variable types: 0 continuous, 53383 integer (53383 binary)
Presolved: 10206 rows, 53383 columns, 106766 nonzeros

Root barrier log...

Ordering time: 0.01s

Barrier statistics:
 AA' NZ     : 5.338e+04
 Factor NZ  : 2.304e+05 (roughly 30 MBytes of memory)
 Factor Ops : 3.800e+07 (less than 1 second per iteration)
 Threads    : 1

                  Objective                Residual
Iter       Primal          Dual         Primal    Dual     Compl     Time
   0  -4.97588050e+05 -1.73523046e+06  2.01e+02 3.55e-15  1.38e+02     0s
   1  -1.14023576e+05 -1.26610092e+06  2.04e+01 3.20e-14  2.11e+01     0s
   2  -7.39174561e+04 -3.77786572e+05  1.54e+00 4.26e-14  3.20e+00     0s
   3  -7.28591921e+04 -2.14809631e+05  3.09e-01 9.95e-14  1.37e+00     0s
   4  -7.33067903e+04 -1.19995164e+05  1.33e-01 2.84e-14  4.44e-01     0s
   5  -7.39159469e+04 -1.07927803e+05  9.89e-02 2.84e-14  3.22e-01     0s
   6  -7.44293432e+04 -1.01112077e+05  7.75e-02 2.84e-14  2.53e-01     0s
   7  -7.52398530e+04 -9.24606891e+04  4.57e-02 2.84e-14  1.63e-01     0s
   8  -7.54980482e+04 -8.98347477e+04  3.93e-02 1.60e-14  1.35e-01     0s
   9  -7.60059221e+04 -8.66821302e+04  2.68e-02 2.84e-14  1.01e-01     0s
  10  -7.63153379e+04 -8.39229364e+04  2.16e-02 1.42e-14  7.17e-02     0s
  11  -7.64301633e+04 -8.23055232e+04  1.98e-02 1.42e-14  5.55e-02     0s
  12  -7.65763051e+04 -8.14514403e+04  1.74e-02 2.84e-14  4.60e-02     0s
  13  -7.67345262e+04 -8.08279212e+04  1.47e-02 1.42e-14  3.87e-02     1s
  14  -7.67889421e+04 -8.02513008e+04  1.36e-02 2.84e-14  3.27e-02     1s
  15  -7.68864936e+04 -7.98769305e+04  1.15e-02 1.42e-14  2.83e-02     1s
  16  -7.69222602e+04 -7.91620172e+04  9.42e-03 1.42e-14  2.12e-02     1s
  17  -7.69644636e+04 -7.89551565e+04  8.35e-03 1.42e-14  1.88e-02     1s
  18  -7.69913151e+04 -7.81798735e+04  7.24e-03 1.42e-14  1.13e-02     1s
  19  -7.70119437e+04 -7.81355782e+04  6.76e-03 1.42e-14  1.07e-02     1s
  20  -7.70135935e+04 -7.79703374e+04  6.70e-03 1.42e-14  9.11e-03     1s
  21  -7.70582637e+04 -7.76590209e+04  4.90e-03 1.42e-14  5.74e-03     1s
  22  -7.70988316e+04 -7.74443642e+04  3.49e-03 1.42e-14  3.32e-03     1s
  23  -7.71196343e+04 -7.73590718e+04  2.88e-03 2.84e-14  2.31e-03     1s
  24  -7.71306567e+04 -7.73164361e+04  2.57e-03 2.84e-14  1.80e-03     1s
  25  -7.71452264e+04 -7.72890422e+04  2.13e-03 1.42e-14  1.40e-03     1s
  26  -7.71546080e+04 -7.72767531e+04  1.86e-03 1.42e-14  1.19e-03     1s
  27  -7.71640442e+04 -7.72661579e+04  1.59e-03 1.42e-14  9.96e-04     1s
  28  -7.71717381e+04 -7.72515298e+04  1.38e-03 1.42e-14  7.82e-04     1s
  29  -7.71768578e+04 -7.72413324e+04  1.23e-03 1.42e-14  6.35e-04     1s
  30  -7.71816546e+04 -7.72370258e+04  1.08e-03 1.42e-14  5.46e-04     1s
  31  -7.71858397e+04 -7.72338747e+04  9.41e-04 1.42e-14  4.74e-04     1s
  32  -7.71871795e+04 -7.72322217e+04  8.97e-04 1.42e-14  4.45e-04     1s
  33  -7.71916012e+04 -7.72245462e+04  7.75e-04 1.42e-14  3.28e-04     1s
  34  -7.72092250e+04 -7.72181704e+04  1.55e-04 1.42e-14  8.77e-05     1s
  35  -7.72142719e+04 -7.72147979e+04  1.70e-06 1.42e-14  4.95e-06     1s
  36  -7.72143600e+04 -7.72143601e+04  3.00e-11 2.84e-14  5.85e-10     1s

Barrier solved model in 36 iterations and 1.00 seconds
Optimal objective -7.72143600e+04


Root relaxation: objective -7.721436e+04, 40237 iterations, 1.07 seconds

    Nodes    |    Current Node    |     Objective Bounds      |     Work
 Expl Unexpl |  Obj  Depth IntInf | Incumbent    BestBd   Gap | It/Node Time

     0     0 -77214.360    0  501    0.00000 -77214.360      -     -    1s
H    0     0                    -75574.20000 -77214.360  2.17%     -    1s

Explored 0 nodes (51919 simplex iterations) in 1.99 seconds
Thread count was 20 (of 20 available processors)

Solution count 2: -75574.2 0 
Pool objective bound -77214.2

Optimal solution found (tolerance 5.00e-02)
Best objective -7.557420000000e+04, best bound -7.721420000000e+04, gap 2.1701%
Changed value of parameter MIPGap to 0.05
   Prev: 0.0001  Min: 0.0  Max: 1e+100  Default: 0.0001
Changed value of parameter TimeLimit to 1800.0
   Prev: 1e+100  Min: 0.0  Max: 1e+100  Default: 1e+100
Changed value of parameter Method to 2
   Prev: -1  Min: -1  Max: 4  Default: -1
Changed value of parameter MIPFocus to 1
   Prev: 0  Min: 0  Max: 3  Default: 0
Optimize a model with 10206 rows, 53383 columns and 106766 nonzeros
Variable types: 0 continuous, 53383 integer (53383 binary)
Coefficient statistics:
  Matrix range     [1e+00, 2e+01]
  Objective range  [3e+01, 2e+02]
  Bounds range     [1e+00, 1e+00]
  RHS range        [8e+01, 8e+01]
Found heuristic solution: objective 0
Presolve time: 0.15s
Presolved: 10206 rows, 53383 columns, 106766 nonzeros
Variable types: 0 continuous, 53383 integer (53383 binary)
Presolved: 10206 rows, 53383 columns, 106766 nonzeros

Root barrier log...

Ordering time: 0.01s

Barrier statistics:
 AA' NZ     : 5.338e+04
 Factor NZ  : 2.304e+05 (roughly 30 MBytes of memory)
 Factor Ops : 3.800e+07 (less than 1 second per iteration)
 Threads    : 1

                  Objective                Residual
Iter       Primal          Dual         Primal    Dual     Compl     Time
   0  -9.71744942e+05 -3.48120092e+06  2.01e+02 7.11e-15  2.77e+02     0s
   1  -2.21665481e+05 -2.53864056e+06  2.04e+01 6.39e-14  4.24e+01     0s
   2  -1.42655493e+05 -6.96900280e+05  1.23e+00 8.53e-14  5.72e+00     0s
   3  -1.42425009e+05 -2.46051913e+05  3.32e-01 7.11e-13  1.01e+00     0s
   4  -1.44669434e+05 -2.11677320e+05  1.50e-01 3.13e-13  6.41e-01     0s
   5  -1.45585882e+05 -1.97691366e+05  1.28e-01 2.27e-13  4.98e-01     0s
   6  -1.46104891e+05 -1.88015165e+05  1.15e-01 1.42e-13  4.01e-01     0s
   7  -1.47676072e+05 -1.79185530e+05  7.52e-02 1.14e-13  3.00e-01     0s
   8  -1.48105687e+05 -1.73653504e+05  6.73e-02 1.14e-13  2.44e-01     0s
   9  -1.48947834e+05 -1.66467951e+05  5.03e-02 8.53e-14  1.67e-01     0s
  10  -1.49637346e+05 -1.62945289e+05  3.86e-02 8.53e-14  1.27e-01     0s
  11  -1.49922768e+05 -1.60478478e+05  3.43e-02 5.68e-14  1.01e-01     0s
  12  -1.50106903e+05 -1.59236935e+05  3.15e-02 5.68e-14  8.72e-02     1s
  13  -1.50381174e+05 -1.58003633e+05  2.69e-02 2.84e-14  7.28e-02     1s
  14  -1.50580217e+05 -1.57245051e+05  2.35e-02 5.68e-14  6.36e-02     1s
  15  -1.50723198e+05 -1.55926898e+05  2.06e-02 2.84e-14  4.98e-02     1s
  16  -1.50855333e+05 -1.55182495e+05  1.71e-02 2.84e-14  4.14e-02     1s
  17  -1.50924325e+05 -1.54011649e+05  1.48e-02 2.84e-14  2.96e-02     1s
  18  -1.50961862e+05 -1.53714778e+05  1.32e-02 2.84e-14  2.64e-02     1s
  19  -1.51003170e+05 -1.52825759e+05  1.18e-02 2.84e-14  1.77e-02     1s
  20  -1.51086508e+05 -1.52348713e+05  9.10e-03 2.84e-14  1.23e-02     1s
  21  -1.51159905e+05 -1.51979294e+05  6.96e-03 2.84e-14  8.02e-03     1s
  22  -1.51205732e+05 -1.51803041e+05  5.71e-03 5.68e-14  5.88e-03     1s
  23  -1.51238610e+05 -1.51695538e+05  4.83e-03 2.84e-14  4.52e-03     1s
  24  -1.51267056e+05 -1.51632554e+05  4.05e-03 2.84e-14  3.63e-03     1s
  25  -1.51283822e+05 -1.51590985e+05  3.62e-03 2.84e-14  3.06e-03     1s
  26  -1.51296823e+05 -1.51547944e+05  3.28e-03 2.84e-14  2.52e-03     1s
  27  -1.51322628e+05 -1.51520484e+05  2.64e-03 2.84e-14  1.99e-03     1s
  28  -1.51343936e+05 -1.51477148e+05  2.13e-03 2.84e-14  1.36e-03     1s
  29  -1.51346442e+05 -1.51469730e+05  2.06e-03 2.84e-14  1.26e-03     1s
  30  -1.51359904e+05 -1.51457033e+05  1.65e-03 2.84e-14  9.94e-04     1s
  31  -1.51366605e+05 -1.51445162e+05  1.44e-03 2.84e-14  8.09e-04     1s
  32  -1.51389298e+05 -1.51428024e+05  7.32e-04 2.84e-14  4.00e-04     1s
  33  -1.51411887e+05 -1.51415068e+05  5.25e-06 5.68e-14  3.00e-05     1s
  34  -1.51412319e+05 -1.51412324e+05  3.87e-13 2.84e-14  4.60e-08     1s
  35  -1.51412320e+05 -1.51412320e+05  1.25e-12 2.84e-14  4.60e-11     1s

Barrier solved model in 35 iterations and 0.98 seconds
Optimal objective -1.51412320e+05


Root relaxation: objective -1.514123e+05, 40227 iterations, 1.04 seconds

    Nodes    |    Current Node    |     Objective Bounds      |     Work
 Expl Unexpl |  Obj  Depth IntInf | Incumbent    BestBd   Gap | It/Node Time

     0     0 -151412.32    0  411    0.00000 -151412.32      -     -    1s
H    0     0                    -148563.0000 -151412.32  1.92%     -    1s

Explored 0 nodes (56661 simplex iterations) in 2.00 seconds
Thread count was 20 (of 20 available processors)

Solution count 2: -148563 0 
Pool objective bound -151412

Optimal solution found (tolerance 5.00e-02)
Best objective -1.485630000000e+05, best bound -1.514122000000e+05, gap 1.9178%
Changed value of parameter MIPGap to 0.05
   Prev: 0.0001  Min: 0.0  Max: 1e+100  Default: 0.0001
Changed value of parameter TimeLimit to 1800.0
   Prev: 1e+100  Min: 0.0  Max: 1e+100  Default: 1e+100
Changed value of parameter Method to 2
   Prev: -1  Min: -1  Max: 4  Default: -1
Changed value of parameter MIPFocus to 1
   Prev: 0  Min: 0  Max: 3  Default: 0
Optimize a model with 10206 rows, 53383 columns and 106766 nonzeros
Variable types: 0 continuous, 53383 integer (53383 binary)
Coefficient statistics:
  Matrix range     [1e+00, 2e+01]
  Objective range  [6e+01, 4e+02]
  Bounds range     [1e+00, 1e+00]
  RHS range        [8e+01, 8e+01]
Found heuristic solution: objective 0
Presolve time: 0.15s
Presolved: 10206 rows, 53383 columns, 106766 nonzeros
Variable types: 0 continuous, 53383 integer (53383 binary)
Presolved: 10206 rows, 53383 columns, 106766 nonzeros

Root barrier log...

Ordering time: 0.01s

Barrier statistics:
 AA' NZ     : 5.338e+04
 Factor NZ  : 2.304e+05 (roughly 30 MBytes of memory)
 Factor Ops : 3.800e+07 (less than 1 second per iteration)
 Threads    : 1

                  Objective                Residual
Iter       Primal          Dual         Primal    Dual     Compl     Time
   0  -2.39421526e+06 -8.71911231e+06  2.01e+02 2.84e-14  6.95e+02     0s
   1  -5.44590902e+05 -6.35626527e+06  2.03e+01 1.71e-13  1.06e+02     0s
   2  -3.51067033e+05 -1.73503243e+06  1.24e+00 1.71e-13  1.43e+01     0s
   3  -3.50756666e+05 -6.14323942e+05  3.37e-01 3.52e-12  2.57e+00     0s
   4  -3.56438901e+05 -5.27393884e+05  1.57e-01 2.61e-12  1.64e+00     0s
   5  -3.58293728e+05 -4.90986720e+05  1.34e-01 1.93e-12  1.27e+00     0s
   6  -3.60098243e+05 -4.63508040e+05  1.17e-01 1.48e-12  9.90e-01     0s
   7  -3.63283345e+05 -4.40539011e+05  8.61e-02 1.02e-12  7.38e-01     0s
   8  -3.64624683e+05 -4.25835469e+05  7.62e-02 8.53e-13  5.86e-01     0s
   9  -3.66983761e+05 -4.11577082e+05  5.80e-02 4.55e-13  4.26e-01     0s
  10  -3.68488282e+05 -4.00438629e+05  4.94e-02 2.84e-13  3.06e-01     0s
  11  -3.69906851e+05 -3.97023212e+05  4.03e-02 2.27e-13  2.60e-01     0s
  12  -3.70406270e+05 -3.93064407e+05  3.69e-02 2.84e-13  2.17e-01     1s
  13  -3.71163230e+05 -3.90427065e+05  3.18e-02 2.27e-13  1.85e-01     1s
  14  -3.71412957e+05 -3.88404829e+05  2.98e-02 2.27e-13  1.63e-01     1s
  15  -3.72130908e+05 -3.85832576e+05  2.38e-02 2.27e-13  1.31e-01     1s
  16  -3.72272448e+05 -3.83388217e+05  2.15e-02 1.14e-13  1.07e-01     1s
  17  -3.72484005e+05 -3.81381900e+05  1.90e-02 1.14e-13  8.57e-02     1s
  18  -3.72687714e+05 -3.78987368e+05  1.63e-02 1.14e-13  6.10e-02     1s
  19  -3.72769912e+05 -3.78366648e+05  1.50e-02 1.14e-13  5.43e-02     1s
  20  -3.72920767e+05 -3.77383916e+05  1.34e-02 1.14e-13  4.35e-02     1s
  21  -3.72954118e+05 -3.76596499e+05  1.28e-02 1.14e-13  3.57e-02     1s
  22  -3.73232076e+05 -3.75552400e+05  9.21e-03 1.14e-13  2.29e-02     1s
  23  -3.73345712e+05 -3.75125514e+05  7.94e-03 1.14e-13  1.77e-02     1s
  24  -3.73431283e+05 -3.74863174e+05  6.94e-03 1.14e-13  1.43e-02     1s
  25  -3.73501321e+05 -3.74724499e+05  6.10e-03 1.14e-13  1.22e-02     1s
  26  -3.73571054e+05 -3.74565799e+05  5.27e-03 1.14e-13  9.98e-03     1s
  27  -3.73677517e+05 -3.74496463e+05  4.10e-03 1.14e-13  8.18e-03     1s
  28  -3.73721564e+05 -3.74340022e+05  3.61e-03 1.14e-13  6.25e-03     1s
  29  -3.73753149e+05 -3.74270113e+05  3.24e-03 5.68e-14  5.25e-03     1s
  30  -3.73768780e+05 -3.74225221e+05  3.05e-03 1.14e-13  4.66e-03     1s
  31  -3.73796912e+05 -3.74201997e+05  2.68e-03 1.14e-13  4.13e-03     1s
  32  -3.73807715e+05 -3.74170291e+05  2.55e-03 6.63e-14  3.72e-03     1s
  33  -3.73845175e+05 -3.74146478e+05  2.08e-03 1.14e-13  3.08e-03     1s
  34  -3.73889821e+05 -3.74123789e+05  1.57e-03 1.14e-13  2.39e-03     1s
  35  -3.73936100e+05 -3.74061047e+05  9.40e-04 1.71e-13  1.29e-03     1s
  36  -3.73993789e+05 -3.74025070e+05  1.53e-04 1.14e-13  3.12e-04     1s
  37  -3.74006175e+05 -3.74006500e+05  1.04e-07 1.14e-13  3.04e-06     1s
  38  -3.74006200e+05 -3.74006200e+05  1.87e-12 1.14e-13  6.20e-11     1s

Barrier solved model in 38 iterations and 1.05 seconds
Optimal objective -3.74006200e+05


Root relaxation: objective -3.740062e+05, 40140 iterations, 1.10 seconds

    Nodes    |    Current Node    |     Objective Bounds      |     Work
 Expl Unexpl |  Obj  Depth IntInf | Incumbent    BestBd   Gap | It/Node Time

     0     0 -374006.20    0  454    0.00000 -374006.20      -     -    2s
H    0     0                    -365875.0000 -374006.20  2.22%     -    2s

Explored 0 nodes (56045 simplex iterations) in 2.07 seconds
Thread count was 20 (of 20 available processors)

Solution count 2: -365875 0 
Pool objective bound -374006

Optimal solution found (tolerance 5.00e-02)
Best objective -3.658750000000e+05, best bound -3.740060000000e+05, gap 2.2223%
Changed value of parameter MIPGap to 0.05
   Prev: 0.0001  Min: 0.0  Max: 1e+100  Default: 0.0001
Changed value of parameter TimeLimit to 1800.0
   Prev: 1e+100  Min: 0.0  Max: 1e+100  Default: 1e+100
Changed value of parameter Method to 2
   Prev: -1  Min: -1  Max: 4  Default: -1
Changed value of parameter MIPFocus to 1
   Prev: 0  Min: 0  Max: 3  Default: 0
Optimize a model with 10206 rows, 53383 columns and 106766 nonzeros
Variable types: 0 continuous, 53383 integer (53383 binary)
Coefficient statistics:
  Matrix range     [1e+00, 2e+01]
  Objective range  [6e+02, 4e+03]
  Bounds range     [1e+00, 1e+00]
  RHS range        [8e+01, 8e+01]
Found heuristic solution: objective 0
Presolve time: 0.15s
Presolved: 10206 rows, 53383 columns, 106766 nonzeros
Variable types: 0 continuous, 53383 integer (53383 binary)
Presolved: 10206 rows, 53383 columns, 106766 nonzeros

Root barrier log...

Ordering time: 0.01s

Barrier statistics:
 AA' NZ     : 5.338e+04
 Factor NZ  : 2.304e+05 (roughly 30 MBytes of memory)
 Factor Ops : 3.800e+07 (less than 1 second per iteration)
 Threads    : 1

                  Objective                Residual
Iter       Primal          Dual         Primal    Dual     Compl     Time
   0  -2.37312688e+07 -8.72877831e+07  2.01e+02 2.27e-13  6.96e+03     0s
   1  -5.38847593e+06 -6.36206739e+07  2.03e+01 1.82e-12  1.06e+03     0s
   2  -3.47732248e+06 -1.73061407e+07  1.24e+00 2.05e-12  1.43e+02     0s
   3  -3.47574021e+06 -6.13709980e+06  3.39e-01 1.00e-11  2.60e+01     0s
   4  -3.53341557e+06 -5.27111890e+06  1.59e-01 8.19e-12  1.66e+01     0s
   5  -3.55339748e+06 -4.89941999e+06  1.35e-01 5.46e-12  1.29e+01     0s
   6  -3.57217052e+06 -4.60786423e+06  1.17e-01 2.73e-12  9.92e+00     0s
   7  -3.60484135e+06 -4.39984596e+06  8.62e-02 1.36e-12  7.59e+00     0s
   8  -3.61752689e+06 -4.23460700e+06  7.65e-02 2.73e-12  5.90e+00     0s
   9  -3.64161558e+06 -4.09042911e+06  5.83e-02 2.73e-12  4.29e+00     0s
  10  -3.65479722e+06 -3.98102561e+06  5.07e-02 3.18e-12  3.13e+00     0s
  11  -3.67145203e+06 -3.91882418e+06  3.99e-02 2.73e-12  2.37e+00     0s
  12  -3.67753706e+06 -3.88658204e+06  3.59e-02 2.27e-12  2.01e+00     1s
  13  -3.68433253e+06 -3.86911211e+06  3.11e-02 1.82e-12  1.77e+00     1s
  14  -3.68765390e+06 -3.84986792e+06  2.89e-02 9.09e-13  1.56e+00     1s
  15  -3.69215083e+06 -3.83385657e+06  2.61e-02 9.09e-13  1.36e+00     1s
  16  -3.69299088e+06 -3.81487438e+06  2.39e-02 9.09e-13  1.17e+00     1s
  17  -3.69423049e+06 -3.80337069e+06  2.26e-02 9.09e-13  1.05e+00     1s
  18  -3.69608208e+06 -3.79340338e+06  2.06e-02 9.09e-13  9.38e-01     1s
  19  -3.69805645e+06 -3.77913244e+06  1.76e-02 9.09e-13  7.81e-01     1s
  20  -3.69986461e+06 -3.75621646e+06  1.53e-02 9.09e-13  5.47e-01     1s
  21  -3.70101984e+06 -3.74503525e+06  1.34e-02 9.09e-13  4.29e-01     1s
  22  -3.70369528e+06 -3.73051638e+06  1.02e-02 9.09e-13  2.64e-01     1s
  23  -3.70575709e+06 -3.72589479e+06  7.90e-03 9.09e-13  1.98e-01     1s
  24  -3.70652029e+06 -3.72347562e+06  7.04e-03 9.09e-13  1.67e-01     1s
  25  -3.70771004e+06 -3.72103885e+06  5.70e-03 9.09e-13  1.32e-01     1s
  26  -3.70844809e+06 -3.71966063e+06  4.92e-03 9.09e-13  1.11e-01     1s
  27  -3.70983882e+06 -3.71833775e+06  3.51e-03 9.09e-13  8.39e-02     1s
  28  -3.71031383e+06 -3.71677694e+06  3.06e-03 9.09e-13  6.43e-02     1s
  29  -3.71055326e+06 -3.71619675e+06  2.80e-03 9.09e-13  5.63e-02     1s
  30  -3.71061228e+06 -3.71601485e+06  2.73e-03 9.09e-13  5.39e-02     1s
  31  -3.71090054e+06 -3.71557474e+06  2.41e-03 1.36e-12  4.67e-02     1s
  32  -3.71136429e+06 -3.71464281e+06  1.87e-03 1.36e-12  3.30e-02     1s
  33  -3.71150557e+06 -3.71442866e+06  1.72e-03 9.09e-13  2.95e-02     1s
  34  -3.71205767e+06 -3.71382262e+06  1.08e-03 1.36e-12  1.79e-02     1s
  35  -3.71284245e+06 -3.71315103e+06  7.39e-05 2.73e-12  2.97e-03     1s
  36  -3.71291420e+06 -3.71291737e+06  3.62e-08 9.09e-13  2.97e-05     1s
  37  -3.71291440e+06 -3.71291440e+06  2.54e-12 9.09e-13  1.63e-09     1s

Barrier solved model in 37 iterations and 1.03 seconds
Optimal objective -3.71291440e+06


Root relaxation: objective -3.712914e+06, 40177 iterations, 1.08 seconds

    Nodes    |    Current Node    |     Objective Bounds      |     Work
 Expl Unexpl |  Obj  Depth IntInf | Incumbent    BestBd   Gap | It/Node Time

     0     0 -3712914.4    0  383    0.00000 -3712914.4      -     -    2s
H    0     0                    -3643058.000 -3712914.4  1.92%     -    2s

Explored 0 nodes (61663 simplex iterations) in 2.22 seconds
Thread count was 20 (of 20 available processors)

Solution count 2: -3.64306e+06 0 
Pool objective bound -3.71291e+06

Optimal solution found (tolerance 5.00e-02)
Best objective -3.643058000000e+06, best bound -3.712914000000e+06, gap 1.9175%
