Changed value of parameter MIPGap to 0.05
   Prev: 0.0001  Min: 0.0  Max: 1e+100  Default: 0.0001
Changed value of parameter TimeLimit to 1800.0
   Prev: 1e+100  Min: 0.0  Max: 1e+100  Default: 1e+100
Changed value of parameter Method to 2
   Prev: -1  Min: -1  Max: 4  Default: -1
Changed value of parameter MIPFocus to 1
   Prev: 0  Min: 0  Max: 3  Default: 0
Optimize a model with 11112 rows, 58366 columns and 116732 nonzeros
Variable types: 0 continuous, 58366 integer (58366 binary)
Coefficient statistics:
  Matrix range     [1e+00, 2e+01]
  Objective range  [1e+00, 1e+00]
  Bounds range     [1e+00, 1e+00]
  RHS range        [8e+01, 8e+01]
Found heuristic solution: objective 0
Presolve time: 0.21s
Presolved: 11112 rows, 58366 columns, 116732 nonzeros
Variable types: 0 continuous, 58366 integer (58366 binary)
Presolved: 11112 rows, 58366 columns, 116732 nonzeros

Root barrier log...

Ordering time: 0.01s

Barrier statistics:
 AA' NZ     : 5.837e+04
 Factor NZ  : 2.405e+05 (roughly 30 MBytes of memory)
 Factor Ops : 3.799e+07 (less than 1 second per iteration)
 Threads    : 1

                  Objective                Residual
Iter       Primal          Dual         Primal    Dual     Compl     Time
   0  -2.35070056e+04 -4.86252143e+04  7.78e+01 0.00e+00  2.89e+00     0s
   1  -9.68068720e+03 -3.53278312e+04  1.77e+01 8.88e-16  6.94e-01     0s
   2  -5.35948621e+03 -1.47146186e+04  1.54e+00 1.11e-15  1.03e-01     0s
   3  -4.96808093e+03 -5.97753038e+03  1.11e-01 1.11e-15  9.21e-03     0s
   4  -4.97747448e+03 -5.44791467e+03  6.36e-02 6.66e-16  4.30e-03     0s
   5  -4.98404697e+03 -5.06761990e+03  3.04e-02 1.55e-15  8.34e-04     0s
   6  -4.98878565e+03 -5.00566262e+03  1.05e-02 7.05e-16  1.85e-04     0s
   7  -4.99086229e+03 -4.99393014e+03  6.18e-04 1.19e-15  2.86e-05     1s
   8  -4.99107039e+03 -4.99113936e+03  3.33e-07 8.33e-16  5.90e-07     1s
   9  -4.99107842e+03 -4.99107849e+03  1.08e-12 8.88e-16  5.90e-10     1s
  10  -4.99107843e+03 -4.99107843e+03  1.38e-12 1.33e-15  5.90e-13     1s

Barrier solved model in 10 iterations and 0.59 seconds
Optimal objective -4.99107843e+03


Root relaxation: objective -4.991078e+03, 49319 iterations, 0.68 seconds

    Nodes    |    Current Node    |     Objective Bounds      |     Work
 Expl Unexpl |  Obj  Depth IntInf | Incumbent    BestBd   Gap | It/Node Time

     0     0 -4991.0784    0  387    0.00000 -4991.0784      -     -    1s
H    0     0                    -4930.000000 -4991.0784  1.24%     -    1s

Explored 0 nodes (64461 simplex iterations) in 1.66 seconds
Thread count was 20 (of 20 available processors)

Solution count 2: -4930 0 
Pool objective bound -4991

Optimal solution found (tolerance 5.00e-02)
Best objective -4.930000000000e+03, best bound -4.991000000000e+03, gap 1.2373%
Changed value of parameter MIPGap to 0.05
   Prev: 0.0001  Min: 0.0  Max: 1e+100  Default: 0.0001
Changed value of parameter TimeLimit to 1800.0
   Prev: 1e+100  Min: 0.0  Max: 1e+100  Default: 1e+100
Changed value of parameter Method to 2
   Prev: -1  Min: -1  Max: 4  Default: -1
Changed value of parameter MIPFocus to 1
   Prev: 0  Min: 0  Max: 3  Default: 0
Optimize a model with 11112 rows, 58366 columns and 116732 nonzeros
Variable types: 0 continuous, 58366 integer (58366 binary)
Coefficient statistics:
  Matrix range     [1e+00, 2e+01]
  Objective range  [1e+00, 1e+00]
  Bounds range     [1e+00, 1e+00]
  RHS range        [8e+01, 8e+01]
Found heuristic solution: objective 0
Presolve time: 0.22s
Presolved: 11112 rows, 58366 columns, 116732 nonzeros
Variable types: 0 continuous, 58366 integer (58366 binary)
Presolved: 11112 rows, 58366 columns, 116732 nonzeros

Root barrier log...

Ordering time: 0.01s

Barrier statistics:
 AA' NZ     : 5.837e+04
 Factor NZ  : 2.405e+05 (roughly 30 MBytes of memory)
 Factor Ops : 3.799e+07 (less than 1 second per iteration)
 Threads    : 1

                  Objective                Residual
Iter       Primal          Dual         Primal    Dual     Compl     Time
   0  -2.35268340e+04 -4.86456890e+04  7.78e+01 0.00e+00  2.90e+00     0s
   1  -9.68871610e+03 -3.53436975e+04  1.77e+01 8.88e-16  6.95e-01     0s
   2  -5.36406933e+03 -1.47230993e+04  1.54e+00 1.05e-15  1.03e-01     0s
   3  -4.97103881e+03 -5.98468870e+03  1.10e-01 1.11e-15  9.24e-03     0s
   4  -4.98056759e+03 -5.45346777e+03  6.32e-02 7.62e-16  4.32e-03     0s
   5  -4.98724946e+03 -5.07110450e+03  3.02e-02 4.44e-16  8.35e-04     0s
   6  -4.99205797e+03 -5.00897919e+03  1.04e-02 7.33e-16  1.85e-04     0s
   7  -4.99416242e+03 -4.99723228e+03  6.14e-04 1.45e-15  2.86e-05     1s
   8  -4.99437241e+03 -4.99444147e+03  2.90e-07 6.66e-16  5.91e-07     1s
   9  -4.99438040e+03 -4.99438047e+03  1.53e-12 1.20e-15  5.91e-10     1s
  10  -4.99438041e+03 -4.99438041e+03  1.01e-12 6.99e-16  5.91e-13     1s

Barrier solved model in 10 iterations and 0.61 seconds
Optimal objective -4.99438041e+03


Root relaxation: objective -4.994380e+03, 49117 iterations, 0.67 seconds

    Nodes    |    Current Node    |     Objective Bounds      |     Work
 Expl Unexpl |  Obj  Depth IntInf | Incumbent    BestBd   Gap | It/Node Time

     0     0 -4994.3804    0  390    0.00000 -4994.3804      -     -    1s
H    0     0                    -4933.221000 -4994.3804  1.24%     -    1s

Explored 0 nodes (61551 simplex iterations) in 1.66 seconds
Thread count was 20 (of 20 available processors)

Solution count 2: -4933.22 0 
Pool objective bound -4994.38

Optimal solution found (tolerance 5.00e-02)
Best objective -4.933221000000e+03, best bound -4.994380411765e+03, gap 1.2397%
Changed value of parameter MIPGap to 0.05
   Prev: 0.0001  Min: 0.0  Max: 1e+100  Default: 0.0001
Changed value of parameter TimeLimit to 1800.0
   Prev: 1e+100  Min: 0.0  Max: 1e+100  Default: 1e+100
Changed value of parameter Method to 2
   Prev: -1  Min: -1  Max: 4  Default: -1
Changed value of parameter MIPFocus to 1
   Prev: 0  Min: 0  Max: 3  Default: 0
Optimize a model with 11112 rows, 58366 columns and 116732 nonzeros
Variable types: 0 continuous, 58366 integer (58366 binary)
Coefficient statistics:
  Matrix range     [1e+00, 2e+01]
  Objective range  [1e+00, 1e+00]
  Bounds range     [1e+00, 1e+00]
  RHS range        [8e+01, 8e+01]
Found heuristic solution: objective 0
Presolve time: 0.23s
Presolved: 11112 rows, 58366 columns, 116732 nonzeros
Variable types: 0 continuous, 58366 integer (58366 binary)
Presolved: 11112 rows, 58366 columns, 116732 nonzeros

Root barrier log...

Ordering time: 0.01s

Barrier statistics:
 AA' NZ     : 5.837e+04
 Factor NZ  : 2.405e+05 (roughly 30 MBytes of memory)
 Factor Ops : 3.799e+07 (less than 1 second per iteration)
 Threads    : 1

                  Objective                Residual
Iter       Primal          Dual         Primal    Dual     Compl     Time
   0  -2.35466624e+04 -4.86661636e+04  7.78e+01 0.00e+00  2.90e+00     0s
   1  -9.69674636e+03 -3.53595643e+04  1.77e+01 7.77e-16  6.95e-01     0s
   2  -5.36865986e+03 -1.47315792e+04  1.54e+00 8.88e-16  1.03e-01     0s
   3  -4.97393826e+03 -5.99190076e+03  1.09e-01 1.11e-15  9.27e-03     0s
   4  -4.98362426e+03 -5.45863526e+03  6.26e-02 1.78e-15  4.34e-03     0s
   5  -4.99043554e+03 -5.07454907e+03  2.99e-02 1.11e-15  8.37e-04     0s
   6  -4.99532521e+03 -5.01229188e+03  1.03e-02 6.66e-16  1.85e-04     1s
   7  -4.99746229e+03 -5.00053377e+03  6.09e-04 8.88e-16  2.86e-05     1s
   8  -4.99767444e+03 -4.99774356e+03  2.36e-07 9.69e-16  5.91e-07     1s
   9  -4.99768238e+03 -4.99768245e+03  1.17e-12 8.88e-16  5.91e-10     1s
  10  -4.99768239e+03 -4.99768239e+03  1.85e-12 6.66e-16  5.91e-13     1s

Barrier solved model in 10 iterations and 0.62 seconds
Optimal objective -4.99768239e+03


Root relaxation: objective -4.997682e+03, 49220 iterations, 0.67 seconds

    Nodes    |    Current Node    |     Objective Bounds      |     Work
 Expl Unexpl |  Obj  Depth IntInf | Incumbent    BestBd   Gap | It/Node Time

     0     0 -4997.6824    0  431    0.00000 -4997.6824      -     -    1s
H    0     0                    -4944.429000 -4997.6824  1.08%     -    1s

Explored 0 nodes (58873 simplex iterations) in 1.63 seconds
Thread count was 20 (of 20 available processors)

Solution count 2: -4944.43 0 
Pool objective bound -4997.68

Optimal solution found (tolerance 5.00e-02)
Best objective -4.944429000000e+03, best bound -4.997682392157e+03, gap 1.0770%
Changed value of parameter MIPGap to 0.05
   Prev: 0.0001  Min: 0.0  Max: 1e+100  Default: 0.0001
Changed value of parameter TimeLimit to 1800.0
   Prev: 1e+100  Min: 0.0  Max: 1e+100  Default: 1e+100
Changed value of parameter Method to 2
   Prev: -1  Min: -1  Max: 4  Default: -1
Changed value of parameter MIPFocus to 1
   Prev: 0  Min: 0  Max: 3  Default: 0
Optimize a model with 11112 rows, 58366 columns and 116732 nonzeros
Variable types: 0 continuous, 58366 integer (58366 binary)
Coefficient statistics:
  Matrix range     [1e+00, 2e+01]
  Objective range  [1e+00, 1e+00]
  Bounds range     [1e+00, 1e+00]
  RHS range        [8e+01, 8e+01]
Found heuristic solution: objective 0
Presolve time: 0.22s
Presolved: 11112 rows, 58366 columns, 116732 nonzeros
Variable types: 0 continuous, 58366 integer (58366 binary)
Presolved: 11112 rows, 58366 columns, 116732 nonzeros

Root barrier log...

Ordering time: 0.01s

Barrier statistics:
 AA' NZ     : 5.837e+04
 Factor NZ  : 2.405e+05 (roughly 30 MBytes of memory)
 Factor Ops : 3.799e+07 (less than 1 second per iteration)
 Threads    : 1

                  Objective                Residual
Iter       Primal          Dual         Primal    Dual     Compl     Time
   0  -2.35863191e+04 -4.87071129e+04  7.78e+01 0.00e+00  2.90e+00     0s
   1  -9.71281092e+03 -3.53912996e+04  1.77e+01 8.88e-16  6.96e-01     0s
   2  -5.37783485e+03 -1.47485363e+04  1.55e+00 1.11e-15  1.03e-01     0s
   3  -4.97968914e+03 -6.00634544e+03  1.07e-01 1.11e-15  9.34e-03     0s
   4  -4.98970659e+03 -5.46867107e+03  6.15e-02 1.33e-15  4.37e-03     0s
   5  -4.99679462e+03 -5.08139652e+03  2.93e-02 1.33e-15  8.39e-04     0s
   6  -5.00185642e+03 -5.01891581e+03  1.01e-02 8.44e-16  1.85e-04     1s
   7  -5.00406181e+03 -5.00713672e+03  5.98e-04 9.50e-16  2.86e-05     1s
   8  -5.00427851e+03 -5.00434768e+03  1.17e-07 8.88e-16  5.91e-07     1s
   9  -5.00428634e+03 -5.00428641e+03  1.37e-12 9.81e-16  5.91e-10     1s
  10  -5.00428635e+03 -5.00428635e+03  1.42e-12 1.01e-15  5.91e-13     1s

Barrier solved model in 10 iterations and 0.61 seconds
Optimal objective -5.00428635e+03


Root relaxation: objective -5.004286e+03, 49000 iterations, 0.68 seconds

    Nodes    |    Current Node    |     Objective Bounds      |     Work
 Expl Unexpl |  Obj  Depth IntInf | Incumbent    BestBd   Gap | It/Node Time

     0     0 -5004.2864    0  361    0.00000 -5004.2864      -     -    1s
H    0     0                    -4947.922000 -5004.2864  1.14%     -    1s

Explored 0 nodes (64162 simplex iterations) in 1.68 seconds
Thread count was 20 (of 20 available processors)

Solution count 2: -4947.92 0 
Pool objective bound -5004.29

Optimal solution found (tolerance 5.00e-02)
Best objective -4.947922000000e+03, best bound -5.004286352941e+03, gap 1.1392%
Changed value of parameter MIPGap to 0.05
   Prev: 0.0001  Min: 0.0  Max: 1e+100  Default: 0.0001
Changed value of parameter TimeLimit to 1800.0
   Prev: 1e+100  Min: 0.0  Max: 1e+100  Default: 1e+100
Changed value of parameter Method to 2
   Prev: -1  Min: -1  Max: 4  Default: -1
Changed value of parameter MIPFocus to 1
   Prev: 0  Min: 0  Max: 3  Default: 0
Optimize a model with 11112 rows, 58366 columns and 116732 nonzeros
Variable types: 0 continuous, 58366 integer (58366 binary)
Coefficient statistics:
  Matrix range     [1e+00, 2e+01]
  Objective range  [1e+00, 1e+00]
  Bounds range     [1e+00, 1e+00]
  RHS range        [8e+01, 8e+01]
Found heuristic solution: objective 0
Presolve time: 0.20s
Presolved: 11112 rows, 58366 columns, 116732 nonzeros
Variable types: 0 continuous, 58366 integer (58366 binary)
Presolved: 11112 rows, 58366 columns, 116732 nonzeros

Root barrier log...

Ordering time: 0.01s

Barrier statistics:
 AA' NZ     : 5.837e+04
 Factor NZ  : 2.405e+05 (roughly 30 MBytes of memory)
 Factor Ops : 3.799e+07 (less than 1 second per iteration)
 Threads    : 1

                  Objective                Residual
Iter       Primal          Dual         Primal    Dual     Compl     Time
   0  -2.36656326e+04 -4.87890115e+04  7.78e+01 0.00e+00  2.90e+00     0s
   1  -9.74495612e+03 -3.54547766e+04  1.77e+01 8.88e-16  6.97e-01     0s
   2  -5.39615930e+03 -1.47824399e+04  1.56e+00 8.88e-16  1.04e-01     0s
   3  -4.99138163e+03 -6.03508651e+03  1.03e-01 1.33e-15  9.47e-03     0s
   4  -5.00197392e+03 -5.48932101e+03  5.94e-02 6.66e-16  4.43e-03     0s
   5  -5.00953694e+03 -5.09657687e+03  2.79e-02 8.88e-16  8.54e-04     0s
   6  -5.01471614e+03 -5.03047391e+03  9.96e-03 6.66e-16  1.73e-04     0s
   7  -5.01731077e+03 -5.01852629e+03  4.46e-04 1.11e-15  1.21e-05     0s
   8  -5.01749009e+03 -5.01751379e+03  1.38e-06 1.14e-15  2.08e-07     1s
   9  -5.01749427e+03 -5.01749429e+03  4.14e-12 5.33e-15  2.08e-10     1s

Barrier solved model in 9 iterations and 0.54 seconds
Optimal objective -5.01749427e+03


Root relaxation: objective -5.017494e+03, 49773 iterations, 0.59 seconds

    Nodes    |    Current Node    |     Objective Bounds      |     Work
 Expl Unexpl |  Obj  Depth IntInf | Incumbent    BestBd   Gap | It/Node Time

     0     0 -5017.4943    0  498    0.00000 -5017.4943      -     -    1s
H    0     0                    -4962.684000 -5017.4943  1.10%     -    1s

Explored 0 nodes (56656 simplex iterations) in 1.45 seconds
Thread count was 20 (of 20 available processors)

Solution count 2: -4962.68 0 
Pool objective bound -5017.49

Optimal solution found (tolerance 5.00e-02)
Best objective -4.962684000000e+03, best bound -5.017494274509e+03, gap 1.1044%
Changed value of parameter MIPGap to 0.05
   Prev: 0.0001  Min: 0.0  Max: 1e+100  Default: 0.0001
Changed value of parameter TimeLimit to 1800.0
   Prev: 1e+100  Min: 0.0  Max: 1e+100  Default: 1e+100
Changed value of parameter Method to 2
   Prev: -1  Min: -1  Max: 4  Default: -1
Changed value of parameter MIPFocus to 1
   Prev: 0  Min: 0  Max: 3  Default: 0
Optimize a model with 11112 rows, 58366 columns and 116732 nonzeros
Variable types: 0 continuous, 58366 integer (58366 binary)
Coefficient statistics:
  Matrix range     [1e+00, 2e+01]
  Objective range  [1e+00, 1e+00]
  Bounds range     [1e+00, 1e+00]
  RHS range        [8e+01, 8e+01]
Found heuristic solution: objective 0
Presolve time: 0.22s
Presolved: 11112 rows, 58366 columns, 116732 nonzeros
Variable types: 0 continuous, 58366 integer (58366 binary)
Presolved: 11112 rows, 58366 columns, 116732 nonzeros

Root barrier log...

Ordering time: 0.01s

Barrier statistics:
 AA' NZ     : 5.837e+04
 Factor NZ  : 2.405e+05 (roughly 30 MBytes of memory)
 Factor Ops : 3.799e+07 (less than 1 second per iteration)
 Threads    : 1

                  Objective                Residual
Iter       Primal          Dual         Primal    Dual     Compl     Time
   0  -2.37052892e+04 -4.88299608e+04  7.78e+01 0.00e+00  2.91e+00     0s
   1  -9.76103670e+03 -3.54865182e+04  1.78e+01 6.66e-16  6.98e-01     0s
   2  -5.40533251e+03 -1.47993866e+04  1.57e+00 8.88e-16  1.04e-01     0s
   3  -4.99763290e+03 -6.04939161e+03  1.03e-01 1.33e-15  9.53e-03     0s
   4  -5.00834850e+03 -5.50143634e+03  5.94e-02 6.66e-16  4.48e-03     0s
   5  -5.01603309e+03 -5.10364239e+03  2.79e-02 7.42e-16  8.59e-04     0s
   6  -5.02129728e+03 -5.03719611e+03  9.88e-03 7.19e-16  1.74e-04     0s
   7  -5.02391297e+03 -5.02513847e+03  4.43e-04 1.57e-15  1.22e-05     1s
   8  -5.02409407e+03 -5.02411781e+03  1.29e-06 8.88e-16  2.08e-07     1s
   9  -5.02409823e+03 -5.02409825e+03  1.86e-12 4.22e-15  2.08e-10     1s

Barrier solved model in 9 iterations and 0.58 seconds
Optimal objective -5.02409823e+03


Root relaxation: objective -5.024098e+03, 49771 iterations, 0.65 seconds

    Nodes    |    Current Node    |     Objective Bounds      |     Work
 Expl Unexpl |  Obj  Depth IntInf | Incumbent    BestBd   Gap | It/Node Time

     0     0 -5024.0982    0  426    0.00000 -5024.0982      -     -    1s
H    0     0                    -4964.045000 -5024.0982  1.21%     -    1s

Explored 0 nodes (59448 simplex iterations) in 1.58 seconds
Thread count was 20 (of 20 available processors)

Solution count 2: -4964.04 0 
Pool objective bound -5024.1

Optimal solution found (tolerance 5.00e-02)
Best objective -4.964045000000e+03, best bound -5.024095000000e+03, gap 1.2097%
Changed value of parameter MIPGap to 0.05
   Prev: 0.0001  Min: 0.0  Max: 1e+100  Default: 0.0001
Changed value of parameter TimeLimit to 1800.0
   Prev: 1e+100  Min: 0.0  Max: 1e+100  Default: 1e+100
Changed value of parameter Method to 2
   Prev: -1  Min: -1  Max: 4  Default: -1
Changed value of parameter MIPFocus to 1
   Prev: 0  Min: 0  Max: 3  Default: 0
Optimize a model with 11112 rows, 58366 columns and 116732 nonzeros
Variable types: 0 continuous, 58366 integer (58366 binary)
Coefficient statistics:
  Matrix range     [1e+00, 2e+01]
  Objective range  [1e+00, 1e+00]
  Bounds range     [1e+00, 1e+00]
  RHS range        [8e+01, 8e+01]
Found heuristic solution: objective 0
Presolve time: 0.22s
Presolved: 11112 rows, 58366 columns, 116732 nonzeros
Variable types: 0 continuous, 58366 integer (58366 binary)
Presolved: 11112 rows, 58366 columns, 116732 nonzeros

Root barrier log...

Ordering time: 0.01s

Barrier statistics:
 AA' NZ     : 5.837e+04
 Factor NZ  : 2.405e+05 (roughly 30 MBytes of memory)
 Factor Ops : 3.799e+07 (less than 1 second per iteration)
 Threads    : 1

                  Objective                Residual
Iter       Primal          Dual         Primal    Dual     Compl     Time
   0  -2.39035718e+04 -4.90347073e+04  7.78e+01 0.00e+00  2.92e+00     0s
   1  -9.84151813e+03 -3.56452565e+04  1.78e+01 7.22e-16  7.01e-01     0s
   2  -5.58022105e+03 -1.58035811e+04  1.93e+00 1.11e-15  1.18e-01     0s
   3  -5.02455740e+03 -6.23630851e+03  8.40e-02 1.33e-15  1.08e-02     0s
   4  -5.03793648e+03 -5.54733317e+03  4.76e-02 6.66e-16  4.57e-03     0s
   5  -5.04724164e+03 -5.15874910e+03  2.29e-02 6.66e-16  1.04e-03     0s
   6  -5.05413590e+03 -5.07116828e+03  7.03e-03 6.66e-16  1.73e-04     0s
   7  -5.05692091e+03 -5.05812682e+03  3.28e-04 1.55e-15  1.16e-05     1s
   8  -5.05711539e+03 -5.05713503e+03  3.70e-12 1.27e-15  1.68e-07     1s
   9  -5.05711804e+03 -5.05711806e+03  2.05e-12 8.88e-16  1.68e-10     1s

Barrier solved model in 9 iterations and 0.58 seconds
Optimal objective -5.05711804e+03


Root relaxation: objective -5.057118e+03, 49767 iterations, 0.65 seconds

    Nodes    |    Current Node    |     Objective Bounds      |     Work
 Expl Unexpl |  Obj  Depth IntInf | Incumbent    BestBd   Gap | It/Node Time

     0     0 -5057.1180    0  332    0.00000 -5057.1180      -     -    1s
H    0     0                    -5005.250000 -5057.1180  1.04%     -    1s

Explored 0 nodes (67646 simplex iterations) in 1.59 seconds
Thread count was 20 (of 20 available processors)

Solution count 2: -5005.25 0 
Pool objective bound -5057.11

Optimal solution found (tolerance 5.00e-02)
Best objective -5.005250000000e+03, best bound -5.057110000000e+03, gap 1.0361%
Changed value of parameter MIPGap to 0.05
   Prev: 0.0001  Min: 0.0  Max: 1e+100  Default: 0.0001
Changed value of parameter TimeLimit to 1800.0
   Prev: 1e+100  Min: 0.0  Max: 1e+100  Default: 1e+100
Changed value of parameter Method to 2
   Prev: -1  Min: -1  Max: 4  Default: -1
Changed value of parameter MIPFocus to 1
   Prev: 0  Min: 0  Max: 3  Default: 0
Optimize a model with 11112 rows, 58366 columns and 116732 nonzeros
Variable types: 0 continuous, 58366 integer (58366 binary)
Coefficient statistics:
  Matrix range     [1e+00, 2e+01]
  Objective range  [1e+00, 1e+00]
  Bounds range     [1e+00, 1e+00]
  RHS range        [8e+01, 8e+01]
Found heuristic solution: objective 0
Presolve time: 0.20s
Presolved: 11112 rows, 58366 columns, 116732 nonzeros
Variable types: 0 continuous, 58366 integer (58366 binary)
Presolved: 11112 rows, 58366 columns, 116732 nonzeros

Root barrier log...

Ordering time: 0.01s

Barrier statistics:
 AA' NZ     : 5.837e+04
 Factor NZ  : 2.405e+05 (roughly 30 MBytes of memory)
 Factor Ops : 3.799e+07 (less than 1 second per iteration)
 Threads    : 1

                  Objective                Residual
Iter       Primal          Dual         Primal    Dual     Compl     Time
   0  -2.43001339e+04 -4.94442003e+04  7.78e+01 0.00e+00  2.94e+00     0s
   1  -1.00028613e+04 -3.59628751e+04  1.78e+01 7.77e-16  7.08e-01     0s
   2  -5.68275153e+03 -1.59878389e+04  2.03e+00 1.11e-15  1.20e-01     0s
   3  -5.07769862e+03 -6.21306840e+03  5.45e-02 1.78e-15  1.00e-02     0s
   4  -5.09759334e+03 -5.69289045e+03  2.92e-02 1.11e-15  5.22e-03     0s
   5  -5.10964242e+03 -5.20756031e+03  1.45e-02 2.66e-15  8.95e-04     0s
   6  -5.11909316e+03 -5.13598810e+03  4.45e-03 9.83e-16  1.62e-04     0s
   7  -5.12277246e+03 -5.12364542e+03  3.86e-04 9.02e-16  8.99e-06     0s
   8  -5.12315068e+03 -5.12318069e+03  3.36e-06 1.09e-15  2.70e-07     1s
   9  -5.12315764e+03 -5.12315767e+03  5.86e-12 1.31e-14  2.69e-10     1s

Barrier solved model in 9 iterations and 0.55 seconds
Optimal objective -5.12315764e+03


Root relaxation: objective -5.123158e+03, 49770 iterations, 0.60 seconds

    Nodes    |    Current Node    |     Objective Bounds      |     Work
 Expl Unexpl |  Obj  Depth IntInf | Incumbent    BestBd   Gap | It/Node Time

     0     0 -5123.1576    0  396    0.00000 -5123.1576      -     -    1s
H    0     0                    -5057.260000 -5123.1576  1.30%     -    1s

Explored 0 nodes (63582 simplex iterations) in 1.53 seconds
Thread count was 20 (of 20 available processors)

Solution count 2: -5057.26 0 
Pool objective bound -5123.14

Optimal solution found (tolerance 5.00e-02)
Best objective -5.057260000000e+03, best bound -5.123140000000e+03, gap 1.3027%
Changed value of parameter MIPGap to 0.05
   Prev: 0.0001  Min: 0.0  Max: 1e+100  Default: 0.0001
Changed value of parameter TimeLimit to 1800.0
   Prev: 1e+100  Min: 0.0  Max: 1e+100  Default: 1e+100
Changed value of parameter Method to 2
   Prev: -1  Min: -1  Max: 4  Default: -1
Changed value of parameter MIPFocus to 1
   Prev: 0  Min: 0  Max: 3  Default: 0
Optimize a model with 11112 rows, 58366 columns and 116732 nonzeros
Variable types: 0 continuous, 58366 integer (58366 binary)
Coefficient statistics:
  Matrix range     [1e+00, 2e+01]
  Objective range  [1e+00, 1e+00]
  Bounds range     [1e+00, 1e+00]
  RHS range        [8e+01, 8e+01]
Found heuristic solution: objective 0
Presolve time: 0.21s
Presolved: 11112 rows, 58366 columns, 116732 nonzeros
Variable types: 0 continuous, 58366 integer (58366 binary)
Presolved: 11112 rows, 58366 columns, 116732 nonzeros

Root barrier log...

Ordering time: 0.01s

Barrier statistics:
 AA' NZ     : 5.837e+04
 Factor NZ  : 2.405e+05 (roughly 30 MBytes of memory)
 Factor Ops : 3.799e+07 (less than 1 second per iteration)
 Threads    : 1

                  Objective                Residual
Iter       Primal          Dual         Primal    Dual     Compl     Time
   0  -2.50932580e+04 -5.03218387e+04  7.78e+01 0.00e+00  2.98e+00     0s
   1  -1.03261622e+04 -3.66384538e+04  1.79e+01 7.77e-16  7.23e-01     0s
   2  -5.89340270e+03 -1.66542507e+04  2.25e+00 1.11e-15  1.29e-01     0s
   3  -5.22788190e+03 -7.08996562e+03  1.42e-01 1.55e-15  1.68e-02     0s
   4  -5.23903453e+03 -5.85304335e+03  7.20e-02 6.68e-16  5.59e-03     0s
   5  -5.24771934e+03 -5.35431151e+03  2.86e-02 8.88e-16  1.03e-03     0s
   6  -5.25280611e+03 -5.27063542e+03  9.66e-03 8.26e-16  1.92e-04     1s
   7  -5.25505925e+03 -5.25729114e+03  4.19e-04 1.55e-15  2.08e-05     1s
   8  -5.25523334e+03 -5.25528157e+03  1.74e-12 1.33e-15  4.11e-07     1s
   9  -5.25523686e+03 -5.25523691e+03  8.65e-13 8.99e-16  4.11e-10     1s

Barrier solved model in 9 iterations and 0.59 seconds
Optimal objective -5.25523686e+03


Root relaxation: objective -5.255237e+03, 49734 iterations, 0.63 seconds

    Nodes    |    Current Node    |     Objective Bounds      |     Work
 Expl Unexpl |  Obj  Depth IntInf | Incumbent    BestBd   Gap | It/Node Time

     0     0 -5255.2369    0  345    0.00000 -5255.2369      -     -    1s
H    0     0                    -5191.920000 -5255.2369  1.22%     -    1s

Explored 0 nodes (64865 simplex iterations) in 1.59 seconds
Thread count was 20 (of 20 available processors)

Solution count 2: -5191.92 0 
Pool objective bound -5255.2

Optimal solution found (tolerance 5.00e-02)
Best objective -5.191920000000e+03, best bound -5.255200000000e+03, gap 1.2188%
Changed value of parameter MIPGap to 0.05
   Prev: 0.0001  Min: 0.0  Max: 1e+100  Default: 0.0001
Changed value of parameter TimeLimit to 1800.0
   Prev: 1e+100  Min: 0.0  Max: 1e+100  Default: 1e+100
Changed value of parameter Method to 2
   Prev: -1  Min: -1  Max: 4  Default: -1
Changed value of parameter MIPFocus to 1
   Prev: 0  Min: 0  Max: 3  Default: 0
Optimize a model with 11112 rows, 58366 columns and 116732 nonzeros
Variable types: 0 continuous, 58366 integer (58366 binary)
Coefficient statistics:
  Matrix range     [1e+00, 2e+01]
  Objective range  [1e+00, 1e+00]
  Bounds range     [1e+00, 1e+00]
  RHS range        [8e+01, 8e+01]
Found heuristic solution: objective 0
Presolve time: 0.21s
Presolved: 11112 rows, 58366 columns, 116732 nonzeros
Variable types: 0 continuous, 58366 integer (58366 binary)
Presolved: 11112 rows, 58366 columns, 116732 nonzeros

Root barrier log...

Ordering time: 0.01s

Barrier statistics:
 AA' NZ     : 5.837e+04
 Factor NZ  : 2.405e+05 (roughly 30 MBytes of memory)
 Factor Ops : 3.799e+07 (less than 1 second per iteration)
 Threads    : 1

                  Objective                Residual
Iter       Primal          Dual         Primal    Dual     Compl     Time
   0  -2.54898166e+04 -5.07692324e+04  7.78e+01 0.00e+00  3.01e+00     0s
   1  -1.04881768e+04 -3.69823914e+04  1.80e+01 8.88e-16  7.30e-01     0s
   2  -5.99840151e+03 -1.68471103e+04  2.35e+00 1.11e-15  1.32e-01     0s
   3  -5.29071940e+03 -7.19929607e+03  1.39e-01 1.55e-15  1.72e-02     0s
   4  -5.30336223e+03 -5.87029081e+03  6.99e-02 6.44e-15  5.18e-03     0s
   5  -5.31407847e+03 -5.42445378e+03  2.40e-02 6.66e-16  1.04e-03     0s
   6  -5.31901610e+03 -5.33775364e+03  7.55e-03 6.66e-16  1.91e-04     0s
   7  -5.32110487e+03 -5.32197895e+03  3.98e-04 7.41e-16  9.11e-06     1s
   8  -5.32127458e+03 -5.32129462e+03  3.97e-12 1.11e-15  1.71e-07     1s
   9  -5.32127647e+03 -5.32127649e+03  1.71e-12 6.66e-16  1.71e-10     1s

Barrier solved model in 9 iterations and 0.57 seconds
Optimal objective -5.32127647e+03


Root relaxation: objective -5.321276e+03, 49749 iterations, 0.64 seconds

    Nodes    |    Current Node    |     Objective Bounds      |     Work
 Expl Unexpl |  Obj  Depth IntInf | Incumbent    BestBd   Gap | It/Node Time

     0     0 -5321.2765    0  364    0.00000 -5321.2765      -     -    1s
H    0     0                    -5250.000000 -5321.2765  1.36%     -    1s

Explored 0 nodes (63594 simplex iterations) in 1.61 seconds
Thread count was 20 (of 20 available processors)

Solution count 2: -5250 0 
Pool objective bound -5321.05

Optimal solution found (tolerance 5.00e-02)
Best objective -5.250000000000e+03, best bound -5.321050000000e+03, gap 1.3533%
Changed value of parameter MIPGap to 0.05
   Prev: 0.0001  Min: 0.0  Max: 1e+100  Default: 0.0001
Changed value of parameter TimeLimit to 1800.0
   Prev: 1e+100  Min: 0.0  Max: 1e+100  Default: 1e+100
Changed value of parameter Method to 2
   Prev: -1  Min: -1  Max: 4  Default: -1
Changed value of parameter MIPFocus to 1
   Prev: 0  Min: 0  Max: 3  Default: 0
Optimize a model with 11112 rows, 58366 columns and 116732 nonzeros
Variable types: 0 continuous, 58366 integer (58366 binary)
Coefficient statistics:
  Matrix range     [1e+00, 2e+01]
  Objective range  [1e+00, 2e+00]
  Bounds range     [1e+00, 1e+00]
  RHS range        [8e+01, 8e+01]
Found heuristic solution: objective 0
Presolve time: 0.20s
Presolved: 11112 rows, 58366 columns, 116732 nonzeros
Variable types: 0 continuous, 58366 integer (58366 binary)
Presolved: 11112 rows, 58366 columns, 116732 nonzeros

Root barrier log...

Ordering time: 0.01s

Barrier statistics:
 AA' NZ     : 5.837e+04
 Factor NZ  : 2.405e+05 (roughly 30 MBytes of memory)
 Factor Ops : 3.799e+07 (less than 1 second per iteration)
 Threads    : 1

                  Objective                Residual
Iter       Primal          Dual         Primal    Dual     Compl     Time
   0  -2.74736791e+04 -5.82585982e+04  7.78e+01 0.00e+00  3.48e+00     0s
   1  -1.12269618e+04 -4.22776098e+04  1.81e+01 8.88e-16  8.49e-01     0s
   2  -6.44451661e+03 -1.91385990e+04  2.61e+00 1.33e-15  1.58e-01     0s
   3  -5.61604861e+03 -8.16162627e+03  1.69e-01 2.00e-15  2.30e-02     0s
   4  -5.63102254e+03 -6.23985175e+03  4.47e-02 1.55e-15  5.43e-03     0s
   5  -5.64501522e+03 -5.79170290e+03  1.22e-02 2.22e-15  1.31e-03     0s
   6  -5.64996012e+03 -5.67152559e+03  2.80e-03 1.11e-15  1.96e-04     0s
   7  -5.65134519e+03 -5.65211806e+03  1.87e-04 1.11e-15  7.42e-06     1s
   8  -5.65147440e+03 -5.65147893e+03  9.13e-09 1.11e-15  3.87e-08     1s
   9  -5.65147451e+03 -5.65147451e+03  5.70e-13 1.03e-15  3.87e-11     1s

Barrier solved model in 9 iterations and 0.55 seconds
Optimal objective -5.65147451e+03


Root relaxation: objective -5.651475e+03, 49717 iterations, 0.64 seconds

    Nodes    |    Current Node    |     Objective Bounds      |     Work
 Expl Unexpl |  Obj  Depth IntInf | Incumbent    BestBd   Gap | It/Node Time

     0     0 -5651.4745    0  442    0.00000 -5651.4745      -     -    1s
H    0     0                    -5567.600000 -5651.4745  1.51%     -    1s

Explored 0 nodes (60812 simplex iterations) in 1.56 seconds
Thread count was 20 (of 20 available processors)

Solution count 2: -5567.6 0 
Pool objective bound -5651.4

Optimal solution found (tolerance 5.00e-02)
Best objective -5.567600000000e+03, best bound -5.651400000000e+03, gap 1.5051%
Changed value of parameter MIPGap to 0.05
   Prev: 0.0001  Min: 0.0  Max: 1e+100  Default: 0.0001
Changed value of parameter TimeLimit to 1800.0
   Prev: 1e+100  Min: 0.0  Max: 1e+100  Default: 1e+100
Changed value of parameter Method to 2
   Prev: -1  Min: -1  Max: 4  Default: -1
Changed value of parameter MIPFocus to 1
   Prev: 0  Min: 0  Max: 3  Default: 0
Optimize a model with 11112 rows, 58366 columns and 116732 nonzeros
Variable types: 0 continuous, 58366 integer (58366 binary)
Coefficient statistics:
  Matrix range     [1e+00, 2e+01]
  Objective range  [1e+00, 3e+00]
  Bounds range     [1e+00, 1e+00]
  RHS range        [8e+01, 8e+01]
Found heuristic solution: objective 0
Presolve time: 0.22s
Presolved: 11112 rows, 58366 columns, 116732 nonzeros
Variable types: 0 continuous, 58366 integer (58366 binary)
Presolved: 11112 rows, 58366 columns, 116732 nonzeros

Root barrier log...

Ordering time: 0.01s

Barrier statistics:
 AA' NZ     : 5.837e+04
 Factor NZ  : 2.405e+05 (roughly 30 MBytes of memory)
 Factor Ops : 3.799e+07 (less than 1 second per iteration)
 Threads    : 1

                  Objective                Residual
Iter       Primal          Dual         Primal    Dual     Compl     Time
   0  -3.14436583e+04 -8.95980412e+04  7.78e+01 0.00e+00  5.52e+00     0s
   1  -1.26505742e+04 -6.40106468e+04  1.83e+01 1.78e-15  1.35e+00     0s
   2  -7.07688103e+03 -2.76004165e+04  2.37e+00 1.55e-15  2.43e-01     0s
   3  -6.24340696e+03 -9.80738648e+03  1.65e-01 1.55e-15  3.20e-02     0s
   4  -6.27446552e+03 -6.80068155e+03  2.87e-02 1.20e-14  4.65e-03     0s
   5  -6.29919110e+03 -6.61701468e+03  9.31e-03 9.33e-15  2.76e-03     0s
   6  -6.30896556e+03 -6.35397775e+03  1.85e-03 8.88e-16  3.93e-04     1s
   7  -6.31174420e+03 -6.31366402e+03  7.13e-05 9.06e-16  1.67e-05     1s
   8  -6.31186957e+03 -6.31192381e+03  3.78e-11 1.33e-15  4.63e-07     1s
   9  -6.31187059e+03 -6.31187064e+03  8.56e-14 1.33e-15  4.70e-10     1s

Barrier solved model in 9 iterations and 0.58 seconds
Optimal objective -6.31187059e+03


Root relaxation: objective -6.311871e+03, 49674 iterations, 0.64 seconds

    Nodes    |    Current Node    |     Objective Bounds      |     Work
 Expl Unexpl |  Obj  Depth IntInf | Incumbent    BestBd   Gap | It/Node Time

     0     0 -6311.8706    0  364    0.00000 -6311.8706      -     -    1s
H    0     0                    -6229.600000 -6311.8706  1.32%     -    1s

Explored 0 nodes (66164 simplex iterations) in 1.66 seconds
Thread count was 20 (of 20 available processors)

Solution count 2: -6229.6 0 
Pool objective bound -6311.8

Optimal solution found (tolerance 5.00e-02)
Best objective -6.229600000000e+03, best bound -6.311800000000e+03, gap 1.3195%
Changed value of parameter MIPGap to 0.05
   Prev: 0.0001  Min: 0.0  Max: 1e+100  Default: 0.0001
Changed value of parameter TimeLimit to 1800.0
   Prev: 1e+100  Min: 0.0  Max: 1e+100  Default: 1e+100
Changed value of parameter Method to 2
   Prev: -1  Min: -1  Max: 4  Default: -1
Changed value of parameter MIPFocus to 1
   Prev: 0  Min: 0  Max: 3  Default: 0
Optimize a model with 11112 rows, 58366 columns and 116732 nonzeros
Variable types: 0 continuous, 58366 integer (58366 binary)
Coefficient statistics:
  Matrix range     [1e+00, 2e+01]
  Objective range  [1e+00, 4e+00]
  Bounds range     [1e+00, 1e+00]
  RHS range        [8e+01, 8e+01]
Found heuristic solution: objective 0
Presolve time: 0.19s
Presolved: 11112 rows, 58366 columns, 116732 nonzeros
Variable types: 0 continuous, 58366 integer (58366 binary)
Presolved: 11112 rows, 58366 columns, 116732 nonzeros

Root barrier log...

Ordering time: 0.01s

Barrier statistics:
 AA' NZ     : 5.837e+04
 Factor NZ  : 2.405e+05 (roughly 30 MBytes of memory)
 Factor Ops : 3.799e+07 (less than 1 second per iteration)
 Threads    : 1

                  Objective                Residual
Iter       Primal          Dual         Primal    Dual     Compl     Time
   0  -3.93817157e+04 -1.52276927e+05  7.78e+01 2.22e-16  9.61e+00     0s
   1  -1.54536859e+04 -1.07677777e+05  1.81e+01 2.66e-15  2.33e+00     0s
   2  -8.40139284e+03 -4.46467421e+04  1.98e+00 2.44e-15  4.05e-01     0s
   3  -7.51882803e+03 -1.15944409e+04  7.86e-02 2.22e-15  3.57e-02     0s
   4  -7.59176538e+03 -8.09644818e+03  1.37e-02 1.78e-15  4.40e-03     0s
   5  -7.61571814e+03 -7.85058376e+03  8.20e-03 1.78e-15  2.06e-03     0s
   6  -7.62671809e+03 -7.76275542e+03  5.80e-03 1.78e-15  1.20e-03     0s
   7  -7.63555662e+03 -7.71739176e+03  3.87e-03 1.13e-15  7.23e-04     0s
   8  -7.64069940e+03 -7.69028999e+03  2.64e-03 2.66e-15  4.40e-04     1s
   9  -7.64438424e+03 -7.65508696e+03  1.65e-03 2.66e-15  1.02e-04     1s
  10  -7.65059135e+03 -7.65078639e+03  7.53e-06 1.78e-15  1.71e-06     1s
  11  -7.65062891e+03 -7.65062959e+03  4.55e-11 1.78e-15  5.77e-09     1s
  12  -7.65062941e+03 -7.65062941e+03  1.64e-10 1.78e-15  3.00e-13     1s

Barrier solved model in 12 iterations and 0.61 seconds
Optimal objective -7.65062941e+03


Root relaxation: objective -7.650629e+03, 51480 iterations, 0.76 seconds

    Nodes    |    Current Node    |     Objective Bounds      |     Work
 Expl Unexpl |  Obj  Depth IntInf | Incumbent    BestBd   Gap | It/Node Time

     0     0 -7650.6294    0  498    0.00000 -7650.6294      -     -    1s
H    0     0                    -7533.400000 -7650.6294  1.56%     -    1s

Explored 0 nodes (62223 simplex iterations) in 2.01 seconds
Thread count was 20 (of 20 available processors)

Solution count 2: -7533.4 0 
Pool objective bound -7649.6

Optimal solution found (tolerance 5.00e-02)
Best objective -7.533400000000e+03, best bound -7.649600000000e+03, gap 1.5425%
Changed value of parameter MIPGap to 0.05
   Prev: 0.0001  Min: 0.0  Max: 1e+100  Default: 0.0001
Changed value of parameter TimeLimit to 1800.0
   Prev: 1e+100  Min: 0.0  Max: 1e+100  Default: 1e+100
Changed value of parameter Method to 2
   Prev: -1  Min: -1  Max: 4  Default: -1
Changed value of parameter MIPFocus to 1
   Prev: 0  Min: 0  Max: 3  Default: 0
Optimize a model with 11112 rows, 58366 columns and 116732 nonzeros
Variable types: 0 continuous, 58366 integer (58366 binary)
Coefficient statistics:
  Matrix range     [1e+00, 2e+01]
  Objective range  [2e+00, 5e+00]
  Bounds range     [1e+00, 1e+00]
  RHS range        [8e+01, 8e+01]
Found heuristic solution: objective 0
Presolve time: 0.20s
Presolved: 11112 rows, 58366 columns, 116732 nonzeros
Variable types: 0 continuous, 58366 integer (58366 binary)
Presolved: 11112 rows, 58366 columns, 116732 nonzeros

Root barrier log...

Ordering time: 0.01s

Barrier statistics:
 AA' NZ     : 5.837e+04
 Factor NZ  : 2.405e+05 (roughly 30 MBytes of memory)
 Factor Ops : 3.799e+07 (less than 1 second per iteration)
 Threads    : 1

                  Objective                Residual
Iter       Primal          Dual         Primal    Dual     Compl     Time
   0  -4.33504597e+04 -1.83616370e+05  7.78e+01 2.22e-16  1.16e+01     0s
   1  -1.69535190e+04 -1.29546860e+05  1.82e+01 2.66e-15  2.83e+00     0s
   2  -9.10325664e+03 -5.32975509e+04  1.88e+00 2.66e-15  4.87e-01     0s
   3  -8.14354697e+03 -1.28060388e+04  3.57e-02 3.55e-15  4.03e-02     0s
   4  -8.26439621e+03 -9.06424688e+03  6.54e-03 1.78e-15  6.88e-03     0s
   5  -8.29228584e+03 -8.72810907e+03  4.64e-03 1.78e-15  3.75e-03     0s
   6  -8.30986852e+03 -8.59703922e+03  3.37e-03 1.78e-15  2.47e-03     0s
   7  -8.32468001e+03 -8.48208560e+03  2.20e-03 1.78e-15  1.36e-03     1s
   8  -8.33199900e+03 -8.43344921e+03  1.54e-03 1.78e-15  8.77e-04     1s
   9  -8.34954675e+03 -8.36013922e+03  7.96e-05 1.78e-15  9.10e-05     1s
  10  -8.35080282e+03 -8.35087139e+03  7.41e-13 1.78e-15  5.85e-07     1s
  11  -8.35080880e+03 -8.35080889e+03  2.15e-11 1.78e-15  7.02e-10     1s

Barrier solved model in 11 iterations and 0.62 seconds
Optimal objective -8.35080880e+03


Root relaxation: objective -8.350809e+03, 50373 iterations, 0.76 seconds

    Nodes    |    Current Node    |     Objective Bounds      |     Work
 Expl Unexpl |  Obj  Depth IntInf | Incumbent    BestBd   Gap | It/Node Time

     0     0 -8350.8088    0  523    0.00000 -8350.8088      -     -    1s
H    0     0                    -8212.500000 -8350.8088  1.68%     -    1s

Explored 0 nodes (59570 simplex iterations) in 1.91 seconds
Thread count was 20 (of 20 available processors)

Solution count 2: -8212.5 0 
Pool objective bound -8350.5

Optimal solution found (tolerance 5.00e-02)
Best objective -8.212500000000e+03, best bound -8.350500000000e+03, gap 1.6804%
Changed value of parameter MIPGap to 0.05
   Prev: 0.0001  Min: 0.0  Max: 1e+100  Default: 0.0001
Changed value of parameter TimeLimit to 1800.0
   Prev: 1e+100  Min: 0.0  Max: 1e+100  Default: 1e+100
Changed value of parameter Method to 2
   Prev: -1  Min: -1  Max: 4  Default: -1
Changed value of parameter MIPFocus to 1
   Prev: 0  Min: 0  Max: 3  Default: 0
Optimize a model with 11112 rows, 58366 columns and 116732 nonzeros
Variable types: 0 continuous, 58366 integer (58366 binary)
Coefficient statistics:
  Matrix range     [1e+00, 2e+01]
  Objective range  [2e+00, 9e+00]
  Bounds range     [1e+00, 1e+00]
  RHS range        [8e+01, 8e+01]
Found heuristic solution: objective 0
Presolve time: 0.21s
Presolved: 11112 rows, 58366 columns, 116732 nonzeros
Variable types: 0 continuous, 58366 integer (58366 binary)
Presolved: 11112 rows, 58366 columns, 116732 nonzeros

Root barrier log...

Ordering time: 0.01s

Barrier statistics:
 AA' NZ     : 5.837e+04
 Factor NZ  : 2.405e+05 (roughly 30 MBytes of memory)
 Factor Ops : 3.799e+07 (less than 1 second per iteration)
 Threads    : 1

                  Objective                Residual
Iter       Primal          Dual         Primal    Dual     Compl     Time
   0  -6.31934596e+04 -3.40313586e+05  7.78e+01 8.88e-16  2.19e+01     0s
   1  -2.44923505e+04 -2.38902139e+05  1.84e+01 7.11e-15  5.36e+00     0s
   2  -1.27912163e+04 -9.73922012e+04  1.71e+00 5.33e-15  9.07e-01     0s
   3  -1.15253991e+04 -2.87624701e+04  1.59e-02 5.33e-15  1.48e-01     0s
   4  -1.16736062e+04 -1.44030013e+04  4.47e-03 3.55e-15  2.33e-02     0s
   5  -1.17434781e+04 -1.26313088e+04  2.47e-03 3.55e-15  7.60e-03     0s
   6  -1.18082844e+04 -1.20739462e+04  9.47e-04 3.55e-15  2.28e-03     1s
   7  -1.18201557e+04 -1.19696771e+04  6.95e-04 1.78e-15  1.28e-03     1s
   8  -1.18284393e+04 -1.18888381e+04  5.15e-04 3.55e-15  5.21e-04     1s
   9  -1.18500512e+04 -1.18544781e+04  3.77e-05 3.55e-15  3.82e-05     1s
  10  -1.18514707e+04 -1.18517876e+04  5.52e-06 3.55e-15  2.76e-06     1s
  11  -1.18517057e+04 -1.18517064e+04  3.64e-11 3.55e-15  5.48e-09     1s
  12  -1.18517059e+04 -1.18517059e+04  1.58e-12 3.55e-15  5.55e-15     1s

Barrier solved model in 12 iterations and 0.65 seconds
Optimal objective -1.18517059e+04


Root relaxation: objective -1.185171e+04, 49304 iterations, 0.81 seconds

    Nodes    |    Current Node    |     Objective Bounds      |     Work
 Expl Unexpl |  Obj  Depth IntInf | Incumbent    BestBd   Gap | It/Node Time

     0     0 -11851.706    0  526    0.00000 -11851.706      -     -    1s
H    0     0                    -11605.00000 -11851.706  2.13%     -    1s

Explored 0 nodes (58751 simplex iterations) in 2.02 seconds
Thread count was 20 (of 20 available processors)

Solution count 2: -11605 0 
Pool objective bound -11851

Optimal solution found (tolerance 5.00e-02)
Best objective -1.160500000000e+04, best bound -1.185100000000e+04, gap 2.1198%
Changed value of parameter MIPGap to 0.05
   Prev: 0.0001  Min: 0.0  Max: 1e+100  Default: 0.0001
Changed value of parameter TimeLimit to 1800.0
   Prev: 1e+100  Min: 0.0  Max: 1e+100  Default: 1e+100
Changed value of parameter Method to 2
   Prev: -1  Min: -1  Max: 4  Default: -1
Changed value of parameter MIPFocus to 1
   Prev: 0  Min: 0  Max: 3  Default: 0
Optimize a model with 11112 rows, 58366 columns and 116732 nonzeros
Variable types: 0 continuous, 58366 integer (58366 binary)
Coefficient statistics:
  Matrix range     [1e+00, 2e+01]
  Objective range  [3e+00, 2e+01]
  Bounds range     [1e+00, 1e+00]
  RHS range        [8e+01, 8e+01]
Found heuristic solution: objective 0
Presolve time: 0.21s
Presolved: 11112 rows, 58366 columns, 116732 nonzeros
Variable types: 0 continuous, 58366 integer (58366 binary)
Presolved: 11112 rows, 58366 columns, 116732 nonzeros

Root barrier log...

Ordering time: 0.01s

Barrier statistics:
 AA' NZ     : 5.837e+04
 Factor NZ  : 2.405e+05 (roughly 30 MBytes of memory)
 Factor Ops : 3.799e+07 (less than 1 second per iteration)
 Threads    : 1

                  Objective                Residual
Iter       Primal          Dual         Primal    Dual     Compl     Time
   0  -1.02878640e+05 -6.53708016e+05  7.78e+01 1.78e-15  4.23e+01     0s
   1  -3.96372535e+04 -4.57626629e+05  1.85e+01 9.77e-15  1.04e+01     0s
   2  -2.03286304e+04 -1.86753337e+05  1.70e+00 1.07e-14  1.78e+00     0s
   3  -1.85720245e+04 -8.02584717e+04  1.86e-01 1.07e-14  5.43e-01     0s
   4  -1.86316295e+04 -2.56447094e+04  5.79e-03 7.11e-15  6.00e-02     0s
   5  -1.87776760e+04 -2.05245449e+04  1.68e-03 7.11e-15  1.49e-02     0s
   6  -1.88530570e+04 -1.88713746e+04  5.17e-07 7.11e-15  1.56e-04     0s
   7  -1.88535000e+04 -1.88535020e+04  2.88e-12 7.11e-15  1.72e-08     1s
   8  -1.88535000e+04 -1.88535000e+04  7.89e-14 7.11e-15  2.51e-14     1s

Barrier solved model in 8 iterations and 0.55 seconds
Optimal objective -1.88535000e+04


Root relaxation: objective -1.885350e+04, 51218 iterations, 0.87 seconds

    Nodes    |    Current Node    |     Objective Bounds      |     Work
 Expl Unexpl |  Obj  Depth IntInf | Incumbent    BestBd   Gap | It/Node Time

     0     0 -18853.500    0  533    0.00000 -18853.500      -     -    2s
H    0     0                    -18409.00000 -18853.500  2.41%     -    2s

Explored 0 nodes (60133 simplex iterations) in 2.16 seconds
Thread count was 20 (of 20 available processors)

Solution count 2: -18409 0 
Pool objective bound -18853

Optimal solution found (tolerance 5.00e-02)
Best objective -1.840900000000e+04, best bound -1.885300000000e+04, gap 2.4119%
Changed value of parameter MIPGap to 0.05
   Prev: 0.0001  Min: 0.0  Max: 1e+100  Default: 0.0001
Changed value of parameter TimeLimit to 1800.0
   Prev: 1e+100  Min: 0.0  Max: 1e+100  Default: 1e+100
Changed value of parameter Method to 2
   Prev: -1  Min: -1  Max: 4  Default: -1
Changed value of parameter MIPFocus to 1
   Prev: 0  Min: 0  Max: 3  Default: 0
Optimize a model with 11112 rows, 58366 columns and 116732 nonzeros
Variable types: 0 continuous, 58366 integer (58366 binary)
Coefficient statistics:
  Matrix range     [1e+00, 2e+01]
  Objective range  [5e+00, 3e+01]
  Bounds range     [1e+00, 1e+00]
  RHS range        [8e+01, 8e+01]
Found heuristic solution: objective 0
Presolve time: 0.19s
Presolved: 11112 rows, 58366 columns, 116732 nonzeros
Variable types: 0 continuous, 58366 integer (58366 binary)
Presolved: 11112 rows, 58366 columns, 116732 nonzeros

Root barrier log...

Ordering time: 0.01s

Barrier statistics:
 AA' NZ     : 5.837e+04
 Factor NZ  : 2.405e+05 (roughly 30 MBytes of memory)
 Factor Ops : 3.799e+07 (less than 1 second per iteration)
 Threads    : 1

                  Objective                Residual
Iter       Primal          Dual         Primal    Dual     Compl     Time
   0  -1.82248542e+05 -1.28049688e+06  7.78e+01 3.55e-15  8.31e+01     0s
   1  -6.99300334e+04 -8.95100177e+05  1.86e+01 2.31e-14  2.05e+01     0s
   2  -3.54346150e+04 -3.65483788e+05  1.67e+00 2.84e-14  3.50e+00     0s
   3  -3.24956632e+04 -1.71085540e+05  1.84e-01 2.13e-14  1.22e+00     0s
   4  -3.26776781e+04 -4.84277716e+04  9.27e-03 2.13e-14  1.35e-01     0s
   5  -3.30451734e+04 -4.00164771e+04  3.35e-03 1.42e-14  5.96e-02     0s
   6  -3.31871421e+04 -3.75451752e+04  2.69e-03 1.42e-14  3.73e-02     0s
   7  -3.32748467e+04 -3.68943542e+04  2.29e-03 1.42e-14  3.10e-02     0s
   8  -3.33616029e+04 -3.61476469e+04  1.91e-03 7.11e-15  2.38e-02     1s
   9  -3.34347877e+04 -3.56314523e+04  1.59e-03 7.11e-15  1.88e-02     1s
  10  -3.34901681e+04 -3.52360090e+04  1.37e-03 7.11e-15  1.49e-02     1s
  11  -3.35659462e+04 -3.49813940e+04  1.08e-03 7.11e-15  1.21e-02     1s
  12  -3.35978508e+04 -3.46938052e+04  9.59e-04 1.42e-14  9.38e-03     1s
  13  -3.36335876e+04 -3.44646341e+04  8.43e-04 7.11e-15  7.11e-03     1s
  14  -3.36511642e+04 -3.43265291e+04  7.83e-04 7.11e-15  5.78e-03     1s
  15  -3.37076126e+04 -3.42758621e+04  6.12e-04 1.42e-14  4.87e-03     1s
  16  -3.37422856e+04 -3.41370457e+04  5.13e-04 7.32e-15  3.38e-03     1s
  17  -3.37467993e+04 -3.40658386e+04  4.96e-04 7.11e-15  2.74e-03     1s
  18  -3.37640409e+04 -3.40334827e+04  4.37e-04 7.62e-15  2.31e-03     1s
  19  -3.37809526e+04 -3.39896345e+04  3.77e-04 7.11e-15  1.79e-03     1s
  20  -3.37926859e+04 -3.39595730e+04  3.36e-04 7.11e-15  1.43e-03     1s
  21  -3.38205646e+04 -3.39370616e+04  2.47e-04 7.11e-15  1.00e-03     1s
  22  -3.38325321e+04 -3.39186573e+04  2.09e-04 7.11e-15  7.41e-04     1s
  23  -3.38448294e+04 -3.39065760e+04  1.70e-04 1.42e-14  5.32e-04     1s
  24  -3.38481210e+04 -3.39015623e+04  1.57e-04 7.11e-15  4.60e-04     1s
  25  -3.38588684e+04 -3.38974298e+04  1.16e-04 7.11e-15  3.32e-04     1s
  26  -3.38643555e+04 -3.38925660e+04  9.40e-05 7.11e-15  2.43e-04     1s
  27  -3.38712254e+04 -3.38917268e+04  6.59e-05 7.11e-15  1.77e-04     1s
  28  -3.38765937e+04 -3.38897440e+04  4.41e-05 7.11e-15  1.13e-04     1s
  29  -3.38799859e+04 -3.38877999e+04  3.04e-05 7.11e-15  6.75e-05     1s
  30  -3.38824026e+04 -3.38874225e+04  1.88e-05 1.42e-14  4.34e-05     1s
  31  -3.38831114e+04 -3.38869079e+04  1.53e-05 7.11e-15  3.28e-05     1s
  32  -3.38856127e+04 -3.38863321e+04  3.03e-06 7.11e-15  6.22e-06     1s
  33  -3.38862249e+04 -3.38862257e+04  7.45e-13 1.42e-14  6.81e-09     1s
  34  -3.38862255e+04 -3.38862255e+04  4.38e-11 1.42e-14  6.93e-15     1s

Barrier solved model in 34 iterations and 1.17 seconds
Optimal objective -3.38862255e+04


Root relaxation: objective -3.388623e+04, 44972 iterations, 1.26 seconds

    Nodes    |    Current Node    |     Objective Bounds      |     Work
 Expl Unexpl |  Obj  Depth IntInf | Incumbent    BestBd   Gap | It/Node Time

     0     0 -33886.225    0  433    0.00000 -33886.225      -     -    2s
H    0     0                    -33119.00000 -33886.225  2.32%     -    2s

Explored 0 nodes (59166 simplex iterations) in 2.46 seconds
Thread count was 20 (of 20 available processors)

Solution count 2: -33119 0 
Pool objective bound -33886

Optimal solution found (tolerance 5.00e-02)
Best objective -3.311900000000e+04, best bound -3.388600000000e+04, gap 2.3159%
Changed value of parameter MIPGap to 0.05
   Prev: 0.0001  Min: 0.0  Max: 1e+100  Default: 0.0001
Changed value of parameter TimeLimit to 1800.0
   Prev: 1e+100  Min: 0.0  Max: 1e+100  Default: 1e+100
Changed value of parameter Method to 2
   Prev: -1  Min: -1  Max: 4  Default: -1
Changed value of parameter MIPFocus to 1
   Prev: 0  Min: 0  Max: 3  Default: 0
Optimize a model with 11112 rows, 58366 columns and 116732 nonzeros
Variable types: 0 continuous, 58366 integer (58366 binary)
Coefficient statistics:
  Matrix range     [1e+00, 2e+01]
  Objective range  [6e+00, 4e+01]
  Bounds range     [1e+00, 1e+00]
  RHS range        [8e+01, 8e+01]
Found heuristic solution: objective 0
Presolve time: 0.20s
Presolved: 11112 rows, 58366 columns, 116732 nonzeros
Variable types: 0 continuous, 58366 integer (58366 binary)
Presolved: 11112 rows, 58366 columns, 116732 nonzeros

Root barrier log...

Ordering time: 0.01s

Barrier statistics:
 AA' NZ     : 5.837e+04
 Factor NZ  : 2.405e+05 (roughly 30 MBytes of memory)
 Factor Ops : 3.799e+07 (less than 1 second per iteration)
 Threads    : 1

                  Objective                Residual
Iter       Primal          Dual         Primal    Dual     Compl     Time
   0  -2.21933445e+05 -1.59389131e+06  7.78e+01 3.55e-15  1.04e+02     0s
   1  -8.50795958e+04 -1.11384023e+06  1.86e+01 2.49e-14  2.56e+01     0s
   2  -4.29893778e+04 -4.54853187e+05  1.67e+00 2.13e-14  4.37e+00     0s
   3  -3.94645561e+04 -2.16207688e+05  1.82e-01 2.13e-14  1.55e+00     0s
   4  -3.97108891e+04 -6.01510408e+04  7.67e-03 1.42e-14  1.75e-01     0s
   5  -4.01410605e+04 -4.99997971e+04  3.97e-03 1.42e-14  8.43e-02     0s
   6  -4.03609403e+04 -4.64193749e+04  3.18e-03 1.42e-14  5.18e-02     1s
   7  -4.04872416e+04 -4.53462807e+04  2.72e-03 1.42e-14  4.16e-02     1s
   8  -4.06160110e+04 -4.44376294e+04  2.27e-03 7.11e-15  3.27e-02     1s
   9  -4.07286308e+04 -4.37506051e+04  1.88e-03 1.42e-14  2.59e-02     1s
  10  -4.07975770e+04 -4.32750301e+04  1.66e-03 1.42e-14  2.12e-02     1s
  11  -4.09139123e+04 -4.26505475e+04  1.31e-03 8.38e-15  1.49e-02     1s
  12  -4.09902409e+04 -4.23121743e+04  1.11e-03 7.11e-15  1.13e-02     1s
  13  -4.10321075e+04 -4.21530662e+04  9.88e-04 1.42e-14  9.60e-03     1s
  14  -4.10815187e+04 -4.19844091e+04  8.57e-04 1.42e-14  7.73e-03     1s
  15  -4.11325331e+04 -4.17951870e+04  7.40e-04 7.90e-15  5.68e-03     1s
  16  -4.11893182e+04 -4.16646303e+04  5.99e-04 7.27e-15  4.08e-03     1s
  17  -4.12142842e+04 -4.15828709e+04  5.30e-04 1.42e-14  3.16e-03     1s
  18  -4.12510093e+04 -4.15386259e+04  4.28e-04 1.42e-14  2.47e-03     1s
  19  -4.12796928e+04 -4.14921917e+04  3.49e-04 1.42e-14  1.83e-03     1s
  20  -4.13024640e+04 -4.14765623e+04  2.88e-04 1.42e-14  1.50e-03     1s
  21  -4.13288845e+04 -4.14559705e+04  2.20e-04 1.42e-14  1.09e-03     1s
  22  -4.13444722e+04 -4.14325422e+04  1.86e-04 1.42e-14  7.58e-04     1s
  23  -4.13589959e+04 -4.14179801e+04  1.42e-04 1.42e-14  5.08e-04     1s
  24  -4.13657616e+04 -4.14138171e+04  1.21e-04 1.42e-14  4.14e-04     1s
  25  -4.13780665e+04 -4.14120416e+04  8.21e-05 1.42e-14  2.93e-04     1s
  26  -4.13876134e+04 -4.14106181e+04  5.13e-05 1.42e-14  1.98e-04     1s
  27  -4.13920317e+04 -4.14051529e+04  3.62e-05 1.42e-14  1.13e-04     1s
  28  -4.14018405e+04 -4.14035381e+04  2.00e-06 1.42e-14  1.46e-05     1s
  29  -4.14025869e+04 -4.14025914e+04  2.97e-12 1.42e-14  3.82e-08     1s
  30  -4.14025882e+04 -4.14025882e+04  1.65e-11 1.42e-14  4.09e-14     1s

Barrier solved model in 30 iterations and 1.13 seconds
Optimal objective -4.14025882e+04


Root relaxation: objective -4.140259e+04, 44873 iterations, 1.22 seconds

    Nodes    |    Current Node    |     Objective Bounds      |     Work
 Expl Unexpl |  Obj  Depth IntInf | Incumbent    BestBd   Gap | It/Node Time

     0     0 -41402.588    0  422    0.00000 -41402.588      -     -    2s
H    0     0                    -40382.00000 -41402.588  2.53%     -    2s

Explored 0 nodes (60307 simplex iterations) in 2.51 seconds
Thread count was 20 (of 20 available processors)

Solution count 2: -40382 0 
Pool objective bound -41402

Optimal solution found (tolerance 5.00e-02)
Best objective -4.038200000000e+04, best bound -4.140200000000e+04, gap 2.5259%
Changed value of parameter MIPGap to 0.05
   Prev: 0.0001  Min: 0.0  Max: 1e+100  Default: 0.0001
Changed value of parameter TimeLimit to 1800.0
   Prev: 1e+100  Min: 0.0  Max: 1e+100  Default: 1e+100
Changed value of parameter Method to 2
   Prev: -1  Min: -1  Max: 4  Default: -1
Changed value of parameter MIPFocus to 1
   Prev: 0  Min: 0  Max: 3  Default: 0
Optimize a model with 11112 rows, 58366 columns and 116732 nonzeros
Variable types: 0 continuous, 58366 integer (58366 binary)
Coefficient statistics:
  Matrix range     [1e+00, 2e+01]
  Objective range  [1e+01, 8e+01]
  Bounds range     [1e+00, 1e+00]
  RHS range        [8e+01, 8e+01]
Found heuristic solution: objective 0
Presolve time: 0.19s
Presolved: 11112 rows, 58366 columns, 116732 nonzeros
Variable types: 0 continuous, 58366 integer (58366 binary)
Presolved: 11112 rows, 58366 columns, 116732 nonzeros

Root barrier log...

Ordering time: 0.01s

Barrier statistics:
 AA' NZ     : 5.837e+04
 Factor NZ  : 2.405e+05 (roughly 30 MBytes of memory)
 Factor Ops : 3.799e+07 (less than 1 second per iteration)
 Threads    : 1

                  Objective                Residual
Iter       Primal          Dual         Primal    Dual     Compl     Time
   0  -4.20357857e+05 -3.16086346e+06  7.78e+01 7.11e-15  2.06e+02     0s
   1  -1.60825364e+05 -2.20754841e+06  1.87e+01 4.97e-14  5.08e+01     0s
   2  -8.07783612e+04 -9.01684725e+05  1.65e+00 4.26e-14  8.68e+00     0s
   3  -7.43284920e+04 -4.41245159e+05  1.77e-01 4.26e-14  3.22e+00     0s
   4  -7.49886358e+04 -1.23895197e+05  1.91e-02 2.84e-14  4.20e-01     0s
   5  -7.59384802e+04 -9.89512352e+04  1.03e-02 2.84e-14  1.97e-01     0s
   6  -7.65734522e+04 -9.20517109e+04  7.22e-03 1.42e-14  1.33e-01     0s
   7  -7.68741137e+04 -8.90515251e+04  6.14e-03 2.84e-14  1.04e-01     0s
   8  -7.72035151e+04 -8.63322919e+04  4.99e-03 1.42e-14  7.82e-02     1s
   9  -7.74476120e+04 -8.44901226e+04  4.19e-03 1.42e-14  6.04e-02     1s
  10  -7.77007414e+04 -8.31277859e+04  3.42e-03 2.84e-14  4.65e-02     1s
  11  -7.78839189e+04 -8.22207952e+04  2.89e-03 2.84e-14  3.72e-02     1s
  12  -7.80479213e+04 -8.14931878e+04  2.46e-03 1.63e-14  2.96e-02     1s
  13  -7.81677628e+04 -8.09035086e+04  2.14e-03 2.84e-14  2.35e-02     1s
  14  -7.82857032e+04 -8.02710467e+04  1.83e-03 2.84e-14  1.71e-02     1s
  15  -7.84228427e+04 -7.98788832e+04  1.49e-03 2.84e-14  1.25e-02     1s
  16  -7.85499613e+04 -7.96520260e+04  1.19e-03 1.42e-14  9.48e-03     1s
  17  -7.86454126e+04 -7.94492094e+04  9.48e-04 2.84e-14  6.92e-03     1s
  18  -7.87212670e+04 -7.93430512e+04  7.45e-04 2.84e-14  5.35e-03     1s
  19  -7.87328781e+04 -7.92821534e+04  7.13e-04 1.78e-14  4.73e-03     1s
  20  -7.87786670e+04 -7.92034357e+04  5.88e-04 2.84e-14  3.66e-03     1s
  21  -7.88240231e+04 -7.91326951e+04  4.72e-04 1.42e-14  2.66e-03     1s
  22  -7.88779290e+04 -7.90769196e+04  3.43e-04 2.84e-14  1.72e-03     1s
  23  -7.89009939e+04 -7.90287841e+04  2.73e-04 2.84e-14  1.11e-03     1s
  24  -7.89334498e+04 -7.90144142e+04  1.71e-04 1.42e-14  7.01e-04     1s
  25  -7.89619985e+04 -7.90042075e+04  7.97e-05 2.84e-14  3.65e-04     1s
  26  -7.89646645e+04 -7.89995405e+04  7.03e-05 2.84e-14  3.02e-04     1s
  27  -7.89804465e+04 -7.89859830e+04  1.59e-05 2.84e-14  4.82e-05     1s
  28  -7.89843972e+04 -7.89844122e+04  1.72e-12 2.84e-14  1.28e-07     1s
  29  -7.89844020e+04 -7.89844020e+04  9.99e-12 2.84e-14  1.28e-10     1s

Barrier solved model in 29 iterations and 1.05 seconds
Optimal objective -7.89844020e+04


Root relaxation: objective -7.898440e+04, 44534 iterations, 1.10 seconds

    Nodes    |    Current Node    |     Objective Bounds      |     Work
 Expl Unexpl |  Obj  Depth IntInf | Incumbent    BestBd   Gap | It/Node Time

     0     0 -78984.402    0  412    0.00000 -78984.402      -     -    2s
H    0     0                    -76877.00000 -78984.402  2.74%     -    2s

Explored 0 nodes (58757 simplex iterations) in 2.28 seconds
Thread count was 20 (of 20 available processors)

Solution count 2: -76877 0 
Pool objective bound -78984

Optimal solution found (tolerance 5.00e-02)
Best objective -7.687700000000e+04, best bound -7.898400000000e+04, gap 2.7407%
Changed value of parameter MIPGap to 0.05
   Prev: 0.0001  Min: 0.0  Max: 1e+100  Default: 0.0001
Changed value of parameter TimeLimit to 1800.0
   Prev: 1e+100  Min: 0.0  Max: 1e+100  Default: 1e+100
Changed value of parameter Method to 2
   Prev: -1  Min: -1  Max: 4  Default: -1
Changed value of parameter MIPFocus to 1
   Prev: 0  Min: 0  Max: 3  Default: 0
Optimize a model with 11112 rows, 58366 columns and 116732 nonzeros
Variable types: 0 continuous, 58366 integer (58366 binary)
Coefficient statistics:
  Matrix range     [1e+00, 2e+01]
  Objective range  [2e+01, 2e+02]
  Bounds range     [1e+00, 1e+00]
  RHS range        [8e+01, 8e+01]
Found heuristic solution: objective 0
Presolve time: 0.21s
Presolved: 11112 rows, 58366 columns, 116732 nonzeros
Variable types: 0 continuous, 58366 integer (58366 binary)
Presolved: 11112 rows, 58366 columns, 116732 nonzeros

Root barrier log...

Ordering time: 0.01s

Barrier statistics:
 AA' NZ     : 5.837e+04
 Factor NZ  : 2.405e+05 (roughly 30 MBytes of memory)
 Factor Ops : 3.799e+07 (less than 1 second per iteration)
 Threads    : 1

                  Objective                Residual
Iter       Primal          Dual         Primal    Dual     Compl     Time
   0  -8.17206581e+05 -6.29480777e+06  7.78e+01 1.42e-14  4.10e+02     0s
   1  -3.12317805e+05 -4.39497070e+06  1.87e+01 1.14e-13  1.01e+02     0s
   2  -1.56368881e+05 -1.79534674e+06  1.64e+00 8.53e-14  1.73e+01     0s
   3  -1.44078387e+05 -8.90867700e+05  1.74e-01 6.04e-14  6.55e+00     0s
   4  -1.45465047e+05 -2.43207837e+05  1.74e-02 5.68e-14  8.38e-01     0s
   5  -1.47713694e+05 -1.94961784e+05  1.00e-02 5.68e-14  4.05e-01     0s
   6  -1.48890572e+05 -1.79998080e+05  7.95e-03 5.68e-14  2.67e-01     1s
   7  -1.49380623e+05 -1.73733250e+05  7.07e-03 5.68e-14  2.09e-01     1s
   8  -1.50095229e+05 -1.69084922e+05  5.81e-03 5.68e-14  1.63e-01     1s
   9  -1.50768987e+05 -1.64504746e+05  4.69e-03 5.68e-14  1.18e-01     1s
  10  -1.51357315e+05 -1.61998750e+05  3.81e-03 5.68e-14  9.13e-02     1s
  11  -1.51769391e+05 -1.59848840e+05  3.24e-03 5.68e-14  6.94e-02     1s
  12  -1.51903828e+05 -1.58878162e+05  3.05e-03 5.68e-14  5.99e-02     1s
  13  -1.52227907e+05 -1.58155712e+05  2.59e-03 5.68e-14  5.09e-02     1s
  14  -1.52524201e+05 -1.57134892e+05  2.18e-03 5.68e-14  3.96e-02     1s
  15  -1.52777576e+05 -1.56205420e+05  1.87e-03 5.68e-14  2.95e-02     1s
  16  -1.53132761e+05 -1.55594962e+05  1.45e-03 5.68e-14  2.12e-02     1s
  17  -1.53382272e+05 -1.55213643e+05  1.11e-03 5.68e-14  1.58e-02     1s
  18  -1.53496511e+05 -1.54962972e+05  9.53e-04 5.68e-14  1.26e-02     1s
  19  -1.53542019e+05 -1.54825651e+05  8.89e-04 5.68e-14  1.11e-02     1s
  20  -1.53623719e+05 -1.54630192e+05  7.73e-04 5.68e-14  8.68e-03     1s
  21  -1.53760860e+05 -1.54455445e+05  5.91e-04 2.88e-14  6.00e-03     1s
  22  -1.53883270e+05 -1.54336816e+05  4.32e-04 5.68e-14  3.92e-03     1s
  23  -1.53970174e+05 -1.54255470e+05  3.03e-04 2.84e-14  2.47e-03     1s
  24  -1.54025854e+05 -1.54221991e+05  2.14e-04 5.68e-14  1.70e-03     1s
  25  -1.54086352e+05 -1.54202340e+05  1.09e-04 5.68e-14  1.00e-03     1s
  26  -1.54090716e+05 -1.54177547e+05  1.02e-04 2.84e-14  7.53e-04     1s
  27  -1.54141538e+05 -1.54152176e+05  9.66e-06 5.68e-14  9.19e-05     1s
  28  -1.54148022e+05 -1.54148040e+05  2.18e-12 5.68e-14  1.53e-07     1s
  29  -1.54148029e+05 -1.54148029e+05  1.01e-10 5.68e-14  1.53e-10     1s

Barrier solved model in 29 iterations and 1.11 seconds
Optimal objective -1.54148029e+05


Root relaxation: objective -1.541480e+05, 44502 iterations, 1.15 seconds

    Nodes    |    Current Node    |     Objective Bounds      |     Work
 Expl Unexpl |  Obj  Depth IntInf | Incumbent    BestBd   Gap | It/Node Time

     0     0 -154148.03    0  369    0.00000 -154148.03      -     -    2s
H    0     0                    -150990.0000 -154148.03  2.09%     -    2s

Explored 0 nodes (61386 simplex iterations) in 2.38 seconds
Thread count was 20 (of 20 available processors)

Solution count 2: -150990 0 
Pool objective bound -154147

Optimal solution found (tolerance 5.00e-02)
Best objective -1.509900000000e+05, best bound -1.541470000000e+05, gap 2.0909%
Changed value of parameter MIPGap to 0.05
   Prev: 0.0001  Min: 0.0  Max: 1e+100  Default: 0.0001
Changed value of parameter TimeLimit to 1800.0
   Prev: 1e+100  Min: 0.0  Max: 1e+100  Default: 1e+100
Changed value of parameter Method to 2
   Prev: -1  Min: -1  Max: 4  Default: -1
Changed value of parameter MIPFocus to 1
   Prev: 0  Min: 0  Max: 3  Default: 0
Optimize a model with 11112 rows, 58366 columns and 116732 nonzeros
Variable types: 0 continuous, 58366 integer (58366 binary)
Coefficient statistics:
  Matrix range     [1e+00, 2e+01]
  Objective range  [5e+01, 4e+02]
  Bounds range     [1e+00, 1e+00]
  RHS range        [8e+01, 8e+01]
Found heuristic solution: objective 0
Presolve time: 0.18s
Presolved: 11112 rows, 58366 columns, 116732 nonzeros
Variable types: 0 continuous, 58366 integer (58366 binary)
Presolved: 11112 rows, 58366 columns, 116732 nonzeros

Root barrier log...

Ordering time: 0.01s

Barrier statistics:
 AA' NZ     : 5.837e+04
 Factor NZ  : 2.405e+05 (roughly 30 MBytes of memory)
 Factor Ops : 3.799e+07 (less than 1 second per iteration)
 Threads    : 1

                  Objective                Residual
Iter       Primal          Dual         Primal    Dual     Compl     Time
   0  -2.00775267e+06 -1.56966407e+07  7.78e+01 5.68e-14  1.02e+03     0s
   1  -7.66795946e+05 -1.09572406e+07  1.87e+01 2.27e-13  2.53e+02     0s
   2  -3.83151097e+05 -4.47633719e+06  1.64e+00 2.27e-13  4.32e+01     0s
   3  -3.53347664e+05 -2.23941426e+06  1.72e-01 1.71e-13  1.65e+01     0s
   4  -3.57007980e+05 -6.03180497e+05  1.83e-02 1.69e-13  2.11e+00     0s
   5  -3.62610440e+05 -4.76660379e+05  9.03e-03 1.20e-13  9.77e-01     0s
   6  -3.66068062e+05 -4.47377294e+05  6.31e-03 1.14e-13  6.96e-01     0s
   7  -3.67753913e+05 -4.27482663e+05  5.28e-03 1.14e-13  5.12e-01     0s
   8  -3.69873232e+05 -4.13242178e+05  4.13e-03 6.79e-14  3.71e-01     1s
   9  -3.71356000e+05 -4.01440806e+05  3.41e-03 1.14e-13  2.58e-01     1s
  10  -3.72025447e+05 -3.95165892e+05  3.19e-03 1.14e-13  1.99e-01     1s
  11  -3.73107030e+05 -3.89717283e+05  2.69e-03 1.14e-13  1.43e-01     1s
  12  -3.74645043e+05 -3.86632677e+05  2.00e-03 1.14e-13  1.03e-01     1s
  13  -3.75320522e+05 -3.85605421e+05  1.73e-03 1.14e-13  8.83e-02     1s
  14  -3.75796650e+05 -3.84501622e+05  1.53e-03 1.14e-13  7.48e-02     1s
  15  -3.76273154e+05 -3.83192694e+05  1.35e-03 1.14e-13  5.95e-02     1s
  16  -3.76790436e+05 -3.82404589e+05  1.16e-03 1.14e-13  4.83e-02     1s
  17  -3.77299920e+05 -3.81614194e+05  9.72e-04 1.14e-13  3.71e-02     1s
  18  -3.77551720e+05 -3.81127535e+05  8.70e-04 1.14e-13  3.08e-02     1s
  19  -3.77740488e+05 -3.80792374e+05  7.95e-04 1.14e-13  2.63e-02     1s
  20  -3.78243197e+05 -3.80558519e+05  5.95e-04 1.14e-13  1.99e-02     1s
  21  -3.78518037e+05 -3.80276611e+05  4.83e-04 1.14e-13  1.52e-02     1s
  22  -3.78805592e+05 -3.80091192e+05  3.82e-04 1.14e-13  1.11e-02     1s
  23  -3.78938960e+05 -3.80010760e+05  3.31e-04 1.14e-13  9.25e-03     1s
  24  -3.79104209e+05 -3.79943872e+05  2.58e-04 1.14e-13  7.24e-03     1s
  25  -3.79202537e+05 -3.79914447e+05  2.13e-04 1.14e-13  6.14e-03     1s
  26  -3.79331742e+05 -3.79848418e+05  1.54e-04 1.14e-13  4.46e-03     1s
  27  -3.79443628e+05 -3.79785840e+05  9.80e-05 6.73e-14  2.95e-03     1s
  28  -3.79515841e+05 -3.79686676e+05  6.44e-05 1.14e-13  1.48e-03     1s
  29  -3.79623704e+05 -3.79646146e+05  7.20e-06 1.14e-13  1.94e-04     1s
  30  -3.79638891e+05 -3.79639094e+05  3.14e-09 1.14e-13  1.74e-06     1s
  31  -3.79638912e+05 -3.79638912e+05  6.27e-12 1.14e-13  1.97e-12     1s

Barrier solved model in 31 iterations and 1.08 seconds
Optimal objective -3.79638912e+05


Root relaxation: objective -3.796389e+05, 43169 iterations, 1.15 seconds

    Nodes    |    Current Node    |     Objective Bounds      |     Work
 Expl Unexpl |  Obj  Depth IntInf | Incumbent    BestBd   Gap | It/Node Time

     0     0 -379638.91    0  499    0.00000 -379638.91      -     -    2s
H    0     0                    -368080.0000 -379638.91  3.14%     -    2s

Explored 0 nodes (53159 simplex iterations) in 2.29 seconds
Thread count was 20 (of 20 available processors)

Solution count 2: -368080 0 
Pool objective bound -379638

Optimal solution found (tolerance 5.00e-02)
Best objective -3.680800000000e+05, best bound -3.796380000000e+05, gap 3.1401%
Changed value of parameter MIPGap to 0.05
   Prev: 0.0001  Min: 0.0  Max: 1e+100  Default: 0.0001
Changed value of parameter TimeLimit to 1800.0
   Prev: 1e+100  Min: 0.0  Max: 1e+100  Default: 1e+100
Changed value of parameter Method to 2
   Prev: -1  Min: -1  Max: 4  Default: -1
Changed value of parameter MIPFocus to 1
   Prev: 0  Min: 0  Max: 3  Default: 0
Optimize a model with 11112 rows, 58366 columns and 116732 nonzeros
Variable types: 0 continuous, 58366 integer (58366 binary)
Coefficient statistics:
  Matrix range     [1e+00, 2e+01]
  Objective range  [5e+02, 4e+03]
  Bounds range     [1e+00, 1e+00]
  RHS range        [8e+01, 8e+01]
Found heuristic solution: objective 0
Presolve time: 0.21s
Presolved: 11112 rows, 58366 columns, 116732 nonzeros
Variable types: 0 continuous, 58366 integer (58366 binary)
Presolved: 11112 rows, 58366 columns, 116732 nonzeros

Root barrier log...

Ordering time: 0.01s

Barrier statistics:
 AA' NZ     : 5.837e+04
 Factor NZ  : 2.405e+05 (roughly 30 MBytes of memory)
 Factor Ops : 3.799e+07 (less than 1 second per iteration)
 Threads    : 1

                  Objective                Residual
Iter       Primal          Dual         Primal    Dual     Compl     Time
   0  -1.98659437e+07 -1.56724134e+08  7.78e+01 4.55e-13  1.02e+04     0s
   1  -7.58397754e+06 -1.09391307e+08  1.87e+01 2.73e-12  2.53e+03     0s
   2  -3.78492630e+06 -4.46912110e+07  1.63e+00 2.27e-12  4.32e+02     0s
   3  -3.49246169e+06 -2.24664498e+07  1.71e-01 1.82e-12  1.66e+02     0s
   4  -3.53024890e+06 -5.99941743e+06  1.83e-02 1.82e-12  2.12e+01     0s
   5  -3.59135642e+06 -4.89902840e+06  8.71e-03 9.09e-13  1.12e+01     0s
   6  -3.62320771e+06 -4.46101366e+06  6.95e-03 9.09e-13  7.18e+00     0s
   7  -3.63681951e+06 -4.33520762e+06  6.22e-03 1.23e-12  5.98e+00     1s
   8  -3.65326839e+06 -4.24577264e+06  5.30e-03 1.19e-12  5.07e+00     1s
   9  -3.66540164e+06 -4.14925614e+06  4.65e-03 9.09e-13  4.14e+00     1s
  10  -3.67792330e+06 -4.07114708e+06  4.01e-03 9.09e-13  3.37e+00     1s
  11  -3.68947445e+06 -4.01510771e+06  3.43e-03 9.33e-13  2.79e+00     1s
  12  -3.69767074e+06 -3.97517836e+06  3.01e-03 9.09e-13  2.38e+00     1s
  13  -3.70054966e+06 -3.92420532e+06  2.86e-03 9.09e-13  1.92e+00     1s
  14  -3.71101523e+06 -3.89023826e+06  2.36e-03 9.09e-13  1.54e+00     1s
  15  -3.71883822e+06 -3.85327728e+06  1.99e-03 9.09e-13  1.15e+00     1s
  16  -3.73015482e+06 -3.82204283e+06  1.51e-03 9.09e-13  7.89e-01     1s
  17  -3.73613810e+06 -3.79608218e+06  1.24e-03 9.09e-13  5.15e-01     1s
  18  -3.73962842e+06 -3.78729351e+06  1.08e-03 9.09e-13  4.10e-01     1s
  19  -3.74418587e+06 -3.77893626e+06  8.70e-04 9.09e-13  2.99e-01     1s
  20  -3.74810217e+06 -3.77487463e+06  6.85e-04 9.09e-13  2.31e-01     1s
  21  -3.74971863e+06 -3.76955242e+06  6.22e-04 9.09e-13  1.71e-01     1s
  22  -3.75405458e+06 -3.76723739e+06  4.28e-04 9.09e-13  1.14e-01     1s
  23  -3.75540647e+06 -3.76488266e+06  3.59e-04 9.09e-13  8.20e-02     1s
  24  -3.75650650e+06 -3.76446411e+06  3.01e-04 9.09e-13  6.88e-02     1s
  25  -3.75824360e+06 -3.76381448e+06  2.13e-04 9.09e-13  4.82e-02     1s
  26  -3.75954452e+06 -3.76309484e+06  1.43e-04 9.09e-13  3.07e-02     1s
  27  -3.75996956e+06 -3.76255439e+06  1.19e-04 9.09e-13  2.24e-02     1s
  28  -3.76122214e+06 -3.76210885e+06  4.87e-05 9.09e-13  7.71e-03     1s
  29  -3.76200032e+06 -3.76200514e+06  2.69e-08 9.09e-13  4.12e-05     1s
  30  -3.76200215e+06 -3.76200215e+06  7.66e-11 1.36e-12  4.02e-10     1s

Barrier solved model in 30 iterations and 1.12 seconds
Optimal objective -3.76200215e+06


Root relaxation: objective -3.762002e+06, 43643 iterations, 1.22 seconds

    Nodes    |    Current Node    |     Objective Bounds      |     Work
 Expl Unexpl |  Obj  Depth IntInf | Incumbent    BestBd   Gap | It/Node Time

     0     0 -3762002.1    0  435    0.00000 -3762002.1      -     -    2s
H    0     0                    -3635403.000 -3762002.1  3.48%     -    2s

Explored 0 nodes (56467 simplex iterations) in 2.45 seconds
Thread count was 20 (of 20 available processors)

Solution count 2: -3.6354e+06 0 
Pool objective bound -3.762e+06

Optimal solution found (tolerance 5.00e-02)
Best objective -3.635403000000e+06, best bound -3.762002000000e+06, gap 3.4824%
