Changed value of parameter MIPGap to 0.05
   Prev: 0.0001  Min: 0.0  Max: 1e+100  Default: 0.0001
Changed value of parameter TimeLimit to 1800.0
   Prev: 1e+100  Min: 0.0  Max: 1e+100  Default: 1e+100
Changed value of parameter Method to 2
   Prev: -1  Min: -1  Max: 4  Default: -1
Changed value of parameter MIPFocus to 1
   Prev: 0  Min: 0  Max: 3  Default: 0
Optimize a model with 10898 rows, 57189 columns and 114378 nonzeros
Variable types: 0 continuous, 57189 integer (57189 binary)
Coefficient statistics:
  Matrix range     [1e+00, 2e+01]
  Objective range  [1e+00, 1e+00]
  Bounds range     [1e+00, 1e+00]
  RHS range        [8e+01, 8e+01]
Found heuristic solution: objective 0
Presolve time: 0.19s
Presolved: 10898 rows, 57189 columns, 114378 nonzeros
Variable types: 0 continuous, 57189 integer (57189 binary)
Presolved: 10898 rows, 57189 columns, 114378 nonzeros

Root barrier log...

Ordering time: 0.01s

Barrier statistics:
 AA' NZ     : 5.719e+04
 Factor NZ  : 2.393e+05 (roughly 30 MBytes of memory)
 Factor Ops : 3.883e+07 (less than 1 second per iteration)
 Threads    : 1

                  Objective                Residual
Iter       Primal          Dual         Primal    Dual     Compl     Time
   0  -2.66844349e+04 -4.73824000e+04  1.08e+02 0.00e+00  3.43e+00     0s
   1  -1.03250948e+04 -3.61252357e+04  2.56e+01 8.88e-16  8.51e-01     0s
   2  -5.94651153e+03 -1.95985942e+04  5.76e+00 1.11e-15  2.14e-01     0s
   3  -4.64187006e+03 -8.96008388e+03  5.44e-01 1.55e-15  4.23e-02     0s
   4  -4.60086387e+03 -5.71196946e+03  2.85e-02 8.88e-16  9.81e-03     0s
   5  -4.62746877e+03 -4.93419595e+03  4.93e-03 1.11e-15  2.69e-03     0s
   6  -4.63160572e+03 -4.71917773e+03  3.22e-03 8.88e-16  7.74e-04     0s
   7  -4.63657059e+03 -4.65303170e+03  8.65e-04 8.53e-16  1.47e-04     0s
   8  -4.63848035e+03 -4.64120843e+03  6.60e-05 9.63e-16  2.40e-05     1s
   9  -4.63865893e+03 -4.63866187e+03  5.99e-08 9.79e-16  2.59e-08     1s
  10  -4.63865931e+03 -4.63865932e+03  3.04e-14 9.16e-16  2.59e-11     1s

Barrier solved model in 10 iterations and 0.58 seconds
Optimal objective -4.63865931e+03


Root relaxation: objective -4.638659e+03, 47037 iterations, 0.71 seconds

    Nodes    |    Current Node    |     Objective Bounds      |     Work
 Expl Unexpl |  Obj  Depth IntInf | Incumbent    BestBd   Gap | It/Node Time

     0     0 -4638.6593    0  358    0.00000 -4638.6593      -     -    1s
H    0     0                    -4595.000000 -4638.6593  0.95%     -    1s

Explored 0 nodes (59272 simplex iterations) in 1.53 seconds
Thread count was 20 (of 20 available processors)

Solution count 2: -4595 0 
Pool objective bound -4638

Optimal solution found (tolerance 5.00e-02)
Best objective -4.595000000000e+03, best bound -4.638000000000e+03, gap 0.9358%
Changed value of parameter MIPGap to 0.05
   Prev: 0.0001  Min: 0.0  Max: 1e+100  Default: 0.0001
Changed value of parameter TimeLimit to 1800.0
   Prev: 1e+100  Min: 0.0  Max: 1e+100  Default: 1e+100
Changed value of parameter Method to 2
   Prev: -1  Min: -1  Max: 4  Default: -1
Changed value of parameter MIPFocus to 1
   Prev: 0  Min: 0  Max: 3  Default: 0
Optimize a model with 10898 rows, 57189 columns and 114378 nonzeros
Variable types: 0 continuous, 57189 integer (57189 binary)
Coefficient statistics:
  Matrix range     [1e+00, 2e+01]
  Objective range  [1e+00, 1e+00]
  Bounds range     [1e+00, 1e+00]
  RHS range        [8e+01, 8e+01]
Found heuristic solution: objective 0
Presolve time: 0.17s
Presolved: 10898 rows, 57189 columns, 114378 nonzeros
Variable types: 0 continuous, 57189 integer (57189 binary)
Presolved: 10898 rows, 57189 columns, 114378 nonzeros

Root barrier log...

Ordering time: 0.01s

Barrier statistics:
 AA' NZ     : 5.719e+04
 Factor NZ  : 2.393e+05 (roughly 30 MBytes of memory)
 Factor Ops : 3.883e+07 (less than 1 second per iteration)
 Threads    : 1

                  Objective                Residual
Iter       Primal          Dual         Primal    Dual     Compl     Time
   0  -2.67064633e+04 -4.73981742e+04  1.08e+02 0.00e+00  3.43e+00     0s
   1  -1.03337862e+04 -3.61380966e+04  2.56e+01 8.88e-16  8.52e-01     0s
   2  -5.95199229e+03 -1.96057971e+04  5.76e+00 8.88e-16  2.14e-01     0s
   3  -4.64559942e+03 -8.96637550e+03  5.48e-01 1.28e-15  4.23e-02     0s
   4  -4.60361375e+03 -5.71957872e+03  2.99e-02 8.08e-16  9.86e-03     0s
   5  -4.63006040e+03 -4.93931033e+03  5.19e-03 8.88e-16  2.71e-03     0s
   6  -4.63440617e+03 -4.72040908e+03  3.38e-03 6.66e-16  7.61e-04     0s
   7  -4.63918903e+03 -4.65489844e+03  9.34e-04 6.66e-16  1.40e-04     0s
   8  -4.64111724e+03 -4.64278252e+03  9.55e-05 7.87e-16  1.49e-05     0s
   9  -4.64133968e+03 -4.64160859e+03  7.74e-06 8.67e-16  2.37e-06     1s
  10  -4.64134930e+03 -4.64146529e+03  4.39e-06 7.64e-16  1.03e-06     1s
  11  -4.64135536e+03 -4.64141297e+03  2.52e-06 6.84e-16  5.11e-07     1s
  12  -4.64135799e+03 -4.64139835e+03  1.70e-06 7.98e-16  3.58e-07     1s
  13  -4.64136030e+03 -4.64138163e+03  9.66e-07 7.22e-16  1.89e-07     1s
  14  -4.64136221e+03 -4.64137028e+03  4.00e-07 7.71e-16  7.18e-08     1s
  15  -4.64136353e+03 -4.64136479e+03  3.81e-08 8.09e-16  1.10e-08     1s
  16  -4.64136368e+03 -4.64136369e+03  3.84e-11 7.07e-16  4.73e-11     1s

Barrier solved model in 16 iterations and 0.69 seconds
Optimal objective -4.64136368e+03


Root relaxation: objective -4.641364e+03, 45996 iterations, 0.81 seconds

    Nodes    |    Current Node    |     Objective Bounds      |     Work
 Expl Unexpl |  Obj  Depth IntInf | Incumbent    BestBd   Gap | It/Node Time

     0     0 -4641.3637    0  323    0.00000 -4641.3637      -     -    1s
H    0     0                    -4605.636480 -4641.3637  0.78%     -    1s

Explored 0 nodes (59718 simplex iterations) in 1.56 seconds
Thread count was 20 (of 20 available processors)

Solution count 2: -4605.64 0 
Pool objective bound -4641.36

Optimal solution found (tolerance 5.00e-02)
Best objective -4.605636480000e+03, best bound -4.641363683301e+03, gap 0.7757%
Changed value of parameter MIPGap to 0.05
   Prev: 0.0001  Min: 0.0  Max: 1e+100  Default: 0.0001
Changed value of parameter TimeLimit to 1800.0
   Prev: 1e+100  Min: 0.0  Max: 1e+100  Default: 1e+100
Changed value of parameter Method to 2
   Prev: -1  Min: -1  Max: 4  Default: -1
Changed value of parameter MIPFocus to 1
   Prev: 0  Min: 0  Max: 3  Default: 0
Optimize a model with 10898 rows, 57189 columns and 114378 nonzeros
Variable types: 0 continuous, 57189 integer (57189 binary)
Coefficient statistics:
  Matrix range     [1e+00, 2e+01]
  Objective range  [1e+00, 1e+00]
  Bounds range     [1e+00, 1e+00]
  RHS range        [8e+01, 8e+01]
Found heuristic solution: objective 0
Presolve time: 0.16s
Presolved: 10898 rows, 57189 columns, 114378 nonzeros
Variable types: 0 continuous, 57189 integer (57189 binary)
Presolved: 10898 rows, 57189 columns, 114378 nonzeros

Root barrier log...

Ordering time: 0.01s

Barrier statistics:
 AA' NZ     : 5.719e+04
 Factor NZ  : 2.393e+05 (roughly 30 MBytes of memory)
 Factor Ops : 3.883e+07 (less than 1 second per iteration)
 Threads    : 1

                  Objective                Residual
Iter       Primal          Dual         Primal    Dual     Compl     Time
   0  -2.67284917e+04 -4.74139485e+04  1.08e+02 2.22e-16  3.43e+00     0s
   1  -1.03424793e+04 -3.61509577e+04  2.56e+01 8.88e-16  8.52e-01     0s
   2  -5.95747352e+03 -1.96130017e+04  5.77e+00 1.11e-15  2.14e-01     0s
   3  -4.64932232e+03 -8.97261139e+03  5.52e-01 1.11e-15  4.24e-02     0s
   4  -4.60636834e+03 -5.72684535e+03  3.13e-02 8.88e-16  9.91e-03     0s
   5  -4.63265439e+03 -4.94426526e+03  5.45e-03 6.01e-16  2.73e-03     0s
   6  -4.63709193e+03 -4.72336782e+03  3.52e-03 7.84e-16  7.64e-04     0s
   7  -4.64188577e+03 -4.65783366e+03  9.64e-04 9.28e-16  1.42e-04     0s
   8  -4.64380618e+03 -4.64577780e+03  1.03e-04 1.09e-15  1.75e-05     0s
   9  -4.64397125e+03 -4.64451369e+03  3.62e-05 8.04e-16  4.86e-06     0s
  10  -4.64402207e+03 -4.64423114e+03  1.64e-05 7.63e-16  1.88e-06     0s
  11  -4.64403785e+03 -4.64412500e+03  1.08e-05 7.35e-16  7.99e-07     1s
  12  -4.64405354e+03 -4.64408803e+03  5.16e-06 7.71e-16  3.20e-07     1s
  13  -4.64406532e+03 -4.64407257e+03  9.51e-07 7.35e-16  6.67e-08     1s
  14  -4.64406803e+03 -4.64406842e+03  3.27e-09 7.93e-16  3.41e-09     1s
  15  -4.64406805e+03 -4.64406805e+03  2.04e-14 8.22e-16  3.41e-12     1s

Barrier solved model in 15 iterations and 0.60 seconds
Optimal objective -4.64406805e+03


Root relaxation: objective -4.644068e+03, 45914 iterations, 0.74 seconds

    Nodes    |    Current Node    |     Objective Bounds      |     Work
 Expl Unexpl |  Obj  Depth IntInf | Incumbent    BestBd   Gap | It/Node Time

     0     0 -4644.0681    0  395    0.00000 -4644.0681      -     -    1s
H    0     0                    -4590.233360 -4644.0681  1.17%     -    1s

Explored 0 nodes (55480 simplex iterations) in 1.53 seconds
Thread count was 20 (of 20 available processors)

Solution count 2: -4590.23 0 
Pool objective bound -4644.07

Optimal solution found (tolerance 5.00e-02)
Best objective -4.590233360000e+03, best bound -4.644068052876e+03, gap 1.1728%
Changed value of parameter MIPGap to 0.05
   Prev: 0.0001  Min: 0.0  Max: 1e+100  Default: 0.0001
Changed value of parameter TimeLimit to 1800.0
   Prev: 1e+100  Min: 0.0  Max: 1e+100  Default: 1e+100
Changed value of parameter Method to 2
   Prev: -1  Min: -1  Max: 4  Default: -1
Changed value of parameter MIPFocus to 1
   Prev: 0  Min: 0  Max: 3  Default: 0
Optimize a model with 10898 rows, 57189 columns and 114378 nonzeros
Variable types: 0 continuous, 57189 integer (57189 binary)
Coefficient statistics:
  Matrix range     [1e+00, 2e+01]
  Objective range  [1e+00, 1e+00]
  Bounds range     [1e+00, 1e+00]
  RHS range        [8e+01, 8e+01]
Found heuristic solution: objective 0
Presolve time: 0.16s
Presolved: 10898 rows, 57189 columns, 114378 nonzeros
Variable types: 0 continuous, 57189 integer (57189 binary)
Presolved: 10898 rows, 57189 columns, 114378 nonzeros

Root barrier log...

Ordering time: 0.01s

Barrier statistics:
 AA' NZ     : 5.719e+04
 Factor NZ  : 2.393e+05 (roughly 30 MBytes of memory)
 Factor Ops : 3.883e+07 (less than 1 second per iteration)
 Threads    : 1

                  Objective                Residual
Iter       Primal          Dual         Primal    Dual     Compl     Time
   0  -2.67725485e+04 -4.74454970e+04  1.08e+02 0.00e+00  3.43e+00     0s
   1  -1.03598707e+04 -3.61766806e+04  2.57e+01 8.88e-16  8.53e-01     0s
   2  -5.96843678e+03 -1.96274165e+04  5.79e+00 9.99e-16  2.14e-01     0s
   3  -4.65675052e+03 -8.98492436e+03  5.59e-01 1.11e-15  4.25e-02     0s
   4  -4.61189299e+03 -5.73027720e+03  3.40e-02 9.71e-16  9.90e-03     0s
   5  -4.63777597e+03 -4.94424282e+03  6.38e-03 7.22e-16  2.69e-03     0s
   6  -4.64220080e+03 -4.72838900e+03  4.07e-03 7.88e-16  7.66e-04     0s
   7  -4.64724139e+03 -4.65860038e+03  1.15e-03 7.77e-16  1.03e-04     0s
   8  -4.64931527e+03 -4.65110861e+03  6.76e-05 9.21e-16  1.59e-05     0s
   9  -4.64942856e+03 -4.65015806e+03  1.66e-05 7.58e-16  6.41e-06     0s
  10  -4.64944364e+03 -4.64965502e+03  1.07e-05 5.76e-16  1.88e-06     0s
  11  -4.64945474e+03 -4.64954697e+03  7.10e-06 7.00e-16  8.30e-07     1s
  12  -4.64946375e+03 -4.64950784e+03  4.12e-06 7.16e-16  3.99e-07     1s
  13  -4.64947215e+03 -4.64948479e+03  1.45e-06 6.73e-16  1.16e-07     1s
  14  -4.64947623e+03 -4.64947815e+03  1.70e-07 9.70e-16  1.74e-08     1s
  15  -4.64947679e+03 -4.64947680e+03  2.24e-14 7.43e-16  3.46e-11     1s

Barrier solved model in 15 iterations and 0.60 seconds
Optimal objective -4.64947679e+03


Root relaxation: objective -4.649477e+03, 45941 iterations, 0.75 seconds

    Nodes    |    Current Node    |     Objective Bounds      |     Work
 Expl Unexpl |  Obj  Depth IntInf | Incumbent    BestBd   Gap | It/Node Time

     0     0 -4649.4768    0  327    0.00000 -4649.4768      -     -    1s
H    0     0                    -4608.484160 -4649.4768  0.89%     -    1s

Explored 0 nodes (60952 simplex iterations) in 1.54 seconds
Thread count was 20 (of 20 available processors)

Solution count 2: -4608.48 0 
Pool objective bound -4649.48

Optimal solution found (tolerance 5.00e-02)
Best objective -4.608484160000e+03, best bound -4.649476792026e+03, gap 0.8895%
Changed value of parameter MIPGap to 0.05
   Prev: 0.0001  Min: 0.0  Max: 1e+100  Default: 0.0001
Changed value of parameter TimeLimit to 1800.0
   Prev: 1e+100  Min: 0.0  Max: 1e+100  Default: 1e+100
Changed value of parameter Method to 2
   Prev: -1  Min: -1  Max: 4  Default: -1
Changed value of parameter MIPFocus to 1
   Prev: 0  Min: 0  Max: 3  Default: 0
Optimize a model with 10898 rows, 57189 columns and 114378 nonzeros
Variable types: 0 continuous, 57189 integer (57189 binary)
Coefficient statistics:
  Matrix range     [1e+00, 2e+01]
  Objective range  [1e+00, 1e+00]
  Bounds range     [1e+00, 1e+00]
  RHS range        [8e+01, 8e+01]
Found heuristic solution: objective 0
Presolve time: 0.16s
Presolved: 10898 rows, 57189 columns, 114378 nonzeros
Variable types: 0 continuous, 57189 integer (57189 binary)
Presolved: 10898 rows, 57189 columns, 114378 nonzeros

Root barrier log...

Ordering time: 0.01s

Barrier statistics:
 AA' NZ     : 5.719e+04
 Factor NZ  : 2.393e+05 (roughly 30 MBytes of memory)
 Factor Ops : 3.883e+07 (less than 1 second per iteration)
 Threads    : 1

                  Objective                Residual
Iter       Primal          Dual         Primal    Dual     Compl     Time
   0  -2.68606619e+04 -4.75085941e+04  1.08e+02 2.22e-16  3.44e+00     0s
   1  -1.03946735e+04 -3.62281290e+04  2.57e+01 8.88e-16  8.54e-01     0s
   2  -5.99036885e+03 -1.96562695e+04  5.81e+00 1.17e-15  2.15e-01     0s
   3  -4.67154740e+03 -9.00883477e+03  5.74e-01 1.17e-15  4.27e-02     0s
   4  -4.62064077e+03 -5.84770231e+03  1.96e-02 7.49e-16  1.08e-02     0s
   5  -4.64868186e+03 -4.98531022e+03  3.07e-03 1.11e-15  2.94e-03     0s
   6  -4.65345582e+03 -4.74426425e+03  1.91e-03 8.39e-16  7.98e-04     0s
   7  -4.65841364e+03 -4.67452671e+03  4.48e-04 9.27e-16  1.42e-04     0s
   8  -4.66008587e+03 -4.66385121e+03  3.71e-05 8.81e-16  3.29e-05     0s
   9  -4.66016064e+03 -4.66190598e+03  2.24e-05 6.14e-16  1.53e-05     0s
  10  -4.66022321e+03 -4.66077962e+03  1.14e-05 8.90e-16  4.89e-06     1s
  11  -4.66025972e+03 -4.66058045e+03  5.33e-06 7.05e-16  2.81e-06     1s
  12  -4.66027518e+03 -4.66036295e+03  2.94e-06 7.73e-16  7.75e-07     1s
  13  -4.66029316e+03 -4.66030435e+03  1.38e-07 1.03e-15  9.80e-08     1s
  14  -4.66029427e+03 -4.66029428e+03  1.24e-10 8.84e-16  1.04e-10     1s

Barrier solved model in 14 iterations and 0.59 seconds
Optimal objective -4.66029427e+03


Root relaxation: objective -4.660294e+03, 45918 iterations, 0.71 seconds

    Nodes    |    Current Node    |     Objective Bounds      |     Work
 Expl Unexpl |  Obj  Depth IntInf | Incumbent    BestBd   Gap | It/Node Time

     0     0 -4660.2943    0  257    0.00000 -4660.2943      -     -    1s
H    0     0                    -4625.123520 -4660.2943  0.76%     -    1s

Explored 0 nodes (62317 simplex iterations) in 1.49 seconds
Thread count was 20 (of 20 available processors)

Solution count 2: -4625.12 0 
Pool objective bound -4660.29

Optimal solution found (tolerance 5.00e-02)
Best objective -4.625123520000e+03, best bound -4.660294270327e+03, gap 0.7604%
Changed value of parameter MIPGap to 0.05
   Prev: 0.0001  Min: 0.0  Max: 1e+100  Default: 0.0001
Changed value of parameter TimeLimit to 1800.0
   Prev: 1e+100  Min: 0.0  Max: 1e+100  Default: 1e+100
Changed value of parameter Method to 2
   Prev: -1  Min: -1  Max: 4  Default: -1
Changed value of parameter MIPFocus to 1
   Prev: 0  Min: 0  Max: 3  Default: 0
Optimize a model with 10898 rows, 57189 columns and 114378 nonzeros
Variable types: 0 continuous, 57189 integer (57189 binary)
Coefficient statistics:
  Matrix range     [1e+00, 2e+01]
  Objective range  [1e+00, 1e+00]
  Bounds range     [1e+00, 1e+00]
  RHS range        [8e+01, 8e+01]
Found heuristic solution: objective 0
Presolve time: 0.16s
Presolved: 10898 rows, 57189 columns, 114378 nonzeros
Variable types: 0 continuous, 57189 integer (57189 binary)
Presolved: 10898 rows, 57189 columns, 114378 nonzeros

Root barrier log...

Ordering time: 0.01s

Barrier statistics:
 AA' NZ     : 5.719e+04
 Factor NZ  : 2.393e+05 (roughly 30 MBytes of memory)
 Factor Ops : 3.883e+07 (less than 1 second per iteration)
 Threads    : 1

                  Objective                Residual
Iter       Primal          Dual         Primal    Dual     Compl     Time
   0  -2.69047185e+04 -4.75401427e+04  1.08e+02 0.00e+00  3.44e+00     0s
   1  -1.04120425e+04 -3.62539045e+04  2.57e+01 8.88e-16  8.55e-01     0s
   2  -6.00132746e+03 -1.96706941e+04  5.83e+00 9.44e-16  2.15e-01     0s
   3  -4.67890696e+03 -9.02037008e+03  5.81e-01 1.33e-15  4.28e-02     0s
   4  -4.62607523e+03 -5.86017004e+03  2.19e-02 1.55e-15  1.09e-02     0s
   5  -4.65383807e+03 -4.99385991e+03  3.48e-03 8.13e-16  2.97e-03     0s
   6  -4.65880804e+03 -4.75048148e+03  2.13e-03 7.04e-16  8.06e-04     0s
   7  -4.66322839e+03 -4.67601211e+03  6.95e-04 8.39e-16  1.14e-04     0s
   8  -4.66501553e+03 -4.66864909e+03  1.86e-04 8.02e-16  3.23e-05     0s
   9  -4.66526165e+03 -4.66722886e+03  1.17e-04 8.57e-16  1.76e-05     0s
  10  -4.66545036e+03 -4.66612024e+03  6.69e-05 8.50e-16  6.08e-06     0s
  11  -4.66552869e+03 -4.66584307e+03  4.68e-05 8.05e-16  2.91e-06     1s
  12  -4.66558461e+03 -4.66578009e+03  3.17e-05 7.55e-16  1.82e-06     1s
  13  -4.66568014e+03 -4.66572446e+03  6.00e-06 6.27e-16  4.08e-07     1s
  14  -4.66570275e+03 -4.66570396e+03  6.23e-08 8.65e-16  1.08e-08     1s
  15  -4.66570301e+03 -4.66570301e+03  3.30e-14 8.25e-16  1.08e-11     1s

Barrier solved model in 15 iterations and 0.60 seconds
Optimal objective -4.66570301e+03


Root relaxation: objective -4.665703e+03, 45906 iterations, 0.74 seconds

    Nodes    |    Current Node    |     Objective Bounds      |     Work
 Expl Unexpl |  Obj  Depth IntInf | Incumbent    BestBd   Gap | It/Node Time

     0     0 -4665.7030    0  327    0.00000 -4665.7030      -     -    1s
H    0     0                    -4624.364400 -4665.7030  0.89%     -    1s

Explored 0 nodes (58199 simplex iterations) in 1.48 seconds
Thread count was 20 (of 20 available processors)

Solution count 2: -4624.36 0 
Pool objective bound -4665.7

Optimal solution found (tolerance 5.00e-02)
Best objective -4.624364400000e+03, best bound -4.665703009477e+03, gap 0.8939%
Changed value of parameter MIPGap to 0.05
   Prev: 0.0001  Min: 0.0  Max: 1e+100  Default: 0.0001
Changed value of parameter TimeLimit to 1800.0
   Prev: 1e+100  Min: 0.0  Max: 1e+100  Default: 1e+100
Changed value of parameter Method to 2
   Prev: -1  Min: -1  Max: 4  Default: -1
Changed value of parameter MIPFocus to 1
   Prev: 0  Min: 0  Max: 3  Default: 0
Optimize a model with 10898 rows, 57189 columns and 114378 nonzeros
Variable types: 0 continuous, 57189 integer (57189 binary)
Coefficient statistics:
  Matrix range     [1e+00, 2e+01]
  Objective range  [1e+00, 1e+00]
  Bounds range     [1e+00, 1e+00]
  RHS range        [8e+01, 8e+01]
Found heuristic solution: objective 0
Presolve time: 0.16s
Presolved: 10898 rows, 57189 columns, 114378 nonzeros
Variable types: 0 continuous, 57189 integer (57189 binary)
Presolved: 10898 rows, 57189 columns, 114378 nonzeros

Root barrier log...

Ordering time: 0.01s

Barrier statistics:
 AA' NZ     : 5.719e+04
 Factor NZ  : 2.393e+05 (roughly 30 MBytes of memory)
 Factor Ops : 3.883e+07 (less than 1 second per iteration)
 Threads    : 1

                  Objective                Residual
Iter       Primal          Dual         Primal    Dual     Compl     Time
   0  -2.71250009e+04 -4.76978854e+04  1.08e+02 0.00e+00  3.45e+00     0s
   1  -1.04968815e+04 -3.63855254e+04  2.57e+01 8.88e-16  8.58e-01     0s
   2  -6.05546714e+03 -1.97424683e+04  5.90e+00 1.11e-15  2.17e-01     0s
   3  -4.71522740e+03 -9.07419689e+03  6.14e-01 1.33e-15  4.33e-02     0s
   4  -4.65352615e+03 -5.87851068e+03  3.36e-02 1.78e-15  1.08e-02     0s
   5  -4.67964886e+03 -5.02795746e+03  6.16e-03 8.88e-16  3.06e-03     0s
   6  -4.68541889e+03 -4.78240511e+03  3.62e-03 7.93e-16  8.58e-04     0s
   7  -4.69036622e+03 -4.70990941e+03  9.83e-04 1.11e-15  1.74e-04     0s
   8  -4.69172079e+03 -4.69867258e+03  4.08e-04 9.42e-16  6.20e-05     0s
   9  -4.69219352e+03 -4.69561174e+03  2.16e-04 6.40e-16  3.06e-05     0s
  10  -4.69245950e+03 -4.69361586e+03  1.11e-04 6.82e-16  1.05e-05     0s
  11  -4.69257925e+03 -4.69304239e+03  6.60e-05 8.77e-16  4.28e-06     1s
  12  -4.69267596e+03 -4.69283212e+03  2.78e-05 6.71e-16  1.46e-06     1s
  13  -4.69272734e+03 -4.69276903e+03  7.48e-06 6.44e-16  3.91e-07     1s
  14  -4.69274664e+03 -4.69274800e+03  2.06e-08 9.63e-16  1.19e-08     1s
  15  -4.69274671e+03 -4.69274671e+03  1.84e-14 8.88e-16  1.19e-11     1s

Barrier solved model in 15 iterations and 0.60 seconds
Optimal objective -4.69274671e+03


Root relaxation: objective -4.692747e+03, 45912 iterations, 0.74 seconds

    Nodes    |    Current Node    |     Objective Bounds      |     Work
 Expl Unexpl |  Obj  Depth IntInf | Incumbent    BestBd   Gap | It/Node Time

     0     0 -4692.7467    0  491    0.00000 -4692.7467      -     -    1s
H    0     0                    -4628.280000 -4692.7467  1.39%     -    1s

Explored 0 nodes (52755 simplex iterations) in 1.43 seconds
Thread count was 20 (of 20 available processors)

Solution count 2: -4628.28 0 
Pool objective bound -4692.75

Optimal solution found (tolerance 5.00e-02)
Best objective -4.628280000000e+03, best bound -4.692746705229e+03, gap 1.3929%
Changed value of parameter MIPGap to 0.05
   Prev: 0.0001  Min: 0.0  Max: 1e+100  Default: 0.0001
Changed value of parameter TimeLimit to 1800.0
   Prev: 1e+100  Min: 0.0  Max: 1e+100  Default: 1e+100
Changed value of parameter Method to 2
   Prev: -1  Min: -1  Max: 4  Default: -1
Changed value of parameter MIPFocus to 1
   Prev: 0  Min: 0  Max: 3  Default: 0
Optimize a model with 10898 rows, 57189 columns and 114378 nonzeros
Variable types: 0 continuous, 57189 integer (57189 binary)
Coefficient statistics:
  Matrix range     [1e+00, 2e+01]
  Objective range  [1e+00, 1e+00]
  Bounds range     [1e+00, 1e+00]
  RHS range        [8e+01, 8e+01]
Found heuristic solution: objective 0
Presolve time: 0.16s
Presolved: 10898 rows, 57189 columns, 114378 nonzeros
Variable types: 0 continuous, 57189 integer (57189 binary)
Presolved: 10898 rows, 57189 columns, 114378 nonzeros

Root barrier log...

Ordering time: 0.01s

Barrier statistics:
 AA' NZ     : 5.719e+04
 Factor NZ  : 2.393e+05 (roughly 30 MBytes of memory)
 Factor Ops : 3.883e+07 (less than 1 second per iteration)
 Threads    : 1

                  Objective                Residual
Iter       Primal          Dual         Primal    Dual     Compl     Time
   0  -2.75655621e+04 -4.80133708e+04  1.08e+02 0.00e+00  3.47e+00     0s
   1  -1.06681968e+04 -3.66488641e+04  2.58e+01 8.88e-16  8.65e-01     0s
   2  -6.16244902e+03 -1.98878677e+04  6.02e+00 9.44e-16  2.20e-01     0s
   3  -4.78549398e+03 -9.16856307e+03  6.69e-01 1.11e-15  4.41e-02     0s
   4  -4.70313188e+03 -5.81225044e+03  5.14e-02 8.88e-16  9.91e-03     0s
   5  -4.73375755e+03 -5.06571541e+03  9.59e-03 7.62e-16  2.93e-03     0s
   6  -4.73888890e+03 -4.84155538e+03  5.98e-03 8.24e-16  9.17e-04     0s
   7  -4.74338055e+03 -4.76702892e+03  2.51e-03 6.67e-16  2.15e-04     0s
   8  -4.74455690e+03 -4.75638460e+03  1.63e-03 9.41e-16  1.09e-04     0s
   9  -4.74533165e+03 -4.75061531e+03  1.08e-03 7.07e-16  5.01e-05     0s
  10  -4.74607473e+03 -4.74875556e+03  5.75e-04 6.75e-16  2.55e-05     0s
  11  -4.74641831e+03 -4.74808350e+03  3.18e-04 6.27e-16  1.57e-05     1s
  12  -4.74666449e+03 -4.74729750e+03  1.28e-04 6.88e-16  5.99e-06     1s
  13  -4.74676679e+03 -4.74696939e+03  5.05e-05 7.77e-16  1.95e-06     1s
  14  -4.74683341e+03 -4.74684121e+03  3.51e-07 1.09e-15  6.93e-08     1s
  15  -4.74683410e+03 -4.74683410e+03  2.61e-14 1.20e-15  6.93e-11     1s

Barrier solved model in 15 iterations and 0.60 seconds
Optimal objective -4.74683410e+03


Root relaxation: objective -4.746834e+03, 45935 iterations, 0.72 seconds

    Nodes    |    Current Node    |     Objective Bounds      |     Work
 Expl Unexpl |  Obj  Depth IntInf | Incumbent    BestBd   Gap | It/Node Time

     0     0 -4746.8341    0  353    0.00000 -4746.8341      -     -    1s
H    0     0                    -4697.692000 -4746.8341  1.05%     -    1s

Explored 0 nodes (58242 simplex iterations) in 1.45 seconds
Thread count was 20 (of 20 available processors)

Solution count 2: -4697.69 0 
Pool objective bound -4746.83

Optimal solution found (tolerance 5.00e-02)
Best objective -4.697692000000e+03, best bound -4.746834096732e+03, gap 1.0461%
Changed value of parameter MIPGap to 0.05
   Prev: 0.0001  Min: 0.0  Max: 1e+100  Default: 0.0001
Changed value of parameter TimeLimit to 1800.0
   Prev: 1e+100  Min: 0.0  Max: 1e+100  Default: 1e+100
Changed value of parameter Method to 2
   Prev: -1  Min: -1  Max: 4  Default: -1
Changed value of parameter MIPFocus to 1
   Prev: 0  Min: 0  Max: 3  Default: 0
Optimize a model with 10898 rows, 57189 columns and 114378 nonzeros
Variable types: 0 continuous, 57189 integer (57189 binary)
Coefficient statistics:
  Matrix range     [1e+00, 2e+01]
  Objective range  [1e+00, 1e+00]
  Bounds range     [1e+00, 1e+00]
  RHS range        [8e+01, 8e+01]
Found heuristic solution: objective 0
Presolve time: 0.16s
Presolved: 10898 rows, 57189 columns, 114378 nonzeros
Variable types: 0 continuous, 57189 integer (57189 binary)
Presolved: 10898 rows, 57189 columns, 114378 nonzeros

Root barrier log...

Ordering time: 0.01s

Barrier statistics:
 AA' NZ     : 5.719e+04
 Factor NZ  : 2.393e+05 (roughly 30 MBytes of memory)
 Factor Ops : 3.883e+07 (less than 1 second per iteration)
 Threads    : 1

                  Objective                Residual
Iter       Primal          Dual         Primal    Dual     Compl     Time
   0  -2.84466702e+04 -4.86443417e+04  1.08e+02 0.00e+00  3.50e+00     0s
   1  -1.10171773e+04 -3.71758646e+04  2.59e+01 8.88e-16  8.79e-01     0s
   2  -6.37564512e+03 -2.01857754e+04  6.25e+00 1.11e-15  2.26e-01     0s
   3  -4.91667238e+03 -9.32670619e+03  7.41e-01 1.11e-15  4.51e-02     0s
   4  -4.81506400e+03 -5.89369979e+03  8.61e-02 9.26e-16  9.82e-03     0s
   5  -4.84225408e+03 -5.17403347e+03  1.31e-02 1.11e-15  2.94e-03     0s
   6  -4.84783709e+03 -4.96588218e+03  7.42e-03 7.49e-16  1.06e-03     0s
   7  -4.85150345e+03 -4.89018731e+03  3.40e-03 6.66e-16  3.50e-04     0s
   8  -4.85273208e+03 -4.87224486e+03  2.14e-03 7.15e-16  1.78e-04     0s
   9  -4.85359445e+03 -4.86456842e+03  1.34e-03 7.30e-16  1.01e-04     0s
  10  -4.85429560e+03 -4.85981850e+03  7.40e-04 6.90e-16  5.09e-05     0s
  11  -4.85442029e+03 -4.85882245e+03  6.28e-04 7.43e-16  4.07e-05     1s
  12  -4.85463410e+03 -4.85699907e+03  3.96e-04 6.89e-16  2.21e-05     1s
  13  -4.85481577e+03 -4.85573549e+03  2.00e-04 6.58e-16  8.76e-06     1s
  14  -4.85494317e+03 -4.85516396e+03  6.62e-05 6.66e-16  2.17e-06     1s
  15  -4.85500878e+03 -4.85501571e+03  1.12e-14 7.86e-16  6.04e-08     1s
  16  -4.85500888e+03 -4.85500889e+03  1.88e-14 6.66e-16  6.04e-11     1s

Barrier solved model in 16 iterations and 0.62 seconds
Optimal objective -4.85500888e+03


Root relaxation: objective -4.855009e+03, 45904 iterations, 0.74 seconds

    Nodes    |    Current Node    |     Objective Bounds      |     Work
 Expl Unexpl |  Obj  Depth IntInf | Incumbent    BestBd   Gap | It/Node Time

     0     0 -4855.0089    0  303    0.00000 -4855.0089      -     -    1s
H    0     0                    -4807.616000 -4855.0089  0.99%     -    1s

Explored 0 nodes (62231 simplex iterations) in 1.46 seconds
Thread count was 20 (of 20 available processors)

Solution count 2: -4807.62 0 
Pool objective bound -4855.01

Optimal solution found (tolerance 5.00e-02)
Best objective -4.807616000000e+03, best bound -4.855008879738e+03, gap 0.9858%
Changed value of parameter MIPGap to 0.05
   Prev: 0.0001  Min: 0.0  Max: 1e+100  Default: 0.0001
Changed value of parameter TimeLimit to 1800.0
   Prev: 1e+100  Min: 0.0  Max: 1e+100  Default: 1e+100
Changed value of parameter Method to 2
   Prev: -1  Min: -1  Max: 4  Default: -1
Changed value of parameter MIPFocus to 1
   Prev: 0  Min: 0  Max: 3  Default: 0
Optimize a model with 10898 rows, 57189 columns and 114378 nonzeros
Variable types: 0 continuous, 57189 integer (57189 binary)
Coefficient statistics:
  Matrix range     [1e+00, 2e+01]
  Objective range  [1e+00, 1e+00]
  Bounds range     [1e+00, 1e+00]
  RHS range        [8e+01, 8e+01]
Found heuristic solution: objective 0
Presolve time: 0.16s
Presolved: 10898 rows, 57189 columns, 114378 nonzeros
Variable types: 0 continuous, 57189 integer (57189 binary)
Presolved: 10898 rows, 57189 columns, 114378 nonzeros

Root barrier log...

Ordering time: 0.01s

Barrier statistics:
 AA' NZ     : 5.719e+04
 Factor NZ  : 2.393e+05 (roughly 30 MBytes of memory)
 Factor Ops : 3.883e+07 (less than 1 second per iteration)
 Threads    : 1

                  Objective                Residual
Iter       Primal          Dual         Primal    Dual     Compl     Time
   0  -2.88872174e+04 -4.89598271e+04  1.08e+02 0.00e+00  3.52e+00     0s
   1  -1.11947287e+04 -3.74394934e+04  2.60e+01 8.88e-16  8.86e-01     0s
   2  -6.48366830e+03 -2.03381459e+04  6.37e+00 8.88e-16  2.29e-01     0s
   3  -4.98031750e+03 -9.32191768e+03  7.67e-01 1.19e-15  4.47e-02     0s
   4  -4.86569865e+03 -6.11290121e+03  7.12e-02 1.55e-15  1.12e-02     0s
   5  -4.89257779e+03 -5.45530456e+03  1.41e-02 6.66e-16  4.96e-03     0s
   6  -4.90120792e+03 -5.04729146e+03  6.10e-03 7.72e-16  1.30e-03     0s
   7  -4.90561167e+03 -4.95231107e+03  2.46e-03 8.34e-16  4.16e-04     0s
   8  -4.90712471e+03 -4.92857324e+03  1.32e-03 9.21e-16  1.92e-04     0s
   9  -4.90764381e+03 -4.91606146e+03  9.57e-04 7.21e-16  7.69e-05     0s
  10  -4.90821210e+03 -4.91171959e+03  6.26e-04 9.00e-16  3.29e-05     0s
  11  -4.90878491e+03 -4.90999697e+03  2.14e-04 7.07e-16  1.14e-05     1s
  12  -4.90894074e+03 -4.90921157e+03  1.06e-04 1.18e-15  2.76e-06     1s
  13  -4.90909526e+03 -4.90910193e+03  6.03e-07 8.88e-16  6.04e-08     1s
  14  -4.90909627e+03 -4.90909627e+03  1.91e-12 7.39e-16  1.70e-13     1s

Barrier solved model in 14 iterations and 0.57 seconds
Optimal objective -4.90909627e+03


Root relaxation: objective -4.909096e+03, 45926 iterations, 0.70 seconds

    Nodes    |    Current Node    |     Objective Bounds      |     Work
 Expl Unexpl |  Obj  Depth IntInf | Incumbent    BestBd   Gap | It/Node Time

     0     0 -4909.0963    0  281    0.00000 -4909.0963      -     -    1s
H    0     0                    -4856.136000 -4909.0963  1.09%     -    1s

Explored 0 nodes (64787 simplex iterations) in 1.46 seconds
Thread count was 20 (of 20 available processors)

Solution count 2: -4856.14 0 
Pool objective bound -4909.1

Optimal solution found (tolerance 5.00e-02)
Best objective -4.856136000000e+03, best bound -4.909096271242e+03, gap 1.0906%
Changed value of parameter MIPGap to 0.05
   Prev: 0.0001  Min: 0.0  Max: 1e+100  Default: 0.0001
Changed value of parameter TimeLimit to 1800.0
   Prev: 1e+100  Min: 0.0  Max: 1e+100  Default: 1e+100
Changed value of parameter Method to 2
   Prev: -1  Min: -1  Max: 4  Default: -1
Changed value of parameter MIPFocus to 1
   Prev: 0  Min: 0  Max: 3  Default: 0
Optimize a model with 10898 rows, 57189 columns and 114378 nonzeros
Variable types: 0 continuous, 57189 integer (57189 binary)
Coefficient statistics:
  Matrix range     [1e+00, 2e+01]
  Objective range  [1e+00, 2e+00]
  Bounds range     [1e+00, 1e+00]
  RHS range        [8e+01, 8e+01]
Found heuristic solution: objective 0
Presolve time: 0.16s
Presolved: 10898 rows, 57189 columns, 114378 nonzeros
Variable types: 0 continuous, 57189 integer (57189 binary)
Presolved: 10898 rows, 57189 columns, 114378 nonzeros

Root barrier log...

Ordering time: 0.01s

Barrier statistics:
 AA' NZ     : 5.719e+04
 Factor NZ  : 2.393e+05 (roughly 30 MBytes of memory)
 Factor Ops : 3.883e+07 (less than 1 second per iteration)
 Threads    : 1

                  Objective                Residual
Iter       Primal          Dual         Primal    Dual     Compl     Time
   0  -3.10918112e+04 -5.91489777e+04  1.08e+02 0.00e+00  4.32e+00     0s
   1  -1.18152446e+04 -4.49348975e+04  2.57e+01 8.88e-16  1.07e+00     0s
   2  -6.58895257e+03 -2.38928664e+04  5.39e+00 1.05e-15  2.60e-01     0s
   3  -5.10378775e+03 -9.49884507e+03  2.55e-01 1.47e-15  4.07e-02     0s
   4  -5.12079361e+03 -7.18518766e+03  4.92e-02 1.11e-15  1.83e-02     0s
   5  -5.15300372e+03 -6.18833366e+03  1.04e-02 9.09e-16  9.07e-03     0s
   6  -5.16860444e+03 -5.53305399e+03  1.78e-03 8.63e-16  3.18e-03     0s
   7  -5.17557342e+03 -5.27730620e+03  4.64e-04 6.92e-16  8.88e-04     0s
   8  -5.17698300e+03 -5.22126754e+03  2.81e-04 8.94e-16  3.87e-04     0s
   9  -5.17784023e+03 -5.19284088e+03  1.78e-04 9.55e-16  1.31e-04     0s
  10  -5.17847670e+03 -5.18314289e+03  1.07e-04 8.88e-16  4.11e-05     0s
  11  -5.17904597e+03 -5.18055132e+03  4.93e-05 8.26e-16  1.33e-05     1s
  12  -5.17933975e+03 -5.17970909e+03  1.92e-05 6.52e-16  3.30e-06     1s
  13  -5.17953207e+03 -5.17956143e+03  7.64e-08 9.46e-16  2.56e-07     1s
  14  -5.17953323e+03 -5.17953323e+03  1.46e-12 1.02e-15  2.02e-12     1s

Barrier solved model in 14 iterations and 0.58 seconds
Optimal objective -5.17953323e+03


Root relaxation: objective -5.179533e+03, 45887 iterations, 0.70 seconds

    Nodes    |    Current Node    |     Objective Bounds      |     Work
 Expl Unexpl |  Obj  Depth IntInf | Incumbent    BestBd   Gap | It/Node Time

     0     0 -5179.5332    0  270    0.00000 -5179.5332      -     -    1s
H    0     0                    -5128.816000 -5179.5332  0.99%     -    1s

Explored 0 nodes (65006 simplex iterations) in 1.49 seconds
Thread count was 20 (of 20 available processors)

Solution count 2: -5128.82 0 
Pool objective bound -5179.53

Optimal solution found (tolerance 5.00e-02)
Best objective -5.128816000000e+03, best bound -5.179533228758e+03, gap 0.9889%
Changed value of parameter MIPGap to 0.05
   Prev: 0.0001  Min: 0.0  Max: 1e+100  Default: 0.0001
Changed value of parameter TimeLimit to 1800.0
   Prev: 1e+100  Min: 0.0  Max: 1e+100  Default: 1e+100
Changed value of parameter Method to 2
   Prev: -1  Min: -1  Max: 4  Default: -1
Changed value of parameter MIPFocus to 1
   Prev: 0  Min: 0  Max: 3  Default: 0
Optimize a model with 10898 rows, 57189 columns and 114378 nonzeros
Variable types: 0 continuous, 57189 integer (57189 binary)
Coefficient statistics:
  Matrix range     [1e+00, 2e+01]
  Objective range  [1e+00, 3e+00]
  Bounds range     [1e+00, 1e+00]
  RHS range        [8e+01, 8e+01]
Found heuristic solution: objective 0
Presolve time: 0.16s
Presolved: 10898 rows, 57189 columns, 114378 nonzeros
Variable types: 0 continuous, 57189 integer (57189 binary)
Presolved: 10898 rows, 57189 columns, 114378 nonzeros

Root barrier log...

Ordering time: 0.01s

Barrier statistics:
 AA' NZ     : 5.719e+04
 Factor NZ  : 2.393e+05 (roughly 30 MBytes of memory)
 Factor Ops : 3.883e+07 (less than 1 second per iteration)
 Threads    : 1

                  Objective                Residual
Iter       Primal          Dual         Primal    Dual     Compl     Time
   0  -3.55019586e+04 -9.00997278e+04  1.08e+02 0.00e+00  6.77e+00     0s
   1  -1.31076512e+04 -6.75450936e+04  2.52e+01 1.55e-15  1.65e+00     0s
   2  -6.91237444e+03 -3.24659638e+04  4.26e+00 1.33e-15  3.47e-01     0s
   3  -5.56316290e+03 -1.11142477e+04  3.61e-02 1.33e-15  4.88e-02     0s
   4  -5.67318345e+03 -6.91207280e+03  3.57e-03 1.21e-15  1.08e-02     0s
   5  -5.69577694e+03 -6.15599504e+03  1.53e-03 8.88e-16  4.02e-03     0s
   6  -5.71211185e+03 -5.89705998e+03  3.51e-04 8.88e-16  1.61e-03     0s
   7  -5.71425647e+03 -5.81632174e+03  2.53e-04 8.88e-16  8.90e-04     0s
   8  -5.71470520e+03 -5.79262292e+03  2.34e-04 8.88e-16  6.80e-04     0s
   9  -5.71669664e+03 -5.75505880e+03  1.53e-04 8.88e-16  3.35e-04     0s
  10  -5.71871883e+03 -5.73788672e+03  7.80e-05 8.88e-16  1.67e-04     0s
  11  -5.71979918e+03 -5.73434202e+03  4.07e-05 8.88e-16  1.27e-04     1s
  12  -5.72007382e+03 -5.72939064e+03  3.30e-05 8.88e-16  8.13e-05     1s
  13  -5.72041662e+03 -5.72678670e+03  2.23e-05 8.88e-16  5.56e-05     1s
  14  -5.72054979e+03 -5.72509971e+03  1.83e-05 9.40e-16  3.97e-05     1s
  15  -5.72065656e+03 -5.72266442e+03  1.54e-05 8.88e-16  1.76e-05     1s
  16  -5.72098903e+03 -5.72155525e+03  4.62e-06 8.88e-16  4.96e-06     1s
  17  -5.72104412e+03 -5.72133618e+03  2.99e-06 8.88e-16  2.56e-06     1s
  18  -5.72107186e+03 -5.72127414e+03  2.18e-06 8.88e-16  1.77e-06     1s
  19  -5.72110167e+03 -5.72123830e+03  1.32e-06 8.88e-16  1.20e-06     1s
  20  -5.72110769e+03 -5.72120443e+03  1.15e-06 8.88e-16  8.49e-07     1s
  21  -5.72111245e+03 -5.72117766e+03  1.02e-06 8.88e-16  5.74e-07     1s
  22  -5.72112000e+03 -5.72116040e+03  8.08e-07 8.88e-16  3.57e-07     1s
  23  -5.72113432e+03 -5.72115338e+03  4.07e-07 1.06e-15  1.68e-07     1s
  24  -5.72113628e+03 -5.72115152e+03  3.53e-07 8.88e-16  1.35e-07     1s
  25  -5.72114203e+03 -5.72114985e+03  1.93e-07 9.38e-16  6.93e-08     1s
  26  -5.72114296e+03 -5.72114925e+03  1.66e-07 8.88e-16  5.57e-08     1s
  27  -5.72114805e+03 -5.72114892e+03  2.03e-08 8.88e-16  7.72e-09     1s
  28  -5.72114872e+03 -5.72114879e+03  1.67e-09 8.88e-16  6.28e-10     1s
  29  -5.72114878e+03 -5.72114878e+03  5.73e-12 9.91e-16  6.31e-13     1s

Barrier solved model in 29 iterations and 0.91 seconds
Optimal objective -5.72114878e+03


Root relaxation: objective -5.721149e+03, 46229 iterations, 1.06 seconds

    Nodes    |    Current Node    |     Objective Bounds      |     Work
 Expl Unexpl |  Obj  Depth IntInf | Incumbent    BestBd   Gap | It/Node Time

     0     0 -5721.1488    0  300    0.00000 -5721.1488      -     -    1s
H    0     0                    -5661.000000 -5721.1488  1.06%     -    1s

Explored 0 nodes (61294 simplex iterations) in 1.86 seconds
Thread count was 20 (of 20 available processors)

Solution count 2: -5661 0 
Pool objective bound -5721.15

Optimal solution found (tolerance 5.00e-02)
Best objective -5.661000000000e+03, best bound -5.721148784314e+03, gap 1.0625%
Changed value of parameter MIPGap to 0.05
   Prev: 0.0001  Min: 0.0  Max: 1e+100  Default: 0.0001
Changed value of parameter TimeLimit to 1800.0
   Prev: 1e+100  Min: 0.0  Max: 1e+100  Default: 1e+100
Changed value of parameter Method to 2
   Prev: -1  Min: -1  Max: 4  Default: -1
Changed value of parameter MIPFocus to 1
   Prev: 0  Min: 0  Max: 3  Default: 0
Optimize a model with 10898 rows, 57189 columns and 114378 nonzeros
Variable types: 0 continuous, 57189 integer (57189 binary)
Coefficient statistics:
  Matrix range     [1e+00, 2e+01]
  Objective range  [1e+00, 4e+00]
  Bounds range     [1e+00, 1e+00]
  RHS range        [8e+01, 8e+01]
Found heuristic solution: objective 0
Presolve time: 0.16s
Presolved: 10898 rows, 57189 columns, 114378 nonzeros
Variable types: 0 continuous, 57189 integer (57189 binary)
Presolved: 10898 rows, 57189 columns, 114378 nonzeros

Root barrier log...

Ordering time: 0.01s

Barrier statistics:
 AA' NZ     : 5.719e+04
 Factor NZ  : 2.393e+05 (roughly 30 MBytes of memory)
 Factor Ops : 3.883e+07 (less than 1 second per iteration)
 Threads    : 1

                  Objective                Residual
Iter       Primal          Dual         Primal    Dual     Compl     Time
   0  -4.43203464e+04 -1.52001228e+05  1.08e+02 2.22e-16  1.17e+01     0s
   1  -1.56204529e+04 -1.13058793e+05  2.39e+01 2.44e-15  2.75e+00     0s
   2  -8.10306961e+03 -5.17768429e+04  3.66e+00 2.89e-15  5.58e-01     0s
   3  -6.67822042e+03 -1.33255515e+04  8.88e-16 2.66e-15  5.79e-02     0s
   4  -6.77668211e+03 -8.58573469e+03  2.76e-15 1.62e-15  1.57e-02     0s
   5  -6.80536066e+03 -7.86301462e+03  2.36e-15 1.78e-15  9.21e-03     0s
   6  -6.83165193e+03 -7.44429019e+03  7.33e-15 9.81e-16  5.33e-03     0s
   7  -6.86710314e+03 -7.16639211e+03  2.55e-15 1.78e-15  2.61e-03     0s
   8  -6.87706628e+03 -7.08261451e+03  4.55e-15 1.78e-15  1.79e-03     0s
   9  -6.88782126e+03 -7.02745981e+03  4.77e-15 9.13e-16  1.22e-03     0s
  10  -6.88934724e+03 -7.01828304e+03  4.77e-15 1.78e-15  1.12e-03     0s
  11  -6.89400191e+03 -6.99704621e+03  4.55e-15 1.78e-15  8.97e-04     1s
  12  -6.89662951e+03 -6.98257907e+03  4.66e-15 1.78e-15  7.48e-04     1s
  13  -6.89897114e+03 -6.96876614e+03  4.55e-15 1.21e-15  6.08e-04     1s
  14  -6.90087572e+03 -6.96391863e+03  5.44e-15 1.78e-15  5.49e-04     1s
  15  -6.90408800e+03 -6.95829402e+03  5.88e-15 1.78e-15  4.72e-04     1s
  16  -6.90746669e+03 -6.94735844e+03  1.57e-14 1.78e-15  3.47e-04     1s
  17  -6.91007671e+03 -6.94289513e+03  1.35e-14 1.78e-15  2.86e-04     1s
  18  -6.91376835e+03 -6.94090855e+03  1.28e-14 1.23e-15  2.36e-04     1s
  19  -6.91568654e+03 -6.93699994e+03  4.40e-14 1.78e-15  1.86e-04     1s
  20  -6.91723561e+03 -6.93435362e+03  5.81e-14 1.12e-15  1.49e-04     1s
  21  -6.91901633e+03 -6.93183955e+03  2.90e-14 8.88e-16  1.12e-04     1s
  22  -6.91970598e+03 -6.93146868e+03  2.82e-14 1.78e-15  1.02e-04     1s
  23  -6.92093394e+03 -6.93050526e+03  2.10e-14 1.78e-15  8.33e-05     1s
  24  -6.92129054e+03 -6.93004593e+03  2.40e-14 1.09e-15  7.62e-05     1s
  25  -6.92221319e+03 -6.92916208e+03  1.74e-14 1.06e-15  6.05e-05     1s
  26  -6.92343144e+03 -6.92875390e+03  3.29e-14 1.07e-15  4.63e-05     1s
  27  -6.92366991e+03 -6.92837835e+03  3.12e-14 1.78e-15  4.10e-05     1s
  28  -6.92449733e+03 -6.92769541e+03  3.81e-14 8.88e-16  2.78e-05     1s
  29  -6.92489837e+03 -6.92737645e+03  4.46e-14 9.03e-16  2.16e-05     1s
  30  -6.92529364e+03 -6.92715090e+03  1.54e-13 1.78e-15  1.62e-05     1s
  31  -6.92563540e+03 -6.92706344e+03  1.04e-13 1.78e-15  1.24e-05     1s
  32  -6.92601583e+03 -6.92698593e+03  1.48e-13 9.08e-16  8.44e-06     1s
  33  -6.92651412e+03 -6.92693085e+03  3.03e-13 1.12e-15  3.63e-06     1s
  34  -6.92657178e+03 -6.92689924e+03  2.47e-13 1.78e-15  2.85e-06     1s
  35  -6.92658501e+03 -6.92688869e+03  2.53e-13 1.78e-15  2.64e-06     1s
  36  -6.92660900e+03 -6.92686649e+03  2.31e-13 1.78e-15  2.24e-06     1s
  37  -6.92668615e+03 -6.92680240e+03  2.04e-13 2.66e-15  1.01e-06     1s
  38  -6.92674368e+03 -6.92679431e+03  2.16e-12 1.78e-15  4.41e-07     1s
  39  -6.92676791e+03 -6.92678838e+03  9.00e-13 1.78e-15  1.78e-07     1s
  40  -6.92678565e+03 -6.92678568e+03  1.46e-13 1.78e-15  2.44e-10     1s

Barrier solved model in 40 iterations and 1.16 seconds
Optimal objective -6.92678565e+03


Root relaxation: objective -6.926786e+03, 45469 iterations, 1.20 seconds

    Nodes    |    Current Node    |     Objective Bounds      |     Work
 Expl Unexpl |  Obj  Depth IntInf | Incumbent    BestBd   Gap | It/Node Time

     0     0 -6926.7857    0  646    0.00000 -6926.7857      -     -    1s
H    0     0                    -6736.360000 -6926.7857  2.83%     -    1s

Explored 0 nodes (53907 simplex iterations) in 1.99 seconds
Thread count was 20 (of 20 available processors)

Solution count 2: -6736.36 0 
Pool objective bound -6926.79

Optimal solution found (tolerance 5.00e-02)
Best objective -6.736360000000e+03, best bound -6.926785666667e+03, gap 2.8268%
Changed value of parameter MIPGap to 0.05
   Prev: 0.0001  Min: 0.0  Max: 1e+100  Default: 0.0001
Changed value of parameter TimeLimit to 1800.0
   Prev: 1e+100  Min: 0.0  Max: 1e+100  Default: 1e+100
Changed value of parameter Method to 2
   Prev: -1  Min: -1  Max: 4  Default: -1
Changed value of parameter MIPFocus to 1
   Prev: 0  Min: 0  Max: 3  Default: 0
Optimize a model with 10898 rows, 57189 columns and 114378 nonzeros
Variable types: 0 continuous, 57189 integer (57189 binary)
Coefficient statistics:
  Matrix range     [1e+00, 2e+01]
  Objective range  [1e+00, 5e+00]
  Bounds range     [1e+00, 1e+00]
  RHS range        [8e+01, 8e+01]
Found heuristic solution: objective 0
Presolve time: 0.16s
Presolved: 10898 rows, 57189 columns, 114378 nonzeros
Variable types: 0 continuous, 57189 integer (57189 binary)
Presolved: 10898 rows, 57189 columns, 114378 nonzeros

Root barrier log...

Ordering time: 0.01s

Barrier statistics:
 AA' NZ     : 5.719e+04
 Factor NZ  : 2.393e+05 (roughly 30 MBytes of memory)
 Factor Ops : 3.883e+07 (less than 1 second per iteration)
 Threads    : 1

                  Objective                Residual
Iter       Primal          Dual         Primal    Dual     Compl     Time
   0  -4.87292480e+04 -1.82951978e+05  1.08e+02 2.22e-16  1.41e+01     0s
   1  -1.68569469e+04 -1.35852919e+05  2.33e+01 3.55e-15  3.27e+00     0s
   2  -8.70257768e+03 -6.11513886e+04  3.41e+00 3.55e-15  6.54e-01     0s
   3  -7.25973599e+03 -1.58381908e+04  2.04e-03 2.66e-15  7.48e-02     0s
   4  -7.36308351e+03 -1.00169953e+04  2.76e-04 1.78e-15  2.31e-02     0s
   5  -7.39391901e+03 -8.87589211e+03  2.19e-04 1.78e-15  1.29e-02     0s
   6  -7.42612128e+03 -8.08677103e+03  1.62e-04 1.78e-15  5.76e-03     0s
   7  -7.46308929e+03 -7.73080805e+03  1.06e-04 1.78e-15  2.33e-03     0s
   8  -7.47488676e+03 -7.66200566e+03  8.79e-05 1.78e-15  1.63e-03     0s
   9  -7.48405968e+03 -7.63654619e+03  7.50e-05 1.78e-15  1.33e-03     0s
  10  -7.49349871e+03 -7.59858078e+03  6.17e-05 1.78e-15  9.17e-04     0s
  11  -7.49759951e+03 -7.58715424e+03  5.55e-05 1.02e-15  7.81e-04     1s
  12  -7.50221040e+03 -7.57421859e+03  4.82e-05 8.88e-16  6.28e-04     1s
  13  -7.50443541e+03 -7.56484998e+03  4.43e-05 1.78e-15  5.27e-04     1s
  14  -7.50658505e+03 -7.55805502e+03  4.08e-05 1.78e-15  4.49e-04     1s
  15  -7.51336719e+03 -7.55093013e+03  3.00e-05 1.78e-15  3.28e-04     1s
  16  -7.51839277e+03 -7.54444154e+03  2.26e-05 1.78e-15  2.28e-04     1s
  17  -7.52265080e+03 -7.54061753e+03  1.60e-05 8.88e-16  1.57e-04     1s
  18  -7.52397679e+03 -7.53837742e+03  1.36e-05 8.88e-16  1.26e-04     1s
  19  -7.52512999e+03 -7.53747856e+03  1.15e-05 1.02e-15  1.08e-04     1s
  20  -7.52541863e+03 -7.53633094e+03  1.10e-05 1.30e-15  9.54e-05     1s
  21  -7.52660781e+03 -7.53509350e+03  9.01e-06 1.78e-15  7.42e-05     1s
  22  -7.52798451e+03 -7.53381241e+03  6.65e-06 1.78e-15  5.09e-05     1s
  23  -7.52860292e+03 -7.53290888e+03  5.48e-06 8.88e-16  3.77e-05     1s
  24  -7.52920000e+03 -7.53238500e+03  4.40e-06 1.78e-15  2.79e-05     1s
  25  -7.52960696e+03 -7.53218419e+03  3.67e-06 9.89e-16  2.26e-05     1s
  26  -7.53007160e+03 -7.53197612e+03  2.82e-06 1.78e-15  1.67e-05     1s
  27  -7.53022204e+03 -7.53188114e+03  2.69e-06 9.71e-16  1.45e-05     1s
  28  -7.53083115e+03 -7.53181362e+03  1.50e-06 1.78e-15  8.60e-06     1s
  29  -7.53104969e+03 -7.53177294e+03  1.07e-06 9.15e-16  6.33e-06     1s
  30  -7.53120341e+03 -7.53172383e+03  1.10e-06 1.78e-15  4.56e-06     1s
  31  -7.53123944e+03 -7.53171378e+03  1.06e-06 1.78e-15  4.15e-06     1s
  32  -7.53129455e+03 -7.53168556e+03  9.13e-07 9.65e-16  3.42e-06     1s
  33  -7.53147260e+03 -7.53165160e+03  4.12e-07 1.78e-15  1.57e-06     1s
  34  -7.53156501e+03 -7.53164470e+03  1.59e-07 1.78e-15  6.98e-07     1s
  35  -7.53162604e+03 -7.53162798e+03  3.46e-09 1.78e-15  1.69e-08     1s
  36  -7.53162771e+03 -7.53162771e+03  7.28e-13 1.78e-15  1.69e-11     1s

Barrier solved model in 36 iterations and 1.08 seconds
Optimal objective -7.53162771e+03


Root relaxation: objective -7.531628e+03, 45347 iterations, 1.13 seconds

    Nodes    |    Current Node    |     Objective Bounds      |     Work
 Expl Unexpl |  Obj  Depth IntInf | Incumbent    BestBd   Gap | It/Node Time

     0     0 -7531.6277    0  647    0.00000 -7531.6277      -     -    1s
H    0     0                    -7337.480000 -7531.6277  2.65%     -    1s

Explored 0 nodes (52370 simplex iterations) in 1.90 seconds
Thread count was 20 (of 20 available processors)

Solution count 2: -7337.48 0 
Pool objective bound -7531.62

Optimal solution found (tolerance 5.00e-02)
Best objective -7.337480000000e+03, best bound -7.531620000000e+03, gap 2.6459%
Changed value of parameter MIPGap to 0.05
   Prev: 0.0001  Min: 0.0  Max: 1e+100  Default: 0.0001
Changed value of parameter TimeLimit to 1800.0
   Prev: 1e+100  Min: 0.0  Max: 1e+100  Default: 1e+100
Changed value of parameter Method to 2
   Prev: -1  Min: -1  Max: 4  Default: -1
Changed value of parameter MIPFocus to 1
   Prev: 0  Min: 0  Max: 3  Default: 0
Optimize a model with 10898 rows, 57189 columns and 114378 nonzeros
Variable types: 0 continuous, 57189 integer (57189 binary)
Coefficient statistics:
  Matrix range     [1e+00, 2e+01]
  Objective range  [2e+00, 9e+00]
  Bounds range     [1e+00, 1e+00]
  RHS range        [8e+01, 8e+01]
Found heuristic solution: objective 0
Presolve time: 0.16s
Presolved: 10898 rows, 57189 columns, 114378 nonzeros
Variable types: 0 continuous, 57189 integer (57189 binary)
Presolved: 10898 rows, 57189 columns, 114378 nonzeros

Root barrier log...

Ordering time: 0.01s

Barrier statistics:
 AA' NZ     : 5.719e+04
 Factor NZ  : 2.393e+05 (roughly 30 MBytes of memory)
 Factor Ops : 3.883e+07 (less than 1 second per iteration)
 Threads    : 1

                  Objective                Residual
Iter       Primal          Dual         Primal    Dual     Compl     Time
   0  -7.07730043e+04 -3.37705729e+05  1.08e+02 8.88e-16  2.63e+01     0s
   1  -2.38400280e+04 -2.49798191e+05  2.30e+01 6.22e-15  6.05e+00     0s
   2  -1.19117992e+04 -1.10267319e+05  2.89e+00 7.55e-15  1.16e+00     0s
   3  -1.03727042e+04 -4.34767818e+04  2.78e-01 3.55e-15  3.01e-01     0s
   4  -1.03803481e+04 -1.59014213e+04  1.95e-02 3.55e-15  4.84e-02     0s
   5  -1.04421826e+04 -1.25521283e+04  1.08e-02 3.55e-15  1.85e-02     0s
   6  -1.05150710e+04 -1.12754432e+04  3.35e-03 3.55e-15  6.65e-03     0s
   7  -1.05332829e+04 -1.09592931e+04  2.23e-03 3.55e-15  3.73e-03     0s
   8  -1.05403466e+04 -1.08614783e+04  1.82e-03 1.78e-15  2.81e-03     0s
   9  -1.05487864e+04 -1.08021920e+04  1.29e-03 1.78e-15  2.22e-03     0s
  10  -1.05542872e+04 -1.07456056e+04  9.83e-04 3.55e-15  1.67e-03     0s
  11  -1.05575811e+04 -1.07057920e+04  8.22e-04 3.55e-15  1.30e-03     1s
  12  -1.05609404e+04 -1.06775017e+04  6.63e-04 2.09e-15  1.02e-03     1s
  13  -1.05630892e+04 -1.06605397e+04  5.70e-04 3.55e-15  8.53e-04     1s
  14  -1.05668061e+04 -1.06271251e+04  4.48e-04 1.78e-15  5.29e-04     1s
  15  -1.05682775e+04 -1.06185516e+04  3.97e-04 3.55e-15  4.41e-04     1s
  16  -1.05699650e+04 -1.06138119e+04  3.45e-04 3.55e-15  3.84e-04     1s
  17  -1.05722147e+04 -1.06042027e+04  2.79e-04 3.55e-15  2.81e-04     1s
  18  -1.05727638e+04 -1.06018862e+04  2.58e-04 2.63e-15  2.55e-04     1s
  19  -1.05735375e+04 -1.05985418e+04  2.30e-04 3.55e-15  2.19e-04     1s
  20  -1.05744446e+04 -1.05951006e+04  1.99e-04 3.55e-15  1.81e-04     1s
  21  -1.05751254e+04 -1.05916550e+04  1.75e-04 3.55e-15  1.45e-04     1s
  22  -1.05759765e+04 -1.05884012e+04  1.52e-04 3.55e-15  1.09e-04     1s
  23  -1.05767442e+04 -1.05862013e+04  1.28e-04 3.55e-15  8.33e-05     1s
  24  -1.05771607e+04 -1.05850852e+04  1.15e-04 3.55e-15  6.99e-05     1s
  25  -1.05774401e+04 -1.05843078e+04  1.06e-04 3.55e-15  6.06e-05     1s
  26  -1.05779672e+04 -1.05832127e+04  8.71e-05 3.55e-15  4.63e-05     1s
  27  -1.05786093e+04 -1.05825114e+04  6.46e-05 3.55e-15  3.45e-05     1s
  28  -1.05789239e+04 -1.05821183e+04  5.55e-05 1.88e-15  2.82e-05     1s
  29  -1.05791849e+04 -1.05816338e+04  4.53e-05 3.55e-15  2.17e-05     1s
  30  -1.05794029e+04 -1.05810313e+04  3.65e-05 3.55e-15  1.45e-05     1s
  31  -1.05795864e+04 -1.05807979e+04  2.99e-05 3.55e-15  1.08e-05     1s
  32  -1.05797555e+04 -1.05806550e+04  2.36e-05 3.55e-15  8.01e-06     1s
  33  -1.05798568e+04 -1.05806087e+04  1.95e-05 3.55e-15  6.69e-06     1s
  34  -1.05799497e+04 -1.05805562e+04  1.58e-05 3.55e-15  5.40e-06     1s
  35  -1.05799744e+04 -1.05805008e+04  1.48e-05 3.55e-15  4.69e-06     1s
  36  -1.05800896e+04 -1.05804463e+04  1.01e-05 1.86e-15  3.18e-06     1s
  37  -1.05801214e+04 -1.05804094e+04  8.84e-06 3.55e-15  2.57e-06     1s
  38  -1.05802096e+04 -1.05803800e+04  5.49e-06 3.55e-15  1.52e-06     1s
  39  -1.05802411e+04 -1.05803748e+04  4.17e-06 3.55e-15  1.20e-06     1s
  40  -1.05802706e+04 -1.05803528e+04  2.93e-06 3.55e-15  7.37e-07     1s
  41  -1.05802881e+04 -1.05803518e+04  2.19e-06 3.55e-15  5.71e-07     1s
  42  -1.05803223e+04 -1.05803446e+04  6.91e-07 3.55e-15  1.99e-07     1s
  43  -1.05803396e+04 -1.05803408e+04  2.50e-09 3.55e-15  1.08e-08     1s
  44  -1.05803397e+04 -1.05803397e+04  1.13e-12 3.55e-15  3.66e-10     1s

Barrier solved model in 44 iterations and 1.24 seconds
Optimal objective -1.05803397e+04


Root relaxation: objective -1.058034e+04, 42972 iterations, 1.28 seconds

    Nodes    |    Current Node    |     Objective Bounds      |     Work
 Expl Unexpl |  Obj  Depth IntInf | Incumbent    BestBd   Gap | It/Node Time

     0     0 -10580.340    0  576    0.00000 -10580.340      -     -    2s
H    0     0                    -10357.48000 -10580.340  2.15%     -    2s

Explored 0 nodes (54120 simplex iterations) in 2.11 seconds
Thread count was 20 (of 20 available processors)

Solution count 2: -10357.5 0 
Pool objective bound -10580.3

Optimal solution found (tolerance 5.00e-02)
Best objective -1.035748000000e+04, best bound -1.058032000000e+04, gap 2.1515%
Changed value of parameter MIPGap to 0.05
   Prev: 0.0001  Min: 0.0  Max: 1e+100  Default: 0.0001
Changed value of parameter TimeLimit to 1800.0
   Prev: 1e+100  Min: 0.0  Max: 1e+100  Default: 1e+100
Changed value of parameter Method to 2
   Prev: -1  Min: -1  Max: 4  Default: -1
Changed value of parameter MIPFocus to 1
   Prev: 0  Min: 0  Max: 3  Default: 0
Optimize a model with 10898 rows, 57189 columns and 114378 nonzeros
Variable types: 0 continuous, 57189 integer (57189 binary)
Coefficient statistics:
  Matrix range     [1e+00, 2e+01]
  Objective range  [3e+00, 2e+01]
  Bounds range     [1e+00, 1e+00]
  RHS range        [8e+01, 8e+01]
Found heuristic solution: objective 0
Presolve time: 0.16s
Presolved: 10898 rows, 57189 columns, 114378 nonzeros
Variable types: 0 continuous, 57189 integer (57189 binary)
Presolved: 10898 rows, 57189 columns, 114378 nonzeros

Root barrier log...

Ordering time: 0.01s

Barrier statistics:
 AA' NZ     : 5.719e+04
 Factor NZ  : 2.393e+05 (roughly 30 MBytes of memory)
 Factor Ops : 3.883e+07 (less than 1 second per iteration)
 Threads    : 1

                  Objective                Residual
Iter       Primal          Dual         Primal    Dual     Compl     Time
   0  -1.14859680e+05 -6.48110342e+05  1.08e+02 2.22e-15  5.09e+01     0s
   1  -3.82712255e+04 -4.78307998e+05  2.30e+01 1.24e-14  1.17e+01     0s
   2  -1.85584781e+04 -2.10123546e+05  2.61e+00 1.07e-14  2.20e+00     0s
   3  -1.63349327e+04 -1.05830956e+05  1.20e-01 1.07e-14  7.93e-01     0s
   4  -1.65350911e+04 -2.85786150e+04  1.11e-02 7.11e-15  1.05e-01     0s
   5  -1.67826096e+04 -2.27667601e+04  4.73e-03 7.11e-15  5.22e-02     0s
   6  -1.69331589e+04 -2.12289118e+04  2.94e-03 7.11e-15  3.75e-02     0s
   7  -1.69809393e+04 -2.00032013e+04  2.56e-03 7.11e-15  2.64e-02     0s
   8  -1.70573480e+04 -1.94236810e+04  2.06e-03 3.90e-15  2.06e-02     0s
   9  -1.71309722e+04 -1.89375876e+04  1.62e-03 4.20e-15  1.58e-02     0s
  10  -1.71658630e+04 -1.85583479e+04  1.42e-03 7.11e-15  1.21e-02     1s
  11  -1.71983356e+04 -1.84162912e+04  1.24e-03 7.11e-15  1.06e-02     1s
  12  -1.72415254e+04 -1.82165990e+04  1.01e-03 3.87e-15  8.50e-03     1s
  13  -1.72771948e+04 -1.80994986e+04  8.29e-04 4.46e-15  7.17e-03     1s
  14  -1.73077501e+04 -1.79715527e+04  6.77e-04 7.11e-15  5.79e-03     1s
  15  -1.73277769e+04 -1.78526616e+04  5.82e-04 3.55e-15  4.58e-03     1s
  16  -1.73491462e+04 -1.77266859e+04  4.92e-04 7.11e-15  3.29e-03     1s
  17  -1.73706050e+04 -1.76419895e+04  4.00e-04 3.55e-15  2.37e-03     1s
  18  -1.73793852e+04 -1.75939334e+04  3.65e-04 7.11e-15  1.87e-03     1s
  19  -1.73880240e+04 -1.75799671e+04  3.27e-04 3.55e-15  1.68e-03     1s
  20  -1.74036826e+04 -1.75548627e+04  2.59e-04 3.55e-15  1.32e-03     1s
  21  -1.74111570e+04 -1.75401117e+04  2.30e-04 3.55e-15  1.13e-03     1s
  22  -1.74203657e+04 -1.75203952e+04  1.96e-04 3.55e-15  8.74e-04     1s
  23  -1.74266664e+04 -1.75100377e+04  1.68e-04 3.55e-15  7.28e-04     1s
  24  -1.74329974e+04 -1.75013907e+04  1.44e-04 3.55e-15  5.98e-04     1s
  25  -1.74371754e+04 -1.74895480e+04  1.26e-04 3.55e-15  4.58e-04     1s
  26  -1.74420769e+04 -1.74854599e+04  1.05e-04 3.55e-15  3.79e-04     1s
  27  -1.74457116e+04 -1.74815694e+04  8.95e-05 7.11e-15  3.14e-04     1s
  28  -1.74496423e+04 -1.74775540e+04  7.40e-05 3.55e-15  2.44e-04     1s
  29  -1.74525580e+04 -1.74753682e+04  6.13e-05 3.55e-15  2.00e-04     1s
  30  -1.74576057e+04 -1.74702795e+04  4.06e-05 7.11e-15  1.11e-04     1s
  31  -1.74600281e+04 -1.74682170e+04  3.07e-05 3.55e-15  7.18e-05     1s
  32  -1.74626495e+04 -1.74676280e+04  1.90e-05 3.55e-15  4.36e-05     1s
  33  -1.74638359e+04 -1.74675440e+04  1.35e-05 3.55e-15  3.25e-05     1s
  34  -1.74652647e+04 -1.74672035e+04  7.26e-06 3.55e-15  1.70e-05     1s
  35  -1.74654283e+04 -1.74671615e+04  6.53e-06 3.55e-15  1.52e-05     1s
  36  -1.74665035e+04 -1.74671132e+04  1.68e-06 3.55e-15  5.33e-06     1s
  37  -1.74666634e+04 -1.74670077e+04  1.03e-06 3.55e-15  3.01e-06     1s
  38  -1.74668114e+04 -1.74669590e+04  2.67e-07 3.55e-15  1.29e-06     1s
  39  -1.74668733e+04 -1.74669257e+04  8.80e-08 3.55e-15  4.57e-07     1s
  40  -1.74669062e+04 -1.74669067e+04  1.50e-11 3.55e-15  4.22e-09     1s
  41  -1.74669063e+04 -1.74669063e+04  7.64e-13 7.11e-15  4.53e-15     1s

Barrier solved model in 41 iterations and 1.19 seconds
Optimal objective -1.74669063e+04


Root relaxation: objective -1.746691e+04, 36235 iterations, 1.18 seconds

    Nodes    |    Current Node    |     Objective Bounds      |     Work
 Expl Unexpl |  Obj  Depth IntInf | Incumbent    BestBd   Gap | It/Node Time

     0     0 -17466.906    0  555    0.00000 -17466.906      -     -    1s
H    0     0                    -17075.20000 -17466.906  2.29%     -    1s

Explored 0 nodes (48828 simplex iterations) in 1.98 seconds
Thread count was 20 (of 20 available processors)

Solution count 2: -17075.2 0 
Pool objective bound -17466.9

Optimal solution found (tolerance 5.00e-02)
Best objective -1.707520000000e+04, best bound -1.746688000000e+04, gap 2.2939%
Changed value of parameter MIPGap to 0.05
   Prev: 0.0001  Min: 0.0  Max: 1e+100  Default: 0.0001
Changed value of parameter TimeLimit to 1800.0
   Prev: 1e+100  Min: 0.0  Max: 1e+100  Default: 1e+100
Changed value of parameter Method to 2
   Prev: -1  Min: -1  Max: 4  Default: -1
Changed value of parameter MIPFocus to 1
   Prev: 0  Min: 0  Max: 3  Default: 0
Optimize a model with 10898 rows, 57189 columns and 114378 nonzeros
Variable types: 0 continuous, 57189 integer (57189 binary)
Coefficient statistics:
  Matrix range     [1e+00, 2e+01]
  Objective range  [4e+00, 3e+01]
  Bounds range     [1e+00, 1e+00]
  RHS range        [8e+01, 8e+01]
Found heuristic solution: objective 0
Presolve time: 0.16s
Presolved: 10898 rows, 57189 columns, 114378 nonzeros
Variable types: 0 continuous, 57189 integer (57189 binary)
Presolved: 10898 rows, 57189 columns, 114378 nonzeros

Root barrier log...

Ordering time: 0.01s

Barrier statistics:
 AA' NZ     : 5.719e+04
 Factor NZ  : 2.393e+05 (roughly 30 MBytes of memory)
 Factor Ops : 3.883e+07 (less than 1 second per iteration)
 Threads    : 1

                  Objective                Residual
Iter       Primal          Dual         Primal    Dual     Compl     Time
   0  -2.03032719e+05 -1.27655942e+06  1.08e+02 4.44e-15  1.01e+02     0s
   1  -6.72231387e+04 -9.40949869e+05  2.31e+01 2.84e-14  2.32e+01     0s
   2  -3.39129159e+04 -4.12570039e+05  3.65e+00 2.49e-14  4.76e+00     0s
   3  -2.83929139e+04 -1.67904756e+05  5.79e-02 1.42e-14  1.23e+00     0s
   4  -2.88695247e+04 -6.37114662e+04  2.20e-02 1.42e-14  3.05e-01     0s
   5  -2.92697098e+04 -4.86776251e+04  1.58e-02 9.66e-15  1.70e-01     0s
   6  -2.95310396e+04 -4.32552253e+04  1.35e-02 8.08e-15  1.20e-01     0s
   7  -2.98229857e+04 -3.98067077e+04  1.13e-02 1.42e-14  8.73e-02     0s
   8  -2.99489233e+04 -3.81674469e+04  1.03e-02 7.11e-15  7.19e-02     0s
   9  -3.02382781e+04 -3.65373422e+04  7.82e-03 7.11e-15  5.51e-02     0s
  10  -3.04925173e+04 -3.50690803e+04  6.12e-03 7.11e-15  4.00e-02     0s
  11  -3.06339046e+04 -3.41759127e+04  5.23e-03 8.98e-15  3.10e-02     1s
  12  -3.07265790e+04 -3.36404830e+04  4.67e-03 7.11e-15  2.55e-02     1s
  13  -3.07901194e+04 -3.32882406e+04  4.29e-03 1.42e-14  2.19e-02     1s
  14  -3.08533570e+04 -3.29428506e+04  3.87e-03 7.11e-15  1.83e-02     1s
  15  -3.09475648e+04 -3.26760610e+04  3.26e-03 7.11e-15  1.51e-02     1s
  16  -3.10540451e+04 -3.22612769e+04  2.61e-03 7.24e-15  1.06e-02     1s
  17  -3.11217891e+04 -3.20540804e+04  2.23e-03 7.11e-15  8.17e-03     1s
  18  -3.11703283e+04 -3.19333630e+04  1.92e-03 7.11e-15  6.69e-03     1s
  19  -3.12050535e+04 -3.18395405e+04  1.69e-03 7.11e-15  5.56e-03     1s
  20  -3.12371736e+04 -3.17884474e+04  1.49e-03 7.11e-15  4.83e-03     1s
  21  -3.12591771e+04 -3.16833950e+04  1.35e-03 7.11e-15  3.72e-03     1s
  22  -3.12925489e+04 -3.16262567e+04  1.16e-03 7.11e-15  2.93e-03     1s
  23  -3.13092761e+04 -3.16073005e+04  1.06e-03 7.11e-15  2.62e-03     1s
  24  -3.13167206e+04 -3.15815992e+04  1.01e-03 1.42e-14  2.33e-03     1s
  25  -3.13300911e+04 -3.15758162e+04  9.22e-04 7.11e-15  2.16e-03     1s
  26  -3.13370012e+04 -3.15493962e+04  8.75e-04 7.11e-15  1.87e-03     1s
  27  -3.13631336e+04 -3.15335231e+04  6.96e-04 7.11e-15  1.50e-03     1s
  28  -3.13734733e+04 -3.15228475e+04  6.26e-04 7.11e-15  1.31e-03     1s
  29  -3.13848221e+04 -3.15122627e+04  5.55e-04 7.11e-15  1.12e-03     1s
  30  -3.13985592e+04 -3.14950524e+04  4.71e-04 7.11e-15  8.51e-04     1s
  31  -3.14094419e+04 -3.14874645e+04  4.03e-04 7.11e-15  6.88e-04     1s
  32  -3.14155579e+04 -3.14854960e+04  3.60e-04 7.11e-15  6.17e-04     1s
  33  -3.14198336e+04 -3.14829732e+04  3.30e-04 1.42e-14  5.57e-04     1s
  34  -3.14249936e+04 -3.14798953e+04  2.95e-04 7.11e-15  4.85e-04     1s
  35  -3.14330599e+04 -3.14752511e+04  2.44e-04 7.11e-15  3.73e-04     1s
  36  -3.14416253e+04 -3.14722578e+04  1.91e-04 7.11e-15  2.71e-04     1s
  37  -3.14447523e+04 -3.14714272e+04  1.68e-04 7.11e-15  2.36e-04     1s
  38  -3.14480868e+04 -3.14706038e+04  1.44e-04 7.11e-15  1.99e-04     1s
  39  -3.14512419e+04 -3.14701099e+04  1.21e-04 7.11e-15  1.67e-04     1s
  40  -3.14560696e+04 -3.14691778e+04  8.49e-05 7.11e-15  1.16e-04     1s
  41  -3.14600596e+04 -3.14685146e+04  5.62e-05 7.11e-15  7.49e-05     1s
  42  -3.14612334e+04 -3.14682885e+04  4.79e-05 7.11e-15  6.25e-05     1s
  43  -3.14619747e+04 -3.14682778e+04  4.29e-05 8.94e-15  5.58e-05     1s
  44  -3.14633814e+04 -3.14681287e+04  3.21e-05 7.11e-15  4.20e-05     1s
  45  -3.14658045e+04 -3.14679931e+04  1.35e-05 7.11e-15  1.94e-05     1s
  46  -3.14664383e+04 -3.14677910e+04  8.96e-06 7.11e-15  1.20e-05     1s
  47  -3.14665774e+04 -3.14677681e+04  8.11e-06 7.11e-15  1.05e-05     1s
  48  -3.14672300e+04 -3.14677190e+04  3.35e-06 1.42e-14  4.33e-06     1s
  49  -3.14676825e+04 -3.14677232e+04  3.97e-09 7.11e-15  3.54e-07     1s
  50  -3.14676879e+04 -3.14677070e+04  6.03e-10 1.42e-14  1.66e-07     1s
  51  -3.14676889e+04 -3.14676909e+04  2.57e-12 7.11e-15  1.81e-08     1s
  52  -3.14676890e+04 -3.14676893e+04  1.27e-11 1.42e-14  2.38e-09     1s

Barrier solved model in 52 iterations and 1.43 seconds
Optimal objective -3.14676890e+04


Root relaxation: objective -3.146769e+04, 37382 iterations, 1.43 seconds

    Nodes    |    Current Node    |     Objective Bounds      |     Work
 Expl Unexpl |  Obj  Depth IntInf | Incumbent    BestBd   Gap | It/Node Time

     0     0 -31467.689    0  515    0.00000 -31467.689      -     -    2s
H    0     0                    -30611.12000 -31467.689  2.80%     -    2s

Explored 0 nodes (54104 simplex iterations) in 2.27 seconds
Thread count was 20 (of 20 available processors)

Solution count 2: -30611.1 0 
Pool objective bound -31467.7

Optimal solution found (tolerance 5.00e-02)
Best objective -3.061112000000e+04, best bound -3.146768000000e+04, gap 2.7982%
Changed value of parameter MIPGap to 0.05
   Prev: 0.0001  Min: 0.0  Max: 1e+100  Default: 0.0001
Changed value of parameter TimeLimit to 1800.0
   Prev: 1e+100  Min: 0.0  Max: 1e+100  Default: 1e+100
Changed value of parameter Method to 2
   Prev: -1  Min: -1  Max: 4  Default: -1
Changed value of parameter MIPFocus to 1
   Prev: 0  Min: 0  Max: 3  Default: 0
Optimize a model with 10898 rows, 57189 columns and 114378 nonzeros
Variable types: 0 continuous, 57189 integer (57189 binary)
Coefficient statistics:
  Matrix range     [1e+00, 2e+01]
  Objective range  [5e+00, 4e+01]
  Bounds range     [1e+00, 1e+00]
  RHS range        [8e+01, 8e+01]
Found heuristic solution: objective 0
Presolve time: 0.16s
Presolved: 10898 rows, 57189 columns, 114378 nonzeros
Variable types: 0 continuous, 57189 integer (57189 binary)
Presolved: 10898 rows, 57189 columns, 114378 nonzeros

Root barrier log...

Ordering time: 0.01s

Barrier statistics:
 AA' NZ     : 5.719e+04
 Factor NZ  : 2.393e+05 (roughly 30 MBytes of memory)
 Factor Ops : 3.883e+07 (less than 1 second per iteration)
 Threads    : 1

                  Objective                Residual
Iter       Primal          Dual         Primal    Dual     Compl     Time
   0  -2.47119177e+05 -1.59078397e+06  1.08e+02 4.44e-15  1.25e+02     0s
   1  -8.17071291e+04 -1.17227131e+06  2.31e+01 2.84e-14  2.89e+01     0s
   2  -4.10713108e+04 -5.13851486e+05  3.63e+00 2.66e-14  5.94e+00     0s
   3  -3.44634401e+04 -2.16560011e+05  5.72e-02 2.13e-14  1.60e+00     0s
   4  -3.50661810e+04 -8.00814147e+04  2.19e-02 1.42e-14  3.94e-01     0s
   5  -3.55420691e+04 -6.15273403e+04  1.64e-02 1.42e-14  2.27e-01     0s
   6  -3.58056500e+04 -5.40022267e+04  1.40e-02 8.08e-15  1.59e-01     0s
   7  -3.64700028e+04 -5.07886549e+04  8.94e-03 1.42e-14  1.25e-01     0s
   8  -3.67708947e+04 -4.78525931e+04  7.22e-03 8.05e-15  9.68e-02     0s
   9  -3.69803442e+04 -4.48243988e+04  6.29e-03 7.11e-15  6.85e-02     0s
  10  -3.72645669e+04 -4.32997743e+04  5.02e-03 1.42e-14  5.27e-02     0s
  11  -3.74562911e+04 -4.20803353e+04  4.20e-03 1.42e-14  4.04e-02     1s
  12  -3.75747190e+04 -4.15628156e+04  3.71e-03 7.11e-15  3.48e-02     1s
  13  -3.76479973e+04 -4.10820731e+04  3.38e-03 1.42e-14  3.00e-02     1s
  14  -3.77519151e+04 -4.06032380e+04  2.93e-03 9.12e-15  2.49e-02     1s
  15  -3.78416754e+04 -4.02191580e+04  2.57e-03 1.42e-14  2.08e-02     1s
  16  -3.80092479e+04 -3.97213168e+04  1.89e-03 8.20e-15  1.50e-02     1s
  17  -3.80700630e+04 -3.94831032e+04  1.65e-03 1.42e-14  1.23e-02     1s
  18  -3.81288091e+04 -3.92904711e+04  1.40e-03 1.42e-14  1.02e-02     1s
  19  -3.81752787e+04 -3.90494717e+04  1.21e-03 7.64e-15  7.65e-03     1s
  20  -3.82152596e+04 -3.89149570e+04  1.05e-03 1.42e-14  6.12e-03     1s
  21  -3.82561152e+04 -3.88208735e+04  8.94e-04 7.14e-15  4.94e-03     1s
  22  -3.82919856e+04 -3.87137040e+04  7.50e-04 8.12e-15  3.69e-03     1s
  23  -3.83006653e+04 -3.86904475e+04  7.14e-04 7.13e-15  3.41e-03     1s
  24  -3.83264325e+04 -3.86304281e+04  6.05e-04 1.42e-14  2.66e-03     1s
  25  -3.83441850e+04 -3.85965231e+04  5.30e-04 1.42e-14  2.21e-03     1s
  26  -3.83591574e+04 -3.85722882e+04  4.67e-04 7.11e-15  1.87e-03     1s
  27  -3.83767722e+04 -3.85536001e+04  4.02e-04 1.42e-14  1.55e-03     1s
  28  -3.83882199e+04 -3.85357606e+04  3.54e-04 7.11e-15  1.29e-03     1s
  29  -3.84119620e+04 -3.85192614e+04  2.63e-04 7.11e-15  9.41e-04     1s
  30  -3.84241521e+04 -3.85062150e+04  2.23e-04 7.11e-15  7.21e-04     1s
  31  -3.84341740e+04 -3.84929680e+04  1.82e-04 7.11e-15  5.17e-04     1s
  32  -3.84401664e+04 -3.84889764e+04  1.55e-04 7.11e-15  4.29e-04     1s
  33  -3.84439800e+04 -3.84850464e+04  1.38e-04 7.11e-15  3.61e-04     1s
  34  -3.84510573e+04 -3.84798913e+04  1.07e-04 7.11e-15  2.54e-04     1s
  35  -3.84543515e+04 -3.84777911e+04  9.18e-05 1.42e-14  2.07e-04     1s
  36  -3.84605087e+04 -3.84771063e+04  6.42e-05 1.42e-14  1.46e-04     1s
  37  -3.84612191e+04 -3.84769321e+04  6.14e-05 7.11e-15  1.38e-04     1s
  38  -3.84629256e+04 -3.84764822e+04  5.37e-05 1.42e-14  1.20e-04     1s
  39  -3.84658435e+04 -3.84761064e+04  4.06e-05 7.11e-15  9.05e-05     1s
  40  -3.84669205e+04 -3.84757819e+04  3.54e-05 7.24e-15  7.81e-05     1s
  41  -3.84671574e+04 -3.84755846e+04  3.44e-05 7.11e-15  7.43e-05     1s
  42  -3.84693351e+04 -3.84754029e+04  2.51e-05 1.42e-14  5.35e-05     1s
  43  -3.84736869e+04 -3.84749088e+04  4.67e-06 1.42e-14  1.08e-05     1s
  44  -3.84746841e+04 -3.84747738e+04  1.93e-07 1.42e-14  7.87e-07     1s
  45  -3.84747361e+04 -3.84747361e+04  3.96e-13 1.42e-14  8.95e-11     1s

Barrier solved model in 45 iterations and 1.27 seconds
Optimal objective -3.84747361e+04


Root relaxation: objective -3.847474e+04, 37292 iterations, 1.27 seconds

    Nodes    |    Current Node    |     Objective Bounds      |     Work
 Expl Unexpl |  Obj  Depth IntInf | Incumbent    BestBd   Gap | It/Node Time

     0     0 -38474.736    0  567    0.00000 -38474.736      -     -    2s
H    0     0                    -37216.20000 -38474.736  3.38%     -    2s

Explored 0 nodes (49905 simplex iterations) in 2.05 seconds
Thread count was 20 (of 20 available processors)

Solution count 2: -37216.2 0 
Pool objective bound -38474.6

Optimal solution found (tolerance 5.00e-02)
Best objective -3.721620000000e+04, best bound -3.847460000000e+04, gap 3.3813%
Changed value of parameter MIPGap to 0.05
   Prev: 0.0001  Min: 0.0  Max: 1e+100  Default: 0.0001
Changed value of parameter TimeLimit to 1800.0
   Prev: 1e+100  Min: 0.0  Max: 1e+100  Default: 1e+100
Changed value of parameter Method to 2
   Prev: -1  Min: -1  Max: 4  Default: -1
Changed value of parameter MIPFocus to 1
   Prev: 0  Min: 0  Max: 3  Default: 0
Optimize a model with 10898 rows, 57189 columns and 114378 nonzeros
Variable types: 0 continuous, 57189 integer (57189 binary)
Coefficient statistics:
  Matrix range     [1e+00, 2e+01]
  Objective range  [9e+00, 9e+01]
  Bounds range     [1e+00, 1e+00]
  RHS range        [8e+01, 8e+01]
Found heuristic solution: objective 0
Presolve time: 0.16s
Presolved: 10898 rows, 57189 columns, 114378 nonzeros
Variable types: 0 continuous, 57189 integer (57189 binary)
Presolved: 10898 rows, 57189 columns, 114378 nonzeros

Root barrier log...

Ordering time: 0.01s

Barrier statistics:
 AA' NZ     : 5.719e+04
 Factor NZ  : 2.393e+05 (roughly 30 MBytes of memory)
 Factor Ops : 3.883e+07 (less than 1 second per iteration)
 Threads    : 1

                  Objective                Residual
Iter       Primal          Dual         Primal    Dual     Compl     Time
   0  -4.67551336e+05 -3.16190667e+06  1.08e+02 8.88e-15  2.50e+02     0s
   1  -1.54143007e+05 -2.32888613e+06  2.31e+01 4.97e-14  5.76e+01     0s
   2  -7.52876915e+04 -1.01998824e+06  3.08e+00 5.68e-14  1.13e+01     0s
   3  -6.49702710e+04 -3.98378094e+05  2.46e-02 4.26e-14  2.91e+00     0s
   4  -6.63992591e+04 -1.58322805e+05  9.95e-03 2.84e-14  8.02e-01     0s
   5  -6.73470004e+04 -1.22185654e+05  7.46e-03 2.84e-14  4.78e-01     0s
   6  -6.81031397e+04 -1.08278117e+05  6.03e-03 2.84e-14  3.50e-01     0s
   7  -6.94433884e+04 -9.81906097e+04  3.87e-03 2.84e-14  2.51e-01     0s
   8  -6.99409436e+04 -9.22453210e+04  3.37e-03 2.84e-14  1.94e-01     0s
   9  -7.05185408e+04 -8.67730355e+04  2.78e-03 2.84e-14  1.42e-01     0s
  10  -7.10632826e+04 -8.27100044e+04  2.26e-03 2.84e-14  1.02e-01     0s
  11  -7.12972890e+04 -8.05639755e+04  2.07e-03 2.84e-14  8.08e-02     1s
  12  -7.16407027e+04 -7.91179714e+04  1.73e-03 2.84e-14  6.52e-02     1s
  13  -7.19076236e+04 -7.81761681e+04  1.47e-03 1.55e-14  5.47e-02     1s
  14  -7.21782533e+04 -7.70605976e+04  1.22e-03 2.84e-14  4.26e-02     1s
  15  -7.23832661e+04 -7.65735641e+04  1.04e-03 1.47e-14  3.66e-02     1s
  16  -7.25867886e+04 -7.58601604e+04  8.56e-04 1.42e-14  2.86e-02     1s
  17  -7.27465770e+04 -7.53591667e+04  7.08e-04 1.43e-14  2.28e-02     1s
  18  -7.28704676e+04 -7.48322210e+04  5.95e-04 2.84e-14  1.71e-02     1s
  19  -7.29346513e+04 -7.45979920e+04  5.33e-04 1.79e-14  1.45e-02     1s
  20  -7.29805318e+04 -7.44090884e+04  4.88e-04 2.84e-14  1.25e-02     1s
  21  -7.30580692e+04 -7.41863368e+04  4.24e-04 1.44e-14  9.85e-03     1s
  22  -7.31307502e+04 -7.40088472e+04  3.60e-04 1.42e-14  7.67e-03     1s
  23  -7.31807744e+04 -7.38237305e+04  3.17e-04 1.42e-14  5.62e-03     1s
  24  -7.32206686e+04 -7.37749207e+04  2.79e-04 1.42e-14  4.84e-03     1s
  25  -7.32549298e+04 -7.37356614e+04  2.46e-04 1.42e-14  4.20e-03     1s
  26  -7.33047368e+04 -7.36874265e+04  1.98e-04 2.84e-14  3.34e-03     1s
  27  -7.33375864e+04 -7.36325577e+04  1.69e-04 1.42e-14  2.58e-03     1s
  28  -7.33560335e+04 -7.35945951e+04  1.51e-04 1.42e-14  2.09e-03     1s
  29  -7.34004045e+04 -7.35660240e+04  1.10e-04 2.84e-14  1.45e-03     1s
  30  -7.34193661e+04 -7.35455586e+04  9.10e-05 2.84e-14  1.10e-03     1s
  31  -7.34456317e+04 -7.35360261e+04  6.57e-05 1.42e-14  7.91e-04     1s
  32  -7.34544729e+04 -7.35285196e+04  5.67e-05 1.42e-14  6.48e-04     1s
  33  -7.34603313e+04 -7.35254268e+04  5.08e-05 1.42e-14  5.70e-04     1s
  34  -7.34652773e+04 -7.35228622e+04  4.57e-05 2.84e-14  5.04e-04     1s
  35  -7.34784877e+04 -7.35188522e+04  3.46e-05 1.42e-14  3.54e-04     1s
  36  -7.34870154e+04 -7.35168002e+04  2.65e-05 2.84e-14  2.61e-04     1s
  37  -7.34932591e+04 -7.35145514e+04  2.06e-05 1.57e-14  1.87e-04     1s
  38  -7.34988479e+04 -7.35134777e+04  1.39e-05 1.42e-14  1.28e-04     1s
  39  -7.35046506e+04 -7.35125218e+04  7.21e-06 1.42e-14  6.90e-05     1s
  40  -7.35074621e+04 -7.35116120e+04  4.03e-06 2.84e-14  3.64e-05     1s
  41  -7.35111062e+04 -7.35111338e+04  2.25e-10 2.84e-14  2.41e-07     1s
  42  -7.35111111e+04 -7.35111111e+04  4.33e-13 2.84e-14  2.41e-10     1s

Barrier solved model in 42 iterations and 1.21 seconds
Optimal objective -7.35111111e+04


Root relaxation: objective -7.351111e+04, 37305 iterations, 1.21 seconds

    Nodes    |    Current Node    |     Objective Bounds      |     Work
 Expl Unexpl |  Obj  Depth IntInf | Incumbent    BestBd   Gap | It/Node Time

     0     0 -73511.111    0  440    0.00000 -73511.111      -     -    2s
H    0     0                    -71784.60000 -73511.111  2.41%     -    2s

Explored 0 nodes (56772 simplex iterations) in 2.10 seconds
Thread count was 20 (of 20 available processors)

Solution count 2: -71784.6 0 
Pool objective bound -73511

Optimal solution found (tolerance 5.00e-02)
Best objective -7.178460000000e+04, best bound -7.351100000000e+04, gap 2.4050%
Changed value of parameter MIPGap to 0.05
   Prev: 0.0001  Min: 0.0  Max: 1e+100  Default: 0.0001
Changed value of parameter TimeLimit to 1800.0
   Prev: 1e+100  Min: 0.0  Max: 1e+100  Default: 1e+100
Changed value of parameter Method to 2
   Prev: -1  Min: -1  Max: 4  Default: -1
Changed value of parameter MIPFocus to 1
   Prev: 0  Min: 0  Max: 3  Default: 0
Optimize a model with 10898 rows, 57189 columns and 114378 nonzeros
Variable types: 0 continuous, 57189 integer (57189 binary)
Coefficient statistics:
  Matrix range     [1e+00, 2e+01]
  Objective range  [2e+01, 2e+02]
  Bounds range     [1e+00, 1e+00]
  RHS range        [8e+01, 8e+01]
Found heuristic solution: objective 0
Presolve time: 0.16s
Presolved: 10898 rows, 57189 columns, 114378 nonzeros
Variable types: 0 continuous, 57189 integer (57189 binary)
Presolved: 10898 rows, 57189 columns, 114378 nonzeros

Root barrier log...

Ordering time: 0.01s

Barrier statistics:
 AA' NZ     : 5.719e+04
 Factor NZ  : 2.393e+05 (roughly 30 MBytes of memory)
 Factor Ops : 3.883e+07 (less than 1 second per iteration)
 Threads    : 1

                  Objective                Residual
Iter       Primal          Dual         Primal    Dual     Compl     Time
   0  -9.08415526e+05 -6.30415208e+06  1.08e+02 1.78e-14  4.98e+02     0s
   1  -2.99020161e+05 -4.64212098e+06  2.31e+01 9.95e-14  1.15e+02     0s
   2  -1.45482815e+05 -2.03260851e+06  3.07e+00 9.95e-14  2.25e+01     0s
   3  -1.25896933e+05 -8.09618075e+05  2.37e-02 7.64e-14  5.98e+00     0s
   4  -1.28894417e+05 -3.19078180e+05  9.20e-03 5.95e-14  1.66e+00     0s
   5  -1.30885169e+05 -2.42048192e+05  6.89e-03 5.68e-14  9.70e-01     0s
   6  -1.32680201e+05 -2.19628827e+05  5.83e-03 3.62e-14  7.58e-01     0s
   7  -1.34799327e+05 -2.05541453e+05  4.35e-03 3.81e-14  6.17e-01     0s
   8  -1.36085433e+05 -1.89618860e+05  3.66e-03 3.32e-14  4.67e-01     0s
   9  -1.37312262e+05 -1.79333486e+05  2.99e-03 3.65e-14  3.66e-01     0s
  10  -1.38593205e+05 -1.68938818e+05  2.34e-03 3.24e-14  2.65e-01     0s
  11  -1.39346573e+05 -1.63118165e+05  1.96e-03 5.68e-14  2.07e-01     1s
  12  -1.39894714e+05 -1.59330994e+05  1.68e-03 5.68e-14  1.69e-01     1s
  13  -1.40427416e+05 -1.56030363e+05  1.44e-03 5.68e-14  1.36e-01     1s
  14  -1.40926656e+05 -1.53771292e+05  1.19e-03 2.84e-14  1.12e-01     1s
  15  -1.41515649e+05 -1.51454034e+05  9.15e-04 5.68e-14  8.67e-02     1s
  16  -1.42049148e+05 -1.48921074e+05  6.72e-04 5.68e-14  5.99e-02     1s
  17  -1.42348459e+05 -1.47519824e+05  5.45e-04 2.84e-14  4.51e-02     1s
  18  -1.42518184e+05 -1.46622592e+05  4.67e-04 2.97e-14  3.58e-02     1s
  19  -1.42650310e+05 -1.46400521e+05  4.09e-04 5.68e-14  3.27e-02     1s
  20  -1.42774606e+05 -1.45570075e+05  3.53e-04 5.68e-14  2.44e-02     1s
  21  -1.42887515e+05 -1.45277139e+05  3.03e-04 5.68e-14  2.08e-02     1s
  22  -1.42928257e+05 -1.44948474e+05  2.86e-04 5.68e-14  1.76e-02     1s
  23  -1.43138511e+05 -1.44737468e+05  2.00e-04 3.31e-14  1.39e-02     1s
  24  -1.43172420e+05 -1.44409045e+05  1.85e-04 2.84e-14  1.08e-02     1s
  25  -1.43262406e+05 -1.44159094e+05  1.47e-04 2.84e-14  7.83e-03     1s
  26  -1.43324896e+05 -1.44007834e+05  1.19e-04 2.84e-14  5.96e-03     1s
  27  -1.43390020e+05 -1.43837594e+05  9.36e-05 2.84e-14  3.91e-03     1s
  28  -1.43468464e+05 -1.43735188e+05  6.10e-05 2.84e-14  2.33e-03     1s
  29  -1.43509095e+05 -1.43691984e+05  4.34e-05 5.68e-14  1.60e-03     1s
  30  -1.43539778e+05 -1.43667581e+05  2.93e-05 5.68e-14  1.12e-03     1s
  31  -1.43551036e+05 -1.43651327e+05  2.43e-05 2.84e-14  8.76e-04     1s
  32  -1.43562138e+05 -1.43637328e+05  1.93e-05 2.84e-14  6.57e-04     1s
  33  -1.43572969e+05 -1.43622341e+05  1.48e-05 5.68e-14  4.32e-04     1s
  34  -1.43586103e+05 -1.43616150e+05  9.06e-06 2.84e-14  2.63e-04     1s
  35  -1.43588623e+05 -1.43613013e+05  7.94e-06 2.84e-14  2.13e-04     1s
  36  -1.43596197e+05 -1.43610184e+05  4.70e-06 2.84e-14  1.22e-04     1s
  37  -1.43603492e+05 -1.43608751e+05  1.57e-06 2.84e-14  4.60e-05     1s
  38  -1.43606699e+05 -1.43607608e+05  2.14e-07 5.68e-14  7.94e-06     1s
  39  -1.43607235e+05 -1.43607252e+05  1.39e-12 5.68e-14  1.46e-07     1s
  40  -1.43607236e+05 -1.43607236e+05  7.95e-12 5.68e-14  1.16e-12     1s

Barrier solved model in 40 iterations and 1.16 seconds
Optimal objective -1.43607236e+05


Root relaxation: objective -1.436072e+05, 34814 iterations, 1.16 seconds

    Nodes    |    Current Node    |     Objective Bounds      |     Work
 Expl Unexpl |  Obj  Depth IntInf | Incumbent    BestBd   Gap | It/Node Time

     0     0 -143607.24    0  563    0.00000 -143607.24      -     -    1s
H    0     0                    -138632.4000 -143607.24  3.59%     -    1s

Explored 0 nodes (46026 simplex iterations) in 1.94 seconds
Thread count was 20 (of 20 available processors)

Solution count 2: -138632 0 
Pool objective bound -143607

Optimal solution found (tolerance 5.00e-02)
Best objective -1.386324000000e+05, best bound -1.436072000000e+05, gap 3.5885%
Changed value of parameter MIPGap to 0.05
   Prev: 0.0001  Min: 0.0  Max: 1e+100  Default: 0.0001
Changed value of parameter TimeLimit to 1800.0
   Prev: 1e+100  Min: 0.0  Max: 1e+100  Default: 1e+100
Changed value of parameter Method to 2
   Prev: -1  Min: -1  Max: 4  Default: -1
Changed value of parameter MIPFocus to 1
   Prev: 0  Min: 0  Max: 3  Default: 0
Optimize a model with 10898 rows, 57189 columns and 114378 nonzeros
Variable types: 0 continuous, 57189 integer (57189 binary)
Coefficient statistics:
  Matrix range     [1e+00, 2e+01]
  Objective range  [4e+01, 4e+02]
  Bounds range     [1e+00, 1e+00]
  RHS range        [8e+01, 8e+01]
Found heuristic solution: objective 0
Presolve time: 0.16s
Presolved: 10898 rows, 57189 columns, 114378 nonzeros
Variable types: 0 continuous, 57189 integer (57189 binary)
Presolved: 10898 rows, 57189 columns, 114378 nonzeros

Root barrier log...

Ordering time: 0.01s

Barrier statistics:
 AA' NZ     : 5.719e+04
 Factor NZ  : 2.393e+05 (roughly 30 MBytes of memory)
 Factor Ops : 3.883e+07 (less than 1 second per iteration)
 Threads    : 1

                  Objective                Residual
Iter       Primal          Dual         Primal    Dual     Compl     Time
   0  -2.23100799e+06 -1.57308883e+07  1.08e+02 5.68e-14  1.24e+03     0s
   1  -7.33651781e+05 -1.15818339e+07  2.32e+01 2.84e-13  2.87e+02     0s
   2  -3.56079599e+05 -5.07043866e+06  3.06e+00 2.27e-13  5.63e+01     0s
   3  -3.08560078e+05 -2.04243031e+06  1.44e-02 2.34e-13  1.51e+01     0s
   4  -3.16185215e+05 -7.96893140e+05  5.25e-03 1.56e-13  4.19e+00     0s
   5  -3.21239670e+05 -6.09207652e+05  3.87e-03 1.23e-13  2.51e+00     0s
   6  -3.25861283e+05 -5.53245369e+05  3.25e-03 1.14e-13  1.98e+00     0s
   7  -3.31187230e+05 -5.15234060e+05  2.40e-03 1.14e-13  1.60e+00     0s
   8  -3.34389184e+05 -4.76581325e+05  2.01e-03 1.14e-13  1.24e+00     0s
   9  -3.37675077e+05 -4.43645241e+05  1.63e-03 1.14e-13  9.23e-01     0s
  10  -3.40637128e+05 -4.10804071e+05  1.31e-03 1.14e-13  6.11e-01     0s
  11  -3.44038918e+05 -3.95608493e+05  9.11e-04 1.14e-13  4.49e-01     1s
  12  -3.45227984e+05 -3.88017231e+05  7.89e-04 1.14e-13  3.73e-01     1s
  13  -3.46535256e+05 -3.80119838e+05  6.61e-04 1.14e-13  2.93e-01     1s
  14  -3.47503373e+05 -3.77214172e+05  5.72e-04 1.14e-13  2.59e-01     1s
  15  -3.48136817e+05 -3.69784072e+05  5.08e-04 1.14e-13  1.89e-01     1s
  16  -3.49362702e+05 -3.62958411e+05  3.97e-04 1.14e-13  1.19e-01     1s
  17  -3.50272471e+05 -3.60517917e+05  3.23e-04 1.14e-13  8.93e-02     1s
  18  -3.50629780e+05 -3.59460844e+05  2.92e-04 1.14e-13  7.70e-02     1s
  19  -3.50772189e+05 -3.58916822e+05  2.80e-04 1.14e-13  7.10e-02     1s
  20  -3.51156852e+05 -3.58312688e+05  2.46e-04 1.14e-13  6.24e-02     1s
  21  -3.51417430e+05 -3.57770419e+05  2.22e-04 1.14e-13  5.54e-02     1s
  22  -3.51735820e+05 -3.56829459e+05  2.00e-04 1.14e-13  4.44e-02     1s
  23  -3.51930880e+05 -3.56295322e+05  1.79e-04 1.14e-13  3.81e-02     1s
  24  -3.52178643e+05 -3.55913293e+05  1.55e-04 1.14e-13  3.26e-02     1s
  25  -3.52316108e+05 -3.55598963e+05  1.43e-04 1.14e-13  2.86e-02     1s
  26  -3.52545607e+05 -3.55245144e+05  1.21e-04 1.14e-13  2.36e-02     1s
  27  -3.52771689e+05 -3.54757576e+05  1.03e-04 1.14e-13  1.73e-02     1s
  28  -3.52894402e+05 -3.54687623e+05  9.16e-05 1.14e-13  1.56e-02     1s
  29  -3.52962778e+05 -3.54456192e+05  8.50e-05 1.14e-13  1.30e-02     1s
  30  -3.53168097e+05 -3.54299194e+05  6.79e-05 1.14e-13  9.88e-03     1s
  31  -3.53201952e+05 -3.54198235e+05  6.57e-05 1.14e-13  8.70e-03     1s
  32  -3.53368894e+05 -3.54137033e+05  5.03e-05 1.14e-13  6.71e-03     1s
  33  -3.53438129e+05 -3.54102088e+05  4.39e-05 1.14e-13  5.80e-03     1s
  34  -3.53501402e+05 -3.54063529e+05  3.80e-05 1.14e-13  4.91e-03     1s
  35  -3.53606059e+05 -3.54015912e+05  2.92e-05 1.14e-13  3.58e-03     1s
  36  -3.53721771e+05 -3.53966851e+05  1.83e-05 1.14e-13  2.14e-03     1s
  37  -3.53766001e+05 -3.53960333e+05  1.47e-05 1.14e-13  1.70e-03     1s
  38  -3.53782183e+05 -3.53946549e+05  1.31e-05 1.14e-13  1.44e-03     1s
  39  -3.53807621e+05 -3.53939114e+05  1.06e-05 1.14e-13  1.15e-03     1s
  40  -3.53842586e+05 -3.53935678e+05  7.18e-06 1.14e-13  8.13e-04     1s
  41  -3.53853876e+05 -3.53931897e+05  6.29e-06 1.14e-13  6.82e-04     1s
  42  -3.53893279e+05 -3.53921362e+05  2.48e-06 1.14e-13  2.46e-04     1s
  43  -3.53917052e+05 -3.53919824e+05  1.50e-07 1.14e-13  2.42e-05     1s
  44  -3.53918365e+05 -3.53919104e+05  4.60e-08 1.71e-13  6.45e-06     1s
  45  -3.53918985e+05 -3.53918987e+05  3.64e-11 1.14e-13  1.56e-08     1s
  46  -3.53918986e+05 -3.53918986e+05  8.14e-12 1.14e-13  1.11e-13     1s

Barrier solved model in 46 iterations and 1.29 seconds
Optimal objective -3.53918986e+05


Root relaxation: objective -3.539190e+05, 34187 iterations, 1.30 seconds

    Nodes    |    Current Node    |     Objective Bounds      |     Work
 Expl Unexpl |  Obj  Depth IntInf | Incumbent    BestBd   Gap | It/Node Time

     0     0 -353918.99    0  451    0.00000 -353918.99      -     -    2s
H    0     0                    -345108.0000 -353918.99  2.55%     -    2s

Explored 0 nodes (52200 simplex iterations) in 2.15 seconds
Thread count was 20 (of 20 available processors)

Solution count 2: -345108 0 
Pool objective bound -353919

Optimal solution found (tolerance 5.00e-02)
Best objective -3.451080000000e+05, best bound -3.539189861111e+05, gap 2.5531%
Changed value of parameter MIPGap to 0.05
   Prev: 0.0001  Min: 0.0  Max: 1e+100  Default: 0.0001
Changed value of parameter TimeLimit to 1800.0
   Prev: 1e+100  Min: 0.0  Max: 1e+100  Default: 1e+100
Changed value of parameter Method to 2
   Prev: -1  Min: -1  Max: 4  Default: -1
Changed value of parameter MIPFocus to 1
   Prev: 0  Min: 0  Max: 3  Default: 0
Optimize a model with 10898 rows, 57189 columns and 114378 nonzeros
Variable types: 0 continuous, 57189 integer (57189 binary)
Coefficient statistics:
  Matrix range     [1e+00, 2e+01]
  Objective range  [4e+02, 4e+03]
  Bounds range     [1e+00, 1e+00]
  RHS range        [8e+01, 8e+01]
Found heuristic solution: objective 0
Presolve time: 0.15s
Presolved: 10898 rows, 57189 columns, 114378 nonzeros
Variable types: 0 continuous, 57189 integer (57189 binary)
Presolved: 10898 rows, 57189 columns, 114378 nonzeros

Root barrier log...

Ordering time: 0.01s

Barrier statistics:
 AA' NZ     : 5.719e+04
 Factor NZ  : 2.393e+05 (roughly 30 MBytes of memory)
 Factor Ops : 3.883e+07 (less than 1 second per iteration)
 Threads    : 1

                  Objective                Residual
Iter       Primal          Dual         Primal    Dual     Compl     Time
   0  -2.20698946e+07 -1.57131932e+08  1.08e+02 4.55e-13  1.24e+04     0s
   1  -7.25313106e+06 -1.15677591e+08  2.32e+01 2.96e-12  2.87e+03     0s
   2  -3.51508209e+06 -5.06376531e+07  3.05e+00 2.96e-12  5.62e+02     0s
   3  -3.04470276e+06 -2.04994970e+07  1.61e-02 1.82e-12  1.52e+02     0s
   4  -3.12242128e+06 -8.09984413e+06  6.06e-03 1.38e-12  4.34e+01     0s
   5  -3.16244837e+06 -6.16376308e+06  4.55e-03 9.70e-13  2.62e+01     0s
   6  -3.20861700e+06 -5.41444131e+06  3.56e-03 9.17e-13  1.92e+01     0s
   7  -3.29194991e+06 -4.77705206e+06  2.01e-03 9.24e-13  1.29e+01     0s
   8  -3.31178236e+06 -4.50420471e+06  1.78e-03 1.36e-12  1.04e+01     0s
   9  -3.36592835e+06 -4.26681703e+06  1.11e-03 9.09e-13  7.85e+00     0s
  10  -3.39056718e+06 -4.04155900e+06  8.95e-04 9.09e-13  5.67e+00     0s
  11  -3.41055204e+06 -3.96305401e+06  7.22e-04 9.09e-13  4.81e+00     0s
  12  -3.42065888e+06 -3.89917841e+06  6.34e-04 9.09e-13  4.17e+00     1s
  13  -3.42949308e+06 -3.82467513e+06  5.64e-04 9.14e-13  3.44e+00     1s
  14  -3.43862322e+06 -3.75885330e+06  4.89e-04 9.09e-13  2.79e+00     1s
  15  -3.45139780e+06 -3.69064918e+06  4.05e-04 9.09e-13  2.08e+00     1s
  16  -3.46449850e+06 -3.64148403e+06  3.04e-04 9.09e-13  1.54e+00     1s
  17  -3.46976071e+06 -3.62218619e+06  2.64e-04 9.09e-13  1.33e+00     1s
  18  -3.47552988e+06 -3.58756850e+06  2.23e-04 9.09e-13  9.76e-01     1s
  19  -3.47852425e+06 -3.57290274e+06  2.02e-04 9.96e-13  8.23e-01     1s
  20  -3.48091240e+06 -3.56654579e+06  1.84e-04 9.09e-13  7.46e-01     1s
  21  -3.48434398e+06 -3.54936898e+06  1.60e-04 9.09e-13  5.67e-01     1s
  22  -3.48823779e+06 -3.53468457e+06  1.34e-04 9.09e-13  4.05e-01     1s
  23  -3.49275295e+06 -3.53054355e+06  1.06e-04 9.09e-13  3.29e-01     1s
  24  -3.49445652e+06 -3.52642895e+06  9.37e-05 9.09e-13  2.79e-01     1s
  25  -3.49701014e+06 -3.52061774e+06  7.59e-05 9.09e-13  2.06e-01     1s
  26  -3.49847715e+06 -3.51737064e+06  6.59e-05 9.09e-13  1.65e-01     1s
  27  -3.50026409e+06 -3.51476250e+06  5.58e-05 9.09e-13  1.26e-01     1s
  28  -3.50107554e+06 -3.51373054e+06  5.01e-05 9.09e-13  1.10e-01     1s
  29  -3.50325109e+06 -3.51219453e+06  3.78e-05 9.09e-13  7.80e-02     1s
  30  -3.50471958e+06 -3.51110191e+06  2.94e-05 9.09e-13  5.57e-02     1s
  31  -3.50543892e+06 -3.51011172e+06  2.48e-05 9.09e-13  4.08e-02     1s
  32  -3.50621729e+06 -3.50962988e+06  1.85e-05 9.09e-13  2.98e-02     1s
  33  -3.50696789e+06 -3.50930653e+06  1.25e-05 9.09e-13  2.04e-02     1s
  34  -3.50745294e+06 -3.50906320e+06  8.54e-06 9.09e-13  1.41e-02     1s
  35  -3.50770812e+06 -3.50885177e+06  6.55e-06 9.09e-13  9.99e-03     1s
  36  -3.50798966e+06 -3.50874783e+06  4.66e-06 9.09e-13  6.62e-03     1s
  37  -3.50820504e+06 -3.50872181e+06  3.11e-06 9.09e-13  4.51e-03     1s
  38  -3.50838103e+06 -3.50864265e+06  1.70e-06 9.09e-13  2.29e-03     1s
  39  -3.50855140e+06 -3.50861241e+06  3.05e-07 9.09e-13  5.33e-04     1s
  40  -3.50858748e+06 -3.50859839e+06  5.39e-08 1.82e-12  9.53e-05     1s
  41  -3.50859583e+06 -3.50859588e+06  1.49e-11 9.09e-13  4.03e-07     1s
  42  -3.50859585e+06 -3.50859585e+06  1.83e-11 9.09e-13  4.03e-10     1s

Barrier solved model in 42 iterations and 1.13 seconds
Optimal objective -3.50859585e+06


Root relaxation: objective -3.508596e+06, 35883 iterations, 1.14 seconds

    Nodes    |    Current Node    |     Objective Bounds      |     Work
 Expl Unexpl |  Obj  Depth IntInf | Incumbent    BestBd   Gap | It/Node Time

     0     0 -3508595.8    0  529    0.00000 -3508595.8      -     -    1s
H    0     0                    -3394975.000 -3508595.8  3.35%     -    1s

Explored 0 nodes (48493 simplex iterations) in 1.89 seconds
Thread count was 20 (of 20 available processors)

Solution count 2: -3.39498e+06 0 
Pool objective bound -3.5086e+06

Optimal solution found (tolerance 5.00e-02)
Best objective -3.394975000000e+06, best bound -3.508595847222e+06, gap 3.3467%
