Changed value of parameter MIPGap to 0.05
   Prev: 0.0001  Min: 0.0  Max: 1e+100  Default: 0.0001
Changed value of parameter TimeLimit to 1800.0
   Prev: 1e+100  Min: 0.0  Max: 1e+100  Default: 1e+100
Changed value of parameter Method to 2
   Prev: -1  Min: -1  Max: 4  Default: -1
Changed value of parameter MIPFocus to 1
   Prev: 0  Min: 0  Max: 3  Default: 0
Optimize a model with 4480 rows, 6570 columns and 13140 nonzeros
Variable types: 0 continuous, 6570 integer (6570 binary)
Coefficient statistics:
  Matrix range     [1e+00, 6e+00]
  Objective range  [1e+00, 1e+00]
  Bounds range     [1e+00, 1e+00]
  RHS range        [8e+01, 8e+01]
Found heuristic solution: objective 0
Presolve removed 4395 rows and 4746 columns
Presolve time: 0.01s
Presolved: 85 rows, 1824 columns, 3481 nonzeros
Found heuristic solution: objective -1548.000000
Variable types: 0 continuous, 1824 integer (1622 binary)
Presolved: 85 rows, 1824 columns, 3481 nonzeros

Root barrier log...

Ordering time: 0.00s

Barrier statistics:
 AA' NZ     : 1.556e+03
 Factor NZ  : 3.545e+03 (roughly 1 MByte of memory)
 Factor Ops : 1.958e+05 (less than 1 second per iteration)
 Threads    : 1

                  Objective                Residual
Iter       Primal          Dual         Primal    Dual     Compl     Time
   0  -3.67397088e+03 -3.80940080e+03  1.87e+01 4.44e-16  1.63e+00     0s
   1  -1.85874659e+03 -2.80124032e+03  2.19e+00 2.50e-01  4.07e-01     0s
   2  -1.69393057e+03 -1.89787762e+03  3.74e-02 2.21e-02  5.72e-02     0s
   3  -1.76097925e+03 -1.79721122e+03  7.38e-04 1.65e-03  9.78e-03     0s
   4  -1.76876883e+03 -1.77935648e+03  6.95e-05 1.78e-15  2.86e-03     0s
   5  -1.77060413e+03 -1.77605180e+03  9.27e-06 8.88e-16  1.47e-03     0s
   6  -1.77154305e+03 -1.77376900e+03  0.00e+00 8.88e-16  6.01e-04     0s
   7  -1.77233313e+03 -1.77275354e+03  0.00e+00 8.88e-16  1.13e-04     0s
   8  -1.77251352e+03 -1.77251840e+03  0.00e+00 1.78e-15  1.32e-06     0s
   9  -1.77251666e+03 -1.77251667e+03  0.00e+00 1.78e-15  1.32e-09     0s

Barrier solved model in 9 iterations and 0.02 seconds
Optimal objective -1.77251666e+03


Root relaxation: objective -1.772517e+03, 320 iterations, 0.01 seconds

    Nodes    |    Current Node    |     Objective Bounds      |     Work
 Expl Unexpl |  Obj  Depth IntInf | Incumbent    BestBd   Gap | It/Node Time

     0     0 -1772.5167    0   39 -1548.0000 -1772.5167  14.5%     -    0s
H    0     0                    -1759.000000 -1772.5167  0.77%     -    0s

Explored 0 nodes (515 simplex iterations) in 0.05 seconds
Thread count was 20 (of 20 available processors)

Solution count 3: -1759 -1548 -24 
Pool objective bound -1772

Optimal solution found (tolerance 5.00e-02)
Best objective -1.759000000000e+03, best bound -1.772000000000e+03, gap 0.7391%
Changed value of parameter MIPGap to 0.05
   Prev: 0.0001  Min: 0.0  Max: 1e+100  Default: 0.0001
Changed value of parameter TimeLimit to 1800.0
   Prev: 1e+100  Min: 0.0  Max: 1e+100  Default: 1e+100
Changed value of parameter Method to 2
   Prev: -1  Min: -1  Max: 4  Default: -1
Changed value of parameter MIPFocus to 1
   Prev: 0  Min: 0  Max: 3  Default: 0
Optimize a model with 4480 rows, 6570 columns and 13140 nonzeros
Variable types: 0 continuous, 6570 integer (6570 binary)
Coefficient statistics:
  Matrix range     [1e+00, 6e+00]
  Objective range  [1e+00, 1e+00]
  Bounds range     [1e+00, 1e+00]
  RHS range        [8e+01, 8e+01]
Found heuristic solution: objective 0
Presolve removed 4395 rows and 4411 columns
Presolve time: 0.01s
Presolved: 85 rows, 2159 columns, 3934 nonzeros
Found heuristic solution: objective -1570.780580
Variable types: 0 continuous, 2159 integer (2148 binary)
Presolved: 85 rows, 2159 columns, 3934 nonzeros

Root barrier log...

Ordering time: 0.00s

Barrier statistics:
 AA' NZ     : 1.556e+03
 Factor NZ  : 3.545e+03 (roughly 1 MByte of memory)
 Factor Ops : 1.958e+05 (less than 1 second per iteration)
 Threads    : 1

                  Objective                Residual
Iter       Primal          Dual         Primal    Dual     Compl     Time
   0  -3.81343469e+03 -3.87311067e+03  1.87e+01 8.88e-16  1.42e+00     0s
   1  -1.89534183e+03 -2.84506389e+03  2.33e+00 2.35e-01  3.61e-01     0s
   2  -1.68859368e+03 -1.89707739e+03  0.00e+00 1.91e-02  4.74e-02     0s
   3  -1.76267902e+03 -1.80073312e+03  0.00e+00 1.80e-03  8.65e-03     0s
   4  -1.77075737e+03 -1.78227237e+03  0.00e+00 3.47e-04  2.62e-03     0s
   5  -1.77217856e+03 -1.77817584e+03  0.00e+00 1.22e-04  1.36e-03     0s
   6  -1.77301906e+03 -1.77588400e+03  0.00e+00 3.56e-05  6.51e-04     0s
   7  -1.77376975e+03 -1.77450897e+03  0.00e+00 1.78e-15  1.68e-04     0s
   8  -1.77386633e+03 -1.77414871e+03  0.00e+00 1.78e-15  6.42e-05     0s
   9  -1.77392197e+03 -1.77403212e+03  0.00e+00 8.88e-16  2.50e-05     0s
  10  -1.77394804e+03 -1.77399929e+03  0.00e+00 8.88e-16  1.16e-05     0s
  11  -1.77395892e+03 -1.77397705e+03  0.00e+00 8.88e-16  4.12e-06     0s
  12  -1.77396252e+03 -1.77397085e+03  0.00e+00 1.78e-15  1.89e-06     0s
  13  -1.77396594e+03 -1.77396847e+03  0.00e+00 1.78e-15  5.73e-07     0s
  14  -1.77396725e+03 -1.77396798e+03  0.00e+00 1.78e-15  1.65e-07     0s
  15  -1.77396757e+03 -1.77396764e+03  0.00e+00 1.78e-15  1.58e-08     0s
  16  -1.77396758e+03 -1.77396758e+03  0.00e+00 1.78e-15  1.56e-10     0s

Barrier solved model in 16 iterations and 0.02 seconds
Optimal objective -1.77396758e+03


Root relaxation: objective -1.773968e+03, 25 iterations, 0.01 seconds

    Nodes    |    Current Node    |     Objective Bounds      |     Work
 Expl Unexpl |  Obj  Depth IntInf | Incumbent    BestBd   Gap | It/Node Time

     0     0 -1773.9676    0   48 -1570.7806 -1773.9676  12.9%     -    0s
H    0     0                    -1760.433060 -1773.9676  0.77%     -    0s

Explored 0 nodes (25 simplex iterations) in 0.03 seconds
Thread count was 20 (of 20 available processors)

Solution count 3: -1760.43 -1570.78 -20.0195 
Pool objective bound -1773.97

Optimal solution found (tolerance 5.00e-02)
Best objective -1.760433060000e+03, best bound -1.773967582000e+03, gap 0.7688%
Changed value of parameter MIPGap to 0.05
   Prev: 0.0001  Min: 0.0  Max: 1e+100  Default: 0.0001
Changed value of parameter TimeLimit to 1800.0
   Prev: 1e+100  Min: 0.0  Max: 1e+100  Default: 1e+100
Changed value of parameter Method to 2
   Prev: -1  Min: -1  Max: 4  Default: -1
Changed value of parameter MIPFocus to 1
   Prev: 0  Min: 0  Max: 3  Default: 0
Optimize a model with 4480 rows, 6570 columns and 13140 nonzeros
Variable types: 0 continuous, 6570 integer (6570 binary)
Coefficient statistics:
  Matrix range     [1e+00, 6e+00]
  Objective range  [1e+00, 1e+00]
  Bounds range     [1e+00, 1e+00]
  RHS range        [8e+01, 8e+01]
Found heuristic solution: objective 0
Presolve removed 4395 rows and 4411 columns
Presolve time: 0.01s
Presolved: 85 rows, 2159 columns, 3934 nonzeros
Found heuristic solution: objective -1572.561160
Variable types: 0 continuous, 2159 integer (2148 binary)
Presolved: 85 rows, 2159 columns, 3934 nonzeros

Root barrier log...

Ordering time: 0.00s

Barrier statistics:
 AA' NZ     : 1.556e+03
 Factor NZ  : 3.545e+03 (roughly 1 MByte of memory)
 Factor Ops : 1.958e+05 (less than 1 second per iteration)
 Threads    : 1

                  Objective                Residual
Iter       Primal          Dual         Primal    Dual     Compl     Time
   0  -3.81692063e+03 -3.87428908e+03  1.87e+01 8.88e-16  1.42e+00     0s
   1  -1.89707215e+03 -2.84629175e+03  2.33e+00 2.35e-01  3.61e-01     0s
   2  -1.69014149e+03 -1.89773451e+03  0.00e+00 1.90e-02  4.72e-02     0s
   3  -1.76415401e+03 -1.80231878e+03  0.00e+00 1.79e-03  8.67e-03     0s
   4  -1.77214671e+03 -1.78382176e+03  0.00e+00 3.33e-04  2.65e-03     0s
   5  -1.77363524e+03 -1.77963579e+03  0.00e+00 1.12e-04  1.36e-03     0s
   6  -1.77442133e+03 -1.77718034e+03  0.00e+00 4.36e-06  6.27e-04     0s
   7  -1.77514126e+03 -1.77597987e+03  0.00e+00 8.88e-16  1.91e-04     0s
   8  -1.77527352e+03 -1.77561772e+03  0.00e+00 1.78e-15  7.82e-05     0s
   9  -1.77538976e+03 -1.77551146e+03  0.00e+00 8.88e-16  2.76e-05     0s
  10  -1.77540161e+03 -1.77544421e+03  0.00e+00 1.78e-15  9.68e-06     0s
  11  -1.77541371e+03 -1.77542664e+03  0.00e+00 1.78e-15  2.94e-06     0s
  12  -1.77541740e+03 -1.77542124e+03  0.00e+00 8.88e-16  8.72e-07     0s
  13  -1.77541847e+03 -1.77541869e+03  0.00e+00 1.78e-15  4.94e-08     0s
  14  -1.77541850e+03 -1.77541852e+03  0.00e+00 1.78e-15  4.93e-09     0s
  15  -1.77541850e+03 -1.77541850e+03  0.00e+00 1.78e-15  5.17e-12     0s

Barrier solved model in 15 iterations and 0.02 seconds
Optimal objective -1.77541850e+03


Root relaxation: objective -1.775418e+03, 24 iterations, 0.01 seconds

    Nodes    |    Current Node    |     Objective Bounds      |     Work
 Expl Unexpl |  Obj  Depth IntInf | Incumbent    BestBd   Gap | It/Node Time

     0     0 -1775.4185    0   48 -1572.5612 -1775.4185  12.9%     -    0s
H    0     0                    -1761.866120 -1775.4185  0.77%     -    0s

Explored 0 nodes (24 simplex iterations) in 0.03 seconds
Thread count was 20 (of 20 available processors)

Solution count 3: -1761.87 -1572.56 -20.039 
Pool objective bound -1775.42

Optimal solution found (tolerance 5.00e-02)
Best objective -1.761866120000e+03, best bound -1.775418497333e+03, gap 0.7692%
Changed value of parameter MIPGap to 0.05
   Prev: 0.0001  Min: 0.0  Max: 1e+100  Default: 0.0001
Changed value of parameter TimeLimit to 1800.0
   Prev: 1e+100  Min: 0.0  Max: 1e+100  Default: 1e+100
Changed value of parameter Method to 2
   Prev: -1  Min: -1  Max: 4  Default: -1
Changed value of parameter MIPFocus to 1
   Prev: 0  Min: 0  Max: 3  Default: 0
Optimize a model with 4480 rows, 6570 columns and 13140 nonzeros
Variable types: 0 continuous, 6570 integer (6570 binary)
Coefficient statistics:
  Matrix range     [1e+00, 6e+00]
  Objective range  [1e+00, 1e+00]
  Bounds range     [1e+00, 1e+00]
  RHS range        [8e+01, 8e+01]
Found heuristic solution: objective 0
Presolve removed 4395 rows and 4411 columns
Presolve time: 0.01s
Presolved: 85 rows, 2159 columns, 3934 nonzeros
Found heuristic solution: objective -1576.122320
Variable types: 0 continuous, 2159 integer (2148 binary)
Presolved: 85 rows, 2159 columns, 3934 nonzeros

Root barrier log...

Ordering time: 0.00s

Barrier statistics:
 AA' NZ     : 1.556e+03
 Factor NZ  : 3.545e+03 (roughly 1 MByte of memory)
 Factor Ops : 1.958e+05 (less than 1 second per iteration)
 Threads    : 1

                  Objective                Residual
Iter       Primal          Dual         Primal    Dual     Compl     Time
   0  -3.82389244e+03 -3.87664591e+03  1.87e+01 8.88e-16  1.42e+00     0s
   1  -1.90053338e+03 -2.84874824e+03  2.33e+00 2.34e-01  3.61e-01     0s
   2  -1.69324094e+03 -1.89903416e+03  0.00e+00 1.86e-02  4.68e-02     0s
   3  -1.76710642e+03 -1.80546075e+03  0.00e+00 1.76e-03  8.71e-03     0s
   4  -1.77493950e+03 -1.78690013e+03  0.00e+00 2.82e-04  2.72e-03     0s
   5  -1.77645406e+03 -1.78253975e+03  0.00e+00 8.23e-05  1.38e-03     0s
   6  -1.77724826e+03 -1.77982122e+03  0.00e+00 1.78e-15  5.85e-04     0s
   7  -1.77791255e+03 -1.77886473e+03  0.00e+00 8.88e-16  2.16e-04     0s
   8  -1.77813125e+03 -1.77856554e+03  0.00e+00 8.88e-16  9.87e-05     0s
   9  -1.77824590e+03 -1.77842567e+03  0.00e+00 8.88e-16  4.08e-05     0s
  10  -1.77829174e+03 -1.77838056e+03  0.00e+00 8.88e-16  2.02e-05     0s
  11  -1.77831098e+03 -1.77833656e+03  0.00e+00 1.78e-15  5.81e-06     0s
  12  -1.77831797e+03 -1.77832413e+03  0.00e+00 1.78e-15  1.40e-06     0s
  13  -1.77832029e+03 -1.77832053e+03  0.00e+00 1.78e-15  5.35e-08     0s
  14  -1.77832033e+03 -1.77832033e+03  0.00e+00 1.78e-15  1.11e-09     0s

Barrier solved model in 14 iterations and 0.02 seconds
Optimal objective -1.77832033e+03


Root relaxation: objective -1.778320e+03, 35 iterations, 0.01 seconds

    Nodes    |    Current Node    |     Objective Bounds      |     Work
 Expl Unexpl |  Obj  Depth IntInf | Incumbent    BestBd   Gap | It/Node Time

     0     0 -1778.3203    0   48 -1576.1223 -1778.3203  12.8%     -    0s
H    0     0                    -1764.732240 -1778.3203  0.77%     -    0s

Explored 0 nodes (35 simplex iterations) in 0.03 seconds
Thread count was 20 (of 20 available processors)

Solution count 3: -1764.73 -1576.12 -20.078 
Pool objective bound -1778.32

Optimal solution found (tolerance 5.00e-02)
Best objective -1.764732240000e+03, best bound -1.778320328000e+03, gap 0.7700%
Changed value of parameter MIPGap to 0.05
   Prev: 0.0001  Min: 0.0  Max: 1e+100  Default: 0.0001
Changed value of parameter TimeLimit to 1800.0
   Prev: 1e+100  Min: 0.0  Max: 1e+100  Default: 1e+100
Changed value of parameter Method to 2
   Prev: -1  Min: -1  Max: 4  Default: -1
Changed value of parameter MIPFocus to 1
   Prev: 0  Min: 0  Max: 3  Default: 0
Optimize a model with 4480 rows, 6570 columns and 13140 nonzeros
Variable types: 0 continuous, 6570 integer (6570 binary)
Coefficient statistics:
  Matrix range     [1e+00, 6e+00]
  Objective range  [1e+00, 1e+00]
  Bounds range     [1e+00, 1e+00]
  RHS range        [8e+01, 8e+01]
Found heuristic solution: objective 0
Presolve removed 4395 rows and 4411 columns
Presolve time: 0.01s
Presolved: 85 rows, 2159 columns, 3934 nonzeros
Found heuristic solution: objective -1583.244640
Variable types: 0 continuous, 2159 integer (2148 binary)
Presolved: 85 rows, 2159 columns, 3934 nonzeros

Root barrier log...

Ordering time: 0.00s

Barrier statistics:
 AA' NZ     : 1.556e+03
 Factor NZ  : 3.545e+03 (roughly 1 MByte of memory)
 Factor Ops : 1.958e+05 (less than 1 second per iteration)
 Threads    : 1

                  Objective                Residual
Iter       Primal          Dual         Primal    Dual     Compl     Time
   0  -3.83783574e+03 -3.88135957e+03  1.87e+01 8.88e-16  1.42e+00     0s
   1  -1.90745820e+03 -2.85366426e+03  2.33e+00 2.33e-01  3.60e-01     0s
   2  -1.69945357e+03 -1.90155779e+03  0.00e+00 1.80e-02  4.60e-02     0s
   3  -1.77304002e+03 -1.81154874e+03  0.00e+00 1.65e-03  8.75e-03     0s
   4  -1.78041547e+03 -1.79294262e+03  0.00e+00 1.78e-04  2.85e-03     0s
   5  -1.78211988e+03 -1.78810370e+03  0.00e+00 1.24e-04  1.36e-03     0s
   6  -1.78300689e+03 -1.78581211e+03  0.00e+00 6.72e-08  6.37e-04     0s
   7  -1.78356678e+03 -1.78475879e+03  0.00e+00 8.88e-16  2.71e-04     0s
   8  -1.78389331e+03 -1.78447127e+03  0.00e+00 8.88e-16  1.31e-04     0s
   9  -1.78403361e+03 -1.78424615e+03  0.00e+00 8.88e-16  4.83e-05     0s
  10  -1.78409337e+03 -1.78417732e+03  0.00e+00 1.78e-15  1.91e-05     0s
  11  -1.78411730e+03 -1.78413450e+03  0.00e+00 1.78e-15  3.91e-06     0s
  12  -1.78412327e+03 -1.78412666e+03  0.00e+00 1.33e-15  7.71e-07     0s
  13  -1.78412398e+03 -1.78412408e+03  0.00e+00 1.78e-15  2.34e-08     0s
  14  -1.78412399e+03 -1.78412399e+03  0.00e+00 1.78e-15  1.00e-10     0s

Barrier solved model in 14 iterations and 0.02 seconds
Optimal objective -1.78412399e+03


Root relaxation: objective -1.784124e+03, 26 iterations, 0.01 seconds

    Nodes    |    Current Node    |     Objective Bounds      |     Work
 Expl Unexpl |  Obj  Depth IntInf | Incumbent    BestBd   Gap | It/Node Time

     0     0 -1784.1240    0   48 -1583.2446 -1784.1240  12.7%     -    0s
H    0     0                    -1770.464480 -1784.1240  0.77%     -    0s

Explored 0 nodes (26 simplex iterations) in 0.03 seconds
Thread count was 20 (of 20 available processors)

Solution count 3: -1770.46 -1583.24 -20.1559 
Pool objective bound -1784.12

Optimal solution found (tolerance 5.00e-02)
Best objective -1.770464480000e+03, best bound -1.784123989333e+03, gap 0.7715%
Changed value of parameter MIPGap to 0.05
   Prev: 0.0001  Min: 0.0  Max: 1e+100  Default: 0.0001
Changed value of parameter TimeLimit to 1800.0
   Prev: 1e+100  Min: 0.0  Max: 1e+100  Default: 1e+100
Changed value of parameter Method to 2
   Prev: -1  Min: -1  Max: 4  Default: -1
Changed value of parameter MIPFocus to 1
   Prev: 0  Min: 0  Max: 3  Default: 0
Optimize a model with 4480 rows, 6570 columns and 13140 nonzeros
Variable types: 0 continuous, 6570 integer (6570 binary)
Coefficient statistics:
  Matrix range     [1e+00, 6e+00]
  Objective range  [1e+00, 1e+00]
  Bounds range     [1e+00, 1e+00]
  RHS range        [8e+01, 8e+01]
Found heuristic solution: objective 0
Presolve removed 4395 rows and 4411 columns
Presolve time: 0.01s
Presolved: 85 rows, 2159 columns, 3934 nonzeros
Found heuristic solution: objective -1586.805800
Variable types: 0 continuous, 2159 integer (2148 binary)
Presolved: 85 rows, 2159 columns, 3934 nonzeros

Root barrier log...

Ordering time: 0.00s

Barrier statistics:
 AA' NZ     : 1.556e+03
 Factor NZ  : 3.545e+03 (roughly 1 MByte of memory)
 Factor Ops : 1.958e+05 (less than 1 second per iteration)
 Threads    : 1

                  Objective                Residual
Iter       Primal          Dual         Primal    Dual     Compl     Time
   0  -3.84480725e+03 -3.88371640e+03  1.87e+01 8.88e-16  1.42e+00     0s
   1  -1.91092179e+03 -2.85612379e+03  2.32e+00 2.33e-01  3.60e-01     0s
   2  -1.70256635e+03 -1.90279114e+03  0.00e+00 1.76e-02  4.55e-02     0s
   3  -1.77603229e+03 -1.81453232e+03  0.00e+00 1.55e-03  8.75e-03     0s
   4  -1.78326234e+03 -1.79590030e+03  0.00e+00 1.65e-04  2.87e-03     0s
   5  -1.78509095e+03 -1.79097909e+03  0.00e+00 1.22e-04  1.34e-03     0s
   6  -1.78590834e+03 -1.78861866e+03  0.00e+00 1.78e-15  6.16e-04     0s
   7  -1.78657472e+03 -1.78767955e+03  0.00e+00 8.88e-16  2.51e-04     0s
   8  -1.78678450e+03 -1.78736342e+03  0.00e+00 1.78e-15  1.32e-04     0s
   9  -1.78692167e+03 -1.78713582e+03  0.00e+00 1.78e-15  4.86e-05     0s
  10  -1.78697161e+03 -1.78707578e+03  0.00e+00 8.88e-16  2.37e-05     0s
  11  -1.78701614e+03 -1.78703344e+03  0.00e+00 1.78e-15  3.93e-06     0s
  12  -1.78702541e+03 -1.78702736e+03  0.00e+00 1.78e-15  4.43e-07     0s
  13  -1.78702580e+03 -1.78702593e+03  0.00e+00 1.78e-15  2.85e-08     0s
  14  -1.78702582e+03 -1.78702582e+03  0.00e+00 1.78e-15  2.46e-11     0s

Barrier solved model in 14 iterations and 0.02 seconds
Optimal objective -1.78702582e+03


Root relaxation: objective -1.787026e+03, 26 iterations, 0.01 seconds

    Nodes    |    Current Node    |     Objective Bounds      |     Work
 Expl Unexpl |  Obj  Depth IntInf | Incumbent    BestBd   Gap | It/Node Time

     0     0 -1787.0258    0   48 -1586.8058 -1787.0258  12.6%     -    0s
H    0     0                    -1773.330600 -1787.0258  0.77%     -    0s

Explored 0 nodes (26 simplex iterations) in 0.03 seconds
Thread count was 20 (of 20 available processors)

Solution count 3: -1773.33 -1586.81 -20.1949 
Pool objective bound -1787.03

Optimal solution found (tolerance 5.00e-02)
Best objective -1.773330600000e+03, best bound -1.787025820000e+03, gap 0.7723%
Changed value of parameter MIPGap to 0.05
   Prev: 0.0001  Min: 0.0  Max: 1e+100  Default: 0.0001
Changed value of parameter TimeLimit to 1800.0
   Prev: 1e+100  Min: 0.0  Max: 1e+100  Default: 1e+100
Changed value of parameter Method to 2
   Prev: -1  Min: -1  Max: 4  Default: -1
Changed value of parameter MIPFocus to 1
   Prev: 0  Min: 0  Max: 3  Default: 0
Optimize a model with 4480 rows, 6570 columns and 13140 nonzeros
Variable types: 0 continuous, 6570 integer (6570 binary)
Coefficient statistics:
  Matrix range     [1e+00, 6e+00]
  Objective range  [1e+00, 1e+00]
  Bounds range     [1e+00, 1e+00]
  RHS range        [8e+01, 8e+01]
Found heuristic solution: objective 0
Presolve removed 4395 rows and 4411 columns
Presolve time: 0.01s
Presolved: 85 rows, 2159 columns, 3934 nonzeros
Found heuristic solution: objective -1604.611600
Variable types: 0 continuous, 2159 integer (2148 binary)
Presolved: 85 rows, 2159 columns, 3934 nonzeros

Root barrier log...

Ordering time: 0.00s

Barrier statistics:
 AA' NZ     : 1.556e+03
 Factor NZ  : 3.545e+03 (roughly 1 MByte of memory)
 Factor Ops : 1.958e+05 (less than 1 second per iteration)
 Threads    : 1

                  Objective                Residual
Iter       Primal          Dual         Primal    Dual     Compl     Time
   0  -3.87983999e+03 -3.92715777e+03  1.87e+01 8.88e-16  1.44e+00     0s
   1  -1.92410108e+03 -2.88701887e+03  2.30e+00 2.36e-01  3.64e-01     0s
   2  -1.71232906e+03 -1.91063025e+03  0.00e+00 1.66e-02  4.51e-02     0s
   3  -1.78782970e+03 -1.82772210e+03  0.00e+00 7.80e-04  9.06e-03     0s
   4  -1.79670261e+03 -1.81212334e+03  0.00e+00 8.82e-05  3.50e-03     0s
   5  -1.79933718e+03 -1.80586107e+03  0.00e+00 7.93e-06  1.48e-03     0s
   6  -1.80045941e+03 -1.80314356e+03  0.00e+00 1.78e-15  6.10e-04     0s
   7  -1.80108344e+03 -1.80234928e+03  0.00e+00 8.88e-16  2.88e-04     0s
   8  -1.80128531e+03 -1.80188570e+03  0.00e+00 1.33e-15  1.36e-04     0s
   9  -1.80147416e+03 -1.80163057e+03  0.00e+00 1.78e-15  3.55e-05     0s
  10  -1.80152813e+03 -1.80158087e+03  0.00e+00 8.88e-16  1.20e-05     0s
  11  -1.80155015e+03 -1.80155554e+03  0.00e+00 1.78e-15  1.22e-06     0s
  12  -1.80155086e+03 -1.80155120e+03  0.00e+00 1.78e-15  7.72e-08     0s
  13  -1.80155088e+03 -1.80155088e+03  0.00e+00 1.78e-15  8.53e-11     0s

Barrier solved model in 13 iterations and 0.02 seconds
Optimal objective -1.80155088e+03


Root relaxation: objective -1.801551e+03, 25 iterations, 0.01 seconds

    Nodes    |    Current Node    |     Objective Bounds      |     Work
 Expl Unexpl |  Obj  Depth IntInf | Incumbent    BestBd   Gap | It/Node Time

     0     0 -1801.5509    0   53 -1604.6116 -1801.5509  12.3%     -    0s
H    0     0                    -1787.677000 -1801.5509  0.78%     -    0s

Explored 0 nodes (29 simplex iterations) in 0.04 seconds
Thread count was 20 (of 20 available processors)

Solution count 3: -1787.68 -1604.61 -20.3898 
Pool objective bound -1801.55

Optimal solution found (tolerance 5.00e-02)
Best objective -1.787677000000e+03, best bound -1.801550883333e+03, gap 0.7761%
Changed value of parameter MIPGap to 0.05
   Prev: 0.0001  Min: 0.0  Max: 1e+100  Default: 0.0001
Changed value of parameter TimeLimit to 1800.0
   Prev: 1e+100  Min: 0.0  Max: 1e+100  Default: 1e+100
Changed value of parameter Method to 2
   Prev: -1  Min: -1  Max: 4  Default: -1
Changed value of parameter MIPFocus to 1
   Prev: 0  Min: 0  Max: 3  Default: 0
Optimize a model with 4480 rows, 6570 columns and 13140 nonzeros
Variable types: 0 continuous, 6570 integer (6570 binary)
Coefficient statistics:
  Matrix range     [1e+00, 6e+00]
  Objective range  [1e+00, 1e+00]
  Bounds range     [1e+00, 1e+00]
  RHS range        [8e+01, 8e+01]
Found heuristic solution: objective 0
Presolve removed 4395 rows and 4411 columns
Presolve time: 0.01s
Presolved: 85 rows, 2159 columns, 3934 nonzeros
Found heuristic solution: objective -1640.223200
Variable types: 0 continuous, 2159 integer (2148 binary)
Presolved: 85 rows, 2159 columns, 3934 nonzeros

Root barrier log...

Ordering time: 0.00s

Barrier statistics:
 AA' NZ     : 1.556e+03
 Factor NZ  : 3.545e+03 (roughly 1 MByte of memory)
 Factor Ops : 1.958e+05 (less than 1 second per iteration)
 Threads    : 1

                  Objective                Residual
Iter       Primal          Dual         Primal    Dual     Compl     Time
   0  -3.94994560e+03 -4.02163947e+03  1.87e+01 8.88e-16  1.47e+00     0s
   1  -1.94972418e+03 -2.95345174e+03  2.23e+00 2.44e-01  3.72e-01     0s
   2  -1.73641495e+03 -1.93564793e+03  0.00e+00 1.68e-02  4.53e-02     0s
   3  -1.81172138e+03 -1.85588323e+03  0.00e+00 1.78e-15  1.00e-02     0s
   4  -1.82151774e+03 -1.84375085e+03  0.00e+00 1.63e-04  5.05e-03     0s
   5  -1.82629057e+03 -1.83584504e+03  0.00e+00 6.24e-04  2.17e-03     0s
   6  -1.82881440e+03 -1.83292946e+03  0.00e+00 1.78e-15  9.35e-04     0s
   7  -1.82962332e+03 -1.83165027e+03  0.00e+00 8.88e-16  4.61e-04     0s
   8  -1.83023639e+03 -1.83132246e+03  0.00e+00 1.78e-15  2.47e-04     0s
   9  -1.83049910e+03 -1.83078934e+03  0.00e+00 1.78e-15  6.60e-05     0s
  10  -1.83062753e+03 -1.83070276e+03  0.00e+00 8.88e-16  1.71e-05     0s
  11  -1.83065441e+03 -1.83066062e+03  0.00e+00 1.78e-15  1.41e-06     0s
  12  -1.83065542e+03 -1.83065578e+03  0.00e+00 1.78e-15  8.20e-08     0s
  13  -1.83065543e+03 -1.83065543e+03  0.00e+00 1.78e-15  8.23e-11     0s

Barrier solved model in 13 iterations and 0.02 seconds
Optimal objective -1.83065543e+03


Root relaxation: objective -1.830655e+03, 27 iterations, 0.01 seconds

    Nodes    |    Current Node    |     Objective Bounds      |     Work
 Expl Unexpl |  Obj  Depth IntInf | Incumbent    BestBd   Gap | It/Node Time

     0     0 -1830.6554    0   51 -1640.2232 -1830.6554  11.6%     -    0s
H    0     0                    -1815.452400 -1830.6554  0.84%     -    0s

Explored 0 nodes (27 simplex iterations) in 0.03 seconds
Thread count was 20 (of 20 available processors)

Solution count 3: -1815.45 -1640.22 -20.7796 
Pool objective bound -1830.66

Optimal solution found (tolerance 5.00e-02)
Best objective -1.815452400000e+03, best bound -1.830655433333e+03, gap 0.8374%
Changed value of parameter MIPGap to 0.05
   Prev: 0.0001  Min: 0.0  Max: 1e+100  Default: 0.0001
Changed value of parameter TimeLimit to 1800.0
   Prev: 1e+100  Min: 0.0  Max: 1e+100  Default: 1e+100
Changed value of parameter Method to 2
   Prev: -1  Min: -1  Max: 4  Default: -1
Changed value of parameter MIPFocus to 1
   Prev: 0  Min: 0  Max: 3  Default: 0
Optimize a model with 4480 rows, 6570 columns and 13140 nonzeros
Variable types: 0 continuous, 6570 integer (6570 binary)
Coefficient statistics:
  Matrix range     [1e+00, 6e+00]
  Objective range  [1e+00, 1e+00]
  Bounds range     [1e+00, 1e+00]
  RHS range        [8e+01, 8e+01]
Found heuristic solution: objective 0
Presolve removed 4395 rows and 4411 columns
Presolve time: 0.01s
Presolved: 85 rows, 2159 columns, 3934 nonzeros
Found heuristic solution: objective -1711.446400
Variable types: 0 continuous, 2159 integer (2148 binary)
Presolved: 85 rows, 2159 columns, 3934 nonzeros

Root barrier log...

Ordering time: 0.00s

Barrier statistics:
 AA' NZ     : 1.556e+03
 Factor NZ  : 3.545e+03 (roughly 1 MByte of memory)
 Factor Ops : 1.958e+05 (less than 1 second per iteration)
 Threads    : 1

                  Objective                Residual
Iter       Primal          Dual         Primal    Dual     Compl     Time
   0  -4.09014913e+03 -4.21060286e+03  1.87e+01 8.88e-16  1.55e+00     0s
   1  -2.00199311e+03 -3.08699429e+03  2.12e+00 2.59e-01  3.89e-01     0s
   2  -1.80349653e+03 -1.99891466e+03  5.81e-02 2.00e-02  4.78e-02     0s
   3  -1.86359387e+03 -1.92190229e+03  1.13e-02 9.03e-04  1.39e-02     0s
   4  -1.87787176e+03 -1.89971768e+03  4.29e-03 1.78e-15  5.21e-03     0s
   5  -1.88352390e+03 -1.89367909e+03  2.12e-03 1.78e-15  2.43e-03     0s
   6  -1.88621670e+03 -1.89147954e+03  1.15e-03 1.78e-15  1.26e-03     0s
   7  -1.88789102e+03 -1.89051198e+03  5.80e-04 8.88e-16  6.30e-04     0s
   8  -1.88902869e+03 -1.89009950e+03  1.99e-04 8.88e-16  2.56e-04     0s
   9  -1.88960786e+03 -1.88988371e+03  3.23e-05 1.78e-15  6.47e-05     0s
  10  -1.88972314e+03 -1.88976579e+03  2.83e-06 1.78e-15  9.90e-06     0s
  11  -1.88973428e+03 -1.88974083e+03  9.44e-07 1.78e-15  1.56e-06     0s
  12  -1.88973994e+03 -1.88974017e+03  0.00e+00 1.78e-15  5.19e-08     0s
  13  -1.88974005e+03 -1.88974005e+03  0.00e+00 1.78e-15  5.19e-11     0s

Barrier solved model in 13 iterations and 0.02 seconds
Optimal objective -1.88974005e+03


Root relaxation: objective -1.889740e+03, 23 iterations, 0.01 seconds

    Nodes    |    Current Node    |     Objective Bounds      |     Work
 Expl Unexpl |  Obj  Depth IntInf | Incumbent    BestBd   Gap | It/Node Time

     0     0 -1889.7400    0   64 -1711.4464 -1889.7400  10.4%     -    0s
H    0     0                    -1871.309600 -1889.7400  0.98%     -    0s

Explored 0 nodes (23 simplex iterations) in 0.03 seconds
Thread count was 20 (of 20 available processors)

Solution count 3: -1871.31 -1711.45 -21.5592 
Pool objective bound -1889.74

Optimal solution found (tolerance 5.00e-02)
Best objective -1.871309600000e+03, best bound -1.889740046667e+03, gap 0.9849%
Changed value of parameter MIPGap to 0.05
   Prev: 0.0001  Min: 0.0  Max: 1e+100  Default: 0.0001
Changed value of parameter TimeLimit to 1800.0
   Prev: 1e+100  Min: 0.0  Max: 1e+100  Default: 1e+100
Changed value of parameter Method to 2
   Prev: -1  Min: -1  Max: 4  Default: -1
Changed value of parameter MIPFocus to 1
   Prev: 0  Min: 0  Max: 3  Default: 0
Optimize a model with 4480 rows, 6570 columns and 13140 nonzeros
Variable types: 0 continuous, 6570 integer (6570 binary)
Coefficient statistics:
  Matrix range     [1e+00, 6e+00]
  Objective range  [1e+00, 2e+00]
  Bounds range     [1e+00, 1e+00]
  RHS range        [8e+01, 8e+01]
Found heuristic solution: objective 0
Presolve removed 4395 rows and 4411 columns
Presolve time: 0.01s
Presolved: 85 rows, 2159 columns, 3934 nonzeros
Found heuristic solution: objective -1747.058000
Variable types: 0 continuous, 2159 integer (2148 binary)
Presolved: 85 rows, 2159 columns, 3934 nonzeros

Root barrier log...

Ordering time: 0.00s

Barrier statistics:
 AA' NZ     : 1.556e+03
 Factor NZ  : 3.545e+03 (roughly 1 MByte of memory)
 Factor Ops : 1.958e+05 (less than 1 second per iteration)
 Threads    : 1

                  Objective                Residual
Iter       Primal          Dual         Primal    Dual     Compl     Time
   0  -4.16024742e+03 -4.30508455e+03  1.87e+01 8.88e-16  1.59e+00     0s
   1  -2.02861001e+03 -3.15406876e+03  2.06e+00 2.67e-01  3.98e-01     0s
   2  -1.83854832e+03 -2.03662542e+03  1.04e-01 2.29e-02  5.04e-02     0s
   3  -1.89345292e+03 -1.94631683e+03  2.43e-02 3.55e-15  1.32e-02     0s
   4  -1.90726914e+03 -1.92786604e+03  9.97e-03 1.06e-03  5.17e-03     0s
   5  -1.91310265e+03 -1.92323175e+03  5.31e-03 1.78e-15  2.56e-03     0s
   6  -1.91351455e+03 -1.92273057e+03  4.88e-03 1.78e-15  2.33e-03     0s
   7  -1.91680663e+03 -1.92134937e+03  2.30e-03 1.78e-15  1.14e-03     0s
   8  -1.91753669e+03 -1.92075020e+03  1.75e-03 1.78e-15  8.16e-04     0s
   9  -1.91910176e+03 -1.92023798e+03  5.31e-04 1.78e-15  2.85e-04     0s
  10  -1.91973827e+03 -1.92007268e+03  1.17e-04 1.78e-15  8.19e-05     0s
  11  -1.91988145e+03 -1.91997469e+03  2.92e-05 1.78e-15  2.27e-05     0s
  12  -1.91992658e+03 -1.91994982e+03  2.36e-06 1.78e-15  5.41e-06     0s
  13  -1.91993248e+03 -1.91993270e+03  4.48e-09 1.78e-15  5.06e-08     0s
  14  -1.91993258e+03 -1.91993258e+03  2.27e-12 1.78e-15  2.06e-11     0s

Barrier solved model in 14 iterations and 0.02 seconds
Optimal objective -1.91993258e+03


Root relaxation: objective -1.919933e+03, 28 iterations, 0.01 seconds

    Nodes    |    Current Node    |     Objective Bounds      |     Work
 Expl Unexpl |  Obj  Depth IntInf | Incumbent    BestBd   Gap | It/Node Time

     0     0 -1919.9326    0   59 -1747.0580 -1919.9326  9.90%     -    0s
H    0     0                    -1902.566000 -1919.9326  0.91%     -    0s

Explored 0 nodes (28 simplex iterations) in 0.03 seconds
Thread count was 20 (of 20 available processors)

Solution count 3: -1902.57 -1747.06 -21.949 
Pool objective bound -1919.93

Optimal solution found (tolerance 5.00e-02)
Best objective -1.902566000000e+03, best bound -1.919932583333e+03, gap 0.9128%
Changed value of parameter MIPGap to 0.05
   Prev: 0.0001  Min: 0.0  Max: 1e+100  Default: 0.0001
Changed value of parameter TimeLimit to 1800.0
   Prev: 1e+100  Min: 0.0  Max: 1e+100  Default: 1e+100
Changed value of parameter Method to 2
   Prev: -1  Min: -1  Max: 4  Default: -1
Changed value of parameter MIPFocus to 1
   Prev: 0  Min: 0  Max: 3  Default: 0
Optimize a model with 4480 rows, 6570 columns and 13140 nonzeros
Variable types: 0 continuous, 6570 integer (6570 binary)
Coefficient statistics:
  Matrix range     [1e+00, 6e+00]
  Objective range  [1e+00, 2e+00]
  Bounds range     [1e+00, 1e+00]
  RHS range        [8e+01, 8e+01]
Found heuristic solution: objective 0
Presolve removed 4395 rows and 4411 columns
Presolve time: 0.01s
Presolved: 85 rows, 2159 columns, 3934 nonzeros
Found heuristic solution: objective -1925.116000
Variable types: 0 continuous, 2159 integer (2148 binary)
Presolved: 85 rows, 2159 columns, 3934 nonzeros

Root barrier log...

Ordering time: 0.00s

Barrier statistics:
 AA' NZ     : 1.556e+03
 Factor NZ  : 3.545e+03 (roughly 1 MByte of memory)
 Factor Ops : 1.958e+05 (less than 1 second per iteration)
 Threads    : 1

                  Objective                Residual
Iter       Primal          Dual         Primal    Dual     Compl     Time
   0  -4.51071007e+03 -4.77749303e+03  1.87e+01 8.88e-16  1.78e+00     0s
   1  -2.16597395e+03 -3.49190647e+03  1.80e+00 3.07e-01  4.39e-01     0s
   2  -1.98911659e+03 -2.21996811e+03  9.71e-02 2.90e-02  5.79e-02     0s
   3  -2.04316301e+03 -2.10100227e+03  2.83e-02 1.78e-15  1.46e-02     0s
   4  -2.06344216e+03 -2.07885162e+03  6.23e-03 1.78e-15  3.83e-03     0s
   5  -2.06753684e+03 -2.07601154e+03  3.71e-03 1.78e-15  2.12e-03     0s
   6  -2.07139188e+03 -2.07452315e+03  1.35e-03 1.78e-15  7.83e-04     0s
   7  -2.07274213e+03 -2.07402761e+03  4.66e-04 1.78e-15  3.17e-04     0s
   8  -2.07300204e+03 -2.07383304e+03  3.16e-04 1.78e-15  2.06e-04     0s
   9  -2.07336427e+03 -2.07368066e+03  1.20e-04 1.78e-15  7.84e-05     0s
  10  -2.07341638e+03 -2.07364332e+03  8.85e-05 1.78e-15  5.64e-05     0s
  11  -2.07357805e+03 -2.07360219e+03  6.73e-06 1.78e-15  5.87e-06     0s
  12  -2.07359389e+03 -2.07359463e+03  1.21e-07 1.78e-15  1.77e-07     0s
  13  -2.07359422e+03 -2.07359422e+03  0.00e+00 1.78e-15  1.77e-10     0s

Barrier solved model in 13 iterations and 0.02 seconds
Optimal objective -2.07359422e+03


Root relaxation: objective -2.073594e+03, 38 iterations, 0.01 seconds

    Nodes    |    Current Node    |     Objective Bounds      |     Work
 Expl Unexpl |  Obj  Depth IntInf | Incumbent    BestBd   Gap | It/Node Time

     0     0 -2073.5942    0   49 -1925.1160 -2073.5942  7.71%     -    0s
H    0     0                    -2054.720000 -2073.5942  0.92%     -    0s

Explored 0 nodes (38 simplex iterations) in 0.03 seconds
Thread count was 20 (of 20 available processors)

Solution count 3: -2054.72 -1925.12 -23.898 
Pool objective bound -2073.59

Optimal solution found (tolerance 5.00e-02)
Best objective -2.054720000000e+03, best bound -2.073594220000e+03, gap 0.9186%
Changed value of parameter MIPGap to 0.05
   Prev: 0.0001  Min: 0.0  Max: 1e+100  Default: 0.0001
Changed value of parameter TimeLimit to 1800.0
   Prev: 1e+100  Min: 0.0  Max: 1e+100  Default: 1e+100
Changed value of parameter Method to 2
   Prev: -1  Min: -1  Max: 4  Default: -1
Changed value of parameter MIPFocus to 1
   Prev: 0  Min: 0  Max: 3  Default: 0
Optimize a model with 4480 rows, 6570 columns and 13140 nonzeros
Variable types: 0 continuous, 6570 integer (6570 binary)
Coefficient statistics:
  Matrix range     [1e+00, 6e+00]
  Objective range  [1e+00, 3e+00]
  Bounds range     [1e+00, 1e+00]
  RHS range        [8e+01, 8e+01]
Found heuristic solution: objective 0
Presolve removed 4395 rows and 4411 columns
Presolve time: 0.01s
Presolved: 85 rows, 2159 columns, 3934 nonzeros
Found heuristic solution: objective -2281.232000
Variable types: 0 continuous, 2159 integer (2148 binary)
Presolved: 85 rows, 2159 columns, 3934 nonzeros

Root barrier log...

Ordering time: 0.00s

Barrier statistics:
 AA' NZ     : 1.556e+03
 Factor NZ  : 3.545e+03 (roughly 1 MByte of memory)
 Factor Ops : 1.958e+05 (less than 1 second per iteration)
 Threads    : 1

                  Objective                Residual
Iter       Primal          Dual         Primal    Dual     Compl     Time
   0  -5.21153211e+03 -5.72230999e+03  1.87e+01 8.88e-16  2.17e+00     0s
   1  -2.45754007e+03 -4.17610904e+03  1.39e+00 3.87e-01  5.20e-01     0s
   2  -2.31470604e+03 -2.57981092e+03  5.54e-02 3.69e-02  6.42e-02     0s
   3  -2.36980866e+03 -2.43864984e+03  1.45e-02 7.99e-15  1.66e-02     0s
   4  -2.38944223e+03 -2.41500390e+03  3.67e-03 3.55e-15  6.07e-03     0s
   5  -2.39502690e+03 -2.40893535e+03  1.94e-03 1.78e-15  3.30e-03     0s
   6  -2.39858910e+03 -2.40499069e+03  9.03e-04 1.78e-15  1.52e-03     0s
   7  -2.40049622e+03 -2.40289961e+03  3.36e-04 1.78e-15  5.72e-04     0s
   8  -2.40126633e+03 -2.40236412e+03  1.43e-04 1.78e-15  2.61e-04     0s
   9  -2.40178344e+03 -2.40199749e+03  1.94e-05 1.78e-15  5.03e-05     0s
  10  -2.40184918e+03 -2.40192241e+03  7.89e-06 1.78e-15  1.73e-05     0s
  11  -2.40189082e+03 -2.40190190e+03  9.88e-07 1.78e-15  2.61e-06     0s
  12  -2.40189801e+03 -2.40189836e+03  1.04e-08 1.78e-15  8.02e-08     0s
  13  -2.40189813e+03 -2.40189813e+03  0.00e+00 1.78e-15  8.04e-11     0s

Barrier solved model in 13 iterations and 0.02 seconds
Optimal objective -2.40189813e+03


Root relaxation: objective -2.401898e+03, 35 iterations, 0.01 seconds

    Nodes    |    Current Node    |     Objective Bounds      |     Work
 Expl Unexpl |  Obj  Depth IntInf | Incumbent    BestBd   Gap | It/Node Time

     0     0 -2401.8981    0   52 -2281.2320 -2401.8981  5.29%     -    0s
H    0     0                    -2386.096000 -2401.8981  0.66%     -    0s

Explored 0 nodes (37 simplex iterations) in 0.03 seconds
Thread count was 20 (of 20 available processors)

Solution count 3: -2386.1 -2281.23 -27.796 
Pool objective bound -2401.9

Optimal solution found (tolerance 5.00e-02)
Best objective -2.386096000000e+03, best bound -2.401898133333e+03, gap 0.6623%
Changed value of parameter MIPGap to 0.05
   Prev: 0.0001  Min: 0.0  Max: 1e+100  Default: 0.0001
Changed value of parameter TimeLimit to 1800.0
   Prev: 1e+100  Min: 0.0  Max: 1e+100  Default: 1e+100
Changed value of parameter Method to 2
   Prev: -1  Min: -1  Max: 4  Default: -1
Changed value of parameter MIPFocus to 1
   Prev: 0  Min: 0  Max: 3  Default: 0
Optimize a model with 4480 rows, 6570 columns and 13140 nonzeros
Variable types: 0 continuous, 6570 integer (6570 binary)
Coefficient statistics:
  Matrix range     [1e+00, 6e+00]
  Objective range  [1e+00, 5e+00]
  Bounds range     [1e+00, 1e+00]
  RHS range        [8e+01, 8e+01]
Found heuristic solution: objective 0
Presolve removed 4395 rows and 4412 columns
Presolve time: 0.01s
Presolved: 85 rows, 2158 columns, 3933 nonzeros
Found heuristic solution: objective -2992.792000
Variable types: 0 continuous, 2158 integer (2146 binary)
Presolve removed 0 rows and 2 columns
Presolved: 85 rows, 2156 columns, 3930 nonzeros

Root barrier log...

Ordering time: 0.00s

Barrier statistics:
 AA' NZ     : 1.556e+03
 Factor NZ  : 3.545e+03 (roughly 1 MByte of memory)
 Factor Ops : 1.958e+05 (less than 1 second per iteration)
 Threads    : 1

                  Objective                Residual
Iter       Primal          Dual         Primal    Dual     Compl     Time
   0  -6.60994222e+03 -7.68641200e+03  1.87e+01 1.33e-15  2.99e+00     0s
   1  -3.10358988e+03 -5.60238391e+03  9.46e-01 5.66e-01  6.92e-01     0s
   2  -3.03823871e+03 -3.58810943e+03  9.20e-03 9.54e-02  1.26e-01     0s
   3  -3.13346372e+03 -3.28019984e+03  8.76e-04 1.19e-02  3.36e-02     0s
   4  -3.15799695e+03 -3.21342400e+03  4.17e-04 1.78e-15  1.27e-02     0s
   5  -3.18475061e+03 -3.20582459e+03  4.35e-06 1.78e-15  4.83e-03     0s
   6  -3.19213939e+03 -3.20013338e+03  0.00e+00 1.78e-15  1.83e-03     0s
   7  -3.19487476e+03 -3.19810761e+03  0.00e+00 1.78e-15  7.42e-04     0s
   8  -3.19645535e+03 -3.19742232e+03  0.00e+00 1.78e-15  2.22e-04     0s
   9  -3.19714353e+03 -3.19723288e+03  0.00e+00 1.78e-15  2.04e-05     0s
  10  -3.19719556e+03 -3.19719644e+03  0.00e+00 1.78e-15  2.02e-07     0s
  11  -3.19719627e+03 -3.19719627e+03  0.00e+00 2.66e-15  2.02e-10     0s

Barrier solved model in 11 iterations and 0.02 seconds
Optimal objective -3.19719627e+03


Root relaxation: objective -3.197196e+03, 42 iterations, 0.01 seconds

    Nodes    |    Current Node    |     Objective Bounds      |     Work
 Expl Unexpl |  Obj  Depth IntInf | Incumbent    BestBd   Gap | It/Node Time

     0     0 -3197.1963    0   40 -2992.7920 -3197.1963  6.83%     -    0s
H    0     0                    -3180.192000 -3197.1963  0.53%     -    0s

Explored 0 nodes (43 simplex iterations) in 0.04 seconds
Thread count was 20 (of 20 available processors)

Solution count 3: -3180.19 -2992.79 -35.592 
Pool objective bound -3197.2

Optimal solution found (tolerance 5.00e-02)
Best objective -3.180192000000e+03, best bound -3.197196266667e+03, gap 0.5347%
Changed value of parameter MIPGap to 0.05
   Prev: 0.0001  Min: 0.0  Max: 1e+100  Default: 0.0001
Changed value of parameter TimeLimit to 1800.0
   Prev: 1e+100  Min: 0.0  Max: 1e+100  Default: 1e+100
Changed value of parameter Method to 2
   Prev: -1  Min: -1  Max: 4  Default: -1
Changed value of parameter MIPFocus to 1
   Prev: 0  Min: 0  Max: 3  Default: 0
Optimize a model with 4480 rows, 6570 columns and 13140 nonzeros
Variable types: 0 continuous, 6570 integer (6570 binary)
Coefficient statistics:
  Matrix range     [1e+00, 6e+00]
  Objective range  [1e+00, 6e+00]
  Bounds range     [1e+00, 1e+00]
  RHS range        [8e+01, 8e+01]
Found heuristic solution: objective 0
Presolve removed 4395 rows and 4411 columns
Presolve time: 0.01s
Presolved: 85 rows, 2159 columns, 3934 nonzeros
Found heuristic solution: objective -3349.480000
Variable types: 0 continuous, 2159 integer (2148 binary)
Presolved: 85 rows, 2159 columns, 3934 nonzeros

Root barrier log...

Ordering time: 0.00s

Barrier statistics:
 AA' NZ     : 1.556e+03
 Factor NZ  : 3.545e+03 (roughly 1 MByte of memory)
 Factor Ops : 1.958e+05 (less than 1 second per iteration)
 Threads    : 1

                  Objective                Residual
Iter       Primal          Dual         Primal    Dual     Compl     Time
   0  -7.31538366e+03 -9.14976331e+03  1.87e+01 1.78e-15  3.69e+00     0s
   1  -3.42286531e+03 -6.60403231e+03  7.73e-01 7.45e-01  8.48e-01     0s
   2  -3.42014617e+03 -4.13596485e+03  0.00e+00 1.37e-01  1.63e-01     0s
   3  -3.56166983e+03 -3.70587140e+03  0.00e+00 1.53e-02  3.28e-02     0s
   4  -3.58215892e+03 -3.63594532e+03  0.00e+00 1.78e-15  1.22e-02     0s
   5  -3.60354722e+03 -3.62286171e+03  0.00e+00 2.66e-15  4.39e-03     0s
   6  -3.61175313e+03 -3.61861398e+03  0.00e+00 1.78e-15  1.56e-03     0s
   7  -3.61442590e+03 -3.61721329e+03  0.00e+00 2.66e-15  6.33e-04     0s
   8  -3.61563748e+03 -3.61660567e+03  0.00e+00 1.78e-15  2.20e-04     0s
   9  -3.61611624e+03 -3.61632012e+03  0.00e+00 2.66e-15  4.63e-05     0s
  10  -3.61620841e+03 -3.61621200e+03  0.00e+00 1.78e-15  8.16e-07     0s
  11  -3.61620967e+03 -3.61620967e+03  0.00e+00 3.55e-15  8.16e-10     0s

Barrier solved model in 11 iterations and 0.02 seconds
Optimal objective -3.61620967e+03


Root relaxation: objective -3.616210e+03, 45 iterations, 0.01 seconds

    Nodes    |    Current Node    |     Objective Bounds      |     Work
 Expl Unexpl |  Obj  Depth IntInf | Incumbent    BestBd   Gap | It/Node Time

     0     0 -3616.2097    0   44 -3349.4800 -3616.2097  7.96%     -    0s
H    0     0                    -3597.350000 -3616.2097  0.52%     -    0s

Explored 0 nodes (49 simplex iterations) in 0.03 seconds
Thread count was 20 (of 20 available processors)

Solution count 3: -3597.35 -3349.48 -39.49 
Pool objective bound -3616.21

Optimal solution found (tolerance 5.00e-02)
Best objective -3.597350000000e+03, best bound -3.616209666667e+03, gap 0.5243%
Changed value of parameter MIPGap to 0.05
   Prev: 0.0001  Min: 0.0  Max: 1e+100  Default: 0.0001
Changed value of parameter TimeLimit to 1800.0
   Prev: 1e+100  Min: 0.0  Max: 1e+100  Default: 1e+100
Changed value of parameter Method to 2
   Prev: -1  Min: -1  Max: 4  Default: -1
Changed value of parameter MIPFocus to 1
   Prev: 0  Min: 0  Max: 3  Default: 0
Optimize a model with 4480 rows, 6570 columns and 13140 nonzeros
Variable types: 0 continuous, 6570 integer (6570 binary)
Coefficient statistics:
  Matrix range     [1e+00, 6e+00]
  Objective range  [1e+00, 1e+01]
  Bounds range     [1e+00, 1e+00]
  RHS range        [8e+01, 8e+01]
Found heuristic solution: objective 0
Presolve removed 4395 rows and 4411 columns
Presolve time: 0.01s
Presolved: 85 rows, 2159 columns, 3934 nonzeros
Found heuristic solution: objective -5188.260000
Variable types: 0 continuous, 2159 integer (2148 binary)
Presolved: 85 rows, 2159 columns, 3934 nonzeros

Root barrier log...

Ordering time: 0.00s

Barrier statistics:
 AA' NZ     : 1.556e+03
 Factor NZ  : 3.545e+03 (roughly 1 MByte of memory)
 Factor Ops : 1.958e+05 (less than 1 second per iteration)
 Threads    : 1

                  Objective                Residual
Iter       Primal          Dual         Primal    Dual     Compl     Time
   0  -1.08231534e+04 -1.64668815e+04  1.87e+01 2.66e-15  7.21e+00     0s
   1  -5.09661931e+03 -1.16132914e+04  3.81e-01 1.66e+00  1.62e+00     0s
   2  -5.38454774e+03 -6.65889791e+03  0.00e+00 2.81e-01  2.91e-01     0s
   3  -5.64625624e+03 -5.85811189e+03  0.00e+00 2.82e-02  4.81e-02     0s
   4  -5.72281294e+03 -5.76592252e+03  0.00e+00 6.69e-03  9.79e-03     0s
   5  -5.73091075e+03 -5.74501600e+03  0.00e+00 1.72e-03  3.20e-03     0s
   6  -5.73465713e+03 -5.73868783e+03  0.00e+00 4.65e-04  9.16e-04     0s
   7  -5.73560003e+03 -5.73671286e+03  0.00e+00 1.07e-04  2.53e-04     0s
   8  -5.73599462e+03 -5.73612254e+03  0.00e+00 5.75e-06  2.91e-05     0s
   9  -5.73604994e+03 -5.73605008e+03  0.00e+00 3.55e-15  3.19e-08     0s
  10  -5.73605000e+03 -5.73605000e+03  2.11e-15 3.55e-15  3.22e-14     0s

Barrier solved model in 10 iterations and 0.02 seconds
Optimal objective -5.73605000e+03


Root relaxation: objective -5.736050e+03, 42 iterations, 0.01 seconds

    Nodes    |    Current Node    |     Objective Bounds      |     Work
 Expl Unexpl |  Obj  Depth IntInf | Incumbent    BestBd   Gap | It/Node Time

     0     0 -5736.0500    0   43 -5188.2600 -5736.0500  10.6%     -    0s
H    0     0                    -5710.580000 -5736.0500  0.45%     -    0s

Explored 0 nodes (45 simplex iterations) in 0.03 seconds
Thread count was 20 (of 20 available processors)

Solution count 3: -5710.58 -5188.26 -58.98 
Pool objective bound -5736.04

Optimal solution found (tolerance 5.00e-02)
Best objective -5.710580000000e+03, best bound -5.736040000000e+03, gap 0.4458%
Changed value of parameter MIPGap to 0.05
   Prev: 0.0001  Min: 0.0  Max: 1e+100  Default: 0.0001
Changed value of parameter TimeLimit to 1800.0
   Prev: 1e+100  Min: 0.0  Max: 1e+100  Default: 1e+100
Changed value of parameter Method to 2
   Prev: -1  Min: -1  Max: 4  Default: -1
Changed value of parameter MIPFocus to 1
   Prev: 0  Min: 0  Max: 3  Default: 0
Optimize a model with 4480 rows, 6570 columns and 13140 nonzeros
Variable types: 0 continuous, 6570 integer (6570 binary)
Coefficient statistics:
  Matrix range     [1e+00, 6e+00]
  Objective range  [1e+00, 2e+01]
  Bounds range     [1e+00, 1e+00]
  RHS range        [8e+01, 8e+01]
Found heuristic solution: objective 0
Presolve removed 4395 rows and 4411 columns
Presolve time: 0.01s
Presolved: 85 rows, 2159 columns, 3934 nonzeros
Found heuristic solution: objective -8883.880000
Variable types: 0 continuous, 2159 integer (2148 binary)
Presolved: 85 rows, 2159 columns, 3934 nonzeros

Root barrier log...

Ordering time: 0.00s

Barrier statistics:
 AA' NZ     : 1.556e+03
 Factor NZ  : 3.545e+03 (roughly 1 MByte of memory)
 Factor Ops : 1.958e+05 (less than 1 second per iteration)
 Threads    : 1

                  Objective                Residual
Iter       Primal          Dual         Primal    Dual     Compl     Time
   0  -1.78354317e+04 -3.11011177e+04  1.87e+01 5.77e-15  1.43e+01     0s
   1  -8.58999176e+03 -2.16182465e+04  2.69e-01 4.02e+00  3.20e+00     0s
   2  -9.29777213e+03 -1.16471113e+04  0.00e+00 5.40e-01  5.37e-01     0s
   3  -9.85115093e+03 -1.03030522e+04  0.00e+00 8.89e-02  1.03e-01     0s
   4  -9.98110603e+03 -1.00702358e+04  0.00e+00 3.49e-02  2.03e-02     0s
   5  -9.99537331e+03 -1.00314421e+04  0.00e+00 1.33e-02  8.21e-03     0s
   6  -1.00019766e+04 -1.00147906e+04  0.00e+00 4.15e-03  2.92e-03     0s
   7  -1.00049650e+04 -1.00067665e+04  0.00e+00 3.50e-04  4.10e-04     0s
   8  -1.00053792e+04 -1.00055523e+04  0.00e+00 3.18e-05  3.94e-05     0s
   9  -1.00054132e+04 -1.00054135e+04  0.00e+00 7.11e-15  7.42e-08     0s
  10  -1.00054133e+04 -1.00054133e+04  0.00e+00 7.11e-15  7.46e-14     0s

Barrier solved model in 10 iterations and 0.02 seconds
Optimal objective -1.00054133e+04


Root relaxation: objective -1.000541e+04, 37 iterations, 0.01 seconds

    Nodes    |    Current Node    |     Objective Bounds      |     Work
 Expl Unexpl |  Obj  Depth IntInf | Incumbent    BestBd   Gap | It/Node Time

     0     0 -10005.413    0   52 -8883.8800 -10005.413  12.6%     -    0s
H    0     0                    -9960.240000 -10005.413  0.45%     -    0s

Explored 0 nodes (48 simplex iterations) in 0.03 seconds
Thread count was 20 (of 20 available processors)

Solution count 3: -9960.24 -8883.88 -97.96 
Pool objective bound -10005.4

Optimal solution found (tolerance 5.00e-02)
Best objective -9.960240000000e+03, best bound -1.000540000000e+04, gap 0.4534%
Changed value of parameter MIPGap to 0.05
   Prev: 0.0001  Min: 0.0  Max: 1e+100  Default: 0.0001
Changed value of parameter TimeLimit to 1800.0
   Prev: 1e+100  Min: 0.0  Max: 1e+100  Default: 1e+100
Changed value of parameter Method to 2
   Prev: -1  Min: -1  Max: 4  Default: -1
Changed value of parameter MIPFocus to 1
   Prev: 0  Min: 0  Max: 3  Default: 0
Optimize a model with 4480 rows, 6570 columns and 13140 nonzeros
Variable types: 0 continuous, 6570 integer (6570 binary)
Coefficient statistics:
  Matrix range     [1e+00, 6e+00]
  Objective range  [1e+00, 4e+01]
  Bounds range     [1e+00, 1e+00]
  RHS range        [8e+01, 8e+01]
Found heuristic solution: objective 0
Presolve removed 4395 rows and 4411 columns
Presolve time: 0.01s
Presolved: 85 rows, 2159 columns, 3934 nonzeros
Found heuristic solution: objective -16279.92000
Variable types: 0 continuous, 2159 integer (2148 binary)
Presolved: 85 rows, 2159 columns, 3934 nonzeros

Root barrier log...

Ordering time: 0.00s

Barrier statistics:
 AA' NZ     : 1.556e+03
 Factor NZ  : 3.545e+03 (roughly 1 MByte of memory)
 Factor Ops : 1.958e+05 (less than 1 second per iteration)
 Threads    : 1

                  Objective                Residual
Iter       Primal          Dual         Primal    Dual     Compl     Time
   0  -3.18582820e+04 -6.03695903e+04  1.87e+01 1.24e-14  2.84e+01     0s
   1  -1.56709608e+04 -4.16480376e+04  2.78e-01 8.72e+00  6.38e+00     0s
   2  -1.71392057e+04 -2.16231137e+04  0.00e+00 1.04e+00  1.03e+00     0s
   3  -1.82548545e+04 -1.91101384e+04  0.00e+00 2.37e-01  1.95e-01     0s
   4  -1.85137622e+04 -1.86699618e+04  0.00e+00 4.31e-02  3.56e-02     0s
   5  -1.85449947e+04 -1.86008452e+04  0.00e+00 1.35e-02  1.27e-02     0s
   6  -1.85577030e+04 -1.85765139e+04  0.00e+00 4.30e-03  4.29e-03     0s
   7  -1.85629482e+04 -1.85684365e+04  0.00e+00 1.26e-03  1.25e-03     0s
   8  -1.85646415e+04 -1.85649725e+04  0.00e+00 5.15e-05  7.54e-05     0s
   9  -1.85647399e+04 -1.85647402e+04  0.00e+00 2.13e-14  7.62e-08     0s
  10  -1.85647400e+04 -1.85647400e+04  6.57e-15 2.04e-14  7.66e-14     0s

Barrier solved model in 10 iterations and 0.02 seconds
Optimal objective -1.85647400e+04


Root relaxation: objective -1.856474e+04, 41 iterations, 0.01 seconds

    Nodes    |    Current Node    |     Objective Bounds      |     Work
 Expl Unexpl |  Obj  Depth IntInf | Incumbent    BestBd   Gap | It/Node Time

     0     0 -18564.740    0   37 -16279.920 -18564.740  14.0%     -    0s
H    0     0                    -18493.88000 -18564.740  0.38%     -    0s

Explored 0 nodes (44 simplex iterations) in 0.03 seconds
Thread count was 20 (of 20 available processors)

Solution count 3: -18493.9 -16279.9 -175.92 
Pool objective bound -18564.7

Optimal solution found (tolerance 5.00e-02)
Best objective -1.849388000000e+04, best bound -1.856472000000e+04, gap 0.3830%
Changed value of parameter MIPGap to 0.05
   Prev: 0.0001  Min: 0.0  Max: 1e+100  Default: 0.0001
Changed value of parameter TimeLimit to 1800.0
   Prev: 1e+100  Min: 0.0  Max: 1e+100  Default: 1e+100
Changed value of parameter Method to 2
   Prev: -1  Min: -1  Max: 4  Default: -1
Changed value of parameter MIPFocus to 1
   Prev: 0  Min: 0  Max: 3  Default: 0
Optimize a model with 4480 rows, 6570 columns and 13140 nonzeros
Variable types: 0 continuous, 6570 integer (6570 binary)
Coefficient statistics:
  Matrix range     [1e+00, 6e+00]
  Objective range  [1e+00, 6e+01]
  Bounds range     [1e+00, 1e+00]
  RHS range        [8e+01, 8e+01]
Found heuristic solution: objective 0
Presolve removed 4395 rows and 4411 columns
Presolve time: 0.01s
Presolved: 85 rows, 2159 columns, 3934 nonzeros
Found heuristic solution: objective -20029.70000
Variable types: 0 continuous, 2159 integer (2148 binary)
Presolved: 85 rows, 2159 columns, 3934 nonzeros

Root barrier log...

Ordering time: 0.00s

Barrier statistics:
 AA' NZ     : 1.556e+03
 Factor NZ  : 3.545e+03 (roughly 1 MByte of memory)
 Factor Ops : 1.958e+05 (less than 1 second per iteration)
 Threads    : 1

                  Objective                Residual
Iter       Primal          Dual         Primal    Dual     Compl     Time
   0  -3.88695330e+04 -7.50038266e+04  1.87e+01 1.78e-14  3.54e+01     0s
   1  -1.92125451e+04 -5.16631179e+04  2.79e-01 1.11e+01  7.98e+00     0s
   2  -2.10617883e+04 -2.66590076e+04  0.00e+00 1.35e+00  1.28e+00     0s
   3  -2.24563919e+04 -2.35045499e+04  0.00e+00 3.00e-01  2.39e-01     0s
   4  -2.27844661e+04 -2.29800222e+04  0.00e+00 5.69e-02  4.46e-02     0s
   5  -2.28215976e+04 -2.28928328e+04  0.00e+00 1.77e-02  1.62e-02     0s
   6  -2.28368405e+04 -2.28607620e+04  0.00e+00 4.88e-03  5.45e-03     0s
   7  -2.28447753e+04 -2.28516237e+04  0.00e+00 1.56e-03  1.56e-03     0s
   8  -2.28466687e+04 -2.28472115e+04  0.00e+00 8.13e-05  1.24e-04     0s
   9  -2.28468581e+04 -2.28468587e+04  0.00e+00 1.42e-14  1.24e-07     0s
  10  -2.28468583e+04 -2.28468583e+04  3.13e-15 1.42e-14  1.25e-13     0s

Barrier solved model in 10 iterations and 0.02 seconds
Optimal objective -2.28468583e+04


Root relaxation: objective -2.284686e+04, 43 iterations, 0.01 seconds

    Nodes    |    Current Node    |     Objective Bounds      |     Work
 Expl Unexpl |  Obj  Depth IntInf | Incumbent    BestBd   Gap | It/Node Time

     0     0 -22846.858    0   38 -20029.700 -22846.858  14.1%     -    0s
H    0     0                    -22762.90000 -22846.858  0.37%     -    0s

Explored 0 nodes (49 simplex iterations) in 0.03 seconds
Thread count was 20 (of 20 available processors)

Solution count 3: -22762.9 -20029.7 -214.9 
Pool objective bound -22846.8

Optimal solution found (tolerance 5.00e-02)
Best objective -2.276290000000e+04, best bound -2.284680000000e+04, gap 0.3686%
Changed value of parameter MIPGap to 0.05
   Prev: 0.0001  Min: 0.0  Max: 1e+100  Default: 0.0001
Changed value of parameter TimeLimit to 1800.0
   Prev: 1e+100  Min: 0.0  Max: 1e+100  Default: 1e+100
Changed value of parameter Method to 2
   Prev: -1  Min: -1  Max: 4  Default: -1
Changed value of parameter MIPFocus to 1
   Prev: 0  Min: 0  Max: 3  Default: 0
Optimize a model with 4480 rows, 6570 columns and 13140 nonzeros
Variable types: 0 continuous, 6570 integer (6570 binary)
Coefficient statistics:
  Matrix range     [1e+00, 6e+00]
  Objective range  [2e+00, 1e+02]
  Bounds range     [1e+00, 1e+00]
  RHS range        [8e+01, 8e+01]
Found heuristic solution: objective 0
Presolve removed 4395 rows and 4411 columns
Presolve time: 0.01s
Presolved: 85 rows, 2159 columns, 3934 nonzeros
Found heuristic solution: objective -38613.20000
Variable types: 0 continuous, 2159 integer (2148 binary)
Presolved: 85 rows, 2159 columns, 3934 nonzeros

Root barrier log...

Ordering time: 0.00s

Barrier statistics:
 AA' NZ     : 1.556e+03
 Factor NZ  : 3.545e+03 (roughly 1 MByte of memory)
 Factor Ops : 1.958e+05 (less than 1 second per iteration)
 Threads    : 1

                  Objective                Residual
Iter       Primal          Dual         Primal    Dual     Compl     Time
   0  -7.39256674e+04 -1.48515080e+05  1.87e+01 3.55e-14  7.09e+01     0s
   1  -3.69042736e+04 -1.01937193e+05  2.76e-01 2.29e+01  1.60e+01     0s
   2  -4.06734203e+04 -5.18491746e+04  0.00e+00 2.90e+00  2.56e+00     0s
   3  -4.34630440e+04 -4.55998787e+04  0.00e+00 6.31e-01  4.87e-01     0s
   4  -4.41329479e+04 -4.45659749e+04  0.00e+00 1.36e-01  9.88e-02     0s
   5  -4.41966679e+04 -4.43510518e+04  0.00e+00 3.60e-02  3.52e-02     0s
   6  -4.42410823e+04 -4.42928036e+04  0.00e+00 1.38e-02  1.18e-02     0s
   7  -4.42569357e+04 -4.42714426e+04  0.00e+00 3.71e-03  3.31e-03     0s
   8  -4.42619615e+04 -4.42653717e+04  0.00e+00 9.23e-04  7.78e-04     0s
   9  -4.42631772e+04 -4.42632189e+04  0.00e+00 5.68e-14  9.47e-06     0s
  10  -4.42632000e+04 -4.42632000e+04  0.00e+00 4.26e-14  4.24e-11     0s

Barrier solved model in 10 iterations and 0.02 seconds
Optimal objective -4.42632000e+04


Root relaxation: objective -4.426320e+04, 37 iterations, 0.01 seconds

    Nodes    |    Current Node    |     Objective Bounds      |     Work
 Expl Unexpl |  Obj  Depth IntInf | Incumbent    BestBd   Gap | It/Node Time

     0     0 -44263.200    0   42 -38613.200 -44263.200  14.6%     -    0s
H    0     0                    -44108.80000 -44263.200  0.35%     -    0s

Explored 0 nodes (43 simplex iterations) in 0.03 seconds
Thread count was 20 (of 20 available processors)

Solution count 3: -44108.8 -38613.2 -409.8 
Pool objective bound -44263.2

Optimal solution found (tolerance 5.00e-02)
Best objective -4.410880000000e+04, best bound -4.426320000000e+04, gap 0.3500%
Changed value of parameter MIPGap to 0.05
   Prev: 0.0001  Min: 0.0  Max: 1e+100  Default: 0.0001
Changed value of parameter TimeLimit to 1800.0
   Prev: 1e+100  Min: 0.0  Max: 1e+100  Default: 1e+100
Changed value of parameter Method to 2
   Prev: -1  Min: -1  Max: 4  Default: -1
Changed value of parameter MIPFocus to 1
   Prev: 0  Min: 0  Max: 3  Default: 0
Optimize a model with 4480 rows, 6570 columns and 13140 nonzeros
Variable types: 0 continuous, 6570 integer (6570 binary)
Coefficient statistics:
  Matrix range     [1e+00, 6e+00]
  Objective range  [2e+00, 2e+02]
  Bounds range     [1e+00, 1e+00]
  RHS range        [8e+01, 8e+01]
Found heuristic solution: objective 0
Presolve removed 4395 rows and 4411 columns
Presolve time: 0.01s
Presolved: 85 rows, 2159 columns, 3934 nonzeros
Found heuristic solution: objective -75829.00000
Variable types: 0 continuous, 2159 integer (2148 binary)
Presolved: 85 rows, 2159 columns, 3934 nonzeros

Root barrier log...

Ordering time: 0.00s

Barrier statistics:
 AA' NZ     : 1.556e+03
 Factor NZ  : 3.545e+03 (roughly 1 MByte of memory)
 Factor Ops : 1.958e+05 (less than 1 second per iteration)
 Threads    : 1

                  Objective                Residual
Iter       Primal          Dual         Primal    Dual     Compl     Time
   0  -1.44037576e+05 -2.95587493e+05  1.87e+01 7.11e-14  1.42e+02     0s
   1  -7.22885568e+04 -2.02515097e+05  2.74e-01 4.66e+01  3.20e+01     0s
   2  -7.99009276e+04 -1.02232970e+05  0.00e+00 6.00e+00  5.12e+00     0s
   3  -8.54830416e+04 -8.97631130e+04  0.00e+00 1.27e+00  9.77e-01     0s
   4  -8.68313645e+04 -8.75947223e+04  0.00e+00 2.20e-01  1.74e-01     0s
   5  -8.69700367e+04 -8.72667579e+04  0.00e+00 8.19e-02  6.77e-02     0s
   6  -8.70343041e+04 -8.71546737e+04  0.00e+00 2.74e-02  2.74e-02     0s
   7  -8.70752262e+04 -8.71161483e+04  0.00e+00 7.15e-03  9.32e-03     0s
   8  -8.70933973e+04 -8.71050708e+04  0.00e+00 2.10e-03  2.66e-03     0s
   9  -8.70995415e+04 -8.70997513e+04  0.00e+00 1.14e-13  4.76e-05     0s
  10  -8.70996333e+04 -8.70996334e+04  0.00e+00 8.53e-14  7.44e-09     0s

Barrier solved model in 10 iterations and 0.02 seconds
Optimal objective -8.70996333e+04


Root relaxation: objective -8.709963e+04, 37 iterations, 0.01 seconds

    Nodes    |    Current Node    |     Objective Bounds      |     Work
 Expl Unexpl |  Obj  Depth IntInf | Incumbent    BestBd   Gap | It/Node Time

     0     0 -87099.633    0   38 -75829.000 -87099.633  14.9%     -    0s
H    0     0                    -86807.00000 -87099.633  0.34%     -    0s

Explored 0 nodes (43 simplex iterations) in 0.03 seconds
Thread count was 20 (of 20 available processors)

Solution count 3: -86807 -75829 -799.6 
Pool objective bound -87099.6

Optimal solution found (tolerance 5.00e-02)
Best objective -8.680700000000e+04, best bound -8.709960000000e+04, gap 0.3371%
Changed value of parameter MIPGap to 0.05
   Prev: 0.0001  Min: 0.0  Max: 1e+100  Default: 0.0001
Changed value of parameter TimeLimit to 1800.0
   Prev: 1e+100  Min: 0.0  Max: 1e+100  Default: 1e+100
Changed value of parameter Method to 2
   Prev: -1  Min: -1  Max: 4  Default: -1
Changed value of parameter MIPFocus to 1
   Prev: 0  Min: 0  Max: 3  Default: 0
Optimize a model with 4480 rows, 6570 columns and 13140 nonzeros
Variable types: 0 continuous, 6570 integer (6570 binary)
Coefficient statistics:
  Matrix range     [1e+00, 6e+00]
  Objective range  [4e+00, 5e+02]
  Bounds range     [1e+00, 1e+00]
  RHS range        [8e+01, 8e+01]
Found heuristic solution: objective 0
Presolve removed 4395 rows and 4411 columns
Presolve time: 0.01s
Presolved: 85 rows, 2159 columns, 3934 nonzeros
Found heuristic solution: objective -187306.0000
Variable types: 0 continuous, 2159 integer (2148 binary)
Presolve removed 0 rows and 1 columns
Presolved: 85 rows, 2158 columns, 3933 nonzeros

Root barrier log...

Ordering time: 0.00s

Barrier statistics:
 AA' NZ     : 1.556e+03
 Factor NZ  : 3.545e+03 (roughly 1 MByte of memory)
 Factor Ops : 1.958e+05 (less than 1 second per iteration)
 Threads    : 1

                  Objective                Residual
Iter       Primal          Dual         Primal    Dual     Compl     Time
   0  -3.54278446e+05 -7.36790029e+05  1.87e+01 1.14e-13  3.55e+02     0s
   1  -1.78442433e+05 -5.04198687e+05  2.72e-01 1.18e+02  8.01e+01     0s
   2  -1.97591291e+05 -2.53375205e+05  0.00e+00 1.53e+01  1.28e+01     0s
   3  -2.11508784e+05 -2.22239300e+05  0.00e+00 3.17e+00  2.45e+00     0s
   4  -2.14941615e+05 -2.16857985e+05  0.00e+00 5.46e-01  4.38e-01     0s
   5  -2.15336964e+05 -2.15974769e+05  0.00e+00 1.83e-01  1.46e-01     0s
   6  -2.15492049e+05 -2.15740947e+05  0.00e+00 6.01e-02  5.68e-02     0s
   7  -2.15591120e+05 -2.15644001e+05  0.00e+00 1.46e-02  1.21e-02     0s
   8  -2.15611413e+05 -2.15621606e+05  0.00e+00 3.51e-03  2.33e-03     0s
   9  -2.15613649e+05 -2.15613706e+05  0.00e+00 4.97e-06  1.29e-05     0s
  10  -2.15613667e+05 -2.15613667e+05  0.00e+00 8.11e-12  2.13e-11     0s

Barrier solved model in 10 iterations and 0.02 seconds
Optimal objective -2.15613667e+05


Root relaxation: objective -2.156137e+05, 33 iterations, 0.01 seconds

    Nodes    |    Current Node    |     Objective Bounds      |     Work
 Expl Unexpl |  Obj  Depth IntInf | Incumbent    BestBd   Gap | It/Node Time

     0     0 -215613.67    0   35 -187306.00 -215613.67  15.1%     -    0s
H    0     0                    -214844.0000 -215613.67  0.36%     -    0s

Explored 0 nodes (38 simplex iterations) in 0.04 seconds
Thread count was 20 (of 20 available processors)

Solution count 3: -214844 -187306 -1969 
Pool objective bound -215613

Optimal solution found (tolerance 5.00e-02)
Best objective -2.148440000000e+05, best bound -2.156130000000e+05, gap 0.3579%
Changed value of parameter MIPGap to 0.05
   Prev: 0.0001  Min: 0.0  Max: 1e+100  Default: 0.0001
Changed value of parameter TimeLimit to 1800.0
   Prev: 1e+100  Min: 0.0  Max: 1e+100  Default: 1e+100
Changed value of parameter Method to 2
   Prev: -1  Min: -1  Max: 4  Default: -1
Changed value of parameter MIPFocus to 1
   Prev: 0  Min: 0  Max: 3  Default: 0
Optimize a model with 4480 rows, 6570 columns and 13140 nonzeros
Variable types: 0 continuous, 6570 integer (6570 binary)
Coefficient statistics:
  Matrix range     [1e+00, 6e+00]
  Objective range  [3e+01, 5e+03]
  Bounds range     [1e+00, 1e+00]
  RHS range        [8e+01, 8e+01]
Found heuristic solution: objective 0
Presolve removed 4395 rows and 4411 columns
Presolve time: 0.01s
Presolved: 85 rows, 2159 columns, 3934 nonzeros
Found heuristic solution: objective -1859260.000
Variable types: 0 continuous, 2159 integer (2148 binary)
Presolved: 85 rows, 2159 columns, 3934 nonzeros

Root barrier log...

Ordering time: 0.00s

Barrier statistics:
 AA' NZ     : 1.556e+03
 Factor NZ  : 3.545e+03 (roughly 1 MByte of memory)
 Factor Ops : 1.958e+05 (less than 1 second per iteration)
 Threads    : 1

                  Objective                Residual
Iter       Primal          Dual         Primal    Dual     Compl     Time
   0  -3.50940292e+06 -7.35506332e+06  1.87e+01 9.09e-13  3.55e+03     0s
   1  -1.77079177e+06 -5.03025802e+06  2.71e-01 1.19e+03  8.01e+02     0s
   2  -1.96291376e+06 -2.52057183e+06  0.00e+00 1.55e+02  1.28e+02     0s
   3  -2.10215888e+06 -2.20927339e+06  0.00e+00 3.16e+01  2.44e+01     0s
   4  -2.13653619e+06 -2.15612409e+06  0.00e+00 5.63e+00  4.47e+00     0s
   5  -2.14044693e+06 -2.14814764e+06  0.00e+00 2.03e+00  1.76e+00     0s
   6  -2.14230209e+06 -2.14476286e+06  0.00e+00 6.31e-01  5.62e-01     0s
   7  -2.14314667e+06 -2.14365498e+06  0.00e+00 1.25e-01  1.16e-01     0s
   8  -2.14330182e+06 -2.14340228e+06  0.00e+00 2.06e-02  2.29e-02     0s
   9  -2.14334844e+06 -2.14334939e+06  0.00e+00 1.82e-12  2.18e-04     0s
  10  -2.14334883e+06 -2.14334883e+06  0.00e+00 1.82e-12  5.93e-09     0s

Barrier solved model in 10 iterations and 0.02 seconds
Optimal objective -2.14334883e+06


Root relaxation: objective -2.143349e+06, 35 iterations, 0.01 seconds

    Nodes    |    Current Node    |     Objective Bounds      |     Work
 Expl Unexpl |  Obj  Depth IntInf | Incumbent    BestBd   Gap | It/Node Time

     0     0 -2143348.8    0   41 -1859260.0 -2143348.8  15.3%     -    0s
H    0     0                    -2134792.000 -2143348.8  0.40%     -    0s

Explored 0 nodes (40 simplex iterations) in 0.03 seconds
Thread count was 20 (of 20 available processors)

Solution count 3: -2.13479e+06 -1.85926e+06 -19510 
Pool objective bound -2.14335e+06

Optimal solution found (tolerance 5.00e-02)
Best objective -2.134792000000e+06, best bound -2.143348833333e+06, gap 0.4008%
